!! Predictions spanning range 2521 - 99766 [R1]
# EVM prediction: Mode:STANDARD S-ratio: 4.84 2521-4344 orient(-) score(9069.00) noncoding_equivalent(1875.00) raw_noncoding(1875.00) offset(0.00) 
4344	2521	single-	4	6	{HiQ_model.g3684.t1;HiQ},{GlimmerHMM_glimmerT_3973-T1;GlimmerHMM}

# EVM prediction: Mode:STANDARD S-ratio: 730.95 5251-7287 orient(+) score(8135.00) noncoding_equivalent(11.13) raw_noncoding(11.13) offset(0.00) 
5251	7287	single+	1	3	{GlimmerHMM_glimmerT_3974-T1;GlimmerHMM},{Augustus_model.g3685.t1;Augustus}

# EVM prediction: Mode:STANDARD S-ratio: 4.42 7848-10307 orient(-) score(12039.00) noncoding_equivalent(2721.00) raw_noncoding(2721.00) offset(0.00) 
10307	7848	single-	4	6	{HiQ_model.g3686.t1;HiQ}

# EVM prediction: Mode:STANDARD S-ratio: 24.79 10728-12584 orient(+) score(7140.00) noncoding_equivalent(288.00) raw_noncoding(288.00) offset(0.00) 
10728	12584	single+	1	3	{GlimmerHMM_glimmerT_3976-T1;GlimmerHMM},{Augustus_model.g3687.t1;Augustus}

# EVM prediction: Mode:STANDARD S-ratio: 4.56 13833-14282 orient(-) score(2213.00) noncoding_equivalent(485.26) raw_noncoding(485.26) offset(0.00) 
14282	13833	single-	4	6	{HiQ_model.g3688.t1;HiQ},{GlimmerHMM_glimmerT_3977-T1;GlimmerHMM}

# EVM prediction: Mode:STANDARD S-ratio: 3.46 14872-16554 orient(-) score(7833.00) noncoding_equivalent(2265.00) raw_noncoding(2265.00) offset(0.00) 
16554	14872	single-	4	6	{HiQ_model.g3689.t1;HiQ},{GlimmerHMM_glimmerT_3978-T1;GlimmerHMM}

# EVM prediction: Mode:STANDARD S-ratio: 261.94 18290-20227 orient(-) score(5790.00) noncoding_equivalent(22.10) raw_noncoding(22.10) offset(0.00) 
20227	18290	single-	4	6	{GlimmerHMM_glimmerT_3979-T1;GlimmerHMM},{Augustus_model.g3690.t1;Augustus}

# EVM prediction: Mode:STANDARD S-ratio: 279.48 21602-23914 orient(+) score(9223.00) noncoding_equivalent(33.00) raw_noncoding(33.00) offset(0.00) 
21602	23914	single+	1	3	{Augustus_model.g3691.t1;Augustus},{GlimmerHMM_glimmerT_3980-T1;GlimmerHMM}

# EVM prediction: Mode:STANDARD S-ratio: 10000.00 24306-29615 orient(+) score(21234.00) noncoding_equivalent(2.12) raw_noncoding(0.00) offset(0.00) 
24306	29615	single+	1	3	{Augustus_model.g3692.t1;Augustus},{GlimmerHMM_glimmerT_3981-T1;GlimmerHMM}

# EVM prediction: Mode:STANDARD S-ratio: 20.03 30036-31691 orient(+) score(6309.00) noncoding_equivalent(315.00) raw_noncoding(315.00) offset(0.00) 
30036	31691	single+	1	3	{Augustus_model.g3693.t1;Augustus},{GlimmerHMM_glimmerT_3982-T1;GlimmerHMM}

# EVM prediction: Mode:STANDARD S-ratio: 44.92 32083-33735 orient(-) score(4851.00) noncoding_equivalent(108.00) raw_noncoding(108.00) offset(0.00) 
33735	32083	single-	4	6	{Augustus_model.g3694.t1;Augustus},{GlimmerHMM_glimmerT_3983-T1;GlimmerHMM}

# EVM prediction: Mode:STANDARD S-ratio: 4.92 34154-36298 orient(-) score(10694.00) noncoding_equivalent(2174.18) raw_noncoding(2174.18) offset(0.00) 
36298	34154	single-	4	6	{HiQ_model.g3695.t1;HiQ},{GlimmerHMM_glimmerT_3984-T1;GlimmerHMM}

# EVM prediction: Mode:STANDARD S-ratio: 5.00 39010-39849 orient(-) score(4200.00) noncoding_equivalent(840.00) raw_noncoding(840.00) offset(0.00) 
39849	39010	single-	4	6	{GlimmerHMM_glimmerT_3985-T1;GlimmerHMM},{HiQ_model.g3696.t1;HiQ}

# EVM prediction: Mode:STANDARD S-ratio: 287.08 41262-42275 orient(+) score(4040.00) noncoding_equivalent(14.07) raw_noncoding(14.07) offset(0.00) 
41262	42275	single+	1	3	{GlimmerHMM_glimmerT_3986-T1;GlimmerHMM},{Augustus_model.g3697.t1;Augustus}

# EVM prediction: Mode:STANDARD S-ratio: 4.89 42665-43600 orient(-) score(4662.00) noncoding_equivalent(954.00) raw_noncoding(954.00) offset(0.00) 
43600	42665	single-	4	6	{GlimmerHMM_glimmerT_3987-T1;GlimmerHMM},{HiQ_model.g3698.t1;HiQ}

# EVM prediction: Mode:STANDARD S-ratio: 10000.00 45040-45756 orient(+) score(2868.00) noncoding_equivalent(0.29) raw_noncoding(0.00) offset(0.00) 
45040	45756	single+	1	3	{GlimmerHMM_glimmerT_3988-T1;GlimmerHMM},{Augustus_model.g3699.t1;Augustus}

# EVM prediction: Mode:STANDARD S-ratio: 2.00 45887-46414 orient(-) score(2112.00) noncoding_equivalent(1056.00) raw_noncoding(1056.00) offset(0.00) 
46414	45887	single-	4	6	{GlimmerHMM_glimmerT_3989-T1;GlimmerHMM},{HiQ_model.g3700.t1;HiQ}

# EVM prediction: Mode:STANDARD S-ratio: 120.50 46690-48126 orient(+) score(5699.00) noncoding_equivalent(47.30) raw_noncoding(47.30) offset(0.00) 
46690	48126	single+	1	3	{GlimmerHMM_glimmerT_3990-T1;GlimmerHMM},{Augustus_model.g3701.t1;Augustus}

# EVM prediction: Mode:STANDARD S-ratio: 40.29 48486-49004 orient(+) score(2024.00) noncoding_equivalent(50.23) raw_noncoding(50.23) offset(0.00) 
48486	49004	single+	1	3	{GlimmerHMM_glimmerT_3991-T1;GlimmerHMM}

# EVM prediction: Mode:STANDARD S-ratio: 73.16 49451-50602 orient(+) score(4536.00) noncoding_equivalent(62.00) raw_noncoding(62.00) offset(0.00) 
49451	50602	single+	1	3	{GlimmerHMM_glimmerT_3992-T1;GlimmerHMM}

# EVM prediction: Mode:STANDARD S-ratio: 4.55 50706-51629 orient(-) score(4545.00) noncoding_equivalent(999.00) raw_noncoding(999.00) offset(0.00) 
51629	50706	single-	4	6	{HiQ_model.g3703.t1;HiQ},{GlimmerHMM_glimmerT_3993-T1;GlimmerHMM}

# EVM prediction: Mode:STANDARD S-ratio: 10000.00 51911-53833 orient(+) score(7692.00) noncoding_equivalent(0.77) raw_noncoding(0.00) offset(0.00) 
51911	53833	single+	1	3	{Augustus_model.g3704.t1;Augustus},{GlimmerHMM_glimmerT_3994-T1;GlimmerHMM}

# EVM prediction: Mode:STANDARD S-ratio: 17.39 56039-58045 orient(+) score(5685.00) noncoding_equivalent(327.00) raw_noncoding(327.00) offset(0.00) 
56039	58045	single+	1	3	{GlimmerHMM_glimmerT_3995-T1;GlimmerHMM},{Augustus_model.g3705.t1;Augustus}

# EVM prediction: Mode:STANDARD S-ratio: 21.20 58851-62513 orient(+) score(13992.00) noncoding_equivalent(660.00) raw_noncoding(660.00) offset(0.00) 
58851	62513	single+	1	3	{GlimmerHMM_glimmerT_3996-T1;GlimmerHMM}

# EVM prediction: Mode:STANDARD S-ratio: 10000.00 63773-70417 orient(+) score(26580.00) noncoding_equivalent(2.66) raw_noncoding(0.00) offset(0.00) 
63773	70417	single+	1	3	{GlimmerHMM_glimmerT_3997-T1;GlimmerHMM},{Augustus_model.g3707.t1;Augustus}

# EVM prediction: Mode:STANDARD S-ratio: 10000.00 70923-71861 orient(+) score(3756.00) noncoding_equivalent(0.38) raw_noncoding(0.00) offset(0.00) 
70923	71861	single+	1	3	{GlimmerHMM_glimmerT_3998-T1;GlimmerHMM},{Augustus_model.g3708.t1;Augustus}

# EVM prediction: Mode:STANDARD S-ratio: 4.73 71973-74225 orient(-) score(11157.00) noncoding_equivalent(2361.00) raw_noncoding(2361.00) offset(0.00) 
74225	71973	single-	4	6	{HiQ_model.g3709.t1;HiQ},{GlimmerHMM_glimmerT_3999-T1;GlimmerHMM}

# EVM prediction: Mode:STANDARD S-ratio: 2.00 74577-75521 orient(-) score(3780.00) noncoding_equivalent(1890.00) raw_noncoding(1890.00) offset(0.00) 
75521	74577	single-	4	6	{GlimmerHMM_glimmerT_4000-T1;GlimmerHMM},{HiQ_model.g3710.t1;HiQ}

# EVM prediction: Mode:STANDARD S-ratio: 1.00 76294-76518 orient(+) score(450.00) noncoding_equivalent(450.00) raw_noncoding(450.00) offset(0.00) 
76294	76518	single+	1	3	{GlimmerHMM_glimmerT_4001-T1;GlimmerHMM}

# EVM prediction: Mode:STANDARD S-ratio: 2.67 76724-77953 orient(-) score(5374.00) noncoding_equivalent(2013.00) raw_noncoding(2013.00) offset(0.00) 
77953	76724	single-	4	6	{HiQ_model.g3711.t1;HiQ},{GlimmerHMM_glimmerT_4002-T1;GlimmerHMM}

# EVM prediction: Mode:STANDARD S-ratio: 3.11 78867-79590 orient(+) score(3084.00) noncoding_equivalent(992.29) raw_noncoding(1452.00) offset(459.71) 
78867	78890	initial+	1	3	{Augustus_model.g3712.t1;Augustus},{GlimmerHMM_glimmerT_4003-T1;GlimmerHMM}
78891	79350	INTRON			{Augustus_model.g3712.t1;Augustus},{GlimmerHMM_glimmerT_4003-T1;GlimmerHMM},{ev_type:exonerate/ID=match.160399.1111/Target=YKR057W;exonerate},{ev_type:exonerate/ID=match.160399.5659/Target=YJL136C;exonerate}
79351	79590	terminal+	1	3	{Augustus_model.g3712.t1;Augustus},{GlimmerHMM_glimmerT_4003-T1;GlimmerHMM}

# EVM prediction: Mode:STANDARD S-ratio: 10000.00 80013-81155 orient(+) score(4572.00) noncoding_equivalent(0.46) raw_noncoding(0.00) offset(0.00) 
80013	81155	single+	1	3	{GlimmerHMM_glimmerT_4004-T1;GlimmerHMM},{Augustus_model.g3713.t1;Augustus}

# EVM prediction: Mode:STANDARD S-ratio: 36.12 81449-82636 orient(+) score(3468.00) noncoding_equivalent(96.00) raw_noncoding(96.00) offset(0.00) 
81449	82636	single+	1	3	{Augustus_model.g3714.t1;Augustus},{GlimmerHMM_glimmerT_4005-T1;GlimmerHMM}

# EVM prediction: Mode:STANDARD S-ratio: 8.86 83141-84427 orient(+) score(4626.00) noncoding_equivalent(522.00) raw_noncoding(522.00) offset(0.00) 
83141	84427	single+	1	3	{GlimmerHMM_glimmerT_4006-T1;GlimmerHMM}

# EVM prediction: Mode:STANDARD S-ratio: 4.64 84514-85179 orient(-) score(3288.00) noncoding_equivalent(708.00) raw_noncoding(708.00) offset(0.00) 
85179	84514	single-	4	6	{GlimmerHMM_glimmerT_4007-T1;GlimmerHMM},{HiQ_model.g3716.t1;HiQ}

# EVM prediction: Mode:STANDARD S-ratio: 37.59 85750-88176 orient(+) score(7331.00) noncoding_equivalent(195.00) raw_noncoding(195.00) offset(0.00) 
85750	88176	single+	1	3	{Augustus_model.g3717.t1;Augustus},{GlimmerHMM_glimmerT_4008-T1;GlimmerHMM}

# EVM prediction: Mode:STANDARD S-ratio: 5.00 88565-89041 orient(-) score(2385.00) noncoding_equivalent(477.00) raw_noncoding(477.00) offset(0.00) 
89041	88565	single-	4	6	{GlimmerHMM_glimmerT_4009-T1;GlimmerHMM},{HiQ_model.g3718.t1;HiQ}

# EVM prediction: Mode:STANDARD S-ratio: 4.91 90097-90981 orient(-) score(4407.00) noncoding_equivalent(898.00) raw_noncoding(898.00) offset(0.00) 
90981	90097	single-	4	6	{GlimmerHMM_glimmerT_4010-T1;GlimmerHMM},{HiQ_model.g3719.t1;HiQ}

# EVM prediction: Mode:STANDARD S-ratio: 2.00 91440-92849 orient(-) score(5640.00) noncoding_equivalent(2820.00) raw_noncoding(2820.00) offset(0.00) 
92849	91440	single-	4	6	{GlimmerHMM_glimmerT_4011-T1;GlimmerHMM},{HiQ_model.g3720.t1;HiQ}

# EVM prediction: Mode:STANDARD S-ratio: 197.30 93574-94722 orient(+) score(4571.00) noncoding_equivalent(23.17) raw_noncoding(23.17) offset(0.00) 
93574	94722	single+	1	3	{Augustus_model.g3721.t1;Augustus},{GlimmerHMM_glimmerT_4012-T1;GlimmerHMM}

# EVM prediction: Mode:STANDARD S-ratio: 4.48 95003-95704 orient(-) score(3444.00) noncoding_equivalent(768.00) raw_noncoding(768.00) offset(0.00) 
95704	95003	single-	4	6	{HiQ_model.g3722.t1;HiQ},{GlimmerHMM_glimmerT_4013-T1;GlimmerHMM}

# EVM prediction: Mode:STANDARD S-ratio: 4.88 96771-98762 orient(-) score(9957.00) noncoding_equivalent(2040.43) raw_noncoding(2040.43) offset(0.00) 
98762	96771	single-	4	6	{HiQ_model.g3723.t1;HiQ},{GlimmerHMM_glimmerT_4014-T1;GlimmerHMM}

# EVM prediction: Mode:STANDARD S-ratio: 10000.00 99365-99766 orient(+) score(1608.00) noncoding_equivalent(0.16) raw_noncoding(0.00) offset(0.00) 
99365	99766	single+	1	3	{Augustus_model.g3724.t1;Augustus},{GlimmerHMM_glimmerT_4015-T1;GlimmerHMM}

