!! Predictions spanning range 558 - 97605 [R1]
# EVM prediction: Mode:STANDARD S-ratio: 3.90 558-1427 orient(-) score(4155.00) noncoding_equivalent(1065.00) raw_noncoding(1065.00) offset(0.00) 
1427	558	single-	4	6	{HiQ_model.g759.t1;HiQ},{GlimmerHMM_glimmerT_815-T1;GlimmerHMM}

# EVM prediction: Mode:STANDARD S-ratio: 141.67 1682-5212 orient(+) score(14025.00) noncoding_equivalent(99.00) raw_noncoding(99.00) offset(0.00) 
1682	5212	single+	1	3	{GlimmerHMM_glimmerT_816-T1;GlimmerHMM}

# EVM prediction: Mode:STANDARD S-ratio: 1.00 5438-5644 orient(+) score(414.00) noncoding_equivalent(414.00) raw_noncoding(414.00) offset(0.00) 
5438	5644	single+	1	3	{GlimmerHMM_glimmerT_817-T1;GlimmerHMM}

# EVM prediction: Mode:STANDARD S-ratio: 2.01 5848-6723 orient(-) score(3504.00) noncoding_equivalent(1743.69) raw_noncoding(1743.69) offset(0.00) 
6723	5848	single-	4	6	{HiQ_model.g761.t1;HiQ},{GlimmerHMM_glimmerT_818-T1;GlimmerHMM}

# EVM prediction: Mode:STANDARD S-ratio: 10000.00 7024-9414 orient(+) score(9564.00) noncoding_equivalent(0.96) raw_noncoding(0.00) offset(0.00) 
7024	9414	single+	1	3	{Augustus_model.g762.t1;Augustus},{GlimmerHMM_glimmerT_819-T1;GlimmerHMM}

# EVM prediction: Mode:STANDARD S-ratio: 238.19 9658-13542 orient(-) score(11605.00) noncoding_equivalent(48.72) raw_noncoding(48.72) offset(0.00) 
13542	9658	single-	4	6	{GlimmerHMM_glimmerT_820-T1;GlimmerHMM},{Augustus_model.g763.t1;Augustus}

# EVM prediction: Mode:STANDARD S-ratio: 2.01 13832-14800 orient(-) score(3876.00) noncoding_equivalent(1932.78) raw_noncoding(1932.78) offset(0.00) 
14800	13832	single-	4	6	{GlimmerHMM_glimmerT_821-T1;GlimmerHMM},{HiQ_model.g764.t1;HiQ}

# EVM prediction: Mode:STANDARD S-ratio: 10000.00 14970-16337 orient(+) score(5472.00) noncoding_equivalent(0.55) raw_noncoding(0.00) offset(0.00) 
14970	16337	single+	1	3	{GlimmerHMM_glimmerT_822-T1;GlimmerHMM},{Augustus_model.g765.t1;Augustus}

# EVM prediction: Mode:STANDARD S-ratio: 7.31 16507-16995 orient(+) score(1720.00) noncoding_equivalent(235.30) raw_noncoding(235.30) offset(0.00) 
16507	16995	single+	1	3	{Augustus_model.g766.t1;Augustus}

# EVM prediction: Mode:STANDARD S-ratio: 2.00 17220-18725 orient(-) score(6024.00) noncoding_equivalent(3012.00) raw_noncoding(3012.00) offset(0.00) 
18725	17220	single-	4	6	{HiQ_model.g767.t1;HiQ},{GlimmerHMM_glimmerT_824-T1;GlimmerHMM}

# EVM prediction: Mode:STANDARD S-ratio: 451.00 18942-20297 orient(+) score(5412.00) noncoding_equivalent(12.00) raw_noncoding(12.00) offset(0.00) 
18942	20297	single+	1	3	{GlimmerHMM_glimmerT_825-T1;GlimmerHMM},{Augustus_model.g768.t1;Augustus}

# EVM prediction: Mode:STANDARD S-ratio: 201.86 20368-21795 orient(-) score(4261.00) noncoding_equivalent(21.11) raw_noncoding(21.11) offset(0.00) 
21795	20368	single-	4	6	{GlimmerHMM_glimmerT_826-T1;GlimmerHMM}

# EVM prediction: Mode:STANDARD S-ratio: 2.02 21985-22518 orient(-) score(2144.00) noncoding_equivalent(1060.52) raw_noncoding(1060.52) offset(0.00) 
22518	21985	single-	4	6	{GlimmerHMM_glimmerT_827-T1;GlimmerHMM},{HiQ_model.g770.t1;HiQ}

# EVM prediction: Mode:STANDARD S-ratio: 36.59 22696-24471 orient(-) score(6915.00) noncoding_equivalent(189.00) raw_noncoding(189.00) offset(0.00) 
24471	22696	single-	4	6	{GlimmerHMM_glimmerT_828-T1;GlimmerHMM}

# EVM prediction: Mode:STANDARD S-ratio: 48.90 24731-25885 orient(-) score(3396.00) noncoding_equivalent(69.45) raw_noncoding(69.45) offset(0.00) 
25885	24731	single-	4	6	{GlimmerHMM_glimmerT_829-T1;GlimmerHMM}

# EVM prediction: Mode:STANDARD S-ratio: 3.95 26103-27176 orient(-) score(5142.00) noncoding_equivalent(1302.00) raw_noncoding(1302.00) offset(0.00) 
27176	26103	single-	4	6	{GlimmerHMM_glimmerT_830-T1;GlimmerHMM},{HiQ_model.g772.t1;HiQ}

# EVM prediction: Mode:STANDARD S-ratio: 4.13 27392-30265 orient(-) score(13884.00) noncoding_equivalent(3360.00) raw_noncoding(3360.00) offset(0.00) 
30265	27392	single-	4	6	{GlimmerHMM_glimmerT_831-T1;GlimmerHMM},{HiQ_model.g773.t1;HiQ}

# EVM prediction: Mode:STANDARD S-ratio: 2.00 30520-31995 orient(-) score(5904.00) noncoding_equivalent(2952.00) raw_noncoding(2952.00) offset(0.00) 
31995	30520	single-	4	6	{HiQ_model.g774.t1;HiQ},{GlimmerHMM_glimmerT_832-T1;GlimmerHMM}

# EVM prediction: Mode:STANDARD S-ratio: 10000.00 32244-33734 orient(+) score(5964.00) noncoding_equivalent(0.60) raw_noncoding(0.00) offset(0.00) 
32244	33734	single+	1	3	{GlimmerHMM_glimmerT_833-T1;GlimmerHMM},{Augustus_model.g775.t1;Augustus}

# EVM prediction: Mode:STANDARD S-ratio: 4.94 34017-36137 orient(-) score(10584.00) noncoding_equivalent(2142.00) raw_noncoding(2142.00) offset(0.00) 
36137	34017	single-	4	6	{GlimmerHMM_glimmerT_834-T1;GlimmerHMM},{HiQ_model.g776.t1;HiQ}

# EVM prediction: Mode:STANDARD S-ratio: 28.90 37126-38448 orient(+) score(5115.00) noncoding_equivalent(177.00) raw_noncoding(177.00) offset(0.00) 
37126	38448	single+	1	3	{GlimmerHMM_glimmerT_835-T1;GlimmerHMM}

# EVM prediction: Mode:STANDARD S-ratio: 716.78 39210-40472 orient(+) score(5043.00) noncoding_equivalent(7.04) raw_noncoding(7.04) offset(0.00) 
39210	40472	single+	1	3	{GlimmerHMM_glimmerT_836-T1;GlimmerHMM},{Augustus_model.g778.t1;Augustus}

# EVM prediction: Mode:STANDARD S-ratio: 76.55 40766-42901 orient(+) score(8434.00) noncoding_equivalent(110.18) raw_noncoding(110.18) offset(0.00) 
40766	42901	single+	1	3	{GlimmerHMM_glimmerT_837-T1;GlimmerHMM}

# EVM prediction: Mode:STANDARD S-ratio: 31.86 43267-44178 orient(+) score(3537.00) noncoding_equivalent(111.00) raw_noncoding(111.00) offset(0.00) 
43267	44178	single+	1	3	{GlimmerHMM_glimmerT_838-T1;GlimmerHMM}

# EVM prediction: Mode:STANDARD S-ratio: 6.00 44419-46074 orient(-) score(9936.00) noncoding_equivalent(1656.00) raw_noncoding(1656.00) offset(0.00) 
46074	44419	single-	4	6	{GlimmerHMM_glimmerT_839-T1;GlimmerHMM},{HiQ_model.g780.t1;HiQ}

# EVM prediction: Mode:STANDARD S-ratio: 10000.00 48613-49833 orient(+) score(4884.00) noncoding_equivalent(0.49) raw_noncoding(0.00) offset(0.00) 
48613	49833	single+	1	3	{Augustus_model.g781.t1;Augustus},{GlimmerHMM_glimmerT_840-T1;GlimmerHMM}

# EVM prediction: Mode:STANDARD S-ratio: 26.68 50234-51271 orient(+) score(4002.00) noncoding_equivalent(150.00) raw_noncoding(150.00) offset(0.00) 
50234	51271	single+	1	3	{Augustus_model.g782.t1;Augustus}

# EVM prediction: Mode:STANDARD S-ratio: 5.00 52445-53635 orient(-) score(5955.00) noncoding_equivalent(1191.00) raw_noncoding(1191.00) offset(0.00) 
53635	52445	single-	4	6	{HiQ_model.g783.t1;HiQ},{GlimmerHMM_glimmerT_842-T1;GlimmerHMM}

# EVM prediction: Mode:STANDARD S-ratio: 187.17 54939-58184 orient(+) score(12915.00) noncoding_equivalent(69.00) raw_noncoding(69.00) offset(0.00) 
54939	58184	single+	1	3	{Augustus_model.g784.t1;Augustus},{GlimmerHMM_glimmerT_843-T1;GlimmerHMM}

# EVM prediction: Mode:STANDARD S-ratio: 116.24 58618-60093 orient(+) score(5852.00) noncoding_equivalent(50.34) raw_noncoding(50.34) offset(0.00) 
58618	60093	single+	1	3	{GlimmerHMM_glimmerT_844-T1;GlimmerHMM},{Augustus_model.g785.t1;Augustus}

# EVM prediction: Mode:STANDARD S-ratio: 3.02 60203-61309 orient(-) score(4815.00) noncoding_equivalent(1596.36) raw_noncoding(1825.46) offset(229.10) 
60946	60203	terminal-	4	6	{HiQ_model.g786.t1;HiQ},{GlimmerHMM_glimmerT_845-T1;GlimmerHMM},{snap_scaffold_2-snap.98-T1;snap}
61024	60947	INTRON			{HiQ_model.g786.t1;HiQ},{ev_type:exonerate/ID=match.133146.2535/Target=YOL048C;exonerate}
61309	61025	initial-	4	6	{HiQ_model.g786.t1;HiQ}

# EVM prediction: Mode:STANDARD S-ratio: 1.22 61613-62746 orient(-) score(3645.00) noncoding_equivalent(2977.07) raw_noncoding(3160.15) offset(183.08) 
62440	61613	terminal-	4	6	{HiQ_model.g787.t1;HiQ}
62503	62441	INTRON			{HiQ_model.g787.t1;HiQ},{ev_type:exonerate/ID=match.133146.6503/Target=YOL047C;exonerate}
62746	62504	initial-	4	6	{HiQ_model.g787.t1;HiQ},{GlimmerHMM_glimmerT_845-T1;GlimmerHMM}

# EVM prediction: Mode:STANDARD S-ratio: 27.26 63496-66801 orient(+) score(9567.00) noncoding_equivalent(351.00) raw_noncoding(351.00) offset(0.00) 
63496	66801	single+	1	3	{Augustus_model.g788.t1;Augustus},{GlimmerHMM_glimmerT_846-T1;GlimmerHMM}

# EVM prediction: Mode:STANDARD S-ratio: 23.73 67149-68300 orient(+) score(4414.00) noncoding_equivalent(185.98) raw_noncoding(185.98) offset(0.00) 
67149	68300	single+	1	3	{Augustus_model.g789.t1;Augustus},{GlimmerHMM_glimmerT_847-T1;GlimmerHMM}

# EVM prediction: Mode:STANDARD S-ratio: 2.00 68391-69533 orient(-) score(4572.00) noncoding_equivalent(2286.00) raw_noncoding(2286.00) offset(0.00) 
69533	68391	single-	4	6	{GlimmerHMM_glimmerT_848-T1;GlimmerHMM},{HiQ_model.g790.t1;HiQ}

# EVM prediction: Mode:STANDARD S-ratio: 62.49 69824-70915 orient(+) score(4298.00) noncoding_equivalent(68.78) raw_noncoding(68.78) offset(0.00) 
69824	70915	single+	1	3	{Augustus_model.g791.t1;Augustus},{GlimmerHMM_glimmerT_849-T1;GlimmerHMM}

# EVM prediction: Mode:STANDARD S-ratio: 4.69 71266-72645 orient(-) score(6823.00) noncoding_equivalent(1455.29) raw_noncoding(1455.29) offset(0.00) 
72645	71266	single-	4	6	{GlimmerHMM_glimmerT_850-T1;GlimmerHMM},{HiQ_model.g792.t1;HiQ}

# EVM prediction: Mode:STANDARD S-ratio: 2.02 73148-73576 orient(-) score(1716.00) noncoding_equivalent(850.52) raw_noncoding(850.52) offset(0.00) 
73576	73148	single-	4	6	{GlimmerHMM_glimmerT_851-T1;GlimmerHMM},{HiQ_model.g793.t1;HiQ}

# EVM prediction: Mode:STANDARD S-ratio: 10000.00 74296-74616 orient(+) score(1284.00) noncoding_equivalent(0.13) raw_noncoding(0.00) offset(0.00) 
74296	74616	single+	1	3	{Augustus_model.g794.t1;Augustus},{GlimmerHMM_glimmerT_852-T1;GlimmerHMM}

# EVM prediction: Mode:STANDARD S-ratio: 132.38 75336-76100 orient(+) score(2276.00) noncoding_equivalent(17.19) raw_noncoding(17.19) offset(0.00) 
75336	76100	single+	1	3	{Augustus_model.g795.t1;Augustus},{GlimmerHMM_glimmerT_853-T1;GlimmerHMM}

# EVM prediction: Mode:STANDARD S-ratio: 12.14 76744-79029 orient(+) score(8448.00) noncoding_equivalent(696.00) raw_noncoding(696.00) offset(0.00) 
76744	79029	single+	1	3	{GlimmerHMM_glimmerT_854-T1;GlimmerHMM},{Augustus_model.g796.t1;Augustus}

# EVM prediction: Mode:STANDARD S-ratio: 10000.00 79924-83205 orient(+) score(13119.00) noncoding_equivalent(1.31) raw_noncoding(0.00) offset(0.00) 
79924	83205	single+	1	3	{Augustus_model.g797.t1;Augustus},{GlimmerHMM_glimmerT_855-T1;GlimmerHMM}

# EVM prediction: Mode:STANDARD S-ratio: 1072.00 83476-85086 orient(+) score(6432.00) noncoding_equivalent(6.00) raw_noncoding(6.00) offset(0.00) 
83476	85086	single+	1	3	{GlimmerHMM_glimmerT_856-T1;GlimmerHMM}

# EVM prediction: Mode:STANDARD S-ratio: 17.30 85430-86170 orient(+) score(2802.00) noncoding_equivalent(162.00) raw_noncoding(162.00) offset(0.00) 
85430	86170	single+	1	3	{GlimmerHMM_glimmerT_857-T1;GlimmerHMM},{Augustus_model.g799.t1;Augustus}

# EVM prediction: Mode:STANDARD S-ratio: 2.00 86265-87530 orient(-) score(5064.00) noncoding_equivalent(2532.00) raw_noncoding(2532.00) offset(0.00) 
87530	86265	single-	4	6	{GlimmerHMM_glimmerT_858-T1;GlimmerHMM},{HiQ_model.g800.t1;HiQ}

# EVM prediction: Mode:STANDARD S-ratio: 10000.00 88188-89642 orient(+) score(4365.00) noncoding_equivalent(0.44) raw_noncoding(0.00) offset(0.00) 
88188	89642	single+	1	3	{GlimmerHMM_glimmerT_859-T1;GlimmerHMM},{Augustus_model.g801.t1;Augustus}

# EVM prediction: Mode:STANDARD S-ratio: 4.64 89816-90421 orient(-) score(2991.00) noncoding_equivalent(645.00) raw_noncoding(645.00) offset(0.00) 
90421	89816	single-	4	6	{HiQ_model.g802.t1;HiQ}

# EVM prediction: Mode:STANDARD S-ratio: 4.45 90634-91371 orient(-) score(3615.00) noncoding_equivalent(813.00) raw_noncoding(813.00) offset(0.00) 
91371	90634	single-	4	6	{HiQ_model.g803.t1;HiQ}

# EVM prediction: Mode:STANDARD S-ratio: 4.94 92004-93725 orient(-) score(8590.00) noncoding_equivalent(1740.33) raw_noncoding(1740.33) offset(0.00) 
93725	92004	single-	4	6	{GlimmerHMM_glimmerT_862-T1;GlimmerHMM},{HiQ_model.g804.t1;HiQ}

# EVM prediction: Mode:STANDARD S-ratio: 2.00 94013-94354 orient(-) score(1368.00) noncoding_equivalent(684.00) raw_noncoding(684.00) offset(0.00) 
94354	94013	single-	4	6	{HiQ_model.g805.t1;HiQ},{GlimmerHMM_glimmerT_863-T1;GlimmerHMM}

# EVM prediction: Mode:STANDARD S-ratio: 10000.00 94958-96940 orient(+) score(7932.00) noncoding_equivalent(0.79) raw_noncoding(0.00) offset(0.00) 
94958	96940	single+	1	3	{GlimmerHMM_glimmerT_864-T1;GlimmerHMM},{Augustus_model.g806.t1;Augustus}

# EVM prediction: Mode:STANDARD S-ratio: 3.00 97087-97605 orient(+) score(1557.00) noncoding_equivalent(519.00) raw_noncoding(519.00) offset(0.00) 
97087	97605	single+	1	3	{Augustus_model.g807.t1;Augustus},{GlimmerHMM_glimmerT_865-T1;GlimmerHMM}

