!! Predictions spanning range 925 - 52917 [R1]
# EVM prediction: Mode:STANDARD S-ratio: 12.86 925-2514 orient(+) score(5901.00) noncoding_equivalent(459.00) raw_noncoding(459.00) offset(0.00) 
925	2514	single+	1	3	{GlimmerHMM_glimmerT_3873-T1;GlimmerHMM},{Augustus_model.g3590.t1;Augustus}

# EVM prediction: Mode:STANDARD S-ratio: 16.82 3245-6907 orient(+) score(13830.00) noncoding_equivalent(822.00) raw_noncoding(822.00) offset(0.00) 
3245	6907	single+	1	3	{GlimmerHMM_glimmerT_3874-T1;GlimmerHMM},{Augustus_model.g3591.t1;Augustus}

# EVM prediction: Mode:STANDARD S-ratio: 5.21 7169-7989 orient(-) score(2335.00) noncoding_equivalent(448.02) raw_noncoding(1309.02) offset(861.00) 
7547	7169	terminal-	6	6	{Augustus_model.g3592.t1;Augustus},{GlimmerHMM_glimmerT_3875-T1;GlimmerHMM},{snap_scaffold_11-snap.150-T1;snap}
7981	7548	INTRON			{snap_scaffold_11-snap.150-T1;snap}
7989	7982	initial-	4	5	{snap_scaffold_11-snap.150-T1;snap}

# EVM prediction: Mode:STANDARD S-ratio: 10000.00 8630-13669 orient(+) score(20160.00) noncoding_equivalent(2.02) raw_noncoding(0.00) offset(0.00) 
8630	13669	single+	1	3	{Augustus_model.g3593.t1;Augustus},{GlimmerHMM_glimmerT_3876-T1;GlimmerHMM}

# EVM prediction: Mode:STANDARD S-ratio: 126.11 13969-15684 orient(+) score(6810.00) noncoding_equivalent(54.00) raw_noncoding(54.00) offset(0.00) 
13969	15684	single+	1	3	{Augustus_model.g3594.t1;Augustus},{GlimmerHMM_glimmerT_3877-T1;GlimmerHMM}

# EVM prediction: Mode:STANDARD S-ratio: 10000.00 16003-19359 orient(+) score(13428.00) noncoding_equivalent(1.34) raw_noncoding(0.00) offset(0.00) 
16003	19359	single+	1	3	{GlimmerHMM_glimmerT_3878-T1;GlimmerHMM},{Augustus_model.g3595.t1;Augustus}

# EVM prediction: Mode:STANDARD S-ratio: 4.71 19447-20157 orient(-) score(3519.00) noncoding_equivalent(746.55) raw_noncoding(746.55) offset(0.00) 
20157	19447	single-	4	6	{GlimmerHMM_glimmerT_3879-T1;GlimmerHMM},{HiQ_model.g3596.t1;HiQ}

# EVM prediction: Mode:STANDARD S-ratio: 3.49 20323-21504 orient(-) score(5511.00) noncoding_equivalent(1581.00) raw_noncoding(1581.00) offset(0.00) 
21504	20323	single-	4	6	{GlimmerHMM_glimmerT_3880-T1;GlimmerHMM},{HiQ_model.g3597.t1;HiQ}

# EVM prediction: Mode:STANDARD S-ratio: 585.76 21681-22721 orient(+) score(4155.00) noncoding_equivalent(7.09) raw_noncoding(7.09) offset(0.00) 
21681	22721	single+	1	3	{GlimmerHMM_glimmerT_3881-T1;GlimmerHMM},{Augustus_model.g3598.t1;Augustus}

# EVM prediction: Mode:STANDARD S-ratio: 41.62 22994-24943 orient(+) score(7617.00) noncoding_equivalent(183.00) raw_noncoding(183.00) offset(0.00) 
22994	24943	single+	1	3	{Augustus_model.g3599.t1;Augustus},{GlimmerHMM_glimmerT_3882-T1;GlimmerHMM}

# EVM prediction: Mode:STANDARD S-ratio: 2569.22 25395-28619 orient(-) score(12893.00) noncoding_equivalent(5.02) raw_noncoding(5.02) offset(0.00) 
28619	25395	single-	4	6	{GlimmerHMM_glimmerT_3883-T1;GlimmerHMM},{Augustus_model.g3600.t1;Augustus}

# EVM prediction: Mode:STANDARD S-ratio: 0.99 28737-29054 orient(-) score(556.00) noncoding_equivalent(563.89) raw_noncoding(712.16) offset(148.27) 
28936	28737	terminal-	5	6	{Augustus_model.g3601.t1;Augustus}
29011	28937	INTRON			{Augustus_model.g3601.t1;Augustus}
29054	29012	initial-	4	4	{Augustus_model.g3601.t1;Augustus}

# EVM prediction: Mode:STANDARD S-ratio: 2.98 29168-29764 orient(+) score(1782.00) noncoding_equivalent(598.00) raw_noncoding(598.00) offset(0.00) 
29168	29764	single+	1	3	{Augustus_model.g3602.t1;Augustus}

# EVM prediction: Mode:STANDARD S-ratio: 4.12 29895-30509 orient(-) score(2970.00) noncoding_equivalent(720.00) raw_noncoding(720.00) offset(0.00) 
30509	29895	single-	4	6	{HiQ_model.g3603.t1;HiQ},{GlimmerHMM_glimmerT_3885-T1;GlimmerHMM}

# EVM prediction: Mode:STANDARD S-ratio: 10000.00 30758-34885 orient(-) score(16512.00) noncoding_equivalent(1.65) raw_noncoding(0.00) offset(0.00) 
34885	30758	single-	4	6	{GlimmerHMM_glimmerT_3886-T1;GlimmerHMM},{Augustus_model.g3604.t1;Augustus}

# EVM prediction: Mode:STANDARD S-ratio: 3.00 35267-36520 orient(+) score(3762.00) noncoding_equivalent(1254.00) raw_noncoding(1254.00) offset(0.00) 
35267	36520	single+	1	3	{GlimmerHMM_glimmerT_3887-T1;GlimmerHMM},{Augustus_model.g3605.t1;Augustus}

# EVM prediction: Mode:STANDARD S-ratio: 3.98 36571-37278 orient(-) score(3394.00) noncoding_equivalent(853.29) raw_noncoding(853.29) offset(0.00) 
37278	36571	single-	4	6	{GlimmerHMM_glimmerT_3888-T1;GlimmerHMM},{HiQ_model.g3606.t1;HiQ}

# EVM prediction: Mode:STANDARD S-ratio: 4.77 37732-39333 orient(-) score(7944.00) noncoding_equivalent(1665.00) raw_noncoding(1665.00) offset(0.00) 
39333	37732	single-	4	6	{HiQ_model.g3607.t1;HiQ}

# EVM prediction: Mode:STANDARD S-ratio: 2.84 42028-42627 orient(+) score(1776.00) noncoding_equivalent(626.27) raw_noncoding(626.27) offset(0.00) 
42028	42627	single+	1	3	{GlimmerHMM_glimmerT_3890-T1;GlimmerHMM}

# EVM prediction: Mode:STANDARD S-ratio: 13.45 42637-42996 orient(+) score(1338.00) noncoding_equivalent(99.48) raw_noncoding(99.48) offset(0.00) 
42637	42996	single+	1	3	{GlimmerHMM_glimmerT_3891-T1;GlimmerHMM}

# EVM prediction: Mode:STANDARD S-ratio: 10000.00 44156-45784 orient(+) score(6516.00) noncoding_equivalent(0.65) raw_noncoding(0.00) offset(0.00) 
44156	45784	single+	1	3	{Augustus_model.g3609.t1;Augustus},{GlimmerHMM_glimmerT_3892-T1;GlimmerHMM}

# EVM prediction: Mode:STANDARD S-ratio: 2.00 46698-47330 orient(-) score(1266.00) noncoding_equivalent(633.00) raw_noncoding(633.00) offset(0.00) 
47330	46698	single-	4	6	{GlimmerHMM_glimmerT_3893-T1;GlimmerHMM},{Augustus_model.g3610.t1;Augustus}

# EVM prediction: Mode:STANDARD S-ratio: 5.83 50653-51429 orient(+) score(1990.00) noncoding_equivalent(341.28) raw_noncoding(341.28) offset(0.00) 
50653	51429	single+	1	3	{GlimmerHMM_glimmerT_3895-T1;GlimmerHMM}

# EVM prediction: Mode:STANDARD S-ratio: 1.00 52649-52917 orient(-) score(269.00) noncoding_equivalent(269.00) raw_noncoding(269.00) offset(0.00) 
52917	52649	terminal-	5	6	{snap_scaffold_11-snap.166-T1;snap}

