!! Predictions spanning range 774 - 86248 [R1]
# EVM prediction: Mode:STANDARD S-ratio: 231.16 774-2729 orient(+) score(7789.00) noncoding_equivalent(33.69) raw_noncoding(33.69) offset(0.00) 
774	2729	single+	1	3	{Augustus_model.g2038.t1;Augustus},{GlimmerHMM_glimmerT_2213-T1;GlimmerHMM}

# EVM prediction: Mode:STANDARD S-ratio: 56.97 3431-10126 orient(+) score(26322.00) noncoding_equivalent(462.00) raw_noncoding(462.00) offset(0.00) 
3431	10126	single+	1	3	{GlimmerHMM_glimmerT_2214-T1;GlimmerHMM},{Augustus_model.g2039.t1;Augustus}

# EVM prediction: Mode:STANDARD S-ratio: 5.00 10339-11700 orient(-) score(6810.00) noncoding_equivalent(1362.00) raw_noncoding(1362.00) offset(0.00) 
11700	10339	single-	4	6	{GlimmerHMM_glimmerT_2215-T1;GlimmerHMM},{HiQ_model.g2040.t1;HiQ}

# EVM prediction: Mode:STANDARD S-ratio: 738.33 12554-14125 orient(+) score(11075.00) noncoding_equivalent(15.00) raw_noncoding(15.00) offset(0.00) 
12554	14125	single+	1	3	{GlimmerHMM_glimmerT_2216-T1;GlimmerHMM},{Augustus_model.g2041.t1;Augustus}

# EVM prediction: Mode:STANDARD S-ratio: 5.00 14344-16005 orient(-) score(8310.00) noncoding_equivalent(1662.00) raw_noncoding(1662.00) offset(0.00) 
16005	14344	single-	4	6	{GlimmerHMM_glimmerT_2217-T1;GlimmerHMM},{HiQ_model.g2042.t1;HiQ}

# EVM prediction: Mode:STANDARD S-ratio: 3.02 16375-16992 orient(+) score(1854.00) noncoding_equivalent(613.14) raw_noncoding(613.14) offset(0.00) 
16375	16992	single+	1	3	{Augustus_model.g2043.t1;Augustus},{GlimmerHMM_glimmerT_2218-T1;GlimmerHMM}

# EVM prediction: Mode:STANDARD S-ratio: 4.82 17418-21242 orient(-) score(19005.00) noncoding_equivalent(3945.00) raw_noncoding(3945.00) offset(0.00) 
21242	17418	single-	4	6	{GlimmerHMM_glimmerT_2219-T1;GlimmerHMM},{HiQ_model.g2044.t1;HiQ}

# EVM prediction: Mode:STANDARD S-ratio: 5.00 21619-22020 orient(-) score(2010.00) noncoding_equivalent(402.00) raw_noncoding(402.00) offset(0.00) 
22020	21619	single-	4	6	{GlimmerHMM_glimmerT_2220-T1;GlimmerHMM},{HiQ_model.g2045.t1;HiQ}

# EVM prediction: Mode:STANDARD S-ratio: 10000.00 22498-23772 orient(+) score(5100.00) noncoding_equivalent(0.51) raw_noncoding(0.00) offset(0.00) 
22498	23772	single+	1	3	{GlimmerHMM_glimmerT_2221-T1;GlimmerHMM},{Augustus_model.g2046.t1;Augustus}

# EVM prediction: Mode:STANDARD S-ratio: 2.00 23906-24175 orient(-) score(1080.00) noncoding_equivalent(540.00) raw_noncoding(540.00) offset(0.00) 
24175	23906	single-	4	6	{GlimmerHMM_glimmerT_2222-T1;GlimmerHMM},{HiQ_model.g2047.t1;HiQ}

# EVM prediction: Mode:STANDARD S-ratio: 422.62 24488-25447 orient(+) score(3829.00) noncoding_equivalent(9.06) raw_noncoding(9.06) offset(0.00) 
24488	25447	single+	1	3	{Augustus_model.g2048.t1;Augustus},{GlimmerHMM_glimmerT_2223-T1;GlimmerHMM}

# EVM prediction: Mode:STANDARD S-ratio: 4.78 25565-27694 orient(-) score(10567.00) noncoding_equivalent(2211.41) raw_noncoding(2211.41) offset(0.00) 
27694	25565	single-	4	6	{GlimmerHMM_glimmerT_2224-T1;GlimmerHMM},{HiQ_model.g2049.t1;HiQ}

# EVM prediction: Mode:STANDARD S-ratio: 5.87 28138-28905 orient(-) score(4593.00) noncoding_equivalent(783.00) raw_noncoding(783.00) offset(0.00) 
28905	28138	single-	4	6	{GlimmerHMM_glimmerT_2225-T1;GlimmerHMM},{HiQ_model.g2050.t1;HiQ}

# EVM prediction: Mode:STANDARD S-ratio: 5.00 29312-32248 orient(-) score(14685.00) noncoding_equivalent(2937.00) raw_noncoding(2937.00) offset(0.00) 
32248	29312	single-	4	6	{GlimmerHMM_glimmerT_2226-T1;GlimmerHMM},{HiQ_model.g2051.t1;HiQ}

# EVM prediction: Mode:STANDARD S-ratio: 2.59 32628-33968 orient(+) score(3867.00) noncoding_equivalent(1493.40) raw_noncoding(1493.40) offset(0.00) 
32628	33968	single+	1	3	{GlimmerHMM_glimmerT_2227-T1;GlimmerHMM}

# EVM prediction: Mode:STANDARD S-ratio: 4.41 34186-34834 orient(+) score(2051.00) noncoding_equivalent(465.00) raw_noncoding(585.00) offset(120.00) 
34186	34569	initial+	1	3	{Augustus_model.g2053.t1;Augustus}
34570	34651	INTRON			{Augustus_model.g2053.t1;Augustus},{ev_type:exonerate/ID=match.133146.4091/Target=YLR445W;exonerate}
34652	34834	terminal+	1	3	{Augustus_model.g2053.t1;Augustus}

# EVM prediction: Mode:STANDARD S-ratio: 6.42 35211-36512 orient(+) score(4506.00) noncoding_equivalent(702.00) raw_noncoding(702.00) offset(0.00) 
35211	36512	single+	1	3	{GlimmerHMM_glimmerT_2229-T1;GlimmerHMM},{Augustus_model.g2054.t1;Augustus}

# EVM prediction: Mode:STANDARD S-ratio: 4.78 36853-37890 orient(-) score(5151.00) noncoding_equivalent(1077.00) raw_noncoding(1077.00) offset(0.00) 
37890	36853	single-	4	6	{GlimmerHMM_glimmerT_2230-T1;GlimmerHMM},{HiQ_model.g2055.t1;HiQ}

# EVM prediction: Mode:STANDARD S-ratio: 4.79 38850-39764 orient(+) score(2672.00) noncoding_equivalent(557.46) raw_noncoding(1364.61) offset(807.15) 
38850	38864	initial+	1	3	{Augustus_model.g2056.t1;Augustus}
38865	39302	INTRON			{Augustus_model.g2056.t1;Augustus}
39303	39764	terminal+	1	3	{Augustus_model.g2056.t1;Augustus}

# EVM prediction: Mode:STANDARD S-ratio: 10000.00 40830-42008 orient(+) score(4716.00) noncoding_equivalent(0.47) raw_noncoding(0.00) offset(0.00) 
40830	42008	single+	1	3	{GlimmerHMM_glimmerT_2232-T1;GlimmerHMM},{Augustus_model.g2057.t1;Augustus}

# EVM prediction: Mode:STANDARD S-ratio: 218.10 42624-45761 orient(+) score(12493.00) noncoding_equivalent(57.28) raw_noncoding(57.28) offset(0.00) 
42624	45761	single+	1	3	{GlimmerHMM_glimmerT_2233-T1;GlimmerHMM},{Augustus_model.g2058.t1;Augustus}

# EVM prediction: Mode:STANDARD S-ratio: 10000.00 46090-48750 orient(+) score(10644.00) noncoding_equivalent(1.06) raw_noncoding(0.00) offset(0.00) 
46090	48750	single+	1	3	{Augustus_model.g2059.t1;Augustus},{GlimmerHMM_glimmerT_2234-T1;GlimmerHMM}

# EVM prediction: Mode:STANDARD S-ratio: 4.86 49268-51364 orient(-) score(10432.00) noncoding_equivalent(2148.27) raw_noncoding(2148.27) offset(0.00) 
51364	49268	single-	4	6	{HiQ_model.g2060.t1;HiQ},{GlimmerHMM_glimmerT_2235-T1;GlimmerHMM}

# EVM prediction: Mode:STANDARD S-ratio: 4.81 51797-52984 orient(-) score(5901.00) noncoding_equivalent(1227.00) raw_noncoding(1227.00) offset(0.00) 
52984	51797	single-	4	6	{HiQ_model.g2061.t1;HiQ},{GlimmerHMM_glimmerT_2236-T1;GlimmerHMM}

# EVM prediction: Mode:STANDARD S-ratio: 437.00 53999-61882 orient(+) score(31464.00) noncoding_equivalent(72.00) raw_noncoding(72.00) offset(0.00) 
53999	61882	single+	1	3	{GlimmerHMM_glimmerT_2237-T1;GlimmerHMM},{Augustus_model.g2062.t1;Augustus}

# EVM prediction: Mode:STANDARD S-ratio: 10000.00 63627-64541 orient(+) score(3660.00) noncoding_equivalent(0.37) raw_noncoding(0.00) offset(0.00) 
63627	64541	single+	1	3	{Augustus_model.g2063.t1;Augustus},{GlimmerHMM_glimmerT_2238-T1;GlimmerHMM}

# EVM prediction: Mode:STANDARD S-ratio: 2.14 65068-65682 orient(+) score(1677.00) noncoding_equivalent(783.00) raw_noncoding(783.00) offset(0.00) 
65068	65682	single+	1	3	{GlimmerHMM_glimmerT_2239-T1;GlimmerHMM}

# EVM prediction: Mode:STANDARD S-ratio: 5.00 65810-66769 orient(-) score(4800.00) noncoding_equivalent(960.00) raw_noncoding(960.00) offset(0.00) 
66769	65810	single-	4	6	{HiQ_model.g2064.t1;HiQ},{GlimmerHMM_glimmerT_2240-T1;GlimmerHMM}

# EVM prediction: Mode:STANDARD S-ratio: 1.00 67332-68516 orient(+) score(2370.00) noncoding_equivalent(2370.00) raw_noncoding(2370.00) offset(0.00) 
67332	68516	single+	1	3	{GlimmerHMM_glimmerT_2241-T1;GlimmerHMM}

# EVM prediction: Mode:STANDARD S-ratio: 5.83 69755-70885 orient(-) score(6738.00) noncoding_equivalent(1155.00) raw_noncoding(1155.00) offset(0.00) 
70885	69755	single-	4	6	{GlimmerHMM_glimmerT_2242-T1;GlimmerHMM},{HiQ_model.g2065.t1;HiQ}

# EVM prediction: Mode:STANDARD S-ratio: 10000.00 72917-73279 orient(+) score(1089.00) noncoding_equivalent(0.11) raw_noncoding(0.00) offset(0.00) 
72917	73279	single+	1	3	{GlimmerHMM_glimmerT_2243-T1;GlimmerHMM},{Augustus_model.g2066.t1;Augustus}

# EVM prediction: Mode:STANDARD S-ratio: 100.50 75954-76562 orient(+) score(1809.00) noncoding_equivalent(18.00) raw_noncoding(18.00) offset(0.00) 
75954	76562	single+	1	3	{GlimmerHMM_glimmerT_2244-T1;GlimmerHMM},{Augustus_model.g2067.t1;Augustus}

# EVM prediction: Mode:STANDARD S-ratio: 4.83 77277-81233 orient(+) score(19282.00) noncoding_equivalent(3993.00) raw_noncoding(3993.00) offset(0.00) 
77277	81233	single+	1	3	{GlimmerHMM_glimmerT_2246-T1;GlimmerHMM}

# EVM prediction: Mode:STANDARD S-ratio: 2.04 82506-86248 orient(+) score(7486.00) noncoding_equivalent(3666.00) raw_noncoding(3666.00) offset(0.00) 
82506	86248	initial+	1	2	{Augustus_model.g2069.t1;Augustus}

