!! Predictions spanning range 2254 - 98730 [R1]
# EVM prediction: Mode:STANDARD S-ratio: 10000.00 2254-4239 orient(-) score(5958.00) noncoding_equivalent(0.60) raw_noncoding(0.00) offset(0.00) 
4239	2254	single-	4	6	{GlimmerHMM_glimmerT_1378-T1;GlimmerHMM},{Augustus_model.g1239.t1;Augustus}

# EVM prediction: Mode:STANDARD S-ratio: 196.79 6234-9002 orient(-) score(8265.00) noncoding_equivalent(42.00) raw_noncoding(42.00) offset(0.00) 
9002	6234	single-	4	6	{GlimmerHMM_glimmerT_1379-T1;GlimmerHMM},{Augustus_model.g1240.t1;Augustus}

# EVM prediction: Mode:STANDARD S-ratio: 2.00 9237-9632 orient(+) score(792.00) noncoding_equivalent(396.00) raw_noncoding(396.00) offset(0.00) 
9237	9632	single+	1	3	{Augustus_model.g1241.t1;Augustus},{GlimmerHMM_glimmerT_1380-T1;GlimmerHMM}

# EVM prediction: Mode:STANDARD S-ratio: 2.00 9912-10655 orient(-) score(1488.00) noncoding_equivalent(744.00) raw_noncoding(744.00) offset(0.00) 
10655	9912	single-	4	6	{Augustus_model.g1242.t1;Augustus},{GlimmerHMM_glimmerT_1381-T1;GlimmerHMM}

# EVM prediction: Mode:STANDARD S-ratio: 10000.00 11176-12171 orient(+) score(2988.00) noncoding_equivalent(0.30) raw_noncoding(0.00) offset(0.00) 
11176	12171	single+	1	3	{Augustus_model.g1243.t1;Augustus},{GlimmerHMM_glimmerT_1382-T1;GlimmerHMM}

# EVM prediction: Mode:STANDARD S-ratio: 8.36 12172-17723 orient(-) score(15156.00) noncoding_equivalent(1813.02) raw_noncoding(2133.05) offset(320.03) 
17399	12172	terminal-	5	6	{snap_scaffold_2-snap.67-T1;snap}
17716	17400	INTRON			{GlimmerHMM_glimmerT_1383-T1;GlimmerHMM},{snap_scaffold_2-snap.67-T1;snap}
17723	17717	initial-	4	4	{GlimmerHMM_glimmerT_1383-T1;GlimmerHMM},{snap_scaffold_2-snap.67-T1;snap}

# EVM prediction: Mode:STANDARD S-ratio: 1.70 17957-18460 orient(-) score(952.00) noncoding_equivalent(560.18) raw_noncoding(560.18) offset(0.00) 
18460	17957	single-	4	6	{GlimmerHMM_glimmerT_1384-T1;GlimmerHMM}

# EVM prediction: Mode:STANDARD S-ratio: 2.02 18806-19264 orient(-) score(918.00) noncoding_equivalent(453.68) raw_noncoding(453.68) offset(0.00) 
19264	18806	single-	4	6	{Augustus_model.g1245.t1;Augustus},{GlimmerHMM_glimmerT_1385-T1;GlimmerHMM}

# EVM prediction: Mode:STANDARD S-ratio: 10000.00 20121-21206 orient(+) score(3258.00) noncoding_equivalent(0.33) raw_noncoding(0.00) offset(0.00) 
20121	21206	single+	1	3	{Augustus_model.g1246.t1;Augustus},{GlimmerHMM_glimmerT_1386-T1;GlimmerHMM}

# EVM prediction: Mode:STANDARD S-ratio: 2.00 21467-21727 orient(-) score(522.00) noncoding_equivalent(261.00) raw_noncoding(261.00) offset(0.00) 
21727	21467	single-	4	6	{GlimmerHMM_glimmerT_1387-T1;GlimmerHMM},{Augustus_model.g1247.t1;Augustus}

# EVM prediction: Mode:STANDARD S-ratio: 548.79 22216-23886 orient(+) score(5002.00) noncoding_equivalent(9.11) raw_noncoding(9.11) offset(0.00) 
22216	23886	single+	1	3	{GlimmerHMM_glimmerT_1388-T1;GlimmerHMM},{Augustus_model.g1248.t1;Augustus}

# EVM prediction: Mode:STANDARD S-ratio: 1.98 25854-28721 orient(+) score(4353.00) noncoding_equivalent(2197.18) raw_noncoding(5877.50) offset(3680.32) 
25854	25858	initial+	1	2	{snap_scaffold_2-snap.70-T1;snap}
25859	27910	INTRON			{snap_scaffold_2-snap.70-T1;snap}
27911	28721	terminal+	3	3	{snap_scaffold_2-snap.70-T1;snap}

# EVM prediction: Mode:STANDARD S-ratio: 221.28 30182-30634 orient(+) score(1351.00) noncoding_equivalent(6.11) raw_noncoding(6.11) offset(0.00) 
30182	30634	single+	1	3	{GlimmerHMM_glimmerT_1391-T1;GlimmerHMM},{Augustus_model.g1250.t1;Augustus}

# EVM prediction: Mode:STANDARD S-ratio: 8.84 31890-32305 orient(-) score(1061.00) noncoding_equivalent(120.07) raw_noncoding(237.16) offset(117.09) 
32233	31890	terminal-	5	6	{snap_scaffold_2-snap.72-T1;snap}
32298	32234	INTRON			{snap_scaffold_2-snap.72-T1;snap}
32305	32299	initial-	4	4	{snap_scaffold_2-snap.72-T1;snap}

# EVM prediction: Mode:STANDARD S-ratio: 39.20 35747-36148 orient(+) score(1176.00) noncoding_equivalent(30.00) raw_noncoding(30.00) offset(0.00) 
35747	36148	single+	1	3	{GlimmerHMM_glimmerT_1393-T1;GlimmerHMM},{Augustus_model.g1252.t1;Augustus}

# EVM prediction: Mode:STANDARD S-ratio: 10000.00 36776-38971 orient(-) score(6588.00) noncoding_equivalent(0.66) raw_noncoding(0.00) offset(0.00) 
38971	36776	single-	4	6	{GlimmerHMM_glimmerT_1394-T1;GlimmerHMM},{Augustus_model.g1253.t1;Augustus}

# EVM prediction: Mode:STANDARD S-ratio: 25.68 41203-41703 orient(+) score(1445.00) noncoding_equivalent(56.27) raw_noncoding(56.27) offset(0.00) 
41203	41703	single+	1	3	{Augustus_model.g1254.t1;Augustus},{GlimmerHMM_glimmerT_1395-T1;GlimmerHMM}

# EVM prediction: Mode:STANDARD S-ratio: 71.61 41874-45995 orient(-) score(12194.00) noncoding_equivalent(170.28) raw_noncoding(170.28) offset(0.00) 
45995	41874	single-	4	6	{GlimmerHMM_glimmerT_1396-T1;GlimmerHMM},{Augustus_model.g1255.t1;Augustus}

# EVM prediction: Mode:STANDARD S-ratio: 10000.00 48566-50386 orient(-) score(5457.00) noncoding_equivalent(0.55) raw_noncoding(0.00) offset(0.00) 
50386	48566	single-	4	6	{Augustus_model.g1256.t1;Augustus},{GlimmerHMM_glimmerT_1398-T1;GlimmerHMM}

# EVM prediction: Mode:STANDARD S-ratio: 22.76 51760-54396 orient(+) score(7578.00) noncoding_equivalent(333.00) raw_noncoding(333.00) offset(0.00) 
51760	54396	single+	1	3	{GlimmerHMM_glimmerT_1399-T1;GlimmerHMM}

# EVM prediction: Mode:STANDARD S-ratio: 5.96 54556-55158 orient(-) score(1616.00) noncoding_equivalent(271.20) raw_noncoding(351.00) offset(79.80) 
55074	54556	terminal-	4	6	{GlimmerHMM_glimmerT_1400-T1;GlimmerHMM},{Augustus_model.g1258.t1;Augustus}
55155	55075	INTRON			{GlimmerHMM_glimmerT_1400-T1;GlimmerHMM},{Augustus_model.g1258.t1;Augustus}
55158	55156	initial-	4	6	{GlimmerHMM_glimmerT_1400-T1;GlimmerHMM},{Augustus_model.g1258.t1;Augustus}

# EVM prediction: Mode:STANDARD S-ratio: 670.91 55391-57199 orient(-) score(5417.00) noncoding_equivalent(8.07) raw_noncoding(8.07) offset(0.00) 
57199	55391	single-	4	6	{GlimmerHMM_glimmerT_1401-T1;GlimmerHMM},{Augustus_model.g1259.t1;Augustus}

# EVM prediction: Mode:STANDARD S-ratio: 2.01 58178-59416 orient(+) score(2478.00) noncoding_equivalent(1235.52) raw_noncoding(1235.52) offset(0.00) 
58178	59416	single+	1	3	{Augustus_model.g1260.t1;Augustus},{GlimmerHMM_glimmerT_1402-T1;GlimmerHMM}

# EVM prediction: Mode:STANDARD S-ratio: 62.26 59879-60880 orient(+) score(2957.00) noncoding_equivalent(47.49) raw_noncoding(47.49) offset(0.00) 
59879	60880	single+	1	3	{Augustus_model.g1261.t1;Augustus},{GlimmerHMM_glimmerT_1403-T1;GlimmerHMM}

# EVM prediction: Mode:STANDARD S-ratio: 10000.00 61115-67618 orient(+) score(19512.00) noncoding_equivalent(1.95) raw_noncoding(0.00) offset(0.00) 
61115	67618	single+	1	3	{GlimmerHMM_glimmerT_1404-T1;GlimmerHMM},{Augustus_model.g1262.t1;Augustus}

# EVM prediction: Mode:STANDARD S-ratio: 200.00 68263-70674 orient(+) score(7200.00) noncoding_equivalent(36.00) raw_noncoding(36.00) offset(0.00) 
68263	70674	single+	1	3	{GlimmerHMM_glimmerT_1405-T1;GlimmerHMM}

# EVM prediction: Mode:STANDARD S-ratio: 2.02 70793-71212 orient(-) score(840.00) noncoding_equivalent(416.29) raw_noncoding(416.29) offset(0.00) 
71212	70793	single-	4	6	{Augustus_model.g1264.t1;Augustus},{GlimmerHMM_glimmerT_1406-T1;GlimmerHMM}

# EVM prediction: Mode:STANDARD S-ratio: 10000.00 71455-73125 orient(+) score(5013.00) noncoding_equivalent(0.50) raw_noncoding(0.00) offset(0.00) 
71455	73125	single+	1	3	{GlimmerHMM_glimmerT_1407-T1;GlimmerHMM},{Augustus_model.g1265.t1;Augustus}

# EVM prediction: Mode:STANDARD S-ratio: 104.00 73261-73995 orient(-) score(2184.00) noncoding_equivalent(21.00) raw_noncoding(21.00) offset(0.00) 
73995	73261	single-	4	6	{Augustus_model.g1266.t1;Augustus},{GlimmerHMM_glimmerT_1408-T1;GlimmerHMM}

# EVM prediction: Mode:STANDARD S-ratio: 36.65 74233-78486 orient(+) score(12423.00) noncoding_equivalent(339.00) raw_noncoding(339.00) offset(0.00) 
74233	78486	single+	1	3	{Augustus_model.g1267.t1;Augustus},{GlimmerHMM_glimmerT_1409-T1;GlimmerHMM}

# EVM prediction: Mode:STANDARD S-ratio: 10000.00 78558-79598 orient(-) score(3123.00) noncoding_equivalent(0.31) raw_noncoding(0.00) offset(0.00) 
79598	78558	single-	4	6	{Augustus_model.g1268.t1;Augustus},{GlimmerHMM_glimmerT_1410-T1;GlimmerHMM}

# EVM prediction: Mode:STANDARD S-ratio: 10000.00 79797-82358 orient(-) score(7686.00) noncoding_equivalent(0.77) raw_noncoding(0.00) offset(0.00) 
82358	79797	single-	4	6	{GlimmerHMM_glimmerT_1411-T1;GlimmerHMM},{Augustus_model.g1269.t1;Augustus}

# EVM prediction: Mode:STANDARD S-ratio: 1.01 85558-87550 orient(+) score(2139.00) noncoding_equivalent(2124.13) raw_noncoding(5557.88) offset(3433.74) 
85558	85703	initial+	1	2	{GlimmerHMM_glimmerT_1413-T1;GlimmerHMM}
85704	86408	INTRON			{GlimmerHMM_glimmerT_1413-T1;GlimmerHMM}
86409	86479	internal+	3	1	{GlimmerHMM_glimmerT_1413-T1;GlimmerHMM}
86480	87494	INTRON			{GlimmerHMM_glimmerT_1413-T1;GlimmerHMM}
87495	87550	terminal+	2	3	{GlimmerHMM_glimmerT_1413-T1;GlimmerHMM}

# EVM prediction: Mode:STANDARD S-ratio: 1.08 87810-87986 orient(+) score(275.00) noncoding_equivalent(254.75) raw_noncoding(254.75) offset(0.00) 
87810	87986	single+	1	3	{GlimmerHMM_glimmerT_1414-T1;GlimmerHMM}

# EVM prediction: Mode:STANDARD S-ratio: 2.00 88447-88626 orient(+) score(360.00) noncoding_equivalent(180.00) raw_noncoding(180.00) offset(0.00) 
88447	88626	single+	1	3	{GlimmerHMM_glimmerT_1415-T1;GlimmerHMM}

# EVM prediction: Mode:STANDARD S-ratio: 765.50 89855-94990 orient(+) score(15386.00) noncoding_equivalent(20.10) raw_noncoding(20.10) offset(0.00) 
89855	94990	single+	1	3	{Augustus_model.g1271.t1;Augustus},{GlimmerHMM_glimmerT_1416-T1;GlimmerHMM}

# EVM prediction: Mode:STANDARD S-ratio: 17.21 95359-96201 orient(+) score(2389.00) noncoding_equivalent(138.80) raw_noncoding(138.80) offset(0.00) 
95359	96201	single+	1	3	{GlimmerHMM_glimmerT_1417-T1;GlimmerHMM},{Augustus_model.g1272.t1;Augustus}

# EVM prediction: Mode:STANDARD S-ratio: 60.61 97552-98730 orient(+) score(3478.00) noncoding_equivalent(57.38) raw_noncoding(57.38) offset(0.00) 
97552	98730	single+	1	3	{Augustus_model.g1273.t1;Augustus},{GlimmerHMM_glimmerT_1419-T1;GlimmerHMM}

