!! Predictions spanning range 659 - 86097 [R1]
# EVM prediction: Mode:STANDARD S-ratio: 256.50 659-3748 orient(+) score(12312.00) noncoding_equivalent(48.00) raw_noncoding(48.00) offset(0.00) 
659	3748	single+	1	3	{GlimmerHMM_glimmerT_4813-T1;GlimmerHMM},{Augustus_model.g4449.t1;Augustus}

# EVM prediction: Mode:STANDARD S-ratio: 5.00 4018-5313 orient(-) score(6480.00) noncoding_equivalent(1296.00) raw_noncoding(1296.00) offset(0.00) 
5313	4018	single-	4	6	{GlimmerHMM_glimmerT_4814-T1;GlimmerHMM},{HiQ_model.g4450.t1;HiQ}

# EVM prediction: Mode:STANDARD S-ratio: 40.05 5981-7474 orient(+) score(5829.00) noncoding_equivalent(145.55) raw_noncoding(145.55) offset(0.00) 
5981	7474	single+	1	3	{Augustus_model.g4451.t1;Augustus},{GlimmerHMM_glimmerT_4815-T1;GlimmerHMM}

# EVM prediction: Mode:STANDARD S-ratio: 20.48 7692-8561 orient(+) score(3318.00) noncoding_equivalent(162.00) raw_noncoding(162.00) offset(0.00) 
7692	8561	single+	1	3	{Augustus_model.g4452.t1;Augustus},{GlimmerHMM_glimmerT_4816-T1;GlimmerHMM}

# EVM prediction: Mode:STANDARD S-ratio: 14.54 8744-9850 orient(+) score(4143.00) noncoding_equivalent(285.00) raw_noncoding(285.00) offset(0.00) 
8744	9850	single+	1	3	{Augustus_model.g4453.t1;Augustus},{GlimmerHMM_glimmerT_4817-T1;GlimmerHMM}

# EVM prediction: Mode:STANDARD S-ratio: 4.93 9909-11066 orient(-) score(5774.00) noncoding_equivalent(1172.14) raw_noncoding(1172.14) offset(0.00) 
11066	9909	single-	4	6	{GlimmerHMM_glimmerT_4818-T1;GlimmerHMM},{HiQ_model.g4454.t1;HiQ}

# EVM prediction: Mode:STANDARD S-ratio: 2.94 12026-12718 orient(-) score(2055.00) noncoding_equivalent(699.00) raw_noncoding(699.00) offset(0.00) 
12718	12026	single-	4	6	{GlimmerHMM_glimmerT_4819-T1;GlimmerHMM}

# EVM prediction: Mode:STANDARD S-ratio: 208.29 13485-18845 orient(+) score(21246.00) noncoding_equivalent(102.00) raw_noncoding(102.00) offset(0.00) 
13485	18845	single+	1	3	{Augustus_model.g4456.t1;Augustus}

# EVM prediction: Mode:STANDARD S-ratio: 5.00 19258-22482 orient(-) score(16125.00) noncoding_equivalent(3225.00) raw_noncoding(3225.00) offset(0.00) 
22482	19258	single-	4	6	{HiQ_model.g4457.t1;HiQ},{GlimmerHMM_glimmerT_4821-T1;GlimmerHMM}

# EVM prediction: Mode:STANDARD S-ratio: 16.41 23258-23716 orient(+) score(1855.00) noncoding_equivalent(113.07) raw_noncoding(314.45) offset(201.38) 
23258	23262	initial+	1	2	{snap_scaffold_17-snap.76-T1;snap}
23263	23367	INTRON			{snap_scaffold_17-snap.76-T1;snap}
23368	23716	terminal+	3	3	{Augustus_model.g4458.t1;Augustus},{snap_scaffold_17-snap.76-T1;snap}

# EVM prediction: Mode:STANDARD S-ratio: 3.00 24164-24943 orient(+) score(2340.00) noncoding_equivalent(780.00) raw_noncoding(780.00) offset(0.00) 
24164	24943	single+	1	3	{Augustus_model.g4459.t1;Augustus},{GlimmerHMM_glimmerT_4823-T1;GlimmerHMM}

# EVM prediction: Mode:STANDARD S-ratio: 4.47 25122-29177 orient(-) score(19884.00) noncoding_equivalent(4452.00) raw_noncoding(4452.00) offset(0.00) 
29177	25122	single-	4	6	{HiQ_model.g4460.t1;HiQ},{GlimmerHMM_glimmerT_4824-T1;GlimmerHMM}

# EVM prediction: Mode:STANDARD S-ratio: 4.98 30250-31623 orient(-) score(6863.00) noncoding_equivalent(1379.02) raw_noncoding(1379.02) offset(0.00) 
31623	30250	single-	4	6	{GlimmerHMM_glimmerT_4825-T1;GlimmerHMM},{HiQ_model.g4461.t1;HiQ}

# EVM prediction: Mode:STANDARD S-ratio: 2.02 31973-32593 orient(+) score(1242.00) noncoding_equivalent(614.41) raw_noncoding(614.41) offset(0.00) 
31973	32593	single+	1	3	{Augustus_model.g4462.t1;Augustus},{GlimmerHMM_glimmerT_4826-T1;GlimmerHMM}

# EVM prediction: Mode:STANDARD S-ratio: 42.76 33616-34698 orient(+) score(4233.00) noncoding_equivalent(99.00) raw_noncoding(99.00) offset(0.00) 
33616	34698	single+	1	3	{GlimmerHMM_glimmerT_4827-T1;GlimmerHMM}

# EVM prediction: Mode:STANDARD S-ratio: 7.68 34986-36608 orient(-) score(4308.00) noncoding_equivalent(561.00) raw_noncoding(561.00) offset(0.00) 
36608	34986	single-	4	6	{Augustus_model.g4464.t1;Augustus},{GlimmerHMM_glimmerT_4828-T1;GlimmerHMM}

# EVM prediction: Mode:STANDARD S-ratio: 4.51 36951-38819 orient(-) score(9177.00) noncoding_equivalent(2037.00) raw_noncoding(2037.00) offset(0.00) 
38819	36951	single-	4	6	{GlimmerHMM_glimmerT_4829-T1;GlimmerHMM},{HiQ_model.g4465.t1;HiQ}

# EVM prediction: Mode:STANDARD S-ratio: 10000.00 40212-42236 orient(+) score(8100.00) noncoding_equivalent(0.81) raw_noncoding(0.00) offset(0.00) 
40212	42236	single+	1	3	{GlimmerHMM_glimmerT_4830-T1;GlimmerHMM},{Augustus_model.g4467.t1;Augustus}

# EVM prediction: Mode:STANDARD S-ratio: 10000.00 42396-43301 orient(+) score(3624.00) noncoding_equivalent(0.36) raw_noncoding(0.00) offset(0.00) 
42396	43301	single+	1	3	{GlimmerHMM_glimmerT_4831-T1;GlimmerHMM},{Augustus_model.g4468.t1;Augustus}

# EVM prediction: Mode:STANDARD S-ratio: 91.73 43564-44328 orient(+) score(3027.00) noncoding_equivalent(33.00) raw_noncoding(33.00) offset(0.00) 
43564	44328	single+	1	3	{GlimmerHMM_glimmerT_4832-T1;GlimmerHMM},{Augustus_model.g4469.t1;Augustus}

# EVM prediction: Mode:STANDARD S-ratio: 2.00 44518-45141 orient(-) score(2496.00) noncoding_equivalent(1248.00) raw_noncoding(1248.00) offset(0.00) 
45141	44518	single-	4	6	{HiQ_model.g4470.t1;HiQ},{GlimmerHMM_glimmerT_4833-T1;GlimmerHMM}

# EVM prediction: Mode:STANDARD S-ratio: 4.79 45390-47534 orient(-) score(10644.00) noncoding_equivalent(2221.00) raw_noncoding(2221.00) offset(0.00) 
47534	45390	single-	4	6	{GlimmerHMM_glimmerT_4834-T1;GlimmerHMM},{HiQ_model.g4471.t1;HiQ}

# EVM prediction: Mode:STANDARD S-ratio: 10000.00 47793-49112 orient(+) score(5274.00) noncoding_equivalent(0.53) raw_noncoding(0.00) offset(0.00) 
47793	49112	single+	1	3	{GlimmerHMM_glimmerT_4835-T1;GlimmerHMM}

# EVM prediction: Mode:STANDARD S-ratio: 5.00 49281-51152 orient(-) score(9360.00) noncoding_equivalent(1872.00) raw_noncoding(1872.00) offset(0.00) 
51152	49281	single-	4	6	{HiQ_model.g4473.t1;HiQ},{GlimmerHMM_glimmerT_4836-T1;GlimmerHMM}

# EVM prediction: Mode:STANDARD S-ratio: 23.18 52107-54684 orient(+) score(9735.00) noncoding_equivalent(420.03) raw_noncoding(543.34) offset(123.32) 
52107	52248	initial+	1	1	{Augustus_model.g4474.t1;Augustus}
52249	52327	INTRON			{Augustus_model.g4474.t1;Augustus}
52328	54684	terminal+	2	3	{Augustus_model.g4474.t1;Augustus}

# EVM prediction: Mode:STANDARD S-ratio: 13.00 57413-57895 orient(+) score(1794.00) noncoding_equivalent(138.00) raw_noncoding(138.00) offset(0.00) 
57413	57895	single+	1	3	{Augustus_model.g4475.t1;Augustus},{GlimmerHMM_glimmerT_4838-T1;GlimmerHMM}

# EVM prediction: Mode:STANDARD S-ratio: 4.30 58324-59721 orient(-) score(6804.00) noncoding_equivalent(1584.00) raw_noncoding(1584.00) offset(0.00) 
59721	58324	single-	4	6	{HiQ_model.g4476.t1;HiQ},{GlimmerHMM_glimmerT_4839-T1;GlimmerHMM}

# EVM prediction: Mode:STANDARD S-ratio: 9.42 62753-63565 orient(-) score(2940.00) noncoding_equivalent(312.00) raw_noncoding(312.00) offset(0.00) 
63565	62753	single-	4	6	{GlimmerHMM_glimmerT_4840-T1;GlimmerHMM}

# EVM prediction: Mode:STANDARD S-ratio: 36.86 63656-64528 orient(-) score(3399.00) noncoding_equivalent(92.22) raw_noncoding(92.22) offset(0.00) 
64528	63656	single-	4	6	{Augustus_model.g4478.t1;Augustus},{GlimmerHMM_glimmerT_4841-T1;GlimmerHMM}

# EVM prediction: Mode:STANDARD S-ratio: 94.85 65164-67104 orient(+) score(7683.00) noncoding_equivalent(81.00) raw_noncoding(81.00) offset(0.00) 
65164	67104	single+	1	3	{GlimmerHMM_glimmerT_4842-T1;GlimmerHMM},{Augustus_model.g4479.t1;Augustus}

# EVM prediction: Mode:STANDARD S-ratio: 4.86 69271-70947 orient(-) score(8346.00) noncoding_equivalent(1716.00) raw_noncoding(1716.00) offset(0.00) 
70947	69271	single-	4	6	{HiQ_model.g4480.t1;HiQ},{GlimmerHMM_glimmerT_4843-T1;GlimmerHMM}

# EVM prediction: Mode:STANDARD S-ratio: 5.67 72520-73158 orient(+) score(3462.00) noncoding_equivalent(610.49) raw_noncoding(610.49) offset(0.00) 
72520	73158	single+	1	3	{GlimmerHMM_glimmerT_4844-T1;GlimmerHMM}

# EVM prediction: Mode:STANDARD S-ratio: 525.55 73188-73646 orient(+) score(3199.00) noncoding_equivalent(6.09) raw_noncoding(6.09) offset(0.00) 
73188	73646	single+	1	3	{GlimmerHMM_glimmerT_4845-T1;GlimmerHMM}

# EVM prediction: Mode:STANDARD S-ratio: 1.86 73999-75027 orient(-) score(1150.00) noncoding_equivalent(619.00) raw_noncoding(707.00) offset(88.00) 
74190	73999	terminal-	4	6	{Augustus_model.g4482.t1;Augustus}
74688	74191	INTRON			{Augustus_model.g4482.t1;Augustus}
75027	74689	initial-	4	6	{Augustus_model.g4482.t1;Augustus}

# EVM prediction: Mode:STANDARD S-ratio: 2.00 75997-76377 orient(-) score(762.00) noncoding_equivalent(381.00) raw_noncoding(381.00) offset(0.00) 
76377	75997	single-	4	6	{GlimmerHMM_glimmerT_4847-T1;GlimmerHMM},{Augustus_model.g4483.t1;Augustus}

# EVM prediction: Mode:STANDARD S-ratio: 2.00 76934-78643 orient(-) score(3420.00) noncoding_equivalent(1710.00) raw_noncoding(1710.00) offset(0.00) 
78643	76934	single-	4	6	{Augustus_model.g4484.t1;Augustus},{GlimmerHMM_glimmerT_4848-T1;GlimmerHMM}

# EVM prediction: Mode:STANDARD S-ratio: 10000.00 79444-81189 orient(+) score(6984.00) noncoding_equivalent(0.70) raw_noncoding(0.00) offset(0.00) 
79444	81189	single+	1	3	{Augustus_model.g4485.t1;Augustus},{GlimmerHMM_glimmerT_4849-T1;GlimmerHMM}

# EVM prediction: Mode:STANDARD S-ratio: 13.43 81802-82517 orient(-) score(2492.00) noncoding_equivalent(185.53) raw_noncoding(320.05) offset(134.53) 
82444	81802	terminal-	6	6	{snap_scaffold_17-snap.97-T1;snap}
82512	82445	INTRON			{snap_scaffold_17-snap.97-T1;snap}
82517	82513	initial-	4	5	{snap_scaffold_17-snap.97-T1;snap}

# EVM prediction: Mode:STANDARD S-ratio: 1.72 85635-86097 orient(-) score(796.00) noncoding_equivalent(463.00) raw_noncoding(593.00) offset(130.00) 
85643	85635	terminal-	4	6	{GlimmerHMM_glimmerT_4851-T1;GlimmerHMM}
85773	85644	INTRON			{GlimmerHMM_glimmerT_4851-T1;GlimmerHMM}
86097	85774	initial-	4	6	{GlimmerHMM_glimmerT_4851-T1;GlimmerHMM}

