!! Predictions spanning range 276 - 96384 [R1]
# EVM prediction: Mode:STANDARD S-ratio: 750.04 276-4262 orient(-) score(15859.00) noncoding_equivalent(21.14) raw_noncoding(21.14) offset(0.00) 
4262	276	single-	4	6	{Augustus_model.g1839.t1;Augustus},{GlimmerHMM_glimmerT_1993-T1;GlimmerHMM}

# EVM prediction: Mode:STANDARD S-ratio: 4.99 4529-7282 orient(-) score(13766.00) noncoding_equivalent(2758.03) raw_noncoding(2758.03) offset(0.00) 
7282	4529	single-	4	6	{GlimmerHMM_glimmerT_1994-T1;GlimmerHMM},{HiQ_model.g1840.t1;HiQ}

# EVM prediction: Mode:STANDARD S-ratio: 495.00 7703-11050 orient(+) score(13365.00) noncoding_equivalent(27.00) raw_noncoding(27.00) offset(0.00) 
7703	11050	single+	1	3	{Augustus_model.g1841.t1;Augustus},{GlimmerHMM_glimmerT_1995-T1;GlimmerHMM}

# EVM prediction: Mode:STANDARD S-ratio: 55.39 11561-13294 orient(+) score(6813.00) noncoding_equivalent(123.00) raw_noncoding(123.00) offset(0.00) 
11561	13294	single+	1	3	{GlimmerHMM_glimmerT_1996-T1;GlimmerHMM},{Augustus_model.g1842.t1;Augustus}

# EVM prediction: Mode:STANDARD S-ratio: 4.50 16024-16854 orient(-) score(4080.00) noncoding_equivalent(906.00) raw_noncoding(906.00) offset(0.00) 
16854	16024	single-	4	6	{HiQ_model.g1843.t1;HiQ},{GlimmerHMM_glimmerT_1997-T1;GlimmerHMM}

# EVM prediction: Mode:STANDARD S-ratio: 4.76 18944-20392 orient(-) score(7176.00) noncoding_equivalent(1509.00) raw_noncoding(1509.00) offset(0.00) 
20392	18944	single-	4	6	{HiQ_model.g1844.t1;HiQ}

# EVM prediction: Mode:STANDARD S-ratio: 4.68 23766-24503 orient(-) score(3648.00) noncoding_equivalent(780.28) raw_noncoding(780.28) offset(0.00) 
24503	23766	single-	4	6	{GlimmerHMM_glimmerT_1999-T1;GlimmerHMM},{HiQ_model.g1845.t1;HiQ}

# EVM prediction: Mode:STANDARD S-ratio: 4.86 25292-27214 orient(-) score(9571.00) noncoding_equivalent(1967.69) raw_noncoding(1967.69) offset(0.00) 
27214	25292	single-	4	6	{GlimmerHMM_glimmerT_2000-T1;GlimmerHMM},{HiQ_model.g1846.t1;HiQ}

# EVM prediction: Mode:STANDARD S-ratio: 5.00 27562-28611 orient(-) score(5250.00) noncoding_equivalent(1050.00) raw_noncoding(1050.00) offset(0.00) 
28611	27562	single-	4	6	{HiQ_model.g1847.t1;HiQ},{GlimmerHMM_glimmerT_2001-T1;GlimmerHMM}

# EVM prediction: Mode:STANDARD S-ratio: 4.87 29005-29652 orient(-) score(3226.00) noncoding_equivalent(662.08) raw_noncoding(662.08) offset(0.00) 
29652	29005	single-	4	6	{HiQ_model.g1848.t1;HiQ},{GlimmerHMM_glimmerT_2002-T1;GlimmerHMM}

# EVM prediction: Mode:STANDARD S-ratio: 3.27 29918-30879 orient(-) score(4810.00) noncoding_equivalent(1472.00) raw_noncoding(1986.00) offset(514.00) 
30318	29918	terminal-	5	6	{snap_scaffold_5-snap.183-T1;snap},{HiQ_model.g1849.t1;HiQ},{GlimmerHMM_glimmerT_2003-T1;GlimmerHMM}
30830	30319	INTRON			{snap_scaffold_5-snap.183-T1;snap},{HiQ_model.g1849.t1;HiQ},{GlimmerHMM_glimmerT_2003-T1;GlimmerHMM},{ev_type:exonerate/ID=match.147026.2812/Target=YGL103W;exonerate}
30879	30831	initial-	4	4	{snap_scaffold_5-snap.183-T1;snap},{HiQ_model.g1849.t1;HiQ},{GlimmerHMM_glimmerT_2003-T1;GlimmerHMM}

# EVM prediction: Mode:STANDARD S-ratio: 3.08 31679-33139 orient(+) score(4383.00) noncoding_equivalent(1421.52) raw_noncoding(1421.52) offset(0.00) 
31679	33139	single+	1	3	{Augustus_model.g1850.t1;Augustus},{GlimmerHMM_glimmerT_2004-T1;GlimmerHMM}

# EVM prediction: Mode:STANDARD S-ratio: 4.95 33285-34415 orient(-) score(5646.00) noncoding_equivalent(1140.03) raw_noncoding(1140.03) offset(0.00) 
34415	33285	single-	4	6	{GlimmerHMM_glimmerT_2005-T1;GlimmerHMM},{HiQ_model.g1851.t1;HiQ}

# EVM prediction: Mode:STANDARD S-ratio: 4.64 34824-35273 orient(-) score(2222.00) noncoding_equivalent(478.81) raw_noncoding(478.81) offset(0.00) 
35273	34824	single-	4	6	{GlimmerHMM_glimmerT_2006-T1;GlimmerHMM},{HiQ_model.g1852.t1;HiQ}

# EVM prediction: Mode:STANDARD S-ratio: 208.46 35563-37500 orient(+) score(7715.00) noncoding_equivalent(37.01) raw_noncoding(37.01) offset(0.00) 
35563	37500	single+	1	3	{GlimmerHMM_glimmerT_2007-T1;GlimmerHMM}

# EVM prediction: Mode:STANDARD S-ratio: 55.40 37762-38184 orient(+) score(1662.00) noncoding_equivalent(30.00) raw_noncoding(30.00) offset(0.00) 
37762	38184	single+	1	3	{GlimmerHMM_glimmerT_2008-T1;GlimmerHMM}

# EVM prediction: Mode:STANDARD S-ratio: 191.31 38421-40295 orient(+) score(7461.00) noncoding_equivalent(39.00) raw_noncoding(39.00) offset(0.00) 
38421	40295	single+	1	3	{Augustus_model.g1855.t1;Augustus},{GlimmerHMM_glimmerT_2009-T1;GlimmerHMM}

# EVM prediction: Mode:STANDARD S-ratio: 4.91 40464-41855 orient(-) score(6940.00) noncoding_equivalent(1413.90) raw_noncoding(1413.90) offset(0.00) 
41855	40464	single-	4	6	{HiQ_model.g1856.t1;HiQ},{GlimmerHMM_glimmerT_2010-T1;GlimmerHMM}

# EVM prediction: Mode:STANDARD S-ratio: 264.22 42104-43654 orient(+) score(6181.00) noncoding_equivalent(23.39) raw_noncoding(23.39) offset(0.00) 
42104	43654	single+	1	3	{GlimmerHMM_glimmerT_2011-T1;GlimmerHMM},{Augustus_model.g1857.t1;Augustus}

# EVM prediction: Mode:STANDARD S-ratio: 4.53 43896-45902 orient(-) score(9864.00) noncoding_equivalent(2178.00) raw_noncoding(2178.00) offset(0.00) 
45902	43896	single-	4	6	{GlimmerHMM_glimmerT_2012-T1;GlimmerHMM},{HiQ_model.g1858.t1;HiQ}

# EVM prediction: Mode:STANDARD S-ratio: 4.85 46197-48374 orient(-) score(10834.00) noncoding_equivalent(2235.26) raw_noncoding(2235.26) offset(0.00) 
48374	46197	single-	4	6	{GlimmerHMM_glimmerT_2013-T1;GlimmerHMM},{HiQ_model.g1859.t1;HiQ}

# EVM prediction: Mode:STANDARD S-ratio: 4.64 48833-49801 orient(-) score(4784.00) noncoding_equivalent(1031.08) raw_noncoding(1031.08) offset(0.00) 
49801	48833	single-	4	6	{HiQ_model.g1860.t1;HiQ},{GlimmerHMM_glimmerT_2014-T1;GlimmerHMM}

# EVM prediction: Mode:STANDARD S-ratio: 1343.89 50192-52024 orient(-) score(5495.00) noncoding_equivalent(4.09) raw_noncoding(4.09) offset(0.00) 
52024	50192	single-	4	6	{GlimmerHMM_glimmerT_2015-T1;GlimmerHMM},{Augustus_model.g1861.t1;Augustus}

# EVM prediction: Mode:STANDARD S-ratio: 4.62 52524-53321 orient(-) score(3936.00) noncoding_equivalent(852.00) raw_noncoding(852.00) offset(0.00) 
53321	52524	single-	4	6	{GlimmerHMM_glimmerT_2016-T1;GlimmerHMM},{HiQ_model.g1862.t1;HiQ}

# EVM prediction: Mode:STANDARD S-ratio: 4.87 56199-57704 orient(-) score(7497.00) noncoding_equivalent(1539.00) raw_noncoding(1539.00) offset(0.00) 
57704	56199	single-	4	6	{HiQ_model.g1863.t1;HiQ},{GlimmerHMM_glimmerT_2017-T1;GlimmerHMM}

# EVM prediction: Mode:STANDARD S-ratio: 445.65 58209-60512 orient(+) score(9196.00) noncoding_equivalent(20.63) raw_noncoding(20.63) offset(0.00) 
58209	60512	single+	1	3	{GlimmerHMM_glimmerT_2018-T1;GlimmerHMM},{Augustus_model.g1864.t1;Augustus}

# EVM prediction: Mode:STANDARD S-ratio: 10000.00 60985-61365 orient(+) score(1524.00) noncoding_equivalent(0.15) raw_noncoding(0.00) offset(0.00) 
60985	61365	single+	1	3	{GlimmerHMM_glimmerT_2019-T1;GlimmerHMM},{Augustus_model.g1865.t1;Augustus}

# EVM prediction: Mode:STANDARD S-ratio: 150.50 61620-63134 orient(+) score(4515.00) noncoding_equivalent(30.00) raw_noncoding(30.00) offset(0.00) 
61620	63134	single+	1	3	{Augustus_model.g1866.t1;Augustus},{GlimmerHMM_glimmerT_2020-T1;GlimmerHMM}

# EVM prediction: Mode:STANDARD S-ratio: 4.69 63698-64462 orient(-) score(3783.00) noncoding_equivalent(807.00) raw_noncoding(807.00) offset(0.00) 
64462	63698	single-	4	6	{GlimmerHMM_glimmerT_2021-T1;GlimmerHMM},{HiQ_model.g1867.t1;HiQ}

# EVM prediction: Mode:STANDARD S-ratio: 843.24 65366-67300 orient(+) score(7731.00) noncoding_equivalent(9.17) raw_noncoding(9.17) offset(0.00) 
65366	67300	single+	1	3	{GlimmerHMM_glimmerT_2022-T1;GlimmerHMM},{Augustus_model.g1868.t1;Augustus}

# EVM prediction: Mode:STANDARD S-ratio: 4.96 67773-69575 orient(-) score(9003.00) noncoding_equivalent(1815.00) raw_noncoding(1815.00) offset(0.00) 
69575	67773	single-	4	6	{HiQ_model.g1869.t1;HiQ},{GlimmerHMM_glimmerT_2023-T1;GlimmerHMM}

# EVM prediction: Mode:STANDARD S-ratio: 1.00 69952-71094 orient(-) score(2286.00) noncoding_equivalent(2286.00) raw_noncoding(2286.00) offset(0.00) 
71094	69952	single-	4	6	{GlimmerHMM_glimmerT_2024-T1;GlimmerHMM}

# EVM prediction: Mode:STANDARD S-ratio: 19.24 71316-72800 orient(+) score(5196.00) noncoding_equivalent(270.00) raw_noncoding(603.00) offset(333.00) 
71316	71678	initial+	1	3	{snap_scaffold_5-snap.201-T1;snap},{Augustus_model.g1870.t1;Augustus}
71679	71882	INTRON			{Augustus_model.g1870.t1;Augustus}
71883	72800	terminal+	1	3	{Augustus_model.g1870.t1;Augustus}

# EVM prediction: Mode:STANDARD S-ratio: 230.26 73022-74374 orient(+) score(5389.00) noncoding_equivalent(23.40) raw_noncoding(23.40) offset(0.00) 
73022	74374	single+	1	3	{Augustus_model.g1871.t1;Augustus},{GlimmerHMM_glimmerT_2027-T1;GlimmerHMM}

# EVM prediction: Mode:STANDARD S-ratio: 5.00 74573-75952 orient(-) score(6900.00) noncoding_equivalent(1380.00) raw_noncoding(1380.00) offset(0.00) 
75952	74573	single-	4	6	{GlimmerHMM_glimmerT_2028-T1;GlimmerHMM},{HiQ_model.g1872.t1;HiQ}

# EVM prediction: Mode:STANDARD S-ratio: 186.20 76238-80449 orient(+) score(16758.00) noncoding_equivalent(90.00) raw_noncoding(90.00) offset(0.00) 
76238	80449	single+	1	3	{Augustus_model.g1873.t1;Augustus},{GlimmerHMM_glimmerT_2029-T1;GlimmerHMM}

# EVM prediction: Mode:STANDARD S-ratio: 4.93 80596-84390 orient(-) score(18933.00) noncoding_equivalent(3837.00) raw_noncoding(3837.00) offset(0.00) 
84390	80596	single-	4	6	{GlimmerHMM_glimmerT_2030-T1;GlimmerHMM},{HiQ_model.g1874.t1;HiQ}

# EVM prediction: Mode:STANDARD S-ratio: 4.93 85132-86433 orient(-) score(6494.00) noncoding_equivalent(1318.05) raw_noncoding(1318.05) offset(0.00) 
86433	85132	single-	4	6	{GlimmerHMM_glimmerT_2031-T1;GlimmerHMM},{HiQ_model.g1875.t1;HiQ}

# EVM prediction: Mode:STANDARD S-ratio: 5.57 86802-87455 orient(-) score(3882.00) noncoding_equivalent(696.72) raw_noncoding(696.72) offset(0.00) 
87455	86802	single-	4	6	{HiQ_model.g1876.t1;HiQ},{GlimmerHMM_glimmerT_2032-T1;GlimmerHMM}

# EVM prediction: Mode:STANDARD S-ratio: 19.71 88240-89202 orient(+) score(3666.00) noncoding_equivalent(186.00) raw_noncoding(186.00) offset(0.00) 
88240	89202	single+	1	3	{Augustus_model.g1877.t1;Augustus},{GlimmerHMM_glimmerT_2033-T1;GlimmerHMM}

# EVM prediction: Mode:STANDARD S-ratio: 4.86 89361-92230 orient(-) score(14115.00) noncoding_equivalent(2905.22) raw_noncoding(3304.49) offset(399.27) 
92012	89361	terminal-	4	6	{HiQ_model.g1878.t1;HiQ},{GlimmerHMM_glimmerT_2034-T1;GlimmerHMM}
92212	92013	INTRON			{HiQ_model.g1878.t1;HiQ},{GlimmerHMM_glimmerT_2034-T1;GlimmerHMM},{ev_type:exonerate/ID=match.147026.4696/Target=YGL137W;exonerate}
92230	92213	initial-	4	6	{HiQ_model.g1878.t1;HiQ},{GlimmerHMM_glimmerT_2034-T1;GlimmerHMM}

# EVM prediction: Mode:STANDARD S-ratio: 4.43 92568-93605 orient(+) score(3387.00) noncoding_equivalent(765.00) raw_noncoding(765.00) offset(0.00) 
92568	93605	single+	1	3	{Augustus_model.g1879.t1;Augustus}

# EVM prediction: Mode:STANDARD S-ratio: 4.99 93976-96384 orient(-) score(12041.00) noncoding_equivalent(2413.02) raw_noncoding(2413.02) offset(0.00) 
96384	93976	single-	4	6	{HiQ_model.g1880.t1;HiQ},{GlimmerHMM_glimmerT_2036-T1;GlimmerHMM}

