!! Predictions spanning range 1445 - 89872 [R1]
# EVM prediction: Mode:STANDARD S-ratio: 10000.00 1445-3418 orient(-) score(3948.00) noncoding_equivalent(0.39) raw_noncoding(0.00) offset(0.00) 
3418	1445	initial-	4	6	{Augustus_gene336.t1;Augustus}

# EVM prediction: Mode:STANDARD S-ratio: 10000.00 5237-6007 orient(+) score(1542.00) noncoding_equivalent(0.15) raw_noncoding(0.00) offset(0.00) 
5237	6007	single+	1	3	{Augustus_gene81.t1;Augustus}

# EVM prediction: Mode:STANDARD S-ratio: 10000.00 40186-45874 orient(+) score(11372.00) noncoding_equivalent(1.14) raw_noncoding(0.00) offset(0.00) 
40186	41041	initial+	1	1	{Augustus_gene1038.t1;Augustus}
41042	41095	INTRON			{Augustus_gene1038.t1;Augustus}
41096	42399	internal+	2	3	{Augustus_gene1038.t1;Augustus}
42400	43173	INTRON			{Augustus_gene1038.t1;Augustus}
43174	43209	internal+	1	3	{Augustus_gene1038.t1;Augustus}
43210	43652	INTRON			{Augustus_gene1038.t1;Augustus}
43653	43662	internal+	1	1	{Augustus_gene1038.t1;Augustus}
43663	44498	INTRON			{Augustus_gene1038.t1;Augustus}
44499	44564	internal+	2	1	{Augustus_gene1038.t1;Augustus}
44565	44783	INTRON			{Augustus_gene1038.t1;Augustus}
44784	45874	terminal+	2	3	{Augustus_gene1038.t1;Augustus}

# EVM prediction: Mode:STANDARD S-ratio: 10000.00 48397-49215 orient(+) score(1638.00) noncoding_equivalent(0.16) raw_noncoding(0.00) offset(0.00) 
48397	49215	single+	1	3	{Augustus_gene482.t1;Augustus}

# EVM prediction: Mode:STANDARD S-ratio: 10000.00 79242-80171 orient(-) score(1860.00) noncoding_equivalent(0.19) raw_noncoding(0.00) offset(0.00) 
80171	79242	single-	4	6	{Augustus_gene735.t1;Augustus}

# EVM prediction: Mode:STANDARD S-ratio: 10000.00 88672-89872 orient(-) score(2402.00) noncoding_equivalent(0.24) raw_noncoding(0.00) offset(0.00) 
88685	88672	terminal-	5	6	{Augustus_gene678.t1;Augustus}
88749	88686	INTRON			{Augustus_gene678.t1;Augustus}
89607	88750	internal-	5	4	{Augustus_gene678.t1;Augustus}
89841	89608	INTRON			{Augustus_gene678.t1;Augustus}
89872	89842	initial-	4	4	{Augustus_gene678.t1;Augustus}

