!! Predictions spanning range 681 - 99298 [R1]
# EVM prediction: Mode:STANDARD S-ratio: 48.18 681-2390 orient(-) score(5024.00) noncoding_equivalent(104.27) raw_noncoding(104.27) offset(0.00) 
2390	681	single-	4	6	{Augustus_model.g4110.t1;Augustus},{GlimmerHMM_glimmerT_4607-T1;GlimmerHMM}

# EVM prediction: Mode:STANDARD S-ratio: 37.57 3354-4973 orient(+) score(6312.00) noncoding_equivalent(168.00) raw_noncoding(168.00) offset(0.00) 
3354	4973	single+	1	3	{Augustus_model.g4111.t1;Augustus},{GlimmerHMM_glimmerT_4608-T1;GlimmerHMM}

# EVM prediction: Mode:STANDARD S-ratio: 4.94 5316-6971 orient(-) score(8262.00) noncoding_equivalent(1674.00) raw_noncoding(1674.00) offset(0.00) 
6971	5316	single-	4	6	{HiQ_model.g4112.t1;HiQ},{GlimmerHMM_glimmerT_4609-T1;GlimmerHMM}

# EVM prediction: Mode:STANDARD S-ratio: 4.98 7368-9548 orient(-) score(10895.00) noncoding_equivalent(2189.06) raw_noncoding(2189.06) offset(0.00) 
9548	7368	single-	4	6	{HiQ_model.g4113.t1;HiQ},{GlimmerHMM_glimmerT_4610-T1;GlimmerHMM}

# EVM prediction: Mode:STANDARD S-ratio: 82.62 9882-11720 orient(-) score(5471.00) noncoding_equivalent(66.22) raw_noncoding(66.22) offset(0.00) 
11720	9882	single-	4	6	{Augustus_model.g4114.t1;Augustus},{GlimmerHMM_glimmerT_4611-T1;GlimmerHMM}

# EVM prediction: Mode:STANDARD S-ratio: 2.41 12000-12494 orient(+) score(1399.00) noncoding_equivalent(580.60) raw_noncoding(580.60) offset(0.00) 
12000	12494	single+	1	3	{GlimmerHMM_glimmerT_4612-T1;GlimmerHMM}

# EVM prediction: Mode:STANDARD S-ratio: 286.76 12902-15715 orient(+) score(11097.00) noncoding_equivalent(38.70) raw_noncoding(38.70) offset(0.00) 
12902	15715	single+	1	3	{GlimmerHMM_glimmerT_4613-T1;GlimmerHMM}

# EVM prediction: Mode:STANDARD S-ratio: 2.00 15918-16871 orient(-) score(1908.00) noncoding_equivalent(954.00) raw_noncoding(954.00) offset(0.00) 
16871	15918	single-	4	6	{Augustus_model.g4116.t1;Augustus},{GlimmerHMM_glimmerT_4614-T1;GlimmerHMM}

# EVM prediction: Mode:STANDARD S-ratio: 349.24 17139-18734 orient(+) score(4773.00) noncoding_equivalent(13.67) raw_noncoding(13.67) offset(0.00) 
17139	18734	single+	1	3	{Augustus_model.g4117.t1;Augustus},{GlimmerHMM_glimmerT_4615-T1;GlimmerHMM}

# EVM prediction: Mode:STANDARD S-ratio: 10000.00 18859-21084 orient(-) score(6675.00) noncoding_equivalent(0.67) raw_noncoding(0.00) offset(0.00) 
21084	18859	single-	4	6	{Augustus_model.g4118.t1;Augustus},{GlimmerHMM_glimmerT_4616-T1;GlimmerHMM}

# EVM prediction: Mode:STANDARD S-ratio: 3.00 21459-22304 orient(+) score(2538.00) noncoding_equivalent(846.00) raw_noncoding(846.00) offset(0.00) 
21459	22304	single+	1	3	{Augustus_model.g4119.t1;Augustus},{GlimmerHMM_glimmerT_4617-T1;GlimmerHMM}

# EVM prediction: Mode:STANDARD S-ratio: 4.83 22456-23373 orient(-) score(4563.00) noncoding_equivalent(945.00) raw_noncoding(945.00) offset(0.00) 
23373	22456	single-	4	6	{HiQ_model.g4120.t1;HiQ},{GlimmerHMM_glimmerT_4618-T1;GlimmerHMM}

# EVM prediction: Mode:STANDARD S-ratio: 10000.00 24477-26774 orient(+) score(9192.00) noncoding_equivalent(0.92) raw_noncoding(0.00) offset(0.00) 
24477	26774	single+	1	3	{GlimmerHMM_glimmerT_4619-T1;GlimmerHMM},{Augustus_model.g4121.t1;Augustus}

# EVM prediction: Mode:STANDARD S-ratio: 259.00 27339-30458 orient(+) score(9324.00) noncoding_equivalent(36.00) raw_noncoding(36.00) offset(0.00) 
27339	30458	single+	1	3	{Augustus_model.g4122.t1;Augustus},{GlimmerHMM_glimmerT_4620-T1;GlimmerHMM}

# EVM prediction: Mode:STANDARD S-ratio: 269.19 30692-32947 orient(-) score(6741.00) noncoding_equivalent(25.04) raw_noncoding(25.04) offset(0.00) 
32947	30692	single-	4	6	{Augustus_model.g4123.t1;Augustus},{GlimmerHMM_glimmerT_4621-T1;GlimmerHMM}

# EVM prediction: Mode:STANDARD S-ratio: 180.78 34429-39489 orient(-) score(15095.00) noncoding_equivalent(83.50) raw_noncoding(83.50) offset(0.00) 
39489	34429	single-	4	6	{Augustus_model.g4124.t1;Augustus},{GlimmerHMM_glimmerT_4622-T1;GlimmerHMM}

# EVM prediction: Mode:STANDARD S-ratio: 3.00 39985-40806 orient(+) score(2466.00) noncoding_equivalent(822.00) raw_noncoding(822.00) offset(0.00) 
39985	40806	single+	1	3	{GlimmerHMM_glimmerT_4623-T1;GlimmerHMM},{Augustus_model.g4125.t1;Augustus}

# EVM prediction: Mode:STANDARD S-ratio: 4.86 41031-41645 orient(+) score(3060.00) noncoding_equivalent(630.00) raw_noncoding(630.00) offset(0.00) 
41031	41645	single+	1	3	{GlimmerHMM_glimmerT_4624-T1;GlimmerHMM},{HiQ_model.g4126.t1;HiQ}

# EVM prediction: Mode:STANDARD S-ratio: 10000.00 41787-43724 orient(-) score(5814.00) noncoding_equivalent(0.58) raw_noncoding(0.00) offset(0.00) 
43724	41787	single-	4	6	{GlimmerHMM_glimmerT_4625-T1;GlimmerHMM},{Augustus_model.g4127.t1;Augustus}

# EVM prediction: Mode:STANDARD S-ratio: 4.97 44008-44919 orient(-) score(4533.00) noncoding_equivalent(912.00) raw_noncoding(912.00) offset(0.00) 
44919	44008	single-	4	6	{HiQ_model.g4128.t1;HiQ},{GlimmerHMM_glimmerT_4626-T1;GlimmerHMM}

# EVM prediction: Mode:STANDARD S-ratio: 2.01 45114-46274 orient(-) score(4653.00) noncoding_equivalent(2314.17) raw_noncoding(2314.17) offset(0.00) 
46274	45114	single-	4	6	{HiQ_model.g4129.t1;HiQ},{GlimmerHMM_glimmerT_4627-T1;GlimmerHMM}

# EVM prediction: Mode:STANDARD S-ratio: 84.94 47376-49181 orient(+) score(7140.00) noncoding_equivalent(84.05) raw_noncoding(84.05) offset(0.00) 
47376	49181	single+	1	3	{Augustus_model.g4130.t1;Augustus}

# EVM prediction: Mode:STANDARD S-ratio: 216.77 51637-52728 orient(+) score(4342.00) noncoding_equivalent(20.03) raw_noncoding(20.03) offset(0.00) 
51637	52728	single+	1	3	{Augustus_model.g4131.t1;Augustus},{GlimmerHMM_glimmerT_4630-T1;GlimmerHMM}

# EVM prediction: Mode:STANDARD S-ratio: 5.00 53019-53834 orient(-) score(4080.00) noncoding_equivalent(816.00) raw_noncoding(816.00) offset(0.00) 
53834	53019	single-	4	6	{GlimmerHMM_glimmerT_4631-T1;GlimmerHMM},{HiQ_model.g4132.t1;HiQ}

# EVM prediction: Mode:STANDARD S-ratio: 23.36 54234-55451 orient(+) score(3504.00) noncoding_equivalent(150.00) raw_noncoding(150.00) offset(0.00) 
54234	55451	single+	1	3	{Augustus_model.g4133.t1;Augustus}

# EVM prediction: Mode:STANDARD S-ratio: 5.00 56360-57211 orient(-) score(4260.00) noncoding_equivalent(852.00) raw_noncoding(852.00) offset(0.00) 
57211	56360	single-	4	6	{GlimmerHMM_glimmerT_4634-T1;GlimmerHMM},{HiQ_model.g4134.t1;HiQ}

# EVM prediction: Mode:STANDARD S-ratio: 10.09 57430-59291 orient(-) score(6651.00) noncoding_equivalent(659.00) raw_noncoding(768.00) offset(109.00) 
58786	57430	terminal-	6	6	{GlimmerHMM_glimmerT_4635-T1;GlimmerHMM},{Augustus_model.g4135.t1;Augustus}
58893	58787	INTRON			{GlimmerHMM_glimmerT_4635-T1;GlimmerHMM},{Augustus_model.g4135.t1;Augustus}
59291	58894	initial-	4	5	{GlimmerHMM_glimmerT_4635-T1;GlimmerHMM},{Augustus_model.g4135.t1;Augustus}

# EVM prediction: Mode:STANDARD S-ratio: 7984.39 59884-62553 orient(+) score(8009.00) noncoding_equivalent(1.00) raw_noncoding(1.00) offset(0.00) 
59884	62553	single+	1	3	{GlimmerHMM_glimmerT_4637-T1;GlimmerHMM}

# EVM prediction: Mode:STANDARD S-ratio: 2.82 63037-64293 orient(+) score(3709.00) noncoding_equivalent(1317.51) raw_noncoding(1317.51) offset(0.00) 
63037	64293	single+	1	3	{GlimmerHMM_glimmerT_4638-T1;GlimmerHMM}

# EVM prediction: Mode:STANDARD S-ratio: 5.00 64687-65601 orient(-) score(4575.00) noncoding_equivalent(915.00) raw_noncoding(915.00) offset(0.00) 
65601	64687	single-	4	6	{GlimmerHMM_glimmerT_4639-T1;GlimmerHMM},{HiQ_model.g4137.t1;HiQ}

# EVM prediction: Mode:STANDARD S-ratio: 15.77 66197-67420 orient(-) score(3453.00) noncoding_equivalent(219.00) raw_noncoding(219.00) offset(0.00) 
67420	66197	single-	4	6	{Augustus_model.g4138.t1;Augustus},{GlimmerHMM_glimmerT_4640-T1;GlimmerHMM}

# EVM prediction: Mode:STANDARD S-ratio: 264.70 67788-80069 orient(-) score(36706.00) noncoding_equivalent(138.67) raw_noncoding(138.67) offset(0.00) 
80069	67788	single-	4	6	{Augustus_model.g4139.t1;Augustus},{GlimmerHMM_glimmerT_4641-T1;GlimmerHMM}

# EVM prediction: Mode:STANDARD S-ratio: 3.01 80347-81219 orient(+) score(2619.00) noncoding_equivalent(871.00) raw_noncoding(871.00) offset(0.00) 
80347	81219	single+	1	3	{GlimmerHMM_glimmerT_4642-T1;GlimmerHMM},{Augustus_model.g4140.t1;Augustus}

# EVM prediction: Mode:STANDARD S-ratio: 157.28 81749-83464 orient(+) score(5114.00) noncoding_equivalent(32.52) raw_noncoding(32.52) offset(0.00) 
81749	83464	single+	1	3	{GlimmerHMM_glimmerT_4643-T1;GlimmerHMM},{Augustus_model.g4141.t1;Augustus}

# EVM prediction: Mode:STANDARD S-ratio: 3.79 83781-84384 orient(+) score(2656.00) noncoding_equivalent(700.00) raw_noncoding(1029.00) offset(329.00) 
83781	83804	initial+	1	3	{Augustus_model.g4142.t1;Augustus},{GlimmerHMM_glimmerT_4644-T1;GlimmerHMM}
83805	84144	INTRON			{Augustus_model.g4142.t1;Augustus},{GlimmerHMM_glimmerT_4644-T1;GlimmerHMM},{ev_type:exonerate/ID=match.111469.2471/Target=YJL136C;exonerate},{ev_type:exonerate/ID=match.111469.3360/Target=YKR057W;exonerate}
84145	84384	terminal+	1	3	{Augustus_model.g4142.t1;Augustus},{GlimmerHMM_glimmerT_4644-T1;GlimmerHMM},{snap_scaffold_11-snap.215-T1;snap}

# EVM prediction: Mode:STANDARD S-ratio: 354.26 84934-86613 orient(+) score(5024.00) noncoding_equivalent(14.18) raw_noncoding(14.18) offset(0.00) 
84934	86613	single+	1	3	{Augustus_model.g4143.t1;Augustus},{GlimmerHMM_glimmerT_4645-T1;GlimmerHMM}

# EVM prediction: Mode:STANDARD S-ratio: 10000.00 86984-88174 orient(+) score(5955.00) noncoding_equivalent(0.60) raw_noncoding(0.00) offset(0.00) 
86984	88174	single+	1	3	{Augustus_model.g4144.t1;Augustus},{GlimmerHMM_glimmerT_4646-T1;GlimmerHMM}

# EVM prediction: Mode:STANDARD S-ratio: 10000.00 88585-89409 orient(+) score(3300.00) noncoding_equivalent(0.33) raw_noncoding(0.00) offset(0.00) 
88585	89409	single+	1	3	{GlimmerHMM_glimmerT_4647-T1;GlimmerHMM},{Augustus_model.g4145.t1;Augustus}

# EVM prediction: Mode:STANDARD S-ratio: 17.34 89939-91018 orient(+) score(4083.00) noncoding_equivalent(235.53) raw_noncoding(235.53) offset(0.00) 
89939	91018	single+	1	3	{GlimmerHMM_glimmerT_4648-T1;GlimmerHMM}

# EVM prediction: Mode:STANDARD S-ratio: 110.20 91727-92728 orient(+) score(3970.00) noncoding_equivalent(36.03) raw_noncoding(36.03) offset(0.00) 
91727	92728	single+	1	3	{GlimmerHMM_glimmerT_4649-T1;GlimmerHMM}

# EVM prediction: Mode:STANDARD S-ratio: 2.00 92923-94428 orient(-) score(3012.00) noncoding_equivalent(1506.00) raw_noncoding(1506.00) offset(0.00) 
94428	92923	single-	4	6	{Augustus_model.g4147.t1;Augustus},{GlimmerHMM_glimmerT_4650-T1;GlimmerHMM}

# EVM prediction: Mode:STANDARD S-ratio: 46.02 94879-97283 orient(+) score(6995.00) noncoding_equivalent(152.00) raw_noncoding(220.00) offset(68.00) 
94879	94883	initial+	1	2	{snap_scaffold_11-snap.221-T1;snap}
94884	94951	INTRON			{snap_scaffold_11-snap.221-T1;snap}
94952	97283	terminal+	3	3	{snap_scaffold_11-snap.221-T1;snap}

# EVM prediction: Mode:STANDARD S-ratio: 4.90 97405-97992 orient(-) score(2929.00) noncoding_equivalent(597.31) raw_noncoding(597.31) offset(0.00) 
97992	97405	single-	4	6	{HiQ_model.g4149.t1;HiQ},{GlimmerHMM_glimmerT_4652-T1;GlimmerHMM}

# EVM prediction: Mode:STANDARD S-ratio: 5.00 98213-99298 orient(-) score(5425.00) noncoding_equivalent(1085.00) raw_noncoding(1085.00) offset(0.00) 
99298	98213	single-	4	6	{GlimmerHMM_glimmerT_4653-T1;GlimmerHMM},{HiQ_model.g4150.t1;HiQ}

