!! Predictions spanning range 716 - 96023 [R1]
# EVM prediction: Mode:STANDARD S-ratio: 1.03 716-1102 orient(+) score(774.00) noncoding_equivalent(753.20) raw_noncoding(753.20) offset(0.00) 
716	1102	single+	1	3	{GlimmerHMM_glimmerT_666-T1;GlimmerHMM}

# EVM prediction: Mode:STANDARD S-ratio: 4.91 1149-2132 orient(-) score(4906.00) noncoding_equivalent(998.19) raw_noncoding(998.19) offset(0.00) 
2132	1149	single-	4	6	{GlimmerHMM_glimmerT_667-T1;GlimmerHMM},{HiQ_model.g618.t1;HiQ}

# EVM prediction: Mode:STANDARD S-ratio: 1574.57 2372-4405 orient(+) score(8131.00) noncoding_equivalent(5.16) raw_noncoding(5.16) offset(0.00) 
2372	4405	single+	1	3	{Augustus_model.g619.t1;Augustus},{GlimmerHMM_glimmerT_668-T1;GlimmerHMM}

# EVM prediction: Mode:STANDARD S-ratio: 4.87 4671-5996 orient(-) score(6600.00) noncoding_equivalent(1356.42) raw_noncoding(1356.42) offset(0.00) 
5996	4671	single-	4	6	{GlimmerHMM_glimmerT_669-T1;GlimmerHMM},{HiQ_model.g620.t1;HiQ}

# EVM prediction: Mode:STANDARD S-ratio: 2.75 6743-7414 orient(+) score(1972.00) noncoding_equivalent(716.39) raw_noncoding(716.39) offset(0.00) 
6743	7414	single+	1	3	{GlimmerHMM_glimmerT_670-T1;GlimmerHMM}

# EVM prediction: Mode:STANDARD S-ratio: 28.04 7521-9077 orient(+) score(6013.00) noncoding_equivalent(214.44) raw_noncoding(214.44) offset(0.00) 
7521	9077	single+	1	3	{GlimmerHMM_glimmerT_671-T1;GlimmerHMM}

# EVM prediction: Mode:STANDARD S-ratio: 30.87 9328-10833 orient(+) score(5832.00) noncoding_equivalent(188.92) raw_noncoding(188.92) offset(0.00) 
9328	10833	single+	1	3	{GlimmerHMM_glimmerT_672-T1;GlimmerHMM}

# EVM prediction: Mode:STANDARD S-ratio: 114.34 11158-13854 orient(+) score(10691.00) noncoding_equivalent(93.51) raw_noncoding(93.51) offset(0.00) 
11158	13854	single+	1	3	{GlimmerHMM_glimmerT_673-T1;GlimmerHMM}

# EVM prediction: Mode:STANDARD S-ratio: 4.94 13939-15189 orient(-) score(6244.00) noncoding_equivalent(1262.88) raw_noncoding(1262.88) offset(0.00) 
15189	13939	single-	4	6	{HiQ_model.g622.t1;HiQ},{GlimmerHMM_glimmerT_674-T1;GlimmerHMM}

# EVM prediction: Mode:STANDARD S-ratio: 17.57 15920-17200 orient(+) score(4848.00) noncoding_equivalent(276.00) raw_noncoding(276.00) offset(0.00) 
15920	17200	single+	1	3	{GlimmerHMM_glimmerT_675-T1;GlimmerHMM},{Augustus_model.g623.t1;Augustus}

# EVM prediction: Mode:STANDARD S-ratio: 1.83 17410-18183 orient(+) score(2001.00) noncoding_equivalent(1095.00) raw_noncoding(1095.00) offset(0.00) 
17410	18183	single+	1	3	{GlimmerHMM_glimmerT_676-T1;GlimmerHMM}

# EVM prediction: Mode:STANDARD S-ratio: 2.96 18771-20237 orient(+) score(4387.00) noncoding_equivalent(1482.12) raw_noncoding(1482.12) offset(0.00) 
18771	20237	single+	1	3	{GlimmerHMM_glimmerT_677-T1;GlimmerHMM}

# EVM prediction: Mode:STANDARD S-ratio: 2.00 20373-20876 orient(-) score(2016.00) noncoding_equivalent(1009.16) raw_noncoding(1009.16) offset(0.00) 
20876	20373	single-	4	6	{HiQ_model.g624.t1;HiQ},{GlimmerHMM_glimmerT_678-T1;GlimmerHMM}

# EVM prediction: Mode:STANDARD S-ratio: 365.82 21179-21730 orient(+) score(2200.00) noncoding_equivalent(6.01) raw_noncoding(6.01) offset(0.00) 
21179	21730	single+	1	3	{Augustus_model.g625.t1;Augustus},{GlimmerHMM_glimmerT_679-T1;GlimmerHMM}

# EVM prediction: Mode:STANDARD S-ratio: 5.00 21878-22483 orient(-) score(3030.00) noncoding_equivalent(606.00) raw_noncoding(606.00) offset(0.00) 
22483	21878	single-	4	6	{HiQ_model.g626.t1;HiQ},{GlimmerHMM_glimmerT_680-T1;GlimmerHMM}

# EVM prediction: Mode:STANDARD S-ratio: 4.99 22646-23083 orient(-) score(2189.00) noncoding_equivalent(439.04) raw_noncoding(439.04) offset(0.00) 
23083	22646	single-	4	6	{HiQ_model.g627.t1;HiQ},{GlimmerHMM_glimmerT_681-T1;GlimmerHMM}

# EVM prediction: Mode:STANDARD S-ratio: 51.69 23592-25646 orient(+) score(8064.00) noncoding_equivalent(156.00) raw_noncoding(156.00) offset(0.00) 
23592	25646	single+	1	3	{Augustus_model.g628.t1;Augustus},{GlimmerHMM_glimmerT_682-T1;GlimmerHMM}

# EVM prediction: Mode:STANDARD S-ratio: 4.97 25807-29640 orient(-) score(19149.00) noncoding_equivalent(3855.00) raw_noncoding(3855.00) offset(0.00) 
29640	25807	single-	4	6	{HiQ_model.g629.t1;HiQ},{GlimmerHMM_glimmerT_683-T1;GlimmerHMM}

# EVM prediction: Mode:STANDARD S-ratio: 4.16 31362-32027 orient(-) score(3223.00) noncoding_equivalent(773.92) raw_noncoding(773.92) offset(0.00) 
32027	31362	single-	4	6	{HiQ_model.g630.t1;HiQ},{GlimmerHMM_glimmerT_684-T1;GlimmerHMM}

# EVM prediction: Mode:STANDARD S-ratio: 4.76 32381-34606 orient(-) score(11037.00) noncoding_equivalent(2319.00) raw_noncoding(2319.00) offset(0.00) 
34606	32381	single-	4	6	{HiQ_model.g631.t1;HiQ},{GlimmerHMM_glimmerT_685-T1;GlimmerHMM}

# EVM prediction: Mode:STANDARD S-ratio: 12.34 34867-35937 orient(+) score(3951.00) noncoding_equivalent(320.14) raw_noncoding(480.00) offset(159.86) 
34867	34875	initial+	1	3	{GlimmerHMM_glimmerT_686-T1;GlimmerHMM},{snap_scaffold_2-snap.159-T1;snap},{Augustus_model.g632.t1;Augustus}
34876	35031	INTRON			{snap_scaffold_2-snap.159-T1;snap},{Augustus_model.g632.t1;Augustus}
35032	35937	terminal+	1	3	{snap_scaffold_2-snap.159-T1;snap},{Augustus_model.g632.t1;Augustus}

# EVM prediction: Mode:STANDARD S-ratio: 4.87 36591-39506 orient(-) score(14514.00) noncoding_equivalent(2982.00) raw_noncoding(2982.00) offset(0.00) 
39506	36591	single-	4	6	{GlimmerHMM_glimmerT_687-T1;GlimmerHMM},{HiQ_model.g633.t1;HiQ}

# EVM prediction: Mode:STANDARD S-ratio: 5.00 39958-40974 orient(-) score(5085.00) noncoding_equivalent(1017.00) raw_noncoding(1017.00) offset(0.00) 
40974	39958	single-	4	6	{HiQ_model.g634.t1;HiQ}

# EVM prediction: Mode:STANDARD S-ratio: 411.71 44656-45783 orient(+) score(3376.00) noncoding_equivalent(8.20) raw_noncoding(8.20) offset(0.00) 
44656	45783	single+	1	3	{Augustus_model.g635.t1;Augustus},{GlimmerHMM_glimmerT_689-T1;GlimmerHMM}

# EVM prediction: Mode:STANDARD S-ratio: 50.50 46496-47284 orient(+) score(3095.00) noncoding_equivalent(61.29) raw_noncoding(61.29) offset(0.00) 
46496	47284	single+	1	3	{GlimmerHMM_glimmerT_690-T1;GlimmerHMM}

# EVM prediction: Mode:STANDARD S-ratio: 29.16 47359-48657 orient(+) score(5023.00) noncoding_equivalent(172.24) raw_noncoding(172.24) offset(0.00) 
47359	48657	single+	1	3	{GlimmerHMM_glimmerT_691-T1;GlimmerHMM}

# EVM prediction: Mode:STANDARD S-ratio: 159.08 49076-51958 orient(+) score(11458.00) noncoding_equivalent(72.03) raw_noncoding(72.03) offset(0.00) 
49076	51958	single+	1	3	{GlimmerHMM_glimmerT_692-T1;GlimmerHMM}

# EVM prediction: Mode:STANDARD S-ratio: 3.03 52566-53249 orient(+) score(2052.00) noncoding_equivalent(678.00) raw_noncoding(678.00) offset(0.00) 
52566	53249	single+	1	3	{Augustus_model.g637.t1;Augustus}

# EVM prediction: Mode:STANDARD S-ratio: 4.87 53282-54970 orient(-) score(8409.00) noncoding_equivalent(1726.50) raw_noncoding(1726.50) offset(0.00) 
54970	53282	single-	4	6	{GlimmerHMM_glimmerT_694-T1;GlimmerHMM},{HiQ_model.g638.t1;HiQ}

# EVM prediction: Mode:STANDARD S-ratio: 4.67 55477-57957 orient(-) score(12261.00) noncoding_equivalent(2625.00) raw_noncoding(2625.00) offset(0.00) 
57957	55477	single-	4	6	{HiQ_model.g639.t1;HiQ},{GlimmerHMM_glimmerT_695-T1;GlimmerHMM}

# EVM prediction: Mode:STANDARD S-ratio: 330.51 59116-59799 orient(+) score(2728.00) noncoding_equivalent(8.25) raw_noncoding(8.25) offset(0.00) 
59116	59799	single+	1	3	{Augustus_model.g640.t1;Augustus},{GlimmerHMM_glimmerT_696-T1;GlimmerHMM}

# EVM prediction: Mode:STANDARD S-ratio: 5.00 59929-61236 orient(-) score(6540.00) noncoding_equivalent(1308.00) raw_noncoding(1308.00) offset(0.00) 
61236	59929	single-	4	6	{HiQ_model.g641.t1;HiQ},{GlimmerHMM_glimmerT_697-T1;GlimmerHMM}

# EVM prediction: Mode:STANDARD S-ratio: 4.99 61503-63350 orient(-) score(9236.00) noncoding_equivalent(1852.03) raw_noncoding(1852.03) offset(0.00) 
63350	61503	single-	4	6	{HiQ_model.g642.t1;HiQ},{GlimmerHMM_glimmerT_698-T1;GlimmerHMM}

# EVM prediction: Mode:STANDARD S-ratio: 234.88 63886-65427 orient(+) score(6142.00) noncoding_equivalent(26.15) raw_noncoding(26.15) offset(0.00) 
63886	65427	single+	1	3	{GlimmerHMM_glimmerT_699-T1;GlimmerHMM},{Augustus_model.g643.t1;Augustus}

# EVM prediction: Mode:STANDARD S-ratio: 106.80 65696-67132 orient(+) score(5693.00) noncoding_equivalent(53.31) raw_noncoding(53.31) offset(0.00) 
65696	67132	single+	1	3	{Augustus_model.g644.t1;Augustus},{GlimmerHMM_glimmerT_700-T1;GlimmerHMM}

# EVM prediction: Mode:STANDARD S-ratio: 1.95 67156-67830 orient(-) score(2679.00) noncoding_equivalent(1371.00) raw_noncoding(1371.00) offset(0.00) 
67830	67156	single-	4	6	{HiQ_model.g645.t1;HiQ}

# EVM prediction: Mode:STANDARD S-ratio: 129.25 68279-69172 orient(+) score(3549.00) noncoding_equivalent(27.46) raw_noncoding(27.46) offset(0.00) 
68279	69172	single+	1	3	{Augustus_model.g646.t1;Augustus},{GlimmerHMM_glimmerT_702-T1;GlimmerHMM}

# EVM prediction: Mode:STANDARD S-ratio: 2.00 69295-70398 orient(-) score(4416.00) noncoding_equivalent(2204.00) raw_noncoding(2204.00) offset(0.00) 
70398	69295	single-	4	6	{HiQ_model.g647.t1;HiQ},{GlimmerHMM_glimmerT_703-T1;GlimmerHMM}

# EVM prediction: Mode:STANDARD S-ratio: 4.75 70642-72480 orient(-) score(9114.00) noncoding_equivalent(1918.17) raw_noncoding(1918.17) offset(0.00) 
72480	70642	single-	4	6	{HiQ_model.g648.t1;HiQ},{GlimmerHMM_glimmerT_704-T1;GlimmerHMM}

# EVM prediction: Mode:STANDARD S-ratio: 4.92 73813-74706 orient(-) score(4458.00) noncoding_equivalent(906.00) raw_noncoding(906.00) offset(0.00) 
74706	73813	single-	4	6	{GlimmerHMM_glimmerT_705-T1;GlimmerHMM},{HiQ_model.g649.t1;HiQ}

# EVM prediction: Mode:STANDARD S-ratio: 20.60 76180-78042 orient(+) score(7107.00) noncoding_equivalent(345.00) raw_noncoding(345.00) offset(0.00) 
76180	78042	single+	1	3	{GlimmerHMM_glimmerT_706-T1;GlimmerHMM}

# EVM prediction: Mode:STANDARD S-ratio: 3.38 78325-79350 orient(-) score(4748.00) noncoding_equivalent(1406.59) raw_noncoding(1406.59) offset(0.00) 
79350	78325	single-	4	6	{HiQ_model.g651.t1;HiQ}

# EVM prediction: Mode:STANDARD S-ratio: 4.90 79728-82232 orient(-) score(12478.00) noncoding_equivalent(2548.09) raw_noncoding(2548.09) offset(0.00) 
82232	79728	single-	4	6	{HiQ_model.g652.t1;HiQ}

# EVM prediction: Mode:STANDARD S-ratio: 10000.00 83292-85325 orient(-) score(6102.00) noncoding_equivalent(0.61) raw_noncoding(0.00) offset(0.00) 
85325	83292	single-	4	6	{Augustus_model.g653.t1;Augustus},{GlimmerHMM_glimmerT_708-T1;GlimmerHMM}

# EVM prediction: Mode:STANDARD S-ratio: 5.95 85773-87482 orient(-) score(10248.00) noncoding_equivalent(1722.21) raw_noncoding(1722.21) offset(0.00) 
87482	85773	single-	4	6	{GlimmerHMM_glimmerT_709-T1;GlimmerHMM},{HiQ_model.g654.t1;HiQ}

# EVM prediction: Mode:STANDARD S-ratio: 4.90 88178-90067 orient(-) score(9418.00) noncoding_equivalent(1922.67) raw_noncoding(1922.67) offset(0.00) 
90067	88178	single-	4	6	{GlimmerHMM_glimmerT_710-T1;GlimmerHMM},{HiQ_model.g655.t1;HiQ}

# EVM prediction: Mode:STANDARD S-ratio: 1.47 90800-91063 orient(+) score(472.00) noncoding_equivalent(320.29) raw_noncoding(320.29) offset(0.00) 
90800	91063	single+	1	3	{GlimmerHMM_glimmerT_711-T1;GlimmerHMM}

# EVM prediction: Mode:STANDARD S-ratio: 113.45 92891-93238 orient(+) score(1380.00) noncoding_equivalent(12.16) raw_noncoding(12.16) offset(0.00) 
92891	93238	single+	1	3	{GlimmerHMM_glimmerT_712-T1;GlimmerHMM},{Augustus_model.g656.t1;Augustus}

# EVM prediction: Mode:STANDARD S-ratio: 351.91 94038-96023 orient(+) score(7922.00) noncoding_equivalent(22.51) raw_noncoding(22.51) offset(0.00) 
94038	96023	single+	1	3	{GlimmerHMM_glimmerT_713-T1;GlimmerHMM}

