!! Predictions spanning range 585 - 98835 [R1]
# EVM prediction: Mode:STANDARD S-ratio: 11.69 585-3578 orient(-) score(8274.00) noncoding_equivalent(708.00) raw_noncoding(708.00) offset(0.00) 
3578	585	single-	4	6	{GlimmerHMM_glimmerT_1755-T1;GlimmerHMM}

# EVM prediction: Mode:STANDARD S-ratio: 66.58 3993-4808 orient(-) score(2412.00) noncoding_equivalent(36.23) raw_noncoding(36.23) offset(0.00) 
4808	3993	single-	4	6	{GlimmerHMM_glimmerT_1756-T1;GlimmerHMM}

# EVM prediction: Mode:STANDARD S-ratio: 16.72 6120-9113 orient(-) score(10837.00) noncoding_equivalent(648.00) raw_noncoding(648.00) offset(0.00) 
9113	6120	single-	4	6	{GlimmerHMM_glimmerT_1757-T1;GlimmerHMM}

# EVM prediction: Mode:STANDARD S-ratio: 129.37 9528-10343 orient(-) score(4687.00) noncoding_equivalent(36.23) raw_noncoding(36.23) offset(0.00) 
10343	9528	single-	4	6	{GlimmerHMM_glimmerT_1758-T1;GlimmerHMM}

# EVM prediction: Mode:STANDARD S-ratio: 10000.00 13083-13445 orient(-) score(1089.00) noncoding_equivalent(0.11) raw_noncoding(0.00) offset(0.00) 
13445	13083	single-	4	6	{GlimmerHMM_glimmerT_1759-T1;GlimmerHMM},{Augustus_model.g1618.t1;Augustus}

# EVM prediction: Mode:STANDARD S-ratio: 4.80 14648-16072 orient(-) score(7077.00) noncoding_equivalent(1473.00) raw_noncoding(1473.00) offset(0.00) 
16072	14648	single-	4	6	{HiQ_model.g1619.t1;HiQ}

# EVM prediction: Mode:STANDARD S-ratio: 5.00 16639-17613 orient(-) score(4875.00) noncoding_equivalent(975.00) raw_noncoding(975.00) offset(0.00) 
17613	16639	single-	4	6	{HiQ_model.g1620.t1;HiQ},{GlimmerHMM_glimmerT_1761-T1;GlimmerHMM}

# EVM prediction: Mode:STANDARD S-ratio: 53.22 17956-19707 orient(+) score(6878.00) noncoding_equivalent(129.24) raw_noncoding(129.24) offset(0.00) 
17956	19707	single+	1	3	{Augustus_model.g1621.t1;Augustus},{GlimmerHMM_glimmerT_1762-T1;GlimmerHMM}

# EVM prediction: Mode:STANDARD S-ratio: 4.76 21138-21839 orient(-) score(3474.00) noncoding_equivalent(730.00) raw_noncoding(730.00) offset(0.00) 
21839	21138	single-	4	6	{HiQ_model.g1622.t1;HiQ},{GlimmerHMM_glimmerT_1763-T1;GlimmerHMM}

# EVM prediction: Mode:STANDARD S-ratio: 10000.00 23692-25296 orient(+) score(6420.00) noncoding_equivalent(0.64) raw_noncoding(0.00) offset(0.00) 
23692	25296	single+	1	3	{GlimmerHMM_glimmerT_1764-T1;GlimmerHMM},{Augustus_model.g1623.t1;Augustus}

# EVM prediction: Mode:STANDARD S-ratio: 4.95 25756-26994 orient(-) score(6182.00) noncoding_equivalent(1250.05) raw_noncoding(1250.05) offset(0.00) 
26994	25756	single-	4	6	{GlimmerHMM_glimmerT_1765-T1;GlimmerHMM},{HiQ_model.g1624.t1;HiQ}

# EVM prediction: Mode:STANDARD S-ratio: 4.31 27409-28305 orient(-) score(4368.00) noncoding_equivalent(1014.00) raw_noncoding(1014.00) offset(0.00) 
28305	27409	single-	4	6	{HiQ_model.g1625.t1;HiQ},{GlimmerHMM_glimmerT_1766-T1;GlimmerHMM}

# EVM prediction: Mode:STANDARD S-ratio: 10000.00 30109-31704 orient(+) score(4788.00) noncoding_equivalent(0.48) raw_noncoding(0.00) offset(0.00) 
30109	31704	single+	1	3	{GlimmerHMM_glimmerT_1767-T1;GlimmerHMM},{Augustus_model.g1626.t1;Augustus}

# EVM prediction: Mode:STANDARD S-ratio: 59.21 32894-35203 orient(-) score(9087.00) noncoding_equivalent(153.48) raw_noncoding(153.48) offset(0.00) 
35203	32894	single-	4	6	{GlimmerHMM_glimmerT_1768-T1;GlimmerHMM}

# EVM prediction: Mode:STANDARD S-ratio: 10000.00 35502-35906 orient(-) score(1620.00) noncoding_equivalent(0.16) raw_noncoding(0.00) offset(0.00) 
35906	35502	single-	4	6	{GlimmerHMM_glimmerT_1769-T1;GlimmerHMM}

# EVM prediction: Mode:STANDARD S-ratio: 2.70 35911-36360 orient(-) score(1350.00) noncoding_equivalent(499.60) raw_noncoding(499.60) offset(0.00) 
36360	35911	single-	4	6	{GlimmerHMM_glimmerT_1770-T1;GlimmerHMM}

# EVM prediction: Mode:STANDARD S-ratio: 1599.94 37332-39470 orient(-) score(6413.00) noncoding_equivalent(4.01) raw_noncoding(4.01) offset(0.00) 
39470	37332	single-	4	6	{GlimmerHMM_glimmerT_1771-T1;GlimmerHMM}

# EVM prediction: Mode:STANDARD S-ratio: 4.63 39803-40273 orient(-) score(2281.00) noncoding_equivalent(492.13) raw_noncoding(492.13) offset(0.00) 
40273	39803	single-	4	6	{GlimmerHMM_glimmerT_1772-T1;GlimmerHMM},{HiQ_model.g1629.t1;HiQ}

# EVM prediction: Mode:STANDARD S-ratio: 3.00 40665-41204 orient(+) score(1620.00) noncoding_equivalent(540.00) raw_noncoding(540.00) offset(0.00) 
40665	41204	single+	1	3	{Augustus_model.g1630.t1;Augustus},{GlimmerHMM_glimmerT_1773-T1;GlimmerHMM}

# EVM prediction: Mode:STANDARD S-ratio: 46.94 41279-46264 orient(-) score(14646.00) noncoding_equivalent(312.00) raw_noncoding(312.00) offset(0.00) 
46264	41279	single-	4	6	{GlimmerHMM_glimmerT_1774-T1;GlimmerHMM},{Augustus_model.g1631.t1;Augustus}

# EVM prediction: Mode:STANDARD S-ratio: 4.38 46713-47462 orient(-) score(3662.00) noncoding_equivalent(836.51) raw_noncoding(836.51) offset(0.00) 
47462	46713	single-	4	6	{GlimmerHMM_glimmerT_1775-T1;GlimmerHMM},{HiQ_model.g1632.t1;HiQ}

# EVM prediction: Mode:STANDARD S-ratio: 6.00 47858-48628 orient(-) score(4626.00) noncoding_equivalent(771.00) raw_noncoding(771.00) offset(0.00) 
48628	47858	single-	4	6	{GlimmerHMM_glimmerT_1776-T1;GlimmerHMM},{HiQ_model.g1633.t1;HiQ}

# EVM prediction: Mode:STANDARD S-ratio: 535.00 49937-51946 orient(+) score(8025.00) noncoding_equivalent(15.00) raw_noncoding(15.00) offset(0.00) 
49937	51946	single+	1	3	{Augustus_model.g1634.t1;Augustus},{GlimmerHMM_glimmerT_1777-T1;GlimmerHMM}

# EVM prediction: Mode:STANDARD S-ratio: 3.21 52086-52589 orient(-) score(2306.00) noncoding_equivalent(717.42) raw_noncoding(717.42) offset(0.00) 
52589	52086	single-	4	6	{HiQ_model.g1635.t1;HiQ},{GlimmerHMM_glimmerT_1778-T1;GlimmerHMM}

# EVM prediction: Mode:STANDARD S-ratio: 4.67 53130-53930 orient(-) score(3957.00) noncoding_equivalent(847.29) raw_noncoding(847.29) offset(0.00) 
53930	53130	single-	4	6	{GlimmerHMM_glimmerT_1779-T1;GlimmerHMM},{HiQ_model.g1636.t1;HiQ}

# EVM prediction: Mode:STANDARD S-ratio: 5352.05 54210-63644 orient(-) score(37731.00) noncoding_equivalent(7.05) raw_noncoding(7.05) offset(0.00) 
63644	54210	single-	4	6	{GlimmerHMM_glimmerT_1780-T1;GlimmerHMM},{Augustus_model.g1637.t1;Augustus}

# EVM prediction: Mode:STANDARD S-ratio: 854.35 64061-65206 orient(-) score(3432.00) noncoding_equivalent(4.02) raw_noncoding(4.02) offset(0.00) 
65206	64061	single-	4	6	{GlimmerHMM_glimmerT_1781-T1;GlimmerHMM},{Augustus_model.g1638.t1;Augustus}

# EVM prediction: Mode:STANDARD S-ratio: 2.00 65774-66517 orient(-) score(2976.00) noncoding_equivalent(1488.00) raw_noncoding(1488.00) offset(0.00) 
66517	65774	single-	4	6	{GlimmerHMM_glimmerT_1782-T1;GlimmerHMM},{HiQ_model.g1639.t1;HiQ}

# EVM prediction: Mode:STANDARD S-ratio: 2.00 66744-68255 orient(-) score(6048.00) noncoding_equivalent(3024.00) raw_noncoding(3024.00) offset(0.00) 
68255	66744	single-	4	6	{HiQ_model.g1640.t1;HiQ},{GlimmerHMM_glimmerT_1783-T1;GlimmerHMM}

# EVM prediction: Mode:STANDARD S-ratio: 56.91 68579-70477 orient(+) score(7463.00) noncoding_equivalent(131.14) raw_noncoding(131.14) offset(0.00) 
68579	70477	single+	1	3	{GlimmerHMM_glimmerT_1784-T1;GlimmerHMM}

# EVM prediction: Mode:STANDARD S-ratio: 501.80 70632-73145 orient(-) score(7527.00) noncoding_equivalent(15.00) raw_noncoding(15.00) offset(0.00) 
73145	70632	single-	4	6	{Augustus_model.g1642.t1;Augustus},{GlimmerHMM_glimmerT_1785-T1;GlimmerHMM}

# EVM prediction: Mode:STANDARD S-ratio: 101.67 73408-74100 orient(+) score(2745.00) noncoding_equivalent(27.00) raw_noncoding(27.00) offset(0.00) 
73408	74100	single+	1	3	{Augustus_model.g1643.t1;Augustus},{GlimmerHMM_glimmerT_1786-T1;GlimmerHMM}

# EVM prediction: Mode:STANDARD S-ratio: 4.94 74269-76746 orient(-) score(12362.00) noncoding_equivalent(2504.34) raw_noncoding(2504.34) offset(0.00) 
76746	74269	single-	4	6	{GlimmerHMM_glimmerT_1787-T1;GlimmerHMM},{HiQ_model.g1644.t1;HiQ}

# EVM prediction: Mode:STANDARD S-ratio: 4.72 77151-80204 orient(-) score(15119.00) noncoding_equivalent(3204.16) raw_noncoding(3204.16) offset(0.00) 
80204	77151	single-	4	6	{GlimmerHMM_glimmerT_1788-T1;GlimmerHMM},{HiQ_model.g1645.t1;HiQ}

# EVM prediction: Mode:STANDARD S-ratio: 28.70 81460-83709 orient(+) score(8697.00) noncoding_equivalent(303.00) raw_noncoding(303.00) offset(0.00) 
81460	83709	single+	1	3	{Augustus_model.g1646.t1;Augustus},{GlimmerHMM_glimmerT_1789-T1;GlimmerHMM}

# EVM prediction: Mode:STANDARD S-ratio: 115.89 84803-86563 orient(+) score(6982.00) noncoding_equivalent(60.25) raw_noncoding(60.25) offset(0.00) 
84803	86563	single+	1	3	{Augustus_model.g1647.t1;Augustus},{GlimmerHMM_glimmerT_1790-T1;GlimmerHMM}

# EVM prediction: Mode:STANDARD S-ratio: 11.62 87402-88154 orient(+) score(2772.00) noncoding_equivalent(238.64) raw_noncoding(238.64) offset(0.00) 
87402	88154	single+	1	3	{GlimmerHMM_glimmerT_1791-T1;GlimmerHMM}

# EVM prediction: Mode:STANDARD S-ratio: 52.47 88622-91348 orient(+) score(10704.00) noncoding_equivalent(204.00) raw_noncoding(204.00) offset(0.00) 
88622	91348	single+	1	3	{GlimmerHMM_glimmerT_1792-T1;GlimmerHMM},{Augustus_model.g1649.t1;Augustus}

# EVM prediction: Mode:STANDARD S-ratio: 10000.00 94746-95120 orient(+) score(6525.00) noncoding_equivalent(0.65) raw_noncoding(0.00) offset(0.00) 
94746	95120	single+	1	3	{GlimmerHMM_glimmerT_1793-T1;GlimmerHMM}

# EVM prediction: Mode:STANDARD S-ratio: 10000.00 95565-97484 orient(-) score(5760.00) noncoding_equivalent(0.58) raw_noncoding(0.00) offset(0.00) 
97484	95565	single-	4	6	{Augustus_model.g1651.t1;Augustus},{GlimmerHMM_glimmerT_1794-T1;GlimmerHMM}

# EVM prediction: Mode:STANDARD S-ratio: 4.40 97996-98835 orient(-) score(4107.00) noncoding_equivalent(933.00) raw_noncoding(933.00) offset(0.00) 
98835	97996	single-	4	6	{HiQ_model.g1652.t1;HiQ},{GlimmerHMM_glimmerT_1795-T1;GlimmerHMM}

