!! Predictions spanning range 4360 - 88518 [R1]
# EVM prediction: Mode:STANDARD S-ratio: 10000.00 4360-4986 orient(-) score(1254.00) noncoding_equivalent(0.13) raw_noncoding(0.00) offset(0.00) 
4986	4360	single-	4	6	{Augustus_gene952.t1;Augustus}

# EVM prediction: Mode:STANDARD S-ratio: 10000.00 5414-6694 orient(+) score(2562.00) noncoding_equivalent(0.26) raw_noncoding(0.00) offset(0.00) 
5414	6694	single+	1	3	{Augustus_gene14.t1;Augustus}

# EVM prediction: Mode:STANDARD S-ratio: 10000.00 8698-9705 orient(-) score(2014.00) noncoding_equivalent(0.20) raw_noncoding(0.00) offset(0.00) 
9705	8698	single-	4	6	{Augustus_gene1036.t1;Augustus}

# EVM prediction: Mode:STANDARD S-ratio: 10000.00 15169-15831 orient(+) score(1326.00) noncoding_equivalent(0.13) raw_noncoding(0.00) offset(0.00) 
15169	15831	single+	1	3	{Augustus_gene909.t1;Augustus}

# EVM prediction: Mode:STANDARD S-ratio: 10000.00 51021-51608 orient(-) score(1176.00) noncoding_equivalent(0.12) raw_noncoding(0.00) offset(0.00) 
51608	51021	single-	4	6	{Augustus_gene243.t1;Augustus}

# EVM prediction: Mode:STANDARD S-ratio: 10000.00 53199-54434 orient(-) score(2472.00) noncoding_equivalent(0.25) raw_noncoding(0.00) offset(0.00) 
54434	53199	single-	4	6	{Augustus_gene970.t1;Augustus}

# EVM prediction: Mode:STANDARD S-ratio: 10000.00 55942-59270 orient(+) score(6658.00) noncoding_equivalent(0.67) raw_noncoding(0.00) offset(0.00) 
55942	56072	initial+	1	2	{Augustus_gene1116.t1;Augustus}
56073	56476	INTRON			{Augustus_gene1116.t1;Augustus}
56477	59270	terminal+	3	3	{Augustus_gene1116.t1;Augustus}

# EVM prediction: Mode:STANDARD S-ratio: 10000.00 69410-70129 orient(+) score(1440.00) noncoding_equivalent(0.14) raw_noncoding(0.00) offset(0.00) 
69410	70129	single+	1	3	{Augustus_gene344.t1;Augustus}

# EVM prediction: Mode:STANDARD S-ratio: 10000.00 71062-72720 orient(-) score(3316.00) noncoding_equivalent(0.33) raw_noncoding(0.00) offset(0.00) 
72720	71062	single-	4	6	{Augustus_gene118.t1;Augustus}

# EVM prediction: Mode:STANDARD S-ratio: 10000.00 86677-88518 orient(-) score(3684.00) noncoding_equivalent(0.37) raw_noncoding(0.00) offset(0.00) 
88518	86677	single-	4	6	{Augustus_gene637.t1;Augustus}

