!! Predictions spanning range 5681 - 78181 [R1]
# EVM prediction: Mode:STANDARD S-ratio: 10000.00 5681-8600 orient(-) score(5840.00) noncoding_equivalent(0.58) raw_noncoding(0.00) offset(0.00) 
6245	5681	internal-	4	4	{Augustus_gene456.t1;Augustus}
6288	6246	INTRON			{Augustus_gene456.t1;Augustus}
6377	6289	internal-	5	6	{Augustus_gene456.t1;Augustus}
6421	6378	INTRON			{Augustus_gene456.t1;Augustus}
8600	6422	initial-	4	4	{Augustus_gene456.t1;Augustus}

# EVM prediction: Mode:STANDARD S-ratio: 10000.00 12928-13593 orient(+) score(1332.00) noncoding_equivalent(0.13) raw_noncoding(0.00) offset(0.00) 
12928	13593	single+	1	3	{Augustus_gene1017.t1;Augustus}

# EVM prediction: Mode:STANDARD S-ratio: 10000.00 26590-30252 orient(-) score(7326.00) noncoding_equivalent(0.73) raw_noncoding(0.00) offset(0.00) 
30252	26590	single-	4	6	{Augustus_gene885.t1;Augustus}

# EVM prediction: Mode:STANDARD S-ratio: 10000.00 30674-31990 orient(-) score(2634.00) noncoding_equivalent(0.26) raw_noncoding(0.00) offset(0.00) 
31990	30674	single-	4	6	{Augustus_gene620.t1;Augustus}

# EVM prediction: Mode:STANDARD S-ratio: 10000.00 46108-47952 orient(+) score(3690.00) noncoding_equivalent(0.37) raw_noncoding(0.00) offset(0.00) 
46108	47952	single+	1	3	{Augustus_gene550.t1;Augustus}

# EVM prediction: Mode:STANDARD S-ratio: 10000.00 66232-67266 orient(-) score(2070.00) noncoding_equivalent(0.21) raw_noncoding(0.00) offset(0.00) 
67266	66232	single-	4	6	{Augustus_gene921.t1;Augustus}

# EVM prediction: Mode:STANDARD S-ratio: 10000.00 71326-72854 orient(+) score(3058.00) noncoding_equivalent(0.31) raw_noncoding(0.00) offset(0.00) 
71326	71536	initial+	1	1	{Augustus_gene679.t1;Augustus}
71537	71826	INTRON			{Augustus_gene679.t1;Augustus}
71827	72854	terminal+	2	3	{Augustus_gene679.t1;Augustus}

# EVM prediction: Mode:STANDARD S-ratio: 10000.00 73990-75942 orient(-) score(3906.00) noncoding_equivalent(0.39) raw_noncoding(0.00) offset(0.00) 
75942	73990	single-	4	6	{Augustus_gene613.t1;Augustus}

# EVM prediction: Mode:STANDARD S-ratio: 10000.00 77048-78181 orient(-) score(2268.00) noncoding_equivalent(0.23) raw_noncoding(0.00) offset(0.00) 
78181	77048	single-	4	6	{Augustus_gene232.t1;Augustus}

