!! Predictions spanning range 232 - 38152 [R1]
# EVM prediction: Mode:STANDARD S-ratio: 10000.00 232-1791 orient(+) score(6240.00) noncoding_equivalent(0.62) raw_noncoding(0.00) offset(0.00) 
232	1791	single+	1	3	{GlimmerHMM_glimmerT_475-T1;GlimmerHMM},{Augustus_model.g442.t1;Augustus}

# EVM prediction: Mode:STANDARD S-ratio: 737.59 2070-3434 orient(-) score(6813.00) noncoding_equivalent(9.24) raw_noncoding(9.24) offset(0.00) 
3434	2070	single-	4	6	{GlimmerHMM_glimmerT_476-T1;GlimmerHMM}

# EVM prediction: Mode:STANDARD S-ratio: 56.98 6551-8128 orient(+) score(6204.00) noncoding_equivalent(108.87) raw_noncoding(108.87) offset(0.00) 
6551	8128	single+	1	3	{GlimmerHMM_glimmerT_477-T1;GlimmerHMM},{Augustus_model.g444.t1;Augustus}

# EVM prediction: Mode:STANDARD S-ratio: 4.75 9836-11383 orient(+) score(7673.00) noncoding_equivalent(1615.91) raw_noncoding(1615.91) offset(0.00) 
9836	11383	single+	1	3	{GlimmerHMM_glimmerT_478-T1;GlimmerHMM},{HiQ_model.g445.t1;HiQ}

# EVM prediction: Mode:STANDARD S-ratio: 55.82 11618-13258 orient(+) score(6449.00) noncoding_equivalent(115.53) raw_noncoding(115.53) offset(0.00) 
11618	13258	single+	1	3	{GlimmerHMM_glimmerT_479-T1;GlimmerHMM},{Augustus_model.g446.t1;Augustus}

# EVM prediction: Mode:STANDARD S-ratio: 73.49 15867-18002 orient(+) score(6322.00) noncoding_equivalent(86.02) raw_noncoding(86.02) offset(0.00) 
15867	18002	single+	1	3	{Augustus_model.g447.t1;Augustus},{GlimmerHMM_glimmerT_480-T1;GlimmerHMM}

# EVM prediction: Mode:STANDARD S-ratio: 1.16 19891-20316 orient(+) score(852.00) noncoding_equivalent(732.10) raw_noncoding(732.10) offset(0.00) 
19891	20316	single+	1	3	{GlimmerHMM_glimmerT_481-T1;GlimmerHMM}

# EVM prediction: Mode:STANDARD S-ratio: 4.96 20769-21368 orient(-) score(2996.00) noncoding_equivalent(604.02) raw_noncoding(604.02) offset(0.00) 
21368	20769	single-	4	6	{GlimmerHMM_glimmerT_482-T1;GlimmerHMM},{HiQ_model.g448.t1;HiQ}

# EVM prediction: Mode:STANDARD S-ratio: 594.26 23153-23959 orient(+) score(2417.00) noncoding_equivalent(4.07) raw_noncoding(4.07) offset(0.00) 
23153	23959	single+	1	3	{Augustus_model.g449.t1;Augustus}

# EVM prediction: Mode:STANDARD S-ratio: 1.89 25357-26223 orient(+) score(2269.00) noncoding_equivalent(1200.94) raw_noncoding(1200.94) offset(0.00) 
25357	26223	single+	1	3	{GlimmerHMM_glimmerT_484-T1;GlimmerHMM}

# EVM prediction: Mode:STANDARD S-ratio: 10000.00 27149-28846 orient(+) score(6792.00) noncoding_equivalent(0.68) raw_noncoding(0.00) offset(0.00) 
27149	28846	single+	1	3	{GlimmerHMM_glimmerT_485-T1;GlimmerHMM},{Augustus_model.g450.t1;Augustus}

# EVM prediction: Mode:STANDARD S-ratio: 5.87 29920-30540 orient(-) score(3709.00) noncoding_equivalent(632.28) raw_noncoding(632.28) offset(0.00) 
30540	29920	single-	4	6	{HiQ_model.g451.t1;HiQ},{GlimmerHMM_glimmerT_486-T1;GlimmerHMM}

# EVM prediction: Mode:STANDARD S-ratio: 20.53 34465-36339 orient(+) score(8595.00) noncoding_equivalent(418.68) raw_noncoding(435.18) offset(16.50) 
34465	35640	initial+	1	3	{Augustus_model.g452.t1;Augustus}
35641	35703	INTRON			{Augustus_model.g452.t1;Augustus}
35704	36339	terminal+	1	3	{Augustus_model.g452.t1;Augustus}

# EVM prediction: Mode:STANDARD S-ratio: 133.92 37205-38152 orient(+) score(4705.00) noncoding_equivalent(35.13) raw_noncoding(35.13) offset(0.00) 
37205	38152	single+	1	3	{GlimmerHMM_glimmerT_489-T1;GlimmerHMM}

