!! Predictions spanning range 1518 - 98037 [R1]
# EVM prediction: Mode:STANDARD S-ratio: 1.04 1518-2075 orient(-) score(852.00) noncoding_equivalent(821.37) raw_noncoding(821.37) offset(0.00) 
2075	1518	single-	4	6	{GlimmerHMM_glimmerT_2146-T1;GlimmerHMM}

# EVM prediction: Mode:STANDARD S-ratio: 27.95 2725-3636 orient(+) score(3522.00) noncoding_equivalent(126.00) raw_noncoding(126.00) offset(0.00) 
2725	3636	single+	1	3	{Augustus_model.g1924.t1;Augustus},{GlimmerHMM_glimmerT_2147-T1;GlimmerHMM}

# EVM prediction: Mode:STANDARD S-ratio: 31.53 3920-5227 orient(+) score(5071.00) noncoding_equivalent(160.85) raw_noncoding(160.85) offset(0.00) 
3920	5227	single+	1	3	{Augustus_model.g1925.t1;Augustus},{GlimmerHMM_glimmerT_2148-T1;GlimmerHMM}

# EVM prediction: Mode:STANDARD S-ratio: 9.58 5463-6398 orient(+) score(3390.00) noncoding_equivalent(354.00) raw_noncoding(354.00) offset(0.00) 
5463	6398	single+	1	3	{GlimmerHMM_glimmerT_2149-T1;GlimmerHMM},{Augustus_model.g1926.t1;Augustus}

# EVM prediction: Mode:STANDARD S-ratio: 68.29 6595-10614 orient(-) score(11883.00) noncoding_equivalent(174.00) raw_noncoding(174.00) offset(0.00) 
10614	6595	single-	4	6	{GlimmerHMM_glimmerT_2150-T1;GlimmerHMM}

# EVM prediction: Mode:STANDARD S-ratio: 3.00 10789-12015 orient(+) score(3681.00) noncoding_equivalent(1227.00) raw_noncoding(1227.00) offset(0.00) 
10789	12015	single+	1	3	{GlimmerHMM_glimmerT_2151-T1;GlimmerHMM},{Augustus_model.g1928.t1;Augustus}

# EVM prediction: Mode:STANDARD S-ratio: 3.53 12390-13448 orient(-) score(4945.00) noncoding_equivalent(1399.42) raw_noncoding(1399.42) offset(0.00) 
13448	12390	single-	4	6	{GlimmerHMM_glimmerT_2152-T1;GlimmerHMM},{HiQ_model.g1929.t1;HiQ}

# EVM prediction: Mode:STANDARD S-ratio: 63.51 13857-15743 orient(+) score(7431.00) noncoding_equivalent(117.00) raw_noncoding(117.00) offset(0.00) 
13857	15743	single+	1	3	{GlimmerHMM_glimmerT_2153-T1;GlimmerHMM}

# EVM prediction: Mode:STANDARD S-ratio: 191.75 16925-18466 orient(-) score(4602.00) noncoding_equivalent(24.00) raw_noncoding(24.00) offset(0.00) 
18466	16925	single-	4	6	{Augustus_model.g1931.t1;Augustus},{GlimmerHMM_glimmerT_2154-T1;GlimmerHMM}

# EVM prediction: Mode:STANDARD S-ratio: 121.00 19388-21400 orient(+) score(7986.00) noncoding_equivalent(66.00) raw_noncoding(66.00) offset(0.00) 
19388	21400	single+	1	3	{GlimmerHMM_glimmerT_2155-T1;GlimmerHMM}

# EVM prediction: Mode:STANDARD S-ratio: 5.00 21497-22339 orient(-) score(4215.00) noncoding_equivalent(843.00) raw_noncoding(843.00) offset(0.00) 
22339	21497	single-	4	6	{HiQ_model.g1933.t1;HiQ},{GlimmerHMM_glimmerT_2156-T1;GlimmerHMM}

# EVM prediction: Mode:STANDARD S-ratio: 4.34 23189-24514 orient(-) score(6465.00) noncoding_equivalent(1491.00) raw_noncoding(1491.00) offset(0.00) 
24514	23189	single-	4	6	{HiQ_model.g1934.t1;HiQ}

# EVM prediction: Mode:STANDARD S-ratio: 10000.00 24800-25819 orient(-) score(3060.00) noncoding_equivalent(0.31) raw_noncoding(0.00) offset(0.00) 
25819	24800	single-	4	6	{GlimmerHMM_glimmerT_2158-T1;GlimmerHMM},{Augustus_model.g1935.t1;Augustus}

# EVM prediction: Mode:STANDARD S-ratio: 1.59 26138-26682 orient(+) score(1060.00) noncoding_equivalent(666.22) raw_noncoding(760.22) offset(94.00) 
26138	26500	initial+	1	3	{Augustus_model.g1936.t1;Augustus},{GlimmerHMM_glimmerT_2159-T1;GlimmerHMM}
26501	26592	INTRON			{Augustus_model.g1936.t1;Augustus},{GlimmerHMM_glimmerT_2159-T1;GlimmerHMM}
26593	26682	terminal+	1	3	{GlimmerHMM_glimmerT_2159-T1;GlimmerHMM}

# EVM prediction: Mode:STANDARD S-ratio: 5.00 26817-29246 orient(-) score(12142.00) noncoding_equivalent(2429.00) raw_noncoding(2429.00) offset(0.00) 
29246	26817	single-	4	6	{GlimmerHMM_glimmerT_2160-T1;GlimmerHMM},{HiQ_model.g1937.t1;HiQ}

# EVM prediction: Mode:STANDARD S-ratio: 15.67 29892-32589 orient(+) score(7712.00) noncoding_equivalent(492.00) raw_noncoding(573.00) offset(81.00) 
29892	31865	initial+	1	3	{Augustus_model.g1938.t1;Augustus},{GlimmerHMM_glimmerT_2161-T1;GlimmerHMM}
31866	31977	INTRON			{Augustus_model.g1938.t1;Augustus},{GlimmerHMM_glimmerT_2161-T1;GlimmerHMM}
31978	32589	terminal+	1	3	{Augustus_model.g1938.t1;Augustus},{GlimmerHMM_glimmerT_2161-T1;GlimmerHMM}

# EVM prediction: Mode:STANDARD S-ratio: 10000.00 32930-34327 orient(-) score(4194.00) noncoding_equivalent(0.42) raw_noncoding(0.00) offset(0.00) 
34327	32930	single-	4	6	{Augustus_model.g1939.t1;Augustus},{GlimmerHMM_glimmerT_2162-T1;GlimmerHMM}

# EVM prediction: Mode:STANDARD S-ratio: 10000.00 34849-36576 orient(+) score(6900.00) noncoding_equivalent(0.69) raw_noncoding(0.00) offset(0.00) 
34849	36576	single+	1	3	{Augustus_model.g1940.t1;Augustus}

# EVM prediction: Mode:STANDARD S-ratio: 13.22 36847-37326 orient(+) score(1785.00) noncoding_equivalent(135.00) raw_noncoding(135.00) offset(0.00) 
36847	37326	single+	1	3	{GlimmerHMM_glimmerT_2164-T1;GlimmerHMM},{Augustus_model.g1941.t1;Augustus}

# EVM prediction: Mode:STANDARD S-ratio: 40.13 37733-40282 orient(+) score(7464.00) noncoding_equivalent(186.00) raw_noncoding(186.00) offset(0.00) 
37733	40282	single+	1	3	{Augustus_model.g1942.t1;Augustus},{GlimmerHMM_glimmerT_2165-T1;GlimmerHMM}

# EVM prediction: Mode:STANDARD S-ratio: 10000.00 40553-41143 orient(+) score(2955.00) noncoding_equivalent(0.30) raw_noncoding(0.00) offset(0.00) 
40553	41143	single+	1	3	{Augustus_model.g1943.t1;Augustus},{GlimmerHMM_glimmerT_2166-T1;GlimmerHMM}

# EVM prediction: Mode:STANDARD S-ratio: 61.66 41856-43007 orient(+) score(4533.00) noncoding_equivalent(73.51) raw_noncoding(73.51) offset(0.00) 
41856	43007	single+	1	3	{Augustus_model.g1944.t1;Augustus}

# EVM prediction: Mode:STANDARD S-ratio: 5.14 43420-44282 orient(-) score(4697.00) noncoding_equivalent(913.00) raw_noncoding(1743.00) offset(830.00) 
43813	43420	terminal-	6	6	{snap_scaffold_5-snap.94-T1;snap},{GlimmerHMM_glimmerT_2168-T1;GlimmerHMM},{HiQ_model.g1945.t1;HiQ}
44232	43814	INTRON			{GlimmerHMM_glimmerT_2168-T1;GlimmerHMM},{HiQ_model.g1945.t1;HiQ},{ev_type:exonerate/ID=match.111469.661/Target=YDR450W;exonerate},{ev_type:exonerate/ID=match.111469.121/Target=YML026C;exonerate}
44282	44233	initial-	4	5	{GlimmerHMM_glimmerT_2168-T1;GlimmerHMM},{HiQ_model.g1945.t1;HiQ}

# EVM prediction: Mode:STANDARD S-ratio: 4.82 44921-45861 orient(-) score(4425.00) noncoding_equivalent(917.71) raw_noncoding(1216.95) offset(299.23) 
45733	44921	terminal-	4	6	{HiQ_model.g1946.t1;HiQ}
45834	45734	INTRON			{HiQ_model.g1946.t1;HiQ},{ev_type:exonerate/ID=match.111469.1010/Target=YML025C;exonerate}
45861	45835	initial-	4	6	{GlimmerHMM_glimmerT_2169-T1;GlimmerHMM},{HiQ_model.g1946.t1;HiQ}

# EVM prediction: Mode:STANDARD S-ratio: 3.29 46393-47242 orient(+) score(2911.00) noncoding_equivalent(884.04) raw_noncoding(1320.00) offset(435.96) 
46393	46395	initial+	1	3	{GlimmerHMM_glimmerT_2170-T1;GlimmerHMM},{Augustus_model.g1947.t1;Augustus}
46396	46834	INTRON			{GlimmerHMM_glimmerT_2170-T1;GlimmerHMM},{Augustus_model.g1947.t1;Augustus}
46835	47242	terminal+	1	3	{GlimmerHMM_glimmerT_2170-T1;GlimmerHMM},{Augustus_model.g1947.t1;Augustus}

# EVM prediction: Mode:STANDARD S-ratio: 4.96 47633-49348 orient(-) score(8511.00) noncoding_equivalent(1716.00) raw_noncoding(1716.00) offset(0.00) 
49348	47633	single-	4	6	{GlimmerHMM_glimmerT_2171-T1;GlimmerHMM},{HiQ_model.g1948.t1;HiQ}

# EVM prediction: Mode:STANDARD S-ratio: 3.02 49557-50120 orient(+) score(1692.00) noncoding_equivalent(559.97) raw_noncoding(559.97) offset(0.00) 
49557	50120	single+	1	3	{GlimmerHMM_glimmerT_2172-T1;GlimmerHMM},{Augustus_model.g1949.t1;Augustus}

# EVM prediction: Mode:STANDARD S-ratio: 1.97 50330-51400 orient(-) score(4251.00) noncoding_equivalent(2163.30) raw_noncoding(2163.30) offset(0.00) 
51400	50330	single-	4	6	{HiQ_model.g1950.t1;HiQ}

# EVM prediction: Mode:STANDARD S-ratio: 402.14 51740-53764 orient(+) score(8080.00) noncoding_equivalent(20.09) raw_noncoding(20.09) offset(0.00) 
51740	53764	single+	1	3	{GlimmerHMM_glimmerT_2174-T1;GlimmerHMM}

# EVM prediction: Mode:STANDARD S-ratio: 9.05 53848-55087 orient(+) score(3061.00) noncoding_equivalent(338.06) raw_noncoding(891.52) offset(553.46) 
53848	53855	initial+	1	2	{snap_scaffold_5-snap.99-T1;snap}
53856	54174	INTRON			{snap_scaffold_5-snap.99-T1;snap}
54175	55087	terminal+	3	3	{snap_scaffold_5-snap.99-T1;snap}

# EVM prediction: Mode:STANDARD S-ratio: 4.85 55444-56625 orient(-) score(5880.00) noncoding_equivalent(1212.00) raw_noncoding(1212.00) offset(0.00) 
56625	55444	single-	4	6	{GlimmerHMM_glimmerT_2176-T1;GlimmerHMM},{HiQ_model.g1952.t1;HiQ}

# EVM prediction: Mode:STANDARD S-ratio: 10000.00 57649-59421 orient(+) score(5319.00) noncoding_equivalent(0.53) raw_noncoding(0.00) offset(0.00) 
57649	59421	single+	1	3	{GlimmerHMM_glimmerT_2177-T1;GlimmerHMM},{Augustus_model.g1953.t1;Augustus}

# EVM prediction: Mode:STANDARD S-ratio: 10000.00 60172-61827 orient(-) score(4959.00) noncoding_equivalent(0.50) raw_noncoding(0.00) offset(0.00) 
61827	60172	single-	4	6	{Augustus_model.g1954.t1;Augustus}

# EVM prediction: Mode:STANDARD S-ratio: 5.00 62724-63764 orient(-) score(5205.00) noncoding_equivalent(1041.00) raw_noncoding(1041.00) offset(0.00) 
63764	62724	single-	4	6	{GlimmerHMM_glimmerT_2179-T1;GlimmerHMM},{HiQ_model.g1955.t1;HiQ}

# EVM prediction: Mode:STANDARD S-ratio: 3.00 63972-64802 orient(+) score(2493.00) noncoding_equivalent(831.00) raw_noncoding(831.00) offset(0.00) 
63972	64802	single+	1	3	{Augustus_model.g1956.t1;Augustus},{GlimmerHMM_glimmerT_2180-T1;GlimmerHMM}

# EVM prediction: Mode:STANDARD S-ratio: 2.02 64893-66683 orient(+) score(3594.00) noncoding_equivalent(1780.50) raw_noncoding(1780.50) offset(0.00) 
64893	66683	single+	1	3	{Augustus_model.g1957.t1;Augustus},{GlimmerHMM_glimmerT_2181-T1;GlimmerHMM}

# EVM prediction: Mode:STANDARD S-ratio: 632.98 66889-67524 orient(+) score(2538.00) noncoding_equivalent(4.01) raw_noncoding(4.01) offset(0.00) 
66889	67524	single+	1	3	{Augustus_model.g1958.t1;Augustus},{GlimmerHMM_glimmerT_2182-T1;GlimmerHMM}

# EVM prediction: Mode:STANDARD S-ratio: 2.00 67685-68218 orient(-) score(2136.00) noncoding_equivalent(1068.00) raw_noncoding(1068.00) offset(0.00) 
68218	67685	single-	4	6	{HiQ_model.g1959.t1;HiQ},{GlimmerHMM_glimmerT_2183-T1;GlimmerHMM}

# EVM prediction: Mode:STANDARD S-ratio: 93.30 68371-71651 orient(+) score(12830.00) noncoding_equivalent(137.51) raw_noncoding(184.51) offset(47.00) 
68371	68423	initial+	1	2	{Augustus_model.g1960.t1;Augustus}
68424	68473	INTRON			{Augustus_model.g1960.t1;Augustus}
68474	71651	terminal+	3	3	{Augustus_model.g1960.t1;Augustus}

# EVM prediction: Mode:STANDARD S-ratio: 1.87 72078-72365 orient(-) score(1077.00) noncoding_equivalent(576.00) raw_noncoding(576.00) offset(0.00) 
72365	72078	single-	4	6	{HiQ_model.g1961.t1;HiQ},{GlimmerHMM_glimmerT_2185-T1;GlimmerHMM}

# EVM prediction: Mode:STANDARD S-ratio: 4.99 72615-73766 orient(-) score(5751.00) noncoding_equivalent(1152.00) raw_noncoding(1152.00) offset(0.00) 
73766	72615	single-	4	6	{HiQ_model.g1962.t1;HiQ},{GlimmerHMM_glimmerT_2186-T1;GlimmerHMM}

# EVM prediction: Mode:STANDARD S-ratio: 112.12 74650-76572 orient(+) score(5718.00) noncoding_equivalent(51.00) raw_noncoding(51.00) offset(0.00) 
74650	76572	single+	1	3	{GlimmerHMM_glimmerT_2187-T1;GlimmerHMM},{Augustus_model.g1963.t1;Augustus}

# EVM prediction: Mode:STANDARD S-ratio: 10000.00 76854-79181 orient(-) score(6975.00) noncoding_equivalent(0.70) raw_noncoding(0.00) offset(0.00) 
79181	76854	single-	4	6	{GlimmerHMM_glimmerT_2188-T1;GlimmerHMM},{Augustus_model.g1964.t1;Augustus}

# EVM prediction: Mode:STANDARD S-ratio: 73.92 80691-82067 orient(+) score(4074.00) noncoding_equivalent(55.11) raw_noncoding(55.11) offset(0.00) 
80691	82067	single+	1	3	{GlimmerHMM_glimmerT_2189-T1;GlimmerHMM},{Augustus_model.g1965.t1;Augustus}

# EVM prediction: Mode:STANDARD S-ratio: 5.00 82162-83142 orient(-) score(4905.00) noncoding_equivalent(981.00) raw_noncoding(981.00) offset(0.00) 
83142	82162	single-	4	6	{HiQ_model.g1966.t1;HiQ},{GlimmerHMM_glimmerT_2190-T1;GlimmerHMM}

# EVM prediction: Mode:STANDARD S-ratio: 47.12 83952-87224 orient(+) score(12631.00) noncoding_equivalent(268.08) raw_noncoding(268.08) offset(0.00) 
83952	87224	single+	1	3	{GlimmerHMM_glimmerT_2191-T1;GlimmerHMM}

# EVM prediction: Mode:STANDARD S-ratio: 42.53 87724-88278 orient(+) score(2169.00) noncoding_equivalent(51.00) raw_noncoding(51.00) offset(0.00) 
87724	88278	single+	1	3	{GlimmerHMM_glimmerT_2192-T1;GlimmerHMM}

# EVM prediction: Mode:STANDARD S-ratio: 49.43 89643-91760 orient(-) score(6228.00) noncoding_equivalent(126.00) raw_noncoding(126.00) offset(0.00) 
91760	89643	single-	4	6	{Augustus_model.g1968.t1;Augustus},{GlimmerHMM_glimmerT_2193-T1;GlimmerHMM}

# EVM prediction: Mode:STANDARD S-ratio: 60.70 92797-93261 orient(+) score(1821.00) noncoding_equivalent(30.00) raw_noncoding(30.00) offset(0.00) 
92797	93261	single+	1	3	{Augustus_model.g1969.t1;Augustus}

# EVM prediction: Mode:STANDARD S-ratio: 10000.00 94621-96159 orient(+) score(6156.00) noncoding_equivalent(0.62) raw_noncoding(0.00) offset(0.00) 
94621	96159	single+	1	3	{Augustus_model.g1970.t1;Augustus},{GlimmerHMM_glimmerT_2196-T1;GlimmerHMM}

# EVM prediction: Mode:STANDARD S-ratio: 17.10 96868-98037 orient(+) score(4413.00) noncoding_equivalent(258.00) raw_noncoding(258.00) offset(0.00) 
96868	98037	single+	1	3	{Augustus_model.g1971.t1;Augustus},{GlimmerHMM_glimmerT_2197-T1;GlimmerHMM}

