!! Predictions spanning range 7908 - 90455 [R1]
# EVM prediction: Mode:STANDARD S-ratio: 10000.00 7908-9077 orient(-) score(2340.00) noncoding_equivalent(0.23) raw_noncoding(0.00) offset(0.00) 
9077	7908	single-	4	6	{Augustus_gene227.t1;Augustus}

# EVM prediction: Mode:STANDARD S-ratio: 10000.00 11536-13089 orient(+) score(3108.00) noncoding_equivalent(0.31) raw_noncoding(0.00) offset(0.00) 
11536	13089	single+	1	3	{Augustus_gene469.t1;Augustus}

# EVM prediction: Mode:STANDARD S-ratio: 10000.00 13837-17594 orient(+) score(7516.00) noncoding_equivalent(0.75) raw_noncoding(0.00) offset(0.00) 
13837	15244	initial+	1	1	{Augustus_gene883.t1;Augustus}
15245	15951	INTRON			{Augustus_gene883.t1;Augustus}
15952	17594	terminal+	2	3	{Augustus_gene883.t1;Augustus}

# EVM prediction: Mode:STANDARD S-ratio: 10000.00 39389-40426 orient(-) score(2076.00) noncoding_equivalent(0.21) raw_noncoding(0.00) offset(0.00) 
40426	39389	single-	4	6	{Augustus_gene348.t1;Augustus}

# EVM prediction: Mode:STANDARD S-ratio: 10000.00 40679-42313 orient(+) score(3270.00) noncoding_equivalent(0.33) raw_noncoding(0.00) offset(0.00) 
40679	42313	single+	1	3	{Augustus_gene357.t1;Augustus}

# EVM prediction: Mode:STANDARD S-ratio: 10000.00 42403-44097 orient(-) score(3390.00) noncoding_equivalent(0.34) raw_noncoding(0.00) offset(0.00) 
44097	42403	single-	4	6	{Augustus_gene402.t1;Augustus}

# EVM prediction: Mode:STANDARD S-ratio: 10000.00 48794-51091 orient(-) score(4596.00) noncoding_equivalent(0.46) raw_noncoding(0.00) offset(0.00) 
51091	48794	single-	4	6	{Augustus_gene393.t1;Augustus}

# EVM prediction: Mode:STANDARD S-ratio: 10000.00 55985-57268 orient(-) score(2568.00) noncoding_equivalent(0.26) raw_noncoding(0.00) offset(0.00) 
57268	55985	single-	4	6	{Augustus_gene39.t1;Augustus}

# EVM prediction: Mode:STANDARD S-ratio: 10000.00 57479-58246 orient(-) score(1536.00) noncoding_equivalent(0.15) raw_noncoding(0.00) offset(0.00) 
58246	57479	single-	4	6	{Augustus_gene301.t1;Augustus}

# EVM prediction: Mode:STANDARD S-ratio: 10000.00 87789-90455 orient(+) score(5334.00) noncoding_equivalent(0.53) raw_noncoding(0.00) offset(0.00) 
87789	90455	single+	1	3	{Augustus_gene631.t1;Augustus}

