!! Predictions spanning range 4056 - 73053 [R1]
# EVM prediction: Mode:STANDARD S-ratio: 10000.00 4056-4625 orient(-) score(1140.00) noncoding_equivalent(0.11) raw_noncoding(0.00) offset(0.00) 
4625	4056	single-	4	6	{Augustus_gene554.t1;Augustus}

# EVM prediction: Mode:STANDARD S-ratio: 10000.00 6234-9920 orient(-) score(7374.00) noncoding_equivalent(0.74) raw_noncoding(0.00) offset(0.00) 
9920	6234	single-	4	6	{Augustus_gene1006.t1;Augustus}

# EVM prediction: Mode:STANDARD S-ratio: 10000.00 10291-10656 orient(+) score(732.00) noncoding_equivalent(0.07) raw_noncoding(0.00) offset(0.00) 
10291	10656	single+	1	3	{Augustus_gene1139.t1;Augustus}

# EVM prediction: Mode:STANDARD S-ratio: 10000.00 29701-33003 orient(-) score(6606.00) noncoding_equivalent(0.66) raw_noncoding(0.00) offset(0.00) 
33003	29701	single-	4	6	{Augustus_gene622.t1;Augustus}

# EVM prediction: Mode:STANDARD S-ratio: 10000.00 41982-43795 orient(-) score(3628.00) noncoding_equivalent(0.36) raw_noncoding(0.00) offset(0.00) 
43713	41982	terminal-	6	6	{Augustus_gene1029.t1;Augustus}
43784	43714	INTRON			{Augustus_gene1029.t1;Augustus}
43795	43785	initial-	4	5	{Augustus_gene1029.t1;Augustus}

# EVM prediction: Mode:STANDARD S-ratio: 10000.00 44455-46158 orient(-) score(3408.00) noncoding_equivalent(0.34) raw_noncoding(0.00) offset(0.00) 
46158	44455	single-	4	6	{Augustus_gene688.t1;Augustus}

# EVM prediction: Mode:STANDARD S-ratio: 10000.00 57797-58270 orient(+) score(948.00) noncoding_equivalent(0.09) raw_noncoding(0.00) offset(0.00) 
57797	58270	single+	1	3	{Augustus_gene1056.t1;Augustus}

# EVM prediction: Mode:STANDARD S-ratio: 10000.00 60696-63704 orient(+) score(6018.00) noncoding_equivalent(0.60) raw_noncoding(0.00) offset(0.00) 
60696	63704	single+	1	3	{Augustus_gene974.t1;Augustus}

# EVM prediction: Mode:STANDARD S-ratio: 10000.00 67701-69758 orient(-) score(4116.00) noncoding_equivalent(0.41) raw_noncoding(0.00) offset(0.00) 
69758	67701	single-	4	6	{Augustus_gene1096.t1;Augustus}

# EVM prediction: Mode:STANDARD S-ratio: 10000.00 70041-72437 orient(-) score(4794.00) noncoding_equivalent(0.48) raw_noncoding(0.00) offset(0.00) 
72437	70041	single-	4	6	{Augustus_gene1191.t1;Augustus}

# EVM prediction: Mode:STANDARD S-ratio: 10000.00 72754-73053 orient(+) score(600.00) noncoding_equivalent(0.06) raw_noncoding(0.00) offset(0.00) 
72754	73053	single+	1	3	{Augustus_gene921.t1;Augustus}

