!! Predictions spanning range 388 - 99663 [R1]
# EVM prediction: Mode:STANDARD S-ratio: 10000.00 388-2442 orient(+) score(8220.00) noncoding_equivalent(0.82) raw_noncoding(0.00) offset(0.00) 
388	2442	single+	1	3	{GlimmerHMM_glimmerT_1965-T1;GlimmerHMM},{Augustus_model.g1822.t1;Augustus}

# EVM prediction: Mode:STANDARD S-ratio: 276.14 2772-5378 orient(-) score(7791.00) noncoding_equivalent(28.21) raw_noncoding(28.21) offset(0.00) 
5378	2772	single-	4	6	{Augustus_model.g1823.t1;Augustus},{GlimmerHMM_glimmerT_1966-T1;GlimmerHMM}

# EVM prediction: Mode:STANDARD S-ratio: 4.86 5726-9127 orient(-) score(16926.00) noncoding_equivalent(3484.45) raw_noncoding(3484.45) offset(0.00) 
9127	5726	single-	4	6	{HiQ_model.g1824.t1;HiQ},{GlimmerHMM_glimmerT_1967-T1;GlimmerHMM}

# EVM prediction: Mode:STANDARD S-ratio: 2.00 9512-9946 orient(-) score(1740.00) noncoding_equivalent(870.00) raw_noncoding(870.00) offset(0.00) 
9946	9512	single-	4	6	{HiQ_model.g1825.t1;HiQ},{GlimmerHMM_glimmerT_1968-T1;GlimmerHMM}

# EVM prediction: Mode:STANDARD S-ratio: 10000.00 10253-11977 orient(+) score(6900.00) noncoding_equivalent(0.69) raw_noncoding(0.00) offset(0.00) 
10253	11977	single+	1	3	{Augustus_model.g1826.t1;Augustus},{GlimmerHMM_glimmerT_1969-T1;GlimmerHMM}

# EVM prediction: Mode:STANDARD S-ratio: 20.71 12206-13768 orient(+) score(5964.00) noncoding_equivalent(288.00) raw_noncoding(288.00) offset(0.00) 
12206	13768	single+	1	3	{GlimmerHMM_glimmerT_1970-T1;GlimmerHMM}

# EVM prediction: Mode:STANDARD S-ratio: 7.85 13851-14282 orient(-) score(1401.00) noncoding_equivalent(178.48) raw_noncoding(219.00) offset(40.52) 
14255	13851	terminal-	4	6	{snap_scaffold_5-snap.76-T1;snap}
14276	14256	INTRON			{snap_scaffold_5-snap.76-T1;snap}
14282	14277	initial-	4	6	{snap_scaffold_5-snap.76-T1;snap}

# EVM prediction: Mode:STANDARD S-ratio: 5.00 14697-19436 orient(-) score(23700.00) noncoding_equivalent(4740.00) raw_noncoding(4740.00) offset(0.00) 
19436	14697	single-	4	6	{HiQ_model.g1829.t1;HiQ},{GlimmerHMM_glimmerT_1972-T1;GlimmerHMM}

# EVM prediction: Mode:STANDARD S-ratio: 10000.00 20304-21365 orient(+) score(3186.00) noncoding_equivalent(0.32) raw_noncoding(0.00) offset(0.00) 
20304	21365	single+	1	3	{GlimmerHMM_glimmerT_1973-T1;GlimmerHMM},{Augustus_model.g1830.t1;Augustus}

# EVM prediction: Mode:STANDARD S-ratio: 283.88 21978-23558 orient(+) score(6300.00) noncoding_equivalent(22.19) raw_noncoding(22.19) offset(0.00) 
21978	23558	single+	1	3	{GlimmerHMM_glimmerT_1974-T1;GlimmerHMM},{Augustus_model.g1831.t1;Augustus}

# EVM prediction: Mode:STANDARD S-ratio: 5.00 27256-29940 orient(-) score(13425.00) noncoding_equivalent(2685.00) raw_noncoding(2685.00) offset(0.00) 
29940	27256	single-	4	6	{GlimmerHMM_glimmerT_1975-T1;GlimmerHMM},{HiQ_model.g1832.t1;HiQ}

# EVM prediction: Mode:STANDARD S-ratio: 16.09 30248-31453 orient(+) score(4542.00) noncoding_equivalent(282.34) raw_noncoding(282.34) offset(0.00) 
30248	31453	single+	1	3	{GlimmerHMM_glimmerT_1976-T1;GlimmerHMM}

# EVM prediction: Mode:STANDARD S-ratio: 69.78 31730-34009 orient(+) score(8988.00) noncoding_equivalent(128.81) raw_noncoding(128.81) offset(0.00) 
31730	34009	single+	1	3	{GlimmerHMM_glimmerT_1977-T1;GlimmerHMM}

# EVM prediction: Mode:STANDARD S-ratio: 2.01 34299-35141 orient(-) score(3372.00) noncoding_equivalent(1679.14) raw_noncoding(1679.14) offset(0.00) 
35141	34299	single-	4	6	{GlimmerHMM_glimmerT_1978-T1;GlimmerHMM},{HiQ_model.g1834.t1;HiQ}

# EVM prediction: Mode:STANDARD S-ratio: 10000.00 35385-37436 orient(+) score(6156.00) noncoding_equivalent(0.62) raw_noncoding(0.00) offset(0.00) 
35385	37436	single+	1	3	{GlimmerHMM_glimmerT_1979-T1;GlimmerHMM},{Augustus_model.g1835.t1;Augustus}

# EVM prediction: Mode:STANDARD S-ratio: 10000.00 37865-40387 orient(+) score(10083.00) noncoding_equivalent(1.01) raw_noncoding(0.00) offset(0.00) 
37865	40387	single+	1	3	{Augustus_model.g1836.t1;Augustus},{GlimmerHMM_glimmerT_1980-T1;GlimmerHMM}

# EVM prediction: Mode:STANDARD S-ratio: 10000.00 40845-44549 orient(-) score(14709.00) noncoding_equivalent(1.47) raw_noncoding(0.00) offset(0.00) 
44549	40845	single-	4	6	{Augustus_model.g1837.t1;Augustus},{GlimmerHMM_glimmerT_1981-T1;GlimmerHMM}

# EVM prediction: Mode:STANDARD S-ratio: 2.02 44770-45312 orient(-) score(2180.00) noncoding_equivalent(1078.08) raw_noncoding(1078.08) offset(0.00) 
45312	44770	single-	4	6	{HiQ_model.g1838.t1;HiQ},{GlimmerHMM_glimmerT_1982-T1;GlimmerHMM}

# EVM prediction: Mode:STANDARD S-ratio: 75.63 45653-48583 orient(+) score(11571.00) noncoding_equivalent(153.00) raw_noncoding(153.00) offset(0.00) 
45653	48583	single+	1	3	{Augustus_model.g1839.t1;Augustus},{GlimmerHMM_glimmerT_1983-T1;GlimmerHMM}

# EVM prediction: Mode:STANDARD S-ratio: 511.50 49898-57379 orient(+) score(29868.00) noncoding_equivalent(58.39) raw_noncoding(58.39) offset(0.00) 
49898	57379	single+	1	3	{GlimmerHMM_glimmerT_1984-T1;GlimmerHMM},{Augustus_model.g1840.t1;Augustus}

# EVM prediction: Mode:STANDARD S-ratio: 5.98 57656-58054 orient(-) score(2385.00) noncoding_equivalent(399.00) raw_noncoding(399.00) offset(0.00) 
58054	57656	single-	4	6	{GlimmerHMM_glimmerT_1985-T1;GlimmerHMM},{HiQ_model.g1841.t1;HiQ}

# EVM prediction: Mode:STANDARD S-ratio: 101.68 58754-59149 orient(+) score(1959.00) noncoding_equivalent(19.27) raw_noncoding(19.27) offset(0.00) 
58754	59149	single+	1	3	{GlimmerHMM_glimmerT_1986-T1;GlimmerHMM},{Augustus_model.g1842.t1;Augustus}

# EVM prediction: Mode:STANDARD S-ratio: 5.00 59415-59729 orient(-) score(1575.00) noncoding_equivalent(315.00) raw_noncoding(315.00) offset(0.00) 
59729	59415	single-	4	6	{GlimmerHMM_glimmerT_1987-T1;GlimmerHMM},{HiQ_model.g1843.t1;HiQ}

# EVM prediction: Mode:STANDARD S-ratio: 4.95 61204-63546 orient(-) score(11693.00) noncoding_equivalent(2363.12) raw_noncoding(2363.12) offset(0.00) 
63546	61204	single-	4	6	{GlimmerHMM_glimmerT_1988-T1;GlimmerHMM},{HiQ_model.g1844.t1;HiQ}

# EVM prediction: Mode:STANDARD S-ratio: 2.01 63971-64831 orient(-) score(3444.00) noncoding_equivalent(1714.68) raw_noncoding(1714.68) offset(0.00) 
64831	63971	single-	4	6	{GlimmerHMM_glimmerT_1989-T1;GlimmerHMM},{HiQ_model.g1845.t1;HiQ}

# EVM prediction: Mode:STANDARD S-ratio: 10000.00 65072-66493 orient(+) score(5688.00) noncoding_equivalent(0.57) raw_noncoding(0.00) offset(0.00) 
65072	66493	single+	1	3	{GlimmerHMM_glimmerT_1990-T1;GlimmerHMM},{Augustus_model.g1846.t1;Augustus}

# EVM prediction: Mode:STANDARD S-ratio: 2.00 66629-67930 orient(-) score(5208.00) noncoding_equivalent(2604.00) raw_noncoding(2604.00) offset(0.00) 
67930	66629	single-	4	6	{HiQ_model.g1847.t1;HiQ},{GlimmerHMM_glimmerT_1991-T1;GlimmerHMM}

# EVM prediction: Mode:STANDARD S-ratio: 3.04 68169-68810 orient(+) score(1933.00) noncoding_equivalent(635.03) raw_noncoding(635.03) offset(0.00) 
68169	68810	single+	1	3	{GlimmerHMM_glimmerT_1992-T1;GlimmerHMM},{Augustus_model.g1848.t1;Augustus}

# EVM prediction: Mode:STANDARD S-ratio: 10000.00 69273-70766 orient(+) score(5976.00) noncoding_equivalent(0.60) raw_noncoding(0.00) offset(0.00) 
69273	70766	single+	1	3	{GlimmerHMM_glimmerT_1993-T1;GlimmerHMM},{Augustus_model.g1849.t1;Augustus}

# EVM prediction: Mode:STANDARD S-ratio: 4.19 71069-73279 orient(-) score(10710.00) noncoding_equivalent(2556.00) raw_noncoding(2556.00) offset(0.00) 
73279	71069	single-	4	6	{GlimmerHMM_glimmerT_1994-T1;GlimmerHMM},{HiQ_model.g1850.t1;HiQ}

# EVM prediction: Mode:STANDARD S-ratio: 4.92 74828-76474 orient(-) score(8212.00) noncoding_equivalent(1668.52) raw_noncoding(1668.52) offset(0.00) 
76474	74828	single-	4	6	{HiQ_model.g1851.t1;HiQ},{GlimmerHMM_glimmerT_1995-T1;GlimmerHMM}

# EVM prediction: Mode:STANDARD S-ratio: 5.98 77638-77949 orient(-) score(1866.00) noncoding_equivalent(312.00) raw_noncoding(312.00) offset(0.00) 
77949	77638	single-	4	6	{GlimmerHMM_glimmerT_1996-T1;GlimmerHMM},{HiQ_model.g1852.t1;HiQ}

# EVM prediction: Mode:STANDARD S-ratio: 101.10 78596-79006 orient(+) score(2033.00) noncoding_equivalent(20.11) raw_noncoding(20.11) offset(0.00) 
78596	79006	single+	1	3	{Augustus_model.g1853.t1;Augustus},{GlimmerHMM_glimmerT_1997-T1;GlimmerHMM}

# EVM prediction: Mode:STANDARD S-ratio: 5.00 79377-80240 orient(-) score(4320.00) noncoding_equivalent(864.00) raw_noncoding(864.00) offset(0.00) 
80240	79377	single-	4	6	{HiQ_model.g1854.t1;HiQ},{GlimmerHMM_glimmerT_1998-T1;GlimmerHMM}

# EVM prediction: Mode:STANDARD S-ratio: 1.41 81412-82224 orient(-) score(2853.00) noncoding_equivalent(2019.00) raw_noncoding(2019.00) offset(0.00) 
82224	81412	single-	4	6	{HiQ_model.g1855.t1;HiQ}

# EVM prediction: Mode:STANDARD S-ratio: 5.00 83066-83677 orient(-) score(3060.00) noncoding_equivalent(612.00) raw_noncoding(612.00) offset(0.00) 
83677	83066	single-	4	6	{HiQ_model.g1856.t1;HiQ},{GlimmerHMM_glimmerT_2000-T1;GlimmerHMM}

# EVM prediction: Mode:STANDARD S-ratio: 4.28 84051-85844 orient(-) score(8727.00) noncoding_equivalent(2037.00) raw_noncoding(2037.00) offset(0.00) 
85844	84051	single-	4	6	{HiQ_model.g1857.t1;HiQ}

# EVM prediction: Mode:STANDARD S-ratio: 5.00 87284-90034 orient(-) score(13755.00) noncoding_equivalent(2751.00) raw_noncoding(2751.00) offset(0.00) 
90034	87284	single-	4	6	{GlimmerHMM_glimmerT_2003-T1;GlimmerHMM},{HiQ_model.g1858.t1;HiQ}

# EVM prediction: Mode:STANDARD S-ratio: 5.00 90747-91847 orient(-) score(5505.00) noncoding_equivalent(1101.00) raw_noncoding(1101.00) offset(0.00) 
91847	90747	single-	4	6	{GlimmerHMM_glimmerT_2004-T1;GlimmerHMM},{HiQ_model.g1859.t1;HiQ}

# EVM prediction: Mode:STANDARD S-ratio: 4.98 92573-94672 orient(-) score(10493.00) noncoding_equivalent(2105.05) raw_noncoding(2105.05) offset(0.00) 
94672	92573	single-	4	6	{GlimmerHMM_glimmerT_2005-T1;GlimmerHMM},{HiQ_model.g1860.t1;HiQ}

# EVM prediction: Mode:STANDARD S-ratio: 3.00 95341-96927 orient(+) score(4761.00) noncoding_equivalent(1587.00) raw_noncoding(1587.00) offset(0.00) 
95341	96927	single+	1	3	{Augustus_model.g1861.t1;Augustus},{GlimmerHMM_glimmerT_2006-T1;GlimmerHMM}

# EVM prediction: Mode:STANDARD S-ratio: 133.05 97762-99663 orient(+) score(5662.00) noncoding_equivalent(42.56) raw_noncoding(42.56) offset(0.00) 
97762	99663	single+	1	3	{Augustus_model.g1862.t1;Augustus},{GlimmerHMM_glimmerT_2007-T1;GlimmerHMM}

