!! Predictions spanning range 5359 - 98150 [R1]
# EVM prediction: Mode:STANDARD S-ratio: 10000.00 5359-6201 orient(+) score(1686.00) noncoding_equivalent(0.17) raw_noncoding(0.00) offset(0.00) 
5359	6201	single+	1	3	{Augustus_gene745.t1;Augustus}

# EVM prediction: Mode:STANDARD S-ratio: 10000.00 35767-36345 orient(-) score(1158.00) noncoding_equivalent(0.12) raw_noncoding(0.00) offset(0.00) 
36345	35767	single-	4	6	{Augustus_gene256.t1;Augustus}

# EVM prediction: Mode:STANDARD S-ratio: 10000.00 37117-40785 orient(-) score(7338.00) noncoding_equivalent(0.73) raw_noncoding(0.00) offset(0.00) 
37143	37117	terminal-	4	6	{Augustus_gene1053.t1;Augustus}
37222	37144	INTRON			{Augustus_gene1053.t1;Augustus}
37315	37223	internal-	4	6	{Augustus_gene1053.t1;Augustus}
37373	37316	INTRON			{Augustus_gene1053.t1;Augustus}
40286	37374	internal-	4	6	{Augustus_gene1053.t1;Augustus}
40779	40287	INTRON			{Augustus_gene1053.t1;Augustus}
40785	40780	initial-	4	6	{Augustus_gene1053.t1;Augustus}

# EVM prediction: Mode:STANDARD S-ratio: 10000.00 41996-43136 orient(+) score(2282.00) noncoding_equivalent(0.23) raw_noncoding(0.00) offset(0.00) 
41996	42042	initial+	1	2	{Augustus_gene417.t1;Augustus}
42043	42298	INTRON			{Augustus_gene417.t1;Augustus}
42299	43136	terminal+	3	3	{Augustus_gene417.t1;Augustus}

# EVM prediction: Mode:STANDARD S-ratio: 10000.00 54493-55374 orient(-) score(1764.00) noncoding_equivalent(0.18) raw_noncoding(0.00) offset(0.00) 
55374	54493	single-	4	6	{Augustus_gene334.t1;Augustus}

# EVM prediction: Mode:STANDARD S-ratio: 10000.00 56329-57291 orient(-) score(1926.00) noncoding_equivalent(0.19) raw_noncoding(0.00) offset(0.00) 
57291	56329	single-	4	6	{Augustus_gene418.t1;Augustus}

# EVM prediction: Mode:STANDARD S-ratio: 10000.00 60749-61477 orient(+) score(1458.00) noncoding_equivalent(0.15) raw_noncoding(0.00) offset(0.00) 
60749	61477	single+	1	3	{Augustus_gene653.t1;Augustus}

# EVM prediction: Mode:STANDARD S-ratio: 10000.00 64910-66898 orient(+) score(3978.00) noncoding_equivalent(0.40) raw_noncoding(0.00) offset(0.00) 
64910	66898	single+	1	3	{Augustus_gene1119.t1;Augustus}

# EVM prediction: Mode:STANDARD S-ratio: 10000.00 91874-93442 orient(-) score(3138.00) noncoding_equivalent(0.31) raw_noncoding(0.00) offset(0.00) 
93442	91874	single-	4	6	{Augustus_gene523.t1;Augustus}

# EVM prediction: Mode:STANDARD S-ratio: 10000.00 97035-98150 orient(-) score(2232.00) noncoding_equivalent(0.22) raw_noncoding(0.00) offset(0.00) 
98150	97035	single-	4	6	{Augustus_gene391.t1;Augustus}

