!! Predictions spanning range 629 - 99157 [R1]
# EVM prediction: Mode:STANDARD S-ratio: 123.80 629-1381 orient(+) score(2986.00) noncoding_equivalent(24.12) raw_noncoding(24.12) offset(0.00) 
629	1381	single+	1	3	{GlimmerHMM_glimmerT_4861-T1;GlimmerHMM},{Augustus_model.g4346.t1;Augustus}

# EVM prediction: Mode:STANDARD S-ratio: 5.00 1568-2860 orient(-) score(6465.00) noncoding_equivalent(1293.00) raw_noncoding(1293.00) offset(0.00) 
2860	1568	single-	4	6	{GlimmerHMM_glimmerT_4862-T1;GlimmerHMM},{HiQ_model.g4347.t1;HiQ}

# EVM prediction: Mode:STANDARD S-ratio: 90.36 4215-4817 orient(+) score(2982.00) noncoding_equivalent(33.00) raw_noncoding(33.00) offset(0.00) 
4215	4817	single+	1	3	{Augustus_model.g4348.t1;Augustus},{GlimmerHMM_glimmerT_4863-T1;GlimmerHMM}

# EVM prediction: Mode:STANDARD S-ratio: 10000.00 5694-7622 orient(+) score(5787.00) noncoding_equivalent(0.58) raw_noncoding(0.00) offset(0.00) 
5694	7622	single+	1	3	{Augustus_model.g4349.t1;Augustus},{GlimmerHMM_glimmerT_4864-T1;GlimmerHMM}

# EVM prediction: Mode:STANDARD S-ratio: 12.12 7920-8549 orient(+) score(1746.00) noncoding_equivalent(144.00) raw_noncoding(144.00) offset(0.00) 
7920	8549	single+	1	3	{GlimmerHMM_glimmerT_4865-T1;GlimmerHMM},{Augustus_model.g4350.t1;Augustus}

# EVM prediction: Mode:STANDARD S-ratio: 35.78 8973-13154 orient(-) score(12202.00) noncoding_equivalent(341.00) raw_noncoding(341.00) offset(0.00) 
13154	8973	single-	4	6	{Augustus_model.g4351.t1;Augustus},{GlimmerHMM_glimmerT_4866-T1;GlimmerHMM}

# EVM prediction: Mode:STANDARD S-ratio: 10.69 13480-14421 orient(+) score(2583.00) noncoding_equivalent(241.70) raw_noncoding(241.70) offset(0.00) 
13480	14421	single+	1	3	{GlimmerHMM_glimmerT_4867-T1;GlimmerHMM}

# EVM prediction: Mode:STANDARD S-ratio: 4.53 14651-15748 orient(-) score(5396.00) noncoding_equivalent(1190.16) raw_noncoding(1190.16) offset(0.00) 
15748	14651	single-	4	6	{HiQ_model.g4353.t1;HiQ}

# EVM prediction: Mode:STANDARD S-ratio: 267.33 16412-18826 orient(-) score(7218.00) noncoding_equivalent(27.00) raw_noncoding(27.00) offset(0.00) 
18826	16412	single-	4	6	{Augustus_model.g4354.t1;Augustus}

# EVM prediction: Mode:STANDARD S-ratio: 4.97 19968-23309 orient(-) score(16690.00) noncoding_equivalent(3360.15) raw_noncoding(3360.15) offset(0.00) 
23309	19968	single-	4	6	{GlimmerHMM_glimmerT_4870-T1;GlimmerHMM},{HiQ_model.g4355.t1;HiQ}

# EVM prediction: Mode:STANDARD S-ratio: 10000.00 23819-27175 orient(-) score(10071.00) noncoding_equivalent(1.01) raw_noncoding(0.00) offset(0.00) 
27175	23819	single-	4	6	{GlimmerHMM_glimmerT_4871-T1;GlimmerHMM},{Augustus_model.g4356.t1;Augustus}

# EVM prediction: Mode:STANDARD S-ratio: 2.00 28548-29108 orient(+) score(1122.00) noncoding_equivalent(561.00) raw_noncoding(561.00) offset(0.00) 
28548	29108	single+	1	3	{Augustus_model.g4357.t1;Augustus},{GlimmerHMM_glimmerT_4872-T1;GlimmerHMM}

# EVM prediction: Mode:STANDARD S-ratio: 4.56 29289-31403 orient(-) score(10401.00) noncoding_equivalent(2283.00) raw_noncoding(2283.00) offset(0.00) 
31403	29289	single-	4	6	{GlimmerHMM_glimmerT_4873-T1;GlimmerHMM},{HiQ_model.g4358.t1;HiQ}

# EVM prediction: Mode:STANDARD S-ratio: 9.90 31961-36081 orient(-) score(10341.00) noncoding_equivalent(1044.04) raw_noncoding(3001.07) offset(1957.03) 
35086	31961	terminal-	4	6	{snap_scaffold_12-snap.163-T1;snap}
35513	35087	INTRON			{snap_scaffold_12-snap.163-T1;snap}
35520	35514	internal-	6	6	{snap_scaffold_12-snap.163-T1;snap}
36073	35521	INTRON			{snap_scaffold_12-snap.163-T1;snap}
36081	36074	initial-	4	5	{snap_scaffold_12-snap.163-T1;snap}

# EVM prediction: Mode:STANDARD S-ratio: 8.25 36747-37559 orient(-) score(2174.00) noncoding_equivalent(263.60) raw_noncoding(263.60) offset(0.00) 
37559	36747	single-	4	6	{GlimmerHMM_glimmerT_4875-T1;GlimmerHMM}

# EVM prediction: Mode:STANDARD S-ratio: 3.96 38165-39049 orient(+) score(3906.00) noncoding_equivalent(986.19) raw_noncoding(1461.00) offset(474.81) 
38165	38206	initial+	1	3	{GlimmerHMM_glimmerT_4876-T1;GlimmerHMM},{Augustus_model.g4360.t1;Augustus}
38207	38677	INTRON			{GlimmerHMM_glimmerT_4876-T1;GlimmerHMM},{Augustus_model.g4360.t1;Augustus},{ev_type:exonerate/ID=match.111469.1539/Target=YER117W;exonerate},{ev_type:exonerate/ID=match.111469.452/Target=YBL087C;exonerate}
38678	39049	terminal+	1	3	{GlimmerHMM_glimmerT_4876-T1;GlimmerHMM},{Augustus_model.g4360.t1;Augustus}

# EVM prediction: Mode:STANDARD S-ratio: 4.63 39355-40461 orient(-) score(5463.00) noncoding_equivalent(1179.00) raw_noncoding(1179.00) offset(0.00) 
40461	39355	single-	4	6	{HiQ_model.g4361.t1;HiQ},{GlimmerHMM_glimmerT_4877-T1;GlimmerHMM}

# EVM prediction: Mode:STANDARD S-ratio: 2.42 40921-42276 orient(-) score(5424.00) noncoding_equivalent(2242.00) raw_noncoding(2242.00) offset(0.00) 
42276	40921	single-	4	6	{HiQ_model.g4362.t1;HiQ},{GlimmerHMM_glimmerT_4878-T1;GlimmerHMM}

# EVM prediction: Mode:STANDARD S-ratio: 571.56 42561-43295 orient(+) score(2933.00) noncoding_equivalent(5.13) raw_noncoding(5.13) offset(0.00) 
42561	43295	single+	1	3	{GlimmerHMM_glimmerT_4879-T1;GlimmerHMM},{Augustus_model.g4363.t1;Augustus}

# EVM prediction: Mode:STANDARD S-ratio: 4.95 44183-45661 orient(-) score(7383.00) noncoding_equivalent(1491.00) raw_noncoding(1491.00) offset(0.00) 
45661	44183	single-	4	6	{GlimmerHMM_glimmerT_4880-T1;GlimmerHMM},{HiQ_model.g4364.t1;HiQ}

# EVM prediction: Mode:STANDARD S-ratio: 2.90 46112-47677 orient(+) score(4658.00) noncoding_equivalent(1606.19) raw_noncoding(1606.19) offset(0.00) 
46112	47677	single+	1	3	{Augustus_model.g4365.t1;Augustus}

# EVM prediction: Mode:STANDARD S-ratio: 2.02 48326-50047 orient(-) score(6741.00) noncoding_equivalent(3332.51) raw_noncoding(3332.51) offset(0.00) 
50047	48326	single-	4	6	{HiQ_model.g4366.t1;HiQ}

# EVM prediction: Mode:STANDARD S-ratio: 372.29 51179-53608 orient(+) score(9692.00) noncoding_equivalent(26.03) raw_noncoding(26.03) offset(0.00) 
51179	53608	single+	1	3	{Augustus_model.g4367.t1;Augustus},{GlimmerHMM_glimmerT_4883-T1;GlimmerHMM}

# EVM prediction: Mode:STANDARD S-ratio: 2.00 54367-55152 orient(-) score(3144.00) noncoding_equivalent(1572.00) raw_noncoding(1572.00) offset(0.00) 
55152	54367	single-	4	6	{GlimmerHMM_glimmerT_4884-T1;GlimmerHMM},{HiQ_model.g4368.t1;HiQ}

# EVM prediction: Mode:STANDARD S-ratio: 68.72 55406-56536 orient(+) score(4404.00) noncoding_equivalent(64.09) raw_noncoding(64.09) offset(0.00) 
55406	56536	single+	1	3	{GlimmerHMM_glimmerT_4885-T1;GlimmerHMM}

# EVM prediction: Mode:STANDARD S-ratio: 2.04 56838-57464 orient(+) score(1262.00) noncoding_equivalent(619.59) raw_noncoding(619.59) offset(0.00) 
56838	57464	single+	1	3	{GlimmerHMM_glimmerT_4886-T1;GlimmerHMM},{Augustus_model.g4370.t1;Augustus}

# EVM prediction: Mode:STANDARD S-ratio: 41.87 58248-61679 orient(+) score(10054.00) noncoding_equivalent(240.12) raw_noncoding(240.12) offset(0.00) 
58248	61679	single+	1	3	{Augustus_model.g4371.t1;Augustus}

# EVM prediction: Mode:STANDARD S-ratio: 10000.00 62190-63533 orient(-) score(4029.00) noncoding_equivalent(0.40) raw_noncoding(0.00) offset(0.00) 
63533	62190	single-	4	6	{Augustus_model.g4372.t1;Augustus},{GlimmerHMM_glimmerT_4888-T1;GlimmerHMM}

# EVM prediction: Mode:STANDARD S-ratio: 10000.00 65067-65426 orient(+) score(1800.00) noncoding_equivalent(0.18) raw_noncoding(0.00) offset(0.00) 
65067	65426	single+	1	3	{Augustus_model.g4373.t1;Augustus},{GlimmerHMM_glimmerT_4889-T1;GlimmerHMM}

# EVM prediction: Mode:STANDARD S-ratio: 10000.00 66333-71594 orient(-) score(15774.00) noncoding_equivalent(1.58) raw_noncoding(0.00) offset(0.00) 
71594	66333	single-	4	6	{Augustus_model.g4374.t1;Augustus},{GlimmerHMM_glimmerT_4890-T1;GlimmerHMM}

# EVM prediction: Mode:STANDARD S-ratio: 4.15 73345-74822 orient(+) score(5196.00) noncoding_equivalent(1251.36) raw_noncoding(1793.44) offset(542.08) 
73345	73521	initial+	1	3	{GlimmerHMM_glimmerT_4891-T1;GlimmerHMM},{Augustus_model.g4375.t1;Augustus}
73522	74060	INTRON			{GlimmerHMM_glimmerT_4891-T1;GlimmerHMM},{Augustus_model.g4375.t1;Augustus},{ev_type:exonerate/ID=match.111469.1006/Target=YER133W;exonerate}
74061	74822	terminal+	1	3	{GlimmerHMM_glimmerT_4891-T1;GlimmerHMM},{snap_scaffold_12-snap.177-T1;snap},{Augustus_model.g4375.t1;Augustus}

# EVM prediction: Mode:STANDARD S-ratio: 3.85 78899-79435 orient(-) score(2553.00) noncoding_equivalent(663.00) raw_noncoding(663.00) offset(0.00) 
79435	78899	single-	4	6	{HiQ_model.g4376.t1;HiQ},{GlimmerHMM_glimmerT_4892-T1;GlimmerHMM}

# EVM prediction: Mode:STANDARD S-ratio: 230.09 81052-82407 orient(+) score(5399.00) noncoding_equivalent(23.46) raw_noncoding(23.46) offset(0.00) 
81052	82407	single+	1	3	{GlimmerHMM_glimmerT_4893-T1;GlimmerHMM},{Augustus_model.g4377.t1;Augustus}

# EVM prediction: Mode:STANDARD S-ratio: 2.60 82832-83948 orient(-) score(1984.00) noncoding_equivalent(763.56) raw_noncoding(1871.39) offset(1107.83) 
83336	82832	terminal-	6	6	{snap_scaffold_12-snap.180-T1;snap}
83940	83337	INTRON			{snap_scaffold_12-snap.180-T1;snap}
83948	83941	initial-	4	5	{snap_scaffold_12-snap.180-T1;snap}

# EVM prediction: Mode:STANDARD S-ratio: 5.04 85132-85827 orient(-) score(1733.00) noncoding_equivalent(343.99) raw_noncoding(343.99) offset(0.00) 
85827	85132	single-	4	6	{GlimmerHMM_glimmerT_4895-T1;GlimmerHMM}

# EVM prediction: Mode:STANDARD S-ratio: 1.96 86038-86340 orient(-) score(602.00) noncoding_equivalent(307.03) raw_noncoding(307.03) offset(0.00) 
86340	86038	single-	4	6	{GlimmerHMM_glimmerT_4896-T1;GlimmerHMM}

# EVM prediction: Mode:STANDARD S-ratio: 10000.00 86701-87165 orient(-) score(1395.00) noncoding_equivalent(0.14) raw_noncoding(0.00) offset(0.00) 
87165	86701	single-	4	6	{GlimmerHMM_glimmerT_4897-T1;GlimmerHMM},{Augustus_model.g4379.t1;Augustus}

# EVM prediction: Mode:STANDARD S-ratio: 5.00 87859-88539 orient(-) score(3405.00) noncoding_equivalent(681.00) raw_noncoding(681.00) offset(0.00) 
88539	87859	single-	4	6	{HiQ_model.g4380.t1;HiQ},{GlimmerHMM_glimmerT_4898-T1;GlimmerHMM}

# EVM prediction: Mode:STANDARD S-ratio: 3.03 88865-90535 orient(+) score(5022.00) noncoding_equivalent(1659.03) raw_noncoding(1659.03) offset(0.00) 
88865	90535	single+	1	3	{GlimmerHMM_glimmerT_4899-T1;GlimmerHMM},{Augustus_model.g4381.t1;Augustus}

# EVM prediction: Mode:STANDARD S-ratio: 16.00 90767-92227 orient(+) score(5499.00) noncoding_equivalent(343.62) raw_noncoding(343.62) offset(0.00) 
90767	92227	single+	1	3	{GlimmerHMM_glimmerT_4900-T1;GlimmerHMM}

# EVM prediction: Mode:STANDARD S-ratio: 2.00 92444-93337 orient(-) score(3576.00) noncoding_equivalent(1788.00) raw_noncoding(1788.00) offset(0.00) 
93337	92444	single-	4	6	{HiQ_model.g4383.t1;HiQ},{GlimmerHMM_glimmerT_4901-T1;GlimmerHMM}

# EVM prediction: Mode:STANDARD S-ratio: 10000.00 93616-94890 orient(+) score(5100.00) noncoding_equivalent(0.51) raw_noncoding(0.00) offset(0.00) 
93616	94890	single+	1	3	{Augustus_model.g4384.t1;Augustus},{GlimmerHMM_glimmerT_4902-T1;GlimmerHMM}

# EVM prediction: Mode:STANDARD S-ratio: 37.32 95088-97463 orient(-) score(6942.00) noncoding_equivalent(186.00) raw_noncoding(186.00) offset(0.00) 
97463	95088	single-	4	6	{GlimmerHMM_glimmerT_4903-T1;GlimmerHMM},{Augustus_model.g4385.t1;Augustus}

# EVM prediction: Mode:STANDARD S-ratio: 3.54 97937-99157 orient(-) score(5708.00) noncoding_equivalent(1612.00) raw_noncoding(1612.00) offset(0.00) 
99157	97937	single-	4	6	{HiQ_model.g4386.t1;HiQ},{GlimmerHMM_glimmerT_4904-T1;GlimmerHMM}

