!! Predictions spanning range 1008 - 97552 [R1]
# EVM prediction: Mode:STANDARD S-ratio: 3.04 1008-1493 orient(+) score(1458.00) noncoding_equivalent(479.09) raw_noncoding(479.09) offset(0.00) 
1008	1493	single+	1	3	{Augustus_model.g1040.t1;Augustus},{GlimmerHMM_glimmerT_1118-T1;GlimmerHMM}

# EVM prediction: Mode:STANDARD S-ratio: 16.80 1671-2324 orient(+) score(2469.00) noncoding_equivalent(147.00) raw_noncoding(147.00) offset(0.00) 
1671	2324	single+	1	3	{Augustus_model.g1041.t1;Augustus},{GlimmerHMM_glimmerT_1119-T1;GlimmerHMM}

# EVM prediction: Mode:STANDARD S-ratio: 2.01 2395-3708 orient(-) score(2628.00) noncoding_equivalent(1308.63) raw_noncoding(1308.63) offset(0.00) 
3708	2395	single-	4	6	{GlimmerHMM_glimmerT_1120-T1;GlimmerHMM},{Augustus_model.g1042.t1;Augustus}

# EVM prediction: Mode:STANDARD S-ratio: 10000.00 3984-5720 orient(+) score(6948.00) noncoding_equivalent(0.69) raw_noncoding(0.00) offset(0.00) 
3984	5720	single+	1	3	{GlimmerHMM_glimmerT_1121-T1;GlimmerHMM},{Augustus_model.g1043.t1;Augustus}

# EVM prediction: Mode:STANDARD S-ratio: 10000.00 5915-6931 orient(-) score(3051.00) noncoding_equivalent(0.31) raw_noncoding(0.00) offset(0.00) 
6931	5915	single-	4	6	{Augustus_model.g1044.t1;Augustus},{GlimmerHMM_glimmerT_1122-T1;GlimmerHMM}

# EVM prediction: Mode:STANDARD S-ratio: 3.01 7291-8334 orient(+) score(3132.00) noncoding_equivalent(1041.01) raw_noncoding(1041.01) offset(0.00) 
7291	8334	single+	1	3	{Augustus_model.g1045.t1;Augustus},{GlimmerHMM_glimmerT_1123-T1;GlimmerHMM}

# EVM prediction: Mode:STANDARD S-ratio: 847.53 8865-10157 orient(+) score(5164.00) noncoding_equivalent(6.09) raw_noncoding(6.09) offset(0.00) 
8865	10157	single+	1	3	{GlimmerHMM_glimmerT_1124-T1;GlimmerHMM},{Augustus_model.g1046.t1;Augustus}

# EVM prediction: Mode:STANDARD S-ratio: 10000.00 10453-10773 orient(+) score(1284.00) noncoding_equivalent(0.13) raw_noncoding(0.00) offset(0.00) 
10453	10773	single+	1	3	{GlimmerHMM_glimmerT_1125-T1;GlimmerHMM},{Augustus_model.g1047.t1;Augustus}

# EVM prediction: Mode:STANDARD S-ratio: 92.11 11022-12293 orient(+) score(5032.00) noncoding_equivalent(54.63) raw_noncoding(54.63) offset(0.00) 
11022	12293	single+	1	3	{Augustus_model.g1048.t1;Augustus},{GlimmerHMM_glimmerT_1126-T1;GlimmerHMM}

# EVM prediction: Mode:STANDARD S-ratio: 80.43 12587-14866 orient(-) score(6756.00) noncoding_equivalent(84.00) raw_noncoding(84.00) offset(0.00) 
14866	12587	single-	4	6	{Augustus_model.g1049.t1;Augustus},{GlimmerHMM_glimmerT_1127-T1;GlimmerHMM}

# EVM prediction: Mode:STANDARD S-ratio: 27.29 16384-17868 orient(+) score(5730.00) noncoding_equivalent(210.00) raw_noncoding(210.00) offset(0.00) 
16384	17868	single+	1	3	{Augustus_model.g1050.t1;Augustus},{GlimmerHMM_glimmerT_1128-T1;GlimmerHMM}

# EVM prediction: Mode:STANDARD S-ratio: 5.00 18051-20573 orient(-) score(12615.00) noncoding_equivalent(2523.00) raw_noncoding(2523.00) offset(0.00) 
20573	18051	single-	4	6	{HiQ_model.g1051.t1;HiQ},{GlimmerHMM_glimmerT_1129-T1;GlimmerHMM}

# EVM prediction: Mode:STANDARD S-ratio: 5.00 21058-22041 orient(-) score(4920.00) noncoding_equivalent(984.00) raw_noncoding(984.00) offset(0.00) 
22041	21058	single-	4	6	{HiQ_model.g1052.t1;HiQ},{GlimmerHMM_glimmerT_1130-T1;GlimmerHMM}

# EVM prediction: Mode:STANDARD S-ratio: 288.61 22812-24194 orient(+) score(5511.00) noncoding_equivalent(19.10) raw_noncoding(19.10) offset(0.00) 
22812	24194	single+	1	3	{GlimmerHMM_glimmerT_1131-T1;GlimmerHMM},{Augustus_model.g1053.t1;Augustus}

# EVM prediction: Mode:STANDARD S-ratio: 5.00 24451-26430 orient(-) score(9900.00) noncoding_equivalent(1980.00) raw_noncoding(1980.00) offset(0.00) 
26430	24451	single-	4	6	{GlimmerHMM_glimmerT_1132-T1;GlimmerHMM},{HiQ_model.g1054.t1;HiQ}

# EVM prediction: Mode:STANDARD S-ratio: 31.15 27706-28959 orient(+) score(4860.00) noncoding_equivalent(156.00) raw_noncoding(156.00) offset(0.00) 
27706	28959	single+	1	3	{GlimmerHMM_glimmerT_1133-T1;GlimmerHMM},{Augustus_model.g1055.t1;Augustus}

# EVM prediction: Mode:STANDARD S-ratio: 5.00 29083-31068 orient(-) score(9930.00) noncoding_equivalent(1986.00) raw_noncoding(1986.00) offset(0.00) 
31068	29083	single-	4	6	{GlimmerHMM_glimmerT_1134-T1;GlimmerHMM},{HiQ_model.g1056.t1;HiQ}

# EVM prediction: Mode:STANDARD S-ratio: 2.01 31332-31817 orient(+) score(1944.00) noncoding_equivalent(966.77) raw_noncoding(966.77) offset(0.00) 
31332	31817	single+	1	3	{HiQ_model.g1057.t1;HiQ},{GlimmerHMM_glimmerT_1135-T1;GlimmerHMM}

# EVM prediction: Mode:STANDARD S-ratio: 10000.00 32816-33643 orient(+) score(3312.00) noncoding_equivalent(0.33) raw_noncoding(0.00) offset(0.00) 
32816	33643	single+	1	3	{GlimmerHMM_glimmerT_1136-T1;GlimmerHMM},{Augustus_model.g1058.t1;Augustus}

# EVM prediction: Mode:STANDARD S-ratio: 4.52 33697-34629 orient(-) score(4584.00) noncoding_equivalent(1014.00) raw_noncoding(1014.00) offset(0.00) 
34629	33697	single-	4	6	{HiQ_model.g1059.t1;HiQ},{GlimmerHMM_glimmerT_1137-T1;GlimmerHMM}

# EVM prediction: Mode:STANDARD S-ratio: 4.89 34991-35791 orient(-) score(3990.00) noncoding_equivalent(816.00) raw_noncoding(816.00) offset(0.00) 
35791	34991	single-	4	6	{GlimmerHMM_glimmerT_1138-T1;GlimmerHMM},{HiQ_model.g1060.t1;HiQ}

# EVM prediction: Mode:STANDARD S-ratio: 2.45 36268-37128 orient(-) score(4281.00) noncoding_equivalent(1745.51) raw_noncoding(1745.51) offset(0.00) 
37128	36268	single-	4	6	{GlimmerHMM_glimmerT_1139-T1;GlimmerHMM},{HiQ_model.g1061.t1;HiQ}

# EVM prediction: Mode:STANDARD S-ratio: 3.55 37452-38144 orient(+) score(2699.00) noncoding_equivalent(759.61) raw_noncoding(759.61) offset(0.00) 
37452	38144	single+	1	3	{GlimmerHMM_glimmerT_1140-T1;GlimmerHMM}

# EVM prediction: Mode:STANDARD S-ratio: 48.94 38424-39208 orient(+) score(2988.00) noncoding_equivalent(61.05) raw_noncoding(119.18) offset(58.13) 
38424	38431	initial+	1	2	{snap_scaffold_2-snap.345-T1;snap}
38432	38469	INTRON			{snap_scaffold_2-snap.345-T1;snap}
38470	39208	terminal+	3	3	{snap_scaffold_2-snap.345-T1;snap}

# EVM prediction: Mode:STANDARD S-ratio: 3.00 39634-40053 orient(+) score(1260.00) noncoding_equivalent(420.00) raw_noncoding(420.00) offset(0.00) 
39634	40053	single+	1	3	{Augustus_model.g1063.t1;Augustus},{GlimmerHMM_glimmerT_1142-T1;GlimmerHMM}

# EVM prediction: Mode:STANDARD S-ratio: 10000.00 40279-40728 orient(+) score(1800.00) noncoding_equivalent(0.18) raw_noncoding(0.00) offset(0.00) 
40279	40728	single+	1	3	{GlimmerHMM_glimmerT_1143-T1;GlimmerHMM},{Augustus_model.g1064.t1;Augustus}

# EVM prediction: Mode:STANDARD S-ratio: 4.84 40936-41838 orient(-) score(4488.00) noncoding_equivalent(928.22) raw_noncoding(928.22) offset(0.00) 
41838	40936	single-	4	6	{HiQ_model.g1065.t1;HiQ},{GlimmerHMM_glimmerT_1144-T1;GlimmerHMM}

# EVM prediction: Mode:STANDARD S-ratio: 1.94 42120-43076 orient(-) score(3783.00) noncoding_equivalent(1954.73) raw_noncoding(1954.73) offset(0.00) 
43076	42120	single-	4	6	{HiQ_model.g1066.t1;HiQ}

# EVM prediction: Mode:STANDARD S-ratio: 10000.00 43404-44111 orient(+) score(2832.00) noncoding_equivalent(0.28) raw_noncoding(0.00) offset(0.00) 
43404	44111	single+	1	3	{Augustus_model.g1067.t1;Augustus},{GlimmerHMM_glimmerT_1146-T1;GlimmerHMM}

# EVM prediction: Mode:STANDARD S-ratio: 157.05 45146-50257 orient(-) score(15237.00) noncoding_equivalent(97.02) raw_noncoding(97.02) offset(0.00) 
50257	45146	single-	4	6	{GlimmerHMM_glimmerT_1147-T1;GlimmerHMM}

# EVM prediction: Mode:STANDARD S-ratio: 32.16 51174-55592 orient(+) score(17343.00) noncoding_equivalent(539.34) raw_noncoding(539.34) offset(0.00) 
51174	55592	single+	1	3	{GlimmerHMM_glimmerT_1148-T1;GlimmerHMM}

# EVM prediction: Mode:STANDARD S-ratio: 1.02 55652-56524 orient(-) score(1746.00) noncoding_equivalent(1716.74) raw_noncoding(1716.74) offset(0.00) 
56524	55652	single-	4	6	{GlimmerHMM_glimmerT_1149-T1;GlimmerHMM}

# EVM prediction: Mode:STANDARD S-ratio: 4.51 57211-57851 orient(+) score(1701.00) noncoding_equivalent(377.02) raw_noncoding(933.71) offset(556.70) 
57211	57214	initial+	1	1	{snap_scaffold_2-snap.351-T1;snap}
57215	57585	INTRON			{snap_scaffold_2-snap.351-T1;snap}
57586	57851	terminal+	2	3	{Augustus_model.g1069.t1;Augustus},{snap_scaffold_2-snap.351-T1;snap}

# EVM prediction: Mode:STANDARD S-ratio: 46.63 58339-58950 orient(+) score(2397.00) noncoding_equivalent(51.41) raw_noncoding(51.41) offset(0.00) 
58339	58950	single+	1	3	{GlimmerHMM_glimmerT_1151-T1;GlimmerHMM}

# EVM prediction: Mode:STANDARD S-ratio: 1.66 59207-59893 orient(+) score(1717.00) noncoding_equivalent(1031.92) raw_noncoding(1031.92) offset(0.00) 
59207	59893	single+	1	3	{GlimmerHMM_glimmerT_1152-T1;GlimmerHMM}

# EVM prediction: Mode:STANDARD S-ratio: 140.46 60201-64070 orient(+) score(15367.00) noncoding_equivalent(109.40) raw_noncoding(109.40) offset(0.00) 
60201	64070	single+	1	3	{GlimmerHMM_glimmerT_1153-T1;GlimmerHMM}

# EVM prediction: Mode:STANDARD S-ratio: 3.00 64742-65320 orient(-) score(1737.00) noncoding_equivalent(579.00) raw_noncoding(579.00) offset(0.00) 
65320	64742	single-	4	6	{GlimmerHMM_glimmerT_1154-T1;GlimmerHMM}

# EVM prediction: Mode:STANDARD S-ratio: 9.49 65598-67037 orient(+) score(5211.00) noncoding_equivalent(549.00) raw_noncoding(549.00) offset(0.00) 
65598	67037	single+	1	3	{Augustus_model.g1072.t1;Augustus},{GlimmerHMM_glimmerT_1155-T1;GlimmerHMM}

# EVM prediction: Mode:STANDARD S-ratio: 4.53 67229-67684 orient(-) score(2240.00) noncoding_equivalent(494.16) raw_noncoding(494.16) offset(0.00) 
67684	67229	single-	4	6	{HiQ_model.g1073.t1;HiQ},{GlimmerHMM_glimmerT_1156-T1;GlimmerHMM}

# EVM prediction: Mode:STANDARD S-ratio: 149.59 68433-70673 orient(+) score(9005.00) noncoding_equivalent(60.20) raw_noncoding(60.20) offset(0.00) 
68433	70673	single+	1	3	{GlimmerHMM_glimmerT_1157-T1;GlimmerHMM}

# EVM prediction: Mode:STANDARD S-ratio: 1.52 70963-72270 orient(+) score(3153.00) noncoding_equivalent(2078.78) raw_noncoding(2078.78) offset(0.00) 
70963	72270	single+	1	3	{GlimmerHMM_glimmerT_1158-T1;GlimmerHMM}

# EVM prediction: Mode:STANDARD S-ratio: 11.61 72443-74132 orient(+) score(5434.00) noncoding_equivalent(468.03) raw_noncoding(1276.76) offset(808.73) 
72443	72446	initial+	1	1	{snap_scaffold_2-snap.357-T1;snap}
72447	72699	INTRON			{snap_scaffold_2-snap.357-T1;snap}
72700	72707	internal+	2	3	{snap_scaffold_2-snap.357-T1;snap}
72708	72860	INTRON			{snap_scaffold_2-snap.357-T1;snap}
72861	74132	terminal+	1	3	{snap_scaffold_2-snap.357-T1;snap},{Augustus_model.g1074.t1;Augustus}

# EVM prediction: Mode:STANDARD S-ratio: 75.43 74512-77874 orient(+) score(9957.00) noncoding_equivalent(132.00) raw_noncoding(132.00) offset(0.00) 
74512	77874	single+	1	3	{GlimmerHMM_glimmerT_1160-T1;GlimmerHMM},{Augustus_model.g1075.t1;Augustus}

# EVM prediction: Mode:STANDARD S-ratio: 2.00 78518-78748 orient(-) score(924.00) noncoding_equivalent(462.00) raw_noncoding(462.00) offset(0.00) 
78748	78518	single-	4	6	{GlimmerHMM_glimmerT_1161-T1;GlimmerHMM},{HiQ_model.g1076.t1;HiQ}

# EVM prediction: Mode:STANDARD S-ratio: 2.87 79020-79748 orient(+) score(2161.00) noncoding_equivalent(753.21) raw_noncoding(753.21) offset(0.00) 
79020	79748	single+	1	3	{GlimmerHMM_glimmerT_1162-T1;GlimmerHMM}

# EVM prediction: Mode:STANDARD S-ratio: 4.97 79865-81430 orient(-) score(7820.00) noncoding_equivalent(1574.02) raw_noncoding(1574.02) offset(0.00) 
81430	79865	single-	4	6	{HiQ_model.g1077.t1;HiQ},{GlimmerHMM_glimmerT_1163-T1;GlimmerHMM}

# EVM prediction: Mode:STANDARD S-ratio: 2.69 82728-84089 orient(-) score(5958.00) noncoding_equivalent(2214.00) raw_noncoding(2214.00) offset(0.00) 
84089	82728	single-	4	6	{GlimmerHMM_glimmerT_1164-T1;GlimmerHMM},{HiQ_model.g1078.t1;HiQ}

# EVM prediction: Mode:STANDARD S-ratio: 4.31 84621-86384 orient(-) score(8589.00) noncoding_equivalent(1995.00) raw_noncoding(1995.00) offset(0.00) 
86384	84621	single-	4	6	{HiQ_model.g1079.t1;HiQ},{GlimmerHMM_glimmerT_1165-T1;GlimmerHMM}

# EVM prediction: Mode:STANDARD S-ratio: 4.97 86822-88357 orient(-) score(7883.00) noncoding_equivalent(1587.00) raw_noncoding(1587.00) offset(0.00) 
88357	86822	single-	4	6	{GlimmerHMM_glimmerT_1166-T1;GlimmerHMM},{HiQ_model.g1080.t1;HiQ}

# EVM prediction: Mode:STANDARD S-ratio: 2.77 89053-89925 orient(-) score(3849.00) noncoding_equivalent(1389.00) raw_noncoding(1389.00) offset(0.00) 
89925	89053	single-	4	6	{HiQ_model.g1081.t1;HiQ},{GlimmerHMM_glimmerT_1167-T1;GlimmerHMM}

# EVM prediction: Mode:STANDARD S-ratio: 5.88 90247-91178 orient(-) score(2927.00) noncoding_equivalent(498.02) raw_noncoding(1311.17) offset(813.15) 
90764	90247	terminal-	5	6	{snap_scaffold_2-snap.365-T1;snap},{Augustus_model.g1082.t1;Augustus}
91171	90765	INTRON			{Augustus_model.g1082.t1;Augustus}
91178	91172	initial-	4	4	{Augustus_model.g1082.t1;Augustus}

# EVM prediction: Mode:STANDARD S-ratio: 4.88 91855-92871 orient(-) score(5063.00) noncoding_equivalent(1037.08) raw_noncoding(1037.08) offset(0.00) 
92871	91855	single-	4	6	{HiQ_model.g1083.t1;HiQ},{GlimmerHMM_glimmerT_1169-T1;GlimmerHMM}

# EVM prediction: Mode:STANDARD S-ratio: 9.12 95009-95797 orient(+) score(2844.00) noncoding_equivalent(312.00) raw_noncoding(312.00) offset(0.00) 
95009	95797	single+	1	3	{Augustus_model.g1084.t1;Augustus}

# EVM prediction: Mode:STANDARD S-ratio: 4.79 96233-97552 orient(-) score(6551.00) noncoding_equivalent(1367.12) raw_noncoding(1367.12) offset(0.00) 
97552	96233	single-	4	6	{HiQ_model.g1085.t1;HiQ},{GlimmerHMM_glimmerT_1171-T1;GlimmerHMM}

