# EVM prediction: Mode:STANDARD S-ratio: 10000.00 11693-13175 orient(-) score(2966.00) noncoding_equivalent(0.30) raw_noncoding(0.00) offset(0.00)
11695	11693	terminal-	4	6	{Augustus_gene221.t1;Augustus}
11756	11696	INTRON			{Augustus_gene221.t1;Augustus}
12703	11757	internal-	5	6	{Augustus_gene221.t1;Augustus}
12748	12704	INTRON			{Augustus_gene221.t1;Augustus}
13175	12749	initial-	4	4	{Augustus_gene221.t1;Augustus}

# EVM prediction: Mode:STANDARD S-ratio: 10000.00 17146-18810 orient(+) score(3330.00) noncoding_equivalent(0.33) raw_noncoding(0.00) offset(0.00)
17146	18810	single+	1	3	{Augustus_gene552.t1;Augustus}

# EVM prediction: Mode:STANDARD S-ratio: 10000.00 26930-27862 orient(+) score(1866.00) noncoding_equivalent(0.19) raw_noncoding(0.00) offset(0.00)
26930	27862	single+	1	3	{Augustus_gene705.t1;Augustus}

# EVM prediction: Mode:STANDARD S-ratio: 10000.00 50031-50954 orient(-) score(1848.00) noncoding_equivalent(0.18) raw_noncoding(0.00) offset(0.00)
50954	50031	single-	4	6	{Augustus_gene1183.t1;Augustus}

# EVM prediction: Mode:STANDARD S-ratio: 10000.00 56773-57453 orient(+) score(1362.00) noncoding_equivalent(0.14) raw_noncoding(0.00) offset(0.00)
56773	57453	single+	1	3	{Augustus_gene257.t1;Augustus}

# EVM prediction: Mode:STANDARD S-ratio: 10000.00 57866-58687 orient(-) score(1644.00) noncoding_equivalent(0.16) raw_noncoding(0.00) offset(0.00)
58687	57866	single-	4	6	{Augustus_gene464.t1;Augustus}

# EVM prediction: Mode:STANDARD S-ratio: 10000.00 68294-69700 orient(+) score(2814.00) noncoding_equivalent(0.28) raw_noncoding(0.00) offset(0.00)
68294	69700	single+	1	3	{Augustus_gene1125.t1;Augustus}

# EVM prediction: Mode:STANDARD S-ratio: 10000.00 78335-79690 orient(-) score(2712.00) noncoding_equivalent(0.27) raw_noncoding(0.00) offset(0.00)
79690	78335	single-	4	6	{Augustus_gene553.t1;Augustus}

# EVM prediction: Mode:STANDARD S-ratio: 10000.00 81195-86739 orient(-) score(11090.00) noncoding_equivalent(1.11) raw_noncoding(0.00) offset(0.00)
81207	81195	terminal-	6	6	{Augustus_gene1164.t1;Augustus}
81768	81208	INTRON			{Augustus_gene1164.t1;Augustus}
81784	81769	internal-	5	5	{Augustus_gene1164.t1;Augustus}
82333	81785	INTRON			{Augustus_gene1164.t1;Augustus}
82343	82334	internal-	4	4	{Augustus_gene1164.t1;Augustus}
83999	82344	INTRON			{Augustus_gene1164.t1;Augustus}
84011	84000	internal-	4	6	{Augustus_gene1164.t1;Augustus}
84104	84012	INTRON			{Augustus_gene1164.t1;Augustus}
84124	84105	internal-	5	6	{Augustus_gene1164.t1;Augustus}
86063	84125	INTRON			{Augustus_gene1164.t1;Augustus}
86739	86064	initial-	4	4	{Augustus_gene1164.t1;Augustus}

# EVM prediction: Mode:STANDARD S-ratio: 10000.00 95791-97371 orient(-) score(3162.00) noncoding_equivalent(0.32) raw_noncoding(0.00) offset(0.00)
97371	95791	single-	4	6	{Augustus_gene1018.t1;Augustus}

# EVM prediction: Mode:STANDARD S-ratio: 10000.00 108845-110077 orient(+) score(2466.00) noncoding_equivalent(0.25) raw_noncoding(0.00) offset(0.00)
108845	110077	single+	1	3	{Augustus_gene453.t1;Augustus}

# EVM prediction: Mode:STANDARD S-ratio: 10000.00 135500-137158 orient(+) score(3318.00) noncoding_equivalent(0.33) raw_noncoding(0.00) offset(0.00)
135500	137158	single+	1	3	{Augustus_gene554.t1;Augustus}

# EVM prediction: Mode:STANDARD S-ratio: 10000.00 138672-140570 orient(-) score(3798.00) noncoding_equivalent(0.38) raw_noncoding(0.00) offset(0.00)
138699	138672	terminal-	6	6	{Augustus_gene1173.t1;Augustus}
139066	138700	INTRON			{Augustus_gene1173.t1;Augustus}
140090	139067	internal-	5	5	{Augustus_gene1173.t1;Augustus}
140183	140091	INTRON			{Augustus_gene1173.t1;Augustus}
140236	140184	internal-	6	4	{Augustus_gene1173.t1;Augustus}
140556	140237	INTRON			{Augustus_gene1173.t1;Augustus}
140570	140557	initial-	4	5	{Augustus_gene1173.t1;Augustus}

# EVM prediction: Mode:STANDARD S-ratio: 10000.00 145139-145876 orient(-) score(1476.00) noncoding_equivalent(0.15) raw_noncoding(0.00) offset(0.00)
145876	145139	single-	4	6	{Augustus_gene13.t1;Augustus}

# EVM prediction: Mode:STANDARD S-ratio: 10000.00 151871-153001 orient(+) score(2262.00) noncoding_equivalent(0.23) raw_noncoding(0.00) offset(0.00)
151871	153001	single+	1	3	{Augustus_gene102.t1;Augustus}

# EVM prediction: Mode:STANDARD S-ratio: 10000.00 153219-158057 orient(-) score(9678.00) noncoding_equivalent(0.97) raw_noncoding(0.00) offset(0.00)
158057	153219	single-	4	6	{Augustus_gene194.t1;Augustus}

# EVM prediction: Mode:STANDARD S-ratio: 10000.00 164790-165326 orient(+) score(1074.00) noncoding_equivalent(0.11) raw_noncoding(0.00) offset(0.00)
164790	165326	single+	1	3	{Augustus_gene193.t1;Augustus}

# EVM prediction: Mode:STANDARD S-ratio: 10000.00 174220-178155 orient(-) score(7872.00) noncoding_equivalent(0.79) raw_noncoding(0.00) offset(0.00)
178155	174220	single-	4	6	{Augustus_gene413.t1;Augustus}

# EVM prediction: Mode:STANDARD S-ratio: 10000.00 202775-204103 orient(-) score(2658.00) noncoding_equivalent(0.27) raw_noncoding(0.00) offset(0.00)
204103	202775	single-	4	6	{Augustus_gene750.t1;Augustus}

# EVM prediction: Mode:STANDARD S-ratio: 10000.00 206428-208860 orient(-) score(4866.00) noncoding_equivalent(0.49) raw_noncoding(0.00) offset(0.00)
208860	206428	single-	4	6	{Augustus_gene1135.t1;Augustus}

# EVM prediction: Mode:STANDARD S-ratio: 10000.00 212515-213912 orient(-) score(2796.00) noncoding_equivalent(0.28) raw_noncoding(0.00) offset(0.00)
213912	212515	single-	4	6	{Augustus_gene1147.t1;Augustus}

# EVM prediction: Mode:STANDARD S-ratio: 10000.00 216435-216914 orient(+) score(960.00) noncoding_equivalent(0.10) raw_noncoding(0.00) offset(0.00)
216435	216914	single+	1	3	{Augustus_gene615.t1;Augustus}

# EVM prediction: Mode:STANDARD S-ratio: 10000.00 224406-225365 orient(-) score(1920.00) noncoding_equivalent(0.19) raw_noncoding(0.00) offset(0.00)
225239	224406	terminal-	4	6	{Augustus_gene696.t1;Augustus}
225338	225240	INTRON			{Augustus_gene696.t1;Augustus}
225365	225339	initial-	4	6	{Augustus_gene696.t1;Augustus}

# EVM prediction: Mode:STANDARD S-ratio: 10000.00 228937-229500 orient(+) score(1128.00) noncoding_equivalent(0.11) raw_noncoding(0.00) offset(0.00)
228937	229500	single+	1	3	{Augustus_gene1130.t1;Augustus}

# EVM prediction: Mode:STANDARD S-ratio: 10000.00 229734-230777 orient(-) score(2088.00) noncoding_equivalent(0.21) raw_noncoding(0.00) offset(0.00)
230777	229734	single-	4	6	{Augustus_gene66.t1;Augustus}

# EVM prediction: Mode:STANDARD S-ratio: 10000.00 234771-235952 orient(-) score(2364.00) noncoding_equivalent(0.24) raw_noncoding(0.00) offset(0.00)
235952	234771	single-	4	6	{Augustus_gene443.t1;Augustus}

# EVM prediction: Mode:STANDARD S-ratio: 10000.00 241989-243029 orient(-) score(2082.00) noncoding_equivalent(0.21) raw_noncoding(0.00) offset(0.00)
243029	241989	single-	4	6	{Augustus_gene740.t1;Augustus}

# EVM prediction: Mode:STANDARD S-ratio: 10000.00 243225-244064 orient(+) score(1680.00) noncoding_equivalent(0.17) raw_noncoding(0.00) offset(0.00)
243225	244064	single+	1	3	{Augustus_gene140.t1;Augustus}

# EVM prediction: Mode:STANDARD S-ratio: 10000.00 247707-250868 orient(+) score(6324.00) noncoding_equivalent(0.63) raw_noncoding(0.00) offset(0.00)
247707	250868	single+	1	3	{Augustus_gene372.t1;Augustus}

# EVM prediction: Mode:STANDARD S-ratio: 10000.00 272193-272663 orient(+) score(942.00) noncoding_equivalent(0.09) raw_noncoding(0.00) offset(0.00)
272193	272663	single+	1	3	{Augustus_gene940.t1;Augustus}

# EVM prediction: Mode:STANDARD S-ratio: 10000.00 291133-294966 orient(+) score(7668.00) noncoding_equivalent(0.77) raw_noncoding(0.00) offset(0.00)
291133	294966	single+	1	3	{Augustus_gene483.t1;Augustus}

# EVM prediction: Mode:STANDARD S-ratio: 10000.00 295178-296737 orient(-) score(3120.00) noncoding_equivalent(0.31) raw_noncoding(0.00) offset(0.00)
296737	295178	single-	4	6	{Augustus_gene304.t1;Augustus}

# EVM prediction: Mode:STANDARD S-ratio: 10000.00 321145-323046 orient(+) score(3804.00) noncoding_equivalent(0.38) raw_noncoding(0.00) offset(0.00)
321145	321243	initial+	1	3	{Augustus_gene342.t1;Augustus}
321244	322059	INTRON			{Augustus_gene342.t1;Augustus}
322060	323046	terminal+	1	3	{Augustus_gene342.t1;Augustus}

# EVM prediction: Mode:STANDARD S-ratio: 10000.00 327481-328581 orient(+) score(2202.00) noncoding_equivalent(0.22) raw_noncoding(0.00) offset(0.00)
327481	328581	single+	1	3	{Augustus_gene438.t1;Augustus}

# EVM prediction: Mode:STANDARD S-ratio: 10000.00 341971-343033 orient(-) score(2126.00) noncoding_equivalent(0.21) raw_noncoding(0.00) offset(0.00)
342005	341971	terminal-	5	6	{Augustus_gene150.t1;Augustus}
342090	342006	INTRON			{Augustus_gene150.t1;Augustus}
343033	342091	initial-	4	4	{Augustus_gene150.t1;Augustus}

# EVM prediction: Mode:STANDARD S-ratio: 10000.00 368093-370513 orient(-) score(4842.00) noncoding_equivalent(0.48) raw_noncoding(0.00) offset(0.00)
370513	368093	single-	4	6	{Augustus_gene452.t1;Augustus}

# EVM prediction: Mode:STANDARD S-ratio: 10000.00 386100-387020 orient(-) score(1842.00) noncoding_equivalent(0.18) raw_noncoding(0.00) offset(0.00)
387020	386100	single-	4	6	{Augustus_gene208.t1;Augustus}

# EVM prediction: Mode:STANDARD S-ratio: 10000.00 392754-394787 orient(+) score(4068.00) noncoding_equivalent(0.41) raw_noncoding(0.00) offset(0.00)
392754	394787	single+	1	3	{Augustus_gene664.t1;Augustus}

# EVM prediction: Mode:STANDARD S-ratio: 10000.00 395053-396378 orient(-) score(2652.00) noncoding_equivalent(0.27) raw_noncoding(0.00) offset(0.00)
396378	395053	single-	4	6	{Augustus_gene12.t1;Augustus}

# EVM prediction: Mode:STANDARD S-ratio: 10000.00 412267-412872 orient(-) score(1212.00) noncoding_equivalent(0.12) raw_noncoding(0.00) offset(0.00)
412872	412267	single-	4	6	{Augustus_gene931.t1;Augustus}

# EVM prediction: Mode:STANDARD S-ratio: 10000.00 413035-413472 orient(-) score(876.00) noncoding_equivalent(0.09) raw_noncoding(0.00) offset(0.00)
413472	413035	single-	4	6	{Augustus_gene996.t1;Augustus}

# EVM prediction: Mode:STANDARD S-ratio: 10000.00 413981-416035 orient(+) score(4110.00) noncoding_equivalent(0.41) raw_noncoding(0.00) offset(0.00)
413981	416035	single+	1	3	{Augustus_gene674.t1;Augustus}

# EVM prediction: Mode:STANDARD S-ratio: 10000.00 416195-420028 orient(-) score(7668.00) noncoding_equivalent(0.77) raw_noncoding(0.00) offset(0.00)
420028	416195	single-	4	6	{Augustus_gene366.t1;Augustus}

# EVM prediction: Mode:STANDARD S-ratio: 10000.00 421483-422148 orient(-) score(1332.00) noncoding_equivalent(0.13) raw_noncoding(0.00) offset(0.00)
422148	421483	single-	4	6	{Augustus_gene610.t1;Augustus}

# EVM prediction: Mode:STANDARD S-ratio: 10000.00 422502-424727 orient(-) score(4452.00) noncoding_equivalent(0.45) raw_noncoding(0.00) offset(0.00)
424727	422502	single-	4	6	{Augustus_gene96.t1;Augustus}

# EVM prediction: Mode:STANDARD S-ratio: 10000.00 451631-453478 orient(-) score(3696.00) noncoding_equivalent(0.37) raw_noncoding(0.00) offset(0.00)
453478	451631	single-	4	6	{Augustus_gene28.t1;Augustus}

# EVM prediction: Mode:STANDARD S-ratio: 10000.00 454014-455555 orient(+) score(3084.00) noncoding_equivalent(0.31) raw_noncoding(0.00) offset(0.00)
454014	455555	single+	1	3	{Augustus_gene165.t1;Augustus}

# EVM prediction: Mode:STANDARD S-ratio: 10000.00 459423-460526 orient(-) score(2208.00) noncoding_equivalent(0.22) raw_noncoding(0.00) offset(0.00)
460526	459423	single-	4	6	{Augustus_gene904.t1;Augustus}

# EVM prediction: Mode:STANDARD S-ratio: 10000.00 466299-468161 orient(+) score(3726.00) noncoding_equivalent(0.37) raw_noncoding(0.00) offset(0.00)
466299	468161	single+	1	3	{Augustus_gene234.t1;Augustus}

# EVM prediction: Mode:STANDARD S-ratio: 10000.00 478300-480189 orient(-) score(3780.00) noncoding_equivalent(0.38) raw_noncoding(0.00) offset(0.00)
480189	478300	single-	4	6	{Augustus_gene1114.t1;Augustus}

# EVM prediction: Mode:STANDARD S-ratio: 10000.00 484161-490245 orient(+) score(12170.00) noncoding_equivalent(1.22) raw_noncoding(0.00) offset(0.00)
484161	486135	initial+	1	1	{Augustus_gene845.t1;Augustus}
486136	486583	INTRON			{Augustus_gene845.t1;Augustus}
486584	490245	terminal+	2	3	{Augustus_gene845.t1;Augustus}

# EVM prediction: Mode:STANDARD S-ratio: 10000.00 494998-496281 orient(+) score(2568.00) noncoding_equivalent(0.26) raw_noncoding(0.00) offset(0.00)
494998	496281	single+	1	3	{Augustus_gene255.t1;Augustus}

# EVM prediction: Mode:STANDARD S-ratio: 10000.00 499455-500687 orient(-) score(2466.00) noncoding_equivalent(0.25) raw_noncoding(0.00) offset(0.00)
499877	499455	terminal-	4	6	{Augustus_gene201.t1;Augustus}
500150	499878	INTRON			{Augustus_gene201.t1;Augustus}
500687	500151	initial-	4	6	{Augustus_gene201.t1;Augustus}

# EVM prediction: Mode:STANDARD S-ratio: 10000.00 517977-520445 orient(+) score(4938.00) noncoding_equivalent(0.49) raw_noncoding(0.00) offset(0.00)
517977	520445	single+	1	3	{Augustus_gene200.t1;Augustus}

# EVM prediction: Mode:STANDARD S-ratio: 10000.00 523695-527498 orient(+) score(7608.00) noncoding_equivalent(0.76) raw_noncoding(0.00) offset(0.00)
523695	527498	single+	1	3	{Augustus_gene327.t1;Augustus}

# EVM prediction: Mode:STANDARD S-ratio: 10000.00 527803-531816 orient(+) score(8028.00) noncoding_equivalent(0.80) raw_noncoding(0.00) offset(0.00)
527803	531816	single+	1	3	{Augustus_gene929.t1;Augustus}

# EVM prediction: Mode:STANDARD S-ratio: 10000.00 533162-534697 orient(-) score(3072.00) noncoding_equivalent(0.31) raw_noncoding(0.00) offset(0.00)
534697	533162	single-	4	6	{Augustus_gene164.t1;Augustus}

# EVM prediction: Mode:STANDARD S-ratio: 10000.00 534943-535569 orient(-) score(1254.00) noncoding_equivalent(0.13) raw_noncoding(0.00) offset(0.00)
535569	534943	single-	4	6	{Augustus_gene18.t1;Augustus}

# EVM prediction: Mode:STANDARD S-ratio: 10000.00 542977-545388 orient(-) score(4824.00) noncoding_equivalent(0.48) raw_noncoding(0.00) offset(0.00)
544696	542977	terminal-	6	6	{Augustus_gene706.t1;Augustus}
545377	544697	INTRON			{Augustus_gene706.t1;Augustus}
545388	545378	initial-	4	5	{Augustus_gene706.t1;Augustus}

# EVM prediction: Mode:STANDARD S-ratio: 10000.00 547713-549182 orient(+) score(2940.00) noncoding_equivalent(0.29) raw_noncoding(0.00) offset(0.00)
547713	549182	single+	1	3	{Augustus_gene917.t1;Augustus}

# EVM prediction: Mode:STANDARD S-ratio: 10000.00 557480-558523 orient(-) score(2088.00) noncoding_equivalent(0.21) raw_noncoding(0.00) offset(0.00)
558523	557480	single-	4	6	{Augustus_gene131.t1;Augustus}

# EVM prediction: Mode:STANDARD S-ratio: 10000.00 572247-572714 orient(+) score(936.00) noncoding_equivalent(0.09) raw_noncoding(0.00) offset(0.00)
572247	572714	single+	1	3	{Augustus_gene681.t1;Augustus}

# EVM prediction: Mode:STANDARD S-ratio: 10000.00 590039-592627 orient(-) score(5178.00) noncoding_equivalent(0.52) raw_noncoding(0.00) offset(0.00)
592627	590039	single-	4	6	{Augustus_gene941.t1;Augustus}

# EVM prediction: Mode:STANDARD S-ratio: 10000.00 594885-597194 orient(+) score(4620.00) noncoding_equivalent(0.46) raw_noncoding(0.00) offset(0.00)
594885	597194	single+	1	3	{Augustus_gene592.t1;Augustus}

# EVM prediction: Mode:STANDARD S-ratio: 10000.00 629408-631969 orient(+) score(5124.00) noncoding_equivalent(0.51) raw_noncoding(0.00) offset(0.00)
629408	631969	single+	1	3	{Augustus_gene685.t1;Augustus}

# EVM prediction: Mode:STANDARD S-ratio: 10000.00 637499-640603 orient(+) score(6210.00) noncoding_equivalent(0.62) raw_noncoding(0.00) offset(0.00)
637499	640603	single+	1	3	{Augustus_gene533.t1;Augustus}

# EVM prediction: Mode:STANDARD S-ratio: 10000.00 640907-644576 orient(-) score(7340.00) noncoding_equivalent(0.73) raw_noncoding(0.00) offset(0.00)
640947	640907	terminal-	5	6	{Augustus_gene22.t1;Augustus}
640990	640948	INTRON			{Augustus_gene22.t1;Augustus}
644576	640991	initial-	4	4	{Augustus_gene22.t1;Augustus}

# EVM prediction: Mode:STANDARD S-ratio: 10000.00 650176-650811 orient(+) score(1272.00) noncoding_equivalent(0.13) raw_noncoding(0.00) offset(0.00)
650176	650811	single+	1	3	{Augustus_gene496.t1;Augustus}

# EVM prediction: Mode:STANDARD S-ratio: 10000.00 658544-659197 orient(-) score(1308.00) noncoding_equivalent(0.13) raw_noncoding(0.00) offset(0.00)
659197	658544	single-	4	6	{Augustus_gene420.t1;Augustus}

# EVM prediction: Mode:STANDARD S-ratio: 10000.00 665844-667043 orient(-) score(2400.00) noncoding_equivalent(0.24) raw_noncoding(0.00) offset(0.00)
666932	665844	terminal-	4	6	{Augustus_gene547.t1;Augustus}
667016	666933	INTRON			{Augustus_gene547.t1;Augustus}
667043	667017	initial-	4	6	{Augustus_gene547.t1;Augustus}

# EVM prediction: Mode:STANDARD S-ratio: 10000.00 668491-669654 orient(+) score(2328.00) noncoding_equivalent(0.23) raw_noncoding(0.00) offset(0.00)
668491	669654	single+	1	3	{Augustus_gene282.t1;Augustus}

# EVM prediction: Mode:STANDARD S-ratio: 10000.00 689082-690509 orient(+) score(2856.00) noncoding_equivalent(0.29) raw_noncoding(0.00) offset(0.00)
689082	690509	single+	1	3	{Augustus_gene605.t1;Augustus}

# EVM prediction: Mode:STANDARD S-ratio: 10000.00 693380-696482 orient(+) score(6206.00) noncoding_equivalent(0.62) raw_noncoding(0.00) offset(0.00)
693380	695105	initial+	1	1	{Augustus_gene797.t1;Augustus}
695106	695439	INTRON			{Augustus_gene797.t1;Augustus}
695440	696482	terminal+	2	3	{Augustus_gene797.t1;Augustus}

# EVM prediction: Mode:STANDARD S-ratio: 10000.00 703578-706886 orient(-) score(6618.00) noncoding_equivalent(0.66) raw_noncoding(0.00) offset(0.00)
706886	703578	single-	4	6	{Augustus_gene1020.t1;Augustus}

# EVM prediction: Mode:STANDARD S-ratio: 10000.00 716714-718129 orient(+) score(2832.00) noncoding_equivalent(0.28) raw_noncoding(0.00) offset(0.00)
716714	718129	single+	1	3	{Augustus_gene465.t1;Augustus}

# EVM prediction: Mode:STANDARD S-ratio: 10000.00 718574-720652 orient(-) score(4158.00) noncoding_equivalent(0.42) raw_noncoding(0.00) offset(0.00)
720652	718574	single-	4	6	{Augustus_gene93.t1;Augustus}

# EVM prediction: Mode:STANDARD S-ratio: 10000.00 722612-724384 orient(-) score(3546.00) noncoding_equivalent(0.35) raw_noncoding(0.00) offset(0.00)
724384	722612	single-	4	6	{Augustus_gene1054.t1;Augustus}

# EVM prediction: Mode:STANDARD S-ratio: 10000.00 725933-731122 orient(-) score(10380.00) noncoding_equivalent(1.04) raw_noncoding(0.00) offset(0.00)
731122	725933	single-	4	6	{Augustus_gene526.t1;Augustus}

# EVM prediction: Mode:STANDARD S-ratio: 10000.00 733544-736633 orient(+) score(6180.00) noncoding_equivalent(0.62) raw_noncoding(0.00) offset(0.00)
733544	736633	single+	1	3	{Augustus_gene1192.t1;Augustus}

# EVM prediction: Mode:STANDARD S-ratio: 10000.00 741511-742734 orient(-) score(2448.00) noncoding_equivalent(0.24) raw_noncoding(0.00) offset(0.00)
742734	741511	single-	4	6	{Augustus_gene1209.t1;Augustus}

# EVM prediction: Mode:STANDARD S-ratio: 10000.00 742970-743443 orient(+) score(948.00) noncoding_equivalent(0.09) raw_noncoding(0.00) offset(0.00)
742970	743443	single+	1	3	{Augustus_gene1198.t1;Augustus}

# EVM prediction: Mode:STANDARD S-ratio: 10000.00 749929-751152 orient(-) score(2448.00) noncoding_equivalent(0.24) raw_noncoding(0.00) offset(0.00)
751152	749929	single-	4	6	{Augustus_gene383.t1;Augustus}

# EVM prediction: Mode:STANDARD S-ratio: 10000.00 751960-752904 orient(+) score(1890.00) noncoding_equivalent(0.19) raw_noncoding(0.00) offset(0.00)
751960	752904	single+	1	3	{Augustus_gene422.t1;Augustus}

# EVM prediction: Mode:STANDARD S-ratio: 10000.00 758516-758830 orient(-) score(630.00) noncoding_equivalent(0.06) raw_noncoding(0.00) offset(0.00)
758830	758516	single-	4	6	{Augustus_gene992.t1;Augustus}

# EVM prediction: Mode:STANDARD S-ratio: 10000.00 763350-768038 orient(-) score(9378.00) noncoding_equivalent(0.94) raw_noncoding(0.00) offset(0.00)
765853	763350	terminal-	5	6	{Augustus_gene117.t1;Augustus}
766105	765854	INTRON			{Augustus_gene117.t1;Augustus}
768038	766106	initial-	4	4	{Augustus_gene117.t1;Augustus}

# EVM prediction: Mode:STANDARD S-ratio: 10000.00 784620-788882 orient(-) score(8526.00) noncoding_equivalent(0.85) raw_noncoding(0.00) offset(0.00)
788882	784620	single-	4	6	{Augustus_gene308.t1;Augustus}

# EVM prediction: Mode:STANDARD S-ratio: 10000.00 789377-789838 orient(-) score(924.00) noncoding_equivalent(0.09) raw_noncoding(0.00) offset(0.00)
789838	789377	single-	4	6	{Augustus_gene377.t1;Augustus}

# EVM prediction: Mode:STANDARD S-ratio: 10000.00 793725-794666 orient(+) score(1884.00) noncoding_equivalent(0.19) raw_noncoding(0.00) offset(0.00)
793725	794666	single+	1	3	{Augustus_gene731.t1;Augustus}

# EVM prediction: Mode:STANDARD S-ratio: 10000.00 809622-810776 orient(-) score(2310.00) noncoding_equivalent(0.23) raw_noncoding(0.00) offset(0.00)
810776	809622	single-	4	6	{Augustus_gene90.t1;Augustus}

# EVM prediction: Mode:STANDARD S-ratio: 10000.00 814363-815310 orient(-) score(1896.00) noncoding_equivalent(0.19) raw_noncoding(0.00) offset(0.00)
815310	814363	single-	4	6	{Augustus_gene249.t1;Augustus}

# EVM prediction: Mode:STANDARD S-ratio: 10000.00 818826-819947 orient(+) score(2244.00) noncoding_equivalent(0.22) raw_noncoding(0.00) offset(0.00)
818826	819947	single+	1	3	{Augustus_gene1168.t1;Augustus}

# EVM prediction: Mode:STANDARD S-ratio: 10000.00 835325-836809 orient(-) score(2970.00) noncoding_equivalent(0.30) raw_noncoding(0.00) offset(0.00)
836809	835325	single-	4	6	{Augustus_gene671.t1;Augustus}

# EVM prediction: Mode:STANDARD S-ratio: 10000.00 838186-839994 orient(+) score(3618.00) noncoding_equivalent(0.36) raw_noncoding(0.00) offset(0.00)
838186	839994	single+	1	3	{Augustus_gene273.t1;Augustus}

# EVM prediction: Mode:STANDARD S-ratio: 10000.00 842435-846027 orient(-) score(7186.00) noncoding_equivalent(0.72) raw_noncoding(0.00) offset(0.00)
844908	842435	terminal-	5	6	{Augustus_gene748.t1;Augustus}
845024	844909	INTRON			{Augustus_gene748.t1;Augustus}
845050	845025	internal-	6	4	{Augustus_gene748.t1;Augustus}
845761	845051	INTRON			{Augustus_gene748.t1;Augustus}
846027	845762	initial-	4	5	{Augustus_gene748.t1;Augustus}

# EVM prediction: Mode:STANDARD S-ratio: 10000.00 850073-851590 orient(-) score(3036.00) noncoding_equivalent(0.30) raw_noncoding(0.00) offset(0.00)
851590	850073	single-	4	6	{Augustus_gene756.t1;Augustus}

# EVM prediction: Mode:STANDARD S-ratio: 10000.00 855398-856792 orient(-) score(2790.00) noncoding_equivalent(0.28) raw_noncoding(0.00) offset(0.00)
856792	855398	single-	4	6	{Augustus_gene742.t1;Augustus}

# EVM prediction: Mode:STANDARD S-ratio: 10000.00 865558-867090 orient(-) score(3066.00) noncoding_equivalent(0.31) raw_noncoding(0.00) offset(0.00)
867090	865558	single-	4	6	{Augustus_gene739.t1;Augustus}

# EVM prediction: Mode:STANDARD S-ratio: 10000.00 870072-872585 orient(-) score(5028.00) noncoding_equivalent(0.50) raw_noncoding(0.00) offset(0.00)
872585	870072	single-	4	6	{Augustus_gene563.t1;Augustus}

# EVM prediction: Mode:STANDARD S-ratio: 10000.00 874986-878678 orient(+) score(7386.00) noncoding_equivalent(0.74) raw_noncoding(0.00) offset(0.00)
874986	878678	single+	1	3	{Augustus_gene1174.t1;Augustus}

# EVM prediction: Mode:STANDARD S-ratio: 10000.00 892987-895425 orient(-) score(4878.00) noncoding_equivalent(0.49) raw_noncoding(0.00) offset(0.00)
895425	892987	single-	4	6	{Augustus_gene944.t1;Augustus}

# EVM prediction: Mode:STANDARD S-ratio: 10000.00 901708-902412 orient(+) score(1410.00) noncoding_equivalent(0.14) raw_noncoding(0.00) offset(0.00)
901708	902412	single+	1	3	{Augustus_gene936.t1;Augustus}

