!! Predictions spanning range 886 - 98935 [R1]
# EVM prediction: Mode:STANDARD S-ratio: 4.89 886-3546 orient(-) score(13254.00) noncoding_equivalent(2712.00) raw_noncoding(2712.00) offset(0.00) 
3546	886	single-	4	6	{GlimmerHMM_glimmerT_2952-T1;GlimmerHMM},{HiQ_model.g2597.t1;HiQ}

# EVM prediction: Mode:STANDARD S-ratio: 109.25 3906-4568 orient(+) score(2622.00) noncoding_equivalent(24.00) raw_noncoding(24.00) offset(0.00) 
3906	4568	single+	1	3	{GlimmerHMM_glimmerT_2953-T1;GlimmerHMM},{Augustus_model.g2598.t1;Augustus}

# EVM prediction: Mode:STANDARD S-ratio: 92.53 4984-5931 orient(+) score(3750.00) noncoding_equivalent(40.53) raw_noncoding(40.53) offset(0.00) 
4984	5931	single+	1	3	{GlimmerHMM_glimmerT_2954-T1;GlimmerHMM},{Augustus_model.g2599.t1;Augustus}

# EVM prediction: Mode:STANDARD S-ratio: 411.86 6564-10046 orient(+) score(10422.00) noncoding_equivalent(25.30) raw_noncoding(25.30) offset(0.00) 
6564	10046	single+	1	3	{GlimmerHMM_glimmerT_2955-T1;GlimmerHMM},{Augustus_model.g2600.t1;Augustus}

# EVM prediction: Mode:STANDARD S-ratio: 36.35 10374-11204 orient(+) score(2425.00) noncoding_equivalent(66.71) raw_noncoding(66.71) offset(0.00) 
10374	11204	single+	1	3	{GlimmerHMM_glimmerT_2956-T1;GlimmerHMM}

# EVM prediction: Mode:STANDARD S-ratio: 35.88 11747-19215 orient(+) score(27702.00) noncoding_equivalent(772.01) raw_noncoding(2173.11) offset(1401.10) 
11747	11754	initial+	1	2	{snap_scaffold_6-snap.292-T1;snap}
11755	12455	INTRON			{snap_scaffold_6-snap.292-T1;snap}
12456	19215	terminal+	3	3	{snap_scaffold_6-snap.292-T1;snap},{Augustus_model.g2601.t1;Augustus}

# EVM prediction: Mode:STANDARD S-ratio: 52.67 19463-20698 orient(+) score(4851.00) noncoding_equivalent(92.11) raw_noncoding(92.11) offset(0.00) 
19463	20698	single+	1	3	{Augustus_model.g2602.t1;Augustus},{GlimmerHMM_glimmerT_2958-T1;GlimmerHMM}

# EVM prediction: Mode:STANDARD S-ratio: 420.43 23643-25121 orient(+) score(5900.00) noncoding_equivalent(14.03) raw_noncoding(14.03) offset(0.00) 
23643	25121	single+	1	3	{Augustus_model.g2603.t1;Augustus},{GlimmerHMM_glimmerT_2959-T1;GlimmerHMM}

# EVM prediction: Mode:STANDARD S-ratio: 15.86 25820-27100 orient(-) score(3615.00) noncoding_equivalent(228.00) raw_noncoding(228.00) offset(0.00) 
27100	25820	single-	4	6	{GlimmerHMM_glimmerT_2960-T1;GlimmerHMM},{Augustus_model.g2604.t1;Augustus}

# EVM prediction: Mode:STANDARD S-ratio: 3.01 29162-32788 orient(+) score(10887.00) noncoding_equivalent(3622.72) raw_noncoding(3622.72) offset(0.00) 
29162	32788	single+	1	3	{GlimmerHMM_glimmerT_2961-T1;GlimmerHMM},{Augustus_model.g2605.t1;Augustus}

# EVM prediction: Mode:STANDARD S-ratio: 9.43 33382-34695 orient(+) score(3564.00) noncoding_equivalent(378.00) raw_noncoding(378.00) offset(0.00) 
33382	34695	single+	1	3	{GlimmerHMM_glimmerT_2962-T1;GlimmerHMM}

# EVM prediction: Mode:STANDARD S-ratio: 902.11 35229-36593 orient(+) score(5452.00) noncoding_equivalent(6.04) raw_noncoding(6.04) offset(0.00) 
35229	36593	single+	1	3	{Augustus_model.g2607.t1;Augustus},{GlimmerHMM_glimmerT_2963-T1;GlimmerHMM}

# EVM prediction: Mode:STANDARD S-ratio: 10000.00 37322-38359 orient(+) score(4143.00) noncoding_equivalent(0.41) raw_noncoding(0.00) offset(0.00) 
37322	38359	single+	1	3	{GlimmerHMM_glimmerT_2964-T1;GlimmerHMM},{Augustus_model.g2608.t1;Augustus}

# EVM prediction: Mode:STANDARD S-ratio: 4.47 38402-39442 orient(-) score(5052.00) noncoding_equivalent(1131.00) raw_noncoding(1131.00) offset(0.00) 
39442	38402	single-	4	6	{HiQ_model.g2609.t1;HiQ},{GlimmerHMM_glimmerT_2965-T1;GlimmerHMM}

# EVM prediction: Mode:STANDARD S-ratio: 72.40 39915-41015 orient(+) score(3258.00) noncoding_equivalent(45.00) raw_noncoding(45.00) offset(0.00) 
39915	41015	single+	1	3	{GlimmerHMM_glimmerT_2966-T1;GlimmerHMM},{Augustus_model.g2610.t1;Augustus}

# EVM prediction: Mode:STANDARD S-ratio: 4.78 41189-41776 orient(-) score(2916.00) noncoding_equivalent(610.23) raw_noncoding(610.23) offset(0.00) 
41776	41189	single-	4	6	{GlimmerHMM_glimmerT_2967-T1;GlimmerHMM},{HiQ_model.g2611.t1;HiQ}

# EVM prediction: Mode:STANDARD S-ratio: 4.40 42258-43085 orient(+) score(3689.00) noncoding_equivalent(837.60) raw_noncoding(1224.00) offset(386.40) 
42258	42322	initial+	1	2	{GlimmerHMM_glimmerT_2968-T1;GlimmerHMM},{Augustus_model.g2612.t1;Augustus}
42323	42712	INTRON			{GlimmerHMM_glimmerT_2968-T1;GlimmerHMM},{Augustus_model.g2612.t1;Augustus},{ev_type:exonerate/ID=match.177006.2995/Target=YPR132W;exonerate},{ev_type:exonerate/ID=match.177006.3144/Target=YGR118W;exonerate}
42713	43085	terminal+	3	3	{GlimmerHMM_glimmerT_2968-T1;GlimmerHMM},{snap_scaffold_6-snap.302-T1;snap},{Augustus_model.g2612.t1;Augustus}

# EVM prediction: Mode:STANDARD S-ratio: 4.80 43324-44556 orient(-) score(6119.00) noncoding_equivalent(1274.14) raw_noncoding(1274.14) offset(0.00) 
44556	43324	single-	4	6	{HiQ_model.g2613.t1;HiQ}

# EVM prediction: Mode:STANDARD S-ratio: 15.92 45390-46193 orient(+) score(2269.00) noncoding_equivalent(142.55) raw_noncoding(142.55) offset(0.00) 
45390	46193	single+	1	3	{Augustus_model.g2614.t1;Augustus},{GlimmerHMM_glimmerT_2970-T1;GlimmerHMM}

# EVM prediction: Mode:STANDARD S-ratio: 10000.00 46565-49324 orient(+) score(8280.00) noncoding_equivalent(0.83) raw_noncoding(0.00) offset(0.00) 
46565	49324	single+	1	3	{GlimmerHMM_glimmerT_2971-T1;GlimmerHMM},{Augustus_model.g2615.t1;Augustus}

# EVM prediction: Mode:STANDARD S-ratio: 10000.00 49663-51387 orient(+) score(6900.00) noncoding_equivalent(0.69) raw_noncoding(0.00) offset(0.00) 
49663	51387	single+	1	3	{Augustus_model.g2616.t1;Augustus},{GlimmerHMM_glimmerT_2972-T1;GlimmerHMM}

# EVM prediction: Mode:STANDARD S-ratio: 1.55 51688-52707 orient(-) score(1597.00) noncoding_equivalent(1028.03) raw_noncoding(1897.66) offset(869.63) 
52264	51688	terminal-	6	6	{snap_scaffold_6-snap.307-T1;snap},{GlimmerHMM_glimmerT_2973-T1;GlimmerHMM}
52699	52265	INTRON			{snap_scaffold_6-snap.307-T1;snap}
52707	52700	initial-	4	5	{snap_scaffold_6-snap.307-T1;snap}

# EVM prediction: Mode:STANDARD S-ratio: 3.74 53036-54505 orient(-) score(6960.00) noncoding_equivalent(1860.00) raw_noncoding(1860.00) offset(0.00) 
54505	53036	single-	4	6	{HiQ_model.g2617.t1;HiQ},{GlimmerHMM_glimmerT_2974-T1;GlimmerHMM}

# EVM prediction: Mode:STANDARD S-ratio: 3.92 55241-56143 orient(-) score(4317.00) noncoding_equivalent(1101.00) raw_noncoding(1101.00) offset(0.00) 
56143	55241	single-	4	6	{GlimmerHMM_glimmerT_2975-T1;GlimmerHMM},{HiQ_model.g2618.t1;HiQ}

# EVM prediction: Mode:STANDARD S-ratio: 51.58 56480-57634 orient(+) score(4531.00) noncoding_equivalent(87.85) raw_noncoding(87.85) offset(0.00) 
56480	57634	single+	1	3	{Augustus_model.g2619.t1;Augustus},{GlimmerHMM_glimmerT_2976-T1;GlimmerHMM}

# EVM prediction: Mode:STANDARD S-ratio: 196.80 57824-60010 orient(-) score(6526.00) noncoding_equivalent(33.16) raw_noncoding(33.16) offset(0.00) 
60010	57824	single-	4	6	{GlimmerHMM_glimmerT_2977-T1;GlimmerHMM},{Augustus_model.g2620.t1;Augustus}

# EVM prediction: Mode:STANDARD S-ratio: 2.00 60400-61137 orient(+) score(1476.00) noncoding_equivalent(738.00) raw_noncoding(738.00) offset(0.00) 
60400	61137	single+	1	3	{GlimmerHMM_glimmerT_2978-T1;GlimmerHMM},{Augustus_model.g2621.t1;Augustus}

# EVM prediction: Mode:STANDARD S-ratio: 5.00 61876-63534 orient(-) score(8295.00) noncoding_equivalent(1659.00) raw_noncoding(1659.00) offset(0.00) 
63534	61876	single-	4	6	{HiQ_model.g2622.t1;HiQ},{GlimmerHMM_glimmerT_2979-T1;GlimmerHMM}

# EVM prediction: Mode:STANDARD S-ratio: 317.11 64764-66482 orient(+) score(8562.00) noncoding_equivalent(27.00) raw_noncoding(27.00) offset(0.00) 
64764	66482	single+	1	3	{Augustus_model.g2623.t1;Augustus},{GlimmerHMM_glimmerT_2980-T1;GlimmerHMM}

# EVM prediction: Mode:STANDARD S-ratio: 2.80 67835-68749 orient(-) score(4047.00) noncoding_equivalent(1443.00) raw_noncoding(1443.00) offset(0.00) 
68749	67835	single-	4	6	{HiQ_model.g2624.t1;HiQ},{GlimmerHMM_glimmerT_2981-T1;GlimmerHMM}

# EVM prediction: Mode:STANDARD S-ratio: 94.24 69039-70343 orient(-) score(3872.00) noncoding_equivalent(41.09) raw_noncoding(41.09) offset(0.00) 
70343	69039	single-	4	6	{Augustus_model.g2625.t1;Augustus},{GlimmerHMM_glimmerT_2982-T1;GlimmerHMM}

# EVM prediction: Mode:STANDARD S-ratio: 3.00 72056-72577 orient(+) score(1566.00) noncoding_equivalent(522.00) raw_noncoding(522.00) offset(0.00) 
72056	72577	single+	1	3	{GlimmerHMM_glimmerT_2983-T1;GlimmerHMM},{Augustus_model.g2626.t1;Augustus}

# EVM prediction: Mode:STANDARD S-ratio: 8.26 73266-73988 orient(-) score(1794.00) noncoding_equivalent(217.32) raw_noncoding(449.19) offset(231.87) 
73826	73266	terminal-	4	6	{snap_scaffold_6-snap.316-T1;snap}
73982	73827	INTRON			{snap_scaffold_6-snap.316-T1;snap}
73988	73983	initial-	4	6	{snap_scaffold_6-snap.316-T1;snap}

# EVM prediction: Mode:STANDARD S-ratio: 440.00 74273-75655 orient(-) score(4140.00) noncoding_equivalent(9.41) raw_noncoding(9.41) offset(0.00) 
75655	74273	single-	4	6	{GlimmerHMM_glimmerT_2985-T1;GlimmerHMM}

# EVM prediction: Mode:STANDARD S-ratio: 20.64 76800-77432 orient(+) score(2415.00) noncoding_equivalent(117.00) raw_noncoding(117.00) offset(0.00) 
76800	77432	single+	1	3	{Augustus_model.g2628.t1;Augustus},{GlimmerHMM_glimmerT_2986-T1;GlimmerHMM}

# EVM prediction: Mode:STANDARD S-ratio: 4.44 77800-79647 orient(-) score(9048.00) noncoding_equivalent(2040.00) raw_noncoding(2040.00) offset(0.00) 
79647	77800	single-	4	6	{GlimmerHMM_glimmerT_2987-T1;GlimmerHMM},{HiQ_model.g2629.t1;HiQ}

# EVM prediction: Mode:STANDARD S-ratio: 5.96 80102-81970 orient(-) score(11199.00) noncoding_equivalent(1879.04) raw_noncoding(1879.04) offset(0.00) 
81970	80102	single-	4	6	{GlimmerHMM_glimmerT_2988-T1;GlimmerHMM},{HiQ_model.g2630.t1;HiQ}

# EVM prediction: Mode:STANDARD S-ratio: 286.33 83552-84844 orient(+) score(5154.00) noncoding_equivalent(18.00) raw_noncoding(18.00) offset(0.00) 
83552	84844	single+	1	3	{Augustus_model.g2631.t1;Augustus}

# EVM prediction: Mode:STANDARD S-ratio: 7.21 85463-86239 orient(+) score(2040.00) noncoding_equivalent(283.00) raw_noncoding(283.00) offset(0.00) 
85463	86239	single+	1	3	{Augustus_model.g2632.t1;Augustus},{GlimmerHMM_glimmerT_2990-T1;GlimmerHMM}

# EVM prediction: Mode:STANDARD S-ratio: 10000.00 87384-89546 orient(+) score(8652.00) noncoding_equivalent(0.87) raw_noncoding(0.00) offset(0.00) 
87384	89546	single+	1	3	{Augustus_model.g2633.t1;Augustus},{GlimmerHMM_glimmerT_2991-T1;GlimmerHMM}

# EVM prediction: Mode:STANDARD S-ratio: 4.98 91894-94602 orient(+) score(13535.00) noncoding_equivalent(2717.01) raw_noncoding(2717.01) offset(0.00) 
91894	94602	single+	1	3	{HiQ_model.g2634.t1;HiQ},{GlimmerHMM_glimmerT_2992-T1;GlimmerHMM}

# EVM prediction: Mode:STANDARD S-ratio: 163.25 95079-97049 orient(-) score(5877.00) noncoding_equivalent(36.00) raw_noncoding(36.00) offset(0.00) 
97049	95079	single-	4	6	{GlimmerHMM_glimmerT_2993-T1;GlimmerHMM},{Augustus_model.g2635.t1;Augustus}

# EVM prediction: Mode:STANDARD S-ratio: 5.00 97346-98935 orient(-) score(7950.00) noncoding_equivalent(1590.00) raw_noncoding(1590.00) offset(0.00) 
98935	97346	single-	4	6	{GlimmerHMM_glimmerT_2994-T1;GlimmerHMM},{HiQ_model.g2636.t1;HiQ}

