!! Predictions spanning range 1535 - 98634 [R1]
# EVM prediction: Mode:STANDARD S-ratio: 10000.00 1535-3772 orient(-) score(6714.00) noncoding_equivalent(0.67) raw_noncoding(0.00) offset(0.00) 
3772	1535	single-	4	6	{GlimmerHMM_glimmerT_1834-T1;GlimmerHMM},{Augustus_model.g1608.t1;Augustus}

# EVM prediction: Mode:STANDARD S-ratio: 4.93 4403-6772 orient(-) score(11799.00) noncoding_equivalent(2391.00) raw_noncoding(2391.00) offset(0.00) 
6772	4403	single-	4	6	{HiQ_model.g1609.t1;HiQ},{GlimmerHMM_glimmerT_1835-T1;GlimmerHMM}

# EVM prediction: Mode:STANDARD S-ratio: 2.49 7020-7984 orient(+) score(2517.00) noncoding_equivalent(1010.16) raw_noncoding(1300.68) offset(290.52) 
7020	7795	initial+	1	2	{GlimmerHMM_glimmerT_1836-T1;GlimmerHMM},{Augustus_model.g1610.t1;Augustus}
7796	7941	INTRON			{GlimmerHMM_glimmerT_1836-T1;GlimmerHMM}
7942	7984	terminal+	3	3	{GlimmerHMM_glimmerT_1836-T1;GlimmerHMM}

# EVM prediction: Mode:STANDARD S-ratio: 7.72 8220-9320 orient(+) score(2923.00) noncoding_equivalent(378.47) raw_noncoding(378.47) offset(0.00) 
8220	9320	single+	1	3	{GlimmerHMM_glimmerT_1837-T1;GlimmerHMM}

# EVM prediction: Mode:STANDARD S-ratio: 7.50 9468-10790 orient(-) score(4660.00) noncoding_equivalent(621.71) raw_noncoding(621.71) offset(0.00) 
10790	9468	single-	4	6	{GlimmerHMM_glimmerT_1838-T1;GlimmerHMM}

# EVM prediction: Mode:STANDARD S-ratio: 2.83 10811-12103 orient(-) score(3818.00) noncoding_equivalent(1350.34) raw_noncoding(1350.34) offset(0.00) 
12103	10811	single-	4	6	{GlimmerHMM_glimmerT_1839-T1;GlimmerHMM}

# EVM prediction: Mode:STANDARD S-ratio: 10000.00 12484-13260 orient(+) score(3108.00) noncoding_equivalent(0.31) raw_noncoding(0.00) offset(0.00) 
12484	13260	single+	1	3	{Augustus_model.g1612.t1;Augustus},{GlimmerHMM_glimmerT_1840-T1;GlimmerHMM}

# EVM prediction: Mode:STANDARD S-ratio: 33.67 13786-14643 orient(+) score(3333.00) noncoding_equivalent(99.00) raw_noncoding(99.00) offset(0.00) 
13786	14643	single+	1	3	{GlimmerHMM_glimmerT_1841-T1;GlimmerHMM}

# EVM prediction: Mode:STANDARD S-ratio: 10000.00 15157-16425 orient(+) score(3807.00) noncoding_equivalent(0.38) raw_noncoding(0.00) offset(0.00) 
15157	16425	single+	1	3	{GlimmerHMM_glimmerT_1842-T1;GlimmerHMM},{Augustus_model.g1614.t1;Augustus}

# EVM prediction: Mode:STANDARD S-ratio: 10000.00 17676-19127 orient(+) score(5808.00) noncoding_equivalent(0.58) raw_noncoding(0.00) offset(0.00) 
17676	19127	single+	1	3	{GlimmerHMM_glimmerT_1843-T1;GlimmerHMM},{Augustus_model.g1615.t1;Augustus}

# EVM prediction: Mode:STANDARD S-ratio: 1.00 20616-20801 orient(+) score(372.00) noncoding_equivalent(372.00) raw_noncoding(372.00) offset(0.00) 
20616	20801	single+	1	3	{GlimmerHMM_glimmerT_1845-T1;GlimmerHMM}

# EVM prediction: Mode:STANDARD S-ratio: 10000.00 21277-22731 orient(-) score(4365.00) noncoding_equivalent(0.44) raw_noncoding(0.00) offset(0.00) 
22731	21277	single-	4	6	{Augustus_model.g1616.t1;Augustus},{GlimmerHMM_glimmerT_1846-T1;GlimmerHMM}

# EVM prediction: Mode:STANDARD S-ratio: 4.67 23227-24561 orient(-) score(6597.00) noncoding_equivalent(1413.00) raw_noncoding(1413.00) offset(0.00) 
24561	23227	single-	4	6	{GlimmerHMM_glimmerT_1847-T1;GlimmerHMM},{HiQ_model.g1617.t1;HiQ}

# EVM prediction: Mode:STANDARD S-ratio: 5.00 25511-28531 orient(-) score(15105.00) noncoding_equivalent(3021.00) raw_noncoding(3021.00) offset(0.00) 
28531	25511	single-	4	6	{GlimmerHMM_glimmerT_1848-T1;GlimmerHMM},{HiQ_model.g1618.t1;HiQ}

# EVM prediction: Mode:STANDARD S-ratio: 3.52 29703-30842 orient(-) score(5256.00) noncoding_equivalent(1494.00) raw_noncoding(1494.00) offset(0.00) 
30842	29703	single-	4	6	{HiQ_model.g1619.t1;HiQ},{GlimmerHMM_glimmerT_1849-T1;GlimmerHMM}

# EVM prediction: Mode:STANDARD S-ratio: 4.99 31892-33136 orient(-) score(6216.00) noncoding_equivalent(1245.00) raw_noncoding(1245.00) offset(0.00) 
33136	31892	single-	4	6	{HiQ_model.g1620.t1;HiQ},{GlimmerHMM_glimmerT_1850-T1;GlimmerHMM}

# EVM prediction: Mode:STANDARD S-ratio: 5.00 33818-34270 orient(-) score(2265.00) noncoding_equivalent(453.00) raw_noncoding(453.00) offset(0.00) 
34270	33818	single-	4	6	{HiQ_model.g1621.t1;HiQ},{GlimmerHMM_glimmerT_1851-T1;GlimmerHMM}

# EVM prediction: Mode:STANDARD S-ratio: 65.87 34896-36968 orient(-) score(6126.00) noncoding_equivalent(93.00) raw_noncoding(93.00) offset(0.00) 
36968	34896	single-	4	6	{Augustus_model.g1622.t1;Augustus},{GlimmerHMM_glimmerT_1852-T1;GlimmerHMM}

# EVM prediction: Mode:STANDARD S-ratio: 4.67 37346-38743 orient(-) score(6906.00) noncoding_equivalent(1480.18) raw_noncoding(1480.18) offset(0.00) 
38743	37346	single-	4	6	{GlimmerHMM_glimmerT_1853-T1;GlimmerHMM},{HiQ_model.g1623.t1;HiQ}

# EVM prediction: Mode:STANDARD S-ratio: 2.01 39290-40483 orient(+) score(2388.00) noncoding_equivalent(1185.62) raw_noncoding(1185.62) offset(0.00) 
39290	40483	single+	1	3	{GlimmerHMM_glimmerT_1854-T1;GlimmerHMM},{Augustus_model.g1624.t1;Augustus}

# EVM prediction: Mode:STANDARD S-ratio: 197.00 40765-43338 orient(-) score(7683.00) noncoding_equivalent(39.00) raw_noncoding(39.00) offset(0.00) 
43338	40765	single-	4	6	{Augustus_model.g1625.t1;Augustus}

# EVM prediction: Mode:STANDARD S-ratio: 2.00 45983-47338 orient(-) score(5424.00) noncoding_equivalent(2712.00) raw_noncoding(2712.00) offset(0.00) 
47338	45983	single-	4	6	{GlimmerHMM_glimmerT_1856-T1;GlimmerHMM},{HiQ_model.g1626.t1;HiQ}

# EVM prediction: Mode:STANDARD S-ratio: 2.01 47468-48241 orient(-) score(3096.00) noncoding_equivalent(1542.77) raw_noncoding(1542.77) offset(0.00) 
48241	47468	single-	4	6	{GlimmerHMM_glimmerT_1857-T1;GlimmerHMM},{HiQ_model.g1627.t1;HiQ}

# EVM prediction: Mode:STANDARD S-ratio: 10000.00 48612-49631 orient(+) score(3060.00) noncoding_equivalent(0.31) raw_noncoding(0.00) offset(0.00) 
48612	49631	single+	1	3	{Augustus_model.g1628.t1;Augustus},{GlimmerHMM_glimmerT_1858-T1;GlimmerHMM}

# EVM prediction: Mode:STANDARD S-ratio: 9.86 49786-50589 orient(-) score(2186.00) noncoding_equivalent(221.70) raw_noncoding(221.70) offset(0.00) 
50589	49786	single-	4	6	{Augustus_model.g1629.t1;Augustus}

# EVM prediction: Mode:STANDARD S-ratio: 10000.00 51743-52906 orient(+) score(4656.00) noncoding_equivalent(0.47) raw_noncoding(0.00) offset(0.00) 
51743	52906	single+	1	3	{GlimmerHMM_glimmerT_1860-T1;GlimmerHMM},{Augustus_model.g1630.t1;Augustus}

# EVM prediction: Mode:STANDARD S-ratio: 1.70 53136-53798 orient(-) score(1250.00) noncoding_equivalent(737.46) raw_noncoding(737.46) offset(0.00) 
53798	53136	single-	4	6	{GlimmerHMM_glimmerT_1861-T1;GlimmerHMM}

# EVM prediction: Mode:STANDARD S-ratio: 10000.00 54514-55443 orient(+) score(3720.00) noncoding_equivalent(0.37) raw_noncoding(0.00) offset(0.00) 
54514	55443	single+	1	3	{GlimmerHMM_glimmerT_1862-T1;GlimmerHMM},{Augustus_model.g1632.t1;Augustus}

# EVM prediction: Mode:STANDARD S-ratio: 12.68 56546-58447 orient(+) score(5289.00) noncoding_equivalent(417.00) raw_noncoding(417.00) offset(0.00) 
56546	58447	single+	1	3	{Augustus_model.g1633.t1;Augustus}

# EVM prediction: Mode:STANDARD S-ratio: 2.01 58807-60540 orient(-) score(3468.00) noncoding_equivalent(1729.38) raw_noncoding(1729.38) offset(0.00) 
60540	58807	single-	4	6	{Augustus_model.g1634.t1;Augustus},{GlimmerHMM_glimmerT_1864-T1;GlimmerHMM}

# EVM prediction: Mode:STANDARD S-ratio: 10000.00 60842-62872 orient(+) score(6093.00) noncoding_equivalent(0.61) raw_noncoding(0.00) offset(0.00) 
60842	62872	single+	1	3	{GlimmerHMM_glimmerT_1865-T1;GlimmerHMM},{Augustus_model.g1635.t1;Augustus}

# EVM prediction: Mode:STANDARD S-ratio: 4.66 62987-64912 orient(-) score(9516.00) noncoding_equivalent(2040.00) raw_noncoding(2040.00) offset(0.00) 
64912	62987	single-	4	6	{HiQ_model.g1636.t1;HiQ},{GlimmerHMM_glimmerT_1866-T1;GlimmerHMM}

# EVM prediction: Mode:STANDARD S-ratio: 10000.00 66189-67964 orient(+) score(5328.00) noncoding_equivalent(0.53) raw_noncoding(0.00) offset(0.00) 
66189	67964	single+	1	3	{Augustus_model.g1637.t1;Augustus},{GlimmerHMM_glimmerT_1867-T1;GlimmerHMM}

# EVM prediction: Mode:STANDARD S-ratio: 2.01 68111-69025 orient(-) score(3660.00) noncoding_equivalent(1824.96) raw_noncoding(1824.96) offset(0.00) 
69025	68111	single-	4	6	{HiQ_model.g1638.t1;HiQ},{GlimmerHMM_glimmerT_1868-T1;GlimmerHMM}

# EVM prediction: Mode:STANDARD S-ratio: 144.66 69674-70714 orient(+) score(4134.00) noncoding_equivalent(28.58) raw_noncoding(28.58) offset(0.00) 
69674	70714	single+	1	3	{Augustus_model.g1639.t1;Augustus},{GlimmerHMM_glimmerT_1869-T1;GlimmerHMM}

# EVM prediction: Mode:STANDARD S-ratio: 277.25 70797-73022 orient(-) score(6654.00) noncoding_equivalent(24.00) raw_noncoding(24.00) offset(0.00) 
73022	70797	single-	4	6	{Augustus_model.g1640.t1;Augustus},{GlimmerHMM_glimmerT_1870-T1;GlimmerHMM}

# EVM prediction: Mode:STANDARD S-ratio: 2.00 73319-74026 orient(+) score(1416.00) noncoding_equivalent(708.00) raw_noncoding(708.00) offset(0.00) 
73319	74026	single+	1	3	{Augustus_model.g1641.t1;Augustus},{GlimmerHMM_glimmerT_1871-T1;GlimmerHMM}

# EVM prediction: Mode:STANDARD S-ratio: 2.00 74157-74801 orient(+) score(1290.00) noncoding_equivalent(645.00) raw_noncoding(645.00) offset(0.00) 
74157	74801	single+	1	3	{Augustus_model.g1642.t1;Augustus},{GlimmerHMM_glimmerT_1872-T1;GlimmerHMM}

# EVM prediction: Mode:STANDARD S-ratio: 2.00 74903-75844 orient(-) score(3768.00) noncoding_equivalent(1880.48) raw_noncoding(1880.48) offset(0.00) 
75844	74903	single-	4	6	{GlimmerHMM_glimmerT_1873-T1;GlimmerHMM},{HiQ_model.g1643.t1;HiQ}

# EVM prediction: Mode:STANDARD S-ratio: 51.82 76021-78243 orient(+) score(6541.00) noncoding_equivalent(126.22) raw_noncoding(126.22) offset(0.00) 
76021	78243	single+	1	3	{GlimmerHMM_glimmerT_1874-T1;GlimmerHMM},{Augustus_model.g1644.t1;Augustus}

# EVM prediction: Mode:STANDARD S-ratio: 4.12 78373-80613 orient(-) score(10818.00) noncoding_equivalent(2623.56) raw_noncoding(2623.56) offset(0.00) 
80613	78373	single-	4	6	{GlimmerHMM_glimmerT_1875-T1;GlimmerHMM},{HiQ_model.g1645.t1;HiQ}

# EVM prediction: Mode:STANDARD S-ratio: 8.20 81002-81913 orient(+) score(2437.00) noncoding_equivalent(297.09) raw_noncoding(297.09) offset(0.00) 
81002	81913	single+	1	3	{GlimmerHMM_glimmerT_1876-T1;GlimmerHMM}

# EVM prediction: Mode:STANDARD S-ratio: 2.00 82278-83240 orient(+) score(1926.00) noncoding_equivalent(963.00) raw_noncoding(963.00) offset(0.00) 
82278	83240	single+	1	3	{GlimmerHMM_glimmerT_1877-T1;GlimmerHMM},{Augustus_model.g1647.t1;Augustus}

# EVM prediction: Mode:STANDARD S-ratio: 10000.00 83636-84622 orient(+) score(3948.00) noncoding_equivalent(0.39) raw_noncoding(0.00) offset(0.00) 
83636	84622	single+	1	3	{Augustus_model.g1648.t1;Augustus},{GlimmerHMM_glimmerT_1878-T1;GlimmerHMM}

# EVM prediction: Mode:STANDARD S-ratio: 5.00 84787-88347 orient(-) score(17805.00) noncoding_equivalent(3561.00) raw_noncoding(3561.00) offset(0.00) 
88347	84787	single-	4	6	{GlimmerHMM_glimmerT_1879-T1;GlimmerHMM},{HiQ_model.g1649.t1;HiQ}

# EVM prediction: Mode:STANDARD S-ratio: 671.02 89280-91310 orient(+) score(8110.00) noncoding_equivalent(12.09) raw_noncoding(12.09) offset(0.00) 
89280	91310	single+	1	3	{Augustus_model.g1650.t1;Augustus},{GlimmerHMM_glimmerT_1880-T1;GlimmerHMM}

# EVM prediction: Mode:STANDARD S-ratio: 24.16 91768-92400 orient(-) score(1822.00) noncoding_equivalent(75.41) raw_noncoding(75.41) offset(0.00) 
92400	91768	single-	4	6	{Augustus_model.g1651.t1;Augustus},{GlimmerHMM_glimmerT_1881-T1;GlimmerHMM}

# EVM prediction: Mode:STANDARD S-ratio: 5.00 92704-94425 orient(-) score(8610.00) noncoding_equivalent(1722.00) raw_noncoding(1722.00) offset(0.00) 
94425	92704	single-	4	6	{GlimmerHMM_glimmerT_1882-T1;GlimmerHMM},{HiQ_model.g1652.t1;HiQ}

# EVM prediction: Mode:STANDARD S-ratio: 3.02 95031-96068 orient(+) score(3114.00) noncoding_equivalent(1031.70) raw_noncoding(1031.70) offset(0.00) 
95031	96068	single+	1	3	{GlimmerHMM_glimmerT_1883-T1;GlimmerHMM},{Augustus_model.g1653.t1;Augustus}

# EVM prediction: Mode:STANDARD S-ratio: 318.33 96790-98634 orient(+) score(7355.00) noncoding_equivalent(23.11) raw_noncoding(23.11) offset(0.00) 
96790	98634	single+	1	3	{GlimmerHMM_glimmerT_1884-T1;GlimmerHMM},{Augustus_model.g1654.t1;Augustus}

