!! Predictions spanning range 4098 - 77583 [R1]
# EVM prediction: Mode:STANDARD S-ratio: 10000.00 4098-5606 orient(+) score(3018.00) noncoding_equivalent(0.30) raw_noncoding(0.00) offset(0.00) 
4098	5606	single+	1	3	{Augustus_gene654.t1;Augustus}

# EVM prediction: Mode:STANDARD S-ratio: 10000.00 12331-12960 orient(+) score(1260.00) noncoding_equivalent(0.13) raw_noncoding(0.00) offset(0.00) 
12331	12960	single+	1	3	{Augustus_gene679.t1;Augustus}

# EVM prediction: Mode:STANDARD S-ratio: 10000.00 18858-20210 orient(+) score(2706.00) noncoding_equivalent(0.27) raw_noncoding(0.00) offset(0.00) 
18858	20210	single+	1	3	{Augustus_gene990.t1;Augustus}

# EVM prediction: Mode:STANDARD S-ratio: 10000.00 28373-28831 orient(+) score(918.00) noncoding_equivalent(0.09) raw_noncoding(0.00) offset(0.00) 
28373	28831	single+	1	3	{Augustus_gene47.t1;Augustus}

# EVM prediction: Mode:STANDARD S-ratio: 10000.00 29071-30888 orient(-) score(3636.00) noncoding_equivalent(0.36) raw_noncoding(0.00) offset(0.00) 
30888	29071	single-	4	6	{Augustus_gene434.t1;Augustus}

# EVM prediction: Mode:STANDARD S-ratio: 10000.00 32645-37162 orient(-) score(9036.00) noncoding_equivalent(0.90) raw_noncoding(0.00) offset(0.00) 
37162	32645	single-	4	6	{Augustus_gene86.t1;Augustus}

# EVM prediction: Mode:STANDARD S-ratio: 10000.00 47132-50407 orient(+) score(6552.00) noncoding_equivalent(0.66) raw_noncoding(0.00) offset(0.00) 
47132	50407	single+	1	3	{Augustus_gene834.t1;Augustus}

# EVM prediction: Mode:STANDARD S-ratio: 10000.00 54846-55763 orient(+) score(1836.00) noncoding_equivalent(0.18) raw_noncoding(0.00) offset(0.00) 
54846	55763	single+	1	3	{Augustus_gene811.t1;Augustus}

# EVM prediction: Mode:STANDARD S-ratio: 10000.00 55912-59312 orient(-) score(6798.00) noncoding_equivalent(0.68) raw_noncoding(0.00) offset(0.00) 
55968	55912	terminal-	4	6	{Augustus_gene508.t1;Augustus}
56457	55969	INTRON			{Augustus_gene508.t1;Augustus}
56528	56458	internal-	5	6	{Augustus_gene508.t1;Augustus}
56835	56529	INTRON			{Augustus_gene508.t1;Augustus}
56854	56836	internal-	4	4	{Augustus_gene508.t1;Augustus}
57233	56855	INTRON			{Augustus_gene508.t1;Augustus}
59043	57234	internal-	6	6	{Augustus_gene508.t1;Augustus}
59127	59044	INTRON			{Augustus_gene508.t1;Augustus}
59312	59128	initial-	4	5	{Augustus_gene508.t1;Augustus}

# EVM prediction: Mode:STANDARD S-ratio: 10000.00 66249-67604 orient(-) score(2712.00) noncoding_equivalent(0.27) raw_noncoding(0.00) offset(0.00) 
67604	66249	single-	4	6	{Augustus_gene417.t1;Augustus}

# EVM prediction: Mode:STANDARD S-ratio: 10000.00 76225-77583 orient(-) score(2718.00) noncoding_equivalent(0.27) raw_noncoding(0.00) offset(0.00) 
77583	76225	single-	4	6	{Augustus_gene607.t1;Augustus}

