# EVM prediction: Mode:STANDARD S-ratio: 10000.00 11094-12956 orient(+) score(3726.00) noncoding_equivalent(0.37) raw_noncoding(0.00) offset(0.00)
11094	12956	single+	1	3	{Augustus_gene428.t1;Augustus}

# EVM prediction: Mode:STANDARD S-ratio: 10000.00 20222-21895 orient(+) score(3348.00) noncoding_equivalent(0.33) raw_noncoding(0.00) offset(0.00)
20222	21895	single+	1	3	{Augustus_gene147.t1;Augustus}

# EVM prediction: Mode:STANDARD S-ratio: 10000.00 30765-32972 orient(-) score(4416.00) noncoding_equivalent(0.44) raw_noncoding(0.00) offset(0.00)
32972	30765	single-	4	6	{Augustus_gene251.t1;Augustus}

# EVM prediction: Mode:STANDARD S-ratio: 10000.00 33446-34975 orient(+) score(3060.00) noncoding_equivalent(0.31) raw_noncoding(0.00) offset(0.00)
33446	34975	single+	1	3	{Augustus_gene7.t1;Augustus}

# EVM prediction: Mode:STANDARD S-ratio: 10000.00 35292-36065 orient(+) score(1548.00) noncoding_equivalent(0.15) raw_noncoding(0.00) offset(0.00)
35292	36065	single+	1	3	{Augustus_gene622.t1;Augustus}

# EVM prediction: Mode:STANDARD S-ratio: 10000.00 36595-37776 orient(-) score(2364.00) noncoding_equivalent(0.24) raw_noncoding(0.00) offset(0.00)
37776	36595	single-	4	6	{Augustus_gene505.t1;Augustus}

# EVM prediction: Mode:STANDARD S-ratio: 10000.00 46018-46500 orient(+) score(966.00) noncoding_equivalent(0.10) raw_noncoding(0.00) offset(0.00)
46018	46500	single+	1	3	{Augustus_gene635.t1;Augustus}

# EVM prediction: Mode:STANDARD S-ratio: 10000.00 50067-51626 orient(+) score(3120.00) noncoding_equivalent(0.31) raw_noncoding(0.00) offset(0.00)
50067	51626	single+	1	3	{Augustus_gene134.t1;Augustus}

# EVM prediction: Mode:STANDARD S-ratio: 10000.00 57613-58818 orient(-) score(2412.00) noncoding_equivalent(0.24) raw_noncoding(0.00) offset(0.00)
58818	57613	single-	4	6	{Augustus_gene475.t1;Augustus}

# EVM prediction: Mode:STANDARD S-ratio: 10000.00 82152-82757 orient(+) score(1212.00) noncoding_equivalent(0.12) raw_noncoding(0.00) offset(0.00)
82152	82757	single+	1	3	{Augustus_gene697.t1;Augustus}

# EVM prediction: Mode:STANDARD S-ratio: 10000.00 91069-91872 orient(+) score(1608.00) noncoding_equivalent(0.16) raw_noncoding(0.00) offset(0.00)
91069	91872	single+	1	3	{Augustus_gene37.t1;Augustus}

# EVM prediction: Mode:STANDARD S-ratio: 10000.00 92097-92360 orient(+) score(528.00) noncoding_equivalent(0.05) raw_noncoding(0.00) offset(0.00)
92097	92360	single+	1	3	{Augustus_gene169.t1;Augustus}

# EVM prediction: Mode:STANDARD S-ratio: 10000.00 102017-103658 orient(-) score(3284.00) noncoding_equivalent(0.33) raw_noncoding(0.00) offset(0.00)
102055	102017	terminal-	4	6	{Augustus_gene1084.t1;Augustus}
102221	102056	INTRON			{Augustus_gene1084.t1;Augustus}
103658	102222	initial-	4	6	{Augustus_gene1084.t1;Augustus}

# EVM prediction: Mode:STANDARD S-ratio: 10000.00 106285-108021 orient(+) score(3474.00) noncoding_equivalent(0.35) raw_noncoding(0.00) offset(0.00)
106285	108021	single+	1	3	{Augustus_gene192.t1;Augustus}

# EVM prediction: Mode:STANDARD S-ratio: 10000.00 109823-110452 orient(+) score(1260.00) noncoding_equivalent(0.13) raw_noncoding(0.00) offset(0.00)
109823	110452	single+	1	3	{Augustus_gene1177.t1;Augustus}

# EVM prediction: Mode:STANDARD S-ratio: 10000.00 124537-124959 orient(+) score(846.00) noncoding_equivalent(0.08) raw_noncoding(0.00) offset(0.00)
124537	124555	initial+	1	1	{Augustus_gene324.t1;Augustus}
124556	124642	INTRON			{Augustus_gene324.t1;Augustus}
124643	124959	terminal+	2	3	{Augustus_gene324.t1;Augustus}

# EVM prediction: Mode:STANDARD S-ratio: 10000.00 141882-143453 orient(+) score(3144.00) noncoding_equivalent(0.31) raw_noncoding(0.00) offset(0.00)
141882	143453	single+	1	3	{Augustus_gene473.t1;Augustus}

# EVM prediction: Mode:STANDARD S-ratio: 10000.00 143653-144307 orient(-) score(1310.00) noncoding_equivalent(0.13) raw_noncoding(0.00) offset(0.00)
144187	143653	terminal-	6	6	{Augustus_gene151.t1;Augustus}
144296	144188	INTRON			{Augustus_gene151.t1;Augustus}
144307	144297	initial-	4	5	{Augustus_gene151.t1;Augustus}

# EVM prediction: Mode:STANDARD S-ratio: 10000.00 149506-149883 orient(+) score(756.00) noncoding_equivalent(0.08) raw_noncoding(0.00) offset(0.00)
149506	149883	single+	1	3	{Augustus_gene1007.t1;Augustus}

# EVM prediction: Mode:STANDARD S-ratio: 10000.00 155766-156362 orient(+) score(1194.00) noncoding_equivalent(0.12) raw_noncoding(0.00) offset(0.00)
155766	156362	single+	1	3	{Augustus_gene672.t1;Augustus}

# EVM prediction: Mode:STANDARD S-ratio: 10000.00 160643-162262 orient(+) score(3240.00) noncoding_equivalent(0.32) raw_noncoding(0.00) offset(0.00)
160643	162262	single+	1	3	{Augustus_gene899.t1;Augustus}

# EVM prediction: Mode:STANDARD S-ratio: 10000.00 165815-166843 orient(+) score(2058.00) noncoding_equivalent(0.21) raw_noncoding(0.00) offset(0.00)
165815	166843	single+	1	3	{Augustus_gene66.t1;Augustus}

# EVM prediction: Mode:STANDARD S-ratio: 10000.00 170403-171752 orient(+) score(2700.00) noncoding_equivalent(0.27) raw_noncoding(0.00) offset(0.00)
170403	171752	single+	1	3	{Augustus_gene956.t1;Augustus}

# EVM prediction: Mode:STANDARD S-ratio: 10000.00 174401-175972 orient(+) score(3144.00) noncoding_equivalent(0.31) raw_noncoding(0.00) offset(0.00)
174401	175972	single+	1	3	{Augustus_gene46.t1;Augustus}

# EVM prediction: Mode:STANDARD S-ratio: 10000.00 182754-184337 orient(+) score(3168.00) noncoding_equivalent(0.32) raw_noncoding(0.00) offset(0.00)
182754	184337	single+	1	3	{Augustus_gene9.t1;Augustus}

# EVM prediction: Mode:STANDARD S-ratio: 10000.00 201667-203499 orient(-) score(3666.00) noncoding_equivalent(0.37) raw_noncoding(0.00) offset(0.00)
203499	201667	single-	4	6	{Augustus_gene149.t1;Augustus}

# EVM prediction: Mode:STANDARD S-ratio: 10000.00 215982-216428 orient(-) score(894.00) noncoding_equivalent(0.09) raw_noncoding(0.00) offset(0.00)
216428	215982	single-	4	6	{Augustus_gene68.t1;Augustus}

# EVM prediction: Mode:STANDARD S-ratio: 10000.00 230468-235589 orient(-) score(10244.00) noncoding_equivalent(1.02) raw_noncoding(0.00) offset(0.00)
230515	230468	terminal-	4	6	{Augustus_gene242.t1;Augustus}
231265	230516	INTRON			{Augustus_gene242.t1;Augustus}
231278	231266	internal-	6	6	{Augustus_gene242.t1;Augustus}
231760	231279	INTRON			{Augustus_gene242.t1;Augustus}
231937	231761	internal-	6	5	{Augustus_gene242.t1;Augustus}
233312	231938	INTRON			{Augustus_gene242.t1;Augustus}
233370	233313	internal-	5	5	{Augustus_gene242.t1;Augustus}
234785	233371	INTRON			{Augustus_gene242.t1;Augustus}
234795	234786	internal-	4	4	{Augustus_gene242.t1;Augustus}
234837	234796	INTRON			{Augustus_gene242.t1;Augustus}
234863	234838	internal-	5	6	{Augustus_gene242.t1;Augustus}
234962	234864	INTRON			{Augustus_gene242.t1;Augustus}
235239	234963	internal-	4	4	{Augustus_gene242.t1;Augustus}
235541	235240	INTRON			{Augustus_gene242.t1;Augustus}
235589	235542	initial-	4	6	{Augustus_gene242.t1;Augustus}

# EVM prediction: Mode:STANDARD S-ratio: 10000.00 242969-243862 orient(-) score(1788.00) noncoding_equivalent(0.18) raw_noncoding(0.00) offset(0.00)
243862	242969	single-	4	6	{Augustus_gene587.t1;Augustus}

# EVM prediction: Mode:STANDARD S-ratio: 10000.00 249847-250170 orient(+) score(648.00) noncoding_equivalent(0.06) raw_noncoding(0.00) offset(0.00)
249847	250170	single+	1	3	{Augustus_gene431.t1;Augustus}

# EVM prediction: Mode:STANDARD S-ratio: 10000.00 268665-270428 orient(+) score(3528.00) noncoding_equivalent(0.35) raw_noncoding(0.00) offset(0.00)
268665	270428	single+	1	3	{Augustus_gene881.t1;Augustus}

# EVM prediction: Mode:STANDARD S-ratio: 10000.00 278484-278873 orient(+) score(780.00) noncoding_equivalent(0.08) raw_noncoding(0.00) offset(0.00)
278484	278873	single+	1	3	{Augustus_gene933.t1;Augustus}

# EVM prediction: Mode:STANDARD S-ratio: 10000.00 291561-293084 orient(-) score(3048.00) noncoding_equivalent(0.30) raw_noncoding(0.00) offset(0.00)
293084	291561	single-	4	6	{Augustus_gene234.t1;Augustus}

# EVM prediction: Mode:STANDARD S-ratio: 10000.00 299015-300679 orient(-) score(3330.00) noncoding_equivalent(0.33) raw_noncoding(0.00) offset(0.00)
300679	299015	single-	4	6	{Augustus_gene502.t1;Augustus}

# EVM prediction: Mode:STANDARD S-ratio: 10000.00 303315-305045 orient(+) score(3462.00) noncoding_equivalent(0.35) raw_noncoding(0.00) offset(0.00)
303315	305045	single+	1	3	{Augustus_gene483.t1;Augustus}

# EVM prediction: Mode:STANDARD S-ratio: 10000.00 312761-314284 orient(+) score(3048.00) noncoding_equivalent(0.30) raw_noncoding(0.00) offset(0.00)
312761	314284	single+	1	3	{Augustus_gene521.t1;Augustus}

# EVM prediction: Mode:STANDARD S-ratio: 10000.00 314717-317020 orient(-) score(4608.00) noncoding_equivalent(0.46) raw_noncoding(0.00) offset(0.00)
317020	314717	single-	4	6	{Augustus_gene1152.t1;Augustus}

# EVM prediction: Mode:STANDARD S-ratio: 10000.00 318161-322165 orient(-) score(8010.00) noncoding_equivalent(0.80) raw_noncoding(0.00) offset(0.00)
322165	318161	single-	4	6	{Augustus_gene108.t1;Augustus}

# EVM prediction: Mode:STANDARD S-ratio: 10000.00 371074-371966 orient(+) score(1786.00) noncoding_equivalent(0.18) raw_noncoding(0.00) offset(0.00)
371074	371115	initial+	1	3	{Augustus_gene1034.t1;Augustus}
371116	371594	INTRON			{Augustus_gene1034.t1;Augustus}
371595	371966	terminal+	1	3	{Augustus_gene1034.t1;Augustus}

# EVM prediction: Mode:STANDARD S-ratio: 10000.00 387516-388301 orient(-) score(1572.00) noncoding_equivalent(0.16) raw_noncoding(0.00) offset(0.00)
388301	387516	single-	4	6	{Augustus_gene157.t1;Augustus}

# EVM prediction: Mode:STANDARD S-ratio: 10000.00 388598-389671 orient(+) score(2148.00) noncoding_equivalent(0.21) raw_noncoding(0.00) offset(0.00)
388598	389671	single+	1	3	{Augustus_gene224.t1;Augustus}

# EVM prediction: Mode:STANDARD S-ratio: 10000.00 414119-415474 orient(+) score(2712.00) noncoding_equivalent(0.27) raw_noncoding(0.00) offset(0.00)
414119	415474	single+	1	3	{Augustus_gene581.t1;Augustus}

# EVM prediction: Mode:STANDARD S-ratio: 10000.00 419108-420778 orient(+) score(3342.00) noncoding_equivalent(0.33) raw_noncoding(0.00) offset(0.00)
419108	420778	single+	1	3	{Augustus_gene680.t1;Augustus}

# EVM prediction: Mode:STANDARD S-ratio: 10000.00 422697-423587 orient(-) score(1782.00) noncoding_equivalent(0.18) raw_noncoding(0.00) offset(0.00)
423587	422697	single-	4	6	{Augustus_gene138.t1;Augustus}

# EVM prediction: Mode:STANDARD S-ratio: 10000.00 432916-433638 orient(+) score(1446.00) noncoding_equivalent(0.14) raw_noncoding(0.00) offset(0.00)
432916	433638	single+	1	3	{Augustus_gene1038.t1;Augustus}

# EVM prediction: Mode:STANDARD S-ratio: 10000.00 437773-440535 orient(-) score(5526.00) noncoding_equivalent(0.55) raw_noncoding(0.00) offset(0.00)
440535	437773	single-	4	6	{Augustus_gene318.t1;Augustus}

# EVM prediction: Mode:STANDARD S-ratio: 10000.00 451539-452519 orient(-) score(1962.00) noncoding_equivalent(0.20) raw_noncoding(0.00) offset(0.00)
452519	451539	single-	4	6	{Augustus_gene540.t1;Augustus}

# EVM prediction: Mode:STANDARD S-ratio: 10000.00 452960-455419 orient(+) score(4920.00) noncoding_equivalent(0.49) raw_noncoding(0.00) offset(0.00)
452960	455419	single+	1	3	{Augustus_gene517.t1;Augustus}

# EVM prediction: Mode:STANDARD S-ratio: 10000.00 467953-472365 orient(+) score(8826.00) noncoding_equivalent(0.88) raw_noncoding(0.00) offset(0.00)
467953	472365	single+	1	3	{Augustus_gene455.t1;Augustus}

# EVM prediction: Mode:STANDARD S-ratio: 10000.00 490720-492930 orient(+) score(4422.00) noncoding_equivalent(0.44) raw_noncoding(0.00) offset(0.00)
490720	492930	single+	1	3	{Augustus_gene1125.t1;Augustus}

# EVM prediction: Mode:STANDARD S-ratio: 10000.00 499797-501776 orient(+) score(3960.00) noncoding_equivalent(0.40) raw_noncoding(0.00) offset(0.00)
499797	501776	single+	1	3	{Augustus_gene889.t1;Augustus}

# EVM prediction: Mode:STANDARD S-ratio: 10000.00 510373-511635 orient(+) score(2526.00) noncoding_equivalent(0.25) raw_noncoding(0.00) offset(0.00)
510373	511635	single+	1	3	{Augustus_gene1102.t1;Augustus}

# EVM prediction: Mode:STANDARD S-ratio: 10000.00 517889-518524 orient(-) score(1272.00) noncoding_equivalent(0.13) raw_noncoding(0.00) offset(0.00)
518524	517889	single-	4	6	{Augustus_gene359.t1;Augustus}

