!! Predictions spanning range 8801 - 95817 [R1]
# EVM prediction: Mode:STANDARD S-ratio: 10000.00 8801-10432 orient(+) score(3264.00) noncoding_equivalent(0.33) raw_noncoding(0.00) offset(0.00) 
8801	10432	single+	1	3	{Augustus_gene551.t1;Augustus}

# EVM prediction: Mode:STANDARD S-ratio: 10000.00 10575-11588 orient(-) score(2028.00) noncoding_equivalent(0.20) raw_noncoding(0.00) offset(0.00) 
11588	10575	single-	4	6	{Augustus_gene862.t1;Augustus}

# EVM prediction: Mode:STANDARD S-ratio: 10000.00 16474-16914 orient(+) score(882.00) noncoding_equivalent(0.09) raw_noncoding(0.00) offset(0.00) 
16474	16914	single+	1	3	{Augustus_gene1042.t1;Augustus}

# EVM prediction: Mode:STANDARD S-ratio: 10000.00 20620-22689 orient(+) score(4140.00) noncoding_equivalent(0.41) raw_noncoding(0.00) offset(0.00) 
20620	22689	single+	1	3	{Augustus_gene414.t1;Augustus}

# EVM prediction: Mode:STANDARD S-ratio: 10000.00 30663-34217 orient(-) score(7110.00) noncoding_equivalent(0.71) raw_noncoding(0.00) offset(0.00) 
34217	30663	single-	4	6	{Augustus_gene732.t1;Augustus}

# EVM prediction: Mode:STANDARD S-ratio: 10000.00 39614-41236 orient(-) score(3246.00) noncoding_equivalent(0.32) raw_noncoding(0.00) offset(0.00) 
41236	39614	single-	4	6	{Augustus_gene218.t1;Augustus}

# EVM prediction: Mode:STANDARD S-ratio: 10000.00 44571-45116 orient(+) score(1092.00) noncoding_equivalent(0.11) raw_noncoding(0.00) offset(0.00) 
44571	45116	single+	1	3	{Augustus_gene1180.t1;Augustus}

# EVM prediction: Mode:STANDARD S-ratio: 10000.00 65996-66793 orient(+) score(1596.00) noncoding_equivalent(0.16) raw_noncoding(0.00) offset(0.00) 
65996	66793	single+	1	3	{Augustus_gene674.t1;Augustus}

# EVM prediction: Mode:STANDARD S-ratio: 10000.00 67395-69962 orient(+) score(5136.00) noncoding_equivalent(0.51) raw_noncoding(0.00) offset(0.00) 
67395	69962	single+	1	3	{Augustus_gene336.t1;Augustus}

# EVM prediction: Mode:STANDARD S-ratio: 10000.00 82384-83628 orient(+) score(2490.00) noncoding_equivalent(0.25) raw_noncoding(0.00) offset(0.00) 
82384	82421	initial+	1	2	{Augustus_gene267.t1;Augustus}
82422	82517	INTRON			{Augustus_gene267.t1;Augustus}
82518	83628	terminal+	3	3	{Augustus_gene267.t1;Augustus}

# EVM prediction: Mode:STANDARD S-ratio: 10000.00 86854-88602 orient(-) score(3498.00) noncoding_equivalent(0.35) raw_noncoding(0.00) offset(0.00) 
88602	86854	single-	4	6	{Augustus_gene400.t1;Augustus}

# EVM prediction: Mode:STANDARD S-ratio: 10000.00 94330-95817 orient(+) score(2976.00) noncoding_equivalent(0.30) raw_noncoding(0.00) offset(0.00) 
94330	95817	single+	1	3	{Augustus_gene646.t1;Augustus}

