# EVM prediction: Mode:STANDARD S-ratio: 4.00 445-1308 orient(-) score(3456.00) noncoding_equivalent(864.00) raw_noncoding(864.00) offset(0.00)
1308	445	single-	4	6	{HiQ_model.g4460.t1;HiQ}

# EVM prediction: Mode:STANDARD S-ratio: 3.26 2243-4540 orient(-) score(12453.00) noncoding_equivalent(3825.71) raw_noncoding(4095.00) offset(269.29)
3647	2243	terminal-	6	6	{HiQ_model.g4461.t1;HiQ}
3746	3648	INTRON			{HiQ_model.g4461.t1;HiQ},{ev_type:exonerate/ID=match.133146.4827/Target=YBL111C;exonerate},{ev_type:exonerate/ID=match.133146.3077/Target=YHR218W;exonerate}
4540	3747	initial-	4	5	{HiQ_model.g4461.t1;HiQ}

# EVM prediction: Mode:STANDARD S-ratio: 10000.00 8298-10211 orient(-) score(5742.00) noncoding_equivalent(0.57) raw_noncoding(0.00) offset(0.00)
10211	8298	single-	4	6	{GlimmerHMM_glimmerT_4837-T1;GlimmerHMM},{Augustus_model.g4462.t1;Augustus}

# EVM prediction: Mode:STANDARD S-ratio: 23.83 11921-12283 orient(-) score(8652.00) noncoding_equivalent(363.00) raw_noncoding(363.00) offset(0.00)
12283	11921	single-	4	6	{HiQ_model.g4463.t1;HiQ},{GlimmerHMM_glimmerT_4838-T1;GlimmerHMM}

# EVM prediction: Mode:STANDARD S-ratio: 3.00 13932-14270 orient(+) score(1017.00) noncoding_equivalent(339.00) raw_noncoding(339.00) offset(0.00)
13932	14270	single+	1	3	{GlimmerHMM_glimmerT_4840-T1;GlimmerHMM}

# EVM prediction: Mode:STANDARD S-ratio: 3.00 14899-15411 orient(+) score(1539.00) noncoding_equivalent(513.00) raw_noncoding(513.00) offset(0.00)
14899	15411	single+	1	3	{Augustus_model.g4464.t1;Augustus},{GlimmerHMM_glimmerT_4841-T1;GlimmerHMM}

# EVM prediction: Mode:STANDARD S-ratio: 1.00 17588-17839 orient(+) score(504.00) noncoding_equivalent(504.00) raw_noncoding(504.00) offset(0.00)
17588	17839	single+	1	3	{GlimmerHMM_glimmerT_4843-T1;GlimmerHMM}

# EVM prediction: Mode:STANDARD S-ratio: 10000.00 19085-20968 orient(-) score(5652.00) noncoding_equivalent(0.57) raw_noncoding(0.00) offset(0.00)
20968	19085	single-	4	6	{GlimmerHMM_glimmerT_4844-T1;GlimmerHMM},{Augustus_model.g4465.t1;Augustus}

# EVM prediction: Mode:STANDARD S-ratio: 75.28 21780-23537 orient(+) score(6939.00) noncoding_equivalent(92.17) raw_noncoding(92.17) offset(0.00)
21780	23537	single+	1	3	{GlimmerHMM_glimmerT_4845-T1;GlimmerHMM},{Augustus_model.g4466.t1;Augustus}

# EVM prediction: Mode:STANDARD S-ratio: 4.80 23614-25506 orient(-) score(9400.00) noncoding_equivalent(1956.91) raw_noncoding(1956.91) offset(0.00)
25506	23614	single-	4	6	{HiQ_model.g4467.t1;HiQ},{GlimmerHMM_glimmerT_4846-T1;GlimmerHMM}

# EVM prediction: Mode:STANDARD S-ratio: 49.82 26239-27879 orient(+) score(6433.00) noncoding_equivalent(129.12) raw_noncoding(129.12) offset(0.00)
26239	27879	single+	1	3	{GlimmerHMM_glimmerT_4847-T1;GlimmerHMM}

# EVM prediction: Mode:STANDARD S-ratio: 2.05 27976-32754 orient(-) score(19116.00) noncoding_equivalent(9345.00) raw_noncoding(9345.00) offset(0.00)
32754	27976	single-	4	6	{HiQ_model.g4469.t1;HiQ},{GlimmerHMM_glimmerT_4848-T1;GlimmerHMM}

# EVM prediction: Mode:STANDARD S-ratio: 5.00 33191-34075 orient(-) score(4425.00) noncoding_equivalent(885.00) raw_noncoding(885.00) offset(0.00)
34075	33191	single-	4	6	{GlimmerHMM_glimmerT_4849-T1;GlimmerHMM},{HiQ_model.g4470.t1;HiQ}

# EVM prediction: Mode:STANDARD S-ratio: 5.88 35253-36023 orient(-) score(4611.00) noncoding_equivalent(784.09) raw_noncoding(784.09) offset(0.00)
36023	35253	single-	4	6	{GlimmerHMM_glimmerT_4850-T1;GlimmerHMM},{HiQ_model.g4471.t1;HiQ}

# EVM prediction: Mode:STANDARD S-ratio: 47.18 36377-38577 orient(-) score(8306.00) noncoding_equivalent(176.04) raw_noncoding(393.43) offset(217.39)
38413	36377	terminal-	4	6	{snap_scaffold_12-snap.13-T1;snap}
38571	38414	INTRON			{snap_scaffold_12-snap.13-T1;snap}
38577	38572	initial-	4	6	{snap_scaffold_12-snap.13-T1;snap}

# EVM prediction: Mode:STANDARD S-ratio: 2.98 38813-39484 orient(-) score(2012.00) noncoding_equivalent(676.03) raw_noncoding(676.03) offset(0.00)
39484	38813	single-	4	6	{GlimmerHMM_glimmerT_4852-T1;GlimmerHMM}

# EVM prediction: Mode:STANDARD S-ratio: 117.67 40082-45688 orient(+) score(22239.00) noncoding_equivalent(189.00) raw_noncoding(189.00) offset(0.00)
40082	45688	single+	1	3	{Augustus_model.g4473.t1;Augustus},{GlimmerHMM_glimmerT_4853-T1;GlimmerHMM}

# EVM prediction: Mode:STANDARD S-ratio: 5.00 45927-47966 orient(-) score(10200.00) noncoding_equivalent(2040.00) raw_noncoding(2040.00) offset(0.00)
47966	45927	single-	4	6	{HiQ_model.g4474.t1;HiQ},{GlimmerHMM_glimmerT_4854-T1;GlimmerHMM}

# EVM prediction: Mode:STANDARD S-ratio: 1.98 48761-50578 orient(+) score(4446.00) noncoding_equivalent(2244.00) raw_noncoding(2244.00) offset(0.00)
48761	50578	single+	1	3	{GlimmerHMM_glimmerT_4855-T1;GlimmerHMM}

# EVM prediction: Mode:STANDARD S-ratio: 13.86 51109-52986 orient(+) score(6999.00) noncoding_equivalent(505.00) raw_noncoding(505.00) offset(0.00)
51109	52986	single+	1	3	{GlimmerHMM_glimmerT_4856-T1;GlimmerHMM},{Augustus_model.g4476.t1;Augustus}

# EVM prediction: Mode:STANDARD S-ratio: 5.00 53217-54164 orient(-) score(4740.00) noncoding_equivalent(948.00) raw_noncoding(948.00) offset(0.00)
54164	53217	single-	4	6	{HiQ_model.g4477.t1;HiQ},{GlimmerHMM_glimmerT_4857-T1;GlimmerHMM}

# EVM prediction: Mode:STANDARD S-ratio: 37.25 54742-55847 orient(+) score(4173.00) noncoding_equivalent(112.04) raw_noncoding(174.27) offset(62.23)
54742	54746	initial+	1	2	{snap_scaffold_12-snap.19-T1;snap}
54747	54778	INTRON			{snap_scaffold_12-snap.19-T1;snap}
54779	55847	terminal+	3	3	{Augustus_model.g4478.t1;Augustus},{snap_scaffold_12-snap.19-T1;snap}

# EVM prediction: Mode:STANDARD S-ratio: 59.30 56647-58788 orient(+) score(8421.00) noncoding_equivalent(142.00) raw_noncoding(142.00) offset(0.00)
56647	58788	single+	1	3	{Augustus_model.g4479.t1;Augustus},{GlimmerHMM_glimmerT_4859-T1;GlimmerHMM}

# EVM prediction: Mode:STANDARD S-ratio: 4.28 59121-62561 orient(-) score(16736.00) noncoding_equivalent(3909.08) raw_noncoding(3909.08) offset(0.00)
62561	59121	single-	4	6	{HiQ_model.g4480.t1;HiQ}

# EVM prediction: Mode:STANDARD S-ratio: 4.80 62959-64155 orient(-) score(5943.00) noncoding_equivalent(1237.31) raw_noncoding(1237.31) offset(0.00)
64155	62959	single-	4	6	{GlimmerHMM_glimmerT_4861-T1;GlimmerHMM},{HiQ_model.g4481.t1;HiQ}

# EVM prediction: Mode:STANDARD S-ratio: 4.91 64459-65856 orient(-) score(6967.00) noncoding_equivalent(1419.20) raw_noncoding(1419.20) offset(0.00)
65856	64459	single-	4	6	{HiQ_model.g4482.t1;HiQ},{GlimmerHMM_glimmerT_4862-T1;GlimmerHMM}

# EVM prediction: Mode:STANDARD S-ratio: 4.86 66239-67453 orient(-) score(6044.00) noncoding_equivalent(1244.22) raw_noncoding(1244.22) offset(0.00)
67453	66239	single-	4	6	{GlimmerHMM_glimmerT_4863-T1;GlimmerHMM},{HiQ_model.g4483.t1;HiQ}

# EVM prediction: Mode:STANDARD S-ratio: 4.32 67728-69545 orient(-) score(8856.00) noncoding_equivalent(2052.00) raw_noncoding(2052.00) offset(0.00)
69545	67728	single-	4	6	{HiQ_model.g4484.t1;HiQ},{GlimmerHMM_glimmerT_4864-T1;GlimmerHMM}

# EVM prediction: Mode:STANDARD S-ratio: 3.00 69705-70067 orient(+) score(1089.00) noncoding_equivalent(363.00) raw_noncoding(363.00) offset(0.00)
69705	70067	single+	1	3	{Augustus_model.g4485.t1;Augustus},{GlimmerHMM_glimmerT_4865-T1;GlimmerHMM}

# EVM prediction: Mode:STANDARD S-ratio: 56.62 70273-71871 orient(+) score(6285.00) noncoding_equivalent(111.00) raw_noncoding(111.00) offset(0.00)
70273	71871	single+	1	3	{Augustus_model.g4486.t1;Augustus},{GlimmerHMM_glimmerT_4866-T1;GlimmerHMM}

# EVM prediction: Mode:STANDARD S-ratio: 5.00 72034-74241 orient(-) score(11040.00) noncoding_equivalent(2208.00) raw_noncoding(2208.00) offset(0.00)
74241	72034	single-	4	6	{HiQ_model.g4487.t1;HiQ},{GlimmerHMM_glimmerT_4867-T1;GlimmerHMM}

# EVM prediction: Mode:STANDARD S-ratio: 10000.00 75409-75774 orient(+) score(1464.00) noncoding_equivalent(0.15) raw_noncoding(0.00) offset(0.00)
75409	75774	single+	1	3	{Augustus_model.g4488.t1;Augustus},{GlimmerHMM_glimmerT_4868-T1;GlimmerHMM}

# EVM prediction: Mode:STANDARD S-ratio: 4.10 76094-77311 orient(-) score(5874.00) noncoding_equivalent(1434.00) raw_noncoding(1434.00) offset(0.00)
77311	76094	single-	4	6	{GlimmerHMM_glimmerT_4869-T1;GlimmerHMM},{HiQ_model.g4489.t1;HiQ}

# EVM prediction: Mode:STANDARD S-ratio: 5.00 77427-78350 orient(-) score(4620.00) noncoding_equivalent(924.00) raw_noncoding(924.00) offset(0.00)
78350	77427	single-	4	6	{GlimmerHMM_glimmerT_4870-T1;GlimmerHMM},{HiQ_model.g4490.t1;HiQ}

# EVM prediction: Mode:STANDARD S-ratio: 3.01 78932-80413 orient(+) score(4446.00) noncoding_equivalent(1478.50) raw_noncoding(1478.50) offset(0.00)
78932	80413	single+	1	3	{GlimmerHMM_glimmerT_4871-T1;GlimmerHMM},{Augustus_model.g4491.t1;Augustus}

# EVM prediction: Mode:STANDARD S-ratio: 4.84 80650-81612 orient(-) score(4787.00) noncoding_equivalent(989.23) raw_noncoding(989.23) offset(0.00)
81612	80650	single-	4	6	{GlimmerHMM_glimmerT_4872-T1;GlimmerHMM},{HiQ_model.g4492.t1;HiQ}

# EVM prediction: Mode:STANDARD S-ratio: 3.78 81960-83717 orient(-) score(8343.00) noncoding_equivalent(2205.00) raw_noncoding(2205.00) offset(0.00)
83717	81960	single-	4	6	{HiQ_model.g4493.t1;HiQ},{GlimmerHMM_glimmerT_4873-T1;GlimmerHMM}

# EVM prediction: Mode:STANDARD S-ratio: 4.91 84064-85056 orient(-) score(4950.00) noncoding_equivalent(1008.00) raw_noncoding(1008.00) offset(0.00)
85056	84064	single-	4	6	{HiQ_model.g4494.t1;HiQ}

# EVM prediction: Mode:STANDARD S-ratio: 16.62 85905-91314 orient(+) score(15228.00) noncoding_equivalent(916.52) raw_noncoding(1002.00) offset(85.48)
85905	86831	initial+	1	3	{Augustus_model.g4495.t1;Augustus}
86832	86916	INTRON			{Augustus_model.g4495.t1;Augustus}
86917	91314	terminal+	1	3	{Augustus_model.g4495.t1;Augustus}

# EVM prediction: Mode:STANDARD S-ratio: 5.00 92623-94506 orient(-) score(9420.00) noncoding_equivalent(1884.00) raw_noncoding(1884.00) offset(0.00)
94506	92623	single-	4	6	{GlimmerHMM_glimmerT_4876-T1;GlimmerHMM},{HiQ_model.g4496.t1;HiQ}

# EVM prediction: Mode:STANDARD S-ratio: 10000.00 95114-97933 orient(-) score(8460.00) noncoding_equivalent(0.85) raw_noncoding(0.00) offset(0.00)
97933	95114	single-	4	6	{GlimmerHMM_glimmerT_4877-T1;GlimmerHMM},{Augustus_model.g4497.t1;Augustus}

# EVM prediction: Mode:STANDARD S-ratio: 55.83 99215-100399 orient(+) score(4655.00) noncoding_equivalent(83.37) raw_noncoding(83.37) offset(0.00)
99215	100399	single+	1	3	{Augustus_model.g4498.t1;Augustus},{GlimmerHMM_glimmerT_4878-T1;GlimmerHMM}

# EVM prediction: Mode:STANDARD S-ratio: 4.96 100644-101879 orient(-) score(6170.00) noncoding_equivalent(1244.05) raw_noncoding(1244.05) offset(0.00)
101879	100644	single-	4	6	{HiQ_model.g4499.t1;HiQ},{GlimmerHMM_glimmerT_4879-T1;GlimmerHMM}

# EVM prediction: Mode:STANDARD S-ratio: 111.75 102607-103965 orient(+) score(5387.00) noncoding_equivalent(48.21) raw_noncoding(48.21) offset(0.00)
102607	103965	single+	1	3	{Augustus_model.g4500.t1;Augustus},{GlimmerHMM_glimmerT_4880-T1;GlimmerHMM}

# EVM prediction: Mode:STANDARD S-ratio: 2.81 104272-105086 orient(+) score(2711.00) noncoding_equivalent(966.15) raw_noncoding(1758.00) offset(791.85)
104272	104400	initial+	1	3	{Augustus_model.g4501.t1;Augustus}
104401	104798	INTRON			{Augustus_model.g4501.t1;Augustus},{ev_type:exonerate/ID=match.133146.2365/Target=YHL001W;exonerate},{ev_type:exonerate/ID=match.133146.721/Target=YKL006W;exonerate}
104799	105086	terminal+	1	3	{Augustus_model.g4501.t1;Augustus}

# EVM prediction: Mode:STANDARD S-ratio: 123.05 106050-107363 orient(+) score(5212.00) noncoding_equivalent(42.36) raw_noncoding(42.36) offset(0.00)
106050	107363	single+	1	3	{GlimmerHMM_glimmerT_4881-T1;GlimmerHMM},{Augustus_model.g4502.t1;Augustus}

# EVM prediction: Mode:STANDARD S-ratio: 38.40 108807-109880 orient(+) score(4188.00) noncoding_equivalent(109.07) raw_noncoding(109.07) offset(0.00)
108807	109880	single+	1	3	{GlimmerHMM_glimmerT_4882-T1;GlimmerHMM}

# EVM prediction: Mode:STANDARD S-ratio: 5.00 110023-111312 orient(-) score(6450.00) noncoding_equivalent(1290.00) raw_noncoding(1290.00) offset(0.00)
111312	110023	single-	4	6	{GlimmerHMM_glimmerT_4883-T1;GlimmerHMM},{HiQ_model.g4504.t1;HiQ}

# EVM prediction: Mode:STANDARD S-ratio: 4.43 111749-113089 orient(-) score(6561.00) noncoding_equivalent(1480.00) raw_noncoding(1480.00) offset(0.00)
113089	111749	single-	4	6	{HiQ_model.g4505.t1;HiQ},{GlimmerHMM_glimmerT_4884-T1;GlimmerHMM}

# EVM prediction: Mode:STANDARD S-ratio: 4.76 113494-114912 orient(-) score(7035.00) noncoding_equivalent(1479.00) raw_noncoding(1479.00) offset(0.00)
114912	113494	single-	4	6	{HiQ_model.g4506.t1;HiQ},{GlimmerHMM_glimmerT_4885-T1;GlimmerHMM}

# EVM prediction: Mode:STANDARD S-ratio: 5.00 115615-115896 orient(-) score(1410.00) noncoding_equivalent(282.00) raw_noncoding(282.00) offset(0.00)
115896	115615	single-	4	6	{GlimmerHMM_glimmerT_4886-T1;GlimmerHMM},{HiQ_model.g4507.t1;HiQ}

# EVM prediction: Mode:STANDARD S-ratio: 10000.00 117809-119434 orient(+) score(6504.00) noncoding_equivalent(0.65) raw_noncoding(0.00) offset(0.00)
117809	119434	single+	1	3	{GlimmerHMM_glimmerT_4887-T1;GlimmerHMM},{Augustus_model.g4508.t1;Augustus}

# EVM prediction: Mode:STANDARD S-ratio: 5.00 120086-121678 orient(-) score(7965.00) noncoding_equivalent(1593.00) raw_noncoding(1593.00) offset(0.00)
121678	120086	single-	4	6	{GlimmerHMM_glimmerT_4888-T1;GlimmerHMM},{HiQ_model.g4509.t1;HiQ}

# EVM prediction: Mode:STANDARD S-ratio: 5.00 122884-123585 orient(-) score(3510.00) noncoding_equivalent(702.00) raw_noncoding(702.00) offset(0.00)
123585	122884	single-	4	6	{GlimmerHMM_glimmerT_4889-T1;GlimmerHMM},{HiQ_model.g4510.t1;HiQ}

# EVM prediction: Mode:STANDARD S-ratio: 5.00 124104-125675 orient(-) score(7854.00) noncoding_equivalent(1572.00) raw_noncoding(1572.00) offset(0.00)
125675	124104	single-	4	6	{HiQ_model.g4511.t1;HiQ},{GlimmerHMM_glimmerT_4890-T1;GlimmerHMM}

# EVM prediction: Mode:STANDARD S-ratio: 3.32 126515-127486 orient(+) score(3304.00) noncoding_equivalent(995.10) raw_noncoding(1974.00) offset(978.90)
126515	126545	initial+	1	1	{Augustus_model.g4512.t1;Augustus}
126546	127106	INTRON			{Augustus_model.g4512.t1;Augustus},{ev_type:exonerate/ID=match.133146.3582/Target=YHR010W;exonerate},{ev_type:exonerate/ID=match.133146.6586/Target=YDR471W;exonerate}
127107	127486	terminal+	2	3	{Augustus_model.g4512.t1;Augustus}

# EVM prediction: Mode:STANDARD S-ratio: 63.96 127774-129114 orient(+) score(5280.00) noncoding_equivalent(82.55) raw_noncoding(82.55) offset(0.00)
127774	129114	single+	1	3	{GlimmerHMM_glimmerT_4891-T1;GlimmerHMM},{Augustus_model.g4513.t1;Augustus}

# EVM prediction: Mode:STANDARD S-ratio: 11.87 129475-130442 orient(+) score(3678.00) noncoding_equivalent(309.78) raw_noncoding(432.00) offset(122.22)
129475	129522	initial+	1	3	{GlimmerHMM_glimmerT_4892-T1;GlimmerHMM},{Augustus_model.g4514.t1;Augustus}
129523	129641	INTRON			{GlimmerHMM_glimmerT_4892-T1;GlimmerHMM},{Augustus_model.g4514.t1;Augustus},{ev_type:exonerate/ID=match.133146.5263/Target=YHR012W;exonerate}
129642	130442	terminal+	1	3	{GlimmerHMM_glimmerT_4892-T1;GlimmerHMM},{Augustus_model.g4514.t1;Augustus}

# EVM prediction: Mode:STANDARD S-ratio: 2.01 130724-131440 orient(-) score(2868.00) noncoding_equivalent(1428.19) raw_noncoding(1428.19) offset(0.00)
131440	130724	single-	4	6	{GlimmerHMM_glimmerT_4893-T1;GlimmerHMM},{HiQ_model.g4515.t1;HiQ}

# EVM prediction: Mode:STANDARD S-ratio: 10000.00 132040-132915 orient(+) score(3504.00) noncoding_equivalent(0.35) raw_noncoding(0.00) offset(0.00)
132040	132915	single+	1	3	{Augustus_model.g4516.t1;Augustus},{GlimmerHMM_glimmerT_4894-T1;GlimmerHMM}

# EVM prediction: Mode:STANDARD S-ratio: 173.86 134547-136526 orient(+) score(7873.00) noncoding_equivalent(45.28) raw_noncoding(45.28) offset(0.00)
134547	136526	single+	1	3	{GlimmerHMM_glimmerT_4895-T1;GlimmerHMM},{Augustus_model.g4517.t1;Augustus}

# EVM prediction: Mode:STANDARD S-ratio: 4.06 136874-138448 orient(-) score(7182.00) noncoding_equivalent(1768.75) raw_noncoding(2268.00) offset(499.25)
138233	136874	terminal-	6	6	{HiQ_model.g4518.t1;HiQ}
138401	138234	INTRON			{HiQ_model.g4518.t1;HiQ},{ev_type:exonerate/ID=match.133146.3700/Target=YHR016C;exonerate}
138448	138402	initial-	4	5	{HiQ_model.g4518.t1;HiQ}

# EVM prediction: Mode:STANDARD S-ratio: 22.04 138687-139844 orient(+) score(4431.00) noncoding_equivalent(201.00) raw_noncoding(201.00) offset(0.00)
138687	139844	single+	1	3	{GlimmerHMM_glimmerT_4897-T1;GlimmerHMM}

# EVM prediction: Mode:STANDARD S-ratio: 551.46 140004-141395 orient(-) score(5554.00) noncoding_equivalent(10.07) raw_noncoding(10.07) offset(0.00)
141395	140004	single-	4	6	{GlimmerHMM_glimmerT_4898-T1;GlimmerHMM}

# EVM prediction: Mode:STANDARD S-ratio: 2.97 141887-143551 orient(-) score(4984.00) noncoding_equivalent(1676.04) raw_noncoding(1676.04) offset(0.00)
143551	141887	single-	4	6	{GlimmerHMM_glimmerT_4899-T1;GlimmerHMM}

# EVM prediction: Mode:STANDARD S-ratio: 10000.00 143989-146055 orient(+) score(8268.00) noncoding_equivalent(0.83) raw_noncoding(0.00) offset(0.00)
143989	146055	single+	1	3	{Augustus_model.g4521.t1;Augustus},{GlimmerHMM_glimmerT_4900-T1;GlimmerHMM}

# EVM prediction: Mode:STANDARD S-ratio: 5.84 147864-148341 orient(-) score(1430.00) noncoding_equivalent(245.04) raw_noncoding(630.36) offset(385.32)
148102	147864	terminal-	5	6	{snap_scaffold_12-snap.62-T1;snap}
148337	148103	INTRON			{snap_scaffold_12-snap.62-T1;snap}
148341	148338	initial-	4	4	{snap_scaffold_12-snap.62-T1;snap}

# EVM prediction: Mode:STANDARD S-ratio: 5.00 149568-150338 orient(-) score(3855.00) noncoding_equivalent(771.00) raw_noncoding(771.00) offset(0.00)
150338	149568	single-	4	6	{HiQ_model.g4523.t1;HiQ},{GlimmerHMM_glimmerT_4902-T1;GlimmerHMM}

# EVM prediction: Mode:STANDARD S-ratio: 207.54 151659-157445 orient(+) score(23037.00) noncoding_equivalent(111.00) raw_noncoding(111.00) offset(0.00)
151659	157445	single+	1	3	{GlimmerHMM_glimmerT_4903-T1;GlimmerHMM},{Augustus_model.g4524.t1;Augustus}

# EVM prediction: Mode:STANDARD S-ratio: 4.83 157737-159185 orient(-) score(7201.00) noncoding_equivalent(1491.17) raw_noncoding(1491.17) offset(0.00)
159185	157737	single-	4	6	{HiQ_model.g4525.t1;HiQ},{GlimmerHMM_glimmerT_4904-T1;GlimmerHMM}

# EVM prediction: Mode:STANDARD S-ratio: 3.02 159431-160504 orient(+) score(3222.00) noncoding_equivalent(1066.81) raw_noncoding(1066.81) offset(0.00)
159431	160504	single+	1	3	{Augustus_model.g4526.t1;Augustus},{GlimmerHMM_glimmerT_4905-T1;GlimmerHMM}

# EVM prediction: Mode:STANDARD S-ratio: 27.67 160837-161478 orient(+) score(2477.00) noncoding_equivalent(89.53) raw_noncoding(89.53) offset(0.00)
160837	161478	single+	1	3	{Augustus_model.g4527.t1;Augustus},{GlimmerHMM_glimmerT_4906-T1;GlimmerHMM}

# EVM prediction: Mode:STANDARD S-ratio: 5.00 161723-164704 orient(-) score(14910.00) noncoding_equivalent(2982.00) raw_noncoding(2982.00) offset(0.00)
164704	161723	single-	4	6	{GlimmerHMM_glimmerT_4907-T1;GlimmerHMM},{HiQ_model.g4528.t1;HiQ}

# EVM prediction: Mode:STANDARD S-ratio: 4.99 164971-167427 orient(-) score(12278.00) noncoding_equivalent(2462.01) raw_noncoding(2462.01) offset(0.00)
167427	164971	single-	4	6	{GlimmerHMM_glimmerT_4908-T1;GlimmerHMM},{HiQ_model.g4529.t1;HiQ}

# EVM prediction: Mode:STANDARD S-ratio: 2.00 167670-168554 orient(-) score(3540.00) noncoding_equivalent(1771.43) raw_noncoding(1771.43) offset(0.00)
168554	167670	single-	4	6	{HiQ_model.g4530.t1;HiQ},{GlimmerHMM_glimmerT_4909-T1;GlimmerHMM}

# EVM prediction: Mode:STANDARD S-ratio: 36.41 168883-170337 orient(-) score(4247.00) noncoding_equivalent(116.65) raw_noncoding(116.65) offset(0.00)
170337	168883	single-	4	6	{GlimmerHMM_glimmerT_4910-T1;GlimmerHMM},{Augustus_model.g4531.t1;Augustus}

# EVM prediction: Mode:STANDARD S-ratio: 4.98 170792-172963 orient(-) score(10852.00) noncoding_equivalent(2178.03) raw_noncoding(2178.03) offset(0.00)
172963	170792	single-	4	6	{GlimmerHMM_glimmerT_4911-T1;GlimmerHMM},{HiQ_model.g4532.t1;HiQ}

# EVM prediction: Mode:STANDARD S-ratio: 2.72 173337-175082 orient(+) score(5104.00) noncoding_equivalent(1877.45) raw_noncoding(1877.45) offset(0.00)
173337	175082	single+	1	3	{GlimmerHMM_glimmerT_4912-T1;GlimmerHMM}

# EVM prediction: Mode:STANDARD S-ratio: 14.08 175270-176812 orient(+) score(5355.00) noncoding_equivalent(380.36) raw_noncoding(722.93) offset(342.57)
175270	175275	initial+	1	3	{snap_scaffold_12-snap.71-T1;snap}
175276	175447	INTRON			{snap_scaffold_12-snap.71-T1;snap}
175448	176812	terminal+	1	3	{snap_scaffold_12-snap.71-T1;snap}

# EVM prediction: Mode:STANDARD S-ratio: 2.00 176958-177992 orient(-) score(4140.00) noncoding_equivalent(2065.44) raw_noncoding(2065.44) offset(0.00)
177992	176958	single-	4	6	{HiQ_model.g4534.t1;HiQ},{GlimmerHMM_glimmerT_4914-T1;GlimmerHMM}

# EVM prediction: Mode:STANDARD S-ratio: 48.67 178317-180104 orient(+) score(7008.00) noncoding_equivalent(144.00) raw_noncoding(144.00) offset(0.00)
178317	180104	single+	1	3	{GlimmerHMM_glimmerT_4915-T1;GlimmerHMM}

# EVM prediction: Mode:STANDARD S-ratio: 10000.00 180386-181753 orient(+) score(5472.00) noncoding_equivalent(0.55) raw_noncoding(0.00) offset(0.00)
180386	181753	single+	1	3	{Augustus_model.g4536.t1;Augustus},{GlimmerHMM_glimmerT_4916-T1;GlimmerHMM}

# EVM prediction: Mode:STANDARD S-ratio: 66.76 181970-183697 orient(+) score(6810.00) noncoding_equivalent(102.00) raw_noncoding(102.00) offset(0.00)
181970	183697	single+	1	3	{GlimmerHMM_glimmerT_4917-T1;GlimmerHMM},{Augustus_model.g4537.t1;Augustus}

# EVM prediction: Mode:STANDARD S-ratio: 90.83 184059-184751 orient(+) score(2740.00) noncoding_equivalent(30.17) raw_noncoding(30.17) offset(0.00)
184059	184751	single+	1	3	{GlimmerHMM_glimmerT_4918-T1;GlimmerHMM},{Augustus_model.g4538.t1;Augustus}

# EVM prediction: Mode:STANDARD S-ratio: 5.00 184868-186802 orient(-) score(9675.00) noncoding_equivalent(1935.00) raw_noncoding(1935.00) offset(0.00)
186802	184868	single-	4	6	{GlimmerHMM_glimmerT_4919-T1;GlimmerHMM},{HiQ_model.g4539.t1;HiQ}

# EVM prediction: Mode:STANDARD S-ratio: 5.26 187166-187672 orient(-) score(1698.00) noncoding_equivalent(323.03) raw_noncoding(488.84) offset(165.81)
187507	187166	terminal-	4	6	{GlimmerHMM_glimmerT_4920-T1;GlimmerHMM},{Augustus_model.g4540.t1;Augustus},{snap_scaffold_12-snap.77-T1;snap}
187669	187508	INTRON			{GlimmerHMM_glimmerT_4920-T1;GlimmerHMM},{Augustus_model.g4540.t1;Augustus}
187672	187670	initial-	4	6	{GlimmerHMM_glimmerT_4920-T1;GlimmerHMM},{Augustus_model.g4540.t1;Augustus}

# EVM prediction: Mode:STANDARD S-ratio: 3.01 187917-189017 orient(+) score(3303.00) noncoding_equivalent(1097.74) raw_noncoding(1097.74) offset(0.00)
187917	189017	single+	1	3	{GlimmerHMM_glimmerT_4921-T1;GlimmerHMM},{Augustus_model.g4541.t1;Augustus}

# EVM prediction: Mode:STANDARD S-ratio: 16.93 189124-189857 orient(-) score(2567.00) noncoding_equivalent(151.60) raw_noncoding(354.15) offset(202.55)
189742	189124	terminal-	6	6	{Augustus_model.g4542.t1;Augustus}
189843	189743	INTRON			{Augustus_model.g4542.t1;Augustus}
189857	189844	initial-	4	5	{GlimmerHMM_glimmerT_4922-T1;GlimmerHMM},{Augustus_model.g4542.t1;Augustus}

# EVM prediction: Mode:STANDARD S-ratio: 114.33 190536-192611 orient(+) score(8232.00) noncoding_equivalent(72.00) raw_noncoding(72.00) offset(0.00)
190536	192611	single+	1	3	{GlimmerHMM_glimmerT_4923-T1;GlimmerHMM},{Augustus_model.g4543.t1;Augustus}

# EVM prediction: Mode:STANDARD S-ratio: 4.86 192798-193538 orient(-) score(3686.00) noncoding_equivalent(758.43) raw_noncoding(758.43) offset(0.00)
193538	192798	single-	4	6	{GlimmerHMM_glimmerT_4924-T1;GlimmerHMM},{HiQ_model.g4544.t1;HiQ}

# EVM prediction: Mode:STANDARD S-ratio: 5.86 194061-194801 orient(-) score(4424.00) noncoding_equivalent(755.10) raw_noncoding(755.10) offset(0.00)
194801	194061	single-	4	6	{GlimmerHMM_glimmerT_4925-T1;GlimmerHMM},{HiQ_model.g4545.t1;HiQ}

# EVM prediction: Mode:STANDARD S-ratio: 61.46 195544-197226 orient(+) score(6623.00) noncoding_equivalent(107.76) raw_noncoding(107.76) offset(0.00)
195544	197226	single+	1	3	{GlimmerHMM_glimmerT_4926-T1;GlimmerHMM},{Augustus_model.g4546.t1;Augustus}

# EVM prediction: Mode:STANDARD S-ratio: 5.00 197391-198278 orient(-) score(4440.00) noncoding_equivalent(888.00) raw_noncoding(888.00) offset(0.00)
198278	197391	single-	4	6	{HiQ_model.g4547.t1;HiQ},{GlimmerHMM_glimmerT_4927-T1;GlimmerHMM}

# EVM prediction: Mode:STANDARD S-ratio: 88.72 198733-201417 orient(-) score(10469.00) noncoding_equivalent(118.00) raw_noncoding(177.03) offset(59.02)
201374	198733	terminal-	5	6	{snap_scaffold_12-snap.84-T1;snap}
201413	201375	INTRON			{snap_scaffold_12-snap.84-T1;snap}
201417	201414	initial-	4	4	{snap_scaffold_12-snap.84-T1;snap}

# EVM prediction: Mode:STANDARD S-ratio: 10000.00 204600-206144 orient(+) score(6180.00) noncoding_equivalent(0.62) raw_noncoding(0.00) offset(0.00)
204600	206144	single+	1	3	{Augustus_model.g4549.t1;Augustus},{GlimmerHMM_glimmerT_4929-T1;GlimmerHMM}

# EVM prediction: Mode:STANDARD S-ratio: 20.66 206455-207186 orient(+) score(2793.00) noncoding_equivalent(135.17) raw_noncoding(135.17) offset(0.00)
206455	207186	single+	1	3	{GlimmerHMM_glimmerT_4930-T1;GlimmerHMM}

# EVM prediction: Mode:STANDARD S-ratio: 14.12 207648-209297 orient(+) score(6165.00) noncoding_equivalent(436.60) raw_noncoding(436.60) offset(0.00)
207648	209297	single+	1	3	{GlimmerHMM_glimmerT_4931-T1;GlimmerHMM}

# EVM prediction: Mode:STANDARD S-ratio: 3.06 209699-210145 orient(+) score(1348.00) noncoding_equivalent(440.81) raw_noncoding(440.81) offset(0.00)
209699	210145	single+	1	3	{Augustus_model.g4551.t1;Augustus},{GlimmerHMM_glimmerT_4932-T1;GlimmerHMM}

# EVM prediction: Mode:STANDARD S-ratio: 10000.00 210842-211972 orient(+) score(4524.00) noncoding_equivalent(0.45) raw_noncoding(0.00) offset(0.00)
210842	211972	single+	1	3	{Augustus_model.g4552.t1;Augustus},{GlimmerHMM_glimmerT_4933-T1;GlimmerHMM}

# EVM prediction: Mode:STANDARD S-ratio: 5.00 213187-214251 orient(-) score(5325.00) noncoding_equivalent(1065.00) raw_noncoding(1065.00) offset(0.00)
214251	213187	single-	4	6	{HiQ_model.g4553.t1;HiQ},{GlimmerHMM_glimmerT_4934-T1;GlimmerHMM}

# EVM prediction: Mode:STANDARD S-ratio: 5.15 215185-217836 orient(-) score(14217.00) noncoding_equivalent(2760.00) raw_noncoding(2760.00) offset(0.00)
217836	215185	single-	4	6	{HiQ_model.g4554.t1;HiQ}

# EVM prediction: Mode:STANDARD S-ratio: 4.13 218228-218845 orient(-) score(2985.00) noncoding_equivalent(723.00) raw_noncoding(723.00) offset(0.00)
218845	218228	single-	4	6	{HiQ_model.g4555.t1;HiQ},{GlimmerHMM_glimmerT_4936-T1;GlimmerHMM}

# EVM prediction: Mode:STANDARD S-ratio: 5.00 218999-219886 orient(-) score(4440.00) noncoding_equivalent(888.00) raw_noncoding(888.00) offset(0.00)
219886	218999	single-	4	6	{GlimmerHMM_glimmerT_4937-T1;GlimmerHMM},{HiQ_model.g4556.t1;HiQ}

# EVM prediction: Mode:STANDARD S-ratio: 3.00 220110-220502 orient(+) score(1179.00) noncoding_equivalent(393.00) raw_noncoding(393.00) offset(0.00)
220110	220502	single+	1	3	{GlimmerHMM_glimmerT_4938-T1;GlimmerHMM},{Augustus_model.g4557.t1;Augustus}

# EVM prediction: Mode:STANDARD S-ratio: 54.78 220727-221272 orient(+) score(2143.00) noncoding_equivalent(39.12) raw_noncoding(39.12) offset(0.00)
220727	221272	single+	1	3	{GlimmerHMM_glimmerT_4939-T1;GlimmerHMM}

# EVM prediction: Mode:STANDARD S-ratio: 4.04 221536-222480 orient(-) score(4545.00) noncoding_equivalent(1125.00) raw_noncoding(1125.00) offset(0.00)
222480	221536	single-	4	6	{HiQ_model.g4559.t1;HiQ},{GlimmerHMM_glimmerT_4940-T1;GlimmerHMM}

# EVM prediction: Mode:STANDARD S-ratio: 4.79 222879-223760 orient(-) score(4377.00) noncoding_equivalent(913.43) raw_noncoding(913.43) offset(0.00)
223760	222879	single-	4	6	{HiQ_model.g4560.t1;HiQ},{GlimmerHMM_glimmerT_4941-T1;GlimmerHMM}

# EVM prediction: Mode:STANDARD S-ratio: 5.00 224032-225171 orient(-) score(5700.00) noncoding_equivalent(1140.00) raw_noncoding(1140.00) offset(0.00)
225171	224032	single-	4	6	{HiQ_model.g4561.t1;HiQ},{GlimmerHMM_glimmerT_4942-T1;GlimmerHMM}

# EVM prediction: Mode:STANDARD S-ratio: 4.61 225527-227236 orient(-) score(8353.00) noncoding_equivalent(1813.38) raw_noncoding(1813.38) offset(0.00)
227236	225527	single-	4	6	{HiQ_model.g4562.t1;HiQ}

# EVM prediction: Mode:STANDARD S-ratio: 14.34 227534-229039 orient(-) score(4518.00) noncoding_equivalent(315.03) raw_noncoding(315.03) offset(0.00)
229039	227534	single-	4	6	{GlimmerHMM_glimmerT_4944-T1;GlimmerHMM},{Augustus_model.g4563.t1;Augustus}

# EVM prediction: Mode:STANDARD S-ratio: 28.37 229337-230698 orient(+) score(6810.00) noncoding_equivalent(240.08) raw_noncoding(240.08) offset(0.00)
229337	230698	single+	1	3	{Augustus_model.g4564.t1;Augustus},{GlimmerHMM_glimmerT_4945-T1;GlimmerHMM}

# EVM prediction: Mode:STANDARD S-ratio: 3.03 230972-231814 orient(+) score(2535.00) noncoding_equivalent(837.46) raw_noncoding(837.46) offset(0.00)
230972	231814	single+	1	3	{Augustus_model.g4565.t1;Augustus},{GlimmerHMM_glimmerT_4946-T1;GlimmerHMM}

# EVM prediction: Mode:STANDARD S-ratio: 10000.00 232135-233298 orient(+) score(4656.00) noncoding_equivalent(0.47) raw_noncoding(0.00) offset(0.00)
232135	233298	single+	1	3	{Augustus_model.g4566.t1;Augustus},{GlimmerHMM_glimmerT_4947-T1;GlimmerHMM}

# EVM prediction: Mode:STANDARD S-ratio: 4.90 233581-234660 orient(-) score(5382.00) noncoding_equivalent(1098.00) raw_noncoding(1098.00) offset(0.00)
234660	233581	single-	4	6	{HiQ_model.g4567.t1;HiQ},{GlimmerHMM_glimmerT_4948-T1;GlimmerHMM}

# EVM prediction: Mode:STANDARD S-ratio: 3.00 234940-236382 orient(+) score(4329.00) noncoding_equivalent(1443.00) raw_noncoding(1443.00) offset(0.00)
234940	236382	single+	1	3	{Augustus_model.g4568.t1;Augustus},{GlimmerHMM_glimmerT_4949-T1;GlimmerHMM}

# EVM prediction: Mode:STANDARD S-ratio: 9.45 237006-237695 orient(+) score(2496.00) noncoding_equivalent(264.00) raw_noncoding(264.00) offset(0.00)
237006	237695	single+	1	3	{GlimmerHMM_glimmerT_4950-T1;GlimmerHMM},{Augustus_model.g4569.t1;Augustus}

# EVM prediction: Mode:STANDARD S-ratio: 202.36 239100-241295 orient(+) score(8739.00) noncoding_equivalent(43.18) raw_noncoding(43.18) offset(0.00)
239100	241295	single+	1	3	{GlimmerHMM_glimmerT_4951-T1;GlimmerHMM}

# EVM prediction: Mode:STANDARD S-ratio: 1.59 241401-241842 orient(+) score(768.00) noncoding_equivalent(484.19) raw_noncoding(987.34) offset(503.15)
241401	241404	initial+	1	1	{snap_scaffold_12-snap.104-T1;snap}
241405	241589	INTRON			{snap_scaffold_12-snap.104-T1;snap}
241590	241597	internal+	2	3	{snap_scaffold_12-snap.104-T1;snap}
241598	241665	INTRON			{snap_scaffold_12-snap.104-T1;snap}
241666	241842	terminal+	1	3	{snap_scaffold_12-snap.104-T1;snap}

# EVM prediction: Mode:STANDARD S-ratio: 4.81 242584-245574 orient(+) score(15003.00) noncoding_equivalent(3120.00) raw_noncoding(3120.00) offset(0.00)
242584	245574	single+	1	3	{HiQ_model.g4571.t1;HiQ},{GlimmerHMM_glimmerT_4952-T1;GlimmerHMM}

# EVM prediction: Mode:STANDARD S-ratio: 425.83 246195-248339 orient(+) score(8558.00) noncoding_equivalent(20.10) raw_noncoding(20.10) offset(0.00)
246195	248339	single+	1	3	{GlimmerHMM_glimmerT_4953-T1;GlimmerHMM},{Augustus_model.g4572.t1;Augustus}

# EVM prediction: Mode:STANDARD S-ratio: 5.00 248441-249643 orient(-) score(6015.00) noncoding_equivalent(1203.00) raw_noncoding(1203.00) offset(0.00)
249643	248441	single-	4	6	{GlimmerHMM_glimmerT_4954-T1;GlimmerHMM},{HiQ_model.g4573.t1;HiQ}

# EVM prediction: Mode:STANDARD S-ratio: 16.08 251103-252227 orient(+) score(4149.00) noncoding_equivalent(258.00) raw_noncoding(351.00) offset(93.00)
251103	251157	initial+	1	1	{Augustus_model.g4574.t1;Augustus}
251158	251250	INTRON			{Augustus_model.g4574.t1;Augustus},{ev_type:exonerate/ID=match.133146.4983/Target=YHR076W;exonerate}
251251	252227	terminal+	2	3	{Augustus_model.g4574.t1;Augustus}

# EVM prediction: Mode:STANDARD S-ratio: 4.98 252376-255651 orient(-) score(16362.00) noncoding_equivalent(3286.18) raw_noncoding(3286.18) offset(0.00)
255651	252376	single-	4	6	{HiQ_model.g4575.t1;HiQ},{GlimmerHMM_glimmerT_4957-T1;GlimmerHMM}

# EVM prediction: Mode:STANDARD S-ratio: 15.26 256362-258020 orient(+) score(6228.00) noncoding_equivalent(408.00) raw_noncoding(408.00) offset(0.00)
256362	258020	single+	1	3	{GlimmerHMM_glimmerT_4958-T1;GlimmerHMM},{Augustus_model.g4576.t1;Augustus}

# EVM prediction: Mode:STANDARD S-ratio: 86.55 258246-261572 orient(-) score(9867.00) noncoding_equivalent(114.00) raw_noncoding(114.00) offset(0.00)
261572	258246	single-	4	6	{GlimmerHMM_glimmerT_4959-T1;GlimmerHMM}

# EVM prediction: Mode:STANDARD S-ratio: 1.30 262194-262555 orient(-) score(1086.00) noncoding_equivalent(834.00) raw_noncoding(1086.00) offset(252.00)
262356	262194	terminal-	6	6	{HiQ_model.g4578.t1;HiQ}
262442	262357	INTRON			{HiQ_model.g4578.t1;HiQ},{ev_type:exonerate/ID=match.133146.1533/Target=YHR079C-A;exonerate}
262555	262443	initial-	4	5	{HiQ_model.g4578.t1;HiQ}

# EVM prediction: Mode:STANDARD S-ratio: 4.84 262803-266840 orient(-) score(20081.00) noncoding_equivalent(4146.70) raw_noncoding(4146.70) offset(0.00)
266840	262803	single-	4	6	{HiQ_model.g4579.t1;HiQ},{GlimmerHMM_glimmerT_4960-T1;GlimmerHMM}

# EVM prediction: Mode:STANDARD S-ratio: 10000.00 267540-268094 orient(+) score(2220.00) noncoding_equivalent(0.22) raw_noncoding(0.00) offset(0.00)
267540	268094	single+	1	3	{GlimmerHMM_glimmerT_4961-T1;GlimmerHMM},{Augustus_model.g4580.t1;Augustus}

# EVM prediction: Mode:STANDARD S-ratio: 38.62 268461-271550 orient(-) score(9036.00) noncoding_equivalent(234.00) raw_noncoding(234.00) offset(0.00)
271550	268461	single-	4	6	{GlimmerHMM_glimmerT_4962-T1;GlimmerHMM}

# EVM prediction: Mode:STANDARD S-ratio: 164.00 272629-273618 orient(+) score(3936.00) noncoding_equivalent(24.00) raw_noncoding(24.00) offset(0.00)
272629	273618	single+	1	3	{GlimmerHMM_glimmerT_4963-T1;GlimmerHMM},{Augustus_model.g4582.t1;Augustus}

# EVM prediction: Mode:STANDARD S-ratio: 391.17 274176-276242 orient(+) score(8245.00) noncoding_equivalent(21.08) raw_noncoding(21.08) offset(0.00)
274176	276242	single+	1	3	{GlimmerHMM_glimmerT_4964-T1;GlimmerHMM},{Augustus_model.g4583.t1;Augustus}

# EVM prediction: Mode:STANDARD S-ratio: 66.65 276766-277770 orient(+) score(3959.00) noncoding_equivalent(59.40) raw_noncoding(59.40) offset(0.00)
276766	277770	single+	1	3	{Augustus_model.g4584.t1;Augustus},{GlimmerHMM_glimmerT_4965-T1;GlimmerHMM}

# EVM prediction: Mode:STANDARD S-ratio: 16.76 278155-279726 orient(+) score(5934.00) noncoding_equivalent(354.00) raw_noncoding(354.00) offset(0.00)
278155	279726	single+	1	3	{GlimmerHMM_glimmerT_4966-T1;GlimmerHMM},{Augustus_model.g4585.t1;Augustus}

# EVM prediction: Mode:STANDARD S-ratio: 3.11 280822-281157 orient(+) score(1017.00) noncoding_equivalent(327.48) raw_noncoding(327.48) offset(0.00)
280822	281157	single+	1	3	{GlimmerHMM_glimmerT_4967-T1;GlimmerHMM},{Augustus_model.g4586.t1;Augustus}

# EVM prediction: Mode:STANDARD S-ratio: 87.40 281497-282384 orient(+) score(3510.00) noncoding_equivalent(40.16) raw_noncoding(40.16) offset(0.00)
281497	282384	single+	1	3	{Augustus_model.g4587.t1;Augustus},{GlimmerHMM_glimmerT_4968-T1;GlimmerHMM}

# EVM prediction: Mode:STANDARD S-ratio: 4.99 282683-283300 orient(-) score(3081.00) noncoding_equivalent(618.00) raw_noncoding(618.00) offset(0.00)
283300	282683	single-	4	6	{GlimmerHMM_glimmerT_4969-T1;GlimmerHMM},{HiQ_model.g4588.t1;HiQ}

# EVM prediction: Mode:STANDARD S-ratio: 5.00 283779-284627 orient(-) score(4245.00) noncoding_equivalent(849.00) raw_noncoding(849.00) offset(0.00)
284627	283779	single-	4	6	{HiQ_model.g4589.t1;HiQ},{GlimmerHMM_glimmerT_4970-T1;GlimmerHMM}

# EVM prediction: Mode:STANDARD S-ratio: 3.55 284841-286772 orient(-) score(9045.00) noncoding_equivalent(2547.00) raw_noncoding(2547.00) offset(0.00)
286772	284841	single-	4	6	{HiQ_model.g4590.t1;HiQ}

# EVM prediction: Mode:STANDARD S-ratio: 616.89 287132-288814 orient(-) score(5039.00) noncoding_equivalent(8.17) raw_noncoding(8.17) offset(0.00)
288814	287132	single-	4	6	{Augustus_model.g4591.t1;Augustus},{GlimmerHMM_glimmerT_4972-T1;GlimmerHMM}

# EVM prediction: Mode:STANDARD S-ratio: 10000.00 290916-292628 orient(-) score(5139.00) noncoding_equivalent(0.51) raw_noncoding(0.00) offset(0.00)
292628	290916	single-	4	6	{Augustus_model.g4592.t1;Augustus},{GlimmerHMM_glimmerT_4973-T1;GlimmerHMM}

# EVM prediction: Mode:STANDARD S-ratio: 10000.00 294672-296450 orient(-) score(5337.00) noncoding_equivalent(0.53) raw_noncoding(0.00) offset(0.00)
296450	294672	single-	4	6	{Augustus_model.g4593.t1;Augustus},{GlimmerHMM_glimmerT_4974-T1;GlimmerHMM}

# EVM prediction: Mode:STANDARD S-ratio: 5.50 297388-298612 orient(-) score(3937.00) noncoding_equivalent(716.45) raw_noncoding(831.00) offset(114.55)
298425	297388	terminal-	4	6	{Augustus_model.g4594.t1;Augustus}
298483	298426	INTRON			{Augustus_model.g4594.t1;Augustus}
298612	298484	initial-	4	6	{Augustus_model.g4594.t1;Augustus}

# EVM prediction: Mode:STANDARD S-ratio: 5.00 299148-301937 orient(-) score(13950.00) noncoding_equivalent(2790.00) raw_noncoding(2790.00) offset(0.00)
301937	299148	single-	4	6	{GlimmerHMM_glimmerT_4976-T1;GlimmerHMM},{HiQ_model.g4595.t1;HiQ}

# EVM prediction: Mode:STANDARD S-ratio: 95.65 302764-313998 orient(+) score(44475.00) noncoding_equivalent(465.00) raw_noncoding(465.00) offset(0.00)
302764	313998	single+	1	3	{GlimmerHMM_glimmerT_4977-T1;GlimmerHMM},{Augustus_model.g4596.t1;Augustus}

# EVM prediction: Mode:STANDARD S-ratio: 5.00 314119-314676 orient(-) score(2790.00) noncoding_equivalent(558.00) raw_noncoding(558.00) offset(0.00)
314676	314119	single-	4	6	{GlimmerHMM_glimmerT_4978-T1;GlimmerHMM},{HiQ_model.g4597.t1;HiQ}

# EVM prediction: Mode:STANDARD S-ratio: 2.05 314877-315971 orient(-) score(4380.00) noncoding_equivalent(2139.37) raw_noncoding(2271.37) offset(132.00)
315774	314877	terminal-	6	6	{HiQ_model.g4598.t1;HiQ},{GlimmerHMM_glimmerT_4979-T1;GlimmerHMM}
315861	315775	INTRON			{HiQ_model.g4598.t1;HiQ},{GlimmerHMM_glimmerT_4979-T1;GlimmerHMM},{ev_type:exonerate/ID=match.133146.699/Target=YHR101C;exonerate}
315971	315862	initial-	4	5	{HiQ_model.g4598.t1;HiQ},{GlimmerHMM_glimmerT_4979-T1;GlimmerHMM}

# EVM prediction: Mode:STANDARD S-ratio: 126.87 316575-319817 orient(+) score(9651.00) noncoding_equivalent(76.07) raw_noncoding(76.07) offset(0.00)
316575	319817	single+	1	3	{Augustus_model.g4599.t1;Augustus}

# EVM prediction: Mode:STANDARD S-ratio: 47.74 320417-322975 orient(+) score(10026.00) noncoding_equivalent(210.00) raw_noncoding(210.00) offset(0.00)
320417	322975	single+	1	3	{Augustus_model.g4600.t1;Augustus},{GlimmerHMM_glimmerT_4981-T1;GlimmerHMM}

# EVM prediction: Mode:STANDARD S-ratio: 19.06 323448-324395 orient(+) score(3603.00) noncoding_equivalent(189.00) raw_noncoding(189.00) offset(0.00)
323448	324395	single+	1	3	{Augustus_model.g4601.t1;Augustus}

# EVM prediction: Mode:STANDARD S-ratio: 2.47 324769-325413 orient(+) score(1838.00) noncoding_equivalent(743.92) raw_noncoding(743.92) offset(0.00)
324769	325413	single+	1	3	{GlimmerHMM_glimmerT_4983-T1;GlimmerHMM}

# EVM prediction: Mode:STANDARD S-ratio: 80.39 325601-326629 orient(+) score(5010.00) noncoding_equivalent(62.32) raw_noncoding(62.32) offset(0.00)
325601	326629	single+	1	3	{GlimmerHMM_glimmerT_4984-T1;GlimmerHMM}

# EVM prediction: Mode:STANDARD S-ratio: 2.00 326816-328039 orient(-) score(4896.00) noncoding_equivalent(2448.00) raw_noncoding(2448.00) offset(0.00)
328039	326816	single-	4	6	{GlimmerHMM_glimmerT_4985-T1;GlimmerHMM},{HiQ_model.g4603.t1;HiQ}

# EVM prediction: Mode:STANDARD S-ratio: 328.96 328306-330063 orient(+) score(7009.00) noncoding_equivalent(21.31) raw_noncoding(21.31) offset(0.00)
328306	330063	single+	1	3	{GlimmerHMM_glimmerT_4986-T1;GlimmerHMM},{Augustus_model.g4604.t1;Augustus}

# EVM prediction: Mode:STANDARD S-ratio: 74.90 330313-332070 orient(+) score(6940.00) noncoding_equivalent(92.65) raw_noncoding(92.65) offset(0.00)
330313	332070	single+	1	3	{GlimmerHMM_glimmerT_4987-T1;GlimmerHMM}

# EVM prediction: Mode:STANDARD S-ratio: 8.81 332100-332923 orient(+) score(2677.00) noncoding_equivalent(303.90) raw_noncoding(564.82) offset(260.92)
332100	332108	initial+	1	3	{snap_scaffold_12-snap.136-T1;snap}
332109	332239	INTRON			{snap_scaffold_12-snap.136-T1;snap}
332240	332923	terminal+	1	3	{snap_scaffold_12-snap.136-T1;snap}

# EVM prediction: Mode:STANDARD S-ratio: 275.28 333075-334397 orient(+) score(5271.00) noncoding_equivalent(19.15) raw_noncoding(19.15) offset(0.00)
333075	334397	single+	1	3	{GlimmerHMM_glimmerT_4989-T1;GlimmerHMM}

# EVM prediction: Mode:STANDARD S-ratio: 5.00 334530-335666 orient(-) score(5685.00) noncoding_equivalent(1137.00) raw_noncoding(1137.00) offset(0.00)
335666	334530	single-	4	6	{HiQ_model.g4606.t1;HiQ},{GlimmerHMM_glimmerT_4990-T1;GlimmerHMM}

# EVM prediction: Mode:STANDARD S-ratio: 112.65 336364-337812 orient(+) score(5745.00) noncoding_equivalent(51.00) raw_noncoding(51.00) offset(0.00)
336364	337812	single+	1	3	{GlimmerHMM_glimmerT_4991-T1;GlimmerHMM},{Augustus_model.g4607.t1;Augustus}

# EVM prediction: Mode:STANDARD S-ratio: 10000.00 338086-339987 orient(+) score(7602.00) noncoding_equivalent(0.76) raw_noncoding(0.00) offset(0.00)
338086	339987	single+	1	3	{Augustus_model.g4608.t1;Augustus},{GlimmerHMM_glimmerT_4992-T1;GlimmerHMM}

# EVM prediction: Mode:STANDARD S-ratio: 4.83 340112-341362 orient(-) score(6216.00) noncoding_equivalent(1288.16) raw_noncoding(1288.16) offset(0.00)
341362	340112	single-	4	6	{GlimmerHMM_glimmerT_4993-T1;GlimmerHMM},{HiQ_model.g4609.t1;HiQ}

# EVM prediction: Mode:STANDARD S-ratio: 3.11 341668-342123 orient(+) score(1377.00) noncoding_equivalent(442.27) raw_noncoding(442.27) offset(0.00)
341668	342123	single+	1	3	{GlimmerHMM_glimmerT_4994-T1;GlimmerHMM},{Augustus_model.g4610.t1;Augustus}

# EVM prediction: Mode:STANDARD S-ratio: 223.73 342352-344271 orient(+) score(7644.00) noncoding_equivalent(34.17) raw_noncoding(34.17) offset(0.00)
342352	344271	single+	1	3	{GlimmerHMM_glimmerT_4995-T1;GlimmerHMM},{Augustus_model.g4611.t1;Augustus}

# EVM prediction: Mode:STANDARD S-ratio: 3.39 344324-345631 orient(-) score(6060.00) noncoding_equivalent(1788.00) raw_noncoding(1788.00) offset(0.00)
345631	344324	single-	4	6	{GlimmerHMM_glimmerT_4996-T1;GlimmerHMM},{HiQ_model.g4612.t1;HiQ}

# EVM prediction: Mode:STANDARD S-ratio: 10000.00 346346-349288 orient(+) score(11772.00) noncoding_equivalent(1.18) raw_noncoding(0.00) offset(0.00)
346346	349288	single+	1	3	{Augustus_model.g4613.t1;Augustus},{GlimmerHMM_glimmerT_4997-T1;GlimmerHMM}

# EVM prediction: Mode:STANDARD S-ratio: 32.98 349577-352456 orient(+) score(11181.00) noncoding_equivalent(339.00) raw_noncoding(339.00) offset(0.00)
349577	352456	single+	1	3	{GlimmerHMM_glimmerT_4998-T1;GlimmerHMM},{Augustus_model.g4614.t1;Augustus}

# EVM prediction: Mode:STANDARD S-ratio: 56.85 352759-353322 orient(+) score(2217.00) noncoding_equivalent(39.00) raw_noncoding(39.00) offset(0.00)
352759	353322	single+	1	3	{GlimmerHMM_glimmerT_4999-T1;GlimmerHMM},{Augustus_model.g4615.t1;Augustus}

# EVM prediction: Mode:STANDARD S-ratio: 43.19 353628-354323 orient(+) score(2721.00) noncoding_equivalent(63.00) raw_noncoding(63.00) offset(0.00)
353628	354323	single+	1	3	{GlimmerHMM_glimmerT_5000-T1;GlimmerHMM},{Augustus_model.g4616.t1;Augustus}

# EVM prediction: Mode:STANDARD S-ratio: 7.68 354818-356084 orient(+) score(4404.00) noncoding_equivalent(573.53) raw_noncoding(754.48) offset(180.95)
354818	354867	initial+	1	2	{Augustus_model.g4617.t1;Augustus}
354868	354958	INTRON			{Augustus_model.g4617.t1;Augustus},{ev_type:exonerate/ID=match.133146.5478/Target=YHR123W;exonerate}
354959	356084	terminal+	3	3	{snap_scaffold_12-snap.148-T1;snap},{Augustus_model.g4617.t1;Augustus}

# EVM prediction: Mode:STANDARD S-ratio: 118.62 356564-358447 orient(+) score(7473.00) noncoding_equivalent(63.00) raw_noncoding(63.00) offset(0.00)
356564	358447	single+	1	3	{GlimmerHMM_glimmerT_5002-T1;GlimmerHMM},{Augustus_model.g4618.t1;Augustus}

# EVM prediction: Mode:STANDARD S-ratio: 3.95 359705-360184 orient(-) score(2298.00) noncoding_equivalent(582.00) raw_noncoding(582.00) offset(0.00)
360184	359705	single-	4	6	{GlimmerHMM_glimmerT_5003-T1;GlimmerHMM},{HiQ_model.g4619.t1;HiQ}

# EVM prediction: Mode:STANDARD S-ratio: 10000.00 360916-361647 orient(+) score(2928.00) noncoding_equivalent(0.29) raw_noncoding(0.00) offset(0.00)
360916	361647	single+	1	3	{Augustus_model.g4620.t1;Augustus},{GlimmerHMM_glimmerT_5004-T1;GlimmerHMM}

# EVM prediction: Mode:STANDARD S-ratio: 26.70 362118-362768 orient(+) score(2509.00) noncoding_equivalent(93.98) raw_noncoding(93.98) offset(0.00)
362118	362768	single+	1	3	{GlimmerHMM_glimmerT_5005-T1;GlimmerHMM},{Augustus_model.g4621.t1;Augustus}

# EVM prediction: Mode:STANDARD S-ratio: 5.00 363002-364156 orient(-) score(5775.00) noncoding_equivalent(1155.00) raw_noncoding(1155.00) offset(0.00)
364156	363002	single-	4	6	{GlimmerHMM_glimmerT_5006-T1;GlimmerHMM},{HiQ_model.g4622.t1;HiQ}

# EVM prediction: Mode:STANDARD S-ratio: 4.71 365343-367895 orient(-) score(12633.00) noncoding_equivalent(2685.00) raw_noncoding(2685.00) offset(0.00)
367895	365343	single-	4	6	{GlimmerHMM_glimmerT_5007-T1;GlimmerHMM},{HiQ_model.g4623.t1;HiQ}

# EVM prediction: Mode:STANDARD S-ratio: 4.26 368505-369797 orient(-) score(6282.00) noncoding_equivalent(1476.00) raw_noncoding(1476.00) offset(0.00)
369797	368505	single-	4	6	{GlimmerHMM_glimmerT_5008-T1;GlimmerHMM},{HiQ_model.g4624.t1;HiQ}

# EVM prediction: Mode:STANDARD S-ratio: 24.14 370057-370452 orient(+) score(1521.00) noncoding_equivalent(63.00) raw_noncoding(63.00) offset(0.00)
370057	370452	single+	1	3	{GlimmerHMM_glimmerT_5009-T1;GlimmerHMM},{Augustus_model.g4625.t1;Augustus}

# EVM prediction: Mode:STANDARD S-ratio: 5.00 370725-371600 orient(-) score(4380.00) noncoding_equivalent(876.00) raw_noncoding(876.00) offset(0.00)
371600	370725	single-	4	6	{GlimmerHMM_glimmerT_5010-T1;GlimmerHMM},{HiQ_model.g4626.t1;HiQ}

# EVM prediction: Mode:STANDARD S-ratio: 3.00 371797-372561 orient(+) score(2295.00) noncoding_equivalent(765.00) raw_noncoding(765.00) offset(0.00)
371797	372561	single+	1	3	{GlimmerHMM_glimmerT_5011-T1;GlimmerHMM}

# EVM prediction: Mode:STANDARD S-ratio: 29.40 372697-374313 orient(-) score(6254.00) noncoding_equivalent(212.69) raw_noncoding(212.69) offset(0.00)
374313	372697	single-	4	6	{GlimmerHMM_glimmerT_5012-T1;GlimmerHMM}

# EVM prediction: Mode:STANDARD S-ratio: 3.48 374657-375103 orient(-) score(2076.00) noncoding_equivalent(596.00) raw_noncoding(596.00) offset(0.00)
375103	374657	single-	4	6	{HiQ_model.g4629.t1;HiQ}

# EVM prediction: Mode:STANDARD S-ratio: 4.65 375712-377253 orient(+) score(7612.00) noncoding_equivalent(1638.44) raw_noncoding(1638.44) offset(0.00)
375712	377253	single+	1	3	{GlimmerHMM_glimmerT_5014-T1;GlimmerHMM},{HiQ_model.g4630.t1;HiQ}

# EVM prediction: Mode:STANDARD S-ratio: 4.31 377358-377702 orient(-) score(1680.00) noncoding_equivalent(390.00) raw_noncoding(390.00) offset(0.00)
377702	377358	single-	4	6	{HiQ_model.g4631.t1;HiQ}

# EVM prediction: Mode:STANDARD S-ratio: 5.00 378222-379202 orient(-) score(4905.00) noncoding_equivalent(981.00) raw_noncoding(981.00) offset(0.00)
379202	378222	single-	4	6	{HiQ_model.g4632.t1;HiQ},{GlimmerHMM_glimmerT_5016-T1;GlimmerHMM}

# EVM prediction: Mode:STANDARD S-ratio: 2.00 380511-380762 orient(-) score(504.00) noncoding_equivalent(252.00) raw_noncoding(252.00) offset(0.00)
380762	380511	single-	4	6	{GlimmerHMM_glimmerT_5017-T1;GlimmerHMM}

# EVM prediction: Mode:STANDARD S-ratio: 1.00 380794-381294 orient(+) score(1002.00) noncoding_equivalent(1002.95) raw_noncoding(1002.95) offset(0.00)
380794	381294	single+	1	3	{GlimmerHMM_glimmerT_5018-T1;GlimmerHMM}

# EVM prediction: Mode:STANDARD S-ratio: 1.80 381993-382754 orient(-) score(2158.00) noncoding_equivalent(1201.00) raw_noncoding(1644.00) offset(443.00)
382309	381993	terminal-	5	6	{snap_scaffold_12-snap.164-T1;snap},{Augustus_model.g4633.t1;Augustus}
382750	382310	INTRON			{snap_scaffold_12-snap.164-T1;snap},{Augustus_model.g4633.t1;Augustus}
382754	382751	initial-	4	4	{snap_scaffold_12-snap.164-T1;snap},{Augustus_model.g4633.t1;Augustus}

# EVM prediction: Mode:STANDARD S-ratio: 419.52 383541-384491 orient(+) score(3793.00) noncoding_equivalent(9.04) raw_noncoding(9.04) offset(0.00)
383541	384491	single+	1	3	{GlimmerHMM_glimmerT_5019-T1;GlimmerHMM},{Augustus_model.g4634.t1;Augustus}

# EVM prediction: Mode:STANDARD S-ratio: 17.63 385513-386490 orient(+) score(3702.00) noncoding_equivalent(210.00) raw_noncoding(210.00) offset(0.00)
385513	386490	single+	1	3	{GlimmerHMM_glimmerT_5020-T1;GlimmerHMM}

# EVM prediction: Mode:STANDARD S-ratio: 10000.00 387236-387448 orient(+) score(852.00) noncoding_equivalent(0.09) raw_noncoding(0.00) offset(0.00)
387236	387448	single+	1	3	{Augustus_model.g4636.t1;Augustus},{GlimmerHMM_glimmerT_5021-T1;GlimmerHMM}

# EVM prediction: Mode:STANDARD S-ratio: 5.00 387791-388729 orient(-) score(4695.00) noncoding_equivalent(939.00) raw_noncoding(939.00) offset(0.00)
388729	387791	single-	4	6	{GlimmerHMM_glimmerT_5022-T1;GlimmerHMM},{HiQ_model.g4637.t1;HiQ}

# EVM prediction: Mode:STANDARD S-ratio: 83.73 390303-391700 orient(+) score(5526.00) noncoding_equivalent(66.00) raw_noncoding(66.00) offset(0.00)
390303	391700	single+	1	3	{GlimmerHMM_glimmerT_5023-T1;GlimmerHMM},{Augustus_model.g4638.t1;Augustus}

# EVM prediction: Mode:STANDARD S-ratio: 2.09 392642-393286 orient(-) score(3053.00) noncoding_equivalent(1462.18) raw_noncoding(1462.18) offset(0.00)
393286	392642	single-	4	6	{GlimmerHMM_glimmerT_5024-T1;GlimmerHMM},{HiQ_model.g4639.t1;HiQ}

# EVM prediction: Mode:STANDARD S-ratio: 3.60 393537-394088 orient(+) score(2159.00) noncoding_equivalent(599.10) raw_noncoding(599.10) offset(0.00)
393537	394088	single+	1	3	{Augustus_model.g4640.t1;Augustus},{GlimmerHMM_glimmerT_5025-T1;GlimmerHMM}

# EVM prediction: Mode:STANDARD S-ratio: 4.56 394458-396662 orient(-) score(10851.00) noncoding_equivalent(2379.00) raw_noncoding(2379.00) offset(0.00)
396662	394458	single-	4	6	{HiQ_model.g4641.t1;HiQ}

# EVM prediction: Mode:STANDARD S-ratio: 192.33 397254-398993 orient(+) score(6924.00) noncoding_equivalent(36.00) raw_noncoding(36.00) offset(0.00)
397254	398993	single+	1	3	{Augustus_model.g4642.t1;Augustus},{GlimmerHMM_glimmerT_5027-T1;GlimmerHMM}

# EVM prediction: Mode:STANDARD S-ratio: 4.31 399271-400851 orient(-) score(7700.00) noncoding_equivalent(1784.58) raw_noncoding(1784.58) offset(0.00)
400851	399271	single-	4	6	{HiQ_model.g4643.t1;HiQ}

# EVM prediction: Mode:STANDARD S-ratio: 3.05 401437-401958 orient(+) score(1573.00) noncoding_equivalent(515.05) raw_noncoding(515.05) offset(0.00)
401437	401958	single+	1	3	{GlimmerHMM_glimmerT_5029-T1;GlimmerHMM},{Augustus_model.g4644.t1;Augustus}

# EVM prediction: Mode:STANDARD S-ratio: 2.01 402089-402685 orient(-) score(2388.00) noncoding_equivalent(1186.43) raw_noncoding(1186.43) offset(0.00)
402685	402089	single-	4	6	{HiQ_model.g4645.t1;HiQ},{GlimmerHMM_glimmerT_5030-T1;GlimmerHMM}

# EVM prediction: Mode:STANDARD S-ratio: 10000.00 402969-406181 orient(+) score(12852.00) noncoding_equivalent(1.29) raw_noncoding(0.00) offset(0.00)
402969	406181	single+	1	3	{GlimmerHMM_glimmerT_5031-T1;GlimmerHMM},{Augustus_model.g4646.t1;Augustus}

# EVM prediction: Mode:STANDARD S-ratio: 60.17 407106-410792 orient(+) score(14502.00) noncoding_equivalent(241.00) raw_noncoding(241.00) offset(0.00)
407106	410792	single+	1	3	{Augustus_model.g4647.t1;Augustus},{GlimmerHMM_glimmerT_5032-T1;GlimmerHMM}

# EVM prediction: Mode:STANDARD S-ratio: 4.41 411387-412409 orient(-) score(5003.00) noncoding_equivalent(1133.91) raw_noncoding(1133.91) offset(0.00)
412409	411387	single-	4	6	{GlimmerHMM_glimmerT_5033-T1;GlimmerHMM},{HiQ_model.g4648.t1;HiQ}

# EVM prediction: Mode:STANDARD S-ratio: 10000.00 412910-413458 orient(+) score(2196.00) noncoding_equivalent(0.22) raw_noncoding(0.00) offset(0.00)
412910	413458	single+	1	3	{Augustus_model.g4649.t1;Augustus},{GlimmerHMM_glimmerT_5034-T1;GlimmerHMM}

# EVM prediction: Mode:STANDARD S-ratio: 5.00 413688-417182 orient(-) score(17475.00) noncoding_equivalent(3495.00) raw_noncoding(3495.00) offset(0.00)
417182	413688	single-	4	6	{HiQ_model.g4650.t1;HiQ},{GlimmerHMM_glimmerT_5035-T1;GlimmerHMM}

# EVM prediction: Mode:STANDARD S-ratio: 3.01 417552-419066 orient(+) score(4545.00) noncoding_equivalent(1512.03) raw_noncoding(1512.03) offset(0.00)
417552	419066	single+	1	3	{GlimmerHMM_glimmerT_5036-T1;GlimmerHMM},{Augustus_model.g4651.t1;Augustus}

# EVM prediction: Mode:STANDARD S-ratio: 4.68 419224-420075 orient(-) score(4212.00) noncoding_equivalent(900.00) raw_noncoding(900.00) offset(0.00)
420075	419224	single-	4	6	{HiQ_model.g4652.t1;HiQ},{GlimmerHMM_glimmerT_5037-T1;GlimmerHMM}

# EVM prediction: Mode:STANDARD S-ratio: 4.92 420376-422289 orient(-) score(9542.00) noncoding_equivalent(1940.11) raw_noncoding(1940.11) offset(0.00)
422289	420376	single-	4	6	{HiQ_model.g4653.t1;HiQ},{GlimmerHMM_glimmerT_5038-T1;GlimmerHMM}

# EVM prediction: Mode:STANDARD S-ratio: 3.00 423075-423464 orient(+) score(1170.00) noncoding_equivalent(390.00) raw_noncoding(390.00) offset(0.00)
423075	423464	single+	1	3	{Augustus_model.g4654.t1;Augustus},{GlimmerHMM_glimmerT_5039-T1;GlimmerHMM}

# EVM prediction: Mode:STANDARD S-ratio: 10000.00 423726-424475 orient(+) score(3000.00) noncoding_equivalent(0.30) raw_noncoding(0.00) offset(0.00)
423726	424475	single+	1	3	{GlimmerHMM_glimmerT_5040-T1;GlimmerHMM},{Augustus_model.g4655.t1;Augustus}

# EVM prediction: Mode:STANDARD S-ratio: 5.00 424612-429180 orient(-) score(22845.00) noncoding_equivalent(4569.00) raw_noncoding(4569.00) offset(0.00)
429180	424612	single-	4	6	{HiQ_model.g4656.t1;HiQ},{GlimmerHMM_glimmerT_5041-T1;GlimmerHMM}

# EVM prediction: Mode:STANDARD S-ratio: 602.50 429709-436950 orient(-) score(28920.00) noncoding_equivalent(48.00) raw_noncoding(48.00) offset(0.00)
436950	429709	single-	4	6	{Augustus_model.g4657.t1;Augustus},{GlimmerHMM_glimmerT_5042-T1;GlimmerHMM}

# EVM prediction: Mode:STANDARD S-ratio: 4.90 437172-439052 orient(-) score(9366.00) noncoding_equivalent(1912.00) raw_noncoding(1912.00) offset(0.00)
439052	437172	single-	4	6	{GlimmerHMM_glimmerT_5043-T1;GlimmerHMM},{HiQ_model.g4658.t1;HiQ}

# EVM prediction: Mode:STANDARD S-ratio: 10000.00 439344-440129 orient(+) score(3144.00) noncoding_equivalent(0.31) raw_noncoding(0.00) offset(0.00)
439344	440129	single+	1	3	{Augustus_model.g4659.t1;Augustus},{GlimmerHMM_glimmerT_5044-T1;GlimmerHMM}

# EVM prediction: Mode:STANDARD S-ratio: 3.02 440379-441878 orient(+) score(4508.00) noncoding_equivalent(1493.81) raw_noncoding(1493.81) offset(0.00)
440379	441878	single+	1	3	{Augustus_model.g4660.t1;Augustus},{GlimmerHMM_glimmerT_5045-T1;GlimmerHMM}

# EVM prediction: Mode:STANDARD S-ratio: 10000.00 442182-443477 orient(+) score(3888.00) noncoding_equivalent(0.39) raw_noncoding(0.00) offset(0.00)
442182	443477	single+	1	3	{GlimmerHMM_glimmerT_5046-T1;GlimmerHMM},{Augustus_model.g4661.t1;Augustus}

# EVM prediction: Mode:STANDARD S-ratio: 10000.00 443829-445385 orient(+) score(6228.00) noncoding_equivalent(0.62) raw_noncoding(0.00) offset(0.00)
443829	445385	single+	1	3	{Augustus_model.g4662.t1;Augustus},{GlimmerHMM_glimmerT_5047-T1;GlimmerHMM}

# EVM prediction: Mode:STANDARD S-ratio: 10000.00 445713-447605 orient(+) score(7572.00) noncoding_equivalent(0.76) raw_noncoding(0.00) offset(0.00)
445713	447605	single+	1	3	{GlimmerHMM_glimmerT_5048-T1;GlimmerHMM},{Augustus_model.g4663.t1;Augustus}

# EVM prediction: Mode:STANDARD S-ratio: 10000.00 448335-450806 orient(+) score(9888.00) noncoding_equivalent(0.99) raw_noncoding(0.00) offset(0.00)
448335	450806	single+	1	3	{GlimmerHMM_glimmerT_5049-T1;GlimmerHMM},{Augustus_model.g4664.t1;Augustus}

# EVM prediction: Mode:STANDARD S-ratio: 83.23 451327-452640 orient(+) score(6492.00) noncoding_equivalent(78.00) raw_noncoding(78.00) offset(0.00)
451327	452640	single+	1	3	{GlimmerHMM_glimmerT_5050-T1;GlimmerHMM},{Augustus_model.g4665.t1;Augustus}

# EVM prediction: Mode:STANDARD S-ratio: 2.44 452872-453441 orient(+) score(1617.00) noncoding_equivalent(663.00) raw_noncoding(663.00) offset(0.00)
452872	453441	single+	1	3	{GlimmerHMM_glimmerT_5051-T1;GlimmerHMM}

# EVM prediction: Mode:STANDARD S-ratio: 45.81 454229-455527 orient(+) score(5085.00) noncoding_equivalent(111.00) raw_noncoding(111.00) offset(0.00)
454229	455527	single+	1	3	{GlimmerHMM_glimmerT_5052-T1;GlimmerHMM},{Augustus_model.g4667.t1;Augustus}

# EVM prediction: Mode:STANDARD S-ratio: 112.25 456594-457952 orient(+) score(5388.00) noncoding_equivalent(48.00) raw_noncoding(48.00) offset(0.00)
456594	457952	single+	1	3	{GlimmerHMM_glimmerT_5053-T1;GlimmerHMM},{Augustus_model.g4668.t1;Augustus}

# EVM prediction: Mode:STANDARD S-ratio: 10000.00 459299-461530 orient(+) score(8928.00) noncoding_equivalent(0.89) raw_noncoding(0.00) offset(0.00)
459299	461530	single+	1	3	{Augustus_model.g4669.t1;Augustus},{GlimmerHMM_glimmerT_5054-T1;GlimmerHMM}

# EVM prediction: Mode:STANDARD S-ratio: 10000.00 462502-463704 orient(+) score(6015.00) noncoding_equivalent(0.60) raw_noncoding(0.00) offset(0.00)
462502	463704	single+	1	3	{Augustus_model.g4670.t1;Augustus},{GlimmerHMM_glimmerT_5055-T1;GlimmerHMM}

# EVM prediction: Mode:STANDARD S-ratio: 10.93 465178-465669 orient(+) score(1803.00) noncoding_equivalent(165.00) raw_noncoding(165.00) offset(0.00)
465178	465669	single+	1	3	{Augustus_model.g4671.t1;Augustus},{GlimmerHMM_glimmerT_5056-T1;GlimmerHMM}

# EVM prediction: Mode:STANDARD S-ratio: 1.54 467228-467914 orient(+) score(1668.00) noncoding_equivalent(1080.00) raw_noncoding(1080.00) offset(0.00)
467228	467914	single+	1	3	{GlimmerHMM_glimmerT_5057-T1;GlimmerHMM}

# EVM prediction: Mode:STANDARD S-ratio: 208.60 468219-470576 orient(+) score(9387.00) noncoding_equivalent(45.00) raw_noncoding(45.00) offset(0.00)
468219	470576	single+	1	3	{GlimmerHMM_glimmerT_5058-T1;GlimmerHMM},{Augustus_model.g4672.t1;Augustus}

# EVM prediction: Mode:STANDARD S-ratio: 54.68 470960-472429 orient(+) score(7218.00) noncoding_equivalent(132.00) raw_noncoding(132.00) offset(0.00)
470960	472429	single+	1	3	{GlimmerHMM_glimmerT_5059-T1;GlimmerHMM},{Augustus_model.g4673.t1;Augustus}

# EVM prediction: Mode:STANDARD S-ratio: 10000.00 472744-474459 orient(+) score(6864.00) noncoding_equivalent(0.69) raw_noncoding(0.00) offset(0.00)
472744	474459	single+	1	3	{Augustus_model.g4674.t1;Augustus},{GlimmerHMM_glimmerT_5060-T1;GlimmerHMM}

# EVM prediction: Mode:STANDARD S-ratio: 2.00 474627-475340 orient(-) score(2856.00) noncoding_equivalent(1428.00) raw_noncoding(1428.00) offset(0.00)
475340	474627	single-	4	6	{HiQ_model.g4675.t1;HiQ},{GlimmerHMM_glimmerT_5061-T1;GlimmerHMM}

# EVM prediction: Mode:STANDARD S-ratio: 5.00 475999-480672 orient(-) score(23370.00) noncoding_equivalent(4674.00) raw_noncoding(4674.00) offset(0.00)
480672	475999	single-	4	6	{GlimmerHMM_glimmerT_5062-T1;GlimmerHMM},{HiQ_model.g4676.t1;HiQ}

# EVM prediction: Mode:STANDARD S-ratio: 3.00 480990-481919 orient(+) score(2790.00) noncoding_equivalent(930.00) raw_noncoding(930.00) offset(0.00)
480990	481919	single+	1	3	{Augustus_model.g4677.t1;Augustus},{GlimmerHMM_glimmerT_5063-T1;GlimmerHMM}

# EVM prediction: Mode:STANDARD S-ratio: 4.62 482005-483837 orient(-) score(9042.00) noncoding_equivalent(1956.00) raw_noncoding(1956.00) offset(0.00)
483837	482005	single-	4	6	{GlimmerHMM_glimmerT_5064-T1;GlimmerHMM},{HiQ_model.g4678.t1;HiQ}

# EVM prediction: Mode:STANDARD S-ratio: 1.00 484028-484600 orient(+) score(1146.00) noncoding_equivalent(1146.00) raw_noncoding(1146.00) offset(0.00)
484028	484600	single+	1	3	{GlimmerHMM_glimmerT_5065-T1;GlimmerHMM}

# EVM prediction: Mode:STANDARD S-ratio: 10000.00 484845-486179 orient(+) score(5340.00) noncoding_equivalent(0.53) raw_noncoding(0.00) offset(0.00)
484845	486179	single+	1	3	{GlimmerHMM_glimmerT_5066-T1;GlimmerHMM},{Augustus_model.g4679.t1;Augustus}

# EVM prediction: Mode:STANDARD S-ratio: 5.00 486230-486631 orient(-) score(2010.00) noncoding_equivalent(402.00) raw_noncoding(402.00) offset(0.00)
486631	486230	single-	4	6	{GlimmerHMM_glimmerT_5067-T1;GlimmerHMM},{HiQ_model.g4680.t1;HiQ}

# EVM prediction: Mode:STANDARD S-ratio: 10000.00 486826-487662 orient(+) score(3339.00) noncoding_equivalent(0.33) raw_noncoding(0.00) offset(0.00)
486826	487662	single+	1	3	{Augustus_model.g4681.t1;Augustus},{GlimmerHMM_glimmerT_5068-T1;GlimmerHMM}

# EVM prediction: Mode:STANDARD S-ratio: 5.00 487712-488236 orient(-) score(2625.00) noncoding_equivalent(525.00) raw_noncoding(525.00) offset(0.00)
488236	487712	single-	4	6	{HiQ_model.g4682.t1;HiQ},{GlimmerHMM_glimmerT_5069-T1;GlimmerHMM}

# EVM prediction: Mode:STANDARD S-ratio: 10.15 488657-490396 orient(+) score(6335.00) noncoding_equivalent(624.40) raw_noncoding(624.40) offset(0.00)
488657	490396	single+	1	3	{GlimmerHMM_glimmerT_5070-T1;GlimmerHMM}

# EVM prediction: Mode:STANDARD S-ratio: 25.29 490747-491712 orient(+) score(3717.00) noncoding_equivalent(147.00) raw_noncoding(147.00) offset(0.00)
490747	491712	single+	1	3	{Augustus_model.g4684.t1;Augustus},{GlimmerHMM_glimmerT_5071-T1;GlimmerHMM}

# EVM prediction: Mode:STANDARD S-ratio: 102.45 491931-493658 orient(+) score(6844.00) noncoding_equivalent(66.80) raw_noncoding(66.80) offset(0.00)
491931	493658	single+	1	3	{GlimmerHMM_glimmerT_5072-T1;GlimmerHMM},{Augustus_model.g4685.t1;Augustus}

# EVM prediction: Mode:STANDARD S-ratio: 94.50 493896-496187 orient(+) score(9072.00) noncoding_equivalent(96.00) raw_noncoding(96.00) offset(0.00)
493896	496187	single+	1	3	{GlimmerHMM_glimmerT_5073-T1;GlimmerHMM},{Augustus_model.g4686.t1;Augustus}

# EVM prediction: Mode:STANDARD S-ratio: 4.38 496315-497280 orient(-) score(4717.00) noncoding_equivalent(1077.91) raw_noncoding(1077.91) offset(0.00)
497280	496315	single-	4	6	{GlimmerHMM_glimmerT_5074-T1;GlimmerHMM},{HiQ_model.g4687.t1;HiQ}

# EVM prediction: Mode:STANDARD S-ratio: 4.47 497490-498422 orient(-) score(4575.00) noncoding_equivalent(1023.00) raw_noncoding(1023.00) offset(0.00)
498422	497490	single-	4	6	{GlimmerHMM_glimmerT_5075-T1;GlimmerHMM},{HiQ_model.g4688.t1;HiQ}

# EVM prediction: Mode:STANDARD S-ratio: 1.29 498571-498859 orient(-) score(867.00) noncoding_equivalent(672.00) raw_noncoding(867.00) offset(195.00)
498719	498571	terminal-	5	6	{HiQ_model.g4689.t1;HiQ}
498786	498720	INTRON			{HiQ_model.g4689.t1;HiQ},{ev_type:exonerate/ID=match.133146.5735/Target=YHR199C-A;exonerate}
498859	498787	initial-	4	4	{HiQ_model.g4689.t1;HiQ}

# EVM prediction: Mode:STANDARD S-ratio: 10000.00 499079-499885 orient(+) score(3228.00) noncoding_equivalent(0.32) raw_noncoding(0.00) offset(0.00)
499079	499885	single+	1	3	{Augustus_model.g4690.t1;Augustus},{GlimmerHMM_glimmerT_5076-T1;GlimmerHMM}

# EVM prediction: Mode:STANDARD S-ratio: 5.00 499950-501143 orient(-) score(5970.00) noncoding_equivalent(1194.00) raw_noncoding(1194.00) offset(0.00)
501143	499950	single-	4	6	{HiQ_model.g4691.t1;HiQ},{GlimmerHMM_glimmerT_5077-T1;GlimmerHMM}

# EVM prediction: Mode:STANDARD S-ratio: 10000.00 502388-504196 orient(+) score(7236.00) noncoding_equivalent(0.72) raw_noncoding(0.00) offset(0.00)
502388	504196	single+	1	3	{Augustus_model.g4692.t1;Augustus},{GlimmerHMM_glimmerT_5078-T1;GlimmerHMM}

# EVM prediction: Mode:STANDARD S-ratio: 8.07 504476-505530 orient(-) score(4424.00) noncoding_equivalent(548.06) raw_noncoding(820.29) offset(272.23)
505247	504476	terminal-	6	6	{GlimmerHMM_glimmerT_5079-T1;GlimmerHMM},{snap_scaffold_12-snap.216-T1;snap},{Augustus_model.g4693.t1;Augustus}
505516	505248	INTRON			{GlimmerHMM_glimmerT_5079-T1;GlimmerHMM},{Augustus_model.g4693.t1;Augustus}
505530	505517	initial-	4	5	{GlimmerHMM_glimmerT_5079-T1;GlimmerHMM},{Augustus_model.g4693.t1;Augustus}

# EVM prediction: Mode:STANDARD S-ratio: 10000.00 506319-508709 orient(+) score(9564.00) noncoding_equivalent(0.96) raw_noncoding(0.00) offset(0.00)
506319	508709	single+	1	3	{GlimmerHMM_glimmerT_5080-T1;GlimmerHMM},{Augustus_model.g4694.t1;Augustus}

# EVM prediction: Mode:STANDARD S-ratio: 20.31 509366-511837 orient(+) score(7068.00) noncoding_equivalent(348.05) raw_noncoding(348.05) offset(0.00)
509366	511837	single+	1	3	{GlimmerHMM_glimmerT_5081-T1;GlimmerHMM}

# EVM prediction: Mode:STANDARD S-ratio: 45.60 512732-514600 orient(+) score(7312.00) noncoding_equivalent(160.35) raw_noncoding(160.35) offset(0.00)
512732	514600	single+	1	3	{GlimmerHMM_glimmerT_5082-T1;GlimmerHMM}

# EVM prediction: Mode:STANDARD S-ratio: 4.92 514905-516485 orient(-) score(7883.00) noncoding_equivalent(1601.03) raw_noncoding(1601.03) offset(0.00)
516485	514905	single-	4	6	{GlimmerHMM_glimmerT_5083-T1;GlimmerHMM},{HiQ_model.g4696.t1;HiQ}

# EVM prediction: Mode:STANDARD S-ratio: 3.02 517532-518713 orient(+) score(3546.00) noncoding_equivalent(1175.25) raw_noncoding(1175.25) offset(0.00)
517532	518713	single+	1	3	{GlimmerHMM_glimmerT_5084-T1;GlimmerHMM},{Augustus_model.g4697.t1;Augustus}

# EVM prediction: Mode:STANDARD S-ratio: 12.58 519437-520312 orient(+) score(3246.00) noncoding_equivalent(258.00) raw_noncoding(258.00) offset(0.00)
519437	520312	single+	1	3	{GlimmerHMM_glimmerT_5085-T1;GlimmerHMM}

# EVM prediction: Mode:STANDARD S-ratio: 5.00 520712-521737 orient(-) score(5130.00) noncoding_equivalent(1026.00) raw_noncoding(1026.00) offset(0.00)
521737	520712	single-	4	6	{HiQ_model.g4699.t1;HiQ},{GlimmerHMM_glimmerT_5086-T1;GlimmerHMM}

# EVM prediction: Mode:STANDARD S-ratio: 9.35 525569-528619 orient(+) score(8274.00) noncoding_equivalent(885.00) raw_noncoding(885.00) offset(0.00)
525569	528619	single+	1	3	{GlimmerHMM_glimmerT_5087-T1;GlimmerHMM}

# EVM prediction: Mode:STANDARD S-ratio: 349.04 539151-539747 orient(+) score(1784.00) noncoding_equivalent(5.11) raw_noncoding(5.11) offset(0.00)
539151	539747	single+	1	3	{GlimmerHMM_glimmerT_5089-T1;GlimmerHMM},{Augustus_model.g4701.t1;Augustus}

# EVM prediction: Mode:STANDARD S-ratio: 51.94 541651-542262 orient(+) score(3004.00) noncoding_equivalent(57.84) raw_noncoding(57.84) offset(0.00)
541651	542262	single+	1	3	{GlimmerHMM_glimmerT_5090-T1;GlimmerHMM}

# EVM prediction: Mode:STANDARD S-ratio: 6.65 542315-543546 orient(+) score(3959.00) noncoding_equivalent(595.69) raw_noncoding(673.00) offset(77.31)
542315	542320	initial+	1	3	{snap_scaffold_12-snap.226-T1;snap}
542321	542433	INTRON			{snap_scaffold_12-snap.226-T1;snap}
542434	543546	terminal+	1	3	{snap_scaffold_12-snap.226-T1;snap}

# EVM prediction: Mode:STANDARD S-ratio: 15.67 543964-547431 orient(-) score(9780.00) noncoding_equivalent(624.00) raw_noncoding(624.00) offset(0.00)
547431	543964	single-	4	6	{Augustus_model.g4703.t1;Augustus},{GlimmerHMM_glimmerT_5092-T1;GlimmerHMM}

# EVM prediction: Mode:STANDARD S-ratio: 10000.00 547910-549346 orient(-) score(4311.00) noncoding_equivalent(0.43) raw_noncoding(0.00) offset(0.00)
549346	547910	single-	4	6	{GlimmerHMM_glimmerT_5093-T1;GlimmerHMM},{Augustus_model.g4704.t1;Augustus}

# EVM prediction: Mode:STANDARD S-ratio: 336.82 552099-553502 orient(+) score(9797.00) noncoding_equivalent(29.09) raw_noncoding(29.09) offset(0.00)
552099	553502	single+	1	3	{GlimmerHMM_glimmerT_5094-T1;GlimmerHMM},{Augustus_model.g4705.t1;Augustus}

# EVM prediction: Mode:STANDARD S-ratio: 10000.00 554396-555967 orient(+) score(11096.00) noncoding_equivalent(1.11) raw_noncoding(0.00) offset(0.00)
554396	555967	single+	1	3	{Augustus_model.g4706.t1;Augustus},{GlimmerHMM_glimmerT_5095-T1;GlimmerHMM}

# EVM prediction: Mode:STANDARD S-ratio: 30.01 557823-558637 orient(+) score(6548.00) noncoding_equivalent(218.16) raw_noncoding(238.21) offset(20.05)
557823	557828	initial+	1	3	{snap_scaffold_12-snap.231-T1;snap}
557829	557839	INTRON			{snap_scaffold_12-snap.231-T1;snap}
557840	558637	terminal+	1	3	{snap_scaffold_12-snap.231-T1;snap}

# EVM prediction: Mode:STANDARD S-ratio: 23.01 559052-559924 orient(+) score(4798.00) noncoding_equivalent(208.51) raw_noncoding(208.51) offset(0.00)
559052	559924	single+	1	3	{GlimmerHMM_glimmerT_5097-T1;GlimmerHMM}

# EVM prediction: Mode:STANDARD S-ratio: 364.55 560173-562047 orient(+) score(12487.00) noncoding_equivalent(34.25) raw_noncoding(34.25) offset(0.00)
560173	562047	single+	1	3	{GlimmerHMM_glimmerT_5098-T1;GlimmerHMM}

