# EVM prediction: Mode:STANDARD S-ratio: 4.04 1213-3330 orient(-) score(10184.00) noncoding_equivalent(2523.13) raw_noncoding(2523.13) offset(0.00)
3330	1213	single-	4	6	{HiQ_model.g2765.t1;HiQ}

# EVM prediction: Mode:STANDARD S-ratio: 10000.00 3817-5238 orient(+) score(5688.00) noncoding_equivalent(0.57) raw_noncoding(0.00) offset(0.00)
3817	5238	single+	1	3	{Augustus_model.g2766.t1;Augustus},{GlimmerHMM_glimmerT_2975-T1;GlimmerHMM}

# EVM prediction: Mode:STANDARD S-ratio: 4.64 6799-8934 orient(-) score(10544.00) noncoding_equivalent(2270.68) raw_noncoding(2270.68) offset(0.00)
8934	6799	single-	4	6	{GlimmerHMM_glimmerT_2976-T1;GlimmerHMM},{HiQ_model.g2767.t1;HiQ}

# EVM prediction: Mode:STANDARD S-ratio: 53.33 12193-13416 orient(+) score(4804.00) noncoding_equivalent(90.09) raw_noncoding(90.09) offset(0.00)
12193	13416	single+	1	3	{Augustus_model.g2768.t1;Augustus}

# EVM prediction: Mode:STANDARD S-ratio: 5.00 15066-16046 orient(-) score(4905.00) noncoding_equivalent(981.00) raw_noncoding(981.00) offset(0.00)
16046	15066	single-	4	6	{HiQ_model.g2769.t1;HiQ},{GlimmerHMM_glimmerT_2978-T1;GlimmerHMM}

# EVM prediction: Mode:STANDARD S-ratio: 432.54 19938-21788 orient(+) score(7385.00) noncoding_equivalent(17.07) raw_noncoding(17.07) offset(0.00)
19938	21788	single+	1	3	{Augustus_model.g2770.t1;Augustus},{GlimmerHMM_glimmerT_2979-T1;GlimmerHMM}

# EVM prediction: Mode:STANDARD S-ratio: 417.23 22919-23863 orient(+) score(3769.00) noncoding_equivalent(9.03) raw_noncoding(9.03) offset(0.00)
22919	23863	single+	1	3	{GlimmerHMM_glimmerT_2980-T1;GlimmerHMM},{Augustus_model.g2771.t1;Augustus}

# EVM prediction: Mode:STANDARD S-ratio: 5.00 24533-28393 orient(-) score(19305.00) noncoding_equivalent(3861.00) raw_noncoding(3861.00) offset(0.00)
28393	24533	single-	4	6	{HiQ_model.g2772.t1;HiQ},{GlimmerHMM_glimmerT_2981-T1;GlimmerHMM}

# EVM prediction: Mode:STANDARD S-ratio: 5.00 28788-29399 orient(-) score(3060.00) noncoding_equivalent(612.00) raw_noncoding(612.00) offset(0.00)
29399	28788	single-	4	6	{GlimmerHMM_glimmerT_2982-T1;GlimmerHMM},{HiQ_model.g2773.t1;HiQ}

# EVM prediction: Mode:STANDARD S-ratio: 5.00 29666-31813 orient(-) score(10740.00) noncoding_equivalent(2148.00) raw_noncoding(2148.00) offset(0.00)
31813	29666	single-	4	6	{GlimmerHMM_glimmerT_2983-T1;GlimmerHMM},{HiQ_model.g2774.t1;HiQ}

# EVM prediction: Mode:STANDARD S-ratio: 3.00 32249-34120 orient(+) score(5616.00) noncoding_equivalent(1872.00) raw_noncoding(1872.00) offset(0.00)
32249	34120	single+	1	3	{GlimmerHMM_glimmerT_2984-T1;GlimmerHMM},{Augustus_model.g2775.t1;Augustus}

# EVM prediction: Mode:STANDARD S-ratio: 4.88 34408-35862 orient(-) score(7245.00) noncoding_equivalent(1485.00) raw_noncoding(1485.00) offset(0.00)
35862	34408	single-	4	6	{HiQ_model.g2776.t1;HiQ},{GlimmerHMM_glimmerT_2985-T1;GlimmerHMM}

# EVM prediction: Mode:STANDARD S-ratio: 4075.69 36892-39966 orient(+) score(12295.00) noncoding_equivalent(3.02) raw_noncoding(3.02) offset(0.00)
36892	39966	single+	1	3	{GlimmerHMM_glimmerT_2986-T1;GlimmerHMM},{Augustus_model.g2777.t1;Augustus}

# EVM prediction: Mode:STANDARD S-ratio: 4.93 40155-44027 orient(-) score(19318.00) noncoding_equivalent(3918.48) raw_noncoding(3918.48) offset(0.00)
44027	40155	single-	4	6	{GlimmerHMM_glimmerT_2987-T1;GlimmerHMM},{HiQ_model.g2778.t1;HiQ}

# EVM prediction: Mode:STANDARD S-ratio: 29.22 44888-45703 orient(+) score(3156.00) noncoding_equivalent(108.00) raw_noncoding(108.00) offset(0.00)
44888	45703	single+	1	3	{Augustus_model.g2779.t1;Augustus},{GlimmerHMM_glimmerT_2988-T1;GlimmerHMM}

# EVM prediction: Mode:STANDARD S-ratio: 73.00 45838-46686 orient(+) score(3263.00) noncoding_equivalent(44.70) raw_noncoding(44.70) offset(0.00)
45838	46686	single+	1	3	{GlimmerHMM_glimmerT_2989-T1;GlimmerHMM},{Augustus_model.g2780.t1;Augustus}

# EVM prediction: Mode:STANDARD S-ratio: 5.00 46737-47540 orient(-) score(4020.00) noncoding_equivalent(804.00) raw_noncoding(804.00) offset(0.00)
47540	46737	single-	4	6	{GlimmerHMM_glimmerT_2990-T1;GlimmerHMM},{HiQ_model.g2781.t1;HiQ}

# EVM prediction: Mode:STANDARD S-ratio: 208.71 47782-51084 orient(+) score(13149.00) noncoding_equivalent(63.00) raw_noncoding(63.00) offset(0.00)
47782	51084	single+	1	3	{Augustus_model.g2782.t1;Augustus},{GlimmerHMM_glimmerT_2991-T1;GlimmerHMM}

# EVM prediction: Mode:STANDARD S-ratio: 10000.00 51435-53333 orient(+) score(7596.00) noncoding_equivalent(0.76) raw_noncoding(0.00) offset(0.00)
51435	53333	single+	1	3	{Augustus_model.g2783.t1;Augustus},{GlimmerHMM_glimmerT_2992-T1;GlimmerHMM}

# EVM prediction: Mode:STANDARD S-ratio: 4.93 53666-61090 orient(-) score(37038.00) noncoding_equivalent(7510.61) raw_noncoding(7510.61) offset(0.00)
61090	53666	single-	4	6	{GlimmerHMM_glimmerT_2993-T1;GlimmerHMM},{HiQ_model.g2784.t1;HiQ}

# EVM prediction: Mode:STANDARD S-ratio: 1005.80 61661-65200 orient(-) score(14142.00) noncoding_equivalent(14.06) raw_noncoding(14.06) offset(0.00)
65200	61661	single-	4	6	{GlimmerHMM_glimmerT_2994-T1;GlimmerHMM}

# EVM prediction: Mode:STANDARD S-ratio: 14.00 65963-67945 orient(-) score(5553.00) noncoding_equivalent(396.59) raw_noncoding(396.59) offset(0.00)
67945	65963	single-	4	6	{GlimmerHMM_glimmerT_2995-T1;GlimmerHMM}

# EVM prediction: Mode:STANDARD S-ratio: 157.44 68459-71590 orient(-) score(9335.00) noncoding_equivalent(59.29) raw_noncoding(59.29) offset(0.00)
71590	68459	single-	4	6	{GlimmerHMM_glimmerT_2996-T1;GlimmerHMM},{Augustus_model.g2786.t1;Augustus}

# EVM prediction: Mode:STANDARD S-ratio: 2.00 72661-73263 orient(-) score(2412.00) noncoding_equivalent(1206.00) raw_noncoding(1206.00) offset(0.00)
73263	72661	single-	4	6	{HiQ_model.g2787.t1;HiQ},{GlimmerHMM_glimmerT_2997-T1;GlimmerHMM}

# EVM prediction: Mode:STANDARD S-ratio: 92.52 73643-74761 orient(+) score(4427.00) noncoding_equivalent(47.85) raw_noncoding(47.85) offset(0.00)
73643	74761	single+	1	3	{Augustus_model.g2788.t1;Augustus}

# EVM prediction: Mode:STANDARD S-ratio: 3.81 74987-76375 orient(-) score(6600.00) noncoding_equivalent(1732.56) raw_noncoding(1732.56) offset(0.00)
76375	74987	single-	4	6	{HiQ_model.g2789.t1;HiQ},{GlimmerHMM_glimmerT_2999-T1;GlimmerHMM}

# EVM prediction: Mode:STANDARD S-ratio: 2.02 76608-77624 orient(-) score(4080.00) noncoding_equivalent(2023.07) raw_noncoding(2023.07) offset(0.00)
77624	76608	single-	4	6	{HiQ_model.g2790.t1;HiQ},{GlimmerHMM_glimmerT_3000-T1;GlimmerHMM}

# EVM prediction: Mode:STANDARD S-ratio: 4.18 77906-78283 orient(-) score(1830.00) noncoding_equivalent(438.00) raw_noncoding(438.00) offset(0.00)
78283	77906	single-	4	6	{HiQ_model.g2791.t1;HiQ}

# EVM prediction: Mode:STANDARD S-ratio: 1237.60 78781-80385 orient(+) score(6413.00) noncoding_equivalent(5.18) raw_noncoding(5.18) offset(0.00)
78781	80385	single+	1	3	{Augustus_model.g2792.t1;Augustus},{GlimmerHMM_glimmerT_3002-T1;GlimmerHMM}

# EVM prediction: Mode:STANDARD S-ratio: 9.90 80693-81296 orient(+) score(2126.00) noncoding_equivalent(214.79) raw_noncoding(366.00) offset(151.21)
80693	80744	initial+	1	1	{Augustus_model.g2793.t1;Augustus}
80745	80820	INTRON			{Augustus_model.g2793.t1;Augustus},{ev_type:exonerate/ID=match.160399.5415/Target=YKL190W;exonerate}
80821	81296	terminal+	2	3	{Augustus_model.g2793.t1;Augustus},{snap_scaffold_8-snap.27-T1;snap}

# EVM prediction: Mode:STANDARD S-ratio: 31.00 82785-83984 orient(+) score(4650.00) noncoding_equivalent(150.00) raw_noncoding(150.00) offset(0.00)
82785	83984	single+	1	3	{Augustus_model.g2794.t1;Augustus},{GlimmerHMM_glimmerT_3004-T1;GlimmerHMM}

# EVM prediction: Mode:STANDARD S-ratio: 4.97 84306-86867 orient(-) score(12797.00) noncoding_equivalent(2573.10) raw_noncoding(2573.10) offset(0.00)
86867	84306	single-	4	6	{GlimmerHMM_glimmerT_3005-T1;GlimmerHMM},{HiQ_model.g2795.t1;HiQ}

# EVM prediction: Mode:STANDARD S-ratio: 4.73 87369-89621 orient(-) score(11159.00) noncoding_equivalent(2357.44) raw_noncoding(2357.44) offset(0.00)
89621	87369	single-	4	6	{GlimmerHMM_glimmerT_3006-T1;GlimmerHMM},{HiQ_model.g2796.t1;HiQ}

# EVM prediction: Mode:STANDARD S-ratio: 5.00 90830-91384 orient(-) score(2775.00) noncoding_equivalent(555.00) raw_noncoding(555.00) offset(0.00)
91384	90830	single-	4	6	{HiQ_model.g2797.t1;HiQ},{GlimmerHMM_glimmerT_3007-T1;GlimmerHMM}

# EVM prediction: Mode:STANDARD S-ratio: 34.24 92585-94351 orient(+) score(6868.00) noncoding_equivalent(200.56) raw_noncoding(200.56) offset(0.00)
92585	94351	single+	1	3	{GlimmerHMM_glimmerT_3008-T1;GlimmerHMM}

# EVM prediction: Mode:STANDARD S-ratio: 191.86 94844-96244 orient(+) score(5573.00) noncoding_equivalent(29.05) raw_noncoding(29.05) offset(0.00)
94844	96244	single+	1	3	{GlimmerHMM_glimmerT_3009-T1;GlimmerHMM}

# EVM prediction: Mode:STANDARD S-ratio: 191.66 96806-97726 orient(+) score(3663.00) noncoding_equivalent(19.11) raw_noncoding(19.11) offset(0.00)
96806	97726	single+	1	3	{GlimmerHMM_glimmerT_3010-T1;GlimmerHMM},{Augustus_model.g2799.t1;Augustus}

# EVM prediction: Mode:STANDARD S-ratio: 500.34 98756-104911 orient(+) score(24573.00) noncoding_equivalent(49.11) raw_noncoding(49.11) offset(0.00)
98756	104911	single+	1	3	{Augustus_model.g2800.t1;Augustus},{GlimmerHMM_glimmerT_3011-T1;GlimmerHMM}

# EVM prediction: Mode:STANDARD S-ratio: 141.67 105401-106684 orient(+) score(5100.00) noncoding_equivalent(36.00) raw_noncoding(36.00) offset(0.00)
105401	106684	single+	1	3	{Augustus_model.g2801.t1;Augustus},{GlimmerHMM_glimmerT_3012-T1;GlimmerHMM}

# EVM prediction: Mode:STANDARD S-ratio: 8.72 107354-108215 orient(+) score(3590.00) noncoding_equivalent(411.54) raw_noncoding(987.00) offset(575.46)
107354	107662	initial+	1	3	{Augustus_model.g2802.t1;Augustus}
107663	107969	INTRON			{Augustus_model.g2802.t1;Augustus},{ev_type:exonerate/ID=match.160399.1811/Target=YJL177W;exonerate},{ev_type:exonerate/ID=match.160399.4156/Target=YKL180W;exonerate}
107970	108215	terminal+	1	3	{Augustus_model.g2802.t1;Augustus}

# EVM prediction: Mode:STANDARD S-ratio: 66.57 108550-110589 orient(-) score(8039.00) noncoding_equivalent(120.77) raw_noncoding(120.77) offset(0.00)
110589	108550	single-	4	6	{GlimmerHMM_glimmerT_3014-T1;GlimmerHMM}

# EVM prediction: Mode:STANDARD S-ratio: 4.43 111300-112712 orient(-) score(6917.00) noncoding_equivalent(1560.02) raw_noncoding(1560.02) offset(0.00)
112712	111300	single-	4	6	{GlimmerHMM_glimmerT_3015-T1;GlimmerHMM},{HiQ_model.g2804.t1;HiQ}

# EVM prediction: Mode:STANDARD S-ratio: 4.74 113585-116071 orient(-) score(12321.00) noncoding_equivalent(2601.00) raw_noncoding(2601.00) offset(0.00)
116071	113585	single-	4	6	{GlimmerHMM_glimmerT_3016-T1;GlimmerHMM},{HiQ_model.g2805.t1;HiQ}

# EVM prediction: Mode:STANDARD S-ratio: 399.54 116878-118389 orient(+) score(6031.00) noncoding_equivalent(15.09) raw_noncoding(15.09) offset(0.00)
116878	118389	single+	1	3	{Augustus_model.g2806.t1;Augustus},{GlimmerHMM_glimmerT_3017-T1;GlimmerHMM}

# EVM prediction: Mode:STANDARD S-ratio: 2.00 118465-120321 orient(-) score(7428.00) noncoding_equivalent(3708.26) raw_noncoding(3708.26) offset(0.00)
120321	118465	single-	4	6	{GlimmerHMM_glimmerT_3018-T1;GlimmerHMM},{HiQ_model.g2807.t1;HiQ}

# EVM prediction: Mode:STANDARD S-ratio: 2413.92 120602-123628 orient(+) score(12101.00) noncoding_equivalent(5.01) raw_noncoding(5.01) offset(0.00)
120602	123628	single+	1	3	{GlimmerHMM_glimmerT_3019-T1;GlimmerHMM},{Augustus_model.g2808.t1;Augustus}

# EVM prediction: Mode:STANDARD S-ratio: 10000.00 123844-125151 orient(+) score(5232.00) noncoding_equivalent(0.52) raw_noncoding(0.00) offset(0.00)
123844	125151	single+	1	3	{GlimmerHMM_glimmerT_3020-T1;GlimmerHMM},{Augustus_model.g2809.t1;Augustus}

# EVM prediction: Mode:STANDARD S-ratio: 49.90 125584-128370 orient(+) score(10929.00) noncoding_equivalent(219.00) raw_noncoding(219.00) offset(0.00)
125584	128370	single+	1	3	{GlimmerHMM_glimmerT_3021-T1;GlimmerHMM},{Augustus_model.g2810.t1;Augustus}

# EVM prediction: Mode:STANDARD S-ratio: 3.00 128743-129159 orient(+) score(1251.00) noncoding_equivalent(417.00) raw_noncoding(417.00) offset(0.00)
128743	129159	single+	1	3	{Augustus_model.g2811.t1;Augustus},{GlimmerHMM_glimmerT_3022-T1;GlimmerHMM}

# EVM prediction: Mode:STANDARD S-ratio: 6.84 129397-131598 orient(-) score(5763.00) noncoding_equivalent(843.00) raw_noncoding(843.00) offset(0.00)
131598	129397	single-	4	6	{GlimmerHMM_glimmerT_3023-T1;GlimmerHMM}

# EVM prediction: Mode:STANDARD S-ratio: 4.83 131830-132243 orient(-) score(2058.00) noncoding_equivalent(426.00) raw_noncoding(426.00) offset(0.00)
132243	131830	single-	4	6	{HiQ_model.g2813.t1;HiQ},{GlimmerHMM_glimmerT_3024-T1;GlimmerHMM}

# EVM prediction: Mode:STANDARD S-ratio: 69.41 132618-133814 orient(-) score(3540.00) noncoding_equivalent(51.00) raw_noncoding(51.00) offset(0.00)
133814	132618	single-	4	6	{GlimmerHMM_glimmerT_3025-T1;GlimmerHMM},{Augustus_model.g2814.t1;Augustus}

# EVM prediction: Mode:STANDARD S-ratio: 4.97 136026-138785 orient(-) score(13783.00) noncoding_equivalent(2775.16) raw_noncoding(2775.16) offset(0.00)
138785	136026	single-	4	6	{GlimmerHMM_glimmerT_3026-T1;GlimmerHMM},{HiQ_model.g2815.t1;HiQ}

# EVM prediction: Mode:STANDARD S-ratio: 3.83 139888-140942 orient(-) score(1853.00) noncoding_equivalent(484.29) raw_noncoding(546.53) offset(62.24)
140300	139888	terminal-	5	6	{snap_scaffold_8-snap.50-T1;snap},{Augustus_model.g2816.t1;Augustus}
140617	140301	INTRON			{Augustus_model.g2816.t1;Augustus}
140942	140618	initial-	4	4	{Augustus_model.g2816.t1;Augustus}

# EVM prediction: Mode:STANDARD S-ratio: 192.01 142524-143501 orient(+) score(3890.00) noncoding_equivalent(20.26) raw_noncoding(20.26) offset(0.00)
142524	143501	single+	1	3	{Augustus_model.g2817.t1;Augustus},{GlimmerHMM_glimmerT_3029-T1;GlimmerHMM}

# EVM prediction: Mode:STANDARD S-ratio: 4.94 145753-146961 orient(-) score(6031.00) noncoding_equivalent(1221.06) raw_noncoding(1221.06) offset(0.00)
146961	145753	single-	4	6	{HiQ_model.g2818.t1;HiQ}

# EVM prediction: Mode:STANDARD S-ratio: 21.50 147296-148810 orient(-) score(4342.00) noncoding_equivalent(201.97) raw_noncoding(201.97) offset(0.00)
148810	147296	single-	4	6	{Augustus_model.g2819.t1;Augustus},{GlimmerHMM_glimmerT_3031-T1;GlimmerHMM}

# EVM prediction: Mode:STANDARD S-ratio: 12.58 151392-151829 orient(+) score(1623.00) noncoding_equivalent(129.00) raw_noncoding(129.00) offset(0.00)
151392	151829	single+	1	3	{Augustus_model.g2820.t1;Augustus},{GlimmerHMM_glimmerT_3032-T1;GlimmerHMM}

# EVM prediction: Mode:STANDARD S-ratio: 5.00 151939-152574 orient(-) score(3180.00) noncoding_equivalent(636.00) raw_noncoding(636.00) offset(0.00)
152574	151939	single-	4	6	{GlimmerHMM_glimmerT_3033-T1;GlimmerHMM},{HiQ_model.g2821.t1;HiQ}

# EVM prediction: Mode:STANDARD S-ratio: 11.06 153114-156355 orient(+) score(11488.00) noncoding_equivalent(1039.00) raw_noncoding(1791.00) offset(752.00)
153114	153394	initial+	1	2	{Augustus_model.g2822.t1;Augustus}
153395	153777	INTRON			{Augustus_model.g2822.t1;Augustus},{ev_type:exonerate/ID=match.160399.643/Target=YKL157W;exonerate}
153778	156355	terminal+	3	3	{Augustus_model.g2822.t1;Augustus}

# EVM prediction: Mode:STANDARD S-ratio: 7.01 156920-157333 orient(+) score(1406.00) noncoding_equivalent(200.70) raw_noncoding(464.85) offset(264.16)
156920	156925	initial+	1	3	{snap_scaffold_8-snap.57-T1;snap}
156926	157057	INTRON			{snap_scaffold_8-snap.57-T1;snap}
157058	157333	terminal+	1	3	{Augustus_model.g2823.t1;Augustus},{snap_scaffold_8-snap.57-T1;snap}

# EVM prediction: Mode:STANDARD S-ratio: 4.94 157577-159463 orient(-) score(9415.00) noncoding_equivalent(1905.88) raw_noncoding(1905.88) offset(0.00)
159463	157577	single-	4	6	{HiQ_model.g2824.t1;HiQ},{GlimmerHMM_glimmerT_3036-T1;GlimmerHMM}

# EVM prediction: Mode:STANDARD S-ratio: 50.58 159722-160456 orient(+) score(2883.00) noncoding_equivalent(57.00) raw_noncoding(57.00) offset(0.00)
159722	160456	single+	1	3	{GlimmerHMM_glimmerT_3037-T1;GlimmerHMM},{Augustus_model.g2825.t1;Augustus}

# EVM prediction: Mode:STANDARD S-ratio: 113.20 161763-162506 orient(-) score(2950.00) noncoding_equivalent(26.06) raw_noncoding(26.06) offset(0.00)
162506	161763	single-	4	6	{GlimmerHMM_glimmerT_3038-T1;GlimmerHMM}

# EVM prediction: Mode:STANDARD S-ratio: 5.00 163020-164030 orient(-) score(5055.00) noncoding_equivalent(1011.00) raw_noncoding(1011.00) offset(0.00)
164030	163020	single-	4	6	{GlimmerHMM_glimmerT_3039-T1;GlimmerHMM},{HiQ_model.g2827.t1;HiQ}

# EVM prediction: Mode:STANDARD S-ratio: 396.85 164644-165552 orient(+) score(3625.00) noncoding_equivalent(9.13) raw_noncoding(9.13) offset(0.00)
164644	165552	single+	1	3	{GlimmerHMM_glimmerT_3040-T1;GlimmerHMM},{Augustus_model.g2828.t1;Augustus}

# EVM prediction: Mode:STANDARD S-ratio: 5.00 165712-166929 orient(-) score(6090.00) noncoding_equivalent(1218.00) raw_noncoding(1218.00) offset(0.00)
166929	165712	single-	4	6	{GlimmerHMM_glimmerT_3041-T1;GlimmerHMM},{HiQ_model.g2829.t1;HiQ}

# EVM prediction: Mode:STANDARD S-ratio: 5.97 167299-169221 orient(-) score(11484.00) noncoding_equivalent(1923.00) raw_noncoding(1923.00) offset(0.00)
169221	167299	single-	4	6	{GlimmerHMM_glimmerT_3042-T1;GlimmerHMM},{HiQ_model.g2830.t1;HiQ}

# EVM prediction: Mode:STANDARD S-ratio: 44.44 169875-171953 orient(+) score(8133.00) noncoding_equivalent(183.00) raw_noncoding(183.00) offset(0.00)
169875	171953	single+	1	3	{GlimmerHMM_glimmerT_3043-T1;GlimmerHMM}

# EVM prediction: Mode:STANDARD S-ratio: 10000.00 172309-173712 orient(+) score(4212.00) noncoding_equivalent(0.42) raw_noncoding(0.00) offset(0.00)
172309	173712	single+	1	3	{GlimmerHMM_glimmerT_3044-T1;GlimmerHMM},{Augustus_model.g2832.t1;Augustus}

# EVM prediction: Mode:STANDARD S-ratio: 2.01 173939-174577 orient(-) score(2556.00) noncoding_equivalent(1274.49) raw_noncoding(1274.49) offset(0.00)
174577	173939	single-	4	6	{HiQ_model.g2833.t1;HiQ},{GlimmerHMM_glimmerT_3045-T1;GlimmerHMM}

# EVM prediction: Mode:STANDARD S-ratio: 65.04 174877-176268 orient(+) score(5483.00) noncoding_equivalent(84.30) raw_noncoding(84.30) offset(0.00)
174877	176268	single+	1	3	{GlimmerHMM_glimmerT_3046-T1;GlimmerHMM},{Augustus_model.g2834.t1;Augustus}

# EVM prediction: Mode:STANDARD S-ratio: 5.88 176611-177270 orient(+) score(2256.00) noncoding_equivalent(384.00) raw_noncoding(384.00) offset(0.00)
176611	177270	single+	1	3	{GlimmerHMM_glimmerT_3047-T1;GlimmerHMM},{Augustus_model.g2835.t1;Augustus}

# EVM prediction: Mode:STANDARD S-ratio: 36.90 177766-178362 orient(+) score(2325.00) noncoding_equivalent(63.00) raw_noncoding(63.00) offset(0.00)
177766	178362	single+	1	3	{Augustus_model.g2836.t1;Augustus},{GlimmerHMM_glimmerT_3048-T1;GlimmerHMM}

# EVM prediction: Mode:STANDARD S-ratio: 51.62 178984-180522 orient(+) score(6039.00) noncoding_equivalent(117.00) raw_noncoding(117.00) offset(0.00)
178984	180522	single+	1	3	{Augustus_model.g2837.t1;Augustus},{GlimmerHMM_glimmerT_3049-T1;GlimmerHMM}

# EVM prediction: Mode:STANDARD S-ratio: 10000.00 181056-182657 orient(+) score(4806.00) noncoding_equivalent(0.48) raw_noncoding(0.00) offset(0.00)
181056	182657	single+	1	3	{Augustus_model.g2838.t1;Augustus},{GlimmerHMM_glimmerT_3050-T1;GlimmerHMM}

# EVM prediction: Mode:STANDARD S-ratio: 5.00 183399-183794 orient(-) score(1980.00) noncoding_equivalent(396.00) raw_noncoding(396.00) offset(0.00)
183794	183399	single-	4	6	{HiQ_model.g2839.t1;HiQ},{GlimmerHMM_glimmerT_3051-T1;GlimmerHMM}

# EVM prediction: Mode:STANDARD S-ratio: 3.00 184094-184405 orient(+) score(936.00) noncoding_equivalent(312.00) raw_noncoding(312.00) offset(0.00)
184094	184405	single+	1	3	{Augustus_model.g2840.t1;Augustus}

# EVM prediction: Mode:STANDARD S-ratio: 4.90 184573-186753 orient(-) score(10865.00) noncoding_equivalent(2219.31) raw_noncoding(2219.31) offset(0.00)
186753	184573	single-	4	6	{HiQ_model.g2841.t1;HiQ},{GlimmerHMM_glimmerT_3053-T1;GlimmerHMM}

# EVM prediction: Mode:STANDARD S-ratio: 4.94 187237-189555 orient(-) score(11570.00) noncoding_equivalent(2343.31) raw_noncoding(2343.31) offset(0.00)
189555	187237	single-	4	6	{GlimmerHMM_glimmerT_3054-T1;GlimmerHMM},{HiQ_model.g2842.t1;HiQ}

# EVM prediction: Mode:STANDARD S-ratio: 4.02 189792-191183 orient(-) score(6687.00) noncoding_equivalent(1665.00) raw_noncoding(1665.00) offset(0.00)
191183	189792	single-	4	6	{HiQ_model.g2843.t1;HiQ},{GlimmerHMM_glimmerT_3055-T1;GlimmerHMM}

# EVM prediction: Mode:STANDARD S-ratio: 4.59 191687-192979 orient(-) score(6368.00) noncoding_equivalent(1388.63) raw_noncoding(1388.63) offset(0.00)
192979	191687	single-	4	6	{HiQ_model.g2844.t1;HiQ},{GlimmerHMM_glimmerT_3056-T1;GlimmerHMM}

# EVM prediction: Mode:STANDARD S-ratio: 3.07 193401-194141 orient(-) score(3354.00) noncoding_equivalent(1092.00) raw_noncoding(1092.00) offset(0.00)
194141	193401	single-	4	6	{HiQ_model.g2845.t1;HiQ},{GlimmerHMM_glimmerT_3057-T1;GlimmerHMM}

# EVM prediction: Mode:STANDARD S-ratio: 4.98 194465-198277 orient(-) score(19053.00) noncoding_equivalent(3825.00) raw_noncoding(3825.00) offset(0.00)
198277	194465	single-	4	6	{HiQ_model.g2846.t1;HiQ},{GlimmerHMM_glimmerT_3058-T1;GlimmerHMM}

# EVM prediction: Mode:STANDARD S-ratio: 5.00 198998-199885 orient(-) score(4440.00) noncoding_equivalent(888.00) raw_noncoding(888.00) offset(0.00)
199885	198998	single-	4	6	{GlimmerHMM_glimmerT_3059-T1;GlimmerHMM},{HiQ_model.g2847.t1;HiQ}

# EVM prediction: Mode:STANDARD S-ratio: 211.81 201332-203044 orient(+) score(8523.00) noncoding_equivalent(40.24) raw_noncoding(40.24) offset(0.00)
201332	203044	single+	1	3	{GlimmerHMM_glimmerT_3060-T1;GlimmerHMM},{Augustus_model.g2848.t1;Augustus}

# EVM prediction: Mode:STANDARD S-ratio: 119.94 203498-205540 orient(+) score(6077.00) noncoding_equivalent(50.67) raw_noncoding(50.67) offset(0.00)
203498	205540	single+	1	3	{Augustus_model.g2849.t1;Augustus},{GlimmerHMM_glimmerT_3061-T1;GlimmerHMM}

# EVM prediction: Mode:STANDARD S-ratio: 49.16 206040-207920 orient(+) score(7374.00) noncoding_equivalent(150.00) raw_noncoding(150.00) offset(0.00)
206040	207920	single+	1	3	{Augustus_model.g2850.t1;Augustus}

# EVM prediction: Mode:STANDARD S-ratio: 482.33 208383-210122 orient(+) score(7235.00) noncoding_equivalent(15.00) raw_noncoding(15.00) offset(0.00)
208383	210122	single+	1	3	{GlimmerHMM_glimmerT_3063-T1;GlimmerHMM},{Augustus_model.g2851.t1;Augustus}

# EVM prediction: Mode:STANDARD S-ratio: 3.99 210285-210788 orient(-) score(2418.00) noncoding_equivalent(606.00) raw_noncoding(606.00) offset(0.00)
210788	210285	single-	4	6	{GlimmerHMM_glimmerT_3064-T1;GlimmerHMM},{HiQ_model.g2852.t1;HiQ}

# EVM prediction: Mode:STANDARD S-ratio: 10000.00 211934-214492 orient(+) score(10236.00) noncoding_equivalent(1.02) raw_noncoding(0.00) offset(0.00)
211934	214492	single+	1	3	{GlimmerHMM_glimmerT_3065-T1;GlimmerHMM},{Augustus_model.g2853.t1;Augustus}

# EVM prediction: Mode:STANDARD S-ratio: 87.12 215136-216110 orient(+) score(3854.00) noncoding_equivalent(44.24) raw_noncoding(44.24) offset(0.00)
215136	216110	single+	1	3	{Augustus_model.g2854.t1;Augustus},{GlimmerHMM_glimmerT_3066-T1;GlimmerHMM}

# EVM prediction: Mode:STANDARD S-ratio: 4.55 216362-217009 orient(-) score(3186.00) noncoding_equivalent(700.58) raw_noncoding(700.58) offset(0.00)
217009	216362	single-	4	6	{HiQ_model.g2855.t1;HiQ},{GlimmerHMM_glimmerT_3067-T1;GlimmerHMM}

# EVM prediction: Mode:STANDARD S-ratio: 10000.00 218116-218712 orient(+) score(1791.00) noncoding_equivalent(0.18) raw_noncoding(0.00) offset(0.00)
218116	218712	single+	1	3	{Augustus_model.g2856.t1;Augustus},{GlimmerHMM_glimmerT_3068-T1;GlimmerHMM}

# EVM prediction: Mode:STANDARD S-ratio: 172.30 219082-220638 orient(-) score(4652.00) noncoding_equivalent(27.00) raw_noncoding(27.00) offset(0.00)
220638	219082	single-	4	6	{Augustus_model.g2857.t1;Augustus},{GlimmerHMM_glimmerT_3069-T1;GlimmerHMM}

# EVM prediction: Mode:STANDARD S-ratio: 4.66 221091-222194 orient(-) score(5453.00) noncoding_equivalent(1169.29) raw_noncoding(1169.29) offset(0.00)
222194	221091	single-	4	6	{GlimmerHMM_glimmerT_3070-T1;GlimmerHMM},{HiQ_model.g2858.t1;HiQ}

# EVM prediction: Mode:STANDARD S-ratio: 2.00 222466-223614 orient(-) score(4600.00) noncoding_equivalent(2294.51) raw_noncoding(2294.51) offset(0.00)
223614	222466	single-	4	6	{HiQ_model.g2859.t1;HiQ},{GlimmerHMM_glimmerT_3071-T1;GlimmerHMM}

# EVM prediction: Mode:STANDARD S-ratio: 39.11 224300-226495 orient(+) score(8565.00) noncoding_equivalent(219.00) raw_noncoding(219.00) offset(0.00)
224300	226495	single+	1	3	{GlimmerHMM_glimmerT_3072-T1;GlimmerHMM},{Augustus_model.g2860.t1;Augustus}

# EVM prediction: Mode:STANDARD S-ratio: 4.54 226669-227610 orient(-) score(4632.00) noncoding_equivalent(1019.16) raw_noncoding(1019.16) offset(0.00)
227610	226669	single-	4	6	{HiQ_model.g2861.t1;HiQ},{GlimmerHMM_glimmerT_3073-T1;GlimmerHMM}

# EVM prediction: Mode:STANDARD S-ratio: 39.15 229958-231613 orient(+) score(6459.00) noncoding_equivalent(165.00) raw_noncoding(165.00) offset(0.00)
229958	231613	single+	1	3	{Augustus_model.g2862.t1;Augustus},{GlimmerHMM_glimmerT_3074-T1;GlimmerHMM}

# EVM prediction: Mode:STANDARD S-ratio: 10000.00 232145-233515 orient(+) score(5484.00) noncoding_equivalent(0.55) raw_noncoding(0.00) offset(0.00)
232145	233515	single+	1	3	{GlimmerHMM_glimmerT_3075-T1;GlimmerHMM},{Augustus_model.g2863.t1;Augustus}

# EVM prediction: Mode:STANDARD S-ratio: 10000.00 233869-234798 orient(+) score(3720.00) noncoding_equivalent(0.37) raw_noncoding(0.00) offset(0.00)
233869	234798	single+	1	3	{Augustus_model.g2864.t1;Augustus},{GlimmerHMM_glimmerT_3076-T1;GlimmerHMM}

# EVM prediction: Mode:STANDARD S-ratio: 64.03 235264-236619 orient(+) score(5339.00) noncoding_equivalent(83.38) raw_noncoding(83.38) offset(0.00)
235264	236619	single+	1	3	{GlimmerHMM_glimmerT_3077-T1;GlimmerHMM},{Augustus_model.g2865.t1;Augustus}

# EVM prediction: Mode:STANDARD S-ratio: 4.57 236913-240311 orient(-) score(16734.00) noncoding_equivalent(3660.00) raw_noncoding(3660.00) offset(0.00)
240311	236913	single-	4	6	{HiQ_model.g2866.t1;HiQ}

# EVM prediction: Mode:STANDARD S-ratio: 4.93 240949-243102 orient(-) score(10743.00) noncoding_equivalent(2181.00) raw_noncoding(2181.00) offset(0.00)
243102	240949	single-	4	6	{GlimmerHMM_glimmerT_3079-T1;GlimmerHMM},{HiQ_model.g2867.t1;HiQ}

# EVM prediction: Mode:STANDARD S-ratio: 5.00 243865-245409 orient(-) score(7725.00) noncoding_equivalent(1545.00) raw_noncoding(1545.00) offset(0.00)
245409	243865	single-	4	6	{HiQ_model.g2868.t1;HiQ},{GlimmerHMM_glimmerT_3080-T1;GlimmerHMM}

# EVM prediction: Mode:STANDARD S-ratio: 167.37 246651-251207 orient(+) score(13557.00) noncoding_equivalent(81.00) raw_noncoding(114.00) offset(33.00)
246651	246657	initial+	1	1	{snap_scaffold_8-snap.100-T1;snap}
246658	246690	INTRON			{snap_scaffold_8-snap.100-T1;snap}
246691	251207	terminal+	2	3	{snap_scaffold_8-snap.100-T1;snap}

# EVM prediction: Mode:STANDARD S-ratio: 4.82 251428-253191 orient(-) score(8766.00) noncoding_equivalent(1818.00) raw_noncoding(1818.00) offset(0.00)
253191	251428	single-	4	6	{HiQ_model.g2870.t1;HiQ},{GlimmerHMM_glimmerT_3082-T1;GlimmerHMM}

# EVM prediction: Mode:STANDARD S-ratio: 5.00 253452-254204 orient(-) score(3765.00) noncoding_equivalent(753.00) raw_noncoding(753.00) offset(0.00)
254204	253452	single-	4	6	{HiQ_model.g2871.t1;HiQ},{GlimmerHMM_glimmerT_3083-T1;GlimmerHMM}

# EVM prediction: Mode:STANDARD S-ratio: 46.73 254502-255575 orient(+) score(4206.00) noncoding_equivalent(90.00) raw_noncoding(90.00) offset(0.00)
254502	255575	single+	1	3	{Augustus_model.g2872.t1;Augustus},{GlimmerHMM_glimmerT_3084-T1;GlimmerHMM}

# EVM prediction: Mode:STANDARD S-ratio: 1.00 256363-256599 orient(-) score(474.00) noncoding_equivalent(474.00) raw_noncoding(474.00) offset(0.00)
256599	256363	single-	4	6	{GlimmerHMM_glimmerT_3085-T1;GlimmerHMM}

# EVM prediction: Mode:STANDARD S-ratio: 3.00 256987-257265 orient(+) score(837.00) noncoding_equivalent(279.00) raw_noncoding(279.00) offset(0.00)
256987	257265	single+	1	3	{GlimmerHMM_glimmerT_3086-T1;GlimmerHMM},{Augustus_model.g2873.t1;Augustus}

# EVM prediction: Mode:STANDARD S-ratio: 3.03 258868-259587 orient(+) score(2166.00) noncoding_equivalent(714.52) raw_noncoding(714.52) offset(0.00)
258868	259587	single+	1	3	{GlimmerHMM_glimmerT_3087-T1;GlimmerHMM},{Augustus_model.g2874.t1;Augustus}

# EVM prediction: Mode:STANDARD S-ratio: 21.65 260013-260849 orient(+) score(3199.00) noncoding_equivalent(147.78) raw_noncoding(147.78) offset(0.00)
260013	260849	single+	1	3	{Augustus_model.g2875.t1;Augustus},{GlimmerHMM_glimmerT_3088-T1;GlimmerHMM}

# EVM prediction: Mode:STANDARD S-ratio: 32.95 261085-262026 orient(+) score(3657.00) noncoding_equivalent(111.00) raw_noncoding(111.00) offset(0.00)
261085	262026	single+	1	3	{Augustus_model.g2876.t1;Augustus},{GlimmerHMM_glimmerT_3089-T1;GlimmerHMM}

# EVM prediction: Mode:STANDARD S-ratio: 83.90 262525-263544 orient(+) score(4030.00) noncoding_equivalent(48.03) raw_noncoding(48.03) offset(0.00)
262525	263544	single+	1	3	{Augustus_model.g2877.t1;Augustus}

# EVM prediction: Mode:STANDARD S-ratio: 4.67 263882-267196 orient(-) score(16377.00) noncoding_equivalent(3505.00) raw_noncoding(3505.00) offset(0.00)
267196	263882	single-	4	6	{GlimmerHMM_glimmerT_3091-T1;GlimmerHMM},{HiQ_model.g2878.t1;HiQ}

# EVM prediction: Mode:STANDARD S-ratio: 4.28 267455-268387 orient(-) score(4536.00) noncoding_equivalent(1060.30) raw_noncoding(1060.30) offset(0.00)
268387	267455	single-	4	6	{GlimmerHMM_glimmerT_3092-T1;GlimmerHMM},{HiQ_model.g2879.t1;HiQ}

# EVM prediction: Mode:STANDARD S-ratio: 32.99 269614-270945 orient(+) score(5172.00) noncoding_equivalent(156.76) raw_noncoding(156.76) offset(0.00)
269614	270945	single+	1	3	{GlimmerHMM_glimmerT_3093-T1;GlimmerHMM}

# EVM prediction: Mode:STANDARD S-ratio: 68.62 271062-272779 orient(+) score(6672.00) noncoding_equivalent(97.23) raw_noncoding(165.50) offset(68.26)
271062	271067	initial+	1	3	{snap_scaffold_8-snap.110-T1;snap}
271068	271102	INTRON			{snap_scaffold_8-snap.110-T1;snap}
271103	272779	terminal+	1	3	{snap_scaffold_8-snap.110-T1;snap}

# EVM prediction: Mode:STANDARD S-ratio: 12.14 272782-274734 orient(+) score(5222.00) noncoding_equivalent(430.13) raw_noncoding(843.80) offset(413.67)
272782	272786	initial+	1	2	{snap_scaffold_8-snap.111-T1;snap}
272787	272993	INTRON			{snap_scaffold_8-snap.111-T1;snap}
272994	274734	terminal+	3	3	{snap_scaffold_8-snap.111-T1;snap}

# EVM prediction: Mode:STANDARD S-ratio: 4.81 274924-275598 orient(-) score(3351.00) noncoding_equivalent(697.20) raw_noncoding(697.20) offset(0.00)
275598	274924	single-	4	6	{HiQ_model.g2881.t1;HiQ}

# EVM prediction: Mode:STANDARD S-ratio: 1.00 276019-276402 orient(+) score(768.00) noncoding_equivalent(768.00) raw_noncoding(768.00) offset(0.00)
276019	276402	single+	1	3	{GlimmerHMM_glimmerT_3097-T1;GlimmerHMM}

# EVM prediction: Mode:STANDARD S-ratio: 10000.00 276861-277865 orient(+) score(4014.00) noncoding_equivalent(0.40) raw_noncoding(0.00) offset(0.00)
276861	277865	single+	1	3	{GlimmerHMM_glimmerT_3098-T1;GlimmerHMM},{Augustus_model.g2882.t1;Augustus}

# EVM prediction: Mode:STANDARD S-ratio: 1.00 278254-278604 orient(+) score(702.00) noncoding_equivalent(702.00) raw_noncoding(702.00) offset(0.00)
278254	278604	single+	1	3	{GlimmerHMM_glimmerT_3099-T1;GlimmerHMM}

# EVM prediction: Mode:STANDARD S-ratio: 51.73 278762-280066 orient(-) score(5121.00) noncoding_equivalent(99.00) raw_noncoding(99.00) offset(0.00)
280066	278762	single-	4	6	{GlimmerHMM_glimmerT_3100-T1;GlimmerHMM},{Augustus_model.g2883.t1;Augustus}

# EVM prediction: Mode:STANDARD S-ratio: 7.43 280628-282192 orient(+) score(5231.00) noncoding_equivalent(703.71) raw_noncoding(1326.00) offset(622.29)
280628	280832	initial+	1	1	{Augustus_model.g2884.t1;Augustus}
280833	281158	INTRON			{Augustus_model.g2884.t1;Augustus},{ev_type:exonerate/ID=match.160399.3330/Target=YKL081W;exonerate}
281159	282192	terminal+	2	3	{Augustus_model.g2884.t1;Augustus}

# EVM prediction: Mode:STANDARD S-ratio: 11.47 282765-283943 orient(+) score(4338.00) noncoding_equivalent(378.13) raw_noncoding(378.13) offset(0.00)
282765	283943	single+	1	3	{GlimmerHMM_glimmerT_3103-T1;GlimmerHMM}

# EVM prediction: Mode:STANDARD S-ratio: 23.43 284337-286307 orient(+) score(7562.00) noncoding_equivalent(322.77) raw_noncoding(322.77) offset(0.00)
284337	286307	single+	1	3	{GlimmerHMM_glimmerT_3104-T1;GlimmerHMM}

# EVM prediction: Mode:STANDARD S-ratio: 731.66 286579-288786 orient(+) score(8818.00) noncoding_equivalent(12.05) raw_noncoding(12.05) offset(0.00)
286579	288786	single+	1	3	{GlimmerHMM_glimmerT_3105-T1;GlimmerHMM}

# EVM prediction: Mode:STANDARD S-ratio: 25.64 289187-290365 orient(+) score(4539.00) noncoding_equivalent(177.00) raw_noncoding(177.00) offset(0.00)
289187	290365	single+	1	3	{Augustus_model.g2886.t1;Augustus}

# EVM prediction: Mode:STANDARD S-ratio: 5.16 290690-292042 orient(-) score(7021.00) noncoding_equivalent(1361.15) raw_noncoding(1361.15) offset(0.00)
292042	290690	single-	4	6	{GlimmerHMM_glimmerT_3107-T1;GlimmerHMM},{HiQ_model.g2887.t1;HiQ}

# EVM prediction: Mode:STANDARD S-ratio: 3.98 292344-293927 orient(-) score(7596.00) noncoding_equivalent(1908.00) raw_noncoding(1908.00) offset(0.00)
293927	292344	single-	4	6	{GlimmerHMM_glimmerT_3108-T1;GlimmerHMM},{HiQ_model.g2888.t1;HiQ}

# EVM prediction: Mode:STANDARD S-ratio: 326.46 294164-296809 orient(+) score(10550.00) noncoding_equivalent(32.32) raw_noncoding(32.32) offset(0.00)
294164	296809	single+	1	3	{GlimmerHMM_glimmerT_3109-T1;GlimmerHMM},{Augustus_model.g2889.t1;Augustus}

# EVM prediction: Mode:STANDARD S-ratio: 18.09 297317-298849 orient(+) score(5811.00) noncoding_equivalent(321.23) raw_noncoding(321.23) offset(0.00)
297317	298849	single+	1	3	{GlimmerHMM_glimmerT_3110-T1;GlimmerHMM}

# EVM prediction: Mode:STANDARD S-ratio: 33.91 299043-299618 orient(+) score(2238.00) noncoding_equivalent(66.00) raw_noncoding(66.00) offset(0.00)
299043	299618	single+	1	3	{GlimmerHMM_glimmerT_3111-T1;GlimmerHMM}

# EVM prediction: Mode:STANDARD S-ratio: 339.43 302824-303594 orient(+) score(3075.00) noncoding_equivalent(9.06) raw_noncoding(9.06) offset(0.00)
302824	303594	single+	1	3	{GlimmerHMM_glimmerT_3112-T1;GlimmerHMM}

# EVM prediction: Mode:STANDARD S-ratio: 8.01 303921-304559 orient(+) score(2143.00) noncoding_equivalent(267.56) raw_noncoding(267.56) offset(0.00)
303921	304559	single+	1	3	{GlimmerHMM_glimmerT_3113-T1;GlimmerHMM}

# EVM prediction: Mode:STANDARD S-ratio: 11.27 304997-305539 orient(+) score(1995.00) noncoding_equivalent(177.00) raw_noncoding(177.00) offset(0.00)
304997	305539	single+	1	3	{GlimmerHMM_glimmerT_3114-T1;GlimmerHMM},{Augustus_model.g2892.t1;Augustus}

# EVM prediction: Mode:STANDARD S-ratio: 1.00 306914-307150 orient(+) score(474.00) noncoding_equivalent(474.00) raw_noncoding(474.00) offset(0.00)
306914	307150	single+	1	3	{GlimmerHMM_glimmerT_3115-T1;GlimmerHMM}

# EVM prediction: Mode:STANDARD S-ratio: 10000.00 307905-310898 orient(+) score(11760.00) noncoding_equivalent(1.18) raw_noncoding(0.00) offset(0.00)
307905	310898	single+	1	3	{Augustus_model.g2893.t1;Augustus},{GlimmerHMM_glimmerT_3116-T1;GlimmerHMM}

# EVM prediction: Mode:STANDARD S-ratio: 19.53 311988-312449 orient(+) score(1758.00) noncoding_equivalent(90.00) raw_noncoding(90.00) offset(0.00)
311988	312449	single+	1	3	{GlimmerHMM_glimmerT_3117-T1;GlimmerHMM},{Augustus_model.g2894.t1;Augustus}

# EVM prediction: Mode:STANDARD S-ratio: 1.00 313129-313350 orient(+) score(444.00) noncoding_equivalent(444.00) raw_noncoding(444.00) offset(0.00)
313129	313350	single+	1	3	{GlimmerHMM_glimmerT_3118-T1;GlimmerHMM}

# EVM prediction: Mode:STANDARD S-ratio: 1.33 313610-314230 orient(-) score(2121.00) noncoding_equivalent(1600.05) raw_noncoding(1600.05) offset(0.00)
314230	313610	single-	4	6	{HiQ_model.g2895.t1;HiQ}

# EVM prediction: Mode:STANDARD S-ratio: 10000.00 314940-317849 orient(+) score(11640.00) noncoding_equivalent(1.16) raw_noncoding(0.00) offset(0.00)
314940	317849	single+	1	3	{GlimmerHMM_glimmerT_3120-T1;GlimmerHMM},{Augustus_model.g2896.t1;Augustus}

# EVM prediction: Mode:STANDARD S-ratio: 3.62 318189-318692 orient(-) score(2370.00) noncoding_equivalent(654.00) raw_noncoding(654.00) offset(0.00)
318692	318189	single-	4	6	{GlimmerHMM_glimmerT_3121-T1;GlimmerHMM},{HiQ_model.g2897.t1;HiQ}

# EVM prediction: Mode:STANDARD S-ratio: 42.42 320393-322285 orient(+) score(7396.00) noncoding_equivalent(174.34) raw_noncoding(174.34) offset(0.00)
320393	322285	single+	1	3	{GlimmerHMM_glimmerT_3122-T1;GlimmerHMM}

# EVM prediction: Mode:STANDARD S-ratio: 11.18 322933-323274 orient(+) score(1254.00) noncoding_equivalent(112.14) raw_noncoding(112.14) offset(0.00)
322933	323274	single+	1	3	{GlimmerHMM_glimmerT_3123-T1;GlimmerHMM}

# EVM prediction: Mode:STANDARD S-ratio: 4.90 323570-324649 orient(-) score(5382.00) noncoding_equivalent(1098.00) raw_noncoding(1098.00) offset(0.00)
324649	323570	single-	4	6	{GlimmerHMM_glimmerT_3124-T1;GlimmerHMM},{HiQ_model.g2899.t1;HiQ}

# EVM prediction: Mode:STANDARD S-ratio: 4.87 325282-326607 orient(-) score(6600.00) noncoding_equivalent(1354.17) raw_noncoding(1354.17) offset(0.00)
326607	325282	single-	4	6	{HiQ_model.g2900.t1;HiQ},{GlimmerHMM_glimmerT_3125-T1;GlimmerHMM}

# EVM prediction: Mode:STANDARD S-ratio: 3.00 327329-327697 orient(+) score(1107.00) noncoding_equivalent(369.00) raw_noncoding(369.00) offset(0.00)
327329	327697	single+	1	3	{Augustus_model.g2901.t1;Augustus},{GlimmerHMM_glimmerT_3126-T1;GlimmerHMM}

# EVM prediction: Mode:STANDARD S-ratio: 3.88 328018-331131 orient(-) score(14859.00) noncoding_equivalent(3825.00) raw_noncoding(3825.00) offset(0.00)
331131	328018	single-	4	6	{HiQ_model.g2902.t1;HiQ},{GlimmerHMM_glimmerT_3127-T1;GlimmerHMM}

# EVM prediction: Mode:STANDARD S-ratio: 5.00 331574-332077 orient(-) score(2520.00) noncoding_equivalent(504.00) raw_noncoding(504.00) offset(0.00)
332077	331574	single-	4	6	{GlimmerHMM_glimmerT_3128-T1;GlimmerHMM},{HiQ_model.g2903.t1;HiQ}

# EVM prediction: Mode:STANDARD S-ratio: 4.21 332480-333316 orient(-) score(4058.00) noncoding_equivalent(962.87) raw_noncoding(962.87) offset(0.00)
333316	332480	single-	4	6	{HiQ_model.g2904.t1;HiQ}

# EVM prediction: Mode:STANDARD S-ratio: 98.34 333694-335910 orient(-) score(8777.00) noncoding_equivalent(89.25) raw_noncoding(89.25) offset(0.00)
335910	333694	single-	4	6	{Augustus_model.g2905.t1;Augustus},{GlimmerHMM_glimmerT_3130-T1;GlimmerHMM}

# EVM prediction: Mode:STANDARD S-ratio: 2.04 336348-336596 orient(-) score(1003.00) noncoding_equivalent(491.51) raw_noncoding(491.51) offset(0.00)
336596	336348	single-	4	6	{HiQ_model.g2906.t1;HiQ},{GlimmerHMM_glimmerT_3131-T1;GlimmerHMM}

# EVM prediction: Mode:STANDARD S-ratio: 5.00 336834-337712 orient(-) score(4395.00) noncoding_equivalent(879.00) raw_noncoding(879.00) offset(0.00)
337712	336834	single-	4	6	{HiQ_model.g2907.t1;HiQ},{GlimmerHMM_glimmerT_3132-T1;GlimmerHMM}

# EVM prediction: Mode:STANDARD S-ratio: 5.91 338460-339521 orient(+) score(3633.00) noncoding_equivalent(615.00) raw_noncoding(615.00) offset(0.00)
338460	339521	single+	1	3	{Augustus_model.g2908.t1;Augustus},{GlimmerHMM_glimmerT_3133-T1;GlimmerHMM}

# EVM prediction: Mode:STANDARD S-ratio: 10000.00 340001-342790 orient(-) score(8370.00) noncoding_equivalent(0.84) raw_noncoding(0.00) offset(0.00)
342790	340001	single-	4	6	{GlimmerHMM_glimmerT_3134-T1;GlimmerHMM},{Augustus_model.g2909.t1;Augustus}

# EVM prediction: Mode:STANDARD S-ratio: 4.37 343245-343934 orient(-) score(3369.00) noncoding_equivalent(771.00) raw_noncoding(771.00) offset(0.00)
343934	343245	single-	4	6	{HiQ_model.g2910.t1;HiQ},{GlimmerHMM_glimmerT_3135-T1;GlimmerHMM}

# EVM prediction: Mode:STANDARD S-ratio: 20.61 344386-346308 orient(-) score(5502.00) noncoding_equivalent(267.00) raw_noncoding(267.00) offset(0.00)
346308	344386	single-	4	6	{GlimmerHMM_glimmerT_3136-T1;GlimmerHMM},{Augustus_model.g2911.t1;Augustus}

# EVM prediction: Mode:STANDARD S-ratio: 10000.00 346634-348184 orient(+) score(6204.00) noncoding_equivalent(0.62) raw_noncoding(0.00) offset(0.00)
346634	348184	single+	1	3	{Augustus_model.g2912.t1;Augustus},{GlimmerHMM_glimmerT_3137-T1;GlimmerHMM}

# EVM prediction: Mode:STANDARD S-ratio: 2.00 348448-349797 orient(-) score(5400.00) noncoding_equivalent(2700.00) raw_noncoding(2700.00) offset(0.00)
349797	348448	single-	4	6	{GlimmerHMM_glimmerT_3138-T1;GlimmerHMM},{HiQ_model.g2913.t1;HiQ}

# EVM prediction: Mode:STANDARD S-ratio: 10000.00 350666-352252 orient(+) score(6348.00) noncoding_equivalent(0.63) raw_noncoding(0.00) offset(0.00)
350666	352252	single+	1	3	{Augustus_model.g2914.t1;Augustus},{GlimmerHMM_glimmerT_3139-T1;GlimmerHMM}

# EVM prediction: Mode:STANDARD S-ratio: 10000.00 353931-355031 orient(+) score(4404.00) noncoding_equivalent(0.44) raw_noncoding(0.00) offset(0.00)
353931	355031	single+	1	3	{GlimmerHMM_glimmerT_3140-T1;GlimmerHMM},{Augustus_model.g2915.t1;Augustus}

# EVM prediction: Mode:STANDARD S-ratio: 18.41 355659-356750 orient(+) score(4143.00) noncoding_equivalent(225.00) raw_noncoding(225.00) offset(0.00)
355659	356750	single+	1	3	{GlimmerHMM_glimmerT_3141-T1;GlimmerHMM},{Augustus_model.g2916.t1;Augustus}

# EVM prediction: Mode:STANDARD S-ratio: 10000.00 357328-358002 orient(+) score(2700.00) noncoding_equivalent(0.27) raw_noncoding(0.00) offset(0.00)
357328	358002	single+	1	3	{Augustus_model.g2917.t1;Augustus},{GlimmerHMM_glimmerT_3142-T1;GlimmerHMM}

# EVM prediction: Mode:STANDARD S-ratio: 4.48 358243-359013 orient(-) score(3780.00) noncoding_equivalent(844.24) raw_noncoding(844.24) offset(0.00)
359013	358243	single-	4	6	{HiQ_model.g2918.t1;HiQ},{GlimmerHMM_glimmerT_3143-T1;GlimmerHMM}

# EVM prediction: Mode:STANDARD S-ratio: 33.36 359812-361383 orient(+) score(6105.00) noncoding_equivalent(183.00) raw_noncoding(183.00) offset(0.00)
359812	361383	single+	1	3	{GlimmerHMM_glimmerT_3144-T1;GlimmerHMM},{Augustus_model.g2919.t1;Augustus}

# EVM prediction: Mode:STANDARD S-ratio: 22.54 362788-366300 orient(+) score(13455.00) noncoding_equivalent(597.00) raw_noncoding(597.00) offset(0.00)
362788	366300	single+	1	3	{Augustus_model.g2920.t1;Augustus},{GlimmerHMM_glimmerT_3145-T1;GlimmerHMM}

# EVM prediction: Mode:STANDARD S-ratio: 1.00 366711-367064 orient(-) score(708.00) noncoding_equivalent(708.00) raw_noncoding(708.00) offset(0.00)
367064	366711	single-	4	6	{GlimmerHMM_glimmerT_3146-T1;GlimmerHMM}

# EVM prediction: Mode:STANDARD S-ratio: 14.75 367074-368573 orient(+) score(5619.00) noncoding_equivalent(381.00) raw_noncoding(381.00) offset(0.00)
367074	368573	single+	1	3	{GlimmerHMM_glimmerT_3147-T1;GlimmerHMM},{Augustus_model.g2921.t1;Augustus}

# EVM prediction: Mode:STANDARD S-ratio: 15.51 369014-371290 orient(+) score(8557.00) noncoding_equivalent(551.59) raw_noncoding(551.59) offset(0.00)
369014	371290	single+	1	3	{GlimmerHMM_glimmerT_3148-T1;GlimmerHMM}

# EVM prediction: Mode:STANDARD S-ratio: 99.93 371689-372399 orient(+) score(2812.00) noncoding_equivalent(28.14) raw_noncoding(28.14) offset(0.00)
371689	372399	single+	1	3	{GlimmerHMM_glimmerT_3149-T1;GlimmerHMM}

# EVM prediction: Mode:STANDARD S-ratio: 10000.00 372640-375756 orient(+) score(12468.00) noncoding_equivalent(1.25) raw_noncoding(0.00) offset(0.00)
372640	375756	single+	1	3	{GlimmerHMM_glimmerT_3150-T1;GlimmerHMM},{Augustus_model.g2923.t1;Augustus}

# EVM prediction: Mode:STANDARD S-ratio: 10000.00 377251-379047 orient(-) score(7188.00) noncoding_equivalent(0.72) raw_noncoding(0.00) offset(0.00)
379047	377251	single-	4	6	{Augustus_model.g2924.t1;Augustus},{GlimmerHMM_glimmerT_3151-T1;GlimmerHMM}

# EVM prediction: Mode:STANDARD S-ratio: 5.00 379917-381926 orient(-) score(10050.00) noncoding_equivalent(2010.00) raw_noncoding(2010.00) offset(0.00)
381926	379917	single-	4	6	{HiQ_model.g2925.t1;HiQ},{GlimmerHMM_glimmerT_3152-T1;GlimmerHMM}

# EVM prediction: Mode:STANDARD S-ratio: 964.93 382974-384428 orient(+) score(5812.00) noncoding_equivalent(6.02) raw_noncoding(6.02) offset(0.00)
382974	384428	single+	1	3	{GlimmerHMM_glimmerT_3153-T1;GlimmerHMM},{Augustus_model.g2926.t1;Augustus}

# EVM prediction: Mode:STANDARD S-ratio: 1067.75 384785-386128 orient(+) score(5369.00) noncoding_equivalent(5.03) raw_noncoding(5.03) offset(0.00)
384785	386128	single+	1	3	{Augustus_model.g2927.t1;Augustus},{GlimmerHMM_glimmerT_3154-T1;GlimmerHMM}

# EVM prediction: Mode:STANDARD S-ratio: 2.00 386603-387106 orient(-) score(2016.00) noncoding_equivalent(1008.00) raw_noncoding(1008.00) offset(0.00)
387106	386603	single-	4	6	{HiQ_model.g2928.t1;HiQ},{GlimmerHMM_glimmerT_3155-T1;GlimmerHMM}

# EVM prediction: Mode:STANDARD S-ratio: 164.15 387463-389545 orient(-) score(8217.00) noncoding_equivalent(50.06) raw_noncoding(92.22) offset(42.16)
389516	387463	terminal-	5	6	{Augustus_model.g2929.t1;Augustus},{snap_scaffold_8-snap.161-T1;snap}
389538	389517	INTRON			{snap_scaffold_8-snap.161-T1;snap}
389545	389539	initial-	4	4	{snap_scaffold_8-snap.161-T1;snap}

# EVM prediction: Mode:STANDARD S-ratio: 127.46 389749-390363 orient(-) score(2439.00) noncoding_equivalent(19.13) raw_noncoding(19.13) offset(0.00)
390363	389749	single-	4	6	{GlimmerHMM_glimmerT_3157-T1;GlimmerHMM}

# EVM prediction: Mode:STANDARD S-ratio: 47.35 390944-391777 orient(+) score(3267.00) noncoding_equivalent(69.00) raw_noncoding(69.00) offset(0.00)
390944	391777	single+	1	3	{GlimmerHMM_glimmerT_3158-T1;GlimmerHMM},{Augustus_model.g2930.t1;Augustus}

# EVM prediction: Mode:STANDARD S-ratio: 4.53 391949-394471 orient(-) score(12399.00) noncoding_equivalent(2739.00) raw_noncoding(2739.00) offset(0.00)
394471	391949	single-	4	6	{HiQ_model.g2931.t1;HiQ}

# EVM prediction: Mode:STANDARD S-ratio: 3.87 394567-395973 orient(-) score(6702.00) noncoding_equivalent(1731.00) raw_noncoding(1731.00) offset(0.00)
395973	394567	single-	4	6	{HiQ_model.g2932.t1;HiQ}

# EVM prediction: Mode:STANDARD S-ratio: 4.89 396055-399303 orient(-) score(16182.00) noncoding_equivalent(3310.71) raw_noncoding(3310.71) offset(0.00)
399303	396055	single-	4	6	{HiQ_model.g2933.t1;HiQ}

# EVM prediction: Mode:STANDARD S-ratio: 59.38 399791-400741 orient(+) score(3741.00) noncoding_equivalent(63.00) raw_noncoding(63.00) offset(0.00)
399791	400741	single+	1	3	{Augustus_model.g2934.t1;Augustus},{GlimmerHMM_glimmerT_3162-T1;GlimmerHMM}

# EVM prediction: Mode:STANDARD S-ratio: 109.00 401325-402314 orient(+) score(3924.00) noncoding_equivalent(36.00) raw_noncoding(36.00) offset(0.00)
401325	402314	single+	1	3	{Augustus_model.g2935.t1;Augustus},{GlimmerHMM_glimmerT_3163-T1;GlimmerHMM}

# EVM prediction: Mode:STANDARD S-ratio: 4.23 402413-404464 orient(-) score(9957.00) noncoding_equivalent(2355.00) raw_noncoding(2355.00) offset(0.00)
404464	402413	single-	4	6	{GlimmerHMM_glimmerT_3164-T1;GlimmerHMM},{HiQ_model.g2936.t1;HiQ}

# EVM prediction: Mode:STANDARD S-ratio: 4.31 404688-405212 orient(-) score(2555.00) noncoding_equivalent(593.36) raw_noncoding(593.36) offset(0.00)
405212	404688	single-	4	6	{HiQ_model.g2937.t1;HiQ},{GlimmerHMM_glimmerT_3165-T1;GlimmerHMM}

# EVM prediction: Mode:STANDARD S-ratio: 54.21 405768-408707 orient(+) score(11547.00) noncoding_equivalent(213.00) raw_noncoding(213.00) offset(0.00)
405768	408707	single+	1	3	{Augustus_model.g2938.t1;Augustus},{GlimmerHMM_glimmerT_3166-T1;GlimmerHMM}

# EVM prediction: Mode:STANDARD S-ratio: 4.98 408843-414137 orient(-) score(26460.00) noncoding_equivalent(5310.00) raw_noncoding(5310.00) offset(0.00)
414137	408843	single-	4	6	{HiQ_model.g2939.t1;HiQ},{GlimmerHMM_glimmerT_3167-T1;GlimmerHMM}

# EVM prediction: Mode:STANDARD S-ratio: 3.37 414732-415247 orient(-) score(2388.00) noncoding_equivalent(708.00) raw_noncoding(708.00) offset(0.00)
415247	414732	single-	4	6	{HiQ_model.g2940.t1;HiQ},{GlimmerHMM_glimmerT_3168-T1;GlimmerHMM}

# EVM prediction: Mode:STANDARD S-ratio: 115.80 415534-417285 orient(+) score(6948.00) noncoding_equivalent(60.00) raw_noncoding(60.00) offset(0.00)
415534	417285	single+	1	3	{Augustus_model.g2941.t1;Augustus},{GlimmerHMM_glimmerT_3169-T1;GlimmerHMM}

# EVM prediction: Mode:STANDARD S-ratio: 2.67 417379-418440 orient(-) score(4635.00) noncoding_equivalent(1737.00) raw_noncoding(1737.00) offset(0.00)
418440	417379	single-	4	6	{HiQ_model.g2942.t1;HiQ},{GlimmerHMM_glimmerT_3170-T1;GlimmerHMM}

# EVM prediction: Mode:STANDARD S-ratio: 10000.00 418648-423099 orient(-) score(17808.00) noncoding_equivalent(1.78) raw_noncoding(0.00) offset(0.00)
423099	418648	single-	4	6	{GlimmerHMM_glimmerT_3171-T1;GlimmerHMM},{Augustus_model.g2943.t1;Augustus}

# EVM prediction: Mode:STANDARD S-ratio: 11.81 423466-424176 orient(+) score(2622.00) noncoding_equivalent(222.00) raw_noncoding(222.00) offset(0.00)
423466	424176	single+	1	3	{Augustus_model.g2944.t1;Augustus},{GlimmerHMM_glimmerT_3172-T1;GlimmerHMM}

# EVM prediction: Mode:STANDARD S-ratio: 2.39 424502-425758 orient(-) score(5319.00) noncoding_equivalent(2223.00) raw_noncoding(2223.00) offset(0.00)
425758	424502	single-	4	6	{GlimmerHMM_glimmerT_3173-T1;GlimmerHMM},{HiQ_model.g2945.t1;HiQ}

# EVM prediction: Mode:STANDARD S-ratio: 214.20 426508-427314 orient(+) score(3213.00) noncoding_equivalent(15.00) raw_noncoding(15.00) offset(0.00)
426508	427314	single+	1	3	{Augustus_model.g2946.t1;Augustus},{GlimmerHMM_glimmerT_3174-T1;GlimmerHMM}

# EVM prediction: Mode:STANDARD S-ratio: 2.49 427404-427838 orient(-) score(1563.00) noncoding_equivalent(628.00) raw_noncoding(1026.00) offset(398.00)
427661	427404	terminal-	4	6	{HiQ_model.g2947.t1;HiQ}
427802	427662	INTRON			{HiQ_model.g2947.t1;HiQ},{ev_type:exonerate/ID=match.160399.5232/Target=YKL006C-A;exonerate}
427838	427803	initial-	4	6	{HiQ_model.g2947.t1;HiQ}

# EVM prediction: Mode:STANDARD S-ratio: 3.85 429114-429928 orient(+) score(3548.00) noncoding_equivalent(921.36) raw_noncoding(1313.99) offset(392.63)
429114	429242	initial+	1	3	{Augustus_model.g2948.t1;Augustus},{GlimmerHMM_glimmerT_3176-T1;GlimmerHMM}
429243	429640	INTRON			{Augustus_model.g2948.t1;Augustus},{GlimmerHMM_glimmerT_3176-T1;GlimmerHMM},{ev_type:exonerate/ID=match.160399.2602/Target=YHL001W;exonerate},{ev_type:exonerate/ID=match.160399.5359/Target=YKL006W;exonerate}
429641	429928	terminal+	1	3	{snap_scaffold_8-snap.180-T1;snap},{Augustus_model.g2948.t1;Augustus},{GlimmerHMM_glimmerT_3176-T1;GlimmerHMM}

# EVM prediction: Mode:STANDARD S-ratio: 4.80 430301-432085 orient(-) score(8865.00) noncoding_equivalent(1845.00) raw_noncoding(1845.00) offset(0.00)
432085	430301	single-	4	6	{GlimmerHMM_glimmerT_3177-T1;GlimmerHMM},{HiQ_model.g2949.t1;HiQ}

# EVM prediction: Mode:STANDARD S-ratio: 13.89 432789-433994 orient(+) score(4500.00) noncoding_equivalent(324.00) raw_noncoding(324.00) offset(0.00)
432789	433994	single+	1	3	{Augustus_model.g2950.t1;Augustus},{GlimmerHMM_glimmerT_3178-T1;GlimmerHMM}

# EVM prediction: Mode:STANDARD S-ratio: 2.00 434305-434700 orient(-) score(1584.00) noncoding_equivalent(792.00) raw_noncoding(792.00) offset(0.00)
434700	434305	single-	4	6	{GlimmerHMM_glimmerT_3179-T1;GlimmerHMM},{HiQ_model.g2951.t1;HiQ}

# EVM prediction: Mode:STANDARD S-ratio: 14.28 434986-435752 orient(+) score(2928.00) noncoding_equivalent(205.04) raw_noncoding(276.00) offset(70.96)
434986	435045	initial+	1	3	{GlimmerHMM_glimmerT_3180-T1;GlimmerHMM},{Augustus_model.g2952.t1;Augustus}
435046	435113	INTRON			{GlimmerHMM_glimmerT_3180-T1;GlimmerHMM},{Augustus_model.g2952.t1;Augustus},{ev_type:exonerate/ID=match.160399.1236/Target=YKL002W;exonerate}
435114	435752	terminal+	1	3	{GlimmerHMM_glimmerT_3180-T1;GlimmerHMM},{Augustus_model.g2952.t1;Augustus}

# EVM prediction: Mode:STANDARD S-ratio: 5.00 435985-436593 orient(-) score(3045.00) noncoding_equivalent(609.00) raw_noncoding(609.00) offset(0.00)
436593	435985	single-	4	6	{HiQ_model.g2953.t1;HiQ},{GlimmerHMM_glimmerT_3181-T1;GlimmerHMM}

# EVM prediction: Mode:STANDARD S-ratio: 5.00 437821-439935 orient(-) score(10575.00) noncoding_equivalent(2115.00) raw_noncoding(2115.00) offset(0.00)
439935	437821	single-	4	6	{GlimmerHMM_glimmerT_3182-T1;GlimmerHMM},{HiQ_model.g2954.t1;HiQ}

# EVM prediction: Mode:STANDARD S-ratio: 3.00 440445-442151 orient(+) score(5121.00) noncoding_equivalent(1707.00) raw_noncoding(1707.00) offset(0.00)
440445	442151	single+	1	3	{GlimmerHMM_glimmerT_3183-T1;GlimmerHMM},{Augustus_model.g2955.t1;Augustus}

# EVM prediction: Mode:STANDARD S-ratio: 74.56 442593-443939 orient(+) score(5316.00) noncoding_equivalent(71.30) raw_noncoding(71.30) offset(0.00)
442593	443939	single+	1	3	{GlimmerHMM_glimmerT_3184-T1;GlimmerHMM},{Augustus_model.g2956.t1;Augustus}

# EVM prediction: Mode:STANDARD S-ratio: 3.40 444012-445249 orient(-) score(5501.00) noncoding_equivalent(1620.19) raw_noncoding(1926.73) offset(306.54)
444919	444012	terminal-	5	6	{HiQ_model.g2957.t1;HiQ},{snap_scaffold_8-snap.187-T1;snap}
445023	444920	INTRON			{HiQ_model.g2957.t1;HiQ},{ev_type:exonerate/ID=match.160399.2202/Target=YKR004C;exonerate}
445249	445024	initial-	4	4	{HiQ_model.g2957.t1;HiQ}

# EVM prediction: Mode:STANDARD S-ratio: 3.41 445715-447361 orient(-) score(7485.00) noncoding_equivalent(2196.00) raw_noncoding(2397.00) offset(201.00)
447145	445715	terminal-	4	6	{HiQ_model.g2958.t1;HiQ}
447214	447146	INTRON			{HiQ_model.g2958.t1;HiQ},{ev_type:exonerate/ID=match.160399.4064/Target=YKR005C;exonerate}
447361	447215	initial-	4	6	{HiQ_model.g2958.t1;HiQ}

# EVM prediction: Mode:STANDARD S-ratio: 4.88 447617-448444 orient(-) score(4095.00) noncoding_equivalent(840.00) raw_noncoding(840.00) offset(0.00)
448444	447617	single-	4	6	{GlimmerHMM_glimmerT_3187-T1;GlimmerHMM},{HiQ_model.g2959.t1;HiQ}

# EVM prediction: Mode:STANDARD S-ratio: 60.00 448628-449176 orient(+) score(2160.00) noncoding_equivalent(36.00) raw_noncoding(36.00) offset(0.00)
448628	449176	single+	1	3	{Augustus_model.g2960.t1;Augustus},{GlimmerHMM_glimmerT_3188-T1;GlimmerHMM}

# EVM prediction: Mode:STANDARD S-ratio: 10000.00 449389-451266 orient(+) score(7506.00) noncoding_equivalent(0.75) raw_noncoding(0.00) offset(0.00)
449389	451266	single+	1	3	{GlimmerHMM_glimmerT_3189-T1;GlimmerHMM},{Augustus_model.g2961.t1;Augustus}

# EVM prediction: Mode:STANDARD S-ratio: 4.94 451542-454244 orient(-) score(13486.00) noncoding_equivalent(2730.28) raw_noncoding(2730.28) offset(0.00)
454244	451542	single-	4	6	{HiQ_model.g2962.t1;HiQ},{GlimmerHMM_glimmerT_3190-T1;GlimmerHMM}

# EVM prediction: Mode:STANDARD S-ratio: 4.98 455948-458254 orient(-) score(11527.00) noncoding_equivalent(2313.09) raw_noncoding(2313.09) offset(0.00)
458254	455948	single-	4	6	{GlimmerHMM_glimmerT_3191-T1;GlimmerHMM},{HiQ_model.g2963.t1;HiQ}

# EVM prediction: Mode:STANDARD S-ratio: 5.00 458659-459720 orient(-) score(5310.00) noncoding_equivalent(1062.00) raw_noncoding(1062.00) offset(0.00)
459720	458659	single-	4	6	{HiQ_model.g2964.t1;HiQ},{GlimmerHMM_glimmerT_3192-T1;GlimmerHMM}

# EVM prediction: Mode:STANDARD S-ratio: 10000.00 460984-461994 orient(+) score(3984.00) noncoding_equivalent(0.40) raw_noncoding(0.00) offset(0.00)
460984	461994	single+	1	3	{Augustus_model.g2965.t1;Augustus},{GlimmerHMM_glimmerT_3193-T1;GlimmerHMM}

# EVM prediction: Mode:STANDARD S-ratio: 5.00 462399-463103 orient(-) score(3525.00) noncoding_equivalent(705.00) raw_noncoding(705.00) offset(0.00)
463103	462399	single-	4	6	{GlimmerHMM_glimmerT_3194-T1;GlimmerHMM},{HiQ_model.g2966.t1;HiQ}

# EVM prediction: Mode:STANDARD S-ratio: 5.00 463996-465702 orient(-) score(8535.00) noncoding_equivalent(1707.00) raw_noncoding(1707.00) offset(0.00)
465702	463996	single-	4	6	{HiQ_model.g2967.t1;HiQ},{GlimmerHMM_glimmerT_3195-T1;GlimmerHMM}

# EVM prediction: Mode:STANDARD S-ratio: 1075.14 466755-468374 orient(+) score(6472.00) noncoding_equivalent(6.02) raw_noncoding(6.02) offset(0.00)
466755	468374	single+	1	3	{GlimmerHMM_glimmerT_3196-T1;GlimmerHMM},{Augustus_model.g2968.t1;Augustus}

# EVM prediction: Mode:STANDARD S-ratio: 4.88 468729-470384 orient(-) score(8245.00) noncoding_equivalent(1689.37) raw_noncoding(1689.37) offset(0.00)
470384	468729	single-	4	6	{GlimmerHMM_glimmerT_3197-T1;GlimmerHMM},{HiQ_model.g2969.t1;HiQ}

# EVM prediction: Mode:STANDARD S-ratio: 4.98 470759-472936 orient(-) score(10880.00) noncoding_equivalent(2186.06) raw_noncoding(2186.06) offset(0.00)
472936	470759	single-	4	6	{HiQ_model.g2970.t1;HiQ},{GlimmerHMM_glimmerT_3198-T1;GlimmerHMM}

# EVM prediction: Mode:STANDARD S-ratio: 4.32 473250-475097 orient(-) score(9003.00) noncoding_equivalent(2085.00) raw_noncoding(2085.00) offset(0.00)
475097	473250	single-	4	6	{GlimmerHMM_glimmerT_3199-T1;GlimmerHMM},{HiQ_model.g2971.t1;HiQ}

# EVM prediction: Mode:STANDARD S-ratio: 3.00 475372-475866 orient(+) score(1485.00) noncoding_equivalent(495.00) raw_noncoding(495.00) offset(0.00)
475372	475866	single+	1	3	{GlimmerHMM_glimmerT_3200-T1;GlimmerHMM},{Augustus_model.g2972.t1;Augustus}

# EVM prediction: Mode:STANDARD S-ratio: 34.23 476271-479018 orient(+) score(10680.00) noncoding_equivalent(312.00) raw_noncoding(312.00) offset(0.00)
476271	479018	single+	1	3	{Augustus_model.g2973.t1;Augustus}

# EVM prediction: Mode:STANDARD S-ratio: 2.00 479208-480176 orient(-) score(3876.00) noncoding_equivalent(1938.00) raw_noncoding(1938.00) offset(0.00)
480176	479208	single-	4	6	{HiQ_model.g2974.t1;HiQ},{GlimmerHMM_glimmerT_3202-T1;GlimmerHMM}

# EVM prediction: Mode:STANDARD S-ratio: 1048.95 480456-482048 orient(+) score(6364.00) noncoding_equivalent(6.07) raw_noncoding(6.07) offset(0.00)
480456	482048	single+	1	3	{GlimmerHMM_glimmerT_3203-T1;GlimmerHMM},{Augustus_model.g2975.t1;Augustus}

# EVM prediction: Mode:STANDARD S-ratio: 10000.00 482180-484408 orient(-) score(6687.00) noncoding_equivalent(0.67) raw_noncoding(0.00) offset(0.00)
484408	482180	single-	4	6	{GlimmerHMM_glimmerT_3204-T1;GlimmerHMM},{Augustus_model.g2976.t1;Augustus}

# EVM prediction: Mode:STANDARD S-ratio: 3.02 484806-485654 orient(+) score(2547.00) noncoding_equivalent(844.43) raw_noncoding(844.43) offset(0.00)
484806	485654	single+	1	3	{Augustus_model.g2977.t1;Augustus},{GlimmerHMM_glimmerT_3205-T1;GlimmerHMM}

# EVM prediction: Mode:STANDARD S-ratio: 4.83 485774-486691 orient(-) score(4563.00) noncoding_equivalent(945.00) raw_noncoding(945.00) offset(0.00)
486691	485774	single-	4	6	{HiQ_model.g2978.t1;HiQ},{GlimmerHMM_glimmerT_3206-T1;GlimmerHMM}

# EVM prediction: Mode:STANDARD S-ratio: 10000.00 488388-490685 orient(+) score(9192.00) noncoding_equivalent(0.92) raw_noncoding(0.00) offset(0.00)
488388	490685	single+	1	3	{GlimmerHMM_glimmerT_3207-T1;GlimmerHMM},{Augustus_model.g2979.t1;Augustus}

# EVM prediction: Mode:STANDARD S-ratio: 2413.64 491280-494384 orient(+) score(12413.00) noncoding_equivalent(5.14) raw_noncoding(5.14) offset(0.00)
491280	494384	single+	1	3	{Augustus_model.g2980.t1;Augustus},{GlimmerHMM_glimmerT_3208-T1;GlimmerHMM}

# EVM prediction: Mode:STANDARD S-ratio: 4.94 494604-496871 orient(-) score(11319.00) noncoding_equivalent(2289.00) raw_noncoding(2289.00) offset(0.00)
496871	494604	single-	4	6	{HiQ_model.g2981.t1;HiQ},{GlimmerHMM_glimmerT_3209-T1;GlimmerHMM}

# EVM prediction: Mode:STANDARD S-ratio: 1.00 497320-498141 orient(+) score(1644.00) noncoding_equivalent(1644.00) raw_noncoding(1644.00) offset(0.00)
497320	498141	single+	1	3	{GlimmerHMM_glimmerT_3210-T1;GlimmerHMM}

# EVM prediction: Mode:STANDARD S-ratio: 4.91 498382-503433 orient(-) score(25184.00) noncoding_equivalent(5126.17) raw_noncoding(5126.17) offset(0.00)
503433	498382	single-	4	6	{GlimmerHMM_glimmerT_3211-T1;GlimmerHMM},{HiQ_model.g2982.t1;HiQ}

# EVM prediction: Mode:STANDARD S-ratio: 3.01 503942-504751 orient(+) score(2430.00) noncoding_equivalent(806.65) raw_noncoding(806.65) offset(0.00)
503942	504751	single+	1	3	{GlimmerHMM_glimmerT_3212-T1;GlimmerHMM},{Augustus_model.g2983.t1;Augustus}

# EVM prediction: Mode:STANDARD S-ratio: 204.00 504983-505597 orient(+) score(2448.00) noncoding_equivalent(12.00) raw_noncoding(12.00) offset(0.00)
504983	505597	single+	1	3	{GlimmerHMM_glimmerT_3213-T1;GlimmerHMM},{Augustus_model.g2984.t1;Augustus}

# EVM prediction: Mode:STANDARD S-ratio: 4.35 505746-507683 orient(-) score(9452.00) noncoding_equivalent(2175.23) raw_noncoding(2175.23) offset(0.00)
507683	505746	single-	4	6	{GlimmerHMM_glimmerT_3214-T1;GlimmerHMM},{HiQ_model.g2985.t1;HiQ}

# EVM prediction: Mode:STANDARD S-ratio: 2.62 507960-508847 orient(-) score(3858.00) noncoding_equivalent(1470.00) raw_noncoding(1470.00) offset(0.00)
508847	507960	single-	4	6	{HiQ_model.g2986.t1;HiQ},{GlimmerHMM_glimmerT_3215-T1;GlimmerHMM}

# EVM prediction: Mode:STANDARD S-ratio: 5.00 509050-510210 orient(-) score(5805.00) noncoding_equivalent(1161.00) raw_noncoding(1161.00) offset(0.00)
510210	509050	single-	4	6	{HiQ_model.g2987.t1;HiQ},{GlimmerHMM_glimmerT_3216-T1;GlimmerHMM}

# EVM prediction: Mode:STANDARD S-ratio: 117.53 512118-513926 orient(+) score(7175.00) noncoding_equivalent(61.05) raw_noncoding(61.05) offset(0.00)
512118	513926	single+	1	3	{GlimmerHMM_glimmerT_3217-T1;GlimmerHMM}

# EVM prediction: Mode:STANDARD S-ratio: 26.07 514927-515679 orient(+) score(2899.00) noncoding_equivalent(111.19) raw_noncoding(111.19) offset(0.00)
514927	515679	single+	1	3	{GlimmerHMM_glimmerT_3218-T1;GlimmerHMM}

# EVM prediction: Mode:STANDARD S-ratio: 149.73 516256-517353 orient(+) score(4361.00) noncoding_equivalent(29.13) raw_noncoding(29.13) offset(0.00)
516256	517353	single+	1	3	{Augustus_model.g2989.t1;Augustus},{GlimmerHMM_glimmerT_3219-T1;GlimmerHMM}

# EVM prediction: Mode:STANDARD S-ratio: 5.00 517626-518441 orient(-) score(4080.00) noncoding_equivalent(816.00) raw_noncoding(816.00) offset(0.00)
518441	517626	single-	4	6	{HiQ_model.g2990.t1;HiQ},{GlimmerHMM_glimmerT_3220-T1;GlimmerHMM}

# EVM prediction: Mode:STANDARD S-ratio: 25.91 518744-520075 orient(+) score(5130.00) noncoding_equivalent(198.00) raw_noncoding(198.00) offset(0.00)
518744	520075	single+	1	3	{GlimmerHMM_glimmerT_3221-T1;GlimmerHMM},{Augustus_model.g2991.t1;Augustus}

# EVM prediction: Mode:STANDARD S-ratio: 4.74 520147-520710 orient(-) score(2793.00) noncoding_equivalent(589.30) raw_noncoding(589.30) offset(0.00)
520710	520147	single-	4	6	{GlimmerHMM_glimmerT_3222-T1;GlimmerHMM},{HiQ_model.g2992.t1;HiQ}

# EVM prediction: Mode:STANDARD S-ratio: 5.00 520962-521813 orient(-) score(4260.00) noncoding_equivalent(852.00) raw_noncoding(852.00) offset(0.00)
521813	520962	single-	4	6	{HiQ_model.g2993.t1;HiQ},{GlimmerHMM_glimmerT_3223-T1;GlimmerHMM}

# EVM prediction: Mode:STANDARD S-ratio: 5.00 522126-523379 orient(-) score(6270.00) noncoding_equivalent(1254.00) raw_noncoding(1254.00) offset(0.00)
523379	522126	single-	4	6	{HiQ_model.g2994.t1;HiQ},{GlimmerHMM_glimmerT_3224-T1;GlimmerHMM}

# EVM prediction: Mode:STANDARD S-ratio: 2.00 523569-523970 orient(-) score(1608.00) noncoding_equivalent(804.00) raw_noncoding(804.00) offset(0.00)
523970	523569	single-	4	6	{HiQ_model.g2995.t1;HiQ},{GlimmerHMM_glimmerT_3225-T1;GlimmerHMM}

# EVM prediction: Mode:STANDARD S-ratio: 812.42 524556-527225 orient(+) score(10665.00) noncoding_equivalent(13.13) raw_noncoding(13.13) offset(0.00)
524556	527225	single+	1	3	{Augustus_model.g2996.t1;Augustus},{GlimmerHMM_glimmerT_3226-T1;GlimmerHMM}

# EVM prediction: Mode:STANDARD S-ratio: 16.64 527687-528943 orient(+) score(4743.00) noncoding_equivalent(285.00) raw_noncoding(285.00) offset(0.00)
527687	528943	single+	1	3	{Augustus_model.g2997.t1;Augustus},{GlimmerHMM_glimmerT_3227-T1;GlimmerHMM}

# EVM prediction: Mode:STANDARD S-ratio: 5.00 529291-530205 orient(-) score(4575.00) noncoding_equivalent(915.00) raw_noncoding(915.00) offset(0.00)
530205	529291	single-	4	6	{HiQ_model.g2998.t1;HiQ},{GlimmerHMM_glimmerT_3228-T1;GlimmerHMM}

# EVM prediction: Mode:STANDARD S-ratio: 5.00 530808-532022 orient(-) score(6075.00) noncoding_equivalent(1215.00) raw_noncoding(1215.00) offset(0.00)
532022	530808	single-	4	6	{HiQ_model.g2999.t1;HiQ},{GlimmerHMM_glimmerT_3229-T1;GlimmerHMM}

# EVM prediction: Mode:STANDARD S-ratio: 1274.02 532388-544666 orient(-) score(49076.00) noncoding_equivalent(38.52) raw_noncoding(38.52) offset(0.00)
544666	532388	single-	4	6	{Augustus_model.g3000.t1;Augustus},{GlimmerHMM_glimmerT_3230-T1;GlimmerHMM}

# EVM prediction: Mode:STANDARD S-ratio: 2.98 544957-545832 orient(+) score(2624.00) noncoding_equivalent(880.02) raw_noncoding(880.02) offset(0.00)
544957	545832	single+	1	3	{GlimmerHMM_glimmerT_3231-T1;GlimmerHMM}

# EVM prediction: Mode:STANDARD S-ratio: 48.51 546295-548107 orient(+) score(6998.00) noncoding_equivalent(144.25) raw_noncoding(252.45) offset(108.20)
546295	546302	initial+	1	2	{snap_scaffold_8-snap.227-T1;snap}
546303	546357	INTRON			{snap_scaffold_8-snap.227-T1;snap}
546358	548107	terminal+	3	3	{snap_scaffold_8-snap.227-T1;snap}

# EVM prediction: Mode:STANDARD S-ratio: 8.16 548397-551360 orient(+) score(10336.00) noncoding_equivalent(1267.24) raw_noncoding(2599.73) offset(1332.49)
548397	548420	initial+	1	3	{GlimmerHMM_glimmerT_3233-T1;GlimmerHMM}
548421	548742	INTRON			{GlimmerHMM_glimmerT_3233-T1;GlimmerHMM},{Augustus_model.g3001.t1;Augustus},{ev_type:exonerate/ID=match.160399.4373/Target=YKR057W;exonerate},{ev_type:exonerate/ID=match.160399.5927/Target=YJL136C;exonerate}
548743	548977	internal+	1	1	{Augustus_model.g3001.t1;Augustus}
548978	549552	INTRON			{Augustus_model.g3001.t1;Augustus}
549553	551360	terminal+	2	3	{Augustus_model.g3001.t1;Augustus}

# EVM prediction: Mode:STANDARD S-ratio: 10000.00 551727-552914 orient(+) score(3564.00) noncoding_equivalent(0.36) raw_noncoding(0.00) offset(0.00)
551727	552914	single+	1	3	{GlimmerHMM_glimmerT_3234-T1;GlimmerHMM},{Augustus_model.g3002.t1;Augustus}

# EVM prediction: Mode:STANDARD S-ratio: 156.14 553259-554083 orient(+) score(3279.00) noncoding_equivalent(21.00) raw_noncoding(21.00) offset(0.00)
553259	554083	single+	1	3	{Augustus_model.g3003.t1;Augustus},{GlimmerHMM_glimmerT_3235-T1;GlimmerHMM}

# EVM prediction: Mode:STANDARD S-ratio: 24.03 554604-555692 orient(+) score(4182.00) noncoding_equivalent(174.00) raw_noncoding(174.00) offset(0.00)
554604	555692	single+	1	3	{GlimmerHMM_glimmerT_3236-T1;GlimmerHMM},{Augustus_model.g3004.t1;Augustus}

# EVM prediction: Mode:STANDARD S-ratio: 31.10 556404-557390 orient(+) score(3825.00) noncoding_equivalent(123.00) raw_noncoding(123.00) offset(0.00)
556404	557390	single+	1	3	{GlimmerHMM_glimmerT_3237-T1;GlimmerHMM},{Augustus_model.g3005.t1;Augustus}

# EVM prediction: Mode:STANDARD S-ratio: 2.00 557527-559035 orient(-) score(6036.00) noncoding_equivalent(3018.00) raw_noncoding(3018.00) offset(0.00)
559035	557527	single-	4	6	{GlimmerHMM_glimmerT_3238-T1;GlimmerHMM},{HiQ_model.g3006.t1;HiQ}

# EVM prediction: Mode:STANDARD S-ratio: 10.95 559285-561876 orient(+) score(9500.00) noncoding_equivalent(867.68) raw_noncoding(867.68) offset(0.00)
559285	561876	single+	1	3	{GlimmerHMM_glimmerT_3239-T1;GlimmerHMM}

# EVM prediction: Mode:STANDARD S-ratio: 2.00 562037-562630 orient(-) score(2376.00) noncoding_equivalent(1188.00) raw_noncoding(1188.00) offset(0.00)
562630	562037	single-	4	6	{GlimmerHMM_glimmerT_3240-T1;GlimmerHMM},{HiQ_model.g3008.t1;HiQ}

# EVM prediction: Mode:STANDARD S-ratio: 5.00 562851-563942 orient(-) score(5460.00) noncoding_equivalent(1092.00) raw_noncoding(1092.00) offset(0.00)
563942	562851	single-	4	6	{HiQ_model.g3009.t1;HiQ},{GlimmerHMM_glimmerT_3241-T1;GlimmerHMM}

# EVM prediction: Mode:STANDARD S-ratio: 15.35 564662-566893 orient(+) score(8382.00) noncoding_equivalent(546.00) raw_noncoding(546.00) offset(0.00)
564662	566893	single+	1	3	{GlimmerHMM_glimmerT_3242-T1;GlimmerHMM}

# EVM prediction: Mode:STANDARD S-ratio: 4.27 567070-567651 orient(-) score(2828.00) noncoding_equivalent(662.28) raw_noncoding(662.28) offset(0.00)
567651	567070	single-	4	6	{GlimmerHMM_glimmerT_3243-T1;GlimmerHMM},{HiQ_model.g3011.t1;HiQ}

# EVM prediction: Mode:STANDARD S-ratio: 10000.00 568355-570136 orient(+) score(7128.00) noncoding_equivalent(0.71) raw_noncoding(0.00) offset(0.00)
568355	570136	single+	1	3	{GlimmerHMM_glimmerT_3244-T1;GlimmerHMM},{Augustus_model.g3012.t1;Augustus}

# EVM prediction: Mode:STANDARD S-ratio: 10000.00 570317-571375 orient(+) score(4236.00) noncoding_equivalent(0.42) raw_noncoding(0.00) offset(0.00)
570317	571375	single+	1	3	{Augustus_model.g3013.t1;Augustus},{GlimmerHMM_glimmerT_3245-T1;GlimmerHMM}

# EVM prediction: Mode:STANDARD S-ratio: 5.00 571677-572723 orient(-) score(5235.00) noncoding_equivalent(1047.00) raw_noncoding(1047.00) offset(0.00)
572723	571677	single-	4	6	{HiQ_model.g3014.t1;HiQ},{GlimmerHMM_glimmerT_3246-T1;GlimmerHMM}

# EVM prediction: Mode:STANDARD S-ratio: 10000.00 573177-574859 orient(-) score(5049.00) noncoding_equivalent(0.50) raw_noncoding(0.00) offset(0.00)
574859	573177	single-	4	6	{GlimmerHMM_glimmerT_3247-T1;GlimmerHMM},{Augustus_model.g3015.t1;Augustus}

