!! Predictions spanning range 1054 - 98693 [R1]
# EVM prediction: Mode:STANDARD S-ratio: 16.08 1054-1668 orient(-) score(1737.00) noncoding_equivalent(108.00) raw_noncoding(108.00) offset(0.00) 
1668	1054	single-	4	6	{GlimmerHMM_glimmerT_3606-T1;GlimmerHMM}

# EVM prediction: Mode:STANDARD S-ratio: 2.00 2248-2691 orient(-) score(888.00) noncoding_equivalent(444.00) raw_noncoding(444.00) offset(0.00) 
2691	2248	single-	4	6	{Augustus_model.g3113.t1;Augustus},{GlimmerHMM_glimmerT_3607-T1;GlimmerHMM}

# EVM prediction: Mode:STANDARD S-ratio: 10000.00 3006-6200 orient(+) score(9585.00) noncoding_equivalent(0.96) raw_noncoding(0.00) offset(0.00) 
3006	6200	single+	1	3	{Augustus_model.g3114.t1;Augustus},{GlimmerHMM_glimmerT_3608-T1;GlimmerHMM}

# EVM prediction: Mode:STANDARD S-ratio: 128.13 6830-9724 orient(+) score(8616.00) noncoding_equivalent(67.24) raw_noncoding(67.24) offset(0.00) 
6830	9724	single+	1	3	{GlimmerHMM_glimmerT_3609-T1;GlimmerHMM},{Augustus_model.g3115.t1;Augustus}

# EVM prediction: Mode:STANDARD S-ratio: 49.37 10013-13588 orient(+) score(10515.00) noncoding_equivalent(213.00) raw_noncoding(213.00) offset(0.00) 
10013	13588	single+	1	3	{GlimmerHMM_glimmerT_3610-T1;GlimmerHMM},{Augustus_model.g3116.t1;Augustus}

# EVM prediction: Mode:STANDARD S-ratio: 2.01 13634-15100 orient(-) score(2934.00) noncoding_equivalent(1459.08) raw_noncoding(1459.08) offset(0.00) 
15100	13634	single-	4	6	{GlimmerHMM_glimmerT_3611-T1;GlimmerHMM},{Augustus_model.g3117.t1;Augustus}

# EVM prediction: Mode:STANDARD S-ratio: 10000.00 15420-19298 orient(+) score(11637.00) noncoding_equivalent(1.16) raw_noncoding(0.00) offset(0.00) 
15420	19298	single+	1	3	{GlimmerHMM_glimmerT_3612-T1;GlimmerHMM},{Augustus_model.g3118.t1;Augustus}

# EVM prediction: Mode:STANDARD S-ratio: 197.00 19508-20299 orient(+) score(2364.00) noncoding_equivalent(12.00) raw_noncoding(12.00) offset(0.00) 
19508	20299	single+	1	3	{GlimmerHMM_glimmerT_3613-T1;GlimmerHMM}

# EVM prediction: Mode:STANDARD S-ratio: 159.23 20658-22283 orient(+) score(4846.00) noncoding_equivalent(30.43) raw_noncoding(30.43) offset(0.00) 
20658	22283	single+	1	3	{Augustus_model.g3120.t1;Augustus},{GlimmerHMM_glimmerT_3614-T1;GlimmerHMM}

# EVM prediction: Mode:STANDARD S-ratio: 8.49 22322-23844 orient(-) score(4328.00) noncoding_equivalent(509.68) raw_noncoding(515.68) offset(6.00) 
23430	22322	terminal-	5	6	{snap_scaffold_3-snap.485-T1;snap},{GlimmerHMM_glimmerT_3615-T1;GlimmerHMM},{Augustus_model.g3121.t1;Augustus}
23522	23431	INTRON			{snap_scaffold_3-snap.485-T1;snap},{GlimmerHMM_glimmerT_3615-T1;GlimmerHMM},{Augustus_model.g3121.t1;Augustus}
23844	23523	initial-	4	4	{GlimmerHMM_glimmerT_3615-T1;GlimmerHMM}

# EVM prediction: Mode:STANDARD S-ratio: 11.03 25833-26597 orient(+) score(2105.00) noncoding_equivalent(190.92) raw_noncoding(190.92) offset(0.00) 
25833	26597	single+	1	3	{GlimmerHMM_glimmerT_3617-T1;GlimmerHMM}

# EVM prediction: Mode:STANDARD S-ratio: 10000.00 26859-27407 orient(+) score(1647.00) noncoding_equivalent(0.16) raw_noncoding(0.00) offset(0.00) 
26859	27407	single+	1	3	{GlimmerHMM_glimmerT_3618-T1;GlimmerHMM}

# EVM prediction: Mode:STANDARD S-ratio: 4.99 27546-27998 orient(-) score(2259.00) noncoding_equivalent(453.00) raw_noncoding(453.00) offset(0.00) 
27998	27546	single-	4	6	{HiQ_model.g3123.t1;HiQ},{GlimmerHMM_glimmerT_3619-T1;GlimmerHMM}

# EVM prediction: Mode:STANDARD S-ratio: 57.36 28193-28837 orient(-) score(1900.00) noncoding_equivalent(33.13) raw_noncoding(33.13) offset(0.00) 
28837	28193	single-	4	6	{Augustus_model.g3124.t1;Augustus},{GlimmerHMM_glimmerT_3620-T1;GlimmerHMM}

# EVM prediction: Mode:STANDARD S-ratio: 2.01 29105-30448 orient(+) score(2688.00) noncoding_equivalent(1338.22) raw_noncoding(1338.22) offset(0.00) 
29105	30448	single+	1	3	{Augustus_model.g3125.t1;Augustus},{GlimmerHMM_glimmerT_3621-T1;GlimmerHMM}

# EVM prediction: Mode:STANDARD S-ratio: 157.06 31503-32414 orient(+) score(2717.00) noncoding_equivalent(17.30) raw_noncoding(17.30) offset(0.00) 
31503	32414	single+	1	3	{GlimmerHMM_glimmerT_3622-T1;GlimmerHMM},{Augustus_model.g3126.t1;Augustus}

# EVM prediction: Mode:STANDARD S-ratio: 10.10 32514-33038 orient(+) score(1575.00) noncoding_equivalent(156.00) raw_noncoding(162.00) offset(6.00) 
32514	32616	initial+	1	1	{GlimmerHMM_glimmerT_3623-T1;GlimmerHMM},{Augustus_model.g3127.t1;Augustus}
32617	32670	INTRON			{snap_scaffold_3-snap.488-T1;snap},{GlimmerHMM_glimmerT_3623-T1;GlimmerHMM},{Augustus_model.g3127.t1;Augustus}
32671	33038	terminal+	2	3	{snap_scaffold_3-snap.488-T1;snap},{GlimmerHMM_glimmerT_3623-T1;GlimmerHMM},{Augustus_model.g3127.t1;Augustus}

# EVM prediction: Mode:STANDARD S-ratio: 10000.00 33069-36068 orient(-) score(9000.00) noncoding_equivalent(0.90) raw_noncoding(0.00) offset(0.00) 
36068	33069	single-	4	6	{Augustus_model.g3128.t1;Augustus},{GlimmerHMM_glimmerT_3624-T1;GlimmerHMM}

# EVM prediction: Mode:STANDARD S-ratio: 110.68 36526-39987 orient(+) score(10293.00) noncoding_equivalent(93.00) raw_noncoding(93.00) offset(0.00) 
36526	39987	single+	1	3	{Augustus_model.g3129.t1;Augustus},{GlimmerHMM_glimmerT_3625-T1;GlimmerHMM}

# EVM prediction: Mode:STANDARD S-ratio: 25.36 40450-41376 orient(+) score(2721.00) noncoding_equivalent(107.31) raw_noncoding(162.00) offset(54.69) 
40450	40459	initial+	1	1	{GlimmerHMM_glimmerT_3626-T1;GlimmerHMM},{Augustus_model.g3130.t1;Augustus}
40460	40510	INTRON			{GlimmerHMM_glimmerT_3626-T1;GlimmerHMM},{Augustus_model.g3130.t1;Augustus}
40511	41376	terminal+	2	3	{GlimmerHMM_glimmerT_3626-T1;GlimmerHMM},{Augustus_model.g3130.t1;Augustus}

# EVM prediction: Mode:STANDARD S-ratio: 14.44 41469-42317 orient(+) score(2382.00) noncoding_equivalent(165.00) raw_noncoding(165.00) offset(0.00) 
41469	42317	single+	1	3	{GlimmerHMM_glimmerT_3627-T1;GlimmerHMM},{Augustus_model.g3131.t1;Augustus}

# EVM prediction: Mode:STANDARD S-ratio: 10000.00 42532-44373 orient(+) score(5526.00) noncoding_equivalent(0.55) raw_noncoding(0.00) offset(0.00) 
42532	44373	single+	1	3	{Augustus_model.g3132.t1;Augustus},{GlimmerHMM_glimmerT_3628-T1;GlimmerHMM}

# EVM prediction: Mode:STANDARD S-ratio: 146.32 44459-47257 orient(-) score(8340.00) noncoding_equivalent(57.00) raw_noncoding(57.00) offset(0.00) 
47257	44459	single-	4	6	{Augustus_model.g3133.t1;Augustus},{GlimmerHMM_glimmerT_3629-T1;GlimmerHMM}

# EVM prediction: Mode:STANDARD S-ratio: 2.99 47720-49405 orient(+) score(3791.00) noncoding_equivalent(1268.96) raw_noncoding(1268.96) offset(0.00) 
47720	49405	single+	1	3	{GlimmerHMM_glimmerT_3630-T1;GlimmerHMM},{Augustus_model.g3134.t1;Augustus}

# EVM prediction: Mode:STANDARD S-ratio: 1.09 49463-51085 orient(-) score(1999.00) noncoding_equivalent(1832.90) raw_noncoding(2252.97) offset(420.07) 
49861	49463	terminal-	4	6	{GlimmerHMM_glimmerT_3631-T1;GlimmerHMM}
50590	49862	INTRON			{GlimmerHMM_glimmerT_3631-T1;GlimmerHMM}
51085	50591	initial-	4	6	{GlimmerHMM_glimmerT_3631-T1;GlimmerHMM}

# EVM prediction: Mode:STANDARD S-ratio: 263.75 53687-55546 orient(+) score(5557.00) noncoding_equivalent(21.07) raw_noncoding(21.07) offset(0.00) 
53687	55546	single+	1	3	{GlimmerHMM_glimmerT_3633-T1;GlimmerHMM},{Augustus_model.g3135.t1;Augustus}

# EVM prediction: Mode:STANDARD S-ratio: 30.33 55577-56422 orient(-) score(2457.00) noncoding_equivalent(81.00) raw_noncoding(81.00) offset(0.00) 
56422	55577	single-	4	6	{Augustus_model.g3136.t1;Augustus},{GlimmerHMM_glimmerT_3634-T1;GlimmerHMM}

# EVM prediction: Mode:STANDARD S-ratio: 10000.00 56558-58843 orient(-) score(6858.00) noncoding_equivalent(0.69) raw_noncoding(0.00) offset(0.00) 
58843	56558	single-	4	6	{GlimmerHMM_glimmerT_3635-T1;GlimmerHMM},{Augustus_model.g3137.t1;Augustus}

# EVM prediction: Mode:STANDARD S-ratio: 2.00 58973-60778 orient(+) score(3612.00) noncoding_equivalent(1801.84) raw_noncoding(1801.84) offset(0.00) 
58973	60778	single+	1	3	{GlimmerHMM_glimmerT_3636-T1;GlimmerHMM},{Augustus_model.g3138.t1;Augustus}

# EVM prediction: Mode:STANDARD S-ratio: 10000.00 60784-62055 orient(-) score(3816.00) noncoding_equivalent(0.38) raw_noncoding(0.00) offset(0.00) 
62055	60784	single-	4	6	{Augustus_model.g3139.t1;Augustus},{GlimmerHMM_glimmerT_3637-T1;GlimmerHMM}

# EVM prediction: Mode:STANDARD S-ratio: 8.01 62234-63175 orient(-) score(2513.00) noncoding_equivalent(313.69) raw_noncoding(313.69) offset(0.00) 
63175	62234	single-	4	6	{GlimmerHMM_glimmerT_3638-T1;GlimmerHMM},{Augustus_model.g3140.t1;Augustus}

# EVM prediction: Mode:STANDARD S-ratio: 2.00 63343-66522 orient(-) score(6360.00) noncoding_equivalent(3176.33) raw_noncoding(3176.33) offset(0.00) 
66522	63343	single-	4	6	{GlimmerHMM_glimmerT_3639-T1;GlimmerHMM},{Augustus_model.g3141.t1;Augustus}

# EVM prediction: Mode:STANDARD S-ratio: 45.62 66883-68274 orient(+) score(4085.00) noncoding_equivalent(89.55) raw_noncoding(89.55) offset(0.00) 
66883	68274	single+	1	3	{Augustus_model.g3142.t1;Augustus},{GlimmerHMM_glimmerT_3640-T1;GlimmerHMM}

# EVM prediction: Mode:STANDARD S-ratio: 27.31 68394-69931 orient(+) score(4513.00) noncoding_equivalent(165.24) raw_noncoding(235.72) offset(70.48) 
68394	68426	initial+	1	3	{GlimmerHMM_glimmerT_3641-T1;GlimmerHMM},{Augustus_model.g3143.t1;Augustus}
68427	68494	INTRON			{GlimmerHMM_glimmerT_3641-T1;GlimmerHMM},{Augustus_model.g3143.t1;Augustus}
68495	69931	terminal+	1	3	{GlimmerHMM_glimmerT_3641-T1;GlimmerHMM},{snap_scaffold_3-snap.501-T1;snap},{Augustus_model.g3143.t1;Augustus}

# EVM prediction: Mode:STANDARD S-ratio: 10000.00 70700-71584 orient(-) score(2655.00) noncoding_equivalent(0.27) raw_noncoding(0.00) offset(0.00) 
71584	70700	single-	4	6	{GlimmerHMM_glimmerT_3643-T1;GlimmerHMM},{Augustus_model.g3144.t1;Augustus}

# EVM prediction: Mode:STANDARD S-ratio: 4.48 71703-72662 orient(-) score(2353.00) noncoding_equivalent(525.11) raw_noncoding(525.11) offset(0.00) 
72662	71703	single-	4	6	{Augustus_model.g3145.t1;Augustus},{GlimmerHMM_glimmerT_3644-T1;GlimmerHMM}

# EVM prediction: Mode:STANDARD S-ratio: 43.76 74301-75956 orient(-) score(4857.00) noncoding_equivalent(111.00) raw_noncoding(111.00) offset(0.00) 
75956	74301	single-	4	6	{Augustus_model.g3146.t1;Augustus},{GlimmerHMM_glimmerT_3646-T1;GlimmerHMM}

# EVM prediction: Mode:STANDARD S-ratio: 28.50 76152-76802 orient(+) score(1881.00) noncoding_equivalent(66.00) raw_noncoding(66.00) offset(0.00) 
76152	76802	single+	1	3	{Augustus_model.g3147.t1;Augustus},{GlimmerHMM_glimmerT_3647-T1;GlimmerHMM}

# EVM prediction: Mode:STANDARD S-ratio: 10000.00 76931-78157 orient(+) score(3681.00) noncoding_equivalent(0.37) raw_noncoding(0.00) offset(0.00) 
76931	78157	single+	1	3	{GlimmerHMM_glimmerT_3648-T1;GlimmerHMM},{Augustus_model.g3148.t1;Augustus}

# EVM prediction: Mode:STANDARD S-ratio: 293.13 79253-81628 orient(+) score(7103.00) noncoding_equivalent(24.23) raw_noncoding(24.23) offset(0.00) 
79253	81628	single+	1	3	{GlimmerHMM_glimmerT_3649-T1;GlimmerHMM},{Augustus_model.g3149.t1;Augustus}

# EVM prediction: Mode:STANDARD S-ratio: 38.76 81781-83345 orient(+) score(4622.00) noncoding_equivalent(119.24) raw_noncoding(171.73) offset(52.49) 
81781	81803	initial+	1	2	{Augustus_model.g3150.t1;Augustus},{GlimmerHMM_glimmerT_3650-T1;GlimmerHMM}
81804	81853	INTRON			{Augustus_model.g3150.t1;Augustus},{GlimmerHMM_glimmerT_3650-T1;GlimmerHMM}
81854	83345	terminal+	3	3	{Augustus_model.g3150.t1;Augustus},{snap_scaffold_3-snap.506-T1;snap},{GlimmerHMM_glimmerT_3650-T1;GlimmerHMM}

# EVM prediction: Mode:STANDARD S-ratio: 86.77 83391-85118 orient(-) score(5123.00) noncoding_equivalent(59.04) raw_noncoding(59.04) offset(0.00) 
85118	83391	single-	4	6	{GlimmerHMM_glimmerT_3651-T1;GlimmerHMM}

# EVM prediction: Mode:STANDARD S-ratio: 2.01 85489-86154 orient(+) score(1332.00) noncoding_equivalent(664.00) raw_noncoding(664.00) offset(0.00) 
85489	86154	single+	1	3	{GlimmerHMM_glimmerT_3652-T1;GlimmerHMM},{Augustus_model.g3152.t1;Augustus}

# EVM prediction: Mode:STANDARD S-ratio: 284.82 86215-89358 orient(-) score(9399.00) noncoding_equivalent(33.00) raw_noncoding(33.00) offset(0.00) 
89358	86215	single-	4	6	{Augustus_model.g3153.t1;Augustus}

# EVM prediction: Mode:STANDARD S-ratio: 2.00 89576-90919 orient(+) score(2688.00) noncoding_equivalent(1344.00) raw_noncoding(1344.00) offset(0.00) 
89576	90919	single+	1	3	{Augustus_model.g3154.t1;Augustus},{GlimmerHMM_glimmerT_3654-T1;GlimmerHMM}

# EVM prediction: Mode:STANDARD S-ratio: 10000.00 91459-92379 orient(+) score(2763.00) noncoding_equivalent(0.28) raw_noncoding(0.00) offset(0.00) 
91459	92379	single+	1	3	{Augustus_model.g3155.t1;Augustus},{GlimmerHMM_glimmerT_3655-T1;GlimmerHMM}

# EVM prediction: Mode:STANDARD S-ratio: 1252.53 92398-94086 orient(-) score(5061.00) noncoding_equivalent(4.04) raw_noncoding(4.04) offset(0.00) 
94086	92398	single-	4	6	{Augustus_model.g3156.t1;Augustus},{GlimmerHMM_glimmerT_3656-T1;GlimmerHMM}

# EVM prediction: Mode:STANDARD S-ratio: 155.73 94785-98693 orient(-) score(11651.00) noncoding_equivalent(74.82) raw_noncoding(74.82) offset(0.00) 
98693	94785	single-	4	6	{GlimmerHMM_glimmerT_3657-T1;GlimmerHMM},{Augustus_model.g3157.t1;Augustus}

