!! Predictions spanning range 25327 - 97568 [R1]
# EVM prediction: Mode:STANDARD S-ratio: 10000.00 25327-26613 orient(+) score(2572.00) noncoding_equivalent(0.26) raw_noncoding(0.00) offset(0.00) 
25327	26613	single+	1	3	{Augustus_gene394.t1;Augustus}

# EVM prediction: Mode:STANDARD S-ratio: 10000.00 39229-40220 orient(+) score(6133.00) noncoding_equivalent(0.61) raw_noncoding(0.00) offset(0.00) 
39229	39258	initial+	1	3	{Augustus_gene334.t1;Augustus}
39259	39371	INTRON			{Augustus_gene334.t1;Augustus},{ev_type:exonerate/ID=match.111469.694/Target=YBL050W;exonerate}
39372	40220	terminal+	1	3	{Augustus_gene334.t1;Augustus}

# EVM prediction: Mode:STANDARD S-ratio: 10000.00 57485-58210 orient(+) score(3808.00) noncoding_equivalent(0.38) raw_noncoding(0.00) offset(0.00) 
57485	58210	single+	1	3	{Augustus_gene587.t1;Augustus}

# EVM prediction: Mode:STANDARD S-ratio: 10000.00 62540-63199 orient(+) score(3960.00) noncoding_equivalent(0.40) raw_noncoding(0.00) offset(0.00) 
62540	63199	single+	1	3	{Augustus_gene74.t1;Augustus}

# EVM prediction: Mode:STANDARD S-ratio: 10000.00 64760-69927 orient(-) score(23336.00) noncoding_equivalent(2.33) raw_noncoding(0.00) offset(0.00) 
64764	64760	terminal-	5	6	{Augustus_gene336.t1;Augustus}
66167	64765	INTRON			{Augustus_gene336.t1;Augustus}
66180	66168	internal-	4	4	{Augustus_gene336.t1;Augustus}
67833	66181	INTRON			{Augustus_gene336.t1;Augustus}
69927	67834	initial-	4	6	{Augustus_gene336.t1;Augustus}

# EVM prediction: Mode:STANDARD S-ratio: 10000.00 70176-74759 orient(-) score(9168.00) noncoding_equivalent(0.92) raw_noncoding(0.00) offset(0.00) 
70810	70176	terminal-	5	6	{Augustus_gene365.t1;Augustus}
71332	70811	INTRON			{Augustus_gene365.t1;Augustus}
71943	71333	internal-	6	4	{Augustus_gene365.t1;Augustus}
72792	71944	INTRON			{Augustus_gene365.t1;Augustus}
73997	72793	internal-	4	5	{Augustus_gene365.t1;Augustus}
74102	73998	INTRON			{Augustus_gene365.t1;Augustus}
74759	74103	initial-	4	6	{Augustus_gene365.t1;Augustus}

# EVM prediction: Mode:STANDARD S-ratio: 10000.00 75011-76030 orient(-) score(7495.00) noncoding_equivalent(0.75) raw_noncoding(0.00) offset(0.00) 
76030	75011	single-	4	6	{Augustus_gene339.t1;Augustus}

# EVM prediction: Mode:STANDARD S-ratio: 10000.00 88789-90861 orient(+) score(13514.00) noncoding_equivalent(1.35) raw_noncoding(0.00) offset(0.00) 
88789	90861	single+	1	3	{Augustus_gene953.t1;Augustus}

# EVM prediction: Mode:STANDARD S-ratio: 10000.00 94140-97568 orient(-) score(22720.00) noncoding_equivalent(2.27) raw_noncoding(0.00) offset(0.00) 
97568	94140	single-	4	6	{Augustus_gene516.t1;Augustus}

