!! Predictions spanning range 4325 - 96530 [R1]
# EVM prediction: Mode:STANDARD S-ratio: 1108.85 4325-5455 orient(+) score(5624.00) noncoding_equivalent(5.07) raw_noncoding(5.07) offset(0.00) 
4325	5455	single+	1	3	{GlimmerHMM_glimmerT_4548-T1;GlimmerHMM},{Augustus_model.g4198.t1;Augustus}

# EVM prediction: Mode:STANDARD S-ratio: 2.00 6695-7879 orient(-) score(4740.00) noncoding_equivalent(2370.00) raw_noncoding(2370.00) offset(0.00) 
7879	6695	single-	4	6	{GlimmerHMM_glimmerT_4549-T1;GlimmerHMM},{HiQ_model.g4199.t1;HiQ}

# EVM prediction: Mode:STANDARD S-ratio: 10000.00 8442-9401 orient(+) score(3840.00) noncoding_equivalent(0.38) raw_noncoding(0.00) offset(0.00) 
8442	9401	single+	1	3	{GlimmerHMM_glimmerT_4550-T1;GlimmerHMM},{Augustus_model.g4200.t1;Augustus}

# EVM prediction: Mode:STANDARD S-ratio: 2.99 9529-10143 orient(-) score(2766.00) noncoding_equivalent(925.29) raw_noncoding(925.29) offset(0.00) 
10143	9529	single-	4	6	{HiQ_model.g4201.t1;HiQ}

# EVM prediction: Mode:STANDARD S-ratio: 4.68 10670-11584 orient(-) score(4524.00) noncoding_equivalent(966.00) raw_noncoding(966.00) offset(0.00) 
11584	10670	single-	4	6	{HiQ_model.g4202.t1;HiQ},{GlimmerHMM_glimmerT_4552-T1;GlimmerHMM}

# EVM prediction: Mode:STANDARD S-ratio: 4.98 13323-21206 orient(-) score(39393.00) noncoding_equivalent(7911.00) raw_noncoding(7911.00) offset(0.00) 
21206	13323	single-	4	6	{HiQ_model.g4203.t1;HiQ},{GlimmerHMM_glimmerT_4553-T1;GlimmerHMM}

# EVM prediction: Mode:STANDARD S-ratio: 25.85 22222-23409 orient(+) score(4575.00) noncoding_equivalent(177.00) raw_noncoding(177.00) offset(0.00) 
22222	23409	single+	1	3	{Augustus_model.g4204.t1;Augustus},{GlimmerHMM_glimmerT_4554-T1;GlimmerHMM}

# EVM prediction: Mode:STANDARD S-ratio: 3.19 23842-25938 orient(+) score(6291.00) noncoding_equivalent(1969.90) raw_noncoding(1969.90) offset(0.00) 
23842	25938	single+	1	3	{Augustus_model.g4205.t1;Augustus},{GlimmerHMM_glimmerT_4555-T1;GlimmerHMM}

# EVM prediction: Mode:STANDARD S-ratio: 4.99 26454-29114 orient(-) score(13299.00) noncoding_equivalent(2667.05) raw_noncoding(2667.05) offset(0.00) 
29114	26454	single-	4	6	{HiQ_model.g4206.t1;HiQ},{GlimmerHMM_glimmerT_4556-T1;GlimmerHMM}

# EVM prediction: Mode:STANDARD S-ratio: 4.93 29443-32580 orient(-) score(15651.00) noncoding_equivalent(3175.11) raw_noncoding(3175.11) offset(0.00) 
32580	29443	single-	4	6	{GlimmerHMM_glimmerT_4557-T1;GlimmerHMM},{HiQ_model.g4207.t1;HiQ}

# EVM prediction: Mode:STANDARD S-ratio: 4.93 33196-34386 orient(-) score(5940.00) noncoding_equivalent(1206.04) raw_noncoding(1206.04) offset(0.00) 
34386	33196	single-	4	6	{HiQ_model.g4208.t1;HiQ},{GlimmerHMM_glimmerT_4558-T1;GlimmerHMM}

# EVM prediction: Mode:STANDARD S-ratio: 4.33 35454-36369 orient(-) score(3380.00) noncoding_equivalent(781.06) raw_noncoding(1169.48) offset(388.42) 
35969	35454	terminal-	4	6	{GlimmerHMM_glimmerT_4559-T1;GlimmerHMM},{Augustus_model.g4209.t1;Augustus},{snap_scaffold_18-snap.9-T1;snap}
36354	35970	INTRON			{Augustus_model.g4209.t1;Augustus},{snap_scaffold_18-snap.9-T1;snap}
36369	36355	initial-	4	6	{Augustus_model.g4209.t1;Augustus},{snap_scaffold_18-snap.9-T1;snap}

# EVM prediction: Mode:STANDARD S-ratio: 196.71 37332-38369 orient(+) score(4131.00) noncoding_equivalent(21.00) raw_noncoding(21.00) offset(0.00) 
37332	38369	single+	1	3	{Augustus_model.g4210.t1;Augustus},{GlimmerHMM_glimmerT_4560-T1;GlimmerHMM}

# EVM prediction: Mode:STANDARD S-ratio: 4.07 38711-40012 orient(-) score(6270.00) noncoding_equivalent(1542.00) raw_noncoding(1542.00) offset(0.00) 
40012	38711	single-	4	6	{HiQ_model.g4211.t1;HiQ},{GlimmerHMM_glimmerT_4561-T1;GlimmerHMM}

# EVM prediction: Mode:STANDARD S-ratio: 3.57 40389-41037 orient(-) score(2980.00) noncoding_equivalent(834.00) raw_noncoding(975.00) offset(141.00) 
40571	40389	terminal-	4	6	{snap_scaffold_18-snap.12-T1;snap},{HiQ_model.g4212.t1;HiQ}
40653	40572	INTRON			{snap_scaffold_18-snap.12-T1;snap},{HiQ_model.g4212.t1;HiQ},{ev_type:exonerate/ID=match.147026.6120/Target=YLR445W;exonerate}
41037	40654	initial-	4	6	{snap_scaffold_18-snap.12-T1;snap},{HiQ_model.g4212.t1;HiQ}

# EVM prediction: Mode:STANDARD S-ratio: 4.19 41255-42601 orient(-) score(6525.00) noncoding_equivalent(1557.00) raw_noncoding(1557.00) offset(0.00) 
42601	41255	single-	4	6	{HiQ_model.g4213.t1;HiQ}

# EVM prediction: Mode:STANDARD S-ratio: 129.08 42975-45911 orient(+) score(11658.00) noncoding_equivalent(90.31) raw_noncoding(90.31) offset(0.00) 
42975	45911	single+	1	3	{GlimmerHMM_glimmerT_4564-T1;GlimmerHMM}

# EVM prediction: Mode:STANDARD S-ratio: 219.40 46318-47085 orient(+) score(3821.00) noncoding_equivalent(17.42) raw_noncoding(17.42) offset(0.00) 
46318	47085	single+	1	3	{GlimmerHMM_glimmerT_4565-T1;GlimmerHMM}

# EVM prediction: Mode:STANDARD S-ratio: 174.00 47529-49658 orient(+) score(8472.00) noncoding_equivalent(48.69) raw_noncoding(48.69) offset(0.00) 
47529	49658	single+	1	3	{GlimmerHMM_glimmerT_4566-T1;GlimmerHMM},{Augustus_model.g4215.t1;Augustus}

# EVM prediction: Mode:STANDARD S-ratio: 4.63 49778-50737 orient(-) score(4737.00) noncoding_equivalent(1023.00) raw_noncoding(1023.00) offset(0.00) 
50737	49778	single-	4	6	{GlimmerHMM_glimmerT_4567-T1;GlimmerHMM},{HiQ_model.g4216.t1;HiQ}

# EVM prediction: Mode:STANDARD S-ratio: 1.00 51052-51321 orient(+) score(540.00) noncoding_equivalent(540.00) raw_noncoding(540.00) offset(0.00) 
51052	51321	single+	1	3	{GlimmerHMM_glimmerT_4568-T1;GlimmerHMM}

# EVM prediction: Mode:STANDARD S-ratio: 4.92 51455-52729 orient(-) score(6358.00) noncoding_equivalent(1292.35) raw_noncoding(1292.35) offset(0.00) 
52729	51455	single-	4	6	{HiQ_model.g4217.t1;HiQ},{GlimmerHMM_glimmerT_4569-T1;GlimmerHMM}

# EVM prediction: Mode:STANDARD S-ratio: 56.85 53214-53609 orient(+) score(1557.00) noncoding_equivalent(27.39) raw_noncoding(27.39) offset(0.00) 
53214	53609	single+	1	3	{Augustus_model.g4218.t1;Augustus},{GlimmerHMM_glimmerT_4570-T1;GlimmerHMM}

# EVM prediction: Mode:STANDARD S-ratio: 203.00 53986-57810 orient(+) score(15225.00) noncoding_equivalent(75.00) raw_noncoding(75.00) offset(0.00) 
53986	57810	single+	1	3	{GlimmerHMM_glimmerT_4571-T1;GlimmerHMM},{Augustus_model.g4219.t1;Augustus}

# EVM prediction: Mode:STANDARD S-ratio: 4.09 58236-58961 orient(-) score(3414.00) noncoding_equivalent(834.00) raw_noncoding(834.00) offset(0.00) 
58961	58236	single-	4	6	{HiQ_model.g4220.t1;HiQ}

# EVM prediction: Mode:STANDARD S-ratio: 245.22 59224-60885 orient(+) score(6621.00) noncoding_equivalent(27.00) raw_noncoding(27.00) offset(0.00) 
59224	60885	single+	1	3	{Augustus_model.g4221.t1;Augustus},{GlimmerHMM_glimmerT_4573-T1;GlimmerHMM}

# EVM prediction: Mode:STANDARD S-ratio: 7.84 61104-62675 orient(-) score(12629.00) noncoding_equivalent(1611.00) raw_noncoding(1611.00) offset(0.00) 
62675	61104	single-	4	6	{HiQ_model.g4222.t1;HiQ},{GlimmerHMM_glimmerT_4574-T1;GlimmerHMM}

# EVM prediction: Mode:STANDARD S-ratio: 3.94 63526-64887 orient(+) score(4086.00) noncoding_equivalent(1037.34) raw_noncoding(1037.34) offset(0.00) 
63526	64887	single+	1	3	{GlimmerHMM_glimmerT_4575-T1;GlimmerHMM},{Augustus_model.g4223.t1;Augustus}

# EVM prediction: Mode:STANDARD S-ratio: 428.72 65093-71794 orient(-) score(26746.00) noncoding_equivalent(62.39) raw_noncoding(62.39) offset(0.00) 
71794	65093	single-	4	6	{Augustus_model.g4224.t1;Augustus},{GlimmerHMM_glimmerT_4576-T1;GlimmerHMM}

# EVM prediction: Mode:STANDARD S-ratio: 5.00 72496-74451 orient(-) score(9780.00) noncoding_equivalent(1956.00) raw_noncoding(1956.00) offset(0.00) 
74451	72496	single-	4	6	{HiQ_model.g4225.t1;HiQ},{GlimmerHMM_glimmerT_4577-T1;GlimmerHMM}

# EVM prediction: Mode:STANDARD S-ratio: 4.94 74788-76800 orient(-) score(10045.00) noncoding_equivalent(2033.03) raw_noncoding(2033.03) offset(0.00) 
76800	74788	single-	4	6	{HiQ_model.g4226.t1;HiQ}

# EVM prediction: Mode:STANDARD S-ratio: 2.86 77115-78166 orient(-) score(4524.00) noncoding_equivalent(1580.66) raw_noncoding(1788.70) offset(208.04) 
78015	77115	terminal-	6	6	{HiQ_model.g4227.t1;HiQ}
78086	78016	INTRON			{HiQ_model.g4227.t1;HiQ},{ev_type:exonerate/ID=match.147026.1355/Target=YLR426W;exonerate}
78166	78087	initial-	4	5	{HiQ_model.g4227.t1;HiQ}

# EVM prediction: Mode:STANDARD S-ratio: 4.89 78411-82334 orient(-) score(19549.00) noncoding_equivalent(3995.21) raw_noncoding(3995.21) offset(0.00) 
82334	78411	single-	4	6	{GlimmerHMM_glimmerT_4580-T1;GlimmerHMM},{HiQ_model.g4228.t1;HiQ}

# EVM prediction: Mode:STANDARD S-ratio: 4.52 84794-86920 orient(-) score(10452.00) noncoding_equivalent(2310.00) raw_noncoding(2310.00) offset(0.00) 
86920	84794	single-	4	6	{HiQ_model.g4229.t1;HiQ},{GlimmerHMM_glimmerT_4581-T1;GlimmerHMM}

# EVM prediction: Mode:STANDARD S-ratio: 333.40 87145-88398 orient(+) score(5001.00) noncoding_equivalent(15.00) raw_noncoding(15.00) offset(0.00) 
87145	88398	single+	1	3	{GlimmerHMM_glimmerT_4582-T1;GlimmerHMM},{Augustus_model.g4230.t1;Augustus}

# EVM prediction: Mode:STANDARD S-ratio: 4.94 88620-94418 orient(-) score(28941.00) noncoding_equivalent(5853.00) raw_noncoding(5853.00) offset(0.00) 
94418	88620	single-	4	6	{GlimmerHMM_glimmerT_4583-T1;GlimmerHMM},{HiQ_model.g4231.t1;HiQ}

# EVM prediction: Mode:STANDARD S-ratio: 3.00 94761-95225 orient(+) score(1395.00) noncoding_equivalent(465.00) raw_noncoding(465.00) offset(0.00) 
94761	95225	single+	1	3	{Augustus_model.g4232.t1;Augustus}

# EVM prediction: Mode:STANDARD S-ratio: 4.88 95436-96530 orient(-) score(5454.00) noncoding_equivalent(1117.17) raw_noncoding(1117.17) offset(0.00) 
96530	95436	single-	4	6	{HiQ_model.g4233.t1;HiQ},{GlimmerHMM_glimmerT_4585-T1;GlimmerHMM}

