# EVM prediction: Mode:STANDARD S-ratio: 10000.00 23947-25050 orient(-) score(2208.00) noncoding_equivalent(0.22) raw_noncoding(0.00) offset(0.00)
25050	23947	single-	4	6	{Augustus_gene772.t1;Augustus}

# EVM prediction: Mode:STANDARD S-ratio: 10000.00 26711-27094 orient(+) score(768.00) noncoding_equivalent(0.08) raw_noncoding(0.00) offset(0.00)
26711	27094	single+	1	3	{Augustus_gene216.t1;Augustus}

# EVM prediction: Mode:STANDARD S-ratio: 10000.00 30842-32161 orient(-) score(2640.00) noncoding_equivalent(0.26) raw_noncoding(0.00) offset(0.00)
32161	30842	single-	4	6	{Augustus_gene185.t1;Augustus}

# EVM prediction: Mode:STANDARD S-ratio: 10000.00 44915-46039 orient(-) score(2250.00) noncoding_equivalent(0.23) raw_noncoding(0.00) offset(0.00)
46039	44915	single-	4	6	{Augustus_gene11.t1;Augustus}

# EVM prediction: Mode:STANDARD S-ratio: 10000.00 52338-52778 orient(+) score(882.00) noncoding_equivalent(0.09) raw_noncoding(0.00) offset(0.00)
52338	52778	single+	1	3	{Augustus_gene279.t1;Augustus}

# EVM prediction: Mode:STANDARD S-ratio: 10000.00 52860-53261 orient(-) score(804.00) noncoding_equivalent(0.08) raw_noncoding(0.00) offset(0.00)
53261	52860	single-	4	6	{Augustus_gene1203.t1;Augustus}

# EVM prediction: Mode:STANDARD S-ratio: 10000.00 82128-85163 orient(+) score(6072.00) noncoding_equivalent(0.61) raw_noncoding(0.00) offset(0.00)
82128	85163	single+	1	3	{Augustus_gene810.t1;Augustus}

# EVM prediction: Mode:STANDARD S-ratio: 10000.00 91392-92276 orient(-) score(1770.00) noncoding_equivalent(0.18) raw_noncoding(0.00) offset(0.00)
92276	91392	single-	4	6	{Augustus_gene404.t1;Augustus}

# EVM prediction: Mode:STANDARD S-ratio: 10000.00 94305-94931 orient(+) score(1254.00) noncoding_equivalent(0.13) raw_noncoding(0.00) offset(0.00)
94305	94931	single+	1	3	{Augustus_gene21.t1;Augustus}

# EVM prediction: Mode:STANDARD S-ratio: 10000.00 95173-95862 orient(+) score(1380.00) noncoding_equivalent(0.14) raw_noncoding(0.00) offset(0.00)
95173	95862	single+	1	3	{Augustus_gene665.t1;Augustus}

# EVM prediction: Mode:STANDARD S-ratio: 10000.00 98607-100532 orient(-) score(3852.00) noncoding_equivalent(0.39) raw_noncoding(0.00) offset(0.00)
100532	98607	single-	4	6	{Augustus_gene1176.t1;Augustus}

# EVM prediction: Mode:STANDARD S-ratio: 10000.00 109015-110916 orient(-) score(3804.00) noncoding_equivalent(0.38) raw_noncoding(0.00) offset(0.00)
110916	109015	single-	4	6	{Augustus_gene865.t1;Augustus}

# EVM prediction: Mode:STANDARD S-ratio: 10000.00 117436-118845 orient(+) score(2820.00) noncoding_equivalent(0.28) raw_noncoding(0.00) offset(0.00)
117436	118845	single+	1	3	{Augustus_gene1110.t1;Augustus}

# EVM prediction: Mode:STANDARD S-ratio: 10000.00 119117-119968 orient(-) score(1704.00) noncoding_equivalent(0.17) raw_noncoding(0.00) offset(0.00)
119968	119117	single-	4	6	{Augustus_gene667.t1;Augustus}

# EVM prediction: Mode:STANDARD S-ratio: 10000.00 124595-125269 orient(+) score(1350.00) noncoding_equivalent(0.14) raw_noncoding(0.00) offset(0.00)
124595	125269	single+	1	3	{Augustus_gene1075.t1;Augustus}

# EVM prediction: Mode:STANDARD S-ratio: 10000.00 128721-129959 orient(+) score(2478.00) noncoding_equivalent(0.25) raw_noncoding(0.00) offset(0.00)
128721	129959	single+	1	3	{Augustus_gene898.t1;Augustus}

# EVM prediction: Mode:STANDARD S-ratio: 10000.00 138518-139483 orient(-) score(1932.00) noncoding_equivalent(0.19) raw_noncoding(0.00) offset(0.00)
139483	138518	single-	4	6	{Augustus_gene614.t1;Augustus}

# EVM prediction: Mode:STANDARD S-ratio: 10000.00 158397-160370 orient(-) score(3948.00) noncoding_equivalent(0.39) raw_noncoding(0.00) offset(0.00)
160370	158397	single-	4	6	{Augustus_gene871.t1;Augustus}

# EVM prediction: Mode:STANDARD S-ratio: 10000.00 190080-191684 orient(-) score(3210.00) noncoding_equivalent(0.32) raw_noncoding(0.00) offset(0.00)
191684	190080	single-	4	6	{Augustus_gene1064.t1;Augustus}

# EVM prediction: Mode:STANDARD S-ratio: 10000.00 197622-198446 orient(+) score(1650.00) noncoding_equivalent(0.17) raw_noncoding(0.00) offset(0.00)
197622	198446	single+	1	3	{Augustus_gene206.t1;Augustus}

# EVM prediction: Mode:STANDARD S-ratio: 10000.00 218302-220200 orient(-) score(3798.00) noncoding_equivalent(0.38) raw_noncoding(0.00) offset(0.00)
220200	218302	single-	4	6	{Augustus_gene178.t1;Augustus}

# EVM prediction: Mode:STANDARD S-ratio: 10000.00 222362-224923 orient(-) score(5124.00) noncoding_equivalent(0.51) raw_noncoding(0.00) offset(0.00)
224923	222362	single-	4	6	{Augustus_gene358.t1;Augustus}

# EVM prediction: Mode:STANDARD S-ratio: 10000.00 234482-235126 orient(+) score(1290.00) noncoding_equivalent(0.13) raw_noncoding(0.00) offset(0.00)
234482	235126	single+	1	3	{Augustus_gene704.t1;Augustus}

# EVM prediction: Mode:STANDARD S-ratio: 10000.00 235403-239272 orient(+) score(7740.00) noncoding_equivalent(0.77) raw_noncoding(0.00) offset(0.00)
235403	239272	single+	1	3	{Augustus_gene753.t1;Augustus}

# EVM prediction: Mode:STANDARD S-ratio: 10000.00 244907-245698 orient(-) score(1584.00) noncoding_equivalent(0.16) raw_noncoding(0.00) offset(0.00)
245698	244907	single-	4	6	{Augustus_gene991.t1;Augustus}

# EVM prediction: Mode:STANDARD S-ratio: 10000.00 246174-246689 orient(+) score(1032.00) noncoding_equivalent(0.10) raw_noncoding(0.00) offset(0.00)
246174	246689	single+	1	3	{Augustus_gene284.t1;Augustus}

# EVM prediction: Mode:STANDARD S-ratio: 10000.00 251258-252280 orient(-) score(2046.00) noncoding_equivalent(0.20) raw_noncoding(0.00) offset(0.00)
252280	251258	single-	4	6	{Augustus_gene675.t1;Augustus}

# EVM prediction: Mode:STANDARD S-ratio: 10000.00 253946-254947 orient(-) score(2004.00) noncoding_equivalent(0.20) raw_noncoding(0.00) offset(0.00)
254947	253946	single-	4	6	{Augustus_gene893.t1;Augustus}

# EVM prediction: Mode:STANDARD S-ratio: 10000.00 262078-264653 orient(-) score(5152.00) noncoding_equivalent(0.52) raw_noncoding(0.00) offset(0.00)
263200	262078	terminal-	6	6	{Augustus_gene959.t1;Augustus}
264078	263201	INTRON			{Augustus_gene959.t1;Augustus}
264653	264079	initial-	4	5	{Augustus_gene959.t1;Augustus}

# EVM prediction: Mode:STANDARD S-ratio: 10000.00 271715-273163 orient(-) score(2898.00) noncoding_equivalent(0.29) raw_noncoding(0.00) offset(0.00)
273163	271715	single-	4	6	{Augustus_gene151.t1;Augustus}

# EVM prediction: Mode:STANDARD S-ratio: 10000.00 294439-294744 orient(-) score(612.00) noncoding_equivalent(0.06) raw_noncoding(0.00) offset(0.00)
294744	294439	single-	4	6	{Augustus_gene727.t1;Augustus}

# EVM prediction: Mode:STANDARD S-ratio: 10000.00 295052-296533 orient(-) score(2964.00) noncoding_equivalent(0.30) raw_noncoding(0.00) offset(0.00)
296533	295052	single-	4	6	{Augustus_gene58.t1;Augustus}

# EVM prediction: Mode:STANDARD S-ratio: 10000.00 300027-300599 orient(-) score(1146.00) noncoding_equivalent(0.11) raw_noncoding(0.00) offset(0.00)
300599	300027	single-	4	6	{Augustus_gene963.t1;Augustus}

# EVM prediction: Mode:STANDARD S-ratio: 10000.00 301208-302245 orient(+) score(2076.00) noncoding_equivalent(0.21) raw_noncoding(0.00) offset(0.00)
301208	302245	single+	1	3	{Augustus_gene423.t1;Augustus}

# EVM prediction: Mode:STANDARD S-ratio: 10000.00 311051-312937 orient(+) score(3774.00) noncoding_equivalent(0.38) raw_noncoding(0.00) offset(0.00)
311051	312937	single+	1	3	{Augustus_gene930.t1;Augustus}

# EVM prediction: Mode:STANDARD S-ratio: 10000.00 313224-314591 orient(+) score(2736.00) noncoding_equivalent(0.27) raw_noncoding(0.00) offset(0.00)
313224	314591	single+	1	3	{Augustus_gene347.t1;Augustus}

# EVM prediction: Mode:STANDARD S-ratio: 10000.00 321175-322026 orient(+) score(1704.00) noncoding_equivalent(0.17) raw_noncoding(0.00) offset(0.00)
321175	322026	single+	1	3	{Augustus_gene1148.t1;Augustus}

# EVM prediction: Mode:STANDARD S-ratio: 10000.00 322554-325502 orient(+) score(5898.00) noncoding_equivalent(0.59) raw_noncoding(0.00) offset(0.00)
322554	325502	single+	1	3	{Augustus_gene853.t1;Augustus}

# EVM prediction: Mode:STANDARD S-ratio: 10000.00 331547-332689 orient(-) score(2286.00) noncoding_equivalent(0.23) raw_noncoding(0.00) offset(0.00)
332689	331547	single-	4	6	{Augustus_gene1090.t1;Augustus}

