!! Predictions spanning range 2933 - 93366 [R1]
# EVM prediction: Mode:STANDARD S-ratio: 10000.00 2933-5236 orient(+) score(4608.00) noncoding_equivalent(0.46) raw_noncoding(0.00) offset(0.00) 
2933	5236	single+	1	3	{Augustus_gene1187.t1;Augustus}

# EVM prediction: Mode:STANDARD S-ratio: 10000.00 5627-7150 orient(-) score(3048.00) noncoding_equivalent(0.30) raw_noncoding(0.00) offset(0.00) 
7150	5627	single-	4	6	{Augustus_gene542.t1;Augustus}

# EVM prediction: Mode:STANDARD S-ratio: 10000.00 14890-16591 orient(-) score(3404.00) noncoding_equivalent(0.34) raw_noncoding(0.00) offset(0.00) 
16513	14890	terminal-	6	6	{Augustus_gene503.t1;Augustus}
16571	16514	INTRON			{Augustus_gene503.t1;Augustus}
16591	16572	initial-	4	5	{Augustus_gene503.t1;Augustus}

# EVM prediction: Mode:STANDARD S-ratio: 10000.00 19156-20820 orient(+) score(3330.00) noncoding_equivalent(0.33) raw_noncoding(0.00) offset(0.00) 
19156	20820	single+	1	3	{Augustus_gene523.t1;Augustus}

# EVM prediction: Mode:STANDARD S-ratio: 10000.00 26751-28286 orient(+) score(3072.00) noncoding_equivalent(0.31) raw_noncoding(0.00) offset(0.00) 
26751	28286	single+	1	3	{Augustus_gene241.t1;Augustus}

# EVM prediction: Mode:STANDARD S-ratio: 10000.00 41903-42292 orient(-) score(780.00) noncoding_equivalent(0.08) raw_noncoding(0.00) offset(0.00) 
42292	41903	single-	4	6	{Augustus_gene960.t1;Augustus}

# EVM prediction: Mode:STANDARD S-ratio: 10000.00 50289-52052 orient(-) score(3528.00) noncoding_equivalent(0.35) raw_noncoding(0.00) offset(0.00) 
52052	50289	single-	4	6	{Augustus_gene910.t1;Augustus}

# EVM prediction: Mode:STANDARD S-ratio: 10000.00 72989-73312 orient(-) score(648.00) noncoding_equivalent(0.06) raw_noncoding(0.00) offset(0.00) 
73312	72989	single-	4	6	{Augustus_gene450.t1;Augustus}

# EVM prediction: Mode:STANDARD S-ratio: 10000.00 79295-80188 orient(+) score(1788.00) noncoding_equivalent(0.18) raw_noncoding(0.00) offset(0.00) 
79295	80188	single+	1	3	{Augustus_gene611.t1;Augustus}

# EVM prediction: Mode:STANDARD S-ratio: 10000.00 87148-91265 orient(+) score(8236.00) noncoding_equivalent(0.82) raw_noncoding(0.00) offset(0.00) 
87148	87540	initial+	1	3	{Augustus_gene249.t1;Augustus}
87541	87633	INTRON			{Augustus_gene249.t1;Augustus}
87634	87822	internal+	1	3	{Augustus_gene249.t1;Augustus}
87823	90512	INTRON			{Augustus_gene249.t1;Augustus}
90513	90540	internal+	1	1	{Augustus_gene249.t1;Augustus}
90541	90669	INTRON			{Augustus_gene249.t1;Augustus}
90670	90729	internal+	2	1	{Augustus_gene249.t1;Augustus}
90730	90834	INTRON			{Augustus_gene249.t1;Augustus}
90835	90859	internal+	2	2	{Augustus_gene249.t1;Augustus}
90860	90941	INTRON			{Augustus_gene249.t1;Augustus}
90942	91118	internal+	3	2	{Augustus_gene249.t1;Augustus}
91119	91164	INTRON			{Augustus_gene249.t1;Augustus}
91165	91190	internal+	3	1	{Augustus_gene249.t1;Augustus}
91191	91233	INTRON			{Augustus_gene249.t1;Augustus}
91234	91265	terminal+	2	3	{Augustus_gene249.t1;Augustus}

# EVM prediction: Mode:STANDARD S-ratio: 10000.00 91432-93366 orient(-) score(3870.00) noncoding_equivalent(0.39) raw_noncoding(0.00) offset(0.00) 
93366	91432	single-	4	6	{Augustus_gene560.t1;Augustus}

