!! Predictions spanning range 3527 - 97502 [R1]
# EVM prediction: Mode:STANDARD S-ratio: 10.90 3527-4836 orient(-) score(3541.00) noncoding_equivalent(324.92) raw_noncoding(450.00) offset(125.08) 
3596	3527	internal-	6	6	{Augustus_model.g2190.t1;Augustus}
3661	3597	INTRON			{Augustus_model.g2190.t1;Augustus}
4836	3662	initial-	4	5	{Augustus_model.g2190.t1;Augustus}

# EVM prediction: Mode:STANDARD S-ratio: 28.21 5044-7818 orient(-) score(7852.00) noncoding_equivalent(278.37) raw_noncoding(636.00) offset(357.63) 
7340	5044	terminal-	5	6	{Augustus_model.g2191.t1;Augustus}
7529	7341	INTRON			{Augustus_model.g2191.t1;Augustus}
7818	7530	initial-	4	4	{Augustus_model.g2191.t1;Augustus}

# EVM prediction: Mode:STANDARD S-ratio: 2.01 8079-9470 orient(-) score(2784.00) noncoding_equivalent(1385.46) raw_noncoding(1385.46) offset(0.00) 
9470	8079	single-	4	6	{GlimmerHMM_glimmerT_2527-T1;GlimmerHMM},{Augustus_model.g2192.t1;Augustus}

# EVM prediction: Mode:STANDARD S-ratio: 50.91 9739-12066 orient(+) score(6848.00) noncoding_equivalent(134.51) raw_noncoding(134.51) offset(0.00) 
9739	12066	single+	1	3	{Augustus_model.g2193.t1;Augustus},{GlimmerHMM_glimmerT_2528-T1;GlimmerHMM}

# EVM prediction: Mode:STANDARD S-ratio: 1.92 12870-13913 orient(-) score(2059.00) noncoding_equivalent(1072.20) raw_noncoding(1072.20) offset(0.00) 
13913	12870	single-	4	6	{GlimmerHMM_glimmerT_2530-T1;GlimmerHMM}

# EVM prediction: Mode:STANDARD S-ratio: 2662.19 14520-18974 orient(+) score(13358.00) noncoding_equivalent(5.02) raw_noncoding(5.02) offset(0.00) 
14520	18974	single+	1	3	{GlimmerHMM_glimmerT_2531-T1;GlimmerHMM},{Augustus_model.g2195.t1;Augustus}

# EVM prediction: Mode:STANDARD S-ratio: 54.15 19204-19503 orient(+) score(882.00) noncoding_equivalent(16.29) raw_noncoding(16.29) offset(0.00) 
19204	19503	single+	1	3	{GlimmerHMM_glimmerT_2532-T1;GlimmerHMM},{Augustus_model.g2196.t1;Augustus}

# EVM prediction: Mode:STANDARD S-ratio: 10000.00 19924-27090 orient(+) score(21501.00) noncoding_equivalent(2.15) raw_noncoding(0.00) offset(0.00) 
19924	27090	single+	1	3	{GlimmerHMM_glimmerT_2533-T1;GlimmerHMM},{Augustus_model.g2197.t1;Augustus}

# EVM prediction: Mode:STANDARD S-ratio: 48.71 27117-29531 orient(-) score(7163.00) noncoding_equivalent(147.05) raw_noncoding(147.05) offset(0.00) 
29531	27117	single-	4	6	{Augustus_model.g2198.t1;Augustus},{GlimmerHMM_glimmerT_2534-T1;GlimmerHMM}

# EVM prediction: Mode:STANDARD S-ratio: 4.93 29940-32177 orient(+) score(6560.00) noncoding_equivalent(1330.31) raw_noncoding(1330.31) offset(0.00) 
29940	32177	single+	1	3	{GlimmerHMM_glimmerT_2535-T1;GlimmerHMM}

# EVM prediction: Mode:STANDARD S-ratio: 10000.00 32433-37148 orient(+) score(14148.00) noncoding_equivalent(1.41) raw_noncoding(0.00) offset(0.00) 
32433	37148	single+	1	3	{GlimmerHMM_glimmerT_2536-T1;GlimmerHMM}

# EVM prediction: Mode:STANDARD S-ratio: 10000.00 37216-38406 orient(-) score(3564.00) noncoding_equivalent(0.36) raw_noncoding(0.00) offset(0.00) 
38406	37216	single-	4	6	{Augustus_model.g2200.t1;Augustus},{GlimmerHMM_glimmerT_2537-T1;GlimmerHMM}

# EVM prediction: Mode:STANDARD S-ratio: 116.69 38936-39766 orient(+) score(2470.00) noncoding_equivalent(21.17) raw_noncoding(21.17) offset(0.00) 
38936	39766	single+	1	3	{Augustus_model.g2201.t1;Augustus},{GlimmerHMM_glimmerT_2538-T1;GlimmerHMM}

# EVM prediction: Mode:STANDARD S-ratio: 10000.00 39822-41888 orient(-) score(6201.00) noncoding_equivalent(0.62) raw_noncoding(0.00) offset(0.00) 
41888	39822	single-	4	6	{GlimmerHMM_glimmerT_2539-T1;GlimmerHMM},{Augustus_model.g2202.t1;Augustus}

# EVM prediction: Mode:STANDARD S-ratio: 121.22 42239-43267 orient(-) score(3060.00) noncoding_equivalent(25.24) raw_noncoding(25.24) offset(0.00) 
43267	42239	single-	4	6	{Augustus_model.g2203.t1;Augustus},{GlimmerHMM_glimmerT_2540-T1;GlimmerHMM}

# EVM prediction: Mode:STANDARD S-ratio: 1.63 43987-44324 orient(+) score(663.00) noncoding_equivalent(406.13) raw_noncoding(467.13) offset(61.00) 
43987	44087	initial+	1	2	{GlimmerHMM_glimmerT_2541-T1;GlimmerHMM}
44088	44146	INTRON			{snap_scaffold_2-snap.654-T1;snap},{GlimmerHMM_glimmerT_2541-T1;GlimmerHMM}
44147	44324	terminal+	3	3	{snap_scaffold_2-snap.654-T1;snap},{GlimmerHMM_glimmerT_2541-T1;GlimmerHMM}

# EVM prediction: Mode:STANDARD S-ratio: 110.57 44409-45233 orient(-) score(2451.00) noncoding_equivalent(22.17) raw_noncoding(22.17) offset(0.00) 
45233	44409	single-	4	6	{GlimmerHMM_glimmerT_2542-T1;GlimmerHMM},{Augustus_model.g2204.t1;Augustus}

# EVM prediction: Mode:STANDARD S-ratio: 1.53 45371-46036 orient(-) score(1208.00) noncoding_equivalent(789.09) raw_noncoding(789.09) offset(0.00) 
46036	45371	single-	4	6	{GlimmerHMM_glimmerT_2543-T1;GlimmerHMM}

# EVM prediction: Mode:STANDARD S-ratio: 27.56 46939-47709 orient(-) score(2232.00) noncoding_equivalent(81.00) raw_noncoding(81.00) offset(0.00) 
47709	46939	single-	4	6	{Augustus_model.g2205.t1;Augustus},{GlimmerHMM_glimmerT_2544-T1;GlimmerHMM}

# EVM prediction: Mode:STANDARD S-ratio: 78.42 47877-48860 orient(-) score(2913.00) noncoding_equivalent(37.15) raw_noncoding(37.15) offset(0.00) 
48860	47877	single-	4	6	{GlimmerHMM_glimmerT_2545-T1;GlimmerHMM},{Augustus_model.g2206.t1;Augustus}

# EVM prediction: Mode:STANDARD S-ratio: 11.05 49685-51282 orient(-) score(4304.00) noncoding_equivalent(389.66) raw_noncoding(550.97) offset(161.31) 
50846	49685	terminal-	6	6	{GlimmerHMM_glimmerT_2546-T1;GlimmerHMM},{Augustus_model.g2207.t1;Augustus}
50944	50847	INTRON			{GlimmerHMM_glimmerT_2546-T1;GlimmerHMM}
51282	50945	initial-	4	5	{GlimmerHMM_glimmerT_2546-T1;GlimmerHMM}

# EVM prediction: Mode:STANDARD S-ratio: 13.93 51380-52300 orient(-) score(2579.00) noncoding_equivalent(185.15) raw_noncoding(185.15) offset(0.00) 
52300	51380	single-	4	6	{GlimmerHMM_glimmerT_2547-T1;GlimmerHMM}

# EVM prediction: Mode:STANDARD S-ratio: 28.12 53609-55879 orient(+) score(6579.00) noncoding_equivalent(234.00) raw_noncoding(234.00) offset(0.00) 
53609	55879	single+	1	3	{GlimmerHMM_glimmerT_2548-T1;GlimmerHMM},{Augustus_model.g2208.t1;Augustus}

# EVM prediction: Mode:STANDARD S-ratio: 10000.00 55890-57473 orient(-) score(4752.00) noncoding_equivalent(0.48) raw_noncoding(0.00) offset(0.00) 
57473	55890	single-	4	6	{Augustus_model.g2209.t1;Augustus},{GlimmerHMM_glimmerT_2549-T1;GlimmerHMM}

# EVM prediction: Mode:STANDARD S-ratio: 2.01 57878-58753 orient(+) score(1752.00) noncoding_equivalent(871.24) raw_noncoding(871.24) offset(0.00) 
57878	58753	single+	1	3	{Augustus_model.g2210.t1;Augustus},{GlimmerHMM_glimmerT_2550-T1;GlimmerHMM}

# EVM prediction: Mode:STANDARD S-ratio: 304.68 58946-61114 orient(+) score(6486.00) noncoding_equivalent(21.29) raw_noncoding(21.29) offset(0.00) 
58946	61114	single+	1	3	{Augustus_model.g2211.t1;Augustus},{GlimmerHMM_glimmerT_2551-T1;GlimmerHMM}

# EVM prediction: Mode:STANDARD S-ratio: 10000.00 61245-61811 orient(+) score(1701.00) noncoding_equivalent(0.17) raw_noncoding(0.00) offset(0.00) 
61245	61811	single+	1	3	{GlimmerHMM_glimmerT_2552-T1;GlimmerHMM},{Augustus_model.g2212.t1;Augustus}

# EVM prediction: Mode:STANDARD S-ratio: 456.00 61885-62343 orient(-) score(1368.00) noncoding_equivalent(3.00) raw_noncoding(3.00) offset(0.00) 
62343	61885	single-	4	6	{Augustus_model.g2213.t1;Augustus}

# EVM prediction: Mode:STANDARD S-ratio: 15.30 62622-64365 orient(-) score(5018.00) noncoding_equivalent(328.00) raw_noncoding(369.00) offset(41.00) 
63754	62622	terminal-	5	6	{Augustus_model.g2214.t1;Augustus},{GlimmerHMM_glimmerT_2554-T1;GlimmerHMM}
63872	63755	INTRON			{Augustus_model.g2214.t1;Augustus},{GlimmerHMM_glimmerT_2554-T1;GlimmerHMM}
64365	63873	initial-	4	4	{GlimmerHMM_glimmerT_2554-T1;GlimmerHMM}

# EVM prediction: Mode:STANDARD S-ratio: 12.50 66886-67848 orient(+) score(2675.00) noncoding_equivalent(214.06) raw_noncoding(214.06) offset(0.00) 
66886	67848	single+	1	3	{GlimmerHMM_glimmerT_2555-T1;GlimmerHMM},{Augustus_model.g2215.t1;Augustus}

# EVM prediction: Mode:STANDARD S-ratio: 117.59 68186-69103 orient(+) score(2731.00) noncoding_equivalent(23.23) raw_noncoding(23.23) offset(0.00) 
68186	69103	single+	1	3	{GlimmerHMM_glimmerT_2556-T1;GlimmerHMM},{Augustus_model.g2216.t1;Augustus}

# EVM prediction: Mode:STANDARD S-ratio: 10000.00 69292-69942 orient(+) score(1953.00) noncoding_equivalent(0.20) raw_noncoding(0.00) offset(0.00) 
69292	69942	single+	1	3	{GlimmerHMM_glimmerT_2557-T1;GlimmerHMM},{Augustus_model.g2217.t1;Augustus}

# EVM prediction: Mode:STANDARD S-ratio: 7.48 70013-71301 orient(-) score(3370.00) noncoding_equivalent(450.43) raw_noncoding(543.05) offset(92.63) 
71073	70013	terminal-	5	6	{snap_scaffold_2-snap.665-T1;snap},{GlimmerHMM_glimmerT_2558-T1;GlimmerHMM}
71120	71074	INTRON			{GlimmerHMM_glimmerT_2558-T1;GlimmerHMM}
71301	71121	initial-	4	4	{GlimmerHMM_glimmerT_2558-T1;GlimmerHMM}

# EVM prediction: Mode:STANDARD S-ratio: 10000.00 73242-74270 orient(+) score(3087.00) noncoding_equivalent(0.31) raw_noncoding(0.00) offset(0.00) 
73242	74270	single+	1	3	{Augustus_model.g2219.t1;Augustus},{GlimmerHMM_glimmerT_2560-T1;GlimmerHMM}

# EVM prediction: Mode:STANDARD S-ratio: 10000.00 74465-75877 orient(+) score(4233.00) noncoding_equivalent(0.42) raw_noncoding(0.00) offset(0.00) 
74465	75877	single+	1	3	{GlimmerHMM_glimmerT_2561-T1;GlimmerHMM},{Augustus_model.g2220.t1;Augustus}

# EVM prediction: Mode:STANDARD S-ratio: 90.05 76011-77954 orient(-) score(5763.00) noncoding_equivalent(64.00) raw_noncoding(64.00) offset(0.00) 
77954	76011	single-	4	6	{GlimmerHMM_glimmerT_2562-T1;GlimmerHMM},{Augustus_model.g2221.t1;Augustus}

# EVM prediction: Mode:STANDARD S-ratio: 2.01 78380-78973 orient(-) score(1188.00) noncoding_equivalent(592.00) raw_noncoding(592.00) offset(0.00) 
78973	78380	single-	4	6	{GlimmerHMM_glimmerT_2563-T1;GlimmerHMM},{Augustus_model.g2222.t1;Augustus}

# EVM prediction: Mode:STANDARD S-ratio: 20.54 79379-81535 orient(+) score(6168.00) noncoding_equivalent(300.30) raw_noncoding(300.30) offset(0.00) 
79379	81535	single+	1	3	{Augustus_model.g2223.t1;Augustus}

# EVM prediction: Mode:STANDARD S-ratio: 9.00 81557-82735 orient(-) score(3171.00) noncoding_equivalent(352.15) raw_noncoding(380.20) offset(28.05) 
82711	81557	terminal-	4	6	{snap_scaffold_2-snap.670-T1;snap}
82726	82712	INTRON			{snap_scaffold_2-snap.670-T1;snap}
82735	82727	initial-	4	6	{snap_scaffold_2-snap.670-T1;snap}

# EVM prediction: Mode:STANDARD S-ratio: 1.63 82754-83968 orient(-) score(2259.00) noncoding_equivalent(1386.72) raw_noncoding(1386.72) offset(0.00) 
83968	82754	single-	4	6	{GlimmerHMM_glimmerT_2566-T1;GlimmerHMM}

# EVM prediction: Mode:STANDARD S-ratio: 10000.00 84518-89458 orient(+) score(14823.00) noncoding_equivalent(1.48) raw_noncoding(0.00) offset(0.00) 
84518	89458	single+	1	3	{Augustus_model.g2225.t1;Augustus},{GlimmerHMM_glimmerT_2567-T1;GlimmerHMM}

# EVM prediction: Mode:STANDARD S-ratio: 11.87 89608-91074 orient(+) score(4059.00) noncoding_equivalent(342.00) raw_noncoding(342.00) offset(0.00) 
89608	91074	single+	1	3	{GlimmerHMM_glimmerT_2568-T1;GlimmerHMM}

# EVM prediction: Mode:STANDARD S-ratio: 1.39 91108-91950 orient(+) score(1471.00) noncoding_equivalent(1058.84) raw_noncoding(1058.84) offset(0.00) 
91108	91950	single+	1	3	{GlimmerHMM_glimmerT_2569-T1;GlimmerHMM}

# EVM prediction: Mode:STANDARD S-ratio: 107.30 92215-93483 orient(+) score(3770.00) noncoding_equivalent(35.14) raw_noncoding(35.14) offset(0.00) 
92215	93483	single+	1	3	{GlimmerHMM_glimmerT_2570-T1;GlimmerHMM}

# EVM prediction: Mode:STANDARD S-ratio: 174.12 95511-97502 orient(+) score(5940.00) noncoding_equivalent(34.11) raw_noncoding(34.11) offset(0.00) 
95511	97502	single+	1	3	{Augustus_model.g2227.t1;Augustus},{GlimmerHMM_glimmerT_2573-T1;GlimmerHMM}

