!! Predictions spanning range 2410 - 97975 [R1]
# EVM prediction: Mode:STANDARD S-ratio: 128.33 2410-3579 orient(+) score(4620.00) noncoding_equivalent(36.00) raw_noncoding(36.00) offset(0.00) 
2410	3579	single+	1	3	{GlimmerHMM_glimmerT_3715-T1;GlimmerHMM}

# EVM prediction: Mode:STANDARD S-ratio: 4.94 3756-10457 orient(-) score(33444.00) noncoding_equivalent(6768.00) raw_noncoding(6768.00) offset(0.00) 
10457	3756	single-	4	6	{HiQ_model.g3286.t1;HiQ},{GlimmerHMM_glimmerT_3716-T1;GlimmerHMM}

# EVM prediction: Mode:STANDARD S-ratio: 10000.00 12122-12811 orient(+) score(2718.00) noncoding_equivalent(0.27) raw_noncoding(0.00) offset(0.00) 
12122	12811	single+	1	3	{GlimmerHMM_glimmerT_3717-T1;GlimmerHMM},{Augustus_model.g3287.t1;Augustus}

# EVM prediction: Mode:STANDARD S-ratio: 671.11 13447-14121 orient(+) score(2694.00) noncoding_equivalent(4.01) raw_noncoding(4.01) offset(0.00) 
13447	14121	single+	1	3	{GlimmerHMM_glimmerT_3718-T1;GlimmerHMM},{Augustus_model.g3288.t1;Augustus}

# EVM prediction: Mode:STANDARD S-ratio: 102.68 14506-16464 orient(+) score(7701.00) noncoding_equivalent(75.00) raw_noncoding(75.00) offset(0.00) 
14506	16464	single+	1	3	{Augustus_model.g3289.t1;Augustus},{GlimmerHMM_glimmerT_3719-T1;GlimmerHMM}

# EVM prediction: Mode:STANDARD S-ratio: 2.00 16599-17282 orient(-) score(1368.00) noncoding_equivalent(684.00) raw_noncoding(684.00) offset(0.00) 
17282	16599	single-	4	6	{GlimmerHMM_glimmerT_3720-T1;GlimmerHMM},{Augustus_model.g3290.t1;Augustus}

# EVM prediction: Mode:STANDARD S-ratio: 16.61 17549-18763 orient(+) score(4584.00) noncoding_equivalent(276.00) raw_noncoding(276.00) offset(0.00) 
17549	18763	single+	1	3	{Augustus_model.g3291.t1;Augustus},{GlimmerHMM_glimmerT_3721-T1;GlimmerHMM}

# EVM prediction: Mode:STANDARD S-ratio: 2.00 18964-19383 orient(-) score(840.00) noncoding_equivalent(420.00) raw_noncoding(420.00) offset(0.00) 
19383	18964	single-	4	6	{Augustus_model.g3292.t1;Augustus},{GlimmerHMM_glimmerT_3722-T1;GlimmerHMM}

# EVM prediction: Mode:STANDARD S-ratio: 46.05 19622-21322 orient(+) score(4995.00) noncoding_equivalent(108.48) raw_noncoding(108.48) offset(0.00) 
19622	21322	single+	1	3	{GlimmerHMM_glimmerT_3723-T1;GlimmerHMM}

# EVM prediction: Mode:STANDARD S-ratio: 3.66 21618-22150 orient(+) score(1324.00) noncoding_equivalent(361.36) raw_noncoding(453.00) offset(91.64) 
21618	21807	initial+	1	1	{GlimmerHMM_glimmerT_3724-T1;GlimmerHMM}
21808	21896	INTRON			{GlimmerHMM_glimmerT_3724-T1;GlimmerHMM},{Augustus_model.g3293.t1;Augustus}
21897	22150	terminal+	2	3	{GlimmerHMM_glimmerT_3724-T1;GlimmerHMM},{Augustus_model.g3293.t1;Augustus},{snap_scaffold_8-snap.261-T1;snap}

# EVM prediction: Mode:STANDARD S-ratio: 4.82 22458-23873 orient(-) score(7035.00) noncoding_equivalent(1461.00) raw_noncoding(1461.00) offset(0.00) 
23873	22458	single-	4	6	{GlimmerHMM_glimmerT_3725-T1;GlimmerHMM},{HiQ_model.g3294.t1;HiQ}

# EVM prediction: Mode:STANDARD S-ratio: 38.75 24109-25062 orient(+) score(3720.00) noncoding_equivalent(96.00) raw_noncoding(96.00) offset(0.00) 
24109	25062	single+	1	3	{Augustus_model.g3295.t1;Augustus}

# EVM prediction: Mode:STANDARD S-ratio: 39.76 25596-26288 orient(+) score(2028.00) noncoding_equivalent(51.00) raw_noncoding(51.00) offset(0.00) 
25596	26288	single+	1	3	{GlimmerHMM_glimmerT_3727-T1;GlimmerHMM}

# EVM prediction: Mode:STANDARD S-ratio: 5.00 26411-27700 orient(-) score(6450.00) noncoding_equivalent(1290.00) raw_noncoding(1290.00) offset(0.00) 
27700	26411	single-	4	6	{HiQ_model.g3297.t1;HiQ},{GlimmerHMM_glimmerT_3728-T1;GlimmerHMM}

# EVM prediction: Mode:STANDARD S-ratio: 3.00 27987-29642 orient(+) score(4968.00) noncoding_equivalent(1656.00) raw_noncoding(1656.00) offset(0.00) 
27987	29642	single+	1	3	{Augustus_model.g3298.t1;Augustus},{GlimmerHMM_glimmerT_3729-T1;GlimmerHMM}

# EVM prediction: Mode:STANDARD S-ratio: 92.12 29920-34659 orient(-) score(14066.00) noncoding_equivalent(152.69) raw_noncoding(152.69) offset(0.00) 
34659	29920	single-	4	6	{GlimmerHMM_glimmerT_3730-T1;GlimmerHMM},{Augustus_model.g3299.t1;Augustus}

# EVM prediction: Mode:STANDARD S-ratio: 10000.00 35227-36333 orient(+) score(4428.00) noncoding_equivalent(0.44) raw_noncoding(0.00) offset(0.00) 
35227	36333	single+	1	3	{GlimmerHMM_glimmerT_3731-T1;GlimmerHMM},{Augustus_model.g3300.t1;Augustus}

# EVM prediction: Mode:STANDARD S-ratio: 4.78 36464-36685 orient(-) score(1100.00) noncoding_equivalent(230.12) raw_noncoding(230.12) offset(0.00) 
36685	36464	single-	4	6	{GlimmerHMM_glimmerT_3732-T1;GlimmerHMM},{HiQ_model.g3301.t1;HiQ}

# EVM prediction: Mode:STANDARD S-ratio: 29.64 36857-39223 orient(+) score(9159.00) noncoding_equivalent(309.00) raw_noncoding(309.00) offset(0.00) 
36857	39223	single+	1	3	{GlimmerHMM_glimmerT_3733-T1;GlimmerHMM},{Augustus_model.g3302.t1;Augustus}

# EVM prediction: Mode:STANDARD S-ratio: 105.89 39541-40506 orient(+) score(3826.00) noncoding_equivalent(36.13) raw_noncoding(36.13) offset(0.00) 
39541	40506	single+	1	3	{GlimmerHMM_glimmerT_3734-T1;GlimmerHMM},{Augustus_model.g3303.t1;Augustus}

# EVM prediction: Mode:STANDARD S-ratio: 7.46 43662-44349 orient(-) score(2063.00) noncoding_equivalent(276.40) raw_noncoding(649.90) offset(373.49) 
44156	43662	terminal-	4	6	{snap_scaffold_8-snap.271-T1;snap}
44343	44157	INTRON			{snap_scaffold_8-snap.271-T1;snap}
44349	44344	initial-	4	6	{snap_scaffold_8-snap.271-T1;snap}

# EVM prediction: Mode:STANDARD S-ratio: 2.94 44359-44634 orient(-) score(824.00) noncoding_equivalent(280.03) raw_noncoding(280.03) offset(0.00) 
44634	44359	single-	4	6	{GlimmerHMM_glimmerT_3736-T1;GlimmerHMM}

# EVM prediction: Mode:STANDARD S-ratio: 10000.00 44906-46813 orient(+) score(7623.00) noncoding_equivalent(0.76) raw_noncoding(0.00) offset(0.00) 
44906	46813	single+	1	3	{GlimmerHMM_glimmerT_3737-T1;GlimmerHMM},{Augustus_model.g3305.t1;Augustus}

# EVM prediction: Mode:STANDARD S-ratio: 5.00 46960-48759 orient(-) score(9000.00) noncoding_equivalent(1800.00) raw_noncoding(1800.00) offset(0.00) 
48759	46960	single-	4	6	{HiQ_model.g3306.t1;HiQ}

# EVM prediction: Mode:STANDARD S-ratio: 97.07 49053-49814 orient(+) score(3016.00) noncoding_equivalent(31.07) raw_noncoding(31.07) offset(0.00) 
49053	49814	single+	1	3	{GlimmerHMM_glimmerT_3739-T1;GlimmerHMM},{Augustus_model.g3307.t1;Augustus}

# EVM prediction: Mode:STANDARD S-ratio: 2.00 49909-51015 orient(-) score(4428.00) noncoding_equivalent(2210.54) raw_noncoding(2210.54) offset(0.00) 
51015	49909	single-	4	6	{GlimmerHMM_glimmerT_3740-T1;GlimmerHMM},{HiQ_model.g3308.t1;HiQ}

# EVM prediction: Mode:STANDARD S-ratio: 10000.00 51260-52450 orient(+) score(4764.00) noncoding_equivalent(0.48) raw_noncoding(0.00) offset(0.00) 
51260	52450	single+	1	3	{Augustus_model.g3309.t1;Augustus},{GlimmerHMM_glimmerT_3741-T1;GlimmerHMM}

# EVM prediction: Mode:STANDARD S-ratio: 1.85 53449-54518 orient(-) score(2068.00) noncoding_equivalent(1120.00) raw_noncoding(1137.00) offset(17.00) 
54496	53449	terminal-	6	6	{snap_scaffold_8-snap.276-T1;snap}
54510	54497	INTRON			{snap_scaffold_8-snap.276-T1;snap}
54518	54511	initial-	4	5	{snap_scaffold_8-snap.276-T1;snap}

# EVM prediction: Mode:STANDARD S-ratio: 130.93 54832-55305 orient(-) score(1410.00) noncoding_equivalent(10.77) raw_noncoding(10.77) offset(0.00) 
55305	54832	single-	4	6	{GlimmerHMM_glimmerT_3744-T1;GlimmerHMM},{Augustus_model.g3310.t1;Augustus}

# EVM prediction: Mode:STANDARD S-ratio: 20.22 55615-57084 orient(+) score(5603.00) noncoding_equivalent(277.04) raw_noncoding(277.04) offset(0.00) 
55615	57084	single+	1	3	{GlimmerHMM_glimmerT_3745-T1;GlimmerHMM}

# EVM prediction: Mode:STANDARD S-ratio: 2.37 57324-57731 orient(+) score(1148.00) noncoding_equivalent(484.26) raw_noncoding(484.26) offset(0.00) 
57324	57731	single+	1	3	{GlimmerHMM_glimmerT_3746-T1;GlimmerHMM}

# EVM prediction: Mode:STANDARD S-ratio: 29.34 58070-60754 orient(+) score(7736.00) noncoding_equivalent(263.66) raw_noncoding(317.84) offset(54.18) 
58070	58076	initial+	1	1	{snap_scaffold_8-snap.279-T1;snap}
58077	58130	INTRON			{snap_scaffold_8-snap.279-T1;snap}
58131	60754	terminal+	2	3	{snap_scaffold_8-snap.279-T1;snap}

# EVM prediction: Mode:STANDARD S-ratio: 14.61 61163-62347 orient(+) score(3326.00) noncoding_equivalent(227.63) raw_noncoding(227.63) offset(0.00) 
61163	62347	single+	1	3	{GlimmerHMM_glimmerT_3748-T1;GlimmerHMM}

# EVM prediction: Mode:STANDARD S-ratio: 2.00 62568-63197 orient(-) score(2520.00) noncoding_equivalent(1260.00) raw_noncoding(1260.00) offset(0.00) 
63197	62568	single-	4	6	{HiQ_model.g3312.t1;HiQ},{GlimmerHMM_glimmerT_3749-T1;GlimmerHMM}

# EVM prediction: Mode:STANDARD S-ratio: 4.97 63621-64961 orient(-) score(6696.00) noncoding_equivalent(1348.13) raw_noncoding(1348.13) offset(0.00) 
64961	63621	single-	4	6	{HiQ_model.g3313.t1;HiQ},{GlimmerHMM_glimmerT_3750-T1;GlimmerHMM}

# EVM prediction: Mode:STANDARD S-ratio: 73.29 66378-67937 orient(-) score(4617.00) noncoding_equivalent(63.00) raw_noncoding(63.00) offset(0.00) 
67937	66378	single-	4	6	{GlimmerHMM_glimmerT_3751-T1;GlimmerHMM},{Augustus_model.g3314.t1;Augustus}

# EVM prediction: Mode:STANDARD S-ratio: 71.83 68958-70283 orient(-) score(5172.00) noncoding_equivalent(72.00) raw_noncoding(72.00) offset(0.00) 
70283	68958	single-	4	6	{GlimmerHMM_glimmerT_3752-T1;GlimmerHMM}

# EVM prediction: Mode:STANDARD S-ratio: 4.68 70802-72818 orient(-) score(9514.00) noncoding_equivalent(2032.00) raw_noncoding(3096.00) offset(1064.00) 
71452	70802	terminal-	4	6	{GlimmerHMM_glimmerT_3753-T1;GlimmerHMM},{HiQ_model.g3316.t1;HiQ}
72008	71453	INTRON			{GlimmerHMM_glimmerT_3753-T1;GlimmerHMM},{HiQ_model.g3316.t1;HiQ},{ev_type:exonerate/ID=match.177006.118/Target=YNR053C;exonerate}
72818	72009	initial-	4	6	{GlimmerHMM_glimmerT_3753-T1;GlimmerHMM},{HiQ_model.g3316.t1;HiQ}

# EVM prediction: Mode:STANDARD S-ratio: 10000.00 73065-74018 orient(-) score(2862.00) noncoding_equivalent(0.29) raw_noncoding(0.00) offset(0.00) 
74018	73065	single-	4	6	{GlimmerHMM_glimmerT_3754-T1;GlimmerHMM},{Augustus_model.g3317.t1;Augustus}

# EVM prediction: Mode:STANDARD S-ratio: 2.01 74275-76047 orient(+) score(3546.00) noncoding_equivalent(1766.16) raw_noncoding(1766.16) offset(0.00) 
74275	76047	single+	1	3	{Augustus_model.g3318.t1;Augustus},{GlimmerHMM_glimmerT_3755-T1;GlimmerHMM}

# EVM prediction: Mode:STANDARD S-ratio: 4.98 77182-78942 orient(-) score(8797.00) noncoding_equivalent(1767.02) raw_noncoding(1767.02) offset(0.00) 
78942	77182	single-	4	6	{GlimmerHMM_glimmerT_3756-T1;GlimmerHMM},{HiQ_model.g3319.t1;HiQ}

# EVM prediction: Mode:STANDARD S-ratio: 232.87 80378-81979 orient(-) score(6363.00) noncoding_equivalent(27.32) raw_noncoding(27.32) offset(0.00) 
81979	80378	single-	4	6	{GlimmerHMM_glimmerT_3757-T1;GlimmerHMM}

# EVM prediction: Mode:STANDARD S-ratio: 4.79 82120-82839 orient(-) score(3558.00) noncoding_equivalent(742.38) raw_noncoding(742.38) offset(0.00) 
82839	82120	single-	4	6	{HiQ_model.g3321.t1;HiQ},{GlimmerHMM_glimmerT_3758-T1;GlimmerHMM}

# EVM prediction: Mode:STANDARD S-ratio: 151.07 83065-84507 orient(+) score(5733.00) noncoding_equivalent(37.95) raw_noncoding(37.95) offset(0.00) 
83065	84507	single+	1	3	{GlimmerHMM_glimmerT_3759-T1;GlimmerHMM},{Augustus_model.g3322.t1;Augustus}

# EVM prediction: Mode:STANDARD S-ratio: 10000.00 85675-87417 orient(+) score(5229.00) noncoding_equivalent(0.52) raw_noncoding(0.00) offset(0.00) 
85675	87417	single+	1	3	{Augustus_model.g3323.t1;Augustus},{GlimmerHMM_glimmerT_3760-T1;GlimmerHMM}

# EVM prediction: Mode:STANDARD S-ratio: 22.40 89118-91277 orient(+) score(8265.00) noncoding_equivalent(369.00) raw_noncoding(369.00) offset(0.00) 
89118	91277	single+	1	3	{GlimmerHMM_glimmerT_3761-T1;GlimmerHMM}

# EVM prediction: Mode:STANDARD S-ratio: 33.16 95083-96342 orient(+) score(3668.00) noncoding_equivalent(110.62) raw_noncoding(110.62) offset(0.00) 
95083	96342	single+	1	3	{Augustus_model.g3325.t1;Augustus},{GlimmerHMM_glimmerT_3763-T1;GlimmerHMM}

# EVM prediction: Mode:STANDARD S-ratio: 4.99 97094-97975 orient(-) score(4398.00) noncoding_equivalent(882.00) raw_noncoding(882.00) offset(0.00) 
97975	97094	single-	4	6	{GlimmerHMM_glimmerT_3764-T1;GlimmerHMM},{HiQ_model.g3326.t1;HiQ}

