!! Predictions spanning range 980 - 99430 [R1]
# EVM prediction: Mode:STANDARD S-ratio: 5.00 980-2449 orient(-) score(7350.00) noncoding_equivalent(1470.00) raw_noncoding(1470.00) offset(0.00) 
2449	980	single-	4	6	{HiQ_model.g2428.t1;HiQ},{GlimmerHMM_glimmerT_2637-T1;GlimmerHMM}

# EVM prediction: Mode:STANDARD S-ratio: 4.95 3152-4054 orient(-) score(4506.00) noncoding_equivalent(910.08) raw_noncoding(910.08) offset(0.00) 
4054	3152	single-	4	6	{HiQ_model.g2429.t1;HiQ},{GlimmerHMM_glimmerT_2638-T1;GlimmerHMM}

# EVM prediction: Mode:STANDARD S-ratio: 224.59 4387-5532 orient(+) score(4562.00) noncoding_equivalent(20.31) raw_noncoding(20.31) offset(0.00) 
4387	5532	single+	1	3	{Augustus_model.g2430.t1;Augustus},{GlimmerHMM_glimmerT_2639-T1;GlimmerHMM}

# EVM prediction: Mode:STANDARD S-ratio: 223.33 5730-7919 orient(-) score(6539.00) noncoding_equivalent(29.28) raw_noncoding(29.28) offset(0.00) 
7919	5730	single-	4	6	{GlimmerHMM_glimmerT_2640-T1;GlimmerHMM},{Augustus_model.g2431.t1;Augustus}

# EVM prediction: Mode:STANDARD S-ratio: 22.83 8319-9071 orient(+) score(2877.00) noncoding_equivalent(126.00) raw_noncoding(126.00) offset(0.00) 
8319	9071	single+	1	3	{GlimmerHMM_glimmerT_2641-T1;GlimmerHMM},{Augustus_model.g2432.t1;Augustus}

# EVM prediction: Mode:STANDARD S-ratio: 5.00 9761-11419 orient(-) score(8295.00) noncoding_equivalent(1659.00) raw_noncoding(1659.00) offset(0.00) 
11419	9761	single-	4	6	{HiQ_model.g2433.t1;HiQ},{GlimmerHMM_glimmerT_2642-T1;GlimmerHMM}

# EVM prediction: Mode:STANDARD S-ratio: 94.43 12616-14334 orient(+) score(8499.00) noncoding_equivalent(90.00) raw_noncoding(90.00) offset(0.00) 
12616	14334	single+	1	3	{Augustus_model.g2434.t1;Augustus},{GlimmerHMM_glimmerT_2643-T1;GlimmerHMM}

# EVM prediction: Mode:STANDARD S-ratio: 4.59 15641-16555 orient(-) score(4533.00) noncoding_equivalent(987.53) raw_noncoding(987.53) offset(0.00) 
16555	15641	single-	4	6	{HiQ_model.g2435.t1;HiQ},{GlimmerHMM_glimmerT_2644-T1;GlimmerHMM}

# EVM prediction: Mode:STANDARD S-ratio: 4.95 16829-18136 orient(-) score(6528.00) noncoding_equivalent(1320.00) raw_noncoding(1320.00) offset(0.00) 
18136	16829	single-	4	6	{GlimmerHMM_glimmerT_2645-T1;GlimmerHMM},{HiQ_model.g2436.t1;HiQ}

# EVM prediction: Mode:STANDARD S-ratio: 3.00 19914-20435 orient(+) score(1566.00) noncoding_equivalent(522.00) raw_noncoding(522.00) offset(0.00) 
19914	20435	single+	1	3	{GlimmerHMM_glimmerT_2646-T1;GlimmerHMM},{Augustus_model.g2437.t1;Augustus}

# EVM prediction: Mode:STANDARD S-ratio: 4.87 21051-21671 orient(-) score(3090.00) noncoding_equivalent(634.08) raw_noncoding(634.08) offset(0.00) 
21671	21051	single-	4	6	{GlimmerHMM_glimmerT_2647-T1;GlimmerHMM},{HiQ_model.g2438.t1;HiQ}

# EVM prediction: Mode:STANDARD S-ratio: 5.00 22057-23454 orient(-) score(6990.00) noncoding_equivalent(1398.00) raw_noncoding(1398.00) offset(0.00) 
23454	22057	single-	4	6	{GlimmerHMM_glimmerT_2648-T1;GlimmerHMM},{HiQ_model.g2439.t1;HiQ}

# EVM prediction: Mode:STANDARD S-ratio: 1.00 23807-24241 orient(+) score(863.00) noncoding_equivalent(861.02) raw_noncoding(861.02) offset(0.00) 
23807	24241	single+	1	3	{GlimmerHMM_glimmerT_2649-T1;GlimmerHMM}

# EVM prediction: Mode:STANDARD S-ratio: 65.14 24561-25208 orient(+) score(2551.00) noncoding_equivalent(39.16) raw_noncoding(39.16) offset(0.00) 
24561	25208	single+	1	3	{Augustus_model.g2440.t1;Augustus},{GlimmerHMM_glimmerT_2650-T1;GlimmerHMM}

# EVM prediction: Mode:STANDARD S-ratio: 3.80 25559-27409 orient(-) score(8793.00) noncoding_equivalent(2313.00) raw_noncoding(2313.00) offset(0.00) 
27409	25559	single-	4	6	{GlimmerHMM_glimmerT_2651-T1;GlimmerHMM},{HiQ_model.g2441.t1;HiQ}

# EVM prediction: Mode:STANDARD S-ratio: 5.15 27905-29773 orient(-) score(10953.00) noncoding_equivalent(2127.00) raw_noncoding(2127.00) offset(0.00) 
29773	27905	single-	4	6	{GlimmerHMM_glimmerT_2652-T1;GlimmerHMM},{HiQ_model.g2442.t1;HiQ}

# EVM prediction: Mode:STANDARD S-ratio: 25.22 31262-32665 orient(+) score(5397.00) noncoding_equivalent(214.00) raw_noncoding(214.00) offset(0.00) 
31262	32665	single+	1	3	{Augustus_model.g2443.t1;Augustus}

# EVM prediction: Mode:STANDARD S-ratio: 11.76 33258-34016 orient(+) score(2797.00) noncoding_equivalent(237.82) raw_noncoding(237.82) offset(0.00) 
33258	34016	single+	1	3	{Augustus_model.g2444.t1;Augustus},{GlimmerHMM_glimmerT_2654-T1;GlimmerHMM}

# EVM prediction: Mode:STANDARD S-ratio: 10000.00 34705-36027 orient(+) score(3969.00) noncoding_equivalent(0.40) raw_noncoding(0.00) offset(0.00) 
34705	36027	single+	1	3	{Augustus_model.g2445.t1;Augustus},{GlimmerHMM_glimmerT_2655-T1;GlimmerHMM}

# EVM prediction: Mode:STANDARD S-ratio: 20.56 36506-39976 orient(+) score(9930.00) noncoding_equivalent(483.00) raw_noncoding(483.00) offset(0.00) 
36506	39976	single+	1	3	{Augustus_model.g2446.t1;Augustus},{GlimmerHMM_glimmerT_2656-T1;GlimmerHMM}

# EVM prediction: Mode:STANDARD S-ratio: 15.67 40985-44452 orient(-) score(9780.00) noncoding_equivalent(624.00) raw_noncoding(624.00) offset(0.00) 
44452	40985	single-	4	6	{Augustus_model.g2447.t1;Augustus},{GlimmerHMM_glimmerT_2657-T1;GlimmerHMM}

# EVM prediction: Mode:STANDARD S-ratio: 10000.00 44931-46253 orient(-) score(3969.00) noncoding_equivalent(0.40) raw_noncoding(0.00) offset(0.00) 
46253	44931	single-	4	6	{Augustus_model.g2448.t1;Augustus},{GlimmerHMM_glimmerT_2658-T1;GlimmerHMM}

# EVM prediction: Mode:STANDARD S-ratio: 10000.00 47579-49741 orient(+) score(8652.00) noncoding_equivalent(0.87) raw_noncoding(0.00) offset(0.00) 
47579	49741	single+	1	3	{GlimmerHMM_glimmerT_2659-T1;GlimmerHMM},{Augustus_model.g2449.t1;Augustus}

# EVM prediction: Mode:STANDARD S-ratio: 4.96 51302-54010 orient(+) score(13525.00) noncoding_equivalent(2727.14) raw_noncoding(2727.14) offset(0.00) 
51302	54010	single+	1	3	{HiQ_model.g2450.t1;HiQ},{GlimmerHMM_glimmerT_2660-T1;GlimmerHMM}

# EVM prediction: Mode:STANDARD S-ratio: 40.12 54445-56418 orient(-) score(5778.00) noncoding_equivalent(144.00) raw_noncoding(144.00) offset(0.00) 
56418	54445	single-	4	6	{Augustus_model.g2451.t1;Augustus},{GlimmerHMM_glimmerT_2661-T1;GlimmerHMM}

# EVM prediction: Mode:STANDARD S-ratio: 4.59 56711-58300 orient(-) score(7827.00) noncoding_equivalent(1705.00) raw_noncoding(1705.00) offset(0.00) 
58300	56711	single-	4	6	{HiQ_model.g2452.t1;HiQ},{GlimmerHMM_glimmerT_2662-T1;GlimmerHMM}

# EVM prediction: Mode:STANDARD S-ratio: 4.85 58641-59951 orient(-) score(6555.00) noncoding_equivalent(1352.13) raw_noncoding(1352.13) offset(0.00) 
59951	58641	single-	4	6	{GlimmerHMM_glimmerT_2663-T1;GlimmerHMM},{HiQ_model.g2453.t1;HiQ}

# EVM prediction: Mode:STANDARD S-ratio: 991.25 60699-64922 orient(+) score(16896.00) noncoding_equivalent(17.05) raw_noncoding(17.05) offset(0.00) 
60699	64922	single+	1	3	{GlimmerHMM_glimmerT_2664-T1;GlimmerHMM},{Augustus_model.g2454.t1;Augustus}

# EVM prediction: Mode:STANDARD S-ratio: 10000.00 65364-65993 orient(+) score(2520.00) noncoding_equivalent(0.25) raw_noncoding(0.00) offset(0.00) 
65364	65993	single+	1	3	{GlimmerHMM_glimmerT_2665-T1;GlimmerHMM},{Augustus_model.g2455.t1;Augustus}

# EVM prediction: Mode:STANDARD S-ratio: 4.40 66278-66625 orient(-) score(1701.00) noncoding_equivalent(387.00) raw_noncoding(387.00) offset(0.00) 
66625	66278	single-	4	6	{HiQ_model.g2456.t1;HiQ},{GlimmerHMM_glimmerT_2666-T1;GlimmerHMM}

# EVM prediction: Mode:STANDARD S-ratio: 2.00 66843-67628 orient(-) score(3144.00) noncoding_equivalent(1572.00) raw_noncoding(1572.00) offset(0.00) 
67628	66843	single-	4	6	{HiQ_model.g2457.t1;HiQ},{GlimmerHMM_glimmerT_2667-T1;GlimmerHMM}

# EVM prediction: Mode:STANDARD S-ratio: 48.63 68072-68545 orient(+) score(1856.00) noncoding_equivalent(38.16) raw_noncoding(38.16) offset(0.00) 
68072	68545	single+	1	3	{GlimmerHMM_glimmerT_2668-T1;GlimmerHMM},{Augustus_model.g2458.t1;Augustus}

# EVM prediction: Mode:STANDARD S-ratio: 22.70 68620-70164 orient(+) score(5856.00) noncoding_equivalent(258.00) raw_noncoding(258.00) offset(0.00) 
68620	70164	single+	1	3	{Augustus_model.g2459.t1;Augustus},{GlimmerHMM_glimmerT_2669-T1;GlimmerHMM}

# EVM prediction: Mode:STANDARD S-ratio: 143.25 73824-75554 orient(+) score(6876.00) noncoding_equivalent(48.00) raw_noncoding(48.00) offset(0.00) 
73824	75554	single+	1	3	{Augustus_model.g2460.t1;Augustus},{GlimmerHMM_glimmerT_2670-T1;GlimmerHMM}

# EVM prediction: Mode:STANDARD S-ratio: 197.85 75792-76394 orient(+) score(2398.00) noncoding_equivalent(12.12) raw_noncoding(12.12) offset(0.00) 
75792	76394	single+	1	3	{Augustus_model.g2461.t1;Augustus},{GlimmerHMM_glimmerT_2671-T1;GlimmerHMM}

# EVM prediction: Mode:STANDARD S-ratio: 10000.00 76520-77833 orient(-) score(3942.00) noncoding_equivalent(0.39) raw_noncoding(0.00) offset(0.00) 
77833	76520	single-	4	6	{Augustus_model.g2462.t1;Augustus},{GlimmerHMM_glimmerT_2672-T1;GlimmerHMM}

# EVM prediction: Mode:STANDARD S-ratio: 5.00 78039-78704 orient(-) score(3330.00) noncoding_equivalent(666.00) raw_noncoding(666.00) offset(0.00) 
78704	78039	single-	4	6	{GlimmerHMM_glimmerT_2673-T1;GlimmerHMM},{HiQ_model.g2463.t1;HiQ}

# EVM prediction: Mode:STANDARD S-ratio: 103.16 78970-81039 orient(+) score(8200.00) noncoding_equivalent(79.49) raw_noncoding(79.49) offset(0.00) 
78970	81039	single+	1	3	{Augustus_model.g2464.t1;Augustus},{GlimmerHMM_glimmerT_2674-T1;GlimmerHMM}

# EVM prediction: Mode:STANDARD S-ratio: 2.00 81097-82074 orient(-) score(3912.00) noncoding_equivalent(1956.00) raw_noncoding(1956.00) offset(0.00) 
82074	81097	single-	4	6	{HiQ_model.g2465.t1;HiQ},{GlimmerHMM_glimmerT_2675-T1;GlimmerHMM}

# EVM prediction: Mode:STANDARD S-ratio: 168.45 82328-83725 orient(+) score(5559.00) noncoding_equivalent(33.00) raw_noncoding(33.00) offset(0.00) 
82328	83725	single+	1	3	{Augustus_model.g2466.t1;Augustus},{GlimmerHMM_glimmerT_2676-T1;GlimmerHMM}

# EVM prediction: Mode:STANDARD S-ratio: 4.94 83793-85760 orient(-) score(9818.00) noncoding_equivalent(1988.06) raw_noncoding(1988.06) offset(0.00) 
85760	83793	single-	4	6	{GlimmerHMM_glimmerT_2677-T1;GlimmerHMM},{HiQ_model.g2467.t1;HiQ}

# EVM prediction: Mode:STANDARD S-ratio: 3.02 85957-87000 orient(+) score(3132.00) noncoding_equivalent(1038.34) raw_noncoding(1038.34) offset(0.00) 
85957	87000	single+	1	3	{GlimmerHMM_glimmerT_2678-T1;GlimmerHMM},{Augustus_model.g2468.t1;Augustus}

# EVM prediction: Mode:STANDARD S-ratio: 5.00 87357-89663 orient(-) score(11535.00) noncoding_equivalent(2307.00) raw_noncoding(2307.00) offset(0.00) 
89663	87357	single-	4	6	{HiQ_model.g2469.t1;HiQ},{GlimmerHMM_glimmerT_2679-T1;GlimmerHMM}

# EVM prediction: Mode:STANDARD S-ratio: 1.00 90190-90450 orient(+) score(522.00) noncoding_equivalent(522.64) raw_noncoding(522.64) offset(0.00) 
90190	90450	single+	1	3	{GlimmerHMM_glimmerT_2680-T1;GlimmerHMM}

# EVM prediction: Mode:STANDARD S-ratio: 3.00 90751-91554 orient(+) score(2412.00) noncoding_equivalent(804.00) raw_noncoding(804.00) offset(0.00) 
90751	91554	single+	1	3	{Augustus_model.g2470.t1;Augustus},{GlimmerHMM_glimmerT_2681-T1;GlimmerHMM}

# EVM prediction: Mode:STANDARD S-ratio: 20.34 92040-96650 orient(+) score(17571.00) noncoding_equivalent(864.00) raw_noncoding(864.00) offset(0.00) 
92040	96650	single+	1	3	{GlimmerHMM_glimmerT_2682-T1;GlimmerHMM},{Augustus_model.g2471.t1;Augustus}

# EVM prediction: Mode:STANDARD S-ratio: 76.15 97214-99430 orient(+) score(8753.00) noncoding_equivalent(114.95) raw_noncoding(114.95) offset(0.00) 
97214	99430	single+	1	3	{Augustus_model.g2472.t1;Augustus},{GlimmerHMM_glimmerT_2683-T1;GlimmerHMM}

