!! Predictions spanning range 3669 - 82316 [R1]
# EVM prediction: Mode:STANDARD S-ratio: 10000.00 3669-5857 orient(+) score(4378.00) noncoding_equivalent(0.44) raw_noncoding(0.00) offset(0.00) 
3669	5536	initial+	1	2	{Augustus_gene92.t1;Augustus}
5537	5814	INTRON			{Augustus_gene92.t1;Augustus}
5815	5857	terminal+	3	3	{Augustus_gene92.t1;Augustus}

# EVM prediction: Mode:STANDARD S-ratio: 10000.00 7182-7736 orient(-) score(1110.00) noncoding_equivalent(0.11) raw_noncoding(0.00) offset(0.00) 
7736	7182	single-	4	6	{Augustus_gene306.t1;Augustus}

# EVM prediction: Mode:STANDARD S-ratio: 10000.00 33151-35370 orient(-) score(4440.00) noncoding_equivalent(0.44) raw_noncoding(0.00) offset(0.00) 
35370	33151	single-	4	6	{Augustus_gene435.t1;Augustus}

# EVM prediction: Mode:STANDARD S-ratio: 10000.00 39229-40165 orient(-) score(1874.00) noncoding_equivalent(0.19) raw_noncoding(0.00) offset(0.00) 
39977	39229	terminal-	5	6	{Augustus_gene694.t1;Augustus}
40052	39978	INTRON			{Augustus_gene694.t1;Augustus}
40101	40053	internal-	4	4	{Augustus_gene694.t1;Augustus}
40162	40102	INTRON			{Augustus_gene694.t1;Augustus}
40165	40163	initial-	4	6	{Augustus_gene694.t1;Augustus}

# EVM prediction: Mode:STANDARD S-ratio: 10000.00 70722-73976 orient(+) score(6510.00) noncoding_equivalent(0.65) raw_noncoding(0.00) offset(0.00) 
70722	73976	single+	1	3	{Augustus_gene937.t1;Augustus}

# EVM prediction: Mode:STANDARD S-ratio: 10000.00 77245-77582 orient(+) score(676.00) noncoding_equivalent(0.07) raw_noncoding(0.00) offset(0.00) 
77245	77267	initial+	1	2	{Augustus_gene933.t1;Augustus}
77268	77338	INTRON			{Augustus_gene933.t1;Augustus}
77339	77582	terminal+	3	3	{Augustus_gene933.t1;Augustus}

# EVM prediction: Mode:STANDARD S-ratio: 10000.00 81178-82316 orient(+) score(2278.00) noncoding_equivalent(0.23) raw_noncoding(0.00) offset(0.00) 
81178	82231	initial+	1	1	{Augustus_gene1110.t1;Augustus}
82232	82284	INTRON			{Augustus_gene1110.t1;Augustus}
82285	82316	terminal+	2	3	{Augustus_gene1110.t1;Augustus}

