!! Predictions spanning range 2749 - 98645 [R1]
# EVM prediction: Mode:STANDARD S-ratio: 5.00 2749-3303 orient(-) score(2775.00) noncoding_equivalent(555.00) raw_noncoding(555.00) offset(0.00) 
3303	2749	single-	4	6	{HiQ_model.g3951.t1;HiQ},{GlimmerHMM_glimmerT_4295-T1;GlimmerHMM}

# EVM prediction: Mode:STANDARD S-ratio: 34.24 4504-6270 orient(+) score(6868.00) noncoding_equivalent(200.56) raw_noncoding(200.56) offset(0.00) 
4504	6270	single+	1	3	{GlimmerHMM_glimmerT_4296-T1;GlimmerHMM}

# EVM prediction: Mode:STANDARD S-ratio: 327.08 6762-8162 orient(+) score(5576.00) noncoding_equivalent(17.05) raw_noncoding(17.05) offset(0.00) 
6762	8162	single+	1	3	{GlimmerHMM_glimmerT_4297-T1;GlimmerHMM}

# EVM prediction: Mode:STANDARD S-ratio: 191.66 8726-9646 orient(+) score(3663.00) noncoding_equivalent(19.11) raw_noncoding(19.11) offset(0.00) 
8726	9646	single+	1	3	{Augustus_model.g3953.t1;Augustus},{GlimmerHMM_glimmerT_4298-T1;GlimmerHMM}

# EVM prediction: Mode:STANDARD S-ratio: 500.34 10676-16831 orient(+) score(24573.00) noncoding_equivalent(49.11) raw_noncoding(49.11) offset(0.00) 
10676	16831	single+	1	3	{GlimmerHMM_glimmerT_4299-T1;GlimmerHMM},{Augustus_model.g3954.t1;Augustus}

# EVM prediction: Mode:STANDARD S-ratio: 141.67 17321-18604 orient(+) score(5100.00) noncoding_equivalent(36.00) raw_noncoding(36.00) offset(0.00) 
17321	18604	single+	1	3	{Augustus_model.g3955.t1;Augustus},{GlimmerHMM_glimmerT_4300-T1;GlimmerHMM}

# EVM prediction: Mode:STANDARD S-ratio: 10.41 19274-20134 orient(+) score(3647.00) noncoding_equivalent(350.28) raw_noncoding(924.00) offset(573.72) 
19274	19582	initial+	1	3	{Augustus_model.g3956.t1;Augustus}
19583	19888	INTRON			{Augustus_model.g3956.t1;Augustus},{ev_type:exonerate/ID=match.133146.535/Target=YJL177W;exonerate},{ev_type:exonerate/ID=match.133146.1945/Target=YKL180W;exonerate}
19889	20134	terminal+	1	3	{Augustus_model.g3956.t1;Augustus}

# EVM prediction: Mode:STANDARD S-ratio: 4.97 20469-22508 orient(-) score(10187.00) noncoding_equivalent(2051.14) raw_noncoding(2051.14) offset(0.00) 
22508	20469	single-	4	6	{GlimmerHMM_glimmerT_4302-T1;GlimmerHMM},{HiQ_model.g3957.t1;HiQ}

# EVM prediction: Mode:STANDARD S-ratio: 4.03 23220-24632 orient(-) score(6791.00) noncoding_equivalent(1686.02) raw_noncoding(1686.02) offset(0.00) 
24632	23220	single-	4	6	{HiQ_model.g3958.t1;HiQ}

# EVM prediction: Mode:STANDARD S-ratio: 4.76 25505-27991 orient(-) score(12333.00) noncoding_equivalent(2589.00) raw_noncoding(2589.00) offset(0.00) 
27991	25505	single-	4	6	{GlimmerHMM_glimmerT_4304-T1;GlimmerHMM},{HiQ_model.g3959.t1;HiQ}

# EVM prediction: Mode:STANDARD S-ratio: 9.84 28798-30309 orient(+) score(5490.00) noncoding_equivalent(558.00) raw_noncoding(558.00) offset(0.00) 
28798	30309	single+	1	3	{GlimmerHMM_glimmerT_4305-T1;GlimmerHMM},{Augustus_model.g3960.t1;Augustus}

# EVM prediction: Mode:STANDARD S-ratio: 2.00 30385-32241 orient(-) score(7428.00) noncoding_equivalent(3709.47) raw_noncoding(3709.47) offset(0.00) 
32241	30385	single-	4	6	{HiQ_model.g3961.t1;HiQ},{GlimmerHMM_glimmerT_4306-T1;GlimmerHMM}

# EVM prediction: Mode:STANDARD S-ratio: 10000.00 32522-35548 orient(+) score(12108.00) noncoding_equivalent(1.21) raw_noncoding(0.00) offset(0.00) 
32522	35548	single+	1	3	{GlimmerHMM_glimmerT_4307-T1;GlimmerHMM},{Augustus_model.g3962.t1;Augustus}

# EVM prediction: Mode:STANDARD S-ratio: 10000.00 35764-37047 orient(+) score(5136.00) noncoding_equivalent(0.51) raw_noncoding(0.00) offset(0.00) 
35764	37047	single+	1	3	{Augustus_model.g3963.t1;Augustus},{GlimmerHMM_glimmerT_4308-T1;GlimmerHMM}

# EVM prediction: Mode:STANDARD S-ratio: 41.71 37480-40266 orient(+) score(10887.00) noncoding_equivalent(261.00) raw_noncoding(261.00) offset(0.00) 
37480	40266	single+	1	3	{GlimmerHMM_glimmerT_4309-T1;GlimmerHMM}

# EVM prediction: Mode:STANDARD S-ratio: 3.00 40639-41055 orient(+) score(1251.00) noncoding_equivalent(417.00) raw_noncoding(417.00) offset(0.00) 
40639	41055	single+	1	3	{GlimmerHMM_glimmerT_4310-T1;GlimmerHMM},{Augustus_model.g3965.t1;Augustus}

# EVM prediction: Mode:STANDARD S-ratio: 6.84 41293-43494 orient(-) score(5763.00) noncoding_equivalent(843.00) raw_noncoding(843.00) offset(0.00) 
43494	41293	single-	4	6	{GlimmerHMM_glimmerT_4311-T1;GlimmerHMM}

# EVM prediction: Mode:STANDARD S-ratio: 4.83 43726-44139 orient(-) score(2058.00) noncoding_equivalent(426.00) raw_noncoding(426.00) offset(0.00) 
44139	43726	single-	4	6	{GlimmerHMM_glimmerT_4312-T1;GlimmerHMM},{HiQ_model.g3967.t1;HiQ}

# EVM prediction: Mode:STANDARD S-ratio: 69.41 44514-45710 orient(-) score(3540.00) noncoding_equivalent(51.00) raw_noncoding(51.00) offset(0.00) 
45710	44514	single-	4	6	{Augustus_model.g3968.t1;Augustus},{GlimmerHMM_glimmerT_4313-T1;GlimmerHMM}

# EVM prediction: Mode:STANDARD S-ratio: 4.97 47937-50696 orient(-) score(13783.00) noncoding_equivalent(2775.16) raw_noncoding(2775.16) offset(0.00) 
50696	47937	single-	4	6	{HiQ_model.g3969.t1;HiQ},{GlimmerHMM_glimmerT_4314-T1;GlimmerHMM}

# EVM prediction: Mode:STANDARD S-ratio: 2.92 51799-52824 orient(-) score(3056.00) noncoding_equivalent(1047.02) raw_noncoding(1047.02) offset(0.00) 
52824	51799	single-	4	6	{Augustus_model.g3970.t1;Augustus},{GlimmerHMM_glimmerT_4315-T1;GlimmerHMM}

# EVM prediction: Mode:STANDARD S-ratio: 3.93 54406-55383 orient(+) score(3897.00) noncoding_equivalent(991.01) raw_noncoding(991.01) offset(0.00) 
54406	55383	single+	1	3	{GlimmerHMM_glimmerT_4316-T1;GlimmerHMM},{Augustus_model.g3971.t1;Augustus}

# EVM prediction: Mode:STANDARD S-ratio: 4.94 57635-58843 orient(-) score(6031.00) noncoding_equivalent(1221.06) raw_noncoding(1221.06) offset(0.00) 
58843	57635	single-	4	6	{HiQ_model.g3972.t1;HiQ}

# EVM prediction: Mode:STANDARD S-ratio: 15.40 59391-60692 orient(-) score(3667.00) noncoding_equivalent(238.05) raw_noncoding(238.05) offset(0.00) 
60692	59391	single-	4	6	{Augustus_model.g3973.t1;Augustus},{GlimmerHMM_glimmerT_4318-T1;GlimmerHMM}

# EVM prediction: Mode:STANDARD S-ratio: 12.58 63274-63711 orient(+) score(1623.00) noncoding_equivalent(129.00) raw_noncoding(129.00) offset(0.00) 
63274	63711	single+	1	3	{Augustus_model.g3974.t1;Augustus},{GlimmerHMM_glimmerT_4319-T1;GlimmerHMM}

# EVM prediction: Mode:STANDARD S-ratio: 5.00 63821-64456 orient(-) score(3180.00) noncoding_equivalent(636.00) raw_noncoding(636.00) offset(0.00) 
64456	63821	single-	4	6	{GlimmerHMM_glimmerT_4320-T1;GlimmerHMM},{HiQ_model.g3975.t1;HiQ}

# EVM prediction: Mode:STANDARD S-ratio: 18.06 64996-68186 orient(+) score(11730.00) noncoding_equivalent(649.57) raw_noncoding(1362.00) offset(712.43) 
64996	65276	initial+	1	2	{Augustus_model.g3976.t1;Augustus}
65277	65659	INTRON			{Augustus_model.g3976.t1;Augustus},{ev_type:exonerate/ID=match.133146.6513/Target=YKL157W;exonerate}
65660	68186	terminal+	3	3	{Augustus_model.g3976.t1;Augustus}

# EVM prediction: Mode:STANDARD S-ratio: 2.83 68804-69217 orient(+) score(1188.00) noncoding_equivalent(420.04) raw_noncoding(682.86) offset(262.82) 
68804	68809	initial+	1	3	{snap_scaffold_10-snap.57-T1;snap}
68810	68941	INTRON			{snap_scaffold_10-snap.57-T1;snap}
68942	69217	terminal+	1	3	{snap_scaffold_10-snap.57-T1;snap},{Augustus_model.g3977.t1;Augustus}

# EVM prediction: Mode:STANDARD S-ratio: 4.94 69461-71347 orient(-) score(9415.00) noncoding_equivalent(1905.88) raw_noncoding(1905.88) offset(0.00) 
71347	69461	single-	4	6	{HiQ_model.g3978.t1;HiQ},{GlimmerHMM_glimmerT_4323-T1;GlimmerHMM}

# EVM prediction: Mode:STANDARD S-ratio: 80.67 71606-72340 orient(+) score(2904.00) noncoding_equivalent(36.00) raw_noncoding(36.00) offset(0.00) 
71606	72340	single+	1	3	{Augustus_model.g3979.t1;Augustus},{GlimmerHMM_glimmerT_4324-T1;GlimmerHMM}

# EVM prediction: Mode:STANDARD S-ratio: 4.88 73647-74390 orient(-) score(3705.00) noncoding_equivalent(759.00) raw_noncoding(759.00) offset(0.00) 
74390	73647	single-	4	6	{GlimmerHMM_glimmerT_4325-T1;GlimmerHMM},{HiQ_model.g3980.t1;HiQ}

# EVM prediction: Mode:STANDARD S-ratio: 5.00 74922-75935 orient(-) score(5070.00) noncoding_equivalent(1014.00) raw_noncoding(1014.00) offset(0.00) 
75935	74922	single-	4	6	{HiQ_model.g3981.t1;HiQ},{GlimmerHMM_glimmerT_4326-T1;GlimmerHMM}

# EVM prediction: Mode:STANDARD S-ratio: 198.12 76549-77457 orient(+) score(3616.00) noncoding_equivalent(18.25) raw_noncoding(18.25) offset(0.00) 
76549	77457	single+	1	3	{GlimmerHMM_glimmerT_4327-T1;GlimmerHMM},{Augustus_model.g3982.t1;Augustus}

# EVM prediction: Mode:STANDARD S-ratio: 5.00 77617-78834 orient(-) score(6090.00) noncoding_equivalent(1218.00) raw_noncoding(1218.00) offset(0.00) 
78834	77617	single-	4	6	{GlimmerHMM_glimmerT_4328-T1;GlimmerHMM},{HiQ_model.g3983.t1;HiQ}

# EVM prediction: Mode:STANDARD S-ratio: 5.97 79212-81134 orient(-) score(11484.00) noncoding_equivalent(1923.00) raw_noncoding(1923.00) offset(0.00) 
81134	79212	single-	4	6	{HiQ_model.g3984.t1;HiQ},{GlimmerHMM_glimmerT_4329-T1;GlimmerHMM}

# EVM prediction: Mode:STANDARD S-ratio: 3.00 81788-83866 orient(+) score(6237.00) noncoding_equivalent(2079.00) raw_noncoding(2079.00) offset(0.00) 
81788	83866	single+	1	3	{Augustus_model.g3985.t1;Augustus},{GlimmerHMM_glimmerT_4330-T1;GlimmerHMM}

# EVM prediction: Mode:STANDARD S-ratio: 297.75 84218-85621 orient(+) score(4196.00) noncoding_equivalent(14.09) raw_noncoding(14.09) offset(0.00) 
84218	85621	single+	1	3	{Augustus_model.g3986.t1;Augustus},{GlimmerHMM_glimmerT_4331-T1;GlimmerHMM}

# EVM prediction: Mode:STANDARD S-ratio: 2.00 85848-86486 orient(-) score(2556.00) noncoding_equivalent(1279.16) raw_noncoding(1279.16) offset(0.00) 
86486	85848	single-	4	6	{HiQ_model.g3987.t1;HiQ},{GlimmerHMM_glimmerT_4332-T1;GlimmerHMM}

# EVM prediction: Mode:STANDARD S-ratio: 10000.00 86786-88177 orient(+) score(5568.00) noncoding_equivalent(0.56) raw_noncoding(0.00) offset(0.00) 
86786	88177	single+	1	3	{GlimmerHMM_glimmerT_4333-T1;GlimmerHMM},{Augustus_model.g3988.t1;Augustus}

# EVM prediction: Mode:STANDARD S-ratio: 4.65 88520-89179 orient(+) score(2173.00) noncoding_equivalent(467.35) raw_noncoding(467.35) offset(0.00) 
88520	89179	single+	1	3	{GlimmerHMM_glimmerT_4334-T1;GlimmerHMM}

# EVM prediction: Mode:STANDARD S-ratio: 14.15 89672-90268 orient(+) score(2229.00) noncoding_equivalent(157.50) raw_noncoding(157.50) offset(0.00) 
89672	90268	single+	1	3	{GlimmerHMM_glimmerT_4335-T1;GlimmerHMM}

# EVM prediction: Mode:STANDARD S-ratio: 51.62 90892-92430 orient(+) score(6039.00) noncoding_equivalent(117.00) raw_noncoding(117.00) offset(0.00) 
90892	92430	single+	1	3	{GlimmerHMM_glimmerT_4336-T1;GlimmerHMM}

# EVM prediction: Mode:STANDARD S-ratio: 10000.00 92963-94549 orient(+) score(4761.00) noncoding_equivalent(0.48) raw_noncoding(0.00) offset(0.00) 
92963	94549	single+	1	3	{Augustus_model.g3990.t1;Augustus},{GlimmerHMM_glimmerT_4337-T1;GlimmerHMM}

# EVM prediction: Mode:STANDARD S-ratio: 2.00 95291-95686 orient(-) score(1584.00) noncoding_equivalent(792.00) raw_noncoding(792.00) offset(0.00) 
95686	95291	single-	4	6	{HiQ_model.g3991.t1;HiQ},{GlimmerHMM_glimmerT_4338-T1;GlimmerHMM}

# EVM prediction: Mode:STANDARD S-ratio: 55.00 95962-96297 orient(+) score(1320.00) noncoding_equivalent(24.00) raw_noncoding(24.00) offset(0.00) 
95962	96297	single+	1	3	{GlimmerHMM_glimmerT_4339-T1;GlimmerHMM}

# EVM prediction: Mode:STANDARD S-ratio: 4.90 96465-98645 orient(-) score(10865.00) noncoding_equivalent(2219.31) raw_noncoding(2219.31) offset(0.00) 
98645	96465	single-	4	6	{HiQ_model.g3993.t1;HiQ},{GlimmerHMM_glimmerT_4340-T1;GlimmerHMM}

