!! Predictions spanning range 539 - 96667 [R1]
# EVM prediction: Mode:STANDARD S-ratio: 62.77 539-4525 orient(-) score(15632.00) noncoding_equivalent(249.02) raw_noncoding(249.02) offset(0.00) 
4525	539	single-	4	6	{GlimmerHMM_glimmerT_2492-T1;GlimmerHMM},{Augustus_model.g2320.t1;Augustus}

# EVM prediction: Mode:STANDARD S-ratio: 4.78 4792-7545 orient(-) score(13665.00) noncoding_equivalent(2859.00) raw_noncoding(2859.00) offset(0.00) 
7545	4792	single-	4	6	{HiQ_model.g2321.t1;HiQ},{GlimmerHMM_glimmerT_2493-T1;GlimmerHMM}

# EVM prediction: Mode:STANDARD S-ratio: 234.63 7966-11313 orient(+) score(13335.00) noncoding_equivalent(56.83) raw_noncoding(56.83) offset(0.00) 
7966	11313	single+	1	3	{GlimmerHMM_glimmerT_2494-T1;GlimmerHMM},{Augustus_model.g2322.t1;Augustus}

# EVM prediction: Mode:STANDARD S-ratio: 10000.00 11824-13557 orient(+) score(6936.00) noncoding_equivalent(0.69) raw_noncoding(0.00) offset(0.00) 
11824	13557	single+	1	3	{Augustus_model.g2323.t1;Augustus},{GlimmerHMM_glimmerT_2495-T1;GlimmerHMM}

# EVM prediction: Mode:STANDARD S-ratio: 4.91 16287-17117 orient(-) score(4143.00) noncoding_equivalent(843.00) raw_noncoding(843.00) offset(0.00) 
17117	16287	single-	4	6	{HiQ_model.g2324.t1;HiQ},{GlimmerHMM_glimmerT_2496-T1;GlimmerHMM}

# EVM prediction: Mode:STANDARD S-ratio: 4.73 19207-20655 orient(-) score(7174.00) noncoding_equivalent(1518.03) raw_noncoding(1518.03) offset(0.00) 
20655	19207	single-	4	6	{HiQ_model.g2325.t1;HiQ}

# EVM prediction: Mode:STANDARD S-ratio: 5.00 24029-24766 orient(-) score(3690.00) noncoding_equivalent(738.00) raw_noncoding(738.00) offset(0.00) 
24766	24029	single-	4	6	{GlimmerHMM_glimmerT_2498-T1;GlimmerHMM},{HiQ_model.g2326.t1;HiQ}

# EVM prediction: Mode:STANDARD S-ratio: 4.63 25555-27477 orient(-) score(9489.00) noncoding_equivalent(2049.00) raw_noncoding(2049.00) offset(0.00) 
27477	25555	single-	4	6	{HiQ_model.g2327.t1;HiQ},{GlimmerHMM_glimmerT_2499-T1;GlimmerHMM}

# EVM prediction: Mode:STANDARD S-ratio: 4.68 27825-28874 orient(-) score(5190.00) noncoding_equivalent(1110.00) raw_noncoding(1110.00) offset(0.00) 
28874	27825	single-	4	6	{GlimmerHMM_glimmerT_2500-T1;GlimmerHMM},{HiQ_model.g2328.t1;HiQ}

# EVM prediction: Mode:STANDARD S-ratio: 4.86 29268-29915 orient(-) score(3225.00) noncoding_equivalent(663.00) raw_noncoding(663.00) offset(0.00) 
29915	29268	single-	4	6	{GlimmerHMM_glimmerT_2501-T1;GlimmerHMM},{HiQ_model.g2329.t1;HiQ}

# EVM prediction: Mode:STANDARD S-ratio: 4.20 30181-31142 orient(-) score(4249.00) noncoding_equivalent(1011.00) raw_noncoding(2028.00) offset(1017.00) 
30581	30181	terminal-	5	6	{HiQ_model.g2330.t1;HiQ},{snap_scaffold_6-snap.208-T1;snap},{GlimmerHMM_glimmerT_2502-T1;GlimmerHMM}
31093	30582	INTRON			{HiQ_model.g2330.t1;HiQ},{GlimmerHMM_glimmerT_2502-T1;GlimmerHMM},{ev_type:exonerate/ID=match.160399.2808/Target=YGL103W;exonerate}
31142	31094	initial-	4	4	{HiQ_model.g2330.t1;HiQ},{GlimmerHMM_glimmerT_2502-T1;GlimmerHMM}

# EVM prediction: Mode:STANDARD S-ratio: 74.37 31942-33402 orient(+) score(5766.00) noncoding_equivalent(77.54) raw_noncoding(77.54) offset(0.00) 
31942	33402	single+	1	3	{Augustus_model.g2331.t1;Augustus},{GlimmerHMM_glimmerT_2503-T1;GlimmerHMM}

# EVM prediction: Mode:STANDARD S-ratio: 5.00 33548-34678 orient(-) score(5655.00) noncoding_equivalent(1131.00) raw_noncoding(1131.00) offset(0.00) 
34678	33548	single-	4	6	{GlimmerHMM_glimmerT_2504-T1;GlimmerHMM},{HiQ_model.g2332.t1;HiQ}

# EVM prediction: Mode:STANDARD S-ratio: 2.00 35087-35536 orient(-) score(1800.00) noncoding_equivalent(900.00) raw_noncoding(900.00) offset(0.00) 
35536	35087	single-	4	6	{GlimmerHMM_glimmerT_2505-T1;GlimmerHMM},{HiQ_model.g2333.t1;HiQ}

# EVM prediction: Mode:STANDARD S-ratio: 160.50 35826-37763 orient(+) score(7704.00) noncoding_equivalent(48.00) raw_noncoding(48.00) offset(0.00) 
35826	37763	single+	1	3	{GlimmerHMM_glimmerT_2506-T1;GlimmerHMM}

# EVM prediction: Mode:STANDARD S-ratio: 12.65 38025-38447 orient(+) score(1568.00) noncoding_equivalent(123.96) raw_noncoding(123.96) offset(0.00) 
38025	38447	single+	1	3	{GlimmerHMM_glimmerT_2507-T1;GlimmerHMM}

# EVM prediction: Mode:STANDARD S-ratio: 10000.00 38684-40558 orient(+) score(7500.00) noncoding_equivalent(0.75) raw_noncoding(0.00) offset(0.00) 
38684	40558	single+	1	3	{Augustus_model.g2336.t1;Augustus},{GlimmerHMM_glimmerT_2508-T1;GlimmerHMM}

# EVM prediction: Mode:STANDARD S-ratio: 4.95 40727-42118 orient(-) score(6948.00) noncoding_equivalent(1404.00) raw_noncoding(1404.00) offset(0.00) 
42118	40727	single-	4	6	{GlimmerHMM_glimmerT_2509-T1;GlimmerHMM},{HiQ_model.g2337.t1;HiQ}

# EVM prediction: Mode:STANDARD S-ratio: 36.60 42367-43917 orient(+) score(6039.00) noncoding_equivalent(165.00) raw_noncoding(165.00) offset(0.00) 
42367	43917	single+	1	3	{Augustus_model.g2338.t1;Augustus},{GlimmerHMM_glimmerT_2510-T1;GlimmerHMM}

# EVM prediction: Mode:STANDARD S-ratio: 4.89 44159-46165 orient(-) score(9996.00) noncoding_equivalent(2046.00) raw_noncoding(2046.00) offset(0.00) 
46165	44159	single-	4	6	{GlimmerHMM_glimmerT_2511-T1;GlimmerHMM},{HiQ_model.g2339.t1;HiQ}

# EVM prediction: Mode:STANDARD S-ratio: 4.36 46460-48637 orient(-) score(10623.00) noncoding_equivalent(2437.00) raw_noncoding(2437.00) offset(0.00) 
48637	46460	single-	4	6	{HiQ_model.g2340.t1;HiQ},{GlimmerHMM_glimmerT_2512-T1;GlimmerHMM}

# EVM prediction: Mode:STANDARD S-ratio: 4.07 49096-50064 orient(-) score(4668.00) noncoding_equivalent(1146.00) raw_noncoding(1146.00) offset(0.00) 
50064	49096	single-	4	6	{GlimmerHMM_glimmerT_2513-T1;GlimmerHMM},{HiQ_model.g2341.t1;HiQ}

# EVM prediction: Mode:STANDARD S-ratio: 10000.00 50455-52287 orient(-) score(5499.00) noncoding_equivalent(0.55) raw_noncoding(0.00) offset(0.00) 
52287	50455	single-	4	6	{Augustus_model.g2342.t1;Augustus},{GlimmerHMM_glimmerT_2514-T1;GlimmerHMM}

# EVM prediction: Mode:STANDARD S-ratio: 4.85 52787-53584 orient(-) score(3968.00) noncoding_equivalent(818.30) raw_noncoding(818.30) offset(0.00) 
53584	52787	single-	4	6	{GlimmerHMM_glimmerT_2515-T1;GlimmerHMM},{HiQ_model.g2343.t1;HiQ}

# EVM prediction: Mode:STANDARD S-ratio: 5.00 56484-57989 orient(-) score(7530.00) noncoding_equivalent(1506.00) raw_noncoding(1506.00) offset(0.00) 
57989	56484	single-	4	6	{HiQ_model.g2344.t1;HiQ},{GlimmerHMM_glimmerT_2516-T1;GlimmerHMM}

# EVM prediction: Mode:STANDARD S-ratio: 10000.00 58494-60797 orient(+) score(9216.00) noncoding_equivalent(0.92) raw_noncoding(0.00) offset(0.00) 
58494	60797	single+	1	3	{Augustus_model.g2345.t1;Augustus},{GlimmerHMM_glimmerT_2517-T1;GlimmerHMM}

# EVM prediction: Mode:STANDARD S-ratio: 3.08 61270-61650 orient(+) score(1151.00) noncoding_equivalent(373.63) raw_noncoding(373.63) offset(0.00) 
61270	61650	single+	1	3	{GlimmerHMM_glimmerT_2518-T1;GlimmerHMM},{Augustus_model.g2346.t1;Augustus}

# EVM prediction: Mode:STANDARD S-ratio: 10000.00 61905-63419 orient(+) score(4545.00) noncoding_equivalent(0.45) raw_noncoding(0.00) offset(0.00) 
61905	63419	single+	1	3	{GlimmerHMM_glimmerT_2519-T1;GlimmerHMM},{Augustus_model.g2347.t1;Augustus}

# EVM prediction: Mode:STANDARD S-ratio: 4.77 63981-64745 orient(-) score(3793.00) noncoding_equivalent(795.14) raw_noncoding(795.14) offset(0.00) 
64745	63981	single-	4	6	{GlimmerHMM_glimmerT_2520-T1;GlimmerHMM},{HiQ_model.g2348.t1;HiQ}

# EVM prediction: Mode:STANDARD S-ratio: 10000.00 65649-67583 orient(+) score(7740.00) noncoding_equivalent(0.77) raw_noncoding(0.00) offset(0.00) 
65649	67583	single+	1	3	{GlimmerHMM_glimmerT_2521-T1;GlimmerHMM},{Augustus_model.g2349.t1;Augustus}

# EVM prediction: Mode:STANDARD S-ratio: 5.00 68056-69858 orient(-) score(9015.00) noncoding_equivalent(1803.00) raw_noncoding(1803.00) offset(0.00) 
69858	68056	single-	4	6	{GlimmerHMM_glimmerT_2522-T1;GlimmerHMM},{HiQ_model.g2350.t1;HiQ}

# EVM prediction: Mode:STANDARD S-ratio: 1.00 70235-71377 orient(-) score(2286.00) noncoding_equivalent(2286.00) raw_noncoding(2286.00) offset(0.00) 
71377	70235	single-	4	6	{GlimmerHMM_glimmerT_2523-T1;GlimmerHMM}

# EVM prediction: Mode:STANDARD S-ratio: 2.79 71599-71982 orient(+) score(1131.00) noncoding_equivalent(405.21) raw_noncoding(405.21) offset(0.00) 
71599	71982	single+	1	3	{GlimmerHMM_glimmerT_2524-T1;GlimmerHMM}

# EVM prediction: Mode:STANDARD S-ratio: 26.71 72232-73083 orient(+) score(3285.00) noncoding_equivalent(123.00) raw_noncoding(123.00) offset(0.00) 
72232	73083	single+	1	3	{GlimmerHMM_glimmerT_2525-T1;GlimmerHMM}

# EVM prediction: Mode:STANDARD S-ratio: 45.26 73305-74657 orient(+) score(5295.00) noncoding_equivalent(117.00) raw_noncoding(117.00) offset(0.00) 
73305	74657	single+	1	3	{Augustus_model.g2352.t1;Augustus},{GlimmerHMM_glimmerT_2526-T1;GlimmerHMM}

# EVM prediction: Mode:STANDARD S-ratio: 2.01 74856-76235 orient(-) score(5520.00) noncoding_equivalent(2752.55) raw_noncoding(2752.55) offset(0.00) 
76235	74856	single-	4	6	{GlimmerHMM_glimmerT_2527-T1;GlimmerHMM},{HiQ_model.g2353.t1;HiQ}

# EVM prediction: Mode:STANDARD S-ratio: 557.96 76521-80732 orient(+) score(16816.00) noncoding_equivalent(30.14) raw_noncoding(30.14) offset(0.00) 
76521	80732	single+	1	3	{Augustus_model.g2354.t1;Augustus},{GlimmerHMM_glimmerT_2528-T1;GlimmerHMM}

# EVM prediction: Mode:STANDARD S-ratio: 4.98 80879-84673 orient(-) score(18963.00) noncoding_equivalent(3807.00) raw_noncoding(3807.00) offset(0.00) 
84673	80879	single-	4	6	{GlimmerHMM_glimmerT_2529-T1;GlimmerHMM},{HiQ_model.g2355.t1;HiQ}

# EVM prediction: Mode:STANDARD S-ratio: 4.85 85415-86716 orient(-) score(6476.00) noncoding_equivalent(1334.43) raw_noncoding(1334.43) offset(0.00) 
86716	85415	single-	4	6	{HiQ_model.g2356.t1;HiQ},{GlimmerHMM_glimmerT_2530-T1;GlimmerHMM}

# EVM prediction: Mode:STANDARD S-ratio: 6.00 87085-87738 orient(-) score(3924.00) noncoding_equivalent(654.00) raw_noncoding(654.00) offset(0.00) 
87738	87085	single-	4	6	{GlimmerHMM_glimmerT_2531-T1;GlimmerHMM},{HiQ_model.g2357.t1;HiQ}

# EVM prediction: Mode:STANDARD S-ratio: 3.00 88523-89485 orient(+) score(2889.00) noncoding_equivalent(963.00) raw_noncoding(963.00) offset(0.00) 
88523	89485	single+	1	3	{Augustus_model.g2358.t1;Augustus},{GlimmerHMM_glimmerT_2532-T1;GlimmerHMM}

# EVM prediction: Mode:STANDARD S-ratio: 4.86 89644-92513 orient(-) score(14115.00) noncoding_equivalent(2905.21) raw_noncoding(3304.42) offset(399.21) 
92295	89644	terminal-	4	6	{GlimmerHMM_glimmerT_2533-T1;GlimmerHMM},{HiQ_model.g2359.t1;HiQ}
92495	92296	INTRON			{GlimmerHMM_glimmerT_2533-T1;GlimmerHMM},{HiQ_model.g2359.t1;HiQ},{ev_type:exonerate/ID=match.160399.4641/Target=YGL137W;exonerate}
92513	92496	initial-	4	6	{GlimmerHMM_glimmerT_2533-T1;GlimmerHMM},{HiQ_model.g2359.t1;HiQ}

# EVM prediction: Mode:STANDARD S-ratio: 4.32 92851-93888 orient(+) score(3372.00) noncoding_equivalent(780.00) raw_noncoding(780.00) offset(0.00) 
92851	93888	single+	1	3	{Augustus_model.g2360.t1;Augustus}

# EVM prediction: Mode:STANDARD S-ratio: 4.79 94259-96667 orient(-) score(11956.00) noncoding_equivalent(2496.40) raw_noncoding(2496.40) offset(0.00) 
96667	94259	single-	4	6	{GlimmerHMM_glimmerT_2535-T1;GlimmerHMM},{HiQ_model.g2361.t1;HiQ}

