!! Predictions spanning range 1666 - 90929 [R1]
# EVM prediction: Mode:STANDARD S-ratio: 327.29 1666-3390 orient(+) score(6873.00) noncoding_equivalent(21.00) raw_noncoding(21.00) offset(0.00) 
1666	3390	single+	1	3	{GlimmerHMM_glimmerT_4206-T1;GlimmerHMM}

# EVM prediction: Mode:STANDARD S-ratio: 4.93 3848-5026 orient(-) score(5880.00) noncoding_equivalent(1192.21) raw_noncoding(1192.21) offset(0.00) 
5026	3848	single-	4	6	{GlimmerHMM_glimmerT_4207-T1;GlimmerHMM},{HiQ_model.g3896.t1;HiQ}

# EVM prediction: Mode:STANDARD S-ratio: 4.87 5545-7536 orient(-) score(9914.00) noncoding_equivalent(2036.24) raw_noncoding(2036.24) offset(0.00) 
7536	5545	single-	4	6	{HiQ_model.g3897.t1;HiQ}

# EVM prediction: Mode:STANDARD S-ratio: 4.93 8043-11705 orient(-) score(18273.00) noncoding_equivalent(3705.00) raw_noncoding(3705.00) offset(0.00) 
11705	8043	single-	4	6	{GlimmerHMM_glimmerT_4209-T1;GlimmerHMM},{HiQ_model.g3898.t1;HiQ}

# EVM prediction: Mode:STANDARD S-ratio: 2.00 12127-13443 orient(-) score(5268.00) noncoding_equivalent(2634.00) raw_noncoding(2634.00) offset(0.00) 
13443	12127	single-	4	6	{GlimmerHMM_glimmerT_4210-T1;GlimmerHMM},{HiQ_model.g3899.t1;HiQ}

# EVM prediction: Mode:STANDARD S-ratio: 1868.53 13696-17952 orient(+) score(17017.00) noncoding_equivalent(9.11) raw_noncoding(9.11) offset(0.00) 
13696	17952	single+	1	3	{GlimmerHMM_glimmerT_4211-T1;GlimmerHMM},{Augustus_model.g3900.t1;Augustus}

# EVM prediction: Mode:STANDARD S-ratio: 4.90 18308-27184 orient(-) score(44228.00) noncoding_equivalent(9032.80) raw_noncoding(9032.80) offset(0.00) 
27184	18308	single-	4	6	{GlimmerHMM_glimmerT_4212-T1;GlimmerHMM},{HiQ_model.g3901.t1;HiQ}

# EVM prediction: Mode:STANDARD S-ratio: 10000.00 27560-29404 orient(+) score(7380.00) noncoding_equivalent(0.74) raw_noncoding(0.00) offset(0.00) 
27560	29404	single+	1	3	{Augustus_model.g3902.t1;Augustus},{GlimmerHMM_glimmerT_4213-T1;GlimmerHMM}

# EVM prediction: Mode:STANDARD S-ratio: 4.67 29690-31468 orient(-) score(8793.00) noncoding_equivalent(1881.00) raw_noncoding(1881.00) offset(0.00) 
31468	29690	single-	4	6	{HiQ_model.g3903.t1;HiQ}

# EVM prediction: Mode:STANDARD S-ratio: 3.00 32154-33533 orient(+) score(4140.00) noncoding_equivalent(1380.00) raw_noncoding(1380.00) offset(0.00) 
32154	33533	single+	1	3	{GlimmerHMM_glimmerT_4215-T1;GlimmerHMM},{Augustus_model.g3904.t1;Augustus}

# EVM prediction: Mode:STANDARD S-ratio: 1.00 33750-34631 orient(+) score(1764.00) noncoding_equivalent(1764.00) raw_noncoding(1764.00) offset(0.00) 
33750	34631	single+	1	3	{GlimmerHMM_glimmerT_4216-T1;GlimmerHMM}

# EVM prediction: Mode:STANDARD S-ratio: 10000.00 34997-37678 orient(+) score(10728.00) noncoding_equivalent(1.07) raw_noncoding(0.00) offset(0.00) 
34997	37678	single+	1	3	{GlimmerHMM_glimmerT_4217-T1;GlimmerHMM},{Augustus_model.g3905.t1;Augustus}

# EVM prediction: Mode:STANDARD S-ratio: 3.76 37966-38721 orient(-) score(3574.00) noncoding_equivalent(951.30) raw_noncoding(951.30) offset(0.00) 
38721	37966	single-	4	6	{HiQ_model.g3906.t1;HiQ}

# EVM prediction: Mode:STANDARD S-ratio: 4.63 39183-40691 orient(-) score(7446.00) noncoding_equivalent(1608.00) raw_noncoding(1608.00) offset(0.00) 
40691	39183	single-	4	6	{HiQ_model.g3907.t1;HiQ}

# EVM prediction: Mode:STANDARD S-ratio: 2.95 41130-43583 orient(-) score(7242.00) noncoding_equivalent(2454.00) raw_noncoding(2454.00) offset(0.00) 
43583	41130	single-	4	6	{GlimmerHMM_glimmerT_4220-T1;GlimmerHMM},{Augustus_model.g3908.t1;Augustus}

# EVM prediction: Mode:STANDARD S-ratio: 303.59 44103-47546 orient(+) score(13729.00) noncoding_equivalent(45.22) raw_noncoding(45.22) offset(0.00) 
44103	47546	single+	1	3	{Augustus_model.g3909.t1;Augustus},{GlimmerHMM_glimmerT_4221-T1;GlimmerHMM}

# EVM prediction: Mode:STANDARD S-ratio: 4.91 47744-48778 orient(-) score(5160.00) noncoding_equivalent(1050.00) raw_noncoding(1050.00) offset(0.00) 
48778	47744	single-	4	6	{GlimmerHMM_glimmerT_4222-T1;GlimmerHMM},{HiQ_model.g3910.t1;HiQ}

# EVM prediction: Mode:STANDARD S-ratio: 4.83 49040-50986 orient(-) score(9678.00) noncoding_equivalent(2004.00) raw_noncoding(2004.00) offset(0.00) 
50986	49040	single-	4	6	{HiQ_model.g3911.t1;HiQ},{GlimmerHMM_glimmerT_4223-T1;GlimmerHMM}

# EVM prediction: Mode:STANDARD S-ratio: 4.80 51258-52442 orient(-) score(5883.00) noncoding_equivalent(1225.43) raw_noncoding(1225.43) offset(0.00) 
52442	51258	single-	4	6	{HiQ_model.g3912.t1;HiQ},{GlimmerHMM_glimmerT_4224-T1;GlimmerHMM}

# EVM prediction: Mode:STANDARD S-ratio: 2.33 52843-53106 orient(+) score(739.00) noncoding_equivalent(317.37) raw_noncoding(317.37) offset(0.00) 
52843	53106	single+	1	3	{GlimmerHMM_glimmerT_4225-T1;GlimmerHMM}

# EVM prediction: Mode:STANDARD S-ratio: 295.09 53328-54371 orient(+) score(4160.00) noncoding_equivalent(14.10) raw_noncoding(14.10) offset(0.00) 
53328	54371	single+	1	3	{GlimmerHMM_glimmerT_4226-T1;GlimmerHMM}

# EVM prediction: Mode:STANDARD S-ratio: 3.56 54490-55287 orient(-) score(3738.00) noncoding_equivalent(1050.00) raw_noncoding(1050.00) offset(0.00) 
55287	54490	single-	4	6	{GlimmerHMM_glimmerT_4227-T1;GlimmerHMM},{HiQ_model.g3914.t1;HiQ}

# EVM prediction: Mode:STANDARD S-ratio: 4.54 55510-57465 orient(-) score(9618.00) noncoding_equivalent(2118.00) raw_noncoding(2118.00) offset(0.00) 
57465	55510	single-	4	6	{GlimmerHMM_glimmerT_4228-T1;GlimmerHMM},{HiQ_model.g3915.t1;HiQ}

# EVM prediction: Mode:STANDARD S-ratio: 2.91 58110-58505 orient(+) score(1177.00) noncoding_equivalent(405.14) raw_noncoding(405.14) offset(0.00) 
58110	58505	single+	1	3	{GlimmerHMM_glimmerT_4229-T1;GlimmerHMM}

# EVM prediction: Mode:STANDARD S-ratio: 5.00 58572-59705 orient(-) score(5670.00) noncoding_equivalent(1134.00) raw_noncoding(1134.00) offset(0.00) 
59705	58572	single-	4	6	{HiQ_model.g3916.t1;HiQ},{GlimmerHMM_glimmerT_4230-T1;GlimmerHMM}

# EVM prediction: Mode:STANDARD S-ratio: 10000.00 60536-75247 orient(-) score(58848.00) noncoding_equivalent(5.88) raw_noncoding(0.00) offset(0.00) 
75247	60536	single-	4	6	{GlimmerHMM_glimmerT_4231-T1;GlimmerHMM},{Augustus_model.g3917.t1;Augustus}

# EVM prediction: Mode:STANDARD S-ratio: 3.02 75625-76839 orient(+) score(3645.00) noncoding_equivalent(1207.71) raw_noncoding(1207.71) offset(0.00) 
75625	76839	single+	1	3	{Augustus_model.g3918.t1;Augustus},{GlimmerHMM_glimmerT_4232-T1;GlimmerHMM}

# EVM prediction: Mode:STANDARD S-ratio: 4.66 78512-79969 orient(-) score(7203.00) noncoding_equivalent(1545.00) raw_noncoding(1545.00) offset(0.00) 
79969	78512	single-	4	6	{GlimmerHMM_glimmerT_4233-T1;GlimmerHMM},{HiQ_model.g3919.t1;HiQ}

# EVM prediction: Mode:STANDARD S-ratio: 32.49 80626-81156 orient(+) score(2059.00) noncoding_equivalent(63.38) raw_noncoding(63.38) offset(0.00) 
80626	81156	single+	1	3	{GlimmerHMM_glimmerT_4234-T1;GlimmerHMM},{Augustus_model.g3920.t1;Augustus}

# EVM prediction: Mode:STANDARD S-ratio: 2.00 81540-81941 orient(-) score(1608.00) noncoding_equivalent(804.00) raw_noncoding(804.00) offset(0.00) 
81941	81540	single-	4	6	{GlimmerHMM_glimmerT_4235-T1;GlimmerHMM},{HiQ_model.g3921.t1;HiQ}

# EVM prediction: Mode:STANDARD S-ratio: 10000.00 83463-84770 orient(+) score(3924.00) noncoding_equivalent(0.39) raw_noncoding(0.00) offset(0.00) 
83463	84770	single+	1	3	{GlimmerHMM_glimmerT_4236-T1;GlimmerHMM},{Augustus_model.g3922.t1;Augustus}

# EVM prediction: Mode:STANDARD S-ratio: 15.02 86285-90929 orient(+) score(13775.00) noncoding_equivalent(916.81) raw_noncoding(975.00) offset(58.19) 
86285	87078	initial+	1	2	{Augustus_model.g3923.t1;Augustus}
87079	87136	INTRON			{Augustus_model.g3923.t1;Augustus}
87137	90929	terminal+	3	3	{snap_scaffold_13-snap.140-T1;snap},{Augustus_model.g3923.t1;Augustus}

