!! Predictions spanning range 84 - 99593 [R1]
# EVM prediction: Mode:STANDARD S-ratio: 2.00 84-550 orient(-) score(934.00) noncoding_equivalent(467.00) raw_noncoding(467.00) offset(0.00) 
550	84	initial-	4	5	{Augustus_model.g5034.t1;Augustus}

# EVM prediction: Mode:STANDARD S-ratio: 12.56 1437-3265 orient(-) score(8217.00) noncoding_equivalent(654.02) raw_noncoding(1429.64) offset(775.62) 
2794	1437	terminal-	5	6	{snap_scaffold_15-snap.1-T1;snap}
3261	2795	INTRON			{snap_scaffold_15-snap.1-T1;snap}
3265	3262	initial-	4	4	{snap_scaffold_15-snap.1-T1;snap}

# EVM prediction: Mode:STANDARD S-ratio: 166.09 3322-3846 orient(-) score(5160.00) noncoding_equivalent(31.07) raw_noncoding(31.07) offset(0.00) 
3846	3322	single-	4	6	{GlimmerHMM_glimmerT_5462-T1;GlimmerHMM}

# EVM prediction: Mode:STANDARD S-ratio: 7.63 6426-7565 orient(+) score(9066.00) noncoding_equivalent(1188.00) raw_noncoding(1188.00) offset(0.00) 
6426	7565	single+	1	3	{GlimmerHMM_glimmerT_5463-T1;GlimmerHMM}

# EVM prediction: Mode:STANDARD S-ratio: 10000.00 9545-10222 orient(+) score(3390.00) noncoding_equivalent(0.34) raw_noncoding(0.00) offset(0.00) 
9545	10222	single+	1	3	{GlimmerHMM_glimmerT_5464-T1;GlimmerHMM},{Augustus_model.g5036.t1;Augustus}

# EVM prediction: Mode:STANDARD S-ratio: 2.50 10301-10969 orient(-) score(3345.00) noncoding_equivalent(1338.00) raw_noncoding(1338.00) offset(0.00) 
10969	10301	single-	4	6	{HiQ_model.g5037.t1;HiQ},{GlimmerHMM_glimmerT_5465-T1;GlimmerHMM}

# EVM prediction: Mode:STANDARD S-ratio: 890.50 11363-12259 orient(+) score(4478.00) noncoding_equivalent(5.03) raw_noncoding(5.03) offset(0.00) 
11363	12259	single+	1	3	{Augustus_model.g5038.t1;Augustus},{GlimmerHMM_glimmerT_5466-T1;GlimmerHMM}

# EVM prediction: Mode:STANDARD S-ratio: 887.42 12929-13951 orient(+) score(7151.00) noncoding_equivalent(8.06) raw_noncoding(8.06) offset(0.00) 
12929	13951	single+	1	3	{GlimmerHMM_glimmerT_5467-T1;GlimmerHMM},{Augustus_model.g5039.t1;Augustus}

# EVM prediction: Mode:STANDARD S-ratio: 7.99 14305-14763 orient(-) score(3666.00) noncoding_equivalent(459.00) raw_noncoding(459.00) offset(0.00) 
14763	14305	single-	4	6	{GlimmerHMM_glimmerT_5468-T1;GlimmerHMM},{HiQ_model.g5040.t1;HiQ}

# EVM prediction: Mode:STANDARD S-ratio: 3.67 14793-15431 orient(-) score(4204.00) noncoding_equivalent(1145.00) raw_noncoding(1145.00) offset(0.00) 
15431	14793	single-	4	6	{HiQ_model.g5041.t1;HiQ},{GlimmerHMM_glimmerT_5469-T1;GlimmerHMM}

# EVM prediction: Mode:STANDARD S-ratio: 171.00 17004-18680 orient(+) score(6669.00) noncoding_equivalent(39.00) raw_noncoding(39.00) offset(0.00) 
17004	18680	single+	1	3	{Augustus_model.g5042.t1;Augustus},{GlimmerHMM_glimmerT_5470-T1;GlimmerHMM}

# EVM prediction: Mode:STANDARD S-ratio: 4.76 20847-22787 orient(-) score(9624.00) noncoding_equivalent(2022.00) raw_noncoding(2022.00) offset(0.00) 
22787	20847	single-	4	6	{HiQ_model.g5043.t1;HiQ},{GlimmerHMM_glimmerT_5471-T1;GlimmerHMM}

# EVM prediction: Mode:STANDARD S-ratio: 76.02 23423-25198 orient(+) score(7011.00) noncoding_equivalent(92.22) raw_noncoding(92.22) offset(0.00) 
23423	25198	single+	1	3	{Augustus_model.g5044.t1;Augustus},{GlimmerHMM_glimmerT_5472-T1;GlimmerHMM}

# EVM prediction: Mode:STANDARD S-ratio: 13.40 28442-29629 orient(+) score(4422.00) noncoding_equivalent(330.00) raw_noncoding(330.00) offset(0.00) 
28442	29629	single+	1	3	{GlimmerHMM_glimmerT_5473-T1;GlimmerHMM}

# EVM prediction: Mode:STANDARD S-ratio: 3.67 30058-30540 orient(-) score(2277.00) noncoding_equivalent(621.00) raw_noncoding(621.00) offset(0.00) 
30540	30058	single-	4	6	{HiQ_model.g5046.t1;HiQ},{GlimmerHMM_glimmerT_5474-T1;GlimmerHMM}

# EVM prediction: Mode:STANDARD S-ratio: 4.90 33272-35848 orient(-) score(12843.00) noncoding_equivalent(2619.00) raw_noncoding(2619.00) offset(0.00) 
35848	33272	single-	4	6	{HiQ_model.g5047.t1;HiQ},{GlimmerHMM_glimmerT_5475-T1;GlimmerHMM}

# EVM prediction: Mode:STANDARD S-ratio: 10000.00 36803-38674 orient(+) score(7488.00) noncoding_equivalent(0.75) raw_noncoding(0.00) offset(0.00) 
36803	38674	single+	1	3	{GlimmerHMM_glimmerT_5476-T1;GlimmerHMM},{Augustus_model.g5048.t1;Augustus}

# EVM prediction: Mode:STANDARD S-ratio: 4.89 38843-40174 orient(-) score(6630.00) noncoding_equivalent(1356.00) raw_noncoding(1356.00) offset(0.00) 
40174	38843	single-	4	6	{HiQ_model.g5049.t1;HiQ}

# EVM prediction: Mode:STANDARD S-ratio: 111.83 40421-42565 orient(+) score(8499.00) noncoding_equivalent(76.00) raw_noncoding(76.00) offset(0.00) 
40421	42565	single+	1	3	{GlimmerHMM_glimmerT_5478-T1;GlimmerHMM},{Augustus_model.g5050.t1;Augustus}

# EVM prediction: Mode:STANDARD S-ratio: 3.00 42815-43438 orient(+) score(1872.00) noncoding_equivalent(624.00) raw_noncoding(624.00) offset(0.00) 
42815	43438	single+	1	3	{GlimmerHMM_glimmerT_5479-T1;GlimmerHMM},{Augustus_model.g5051.t1;Augustus}

# EVM prediction: Mode:STANDARD S-ratio: 4.75 43628-44392 orient(-) score(3792.00) noncoding_equivalent(798.00) raw_noncoding(798.00) offset(0.00) 
44392	43628	single-	4	6	{GlimmerHMM_glimmerT_5480-T1;GlimmerHMM},{HiQ_model.g5052.t1;HiQ}

# EVM prediction: Mode:STANDARD S-ratio: 5.00 44655-45560 orient(-) score(4530.00) noncoding_equivalent(906.00) raw_noncoding(906.00) offset(0.00) 
45560	44655	single-	4	6	{HiQ_model.g5053.t1;HiQ},{GlimmerHMM_glimmerT_5481-T1;GlimmerHMM}

# EVM prediction: Mode:STANDARD S-ratio: 5.00 45720-47744 orient(-) score(10125.00) noncoding_equivalent(2025.00) raw_noncoding(2025.00) offset(0.00) 
47744	45720	single-	4	6	{HiQ_model.g5054.t1;HiQ},{GlimmerHMM_glimmerT_5482-T1;GlimmerHMM}

# EVM prediction: Mode:STANDARD S-ratio: 43.50 49139-51007 orient(+) score(7308.00) noncoding_equivalent(168.00) raw_noncoding(168.00) offset(0.00) 
49139	51007	single+	1	3	{Augustus_model.g5055.t1;Augustus},{GlimmerHMM_glimmerT_5483-T1;GlimmerHMM}

# EVM prediction: Mode:STANDARD S-ratio: 7.77 51359-52972 orient(+) score(4290.00) noncoding_equivalent(552.00) raw_noncoding(552.00) offset(0.00) 
51359	52972	single+	1	3	{Augustus_model.g5056.t1;Augustus}

# EVM prediction: Mode:STANDARD S-ratio: 6.56 53260-54695 orient(-) score(4974.00) noncoding_equivalent(758.00) raw_noncoding(1068.00) offset(310.00) 
54377	53260	terminal-	5	6	{Augustus_model.g5057.t1;Augustus},{GlimmerHMM_glimmerT_5485-T1;GlimmerHMM}
54685	54378	INTRON			{Augustus_model.g5057.t1;Augustus},{GlimmerHMM_glimmerT_5485-T1;GlimmerHMM}
54695	54686	initial-	4	4	{Augustus_model.g5057.t1;Augustus},{GlimmerHMM_glimmerT_5485-T1;GlimmerHMM}

# EVM prediction: Mode:STANDARD S-ratio: 2.02 55365-55985 orient(-) score(1242.00) noncoding_equivalent(614.43) raw_noncoding(614.43) offset(0.00) 
55985	55365	single-	4	6	{Augustus_model.g5058.t1;Augustus},{GlimmerHMM_glimmerT_5486-T1;GlimmerHMM}

# EVM prediction: Mode:STANDARD S-ratio: 10000.00 56335-57708 orient(+) score(5496.00) noncoding_equivalent(0.55) raw_noncoding(0.00) offset(0.00) 
56335	57708	single+	1	3	{GlimmerHMM_glimmerT_5487-T1;GlimmerHMM},{Augustus_model.g5059.t1;Augustus}

# EVM prediction: Mode:STANDARD S-ratio: 39.97 58781-62836 orient(+) score(15828.00) noncoding_equivalent(396.00) raw_noncoding(396.00) offset(0.00) 
58781	62836	single+	1	3	{GlimmerHMM_glimmerT_5488-T1;GlimmerHMM},{Augustus_model.g5060.t1;Augustus}

# EVM prediction: Mode:STANDARD S-ratio: 2.04 63015-63992 orient(-) score(3714.00) noncoding_equivalent(1818.00) raw_noncoding(2154.00) offset(336.00) 
63858	63015	terminal-	6	6	{HiQ_model.g5061.t1;HiQ}
63972	63859	INTRON			{HiQ_model.g5061.t1;HiQ},{ev_type:exonerate/ID=match.133146.2582/Target=YFL034C-B;exonerate}
63992	63973	initial-	4	5	{HiQ_model.g5061.t1;HiQ}

# EVM prediction: Mode:STANDARD S-ratio: 6.46 64242-64881 orient(-) score(2036.00) noncoding_equivalent(315.16) raw_noncoding(833.76) offset(518.60) 
64590	64242	terminal-	6	6	{snap_scaffold_15-snap.25-T1;snap},{Augustus_model.g5062.t1;Augustus}
64855	64591	INTRON			{Augustus_model.g5062.t1;Augustus}
64881	64856	initial-	4	5	{Augustus_model.g5062.t1;Augustus}

# EVM prediction: Mode:STANDARD S-ratio: 10000.00 65475-68696 orient(+) score(12888.00) noncoding_equivalent(1.29) raw_noncoding(0.00) offset(0.00) 
65475	68696	single+	1	3	{Augustus_model.g5063.t1;Augustus},{GlimmerHMM_glimmerT_5491-T1;GlimmerHMM}

# EVM prediction: Mode:STANDARD S-ratio: 5.00 69113-74425 orient(-) score(26565.00) noncoding_equivalent(5313.00) raw_noncoding(5313.00) offset(0.00) 
74425	69113	single-	4	6	{GlimmerHMM_glimmerT_5492-T1;GlimmerHMM},{HiQ_model.g5064.t1;HiQ}

# EVM prediction: Mode:STANDARD S-ratio: 2.94 75177-75869 orient(+) score(2055.00) noncoding_equivalent(699.00) raw_noncoding(699.00) offset(0.00) 
75177	75869	single+	1	3	{GlimmerHMM_glimmerT_5493-T1;GlimmerHMM}

# EVM prediction: Mode:STANDARD S-ratio: 326.42 76829-77986 orient(+) score(4616.00) noncoding_equivalent(14.14) raw_noncoding(14.14) offset(0.00) 
76829	77986	single+	1	3	{Augustus_model.g5066.t1;Augustus},{GlimmerHMM_glimmerT_5494-T1;GlimmerHMM}

# EVM prediction: Mode:STANDARD S-ratio: 3.77 78053-79159 orient(-) score(5250.00) noncoding_equivalent(1392.00) raw_noncoding(1392.00) offset(0.00) 
79159	78053	single-	4	6	{GlimmerHMM_glimmerT_5495-T1;GlimmerHMM},{HiQ_model.g5067.t1;HiQ}

# EVM prediction: Mode:STANDARD S-ratio: 4.06 79342-80211 orient(-) score(4188.00) noncoding_equivalent(1032.00) raw_noncoding(1032.00) offset(0.00) 
80211	79342	single-	4	6	{HiQ_model.g5068.t1;HiQ},{GlimmerHMM_glimmerT_5496-T1;GlimmerHMM}

# EVM prediction: Mode:STANDARD S-ratio: 4.88 80417-81910 orient(-) score(7437.00) noncoding_equivalent(1525.15) raw_noncoding(1525.15) offset(0.00) 
81910	80417	single-	4	6	{HiQ_model.g5069.t1;HiQ},{GlimmerHMM_glimmerT_5497-T1;GlimmerHMM}

# EVM prediction: Mode:STANDARD S-ratio: 10000.00 82578-83873 orient(+) score(5184.00) noncoding_equivalent(0.52) raw_noncoding(0.00) offset(0.00) 
82578	83873	single+	1	3	{Augustus_model.g5070.t1;Augustus},{GlimmerHMM_glimmerT_5498-T1;GlimmerHMM}

# EVM prediction: Mode:STANDARD S-ratio: 5.00 84143-87232 orient(-) score(15450.00) noncoding_equivalent(3090.00) raw_noncoding(3090.00) offset(0.00) 
87232	84143	single-	4	6	{GlimmerHMM_glimmerT_5499-T1;GlimmerHMM},{HiQ_model.g5071.t1;HiQ}

# EVM prediction: Mode:STANDARD S-ratio: 4.57 87845-90343 orient(-) score(12300.00) noncoding_equivalent(2694.00) raw_noncoding(2694.00) offset(0.00) 
90343	87845	single-	4	6	{HiQ_model.g5072.t1;HiQ},{GlimmerHMM_glimmerT_5500-T1;GlimmerHMM}

# EVM prediction: Mode:STANDARD S-ratio: 10000.00 90984-93374 orient(+) score(9564.00) noncoding_equivalent(0.96) raw_noncoding(0.00) offset(0.00) 
90984	93374	single+	1	3	{Augustus_model.g5073.t1;Augustus},{GlimmerHMM_glimmerT_5501-T1;GlimmerHMM}

# EVM prediction: Mode:STANDARD S-ratio: 5.00 93497-95008 orient(-) score(7560.00) noncoding_equivalent(1512.00) raw_noncoding(1512.00) offset(0.00) 
95008	93497	single-	4	6	{GlimmerHMM_glimmerT_5502-T1;GlimmerHMM},{HiQ_model.g5074.t1;HiQ}

# EVM prediction: Mode:STANDARD S-ratio: 2.04 96081-97496 orient(+) score(3801.00) noncoding_equivalent(1863.00) raw_noncoding(1863.00) offset(0.00) 
96081	97496	single+	1	3	{GlimmerHMM_glimmerT_5503-T1;GlimmerHMM}

# EVM prediction: Mode:STANDARD S-ratio: 23.84 99225-99593 orient(-) score(8796.00) noncoding_equivalent(369.00) raw_noncoding(369.00) offset(0.00) 
99593	99225	single-	4	6	{HiQ_model.g5076.t1;HiQ},{GlimmerHMM_glimmerT_5504-T1;GlimmerHMM}

