!! Predictions spanning range 493 - 98997 [R1]
# EVM prediction: Mode:STANDARD S-ratio: 10000.00 493-864 orient(-) score(1116.00) noncoding_equivalent(0.11) raw_noncoding(0.00) offset(0.00) 
864	493	single-	4	6	{GlimmerHMM_glimmerT_2156-T1;GlimmerHMM},{Augustus_model.g1891.t1;Augustus}

# EVM prediction: Mode:STANDARD S-ratio: 3.47 2370-3372 orient(-) score(2219.00) noncoding_equivalent(640.39) raw_noncoding(837.00) offset(196.61) 
2832	2370	terminal-	6	6	{GlimmerHMM_glimmerT_2157-T1;GlimmerHMM},{Augustus_model.g1892.t1;Augustus}
2983	2833	INTRON			{Augustus_model.g1892.t1;Augustus}
3372	2984	initial-	4	5	{Augustus_model.g1892.t1;Augustus}

# EVM prediction: Mode:STANDARD S-ratio: 1376.58 5742-7469 orient(+) score(6896.00) noncoding_equivalent(5.01) raw_noncoding(5.01) offset(0.00) 
5742	7469	single+	1	3	{GlimmerHMM_glimmerT_2158-T1;GlimmerHMM},{Augustus_model.g1893.t1;Augustus}

# EVM prediction: Mode:STANDARD S-ratio: 5.00 7948-9186 orient(-) score(6195.00) noncoding_equivalent(1239.00) raw_noncoding(1239.00) offset(0.00) 
9186	7948	single-	4	6	{GlimmerHMM_glimmerT_2159-T1;GlimmerHMM},{HiQ_model.g1894.t1;HiQ}

# EVM prediction: Mode:STANDARD S-ratio: 535.61 9593-10489 orient(-) score(2684.00) noncoding_equivalent(5.01) raw_noncoding(5.01) offset(0.00) 
10489	9593	single-	4	6	{Augustus_model.g1895.t1;Augustus},{GlimmerHMM_glimmerT_2160-T1;GlimmerHMM}

# EVM prediction: Mode:STANDARD S-ratio: 10000.00 12293-13888 orient(+) score(4788.00) noncoding_equivalent(0.48) raw_noncoding(0.00) offset(0.00) 
12293	13888	single+	1	3	{Augustus_model.g1896.t1;Augustus},{GlimmerHMM_glimmerT_2161-T1;GlimmerHMM}

# EVM prediction: Mode:STANDARD S-ratio: 1.94 14564-18827 orient(-) score(3325.00) noncoding_equivalent(1717.14) raw_noncoding(1887.00) offset(169.86) 
15106	14564	terminal-	4	6	{Augustus_model.g1897.t1;Augustus}
17750	15107	INTRON			{Augustus_model.g1897.t1;Augustus}
18827	17751	initial-	4	6	{Augustus_model.g1897.t1;Augustus}

# EVM prediction: Mode:STANDARD S-ratio: 10000.00 21311-23620 orient(-) score(6930.00) noncoding_equivalent(0.69) raw_noncoding(0.00) offset(0.00) 
23620	21311	single-	4	6	{GlimmerHMM_glimmerT_2163-T1;GlimmerHMM},{Augustus_model.g1898.t1;Augustus}

# EVM prediction: Mode:STANDARD S-ratio: 2.29 24097-24969 orient(-) score(3960.00) noncoding_equivalent(1731.35) raw_noncoding(1731.35) offset(0.00) 
24969	24097	single-	4	6	{GlimmerHMM_glimmerT_2164-T1;GlimmerHMM},{HiQ_model.g1899.t1;HiQ}

# EVM prediction: Mode:STANDARD S-ratio: 7.27 25958-28099 orient(-) score(5649.00) noncoding_equivalent(777.00) raw_noncoding(777.00) offset(0.00) 
28099	25958	single-	4	6	{GlimmerHMM_glimmerT_2165-T1;GlimmerHMM},{Augustus_model.g1900.t1;Augustus}

# EVM prediction: Mode:STANDARD S-ratio: 2.08 28464-29078 orient(-) score(2066.00) noncoding_equivalent(992.15) raw_noncoding(1171.15) offset(179.00) 
28881	28464	terminal-	6	6	{Augustus_model.g1901.t1;Augustus},{snap_scaffold_5-snap.10-T1;snap},{GlimmerHMM_glimmerT_2166-T1;GlimmerHMM}
29064	28882	INTRON			{Augustus_model.g1901.t1;Augustus},{GlimmerHMM_glimmerT_2166-T1;GlimmerHMM}
29078	29065	initial-	4	5	{Augustus_model.g1901.t1;Augustus},{GlimmerHMM_glimmerT_2166-T1;GlimmerHMM}

# EVM prediction: Mode:STANDARD S-ratio: 3.00 29341-29880 orient(+) score(1620.00) noncoding_equivalent(540.00) raw_noncoding(540.00) offset(0.00) 
29341	29880	single+	1	3	{Augustus_model.g1902.t1;Augustus},{GlimmerHMM_glimmerT_2167-T1;GlimmerHMM}

# EVM prediction: Mode:STANDARD S-ratio: 97.49 29933-34918 orient(-) score(14805.00) noncoding_equivalent(151.87) raw_noncoding(151.87) offset(0.00) 
34918	29933	single-	4	6	{GlimmerHMM_glimmerT_2168-T1;GlimmerHMM},{Augustus_model.g1903.t1;Augustus}

# EVM prediction: Mode:STANDARD S-ratio: 173.25 35453-36217 orient(-) score(2280.00) noncoding_equivalent(13.16) raw_noncoding(13.16) offset(0.00) 
36217	35453	single-	4	6	{GlimmerHMM_glimmerT_2169-T1;GlimmerHMM},{Augustus_model.g1904.t1;Augustus}

# EVM prediction: Mode:STANDARD S-ratio: 10000.00 36586-36840 orient(-) score(765.00) noncoding_equivalent(0.08) raw_noncoding(0.00) offset(0.00) 
36840	36586	single-	4	6	{Augustus_model.g1905.t1;Augustus},{GlimmerHMM_glimmerT_2170-T1;GlimmerHMM}

# EVM prediction: Mode:STANDARD S-ratio: 530.20 38858-40849 orient(+) score(7953.00) noncoding_equivalent(15.00) raw_noncoding(15.00) offset(0.00) 
38858	40849	single+	1	3	{GlimmerHMM_glimmerT_2171-T1;GlimmerHMM},{Augustus_model.g1906.t1;Augustus}

# EVM prediction: Mode:STANDARD S-ratio: 4.62 42102-42902 orient(-) score(3951.00) noncoding_equivalent(855.00) raw_noncoding(855.00) offset(0.00) 
42902	42102	single-	4	6	{HiQ_model.g1907.t1;HiQ}

# EVM prediction: Mode:STANDARD S-ratio: 5.00 43178-52612 orient(-) score(47168.00) noncoding_equivalent(9440.12) raw_noncoding(9440.12) offset(0.00) 
52612	43178	single-	4	6	{GlimmerHMM_glimmerT_2174-T1;GlimmerHMM},{HiQ_model.g1908.t1;HiQ}

# EVM prediction: Mode:STANDARD S-ratio: 8.27 54986-55729 orient(-) score(2655.00) noncoding_equivalent(321.00) raw_noncoding(321.00) offset(0.00) 
55729	54986	single-	4	6	{GlimmerHMM_glimmerT_2175-T1;GlimmerHMM}

# EVM prediction: Mode:STANDARD S-ratio: 1.62 55948-57459 orient(-) score(2806.00) noncoding_equivalent(1727.04) raw_noncoding(1727.04) offset(0.00) 
57459	55948	single-	4	6	{GlimmerHMM_glimmerT_2176-T1;GlimmerHMM}

# EVM prediction: Mode:STANDARD S-ratio: 931.95 57766-59655 orient(+) score(7550.00) noncoding_equivalent(8.10) raw_noncoding(8.10) offset(0.00) 
57766	59655	single+	1	3	{GlimmerHMM_glimmerT_2177-T1;GlimmerHMM},{Augustus_model.g1910.t1;Augustus}

# EVM prediction: Mode:STANDARD S-ratio: 501.80 59805-62318 orient(-) score(7527.00) noncoding_equivalent(15.00) raw_noncoding(15.00) offset(0.00) 
62318	59805	single-	4	6	{GlimmerHMM_glimmerT_2178-T1;GlimmerHMM},{Augustus_model.g1911.t1;Augustus}

# EVM prediction: Mode:STANDARD S-ratio: 42.50 62584-63279 orient(+) score(2040.00) noncoding_equivalent(48.00) raw_noncoding(48.00) offset(0.00) 
62584	63279	single+	1	3	{Augustus_model.g1912.t1;Augustus},{GlimmerHMM_glimmerT_2179-T1;GlimmerHMM}

# EVM prediction: Mode:STANDARD S-ratio: 20.76 63443-65944 orient(-) score(7161.00) noncoding_equivalent(345.00) raw_noncoding(345.00) offset(0.00) 
65944	63443	single-	4	6	{Augustus_model.g1913.t1;Augustus},{GlimmerHMM_glimmerT_2180-T1;GlimmerHMM}

# EVM prediction: Mode:STANDARD S-ratio: 4.85 66304-69360 orient(-) score(15207.00) noncoding_equivalent(3133.18) raw_noncoding(3133.18) offset(0.00) 
69360	66304	single-	4	6	{HiQ_model.g1914.t1;HiQ},{GlimmerHMM_glimmerT_2181-T1;GlimmerHMM}

# EVM prediction: Mode:STANDARD S-ratio: 39.98 70555-72810 orient(+) score(8796.00) noncoding_equivalent(220.00) raw_noncoding(220.00) offset(0.00) 
70555	72810	single+	1	3	{GlimmerHMM_glimmerT_2182-T1;GlimmerHMM},{Augustus_model.g1915.t1;Augustus}

# EVM prediction: Mode:STANDARD S-ratio: 10000.00 73970-75733 orient(+) score(7047.00) noncoding_equivalent(0.70) raw_noncoding(0.00) offset(0.00) 
73970	75733	single+	1	3	{Augustus_model.g1916.t1;Augustus},{GlimmerHMM_glimmerT_2183-T1;GlimmerHMM}

# EVM prediction: Mode:STANDARD S-ratio: 19.50 76495-77247 orient(+) score(2864.00) noncoding_equivalent(146.84) raw_noncoding(146.84) offset(0.00) 
76495	77247	single+	1	3	{Augustus_model.g1917.t1;Augustus},{GlimmerHMM_glimmerT_2184-T1;GlimmerHMM}

# EVM prediction: Mode:STANDARD S-ratio: 52.47 77712-80438 orient(+) score(10704.00) noncoding_equivalent(204.00) raw_noncoding(204.00) offset(0.00) 
77712	80438	single+	1	3	{Augustus_model.g1918.t1;Augustus},{GlimmerHMM_glimmerT_2185-T1;GlimmerHMM}

# EVM prediction: Mode:STANDARD S-ratio: 10000.00 84071-84442 orient(+) score(7764.00) noncoding_equivalent(0.78) raw_noncoding(0.00) offset(0.00) 
84071	84442	single+	1	3	{GlimmerHMM_glimmerT_2186-T1;GlimmerHMM},{Augustus_model.g1919.t1;Augustus}

# EVM prediction: Mode:STANDARD S-ratio: 10000.00 84918-86837 orient(-) score(5760.00) noncoding_equivalent(0.58) raw_noncoding(0.00) offset(0.00) 
86837	84918	single-	4	6	{Augustus_model.g1920.t1;Augustus},{GlimmerHMM_glimmerT_2187-T1;GlimmerHMM}

# EVM prediction: Mode:STANDARD S-ratio: 4.99 87384-88226 orient(-) score(4209.00) noncoding_equivalent(843.00) raw_noncoding(843.00) offset(0.00) 
88226	87384	single-	4	6	{GlimmerHMM_glimmerT_2188-T1;GlimmerHMM},{HiQ_model.g1921.t1;HiQ}

# EVM prediction: Mode:STANDARD S-ratio: 2.00 88472-89584 orient(-) score(2227.00) noncoding_equivalent(1112.00) raw_noncoding(1112.00) offset(0.00) 
89584	88472	single-	4	6	{GlimmerHMM_glimmerT_2189-T1;GlimmerHMM},{Augustus_model.g1922.t1;Augustus}

# EVM prediction: Mode:STANDARD S-ratio: 2.27 90359-95398 orient(+) score(9085.00) noncoding_equivalent(4009.11) raw_noncoding(4464.00) offset(454.89) 
90359	93444	initial+	1	2	{GlimmerHMM_glimmerT_2190-T1;GlimmerHMM}
93445	93462	INTRON			{GlimmerHMM_glimmerT_2190-T1;GlimmerHMM}
93463	93546	internal+	3	2	{GlimmerHMM_glimmerT_2190-T1;GlimmerHMM}
93547	94368	INTRON			{GlimmerHMM_glimmerT_2190-T1;GlimmerHMM}
94369	95398	terminal+	3	3	{GlimmerHMM_glimmerT_2190-T1;GlimmerHMM}

# EVM prediction: Mode:STANDARD S-ratio: 86.86 95714-97915 orient(-) score(6529.00) noncoding_equivalent(75.17) raw_noncoding(75.17) offset(0.00) 
97915	95714	single-	4	6	{GlimmerHMM_glimmerT_2191-T1;GlimmerHMM}

# EVM prediction: Mode:STANDARD S-ratio: 1.92 98689-98997 orient(-) score(1185.00) noncoding_equivalent(618.00) raw_noncoding(618.00) offset(0.00) 
98997	98689	single-	4	6	{GlimmerHMM_glimmerT_2192-T1;GlimmerHMM},{HiQ_model.g1925.t1;HiQ}

