!! Predictions spanning range 2218 - 92867 [R1]
# EVM prediction: Mode:STANDARD S-ratio: 10000.00 2218-3814 orient(+) score(3194.00) noncoding_equivalent(0.32) raw_noncoding(0.00) offset(0.00) 
2218	2310	initial+	1	3	{Augustus_gene910.t1;Augustus}
2311	2356	INTRON			{Augustus_gene910.t1;Augustus}
2357	3814	terminal+	1	3	{Augustus_gene910.t1;Augustus}

# EVM prediction: Mode:STANDARD S-ratio: 10000.00 26353-27144 orient(-) score(1584.00) noncoding_equivalent(0.16) raw_noncoding(0.00) offset(0.00) 
27144	26353	single-	4	6	{Augustus_gene35.t1;Augustus}

# EVM prediction: Mode:STANDARD S-ratio: 10000.00 27315-27578 orient(+) score(528.00) noncoding_equivalent(0.05) raw_noncoding(0.00) offset(0.00) 
27315	27578	single+	1	3	{Augustus_gene162.t1;Augustus}

# EVM prediction: Mode:STANDARD S-ratio: 10000.00 30346-31086 orient(-) score(1482.00) noncoding_equivalent(0.15) raw_noncoding(0.00) offset(0.00) 
31086	30346	single-	4	6	{Augustus_gene517.t1;Augustus}

# EVM prediction: Mode:STANDARD S-ratio: 10000.00 31239-33313 orient(-) score(4150.00) noncoding_equivalent(0.42) raw_noncoding(0.00) offset(0.00) 
32500	31239	terminal-	5	6	{Augustus_gene153.t1;Augustus}
32736	32501	INTRON			{Augustus_gene153.t1;Augustus}
33313	32737	initial-	4	4	{Augustus_gene153.t1;Augustus}

# EVM prediction: Mode:STANDARD S-ratio: 10000.00 42084-44024 orient(+) score(3882.00) noncoding_equivalent(0.39) raw_noncoding(0.00) offset(0.00) 
42084	44024	single+	1	3	{Augustus_gene902.t1;Augustus}

# EVM prediction: Mode:STANDARD S-ratio: 10000.00 44283-45320 orient(+) score(2076.00) noncoding_equivalent(0.21) raw_noncoding(0.00) offset(0.00) 
44283	45320	single+	1	3	{Augustus_gene716.t1;Augustus}

# EVM prediction: Mode:STANDARD S-ratio: 10000.00 57404-59395 orient(-) score(3984.00) noncoding_equivalent(0.40) raw_noncoding(0.00) offset(0.00) 
59395	57404	single-	4	6	{Augustus_gene952.t1;Augustus}

# EVM prediction: Mode:STANDARD S-ratio: 10000.00 86205-86837 orient(-) score(1266.00) noncoding_equivalent(0.13) raw_noncoding(0.00) offset(0.00) 
86837	86205	single-	4	6	{Augustus_gene467.t1;Augustus}

# EVM prediction: Mode:STANDARD S-ratio: 10000.00 91467-92867 orient(-) score(2802.00) noncoding_equivalent(0.28) raw_noncoding(0.00) offset(0.00) 
92867	91467	single-	4	6	{Augustus_gene689.t1;Augustus}

