!! Predictions spanning range 4473 - 85917 [R1]
# EVM prediction: Mode:STANDARD S-ratio: 10000.00 4473-6518 orient(-) score(4088.00) noncoding_equivalent(0.41) raw_noncoding(0.00) offset(0.00) 
6518	4473	single-	4	6	{Augustus_gene483.t1;Augustus}

# EVM prediction: Mode:STANDARD S-ratio: 10000.00 19786-21033 orient(+) score(2496.00) noncoding_equivalent(0.25) raw_noncoding(0.00) offset(0.00) 
19786	21033	single+	1	3	{Augustus_gene1011.t1;Augustus}

# EVM prediction: Mode:STANDARD S-ratio: 10000.00 24626-25042 orient(+) score(834.00) noncoding_equivalent(0.08) raw_noncoding(0.00) offset(0.00) 
24626	25042	single+	1	3	{Augustus_gene211.t1;Augustus}

# EVM prediction: Mode:STANDARD S-ratio: 10000.00 32201-34960 orient(-) score(5520.00) noncoding_equivalent(0.55) raw_noncoding(0.00) offset(0.00) 
34960	32201	single-	4	6	{Augustus_gene345.t1;Augustus}

# EVM prediction: Mode:STANDARD S-ratio: 10000.00 47961-48401 orient(+) score(882.00) noncoding_equivalent(0.09) raw_noncoding(0.00) offset(0.00) 
47961	48401	single+	1	3	{Augustus_gene231.t1;Augustus}

# EVM prediction: Mode:STANDARD S-ratio: 10000.00 59339-60352 orient(-) score(2028.00) noncoding_equivalent(0.20) raw_noncoding(0.00) offset(0.00) 
60352	59339	single-	4	6	{Augustus_gene761.t1;Augustus}

# EVM prediction: Mode:STANDARD S-ratio: 10000.00 62058-63278 orient(-) score(2442.00) noncoding_equivalent(0.24) raw_noncoding(0.00) offset(0.00) 
62090	62058	terminal-	4	6	{Augustus_gene1033.t1;Augustus}
62135	62091	INTRON			{Augustus_gene1033.t1;Augustus}
63278	62136	initial-	4	6	{Augustus_gene1033.t1;Augustus}

# EVM prediction: Mode:STANDARD S-ratio: 10000.00 71197-72594 orient(+) score(2796.00) noncoding_equivalent(0.28) raw_noncoding(0.00) offset(0.00) 
71197	72594	single+	1	3	{Augustus_gene657.t1;Augustus}

# EVM prediction: Mode:STANDARD S-ratio: 10000.00 83599-85917 orient(-) score(4638.00) noncoding_equivalent(0.46) raw_noncoding(0.00) offset(0.00) 
85917	83599	single-	4	6	{Augustus_gene825.t1;Augustus}

