!! Predictions spanning range 1518 - 99766 [R1]
# EVM prediction: Mode:STANDARD S-ratio: 2.01 1518-2378 orient(+) score(1722.00) noncoding_equivalent(855.00) raw_noncoding(855.00) offset(0.00) 
1518	2378	single+	1	3	{GlimmerHMM_glimmerT_3396-T1;GlimmerHMM},{Augustus_model.g2938.t1;Augustus}

# EVM prediction: Mode:STANDARD S-ratio: 17.61 2433-5418 orient(-) score(8314.00) noncoding_equivalent(472.04) raw_noncoding(770.37) offset(298.33) 
5237	2433	terminal-	4	6	{snap_scaffold_3-snap.347-T1;snap}
5409	5238	INTRON			{snap_scaffold_3-snap.347-T1;snap}
5418	5410	initial-	4	6	{snap_scaffold_3-snap.347-T1;snap}

# EVM prediction: Mode:STANDARD S-ratio: 141.09 5755-7416 orient(-) score(4951.00) noncoding_equivalent(35.09) raw_noncoding(35.09) offset(0.00) 
7416	5755	single-	4	6	{GlimmerHMM_glimmerT_3398-T1;GlimmerHMM}

# EVM prediction: Mode:STANDARD S-ratio: 1.71 7770-8201 orient(+) score(748.00) noncoding_equivalent(437.20) raw_noncoding(614.20) offset(177.00) 
7770	7775	initial+	1	3	{snap_scaffold_3-snap.349-T1;snap}
7776	7886	INTRON			{snap_scaffold_3-snap.349-T1;snap}
7887	8201	terminal+	1	3	{GlimmerHMM_glimmerT_3399-T1;GlimmerHMM}

# EVM prediction: Mode:STANDARD S-ratio: 9.06 8380-9450 orient(+) score(2893.00) noncoding_equivalent(319.19) raw_noncoding(319.19) offset(0.00) 
8380	9450	single+	1	3	{GlimmerHMM_glimmerT_3400-T1;GlimmerHMM}

# EVM prediction: Mode:STANDARD S-ratio: 550.48 9484-11181 orient(-) score(5083.00) noncoding_equivalent(9.23) raw_noncoding(9.23) offset(0.00) 
11181	9484	single-	4	6	{Augustus_model.g2941.t1;Augustus},{GlimmerHMM_glimmerT_3401-T1;GlimmerHMM}

# EVM prediction: Mode:STANDARD S-ratio: 416.55 11506-16098 orient(+) score(13746.00) noncoding_equivalent(33.00) raw_noncoding(33.00) offset(0.00) 
11506	16098	single+	1	3	{GlimmerHMM_glimmerT_3402-T1;GlimmerHMM},{Augustus_model.g2942.t1;Augustus}

# EVM prediction: Mode:STANDARD S-ratio: 46.31 16235-18981 orient(-) score(7919.00) noncoding_equivalent(171.00) raw_noncoding(173.00) offset(2.00) 
16245	16235	terminal-	5	6	{Augustus_model.g2943.t1;Augustus}
16394	16246	INTRON			{Augustus_model.g2943.t1;Augustus}
18981	16395	initial-	4	4	{Augustus_model.g2943.t1;Augustus}

# EVM prediction: Mode:STANDARD S-ratio: 89.22 19703-20833 orient(-) score(3354.00) noncoding_equivalent(37.59) raw_noncoding(37.59) offset(0.00) 
20833	19703	single-	4	6	{Augustus_model.g2944.t1;Augustus},{GlimmerHMM_glimmerT_3404-T1;GlimmerHMM}

# EVM prediction: Mode:STANDARD S-ratio: 23.09 22015-23700 orient(+) score(4848.00) noncoding_equivalent(210.00) raw_noncoding(210.00) offset(0.00) 
22015	23700	single+	1	3	{Augustus_model.g2945.t1;Augustus},{GlimmerHMM_glimmerT_3405-T1;GlimmerHMM}

# EVM prediction: Mode:STANDARD S-ratio: 172.31 24737-26071 orient(+) score(3980.00) noncoding_equivalent(23.10) raw_noncoding(23.10) offset(0.00) 
24737	26071	single+	1	3	{GlimmerHMM_glimmerT_3406-T1;GlimmerHMM},{Augustus_model.g2946.t1;Augustus}

# EVM prediction: Mode:STANDARD S-ratio: 10000.00 27446-28756 orient(+) score(3933.00) noncoding_equivalent(0.39) raw_noncoding(0.00) offset(0.00) 
27446	28756	single+	1	3	{GlimmerHMM_glimmerT_3408-T1;GlimmerHMM},{Augustus_model.g2947.t1;Augustus}

# EVM prediction: Mode:STANDARD S-ratio: 137.39 28895-30238 orient(-) score(4001.00) noncoding_equivalent(29.12) raw_noncoding(29.12) offset(0.00) 
30238	28895	single-	4	6	{Augustus_model.g2948.t1;Augustus},{GlimmerHMM_glimmerT_3409-T1;GlimmerHMM}

# EVM prediction: Mode:STANDARD S-ratio: 57.46 30703-33652 orient(+) score(8611.00) noncoding_equivalent(149.87) raw_noncoding(239.00) offset(89.13) 
30703	30706	initial+	1	1	{Augustus_model.g2949.t1;Augustus},{snap_scaffold_3-snap.359-T1;snap}
30707	30717	INTRON			{snap_scaffold_3-snap.359-T1;snap}
30718	30739	internal+	2	2	{snap_scaffold_3-snap.359-T1;snap}
30740	30816	INTRON			{snap_scaffold_3-snap.359-T1;snap}
30817	33652	terminal+	3	3	{snap_scaffold_3-snap.359-T1;snap}

# EVM prediction: Mode:STANDARD S-ratio: 2.01 33714-34643 orient(-) score(1860.00) noncoding_equivalent(927.58) raw_noncoding(927.58) offset(0.00) 
34643	33714	single-	4	6	{Augustus_model.g2950.t1;Augustus},{GlimmerHMM_glimmerT_3411-T1;GlimmerHMM}

# EVM prediction: Mode:STANDARD S-ratio: 10000.00 34813-35625 orient(+) score(2439.00) noncoding_equivalent(0.24) raw_noncoding(0.00) offset(0.00) 
34813	35625	single+	1	3	{GlimmerHMM_glimmerT_3412-T1;GlimmerHMM},{Augustus_model.g2951.t1;Augustus}

# EVM prediction: Mode:STANDARD S-ratio: 10000.00 35661-36326 orient(-) score(1998.00) noncoding_equivalent(0.20) raw_noncoding(0.00) offset(0.00) 
36326	35661	single-	4	6	{Augustus_model.g2952.t1;Augustus},{GlimmerHMM_glimmerT_3413-T1;GlimmerHMM}

# EVM prediction: Mode:STANDARD S-ratio: 12.38 36475-37626 orient(-) score(3198.00) noncoding_equivalent(258.28) raw_noncoding(258.28) offset(0.00) 
37626	36475	single-	4	6	{Augustus_model.g2953.t1;Augustus},{GlimmerHMM_glimmerT_3414-T1;GlimmerHMM}

# EVM prediction: Mode:STANDARD S-ratio: 296.00 37812-39593 orient(-) score(5328.00) noncoding_equivalent(18.00) raw_noncoding(18.00) offset(0.00) 
39593	37812	single-	4	6	{Augustus_model.g2954.t1;Augustus}

# EVM prediction: Mode:STANDARD S-ratio: 2.00 39836-41062 orient(+) score(2454.00) noncoding_equivalent(1227.00) raw_noncoding(1227.00) offset(0.00) 
39836	41062	single+	1	3	{GlimmerHMM_glimmerT_3416-T1;GlimmerHMM},{Augustus_model.g2955.t1;Augustus}

# EVM prediction: Mode:STANDARD S-ratio: 24.55 41185-44520 orient(-) score(9615.00) noncoding_equivalent(391.60) raw_noncoding(391.60) offset(0.00) 
44520	41185	single-	4	6	{Augustus_model.g2956.t1;Augustus}

# EVM prediction: Mode:STANDARD S-ratio: 173.39 45309-48209 orient(+) score(8652.00) noncoding_equivalent(49.90) raw_noncoding(49.90) offset(0.00) 
45309	48209	single+	1	3	{GlimmerHMM_glimmerT_3418-T1;GlimmerHMM},{Augustus_model.g2957.t1;Augustus}

# EVM prediction: Mode:STANDARD S-ratio: 12.86 48333-48734 orient(+) score(1119.00) noncoding_equivalent(87.00) raw_noncoding(87.00) offset(0.00) 
48333	48734	single+	1	3	{GlimmerHMM_glimmerT_3419-T1;GlimmerHMM},{Augustus_model.g2958.t1;Augustus}

# EVM prediction: Mode:STANDARD S-ratio: 11.01 48827-49471 orient(-) score(1840.00) noncoding_equivalent(167.18) raw_noncoding(186.00) offset(18.82) 
49370	48827	terminal-	6	6	{Augustus_model.g2959.t1;Augustus},{GlimmerHMM_glimmerT_3420-T1;GlimmerHMM}
49445	49371	INTRON			{Augustus_model.g2959.t1;Augustus},{GlimmerHMM_glimmerT_3420-T1;GlimmerHMM}
49471	49446	initial-	4	5	{Augustus_model.g2959.t1;Augustus},{GlimmerHMM_glimmerT_3420-T1;GlimmerHMM}

# EVM prediction: Mode:STANDARD S-ratio: 12.01 49698-51011 orient(-) score(3638.00) noncoding_equivalent(302.92) raw_noncoding(302.92) offset(0.00) 
51011	49698	single-	4	6	{GlimmerHMM_glimmerT_3421-T1;GlimmerHMM}

# EVM prediction: Mode:STANDARD S-ratio: 663.52 51196-52977 orient(-) score(5338.00) noncoding_equivalent(8.04) raw_noncoding(8.04) offset(0.00) 
52977	51196	single-	4	6	{GlimmerHMM_glimmerT_3422-T1;GlimmerHMM}

# EVM prediction: Mode:STANDARD S-ratio: 17.08 53228-55570 orient(+) score(7008.00) noncoding_equivalent(410.24) raw_noncoding(410.24) offset(0.00) 
53228	55570	single+	1	3	{Augustus_model.g2961.t1;Augustus},{GlimmerHMM_glimmerT_3423-T1;GlimmerHMM}

# EVM prediction: Mode:STANDARD S-ratio: 68.39 55920-57128 orient(+) score(3573.00) noncoding_equivalent(52.25) raw_noncoding(52.25) offset(0.00) 
55920	57128	single+	1	3	{Augustus_model.g2962.t1;Augustus},{GlimmerHMM_glimmerT_3424-T1;GlimmerHMM}

# EVM prediction: Mode:STANDARD S-ratio: 2.00 57200-57628 orient(-) score(858.00) noncoding_equivalent(429.00) raw_noncoding(429.00) offset(0.00) 
57628	57200	single-	4	6	{Augustus_model.g2963.t1;Augustus},{GlimmerHMM_glimmerT_3425-T1;GlimmerHMM}

# EVM prediction: Mode:STANDARD S-ratio: 10000.00 57779-58624 orient(-) score(2538.00) noncoding_equivalent(0.25) raw_noncoding(0.00) offset(0.00) 
58624	57779	single-	4	6	{GlimmerHMM_glimmerT_3426-T1;GlimmerHMM},{Augustus_model.g2964.t1;Augustus}

# EVM prediction: Mode:STANDARD S-ratio: 2.00 58880-59875 orient(+) score(1992.00) noncoding_equivalent(996.00) raw_noncoding(996.00) offset(0.00) 
58880	59875	single+	1	3	{Augustus_model.g2965.t1;Augustus},{GlimmerHMM_glimmerT_3427-T1;GlimmerHMM}

# EVM prediction: Mode:STANDARD S-ratio: 1.41 59879-60953 orient(-) score(1853.00) noncoding_equivalent(1315.00) raw_noncoding(1429.24) offset(114.23) 
60804	59879	terminal-	5	6	{GlimmerHMM_glimmerT_3428-T1;GlimmerHMM}
60862	60805	INTRON			{GlimmerHMM_glimmerT_3428-T1;GlimmerHMM}
60953	60863	initial-	4	4	{GlimmerHMM_glimmerT_3428-T1;GlimmerHMM}

# EVM prediction: Mode:STANDARD S-ratio: 1.53 60991-61767 orient(-) score(1409.00) noncoding_equivalent(922.61) raw_noncoding(922.61) offset(0.00) 
61767	60991	single-	4	6	{GlimmerHMM_glimmerT_3429-T1;GlimmerHMM}

# EVM prediction: Mode:STANDARD S-ratio: 107.40 62002-63717 orient(+) score(5099.00) noncoding_equivalent(47.48) raw_noncoding(47.48) offset(0.00) 
62002	63717	single+	1	3	{GlimmerHMM_glimmerT_3430-T1;GlimmerHMM}

# EVM prediction: Mode:STANDARD S-ratio: 9.21 63781-65521 orient(-) score(4948.00) noncoding_equivalent(537.07) raw_noncoding(740.07) offset(203.00) 
64751	63781	terminal-	5	6	{snap_scaffold_3-snap.372-T1;snap},{Augustus_model.g2968.t1;Augustus}
65019	64752	INTRON			{snap_scaffold_3-snap.372-T1;snap},{Augustus_model.g2968.t1;Augustus}
65521	65020	initial-	4	4	{Augustus_model.g2968.t1;Augustus}

# EVM prediction: Mode:STANDARD S-ratio: 94.63 65726-66490 orient(+) score(2271.00) noncoding_equivalent(24.00) raw_noncoding(24.00) offset(0.00) 
65726	66490	single+	1	3	{Augustus_model.g2969.t1;Augustus},{GlimmerHMM_glimmerT_3433-T1;GlimmerHMM}

# EVM prediction: Mode:STANDARD S-ratio: 2.00 66655-67050 orient(-) score(792.00) noncoding_equivalent(396.00) raw_noncoding(396.00) offset(0.00) 
67050	66655	single-	4	6	{GlimmerHMM_glimmerT_3434-T1;GlimmerHMM},{Augustus_model.g2970.t1;Augustus}

# EVM prediction: Mode:STANDARD S-ratio: 12.17 67204-69447 orient(-) score(6219.00) noncoding_equivalent(511.22) raw_noncoding(511.22) offset(0.00) 
69447	67204	single-	4	6	{GlimmerHMM_glimmerT_3435-T1;GlimmerHMM}

# EVM prediction: Mode:STANDARD S-ratio: 6.94 70927-72618 orient(-) score(4436.00) noncoding_equivalent(639.62) raw_noncoding(639.62) offset(0.00) 
72618	70927	single-	4	6	{GlimmerHMM_glimmerT_3436-T1;GlimmerHMM}

# EVM prediction: Mode:STANDARD S-ratio: 18.96 72822-73754 orient(-) score(2659.00) noncoding_equivalent(140.25) raw_noncoding(140.25) offset(0.00) 
73754	72822	single-	4	6	{GlimmerHMM_glimmerT_3437-T1;GlimmerHMM},{Augustus_model.g2972.t1;Augustus}

# EVM prediction: Mode:STANDARD S-ratio: 26.75 74241-75572 orient(+) score(3852.00) noncoding_equivalent(144.00) raw_noncoding(144.00) offset(0.00) 
74241	75572	single+	1	3	{Augustus_model.g2973.t1;Augustus},{GlimmerHMM_glimmerT_3438-T1;GlimmerHMM}

# EVM prediction: Mode:STANDARD S-ratio: 18.25 76450-79953 orient(-) score(9966.00) noncoding_equivalent(546.00) raw_noncoding(546.00) offset(0.00) 
79953	76450	single-	4	6	{GlimmerHMM_glimmerT_3440-T1;GlimmerHMM}

# EVM prediction: Mode:STANDARD S-ratio: 2.01 80192-82057 orient(+) score(3732.00) noncoding_equivalent(1858.43) raw_noncoding(1858.43) offset(0.00) 
80192	82057	single+	1	3	{Augustus_model.g2975.t1;Augustus},{GlimmerHMM_glimmerT_3441-T1;GlimmerHMM}

# EVM prediction: Mode:STANDARD S-ratio: 55.82 82143-83420 orient(-) score(3765.00) noncoding_equivalent(67.45) raw_noncoding(67.45) offset(0.00) 
83420	82143	single-	4	6	{Augustus_model.g2976.t1;Augustus},{GlimmerHMM_glimmerT_3442-T1;GlimmerHMM}

# EVM prediction: Mode:STANDARD S-ratio: 2.02 83587-84219 orient(+) score(1266.00) noncoding_equivalent(627.45) raw_noncoding(627.45) offset(0.00) 
83587	84219	single+	1	3	{GlimmerHMM_glimmerT_3443-T1;GlimmerHMM},{Augustus_model.g2977.t1;Augustus}

# EVM prediction: Mode:STANDARD S-ratio: 2.00 84468-85424 orient(+) score(1914.00) noncoding_equivalent(957.00) raw_noncoding(957.00) offset(0.00) 
84468	85424	single+	1	3	{GlimmerHMM_glimmerT_3444-T1;GlimmerHMM}

# EVM prediction: Mode:STANDARD S-ratio: 8.29 85751-86553 orient(+) score(2081.00) noncoding_equivalent(251.00) raw_noncoding(261.00) offset(10.00) 
85751	86473	initial+	1	3	{Augustus_model.g2979.t1;Augustus}
86474	86550	INTRON			{Augustus_model.g2979.t1;Augustus}
86551	86553	terminal+	1	3	{Augustus_model.g2979.t1;Augustus}

# EVM prediction: Mode:STANDARD S-ratio: 2.02 86638-87810 orient(-) score(2346.00) noncoding_equivalent(1160.88) raw_noncoding(1160.88) offset(0.00) 
87810	86638	single-	4	6	{Augustus_model.g2980.t1;Augustus},{GlimmerHMM_glimmerT_3446-T1;GlimmerHMM}

# EVM prediction: Mode:STANDARD S-ratio: 10000.00 88075-89160 orient(+) score(3258.00) noncoding_equivalent(0.33) raw_noncoding(0.00) offset(0.00) 
88075	89160	single+	1	3	{Augustus_model.g2981.t1;Augustus},{GlimmerHMM_glimmerT_3447-T1;GlimmerHMM}

# EVM prediction: Mode:STANDARD S-ratio: 11.37 89704-94935 orient(+) score(15033.00) noncoding_equivalent(1322.00) raw_noncoding(1326.00) offset(4.00) 
89704	94261	initial+	1	1	{Augustus_model.g2982.t1;Augustus},{GlimmerHMM_glimmerT_3448-T1;GlimmerHMM}
94262	94924	INTRON			{Augustus_model.g2982.t1;Augustus},{GlimmerHMM_glimmerT_3448-T1;GlimmerHMM}
94925	94935	terminal+	2	3	{Augustus_model.g2982.t1;Augustus},{GlimmerHMM_glimmerT_3448-T1;GlimmerHMM}

# EVM prediction: Mode:STANDARD S-ratio: 30.27 95043-97043 orient(-) score(5811.00) noncoding_equivalent(192.00) raw_noncoding(192.00) offset(0.00) 
97043	95043	single-	4	6	{Augustus_model.g2983.t1;Augustus},{GlimmerHMM_glimmerT_3449-T1;GlimmerHMM}

# EVM prediction: Mode:STANDARD S-ratio: 2.00 97297-98157 orient(+) score(1722.00) noncoding_equivalent(861.00) raw_noncoding(861.00) offset(0.00) 
97297	98157	single+	1	3	{GlimmerHMM_glimmerT_3450-T1;GlimmerHMM},{Augustus_model.g2984.t1;Augustus}

# EVM prediction: Mode:STANDARD S-ratio: 10000.00 98183-99766 orient(-) score(4752.00) noncoding_equivalent(0.48) raw_noncoding(0.00) offset(0.00) 
99766	98183	single-	4	6	{Augustus_model.g2985.t1;Augustus},{GlimmerHMM_glimmerT_3451-T1;GlimmerHMM}

