!! Predictions spanning range 11142 - 96319 [R1]
# EVM prediction: Mode:STANDARD S-ratio: 10000.00 11142-12251 orient(+) score(2220.00) noncoding_equivalent(0.22) raw_noncoding(0.00) offset(0.00) 
11142	12251	single+	1	3	{Augustus_gene996.t1;Augustus}

# EVM prediction: Mode:STANDARD S-ratio: 10000.00 14143-17295 orient(+) score(6306.00) noncoding_equivalent(0.63) raw_noncoding(0.00) offset(0.00) 
14143	17295	single+	1	3	{Augustus_gene391.t1;Augustus}

# EVM prediction: Mode:STANDARD S-ratio: 10000.00 22686-23312 orient(-) score(1254.00) noncoding_equivalent(0.13) raw_noncoding(0.00) offset(0.00) 
23312	22686	single-	4	6	{Augustus_gene831.t1;Augustus}

# EVM prediction: Mode:STANDARD S-ratio: 10000.00 38367-39634 orient(+) score(2536.00) noncoding_equivalent(0.25) raw_noncoding(0.00) offset(0.00) 
38367	38372	initial+	1	3	{Augustus_gene1137.t1;Augustus}
38373	38452	INTRON			{Augustus_gene1137.t1;Augustus}
38453	38753	internal+	1	1	{Augustus_gene1137.t1;Augustus}
38754	39041	INTRON			{Augustus_gene1137.t1;Augustus}
39042	39634	terminal+	2	3	{Augustus_gene1137.t1;Augustus}

# EVM prediction: Mode:STANDARD S-ratio: 10000.00 42822-43427 orient(-) score(1212.00) noncoding_equivalent(0.12) raw_noncoding(0.00) offset(0.00) 
43427	42822	single-	4	6	{Augustus_gene1193.t1;Augustus}

# EVM prediction: Mode:STANDARD S-ratio: 10000.00 50087-51787 orient(-) score(3402.00) noncoding_equivalent(0.34) raw_noncoding(0.00) offset(0.00) 
51787	50087	single-	4	6	{Augustus_gene1019.t1;Augustus}

# EVM prediction: Mode:STANDARD S-ratio: 10000.00 52964-53446 orient(-) score(966.00) noncoding_equivalent(0.10) raw_noncoding(0.00) offset(0.00) 
53446	52964	single-	4	6	{Augustus_gene1115.t1;Augustus}

# EVM prediction: Mode:STANDARD S-ratio: 10000.00 55712-56557 orient(-) score(1692.00) noncoding_equivalent(0.17) raw_noncoding(0.00) offset(0.00) 
56557	55712	single-	4	6	{Augustus_gene1136.t1;Augustus}

# EVM prediction: Mode:STANDARD S-ratio: 10000.00 67288-68271 orient(-) score(1968.00) noncoding_equivalent(0.20) raw_noncoding(0.00) offset(0.00) 
68271	67288	single-	4	6	{Augustus_gene196.t1;Augustus}

# EVM prediction: Mode:STANDARD S-ratio: 10000.00 68701-69633 orient(+) score(1866.00) noncoding_equivalent(0.19) raw_noncoding(0.00) offset(0.00) 
68701	69633	single+	1	3	{Augustus_gene63.t1;Augustus}

# EVM prediction: Mode:STANDARD S-ratio: 10000.00 69902-71425 orient(-) score(3048.00) noncoding_equivalent(0.30) raw_noncoding(0.00) offset(0.00) 
71425	69902	single-	4	6	{Augustus_gene1038.t1;Augustus}

# EVM prediction: Mode:STANDARD S-ratio: 10000.00 92785-94662 orient(+) score(3756.00) noncoding_equivalent(0.38) raw_noncoding(0.00) offset(0.00) 
92785	92824	initial+	1	1	{Augustus_gene382.t1;Augustus}
92825	93598	INTRON			{Augustus_gene382.t1;Augustus}
93599	94662	terminal+	2	3	{Augustus_gene382.t1;Augustus}

# EVM prediction: Mode:STANDARD S-ratio: 10000.00 95021-96319 orient(-) score(2598.00) noncoding_equivalent(0.26) raw_noncoding(0.00) offset(0.00) 
96174	95021	terminal-	5	6	{Augustus_gene1082.t1;Augustus}
96297	96175	INTRON			{Augustus_gene1082.t1;Augustus}
96319	96298	initial-	4	4	{Augustus_gene1082.t1;Augustus}

