!! Predictions spanning range 87 - 99492 [R1]
# EVM prediction: Mode:STANDARD S-ratio: 2.00 87-342 orient(-) score(512.00) noncoding_equivalent(256.00) raw_noncoding(256.00) offset(0.00) 
342	87	initial-	4	4	{GlimmerHMM_glimmerT_3406-T1;GlimmerHMM}

# EVM prediction: Mode:STANDARD S-ratio: 10000.00 963-2264 orient(-) score(3906.00) noncoding_equivalent(0.39) raw_noncoding(0.00) offset(0.00) 
2264	963	single-	4	6	{Augustus_model.g3001.t1;Augustus},{GlimmerHMM_glimmerT_3407-T1;GlimmerHMM}

# EVM prediction: Mode:STANDARD S-ratio: 207.38 2505-5585 orient(-) score(12263.00) noncoding_equivalent(59.13) raw_noncoding(59.13) offset(0.00) 
5585	2505	single-	4	6	{GlimmerHMM_glimmerT_3408-T1;GlimmerHMM}

# EVM prediction: Mode:STANDARD S-ratio: 2.96 5798-6238 orient(-) score(1319.00) noncoding_equivalent(446.03) raw_noncoding(446.03) offset(0.00) 
6238	5798	single-	4	6	{GlimmerHMM_glimmerT_3409-T1;GlimmerHMM}

# EVM prediction: Mode:STANDARD S-ratio: 1.71 7026-10555 orient(+) score(4786.00) noncoding_equivalent(2793.83) raw_noncoding(3190.05) offset(396.22) 
7026	9194	initial+	1	3	{GlimmerHMM_glimmerT_3410-T1;GlimmerHMM}
9195	10534	INTRON			{GlimmerHMM_glimmerT_3410-T1;GlimmerHMM}
10535	10555	terminal+	1	3	{GlimmerHMM_glimmerT_3410-T1;GlimmerHMM}

# EVM prediction: Mode:STANDARD S-ratio: 1.75 10651-11274 orient(-) score(1591.00) noncoding_equivalent(906.57) raw_noncoding(906.57) offset(0.00) 
11274	10651	single-	4	6	{GlimmerHMM_glimmerT_3411-T1;GlimmerHMM}

# EVM prediction: Mode:STANDARD S-ratio: 45.77 12064-14682 orient(-) score(7689.00) noncoding_equivalent(168.00) raw_noncoding(168.00) offset(0.00) 
14682	12064	single-	4	6	{Augustus_model.g3005.t1;Augustus},{GlimmerHMM_glimmerT_3412-T1;GlimmerHMM}

# EVM prediction: Mode:STANDARD S-ratio: 2.00 15265-16509 orient(+) score(2490.00) noncoding_equivalent(1245.00) raw_noncoding(1245.00) offset(0.00) 
15265	16509	single+	1	3	{GlimmerHMM_glimmerT_3413-T1;GlimmerHMM}

# EVM prediction: Mode:STANDARD S-ratio: 2.65 16628-17494 orient(-) score(1734.00) noncoding_equivalent(654.00) raw_noncoding(654.00) offset(0.00) 
17494	16628	single-	4	6	{GlimmerHMM_glimmerT_3414-T1;GlimmerHMM}

# EVM prediction: Mode:STANDARD S-ratio: 10000.00 18022-20754 orient(+) score(10932.00) noncoding_equivalent(1.09) raw_noncoding(0.00) offset(0.00) 
18022	20754	single+	1	3	{GlimmerHMM_glimmerT_3415-T1;GlimmerHMM},{Augustus_model.g3008.t1;Augustus}

# EVM prediction: Mode:STANDARD S-ratio: 20.44 21054-21887 orient(+) score(3179.00) noncoding_equivalent(155.53) raw_noncoding(155.53) offset(0.00) 
21054	21887	single+	1	3	{GlimmerHMM_glimmerT_3416-T1;GlimmerHMM}

# EVM prediction: Mode:STANDARD S-ratio: 10000.00 22041-23666 orient(-) score(4878.00) noncoding_equivalent(0.49) raw_noncoding(0.00) offset(0.00) 
23666	22041	single-	4	6	{GlimmerHMM_glimmerT_3417-T1;GlimmerHMM},{Augustus_model.g3010.t1;Augustus}

# EVM prediction: Mode:STANDARD S-ratio: 3.00 23957-25360 orient(+) score(4212.00) noncoding_equivalent(1404.00) raw_noncoding(1404.00) offset(0.00) 
23957	25360	single+	1	3	{GlimmerHMM_glimmerT_3418-T1;GlimmerHMM},{Augustus_model.g3011.t1;Augustus}

# EVM prediction: Mode:STANDARD S-ratio: 10000.00 25415-26422 orient(-) score(3024.00) noncoding_equivalent(0.30) raw_noncoding(0.00) offset(0.00) 
26422	25415	single-	4	6	{GlimmerHMM_glimmerT_3419-T1;GlimmerHMM},{Augustus_model.g3012.t1;Augustus}

# EVM prediction: Mode:STANDARD S-ratio: 2.01 26707-27663 orient(-) score(3832.00) noncoding_equivalent(1910.76) raw_noncoding(1910.76) offset(0.00) 
27663	26707	single-	4	6	{GlimmerHMM_glimmerT_3420-T1;GlimmerHMM},{HiQ_model.g3013.t1;HiQ}

# EVM prediction: Mode:STANDARD S-ratio: 5.78 27829-28608 orient(+) score(1995.00) noncoding_equivalent(345.00) raw_noncoding(345.00) offset(0.00) 
27829	28608	single+	1	3	{GlimmerHMM_glimmerT_3421-T1;GlimmerHMM},{Augustus_model.g3014.t1;Augustus}

# EVM prediction: Mode:STANDARD S-ratio: 5.00 28702-31416 orient(-) score(13575.00) noncoding_equivalent(2715.00) raw_noncoding(2715.00) offset(0.00) 
31416	28702	single-	4	6	{HiQ_model.g3015.t1;HiQ}

# EVM prediction: Mode:STANDARD S-ratio: 2.42 31675-32594 orient(+) score(2527.00) noncoding_equivalent(1044.23) raw_noncoding(1143.75) offset(99.52) 
31675	31681	initial+	1	1	{GlimmerHMM_glimmerT_3423-T1;GlimmerHMM},{Augustus_model.g3016.t1;Augustus}
31682	31779	INTRON			{Augustus_model.g3016.t1;Augustus}
31780	32594	terminal+	2	3	{Augustus_model.g3016.t1;Augustus}

# EVM prediction: Mode:STANDARD S-ratio: 4.56 32785-35076 orient(-) score(11274.00) noncoding_equivalent(2475.00) raw_noncoding(2475.00) offset(0.00) 
35076	32785	single-	4	6	{GlimmerHMM_glimmerT_3424-T1;GlimmerHMM},{HiQ_model.g3017.t1;HiQ}

# EVM prediction: Mode:STANDARD S-ratio: 2.00 35305-35628 orient(-) score(648.00) noncoding_equivalent(324.00) raw_noncoding(324.00) offset(0.00) 
35628	35305	single-	4	6	{Augustus_model.g3018.t1;Augustus}

# EVM prediction: Mode:STANDARD S-ratio: 10000.00 36072-37343 orient(+) score(3816.00) noncoding_equivalent(0.38) raw_noncoding(0.00) offset(0.00) 
36072	37343	single+	1	3	{GlimmerHMM_glimmerT_3426-T1;GlimmerHMM},{Augustus_model.g3019.t1;Augustus}

# EVM prediction: Mode:STANDARD S-ratio: 12.73 37526-39339 orient(-) score(6523.00) noncoding_equivalent(512.25) raw_noncoding(593.07) offset(80.83) 
37996	37526	terminal-	4	6	{Augustus_model.g3020.t1;Augustus}
38076	37997	INTRON			{Augustus_model.g3020.t1;Augustus}
39339	38077	initial-	4	6	{Augustus_model.g3020.t1;Augustus}

# EVM prediction: Mode:STANDARD S-ratio: 4.83 39862-40989 orient(-) score(5607.00) noncoding_equivalent(1161.00) raw_noncoding(1161.00) offset(0.00) 
40989	39862	single-	4	6	{GlimmerHMM_glimmerT_3428-T1;GlimmerHMM},{HiQ_model.g3021.t1;HiQ}

# EVM prediction: Mode:STANDARD S-ratio: 11.33 41681-42244 orient(+) score(2073.00) noncoding_equivalent(183.00) raw_noncoding(183.00) offset(0.00) 
41681	42244	single+	1	3	{Augustus_model.g3022.t1;Augustus},{GlimmerHMM_glimmerT_3429-T1;GlimmerHMM}

# EVM prediction: Mode:STANDARD S-ratio: 5.00 42353-43249 orient(-) score(4485.00) noncoding_equivalent(897.00) raw_noncoding(897.00) offset(0.00) 
43249	42353	single-	4	6	{HiQ_model.g3023.t1;HiQ},{GlimmerHMM_glimmerT_3430-T1;GlimmerHMM}

# EVM prediction: Mode:STANDARD S-ratio: 13.93 43768-45021 orient(+) score(4389.00) noncoding_equivalent(315.00) raw_noncoding(315.00) offset(0.00) 
43768	45021	single+	1	3	{Augustus_model.g3024.t1;Augustus}

# EVM prediction: Mode:STANDARD S-ratio: 8.94 45491-46481 orient(-) score(4223.00) noncoding_equivalent(472.11) raw_noncoding(2019.00) offset(1546.89) 
45905	45491	terminal-	6	6	{HiQ_model.g3025.t1;HiQ}
46461	45906	INTRON			{HiQ_model.g3025.t1;HiQ},{ev_type:exonerate/ID=match.177006.3254/Target=YNL302C;exonerate}
46481	46462	initial-	4	5	{HiQ_model.g3025.t1;HiQ}

# EVM prediction: Mode:STANDARD S-ratio: 4.92 47119-48138 orient(-) score(5553.00) noncoding_equivalent(1128.38) raw_noncoding(2046.00) offset(917.62) 
47567	47119	terminal-	5	6	{GlimmerHMM_glimmerT_3434-T1;GlimmerHMM},{HiQ_model.g3026.t1;HiQ},{snap_scaffold_8-snap.21-T1;snap}
48026	47568	INTRON			{GlimmerHMM_glimmerT_3434-T1;GlimmerHMM},{HiQ_model.g3026.t1;HiQ},{ev_type:exonerate/ID=match.177006.2160/Target=YNL301C;exonerate},{ev_type:exonerate/ID=match.177006.356/Target=YOL120C;exonerate}
48138	48027	initial-	4	4	{GlimmerHMM_glimmerT_3434-T1;GlimmerHMM},{HiQ_model.g3026.t1;HiQ}

# EVM prediction: Mode:STANDARD S-ratio: 254.87 49284-49628 orient(+) score(1029.00) noncoding_equivalent(4.04) raw_noncoding(4.04) offset(0.00) 
49284	49628	single+	1	3	{GlimmerHMM_glimmerT_3435-T1;GlimmerHMM},{Augustus_model.g3027.t1;Augustus}

# EVM prediction: Mode:STANDARD S-ratio: 776.99 50230-52056 orient(+) score(5472.00) noncoding_equivalent(7.04) raw_noncoding(7.04) offset(0.00) 
50230	52056	single+	1	3	{Augustus_model.g3028.t1;Augustus},{GlimmerHMM_glimmerT_3436-T1;GlimmerHMM}

# EVM prediction: Mode:STANDARD S-ratio: 10000.00 52554-55157 orient(+) score(7812.00) noncoding_equivalent(0.78) raw_noncoding(0.00) offset(0.00) 
52554	55157	single+	1	3	{GlimmerHMM_glimmerT_3437-T1;GlimmerHMM},{Augustus_model.g3029.t1;Augustus}

# EVM prediction: Mode:STANDARD S-ratio: 5.00 55396-60306 orient(-) score(24555.00) noncoding_equivalent(4911.00) raw_noncoding(4911.00) offset(0.00) 
60306	55396	single-	4	6	{GlimmerHMM_glimmerT_3438-T1;GlimmerHMM},{HiQ_model.g3030.t1;HiQ}

# EVM prediction: Mode:STANDARD S-ratio: 3.00 60860-62245 orient(+) score(4158.00) noncoding_equivalent(1386.00) raw_noncoding(1386.00) offset(0.00) 
60860	62245	single+	1	3	{Augustus_model.g3031.t1;Augustus}

# EVM prediction: Mode:STANDARD S-ratio: 1.98 62366-63982 orient(-) score(6432.00) noncoding_equivalent(3248.03) raw_noncoding(3248.03) offset(0.00) 
63982	62366	single-	4	6	{HiQ_model.g3032.t1;HiQ}

# EVM prediction: Mode:STANDARD S-ratio: 10000.00 64473-66251 orient(+) score(7116.00) noncoding_equivalent(0.71) raw_noncoding(0.00) offset(0.00) 
64473	66251	single+	1	3	{Augustus_model.g3033.t1;Augustus},{GlimmerHMM_glimmerT_3441-T1;GlimmerHMM}

# EVM prediction: Mode:STANDARD S-ratio: 61.15 66510-67721 orient(+) score(4770.00) noncoding_equivalent(78.00) raw_noncoding(78.00) offset(0.00) 
66510	67721	single+	1	3	{Augustus_model.g3034.t1;Augustus},{GlimmerHMM_glimmerT_3442-T1;GlimmerHMM}

# EVM prediction: Mode:STANDARD S-ratio: 4.63 67886-69538 orient(-) score(8157.00) noncoding_equivalent(1761.00) raw_noncoding(1761.00) offset(0.00) 
69538	67886	single-	4	6	{HiQ_model.g3035.t1;HiQ},{GlimmerHMM_glimmerT_3443-T1;GlimmerHMM}

# EVM prediction: Mode:STANDARD S-ratio: 45.09 69909-70922 orient(+) score(2976.00) noncoding_equivalent(66.00) raw_noncoding(66.00) offset(0.00) 
69909	70922	single+	1	3	{GlimmerHMM_glimmerT_3444-T1;GlimmerHMM},{Augustus_model.g3036.t1;Augustus}

# EVM prediction: Mode:STANDARD S-ratio: 261.41 71552-72391 orient(+) score(3346.00) noncoding_equivalent(12.80) raw_noncoding(12.80) offset(0.00) 
71552	72391	single+	1	3	{GlimmerHMM_glimmerT_3445-T1;GlimmerHMM},{Augustus_model.g3037.t1;Augustus}

# EVM prediction: Mode:STANDARD S-ratio: 284.16 74054-75217 orient(+) score(4560.00) noncoding_equivalent(16.05) raw_noncoding(16.05) offset(0.00) 
74054	75217	single+	1	3	{GlimmerHMM_glimmerT_3446-T1;GlimmerHMM},{Augustus_model.g3038.t1;Augustus}

# EVM prediction: Mode:STANDARD S-ratio: 77.08 75792-78602 orient(+) score(11100.00) noncoding_equivalent(144.00) raw_noncoding(144.00) offset(0.00) 
75792	78602	single+	1	3	{Augustus_model.g3039.t1;Augustus},{GlimmerHMM_glimmerT_3447-T1;GlimmerHMM}

# EVM prediction: Mode:STANDARD S-ratio: 6.24 79042-79917 orient(+) score(2265.00) noncoding_equivalent(363.00) raw_noncoding(363.00) offset(0.00) 
79042	79917	single+	1	3	{Augustus_model.g3040.t1;Augustus},{GlimmerHMM_glimmerT_3448-T1;GlimmerHMM}

# EVM prediction: Mode:STANDARD S-ratio: 187.35 81830-82711 orient(+) score(2630.00) noncoding_equivalent(14.04) raw_noncoding(14.04) offset(0.00) 
81830	82711	single+	1	3	{GlimmerHMM_glimmerT_3449-T1;GlimmerHMM},{Augustus_model.g3041.t1;Augustus}

# EVM prediction: Mode:STANDARD S-ratio: 1.74 85633-86576 orient(-) score(1658.00) noncoding_equivalent(952.04) raw_noncoding(1211.21) offset(259.17) 
85638	85633	terminal-	4	6	{Augustus_model.g3042.t1;Augustus}
85862	85639	INTRON			{Augustus_model.g3042.t1;Augustus}
86576	85863	initial-	4	6	{Augustus_model.g3042.t1;Augustus}

# EVM prediction: Mode:STANDARD S-ratio: 10000.00 90005-91069 orient(-) score(3195.00) noncoding_equivalent(0.32) raw_noncoding(0.00) offset(0.00) 
91069	90005	single-	4	6	{GlimmerHMM_glimmerT_3451-T1;GlimmerHMM},{Augustus_model.g3043.t1;Augustus}

# EVM prediction: Mode:STANDARD S-ratio: 11.28 91716-93218 orient(-) score(4140.00) noncoding_equivalent(367.06) raw_noncoding(367.06) offset(0.00) 
93218	91716	single-	4	6	{GlimmerHMM_glimmerT_3452-T1;GlimmerHMM}

# EVM prediction: Mode:STANDARD S-ratio: 46.23 94344-94934 orient(+) score(2295.00) noncoding_equivalent(49.64) raw_noncoding(49.64) offset(0.00) 
94344	94934	single+	1	3	{Augustus_model.g3045.t1;Augustus},{GlimmerHMM_glimmerT_3453-T1;GlimmerHMM}

# EVM prediction: Mode:STANDARD S-ratio: 31.42 95154-95615 orient(+) score(1791.00) noncoding_equivalent(57.00) raw_noncoding(57.00) offset(0.00) 
95154	95615	single+	1	3	{Augustus_model.g3046.t1;Augustus},{GlimmerHMM_glimmerT_3454-T1;GlimmerHMM}

# EVM prediction: Mode:STANDARD S-ratio: 5.00 95788-97104 orient(-) score(6585.00) noncoding_equivalent(1317.00) raw_noncoding(1317.00) offset(0.00) 
97104	95788	single-	4	6	{GlimmerHMM_glimmerT_3455-T1;GlimmerHMM},{HiQ_model.g3047.t1;HiQ}

# EVM prediction: Mode:STANDARD S-ratio: 3.01 97642-99492 orient(+) score(5553.00) noncoding_equivalent(1847.73) raw_noncoding(1847.73) offset(0.00) 
97642	99492	initial+	1	3	{Augustus_model.g3048.t1;Augustus}

