!! Predictions spanning range 1270 - 98129 [R1]
# EVM prediction: Mode:STANDARD S-ratio: 876.82 1270-8511 orient(+) score(28935.00) noncoding_equivalent(33.00) raw_noncoding(33.00) offset(0.00) 
1270	8511	single+	1	3	{GlimmerHMM_glimmerT_3294-T1;GlimmerHMM},{Augustus_model.g3061.t1;Augustus}

# EVM prediction: Mode:STANDARD S-ratio: 10000.00 9040-13608 orient(+) score(18276.00) noncoding_equivalent(1.83) raw_noncoding(0.00) offset(0.00) 
9040	13608	single+	1	3	{GlimmerHMM_glimmerT_3295-T1;GlimmerHMM},{Augustus_model.g3062.t1;Augustus}

# EVM prediction: Mode:STANDARD S-ratio: 5.00 13745-14494 orient(-) score(3750.00) noncoding_equivalent(750.00) raw_noncoding(750.00) offset(0.00) 
14494	13745	single-	4	6	{HiQ_model.g3063.t1;HiQ},{GlimmerHMM_glimmerT_3296-T1;GlimmerHMM}

# EVM prediction: Mode:STANDARD S-ratio: 2.00 14757-15146 orient(-) score(1560.00) noncoding_equivalent(780.00) raw_noncoding(780.00) offset(0.00) 
15146	14757	single-	4	6	{HiQ_model.g3064.t1;HiQ},{GlimmerHMM_glimmerT_3297-T1;GlimmerHMM}

# EVM prediction: Mode:STANDARD S-ratio: 289.89 15940-17838 orient(+) score(7568.00) noncoding_equivalent(26.11) raw_noncoding(26.11) offset(0.00) 
15940	17838	single+	1	3	{Augustus_model.g3065.t1;Augustus},{GlimmerHMM_glimmerT_3298-T1;GlimmerHMM}

# EVM prediction: Mode:STANDARD S-ratio: 70.00 18139-18990 orient(+) score(3360.00) noncoding_equivalent(48.00) raw_noncoding(48.00) offset(0.00) 
18139	18990	single+	1	3	{Augustus_model.g3066.t1;Augustus},{GlimmerHMM_glimmerT_3299-T1;GlimmerHMM}

# EVM prediction: Mode:STANDARD S-ratio: 2.00 19148-20671 orient(-) score(6096.00) noncoding_equivalent(3045.03) raw_noncoding(3045.03) offset(0.00) 
20671	19148	single-	4	6	{HiQ_model.g3067.t1;HiQ},{GlimmerHMM_glimmerT_3300-T1;GlimmerHMM}

# EVM prediction: Mode:STANDARD S-ratio: 10000.00 21041-24535 orient(+) score(13980.00) noncoding_equivalent(1.40) raw_noncoding(0.00) offset(0.00) 
21041	24535	single+	1	3	{GlimmerHMM_glimmerT_3301-T1;GlimmerHMM},{Augustus_model.g3068.t1;Augustus}

# EVM prediction: Mode:STANDARD S-ratio: 5.00 24778-25326 orient(-) score(2745.00) noncoding_equivalent(549.00) raw_noncoding(549.00) offset(0.00) 
25326	24778	single-	4	6	{HiQ_model.g3069.t1;HiQ},{GlimmerHMM_glimmerT_3302-T1;GlimmerHMM}

# EVM prediction: Mode:STANDARD S-ratio: 167.22 25827-26849 orient(+) score(4066.00) noncoding_equivalent(24.32) raw_noncoding(24.32) offset(0.00) 
25827	26849	single+	1	3	{Augustus_model.g3070.t1;Augustus},{GlimmerHMM_glimmerT_3303-T1;GlimmerHMM}

# EVM prediction: Mode:STANDARD S-ratio: 4.98 27444-31130 orient(-) score(18419.00) noncoding_equivalent(3701.12) raw_noncoding(3701.12) offset(0.00) 
31130	27444	single-	4	6	{GlimmerHMM_glimmerT_3304-T1;GlimmerHMM},{HiQ_model.g3071.t1;HiQ}

# EVM prediction: Mode:STANDARD S-ratio: 4.57 32055-35267 orient(-) score(15816.00) noncoding_equivalent(3461.62) raw_noncoding(3461.62) offset(0.00) 
35267	32055	single-	4	6	{HiQ_model.g3072.t1;HiQ},{GlimmerHMM_glimmerT_3305-T1;GlimmerHMM}

# EVM prediction: Mode:STANDARD S-ratio: 10000.00 35551-36147 orient(+) score(2388.00) noncoding_equivalent(0.24) raw_noncoding(0.00) offset(0.00) 
35551	36147	single+	1	3	{GlimmerHMM_glimmerT_3306-T1;GlimmerHMM},{Augustus_model.g3073.t1;Augustus}

# EVM prediction: Mode:STANDARD S-ratio: 5.00 36279-36800 orient(-) score(2610.00) noncoding_equivalent(522.00) raw_noncoding(522.00) offset(0.00) 
36800	36279	single-	4	6	{GlimmerHMM_glimmerT_3307-T1;GlimmerHMM},{HiQ_model.g3074.t1;HiQ}

# EVM prediction: Mode:STANDARD S-ratio: 80.49 37386-38966 orient(+) score(6245.00) noncoding_equivalent(77.58) raw_noncoding(77.58) offset(0.00) 
37386	38966	single+	1	3	{Augustus_model.g3075.t1;Augustus},{GlimmerHMM_glimmerT_3308-T1;GlimmerHMM}

# EVM prediction: Mode:STANDARD S-ratio: 4.88 39243-40982 orient(-) score(8664.00) noncoding_equivalent(1776.00) raw_noncoding(1776.00) offset(0.00) 
40982	39243	single-	4	6	{HiQ_model.g3076.t1;HiQ},{GlimmerHMM_glimmerT_3309-T1;GlimmerHMM}

# EVM prediction: Mode:STANDARD S-ratio: 59.83 41589-43778 orient(+) score(8616.00) noncoding_equivalent(144.00) raw_noncoding(144.00) offset(0.00) 
41589	43778	single+	1	3	{GlimmerHMM_glimmerT_3310-T1;GlimmerHMM}

# EVM prediction: Mode:STANDARD S-ratio: 4.53 44148-44699 orient(-) score(2711.00) noncoding_equivalent(599.10) raw_noncoding(599.10) offset(0.00) 
44699	44148	single-	4	6	{GlimmerHMM_glimmerT_3311-T1;GlimmerHMM},{HiQ_model.g3078.t1;HiQ}

# EVM prediction: Mode:STANDARD S-ratio: 2.95 44950-45594 orient(+) score(2408.00) noncoding_equivalent(817.18) raw_noncoding(817.18) offset(0.00) 
44950	45594	single+	1	3	{Augustus_model.g3079.t1;Augustus},{GlimmerHMM_glimmerT_3312-T1;GlimmerHMM}

# EVM prediction: Mode:STANDARD S-ratio: 4.73 46555-47952 orient(-) score(6924.00) noncoding_equivalent(1464.00) raw_noncoding(1464.00) offset(0.00) 
47952	46555	single-	4	6	{HiQ_model.g3080.t1;HiQ},{GlimmerHMM_glimmerT_3313-T1;GlimmerHMM}

# EVM prediction: Mode:STANDARD S-ratio: 10000.00 49526-50464 orient(+) score(3756.00) noncoding_equivalent(0.38) raw_noncoding(0.00) offset(0.00) 
49526	50464	single+	1	3	{GlimmerHMM_glimmerT_3314-T1;GlimmerHMM},{Augustus_model.g3081.t1;Augustus}

# EVM prediction: Mode:STANDARD S-ratio: 4.50 50807-51019 orient(-) score(1044.00) noncoding_equivalent(232.12) raw_noncoding(232.12) offset(0.00) 
51019	50807	single-	4	6	{GlimmerHMM_glimmerT_3315-T1;GlimmerHMM},{HiQ_model.g3082.t1;HiQ}

# EVM prediction: Mode:STANDARD S-ratio: 13.77 51765-52739 orient(-) score(3636.00) noncoding_equivalent(264.00) raw_noncoding(264.00) offset(0.00) 
52739	51765	single-	4	6	{GlimmerHMM_glimmerT_3316-T1;GlimmerHMM}

# EVM prediction: Mode:STANDARD S-ratio: 4.94 53760-54710 orient(-) score(4744.00) noncoding_equivalent(960.04) raw_noncoding(960.04) offset(0.00) 
54710	53760	single-	4	6	{GlimmerHMM_glimmerT_3317-T1;GlimmerHMM},{HiQ_model.g3084.t1;HiQ}

# EVM prediction: Mode:STANDARD S-ratio: 2.76 55496-56257 orient(+) score(2465.00) noncoding_equivalent(892.17) raw_noncoding(1314.00) offset(421.83) 
55496	55499	initial+	1	1	{snap_scaffold_9-snap.64-T1;snap},{GlimmerHMM_glimmerT_3318-T1;GlimmerHMM},{Augustus_model.g3085.t1;Augustus}
55500	55940	INTRON			{snap_scaffold_9-snap.64-T1;snap},{Augustus_model.g3085.t1;Augustus}
55941	56257	terminal+	2	3	{snap_scaffold_9-snap.64-T1;snap},{Augustus_model.g3085.t1;Augustus}

# EVM prediction: Mode:STANDARD S-ratio: 2.08 56955-57674 orient(-) score(2661.00) noncoding_equivalent(1280.00) raw_noncoding(1280.00) offset(0.00) 
57674	56955	single-	4	6	{HiQ_model.g3086.t1;HiQ}

# EVM prediction: Mode:STANDARD S-ratio: 87.82 59047-60027 orient(+) score(3878.00) noncoding_equivalent(44.16) raw_noncoding(44.16) offset(0.00) 
59047	60027	single+	1	3	{Augustus_model.g3087.t1;Augustus},{GlimmerHMM_glimmerT_3321-T1;GlimmerHMM}

# EVM prediction: Mode:STANDARD S-ratio: 24.40 60528-60872 orient(+) score(1324.00) noncoding_equivalent(54.25) raw_noncoding(54.25) offset(0.00) 
60528	60872	single+	1	3	{Augustus_model.g3088.t1;Augustus}

# EVM prediction: Mode:STANDARD S-ratio: 4.65 60977-62518 orient(-) score(7612.00) noncoding_equivalent(1638.44) raw_noncoding(1638.44) offset(0.00) 
62518	60977	single-	4	6	{HiQ_model.g3089.t1;HiQ},{GlimmerHMM_glimmerT_3323-T1;GlimmerHMM}

# EVM prediction: Mode:STANDARD S-ratio: 79.67 63211-63573 orient(+) score(1434.00) noncoding_equivalent(18.00) raw_noncoding(18.00) offset(0.00) 
63211	63573	single+	1	3	{Augustus_model.g3090.t1;Augustus}

# EVM prediction: Mode:STANDARD S-ratio: 38.35 63917-65533 orient(+) score(6302.00) noncoding_equivalent(164.35) raw_noncoding(164.35) offset(0.00) 
63917	65533	single+	1	3	{GlimmerHMM_glimmerT_3325-T1;GlimmerHMM}

# EVM prediction: Mode:STANDARD S-ratio: 3.31 65668-66477 orient(-) score(3729.00) noncoding_equivalent(1125.00) raw_noncoding(1125.00) offset(0.00) 
66477	65668	single-	4	6	{HiQ_model.g3092.t1;HiQ}

# EVM prediction: Mode:STANDARD S-ratio: 10000.00 66629-67504 orient(+) score(3504.00) noncoding_equivalent(0.35) raw_noncoding(0.00) offset(0.00) 
66629	67504	single+	1	3	{GlimmerHMM_glimmerT_3327-T1;GlimmerHMM},{Augustus_model.g3093.t1;Augustus}

# EVM prediction: Mode:STANDARD S-ratio: 4.18 67783-68178 orient(-) score(1917.00) noncoding_equivalent(459.00) raw_noncoding(459.00) offset(0.00) 
68178	67783	single-	4	6	{GlimmerHMM_glimmerT_3328-T1;GlimmerHMM},{HiQ_model.g3094.t1;HiQ}

# EVM prediction: Mode:STANDARD S-ratio: 27.73 68438-69730 orient(+) score(4992.00) noncoding_equivalent(180.00) raw_noncoding(180.00) offset(0.00) 
68438	69730	single+	1	3	{Augustus_model.g3095.t1;Augustus},{GlimmerHMM_glimmerT_3329-T1;GlimmerHMM}

# EVM prediction: Mode:STANDARD S-ratio: 76.55 70339-72897 orient(+) score(10104.00) noncoding_equivalent(132.00) raw_noncoding(132.00) offset(0.00) 
70339	72897	single+	1	3	{GlimmerHMM_glimmerT_3330-T1;GlimmerHMM},{Augustus_model.g3096.t1;Augustus}

# EVM prediction: Mode:STANDARD S-ratio: 10000.00 74084-75238 orient(+) score(4620.00) noncoding_equivalent(0.46) raw_noncoding(0.00) offset(0.00) 
74084	75238	single+	1	3	{GlimmerHMM_glimmerT_3331-T1;GlimmerHMM},{Augustus_model.g3097.t1;Augustus}

# EVM prediction: Mode:STANDARD S-ratio: 5.00 75472-76122 orient(-) score(3255.00) noncoding_equivalent(651.00) raw_noncoding(651.00) offset(0.00) 
76122	75472	single-	4	6	{HiQ_model.g3098.t1;HiQ},{GlimmerHMM_glimmerT_3332-T1;GlimmerHMM}

# EVM prediction: Mode:STANDARD S-ratio: 5.00 76593-77324 orient(-) score(3660.00) noncoding_equivalent(732.00) raw_noncoding(732.00) offset(0.00) 
77324	76593	single-	4	6	{HiQ_model.g3099.t1;HiQ},{GlimmerHMM_glimmerT_3333-T1;GlimmerHMM}

# EVM prediction: Mode:STANDARD S-ratio: 17.82 78059-78538 orient(+) score(1818.00) noncoding_equivalent(102.00) raw_noncoding(102.00) offset(0.00) 
78059	78538	single+	1	3	{GlimmerHMM_glimmerT_3334-T1;GlimmerHMM},{Augustus_model.g3100.t1;Augustus}

# EVM prediction: Mode:STANDARD S-ratio: 4.83 79794-81677 orient(-) score(9366.00) noncoding_equivalent(1938.00) raw_noncoding(1938.00) offset(0.00) 
81677	79794	single-	4	6	{GlimmerHMM_glimmerT_3335-T1;GlimmerHMM},{HiQ_model.g3101.t1;HiQ}

# EVM prediction: Mode:STANDARD S-ratio: 4.37 82157-83423 orient(-) score(5968.00) noncoding_equivalent(1365.53) raw_noncoding(1633.48) offset(267.95) 
83282	82157	terminal-	6	6	{snap_scaffold_9-snap.81-T1;snap},{HiQ_model.g3102.t1;HiQ}
83373	83283	INTRON			{HiQ_model.g3102.t1;HiQ},{ev_type:exonerate/ID=match.160399.5587/Target=YHR123W;exonerate}
83423	83374	initial-	4	5	{HiQ_model.g3102.t1;HiQ}

# EVM prediction: Mode:STANDARD S-ratio: 4.59 83918-84613 orient(-) score(3429.00) noncoding_equivalent(747.00) raw_noncoding(747.00) offset(0.00) 
84613	83918	single-	4	6	{GlimmerHMM_glimmerT_3337-T1;GlimmerHMM},{HiQ_model.g3103.t1;HiQ}

# EVM prediction: Mode:STANDARD S-ratio: 4.61 84919-85482 orient(-) score(2781.00) noncoding_equivalent(603.00) raw_noncoding(603.00) offset(0.00) 
85482	84919	single-	4	6	{GlimmerHMM_glimmerT_3338-T1;GlimmerHMM},{HiQ_model.g3104.t1;HiQ}

# EVM prediction: Mode:STANDARD S-ratio: 4.48 85784-88663 orient(-) score(14124.00) noncoding_equivalent(3156.00) raw_noncoding(3156.00) offset(0.00) 
88663	85784	single-	4	6	{HiQ_model.g3105.t1;HiQ},{GlimmerHMM_glimmerT_3339-T1;GlimmerHMM}

# EVM prediction: Mode:STANDARD S-ratio: 4.17 88952-92194 orient(-) score(15693.00) noncoding_equivalent(3765.00) raw_noncoding(3765.00) offset(0.00) 
92194	88952	single-	4	6	{HiQ_model.g3106.t1;HiQ}

# EVM prediction: Mode:STANDARD S-ratio: 20.80 92609-93916 orient(+) score(4992.00) noncoding_equivalent(240.00) raw_noncoding(240.00) offset(0.00) 
92609	93916	single+	1	3	{GlimmerHMM_glimmerT_3341-T1;GlimmerHMM},{Augustus_model.g3107.t1;Augustus}

# EVM prediction: Mode:STANDARD S-ratio: 4.33 93970-95889 orient(-) score(9357.00) noncoding_equivalent(2163.00) raw_noncoding(2163.00) offset(0.00) 
95889	93970	single-	4	6	{HiQ_model.g3108.t1;HiQ},{GlimmerHMM_glimmerT_3342-T1;GlimmerHMM}

# EVM prediction: Mode:STANDARD S-ratio: 2.01 96118-96573 orient(-) score(1824.00) noncoding_equivalent(909.47) raw_noncoding(909.47) offset(0.00) 
96573	96118	single-	4	6	{GlimmerHMM_glimmerT_3343-T1;GlimmerHMM},{HiQ_model.g3109.t1;HiQ}

# EVM prediction: Mode:STANDARD S-ratio: 10000.00 96879-98129 orient(+) score(5004.00) noncoding_equivalent(0.50) raw_noncoding(0.00) offset(0.00) 
96879	98129	single+	1	3	{GlimmerHMM_glimmerT_3344-T1;GlimmerHMM},{Augustus_model.g3110.t1;Augustus}

