!! Predictions spanning range 1792 - 99414 [R1]
# EVM prediction: Mode:STANDARD S-ratio: 10000.00 1792-6336 orient(+) score(18180.00) noncoding_equivalent(1.82) raw_noncoding(0.00) offset(0.00) 
1792	6336	single+	1	3	{GlimmerHMM_glimmerT_419-T1;GlimmerHMM},{Augustus_model.g371.t1;Augustus}

# EVM prediction: Mode:STANDARD S-ratio: 1326.58 7000-10674 orient(+) score(14679.00) noncoding_equivalent(11.07) raw_noncoding(11.07) offset(0.00) 
7000	10674	single+	1	3	{Augustus_model.g372.t1;Augustus},{GlimmerHMM_glimmerT_420-T1;GlimmerHMM}

# EVM prediction: Mode:STANDARD S-ratio: 10000.00 12179-13039 orient(+) score(3444.00) noncoding_equivalent(0.34) raw_noncoding(0.00) offset(0.00) 
12179	13039	single+	1	3	{GlimmerHMM_glimmerT_422-T1;GlimmerHMM},{Augustus_model.g373.t1;Augustus}

# EVM prediction: Mode:STANDARD S-ratio: 4.65 13245-15332 orient(-) score(10310.00) noncoding_equivalent(2216.52) raw_noncoding(2216.52) offset(0.00) 
15332	13245	single-	4	6	{GlimmerHMM_glimmerT_423-T1;GlimmerHMM},{HiQ_model.g374.t1;HiQ}

# EVM prediction: Mode:STANDARD S-ratio: 4.43 15826-16395 orient(-) score(2790.00) noncoding_equivalent(630.00) raw_noncoding(630.00) offset(0.00) 
16395	15826	single-	4	6	{HiQ_model.g375.t1;HiQ},{GlimmerHMM_glimmerT_424-T1;GlimmerHMM}

# EVM prediction: Mode:STANDARD S-ratio: 11.62 17997-20536 orient(-) score(8205.00) noncoding_equivalent(706.08) raw_noncoding(1764.00) offset(1057.92) 
19851	17997	terminal-	6	6	{Augustus_model.g376.t1;Augustus},{snap_scaffold_1-snap.351-T1;snap},{GlimmerHMM_glimmerT_425-T1;GlimmerHMM}
20187	19852	INTRON			{Augustus_model.g376.t1;Augustus}
20208	20188	internal-	6	5	{Augustus_model.g376.t1;Augustus}
20405	20209	INTRON			{Augustus_model.g376.t1;Augustus}
20536	20406	initial-	4	5	{GlimmerHMM_glimmerT_425-T1;GlimmerHMM}

# EVM prediction: Mode:STANDARD S-ratio: 1.62 28583-30357 orient(-) score(1575.00) noncoding_equivalent(969.33) raw_noncoding(1379.09) offset(409.76) 
28752	28583	terminal-	5	6	{GlimmerHMM_glimmerT_427-T1;GlimmerHMM}
29849	28753	INTRON			{GlimmerHMM_glimmerT_427-T1;GlimmerHMM}
30357	29850	initial-	4	4	{GlimmerHMM_glimmerT_427-T1;GlimmerHMM}

# EVM prediction: Mode:STANDARD S-ratio: 251.65 32880-34322 orient(-) score(4310.00) noncoding_equivalent(17.13) raw_noncoding(17.13) offset(0.00) 
34322	32880	single-	4	6	{Augustus_model.g378.t1;Augustus},{GlimmerHMM_glimmerT_428-T1;GlimmerHMM}

# EVM prediction: Mode:STANDARD S-ratio: 98.08 34828-35793 orient(+) score(3825.00) noncoding_equivalent(39.00) raw_noncoding(39.00) offset(0.00) 
34828	35793	single+	1	3	{Augustus_model.g379.t1;Augustus},{GlimmerHMM_glimmerT_429-T1;GlimmerHMM}

# EVM prediction: Mode:STANDARD S-ratio: 44.55 36052-37572 orient(-) score(4455.00) noncoding_equivalent(100.00) raw_noncoding(100.00) offset(0.00) 
37572	36052	single-	4	6	{GlimmerHMM_glimmerT_430-T1;GlimmerHMM},{Augustus_model.g380.t1;Augustus}

# EVM prediction: Mode:STANDARD S-ratio: 513.76 38202-39749 orient(-) score(4633.00) noncoding_equivalent(9.02) raw_noncoding(9.02) offset(0.00) 
39749	38202	single-	4	6	{Augustus_model.g381.t1;Augustus}

# EVM prediction: Mode:STANDARD S-ratio: 87.63 42134-44143 orient(-) score(5962.00) noncoding_equivalent(68.04) raw_noncoding(68.04) offset(0.00) 
44143	42134	single-	4	6	{Augustus_model.g382.t1;Augustus}

# EVM prediction: Mode:STANDARD S-ratio: 8.40 44661-47234 orient(+) score(6901.00) noncoding_equivalent(821.32) raw_noncoding(821.32) offset(0.00) 
44661	47234	single+	1	3	{GlimmerHMM_glimmerT_432-T1;GlimmerHMM}

# EVM prediction: Mode:STANDARD S-ratio: 321.00 47761-48726 orient(+) score(3852.00) noncoding_equivalent(12.00) raw_noncoding(12.00) offset(0.00) 
47761	48726	single+	1	3	{GlimmerHMM_glimmerT_433-T1;GlimmerHMM}

# EVM prediction: Mode:STANDARD S-ratio: 10000.00 49263-50222 orient(+) score(4800.00) noncoding_equivalent(0.48) raw_noncoding(0.00) offset(0.00) 
49263	50222	single+	1	3	{GlimmerHMM_glimmerT_434-T1;GlimmerHMM},{Augustus_model.g384.t1;Augustus}

# EVM prediction: Mode:STANDARD S-ratio: 3.01 50715-51869 orient(+) score(3469.00) noncoding_equivalent(1152.47) raw_noncoding(1152.47) offset(0.00) 
50715	51869	single+	1	3	{Augustus_model.g385.t1;Augustus},{GlimmerHMM_glimmerT_435-T1;GlimmerHMM}

# EVM prediction: Mode:STANDARD S-ratio: 16.50 52090-54924 orient(+) score(8019.00) noncoding_equivalent(486.00) raw_noncoding(486.00) offset(0.00) 
52090	54924	single+	1	3	{GlimmerHMM_glimmerT_436-T1;GlimmerHMM}

# EVM prediction: Mode:STANDARD S-ratio: 4.60 55178-55546 orient(-) score(1817.00) noncoding_equivalent(395.19) raw_noncoding(395.19) offset(0.00) 
55546	55178	single-	4	6	{GlimmerHMM_glimmerT_437-T1;GlimmerHMM},{HiQ_model.g387.t1;HiQ}

# EVM prediction: Mode:STANDARD S-ratio: 38.15 55975-57718 orient(+) score(5005.00) noncoding_equivalent(131.19) raw_noncoding(285.73) offset(154.54) 
55975	55981	initial+	1	1	{snap_scaffold_1-snap.362-T1;snap}
55982	56075	INTRON			{snap_scaffold_1-snap.362-T1;snap}
56076	57718	terminal+	2	3	{snap_scaffold_1-snap.362-T1;snap}

# EVM prediction: Mode:STANDARD S-ratio: 10000.00 57927-60887 orient(-) score(8883.00) noncoding_equivalent(0.89) raw_noncoding(0.00) offset(0.00) 
60887	57927	single-	4	6	{GlimmerHMM_glimmerT_439-T1;GlimmerHMM},{Augustus_model.g389.t1;Augustus}

# EVM prediction: Mode:STANDARD S-ratio: 4.75 61424-62278 orient(-) score(4237.00) noncoding_equivalent(891.18) raw_noncoding(891.18) offset(0.00) 
62278	61424	single-	4	6	{HiQ_model.g390.t1;HiQ},{GlimmerHMM_glimmerT_440-T1;GlimmerHMM}

# EVM prediction: Mode:STANDARD S-ratio: 183.36 62669-64696 orient(-) score(6051.00) noncoding_equivalent(33.00) raw_noncoding(33.00) offset(0.00) 
64696	62669	single-	4	6	{GlimmerHMM_glimmerT_441-T1;GlimmerHMM},{Augustus_model.g391.t1;Augustus}

# EVM prediction: Mode:STANDARD S-ratio: 193.85 65181-66554 orient(+) score(4096.00) noncoding_equivalent(21.13) raw_noncoding(21.13) offset(0.00) 
65181	66554	single+	1	3	{Augustus_model.g392.t1;Augustus},{GlimmerHMM_glimmerT_442-T1;GlimmerHMM}

# EVM prediction: Mode:STANDARD S-ratio: 10000.00 68448-68729 orient(+) score(1113.00) noncoding_equivalent(0.11) raw_noncoding(0.00) offset(0.00) 
68448	68729	single+	1	3	{Augustus_model.g393.t1;Augustus},{GlimmerHMM_glimmerT_443-T1;GlimmerHMM}

# EVM prediction: Mode:STANDARD S-ratio: 4.99 69129-70490 orient(-) score(6801.00) noncoding_equivalent(1362.00) raw_noncoding(1362.00) offset(0.00) 
70490	69129	single-	4	6	{GlimmerHMM_glimmerT_444-T1;GlimmerHMM},{HiQ_model.g394.t1;HiQ}

# EVM prediction: Mode:STANDARD S-ratio: 10000.00 70772-72661 orient(-) score(7556.00) noncoding_equivalent(0.76) raw_noncoding(0.00) offset(0.00) 
72661	70772	single-	4	6	{Augustus_model.g395.t1;Augustus},{GlimmerHMM_glimmerT_445-T1;GlimmerHMM}

# EVM prediction: Mode:STANDARD S-ratio: 10.17 73336-73980 orient(+) score(1760.00) noncoding_equivalent(173.07) raw_noncoding(173.07) offset(0.00) 
73336	73980	single+	1	3	{Augustus_model.g396.t1;Augustus}

# EVM prediction: Mode:STANDARD S-ratio: 231.60 74293-75231 orient(+) score(3738.00) noncoding_equivalent(16.14) raw_noncoding(16.14) offset(0.00) 
74293	75231	single+	1	3	{Augustus_model.g397.t1;Augustus},{GlimmerHMM_glimmerT_447-T1;GlimmerHMM}

# EVM prediction: Mode:STANDARD S-ratio: 10000.00 75409-77973 orient(-) score(7695.00) noncoding_equivalent(0.77) raw_noncoding(0.00) offset(0.00) 
77973	75409	single-	4	6	{Augustus_model.g398.t1;Augustus},{GlimmerHMM_glimmerT_448-T1;GlimmerHMM}

# EVM prediction: Mode:STANDARD S-ratio: 13.93 78203-79531 orient(-) score(3720.00) noncoding_equivalent(267.00) raw_noncoding(267.00) offset(0.00) 
79531	78203	single-	4	6	{GlimmerHMM_glimmerT_449-T1;GlimmerHMM},{Augustus_model.g399.t1;Augustus}

# EVM prediction: Mode:STANDARD S-ratio: 18.34 79835-81370 orient(+) score(5823.00) noncoding_equivalent(317.49) raw_noncoding(317.49) offset(0.00) 
79835	81370	single+	1	3	{Augustus_model.g400.t1;Augustus}

# EVM prediction: Mode:STANDARD S-ratio: 4.92 81533-82573 orient(-) score(5190.00) noncoding_equivalent(1054.18) raw_noncoding(1054.18) offset(0.00) 
82573	81533	single-	4	6	{GlimmerHMM_glimmerT_451-T1;GlimmerHMM},{HiQ_model.g401.t1;HiQ}

# EVM prediction: Mode:STANDARD S-ratio: 10000.00 83183-83755 orient(+) score(2286.00) noncoding_equivalent(0.23) raw_noncoding(0.00) offset(0.00) 
83183	83755	single+	1	3	{GlimmerHMM_glimmerT_452-T1;GlimmerHMM},{Augustus_model.g402.t1;Augustus}

# EVM prediction: Mode:STANDARD S-ratio: 4.04 83930-84856 orient(-) score(4458.00) noncoding_equivalent(1104.00) raw_noncoding(1104.00) offset(0.00) 
84856	83930	single-	4	6	{GlimmerHMM_glimmerT_453-T1;GlimmerHMM},{HiQ_model.g403.t1;HiQ}

# EVM prediction: Mode:STANDARD S-ratio: 2.84 85145-85453 orient(+) score(879.00) noncoding_equivalent(309.00) raw_noncoding(309.00) offset(0.00) 
85145	85453	single+	1	3	{Augustus_model.g404.t1;Augustus},{GlimmerHMM_glimmerT_454-T1;GlimmerHMM}

# EVM prediction: Mode:STANDARD S-ratio: 2.01 85593-86963 orient(-) score(2742.00) noncoding_equivalent(1367.05) raw_noncoding(1367.05) offset(0.00) 
86963	85593	single-	4	6	{Augustus_model.g405.t1;Augustus},{GlimmerHMM_glimmerT_455-T1;GlimmerHMM}

# EVM prediction: Mode:STANDARD S-ratio: 327.27 87273-88754 orient(+) score(5908.00) noncoding_equivalent(18.05) raw_noncoding(18.05) offset(0.00) 
87273	88754	single+	1	3	{GlimmerHMM_glimmerT_456-T1;GlimmerHMM},{Augustus_model.g406.t1;Augustus}

# EVM prediction: Mode:STANDARD S-ratio: 3.00 89061-89366 orient(+) score(918.00) noncoding_equivalent(306.00) raw_noncoding(306.00) offset(0.00) 
89061	89366	single+	1	3	{Augustus_model.g407.t1;Augustus},{GlimmerHMM_glimmerT_457-T1;GlimmerHMM}

# EVM prediction: Mode:STANDARD S-ratio: 2.00 89776-90036 orient(-) score(1040.00) noncoding_equivalent(520.00) raw_noncoding(520.00) offset(0.00) 
90036	89776	single-	4	6	{HiQ_model.g408.t1;HiQ},{GlimmerHMM_glimmerT_458-T1;GlimmerHMM}

# EVM prediction: Mode:STANDARD S-ratio: 10000.00 90613-93642 orient(+) score(9087.00) noncoding_equivalent(0.91) raw_noncoding(0.00) offset(0.00) 
90613	93642	single+	1	3	{GlimmerHMM_glimmerT_459-T1;GlimmerHMM},{Augustus_model.g409.t1;Augustus}

# EVM prediction: Mode:STANDARD S-ratio: 2.00 93716-93955 orient(-) score(960.00) noncoding_equivalent(480.00) raw_noncoding(480.00) offset(0.00) 
93955	93716	single-	4	6	{GlimmerHMM_glimmerT_460-T1;GlimmerHMM},{HiQ_model.g410.t1;HiQ}

# EVM prediction: Mode:STANDARD S-ratio: 10000.00 94717-96624 orient(+) score(7632.00) noncoding_equivalent(0.76) raw_noncoding(0.00) offset(0.00) 
94717	96624	single+	1	3	{GlimmerHMM_glimmerT_461-T1;GlimmerHMM},{Augustus_model.g411.t1;Augustus}

# EVM prediction: Mode:STANDARD S-ratio: 2.52 97072-98565 orient(+) score(4859.00) noncoding_equivalent(1926.08) raw_noncoding(2739.00) offset(812.92) 
97072	97356	initial+	1	3	{Augustus_model.g412.t1;Augustus},{GlimmerHMM_glimmerT_462-T1;GlimmerHMM}
97357	98169	INTRON			{Augustus_model.g412.t1;Augustus},{GlimmerHMM_glimmerT_462-T1;GlimmerHMM},{ev_type:exonerate/ID=match.111469.1972/Target=YDR381W;exonerate}
98170	98565	terminal+	1	3	{Augustus_model.g412.t1;Augustus},{GlimmerHMM_glimmerT_462-T1;GlimmerHMM}

# EVM prediction: Mode:STANDARD S-ratio: 2.42 98884-99414 orient(-) score(2124.00) noncoding_equivalent(878.00) raw_noncoding(1241.00) offset(363.00) 
99202	98884	terminal-	6	6	{HiQ_model.g413.t1;HiQ},{GlimmerHMM_glimmerT_463-T1;GlimmerHMM}
99388	99203	INTRON			{HiQ_model.g413.t1;HiQ},{GlimmerHMM_glimmerT_463-T1;GlimmerHMM},{ev_type:exonerate/ID=match.111469.1986/Target=YDR381C-A;exonerate}
99414	99389	initial-	4	5	{HiQ_model.g413.t1;HiQ},{GlimmerHMM_glimmerT_463-T1;GlimmerHMM}

