!! Predictions spanning range 276 - 98323 [R1]
# EVM prediction: Mode:STANDARD S-ratio: 4.79 276-1172 orient(-) score(4452.00) noncoding_equivalent(930.00) raw_noncoding(930.00) offset(0.00) 
1172	276	single-	4	6	{HiQ_model.g3369.t1;HiQ}

# EVM prediction: Mode:STANDARD S-ratio: 5.00 1524-2309 orient(-) score(3930.00) noncoding_equivalent(786.00) raw_noncoding(786.00) offset(0.00) 
2309	1524	single-	4	6	{GlimmerHMM_glimmerT_3662-T1;GlimmerHMM},{HiQ_model.g3370.t1;HiQ}

# EVM prediction: Mode:STANDARD S-ratio: 2.01 2711-3616 orient(-) score(3632.00) noncoding_equivalent(1804.07) raw_noncoding(1804.07) offset(0.00) 
3616	2711	single-	4	6	{GlimmerHMM_glimmerT_3663-T1;GlimmerHMM},{HiQ_model.g3371.t1;HiQ}

# EVM prediction: Mode:STANDARD S-ratio: 40.41 4369-6045 orient(+) score(6546.00) noncoding_equivalent(162.00) raw_noncoding(162.00) offset(0.00) 
4369	6045	single+	1	3	{GlimmerHMM_glimmerT_3664-T1;GlimmerHMM},{Augustus_model.g3372.t1;Augustus}

# EVM prediction: Mode:STANDARD S-ratio: 23.82 6503-9898 orient(+) score(13037.00) noncoding_equivalent(547.20) raw_noncoding(547.20) offset(0.00) 
6503	9898	single+	1	3	{GlimmerHMM_glimmerT_3665-T1;GlimmerHMM}

# EVM prediction: Mode:STANDARD S-ratio: 40.65 10433-11506 orient(+) score(4190.00) noncoding_equivalent(103.09) raw_noncoding(103.09) offset(0.00) 
10433	11506	single+	1	3	{GlimmerHMM_glimmerT_3666-T1;GlimmerHMM}

# EVM prediction: Mode:STANDARD S-ratio: 75.25 12396-13010 orient(+) score(2426.00) noncoding_equivalent(32.24) raw_noncoding(32.24) offset(0.00) 
12396	13010	single+	1	3	{Augustus_model.g3374.t1;Augustus},{GlimmerHMM_glimmerT_3667-T1;GlimmerHMM}

# EVM prediction: Mode:STANDARD S-ratio: 462.87 14261-15889 orient(+) score(6500.00) noncoding_equivalent(14.04) raw_noncoding(14.04) offset(0.00) 
14261	15889	single+	1	3	{GlimmerHMM_glimmerT_3668-T1;GlimmerHMM},{Augustus_model.g3375.t1;Augustus}

# EVM prediction: Mode:STANDARD S-ratio: 56.63 16468-17610 orient(+) score(4493.00) noncoding_equivalent(79.34) raw_noncoding(79.34) offset(0.00) 
16468	17610	single+	1	3	{GlimmerHMM_glimmerT_3669-T1;GlimmerHMM}

# EVM prediction: Mode:STANDARD S-ratio: 20.37 17789-19069 orient(+) score(4504.00) noncoding_equivalent(221.06) raw_noncoding(603.89) offset(382.82) 
17789	17792	initial+	1	1	{snap_scaffold_8-snap.117-T1;snap}
17793	17984	INTRON			{snap_scaffold_8-snap.117-T1;snap}
17985	19069	terminal+	2	3	{snap_scaffold_8-snap.117-T1;snap}

# EVM prediction: Mode:STANDARD S-ratio: 10000.00 19500-21878 orient(+) score(9516.00) noncoding_equivalent(0.95) raw_noncoding(0.00) offset(0.00) 
19500	21878	single+	1	3	{GlimmerHMM_glimmerT_3671-T1;GlimmerHMM},{Augustus_model.g3377.t1;Augustus}

# EVM prediction: Mode:STANDARD S-ratio: 5.14 22195-22671 orient(-) score(2489.00) noncoding_equivalent(484.07) raw_noncoding(484.07) offset(0.00) 
22671	22195	single-	4	6	{GlimmerHMM_glimmerT_3672-T1;GlimmerHMM},{HiQ_model.g3378.t1;HiQ}

# EVM prediction: Mode:STANDARD S-ratio: 3.47 23139-25511 orient(-) score(11055.00) noncoding_equivalent(3183.00) raw_noncoding(3183.00) offset(0.00) 
25511	23139	single-	4	6	{GlimmerHMM_glimmerT_3673-T1;GlimmerHMM},{HiQ_model.g3379.t1;HiQ}

# EVM prediction: Mode:STANDARD S-ratio: 5.00 25962-27629 orient(-) score(8340.00) noncoding_equivalent(1668.00) raw_noncoding(1668.00) offset(0.00) 
27629	25962	single-	4	6	{GlimmerHMM_glimmerT_3674-T1;GlimmerHMM},{HiQ_model.g3380.t1;HiQ}

# EVM prediction: Mode:STANDARD S-ratio: 10000.00 28337-29560 orient(+) score(4896.00) noncoding_equivalent(0.49) raw_noncoding(0.00) offset(0.00) 
28337	29560	single+	1	3	{Augustus_model.g3381.t1;Augustus},{GlimmerHMM_glimmerT_3675-T1;GlimmerHMM}

# EVM prediction: Mode:STANDARD S-ratio: 989.59 29656-30651 orient(-) score(2983.00) noncoding_equivalent(3.01) raw_noncoding(3.01) offset(0.00) 
30651	29656	single-	4	6	{Augustus_model.g3382.t1;Augustus},{GlimmerHMM_glimmerT_3676-T1;GlimmerHMM}

# EVM prediction: Mode:STANDARD S-ratio: 10000.00 32682-33404 orient(+) score(2892.00) noncoding_equivalent(0.29) raw_noncoding(0.00) offset(0.00) 
32682	33404	single+	1	3	{GlimmerHMM_glimmerT_3677-T1;GlimmerHMM},{Augustus_model.g3383.t1;Augustus}

# EVM prediction: Mode:STANDARD S-ratio: 9.06 33688-35069 orient(-) score(4175.00) noncoding_equivalent(461.04) raw_noncoding(1298.80) offset(837.76) 
34620	33688	terminal-	4	6	{snap_scaffold_8-snap.125-T1;snap}
35060	34621	INTRON			{snap_scaffold_8-snap.125-T1;snap}
35069	35061	initial-	4	6	{snap_scaffold_8-snap.125-T1;snap}

# EVM prediction: Mode:STANDARD S-ratio: 2.23 35072-36982 orient(-) score(4746.00) noncoding_equivalent(2127.19) raw_noncoding(2127.19) offset(0.00) 
36982	35072	single-	4	6	{GlimmerHMM_glimmerT_3679-T1;GlimmerHMM}

# EVM prediction: Mode:STANDARD S-ratio: 5.00 37403-38614 orient(-) score(6060.00) noncoding_equivalent(1212.00) raw_noncoding(1212.00) offset(0.00) 
38614	37403	single-	4	6	{GlimmerHMM_glimmerT_3680-T1;GlimmerHMM},{HiQ_model.g3386.t1;HiQ}

# EVM prediction: Mode:STANDARD S-ratio: 2.00 38959-40059 orient(-) score(4404.00) noncoding_equivalent(2202.00) raw_noncoding(2202.00) offset(0.00) 
40059	38959	single-	4	6	{GlimmerHMM_glimmerT_3681-T1;GlimmerHMM},{HiQ_model.g3387.t1;HiQ}

# EVM prediction: Mode:STANDARD S-ratio: 271.37 40638-45884 orient(+) score(20909.00) noncoding_equivalent(77.05) raw_noncoding(77.05) offset(0.00) 
40638	45884	single+	1	3	{GlimmerHMM_glimmerT_3682-T1;GlimmerHMM}

# EVM prediction: Mode:STANDARD S-ratio: 4.47 46171-47673 orient(-) score(7368.00) noncoding_equivalent(1650.00) raw_noncoding(1650.00) offset(0.00) 
47673	46171	single-	4	6	{HiQ_model.g3389.t1;HiQ},{GlimmerHMM_glimmerT_3683-T1;GlimmerHMM}

# EVM prediction: Mode:STANDARD S-ratio: 5.00 48032-48811 orient(-) score(3900.00) noncoding_equivalent(780.00) raw_noncoding(780.00) offset(0.00) 
48811	48032	single-	4	6	{GlimmerHMM_glimmerT_3684-T1;GlimmerHMM},{HiQ_model.g3390.t1;HiQ}

# EVM prediction: Mode:STANDARD S-ratio: 4.24 49418-51361 orient(-) score(9438.00) noncoding_equivalent(2226.00) raw_noncoding(2226.00) offset(0.00) 
51361	49418	single-	4	6	{GlimmerHMM_glimmerT_3685-T1;GlimmerHMM},{HiQ_model.g3391.t1;HiQ}

# EVM prediction: Mode:STANDARD S-ratio: 4.70 52221-53567 orient(-) score(6663.00) noncoding_equivalent(1418.49) raw_noncoding(1418.49) offset(0.00) 
53567	52221	single-	4	6	{GlimmerHMM_glimmerT_3686-T1;GlimmerHMM},{HiQ_model.g3392.t1;HiQ}

# EVM prediction: Mode:STANDARD S-ratio: 63.59 53834-55054 orient(+) score(4807.00) noncoding_equivalent(75.60) raw_noncoding(75.60) offset(0.00) 
53834	55054	single+	1	3	{Augustus_model.g3393.t1;Augustus},{GlimmerHMM_glimmerT_3687-T1;GlimmerHMM}

# EVM prediction: Mode:STANDARD S-ratio: 5.00 55267-56322 orient(-) score(5280.00) noncoding_equivalent(1056.00) raw_noncoding(1056.00) offset(0.00) 
56322	55267	single-	4	6	{GlimmerHMM_glimmerT_3688-T1;GlimmerHMM},{HiQ_model.g3394.t1;HiQ}

# EVM prediction: Mode:STANDARD S-ratio: 4.99 56743-60075 orient(-) score(16657.00) noncoding_equivalent(3339.05) raw_noncoding(3339.05) offset(0.00) 
60075	56743	single-	4	6	{GlimmerHMM_glimmerT_3689-T1;GlimmerHMM},{HiQ_model.g3395.t1;HiQ}

# EVM prediction: Mode:STANDARD S-ratio: 4.17 61324-62156 orient(+) score(2143.00) noncoding_equivalent(514.12) raw_noncoding(1478.59) offset(964.46) 
61324	61327	initial+	1	1	{snap_scaffold_8-snap.136-T1;snap},{Augustus_model.g3396.t1;Augustus}
61328	61809	INTRON			{snap_scaffold_8-snap.136-T1;snap}
61810	62156	terminal+	2	3	{snap_scaffold_8-snap.136-T1;snap},{GlimmerHMM_glimmerT_3690-T1;GlimmerHMM}

# EVM prediction: Mode:STANDARD S-ratio: 86.35 62599-64869 orient(+) score(6735.00) noncoding_equivalent(78.00) raw_noncoding(78.00) offset(0.00) 
62599	64869	single+	1	3	{GlimmerHMM_glimmerT_3691-T1;GlimmerHMM},{Augustus_model.g3397.t1;Augustus}

# EVM prediction: Mode:STANDARD S-ratio: 51.59 66547-67611 orient(+) score(4179.00) noncoding_equivalent(81.00) raw_noncoding(81.00) offset(0.00) 
66547	67611	single+	1	3	{Augustus_model.g3398.t1;Augustus},{GlimmerHMM_glimmerT_3692-T1;GlimmerHMM}

# EVM prediction: Mode:STANDARD S-ratio: 4.49 68480-69349 orient(-) score(4268.00) noncoding_equivalent(950.26) raw_noncoding(950.26) offset(0.00) 
69349	68480	single-	4	6	{HiQ_model.g3399.t1;HiQ},{GlimmerHMM_glimmerT_3693-T1;GlimmerHMM}

# EVM prediction: Mode:STANDARD S-ratio: 3.03 69614-70210 orient(+) score(1791.00) noncoding_equivalent(590.89) raw_noncoding(590.89) offset(0.00) 
69614	70210	single+	1	3	{Augustus_model.g3400.t1;Augustus},{GlimmerHMM_glimmerT_3694-T1;GlimmerHMM}

# EVM prediction: Mode:STANDARD S-ratio: 3.00 70354-70860 orient(+) score(1521.00) noncoding_equivalent(507.00) raw_noncoding(507.00) offset(0.00) 
70354	70860	single+	1	3	{GlimmerHMM_glimmerT_3695-T1;GlimmerHMM},{Augustus_model.g3401.t1;Augustus}

# EVM prediction: Mode:STANDARD S-ratio: 5.00 71071-71970 orient(-) score(4500.00) noncoding_equivalent(900.00) raw_noncoding(900.00) offset(0.00) 
71970	71071	single-	4	6	{HiQ_model.g3402.t1;HiQ},{GlimmerHMM_glimmerT_3696-T1;GlimmerHMM}

# EVM prediction: Mode:STANDARD S-ratio: 16.30 72518-73342 orient(+) score(3102.00) noncoding_equivalent(190.26) raw_noncoding(190.26) offset(0.00) 
72518	73342	single+	1	3	{Augustus_model.g3403.t1;Augustus},{GlimmerHMM_glimmerT_3697-T1;GlimmerHMM}

# EVM prediction: Mode:STANDARD S-ratio: 4.97 73638-75278 orient(-) score(8195.00) noncoding_equivalent(1649.04) raw_noncoding(1649.04) offset(0.00) 
75278	73638	single-	4	6	{GlimmerHMM_glimmerT_3698-T1;GlimmerHMM},{HiQ_model.g3404.t1;HiQ}

# EVM prediction: Mode:STANDARD S-ratio: 4.74 75671-76060 orient(-) score(1932.00) noncoding_equivalent(408.00) raw_noncoding(408.00) offset(0.00) 
76060	75671	single-	4	6	{HiQ_model.g3405.t1;HiQ},{GlimmerHMM_glimmerT_3699-T1;GlimmerHMM}

# EVM prediction: Mode:STANDARD S-ratio: 52.39 76315-77544 orient(+) score(4827.00) noncoding_equivalent(92.14) raw_noncoding(92.14) offset(0.00) 
76315	77544	single+	1	3	{Augustus_model.g3406.t1;Augustus},{GlimmerHMM_glimmerT_3700-T1;GlimmerHMM}

# EVM prediction: Mode:STANDARD S-ratio: 4.52 77768-78523 orient(-) score(3714.00) noncoding_equivalent(822.00) raw_noncoding(822.00) offset(0.00) 
78523	77768	single-	4	6	{HiQ_model.g3407.t1;HiQ},{GlimmerHMM_glimmerT_3701-T1;GlimmerHMM}

# EVM prediction: Mode:STANDARD S-ratio: 3.87 79369-79758 orient(-) score(1860.00) noncoding_equivalent(480.00) raw_noncoding(480.00) offset(0.00) 
79758	79369	single-	4	6	{GlimmerHMM_glimmerT_3702-T1;GlimmerHMM},{HiQ_model.g3408.t1;HiQ}

# EVM prediction: Mode:STANDARD S-ratio: 2.00 79909-80673 orient(-) score(3060.00) noncoding_equivalent(1530.00) raw_noncoding(1530.00) offset(0.00) 
80673	79909	single-	4	6	{GlimmerHMM_glimmerT_3703-T1;GlimmerHMM},{HiQ_model.g3409.t1;HiQ}

# EVM prediction: Mode:STANDARD S-ratio: 4.78 80942-81385 orient(+) score(1545.00) noncoding_equivalent(323.16) raw_noncoding(421.16) offset(98.00) 
80942	80959	initial+	1	3	{Augustus_model.g3410.t1;Augustus}
80960	81055	INTRON			{Augustus_model.g3410.t1;Augustus},{snap_scaffold_8-snap.147-T1;snap},{ev_type:exonerate/ID=match.133146.1823/Target=YNL147W;exonerate}
81056	81385	terminal+	1	3	{Augustus_model.g3410.t1;Augustus},{snap_scaffold_8-snap.147-T1;snap}

# EVM prediction: Mode:STANDARD S-ratio: 4.55 82822-85044 orient(-) score(10935.00) noncoding_equivalent(2403.00) raw_noncoding(2403.00) offset(0.00) 
85044	82822	single-	4	6	{HiQ_model.g3411.t1;HiQ},{GlimmerHMM_glimmerT_3705-T1;GlimmerHMM}

# EVM prediction: Mode:STANDARD S-ratio: 350.39 87455-88954 orient(+) score(5981.00) noncoding_equivalent(17.07) raw_noncoding(17.07) offset(0.00) 
87455	88954	single+	1	3	{Augustus_model.g3412.t1;Augustus},{GlimmerHMM_glimmerT_3706-T1;GlimmerHMM}

# EVM prediction: Mode:STANDARD S-ratio: 277.40 89598-90641 orient(+) score(4161.00) noncoding_equivalent(15.00) raw_noncoding(15.00) offset(0.00) 
89598	90641	single+	1	3	{Augustus_model.g3413.t1;Augustus},{GlimmerHMM_glimmerT_3707-T1;GlimmerHMM}

# EVM prediction: Mode:STANDARD S-ratio: 5.10 90926-95719 orient(-) score(24521.00) noncoding_equivalent(4804.13) raw_noncoding(4804.13) offset(0.00) 
95719	90926	single-	4	6	{HiQ_model.g3414.t1;HiQ},{GlimmerHMM_glimmerT_3708-T1;GlimmerHMM}

# EVM prediction: Mode:STANDARD S-ratio: 109.95 96743-98323 orient(+) score(6267.00) noncoding_equivalent(57.00) raw_noncoding(57.00) offset(0.00) 
96743	98323	single+	1	3	{Augustus_model.g3415.t1;Augustus},{GlimmerHMM_glimmerT_3709-T1;GlimmerHMM}

