!! Predictions spanning range 1213 - 94228 [R1]
# EVM prediction: Mode:STANDARD S-ratio: 10000.00 1213-4452 orient(+) score(6480.00) noncoding_equivalent(0.65) raw_noncoding(0.00) offset(0.00) 
1213	4452	terminal+	1	3	{Augustus_gene627.t1;Augustus}

# EVM prediction: Mode:STANDARD S-ratio: 10000.00 4774-6288 orient(-) score(3030.00) noncoding_equivalent(0.30) raw_noncoding(0.00) offset(0.00) 
6288	4774	single-	4	6	{Augustus_gene459.t1;Augustus}

# EVM prediction: Mode:STANDARD S-ratio: 10000.00 6844-8319 orient(-) score(2952.00) noncoding_equivalent(0.30) raw_noncoding(0.00) offset(0.00) 
8319	6844	single-	4	6	{Augustus_gene338.t1;Augustus}

# EVM prediction: Mode:STANDARD S-ratio: 10000.00 10770-13214 orient(+) score(4890.00) noncoding_equivalent(0.49) raw_noncoding(0.00) offset(0.00) 
10770	13214	single+	1	3	{Augustus_gene611.t1;Augustus}

# EVM prediction: Mode:STANDARD S-ratio: 10000.00 23269-24147 orient(+) score(1758.00) noncoding_equivalent(0.18) raw_noncoding(0.00) offset(0.00) 
23269	24147	single+	1	3	{Augustus_gene320.t1;Augustus}

# EVM prediction: Mode:STANDARD S-ratio: 10000.00 35699-37183 orient(+) score(2970.00) noncoding_equivalent(0.30) raw_noncoding(0.00) offset(0.00) 
35699	37183	single+	1	3	{Augustus_gene1141.t1;Augustus}

# EVM prediction: Mode:STANDARD S-ratio: 10000.00 37423-38043 orient(+) score(1242.00) noncoding_equivalent(0.12) raw_noncoding(0.00) offset(0.00) 
37423	38043	single+	1	3	{Augustus_gene771.t1;Augustus}

# EVM prediction: Mode:STANDARD S-ratio: 10000.00 39196-42025 orient(-) score(5660.00) noncoding_equivalent(0.57) raw_noncoding(0.00) offset(0.00) 
39205	39196	terminal-	6	6	{Augustus_gene665.t1;Augustus}
39467	39206	INTRON			{Augustus_gene665.t1;Augustus}
42025	39468	initial-	4	5	{Augustus_gene665.t1;Augustus}

# EVM prediction: Mode:STANDARD S-ratio: 10000.00 44328-45995 orient(-) score(3336.00) noncoding_equivalent(0.33) raw_noncoding(0.00) offset(0.00) 
45995	44328	single-	4	6	{Augustus_gene461.t1;Augustus}

# EVM prediction: Mode:STANDARD S-ratio: 10000.00 46571-48334 orient(+) score(3528.00) noncoding_equivalent(0.35) raw_noncoding(0.00) offset(0.00) 
46571	48334	single+	1	3	{Augustus_gene324.t1;Augustus}

# EVM prediction: Mode:STANDARD S-ratio: 10000.00 55792-58140 orient(+) score(4698.00) noncoding_equivalent(0.47) raw_noncoding(0.00) offset(0.00) 
55792	58140	single+	1	3	{Augustus_gene538.t1;Augustus}

# EVM prediction: Mode:STANDARD S-ratio: 10000.00 63683-64960 orient(+) score(2556.00) noncoding_equivalent(0.26) raw_noncoding(0.00) offset(0.00) 
63683	64960	single+	1	3	{Augustus_gene176.t1;Augustus}

# EVM prediction: Mode:STANDARD S-ratio: 10000.00 68960-71497 orient(-) score(5076.00) noncoding_equivalent(0.51) raw_noncoding(0.00) offset(0.00) 
71497	68960	single-	4	6	{Augustus_gene982.t1;Augustus}

# EVM prediction: Mode:STANDARD S-ratio: 10000.00 72045-72785 orient(-) score(1482.00) noncoding_equivalent(0.15) raw_noncoding(0.00) offset(0.00) 
72785	72045	single-	4	6	{Augustus_gene345.t1;Augustus}

# EVM prediction: Mode:STANDARD S-ratio: 10000.00 92600-94228 orient(+) score(3258.00) noncoding_equivalent(0.33) raw_noncoding(0.00) offset(0.00) 
92600	94228	single+	1	3	{Augustus_gene999.t1;Augustus}

