!! Predictions spanning range 56175 - 83260 [R1]
# EVM prediction: Mode:STANDARD S-ratio: 10000.00 56175-56972 orient(-) score(1596.00) noncoding_equivalent(0.16) raw_noncoding(0.00) offset(0.00) 
56972	56175	single-	4	6	{Augustus_gene576.t1;Augustus}

# EVM prediction: Mode:STANDARD S-ratio: 10000.00 65974-71307 orient(-) score(8868.00) noncoding_equivalent(0.89) raw_noncoding(0.00) offset(0.00) 
66100	65974	terminal-	6	6	{Augustus_gene782.t1;Augustus}
66243	66101	INTRON			{Augustus_gene782.t1;Augustus}
66308	66244	internal-	4	5	{Augustus_gene782.t1;Augustus}
66473	66309	INTRON			{Augustus_gene782.t1;Augustus}
66523	66474	internal-	5	6	{Augustus_gene782.t1;Augustus}
66672	66524	INTRON			{Augustus_gene782.t1;Augustus}
66689	66673	internal-	6	4	{Augustus_gene782.t1;Augustus}
66830	66690	INTRON			{Augustus_gene782.t1;Augustus}
66847	66831	internal-	4	5	{Augustus_gene782.t1;Augustus}
66953	66848	INTRON			{Augustus_gene782.t1;Augustus}
66974	66954	internal-	4	6	{Augustus_gene782.t1;Augustus}
67134	66975	INTRON			{Augustus_gene782.t1;Augustus}
67144	67135	internal-	6	6	{Augustus_gene782.t1;Augustus}
67188	67145	INTRON			{Augustus_gene782.t1;Augustus}
67204	67189	internal-	5	5	{Augustus_gene782.t1;Augustus}
68185	67205	INTRON			{Augustus_gene782.t1;Augustus}
68282	68186	internal-	4	4	{Augustus_gene782.t1;Augustus}
68352	68283	INTRON			{Augustus_gene782.t1;Augustus}
68364	68353	internal-	4	6	{Augustus_gene782.t1;Augustus}
68472	68365	INTRON			{Augustus_gene782.t1;Augustus}
68507	68473	internal-	5	6	{Augustus_gene782.t1;Augustus}
68591	68508	INTRON			{Augustus_gene782.t1;Augustus}
68608	68592	internal-	6	4	{Augustus_gene782.t1;Augustus}
69290	68609	INTRON			{Augustus_gene782.t1;Augustus}
69362	69291	internal-	6	5	{Augustus_gene782.t1;Augustus}
69433	69363	INTRON			{Augustus_gene782.t1;Augustus}
69443	69434	internal-	5	5	{Augustus_gene782.t1;Augustus}
69799	69444	INTRON			{Augustus_gene782.t1;Augustus}
69834	69800	internal-	6	4	{Augustus_gene782.t1;Augustus}
69979	69835	INTRON			{Augustus_gene782.t1;Augustus}
70324	69980	internal-	6	5	{Augustus_gene782.t1;Augustus}
70441	70325	INTRON			{Augustus_gene782.t1;Augustus}
70629	70442	internal-	4	5	{Augustus_gene782.t1;Augustus}
70872	70630	INTRON			{Augustus_gene782.t1;Augustus}
71307	70873	initial-	4	6	{Augustus_gene782.t1;Augustus}

# EVM prediction: Mode:STANDARD S-ratio: 10000.00 71622-73514 orient(+) score(3786.00) noncoding_equivalent(0.38) raw_noncoding(0.00) offset(0.00) 
71622	73514	single+	1	3	{Augustus_gene794.t1;Augustus}

# EVM prediction: Mode:STANDARD S-ratio: 10000.00 75524-80125 orient(-) score(9204.00) noncoding_equivalent(0.92) raw_noncoding(0.00) offset(0.00) 
75565	75524	terminal-	4	6	{Augustus_gene897.t1;Augustus}
75626	75566	INTRON			{Augustus_gene897.t1;Augustus}
75810	75627	internal-	6	6	{Augustus_gene897.t1;Augustus}
76909	75811	INTRON			{Augustus_gene897.t1;Augustus}
76970	76910	internal-	5	5	{Augustus_gene897.t1;Augustus}
77745	76971	INTRON			{Augustus_gene897.t1;Augustus}
79617	77746	internal-	5	4	{Augustus_gene897.t1;Augustus}
80073	79618	INTRON			{Augustus_gene897.t1;Augustus}
80125	80074	initial-	4	4	{Augustus_gene897.t1;Augustus}

# EVM prediction: Mode:STANDARD S-ratio: 10000.00 80207-83260 orient(-) score(6108.00) noncoding_equivalent(0.61) raw_noncoding(0.00) offset(0.00) 
83260	80207	single-	4	6	{Augustus_gene60.t1;Augustus}

