!! Predictions spanning range 1 - 96982 [R1]
# EVM prediction: Mode:STANDARD S-ratio: 10000.00 1-1599 orient(+) score(3198.00) noncoding_equivalent(0.32) raw_noncoding(0.00) offset(0.00) 
1	1599	single+	1	3	{Augustus_gene329.t1;Augustus}

# EVM prediction: Mode:STANDARD S-ratio: 10000.00 1882-3342 orient(-) score(2922.00) noncoding_equivalent(0.29) raw_noncoding(0.00) offset(0.00) 
3249	1882	terminal-	4	6	{Augustus_gene1119.t1;Augustus}
3297	3250	INTRON			{Augustus_gene1119.t1;Augustus}
3342	3298	initial-	4	6	{Augustus_gene1119.t1;Augustus}

# EVM prediction: Mode:STANDARD S-ratio: 10000.00 8646-12606 orient(+) score(7918.00) noncoding_equivalent(0.79) raw_noncoding(0.00) offset(0.00) 
8646	11721	initial+	1	1	{Augustus_gene193.t1;Augustus}
11722	12137	INTRON			{Augustus_gene193.t1;Augustus}
12138	12326	internal+	2	1	{Augustus_gene193.t1;Augustus}
12327	12586	INTRON			{Augustus_gene193.t1;Augustus}
12587	12606	terminal+	2	3	{Augustus_gene193.t1;Augustus}

# EVM prediction: Mode:STANDARD S-ratio: 10000.00 14806-15528 orient(+) score(1446.00) noncoding_equivalent(0.14) raw_noncoding(0.00) offset(0.00) 
14806	15528	single+	1	3	{Augustus_gene92.t1;Augustus}

# EVM prediction: Mode:STANDARD S-ratio: 10000.00 16611-20187 orient(+) score(7154.00) noncoding_equivalent(0.72) raw_noncoding(0.00) offset(0.00) 
16611	16731	initial+	1	1	{Augustus_gene419.t1;Augustus}
16732	16782	INTRON			{Augustus_gene419.t1;Augustus}
16783	16854	internal+	2	1	{Augustus_gene419.t1;Augustus}
16855	17180	INTRON			{Augustus_gene419.t1;Augustus}
17181	17196	internal+	2	2	{Augustus_gene419.t1;Augustus}
17197	17297	INTRON			{Augustus_gene419.t1;Augustus}
17298	20187	terminal+	3	3	{Augustus_gene419.t1;Augustus}

# EVM prediction: Mode:STANDARD S-ratio: 10000.00 26414-27907 orient(+) score(2986.00) noncoding_equivalent(0.30) raw_noncoding(0.00) offset(0.00) 
26414	27907	single+	1	3	{Augustus_gene841.t1;Augustus}

# EVM prediction: Mode:STANDARD S-ratio: 10000.00 43742-45755 orient(-) score(4028.00) noncoding_equivalent(0.40) raw_noncoding(0.00) offset(0.00) 
43767	43742	terminal-	5	6	{Augustus_gene695.t1;Augustus}
43828	43768	INTRON			{Augustus_gene695.t1;Augustus}
45755	43829	initial-	4	4	{Augustus_gene695.t1;Augustus}

# EVM prediction: Mode:STANDARD S-ratio: 10000.00 51500-52165 orient(-) score(1332.00) noncoding_equivalent(0.13) raw_noncoding(0.00) offset(0.00) 
52165	51500	single-	4	6	{Augustus_gene624.t1;Augustus}

# EVM prediction: Mode:STANDARD S-ratio: 10000.00 53776-54450 orient(+) score(1350.00) noncoding_equivalent(0.14) raw_noncoding(0.00) offset(0.00) 
53776	54450	single+	1	3	{Augustus_gene233.t1;Augustus}

# EVM prediction: Mode:STANDARD S-ratio: 10000.00 63725-68131 orient(+) score(8814.00) noncoding_equivalent(0.88) raw_noncoding(0.00) offset(0.00) 
63725	68131	single+	1	3	{Augustus_gene1160.t1;Augustus}

# EVM prediction: Mode:STANDARD S-ratio: 10000.00 81908-84248 orient(+) score(4682.00) noncoding_equivalent(0.47) raw_noncoding(0.00) offset(0.00) 
81908	82091	initial+	1	1	{Augustus_gene632.t1;Augustus}
82092	82542	INTRON			{Augustus_gene632.t1;Augustus}
82543	84248	terminal+	2	3	{Augustus_gene632.t1;Augustus}

# EVM prediction: Mode:STANDARD S-ratio: 10000.00 92723-96982 orient(+) score(8518.00) noncoding_equivalent(0.85) raw_noncoding(0.00) offset(0.00) 
92723	96982	single+	1	3	{Augustus_gene1171.t1;Augustus}

