!! Predictions spanning range 17150 - 98888 [R1]
# EVM prediction: Mode:STANDARD S-ratio: 10000.00 17150-26203 orient(-) score(34072.00) noncoding_equivalent(3.41) raw_noncoding(0.00) offset(0.00) 
17163	17150	terminal-	5	6	{Augustus_gene255.t1;Augustus},{Augustus_gene1005.t1;Augustus}
17216	17164	INTRON			{Augustus_gene255.t1;Augustus},{Augustus_gene1005.t1;Augustus}
19504	17217	internal-	6	4	{Augustus_gene255.t1;Augustus},{Augustus_gene1005.t1;Augustus}
19620	19505	INTRON			{Augustus_gene255.t1;Augustus},{Augustus_gene1005.t1;Augustus}
21109	19621	internal-	5	5	{Augustus_gene255.t1;Augustus},{Augustus_gene1005.t1;Augustus}
21282	21110	INTRON			{Augustus_gene255.t1;Augustus},{Augustus_gene1005.t1;Augustus}
22653	21283	internal-	5	4	{Augustus_gene255.t1;Augustus},{Augustus_gene1005.t1;Augustus}
23287	22654	INTRON			{Augustus_gene255.t1;Augustus},{Augustus_gene1005.t1;Augustus}
23384	23288	internal-	4	4	{Augustus_gene255.t1;Augustus},{Augustus_gene1005.t1;Augustus}
23804	23385	INTRON			{Augustus_gene255.t1;Augustus},{Augustus_gene1005.t1;Augustus}
24811	23805	internal-	5	6	{Augustus_gene255.t1;Augustus},{Augustus_gene1005.t1;Augustus}
25131	24812	INTRON			{Augustus_gene255.t1;Augustus},{Augustus_gene1005.t1;Augustus}
26203	25132	initial-	4	4	{Augustus_gene255.t1;Augustus}

# EVM prediction: Mode:STANDARD S-ratio: 10000.00 31718-32992 orient(-) score(2550.00) noncoding_equivalent(0.26) raw_noncoding(0.00) offset(0.00) 
32992	31718	single-	4	6	{Augustus_gene509.t1;Augustus}

# EVM prediction: Mode:STANDARD S-ratio: 10000.00 63988-64923 orient(-) score(1872.00) noncoding_equivalent(0.19) raw_noncoding(0.00) offset(0.00) 
64923	63988	single-	4	6	{Augustus_gene508.t1;Augustus}

# EVM prediction: Mode:STANDARD S-ratio: 10000.00 65437-66054 orient(+) score(1236.00) noncoding_equivalent(0.12) raw_noncoding(0.00) offset(0.00) 
65437	66054	single+	1	3	{Augustus_gene204.t1;Augustus}

# EVM prediction: Mode:STANDARD S-ratio: 10000.00 68046-68837 orient(-) score(1584.00) noncoding_equivalent(0.16) raw_noncoding(0.00) offset(0.00) 
68837	68046	single-	4	6	{Augustus_gene853.t1;Augustus}

# EVM prediction: Mode:STANDARD S-ratio: 10000.00 71714-75552 orient(-) score(7678.00) noncoding_equivalent(0.77) raw_noncoding(0.00) offset(0.00) 
72705	71714	terminal-	5	6	{Augustus_gene413.t1;Augustus}
74444	72706	INTRON			{Augustus_gene413.t1;Augustus}
74523	74445	internal-	4	4	{Augustus_gene413.t1;Augustus}
74782	74524	INTRON			{Augustus_gene413.t1;Augustus}
74826	74783	internal-	5	6	{Augustus_gene413.t1;Augustus}
74923	74827	INTRON			{Augustus_gene413.t1;Augustus}
74955	74924	internal-	6	4	{Augustus_gene413.t1;Augustus}
75057	74956	INTRON			{Augustus_gene413.t1;Augustus}
75069	75058	internal-	6	5	{Augustus_gene413.t1;Augustus}
75355	75070	INTRON			{Augustus_gene413.t1;Augustus}
75552	75356	initial-	4	5	{Augustus_gene413.t1;Augustus}

# EVM prediction: Mode:STANDARD S-ratio: 10000.00 77128-77889 orient(-) score(1524.00) noncoding_equivalent(0.15) raw_noncoding(0.00) offset(0.00) 
77889	77128	single-	4	6	{Augustus_gene514.t1;Augustus}

# EVM prediction: Mode:STANDARD S-ratio: 10000.00 98473-98888 orient(-) score(832.00) noncoding_equivalent(0.08) raw_noncoding(0.00) offset(0.00) 
98815	98473	terminal-	6	6	{Augustus_gene1083.t1;Augustus}
98877	98816	INTRON			{Augustus_gene1083.t1;Augustus}
98888	98878	initial-	4	5	{Augustus_gene1083.t1;Augustus}

!! Predictions spanning range 16407 - 17101 [R2]
# EVM prediction: Mode:STANDARD S-ratio: 10000.00 16407-17101 orient(+) score(1390.00) noncoding_equivalent(0.14) raw_noncoding(0.00) offset(0.00) 
16407	17101	initial+	1	2	{Augustus_gene121.t1;Augustus}

