!! Predictions spanning range 11271 - 98249 [R1]
# EVM prediction: Mode:STANDARD S-ratio: 10000.00 11271-14387 orient(-) score(6234.00) noncoding_equivalent(0.62) raw_noncoding(0.00) offset(0.00) 
14387	11271	single-	4	6	{Augustus_gene291.t1;Augustus}

# EVM prediction: Mode:STANDARD S-ratio: 10000.00 15102-16403 orient(-) score(2604.00) noncoding_equivalent(0.26) raw_noncoding(0.00) offset(0.00) 
16403	15102	single-	4	6	{Augustus_gene254.t1;Augustus}

# EVM prediction: Mode:STANDARD S-ratio: 10000.00 16656-17594 orient(-) score(1878.00) noncoding_equivalent(0.19) raw_noncoding(0.00) offset(0.00) 
17594	16656	single-	4	6	{Augustus_gene927.t1;Augustus}

# EVM prediction: Mode:STANDARD S-ratio: 10000.00 21369-24923 orient(+) score(7110.00) noncoding_equivalent(0.71) raw_noncoding(0.00) offset(0.00) 
21369	22178	initial+	1	3	{Augustus_gene1138.t1;Augustus}
22179	24457	INTRON			{Augustus_gene1138.t1;Augustus}
24458	24471	internal+	1	2	{Augustus_gene1138.t1;Augustus}
24472	24777	INTRON			{Augustus_gene1138.t1;Augustus}
24778	24809	internal+	3	1	{Augustus_gene1138.t1;Augustus}
24810	24876	INTRON			{Augustus_gene1138.t1;Augustus}
24877	24923	terminal+	2	3	{Augustus_gene1138.t1;Augustus}

# EVM prediction: Mode:STANDARD S-ratio: 10000.00 25823-28717 orient(+) score(5790.00) noncoding_equivalent(0.58) raw_noncoding(0.00) offset(0.00) 
25823	28717	single+	1	3	{Augustus_gene45.t1;Augustus}

# EVM prediction: Mode:STANDARD S-ratio: 10000.00 58515-59381 orient(-) score(1734.00) noncoding_equivalent(0.17) raw_noncoding(0.00) offset(0.00) 
59381	58515	single-	4	6	{Augustus_gene470.t1;Augustus}

# EVM prediction: Mode:STANDARD S-ratio: 10000.00 71828-72796 orient(-) score(1938.00) noncoding_equivalent(0.19) raw_noncoding(0.00) offset(0.00) 
72796	71828	single-	4	6	{Augustus_gene383.t1;Augustus}

# EVM prediction: Mode:STANDARD S-ratio: 10000.00 83812-84885 orient(-) score(2148.00) noncoding_equivalent(0.21) raw_noncoding(0.00) offset(0.00) 
84885	83812	single-	4	6	{Augustus_gene644.t1;Augustus}

# EVM prediction: Mode:STANDARD S-ratio: 10000.00 96987-98249 orient(+) score(2526.00) noncoding_equivalent(0.25) raw_noncoding(0.00) offset(0.00) 
96987	98249	single+	1	3	{Augustus_gene1193.t1;Augustus}

