!! Predictions spanning range 324 - 99966 [R1]
# EVM prediction: Mode:STANDARD S-ratio: 4.76 324-3791 orient(-) score(17193.00) noncoding_equivalent(3615.00) raw_noncoding(3615.00) offset(0.00) 
3791	324	single-	4	6	{HiQ_model.g1708.t1;HiQ},{GlimmerHMM_glimmerT_1850-T1;GlimmerHMM}

# EVM prediction: Mode:STANDARD S-ratio: 24.69 4520-6280 orient(+) score(6770.00) noncoding_equivalent(274.20) raw_noncoding(274.20) offset(0.00) 
4520	6280	single+	1	3	{GlimmerHMM_glimmerT_1851-T1;GlimmerHMM}

# EVM prediction: Mode:STANDARD S-ratio: 21.00 6818-9232 orient(+) score(9188.00) noncoding_equivalent(437.60) raw_noncoding(437.60) offset(0.00) 
6818	9232	single+	1	3	{GlimmerHMM_glimmerT_1852-T1;GlimmerHMM}

# EVM prediction: Mode:STANDARD S-ratio: 10000.00 9804-10682 orient(+) score(3516.00) noncoding_equivalent(0.35) raw_noncoding(0.00) offset(0.00) 
9804	10682	single+	1	3	{GlimmerHMM_glimmerT_1853-T1;GlimmerHMM},{Augustus_model.g1710.t1;Augustus}

# EVM prediction: Mode:STANDARD S-ratio: 418.29 11744-13525 orient(+) score(7111.00) noncoding_equivalent(17.00) raw_noncoding(17.00) offset(0.00) 
11744	13525	single+	1	3	{Augustus_model.g1711.t1;Augustus},{GlimmerHMM_glimmerT_1854-T1;GlimmerHMM}

# EVM prediction: Mode:STANDARD S-ratio: 300.49 13777-14085 orient(+) score(1232.00) noncoding_equivalent(4.10) raw_noncoding(4.10) offset(0.00) 
13777	14085	single+	1	3	{GlimmerHMM_glimmerT_1855-T1;GlimmerHMM},{Augustus_model.g1712.t1;Augustus}

# EVM prediction: Mode:STANDARD S-ratio: 1.98 14324-15274 orient(+) score(2529.00) noncoding_equivalent(1275.00) raw_noncoding(1275.00) offset(0.00) 
14324	15274	single+	1	3	{GlimmerHMM_glimmerT_1856-T1;GlimmerHMM}

# EVM prediction: Mode:STANDARD S-ratio: 3153.70 15637-19713 orient(+) score(16303.00) noncoding_equivalent(5.17) raw_noncoding(5.17) offset(0.00) 
15637	19713	single+	1	3	{GlimmerHMM_glimmerT_1857-T1;GlimmerHMM},{Augustus_model.g1713.t1;Augustus}

# EVM prediction: Mode:STANDARD S-ratio: 4.92 20102-21031 orient(-) score(4638.00) noncoding_equivalent(942.00) raw_noncoding(942.00) offset(0.00) 
21031	20102	single-	4	6	{HiQ_model.g1714.t1;HiQ},{GlimmerHMM_glimmerT_1858-T1;GlimmerHMM}

# EVM prediction: Mode:STANDARD S-ratio: 4.96 22493-24031 orient(-) score(7682.00) noncoding_equivalent(1550.05) raw_noncoding(1550.05) offset(0.00) 
24031	22493	single-	4	6	{GlimmerHMM_glimmerT_1859-T1;GlimmerHMM},{HiQ_model.g1715.t1;HiQ}

# EVM prediction: Mode:STANDARD S-ratio: 4.88 24452-25459 orient(-) score(5020.00) noncoding_equivalent(1028.09) raw_noncoding(1028.09) offset(0.00) 
25459	24452	single-	4	6	{GlimmerHMM_glimmerT_1860-T1;GlimmerHMM},{HiQ_model.g1716.t1;HiQ}

# EVM prediction: Mode:STANDARD S-ratio: 36.38 26095-26823 orient(+) score(2838.00) noncoding_equivalent(78.00) raw_noncoding(78.00) offset(0.00) 
26095	26823	single+	1	3	{Augustus_model.g1717.t1;Augustus},{GlimmerHMM_glimmerT_1861-T1;GlimmerHMM}

# EVM prediction: Mode:STANDARD S-ratio: 5.00 27149-29935 orient(-) score(13935.00) noncoding_equivalent(2787.00) raw_noncoding(2787.00) offset(0.00) 
29935	27149	single-	4	6	{HiQ_model.g1718.t1;HiQ},{GlimmerHMM_glimmerT_1862-T1;GlimmerHMM}

# EVM prediction: Mode:STANDARD S-ratio: 4.99 30455-32179 orient(-) score(8621.00) noncoding_equivalent(1729.02) raw_noncoding(1729.02) offset(0.00) 
32179	30455	single-	4	6	{HiQ_model.g1719.t1;HiQ},{GlimmerHMM_glimmerT_1863-T1;GlimmerHMM}

# EVM prediction: Mode:STANDARD S-ratio: 4.94 32986-34914 orient(-) score(9624.00) noncoding_equivalent(1950.00) raw_noncoding(1950.00) offset(0.00) 
34914	32986	single-	4	6	{HiQ_model.g1720.t1;HiQ},{GlimmerHMM_glimmerT_1864-T1;GlimmerHMM}

# EVM prediction: Mode:STANDARD S-ratio: 12.05 35769-36620 orient(+) score(3146.00) noncoding_equivalent(261.07) raw_noncoding(261.07) offset(0.00) 
35769	36620	single+	1	3	{GlimmerHMM_glimmerT_1865-T1;GlimmerHMM}

# EVM prediction: Mode:STANDARD S-ratio: 184.00 36901-38010 orient(-) score(3312.00) noncoding_equivalent(18.00) raw_noncoding(18.00) offset(0.00) 
38010	36901	single-	4	6	{Augustus_model.g1722.t1;Augustus},{GlimmerHMM_glimmerT_1866-T1;GlimmerHMM}

# EVM prediction: Mode:STANDARD S-ratio: 4.99 39717-40280 orient(-) score(2815.00) noncoding_equivalent(564.00) raw_noncoding(564.00) offset(0.00) 
40280	39717	single-	4	6	{GlimmerHMM_glimmerT_1867-T1;GlimmerHMM},{HiQ_model.g1723.t1;HiQ}

# EVM prediction: Mode:STANDARD S-ratio: 4.82 40683-41768 orient(-) score(5397.00) noncoding_equivalent(1119.00) raw_noncoding(1119.00) offset(0.00) 
41768	40683	single-	4	6	{GlimmerHMM_glimmerT_1868-T1;GlimmerHMM},{HiQ_model.g1724.t1;HiQ}

# EVM prediction: Mode:STANDARD S-ratio: 1523.49 42124-45201 orient(+) score(12304.00) noncoding_equivalent(8.08) raw_noncoding(8.08) offset(0.00) 
42124	45201	single+	1	3	{GlimmerHMM_glimmerT_1869-T1;GlimmerHMM},{Augustus_model.g1725.t1;Augustus}

# EVM prediction: Mode:STANDARD S-ratio: 4.32 45541-46698 orient(-) score(5634.00) noncoding_equivalent(1304.00) raw_noncoding(1304.00) offset(0.00) 
46698	45541	single-	4	6	{HiQ_model.g1726.t1;HiQ}

# EVM prediction: Mode:STANDARD S-ratio: 10000.00 47702-48604 orient(+) score(3603.00) noncoding_equivalent(0.36) raw_noncoding(0.00) offset(0.00) 
47702	48604	single+	1	3	{Augustus_model.g1727.t1;Augustus},{GlimmerHMM_glimmerT_1871-T1;GlimmerHMM}

# EVM prediction: Mode:STANDARD S-ratio: 69.32 50166-51167 orient(+) score(3951.00) noncoding_equivalent(57.00) raw_noncoding(57.00) offset(0.00) 
50166	51167	single+	1	3	{Augustus_model.g1728.t1;Augustus},{GlimmerHMM_glimmerT_1873-T1;GlimmerHMM}

# EVM prediction: Mode:STANDARD S-ratio: 4.61 51311-52126 orient(-) score(4024.00) noncoding_equivalent(872.78) raw_noncoding(872.78) offset(0.00) 
52126	51311	single-	4	6	{GlimmerHMM_glimmerT_1874-T1;GlimmerHMM},{HiQ_model.g1729.t1;HiQ}

# EVM prediction: Mode:STANDARD S-ratio: 4.07 52472-54115 orient(-) score(7920.00) noncoding_equivalent(1944.00) raw_noncoding(1944.00) offset(0.00) 
54115	52472	single-	4	6	{HiQ_model.g1730.t1;HiQ},{GlimmerHMM_glimmerT_1875-T1;GlimmerHMM}

# EVM prediction: Mode:STANDARD S-ratio: 220.40 55098-56204 orient(-) score(3306.00) noncoding_equivalent(15.00) raw_noncoding(15.00) offset(0.00) 
56204	55098	single-	4	6	{Augustus_model.g1731.t1;Augustus},{GlimmerHMM_glimmerT_1876-T1;GlimmerHMM}

# EVM prediction: Mode:STANDARD S-ratio: 4.95 58364-59032 orient(-) score(3340.00) noncoding_equivalent(674.32) raw_noncoding(674.32) offset(0.00) 
59032	58364	single-	4	6	{HiQ_model.g1732.t1;HiQ},{GlimmerHMM_glimmerT_1877-T1;GlimmerHMM}

# EVM prediction: Mode:STANDARD S-ratio: 80.05 59720-59983 orient(+) score(1043.00) noncoding_equivalent(13.03) raw_noncoding(13.03) offset(0.00) 
59720	59983	single+	1	3	{GlimmerHMM_glimmerT_1878-T1;GlimmerHMM},{Augustus_model.g1733.t1;Augustus}

# EVM prediction: Mode:STANDARD S-ratio: 2.96 60846-61565 orient(+) score(2152.00) noncoding_equivalent(726.01) raw_noncoding(726.01) offset(0.00) 
60846	61565	single+	1	3	{GlimmerHMM_glimmerT_1879-T1;GlimmerHMM}

# EVM prediction: Mode:STANDARD S-ratio: 125.81 62292-62642 orient(+) score(1393.00) noncoding_equivalent(11.07) raw_noncoding(11.07) offset(0.00) 
62292	62642	single+	1	3	{GlimmerHMM_glimmerT_1880-T1;GlimmerHMM},{Augustus_model.g1734.t1;Augustus}

# EVM prediction: Mode:STANDARD S-ratio: 2.32 63042-63903 orient(-) score(3316.00) noncoding_equivalent(1428.00) raw_noncoding(1434.00) offset(6.00) 
63406	63042	terminal-	5	6	{GlimmerHMM_glimmerT_1881-T1;GlimmerHMM},{snap_scaffold_5-snap.89-T1;snap},{Augustus_model.g1735.t1;Augustus}
63884	63407	INTRON			{GlimmerHMM_glimmerT_1881-T1;GlimmerHMM},{snap_scaffold_5-snap.89-T1;snap},{Augustus_model.g1735.t1;Augustus}
63903	63885	initial-	4	4	{GlimmerHMM_glimmerT_1881-T1;GlimmerHMM},{snap_scaffold_5-snap.89-T1;snap},{Augustus_model.g1735.t1;Augustus}

# EVM prediction: Mode:STANDARD S-ratio: 25.67 64748-65467 orient(+) score(2772.00) noncoding_equivalent(108.00) raw_noncoding(108.00) offset(0.00) 
64748	65467	single+	1	3	{GlimmerHMM_glimmerT_1882-T1;GlimmerHMM},{Augustus_model.g1736.t1;Augustus}

# EVM prediction: Mode:STANDARD S-ratio: 5.86 65764-71451 orient(-) score(33876.00) noncoding_equivalent(5785.75) raw_noncoding(5785.75) offset(0.00) 
71451	65764	single-	4	6	{HiQ_model.g1737.t1;HiQ},{GlimmerHMM_glimmerT_1883-T1;GlimmerHMM}

# EVM prediction: Mode:STANDARD S-ratio: 3.78 72249-73277 orient(-) score(4068.00) noncoding_equivalent(1077.00) raw_noncoding(1077.00) offset(0.00) 
73277	72249	single-	4	6	{HiQ_model.g1738.t1;HiQ},{GlimmerHMM_glimmerT_1884-T1;GlimmerHMM}

# EVM prediction: Mode:STANDARD S-ratio: 27.91 73561-74037 orient(+) score(1842.00) noncoding_equivalent(66.00) raw_noncoding(66.00) offset(0.00) 
73561	74037	single+	1	3	{GlimmerHMM_glimmerT_1885-T1;GlimmerHMM},{Augustus_model.g1739.t1;Augustus}

# EVM prediction: Mode:STANDARD S-ratio: 4.19 75512-76164 orient(-) score(3229.00) noncoding_equivalent(770.00) raw_noncoding(855.00) offset(85.00) 
75995	75512	terminal-	6	6	{GlimmerHMM_glimmerT_1886-T1;GlimmerHMM},{snap_scaffold_5-snap.94-T1;snap},{HiQ_model.g1740.t1;HiQ}
76078	75996	INTRON			{GlimmerHMM_glimmerT_1886-T1;GlimmerHMM},{snap_scaffold_5-snap.94-T1;snap},{HiQ_model.g1740.t1;HiQ},{ev_type:exonerate/ID=match.147026.5561/Target=YGR029W;exonerate}
76164	76079	initial-	4	5	{HiQ_model.g1740.t1;HiQ}

# EVM prediction: Mode:STANDARD S-ratio: 109.12 76426-77514 orient(-) score(3238.00) noncoding_equivalent(29.67) raw_noncoding(29.67) offset(0.00) 
77514	76426	single-	4	6	{Augustus_model.g1741.t1;Augustus},{GlimmerHMM_glimmerT_1887-T1;GlimmerHMM}

# EVM prediction: Mode:STANDARD S-ratio: 160.23 78992-79318 orient(+) score(1623.00) noncoding_equivalent(10.13) raw_noncoding(10.13) offset(0.00) 
78992	79318	single+	1	3	{GlimmerHMM_glimmerT_1888-T1;GlimmerHMM},{Augustus_model.g1742.t1;Augustus}

# EVM prediction: Mode:STANDARD S-ratio: 4.77 79629-80465 orient(-) score(4152.00) noncoding_equivalent(870.00) raw_noncoding(870.00) offset(0.00) 
80465	79629	single-	4	6	{HiQ_model.g1743.t1;HiQ},{GlimmerHMM_glimmerT_1889-T1;GlimmerHMM}

# EVM prediction: Mode:STANDARD S-ratio: 62.47 80854-81567 orient(+) score(2811.00) noncoding_equivalent(45.00) raw_noncoding(45.00) offset(0.00) 
80854	81567	single+	1	3	{Augustus_model.g1744.t1;Augustus},{GlimmerHMM_glimmerT_1890-T1;GlimmerHMM}

# EVM prediction: Mode:STANDARD S-ratio: 154.64 82519-83025 orient(-) score(2013.00) noncoding_equivalent(13.02) raw_noncoding(13.02) offset(0.00) 
83025	82519	single-	4	6	{Augustus_model.g1745.t1;Augustus},{GlimmerHMM_glimmerT_1891-T1;GlimmerHMM}

# EVM prediction: Mode:STANDARD S-ratio: 1.99 83219-84247 orient(+) score(2810.00) noncoding_equivalent(1415.38) raw_noncoding(1645.38) offset(230.00) 
83219	83532	initial+	1	2	{snap_scaffold_5-snap.100-T1;snap}
83533	83754	INTRON			{Augustus_model.g1746.t1;Augustus}
83755	84247	terminal+	3	3	{Augustus_model.g1746.t1;Augustus}

# EVM prediction: Mode:STANDARD S-ratio: 4.90 85000-85872 orient(-) score(4348.00) noncoding_equivalent(888.10) raw_noncoding(888.10) offset(0.00) 
85872	85000	single-	4	6	{HiQ_model.g1747.t1;HiQ},{GlimmerHMM_glimmerT_1894-T1;GlimmerHMM}

# EVM prediction: Mode:STANDARD S-ratio: 3.00 86175-86531 orient(+) score(1071.00) noncoding_equivalent(357.00) raw_noncoding(357.00) offset(0.00) 
86175	86531	single+	1	3	{GlimmerHMM_glimmerT_1895-T1;GlimmerHMM},{Augustus_model.g1748.t1;Augustus}

# EVM prediction: Mode:STANDARD S-ratio: 4.94 86859-88274 orient(-) score(7065.00) noncoding_equivalent(1431.27) raw_noncoding(1431.27) offset(0.00) 
88274	86859	single-	4	6	{GlimmerHMM_glimmerT_1896-T1;GlimmerHMM},{HiQ_model.g1749.t1;HiQ}

# EVM prediction: Mode:STANDARD S-ratio: 5.00 88823-89716 orient(-) score(4470.00) noncoding_equivalent(894.00) raw_noncoding(894.00) offset(0.00) 
89716	88823	single-	4	6	{HiQ_model.g1750.t1;HiQ},{GlimmerHMM_glimmerT_1897-T1;GlimmerHMM}

# EVM prediction: Mode:STANDARD S-ratio: 3.44 90667-91239 orient(-) score(2664.00) noncoding_equivalent(774.00) raw_noncoding(774.00) offset(0.00) 
91239	90667	single-	4	6	{HiQ_model.g1751.t1;HiQ},{GlimmerHMM_glimmerT_1898-T1;GlimmerHMM}

# EVM prediction: Mode:STANDARD S-ratio: 2.08 91424-92410 orient(+) score(1974.00) noncoding_equivalent(950.10) raw_noncoding(950.10) offset(0.00) 
91424	92410	single+	1	3	{GlimmerHMM_glimmerT_1899-T1;GlimmerHMM},{Augustus_model.g1752.t1;Augustus}

# EVM prediction: Mode:STANDARD S-ratio: 26.13 92637-96182 orient(-) score(10246.00) noncoding_equivalent(392.13) raw_noncoding(392.13) offset(0.00) 
96182	92637	single-	4	6	{GlimmerHMM_glimmerT_1900-T1;GlimmerHMM}

# EVM prediction: Mode:STANDARD S-ratio: 5.00 96709-98571 orient(-) score(9315.00) noncoding_equivalent(1863.00) raw_noncoding(1863.00) offset(0.00) 
98571	96709	single-	4	6	{GlimmerHMM_glimmerT_1901-T1;GlimmerHMM},{HiQ_model.g1754.t1;HiQ}

# EVM prediction: Mode:STANDARD S-ratio: 16.72 98785-99966 orient(-) score(3346.00) noncoding_equivalent(200.14) raw_noncoding(200.14) offset(0.00) 
99966	98785	single-	4	6	{GlimmerHMM_glimmerT_1902-T1;GlimmerHMM}

