!! Predictions spanning range 232 - 99642 [R1]
# EVM prediction: Mode:STANDARD S-ratio: 1.00 232-498 orient(+) score(534.00) noncoding_equivalent(534.00) raw_noncoding(534.00) offset(0.00) 
232	498	single+	1	3	{GlimmerHMM_glimmerT_728-T1;GlimmerHMM}

# EVM prediction: Mode:STANDARD S-ratio: 12.48 1417-3590 orient(+) score(5993.00) noncoding_equivalent(480.19) raw_noncoding(532.27) offset(52.08) 
1417	1726	initial+	1	1	{Augustus_model.g653.t1;Augustus}
1727	1776	INTRON			{Augustus_model.g653.t1;Augustus}
1777	3590	terminal+	2	3	{Augustus_model.g653.t1;Augustus}

# EVM prediction: Mode:STANDARD S-ratio: 10000.00 3748-4197 orient(-) score(1350.00) noncoding_equivalent(0.14) raw_noncoding(0.00) offset(0.00) 
4197	3748	single-	4	6	{GlimmerHMM_glimmerT_731-T1;GlimmerHMM},{Augustus_model.g654.t1;Augustus}

# EVM prediction: Mode:STANDARD S-ratio: 3.00 4624-5073 orient(+) score(1350.00) noncoding_equivalent(450.00) raw_noncoding(450.00) offset(0.00) 
4624	5073	single+	1	3	{GlimmerHMM_glimmerT_732-T1;GlimmerHMM}

# EVM prediction: Mode:STANDARD S-ratio: 5.00 5453-6376 orient(-) score(4620.00) noncoding_equivalent(924.00) raw_noncoding(924.00) offset(0.00) 
6376	5453	single-	4	6	{HiQ_model.g656.t1;HiQ},{GlimmerHMM_glimmerT_733-T1;GlimmerHMM}

# EVM prediction: Mode:STANDARD S-ratio: 33.11 7380-10039 orient(+) score(10280.00) noncoding_equivalent(310.50) raw_noncoding(337.00) offset(26.50) 
7380	9155	initial+	1	3	{GlimmerHMM_glimmerT_734-T1;GlimmerHMM}
9156	9178	INTRON			{GlimmerHMM_glimmerT_734-T1;GlimmerHMM}
9179	10039	terminal+	1	3	{GlimmerHMM_glimmerT_734-T1;GlimmerHMM}

# EVM prediction: Mode:STANDARD S-ratio: 24.04 10366-12546 orient(+) score(8367.00) noncoding_equivalent(348.00) raw_noncoding(348.00) offset(0.00) 
10366	12546	single+	1	3	{Augustus_model.g658.t1;Augustus},{GlimmerHMM_glimmerT_735-T1;GlimmerHMM}

# EVM prediction: Mode:STANDARD S-ratio: 14.90 12790-13911 orient(-) score(3095.00) noncoding_equivalent(207.68) raw_noncoding(333.11) offset(125.43) 
13772	12790	terminal-	5	6	{snap_scaffold_2-snap.109-T1;snap},{GlimmerHMM_glimmerT_736-T1;GlimmerHMM},{Augustus_model.g659.t1;Augustus}
13835	13773	INTRON			{Augustus_model.g659.t1;Augustus}
13911	13836	initial-	4	4	{Augustus_model.g659.t1;Augustus}

# EVM prediction: Mode:STANDARD S-ratio: 301.78 14402-15316 orient(+) score(2734.00) noncoding_equivalent(9.06) raw_noncoding(9.06) offset(0.00) 
14402	15316	single+	1	3	{Augustus_model.g660.t1;Augustus},{GlimmerHMM_glimmerT_737-T1;GlimmerHMM}

# EVM prediction: Mode:STANDARD S-ratio: 2.00 15434-17359 orient(-) score(7704.00) noncoding_equivalent(3847.38) raw_noncoding(3847.38) offset(0.00) 
17359	15434	single-	4	6	{HiQ_model.g661.t1;HiQ},{GlimmerHMM_glimmerT_738-T1;GlimmerHMM}

# EVM prediction: Mode:STANDARD S-ratio: 10000.00 17715-22025 orient(+) score(12933.00) noncoding_equivalent(1.29) raw_noncoding(0.00) offset(0.00) 
17715	22025	single+	1	3	{Augustus_model.g662.t1;Augustus},{GlimmerHMM_glimmerT_739-T1;GlimmerHMM}

# EVM prediction: Mode:STANDARD S-ratio: 4.84 22111-22908 orient(-) score(3966.00) noncoding_equivalent(820.09) raw_noncoding(820.09) offset(0.00) 
22908	22111	single-	4	6	{HiQ_model.g663.t1;HiQ},{GlimmerHMM_glimmerT_740-T1;GlimmerHMM}

# EVM prediction: Mode:STANDARD S-ratio: 2.03 23273-23725 orient(-) score(1821.00) noncoding_equivalent(897.42) raw_noncoding(897.42) offset(0.00) 
23725	23273	single-	4	6	{GlimmerHMM_glimmerT_741-T1;GlimmerHMM},{HiQ_model.g664.t1;HiQ}

# EVM prediction: Mode:STANDARD S-ratio: 10000.00 24013-25950 orient(-) score(5814.00) noncoding_equivalent(0.58) raw_noncoding(0.00) offset(0.00) 
25950	24013	single-	4	6	{Augustus_model.g665.t1;Augustus},{GlimmerHMM_glimmerT_742-T1;GlimmerHMM}

# EVM prediction: Mode:STANDARD S-ratio: 8.52 26342-27459 orient(+) score(2910.00) noncoding_equivalent(341.74) raw_noncoding(539.31) offset(197.57) 
26342	26470	initial+	1	3	{Augustus_model.g666.t1;Augustus}
26471	26571	INTRON			{Augustus_model.g666.t1;Augustus}
26572	27459	terminal+	1	3	{Augustus_model.g666.t1;Augustus},{snap_scaffold_2-snap.114-T1;snap}

# EVM prediction: Mode:STANDARD S-ratio: 5.11 27676-28731 orient(+) score(2649.00) noncoding_equivalent(518.14) raw_noncoding(518.14) offset(0.00) 
27676	28731	single+	1	3	{Augustus_model.g667.t1;Augustus}

# EVM prediction: Mode:STANDARD S-ratio: 29.25 28960-30663 orient(-) score(6525.00) noncoding_equivalent(223.04) raw_noncoding(223.04) offset(0.00) 
30663	28960	single-	4	6	{GlimmerHMM_glimmerT_745-T1;GlimmerHMM}

# EVM prediction: Mode:STANDARD S-ratio: 167.13 31139-32350 orient(+) score(3613.00) noncoding_equivalent(21.62) raw_noncoding(21.62) offset(0.00) 
31139	32350	single+	1	3	{Augustus_model.g669.t1;Augustus},{GlimmerHMM_glimmerT_746-T1;GlimmerHMM}

# EVM prediction: Mode:STANDARD S-ratio: 4.57 32393-33616 orient(-) score(6020.00) noncoding_equivalent(1317.02) raw_noncoding(1317.02) offset(0.00) 
33616	32393	single-	4	6	{GlimmerHMM_glimmerT_747-T1;GlimmerHMM},{HiQ_model.g670.t1;HiQ}

# EVM prediction: Mode:STANDARD S-ratio: 4.57 33898-35331 orient(-) score(7059.00) noncoding_equivalent(1543.92) raw_noncoding(1543.92) offset(0.00) 
35331	33898	single-	4	6	{GlimmerHMM_glimmerT_748-T1;GlimmerHMM},{HiQ_model.g671.t1;HiQ}

# EVM prediction: Mode:STANDARD S-ratio: 10000.00 35628-38921 orient(+) score(13176.00) noncoding_equivalent(1.32) raw_noncoding(0.00) offset(0.00) 
35628	38921	single+	1	3	{Augustus_model.g672.t1;Augustus},{GlimmerHMM_glimmerT_749-T1;GlimmerHMM}

# EVM prediction: Mode:STANDARD S-ratio: 63.12 39062-40600 orient(-) score(4545.00) noncoding_equivalent(72.00) raw_noncoding(72.00) offset(0.00) 
40600	39062	single-	4	6	{Augustus_model.g673.t1;Augustus}

# EVM prediction: Mode:STANDARD S-ratio: 2.00 40882-41946 orient(-) score(4260.00) noncoding_equivalent(2125.63) raw_noncoding(2125.63) offset(0.00) 
41946	40882	single-	4	6	{GlimmerHMM_glimmerT_751-T1;GlimmerHMM},{HiQ_model.g674.t1;HiQ}

# EVM prediction: Mode:STANDARD S-ratio: 10000.00 42182-43189 orient(+) score(3024.00) noncoding_equivalent(0.30) raw_noncoding(0.00) offset(0.00) 
42182	43189	single+	1	3	{GlimmerHMM_glimmerT_752-T1;GlimmerHMM},{Augustus_model.g675.t1;Augustus}

# EVM prediction: Mode:STANDARD S-ratio: 10000.00 43354-43938 orient(-) score(1755.00) noncoding_equivalent(0.18) raw_noncoding(0.00) offset(0.00) 
43938	43354	single-	4	6	{GlimmerHMM_glimmerT_753-T1;GlimmerHMM},{Augustus_model.g676.t1;Augustus}

# EVM prediction: Mode:STANDARD S-ratio: 4.70 44173-45474 orient(-) score(6441.00) noncoding_equivalent(1371.00) raw_noncoding(1371.00) offset(0.00) 
45474	44173	single-	4	6	{HiQ_model.g677.t1;HiQ},{GlimmerHMM_glimmerT_754-T1;GlimmerHMM}

# EVM prediction: Mode:STANDARD S-ratio: 10000.00 45836-48289 orient(+) score(9816.00) noncoding_equivalent(0.98) raw_noncoding(0.00) offset(0.00) 
45836	48289	single+	1	3	{GlimmerHMM_glimmerT_755-T1;GlimmerHMM},{Augustus_model.g678.t1;Augustus}

# EVM prediction: Mode:STANDARD S-ratio: 39.84 48691-50919 orient(+) score(8695.00) noncoding_equivalent(218.24) raw_noncoding(218.24) offset(0.00) 
48691	50919	single+	1	3	{GlimmerHMM_glimmerT_756-T1;GlimmerHMM}

# EVM prediction: Mode:STANDARD S-ratio: 18.06 51536-51976 orient(+) score(1668.00) noncoding_equivalent(92.38) raw_noncoding(92.38) offset(0.00) 
51536	51976	single+	1	3	{GlimmerHMM_glimmerT_757-T1;GlimmerHMM}

# EVM prediction: Mode:STANDARD S-ratio: 3.99 52125-53495 orient(-) score(6576.00) noncoding_equivalent(1650.00) raw_noncoding(1650.00) offset(0.00) 
53495	52125	single-	4	6	{GlimmerHMM_glimmerT_758-T1;GlimmerHMM},{HiQ_model.g680.t1;HiQ}

# EVM prediction: Mode:STANDARD S-ratio: 33.71 53796-55010 orient(-) score(3540.00) noncoding_equivalent(105.00) raw_noncoding(105.00) offset(0.00) 
55010	53796	single-	4	6	{GlimmerHMM_glimmerT_759-T1;GlimmerHMM}

# EVM prediction: Mode:STANDARD S-ratio: 10000.00 55588-57051 orient(+) score(4392.00) noncoding_equivalent(0.44) raw_noncoding(0.00) offset(0.00) 
55588	57051	single+	1	3	{GlimmerHMM_glimmerT_760-T1;GlimmerHMM},{Augustus_model.g682.t1;Augustus}

# EVM prediction: Mode:STANDARD S-ratio: 6.85 57213-58757 orient(-) score(4044.00) noncoding_equivalent(590.19) raw_noncoding(590.19) offset(0.00) 
58757	57213	single-	4	6	{GlimmerHMM_glimmerT_761-T1;GlimmerHMM}

# EVM prediction: Mode:STANDARD S-ratio: 14.79 58983-59756 orient(-) score(2899.00) noncoding_equivalent(196.01) raw_noncoding(196.01) offset(0.00) 
59756	58983	single-	4	6	{GlimmerHMM_glimmerT_762-T1;GlimmerHMM}

# EVM prediction: Mode:STANDARD S-ratio: 4.77 60188-61009 orient(+) score(4077.00) noncoding_equivalent(853.97) raw_noncoding(853.97) offset(0.00) 
60188	61009	single+	1	3	{HiQ_model.g684.t1;HiQ},{GlimmerHMM_glimmerT_763-T1;GlimmerHMM}

# EVM prediction: Mode:STANDARD S-ratio: 32.75 61262-61468 orient(-) score(601.00) noncoding_equivalent(18.35) raw_noncoding(18.35) offset(0.00) 
61468	61262	single-	4	6	{GlimmerHMM_glimmerT_764-T1;GlimmerHMM},{Augustus_model.g685.t1;Augustus}

# EVM prediction: Mode:STANDARD S-ratio: 541.26 62010-63647 orient(+) score(4903.00) noncoding_equivalent(9.06) raw_noncoding(9.06) offset(0.00) 
62010	63647	single+	1	3	{Augustus_model.g686.t1;Augustus},{GlimmerHMM_glimmerT_765-T1;GlimmerHMM}

# EVM prediction: Mode:STANDARD S-ratio: 7.58 64061-65401 orient(+) score(3549.00) noncoding_equivalent(468.00) raw_noncoding(468.00) offset(0.00) 
64061	65401	single+	1	3	{Augustus_model.g687.t1;Augustus},{GlimmerHMM_glimmerT_766-T1;GlimmerHMM}

# EVM prediction: Mode:STANDARD S-ratio: 3.63 65747-66601 orient(-) score(1668.00) noncoding_equivalent(460.01) raw_noncoding(1314.00) offset(853.99) 
66142	65747	terminal-	4	6	{GlimmerHMM_glimmerT_767-T1;GlimmerHMM}
66577	66143	INTRON			{GlimmerHMM_glimmerT_767-T1;GlimmerHMM}
66601	66578	initial-	4	6	{GlimmerHMM_glimmerT_767-T1;GlimmerHMM},{Augustus_model.g688.t1;Augustus}

# EVM prediction: Mode:STANDARD S-ratio: 3.36 67248-68228 orient(+) score(2558.00) noncoding_equivalent(762.00) raw_noncoding(1107.00) offset(345.00) 
67248	67251	initial+	1	1	{snap_scaffold_2-snap.138-T1;snap},{GlimmerHMM_glimmerT_768-T1;GlimmerHMM}
67252	67632	INTRON			{snap_scaffold_2-snap.138-T1;snap},{GlimmerHMM_glimmerT_768-T1;GlimmerHMM}
67633	68228	terminal+	2	3	{Augustus_model.g689.t1;Augustus},{snap_scaffold_2-snap.138-T1;snap},{GlimmerHMM_glimmerT_768-T1;GlimmerHMM}

# EVM prediction: Mode:STANDARD S-ratio: 5.00 68630-68950 orient(-) score(1605.00) noncoding_equivalent(321.00) raw_noncoding(321.00) offset(0.00) 
68950	68630	single-	4	6	{HiQ_model.g690.t1;HiQ},{GlimmerHMM_glimmerT_769-T1;GlimmerHMM}

# EVM prediction: Mode:STANDARD S-ratio: 4.28 69416-71278 orient(-) score(9019.00) noncoding_equivalent(2106.82) raw_noncoding(2106.82) offset(0.00) 
71278	69416	single-	4	6	{HiQ_model.g691.t1;HiQ}

# EVM prediction: Mode:STANDARD S-ratio: 6.57 71765-73135 orient(-) score(3257.00) noncoding_equivalent(496.03) raw_noncoding(1215.77) offset(719.74) 
72768	71765	terminal-	5	6	{Augustus_model.g692.t1;Augustus},{snap_scaffold_2-snap.141-T1;snap}
73128	72769	INTRON			{snap_scaffold_2-snap.141-T1;snap}
73135	73129	initial-	4	4	{snap_scaffold_2-snap.141-T1;snap}

# EVM prediction: Mode:STANDARD S-ratio: 11.60 73154-73603 orient(-) score(1243.00) noncoding_equivalent(107.14) raw_noncoding(107.14) offset(0.00) 
73603	73154	single-	4	6	{GlimmerHMM_glimmerT_772-T1;GlimmerHMM}

# EVM prediction: Mode:STANDARD S-ratio: 5.00 74179-75210 orient(-) score(5160.00) noncoding_equivalent(1032.00) raw_noncoding(1032.00) offset(0.00) 
75210	74179	single-	4	6	{HiQ_model.g693.t1;HiQ},{GlimmerHMM_glimmerT_773-T1;GlimmerHMM}

# EVM prediction: Mode:STANDARD S-ratio: 4.97 75821-78970 orient(-) score(15735.00) noncoding_equivalent(3163.30) raw_noncoding(3163.30) offset(0.00) 
78970	75821	single-	4	6	{HiQ_model.g694.t1;HiQ},{GlimmerHMM_glimmerT_774-T1;GlimmerHMM}

# EVM prediction: Mode:STANDARD S-ratio: 5.06 79492-80376 orient(-) score(2216.00) noncoding_equivalent(437.93) raw_noncoding(437.93) offset(0.00) 
80376	79492	single-	4	6	{GlimmerHMM_glimmerT_775-T1;GlimmerHMM},{Augustus_model.g695.t1;Augustus}

# EVM prediction: Mode:STANDARD S-ratio: 3.74 81025-81783 orient(+) score(3321.00) noncoding_equivalent(887.00) raw_noncoding(1302.00) offset(415.00) 
81025	81081	initial+	1	3	{Augustus_model.g696.t1;Augustus},{GlimmerHMM_glimmerT_776-T1;GlimmerHMM}
81082	81498	INTRON			{Augustus_model.g696.t1;Augustus},{GlimmerHMM_glimmerT_776-T1;GlimmerHMM},{ev_type:exonerate/ID=match.177006.1754/Target=YLR406C;exonerate},{ev_type:exonerate/ID=match.177006.3655/Target=YDL075W;exonerate}
81499	81783	terminal+	1	3	{Augustus_model.g696.t1;Augustus},{snap_scaffold_2-snap.146-T1;snap},{GlimmerHMM_glimmerT_776-T1;GlimmerHMM}

# EVM prediction: Mode:STANDARD S-ratio: 5.00 82861-84963 orient(-) score(10515.00) noncoding_equivalent(2103.00) raw_noncoding(2103.00) offset(0.00) 
84963	82861	single-	4	6	{GlimmerHMM_glimmerT_777-T1;GlimmerHMM},{HiQ_model.g697.t1;HiQ}

# EVM prediction: Mode:STANDARD S-ratio: 12.60 85436-88381 orient(+) score(8784.00) noncoding_equivalent(697.16) raw_noncoding(697.16) offset(0.00) 
85436	88381	single+	1	3	{Augustus_model.g698.t1;Augustus},{GlimmerHMM_glimmerT_778-T1;GlimmerHMM}

# EVM prediction: Mode:STANDARD S-ratio: 3.43 88631-89242 orient(-) score(2844.00) noncoding_equivalent(828.00) raw_noncoding(828.00) offset(0.00) 
89242	88631	single-	4	6	{HiQ_model.g699.t1;HiQ},{GlimmerHMM_glimmerT_779-T1;GlimmerHMM}

# EVM prediction: Mode:STANDARD S-ratio: 38.74 89823-91478 orient(+) score(4843.00) noncoding_equivalent(125.00) raw_noncoding(125.00) offset(0.00) 
89823	91478	single+	1	3	{Augustus_model.g700.t1;Augustus}

# EVM prediction: Mode:STANDARD S-ratio: 7.34 91907-92554 orient(-) score(1704.00) noncoding_equivalent(232.00) raw_noncoding(232.00) offset(0.00) 
92554	91907	single-	4	6	{GlimmerHMM_glimmerT_782-T1;GlimmerHMM}

# EVM prediction: Mode:STANDARD S-ratio: 1.00 93026-93205 orient(-) score(360.00) noncoding_equivalent(360.00) raw_noncoding(360.00) offset(0.00) 
93205	93026	single-	4	6	{GlimmerHMM_glimmerT_783-T1;GlimmerHMM}

# EVM prediction: Mode:STANDARD S-ratio: 10000.00 93644-94933 orient(+) score(5160.00) noncoding_equivalent(0.52) raw_noncoding(0.00) offset(0.00) 
93644	94933	single+	1	3	{Augustus_model.g702.t1;Augustus},{GlimmerHMM_glimmerT_784-T1;GlimmerHMM}

# EVM prediction: Mode:STANDARD S-ratio: 10000.00 95064-96077 orient(-) score(3042.00) noncoding_equivalent(0.30) raw_noncoding(0.00) offset(0.00) 
96077	95064	single-	4	6	{GlimmerHMM_glimmerT_785-T1;GlimmerHMM},{Augustus_model.g703.t1;Augustus}

# EVM prediction: Mode:STANDARD S-ratio: 1.51 96325-96889 orient(+) score(1130.00) noncoding_equivalent(750.61) raw_noncoding(778.61) offset(28.00) 
96325	96351	initial+	1	3	{GlimmerHMM_glimmerT_786-T1;GlimmerHMM},{Augustus_model.g704.t1;Augustus}
96352	96460	INTRON			{GlimmerHMM_glimmerT_786-T1;GlimmerHMM},{Augustus_model.g704.t1;Augustus}
96461	96889	terminal+	1	3	{GlimmerHMM_glimmerT_786-T1;GlimmerHMM},{Augustus_model.g704.t1;Augustus}

# EVM prediction: Mode:STANDARD S-ratio: 12.62 97113-99642 orient(-) score(8567.00) noncoding_equivalent(679.00) raw_noncoding(1692.00) offset(1013.00) 
98964	97113	terminal-	6	6	{Augustus_model.g705.t1;Augustus}
99481	98965	INTRON			{Augustus_model.g705.t1;Augustus}
99642	99482	initial-	4	5	{GlimmerHMM_glimmerT_788-T1;GlimmerHMM},{Augustus_model.g705.t1;Augustus}

