!! Predictions spanning range 2823 - 98313 [R1]
# EVM prediction: Mode:STANDARD S-ratio: 1.13 2823-4941 orient(-) score(2432.00) noncoding_equivalent(2146.05) raw_noncoding(5407.57) offset(3261.52) 
3163	2823	terminal-	5	6	{Augustus_model.g4506.t1;Augustus},{GlimmerHMM_glimmerT_5111-T1;GlimmerHMM}
4892	3164	INTRON			{GlimmerHMM_glimmerT_5111-T1;GlimmerHMM}
4941	4893	initial-	4	4	{GlimmerHMM_glimmerT_5111-T1;GlimmerHMM}

# EVM prediction: Mode:STANDARD S-ratio: 2.43 7276-9894 orient(-) score(5185.00) noncoding_equivalent(2135.11) raw_noncoding(2135.11) offset(0.00) 
9894	7276	single-	4	6	{GlimmerHMM_glimmerT_5113-T1;GlimmerHMM}

# EVM prediction: Mode:STANDARD S-ratio: 56.17 10260-11345 orient(-) score(3200.00) noncoding_equivalent(56.97) raw_noncoding(56.97) offset(0.00) 
11345	10260	single-	4	6	{GlimmerHMM_glimmerT_5114-T1;GlimmerHMM},{Augustus_model.g4507.t1;Augustus}

# EVM prediction: Mode:STANDARD S-ratio: 2.00 11580-11948 orient(+) score(738.00) noncoding_equivalent(369.00) raw_noncoding(369.00) offset(0.00) 
11580	11948	single+	1	3	{GlimmerHMM_glimmerT_5115-T1;GlimmerHMM},{Augustus_model.g4508.t1;Augustus}

# EVM prediction: Mode:STANDARD S-ratio: 98.00 11950-12543 orient(-) score(1764.00) noncoding_equivalent(18.00) raw_noncoding(18.00) offset(0.00) 
12543	11950	single-	4	6	{GlimmerHMM_glimmerT_5116-T1;GlimmerHMM},{Augustus_model.g4509.t1;Augustus}

# EVM prediction: Mode:STANDARD S-ratio: 17.20 12648-13403 orient(-) score(2142.00) noncoding_equivalent(124.52) raw_noncoding(124.52) offset(0.00) 
13403	12648	single-	4	6	{Augustus_model.g4510.t1;Augustus},{GlimmerHMM_glimmerT_5117-T1;GlimmerHMM}

# EVM prediction: Mode:STANDARD S-ratio: 33.43 13792-16029 orient(-) score(6519.00) noncoding_equivalent(195.00) raw_noncoding(195.00) offset(0.00) 
16029	13792	single-	4	6	{Augustus_model.g4511.t1;Augustus}

# EVM prediction: Mode:STANDARD S-ratio: 38.65 16129-16587 orient(-) score(1341.00) noncoding_equivalent(34.70) raw_noncoding(34.70) offset(0.00) 
16587	16129	single-	4	6	{Augustus_model.g4512.t1;Augustus}

# EVM prediction: Mode:STANDARD S-ratio: 63.70 17283-18128 orient(+) score(2497.00) noncoding_equivalent(39.20) raw_noncoding(39.20) offset(0.00) 
17283	18128	single+	1	3	{GlimmerHMM_glimmerT_5119-T1;GlimmerHMM},{Augustus_model.g4513.t1;Augustus}

# EVM prediction: Mode:STANDARD S-ratio: 5.27 18679-21525 orient(-) score(6710.00) noncoding_equivalent(1273.76) raw_noncoding(2378.71) offset(1104.95) 
20409	18679	terminal-	4	6	{GlimmerHMM_glimmerT_5121-T1;GlimmerHMM}
20997	20410	INTRON			{GlimmerHMM_glimmerT_5121-T1;GlimmerHMM}
21525	20998	initial-	4	6	{GlimmerHMM_glimmerT_5121-T1;GlimmerHMM}

# EVM prediction: Mode:STANDARD S-ratio: 453.91 21616-22845 orient(+) score(3680.00) noncoding_equivalent(8.11) raw_noncoding(8.11) offset(0.00) 
21616	22845	single+	1	3	{Augustus_model.g4515.t1;Augustus},{GlimmerHMM_glimmerT_5122-T1;GlimmerHMM}

# EVM prediction: Mode:STANDARD S-ratio: 10000.00 22858-23190 orient(-) score(999.00) noncoding_equivalent(0.10) raw_noncoding(0.00) offset(0.00) 
23190	22858	single-	4	6	{GlimmerHMM_glimmerT_5123-T1;GlimmerHMM},{Augustus_model.g4516.t1;Augustus}

# EVM prediction: Mode:STANDARD S-ratio: 2.01 23379-24626 orient(+) score(2496.00) noncoding_equivalent(1244.88) raw_noncoding(1244.88) offset(0.00) 
23379	24626	single+	1	3	{Augustus_model.g4517.t1;Augustus},{GlimmerHMM_glimmerT_5124-T1;GlimmerHMM}

# EVM prediction: Mode:STANDARD S-ratio: 2.01 25917-26810 orient(-) score(1788.00) noncoding_equivalent(890.31) raw_noncoding(890.31) offset(0.00) 
26810	25917	single-	4	6	{GlimmerHMM_glimmerT_5126-T1;GlimmerHMM},{Augustus_model.g4518.t1;Augustus}

# EVM prediction: Mode:STANDARD S-ratio: 10000.00 26954-28600 orient(+) score(4941.00) noncoding_equivalent(0.49) raw_noncoding(0.00) offset(0.00) 
26954	28600	single+	1	3	{Augustus_model.g4519.t1;Augustus},{GlimmerHMM_glimmerT_5127-T1;GlimmerHMM}

# EVM prediction: Mode:STANDARD S-ratio: 1.30 28770-29879 orient(+) score(1881.00) noncoding_equivalent(1450.37) raw_noncoding(1450.37) offset(0.00) 
28770	29879	single+	1	3	{GlimmerHMM_glimmerT_5128-T1;GlimmerHMM}

# EVM prediction: Mode:STANDARD S-ratio: 18.53 30052-30744 orient(+) score(1971.00) noncoding_equivalent(106.38) raw_noncoding(106.38) offset(0.00) 
30052	30744	single+	1	3	{GlimmerHMM_glimmerT_5129-T1;GlimmerHMM}

# EVM prediction: Mode:STANDARD S-ratio: 766.10 32516-35077 orient(+) score(7674.00) noncoding_equivalent(10.02) raw_noncoding(10.02) offset(0.00) 
32516	35077	single+	1	3	{GlimmerHMM_glimmerT_5130-T1;GlimmerHMM},{Augustus_model.g4521.t1;Augustus}

# EVM prediction: Mode:STANDARD S-ratio: 14.45 39723-41777 orient(+) score(5766.00) noncoding_equivalent(399.00) raw_noncoding(399.00) offset(0.00) 
39723	41777	single+	1	3	{Augustus_model.g4522.t1;Augustus},{GlimmerHMM_glimmerT_5131-T1;GlimmerHMM}

# EVM prediction: Mode:STANDARD S-ratio: 10000.00 43796-46627 orient(-) score(8496.00) noncoding_equivalent(0.85) raw_noncoding(0.00) offset(0.00) 
46627	43796	single-	4	6	{Augustus_model.g4523.t1;Augustus},{GlimmerHMM_glimmerT_5132-T1;GlimmerHMM}

# EVM prediction: Mode:STANDARD S-ratio: 2.00 47121-49541 orient(+) score(4842.00) noncoding_equivalent(2421.00) raw_noncoding(2421.00) offset(0.00) 
47121	49541	single+	1	3	{Augustus_model.g4524.t1;Augustus},{GlimmerHMM_glimmerT_5133-T1;GlimmerHMM}

# EVM prediction: Mode:STANDARD S-ratio: 10000.00 49594-53874 orient(-) score(12843.00) noncoding_equivalent(1.28) raw_noncoding(0.00) offset(0.00) 
53874	49594	single-	4	6	{Augustus_model.g4525.t1;Augustus},{GlimmerHMM_glimmerT_5134-T1;GlimmerHMM}

# EVM prediction: Mode:STANDARD S-ratio: 10000.00 54332-56071 orient(-) score(5220.00) noncoding_equivalent(0.52) raw_noncoding(0.00) offset(0.00) 
56071	54332	single-	4	6	{Augustus_model.g4526.t1;Augustus},{GlimmerHMM_glimmerT_5135-T1;GlimmerHMM}

# EVM prediction: Mode:STANDARD S-ratio: 20.13 57603-59928 orient(-) score(6601.00) noncoding_equivalent(328.00) raw_noncoding(377.00) offset(49.00) 
59858	57603	terminal-	4	6	{Augustus_model.g4527.t1;Augustus}
59907	59859	INTRON			{Augustus_model.g4527.t1;Augustus}
59928	59908	initial-	4	6	{Augustus_model.g4527.t1;Augustus}

# EVM prediction: Mode:STANDARD S-ratio: 38.18 60860-63445 orient(+) score(7560.00) noncoding_equivalent(198.00) raw_noncoding(198.00) offset(0.00) 
60860	63445	single+	1	3	{Augustus_model.g4528.t1;Augustus}

# EVM prediction: Mode:STANDARD S-ratio: 15.94 63637-64182 orient(-) score(1540.00) noncoding_equivalent(96.61) raw_noncoding(96.61) offset(0.00) 
64182	63637	single-	4	6	{GlimmerHMM_glimmerT_5138-T1;GlimmerHMM},{Augustus_model.g4529.t1;Augustus}

# EVM prediction: Mode:STANDARD S-ratio: 31.31 64428-65978 orient(-) score(4509.00) noncoding_equivalent(144.00) raw_noncoding(144.00) offset(0.00) 
65978	64428	single-	4	6	{Augustus_model.g4530.t1;Augustus},{GlimmerHMM_glimmerT_5139-T1;GlimmerHMM}

# EVM prediction: Mode:STANDARD S-ratio: 2.01 66443-67438 orient(-) score(1992.00) noncoding_equivalent(988.65) raw_noncoding(988.65) offset(0.00) 
67438	66443	single-	4	6	{Augustus_model.g4531.t1;Augustus},{GlimmerHMM_glimmerT_5140-T1;GlimmerHMM}

# EVM prediction: Mode:STANDARD S-ratio: 10000.00 67617-68984 orient(+) score(4104.00) noncoding_equivalent(0.41) raw_noncoding(0.00) offset(0.00) 
67617	68984	single+	1	3	{GlimmerHMM_glimmerT_5141-T1;GlimmerHMM},{Augustus_model.g4532.t1;Augustus}

# EVM prediction: Mode:STANDARD S-ratio: 4.45 69031-70365 orient(-) score(3263.00) noncoding_equivalent(732.75) raw_noncoding(732.75) offset(0.00) 
70365	69031	single-	4	6	{GlimmerHMM_glimmerT_5142-T1;GlimmerHMM}

# EVM prediction: Mode:STANDARD S-ratio: 43.99 70595-73825 orient(-) score(9469.00) noncoding_equivalent(215.27) raw_noncoding(215.27) offset(0.00) 
73825	70595	single-	4	6	{GlimmerHMM_glimmerT_5143-T1;GlimmerHMM}

# EVM prediction: Mode:STANDARD S-ratio: 1.88 74105-74448 orient(+) score(653.00) noncoding_equivalent(347.02) raw_noncoding(409.19) offset(62.17) 
74105	74107	initial+	1	3	{GlimmerHMM_glimmerT_5144-T1;GlimmerHMM}
74108	74139	INTRON			{GlimmerHMM_glimmerT_5144-T1;GlimmerHMM}
74140	74448	terminal+	1	3	{snap_scaffold_7-snap.26-T1;snap},{GlimmerHMM_glimmerT_5144-T1;GlimmerHMM}

# EVM prediction: Mode:STANDARD S-ratio: 198.05 74582-76120 orient(-) score(4592.00) noncoding_equivalent(23.19) raw_noncoding(23.19) offset(0.00) 
76120	74582	single-	4	6	{GlimmerHMM_glimmerT_5145-T1;GlimmerHMM},{Augustus_model.g4534.t1;Augustus}

# EVM prediction: Mode:STANDARD S-ratio: 44.80 76654-78531 orient(-) score(5511.00) noncoding_equivalent(123.00) raw_noncoding(123.00) offset(0.00) 
78531	76654	single-	4	6	{Augustus_model.g4535.t1;Augustus},{GlimmerHMM_glimmerT_5146-T1;GlimmerHMM}

# EVM prediction: Mode:STANDARD S-ratio: 7.61 80175-82806 orient(-) score(6290.00) noncoding_equivalent(827.03) raw_noncoding(2339.95) offset(1512.92) 
82003	80175	terminal-	5	6	{GlimmerHMM_glimmerT_5147-T1;GlimmerHMM},{snap_scaffold_7-snap.29-T1;snap}
82314	82004	INTRON			{snap_scaffold_7-snap.29-T1;snap}
82320	82315	internal-	5	4	{snap_scaffold_7-snap.29-T1;snap}
82645	82321	INTRON			{snap_scaffold_7-snap.29-T1;snap}
82652	82646	internal-	4	4	{snap_scaffold_7-snap.29-T1;snap}
82797	82653	INTRON			{snap_scaffold_7-snap.29-T1;snap}
82806	82798	initial-	4	6	{snap_scaffold_7-snap.29-T1;snap}

# EVM prediction: Mode:STANDARD S-ratio: 136.92 83656-85404 orient(-) score(5209.00) noncoding_equivalent(38.05) raw_noncoding(38.05) offset(0.00) 
85404	83656	single-	4	6	{Augustus_model.g4537.t1;Augustus}

# EVM prediction: Mode:STANDARD S-ratio: 264.71 87450-89309 orient(-) score(5559.00) noncoding_equivalent(21.00) raw_noncoding(21.00) offset(0.00) 
89309	87450	single-	4	6	{Augustus_model.g4538.t1;Augustus},{GlimmerHMM_glimmerT_5148-T1;GlimmerHMM}

# EVM prediction: Mode:STANDARD S-ratio: 318.15 92659-94050 orient(+) score(4161.00) noncoding_equivalent(13.08) raw_noncoding(13.08) offset(0.00) 
92659	94050	single+	1	3	{Augustus_model.g4539.t1;Augustus},{GlimmerHMM_glimmerT_5149-T1;GlimmerHMM}

# EVM prediction: Mode:STANDARD S-ratio: 83.69 94193-95188 orient(-) score(2951.00) noncoding_equivalent(35.26) raw_noncoding(35.26) offset(0.00) 
95188	94193	single-	4	6	{GlimmerHMM_glimmerT_5150-T1;GlimmerHMM},{Augustus_model.g4540.t1;Augustus}

# EVM prediction: Mode:STANDARD S-ratio: 60.71 95673-97367 orient(-) score(5001.00) noncoding_equivalent(82.38) raw_noncoding(82.38) offset(0.00) 
97367	95673	single-	4	6	{Augustus_model.g4541.t1;Augustus},{GlimmerHMM_glimmerT_5151-T1;GlimmerHMM}

# EVM prediction: Mode:STANDARD S-ratio: 2.00 98053-98313 orient(-) score(522.00) noncoding_equivalent(261.00) raw_noncoding(261.00) offset(0.00) 
98313	98053	single-	4	6	{Augustus_model.g4542.t1;Augustus},{GlimmerHMM_glimmerT_5153-T1;GlimmerHMM}

