!! Predictions spanning range 470 - 98556 [R1]
# EVM prediction: Mode:STANDARD S-ratio: 5.00 470-1474 orient(-) score(5025.00) noncoding_equivalent(1005.00) raw_noncoding(1005.00) offset(0.00) 
1474	470	single-	4	6	{HiQ_model.g251.t1;HiQ},{GlimmerHMM_glimmerT_269-T1;GlimmerHMM}

# EVM prediction: Mode:STANDARD S-ratio: 3.95 1927-4050 orient(-) score(10167.00) noncoding_equivalent(2577.00) raw_noncoding(2577.00) offset(0.00) 
4050	1927	single-	4	6	{GlimmerHMM_glimmerT_270-T1;GlimmerHMM},{HiQ_model.g252.t1;HiQ}

# EVM prediction: Mode:STANDARD S-ratio: 28.60 4866-5753 orient(-) score(2574.00) noncoding_equivalent(90.00) raw_noncoding(90.00) offset(0.00) 
5753	4866	single-	4	6	{Augustus_model.g253.t1;Augustus},{GlimmerHMM_glimmerT_271-T1;GlimmerHMM}

# EVM prediction: Mode:STANDARD S-ratio: 10000.00 6951-8285 orient(+) score(5340.00) noncoding_equivalent(0.53) raw_noncoding(0.00) offset(0.00) 
6951	8285	single+	1	3	{Augustus_model.g254.t1;Augustus},{GlimmerHMM_glimmerT_272-T1;GlimmerHMM}

# EVM prediction: Mode:STANDARD S-ratio: 4.64 8446-9063 orient(-) score(3051.00) noncoding_equivalent(657.00) raw_noncoding(657.00) offset(0.00) 
9063	8446	single-	4	6	{HiQ_model.g255.t1;HiQ}

# EVM prediction: Mode:STANDARD S-ratio: 24.08 9350-10978 orient(+) score(6252.00) noncoding_equivalent(259.63) raw_noncoding(259.63) offset(0.00) 
9350	10978	single+	1	3	{GlimmerHMM_glimmerT_274-T1;GlimmerHMM},{Augustus_model.g256.t1;Augustus}

# EVM prediction: Mode:STANDARD S-ratio: 3.98 11146-12126 orient(-) score(4704.00) noncoding_equivalent(1181.20) raw_noncoding(1181.20) offset(0.00) 
12126	11146	single-	4	6	{GlimmerHMM_glimmerT_275-T1;GlimmerHMM},{HiQ_model.g257.t1;HiQ}

# EVM prediction: Mode:STANDARD S-ratio: 11.38 12656-13086 orient(-) score(1162.00) noncoding_equivalent(102.09) raw_noncoding(156.66) offset(54.57) 
13053	12656	terminal-	5	6	{snap_scaffold_1-snap.236-T1;snap}
13082	13054	INTRON			{snap_scaffold_1-snap.236-T1;snap}
13086	13083	initial-	4	4	{snap_scaffold_1-snap.236-T1;snap}

# EVM prediction: Mode:STANDARD S-ratio: 1748.15 14071-17148 orient(+) score(12303.00) noncoding_equivalent(7.04) raw_noncoding(7.04) offset(0.00) 
14071	17148	single+	1	3	{GlimmerHMM_glimmerT_277-T1;GlimmerHMM},{Augustus_model.g259.t1;Augustus}

# EVM prediction: Mode:STANDARD S-ratio: 492.91 17586-19205 orient(+) score(6465.00) noncoding_equivalent(13.12) raw_noncoding(13.12) offset(0.00) 
17586	19205	single+	1	3	{Augustus_model.g260.t1;Augustus},{GlimmerHMM_glimmerT_278-T1;GlimmerHMM}

# EVM prediction: Mode:STANDARD S-ratio: 10000.00 19896-21581 orient(+) score(5058.00) noncoding_equivalent(0.51) raw_noncoding(0.00) offset(0.00) 
19896	21581	single+	1	3	{Augustus_model.g261.t1;Augustus},{GlimmerHMM_glimmerT_279-T1;GlimmerHMM}

# EVM prediction: Mode:STANDARD S-ratio: 52.81 22084-22533 orient(+) score(1765.00) noncoding_equivalent(33.42) raw_noncoding(33.42) offset(0.00) 
22084	22533	single+	1	3	{Augustus_model.g262.t1;Augustus},{GlimmerHMM_glimmerT_280-T1;GlimmerHMM}

# EVM prediction: Mode:STANDARD S-ratio: 3.12 22879-23873 orient(+) score(3420.00) noncoding_equivalent(1095.08) raw_noncoding(1638.00) offset(542.92) 
22879	22899	initial+	1	3	{GlimmerHMM_glimmerT_281-T1;GlimmerHMM},{Augustus_model.g263.t1;Augustus}
22900	23438	INTRON			{GlimmerHMM_glimmerT_281-T1;GlimmerHMM},{Augustus_model.g263.t1;Augustus},{ev_type:exonerate/ID=match.160399.5665/Target=YDR064W;exonerate}
23439	23873	terminal+	1	3	{GlimmerHMM_glimmerT_281-T1;GlimmerHMM},{Augustus_model.g263.t1;Augustus}

# EVM prediction: Mode:STANDARD S-ratio: 20.97 24108-25205 orient(+) score(4192.00) noncoding_equivalent(199.91) raw_noncoding(199.91) offset(0.00) 
24108	25205	single+	1	3	{Augustus_model.g264.t1;Augustus},{GlimmerHMM_glimmerT_282-T1;GlimmerHMM}

# EVM prediction: Mode:STANDARD S-ratio: 8.85 25332-25922 orient(-) score(2124.00) noncoding_equivalent(240.00) raw_noncoding(240.00) offset(0.00) 
25922	25332	single-	4	6	{GlimmerHMM_glimmerT_283-T1;GlimmerHMM}

# EVM prediction: Mode:STANDARD S-ratio: 2.95 26214-26888 orient(-) score(2017.00) noncoding_equivalent(683.06) raw_noncoding(683.06) offset(0.00) 
26888	26214	single-	4	6	{GlimmerHMM_glimmerT_284-T1;GlimmerHMM}

# EVM prediction: Mode:STANDARD S-ratio: 141.74 27136-28077 orient(+) score(3722.00) noncoding_equivalent(26.26) raw_noncoding(26.26) offset(0.00) 
27136	28077	single+	1	3	{GlimmerHMM_glimmerT_285-T1;GlimmerHMM},{Augustus_model.g266.t1;Augustus}

# EVM prediction: Mode:STANDARD S-ratio: 4.96 28371-31151 orient(-) score(13885.00) noncoding_equivalent(2799.28) raw_noncoding(2799.28) offset(0.00) 
31151	28371	single-	4	6	{HiQ_model.g267.t1;HiQ},{GlimmerHMM_glimmerT_286-T1;GlimmerHMM}

# EVM prediction: Mode:STANDARD S-ratio: 2.00 31527-31808 orient(-) score(1128.00) noncoding_equivalent(564.00) raw_noncoding(564.00) offset(0.00) 
31808	31527	single-	4	6	{HiQ_model.g268.t1;HiQ},{GlimmerHMM_glimmerT_287-T1;GlimmerHMM}

# EVM prediction: Mode:STANDARD S-ratio: 3.11 32256-32831 orient(-) score(2616.00) noncoding_equivalent(840.00) raw_noncoding(840.00) offset(0.00) 
32831	32256	single-	4	6	{GlimmerHMM_glimmerT_288-T1;GlimmerHMM},{HiQ_model.g269.t1;HiQ}

# EVM prediction: Mode:STANDARD S-ratio: 3.51 33190-34773 orient(-) score(7398.00) noncoding_equivalent(2106.00) raw_noncoding(2106.00) offset(0.00) 
34773	33190	single-	4	6	{GlimmerHMM_glimmerT_289-T1;GlimmerHMM},{HiQ_model.g270.t1;HiQ}

# EVM prediction: Mode:STANDARD S-ratio: 3.00 35870-36355 orient(+) score(1458.00) noncoding_equivalent(486.00) raw_noncoding(486.00) offset(0.00) 
35870	36355	single+	1	3	{GlimmerHMM_glimmerT_290-T1;GlimmerHMM}

# EVM prediction: Mode:STANDARD S-ratio: 10000.00 37297-39987 orient(+) score(10764.00) noncoding_equivalent(1.08) raw_noncoding(0.00) offset(0.00) 
37297	39987	single+	1	3	{GlimmerHMM_glimmerT_291-T1;GlimmerHMM},{Augustus_model.g271.t1;Augustus}

# EVM prediction: Mode:STANDARD S-ratio: 926.00 40564-41490 orient(+) score(2778.00) noncoding_equivalent(3.00) raw_noncoding(3.00) offset(0.00) 
40564	41490	single+	1	3	{Augustus_model.g272.t1;Augustus}

# EVM prediction: Mode:STANDARD S-ratio: 148.40 41876-43096 orient(+) score(4850.00) noncoding_equivalent(32.68) raw_noncoding(32.68) offset(0.00) 
41876	43096	single+	1	3	{GlimmerHMM_glimmerT_293-T1;GlimmerHMM},{Augustus_model.g273.t1;Augustus}

# EVM prediction: Mode:STANDARD S-ratio: 2.00 45930-46601 orient(-) score(2688.00) noncoding_equivalent(1344.00) raw_noncoding(1344.00) offset(0.00) 
46601	45930	single-	4	6	{HiQ_model.g275.t1;HiQ},{GlimmerHMM_glimmerT_294-T1;GlimmerHMM}

# EVM prediction: Mode:STANDARD S-ratio: 2.27 46796-47131 orient(+) score(933.00) noncoding_equivalent(411.00) raw_noncoding(411.00) offset(0.00) 
46796	47131	single+	1	3	{GlimmerHMM_glimmerT_295-T1;GlimmerHMM}

# EVM prediction: Mode:STANDARD S-ratio: 2.02 47325-47543 orient(-) score(876.00) noncoding_equivalent(434.71) raw_noncoding(434.71) offset(0.00) 
47543	47325	single-	4	6	{GlimmerHMM_glimmerT_296-T1;GlimmerHMM},{HiQ_model.g276.t1;HiQ}

# EVM prediction: Mode:STANDARD S-ratio: 1484.88 47740-50730 orient(+) score(11954.00) noncoding_equivalent(8.05) raw_noncoding(8.05) offset(0.00) 
47740	50730	single+	1	3	{GlimmerHMM_glimmerT_297-T1;GlimmerHMM},{Augustus_model.g277.t1;Augustus}

# EVM prediction: Mode:STANDARD S-ratio: 4.63 51046-53823 orient(-) score(13710.00) noncoding_equivalent(2958.00) raw_noncoding(2958.00) offset(0.00) 
53823	51046	single-	4	6	{HiQ_model.g278.t1;HiQ},{GlimmerHMM_glimmerT_298-T1;GlimmerHMM}

# EVM prediction: Mode:STANDARD S-ratio: 81.44 54183-55664 orient(+) score(5847.00) noncoding_equivalent(71.79) raw_noncoding(71.79) offset(0.00) 
54183	55664	single+	1	3	{GlimmerHMM_glimmerT_299-T1;GlimmerHMM}

# EVM prediction: Mode:STANDARD S-ratio: 32.60 55812-56990 orient(+) score(4573.00) noncoding_equivalent(140.27) raw_noncoding(140.27) offset(0.00) 
55812	56990	single+	1	3	{GlimmerHMM_glimmerT_300-T1;GlimmerHMM}

# EVM prediction: Mode:STANDARD S-ratio: 2.00 57145-57744 orient(-) score(2400.00) noncoding_equivalent(1200.00) raw_noncoding(1200.00) offset(0.00) 
57744	57145	single-	4	6	{GlimmerHMM_glimmerT_301-T1;GlimmerHMM},{HiQ_model.g280.t1;HiQ}

# EVM prediction: Mode:STANDARD S-ratio: 4.13 58028-59890 orient(-) score(8997.00) noncoding_equivalent(2181.00) raw_noncoding(2181.00) offset(0.00) 
59890	58028	single-	4	6	{GlimmerHMM_glimmerT_302-T1;GlimmerHMM},{HiQ_model.g281.t1;HiQ}

# EVM prediction: Mode:STANDARD S-ratio: 5.00 60668-60910 orient(-) score(1215.00) noncoding_equivalent(243.00) raw_noncoding(243.00) offset(0.00) 
60910	60668	single-	4	6	{GlimmerHMM_glimmerT_303-T1;GlimmerHMM},{HiQ_model.g282.t1;HiQ}

# EVM prediction: Mode:STANDARD S-ratio: 3.43 61205-62041 orient(-) score(3888.00) noncoding_equivalent(1134.00) raw_noncoding(1134.00) offset(0.00) 
62041	61205	single-	4	6	{GlimmerHMM_glimmerT_304-T1;GlimmerHMM},{HiQ_model.g283.t1;HiQ}

# EVM prediction: Mode:STANDARD S-ratio: 4.47 62233-63381 orient(-) score(5632.00) noncoding_equivalent(1260.18) raw_noncoding(1260.18) offset(0.00) 
63381	62233	single-	4	6	{HiQ_model.g284.t1;HiQ},{GlimmerHMM_glimmerT_305-T1;GlimmerHMM}

# EVM prediction: Mode:STANDARD S-ratio: 31.83 65846-68455 orient(+) score(10122.00) noncoding_equivalent(318.00) raw_noncoding(318.00) offset(0.00) 
65846	68455	single+	1	3	{GlimmerHMM_glimmerT_306-T1;GlimmerHMM}

# EVM prediction: Mode:STANDARD S-ratio: 2.80 68801-69733 orient(-) score(4125.00) noncoding_equivalent(1473.00) raw_noncoding(1473.00) offset(0.00) 
69733	68801	single-	4	6	{HiQ_model.g286.t1;HiQ}

# EVM prediction: Mode:STANDARD S-ratio: 4.79 70442-72268 orient(-) score(9069.00) noncoding_equivalent(1893.00) raw_noncoding(1893.00) offset(0.00) 
72268	70442	single-	4	6	{HiQ_model.g287.t1;HiQ},{GlimmerHMM_glimmerT_308-T1;GlimmerHMM}

# EVM prediction: Mode:STANDARD S-ratio: 3.32 73610-74338 orient(+) score(1507.00) noncoding_equivalent(453.71) raw_noncoding(904.35) offset(450.64) 
73610	73681	initial+	1	3	{GlimmerHMM_glimmerT_309-T1;GlimmerHMM}
73682	73906	INTRON			{GlimmerHMM_glimmerT_309-T1;GlimmerHMM}
73907	74338	terminal+	1	3	{GlimmerHMM_glimmerT_309-T1;GlimmerHMM}

# EVM prediction: Mode:STANDARD S-ratio: 343.51 75018-79856 orient(+) score(19580.00) noncoding_equivalent(57.00) raw_noncoding(57.00) offset(0.00) 
75018	79856	single+	1	3	{Augustus_model.g289.t1;Augustus},{GlimmerHMM_glimmerT_310-T1;GlimmerHMM}

# EVM prediction: Mode:STANDARD S-ratio: 58.67 80873-83557 orient(+) score(10560.00) noncoding_equivalent(180.00) raw_noncoding(180.00) offset(0.00) 
80873	83557	single+	1	3	{Augustus_model.g290.t1;Augustus},{GlimmerHMM_glimmerT_311-T1;GlimmerHMM}

# EVM prediction: Mode:STANDARD S-ratio: 10.57 83843-87570 orient(-) score(10255.00) noncoding_equivalent(970.41) raw_noncoding(1016.48) offset(46.07) 
86922	83843	terminal-	5	6	{Augustus_model.g291.t1;Augustus},{GlimmerHMM_glimmerT_312-T1;GlimmerHMM}
86966	86923	INTRON			{Augustus_model.g291.t1;Augustus},{GlimmerHMM_glimmerT_312-T1;GlimmerHMM}
87570	86967	initial-	4	4	{Augustus_model.g291.t1;Augustus},{GlimmerHMM_glimmerT_312-T1;GlimmerHMM}

# EVM prediction: Mode:STANDARD S-ratio: 3.71 87912-88769 orient(-) score(4056.00) noncoding_equivalent(1092.00) raw_noncoding(1092.00) offset(0.00) 
88769	87912	single-	4	6	{HiQ_model.g292.t1;HiQ}

# EVM prediction: Mode:STANDARD S-ratio: 10000.00 91072-91890 orient(+) score(4068.00) noncoding_equivalent(0.41) raw_noncoding(0.00) offset(0.00) 
91072	91890	single+	1	3	{GlimmerHMM_glimmerT_314-T1;GlimmerHMM},{Augustus_model.g293.t1;Augustus}

# EVM prediction: Mode:STANDARD S-ratio: 2.79 92470-92901 orient(+) score(1272.00) noncoding_equivalent(456.00) raw_noncoding(456.00) offset(0.00) 
92470	92901	single+	1	3	{GlimmerHMM_glimmerT_315-T1;GlimmerHMM}

# EVM prediction: Mode:STANDARD S-ratio: 5.00 93143-94924 orient(-) score(8910.00) noncoding_equivalent(1782.00) raw_noncoding(1782.00) offset(0.00) 
94924	93143	single-	4	6	{HiQ_model.g294.t1;HiQ},{GlimmerHMM_glimmerT_316-T1;GlimmerHMM}

# EVM prediction: Mode:STANDARD S-ratio: 25.61 95803-98556 orient(+) score(10602.00) noncoding_equivalent(414.00) raw_noncoding(414.00) offset(0.00) 
95803	98556	single+	1	3	{GlimmerHMM_glimmerT_317-T1;GlimmerHMM},{Augustus_model.g295.t1;Augustus}

