!! Predictions spanning range 9397 - 73510 [R1]
# EVM prediction: Mode:STANDARD S-ratio: 10000.00 9397-10440 orient(+) score(2088.00) noncoding_equivalent(0.21) raw_noncoding(0.00) offset(0.00) 
9397	10440	single+	1	3	{Augustus_gene392.t1;Augustus}

# EVM prediction: Mode:STANDARD S-ratio: 10000.00 20536-21816 orient(-) score(2562.00) noncoding_equivalent(0.26) raw_noncoding(0.00) offset(0.00) 
21816	20536	single-	4	6	{Augustus_gene1142.t1;Augustus}

# EVM prediction: Mode:STANDARD S-ratio: 10000.00 27014-28756 orient(-) score(3486.00) noncoding_equivalent(0.35) raw_noncoding(0.00) offset(0.00) 
28756	27014	single-	4	6	{Augustus_gene298.t1;Augustus}

# EVM prediction: Mode:STANDARD S-ratio: 10000.00 29028-29648 orient(+) score(1242.00) noncoding_equivalent(0.12) raw_noncoding(0.00) offset(0.00) 
29028	29648	single+	1	3	{Augustus_gene801.t1;Augustus}

# EVM prediction: Mode:STANDARD S-ratio: 10000.00 32421-32867 orient(-) score(894.00) noncoding_equivalent(0.09) raw_noncoding(0.00) offset(0.00) 
32867	32421	single-	4	6	{Augustus_gene873.t1;Augustus}

# EVM prediction: Mode:STANDARD S-ratio: 10000.00 33108-35360 orient(+) score(4506.00) noncoding_equivalent(0.45) raw_noncoding(0.00) offset(0.00) 
33108	33894	initial+	1	1	{Augustus_gene848.t1;Augustus}
33895	34431	INTRON			{Augustus_gene848.t1;Augustus}
34432	35360	terminal+	2	3	{Augustus_gene848.t1;Augustus}

# EVM prediction: Mode:STANDARD S-ratio: 10000.00 37273-39840 orient(-) score(5136.00) noncoding_equivalent(0.51) raw_noncoding(0.00) offset(0.00) 
39840	37273	single-	4	6	{Augustus_gene213.t1;Augustus}

# EVM prediction: Mode:STANDARD S-ratio: 10000.00 53569-54429 orient(+) score(1722.00) noncoding_equivalent(0.17) raw_noncoding(0.00) offset(0.00) 
53569	54429	single+	1	3	{Augustus_gene828.t1;Augustus}

# EVM prediction: Mode:STANDARD S-ratio: 10000.00 58738-59871 orient(+) score(2268.00) noncoding_equivalent(0.23) raw_noncoding(0.00) offset(0.00) 
58738	59871	single+	1	3	{Augustus_gene136.t1;Augustus}

# EVM prediction: Mode:STANDARD S-ratio: 10000.00 63420-65084 orient(-) score(3330.00) noncoding_equivalent(0.33) raw_noncoding(0.00) offset(0.00) 
65084	63420	single-	4	6	{Augustus_gene124.t1;Augustus}

# EVM prediction: Mode:STANDARD S-ratio: 10000.00 71852-73510 orient(+) score(3318.00) noncoding_equivalent(0.33) raw_noncoding(0.00) offset(0.00) 
71852	73510	single+	1	3	{Augustus_gene1124.t1;Augustus}

