!! Predictions spanning range 13764 - 99601 [R1]
# EVM prediction: Mode:STANDARD S-ratio: 10000.00 13764-14806 orient(-) score(2086.00) noncoding_equivalent(0.21) raw_noncoding(0.00) offset(0.00) 
14739	13764	terminal-	6	6	{Augustus_gene338.t1;Augustus}
14795	14740	INTRON			{Augustus_gene338.t1;Augustus}
14806	14796	initial-	4	5	{Augustus_gene338.t1;Augustus}

# EVM prediction: Mode:STANDARD S-ratio: 10000.00 21592-25263 orient(-) score(7344.00) noncoding_equivalent(0.73) raw_noncoding(0.00) offset(0.00) 
25263	21592	single-	4	6	{Augustus_gene811.t1;Augustus}

# EVM prediction: Mode:STANDARD S-ratio: 10000.00 40206-40925 orient(+) score(1440.00) noncoding_equivalent(0.14) raw_noncoding(0.00) offset(0.00) 
40206	40925	single+	1	3	{Augustus_gene526.t1;Augustus}

# EVM prediction: Mode:STANDARD S-ratio: 10000.00 53704-56757 orient(-) score(6108.00) noncoding_equivalent(0.61) raw_noncoding(0.00) offset(0.00) 
56757	53704	single-	4	6	{Augustus_gene122.t1;Augustus}

# EVM prediction: Mode:STANDARD S-ratio: 10000.00 62645-64756 orient(+) score(4224.00) noncoding_equivalent(0.42) raw_noncoding(0.00) offset(0.00) 
62645	64756	single+	1	3	{Augustus_gene549.t1;Augustus}

# EVM prediction: Mode:STANDARD S-ratio: 10000.00 84134-85096 orient(+) score(1926.00) noncoding_equivalent(0.19) raw_noncoding(0.00) offset(0.00) 
84134	85096	single+	1	3	{Augustus_gene962.t1;Augustus}

# EVM prediction: Mode:STANDARD S-ratio: 10000.00 92145-93992 orient(+) score(3696.00) noncoding_equivalent(0.37) raw_noncoding(0.00) offset(0.00) 
92145	93992	single+	1	3	{Augustus_gene542.t1;Augustus}

# EVM prediction: Mode:STANDARD S-ratio: 10000.00 98933-99601 orient(-) score(1338.00) noncoding_equivalent(0.13) raw_noncoding(0.00) offset(0.00) 
99374	98933	terminal-	6	6	{Augustus_gene571.t1;Augustus}
99536	99375	INTRON			{Augustus_gene571.t1;Augustus}
99601	99537	initial-	4	5	{Augustus_gene571.t1;Augustus}

