!! Predictions spanning range 701 - 96697 [R1]
# EVM prediction: Mode:STANDARD S-ratio: 4.48 701-1471 orient(-) score(3780.00) noncoding_equivalent(844.44) raw_noncoding(844.44) offset(0.00) 
1471	701	single-	4	6	{HiQ_model.g4073.t1;HiQ},{GlimmerHMM_glimmerT_4429-T1;GlimmerHMM}

# EVM prediction: Mode:STANDARD S-ratio: 33.36 2265-3836 orient(+) score(6105.00) noncoding_equivalent(183.00) raw_noncoding(183.00) offset(0.00) 
2265	3836	single+	1	3	{Augustus_model.g4074.t1;Augustus},{GlimmerHMM_glimmerT_4430-T1;GlimmerHMM}

# EVM prediction: Mode:STANDARD S-ratio: 77.23 5248-8760 orient(+) score(13871.00) noncoding_equivalent(179.62) raw_noncoding(179.62) offset(0.00) 
5248	8760	single+	1	3	{Augustus_model.g4075.t1;Augustus},{GlimmerHMM_glimmerT_4431-T1;GlimmerHMM}

# EVM prediction: Mode:STANDARD S-ratio: 12.79 9534-11033 orient(+) score(5565.00) noncoding_equivalent(435.00) raw_noncoding(435.00) offset(0.00) 
9534	11033	single+	1	3	{GlimmerHMM_glimmerT_4432-T1;GlimmerHMM},{Augustus_model.g4076.t1;Augustus}

# EVM prediction: Mode:STANDARD S-ratio: 15.51 11472-13748 orient(+) score(8557.00) noncoding_equivalent(551.59) raw_noncoding(551.59) offset(0.00) 
11472	13748	single+	1	3	{GlimmerHMM_glimmerT_4433-T1;GlimmerHMM}

# EVM prediction: Mode:STANDARD S-ratio: 99.93 14148-14858 orient(+) score(2812.00) noncoding_equivalent(28.14) raw_noncoding(28.14) offset(0.00) 
14148	14858	single+	1	3	{GlimmerHMM_glimmerT_4434-T1;GlimmerHMM}

# EVM prediction: Mode:STANDARD S-ratio: 215.01 15099-18215 orient(+) score(12409.00) noncoding_equivalent(57.71) raw_noncoding(57.71) offset(0.00) 
15099	18215	single+	1	3	{GlimmerHMM_glimmerT_4435-T1;GlimmerHMM},{Augustus_model.g4078.t1;Augustus}

# EVM prediction: Mode:STANDARD S-ratio: 10000.00 19708-21501 orient(-) score(7176.00) noncoding_equivalent(0.72) raw_noncoding(0.00) offset(0.00) 
21501	19708	single-	4	6	{GlimmerHMM_glimmerT_4436-T1;GlimmerHMM},{Augustus_model.g4079.t1;Augustus}

# EVM prediction: Mode:STANDARD S-ratio: 5.00 22359-24368 orient(-) score(10050.00) noncoding_equivalent(2010.00) raw_noncoding(2010.00) offset(0.00) 
24368	22359	single-	4	6	{HiQ_model.g4080.t1;HiQ},{GlimmerHMM_glimmerT_4437-T1;GlimmerHMM}

# EVM prediction: Mode:STANDARD S-ratio: 112.21 25401-26849 orient(+) score(5743.00) noncoding_equivalent(51.18) raw_noncoding(51.18) offset(0.00) 
25401	26849	single+	1	3	{GlimmerHMM_glimmerT_4438-T1;GlimmerHMM},{Augustus_model.g4081.t1;Augustus}

# EVM prediction: Mode:STANDARD S-ratio: 1067.73 27205-28548 orient(+) score(5369.00) noncoding_equivalent(5.03) raw_noncoding(5.03) offset(0.00) 
27205	28548	single+	1	3	{GlimmerHMM_glimmerT_4439-T1;GlimmerHMM},{Augustus_model.g4082.t1;Augustus}

# EVM prediction: Mode:STANDARD S-ratio: 2.00 29023-29526 orient(-) score(2016.00) noncoding_equivalent(1008.00) raw_noncoding(1008.00) offset(0.00) 
29526	29023	single-	4	6	{HiQ_model.g4083.t1;HiQ},{GlimmerHMM_glimmerT_4440-T1;GlimmerHMM}

# EVM prediction: Mode:STANDARD S-ratio: 164.15 29883-31965 orient(-) score(8217.00) noncoding_equivalent(50.06) raw_noncoding(92.22) offset(42.16) 
31936	29883	terminal-	5	6	{snap_scaffold_10-snap.157-T1;snap},{Augustus_model.g4084.t1;Augustus}
31958	31937	INTRON			{snap_scaffold_10-snap.157-T1;snap}
31965	31959	initial-	4	4	{snap_scaffold_10-snap.157-T1;snap}

# EVM prediction: Mode:STANDARD S-ratio: 2.91 32169-32783 orient(-) score(1831.00) noncoding_equivalent(629.11) raw_noncoding(629.11) offset(0.00) 
32783	32169	single-	4	6	{GlimmerHMM_glimmerT_4442-T1;GlimmerHMM}

# EVM prediction: Mode:STANDARD S-ratio: 408.58 33364-34197 orient(+) score(3326.00) noncoding_equivalent(8.14) raw_noncoding(8.14) offset(0.00) 
33364	34197	single+	1	3	{GlimmerHMM_glimmerT_4443-T1;GlimmerHMM},{Augustus_model.g4085.t1;Augustus}

# EVM prediction: Mode:STANDARD S-ratio: 4.53 34369-36891 orient(-) score(12399.00) noncoding_equivalent(2739.00) raw_noncoding(2739.00) offset(0.00) 
36891	34369	single-	4	6	{HiQ_model.g4086.t1;HiQ}

# EVM prediction: Mode:STANDARD S-ratio: 3.87 36987-38393 orient(-) score(6702.00) noncoding_equivalent(1731.00) raw_noncoding(1731.00) offset(0.00) 
38393	36987	single-	4	6	{HiQ_model.g4087.t1;HiQ}

# EVM prediction: Mode:STANDARD S-ratio: 4.89 38475-41723 orient(-) score(16182.00) noncoding_equivalent(3310.71) raw_noncoding(3310.71) offset(0.00) 
41723	38475	single-	4	6	{HiQ_model.g4088.t1;HiQ}

# EVM prediction: Mode:STANDARD S-ratio: 3.00 42211-43161 orient(+) score(2853.00) noncoding_equivalent(951.00) raw_noncoding(951.00) offset(0.00) 
42211	43161	single+	1	3	{Augustus_model.g4089.t1;Augustus},{GlimmerHMM_glimmerT_4447-T1;GlimmerHMM}

# EVM prediction: Mode:STANDARD S-ratio: 2.00 43223-43522 orient(-) score(1200.00) noncoding_equivalent(600.00) raw_noncoding(600.00) offset(0.00) 
43522	43223	single-	4	6	{HiQ_model.g4090.t1;HiQ},{GlimmerHMM_glimmerT_4448-T1;GlimmerHMM}

# EVM prediction: Mode:STANDARD S-ratio: 109.00 43745-44734 orient(+) score(3924.00) noncoding_equivalent(36.00) raw_noncoding(36.00) offset(0.00) 
43745	44734	single+	1	3	{Augustus_model.g4091.t1;Augustus},{GlimmerHMM_glimmerT_4449-T1;GlimmerHMM}

# EVM prediction: Mode:STANDARD S-ratio: 4.23 44833-46884 orient(-) score(9957.00) noncoding_equivalent(2355.00) raw_noncoding(2355.00) offset(0.00) 
46884	44833	single-	4	6	{HiQ_model.g4092.t1;HiQ},{GlimmerHMM_glimmerT_4450-T1;GlimmerHMM}

# EVM prediction: Mode:STANDARD S-ratio: 4.31 47108-47632 orient(-) score(2555.00) noncoding_equivalent(593.37) raw_noncoding(593.37) offset(0.00) 
47632	47108	single-	4	6	{GlimmerHMM_glimmerT_4451-T1;GlimmerHMM},{HiQ_model.g4093.t1;HiQ}

# EVM prediction: Mode:STANDARD S-ratio: 54.21 48187-51126 orient(+) score(11547.00) noncoding_equivalent(213.00) raw_noncoding(213.00) offset(0.00) 
48187	51126	single+	1	3	{Augustus_model.g4094.t1;Augustus},{GlimmerHMM_glimmerT_4452-T1;GlimmerHMM}

# EVM prediction: Mode:STANDARD S-ratio: 4.98 51262-56556 orient(-) score(26460.00) noncoding_equivalent(5310.00) raw_noncoding(5310.00) offset(0.00) 
56556	51262	single-	4	6	{HiQ_model.g4095.t1;HiQ},{GlimmerHMM_glimmerT_4453-T1;GlimmerHMM}

# EVM prediction: Mode:STANDARD S-ratio: 3.37 57151-57666 orient(-) score(2388.00) noncoding_equivalent(708.00) raw_noncoding(708.00) offset(0.00) 
57666	57151	single-	4	6	{HiQ_model.g4096.t1;HiQ},{GlimmerHMM_glimmerT_4454-T1;GlimmerHMM}

# EVM prediction: Mode:STANDARD S-ratio: 115.80 57953-59704 orient(+) score(6948.00) noncoding_equivalent(60.00) raw_noncoding(60.00) offset(0.00) 
57953	59704	single+	1	3	{GlimmerHMM_glimmerT_4455-T1;GlimmerHMM},{Augustus_model.g4097.t1;Augustus}

# EVM prediction: Mode:STANDARD S-ratio: 2.67 59798-60859 orient(-) score(4635.00) noncoding_equivalent(1737.00) raw_noncoding(1737.00) offset(0.00) 
60859	59798	single-	4	6	{GlimmerHMM_glimmerT_4456-T1;GlimmerHMM},{HiQ_model.g4098.t1;HiQ}

# EVM prediction: Mode:STANDARD S-ratio: 10000.00 61067-65518 orient(-) score(17808.00) noncoding_equivalent(1.78) raw_noncoding(0.00) offset(0.00) 
65518	61067	single-	4	6	{Augustus_model.g4099.t1;Augustus},{GlimmerHMM_glimmerT_4457-T1;GlimmerHMM}

# EVM prediction: Mode:STANDARD S-ratio: 3.00 65885-66595 orient(+) score(2133.00) noncoding_equivalent(711.00) raw_noncoding(711.00) offset(0.00) 
65885	66595	single+	1	3	{GlimmerHMM_glimmerT_4458-T1;GlimmerHMM},{Augustus_model.g4100.t1;Augustus}

# EVM prediction: Mode:STANDARD S-ratio: 3.40 66938-68194 orient(-) score(5823.00) noncoding_equivalent(1711.00) raw_noncoding(1711.00) offset(0.00) 
68194	66938	single-	4	6	{GlimmerHMM_glimmerT_4459-T1;GlimmerHMM},{HiQ_model.g4101.t1;HiQ}

# EVM prediction: Mode:STANDARD S-ratio: 214.20 68945-69751 orient(+) score(3213.00) noncoding_equivalent(15.00) raw_noncoding(15.00) offset(0.00) 
68945	69751	single+	1	3	{Augustus_model.g4102.t1;Augustus},{GlimmerHMM_glimmerT_4460-T1;GlimmerHMM}

# EVM prediction: Mode:STANDARD S-ratio: 1.47 69841-70275 orient(-) score(1305.00) noncoding_equivalent(888.00) raw_noncoding(1305.00) offset(417.00) 
70098	69841	terminal-	4	6	{HiQ_model.g4103.t1;HiQ}
70239	70099	INTRON			{HiQ_model.g4103.t1;HiQ},{ev_type:exonerate/ID=match.133146.4330/Target=YKL006C-A;exonerate}
70275	70240	initial-	4	6	{HiQ_model.g4103.t1;HiQ}

# EVM prediction: Mode:STANDARD S-ratio: 3.85 71549-72363 orient(+) score(3548.00) noncoding_equivalent(921.36) raw_noncoding(1313.99) offset(392.63) 
71549	71677	initial+	1	3	{GlimmerHMM_glimmerT_4461-T1;GlimmerHMM},{Augustus_model.g4104.t1;Augustus}
71678	72075	INTRON			{GlimmerHMM_glimmerT_4461-T1;GlimmerHMM},{Augustus_model.g4104.t1;Augustus},{ev_type:exonerate/ID=match.133146.719/Target=YKL006W;exonerate},{ev_type:exonerate/ID=match.133146.3533/Target=YHL001W;exonerate}
72076	72363	terminal+	1	3	{GlimmerHMM_glimmerT_4461-T1;GlimmerHMM},{snap_scaffold_10-snap.173-T1;snap},{Augustus_model.g4104.t1;Augustus}

# EVM prediction: Mode:STANDARD S-ratio: 4.80 72736-74520 orient(-) score(8865.00) noncoding_equivalent(1845.00) raw_noncoding(1845.00) offset(0.00) 
74520	72736	single-	4	6	{HiQ_model.g4105.t1;HiQ},{GlimmerHMM_glimmerT_4462-T1;GlimmerHMM}

# EVM prediction: Mode:STANDARD S-ratio: 149.12 75223-76428 orient(+) score(4790.00) noncoding_equivalent(32.12) raw_noncoding(32.12) offset(0.00) 
75223	76428	single+	1	3	{Augustus_model.g4106.t1;Augustus},{GlimmerHMM_glimmerT_4463-T1;GlimmerHMM}

# EVM prediction: Mode:STANDARD S-ratio: 2.00 76740-77135 orient(-) score(1584.00) noncoding_equivalent(792.00) raw_noncoding(792.00) offset(0.00) 
77135	76740	single-	4	6	{GlimmerHMM_glimmerT_4464-T1;GlimmerHMM},{HiQ_model.g4107.t1;HiQ}

# EVM prediction: Mode:STANDARD S-ratio: 15.54 77421-78187 orient(+) score(2944.00) noncoding_equivalent(189.42) raw_noncoding(252.00) offset(62.58) 
77421	77480	initial+	1	3	{GlimmerHMM_glimmerT_4465-T1;GlimmerHMM},{Augustus_model.g4108.t1;Augustus}
77481	77548	INTRON			{GlimmerHMM_glimmerT_4465-T1;GlimmerHMM},{Augustus_model.g4108.t1;Augustus},{ev_type:exonerate/ID=match.133146.1717/Target=YKL002W;exonerate}
77549	78187	terminal+	1	3	{GlimmerHMM_glimmerT_4465-T1;GlimmerHMM},{Augustus_model.g4108.t1;Augustus},{snap_scaffold_10-snap.176-T1;snap}

# EVM prediction: Mode:STANDARD S-ratio: 5.00 78420-79028 orient(-) score(3045.00) noncoding_equivalent(609.00) raw_noncoding(609.00) offset(0.00) 
79028	78420	single-	4	6	{GlimmerHMM_glimmerT_4466-T1;GlimmerHMM},{HiQ_model.g4109.t1;HiQ}

# EVM prediction: Mode:STANDARD S-ratio: 5.00 80251-82365 orient(-) score(10575.00) noncoding_equivalent(2115.00) raw_noncoding(2115.00) offset(0.00) 
82365	80251	single-	4	6	{GlimmerHMM_glimmerT_4467-T1;GlimmerHMM},{HiQ_model.g4110.t1;HiQ}

# EVM prediction: Mode:STANDARD S-ratio: 3.00 82875-84581 orient(+) score(5121.00) noncoding_equivalent(1707.00) raw_noncoding(1707.00) offset(0.00) 
82875	84581	single+	1	3	{Augustus_model.g4111.t1;Augustus},{GlimmerHMM_glimmerT_4468-T1;GlimmerHMM}

# EVM prediction: Mode:STANDARD S-ratio: 74.56 85024-86370 orient(+) score(5316.00) noncoding_equivalent(71.30) raw_noncoding(71.30) offset(0.00) 
85024	86370	single+	1	3	{Augustus_model.g4112.t1;Augustus},{GlimmerHMM_glimmerT_4469-T1;GlimmerHMM}

# EVM prediction: Mode:STANDARD S-ratio: 3.40 86442-87679 orient(-) score(5501.00) noncoding_equivalent(1620.13) raw_noncoding(1926.64) offset(306.51) 
87349	86442	terminal-	5	6	{snap_scaffold_10-snap.180-T1;snap},{HiQ_model.g4113.t1;HiQ}
87453	87350	INTRON			{HiQ_model.g4113.t1;HiQ},{ev_type:exonerate/ID=match.133146.5999/Target=YKR004C;exonerate}
87679	87454	initial-	4	4	{HiQ_model.g4113.t1;HiQ}

# EVM prediction: Mode:STANDARD S-ratio: 3.41 88164-89810 orient(-) score(7485.00) noncoding_equivalent(2196.00) raw_noncoding(2397.00) offset(201.00) 
89594	88164	terminal-	4	6	{HiQ_model.g4114.t1;HiQ}
89663	89595	INTRON			{HiQ_model.g4114.t1;HiQ},{ev_type:exonerate/ID=match.133146.4955/Target=YKR005C;exonerate}
89810	89664	initial-	4	6	{HiQ_model.g4114.t1;HiQ}

# EVM prediction: Mode:STANDARD S-ratio: 4.88 90066-90893 orient(-) score(4095.00) noncoding_equivalent(840.00) raw_noncoding(840.00) offset(0.00) 
90893	90066	single-	4	6	{GlimmerHMM_glimmerT_4472-T1;GlimmerHMM},{HiQ_model.g4115.t1;HiQ}

# EVM prediction: Mode:STANDARD S-ratio: 90.38 91077-91631 orient(+) score(2194.00) noncoding_equivalent(24.27) raw_noncoding(24.27) offset(0.00) 
91077	91631	single+	1	3	{GlimmerHMM_glimmerT_4473-T1;GlimmerHMM},{Augustus_model.g4116.t1;Augustus}

# EVM prediction: Mode:STANDARD S-ratio: 10000.00 91844-93721 orient(+) score(7506.00) noncoding_equivalent(0.75) raw_noncoding(0.00) offset(0.00) 
91844	93721	single+	1	3	{Augustus_model.g4117.t1;Augustus},{GlimmerHMM_glimmerT_4474-T1;GlimmerHMM}

# EVM prediction: Mode:STANDARD S-ratio: 4.94 93995-96697 orient(-) score(13486.00) noncoding_equivalent(2730.28) raw_noncoding(2730.28) offset(0.00) 
96697	93995	single-	4	6	{HiQ_model.g4118.t1;HiQ},{GlimmerHMM_glimmerT_4475-T1;GlimmerHMM}

