!! Predictions spanning range 1819 - 96645 [R1]
# EVM prediction: Mode:STANDARD S-ratio: 4.95 1819-2565 orient(-) score(3727.00) noncoding_equivalent(753.03) raw_noncoding(753.03) offset(0.00) 
2565	1819	single-	4	6	{GlimmerHMM_glimmerT_158-T1;GlimmerHMM},{HiQ_model.g144.t1;HiQ}

# EVM prediction: Mode:STANDARD S-ratio: 5.00 3158-4162 orient(-) score(5025.00) noncoding_equivalent(1005.00) raw_noncoding(1005.00) offset(0.00) 
4162	3158	single-	4	6	{HiQ_model.g145.t1;HiQ},{GlimmerHMM_glimmerT_159-T1;GlimmerHMM}

# EVM prediction: Mode:STANDARD S-ratio: 18.16 4646-7055 orient(-) score(6610.00) noncoding_equivalent(364.01) raw_noncoding(868.60) offset(504.59) 
6797	4646	terminal-	6	6	{snap_scaffold_1-snap.135-T1;snap}
7050	6798	INTRON			{snap_scaffold_1-snap.135-T1;snap}
7055	7051	initial-	4	5	{snap_scaffold_1-snap.135-T1;snap}

# EVM prediction: Mode:STANDARD S-ratio: 24.53 7631-8524 orient(-) score(2577.00) noncoding_equivalent(105.04) raw_noncoding(105.04) offset(0.00) 
8524	7631	single-	4	6	{GlimmerHMM_glimmerT_161-T1;GlimmerHMM}

# EVM prediction: Mode:STANDARD S-ratio: 10000.00 9711-11027 orient(+) score(3951.00) noncoding_equivalent(0.40) raw_noncoding(0.00) offset(0.00) 
9711	11027	single+	1	3	{Augustus_model.g147.t1;Augustus},{GlimmerHMM_glimmerT_162-T1;GlimmerHMM}

# EVM prediction: Mode:STANDARD S-ratio: 2.01 11207-11815 orient(-) score(1218.00) noncoding_equivalent(604.92) raw_noncoding(604.92) offset(0.00) 
11815	11207	single-	4	6	{Augustus_model.g148.t1;Augustus},{GlimmerHMM_glimmerT_163-T1;GlimmerHMM}

# EVM prediction: Mode:STANDARD S-ratio: 24.55 11967-13793 orient(+) score(5041.00) noncoding_equivalent(205.36) raw_noncoding(256.54) offset(51.18) 
11967	11995	initial+	1	2	{Augustus_model.g149.t1;Augustus}
11996	12046	INTRON			{Augustus_model.g149.t1;Augustus}
12047	13793	terminal+	3	3	{Augustus_model.g149.t1;Augustus}

# EVM prediction: Mode:STANDARD S-ratio: 5.00 13971-14951 orient(-) score(4905.00) noncoding_equivalent(981.00) raw_noncoding(981.00) offset(0.00) 
14951	13971	single-	4	6	{GlimmerHMM_glimmerT_166-T1;GlimmerHMM},{HiQ_model.g150.t1;HiQ}

# EVM prediction: Mode:STANDARD S-ratio: 10000.00 15512-15844 orient(-) score(999.00) noncoding_equivalent(0.10) raw_noncoding(0.00) offset(0.00) 
15844	15512	single-	4	6	{Augustus_model.g151.t1;Augustus},{GlimmerHMM_glimmerT_167-T1;GlimmerHMM}

# EVM prediction: Mode:STANDARD S-ratio: 185.55 16938-20015 orient(+) score(12246.00) noncoding_equivalent(66.00) raw_noncoding(66.00) offset(0.00) 
16938	20015	single+	1	3	{GlimmerHMM_glimmerT_168-T1;GlimmerHMM},{Augustus_model.g152.t1;Augustus}

# EVM prediction: Mode:STANDARD S-ratio: 10000.00 20381-22003 orient(+) score(6483.00) noncoding_equivalent(0.65) raw_noncoding(0.00) offset(0.00) 
20381	22003	single+	1	3	{Augustus_model.g153.t1;Augustus},{GlimmerHMM_glimmerT_169-T1;GlimmerHMM}

# EVM prediction: Mode:STANDARD S-ratio: 124.88 22710-24395 orient(+) score(5016.00) noncoding_equivalent(40.17) raw_noncoding(40.17) offset(0.00) 
22710	24395	single+	1	3	{Augustus_model.g154.t1;Augustus},{GlimmerHMM_glimmerT_170-T1;GlimmerHMM}

# EVM prediction: Mode:STANDARD S-ratio: 26.41 24887-25336 orient(+) score(1729.00) noncoding_equivalent(65.48) raw_noncoding(65.48) offset(0.00) 
24887	25336	single+	1	3	{GlimmerHMM_glimmerT_171-T1;GlimmerHMM},{Augustus_model.g155.t1;Augustus}

# EVM prediction: Mode:STANDARD S-ratio: 3.04 25712-26724 orient(+) score(3465.00) noncoding_equivalent(1140.12) raw_noncoding(1701.04) offset(560.93) 
25712	25732	initial+	1	3	{Augustus_model.g156.t1;Augustus},{GlimmerHMM_glimmerT_172-T1;GlimmerHMM}
25733	26289	INTRON			{Augustus_model.g156.t1;Augustus},{GlimmerHMM_glimmerT_172-T1;GlimmerHMM},{ev_type:exonerate/ID=match.111469.1270/Target=YDR064W;exonerate}
26290	26724	terminal+	1	3	{GlimmerHMM_glimmerT_172-T1;GlimmerHMM}

# EVM prediction: Mode:STANDARD S-ratio: 6.63 26966-28069 orient(+) score(2877.00) noncoding_equivalent(433.75) raw_noncoding(433.75) offset(0.00) 
26966	28069	single+	1	3	{GlimmerHMM_glimmerT_173-T1;GlimmerHMM}

# EVM prediction: Mode:STANDARD S-ratio: 15.53 28194-28787 orient(-) score(1619.00) noncoding_equivalent(104.24) raw_noncoding(161.51) offset(57.27) 
28724	28194	terminal-	4	6	{snap_scaffold_1-snap.147-T1;snap}
28781	28725	INTRON			{snap_scaffold_1-snap.147-T1;snap}
28787	28782	initial-	4	6	{snap_scaffold_1-snap.147-T1;snap}

# EVM prediction: Mode:STANDARD S-ratio: 27.41 29082-29756 orient(-) score(2605.00) noncoding_equivalent(95.04) raw_noncoding(95.04) offset(0.00) 
29756	29082	single-	4	6	{GlimmerHMM_glimmerT_175-T1;GlimmerHMM}

# EVM prediction: Mode:STANDARD S-ratio: 119.59 30014-30946 orient(+) score(2774.00) noncoding_equivalent(23.20) raw_noncoding(23.20) offset(0.00) 
30014	30946	single+	1	3	{Augustus_model.g158.t1;Augustus},{GlimmerHMM_glimmerT_176-T1;GlimmerHMM}

# EVM prediction: Mode:STANDARD S-ratio: 4.96 31239-34022 orient(-) score(13900.00) noncoding_equivalent(2802.06) raw_noncoding(2802.06) offset(0.00) 
34022	31239	single-	4	6	{HiQ_model.g159.t1;HiQ},{GlimmerHMM_glimmerT_177-T1;GlimmerHMM}

# EVM prediction: Mode:STANDARD S-ratio: 2.08 34384-34665 orient(-) score(572.00) noncoding_equivalent(274.77) raw_noncoding(274.77) offset(0.00) 
34665	34384	single-	4	6	{GlimmerHMM_glimmerT_178-T1;GlimmerHMM},{Augustus_model.g160.t1;Augustus}

# EVM prediction: Mode:STANDARD S-ratio: 3.61 35070-35645 orient(-) score(2706.00) noncoding_equivalent(750.00) raw_noncoding(750.00) offset(0.00) 
35645	35070	single-	4	6	{GlimmerHMM_glimmerT_179-T1;GlimmerHMM},{HiQ_model.g161.t1;HiQ}

# EVM prediction: Mode:STANDARD S-ratio: 4.54 35998-37581 orient(-) score(7788.00) noncoding_equivalent(1716.00) raw_noncoding(1716.00) offset(0.00) 
37581	35998	single-	4	6	{GlimmerHMM_glimmerT_180-T1;GlimmerHMM},{HiQ_model.g162.t1;HiQ}

# EVM prediction: Mode:STANDARD S-ratio: 2.00 38590-39051 orient(+) score(924.00) noncoding_equivalent(462.00) raw_noncoding(462.00) offset(0.00) 
38590	39051	single+	1	3	{Augustus_model.g163.t1;Augustus},{GlimmerHMM_glimmerT_181-T1;GlimmerHMM}

# EVM prediction: Mode:STANDARD S-ratio: 45.00 39866-42556 orient(+) score(10530.00) noncoding_equivalent(234.02) raw_noncoding(234.02) offset(0.00) 
39866	42556	single+	1	3	{GlimmerHMM_glimmerT_182-T1;GlimmerHMM}

# EVM prediction: Mode:STANDARD S-ratio: 8.15 43126-44049 orient(+) score(2469.00) noncoding_equivalent(303.00) raw_noncoding(303.00) offset(0.00) 
43126	44049	single+	1	3	{GlimmerHMM_glimmerT_183-T1;GlimmerHMM}

# EVM prediction: Mode:STANDARD S-ratio: 95.00 44419-45642 orient(+) score(4845.00) noncoding_equivalent(51.00) raw_noncoding(51.00) offset(0.00) 
44419	45642	single+	1	3	{Augustus_model.g165.t1;Augustus},{GlimmerHMM_glimmerT_184-T1;GlimmerHMM}

# EVM prediction: Mode:STANDARD S-ratio: 10000.00 46821-47639 orient(+) score(2457.00) noncoding_equivalent(0.25) raw_noncoding(0.00) offset(0.00) 
46821	47639	single+	1	3	{GlimmerHMM_glimmerT_185-T1;GlimmerHMM},{Augustus_model.g166.t1;Augustus}

# EVM prediction: Mode:STANDARD S-ratio: 5.00 48004-48675 orient(-) score(3360.00) noncoding_equivalent(672.00) raw_noncoding(672.00) offset(0.00) 
48675	48004	single-	4	6	{HiQ_model.g167.t1;HiQ},{GlimmerHMM_glimmerT_186-T1;GlimmerHMM}

# EVM prediction: Mode:STANDARD S-ratio: 17.50 48866-49198 orient(+) score(1260.00) noncoding_equivalent(72.00) raw_noncoding(72.00) offset(0.00) 
48866	49198	single+	1	3	{GlimmerHMM_glimmerT_187-T1;GlimmerHMM},{Augustus_model.g168.t1;Augustus}

# EVM prediction: Mode:STANDARD S-ratio: 2.00 49378-49596 orient(-) score(876.00) noncoding_equivalent(438.00) raw_noncoding(438.00) offset(0.00) 
49596	49378	single-	4	6	{HiQ_model.g169.t1;HiQ},{GlimmerHMM_glimmerT_188-T1;GlimmerHMM}

# EVM prediction: Mode:STANDARD S-ratio: 793.40 49798-52776 orient(+) score(11901.00) noncoding_equivalent(15.00) raw_noncoding(15.00) offset(0.00) 
49798	52776	single+	1	3	{Augustus_model.g170.t1;Augustus},{GlimmerHMM_glimmerT_189-T1;GlimmerHMM}

# EVM prediction: Mode:STANDARD S-ratio: 5.00 53100-55856 orient(-) score(13785.00) noncoding_equivalent(2757.00) raw_noncoding(2757.00) offset(0.00) 
55856	53100	single-	4	6	{HiQ_model.g171.t1;HiQ},{GlimmerHMM_glimmerT_190-T1;GlimmerHMM}

# EVM prediction: Mode:STANDARD S-ratio: 2.01 56213-57694 orient(+) score(2964.00) noncoding_equivalent(1473.14) raw_noncoding(1473.14) offset(0.00) 
56213	57694	single+	1	3	{GlimmerHMM_glimmerT_191-T1;GlimmerHMM},{Augustus_model.g172.t1;Augustus}

# EVM prediction: Mode:STANDARD S-ratio: 17.99 57845-59026 orient(+) score(4479.00) noncoding_equivalent(249.00) raw_noncoding(249.00) offset(0.00) 
57845	59026	single+	1	3	{Augustus_model.g173.t1;Augustus},{GlimmerHMM_glimmerT_192-T1;GlimmerHMM}

# EVM prediction: Mode:STANDARD S-ratio: 3.00 59178-59777 orient(-) score(1800.00) noncoding_equivalent(600.00) raw_noncoding(600.00) offset(0.00) 
59777	59178	single-	4	6	{GlimmerHMM_glimmerT_193-T1;GlimmerHMM}

# EVM prediction: Mode:STANDARD S-ratio: 7.33 60045-61895 orient(-) score(4887.00) noncoding_equivalent(666.85) raw_noncoding(666.85) offset(0.00) 
61895	60045	single-	4	6	{GlimmerHMM_glimmerT_194-T1;GlimmerHMM}

# EVM prediction: Mode:STANDARD S-ratio: 5.00 62673-62915 orient(-) score(1215.00) noncoding_equivalent(243.00) raw_noncoding(243.00) offset(0.00) 
62915	62673	single-	4	6	{GlimmerHMM_glimmerT_195-T1;GlimmerHMM},{HiQ_model.g175.t1;HiQ}

# EVM prediction: Mode:STANDARD S-ratio: 3.52 63207-64049 orient(-) score(3939.00) noncoding_equivalent(1119.00) raw_noncoding(1119.00) offset(0.00) 
64049	63207	single-	4	6	{GlimmerHMM_glimmerT_196-T1;GlimmerHMM},{HiQ_model.g176.t1;HiQ}

# EVM prediction: Mode:STANDARD S-ratio: 8.09 64244-65653 orient(-) score(3413.00) noncoding_equivalent(422.07) raw_noncoding(1185.63) offset(763.56) 
65251	64244	terminal-	4	6	{snap_scaffold_1-snap.165-T1;snap}
65644	65252	INTRON			{snap_scaffold_1-snap.165-T1;snap}
65653	65645	initial-	4	6	{snap_scaffold_1-snap.165-T1;snap}

# EVM prediction: Mode:STANDARD S-ratio: 117.64 67207-69816 orient(+) score(7764.00) noncoding_equivalent(66.00) raw_noncoding(66.00) offset(0.00) 
67207	69816	single+	1	3	{Augustus_model.g178.t1;Augustus},{GlimmerHMM_glimmerT_198-T1;GlimmerHMM}

# EVM prediction: Mode:STANDARD S-ratio: 2.71 70234-71166 orient(-) score(4088.00) noncoding_equivalent(1508.59) raw_noncoding(1508.59) offset(0.00) 
71166	70234	single-	4	6	{HiQ_model.g179.t1;HiQ}

# EVM prediction: Mode:STANDARD S-ratio: 4.79 71998-73824 orient(-) score(9069.00) noncoding_equivalent(1893.00) raw_noncoding(1893.00) offset(0.00) 
73824	71998	single-	4	6	{GlimmerHMM_glimmerT_200-T1;GlimmerHMM},{HiQ_model.g180.t1;HiQ}

# EVM prediction: Mode:STANDARD S-ratio: 3.50 74799-75537 orient(+) score(1925.00) noncoding_equivalent(550.15) raw_noncoding(807.60) offset(257.45) 
74799	74828	initial+	1	3	{Augustus_model.g181.t1;Augustus},{GlimmerHMM_glimmerT_201-T1;GlimmerHMM}
74829	75090	INTRON			{Augustus_model.g181.t1;Augustus},{GlimmerHMM_glimmerT_201-T1;GlimmerHMM}
75091	75537	terminal+	1	3	{Augustus_model.g181.t1;Augustus},{snap_scaffold_1-snap.169-T1;snap},{GlimmerHMM_glimmerT_201-T1;GlimmerHMM}

# EVM prediction: Mode:STANDARD S-ratio: 128.11 76204-81048 orient(+) score(19217.00) noncoding_equivalent(150.00) raw_noncoding(150.00) offset(0.00) 
76204	81048	single+	1	3	{Augustus_model.g182.t1;Augustus},{GlimmerHMM_glimmerT_202-T1;GlimmerHMM}

# EVM prediction: Mode:STANDARD S-ratio: 10000.00 82041-84716 orient(+) score(10704.00) noncoding_equivalent(1.07) raw_noncoding(0.00) offset(0.00) 
82041	84716	single+	1	3	{GlimmerHMM_glimmerT_203-T1;GlimmerHMM},{Augustus_model.g183.t1;Augustus}

# EVM prediction: Mode:STANDARD S-ratio: 5.00 85013-88750 orient(-) score(18690.00) noncoding_equivalent(3738.00) raw_noncoding(3738.00) offset(0.00) 
88750	85013	single-	4	6	{HiQ_model.g184.t1;HiQ},{GlimmerHMM_glimmerT_204-T1;GlimmerHMM}

# EVM prediction: Mode:STANDARD S-ratio: 447.80 89096-89857 orient(-) score(2279.00) noncoding_equivalent(5.09) raw_noncoding(5.09) offset(0.00) 
89857	89096	single-	4	6	{Augustus_model.g185.t1;Augustus},{GlimmerHMM_glimmerT_205-T1;GlimmerHMM}

# EVM prediction: Mode:STANDARD S-ratio: 10000.00 92742-93539 orient(+) score(3987.00) noncoding_equivalent(0.40) raw_noncoding(0.00) offset(0.00) 
92742	93539	single+	1	3	{GlimmerHMM_glimmerT_206-T1;GlimmerHMM},{Augustus_model.g186.t1;Augustus}

# EVM prediction: Mode:STANDARD S-ratio: 1.00 94202-94633 orient(+) score(864.00) noncoding_equivalent(864.00) raw_noncoding(864.00) offset(0.00) 
94202	94633	single+	1	3	{GlimmerHMM_glimmerT_207-T1;GlimmerHMM}

# EVM prediction: Mode:STANDARD S-ratio: 5.00 94864-96645 orient(-) score(8910.00) noncoding_equivalent(1782.00) raw_noncoding(1782.00) offset(0.00) 
96645	94864	single-	4	6	{GlimmerHMM_glimmerT_208-T1;GlimmerHMM},{HiQ_model.g187.t1;HiQ}

