!! Predictions spanning range 1146 - 97018 [R1]
# EVM prediction: Mode:STANDARD S-ratio: 4.23 1967-6289 orient(+) score(12969.00) noncoding_equivalent(3067.00) raw_noncoding(3067.00) offset(0.00) 
1967	6289	single+	1	3	{Augustus_model.g3807.t1;Augustus},{GlimmerHMM_glimmerT_4306-T1;GlimmerHMM}

# EVM prediction: Mode:STANDARD S-ratio: 40.86 6382-7305 orient(-) score(2704.00) noncoding_equivalent(66.18) raw_noncoding(66.18) offset(0.00) 
7305	6382	single-	4	6	{GlimmerHMM_glimmerT_4307-T1;GlimmerHMM},{Augustus_model.g3808.t1;Augustus}

# EVM prediction: Mode:STANDARD S-ratio: 11.46 7941-9719 orient(+) score(4957.00) noncoding_equivalent(432.55) raw_noncoding(432.55) offset(0.00) 
7941	9719	single+	1	3	{Augustus_model.g3809.t1;Augustus},{GlimmerHMM_glimmerT_4308-T1;GlimmerHMM}

# EVM prediction: Mode:STANDARD S-ratio: 2.01 9831-10904 orient(-) score(2148.00) noncoding_equivalent(1070.30) raw_noncoding(1070.30) offset(0.00) 
10904	9831	single-	4	6	{Augustus_model.g3810.t1;Augustus},{GlimmerHMM_glimmerT_4309-T1;GlimmerHMM}

# EVM prediction: Mode:STANDARD S-ratio: 2.79 11157-11753 orient(-) score(1757.00) noncoding_equivalent(630.00) raw_noncoding(630.00) offset(0.00) 
11753	11157	single-	4	6	{GlimmerHMM_glimmerT_4310-T1;GlimmerHMM},{Augustus_model.g3811.t1;Augustus}

# EVM prediction: Mode:STANDARD S-ratio: 2.96 12166-13599 orient(+) score(4283.00) noncoding_equivalent(1444.78) raw_noncoding(1444.78) offset(0.00) 
12166	13599	single+	1	3	{Augustus_model.g3812.t1;Augustus}

# EVM prediction: Mode:STANDARD S-ratio: 1.85 16096-18363 orient(+) score(4412.00) noncoding_equivalent(2390.50) raw_noncoding(2390.50) offset(0.00) 
16096	18363	single+	1	3	{GlimmerHMM_glimmerT_4312-T1;GlimmerHMM}

# EVM prediction: Mode:STANDARD S-ratio: 28.76 18649-20406 orient(-) score(5091.00) noncoding_equivalent(177.00) raw_noncoding(177.00) offset(0.00) 
20406	18649	single-	4	6	{GlimmerHMM_glimmerT_4313-T1;GlimmerHMM}

# EVM prediction: Mode:STANDARD S-ratio: 53.26 22597-24441 orient(+) score(5433.00) noncoding_equivalent(102.00) raw_noncoding(102.00) offset(0.00) 
22597	24441	single+	1	3	{Augustus_model.g3814.t1;Augustus}

# EVM prediction: Mode:STANDARD S-ratio: 14.72 25077-26783 orient(+) score(4676.00) noncoding_equivalent(317.61) raw_noncoding(444.00) offset(126.39) 
25077	25269	initial+	1	1	{Augustus_model.g3815.t1;Augustus}
25270	25395	INTRON			{Augustus_model.g3815.t1;Augustus}
25396	26783	terminal+	2	3	{Augustus_model.g3815.t1;Augustus},{snap_scaffold_5-snap.299-T1;snap}

# EVM prediction: Mode:STANDARD S-ratio: 6.85 26883-27323 orient(-) score(1153.00) noncoding_equivalent(168.41) raw_noncoding(168.41) offset(0.00) 
27323	26883	single-	4	6	{GlimmerHMM_glimmerT_4316-T1;GlimmerHMM}

# EVM prediction: Mode:STANDARD S-ratio: 658.00 27701-31234 orient(-) score(10584.00) noncoding_equivalent(16.09) raw_noncoding(16.09) offset(0.00) 
31234	27701	single-	4	6	{GlimmerHMM_glimmerT_4317-T1;GlimmerHMM},{Augustus_model.g3817.t1;Augustus}

# EVM prediction: Mode:STANDARD S-ratio: 70.58 35566-35781 orient(+) score(637.00) noncoding_equivalent(9.02) raw_noncoding(9.02) offset(0.00) 
35566	35781	single+	1	3	{GlimmerHMM_glimmerT_4318-T1;GlimmerHMM},{Augustus_model.g3818.t1;Augustus}

# EVM prediction: Mode:STANDARD S-ratio: 2.00 39660-40685 orient(-) score(2034.00) noncoding_equivalent(1017.00) raw_noncoding(1017.00) offset(0.00) 
40685	39660	single-	4	6	{Augustus_model.g3819.t1;Augustus},{GlimmerHMM_glimmerT_4319-T1;GlimmerHMM}

# EVM prediction: Mode:STANDARD S-ratio: 17.36 41362-42705 orient(+) score(3801.00) noncoding_equivalent(219.00) raw_noncoding(219.00) offset(0.00) 
41362	42705	single+	1	3	{GlimmerHMM_glimmerT_4320-T1;GlimmerHMM}

# EVM prediction: Mode:STANDARD S-ratio: 6.28 44022-45179 orient(+) score(2997.00) noncoding_equivalent(477.00) raw_noncoding(477.00) offset(0.00) 
44022	45179	single+	1	3	{GlimmerHMM_glimmerT_4321-T1;GlimmerHMM}

# EVM prediction: Mode:STANDARD S-ratio: 1508.60 48485-51013 orient(+) score(7580.00) noncoding_equivalent(5.02) raw_noncoding(5.02) offset(0.00) 
48485	51013	single+	1	3	{GlimmerHMM_glimmerT_4322-T1;GlimmerHMM},{Augustus_model.g3822.t1;Augustus}

# EVM prediction: Mode:STANDARD S-ratio: 1.71 51270-51770 orient(-) score(909.00) noncoding_equivalent(531.02) raw_noncoding(655.07) offset(124.05) 
51699	51270	terminal-	6	6	{snap_scaffold_5-snap.306-T1;snap}
51762	51700	INTRON			{snap_scaffold_5-snap.306-T1;snap}
51770	51763	initial-	4	5	{snap_scaffold_5-snap.306-T1;snap}

# EVM prediction: Mode:STANDARD S-ratio: 94.79 54733-56274 orient(+) score(4576.00) noncoding_equivalent(48.28) raw_noncoding(48.28) offset(0.00) 
54733	56274	single+	1	3	{GlimmerHMM_glimmerT_4324-T1;GlimmerHMM}

# EVM prediction: Mode:STANDARD S-ratio: 4.13 56344-57194 orient(+) score(1770.00) noncoding_equivalent(429.06) raw_noncoding(1138.67) offset(709.61) 
56344	56347	initial+	1	1	{snap_scaffold_5-snap.308-T1;snap}
56348	56634	INTRON			{snap_scaffold_5-snap.308-T1;snap}
56635	56641	internal+	2	2	{snap_scaffold_5-snap.308-T1;snap}
56642	56710	INTRON			{snap_scaffold_5-snap.308-T1;snap}
56711	57194	terminal+	3	3	{Augustus_model.g3823.t1;Augustus},{snap_scaffold_5-snap.308-T1;snap}

# EVM prediction: Mode:STANDARD S-ratio: 59.68 57681-58295 orient(-) score(1813.00) noncoding_equivalent(30.38) raw_noncoding(30.38) offset(0.00) 
58295	57681	single-	4	6	{GlimmerHMM_glimmerT_4326-T1;GlimmerHMM},{Augustus_model.g3824.t1;Augustus}

# EVM prediction: Mode:STANDARD S-ratio: 621.62 61065-61898 orient(-) score(2496.00) noncoding_equivalent(4.02) raw_noncoding(4.02) offset(0.00) 
61898	61065	single-	4	6	{GlimmerHMM_glimmerT_4327-T1;GlimmerHMM},{Augustus_model.g3825.t1;Augustus}

# EVM prediction: Mode:STANDARD S-ratio: 58.90 64032-64913 orient(-) score(2600.00) noncoding_equivalent(44.14) raw_noncoding(44.14) offset(0.00) 
64913	64032	single-	4	6	{Augustus_model.g3826.t1;Augustus},{GlimmerHMM_glimmerT_4328-T1;GlimmerHMM}

# EVM prediction: Mode:STANDARD S-ratio: 12.04 66709-68454 orient(-) score(4836.00) noncoding_equivalent(401.60) raw_noncoding(401.60) offset(0.00) 
68454	66709	single-	4	6	{GlimmerHMM_glimmerT_4329-T1;GlimmerHMM}

# EVM prediction: Mode:STANDARD S-ratio: 10000.00 68813-69406 orient(-) score(1782.00) noncoding_equivalent(0.18) raw_noncoding(0.00) offset(0.00) 
69406	68813	single-	4	6	{Augustus_model.g3828.t1;Augustus},{GlimmerHMM_glimmerT_4330-T1;GlimmerHMM}

# EVM prediction: Mode:STANDARD S-ratio: 2.00 70224-70472 orient(+) score(498.00) noncoding_equivalent(249.00) raw_noncoding(249.00) offset(0.00) 
70224	70472	single+	1	3	{GlimmerHMM_glimmerT_4331-T1;GlimmerHMM}

# EVM prediction: Mode:STANDARD S-ratio: 10000.00 70641-72536 orient(-) score(5688.00) noncoding_equivalent(0.57) raw_noncoding(0.00) offset(0.00) 
72536	70641	single-	4	6	{Augustus_model.g3829.t1;Augustus},{GlimmerHMM_glimmerT_4332-T1;GlimmerHMM}

# EVM prediction: Mode:STANDARD S-ratio: 2.03 72944-73537 orient(+) score(1188.00) noncoding_equivalent(585.70) raw_noncoding(585.70) offset(0.00) 
72944	73537	single+	1	3	{GlimmerHMM_glimmerT_4333-T1;GlimmerHMM},{Augustus_model.g3830.t1;Augustus}

# EVM prediction: Mode:STANDARD S-ratio: 14.90 74123-75214 orient(+) score(3071.00) noncoding_equivalent(206.09) raw_noncoding(206.09) offset(0.00) 
74123	75214	single+	1	3	{GlimmerHMM_glimmerT_4334-T1;GlimmerHMM}

# EVM prediction: Mode:STANDARD S-ratio: 10000.00 75458-76597 orient(-) score(3420.00) noncoding_equivalent(0.34) raw_noncoding(0.00) offset(0.00) 
76597	75458	single-	4	6	{GlimmerHMM_glimmerT_4335-T1;GlimmerHMM},{Augustus_model.g3832.t1;Augustus}

# EVM prediction: Mode:STANDARD S-ratio: 7.11 78267-79790 orient(+) score(4564.00) noncoding_equivalent(642.00) raw_noncoding(642.00) offset(0.00) 
78267	79790	single+	1	3	{Augustus_model.g3833.t1;Augustus},{GlimmerHMM_glimmerT_4336-T1;GlimmerHMM}

# EVM prediction: Mode:STANDARD S-ratio: 71.81 80261-83128 orient(-) score(8484.00) noncoding_equivalent(118.14) raw_noncoding(118.14) offset(0.00) 
83128	80261	single-	4	6	{GlimmerHMM_glimmerT_4337-T1;GlimmerHMM}

# EVM prediction: Mode:STANDARD S-ratio: 4.07 85669-87018 orient(-) score(2881.00) noncoding_equivalent(708.62) raw_noncoding(1509.77) offset(801.16) 
86552	85669	terminal-	5	6	{snap_scaffold_5-snap.320-T1;snap}
87011	86553	INTRON			{snap_scaffold_5-snap.320-T1;snap}
87018	87012	initial-	4	4	{snap_scaffold_5-snap.320-T1;snap}

# EVM prediction: Mode:STANDARD S-ratio: 90.98 87092-89638 orient(-) score(7555.00) noncoding_equivalent(83.04) raw_noncoding(83.04) offset(0.00) 
89638	87092	single-	4	6	{GlimmerHMM_glimmerT_4339-T1;GlimmerHMM}

# EVM prediction: Mode:STANDARD S-ratio: 1.85 91264-91704 orient(-) score(858.00) noncoding_equivalent(463.64) raw_noncoding(463.64) offset(0.00) 
91704	91264	single-	4	6	{GlimmerHMM_glimmerT_4340-T1;GlimmerHMM}

# EVM prediction: Mode:STANDARD S-ratio: 29.79 92114-92629 orient(+) score(1496.00) noncoding_equivalent(50.22) raw_noncoding(50.22) offset(0.00) 
92114	92629	single+	1	3	{Augustus_model.g3837.t1;Augustus},{GlimmerHMM_glimmerT_4341-T1;GlimmerHMM}

# EVM prediction: Mode:STANDARD S-ratio: 148.70 93067-94563 orient(+) score(4461.00) noncoding_equivalent(30.00) raw_noncoding(30.00) offset(0.00) 
93067	94563	single+	1	3	{GlimmerHMM_glimmerT_4342-T1;GlimmerHMM},{Augustus_model.g3838.t1;Augustus}

# EVM prediction: Mode:STANDARD S-ratio: 10000.00 94889-97018 orient(-) score(6390.00) noncoding_equivalent(0.64) raw_noncoding(0.00) offset(0.00) 
97018	94889	single-	4	6	{Augustus_model.g3839.t1;Augustus},{GlimmerHMM_glimmerT_4343-T1;GlimmerHMM}

