!! Predictions spanning range 26564 - 99898 [R1]
# EVM prediction: Mode:STANDARD S-ratio: 10000.00 26564-28540 orient(-) score(3954.00) noncoding_equivalent(0.40) raw_noncoding(0.00) offset(0.00) 
28540	26564	single-	4	6	{Augustus_gene793.t1;Augustus}

# EVM prediction: Mode:STANDARD S-ratio: 10000.00 31171-31548 orient(+) score(756.00) noncoding_equivalent(0.08) raw_noncoding(0.00) offset(0.00) 
31171	31548	single+	1	3	{Augustus_gene519.t1;Augustus}

# EVM prediction: Mode:STANDARD S-ratio: 10000.00 31605-32117 orient(-) score(1026.00) noncoding_equivalent(0.10) raw_noncoding(0.00) offset(0.00) 
32117	31605	single-	4	6	{Augustus_gene680.t1;Augustus}

# EVM prediction: Mode:STANDARD S-ratio: 10000.00 32354-34759 orient(-) score(4810.00) noncoding_equivalent(0.48) raw_noncoding(0.00) offset(0.00) 
34759	32354	single-	4	6	{Augustus_gene1180.t1;Augustus}

# EVM prediction: Mode:STANDARD S-ratio: 10000.00 49897-52854 orient(+) score(5916.00) noncoding_equivalent(0.59) raw_noncoding(0.00) offset(0.00) 
49897	52854	single+	1	3	{Augustus_gene130.t1;Augustus}

# EVM prediction: Mode:STANDARD S-ratio: 10000.00 53139-54005 orient(+) score(1734.00) noncoding_equivalent(0.17) raw_noncoding(0.00) offset(0.00) 
53139	54005	single+	1	3	{Augustus_gene993.t1;Augustus}

# EVM prediction: Mode:STANDARD S-ratio: 10000.00 56698-57840 orient(-) score(2286.00) noncoding_equivalent(0.23) raw_noncoding(0.00) offset(0.00) 
57840	56698	single-	4	6	{Augustus_gene505.t1;Augustus}

# EVM prediction: Mode:STANDARD S-ratio: 10000.00 73541-74452 orient(-) score(1824.00) noncoding_equivalent(0.18) raw_noncoding(0.00) offset(0.00) 
74452	73541	single-	4	6	{Augustus_gene575.t1;Augustus}

# EVM prediction: Mode:STANDARD S-ratio: 10000.00 84113-86617 orient(-) score(5010.00) noncoding_equivalent(0.50) raw_noncoding(0.00) offset(0.00) 
86617	84113	single-	4	6	{Augustus_gene551.t1;Augustus}

# EVM prediction: Mode:STANDARD S-ratio: 10000.00 98003-99898 orient(+) score(3792.00) noncoding_equivalent(0.38) raw_noncoding(0.00) offset(0.00) 
98003	99898	single+	1	3	{Augustus_gene894.t1;Augustus}

