!! Predictions spanning range 11440 - 97528 [R1]
# EVM prediction: Mode:STANDARD S-ratio: 10000.00 11440-12649 orient(+) score(2420.00) noncoding_equivalent(0.24) raw_noncoding(0.00) offset(0.00) 
11440	11442	initial+	1	3	{Augustus_gene275.t1;Augustus}
11443	11488	INTRON			{Augustus_gene275.t1;Augustus}
11489	12649	terminal+	1	3	{Augustus_gene275.t1;Augustus}

# EVM prediction: Mode:STANDARD S-ratio: 10000.00 15949-17703 orient(-) score(3510.00) noncoding_equivalent(0.35) raw_noncoding(0.00) offset(0.00) 
17703	15949	single-	4	6	{Augustus_gene416.t1;Augustus}

# EVM prediction: Mode:STANDARD S-ratio: 10000.00 23420-24940 orient(+) score(3042.00) noncoding_equivalent(0.30) raw_noncoding(0.00) offset(0.00) 
23420	24940	single+	1	3	{Augustus_gene665.t1;Augustus}

# EVM prediction: Mode:STANDARD S-ratio: 10000.00 32157-32783 orient(+) score(1254.00) noncoding_equivalent(0.13) raw_noncoding(0.00) offset(0.00) 
32157	32783	single+	1	3	{Augustus_gene690.t1;Augustus}

# EVM prediction: Mode:STANDARD S-ratio: 10000.00 38629-40087 orient(+) score(2918.00) noncoding_equivalent(0.29) raw_noncoding(0.00) offset(0.00) 
38629	38645	initial+	1	2	{Augustus_gene2.t1;Augustus}
38646	38745	INTRON			{Augustus_gene2.t1;Augustus}
38746	40087	terminal+	3	3	{Augustus_gene2.t1;Augustus}

# EVM prediction: Mode:STANDARD S-ratio: 10000.00 48313-48771 orient(+) score(918.00) noncoding_equivalent(0.09) raw_noncoding(0.00) offset(0.00) 
48313	48771	single+	1	3	{Augustus_gene47.t1;Augustus}

# EVM prediction: Mode:STANDARD S-ratio: 10000.00 49038-50837 orient(-) score(3600.00) noncoding_equivalent(0.36) raw_noncoding(0.00) offset(0.00) 
50837	49038	single-	4	6	{Augustus_gene440.t1;Augustus}

# EVM prediction: Mode:STANDARD S-ratio: 10000.00 52592-57106 orient(-) score(9030.00) noncoding_equivalent(0.90) raw_noncoding(0.00) offset(0.00) 
57106	52592	single-	4	6	{Augustus_gene86.t1;Augustus}

# EVM prediction: Mode:STANDARD S-ratio: 10000.00 66989-70261 orient(+) score(6546.00) noncoding_equivalent(0.65) raw_noncoding(0.00) offset(0.00) 
66989	70261	single+	1	3	{Augustus_gene853.t1;Augustus}

# EVM prediction: Mode:STANDARD S-ratio: 10000.00 74813-75760 orient(+) score(1896.00) noncoding_equivalent(0.19) raw_noncoding(0.00) offset(0.00) 
74813	75760	single+	1	3	{Augustus_gene827.t1;Augustus}

# EVM prediction: Mode:STANDARD S-ratio: 10000.00 77215-79523 orient(-) score(4618.00) noncoding_equivalent(0.46) raw_noncoding(0.00) offset(0.00) 
79127	77215	terminal-	5	6	{Augustus_gene516.t1;Augustus}
79459	79128	INTRON			{Augustus_gene516.t1;Augustus}
79523	79460	initial-	4	4	{Augustus_gene516.t1;Augustus}

# EVM prediction: Mode:STANDARD S-ratio: 10000.00 86179-87534 orient(-) score(2712.00) noncoding_equivalent(0.27) raw_noncoding(0.00) offset(0.00) 
87534	86179	single-	4	6	{Augustus_gene423.t1;Augustus}

# EVM prediction: Mode:STANDARD S-ratio: 10000.00 96161-97528 orient(-) score(2736.00) noncoding_equivalent(0.27) raw_noncoding(0.00) offset(0.00) 
97528	96161	single-	4	6	{Augustus_gene616.t1;Augustus}

