!! Predictions spanning range 24646 - 89429 [R1]
# EVM prediction: Mode:STANDARD S-ratio: 10000.00 24646-26502 orient(+) score(3714.00) noncoding_equivalent(0.37) raw_noncoding(0.00) offset(0.00) 
24646	26502	single+	1	3	{Augustus_gene831.t1;Augustus}

# EVM prediction: Mode:STANDARD S-ratio: 10000.00 45377-47962 orient(-) score(5172.00) noncoding_equivalent(0.52) raw_noncoding(0.00) offset(0.00) 
47227	45377	terminal-	4	6	{Augustus_gene558.t1;Augustus}
47773	47228	INTRON			{Augustus_gene558.t1;Augustus}
47962	47774	initial-	4	6	{Augustus_gene558.t1;Augustus}

# EVM prediction: Mode:STANDARD S-ratio: 10000.00 49484-50866 orient(-) score(2766.00) noncoding_equivalent(0.28) raw_noncoding(0.00) offset(0.00) 
50866	49484	single-	4	6	{Augustus_gene178.t1;Augustus}

# EVM prediction: Mode:STANDARD S-ratio: 10000.00 60986-62797 orient(-) score(3624.00) noncoding_equivalent(0.36) raw_noncoding(0.00) offset(0.00) 
62538	60986	terminal-	5	6	{Augustus_gene3.t1;Augustus}
62763	62539	INTRON			{Augustus_gene3.t1;Augustus}
62797	62764	initial-	4	4	{Augustus_gene3.t1;Augustus}

# EVM prediction: Mode:STANDARD S-ratio: 10000.00 68743-70218 orient(-) score(2952.00) noncoding_equivalent(0.30) raw_noncoding(0.00) offset(0.00) 
70218	68743	single-	4	6	{Augustus_gene941.t1;Augustus}

# EVM prediction: Mode:STANDARD S-ratio: 10000.00 72887-73737 orient(+) score(1702.00) noncoding_equivalent(0.17) raw_noncoding(0.00) offset(0.00) 
72887	72931	initial+	1	3	{Augustus_gene568.t1;Augustus}
72932	73314	INTRON			{Augustus_gene568.t1;Augustus}
73315	73737	terminal+	1	3	{Augustus_gene568.t1;Augustus}

# EVM prediction: Mode:STANDARD S-ratio: 10000.00 83407-85008 orient(+) score(3204.00) noncoding_equivalent(0.32) raw_noncoding(0.00) offset(0.00) 
83407	85008	single+	1	3	{Augustus_gene1036.t1;Augustus}

# EVM prediction: Mode:STANDARD S-ratio: 10000.00 87363-88613 orient(+) score(2502.00) noncoding_equivalent(0.25) raw_noncoding(0.00) offset(0.00) 
87363	88613	single+	1	3	{Augustus_gene185.t1;Augustus}

# EVM prediction: Mode:STANDARD S-ratio: 10000.00 88644-89429 orient(-) score(1572.00) noncoding_equivalent(0.16) raw_noncoding(0.00) offset(0.00) 
89429	88644	single-	4	6	{Augustus_gene801.t1;Augustus}

