!! Predictions spanning range 325 - 97578 [R1]
# EVM prediction: Mode:STANDARD S-ratio: 6.82 325-1731 orient(-) score(3680.00) noncoding_equivalent(539.70) raw_noncoding(539.70) offset(0.00) 
1731	325	single-	4	6	{GlimmerHMM_glimmerT_4924-T1;GlimmerHMM}

# EVM prediction: Mode:STANDARD S-ratio: 17.56 5875-8875 orient(-) score(6502.00) noncoding_equivalent(370.35) raw_noncoding(888.00) offset(517.65) 
7898	5875	terminal-	5	6	{Augustus_model.g4354.t1;Augustus},{snap_scaffold_13-snap.2-T1;snap}
8817	7899	INTRON			{Augustus_model.g4354.t1;Augustus}
8875	8818	initial-	4	4	{Augustus_model.g4354.t1;Augustus}

# EVM prediction: Mode:STANDARD S-ratio: 10000.00 12074-13081 orient(+) score(3024.00) noncoding_equivalent(0.30) raw_noncoding(0.00) offset(0.00) 
12074	13081	single+	1	3	{Augustus_model.g4355.t1;Augustus},{GlimmerHMM_glimmerT_4927-T1;GlimmerHMM}

# EVM prediction: Mode:STANDARD S-ratio: 4.81 13523-14491 orient(-) score(4802.00) noncoding_equivalent(998.16) raw_noncoding(998.16) offset(0.00) 
14491	13523	single-	4	6	{HiQ_model.g4356.t1;HiQ},{GlimmerHMM_glimmerT_4928-T1;GlimmerHMM}

# EVM prediction: Mode:STANDARD S-ratio: 105.60 17270-18868 orient(+) score(6336.00) noncoding_equivalent(60.00) raw_noncoding(60.00) offset(0.00) 
17270	18868	single+	1	3	{GlimmerHMM_glimmerT_4929-T1;GlimmerHMM}

# EVM prediction: Mode:STANDARD S-ratio: 12.42 19255-19977 orient(+) score(2006.00) noncoding_equivalent(161.53) raw_noncoding(161.53) offset(0.00) 
19255	19977	single+	1	3	{GlimmerHMM_glimmerT_4930-T1;GlimmerHMM}

# EVM prediction: Mode:STANDARD S-ratio: 5.00 20028-21281 orient(-) score(6270.00) noncoding_equivalent(1254.00) raw_noncoding(1254.00) offset(0.00) 
21281	20028	single-	4	6	{HiQ_model.g4359.t1;HiQ},{GlimmerHMM_glimmerT_4931-T1;GlimmerHMM}

# EVM prediction: Mode:STANDARD S-ratio: 15.74 21681-25799 orient(+) score(11619.00) noncoding_equivalent(738.00) raw_noncoding(738.00) offset(0.00) 
21681	25799	single+	1	3	{Augustus_model.g4360.t1;Augustus}

# EVM prediction: Mode:STANDARD S-ratio: 13.84 26062-26610 orient(+) score(1536.00) noncoding_equivalent(111.00) raw_noncoding(111.00) offset(0.00) 
26062	26610	single+	1	3	{GlimmerHMM_glimmerT_4933-T1;GlimmerHMM},{Augustus_model.g4361.t1;Augustus}

# EVM prediction: Mode:STANDARD S-ratio: 2.00 26847-27437 orient(-) score(2364.00) noncoding_equivalent(1182.00) raw_noncoding(1182.00) offset(0.00) 
27437	26847	single-	4	6	{GlimmerHMM_glimmerT_4934-T1;GlimmerHMM},{HiQ_model.g4362.t1;HiQ}

# EVM prediction: Mode:STANDARD S-ratio: 0.89 27589-27874 orient(+) score(480.00) noncoding_equivalent(538.20) raw_noncoding(592.33) offset(54.12) 
27589	27661	initial+	1	1	{GlimmerHMM_glimmerT_4935-T1;GlimmerHMM}
27662	27689	INTRON			{GlimmerHMM_glimmerT_4935-T1;GlimmerHMM}
27690	27874	terminal+	2	3	{GlimmerHMM_glimmerT_4935-T1;GlimmerHMM}

# EVM prediction: Mode:STANDARD S-ratio: 797.56 28000-31209 orient(+) score(12822.00) noncoding_equivalent(16.08) raw_noncoding(16.08) offset(0.00) 
28000	31209	single+	1	3	{Augustus_model.g4363.t1;Augustus},{GlimmerHMM_glimmerT_4936-T1;GlimmerHMM}

# EVM prediction: Mode:STANDARD S-ratio: 4.49 31617-33563 orient(-) score(9555.00) noncoding_equivalent(2127.00) raw_noncoding(2127.00) offset(0.00) 
33563	31617	single-	4	6	{HiQ_model.g4364.t1;HiQ},{GlimmerHMM_glimmerT_4937-T1;GlimmerHMM}

# EVM prediction: Mode:STANDARD S-ratio: 2.00 33834-34895 orient(-) score(4248.00) noncoding_equivalent(2124.00) raw_noncoding(2124.00) offset(0.00) 
34895	33834	single-	4	6	{HiQ_model.g4365.t1;HiQ},{GlimmerHMM_glimmerT_4938-T1;GlimmerHMM}

# EVM prediction: Mode:STANDARD S-ratio: 12.21 35093-36274 orient(+) score(4370.00) noncoding_equivalent(358.02) raw_noncoding(358.02) offset(0.00) 
35093	36274	single+	1	3	{GlimmerHMM_glimmerT_4939-T1;GlimmerHMM}

# EVM prediction: Mode:STANDARD S-ratio: 4.20 37236-40592 orient(-) score(16266.00) noncoding_equivalent(3876.00) raw_noncoding(3876.00) offset(0.00) 
40592	37236	single-	4	6	{HiQ_model.g4367.t1;HiQ},{GlimmerHMM_glimmerT_4941-T1;GlimmerHMM}

# EVM prediction: Mode:STANDARD S-ratio: 5.00 40922-42628 orient(-) score(8535.00) noncoding_equivalent(1707.00) raw_noncoding(1707.00) offset(0.00) 
42628	40922	single-	4	6	{HiQ_model.g4368.t1;HiQ},{GlimmerHMM_glimmerT_4942-T1;GlimmerHMM}

# EVM prediction: Mode:STANDARD S-ratio: 152.89 42924-47963 orient(-) score(15020.00) noncoding_equivalent(98.24) raw_noncoding(98.24) offset(0.00) 
47963	42924	single-	4	6	{Augustus_model.g4369.t1;Augustus}

# EVM prediction: Mode:STANDARD S-ratio: 7.95 48891-49488 orient(+) score(2111.00) noncoding_equivalent(265.54) raw_noncoding(609.47) offset(343.93) 
48891	48937	initial+	1	2	{GlimmerHMM_glimmerT_4944-T1;GlimmerHMM}
48938	49109	INTRON			{GlimmerHMM_glimmerT_4944-T1;GlimmerHMM}
49110	49488	terminal+	3	3	{GlimmerHMM_glimmerT_4944-T1;GlimmerHMM},{Augustus_model.g4370.t1;Augustus}

# EVM prediction: Mode:STANDARD S-ratio: 4.74 49778-53443 orient(-) score(18165.00) noncoding_equivalent(3831.00) raw_noncoding(3831.00) offset(0.00) 
53443	49778	single-	4	6	{HiQ_model.g4371.t1;HiQ},{GlimmerHMM_glimmerT_4945-T1;GlimmerHMM}

# EVM prediction: Mode:STANDARD S-ratio: 4.88 54157-55752 orient(-) score(7946.00) noncoding_equivalent(1628.25) raw_noncoding(1628.25) offset(0.00) 
55752	54157	single-	4	6	{HiQ_model.g4372.t1;HiQ},{GlimmerHMM_glimmerT_4946-T1;GlimmerHMM}

# EVM prediction: Mode:STANDARD S-ratio: 4.98 56297-57226 orient(-) score(4645.00) noncoding_equivalent(933.04) raw_noncoding(933.04) offset(0.00) 
57226	56297	single-	4	6	{HiQ_model.g4373.t1;HiQ},{GlimmerHMM_glimmerT_4947-T1;GlimmerHMM}

# EVM prediction: Mode:STANDARD S-ratio: 10000.00 58054-60105 orient(+) score(8184.00) noncoding_equivalent(0.82) raw_noncoding(0.00) offset(0.00) 
58054	60105	single+	1	3	{GlimmerHMM_glimmerT_4948-T1;GlimmerHMM},{Augustus_model.g4374.t1;Augustus}

# EVM prediction: Mode:STANDARD S-ratio: 4.83 60475-63006 orient(-) score(12585.00) noncoding_equivalent(2607.00) raw_noncoding(2607.00) offset(0.00) 
63006	60475	single-	4	6	{HiQ_model.g4375.t1;HiQ},{GlimmerHMM_glimmerT_4949-T1;GlimmerHMM}

# EVM prediction: Mode:STANDARD S-ratio: 263.00 63268-64851 orient(+) score(6312.00) noncoding_equivalent(24.00) raw_noncoding(24.00) offset(0.00) 
63268	64851	single+	1	3	{GlimmerHMM_glimmerT_4950-T1;GlimmerHMM}

# EVM prediction: Mode:STANDARD S-ratio: 13.65 65367-67838 orient(+) score(9213.00) noncoding_equivalent(675.00) raw_noncoding(675.00) offset(0.00) 
65367	67838	single+	1	3	{Augustus_model.g4377.t1;Augustus},{GlimmerHMM_glimmerT_4951-T1;GlimmerHMM}

# EVM prediction: Mode:STANDARD S-ratio: 4.93 67998-68738 orient(-) score(3693.00) noncoding_equivalent(749.00) raw_noncoding(749.00) offset(0.00) 
68738	67998	single-	4	6	{HiQ_model.g4378.t1;HiQ},{GlimmerHMM_glimmerT_4952-T1;GlimmerHMM}

# EVM prediction: Mode:STANDARD S-ratio: 5.39 69186-69671 orient(-) score(1230.00) noncoding_equivalent(228.00) raw_noncoding(228.00) offset(0.00) 
69671	69186	single-	4	6	{Augustus_model.g4379.t1;Augustus},{GlimmerHMM_glimmerT_4953-T1;GlimmerHMM}

# EVM prediction: Mode:STANDARD S-ratio: 5.00 69922-72762 orient(-) score(14205.00) noncoding_equivalent(2841.00) raw_noncoding(2841.00) offset(0.00) 
72762	69922	single-	4	6	{HiQ_model.g4380.t1;HiQ},{GlimmerHMM_glimmerT_4954-T1;GlimmerHMM}

# EVM prediction: Mode:STANDARD S-ratio: 66.34 73605-74786 orient(+) score(4657.00) noncoding_equivalent(70.20) raw_noncoding(70.20) offset(0.00) 
73605	74786	single+	1	3	{GlimmerHMM_glimmerT_4955-T1;GlimmerHMM}

# EVM prediction: Mode:STANDARD S-ratio: 30.71 75063-76421 orient(-) score(5160.00) noncoding_equivalent(168.00) raw_noncoding(168.00) offset(0.00) 
76421	75063	single-	4	6	{Augustus_model.g4382.t1;Augustus},{GlimmerHMM_glimmerT_4956-T1;GlimmerHMM}

# EVM prediction: Mode:STANDARD S-ratio: 10000.00 77480-78421 orient(+) score(2826.00) noncoding_equivalent(0.28) raw_noncoding(0.00) offset(0.00) 
77480	78421	single+	1	3	{Augustus_model.g4383.t1;Augustus},{GlimmerHMM_glimmerT_4957-T1;GlimmerHMM}

# EVM prediction: Mode:STANDARD S-ratio: 5.45 78578-79450 orient(-) score(4923.00) noncoding_equivalent(903.20) raw_noncoding(1449.00) offset(545.80) 
79146	78578	terminal-	5	6	{HiQ_model.g4384.t1;HiQ},{GlimmerHMM_glimmerT_4958-T1;GlimmerHMM}
79419	79147	INTRON			{HiQ_model.g4384.t1;HiQ},{GlimmerHMM_glimmerT_4958-T1;GlimmerHMM},{ev_type:exonerate/ID=match.177006.1781/Target=YNL069C;exonerate},{ev_type:exonerate/ID=match.177006.35/Target=YIL133C;exonerate}
79450	79420	initial-	4	4	{HiQ_model.g4384.t1;HiQ},{GlimmerHMM_glimmerT_4958-T1;GlimmerHMM}

# EVM prediction: Mode:STANDARD S-ratio: 10000.00 79916-80545 orient(-) score(1890.00) noncoding_equivalent(0.19) raw_noncoding(0.00) offset(0.00) 
80545	79916	single-	4	6	{GlimmerHMM_glimmerT_4959-T1;GlimmerHMM},{Augustus_model.g4385.t1;Augustus}

# EVM prediction: Mode:STANDARD S-ratio: 2.00 80821-82266 orient(-) score(5781.00) noncoding_equivalent(2892.00) raw_noncoding(2892.00) offset(0.00) 
82266	80821	single-	4	6	{GlimmerHMM_glimmerT_4960-T1;GlimmerHMM},{HiQ_model.g4386.t1;HiQ}

# EVM prediction: Mode:STANDARD S-ratio: 59.19 82808-85651 orient(+) score(11187.00) noncoding_equivalent(189.00) raw_noncoding(189.00) offset(0.00) 
82808	85651	single+	1	3	{GlimmerHMM_glimmerT_4961-T1;GlimmerHMM}

# EVM prediction: Mode:STANDARD S-ratio: 5.00 86043-93176 orient(-) score(35670.00) noncoding_equivalent(7134.00) raw_noncoding(7134.00) offset(0.00) 
93176	86043	single-	4	6	{GlimmerHMM_glimmerT_4962-T1;GlimmerHMM},{HiQ_model.g4388.t1;HiQ}

# EVM prediction: Mode:STANDARD S-ratio: 9.30 93750-96845 orient(+) score(12345.00) noncoding_equivalent(1327.40) raw_noncoding(1327.40) offset(0.00) 
93750	96845	single+	1	3	{Augustus_model.g4389.t1;Augustus}

# EVM prediction: Mode:STANDARD S-ratio: 4.81 96961-97578 orient(-) score(3068.00) noncoding_equivalent(638.38) raw_noncoding(638.38) offset(0.00) 
97578	96961	single-	4	6	{HiQ_model.g4390.t1;HiQ},{GlimmerHMM_glimmerT_4964-T1;GlimmerHMM}

