!! Predictions spanning range 1134 - 97943 [R1]
# EVM prediction: Mode:STANDARD S-ratio: 144.64 1134-2735 orient(+) score(4773.00) noncoding_equivalent(33.00) raw_noncoding(33.00) offset(0.00) 
1134	2735	single+	1	3	{Augustus_model.g2354.t1;Augustus},{GlimmerHMM_glimmerT_2544-T1;GlimmerHMM}

# EVM prediction: Mode:STANDARD S-ratio: 29.79 3477-3872 orient(-) score(1533.00) noncoding_equivalent(51.45) raw_noncoding(51.45) offset(0.00) 
3872	3477	single-	4	6	{GlimmerHMM_glimmerT_2545-T1;GlimmerHMM}

# EVM prediction: Mode:STANDARD S-ratio: 3.00 4148-4483 orient(+) score(1008.00) noncoding_equivalent(336.00) raw_noncoding(336.00) offset(0.00) 
4148	4483	single+	1	3	{GlimmerHMM_glimmerT_2546-T1;GlimmerHMM}

# EVM prediction: Mode:STANDARD S-ratio: 4.79 4651-6831 orient(-) score(10824.00) noncoding_equivalent(2262.00) raw_noncoding(2262.00) offset(0.00) 
6831	4651	single-	4	6	{HiQ_model.g2356.t1;HiQ},{GlimmerHMM_glimmerT_2547-T1;GlimmerHMM}

# EVM prediction: Mode:STANDARD S-ratio: 4.86 7315-9633 orient(-) score(11538.00) noncoding_equivalent(2376.00) raw_noncoding(2376.00) offset(0.00) 
9633	7315	single-	4	6	{HiQ_model.g2357.t1;HiQ},{GlimmerHMM_glimmerT_2548-T1;GlimmerHMM}

# EVM prediction: Mode:STANDARD S-ratio: 3.72 9870-11261 orient(-) score(6582.00) noncoding_equivalent(1770.27) raw_noncoding(1770.27) offset(0.00) 
11261	9870	single-	4	6	{HiQ_model.g2358.t1;HiQ}

# EVM prediction: Mode:STANDARD S-ratio: 4.41 11765-13057 orient(-) score(6321.00) noncoding_equivalent(1432.00) raw_noncoding(1432.00) offset(0.00) 
13057	11765	single-	4	6	{GlimmerHMM_glimmerT_2550-T1;GlimmerHMM},{HiQ_model.g2359.t1;HiQ}

# EVM prediction: Mode:STANDARD S-ratio: 4.86 13479-14219 orient(-) score(3688.00) noncoding_equivalent(758.44) raw_noncoding(758.44) offset(0.00) 
14219	13479	single-	4	6	{HiQ_model.g2360.t1;HiQ},{GlimmerHMM_glimmerT_2551-T1;GlimmerHMM}

# EVM prediction: Mode:STANDARD S-ratio: 4.83 14543-18355 orient(-) score(18957.00) noncoding_equivalent(3921.00) raw_noncoding(3921.00) offset(0.00) 
18355	14543	single-	4	6	{GlimmerHMM_glimmerT_2552-T1;GlimmerHMM},{HiQ_model.g2361.t1;HiQ}

# EVM prediction: Mode:STANDARD S-ratio: 4.60 19076-19963 orient(-) score(4378.00) noncoding_equivalent(950.95) raw_noncoding(950.95) offset(0.00) 
19963	19076	single-	4	6	{GlimmerHMM_glimmerT_2553-T1;GlimmerHMM},{HiQ_model.g2362.t1;HiQ}

# EVM prediction: Mode:STANDARD S-ratio: 173.80 21410-23122 orient(+) score(8516.00) noncoding_equivalent(49.00) raw_noncoding(49.00) offset(0.00) 
21410	23122	single+	1	3	{GlimmerHMM_glimmerT_2554-T1;GlimmerHMM},{Augustus_model.g2363.t1;Augustus}

# EVM prediction: Mode:STANDARD S-ratio: 168.31 23576-25618 orient(+) score(6094.00) noncoding_equivalent(36.21) raw_noncoding(36.21) offset(0.00) 
23576	25618	single+	1	3	{GlimmerHMM_glimmerT_2555-T1;GlimmerHMM},{Augustus_model.g2364.t1;Augustus}

# EVM prediction: Mode:STANDARD S-ratio: 68.67 26118-27998 orient(+) score(7416.00) noncoding_equivalent(108.00) raw_noncoding(108.00) offset(0.00) 
26118	27998	single+	1	3	{Augustus_model.g2365.t1;Augustus}

# EVM prediction: Mode:STANDARD S-ratio: 482.33 28461-30200 orient(+) score(7235.00) noncoding_equivalent(15.00) raw_noncoding(15.00) offset(0.00) 
28461	30200	single+	1	3	{GlimmerHMM_glimmerT_2557-T1;GlimmerHMM},{Augustus_model.g2366.t1;Augustus}

# EVM prediction: Mode:STANDARD S-ratio: 4.94 30363-30866 orient(-) score(2515.00) noncoding_equivalent(509.16) raw_noncoding(509.16) offset(0.00) 
30866	30363	single-	4	6	{HiQ_model.g2367.t1;HiQ},{GlimmerHMM_glimmerT_2558-T1;GlimmerHMM}

# EVM prediction: Mode:STANDARD S-ratio: 10000.00 32012-34570 orient(+) score(10236.00) noncoding_equivalent(1.02) raw_noncoding(0.00) offset(0.00) 
32012	34570	single+	1	3	{GlimmerHMM_glimmerT_2559-T1;GlimmerHMM},{Augustus_model.g2368.t1;Augustus}

# EVM prediction: Mode:STANDARD S-ratio: 212.01 35214-36188 orient(+) score(3882.00) noncoding_equivalent(18.31) raw_noncoding(18.31) offset(0.00) 
35214	36188	single+	1	3	{GlimmerHMM_glimmerT_2560-T1;GlimmerHMM},{Augustus_model.g2369.t1;Augustus}

# EVM prediction: Mode:STANDARD S-ratio: 4.54 36440-37087 orient(-) score(3186.00) noncoding_equivalent(701.07) raw_noncoding(701.07) offset(0.00) 
37087	36440	single-	4	6	{HiQ_model.g2370.t1;HiQ},{GlimmerHMM_glimmerT_2561-T1;GlimmerHMM}

# EVM prediction: Mode:STANDARD S-ratio: 146.84 38194-38790 orient(+) score(1779.00) noncoding_equivalent(12.11) raw_noncoding(12.11) offset(0.00) 
38194	38790	single+	1	3	{GlimmerHMM_glimmerT_2562-T1;GlimmerHMM},{Augustus_model.g2371.t1;Augustus}

# EVM prediction: Mode:STANDARD S-ratio: 127.06 39160-40716 orient(-) score(4643.00) noncoding_equivalent(36.54) raw_noncoding(36.54) offset(0.00) 
40716	39160	single-	4	6	{GlimmerHMM_glimmerT_2563-T1;GlimmerHMM},{Augustus_model.g2372.t1;Augustus}

# EVM prediction: Mode:STANDARD S-ratio: 5.00 41169-42272 orient(-) score(5520.00) noncoding_equivalent(1104.00) raw_noncoding(1104.00) offset(0.00) 
42272	41169	single-	4	6	{HiQ_model.g2373.t1;HiQ},{GlimmerHMM_glimmerT_2564-T1;GlimmerHMM}

# EVM prediction: Mode:STANDARD S-ratio: 4.60 42544-43692 orient(-) score(5663.00) noncoding_equivalent(1231.00) raw_noncoding(1231.00) offset(0.00) 
43692	42544	single-	4	6	{HiQ_model.g2374.t1;HiQ},{GlimmerHMM_glimmerT_2565-T1;GlimmerHMM}

# EVM prediction: Mode:STANDARD S-ratio: 10000.00 44378-46573 orient(+) score(8784.00) noncoding_equivalent(0.88) raw_noncoding(0.00) offset(0.00) 
44378	46573	single+	1	3	{GlimmerHMM_glimmerT_2566-T1;GlimmerHMM},{Augustus_model.g2375.t1;Augustus}

# EVM prediction: Mode:STANDARD S-ratio: 4.75 46747-47688 orient(-) score(4669.00) noncoding_equivalent(983.57) raw_noncoding(983.57) offset(0.00) 
47688	46747	single-	4	6	{GlimmerHMM_glimmerT_2567-T1;GlimmerHMM},{HiQ_model.g2376.t1;HiQ}

# EVM prediction: Mode:STANDARD S-ratio: 10000.00 50036-51691 orient(+) score(6617.00) noncoding_equivalent(0.66) raw_noncoding(0.00) offset(0.00) 
50036	51691	single+	1	3	{Augustus_model.g2377.t1;Augustus},{GlimmerHMM_glimmerT_2568-T1;GlimmerHMM}

# EVM prediction: Mode:STANDARD S-ratio: 63.23 52223-53593 orient(+) score(5399.00) noncoding_equivalent(85.39) raw_noncoding(85.39) offset(0.00) 
52223	53593	single+	1	3	{Augustus_model.g2378.t1;Augustus},{GlimmerHMM_glimmerT_2569-T1;GlimmerHMM}

# EVM prediction: Mode:STANDARD S-ratio: 10000.00 53947-54876 orient(+) score(3720.00) noncoding_equivalent(0.37) raw_noncoding(0.00) offset(0.00) 
53947	54876	single+	1	3	{Augustus_model.g2379.t1;Augustus},{GlimmerHMM_glimmerT_2570-T1;GlimmerHMM}

# EVM prediction: Mode:STANDARD S-ratio: 257.29 55342-56697 orient(+) score(5403.00) noncoding_equivalent(21.00) raw_noncoding(21.00) offset(0.00) 
55342	56697	single+	1	3	{Augustus_model.g2380.t1;Augustus},{GlimmerHMM_glimmerT_2571-T1;GlimmerHMM}

# EVM prediction: Mode:STANDARD S-ratio: 4.43 56991-60389 orient(-) score(16640.00) noncoding_equivalent(3754.00) raw_noncoding(3754.00) offset(0.00) 
60389	56991	single-	4	6	{HiQ_model.g2381.t1;HiQ}

# EVM prediction: Mode:STANDARD S-ratio: 4.96 61027-63180 orient(-) score(10755.00) noncoding_equivalent(2169.15) raw_noncoding(2169.15) offset(0.00) 
63180	61027	single-	4	6	{HiQ_model.g2382.t1;HiQ},{GlimmerHMM_glimmerT_2573-T1;GlimmerHMM}

# EVM prediction: Mode:STANDARD S-ratio: 4.90 63943-65487 orient(-) score(7698.00) noncoding_equivalent(1572.53) raw_noncoding(1572.53) offset(0.00) 
65487	63943	single-	4	6	{GlimmerHMM_glimmerT_2574-T1;GlimmerHMM},{HiQ_model.g2383.t1;HiQ}

# EVM prediction: Mode:STANDARD S-ratio: 489.34 66810-71285 orient(+) score(13401.00) noncoding_equivalent(27.39) raw_noncoding(27.39) offset(0.00) 
66810	71285	single+	1	3	{Augustus_model.g2384.t1;Augustus},{GlimmerHMM_glimmerT_2575-T1;GlimmerHMM}

# EVM prediction: Mode:STANDARD S-ratio: 4.87 71506-73269 orient(-) score(8780.00) noncoding_equivalent(1802.25) raw_noncoding(1802.25) offset(0.00) 
73269	71506	single-	4	6	{HiQ_model.g2385.t1;HiQ},{GlimmerHMM_glimmerT_2576-T1;GlimmerHMM}

# EVM prediction: Mode:STANDARD S-ratio: 4.96 73530-74282 orient(-) score(3760.00) noncoding_equivalent(758.03) raw_noncoding(758.03) offset(0.00) 
74282	73530	single-	4	6	{HiQ_model.g2386.t1;HiQ},{GlimmerHMM_glimmerT_2577-T1;GlimmerHMM}

# EVM prediction: Mode:STANDARD S-ratio: 184.94 74580-75653 orient(+) score(4273.00) noncoding_equivalent(23.11) raw_noncoding(23.11) offset(0.00) 
74580	75653	single+	1	3	{Augustus_model.g2387.t1;Augustus},{GlimmerHMM_glimmerT_2578-T1;GlimmerHMM}

# EVM prediction: Mode:STANDARD S-ratio: 1.00 76441-76677 orient(-) score(474.00) noncoding_equivalent(474.00) raw_noncoding(474.00) offset(0.00) 
76677	76441	single-	4	6	{GlimmerHMM_glimmerT_2579-T1;GlimmerHMM}

# EVM prediction: Mode:STANDARD S-ratio: 24.09 77065-77343 orient(+) score(1072.00) noncoding_equivalent(44.49) raw_noncoding(44.49) offset(0.00) 
77065	77343	single+	1	3	{GlimmerHMM_glimmerT_2580-T1;GlimmerHMM},{Augustus_model.g2388.t1;Augustus}

# EVM prediction: Mode:STANDARD S-ratio: 699.83 78946-79665 orient(+) score(2876.00) noncoding_equivalent(4.11) raw_noncoding(4.11) offset(0.00) 
78946	79665	single+	1	3	{Augustus_model.g2389.t1;Augustus},{GlimmerHMM_glimmerT_2581-T1;GlimmerHMM}

# EVM prediction: Mode:STANDARD S-ratio: 82.10 80091-80927 orient(+) score(3308.00) noncoding_equivalent(40.29) raw_noncoding(40.29) offset(0.00) 
80091	80927	single+	1	3	{Augustus_model.g2390.t1;Augustus},{GlimmerHMM_glimmerT_2582-T1;GlimmerHMM}

# EVM prediction: Mode:STANDARD S-ratio: 10000.00 81163-82104 orient(+) score(3768.00) noncoding_equivalent(0.38) raw_noncoding(0.00) offset(0.00) 
81163	82104	single+	1	3	{Augustus_model.g2391.t1;Augustus},{GlimmerHMM_glimmerT_2583-T1;GlimmerHMM}

# EVM prediction: Mode:STANDARD S-ratio: 16.22 82603-83622 orient(+) score(3843.00) noncoding_equivalent(237.00) raw_noncoding(237.00) offset(0.00) 
82603	83622	single+	1	3	{GlimmerHMM_glimmerT_2584-T1;GlimmerHMM},{Augustus_model.g2392.t1;Augustus}

# EVM prediction: Mode:STANDARD S-ratio: 4.91 83960-87274 orient(-) score(16525.00) noncoding_equivalent(3365.32) raw_noncoding(3365.32) offset(0.00) 
87274	83960	single-	4	6	{GlimmerHMM_glimmerT_2585-T1;GlimmerHMM},{HiQ_model.g2393.t1;HiQ}

# EVM prediction: Mode:STANDARD S-ratio: 4.85 87533-88465 orient(-) score(4642.00) noncoding_equivalent(957.44) raw_noncoding(957.44) offset(0.00) 
88465	87533	single-	4	6	{HiQ_model.g2394.t1;HiQ},{GlimmerHMM_glimmerT_2586-T1;GlimmerHMM}

# EVM prediction: Mode:STANDARD S-ratio: 36.79 89692-91023 orient(+) score(5187.00) noncoding_equivalent(141.00) raw_noncoding(141.00) offset(0.00) 
89692	91023	single+	1	3	{Augustus_model.g2395.t1;Augustus},{GlimmerHMM_glimmerT_2587-T1;GlimmerHMM}

# EVM prediction: Mode:STANDARD S-ratio: 1633.87 91208-92857 orient(+) score(6596.00) noncoding_equivalent(4.04) raw_noncoding(4.04) offset(0.00) 
91208	92857	single+	1	3	{GlimmerHMM_glimmerT_2588-T1;GlimmerHMM},{Augustus_model.g2396.t1;Augustus}

# EVM prediction: Mode:STANDARD S-ratio: 34.06 93130-94812 orient(+) score(4905.00) noncoding_equivalent(144.00) raw_noncoding(144.00) offset(0.00) 
93130	94812	single+	1	3	{GlimmerHMM_glimmerT_2589-T1;GlimmerHMM}

# EVM prediction: Mode:STANDARD S-ratio: 4.74 95002-95676 orient(-) score(3345.00) noncoding_equivalent(705.00) raw_noncoding(705.00) offset(0.00) 
95676	95002	single-	4	6	{HiQ_model.g2398.t1;HiQ}

# EVM prediction: Mode:STANDARD S-ratio: 1.00 96097-96480 orient(+) score(768.00) noncoding_equivalent(768.00) raw_noncoding(768.00) offset(0.00) 
96097	96480	single+	1	3	{GlimmerHMM_glimmerT_2591-T1;GlimmerHMM}

# EVM prediction: Mode:STANDARD S-ratio: 497.50 96939-97943 orient(+) score(4012.00) noncoding_equivalent(8.06) raw_noncoding(8.06) offset(0.00) 
96939	97943	single+	1	3	{GlimmerHMM_glimmerT_2592-T1;GlimmerHMM},{Augustus_model.g2399.t1;Augustus}

