!! Predictions spanning range 4746 - 98641 [R1]
# EVM prediction: Mode:STANDARD S-ratio: 10000.00 4746-7232 orient(-) score(4974.00) noncoding_equivalent(0.50) raw_noncoding(0.00) offset(0.00) 
7232	4746	single-	4	6	{Augustus_gene433.t1;Augustus}

# EVM prediction: Mode:STANDARD S-ratio: 10000.00 30242-31549 orient(-) score(2616.00) noncoding_equivalent(0.26) raw_noncoding(0.00) offset(0.00) 
31549	30242	single-	4	6	{Augustus_gene970.t1;Augustus}

# EVM prediction: Mode:STANDARD S-ratio: 10000.00 35542-41809 orient(-) score(12536.00) noncoding_equivalent(1.25) raw_noncoding(0.00) offset(0.00) 
35545	35542	terminal-	6	6	{Augustus_gene20.t1;Augustus}
36043	35546	INTRON			{Augustus_gene20.t1;Augustus}
36055	36044	internal-	6	5	{Augustus_gene20.t1;Augustus}
36595	36056	INTRON			{Augustus_gene20.t1;Augustus}
36607	36596	internal-	6	5	{Augustus_gene20.t1;Augustus}
38125	36608	INTRON			{Augustus_gene20.t1;Augustus}
38143	38126	internal-	6	5	{Augustus_gene20.t1;Augustus}
38189	38144	INTRON			{Augustus_gene20.t1;Augustus}
38203	38190	internal-	4	5	{Augustus_gene20.t1;Augustus}
38971	38204	INTRON			{Augustus_gene20.t1;Augustus}
41809	38972	initial-	4	6	{Augustus_gene20.t1;Augustus}

# EVM prediction: Mode:STANDARD S-ratio: 10000.00 53651-55354 orient(+) score(3408.00) noncoding_equivalent(0.34) raw_noncoding(0.00) offset(0.00) 
53651	55354	single+	1	3	{Augustus_gene296.t1;Augustus}

# EVM prediction: Mode:STANDARD S-ratio: 10000.00 63092-65323 orient(+) score(4464.00) noncoding_equivalent(0.45) raw_noncoding(0.00) offset(0.00) 
63092	65323	single+	1	3	{Augustus_gene532.t1;Augustus}

# EVM prediction: Mode:STANDARD S-ratio: 10000.00 65816-67921 orient(+) score(4212.00) noncoding_equivalent(0.42) raw_noncoding(0.00) offset(0.00) 
65816	65960	initial+	1	1	{Augustus_gene955.t1;Augustus}
65961	66011	INTRON			{Augustus_gene955.t1;Augustus}
66012	66154	internal+	2	3	{Augustus_gene955.t1;Augustus}
66155	66346	INTRON			{Augustus_gene955.t1;Augustus}
66347	66600	internal+	1	2	{Augustus_gene955.t1;Augustus}
66601	66954	INTRON			{Augustus_gene955.t1;Augustus}
66955	67921	terminal+	3	3	{Augustus_gene955.t1;Augustus}

# EVM prediction: Mode:STANDARD S-ratio: 10000.00 69039-70943 orient(-) score(3810.00) noncoding_equivalent(0.38) raw_noncoding(0.00) offset(0.00) 
70943	69039	single-	4	6	{Augustus_gene870.t1;Augustus}

# EVM prediction: Mode:STANDARD S-ratio: 10000.00 84311-86434 orient(-) score(4248.00) noncoding_equivalent(0.42) raw_noncoding(0.00) offset(0.00) 
86434	84311	single-	4	6	{Augustus_gene617.t1;Augustus}

# EVM prediction: Mode:STANDARD S-ratio: 10000.00 95984-98641 orient(+) score(5316.00) noncoding_equivalent(0.53) raw_noncoding(0.00) offset(0.00) 
95984	98641	single+	1	3	{Augustus_gene953.t1;Augustus}

