!! Predictions spanning range 326 - 97416 [R1]
# EVM prediction: Mode:STANDARD S-ratio: 104.84 326-2089 orient(-) score(5242.00) noncoding_equivalent(50.00) raw_noncoding(50.00) offset(0.00) 
2089	326	single-	4	6	{GlimmerHMM_glimmerT_3027-T1;GlimmerHMM}

# EVM prediction: Mode:STANDARD S-ratio: 10000.00 2468-3754 orient(+) score(3861.00) noncoding_equivalent(0.39) raw_noncoding(0.00) offset(0.00) 
2468	3754	single+	1	3	{Augustus_model.g2706.t1;Augustus},{GlimmerHMM_glimmerT_3028-T1;GlimmerHMM}

# EVM prediction: Mode:STANDARD S-ratio: 174.66 5956-8130 orient(+) score(6486.00) noncoding_equivalent(37.14) raw_noncoding(37.14) offset(0.00) 
5956	8130	single+	1	3	{GlimmerHMM_glimmerT_3029-T1;GlimmerHMM},{Augustus_model.g2707.t1;Augustus}

# EVM prediction: Mode:STANDARD S-ratio: 10.85 8667-11818 orient(+) score(8028.00) noncoding_equivalent(740.07) raw_noncoding(2052.70) offset(1312.63) 
8667	8694	initial+	1	1	{Augustus_model.g2708.t1;Augustus}
8695	9380	INTRON			{Augustus_model.g2708.t1;Augustus}
9381	11818	terminal+	2	3	{Augustus_model.g2708.t1;Augustus},{snap_scaffold_3-snap.666-T1;snap}

# EVM prediction: Mode:STANDARD S-ratio: 5.65 12519-13238 orient(+) score(1834.00) noncoding_equivalent(324.79) raw_noncoding(324.79) offset(0.00) 
12519	13238	single+	1	3	{GlimmerHMM_glimmerT_3031-T1;GlimmerHMM}

# EVM prediction: Mode:STANDARD S-ratio: 312.54 14226-16340 orient(-) score(6323.00) noncoding_equivalent(20.23) raw_noncoding(20.23) offset(0.00) 
16340	14226	single-	4	6	{GlimmerHMM_glimmerT_3033-T1;GlimmerHMM},{Augustus_model.g2710.t1;Augustus}

# EVM prediction: Mode:STANDARD S-ratio: 11.80 16552-17601 orient(-) score(2904.00) noncoding_equivalent(246.00) raw_noncoding(246.00) offset(0.00) 
17601	16552	single-	4	6	{GlimmerHMM_glimmerT_3034-T1;GlimmerHMM},{Augustus_model.g2711.t1;Augustus}

# EVM prediction: Mode:STANDARD S-ratio: 9.76 18216-21656 orient(-) score(10323.00) noncoding_equivalent(1057.24) raw_noncoding(1057.24) offset(0.00) 
21656	18216	single-	4	6	{Augustus_model.g2712.t1;Augustus},{GlimmerHMM_glimmerT_3035-T1;GlimmerHMM}

# EVM prediction: Mode:STANDARD S-ratio: 456.59 22007-25522 orient(+) score(10523.00) noncoding_equivalent(23.05) raw_noncoding(23.05) offset(0.00) 
22007	25522	single+	1	3	{Augustus_model.g2713.t1;Augustus},{GlimmerHMM_glimmerT_3036-T1;GlimmerHMM}

# EVM prediction: Mode:STANDARD S-ratio: 2.00 26690-27976 orient(+) score(2574.00) noncoding_equivalent(1287.00) raw_noncoding(1287.00) offset(0.00) 
26690	27976	single+	1	3	{Augustus_model.g2714.t1;Augustus},{GlimmerHMM_glimmerT_3037-T1;GlimmerHMM}

# EVM prediction: Mode:STANDARD S-ratio: 10000.00 29575-30807 orient(+) score(3699.00) noncoding_equivalent(0.37) raw_noncoding(0.00) offset(0.00) 
29575	30807	single+	1	3	{GlimmerHMM_glimmerT_3038-T1;GlimmerHMM},{Augustus_model.g2715.t1;Augustus}

# EVM prediction: Mode:STANDARD S-ratio: 1195.50 36839-38440 orient(+) score(4800.00) noncoding_equivalent(4.02) raw_noncoding(4.02) offset(0.00) 
36839	38440	single+	1	3	{GlimmerHMM_glimmerT_3039-T1;GlimmerHMM},{Augustus_model.g2716.t1;Augustus}

# EVM prediction: Mode:STANDARD S-ratio: 149.52 39986-41044 orient(+) score(3154.00) noncoding_equivalent(21.09) raw_noncoding(21.09) offset(0.00) 
39986	41044	single+	1	3	{GlimmerHMM_glimmerT_3040-T1;GlimmerHMM},{Augustus_model.g2717.t1;Augustus}

# EVM prediction: Mode:STANDARD S-ratio: 57.33 41816-43162 orient(+) score(3970.00) noncoding_equivalent(69.25) raw_noncoding(69.25) offset(0.00) 
41816	43162	single+	1	3	{GlimmerHMM_glimmerT_3041-T1;GlimmerHMM},{Augustus_model.g2718.t1;Augustus}

# EVM prediction: Mode:STANDARD S-ratio: 28.48 43778-45259 orient(+) score(4294.00) noncoding_equivalent(150.76) raw_noncoding(150.76) offset(0.00) 
43778	45259	single+	1	3	{GlimmerHMM_glimmerT_3042-T1;GlimmerHMM},{Augustus_model.g2719.t1;Augustus}

# EVM prediction: Mode:STANDARD S-ratio: 118.48 45545-46948 orient(-) score(4175.00) noncoding_equivalent(35.24) raw_noncoding(35.24) offset(0.00) 
46948	45545	single-	4	6	{GlimmerHMM_glimmerT_3043-T1;GlimmerHMM},{Augustus_model.g2720.t1;Augustus}

# EVM prediction: Mode:STANDARD S-ratio: 10000.00 47291-47896 orient(-) score(1818.00) noncoding_equivalent(0.18) raw_noncoding(0.00) offset(0.00) 
47896	47291	single-	4	6	{GlimmerHMM_glimmerT_3044-T1;GlimmerHMM},{Augustus_model.g2721.t1;Augustus}

# EVM prediction: Mode:STANDARD S-ratio: 2.00 48955-49428 orient(+) score(948.00) noncoding_equivalent(474.00) raw_noncoding(474.00) offset(0.00) 
48955	49428	single+	1	3	{Augustus_model.g2722.t1;Augustus},{GlimmerHMM_glimmerT_3045-T1;GlimmerHMM}

# EVM prediction: Mode:STANDARD S-ratio: 8.90 49736-51556 orient(-) score(4911.00) noncoding_equivalent(552.00) raw_noncoding(552.00) offset(0.00) 
51556	49736	single-	4	6	{GlimmerHMM_glimmerT_3046-T1;GlimmerHMM}

# EVM prediction: Mode:STANDARD S-ratio: 145.32 52253-53524 orient(-) score(3790.00) noncoding_equivalent(26.08) raw_noncoding(26.08) offset(0.00) 
53524	52253	single-	4	6	{GlimmerHMM_glimmerT_3047-T1;GlimmerHMM}

# EVM prediction: Mode:STANDARD S-ratio: 3.12 53787-57349 orient(+) score(8961.00) noncoding_equivalent(2871.00) raw_noncoding(4146.00) offset(1275.00) 
53787	53793	initial+	1	1	{Augustus_model.g2724.t1;Augustus}
53794	54580	INTRON			{Augustus_model.g2724.t1;Augustus}
54581	57273	internal+	2	3	{Augustus_model.g2724.t1;Augustus}
57274	57343	INTRON			{Augustus_model.g2724.t1;Augustus}
57344	57349	terminal+	1	3	{Augustus_model.g2724.t1;Augustus}

# EVM prediction: Mode:STANDARD S-ratio: 127.64 57421-59061 orient(-) score(4883.00) noncoding_equivalent(38.26) raw_noncoding(38.26) offset(0.00) 
59061	57421	single-	4	6	{GlimmerHMM_glimmerT_3049-T1;GlimmerHMM},{Augustus_model.g2725.t1;Augustus}

# EVM prediction: Mode:STANDARD S-ratio: 16.64 60912-61637 orient(+) score(2053.00) noncoding_equivalent(123.36) raw_noncoding(123.36) offset(0.00) 
60912	61637	single+	1	3	{Augustus_model.g2726.t1;Augustus},{GlimmerHMM_glimmerT_3051-T1;GlimmerHMM}

# EVM prediction: Mode:STANDARD S-ratio: 77.00 62078-63226 orient(+) score(3401.00) noncoding_equivalent(44.17) raw_noncoding(44.17) offset(0.00) 
62078	63226	single+	1	3	{GlimmerHMM_glimmerT_3052-T1;GlimmerHMM},{Augustus_model.g2727.t1;Augustus}

# EVM prediction: Mode:STANDARD S-ratio: 20.22 64396-66672 orient(+) score(6508.00) noncoding_equivalent(321.93) raw_noncoding(321.93) offset(0.00) 
64396	66672	single+	1	3	{GlimmerHMM_glimmerT_3053-T1;GlimmerHMM}

# EVM prediction: Mode:STANDARD S-ratio: 7.71 66991-68634 orient(+) score(4364.00) noncoding_equivalent(566.04) raw_noncoding(566.04) offset(0.00) 
66991	68634	single+	1	3	{GlimmerHMM_glimmerT_3054-T1;GlimmerHMM}

# EVM prediction: Mode:STANDARD S-ratio: 3.00 68791-69492 orient(+) score(1578.00) noncoding_equivalent(526.42) raw_noncoding(526.42) offset(0.00) 
68791	69492	single+	1	3	{GlimmerHMM_glimmerT_3055-T1;GlimmerHMM}

# EVM prediction: Mode:STANDARD S-ratio: 10000.00 69860-73114 orient(-) score(9765.00) noncoding_equivalent(0.98) raw_noncoding(0.00) offset(0.00) 
73114	69860	single-	4	6	{GlimmerHMM_glimmerT_3056-T1;GlimmerHMM},{Augustus_model.g2730.t1;Augustus}

# EVM prediction: Mode:STANDARD S-ratio: 10000.00 74325-75530 orient(+) score(3618.00) noncoding_equivalent(0.36) raw_noncoding(0.00) offset(0.00) 
74325	75530	single+	1	3	{Augustus_model.g2731.t1;Augustus},{GlimmerHMM_glimmerT_3057-T1;GlimmerHMM}

# EVM prediction: Mode:STANDARD S-ratio: 161.49 75847-77757 orient(+) score(5696.00) noncoding_equivalent(35.27) raw_noncoding(35.27) offset(0.00) 
75847	77757	single+	1	3	{GlimmerHMM_glimmerT_3058-T1;GlimmerHMM},{Augustus_model.g2732.t1;Augustus}

# EVM prediction: Mode:STANDARD S-ratio: 39.32 77951-79603 orient(-) score(4836.00) noncoding_equivalent(123.00) raw_noncoding(123.00) offset(0.00) 
79603	77951	single-	4	6	{GlimmerHMM_glimmerT_3059-T1;GlimmerHMM}

# EVM prediction: Mode:STANDARD S-ratio: 4.99 80255-81121 orient(-) score(4323.00) noncoding_equivalent(867.00) raw_noncoding(867.00) offset(0.00) 
81121	80255	single-	4	6	{HiQ_model.g2734.t1;HiQ},{GlimmerHMM_glimmerT_3060-T1;GlimmerHMM}

# EVM prediction: Mode:STANDARD S-ratio: 2.03 81402-82331 orient(-) score(1866.00) noncoding_equivalent(920.56) raw_noncoding(920.56) offset(0.00) 
82331	81402	single-	4	6	{Augustus_model.g2735.t1;Augustus},{GlimmerHMM_glimmerT_3061-T1;GlimmerHMM}

# EVM prediction: Mode:STANDARD S-ratio: 320.97 83255-84115 orient(+) score(2573.00) noncoding_equivalent(8.02) raw_noncoding(8.02) offset(0.00) 
83255	84115	single+	1	3	{Augustus_model.g2736.t1;Augustus}

# EVM prediction: Mode:STANDARD S-ratio: 14.12 84757-85149 orient(+) score(1101.00) noncoding_equivalent(78.00) raw_noncoding(78.00) offset(0.00) 
84757	85149	single+	1	3	{GlimmerHMM_glimmerT_3063-T1;GlimmerHMM},{Augustus_model.g2737.t1;Augustus}

# EVM prediction: Mode:STANDARD S-ratio: 2.00 85173-86222 orient(-) score(2100.00) noncoding_equivalent(1050.00) raw_noncoding(1050.00) offset(0.00) 
86222	85173	single-	4	6	{GlimmerHMM_glimmerT_3064-T1;GlimmerHMM},{Augustus_model.g2738.t1;Augustus}

# EVM prediction: Mode:STANDARD S-ratio: 69.15 87497-89881 orient(+) score(7053.00) noncoding_equivalent(102.00) raw_noncoding(102.00) offset(0.00) 
87497	89881	single+	1	3	{GlimmerHMM_glimmerT_3065-T1;GlimmerHMM}

# EVM prediction: Mode:STANDARD S-ratio: 95.50 90507-91664 orient(-) score(3438.00) noncoding_equivalent(36.00) raw_noncoding(36.00) offset(0.00) 
91664	90507	single-	4	6	{Augustus_model.g2740.t1;Augustus},{GlimmerHMM_glimmerT_3066-T1;GlimmerHMM}

# EVM prediction: Mode:STANDARD S-ratio: 1.73 97223-97416 orient(+) score(368.00) noncoding_equivalent(212.90) raw_noncoding(212.90) offset(0.00) 
97223	97416	initial+	1	2	{GlimmerHMM_glimmerT_3067-T1;GlimmerHMM}

