!! Predictions spanning range 4998 - 93697 [R1]
# EVM prediction: Mode:STANDARD S-ratio: 10000.00 4998-6488 orient(-) score(2982.00) noncoding_equivalent(0.30) raw_noncoding(0.00) offset(0.00) 
6488	4998	single-	4	6	{Augustus_gene923.t1;Augustus}

# EVM prediction: Mode:STANDARD S-ratio: 10000.00 9001-11169 orient(-) score(4338.00) noncoding_equivalent(0.43) raw_noncoding(0.00) offset(0.00) 
11169	9001	single-	4	6	{Augustus_gene1024.t1;Augustus}

# EVM prediction: Mode:STANDARD S-ratio: 10000.00 16085-16402 orient(+) score(636.00) noncoding_equivalent(0.06) raw_noncoding(0.00) offset(0.00) 
16085	16402	single+	1	3	{Augustus_gene939.t1;Augustus}

# EVM prediction: Mode:STANDARD S-ratio: 10000.00 28045-29247 orient(-) score(2406.00) noncoding_equivalent(0.24) raw_noncoding(0.00) offset(0.00) 
29247	28045	single-	4	6	{Augustus_gene1188.t1;Augustus}

# EVM prediction: Mode:STANDARD S-ratio: 10000.00 43256-44995 orient(-) score(3480.00) noncoding_equivalent(0.35) raw_noncoding(0.00) offset(0.00) 
44995	43256	single-	4	6	{Augustus_gene672.t1;Augustus}

# EVM prediction: Mode:STANDARD S-ratio: 10000.00 46053-46793 orient(+) score(1482.00) noncoding_equivalent(0.15) raw_noncoding(0.00) offset(0.00) 
46053	46793	single+	1	3	{Augustus_gene536.t1;Augustus}

# EVM prediction: Mode:STANDARD S-ratio: 10000.00 60806-62089 orient(-) score(2566.00) noncoding_equivalent(0.26) raw_noncoding(0.00) offset(0.00) 
62089	60806	single-	4	6	{Augustus_gene928.t1;Augustus}

# EVM prediction: Mode:STANDARD S-ratio: 10000.00 66619-67491 orient(+) score(1746.00) noncoding_equivalent(0.17) raw_noncoding(0.00) offset(0.00) 
66619	67491	single+	1	3	{Augustus_gene513.t1;Augustus}

# EVM prediction: Mode:STANDARD S-ratio: 10000.00 68270-69055 orient(-) score(1570.00) noncoding_equivalent(0.16) raw_noncoding(0.00) offset(0.00) 
69055	68270	single-	4	6	{Augustus_gene507.t1;Augustus}

# EVM prediction: Mode:STANDARD S-ratio: 10000.00 72721-74169 orient(+) score(2896.00) noncoding_equivalent(0.29) raw_noncoding(0.00) offset(0.00) 
72721	74169	single+	1	3	{Augustus_gene1156.t1;Augustus}

# EVM prediction: Mode:STANDARD S-ratio: 10000.00 82770-88355 orient(+) score(11170.00) noncoding_equivalent(1.12) raw_noncoding(0.00) offset(0.00) 
82770	88355	single+	1	3	{Augustus_gene133.t1;Augustus}

# EVM prediction: Mode:STANDARD S-ratio: 10000.00 89352-92606 orient(+) score(6508.00) noncoding_equivalent(0.65) raw_noncoding(0.00) offset(0.00) 
89352	92606	single+	1	3	{Augustus_gene1019.t1;Augustus}

# EVM prediction: Mode:STANDARD S-ratio: 10000.00 92888-93697 orient(-) score(1620.00) noncoding_equivalent(0.16) raw_noncoding(0.00) offset(0.00) 
93629	92888	terminal-	6	6	{Augustus_gene851.t1;Augustus}
93689	93630	INTRON			{Augustus_gene851.t1;Augustus}
93697	93690	initial-	4	5	{Augustus_gene851.t1;Augustus}

