!! Predictions spanning range 14883 - 93741 [R1]
# EVM prediction: Mode:STANDARD S-ratio: 10000.00 14883-15710 orient(+) score(1656.00) noncoding_equivalent(0.17) raw_noncoding(0.00) offset(0.00) 
14883	15710	single+	1	3	{Augustus_gene899.t1;Augustus}

# EVM prediction: Mode:STANDARD S-ratio: 10000.00 27550-29415 orient(+) score(3732.00) noncoding_equivalent(0.37) raw_noncoding(0.00) offset(0.00) 
27550	29415	single+	1	3	{Augustus_gene803.t1;Augustus}

# EVM prediction: Mode:STANDARD S-ratio: 10000.00 30588-33860 orient(+) score(6546.00) noncoding_equivalent(0.65) raw_noncoding(0.00) offset(0.00) 
30588	33860	single+	1	3	{Augustus_gene340.t1;Augustus}

# EVM prediction: Mode:STANDARD S-ratio: 10000.00 56644-59340 orient(+) score(5394.00) noncoding_equivalent(0.54) raw_noncoding(0.00) offset(0.00) 
56644	58630	initial+	1	1	{Augustus_gene890.t1;Augustus}
58631	58723	INTRON			{Augustus_gene890.t1;Augustus}
58724	59340	terminal+	2	3	{Augustus_gene890.t1;Augustus}

# EVM prediction: Mode:STANDARD S-ratio: 10000.00 74421-76550 orient(-) score(4260.00) noncoding_equivalent(0.43) raw_noncoding(0.00) offset(0.00) 
76550	74421	single-	4	6	{Augustus_gene601.t1;Augustus}

# EVM prediction: Mode:STANDARD S-ratio: 10000.00 81938-83195 orient(+) score(2512.00) noncoding_equivalent(0.25) raw_noncoding(0.00) offset(0.00) 
81938	81940	initial+	1	3	{Augustus_gene33.t1;Augustus}
81941	82451	INTRON			{Augustus_gene33.t1;Augustus}
82452	83195	terminal+	1	3	{Augustus_gene33.t1;Augustus}

# EVM prediction: Mode:STANDARD S-ratio: 10000.00 90017-93741 orient(-) score(7450.00) noncoding_equivalent(0.74) raw_noncoding(0.00) offset(0.00) 
90046	90017	terminal-	4	6	{Augustus_gene640.t1;Augustus}
90105	90047	INTRON			{Augustus_gene640.t1;Augustus}
90793	90106	internal-	6	6	{Augustus_gene640.t1;Augustus}
92371	90794	INTRON			{Augustus_gene640.t1;Augustus}
93741	92372	initial-	4	5	{Augustus_gene640.t1;Augustus}

