!! Predictions spanning range 4707 - 75193 [R1]
# EVM prediction: Mode:STANDARD S-ratio: 10000.00 4707-8411 orient(+) score(7410.00) noncoding_equivalent(0.74) raw_noncoding(0.00) offset(0.00) 
4707	8411	single+	1	3	{Augustus_gene139.t1;Augustus}

# EVM prediction: Mode:STANDARD S-ratio: 10000.00 8869-11391 orient(-) score(5046.00) noncoding_equivalent(0.50) raw_noncoding(0.00) offset(0.00) 
11391	8869	single-	4	6	{Augustus_gene978.t1;Augustus}

# EVM prediction: Mode:STANDARD S-ratio: 10000.00 17803-18999 orient(-) score(2394.00) noncoding_equivalent(0.24) raw_noncoding(0.00) offset(0.00) 
18999	17803	single-	4	6	{Augustus_gene378.t1;Augustus}

# EVM prediction: Mode:STANDARD S-ratio: 10000.00 39310-43530 orient(+) score(8442.00) noncoding_equivalent(0.84) raw_noncoding(0.00) offset(0.00) 
39310	39713	initial+	1	2	{Augustus_gene523.t1;Augustus}
39714	40232	INTRON			{Augustus_gene523.t1;Augustus}
40233	43530	terminal+	3	3	{Augustus_gene523.t1;Augustus}

# EVM prediction: Mode:STANDARD S-ratio: 10000.00 46814-48868 orient(-) score(4110.00) noncoding_equivalent(0.41) raw_noncoding(0.00) offset(0.00) 
48868	46814	single-	4	6	{Augustus_gene968.t1;Augustus}

# EVM prediction: Mode:STANDARD S-ratio: 10000.00 61710-62747 orient(+) score(2076.00) noncoding_equivalent(0.21) raw_noncoding(0.00) offset(0.00) 
61710	62747	single+	1	3	{Augustus_gene342.t1;Augustus}

# EVM prediction: Mode:STANDARD S-ratio: 10000.00 63014-67555 orient(+) score(9084.00) noncoding_equivalent(0.91) raw_noncoding(0.00) offset(0.00) 
63014	64928	initial+	1	1	{Augustus_gene368.t1;Augustus}
64929	65915	INTRON			{Augustus_gene368.t1;Augustus}
65916	67555	terminal+	2	3	{Augustus_gene368.t1;Augustus}

# EVM prediction: Mode:STANDARD S-ratio: 10000.00 67793-69910 orient(+) score(4236.00) noncoding_equivalent(0.42) raw_noncoding(0.00) offset(0.00) 
67793	69910	single+	1	3	{Augustus_gene339.t1;Augustus}

# EVM prediction: Mode:STANDARD S-ratio: 10000.00 70182-70955 orient(+) score(1548.00) noncoding_equivalent(0.15) raw_noncoding(0.00) offset(0.00) 
70182	70955	single+	1	3	{Augustus_gene83.t1;Augustus}

# EVM prediction: Mode:STANDARD S-ratio: 10000.00 74516-75193 orient(-) score(1356.00) noncoding_equivalent(0.14) raw_noncoding(0.00) offset(0.00) 
75193	74516	single-	4	6	{Augustus_gene74.t1;Augustus}

