!! Predictions spanning range 5170 - 35072 [R1]
# EVM prediction: Mode:STANDARD S-ratio: 181.23 5170-6045 orient(+) score(3483.00) noncoding_equivalent(19.22) raw_noncoding(19.22) offset(0.00) 
5170	6045	single+	1	3	{GlimmerHMM_glimmerT_2723-T1;GlimmerHMM},{Augustus_model.g2520.t1;Augustus}

# EVM prediction: Mode:STANDARD S-ratio: 259.91 6611-8320 orient(+) score(6814.00) noncoding_equivalent(26.22) raw_noncoding(26.22) offset(0.00) 
6611	8320	single+	1	3	{GlimmerHMM_glimmerT_2724-T1;GlimmerHMM},{Augustus_model.g2521.t1;Augustus}

# EVM prediction: Mode:STANDARD S-ratio: 3.85 8610-9195 orient(+) score(2579.00) noncoding_equivalent(669.14) raw_noncoding(978.75) offset(309.60) 
8610	8633	initial+	1	3	{Augustus_model.g2522.t1;Augustus},{GlimmerHMM_glimmerT_2725-T1;GlimmerHMM}
8634	8955	INTRON			{Augustus_model.g2522.t1;Augustus},{GlimmerHMM_glimmerT_2725-T1;GlimmerHMM},{ev_type:exonerate/ID=match.147026.878/Target=YKR057W;exonerate},{ev_type:exonerate/ID=match.147026.6011/Target=YJL136C;exonerate}
8956	9195	terminal+	1	3	{GlimmerHMM_glimmerT_2725-T1;GlimmerHMM}

# EVM prediction: Mode:STANDARD S-ratio: 105.48 9717-11573 orient(+) score(7351.00) noncoding_equivalent(69.69) raw_noncoding(69.69) offset(0.00) 
9717	11573	single+	1	3	{GlimmerHMM_glimmerT_2726-T1;GlimmerHMM}

# EVM prediction: Mode:STANDARD S-ratio: 352.73 11940-13127 orient(+) score(3554.00) noncoding_equivalent(10.08) raw_noncoding(10.08) offset(0.00) 
11940	13127	single+	1	3	{GlimmerHMM_glimmerT_2727-T1;GlimmerHMM},{Augustus_model.g2523.t1;Augustus}

# EVM prediction: Mode:STANDARD S-ratio: 10000.00 13472-14296 orient(+) score(3300.00) noncoding_equivalent(0.33) raw_noncoding(0.00) offset(0.00) 
13472	14296	single+	1	3	{Augustus_model.g2524.t1;Augustus},{GlimmerHMM_glimmerT_2728-T1;GlimmerHMM}

# EVM prediction: Mode:STANDARD S-ratio: 603.26 14817-15905 orient(+) score(4347.00) noncoding_equivalent(7.21) raw_noncoding(7.21) offset(0.00) 
14817	15905	single+	1	3	{Augustus_model.g2525.t1;Augustus},{GlimmerHMM_glimmerT_2729-T1;GlimmerHMM}

# EVM prediction: Mode:STANDARD S-ratio: 10000.00 16617-17603 orient(+) score(3942.00) noncoding_equivalent(0.39) raw_noncoding(0.00) offset(0.00) 
16617	17603	single+	1	3	{Augustus_model.g2526.t1;Augustus},{GlimmerHMM_glimmerT_2730-T1;GlimmerHMM}

# EVM prediction: Mode:STANDARD S-ratio: 4.69 17740-19248 orient(-) score(7464.00) noncoding_equivalent(1590.00) raw_noncoding(1590.00) offset(0.00) 
19248	17740	single-	4	6	{HiQ_model.g2527.t1;HiQ},{GlimmerHMM_glimmerT_2731-T1;GlimmerHMM}

# EVM prediction: Mode:STANDARD S-ratio: 16.81 19498-22089 orient(+) score(9786.00) noncoding_equivalent(582.00) raw_noncoding(582.00) offset(0.00) 
19498	22089	single+	1	3	{GlimmerHMM_glimmerT_2732-T1;GlimmerHMM}

# EVM prediction: Mode:STANDARD S-ratio: 4.74 22250-22843 orient(-) score(2943.00) noncoding_equivalent(621.00) raw_noncoding(621.00) offset(0.00) 
22843	22250	single-	4	6	{GlimmerHMM_glimmerT_2733-T1;GlimmerHMM},{HiQ_model.g2529.t1;HiQ}

# EVM prediction: Mode:STANDARD S-ratio: 4.99 23064-24155 orient(-) score(5452.00) noncoding_equivalent(1092.00) raw_noncoding(1092.00) offset(0.00) 
24155	23064	single-	4	6	{HiQ_model.g2530.t1;HiQ},{GlimmerHMM_glimmerT_2734-T1;GlimmerHMM}

# EVM prediction: Mode:STANDARD S-ratio: 17.37 24875-27106 orient(+) score(8442.00) noncoding_equivalent(486.00) raw_noncoding(486.00) offset(0.00) 
24875	27106	single+	1	3	{GlimmerHMM_glimmerT_2735-T1;GlimmerHMM}

# EVM prediction: Mode:STANDARD S-ratio: 4.80 27283-27864 orient(-) score(2890.00) noncoding_equivalent(602.00) raw_noncoding(602.00) offset(0.00) 
27864	27283	single-	4	6	{GlimmerHMM_glimmerT_2736-T1;GlimmerHMM},{HiQ_model.g2532.t1;HiQ}

# EVM prediction: Mode:STANDARD S-ratio: 660.96 28568-30349 orient(+) score(7118.00) noncoding_equivalent(10.77) raw_noncoding(10.77) offset(0.00) 
28568	30349	single+	1	3	{Augustus_model.g2533.t1;Augustus},{GlimmerHMM_glimmerT_2737-T1;GlimmerHMM}

# EVM prediction: Mode:STANDARD S-ratio: 10000.00 30530-31588 orient(+) score(4236.00) noncoding_equivalent(0.42) raw_noncoding(0.00) offset(0.00) 
30530	31588	single+	1	3	{GlimmerHMM_glimmerT_2738-T1;GlimmerHMM},{Augustus_model.g2534.t1;Augustus}

# EVM prediction: Mode:STANDARD S-ratio: 5.00 31890-32936 orient(-) score(5235.00) noncoding_equivalent(1047.00) raw_noncoding(1047.00) offset(0.00) 
32936	31890	single-	4	6	{GlimmerHMM_glimmerT_2739-T1;GlimmerHMM},{HiQ_model.g2535.t1;HiQ}

# EVM prediction: Mode:STANDARD S-ratio: 217.58 33390-35072 orient(-) score(5026.00) noncoding_equivalent(23.10) raw_noncoding(23.10) offset(0.00) 
35072	33390	single-	4	6	{Augustus_model.g2536.t1;Augustus},{GlimmerHMM_glimmerT_2740-T1;GlimmerHMM}

