!! Predictions spanning range 25339 - 93415 [R1]
# EVM prediction: Mode:STANDARD S-ratio: 10000.00 25339-25965 orient(-) score(1254.00) noncoding_equivalent(0.13) raw_noncoding(0.00) offset(0.00) 
25965	25339	single-	4	6	{Augustus_gene251.t1;Augustus}

# EVM prediction: Mode:STANDARD S-ratio: 10000.00 26415-28703 orient(+) score(4578.00) noncoding_equivalent(0.46) raw_noncoding(0.00) offset(0.00) 
26415	28703	single+	1	3	{Augustus_gene490.t1;Augustus}

# EVM prediction: Mode:STANDARD S-ratio: 10000.00 36505-37584 orient(+) score(2160.00) noncoding_equivalent(0.22) raw_noncoding(0.00) offset(0.00) 
36505	37584	single+	1	3	{Augustus_gene68.t1;Augustus}

# EVM prediction: Mode:STANDARD S-ratio: 10000.00 37708-42462 orient(-) score(9510.00) noncoding_equivalent(0.95) raw_noncoding(0.00) offset(0.00) 
42462	37708	single-	4	6	{Augustus_gene1084.t1;Augustus}

# EVM prediction: Mode:STANDARD S-ratio: 10000.00 43429-48072 orient(+) score(9288.00) noncoding_equivalent(0.93) raw_noncoding(0.00) offset(0.00) 
43429	43442	initial+	1	2	{Augustus_gene897.t1;Augustus}
43443	43844	INTRON			{Augustus_gene897.t1;Augustus}
43845	48072	terminal+	3	3	{Augustus_gene897.t1;Augustus}

# EVM prediction: Mode:STANDARD S-ratio: 10000.00 62013-63032 orient(+) score(2040.00) noncoding_equivalent(0.20) raw_noncoding(0.00) offset(0.00) 
62013	63032	single+	1	3	{Augustus_gene1073.t1;Augustus}

# EVM prediction: Mode:STANDARD S-ratio: 10000.00 75771-77264 orient(-) score(2988.00) noncoding_equivalent(0.30) raw_noncoding(0.00) offset(0.00) 
77264	75771	single-	4	6	{Augustus_gene24.t1;Augustus}

# EVM prediction: Mode:STANDARD S-ratio: 10000.00 77898-79337 orient(-) score(2880.00) noncoding_equivalent(0.29) raw_noncoding(0.00) offset(0.00) 
79337	77898	single-	4	6	{Augustus_gene238.t1;Augustus}

# EVM prediction: Mode:STANDARD S-ratio: 10000.00 88066-88785 orient(+) score(1440.00) noncoding_equivalent(0.14) raw_noncoding(0.00) offset(0.00) 
88066	88785	single+	1	3	{Augustus_gene900.t1;Augustus}

# EVM prediction: Mode:STANDARD S-ratio: 10000.00 91321-93415 orient(-) score(4190.00) noncoding_equivalent(0.42) raw_noncoding(0.00) offset(0.00) 
91355	91321	terminal-	5	6	{Augustus_gene470.t1;Augustus}
91401	91356	INTRON			{Augustus_gene470.t1;Augustus}
93415	91402	initial-	4	4	{Augustus_gene470.t1;Augustus}

