!! Predictions spanning range 2017 - 98788 [R1]
# EVM prediction: Mode:STANDARD S-ratio: 10000.00 2017-4071 orient(+) score(6156.00) noncoding_equivalent(0.62) raw_noncoding(0.00) offset(0.00) 
2017	4071	single+	1	3	{GlimmerHMM_glimmerT_1768-T1;GlimmerHMM},{Augustus_model.g1578.t1;Augustus}

# EVM prediction: Mode:STANDARD S-ratio: 12.47 4330-5919 orient(+) score(4416.00) noncoding_equivalent(354.00) raw_noncoding(354.00) offset(0.00) 
4330	5919	single+	1	3	{Augustus_model.g1579.t1;Augustus},{GlimmerHMM_glimmerT_1769-T1;GlimmerHMM}

# EVM prediction: Mode:STANDARD S-ratio: 579.97 7249-10161 orient(+) score(8722.00) noncoding_equivalent(15.04) raw_noncoding(15.04) offset(0.00) 
7249	10161	single+	1	3	{Augustus_model.g1580.t1;Augustus},{GlimmerHMM_glimmerT_1770-T1;GlimmerHMM}

# EVM prediction: Mode:STANDARD S-ratio: 259.54 15486-16607 orient(+) score(4457.00) noncoding_equivalent(17.17) raw_noncoding(17.17) offset(0.00) 
15486	16607	single+	1	3	{GlimmerHMM_glimmerT_1771-T1;GlimmerHMM},{Augustus_model.g1581.t1;Augustus}

# EVM prediction: Mode:STANDARD S-ratio: 40.49 19596-21072 orient(+) score(4257.00) noncoding_equivalent(105.15) raw_noncoding(237.74) offset(132.59) 
19596	19610	initial+	1	3	{Augustus_model.g1582.t1;Augustus}
19611	19677	INTRON			{Augustus_model.g1582.t1;Augustus}
19678	21072	terminal+	1	3	{Augustus_model.g1582.t1;Augustus},{snap_scaffold_2-snap.402-T1;snap}

# EVM prediction: Mode:STANDARD S-ratio: 7.66 21386-23358 orient(-) score(5103.00) noncoding_equivalent(665.94) raw_noncoding(1099.06) offset(433.12) 
21798	21386	terminal-	5	6	{Augustus_model.g1583.t1;Augustus},{GlimmerHMM_glimmerT_1773-T1;GlimmerHMM},{snap_scaffold_2-snap.403-T1;snap}
21863	21799	INTRON			{Augustus_model.g1583.t1;Augustus},{GlimmerHMM_glimmerT_1773-T1;GlimmerHMM}
22173	21864	internal-	4	4	{Augustus_model.g1583.t1;Augustus},{GlimmerHMM_glimmerT_1773-T1;GlimmerHMM}
22383	22174	INTRON			{GlimmerHMM_glimmerT_1773-T1;GlimmerHMM}
23358	22384	initial-	4	6	{GlimmerHMM_glimmerT_1773-T1;GlimmerHMM}

# EVM prediction: Mode:STANDARD S-ratio: 10000.00 25203-29018 orient(+) score(11448.00) noncoding_equivalent(1.14) raw_noncoding(0.00) offset(0.00) 
25203	29018	single+	1	3	{Augustus_model.g1584.t1;Augustus},{GlimmerHMM_glimmerT_1774-T1;GlimmerHMM}

# EVM prediction: Mode:STANDARD S-ratio: 2.00 29233-29451 orient(-) score(438.00) noncoding_equivalent(219.00) raw_noncoding(219.00) offset(0.00) 
29451	29233	single-	4	6	{GlimmerHMM_glimmerT_1775-T1;GlimmerHMM},{Augustus_model.g1585.t1;Augustus}

# EVM prediction: Mode:STANDARD S-ratio: 250.44 30467-33241 orient(+) score(8290.00) noncoding_equivalent(33.10) raw_noncoding(33.10) offset(0.00) 
30467	33241	single+	1	3	{GlimmerHMM_glimmerT_1776-T1;GlimmerHMM},{Augustus_model.g1586.t1;Augustus}

# EVM prediction: Mode:STANDARD S-ratio: 10000.00 33311-34213 orient(-) score(2709.00) noncoding_equivalent(0.27) raw_noncoding(0.00) offset(0.00) 
34213	33311	single-	4	6	{Augustus_model.g1587.t1;Augustus},{GlimmerHMM_glimmerT_1777-T1;GlimmerHMM}

# EVM prediction: Mode:STANDARD S-ratio: 2.03 34420-35133 orient(+) score(1428.00) noncoding_equivalent(702.31) raw_noncoding(702.31) offset(0.00) 
34420	35133	single+	1	3	{Augustus_model.g1588.t1;Augustus},{GlimmerHMM_glimmerT_1778-T1;GlimmerHMM}

# EVM prediction: Mode:STANDARD S-ratio: 2.00 35354-35629 orient(+) score(552.00) noncoding_equivalent(276.00) raw_noncoding(276.00) offset(0.00) 
35354	35629	single+	1	3	{Augustus_model.g1589.t1;Augustus},{GlimmerHMM_glimmerT_1779-T1;GlimmerHMM}

# EVM prediction: Mode:STANDARD S-ratio: 21.17 35649-36845 orient(-) score(3429.00) noncoding_equivalent(162.00) raw_noncoding(162.00) offset(0.00) 
36845	35649	single-	4	6	{Augustus_model.g1590.t1;Augustus},{GlimmerHMM_glimmerT_1780-T1;GlimmerHMM}

# EVM prediction: Mode:STANDARD S-ratio: 66.06 37036-38175 orient(-) score(3369.00) noncoding_equivalent(51.00) raw_noncoding(51.00) offset(0.00) 
38175	37036	single-	4	6	{Augustus_model.g1591.t1;Augustus},{GlimmerHMM_glimmerT_1781-T1;GlimmerHMM}

# EVM prediction: Mode:STANDARD S-ratio: 2.00 39608-40399 orient(-) score(1584.00) noncoding_equivalent(792.00) raw_noncoding(792.00) offset(0.00) 
40399	39608	single-	4	6	{GlimmerHMM_glimmerT_1782-T1;GlimmerHMM},{Augustus_model.g1592.t1;Augustus}

# EVM prediction: Mode:STANDARD S-ratio: 12.99 42154-42981 orient(+) score(2291.00) noncoding_equivalent(176.31) raw_noncoding(176.31) offset(0.00) 
42154	42981	single+	1	3	{GlimmerHMM_glimmerT_1783-T1;GlimmerHMM},{Augustus_model.g1593.t1;Augustus}

# EVM prediction: Mode:STANDARD S-ratio: 41.00 44185-44604 orient(-) score(1230.00) noncoding_equivalent(30.00) raw_noncoding(30.00) offset(0.00) 
44604	44185	single-	4	6	{Augustus_model.g1594.t1;Augustus},{GlimmerHMM_glimmerT_1784-T1;GlimmerHMM}

# EVM prediction: Mode:STANDARD S-ratio: 10000.00 45688-46713 orient(+) score(3078.00) noncoding_equivalent(0.31) raw_noncoding(0.00) offset(0.00) 
45688	46713	single+	1	3	{GlimmerHMM_glimmerT_1785-T1;GlimmerHMM},{Augustus_model.g1595.t1;Augustus}

# EVM prediction: Mode:STANDARD S-ratio: 157.00 46971-48866 orient(-) score(5652.00) noncoding_equivalent(36.00) raw_noncoding(36.00) offset(0.00) 
48866	46971	single-	4	6	{GlimmerHMM_glimmerT_1786-T1;GlimmerHMM},{Augustus_model.g1596.t1;Augustus}

# EVM prediction: Mode:STANDARD S-ratio: 4.66 49264-52713 orient(-) score(8520.00) noncoding_equivalent(1828.99) raw_noncoding(1828.99) offset(0.00) 
52713	49264	single-	4	6	{GlimmerHMM_glimmerT_1787-T1;GlimmerHMM}

# EVM prediction: Mode:STANDARD S-ratio: 3.96 52887-55221 orient(-) score(5119.00) noncoding_equivalent(1292.86) raw_noncoding(2380.19) offset(1087.33) 
54619	52887	terminal-	5	6	{snap_scaffold_2-snap.415-T1;snap}
55059	54620	INTRON			{snap_scaffold_2-snap.415-T1;snap}
55065	55060	internal-	5	4	{snap_scaffold_2-snap.415-T1;snap}
55217	55066	INTRON			{snap_scaffold_2-snap.415-T1;snap}
55221	55218	initial-	4	4	{snap_scaffold_2-snap.415-T1;snap}

# EVM prediction: Mode:STANDARD S-ratio: 11.67 55405-56382 orient(-) score(2702.00) noncoding_equivalent(231.50) raw_noncoding(231.50) offset(0.00) 
56382	55405	single-	4	6	{GlimmerHMM_glimmerT_1789-T1;GlimmerHMM}

# EVM prediction: Mode:STANDARD S-ratio: 19.59 58350-59255 orient(+) score(2586.00) noncoding_equivalent(132.00) raw_noncoding(132.00) offset(0.00) 
58350	59255	single+	1	3	{GlimmerHMM_glimmerT_1790-T1;GlimmerHMM}

# EVM prediction: Mode:STANDARD S-ratio: 25.87 59330-61312 orient(-) score(5721.00) noncoding_equivalent(221.12) raw_noncoding(221.12) offset(0.00) 
61312	59330	single-	4	6	{GlimmerHMM_glimmerT_1791-T1;GlimmerHMM},{Augustus_model.g1599.t1;Augustus}

# EVM prediction: Mode:STANDARD S-ratio: 10000.00 62603-63064 orient(+) score(1386.00) noncoding_equivalent(0.14) raw_noncoding(0.00) offset(0.00) 
62603	63064	single+	1	3	{GlimmerHMM_glimmerT_1792-T1;GlimmerHMM},{Augustus_model.g1600.t1;Augustus}

# EVM prediction: Mode:STANDARD S-ratio: 22.78 68612-69919 orient(-) score(3759.00) noncoding_equivalent(165.00) raw_noncoding(165.00) offset(0.00) 
69919	68612	single-	4	6	{GlimmerHMM_glimmerT_1793-T1;GlimmerHMM}

# EVM prediction: Mode:STANDARD S-ratio: 2.00 71763-73289 orient(-) score(3054.00) noncoding_equivalent(1527.00) raw_noncoding(1527.00) offset(0.00) 
73289	71763	single-	4	6	{GlimmerHMM_glimmerT_1794-T1;GlimmerHMM}

# EVM prediction: Mode:STANDARD S-ratio: 647.71 75586-76452 orient(-) score(2595.00) noncoding_equivalent(4.01) raw_noncoding(4.01) offset(0.00) 
76452	75586	single-	4	6	{Augustus_model.g1603.t1;Augustus},{GlimmerHMM_glimmerT_1795-T1;GlimmerHMM}

# EVM prediction: Mode:STANDARD S-ratio: 2.00 77977-78576 orient(+) score(1200.00) noncoding_equivalent(600.00) raw_noncoding(600.00) offset(0.00) 
77977	78576	single+	1	3	{GlimmerHMM_glimmerT_1796-T1;GlimmerHMM},{Augustus_model.g1604.t1;Augustus}

# EVM prediction: Mode:STANDARD S-ratio: 10.16 80460-81524 orient(+) score(2907.00) noncoding_equivalent(286.01) raw_noncoding(286.01) offset(0.00) 
80460	81524	single+	1	3	{GlimmerHMM_glimmerT_1797-T1;GlimmerHMM}

# EVM prediction: Mode:STANDARD S-ratio: 39.31 82025-82540 orient(+) score(1508.00) noncoding_equivalent(38.36) raw_noncoding(38.36) offset(0.00) 
82025	82540	single+	1	3	{GlimmerHMM_glimmerT_1798-T1;GlimmerHMM},{Augustus_model.g1606.t1;Augustus}

# EVM prediction: Mode:STANDARD S-ratio: 10000.00 82653-83300 orient(-) score(1944.00) noncoding_equivalent(0.19) raw_noncoding(0.00) offset(0.00) 
83300	82653	single-	4	6	{GlimmerHMM_glimmerT_1799-T1;GlimmerHMM},{Augustus_model.g1607.t1;Augustus}

# EVM prediction: Mode:STANDARD S-ratio: 16.87 83597-84436 orient(+) score(2379.00) noncoding_equivalent(141.00) raw_noncoding(141.00) offset(0.00) 
83597	84436	single+	1	3	{GlimmerHMM_glimmerT_1800-T1;GlimmerHMM},{Augustus_model.g1608.t1;Augustus}

# EVM prediction: Mode:STANDARD S-ratio: 72.62 85883-86743 orient(+) score(2548.00) noncoding_equivalent(35.09) raw_noncoding(35.09) offset(0.00) 
85883	86743	single+	1	3	{GlimmerHMM_glimmerT_1801-T1;GlimmerHMM}

# EVM prediction: Mode:STANDARD S-ratio: 5.66 86944-88518 orient(+) score(3545.00) noncoding_equivalent(626.05) raw_noncoding(1704.42) offset(1078.37) 
86944	86952	initial+	1	3	{snap_scaffold_2-snap.427-T1;snap}
86953	87504	INTRON			{snap_scaffold_2-snap.427-T1;snap}
87505	88518	terminal+	1	3	{snap_scaffold_2-snap.427-T1;snap}

# EVM prediction: Mode:STANDARD S-ratio: 2.01 88592-91228 orient(-) score(5274.00) noncoding_equivalent(2629.23) raw_noncoding(2629.23) offset(0.00) 
91228	88592	single-	4	6	{GlimmerHMM_glimmerT_1803-T1;GlimmerHMM},{Augustus_model.g1610.t1;Augustus}

# EVM prediction: Mode:STANDARD S-ratio: 10000.00 91820-94612 orient(+) score(8379.00) noncoding_equivalent(0.84) raw_noncoding(0.00) offset(0.00) 
91820	94612	single+	1	3	{GlimmerHMM_glimmerT_1804-T1;GlimmerHMM},{Augustus_model.g1611.t1;Augustus}

# EVM prediction: Mode:STANDARD S-ratio: 25.16 94805-96949 orient(+) score(6189.00) noncoding_equivalent(246.00) raw_noncoding(246.00) offset(0.00) 
94805	96949	single+	1	3	{Augustus_model.g1612.t1;Augustus},{GlimmerHMM_glimmerT_1805-T1;GlimmerHMM}

# EVM prediction: Mode:STANDARD S-ratio: 12.82 97061-98788 orient(-) score(4808.00) noncoding_equivalent(374.97) raw_noncoding(374.97) offset(0.00) 
98788	97061	single-	4	6	{GlimmerHMM_glimmerT_1806-T1;GlimmerHMM}

