!! Predictions spanning range 4254 - 98053 [R1]
# EVM prediction: Mode:STANDARD S-ratio: 414.03 4254-6086 orient(+) score(5484.00) noncoding_equivalent(13.25) raw_noncoding(13.25) offset(0.00) 
4254	6086	single+	1	3	{GlimmerHMM_glimmerT_2050-T1;GlimmerHMM},{Augustus_model.g1885.t1;Augustus}

# EVM prediction: Mode:STANDARD S-ratio: 51.78 6782-9916 orient(+) score(15378.00) noncoding_equivalent(297.00) raw_noncoding(297.00) offset(0.00) 
6782	9916	single+	1	3	{GlimmerHMM_glimmerT_2051-T1;GlimmerHMM},{Augustus_model.g1886.t1;Augustus}

# EVM prediction: Mode:STANDARD S-ratio: 10000.00 10319-11023 orient(+) score(2811.00) noncoding_equivalent(0.28) raw_noncoding(0.00) offset(0.00) 
10319	11023	single+	1	3	{GlimmerHMM_glimmerT_2052-T1;GlimmerHMM},{Augustus_model.g1887.t1;Augustus}

# EVM prediction: Mode:STANDARD S-ratio: 614.60 11466-12059 orient(+) score(2471.00) noncoding_equivalent(4.02) raw_noncoding(4.02) offset(0.00) 
11466	12059	single+	1	3	{GlimmerHMM_glimmerT_2053-T1;GlimmerHMM},{Augustus_model.g1888.t1;Augustus}

# EVM prediction: Mode:STANDARD S-ratio: 34.56 12632-14338 orient(+) score(6636.00) noncoding_equivalent(192.00) raw_noncoding(192.00) offset(0.00) 
12632	14338	single+	1	3	{Augustus_model.g1889.t1;Augustus},{GlimmerHMM_glimmerT_2054-T1;GlimmerHMM}

# EVM prediction: Mode:STANDARD S-ratio: 4.66 14406-14975 orient(-) score(2814.00) noncoding_equivalent(604.38) raw_noncoding(604.38) offset(0.00) 
14975	14406	single-	4	6	{HiQ_model.g1890.t1;HiQ},{GlimmerHMM_glimmerT_2055-T1;GlimmerHMM}

# EVM prediction: Mode:STANDARD S-ratio: 40.67 16462-20925 orient(+) score(13056.00) noncoding_equivalent(321.00) raw_noncoding(336.00) offset(15.00) 
16462	16469	initial+	1	2	{snap_scaffold_4-snap.252-T1;snap}
16470	16484	INTRON			{snap_scaffold_4-snap.252-T1;snap}
16485	20925	terminal+	3	3	{snap_scaffold_4-snap.252-T1;snap}

# EVM prediction: Mode:STANDARD S-ratio: 6.92 21119-22441 orient(+) score(3468.00) noncoding_equivalent(501.00) raw_noncoding(501.00) offset(0.00) 
21119	22441	single+	1	3	{GlimmerHMM_glimmerT_2057-T1;GlimmerHMM},{Augustus_model.g1892.t1;Augustus}

# EVM prediction: Mode:STANDARD S-ratio: 18.34 22920-26389 orient(+) score(9774.00) noncoding_equivalent(533.08) raw_noncoding(652.00) offset(118.92) 
22920	23331	initial+	1	1	{Augustus_model.g1893.t1;Augustus}
23332	23429	INTRON			{Augustus_model.g1893.t1;Augustus}
23430	26389	terminal+	2	3	{Augustus_model.g1893.t1;Augustus}

# EVM prediction: Mode:STANDARD S-ratio: 10000.00 28828-29793 orient(+) score(3864.00) noncoding_equivalent(0.39) raw_noncoding(0.00) offset(0.00) 
28828	29793	single+	1	3	{Augustus_model.g1894.t1;Augustus},{GlimmerHMM_glimmerT_2060-T1;GlimmerHMM}

# EVM prediction: Mode:STANDARD S-ratio: 56.70 30718-32835 orient(+) score(10382.00) noncoding_equivalent(183.11) raw_noncoding(183.11) offset(0.00) 
30718	32835	single+	1	3	{GlimmerHMM_glimmerT_2061-T1;GlimmerHMM},{Augustus_model.g1895.t1;Augustus}

# EVM prediction: Mode:STANDARD S-ratio: 5.00 33286-35004 orient(-) score(8595.00) noncoding_equivalent(1719.00) raw_noncoding(1719.00) offset(0.00) 
35004	33286	single-	4	6	{GlimmerHMM_glimmerT_2062-T1;GlimmerHMM},{HiQ_model.g1896.t1;HiQ}

# EVM prediction: Mode:STANDARD S-ratio: 14.20 35984-37909 orient(+) score(7197.00) noncoding_equivalent(507.00) raw_noncoding(507.00) offset(0.00) 
35984	37909	single+	1	3	{GlimmerHMM_glimmerT_2063-T1;GlimmerHMM},{Augustus_model.g1897.t1;Augustus}

# EVM prediction: Mode:STANDARD S-ratio: 5.49 38246-38893 orient(-) score(3560.00) noncoding_equivalent(648.00) raw_noncoding(648.00) offset(0.00) 
38893	38246	single-	4	6	{HiQ_model.g1898.t1;HiQ},{GlimmerHMM_glimmerT_2064-T1;GlimmerHMM}

# EVM prediction: Mode:STANDARD S-ratio: 68.83 39470-39664 orient(-) score(760.00) noncoding_equivalent(11.04) raw_noncoding(11.04) offset(0.00) 
39664	39470	single-	4	6	{GlimmerHMM_glimmerT_2065-T1;GlimmerHMM}

# EVM prediction: Mode:STANDARD S-ratio: 10000.00 40342-42825 orient(+) score(9936.00) noncoding_equivalent(0.99) raw_noncoding(0.00) offset(0.00) 
40342	42825	single+	1	3	{Augustus_model.g1900.t1;Augustus},{GlimmerHMM_glimmerT_2066-T1;GlimmerHMM}

# EVM prediction: Mode:STANDARD S-ratio: 4.00 43133-43336 orient(+) score(816.00) noncoding_equivalent(204.00) raw_noncoding(204.00) offset(0.00) 
43133	43336	single+	1	3	{Augustus_model.g1901.t1;Augustus},{GlimmerHMM_glimmerT_2067-T1;GlimmerHMM}

# EVM prediction: Mode:STANDARD S-ratio: 4.85 44429-45457 orient(-) score(5118.00) noncoding_equivalent(1054.29) raw_noncoding(1054.29) offset(0.00) 
45457	44429	single-	4	6	{HiQ_model.g1902.t1;HiQ},{GlimmerHMM_glimmerT_2068-T1;GlimmerHMM}

# EVM prediction: Mode:STANDARD S-ratio: 2.00 45621-47726 orient(-) score(8424.00) noncoding_equivalent(4212.00) raw_noncoding(4212.00) offset(0.00) 
47726	45621	single-	4	6	{GlimmerHMM_glimmerT_2069-T1;GlimmerHMM},{HiQ_model.g1903.t1;HiQ}

# EVM prediction: Mode:STANDARD S-ratio: 10000.00 48214-49926 orient(+) score(6852.00) noncoding_equivalent(0.69) raw_noncoding(0.00) offset(0.00) 
48214	49926	single+	1	3	{GlimmerHMM_glimmerT_2070-T1;GlimmerHMM},{Augustus_model.g1904.t1;Augustus}

# EVM prediction: Mode:STANDARD S-ratio: 2.62 50202-50846 orient(+) score(1868.00) noncoding_equivalent(713.00) raw_noncoding(713.00) offset(0.00) 
50202	50846	single+	1	3	{GlimmerHMM_glimmerT_2071-T1;GlimmerHMM}

# EVM prediction: Mode:STANDARD S-ratio: 10000.00 51188-52240 orient(+) score(4212.00) noncoding_equivalent(0.42) raw_noncoding(0.00) offset(0.00) 
51188	52240	single+	1	3	{GlimmerHMM_glimmerT_2072-T1;GlimmerHMM}

# EVM prediction: Mode:STANDARD S-ratio: 25.83 52739-53563 orient(+) score(3177.00) noncoding_equivalent(123.00) raw_noncoding(123.00) offset(0.00) 
52739	53563	single+	1	3	{Augustus_model.g1906.t1;Augustus}

# EVM prediction: Mode:STANDARD S-ratio: 5.00 53674-57204 orient(-) score(17655.00) noncoding_equivalent(3531.00) raw_noncoding(3531.00) offset(0.00) 
57204	53674	single-	4	6	{GlimmerHMM_glimmerT_2074-T1;GlimmerHMM},{HiQ_model.g1907.t1;HiQ}

# EVM prediction: Mode:STANDARD S-ratio: 2.00 59085-61031 orient(-) score(7788.00) noncoding_equivalent(3894.00) raw_noncoding(3894.00) offset(0.00) 
61031	59085	single-	4	6	{GlimmerHMM_glimmerT_2075-T1;GlimmerHMM},{HiQ_model.g1908.t1;HiQ}

# EVM prediction: Mode:STANDARD S-ratio: 766.22 61557-63884 orient(+) score(9298.00) noncoding_equivalent(12.13) raw_noncoding(12.13) offset(0.00) 
61557	63884	single+	1	3	{GlimmerHMM_glimmerT_2076-T1;GlimmerHMM},{Augustus_model.g1909.t1;Augustus}

# EVM prediction: Mode:STANDARD S-ratio: 6.05 64380-64802 orient(+) score(1597.00) noncoding_equivalent(264.00) raw_noncoding(270.00) offset(6.00) 
64380	64384	initial+	1	2	{GlimmerHMM_glimmerT_2077-T1;GlimmerHMM},{snap_scaffold_4-snap.268-T1;snap},{Augustus_model.g1910.t1;Augustus}
64385	64474	INTRON			{GlimmerHMM_glimmerT_2077-T1;GlimmerHMM},{snap_scaffold_4-snap.268-T1;snap},{Augustus_model.g1910.t1;Augustus}
64475	64802	terminal+	3	3	{GlimmerHMM_glimmerT_2077-T1;GlimmerHMM},{snap_scaffold_4-snap.268-T1;snap},{Augustus_model.g1910.t1;Augustus}

# EVM prediction: Mode:STANDARD S-ratio: 7.50 65048-66832 orient(-) score(4725.00) noncoding_equivalent(630.00) raw_noncoding(630.00) offset(0.00) 
66832	65048	single-	4	6	{GlimmerHMM_glimmerT_2078-T1;GlimmerHMM},{Augustus_model.g1911.t1;Augustus}

# EVM prediction: Mode:STANDARD S-ratio: 4.53 67158-69497 orient(-) score(11498.00) noncoding_equivalent(2540.40) raw_noncoding(2540.40) offset(0.00) 
69497	67158	single-	4	6	{HiQ_model.g1912.t1;HiQ}

# EVM prediction: Mode:STANDARD S-ratio: 24.56 70001-74026 orient(-) score(15474.00) noncoding_equivalent(630.00) raw_noncoding(630.00) offset(0.00) 
74026	70001	single-	4	6	{GlimmerHMM_glimmerT_2080-T1;GlimmerHMM}

# EVM prediction: Mode:STANDARD S-ratio: 1.24 74495-74962 orient(-) score(1745.00) noncoding_equivalent(1404.00) raw_noncoding(1404.00) offset(0.00) 
74962	74495	single-	4	6	{HiQ_model.g1914.t1;HiQ}

# EVM prediction: Mode:STANDARD S-ratio: 170.67 75308-76132 orient(+) score(3279.00) noncoding_equivalent(19.21) raw_noncoding(19.21) offset(0.00) 
75308	76132	single+	1	3	{GlimmerHMM_glimmerT_2081-T1;GlimmerHMM},{Augustus_model.g1915.t1;Augustus}

# EVM prediction: Mode:STANDARD S-ratio: 2.00 76200-77042 orient(-) score(3372.00) noncoding_equivalent(1686.00) raw_noncoding(1686.00) offset(0.00) 
77042	76200	single-	4	6	{GlimmerHMM_glimmerT_2082-T1;GlimmerHMM},{HiQ_model.g1916.t1;HiQ}

# EVM prediction: Mode:STANDARD S-ratio: 10000.00 77362-78147 orient(+) score(3144.00) noncoding_equivalent(0.31) raw_noncoding(0.00) offset(0.00) 
77362	78147	single+	1	3	{GlimmerHMM_glimmerT_2083-T1;GlimmerHMM},{Augustus_model.g1917.t1;Augustus}

# EVM prediction: Mode:STANDARD S-ratio: 5.00 78450-80138 orient(-) score(8445.00) noncoding_equivalent(1689.00) raw_noncoding(1689.00) offset(0.00) 
80138	78450	single-	4	6	{HiQ_model.g1918.t1;HiQ},{GlimmerHMM_glimmerT_2084-T1;GlimmerHMM}

# EVM prediction: Mode:STANDARD S-ratio: 4.65 80993-82060 orient(-) score(5268.00) noncoding_equivalent(1132.00) raw_noncoding(1132.00) offset(0.00) 
82060	80993	single-	4	6	{GlimmerHMM_glimmerT_2085-T1;GlimmerHMM},{HiQ_model.g1919.t1;HiQ}

# EVM prediction: Mode:STANDARD S-ratio: 1.74 83482-84906 orient(-) score(5424.00) noncoding_equivalent(3126.00) raw_noncoding(3126.00) offset(0.00) 
84906	83482	single-	4	6	{HiQ_model.g1920.t1;HiQ}

# EVM prediction: Mode:STANDARD S-ratio: 317.39 85091-87028 orient(+) score(5794.00) noncoding_equivalent(18.26) raw_noncoding(18.26) offset(0.00) 
85091	87028	single+	1	3	{Augustus_model.g1921.t1;Augustus},{GlimmerHMM_glimmerT_2087-T1;GlimmerHMM}

# EVM prediction: Mode:STANDARD S-ratio: 4.87 87147-87980 orient(-) score(4151.00) noncoding_equivalent(851.60) raw_noncoding(851.60) offset(0.00) 
87980	87147	single-	4	6	{GlimmerHMM_glimmerT_2088-T1;GlimmerHMM},{HiQ_model.g1922.t1;HiQ}

# EVM prediction: Mode:STANDARD S-ratio: 3.42 88319-89464 orient(-) score(5322.00) noncoding_equivalent(1554.00) raw_noncoding(1554.00) offset(0.00) 
89464	88319	single-	4	6	{HiQ_model.g1923.t1;HiQ},{GlimmerHMM_glimmerT_2089-T1;GlimmerHMM}

# EVM prediction: Mode:STANDARD S-ratio: 5.00 89791-90372 orient(-) score(2910.00) noncoding_equivalent(582.00) raw_noncoding(582.00) offset(0.00) 
90372	89791	single-	4	6	{HiQ_model.g1924.t1;HiQ},{GlimmerHMM_glimmerT_2090-T1;GlimmerHMM}

# EVM prediction: Mode:STANDARD S-ratio: 5.88 90773-91432 orient(-) score(3947.00) noncoding_equivalent(671.08) raw_noncoding(671.08) offset(0.00) 
91432	90773	single-	4	6	{GlimmerHMM_glimmerT_2091-T1;GlimmerHMM},{HiQ_model.g1925.t1;HiQ}

# EVM prediction: Mode:STANDARD S-ratio: 4.25 92001-92375 orient(-) score(1847.00) noncoding_equivalent(435.00) raw_noncoding(435.00) offset(0.00) 
92375	92001	single-	4	6	{GlimmerHMM_glimmerT_2092-T1;GlimmerHMM},{HiQ_model.g1926.t1;HiQ}

# EVM prediction: Mode:STANDARD S-ratio: 192.76 94046-94435 orient(+) score(1550.00) noncoding_equivalent(8.04) raw_noncoding(8.04) offset(0.00) 
94046	94435	single+	1	3	{Augustus_model.g1927.t1;Augustus},{GlimmerHMM_glimmerT_2093-T1;GlimmerHMM}

# EVM prediction: Mode:STANDARD S-ratio: 2.76 94723-95418 orient(-) score(3064.00) noncoding_equivalent(1110.55) raw_noncoding(1110.55) offset(0.00) 
95418	94723	single-	4	6	{HiQ_model.g1928.t1;HiQ}

# EVM prediction: Mode:STANDARD S-ratio: 10000.00 96179-98053 orient(+) score(7500.00) noncoding_equivalent(0.75) raw_noncoding(0.00) offset(0.00) 
96179	98053	single+	1	3	{GlimmerHMM_glimmerT_2095-T1;GlimmerHMM},{Augustus_model.g1929.t1;Augustus}

