!! Predictions spanning range 5642 - 90085 [R1]
# EVM prediction: Mode:STANDARD S-ratio: 10000.00 5642-6235 orient(-) score(1188.00) noncoding_equivalent(0.12) raw_noncoding(0.00) offset(0.00) 
6235	5642	single-	4	6	{Augustus_gene486.t1;Augustus}

# EVM prediction: Mode:STANDARD S-ratio: 10000.00 6447-7421 orient(-) score(1950.00) noncoding_equivalent(0.20) raw_noncoding(0.00) offset(0.00) 
7421	6447	single-	4	6	{Augustus_gene621.t1;Augustus}

# EVM prediction: Mode:STANDARD S-ratio: 10000.00 7787-8956 orient(-) score(2340.00) noncoding_equivalent(0.23) raw_noncoding(0.00) offset(0.00) 
8956	7787	single-	4	6	{Augustus_gene150.t1;Augustus}

# EVM prediction: Mode:STANDARD S-ratio: 10000.00 9184-9804 orient(-) score(1242.00) noncoding_equivalent(0.12) raw_noncoding(0.00) offset(0.00) 
9804	9184	single-	4	6	{Augustus_gene339.t1;Augustus}

# EVM prediction: Mode:STANDARD S-ratio: 10000.00 10060-10626 orient(+) score(1134.00) noncoding_equivalent(0.11) raw_noncoding(0.00) offset(0.00) 
10060	10626	single+	1	3	{Augustus_gene909.t1;Augustus}

# EVM prediction: Mode:STANDARD S-ratio: 10000.00 18887-19228 orient(-) score(684.00) noncoding_equivalent(0.07) raw_noncoding(0.00) offset(0.00) 
19228	18887	single-	4	6	{Augustus_gene59.t1;Augustus}

# EVM prediction: Mode:STANDARD S-ratio: 10000.00 23451-24329 orient(-) score(1758.00) noncoding_equivalent(0.18) raw_noncoding(0.00) offset(0.00) 
24329	23451	single-	4	6	{Augustus_gene915.t1;Augustus}

# EVM prediction: Mode:STANDARD S-ratio: 10000.00 28396-30313 orient(-) score(3836.00) noncoding_equivalent(0.38) raw_noncoding(0.00) offset(0.00) 
28398	28396	terminal-	4	6	{Augustus_gene798.t1;Augustus}
28462	28399	INTRON			{Augustus_gene798.t1;Augustus}
30313	28463	initial-	4	6	{Augustus_gene798.t1;Augustus}

# EVM prediction: Mode:STANDARD S-ratio: 10000.00 40091-41071 orient(-) score(1962.00) noncoding_equivalent(0.20) raw_noncoding(0.00) offset(0.00) 
41071	40091	single-	4	6	{Augustus_gene633.t1;Augustus}

# EVM prediction: Mode:STANDARD S-ratio: 10000.00 60494-61516 orient(+) score(2046.00) noncoding_equivalent(0.20) raw_noncoding(0.00) offset(0.00) 
60494	61516	single+	1	3	{Augustus_gene832.t1;Augustus}

# EVM prediction: Mode:STANDARD S-ratio: 10000.00 72449-74525 orient(+) score(4154.00) noncoding_equivalent(0.42) raw_noncoding(0.00) offset(0.00) 
72449	74456	initial+	1	1	{Augustus_gene450.t1;Augustus}
74457	74505	INTRON			{Augustus_gene450.t1;Augustus}
74506	74525	terminal+	2	3	{Augustus_gene450.t1;Augustus}

# EVM prediction: Mode:STANDARD S-ratio: 10000.00 77145-77777 orient(-) score(1266.00) noncoding_equivalent(0.13) raw_noncoding(0.00) offset(0.00) 
77777	77145	single-	4	6	{Augustus_gene871.t1;Augustus}

# EVM prediction: Mode:STANDARD S-ratio: 10000.00 86450-87985 orient(+) score(3072.00) noncoding_equivalent(0.31) raw_noncoding(0.00) offset(0.00) 
86450	87985	single+	1	3	{Augustus_gene231.t1;Augustus}

# EVM prediction: Mode:STANDARD S-ratio: 10000.00 88592-90085 orient(+) score(2988.00) noncoding_equivalent(0.30) raw_noncoding(0.00) offset(0.00) 
88592	90085	single+	1	3	{Augustus_gene22.t1;Augustus}

