!! Predictions spanning range 3432 - 93869 [R1]
# EVM prediction: Mode:STANDARD S-ratio: 10000.00 3432-5849 orient(+) score(4836.00) noncoding_equivalent(0.48) raw_noncoding(0.00) offset(0.00) 
3432	5849	single+	1	3	{Augustus_gene631.t1;Augustus}

# EVM prediction: Mode:STANDARD S-ratio: 10000.00 7834-8634 orient(+) score(1602.00) noncoding_equivalent(0.16) raw_noncoding(0.00) offset(0.00) 
7834	8634	single+	1	3	{Augustus_gene64.t1;Augustus}

# EVM prediction: Mode:STANDARD S-ratio: 10000.00 18209-21046 orient(+) score(5676.00) noncoding_equivalent(0.57) raw_noncoding(0.00) offset(0.00) 
18209	21046	single+	1	3	{Augustus_gene465.t1;Augustus}

# EVM prediction: Mode:STANDARD S-ratio: 10000.00 28824-29921 orient(+) score(2196.00) noncoding_equivalent(0.22) raw_noncoding(0.00) offset(0.00) 
28824	29921	single+	1	3	{Augustus_gene329.t1;Augustus}

# EVM prediction: Mode:STANDARD S-ratio: 10000.00 38406-39881 orient(-) score(2952.00) noncoding_equivalent(0.30) raw_noncoding(0.00) offset(0.00) 
39881	38406	single-	4	6	{Augustus_gene80.t1;Augustus}

# EVM prediction: Mode:STANDARD S-ratio: 10000.00 40281-42446 orient(+) score(4332.00) noncoding_equivalent(0.43) raw_noncoding(0.00) offset(0.00) 
40281	42446	single+	1	3	{Augustus_gene724.t1;Augustus}

# EVM prediction: Mode:STANDARD S-ratio: 10000.00 44692-45486 orient(+) score(1590.00) noncoding_equivalent(0.16) raw_noncoding(0.00) offset(0.00) 
44692	45486	single+	1	3	{Augustus_gene529.t1;Augustus}

# EVM prediction: Mode:STANDARD S-ratio: 10000.00 50272-53044 orient(-) score(5546.00) noncoding_equivalent(0.55) raw_noncoding(0.00) offset(0.00) 
50281	50272	terminal-	6	6	{Augustus_gene108.t1;Augustus}
51506	50282	INTRON			{Augustus_gene108.t1;Augustus}
53044	51507	initial-	4	5	{Augustus_gene108.t1;Augustus}

# EVM prediction: Mode:STANDARD S-ratio: 10000.00 60402-61679 orient(-) score(2556.00) noncoding_equivalent(0.26) raw_noncoding(0.00) offset(0.00) 
61679	60402	single-	4	6	{Augustus_gene957.t1;Augustus}

# EVM prediction: Mode:STANDARD S-ratio: 10000.00 89533-90690 orient(-) score(2316.00) noncoding_equivalent(0.23) raw_noncoding(0.00) offset(0.00) 
90690	89533	single-	4	6	{Augustus_gene637.t1;Augustus}

# EVM prediction: Mode:STANDARD S-ratio: 10000.00 93174-93869 orient(-) score(1392.00) noncoding_equivalent(0.14) raw_noncoding(0.00) offset(0.00) 
93869	93174	single-	4	6	{Augustus_gene89.t1;Augustus}

