!! Predictions spanning range 2295 - 97996 [R1]
# EVM prediction: Mode:STANDARD S-ratio: 5.00 2295-4217 orient(-) score(9615.00) noncoding_equivalent(1923.00) raw_noncoding(1923.00) offset(0.00) 
4217	2295	single-	4	6	{HiQ_model.g3676.t1;HiQ},{GlimmerHMM_glimmerT_4000-T1;GlimmerHMM}

# EVM prediction: Mode:STANDARD S-ratio: 48.28 4498-5421 orient(+) score(3621.00) noncoding_equivalent(75.00) raw_noncoding(75.00) offset(0.00) 
4498	5421	single+	1	3	{GlimmerHMM_glimmerT_4001-T1;GlimmerHMM},{Augustus_model.g3677.t1;Augustus}

# EVM prediction: Mode:STANDARD S-ratio: 4.69 5525-6676 orient(-) score(5688.00) noncoding_equivalent(1214.00) raw_noncoding(1214.00) offset(0.00) 
6676	5525	single-	4	6	{HiQ_model.g3678.t1;HiQ},{GlimmerHMM_glimmerT_4002-T1;GlimmerHMM}

# EVM prediction: Mode:STANDARD S-ratio: 4.86 7124-7642 orient(-) score(2581.00) noncoding_equivalent(531.07) raw_noncoding(531.07) offset(0.00) 
7642	7124	single-	4	6	{HiQ_model.g3679.t1;HiQ},{GlimmerHMM_glimmerT_4003-T1;GlimmerHMM}

# EVM prediction: Mode:STANDARD S-ratio: 5.00 8002-9438 orient(-) score(7185.00) noncoding_equivalent(1437.00) raw_noncoding(1437.00) offset(0.00) 
9438	8002	single-	4	6	{HiQ_model.g3680.t1;HiQ},{GlimmerHMM_glimmerT_4004-T1;GlimmerHMM}

# EVM prediction: Mode:STANDARD S-ratio: 84.07 9714-10241 orient(+) score(2086.00) noncoding_equivalent(24.81) raw_noncoding(24.81) offset(0.00) 
9714	10241	single+	1	3	{Augustus_model.g3681.t1;Augustus},{GlimmerHMM_glimmerT_4005-T1;GlimmerHMM}

# EVM prediction: Mode:STANDARD S-ratio: 5.00 10372-11088 orient(-) score(3585.00) noncoding_equivalent(717.00) raw_noncoding(717.00) offset(0.00) 
11088	10372	single-	4	6	{GlimmerHMM_glimmerT_4006-T1;GlimmerHMM},{HiQ_model.g3682.t1;HiQ}

# EVM prediction: Mode:STANDARD S-ratio: 207.00 12529-13464 orient(+) score(3726.00) noncoding_equivalent(18.00) raw_noncoding(18.00) offset(0.00) 
12529	13464	single+	1	3	{GlimmerHMM_glimmerT_4007-T1;GlimmerHMM},{Augustus_model.g3683.t1;Augustus}

# EVM prediction: Mode:STANDARD S-ratio: 4.92 13858-14871 orient(-) score(5054.00) noncoding_equivalent(1028.17) raw_noncoding(1028.17) offset(0.00) 
14871	13858	single-	4	6	{HiQ_model.g3684.t1;HiQ},{GlimmerHMM_glimmerT_4008-T1;GlimmerHMM}

# EVM prediction: Mode:STANDARD S-ratio: 10000.00 16284-17123 orient(+) score(3360.00) noncoding_equivalent(0.34) raw_noncoding(0.00) offset(0.00) 
16284	17123	single+	1	3	{GlimmerHMM_glimmerT_4009-T1;GlimmerHMM},{Augustus_model.g3685.t1;Augustus}

# EVM prediction: Mode:STANDARD S-ratio: 16.67 17912-23324 orient(+) score(15279.00) noncoding_equivalent(916.76) raw_noncoding(960.00) offset(43.24) 
17912	18939	initial+	1	2	{Augustus_model.g3686.t1;Augustus}
18940	18982	INTRON			{Augustus_model.g3686.t1;Augustus}
18983	23324	terminal+	3	3	{Augustus_model.g3686.t1;Augustus}

# EVM prediction: Mode:STANDARD S-ratio: 1702.98 25300-27444 orient(+) score(8573.00) noncoding_equivalent(5.03) raw_noncoding(5.03) offset(0.00) 
25300	27444	single+	1	3	{Augustus_model.g3687.t1;Augustus},{GlimmerHMM_glimmerT_4011-T1;GlimmerHMM}

# EVM prediction: Mode:STANDARD S-ratio: 44.92 27872-29524 orient(+) score(4851.00) noncoding_equivalent(108.00) raw_noncoding(108.00) offset(0.00) 
27872	29524	single+	1	3	{Augustus_model.g3688.t1;Augustus},{GlimmerHMM_glimmerT_4012-T1;GlimmerHMM}

# EVM prediction: Mode:STANDARD S-ratio: 4.70 29917-31572 orient(-) score(8191.00) noncoding_equivalent(1743.38) raw_noncoding(1743.38) offset(0.00) 
31572	29917	single-	4	6	{HiQ_model.g3689.t1;HiQ},{GlimmerHMM_glimmerT_4013-T1;GlimmerHMM}

# EVM prediction: Mode:STANDARD S-ratio: 5.00 31995-37304 orient(-) score(26544.00) noncoding_equivalent(5310.00) raw_noncoding(5310.00) offset(0.00) 
37304	31995	single-	4	6	{GlimmerHMM_glimmerT_4014-T1;GlimmerHMM},{HiQ_model.g3690.t1;HiQ}

# EVM prediction: Mode:STANDARD S-ratio: 30.33 37700-38754 orient(-) score(4064.00) noncoding_equivalent(134.00) raw_noncoding(145.00) offset(11.00) 
38738	37700	terminal-	6	6	{snap_scaffold_9-snap.90-T1;snap}
38749	38739	INTRON			{snap_scaffold_9-snap.90-T1;snap}
38754	38750	initial-	4	5	{snap_scaffold_9-snap.90-T1;snap}

# EVM prediction: Mode:STANDARD S-ratio: 33.01 38848-40011 orient(-) score(4523.00) noncoding_equivalent(137.00) raw_noncoding(137.00) offset(0.00) 
40011	38848	single-	4	6	{GlimmerHMM_glimmerT_4016-T1;GlimmerHMM}

# EVM prediction: Mode:STANDARD S-ratio: 261.94 41385-43322 orient(+) score(5790.00) noncoding_equivalent(22.10) raw_noncoding(22.10) offset(0.00) 
41385	43322	single+	1	3	{Augustus_model.g3692.t1;Augustus},{GlimmerHMM_glimmerT_4017-T1;GlimmerHMM}

# EVM prediction: Mode:STANDARD S-ratio: 10.57 45050-46732 orient(+) score(6150.00) noncoding_equivalent(582.00) raw_noncoding(582.00) offset(0.00) 
45050	46732	single+	1	3	{Augustus_model.g3693.t1;Augustus},{GlimmerHMM_glimmerT_4018-T1;GlimmerHMM}

# EVM prediction: Mode:STANDARD S-ratio: 30.91 47322-47771 orient(+) score(1742.00) noncoding_equivalent(56.36) raw_noncoding(56.36) offset(0.00) 
47322	47771	single+	1	3	{GlimmerHMM_glimmerT_4019-T1;GlimmerHMM},{Augustus_model.g3694.t1;Augustus}

# EVM prediction: Mode:STANDARD S-ratio: 3.84 49020-50876 orient(-) score(8835.00) noncoding_equivalent(2300.23) raw_noncoding(2300.23) offset(0.00) 
50876	49020	single-	4	6	{HiQ_model.g3695.t1;HiQ},{GlimmerHMM_glimmerT_4020-T1;GlimmerHMM}

# EVM prediction: Mode:STANDARD S-ratio: 29.70 51296-53755 orient(+) score(9518.00) noncoding_equivalent(320.44) raw_noncoding(320.44) offset(0.00) 
51296	53755	single+	1	3	{Augustus_model.g3696.t1;Augustus}

# EVM prediction: Mode:STANDARD S-ratio: 4.97 54315-56351 orient(-) score(10172.00) noncoding_equivalent(2048.13) raw_noncoding(2048.13) offset(0.00) 
56351	54315	single-	4	6	{HiQ_model.g3697.t1;HiQ},{GlimmerHMM_glimmerT_4022-T1;GlimmerHMM}

# EVM prediction: Mode:STANDARD S-ratio: 10000.00 57258-59081 orient(+) score(7287.00) noncoding_equivalent(0.73) raw_noncoding(0.00) offset(0.00) 
57258	59081	single+	1	3	{GlimmerHMM_glimmerT_4023-T1;GlimmerHMM},{Augustus_model.g3698.t1;Augustus}

# EVM prediction: Mode:STANDARD S-ratio: 75.62 59409-61649 orient(+) score(8847.00) noncoding_equivalent(117.00) raw_noncoding(117.00) offset(0.00) 
59409	61649	single+	1	3	{Augustus_model.g3699.t1;Augustus},{GlimmerHMM_glimmerT_4024-T1;GlimmerHMM}

# EVM prediction: Mode:STANDARD S-ratio: 200.71 62077-65253 orient(+) score(12645.00) noncoding_equivalent(63.00) raw_noncoding(63.00) offset(0.00) 
62077	65253	single+	1	3	{Augustus_model.g3700.t1;Augustus},{GlimmerHMM_glimmerT_4025-T1;GlimmerHMM}

# EVM prediction: Mode:STANDARD S-ratio: 3.00 65586-66239 orient(+) score(1962.00) noncoding_equivalent(654.00) raw_noncoding(654.00) offset(0.00) 
65586	66239	single+	1	3	{Augustus_model.g3701.t1;Augustus},{GlimmerHMM_glimmerT_4026-T1;GlimmerHMM}

# EVM prediction: Mode:STANDARD S-ratio: 2.77 66296-66970 orient(+) score(1845.00) noncoding_equivalent(666.73) raw_noncoding(666.73) offset(0.00) 
66296	66970	single+	1	3	{GlimmerHMM_glimmerT_4027-T1;GlimmerHMM},{Augustus_model.g3702.t1;Augustus}

# EVM prediction: Mode:STANDARD S-ratio: 160.74 67249-71685 orient(+) score(13227.00) noncoding_equivalent(82.29) raw_noncoding(82.29) offset(0.00) 
67249	71685	single+	1	3	{GlimmerHMM_glimmerT_4028-T1;GlimmerHMM},{Augustus_model.g3703.t1;Augustus}

# EVM prediction: Mode:STANDARD S-ratio: 3.27 71815-74436 orient(-) score(12051.00) noncoding_equivalent(3681.00) raw_noncoding(3681.00) offset(0.00) 
74436	71815	single-	4	6	{HiQ_model.g3704.t1;HiQ}

# EVM prediction: Mode:STANDARD S-ratio: 2.00 74731-76806 orient(-) score(8304.00) noncoding_equivalent(4152.00) raw_noncoding(4152.00) offset(0.00) 
76806	74731	single-	4	6	{GlimmerHMM_glimmerT_4030-T1;GlimmerHMM},{HiQ_model.g3705.t1;HiQ}

# EVM prediction: Mode:STANDARD S-ratio: 42.93 77417-80941 orient(+) score(13779.00) noncoding_equivalent(321.00) raw_noncoding(321.00) offset(0.00) 
77417	80941	single+	1	3	{GlimmerHMM_glimmerT_4031-T1;GlimmerHMM},{Augustus_model.g3706.t1;Augustus}

# EVM prediction: Mode:STANDARD S-ratio: 4.88 81074-82570 orient(-) score(7428.00) noncoding_equivalent(1521.00) raw_noncoding(1521.00) offset(0.00) 
82570	81074	single-	4	6	{HiQ_model.g3707.t1;HiQ}

# EVM prediction: Mode:STANDARD S-ratio: 4.77 82751-85045 orient(-) score(11384.00) noncoding_equivalent(2385.52) raw_noncoding(2385.52) offset(0.00) 
85045	82751	single-	4	6	{GlimmerHMM_glimmerT_4033-T1;GlimmerHMM},{HiQ_model.g3708.t1;HiQ}

# EVM prediction: Mode:STANDARD S-ratio: 149.91 85920-88409 orient(+) score(9894.00) noncoding_equivalent(66.00) raw_noncoding(66.00) offset(0.00) 
85920	88409	single+	1	3	{Augustus_model.g3709.t1;Augustus},{GlimmerHMM_glimmerT_4034-T1;GlimmerHMM}

# EVM prediction: Mode:STANDARD S-ratio: 5.78 88793-89809 orient(+) score(3468.00) noncoding_equivalent(600.00) raw_noncoding(600.00) offset(0.00) 
88793	89809	single+	1	3	{Augustus_model.g3710.t1;Augustus},{GlimmerHMM_glimmerT_4035-T1;GlimmerHMM}

# EVM prediction: Mode:STANDARD S-ratio: 5.00 89996-92479 orient(-) score(12428.00) noncoding_equivalent(2484.00) raw_noncoding(2484.00) offset(0.00) 
92479	89996	single-	4	6	{HiQ_model.g3711.t1;HiQ},{GlimmerHMM_glimmerT_4036-T1;GlimmerHMM}

# EVM prediction: Mode:STANDARD S-ratio: 3.00 92821-94692 orient(+) score(5616.00) noncoding_equivalent(1872.00) raw_noncoding(1872.00) offset(0.00) 
92821	94692	single+	1	3	{GlimmerHMM_glimmerT_4037-T1;GlimmerHMM},{Augustus_model.g3712.t1;Augustus}

# EVM prediction: Mode:STANDARD S-ratio: 5.00 94856-97996 orient(-) score(15705.00) noncoding_equivalent(3141.00) raw_noncoding(3141.00) offset(0.00) 
97996	94856	single-	4	6	{HiQ_model.g3713.t1;HiQ},{GlimmerHMM_glimmerT_4038-T1;GlimmerHMM}

