!! Predictions spanning range 36722 - 96680 [R1]
# EVM prediction: Mode:STANDARD S-ratio: 10000.00 36722-37903 orient(+) score(2364.00) noncoding_equivalent(0.24) raw_noncoding(0.00) offset(0.00) 
36722	37903	single+	1	3	{Augustus_gene681.t1;Augustus}

# EVM prediction: Mode:STANDARD S-ratio: 10000.00 46327-47637 orient(+) score(2622.00) noncoding_equivalent(0.26) raw_noncoding(0.00) offset(0.00) 
46327	47637	single+	1	3	{Augustus_gene814.t1;Augustus}

# EVM prediction: Mode:STANDARD S-ratio: 10000.00 54607-56487 orient(-) score(3762.00) noncoding_equivalent(0.38) raw_noncoding(0.00) offset(0.00) 
56487	54607	single-	4	6	{Augustus_gene185.t1;Augustus}

# EVM prediction: Mode:STANDARD S-ratio: 10000.00 57119-57988 orient(-) score(1740.00) noncoding_equivalent(0.17) raw_noncoding(0.00) offset(0.00) 
57988	57119	single-	4	6	{Augustus_gene760.t1;Augustus}

# EVM prediction: Mode:STANDARD S-ratio: 10000.00 60307-61692 orient(+) score(2772.00) noncoding_equivalent(0.28) raw_noncoding(0.00) offset(0.00) 
60307	61692	single+	1	3	{Augustus_gene569.t1;Augustus}

# EVM prediction: Mode:STANDARD S-ratio: 10000.00 62014-64152 orient(-) score(4278.00) noncoding_equivalent(0.43) raw_noncoding(0.00) offset(0.00) 
64152	62014	single-	4	6	{Augustus_gene293.t1;Augustus}

# EVM prediction: Mode:STANDARD S-ratio: 10000.00 75433-76950 orient(+) score(3036.00) noncoding_equivalent(0.30) raw_noncoding(0.00) offset(0.00) 
75433	76950	single+	1	3	{Augustus_gene797.t1;Augustus}

# EVM prediction: Mode:STANDARD S-ratio: 10000.00 77872-78828 orient(+) score(1914.00) noncoding_equivalent(0.19) raw_noncoding(0.00) offset(0.00) 
77872	78828	single+	1	3	{Augustus_gene390.t1;Augustus}

# EVM prediction: Mode:STANDARD S-ratio: 10000.00 84383-85135 orient(-) score(1506.00) noncoding_equivalent(0.15) raw_noncoding(0.00) offset(0.00) 
85135	84383	single-	4	6	{Augustus_gene305.t1;Augustus}

# EVM prediction: Mode:STANDARD S-ratio: 10000.00 94662-95384 orient(+) score(1446.00) noncoding_equivalent(0.14) raw_noncoding(0.00) offset(0.00) 
94662	95384	single+	1	3	{Augustus_gene801.t1;Augustus}

# EVM prediction: Mode:STANDARD S-ratio: 10000.00 95658-96680 orient(-) score(2046.00) noncoding_equivalent(0.20) raw_noncoding(0.00) offset(0.00) 
96680	95658	single-	4	6	{Augustus_gene477.t1;Augustus}

