!! Predictions spanning range 1410 - 99970 [R1]
# EVM prediction: Mode:STANDARD S-ratio: 4.72 1410-3200 orient(-) score(8868.00) noncoding_equivalent(1878.00) raw_noncoding(1878.00) offset(0.00) 
3200	1410	single-	4	6	{HiQ_model.g330.t1;HiQ},{GlimmerHMM_glimmerT_354-T1;GlimmerHMM}

# EVM prediction: Mode:STANDARD S-ratio: 458.35 3838-5469 orient(+) score(6512.00) noncoding_equivalent(14.21) raw_noncoding(14.21) offset(0.00) 
3838	5469	single+	1	3	{GlimmerHMM_glimmerT_355-T1;GlimmerHMM},{Augustus_model.g331.t1;Augustus}

# EVM prediction: Mode:STANDARD S-ratio: 4.88 5723-7852 orient(-) score(10606.00) noncoding_equivalent(2172.32) raw_noncoding(2172.32) offset(0.00) 
7852	5723	single-	4	6	{HiQ_model.g332.t1;HiQ},{GlimmerHMM_glimmerT_356-T1;GlimmerHMM}

# EVM prediction: Mode:STANDARD S-ratio: 159.92 8777-10345 orient(+) score(6237.00) noncoding_equivalent(39.00) raw_noncoding(39.00) offset(0.00) 
8777	10345	single+	1	3	{Augustus_model.g333.t1;Augustus}

# EVM prediction: Mode:STANDARD S-ratio: 2.00 10785-12176 orient(-) score(5568.00) noncoding_equivalent(2784.00) raw_noncoding(2784.00) offset(0.00) 
12176	10785	single-	4	6	{GlimmerHMM_glimmerT_358-T1;GlimmerHMM},{HiQ_model.g334.t1;HiQ}

# EVM prediction: Mode:STANDARD S-ratio: 5.52 12738-20841 orient(+) score(15394.00) noncoding_equivalent(2790.76) raw_noncoding(2840.85) offset(50.09) 
12738	14615	initial+	1	3	{Augustus_model.g335.t1;Augustus}
14616	16608	INTRON			{Augustus_model.g335.t1;Augustus}
16609	18149	internal+	1	2	{Augustus_model.g335.t1;Augustus}
18150	18347	INTRON			{Augustus_model.g335.t1;Augustus}
18348	20841	terminal+	3	3	{Augustus_model.g335.t1;Augustus}

# EVM prediction: Mode:STANDARD S-ratio: 4.26 21145-22122 orient(-) score(4752.00) noncoding_equivalent(1116.00) raw_noncoding(1116.00) offset(0.00) 
22122	21145	single-	4	6	{HiQ_model.g336.t1;HiQ}

# EVM prediction: Mode:STANDARD S-ratio: 10000.00 22673-23470 orient(+) score(3192.00) noncoding_equivalent(0.32) raw_noncoding(0.00) offset(0.00) 
22673	23470	single+	1	3	{GlimmerHMM_glimmerT_361-T1;GlimmerHMM},{Augustus_model.g337.t1;Augustus}

# EVM prediction: Mode:STANDARD S-ratio: 4.91 23707-24945 orient(-) score(6174.00) noncoding_equivalent(1258.08) raw_noncoding(1258.08) offset(0.00) 
24945	23707	single-	4	6	{HiQ_model.g338.t1;HiQ},{GlimmerHMM_glimmerT_362-T1;GlimmerHMM}

# EVM prediction: Mode:STANDARD S-ratio: 10000.00 25486-25974 orient(-) score(1709.00) noncoding_equivalent(0.17) raw_noncoding(0.00) offset(0.00) 
25974	25486	single-	4	6	{Augustus_model.g339.t1;Augustus},{GlimmerHMM_glimmerT_363-T1;GlimmerHMM}

# EVM prediction: Mode:STANDARD S-ratio: 89.84 26499-26912 orient(+) score(1644.00) noncoding_equivalent(18.30) raw_noncoding(18.30) offset(0.00) 
26499	26912	single+	1	3	{GlimmerHMM_glimmerT_364-T1;GlimmerHMM}

# EVM prediction: Mode:STANDARD S-ratio: 36.29 27331-28428 orient(+) score(4273.00) noncoding_equivalent(117.75) raw_noncoding(117.75) offset(0.00) 
27331	28428	single+	1	3	{Augustus_model.g341.t1;Augustus},{GlimmerHMM_glimmerT_365-T1;GlimmerHMM}

# EVM prediction: Mode:STANDARD S-ratio: 75.67 28851-32756 orient(+) score(15420.00) noncoding_equivalent(203.77) raw_noncoding(203.77) offset(0.00) 
28851	32756	single+	1	3	{GlimmerHMM_glimmerT_366-T1;GlimmerHMM}

# EVM prediction: Mode:STANDARD S-ratio: 43.49 33137-35695 orient(+) score(7505.00) noncoding_equivalent(172.57) raw_noncoding(172.57) offset(0.00) 
33137	35695	single+	1	3	{GlimmerHMM_glimmerT_367-T1;GlimmerHMM}

# EVM prediction: Mode:STANDARD S-ratio: 387.00 35991-37154 orient(+) score(4644.00) noncoding_equivalent(12.00) raw_noncoding(12.00) offset(0.00) 
35991	37154	single+	1	3	{GlimmerHMM_glimmerT_368-T1;GlimmerHMM}

# EVM prediction: Mode:STANDARD S-ratio: 3.76 37338-38039 orient(-) score(3321.00) noncoding_equivalent(883.00) raw_noncoding(883.00) offset(0.00) 
38039	37338	single-	4	6	{GlimmerHMM_glimmerT_369-T1;GlimmerHMM},{HiQ_model.g343.t1;HiQ}

# EVM prediction: Mode:STANDARD S-ratio: 94.32 38371-38898 orient(+) score(2088.00) noncoding_equivalent(22.14) raw_noncoding(22.14) offset(0.00) 
38371	38898	single+	1	3	{Augustus_model.g344.t1;Augustus},{GlimmerHMM_glimmerT_370-T1;GlimmerHMM}

# EVM prediction: Mode:STANDARD S-ratio: 4.89 38989-41163 orient(-) score(10835.00) noncoding_equivalent(2214.49) raw_noncoding(2214.49) offset(0.00) 
41163	38989	single-	4	6	{GlimmerHMM_glimmerT_371-T1;GlimmerHMM},{HiQ_model.g345.t1;HiQ}

# EVM prediction: Mode:STANDARD S-ratio: 10000.00 41819-43153 orient(+) score(5340.00) noncoding_equivalent(0.53) raw_noncoding(0.00) offset(0.00) 
41819	43153	single+	1	3	{Augustus_model.g346.t1;Augustus},{GlimmerHMM_glimmerT_372-T1;GlimmerHMM}

# EVM prediction: Mode:STANDARD S-ratio: 4.99 43254-46169 orient(-) score(14572.00) noncoding_equivalent(2922.02) raw_noncoding(2922.02) offset(0.00) 
46169	43254	single-	4	6	{GlimmerHMM_glimmerT_373-T1;GlimmerHMM},{HiQ_model.g347.t1;HiQ}

# EVM prediction: Mode:STANDARD S-ratio: 3.02 46397-47017 orient(+) score(1863.00) noncoding_equivalent(617.37) raw_noncoding(617.37) offset(0.00) 
46397	47017	single+	1	3	{GlimmerHMM_glimmerT_374-T1;GlimmerHMM},{Augustus_model.g348.t1;Augustus}

# EVM prediction: Mode:STANDARD S-ratio: 10000.00 47276-48796 orient(+) score(6084.00) noncoding_equivalent(0.61) raw_noncoding(0.00) offset(0.00) 
47276	48796	single+	1	3	{Augustus_model.g349.t1;Augustus},{GlimmerHMM_glimmerT_375-T1;GlimmerHMM}

# EVM prediction: Mode:STANDARD S-ratio: 5.00 49296-50837 orient(-) score(7710.00) noncoding_equivalent(1542.00) raw_noncoding(1542.00) offset(0.00) 
50837	49296	single-	4	6	{HiQ_model.g350.t1;HiQ},{GlimmerHMM_glimmerT_376-T1;GlimmerHMM}

# EVM prediction: Mode:STANDARD S-ratio: 2399.04 53143-59172 orient(-) score(24108.00) noncoding_equivalent(10.05) raw_noncoding(10.05) offset(0.00) 
59172	53143	single-	4	6	{GlimmerHMM_glimmerT_377-T1;GlimmerHMM},{Augustus_model.g351.t1;Augustus}

# EVM prediction: Mode:STANDARD S-ratio: 1.84 60159-60602 orient(-) score(862.00) noncoding_equivalent(468.46) raw_noncoding(468.46) offset(0.00) 
60602	60159	single-	4	6	{GlimmerHMM_glimmerT_378-T1;GlimmerHMM}

# EVM prediction: Mode:STANDARD S-ratio: 24.93 61734-62861 orient(+) score(4338.00) noncoding_equivalent(174.00) raw_noncoding(174.00) offset(0.00) 
61734	62861	single+	1	3	{GlimmerHMM_glimmerT_379-T1;GlimmerHMM},{Augustus_model.g352.t1;Augustus}

# EVM prediction: Mode:STANDARD S-ratio: 38.20 63439-65496 orient(+) score(8022.00) noncoding_equivalent(210.00) raw_noncoding(210.00) offset(0.00) 
63439	65496	single+	1	3	{Augustus_model.g353.t1;Augustus},{GlimmerHMM_glimmerT_380-T1;GlimmerHMM}

# EVM prediction: Mode:STANDARD S-ratio: 4.88 65692-66765 orient(-) score(5347.00) noncoding_equivalent(1095.74) raw_noncoding(1095.74) offset(0.00) 
66765	65692	single-	4	6	{GlimmerHMM_glimmerT_381-T1;GlimmerHMM},{HiQ_model.g354.t1;HiQ}

# EVM prediction: Mode:STANDARD S-ratio: 3.00 67243-67983 orient(+) score(2223.00) noncoding_equivalent(741.00) raw_noncoding(741.00) offset(0.00) 
67243	67983	single+	1	3	{Augustus_model.g355.t1;Augustus},{GlimmerHMM_glimmerT_382-T1;GlimmerHMM}

# EVM prediction: Mode:STANDARD S-ratio: 1.89 68320-69279 orient(-) score(3768.00) noncoding_equivalent(1992.00) raw_noncoding(1992.00) offset(0.00) 
69279	68320	single-	4	6	{HiQ_model.g356.t1;HiQ}

# EVM prediction: Mode:STANDARD S-ratio: 10000.00 69579-71687 orient(+) score(8436.00) noncoding_equivalent(0.84) raw_noncoding(0.00) offset(0.00) 
69579	71687	single+	1	3	{Augustus_model.g357.t1;Augustus},{GlimmerHMM_glimmerT_384-T1;GlimmerHMM}

# EVM prediction: Mode:STANDARD S-ratio: 146.49 71999-72646 orient(+) score(1929.00) noncoding_equivalent(13.17) raw_noncoding(13.17) offset(0.00) 
71999	72646	single+	1	3	{Augustus_model.g358.t1;Augustus},{GlimmerHMM_glimmerT_385-T1;GlimmerHMM}

# EVM prediction: Mode:STANDARD S-ratio: 10000.00 73071-73616 orient(+) score(2184.00) noncoding_equivalent(0.22) raw_noncoding(0.00) offset(0.00) 
73071	73616	single+	1	3	{GlimmerHMM_glimmerT_386-T1;GlimmerHMM},{Augustus_model.g359.t1;Augustus}

# EVM prediction: Mode:STANDARD S-ratio: 5.00 73829-74317 orient(-) score(2445.00) noncoding_equivalent(489.00) raw_noncoding(489.00) offset(0.00) 
74317	73829	single-	4	6	{HiQ_model.g360.t1;HiQ},{GlimmerHMM_glimmerT_387-T1;GlimmerHMM}

# EVM prediction: Mode:STANDARD S-ratio: 57.09 74554-75945 orient(+) score(5471.00) noncoding_equivalent(95.83) raw_noncoding(95.83) offset(0.00) 
74554	75945	single+	1	3	{Augustus_model.g361.t1;Augustus},{GlimmerHMM_glimmerT_388-T1;GlimmerHMM}

# EVM prediction: Mode:STANDARD S-ratio: 89.55 76418-80899 orient(+) score(17730.00) noncoding_equivalent(198.00) raw_noncoding(198.00) offset(0.00) 
76418	80899	single+	1	3	{GlimmerHMM_glimmerT_389-T1;GlimmerHMM},{Augustus_model.g362.t1;Augustus}

# EVM prediction: Mode:STANDARD S-ratio: 4.93 81033-82478 orient(-) score(7212.00) noncoding_equivalent(1464.00) raw_noncoding(1464.00) offset(0.00) 
82478	81033	single-	4	6	{HiQ_model.g363.t1;HiQ},{GlimmerHMM_glimmerT_390-T1;GlimmerHMM}

# EVM prediction: Mode:STANDARD S-ratio: 29.28 82705-84180 orient(+) score(5709.00) noncoding_equivalent(195.00) raw_noncoding(195.00) offset(0.00) 
82705	84180	single+	1	3	{Augustus_model.g364.t1;Augustus},{GlimmerHMM_glimmerT_391-T1;GlimmerHMM}

# EVM prediction: Mode:STANDARD S-ratio: 149.37 84708-85400 orient(+) score(2752.00) noncoding_equivalent(18.42) raw_noncoding(18.42) offset(0.00) 
84708	85400	single+	1	3	{GlimmerHMM_glimmerT_392-T1;GlimmerHMM},{Augustus_model.g365.t1;Augustus}

# EVM prediction: Mode:STANDARD S-ratio: 5.03 85752-86636 orient(-) score(4451.00) noncoding_equivalent(885.00) raw_noncoding(885.00) offset(0.00) 
86636	85752	single-	4	6	{GlimmerHMM_glimmerT_393-T1;GlimmerHMM},{HiQ_model.g366.t1;HiQ}

# EVM prediction: Mode:STANDARD S-ratio: 2.00 87057-87596 orient(-) score(2160.00) noncoding_equivalent(1080.00) raw_noncoding(1080.00) offset(0.00) 
87596	87057	single-	4	6	{GlimmerHMM_glimmerT_394-T1;GlimmerHMM},{HiQ_model.g367.t1;HiQ}

# EVM prediction: Mode:STANDARD S-ratio: 4.73 87982-90606 orient(-) score(12999.00) noncoding_equivalent(2751.00) raw_noncoding(2751.00) offset(0.00) 
90606	87982	single-	4	6	{HiQ_model.g368.t1;HiQ},{GlimmerHMM_glimmerT_395-T1;GlimmerHMM}

# EVM prediction: Mode:STANDARD S-ratio: 10000.00 91537-93177 orient(+) score(4923.00) noncoding_equivalent(0.49) raw_noncoding(0.00) offset(0.00) 
91537	93177	single+	1	3	{GlimmerHMM_glimmerT_396-T1;GlimmerHMM},{Augustus_model.g369.t1;Augustus}

# EVM prediction: Mode:STANDARD S-ratio: 94.29 93518-95518 orient(+) score(7920.00) noncoding_equivalent(84.00) raw_noncoding(84.00) offset(0.00) 
93518	95518	single+	1	3	{GlimmerHMM_glimmerT_397-T1;GlimmerHMM},{Augustus_model.g370.t1;Augustus}

# EVM prediction: Mode:STANDARD S-ratio: 4.82 95723-97114 orient(-) score(6916.00) noncoding_equivalent(1434.42) raw_noncoding(1434.42) offset(0.00) 
97114	95723	single-	4	6	{GlimmerHMM_glimmerT_398-T1;GlimmerHMM},{HiQ_model.g371.t1;HiQ}

# EVM prediction: Mode:STANDARD S-ratio: 2.00 97456-98568 orient(+) score(2226.00) noncoding_equivalent(1113.00) raw_noncoding(1113.00) offset(0.00) 
97456	98568	single+	1	3	{Augustus_model.g372.t1;Augustus},{GlimmerHMM_glimmerT_399-T1;GlimmerHMM}

# EVM prediction: Mode:STANDARD S-ratio: 2.00 98678-99970 orient(-) score(5172.00) noncoding_equivalent(2586.00) raw_noncoding(2586.00) offset(0.00) 
99970	98678	single-	4	6	{HiQ_model.g373.t1;HiQ},{GlimmerHMM_glimmerT_400-T1;GlimmerHMM}

