!! Predictions spanning range 1434 - 99640 [R1]
# EVM prediction: Mode:STANDARD S-ratio: 2.00 1434-2342 orient(-) score(3636.00) noncoding_equivalent(1818.00) raw_noncoding(1818.00) offset(0.00) 
2342	1434	single-	4	6	{HiQ_model.g320.t1;HiQ},{GlimmerHMM_glimmerT_346-T1;GlimmerHMM}

# EVM prediction: Mode:STANDARD S-ratio: 368.61 2973-4352 orient(+) score(5248.00) noncoding_equivalent(14.24) raw_noncoding(14.24) offset(0.00) 
2973	4352	single+	1	3	{GlimmerHMM_glimmerT_347-T1;GlimmerHMM},{Augustus_model.g321.t1;Augustus}

# EVM prediction: Mode:STANDARD S-ratio: 117.87 5337-6650 orient(+) score(5212.00) noncoding_equivalent(44.22) raw_noncoding(44.22) offset(0.00) 
5337	6650	single+	1	3	{GlimmerHMM_glimmerT_348-T1;GlimmerHMM},{Augustus_model.g322.t1;Augustus}

# EVM prediction: Mode:STANDARD S-ratio: 4.00 7138-8664 orient(+) score(6108.00) noncoding_equivalent(1527.00) raw_noncoding(1527.00) offset(0.00) 
7138	8664	single+	1	3	{HiQ_model.g323.t1;HiQ},{GlimmerHMM_glimmerT_349-T1;GlimmerHMM}

# EVM prediction: Mode:STANDARD S-ratio: 192.75 9110-9796 orient(+) score(2732.00) noncoding_equivalent(14.17) raw_noncoding(14.17) offset(0.00) 
9110	9796	single+	1	3	{GlimmerHMM_glimmerT_350-T1;GlimmerHMM},{Augustus_model.g324.t1;Augustus}

# EVM prediction: Mode:STANDARD S-ratio: 359.45 10380-12782 orient(+) score(7189.00) noncoding_equivalent(20.00) raw_noncoding(20.00) offset(0.00) 
10380	12782	single+	1	3	{Augustus_model.g325.t1;Augustus},{GlimmerHMM_glimmerT_351-T1;GlimmerHMM}

# EVM prediction: Mode:STANDARD S-ratio: 3.71 13089-13941 orient(-) score(5118.00) noncoding_equivalent(1380.00) raw_noncoding(1911.00) offset(531.00) 
13393	13089	terminal-	5	6	{snap_scaffold_1-snap.290-T1;snap},{HiQ_model.g326.t1;HiQ},{GlimmerHMM_glimmerT_352-T1;GlimmerHMM}
13922	13394	INTRON			{snap_scaffold_1-snap.290-T1;snap},{HiQ_model.g326.t1;HiQ},{GlimmerHMM_glimmerT_352-T1;GlimmerHMM},{ev_type:exonerate/ID=match.147026.1945/Target=YPL143W;exonerate},{ev_type:exonerate/ID=match.147026.1274/Target=YOR234C;exonerate}
13941	13923	initial-	4	4	{snap_scaffold_1-snap.290-T1;snap},{HiQ_model.g326.t1;HiQ},{GlimmerHMM_glimmerT_352-T1;GlimmerHMM}

# EVM prediction: Mode:STANDARD S-ratio: 303.79 15443-16078 orient(+) score(2536.00) noncoding_equivalent(8.35) raw_noncoding(8.35) offset(0.00) 
15443	16078	single+	1	3	{Augustus_model.g327.t1;Augustus},{GlimmerHMM_glimmerT_353-T1;GlimmerHMM}

# EVM prediction: Mode:STANDARD S-ratio: 108.96 16533-17837 orient(+) score(5174.00) noncoding_equivalent(47.48) raw_noncoding(47.48) offset(0.00) 
16533	17837	single+	1	3	{Augustus_model.g328.t1;Augustus},{GlimmerHMM_glimmerT_354-T1;GlimmerHMM}

# EVM prediction: Mode:STANDARD S-ratio: 10000.00 18215-19126 orient(+) score(3639.00) noncoding_equivalent(0.36) raw_noncoding(0.00) offset(0.00) 
18215	19126	single+	1	3	{Augustus_model.g329.t1;Augustus},{GlimmerHMM_glimmerT_355-T1;GlimmerHMM}

# EVM prediction: Mode:STANDARD S-ratio: 52.15 19395-21282 orient(+) score(7406.00) noncoding_equivalent(142.00) raw_noncoding(162.00) offset(20.00) 
19395	20211	initial+	1	1	{snap_scaffold_1-snap.294-T1;snap},{GlimmerHMM_glimmerT_356-T1;GlimmerHMM},{Augustus_model.g330.t1;Augustus}
20212	20284	INTRON			{GlimmerHMM_glimmerT_356-T1;GlimmerHMM},{Augustus_model.g330.t1;Augustus}
20285	21282	terminal+	2	3	{GlimmerHMM_glimmerT_356-T1;GlimmerHMM},{Augustus_model.g330.t1;Augustus}

# EVM prediction: Mode:STANDARD S-ratio: 3.04 21718-23178 orient(+) score(4383.00) noncoding_equivalent(1443.85) raw_noncoding(1443.85) offset(0.00) 
21718	23178	single+	1	3	{GlimmerHMM_glimmerT_357-T1;GlimmerHMM},{Augustus_model.g331.t1;Augustus}

# EVM prediction: Mode:STANDARD S-ratio: 4.99 23279-24394 orient(-) score(5579.00) noncoding_equivalent(1117.01) raw_noncoding(1117.01) offset(0.00) 
24394	23279	single-	4	6	{HiQ_model.g332.t1;HiQ},{GlimmerHMM_glimmerT_358-T1;GlimmerHMM}

# EVM prediction: Mode:STANDARD S-ratio: 4.94 24748-26778 orient(-) score(10134.00) noncoding_equivalent(2052.00) raw_noncoding(2052.00) offset(0.00) 
26778	24748	single-	4	6	{HiQ_model.g333.t1;HiQ},{GlimmerHMM_glimmerT_359-T1;GlimmerHMM}

# EVM prediction: Mode:STANDARD S-ratio: 146.91 27068-28405 orient(+) score(5316.00) noncoding_equivalent(36.18) raw_noncoding(36.18) offset(0.00) 
27068	28405	single+	1	3	{GlimmerHMM_glimmerT_360-T1;GlimmerHMM},{Augustus_model.g334.t1;Augustus}

# EVM prediction: Mode:STANDARD S-ratio: 2.02 28613-29869 orient(-) score(5028.00) noncoding_equivalent(2491.75) raw_noncoding(2491.75) offset(0.00) 
29869	28613	single-	4	6	{HiQ_model.g335.t1;HiQ},{GlimmerHMM_glimmerT_361-T1;GlimmerHMM}

# EVM prediction: Mode:STANDARD S-ratio: 4.77 30337-31329 orient(-) score(4926.00) noncoding_equivalent(1032.00) raw_noncoding(1032.00) offset(0.00) 
31329	30337	single-	4	6	{HiQ_model.g336.t1;HiQ},{GlimmerHMM_glimmerT_362-T1;GlimmerHMM}

# EVM prediction: Mode:STANDARD S-ratio: 46.72 32211-32843 orient(+) score(2149.00) noncoding_equivalent(46.00) raw_noncoding(46.00) offset(0.00) 
32211	32843	single+	1	3	{Augustus_model.g337.t1;Augustus},{GlimmerHMM_glimmerT_363-T1;GlimmerHMM}

# EVM prediction: Mode:STANDARD S-ratio: 4.84 33207-35264 orient(-) score(10233.00) noncoding_equivalent(2115.00) raw_noncoding(2115.00) offset(0.00) 
35264	33207	single-	4	6	{HiQ_model.g338.t1;HiQ},{GlimmerHMM_glimmerT_364-T1;GlimmerHMM}

# EVM prediction: Mode:STANDARD S-ratio: 4.33 35503-36840 orient(-) score(6521.00) noncoding_equivalent(1507.00) raw_noncoding(1507.00) offset(0.00) 
36840	35503	single-	4	6	{HiQ_model.g339.t1;HiQ},{GlimmerHMM_glimmerT_365-T1;GlimmerHMM}

# EVM prediction: Mode:STANDARD S-ratio: 4.99 37083-37997 orient(-) score(4569.00) noncoding_equivalent(915.00) raw_noncoding(915.00) offset(0.00) 
37997	37083	single-	4	6	{HiQ_model.g340.t1;HiQ},{GlimmerHMM_glimmerT_366-T1;GlimmerHMM}

# EVM prediction: Mode:STANDARD S-ratio: 71.48 38200-38736 orient(+) score(2119.00) noncoding_equivalent(29.64) raw_noncoding(29.64) offset(0.00) 
38200	38736	single+	1	3	{Augustus_model.g341.t1;Augustus},{GlimmerHMM_glimmerT_367-T1;GlimmerHMM}

# EVM prediction: Mode:STANDARD S-ratio: 10000.00 38910-39440 orient(+) score(2124.00) noncoding_equivalent(0.21) raw_noncoding(0.00) offset(0.00) 
38910	39440	single+	1	3	{GlimmerHMM_glimmerT_368-T1;GlimmerHMM},{Augustus_model.g342.t1;Augustus}

# EVM prediction: Mode:STANDARD S-ratio: 4.47 39564-41555 orient(-) score(9768.00) noncoding_equivalent(2184.00) raw_noncoding(2184.00) offset(0.00) 
41555	39564	single-	4	6	{GlimmerHMM_glimmerT_369-T1;GlimmerHMM},{HiQ_model.g343.t1;HiQ}

# EVM prediction: Mode:STANDARD S-ratio: 24.65 41990-42643 orient(+) score(2514.00) noncoding_equivalent(102.00) raw_noncoding(102.00) offset(0.00) 
41990	42643	single+	1	3	{Augustus_model.g344.t1;Augustus}

# EVM prediction: Mode:STANDARD S-ratio: 4.88 42790-45219 orient(-) score(12099.00) noncoding_equivalent(2481.00) raw_noncoding(2481.00) offset(0.00) 
45219	42790	single-	4	6	{HiQ_model.g345.t1;HiQ},{GlimmerHMM_glimmerT_371-T1;GlimmerHMM}

# EVM prediction: Mode:STANDARD S-ratio: 38.67 45544-46029 orient(+) score(1895.00) noncoding_equivalent(49.00) raw_noncoding(49.00) offset(0.00) 
45544	46029	single+	1	3	{GlimmerHMM_glimmerT_372-T1;GlimmerHMM},{Augustus_model.g346.t1;Augustus}

# EVM prediction: Mode:STANDARD S-ratio: 3.12 46207-46860 orient(+) score(1962.00) noncoding_equivalent(629.55) raw_noncoding(629.55) offset(0.00) 
46207	46860	single+	1	3	{GlimmerHMM_glimmerT_373-T1;GlimmerHMM},{Augustus_model.g347.t1;Augustus}

# EVM prediction: Mode:STANDARD S-ratio: 62.85 46931-48244 orient(-) score(3882.00) noncoding_equivalent(61.76) raw_noncoding(61.76) offset(0.00) 
48244	46931	single-	4	6	{Augustus_model.g348.t1;Augustus},{GlimmerHMM_glimmerT_374-T1;GlimmerHMM}

# EVM prediction: Mode:STANDARD S-ratio: 1296.03 48523-50259 orient(+) score(6943.00) noncoding_equivalent(5.36) raw_noncoding(5.36) offset(0.00) 
48523	50259	single+	1	3	{Augustus_model.g349.t1;Augustus},{GlimmerHMM_glimmerT_375-T1;GlimmerHMM}

# EVM prediction: Mode:STANDARD S-ratio: 4.65 50454-51464 orient(-) score(4993.00) noncoding_equivalent(1074.32) raw_noncoding(1074.32) offset(0.00) 
51464	50454	single-	4	6	{HiQ_model.g350.t1;HiQ},{GlimmerHMM_glimmerT_376-T1;GlimmerHMM}

# EVM prediction: Mode:STANDARD S-ratio: 231.00 51825-52868 orient(+) score(4158.00) noncoding_equivalent(18.00) raw_noncoding(18.00) offset(0.00) 
51825	52868	single+	1	3	{GlimmerHMM_glimmerT_377-T1;GlimmerHMM},{Augustus_model.g351.t1;Augustus}

# EVM prediction: Mode:STANDARD S-ratio: 172.42 53399-54691 orient(+) score(5143.00) noncoding_equivalent(29.83) raw_noncoding(29.83) offset(0.00) 
53399	54691	single+	1	3	{GlimmerHMM_glimmerT_378-T1;GlimmerHMM},{Augustus_model.g352.t1;Augustus}

# EVM prediction: Mode:STANDARD S-ratio: 23.06 54987-55307 orient(+) score(1231.00) noncoding_equivalent(53.38) raw_noncoding(53.38) offset(0.00) 
54987	55307	single+	1	3	{Augustus_model.g353.t1;Augustus},{GlimmerHMM_glimmerT_379-T1;GlimmerHMM}

# EVM prediction: Mode:STANDARD S-ratio: 10000.00 55556-56827 orient(+) score(5088.00) noncoding_equivalent(0.51) raw_noncoding(0.00) offset(0.00) 
55556	56827	single+	1	3	{GlimmerHMM_glimmerT_380-T1;GlimmerHMM},{Augustus_model.g354.t1;Augustus}

# EVM prediction: Mode:STANDARD S-ratio: 1155.94 57121-59451 orient(-) score(6987.00) noncoding_equivalent(6.04) raw_noncoding(6.04) offset(0.00) 
59451	57121	single-	4	6	{Augustus_model.g355.t1;Augustus},{GlimmerHMM_glimmerT_381-T1;GlimmerHMM}

# EVM prediction: Mode:STANDARD S-ratio: 3.00 60968-62452 orient(+) score(4455.00) noncoding_equivalent(1485.00) raw_noncoding(1485.00) offset(0.00) 
60968	62452	single+	1	3	{GlimmerHMM_glimmerT_382-T1;GlimmerHMM},{Augustus_model.g356.t1;Augustus}

# EVM prediction: Mode:STANDARD S-ratio: 4.94 62635-65157 orient(-) score(12589.00) noncoding_equivalent(2549.35) raw_noncoding(2549.35) offset(0.00) 
65157	62635	single-	4	6	{GlimmerHMM_glimmerT_383-T1;GlimmerHMM},{HiQ_model.g357.t1;HiQ}

# EVM prediction: Mode:STANDARD S-ratio: 4.95 65641-66624 orient(-) score(4912.00) noncoding_equivalent(992.33) raw_noncoding(992.33) offset(0.00) 
66624	65641	single-	4	6	{GlimmerHMM_glimmerT_384-T1;GlimmerHMM},{HiQ_model.g358.t1;HiQ}

# EVM prediction: Mode:STANDARD S-ratio: 121.93 67395-68777 orient(+) score(5487.00) noncoding_equivalent(45.00) raw_noncoding(45.00) offset(0.00) 
67395	68777	single+	1	3	{Augustus_model.g359.t1;Augustus},{GlimmerHMM_glimmerT_385-T1;GlimmerHMM}

# EVM prediction: Mode:STANDARD S-ratio: 4.85 69034-71013 orient(-) score(9850.00) noncoding_equivalent(2031.12) raw_noncoding(2031.12) offset(0.00) 
71013	69034	single-	4	6	{HiQ_model.g360.t1;HiQ},{GlimmerHMM_glimmerT_386-T1;GlimmerHMM}

# EVM prediction: Mode:STANDARD S-ratio: 10000.00 72289-73542 orient(+) score(5016.00) noncoding_equivalent(0.50) raw_noncoding(0.00) offset(0.00) 
72289	73542	single+	1	3	{Augustus_model.g361.t1;Augustus},{GlimmerHMM_glimmerT_387-T1;GlimmerHMM}

# EVM prediction: Mode:STANDARD S-ratio: 4.79 73666-75651 orient(-) score(9858.00) noncoding_equivalent(2058.00) raw_noncoding(2058.00) offset(0.00) 
75651	73666	single-	4	6	{GlimmerHMM_glimmerT_388-T1;GlimmerHMM},{HiQ_model.g362.t1;HiQ}

# EVM prediction: Mode:STANDARD S-ratio: 2.00 75915-76400 orient(+) score(1944.00) noncoding_equivalent(972.00) raw_noncoding(972.00) offset(0.00) 
75915	76400	single+	1	3	{GlimmerHMM_glimmerT_389-T1;GlimmerHMM},{HiQ_model.g363.t1;HiQ}

# EVM prediction: Mode:STANDARD S-ratio: 10000.00 77399-78226 orient(+) score(3303.00) noncoding_equivalent(0.33) raw_noncoding(0.00) offset(0.00) 
77399	78226	single+	1	3	{Augustus_model.g364.t1;Augustus},{GlimmerHMM_glimmerT_390-T1;GlimmerHMM}

# EVM prediction: Mode:STANDARD S-ratio: 5.00 78280-79212 orient(-) score(4665.00) noncoding_equivalent(933.00) raw_noncoding(933.00) offset(0.00) 
79212	78280	single-	4	6	{HiQ_model.g365.t1;HiQ},{GlimmerHMM_glimmerT_391-T1;GlimmerHMM}

# EVM prediction: Mode:STANDARD S-ratio: 4.92 79574-80374 orient(-) score(3994.00) noncoding_equivalent(812.06) raw_noncoding(812.06) offset(0.00) 
80374	79574	single-	4	6	{HiQ_model.g366.t1;HiQ},{GlimmerHMM_glimmerT_392-T1;GlimmerHMM}

# EVM prediction: Mode:STANDARD S-ratio: 4.56 80851-81711 orient(-) score(4237.00) noncoding_equivalent(929.85) raw_noncoding(929.85) offset(0.00) 
81711	80851	single-	4	6	{HiQ_model.g367.t1;HiQ},{GlimmerHMM_glimmerT_393-T1;GlimmerHMM}

# EVM prediction: Mode:STANDARD S-ratio: 39.43 82035-82727 orient(+) score(2704.00) noncoding_equivalent(68.58) raw_noncoding(68.58) offset(0.00) 
82035	82727	single+	1	3	{GlimmerHMM_glimmerT_394-T1;GlimmerHMM}

# EVM prediction: Mode:STANDARD S-ratio: 33.86 83060-83791 orient(+) score(2844.00) noncoding_equivalent(84.00) raw_noncoding(84.00) offset(0.00) 
83060	83791	single+	1	3	{GlimmerHMM_glimmerT_395-T1;GlimmerHMM}

# EVM prediction: Mode:STANDARD S-ratio: 49.42 84217-84636 orient(+) score(1647.00) noncoding_equivalent(33.32) raw_noncoding(33.32) offset(0.00) 
84217	84636	single+	1	3	{GlimmerHMM_glimmerT_396-T1;GlimmerHMM},{Augustus_model.g369.t1;Augustus}

# EVM prediction: Mode:STANDARD S-ratio: 10000.00 84861-85310 orient(+) score(1800.00) noncoding_equivalent(0.18) raw_noncoding(0.00) offset(0.00) 
84861	85310	single+	1	3	{GlimmerHMM_glimmerT_397-T1;GlimmerHMM},{Augustus_model.g370.t1;Augustus}

# EVM prediction: Mode:STANDARD S-ratio: 4.97 85516-86418 orient(-) score(4511.00) noncoding_equivalent(907.19) raw_noncoding(907.19) offset(0.00) 
86418	85516	single-	4	6	{HiQ_model.g371.t1;HiQ},{GlimmerHMM_glimmerT_398-T1;GlimmerHMM}

# EVM prediction: Mode:STANDARD S-ratio: 4.60 86700-87656 orient(-) score(4716.00) noncoding_equivalent(1024.64) raw_noncoding(1024.64) offset(0.00) 
87656	86700	single-	4	6	{HiQ_model.g372.t1;HiQ}

# EVM prediction: Mode:STANDARD S-ratio: 44.68 87984-88691 orient(+) score(2770.00) noncoding_equivalent(62.00) raw_noncoding(62.00) offset(0.00) 
87984	88691	single+	1	3	{Augustus_model.g373.t1;Augustus},{GlimmerHMM_glimmerT_400-T1;GlimmerHMM}

# EVM prediction: Mode:STANDARD S-ratio: 164.67 89379-94490 orient(-) score(15244.00) noncoding_equivalent(92.57) raw_noncoding(92.57) offset(0.00) 
94490	89379	single-	4	6	{GlimmerHMM_glimmerT_401-T1;GlimmerHMM}

# EVM prediction: Mode:STANDARD S-ratio: 10000.00 95467-99640 orient(+) score(16696.00) noncoding_equivalent(1.67) raw_noncoding(0.00) offset(0.00) 
95467	99640	initial+	1	1	{Augustus_model.g375.t1;Augustus},{snap_scaffold_1-snap.331-T1;snap}

