!! Predictions spanning range 886 - 99933 [R1]
# EVM prediction: Mode:STANDARD S-ratio: 10000.00 886-1965 orient(+) score(2160.00) noncoding_equivalent(0.22) raw_noncoding(0.00) offset(0.00) 
886	1965	single+	1	3	{Augustus_gene747.t1;Augustus}

# EVM prediction: Mode:STANDARD S-ratio: 10000.00 2161-4884 orient(+) score(5448.00) noncoding_equivalent(0.54) raw_noncoding(0.00) offset(0.00) 
2161	4884	single+	1	3	{Augustus_gene276.t1;Augustus}

# EVM prediction: Mode:STANDARD S-ratio: 10000.00 6157-7341 orient(+) score(2370.00) noncoding_equivalent(0.24) raw_noncoding(0.00) offset(0.00) 
6157	7341	single+	1	3	{Augustus_gene621.t1;Augustus}

# EVM prediction: Mode:STANDARD S-ratio: 10000.00 7484-8398 orient(+) score(1830.00) noncoding_equivalent(0.18) raw_noncoding(0.00) offset(0.00) 
7484	8398	single+	1	3	{Augustus_gene402.t1;Augustus}

# EVM prediction: Mode:STANDARD S-ratio: 10000.00 8458-10686 orient(-) score(4458.00) noncoding_equivalent(0.45) raw_noncoding(0.00) offset(0.00) 
10686	8458	single-	4	6	{Augustus_gene46.t1;Augustus}

# EVM prediction: Mode:STANDARD S-ratio: 10000.00 17913-20213 orient(+) score(4602.00) noncoding_equivalent(0.46) raw_noncoding(0.00) offset(0.00) 
17913	20213	single+	1	3	{Augustus_gene379.t1;Augustus}

# EVM prediction: Mode:STANDARD S-ratio: 10000.00 20388-21599 orient(+) score(2424.00) noncoding_equivalent(0.24) raw_noncoding(0.00) offset(0.00) 
20388	21599	single+	1	3	{Augustus_gene841.t1;Augustus}

# EVM prediction: Mode:STANDARD S-ratio: 10000.00 21614-23752 orient(-) score(4278.00) noncoding_equivalent(0.43) raw_noncoding(0.00) offset(0.00) 
23752	21614	single-	4	6	{Augustus_gene637.t1;Augustus}

# EVM prediction: Mode:STANDARD S-ratio: 10000.00 30926-32569 orient(-) score(3288.00) noncoding_equivalent(0.33) raw_noncoding(0.00) offset(0.00) 
32569	30926	single-	4	6	{Augustus_gene454.t1;Augustus}

# EVM prediction: Mode:STANDARD S-ratio: 10000.00 44135-45982 orient(-) score(3696.00) noncoding_equivalent(0.37) raw_noncoding(0.00) offset(0.00) 
45982	44135	single-	4	6	{Augustus_gene529.t1;Augustus}

# EVM prediction: Mode:STANDARD S-ratio: 10000.00 53286-53921 orient(-) score(1272.00) noncoding_equivalent(0.13) raw_noncoding(0.00) offset(0.00) 
53921	53286	single-	4	6	{Augustus_gene351.t1;Augustus}

# EVM prediction: Mode:STANDARD S-ratio: 10000.00 58351-60340 orient(+) score(3980.00) noncoding_equivalent(0.40) raw_noncoding(0.00) offset(0.00) 
58351	58396	initial+	1	1	{Augustus_gene289.t1;Augustus}
58397	58448	INTRON			{Augustus_gene289.t1;Augustus}
58449	60340	terminal+	2	3	{Augustus_gene289.t1;Augustus}

# EVM prediction: Mode:STANDARD S-ratio: 10000.00 67432-69429 orient(-) score(3996.00) noncoding_equivalent(0.40) raw_noncoding(0.00) offset(0.00) 
69429	67432	single-	4	6	{Augustus_gene1020.t1;Augustus}

# EVM prediction: Mode:STANDARD S-ratio: 10000.00 79185-80330 orient(-) score(2292.00) noncoding_equivalent(0.23) raw_noncoding(0.00) offset(0.00) 
80330	79185	single-	4	6	{Augustus_gene1031.t1;Augustus}

# EVM prediction: Mode:STANDARD S-ratio: 10000.00 80593-81159 orient(+) score(1134.00) noncoding_equivalent(0.11) raw_noncoding(0.00) offset(0.00) 
80593	81159	single+	1	3	{Augustus_gene169.t1;Augustus}

# EVM prediction: Mode:STANDARD S-ratio: 10000.00 81660-84272 orient(+) score(5226.00) noncoding_equivalent(0.52) raw_noncoding(0.00) offset(0.00) 
81660	84272	single+	1	3	{Augustus_gene456.t1;Augustus}

# EVM prediction: Mode:STANDARD S-ratio: 10000.00 88316-88699 orient(-) score(768.00) noncoding_equivalent(0.08) raw_noncoding(0.00) offset(0.00) 
88699	88316	single-	4	6	{Augustus_gene608.t1;Augustus}

# EVM prediction: Mode:STANDARD S-ratio: 10000.00 89945-92752 orient(-) score(5616.00) noncoding_equivalent(0.56) raw_noncoding(0.00) offset(0.00) 
92752	89945	single-	4	6	{Augustus_gene547.t1;Augustus}

