!! Predictions spanning range 2267 - 40810 [R1]
# EVM prediction: Mode:STANDARD S-ratio: 4.62 2267-4354 orient(-) score(10065.00) noncoding_equivalent(2178.00) raw_noncoding(2178.00) offset(0.00) 
4354	2267	single-	4	6	{HiQ_model.g4806.t1;HiQ}

# EVM prediction: Mode:STANDARD S-ratio: 4.19 4709-7789 orient(-) score(14922.00) noncoding_equivalent(3559.00) raw_noncoding(3559.00) offset(0.00) 
7789	4709	single-	4	6	{HiQ_model.g4807.t1;HiQ},{GlimmerHMM_glimmerT_5203-T1;GlimmerHMM}

# EVM prediction: Mode:STANDARD S-ratio: 3.57 8264-9022 orient(-) score(3552.00) noncoding_equivalent(996.00) raw_noncoding(996.00) offset(0.00) 
9022	8264	single-	4	6	{HiQ_model.g4808.t1;HiQ},{GlimmerHMM_glimmerT_5204-T1;GlimmerHMM}

# EVM prediction: Mode:STANDARD S-ratio: 1.80 9366-9991 orient(-) score(1772.00) noncoding_equivalent(983.00) raw_noncoding(1344.00) offset(361.00) 
9625	9366	terminal-	5	6	{snap_scaffold_21-snap.45-T1;snap},{Augustus_model.g4809.t1;Augustus}
9984	9626	INTRON			{snap_scaffold_21-snap.45-T1;snap},{Augustus_model.g4809.t1;Augustus}
9991	9985	initial-	4	4	{snap_scaffold_21-snap.45-T1;snap},{Augustus_model.g4809.t1;Augustus}

# EVM prediction: Mode:STANDARD S-ratio: 10000.00 10640-12109 orient(+) score(5880.00) noncoding_equivalent(0.59) raw_noncoding(0.00) offset(0.00) 
10640	12109	single+	1	3	{GlimmerHMM_glimmerT_5205-T1;GlimmerHMM},{Augustus_model.g4810.t1;Augustus}

# EVM prediction: Mode:STANDARD S-ratio: 4.85 12301-14712 orient(-) score(12000.00) noncoding_equivalent(2472.00) raw_noncoding(2472.00) offset(0.00) 
14712	12301	single-	4	6	{GlimmerHMM_glimmerT_5206-T1;GlimmerHMM},{HiQ_model.g4811.t1;HiQ}

# EVM prediction: Mode:STANDARD S-ratio: 652.36 14981-15973 orient(+) score(3964.00) noncoding_equivalent(6.08) raw_noncoding(6.08) offset(0.00) 
14981	15973	single+	1	3	{GlimmerHMM_glimmerT_5207-T1;GlimmerHMM},{Augustus_model.g4812.t1;Augustus}

# EVM prediction: Mode:STANDARD S-ratio: 5.78 16241-17389 orient(-) score(6849.00) noncoding_equivalent(1185.00) raw_noncoding(1185.00) offset(0.00) 
17389	16241	single-	4	6	{GlimmerHMM_glimmerT_5208-T1;GlimmerHMM},{HiQ_model.g4813.t1;HiQ}

# EVM prediction: Mode:STANDARD S-ratio: 88.78 17938-18543 orient(+) score(2397.00) noncoding_equivalent(27.00) raw_noncoding(27.00) offset(0.00) 
17938	18543	single+	1	3	{Augustus_model.g4814.t1;Augustus},{GlimmerHMM_glimmerT_5209-T1;GlimmerHMM}

# EVM prediction: Mode:STANDARD S-ratio: 9.60 18830-19489 orient(+) score(2391.00) noncoding_equivalent(249.00) raw_noncoding(249.00) offset(0.00) 
18830	19489	single+	1	3	{GlimmerHMM_glimmerT_5210-T1;GlimmerHMM},{Augustus_model.g4815.t1;Augustus}

# EVM prediction: Mode:STANDARD S-ratio: 4.70 19718-21613 orient(-) score(9381.00) noncoding_equivalent(1995.00) raw_noncoding(1995.00) offset(0.00) 
21613	19718	single-	4	6	{HiQ_model.g4816.t1;HiQ},{GlimmerHMM_glimmerT_5211-T1;GlimmerHMM}

# EVM prediction: Mode:STANDARD S-ratio: 19.45 22555-24870 orient(+) score(8811.00) noncoding_equivalent(453.00) raw_noncoding(453.00) offset(0.00) 
22555	24870	single+	1	3	{GlimmerHMM_glimmerT_5212-T1;GlimmerHMM}

# EVM prediction: Mode:STANDARD S-ratio: 4.64 25082-26542 orient(-) score(7211.00) noncoding_equivalent(1553.41) raw_noncoding(1553.41) offset(0.00) 
26542	25082	single-	4	6	{GlimmerHMM_glimmerT_5213-T1;GlimmerHMM},{HiQ_model.g4818.t1;HiQ}

# EVM prediction: Mode:STANDARD S-ratio: 4.64 26847-28085 orient(-) score(6115.00) noncoding_equivalent(1317.47) raw_noncoding(1317.47) offset(0.00) 
28085	26847	single-	4	6	{GlimmerHMM_glimmerT_5214-T1;GlimmerHMM},{HiQ_model.g4819.t1;HiQ}

# EVM prediction: Mode:STANDARD S-ratio: 2.00 28429-30255 orient(-) score(7308.00) noncoding_equivalent(3651.39) raw_noncoding(3651.39) offset(0.00) 
30255	28429	single-	4	6	{GlimmerHMM_glimmerT_5215-T1;GlimmerHMM},{HiQ_model.g4820.t1;HiQ}

# EVM prediction: Mode:STANDARD S-ratio: 10000.00 30514-31416 orient(+) score(3612.00) noncoding_equivalent(0.36) raw_noncoding(0.00) offset(0.00) 
30514	31416	single+	1	3	{Augustus_model.g4821.t1;Augustus},{GlimmerHMM_glimmerT_5216-T1;GlimmerHMM}

# EVM prediction: Mode:STANDARD S-ratio: 3.00 31627-32097 orient(+) score(1413.00) noncoding_equivalent(471.00) raw_noncoding(471.00) offset(0.00) 
31627	32097	single+	1	3	{GlimmerHMM_glimmerT_5217-T1;GlimmerHMM},{Augustus_model.g4822.t1;Augustus}

# EVM prediction: Mode:STANDARD S-ratio: 10000.00 32406-33098 orient(+) score(2079.00) noncoding_equivalent(0.21) raw_noncoding(0.00) offset(0.00) 
32406	33098	single+	1	3	{GlimmerHMM_glimmerT_5218-T1;GlimmerHMM},{Augustus_model.g4823.t1;Augustus}

# EVM prediction: Mode:STANDARD S-ratio: 5.00 33271-33729 orient(-) score(2295.00) noncoding_equivalent(459.00) raw_noncoding(459.00) offset(0.00) 
33729	33271	single-	4	6	{HiQ_model.g4824.t1;HiQ},{GlimmerHMM_glimmerT_5219-T1;GlimmerHMM}

# EVM prediction: Mode:STANDARD S-ratio: 10000.00 34632-37247 orient(+) score(10464.00) noncoding_equivalent(1.05) raw_noncoding(0.00) offset(0.00) 
34632	37247	single+	1	3	{GlimmerHMM_glimmerT_5220-T1;GlimmerHMM},{Augustus_model.g4825.t1;Augustus}

# EVM prediction: Mode:STANDARD S-ratio: 14.22 37418-38182 orient(+) score(2859.00) noncoding_equivalent(201.00) raw_noncoding(201.00) offset(0.00) 
37418	38182	single+	1	3	{GlimmerHMM_glimmerT_5221-T1;GlimmerHMM},{Augustus_model.g4826.t1;Augustus}

# EVM prediction: Mode:STANDARD S-ratio: 2.00 38287-38793 orient(-) score(2028.00) noncoding_equivalent(1014.00) raw_noncoding(1014.00) offset(0.00) 
38793	38287	single-	4	6	{HiQ_model.g4827.t1;HiQ},{GlimmerHMM_glimmerT_5222-T1;GlimmerHMM}

# EVM prediction: Mode:STANDARD S-ratio: 76.62 39422-40810 orient(+) score(5483.00) noncoding_equivalent(71.56) raw_noncoding(71.56) offset(0.00) 
39422	40810	single+	1	3	{GlimmerHMM_glimmerT_5223-T1;GlimmerHMM},{Augustus_model.g4828.t1;Augustus}

