!! Predictions spanning range 2496 - 99627 [R1]
# EVM prediction: Mode:STANDARD S-ratio: 4.32 2851-3888 orient(+) score(3372.00) noncoding_equivalent(780.00) raw_noncoding(780.00) offset(0.00) 
2851	3888	single+	1	3	{Augustus_model.g2360.t1;Augustus}

# EVM prediction: Mode:STANDARD S-ratio: 4.79 4259-6667 orient(-) score(11956.00) noncoding_equivalent(2496.40) raw_noncoding(2496.40) offset(0.00) 
6667	4259	single-	4	6	{GlimmerHMM_glimmerT_2535-T1;GlimmerHMM},{HiQ_model.g2361.t1;HiQ}

# EVM prediction: Mode:STANDARD S-ratio: 46.38 7371-11030 orient(+) score(14331.00) noncoding_equivalent(309.00) raw_noncoding(309.00) offset(0.00) 
7371	11030	single+	1	3	{GlimmerHMM_glimmerT_2536-T1;GlimmerHMM}

# EVM prediction: Mode:STANDARD S-ratio: 4.89 11298-14036 orient(-) score(13642.00) noncoding_equivalent(2790.49) raw_noncoding(2790.49) offset(0.00) 
14036	11298	single-	4	6	{GlimmerHMM_glimmerT_2537-T1;GlimmerHMM},{HiQ_model.g2363.t1;HiQ}

# EVM prediction: Mode:STANDARD S-ratio: 14.43 14270-16120 orient(+) score(6924.00) noncoding_equivalent(480.00) raw_noncoding(480.00) offset(0.00) 
14270	16120	single+	1	3	{GlimmerHMM_glimmerT_2538-T1;GlimmerHMM},{Augustus_model.g2364.t1;Augustus}

# EVM prediction: Mode:STANDARD S-ratio: 62.41 16431-17672 orient(+) score(4889.00) noncoding_equivalent(78.34) raw_noncoding(78.34) offset(0.00) 
16431	17672	single+	1	3	{GlimmerHMM_glimmerT_2539-T1;GlimmerHMM},{Augustus_model.g2365.t1;Augustus}

# EVM prediction: Mode:STANDARD S-ratio: 57.38 17882-19939 orient(+) score(8091.00) noncoding_equivalent(141.00) raw_noncoding(141.00) offset(0.00) 
17882	19939	single+	1	3	{GlimmerHMM_glimmerT_2540-T1;GlimmerHMM},{Augustus_model.g2366.t1;Augustus}

# EVM prediction: Mode:STANDARD S-ratio: 4.88 20041-22146 orient(-) score(10488.00) noncoding_equivalent(2148.00) raw_noncoding(2148.00) offset(0.00) 
22146	20041	single-	4	6	{HiQ_model.g2367.t1;HiQ},{GlimmerHMM_glimmerT_2541-T1;GlimmerHMM}

# EVM prediction: Mode:STANDARD S-ratio: 5.50 22703-23638 orient(+) score(3168.00) noncoding_equivalent(576.00) raw_noncoding(576.00) offset(0.00) 
22703	23638	single+	1	3	{Augustus_model.g2368.t1;Augustus},{GlimmerHMM_glimmerT_2542-T1;GlimmerHMM}

# EVM prediction: Mode:STANDARD S-ratio: 10000.00 24060-24635 orient(+) score(2880.00) noncoding_equivalent(0.29) raw_noncoding(0.00) offset(0.00) 
24060	24635	single+	1	3	{Augustus_model.g2369.t1;Augustus},{GlimmerHMM_glimmerT_2543-T1;GlimmerHMM}

# EVM prediction: Mode:STANDARD S-ratio: 4.37 24860-25990 orient(-) score(5523.00) noncoding_equivalent(1263.00) raw_noncoding(1263.00) offset(0.00) 
25990	24860	single-	4	6	{HiQ_model.g2370.t1;HiQ},{GlimmerHMM_glimmerT_2544-T1;GlimmerHMM}

# EVM prediction: Mode:STANDARD S-ratio: 10000.00 26816-31273 orient(+) score(13374.00) noncoding_equivalent(1.34) raw_noncoding(0.00) offset(0.00) 
26816	31273	single+	1	3	{GlimmerHMM_glimmerT_2545-T1;GlimmerHMM},{Augustus_model.g2371.t1;Augustus}

# EVM prediction: Mode:STANDARD S-ratio: 4.97 31455-34853 orient(-) score(16979.00) noncoding_equivalent(3413.39) raw_noncoding(3413.39) offset(0.00) 
34853	31455	single-	4	6	{GlimmerHMM_glimmerT_2546-T1;GlimmerHMM},{HiQ_model.g2372.t1;HiQ}

# EVM prediction: Mode:STANDARD S-ratio: 4.90 35079-36104 orient(-) score(5112.00) noncoding_equivalent(1044.00) raw_noncoding(1044.00) offset(0.00) 
36104	35079	single-	4	6	{HiQ_model.g2373.t1;HiQ},{GlimmerHMM_glimmerT_2547-T1;GlimmerHMM}

# EVM prediction: Mode:STANDARD S-ratio: 7.88 36281-37099 orient(+) score(2907.00) noncoding_equivalent(369.00) raw_noncoding(369.00) offset(0.00) 
36281	37099	single+	1	3	{GlimmerHMM_glimmerT_2548-T1;GlimmerHMM},{Augustus_model.g2374.t1;Augustus}

# EVM prediction: Mode:STANDARD S-ratio: 4.67 37166-38296 orient(-) score(5589.00) noncoding_equivalent(1197.00) raw_noncoding(1197.00) offset(0.00) 
38296	37166	single-	4	6	{GlimmerHMM_glimmerT_2549-T1;GlimmerHMM},{HiQ_model.g2375.t1;HiQ}

# EVM prediction: Mode:STANDARD S-ratio: 4.63 38709-41960 orient(-) score(16044.00) noncoding_equivalent(3468.00) raw_noncoding(3468.00) offset(0.00) 
41960	38709	single-	4	6	{GlimmerHMM_glimmerT_2550-T1;GlimmerHMM},{HiQ_model.g2376.t1;HiQ}

# EVM prediction: Mode:STANDARD S-ratio: 12.56 42328-43371 orient(-) score(2901.00) noncoding_equivalent(231.00) raw_noncoding(231.00) offset(0.00) 
43371	42328	single-	4	6	{GlimmerHMM_glimmerT_2551-T1;GlimmerHMM},{Augustus_model.g2377.t1;Augustus}

# EVM prediction: Mode:STANDARD S-ratio: 10000.00 43826-45364 orient(-) score(4617.00) noncoding_equivalent(0.46) raw_noncoding(0.00) offset(0.00) 
45364	43826	single-	4	6	{GlimmerHMM_glimmerT_2552-T1;GlimmerHMM},{Augustus_model.g2378.t1;Augustus}

# EVM prediction: Mode:STANDARD S-ratio: 4.59 48898-50010 orient(-) score(5484.00) noncoding_equivalent(1194.00) raw_noncoding(1194.00) offset(0.00) 
50010	48898	single-	4	6	{HiQ_model.g2379.t1;HiQ},{GlimmerHMM_glimmerT_2553-T1;GlimmerHMM}

# EVM prediction: Mode:STANDARD S-ratio: 4.38 50458-52170 orient(-) score(8361.00) noncoding_equivalent(1911.00) raw_noncoding(1911.00) offset(0.00) 
52170	50458	single-	4	6	{GlimmerHMM_glimmerT_2554-T1;GlimmerHMM},{HiQ_model.g2380.t1;HiQ}

# EVM prediction: Mode:STANDARD S-ratio: 310.00 52589-53521 orient(+) score(3720.00) noncoding_equivalent(12.00) raw_noncoding(12.00) offset(0.00) 
52589	53521	single+	1	3	{GlimmerHMM_glimmerT_2555-T1;GlimmerHMM},{Augustus_model.g2381.t1;Augustus}

# EVM prediction: Mode:STANDARD S-ratio: 5.00 53694-54593 orient(-) score(4500.00) noncoding_equivalent(900.00) raw_noncoding(900.00) offset(0.00) 
54593	53694	single-	4	6	{HiQ_model.g2382.t1;HiQ},{GlimmerHMM_glimmerT_2556-T1;GlimmerHMM}

# EVM prediction: Mode:STANDARD S-ratio: 195.46 56329-59025 orient(+) score(8048.00) noncoding_equivalent(41.17) raw_noncoding(41.17) offset(0.00) 
56329	59025	single+	1	3	{Augustus_model.g2383.t1;Augustus},{GlimmerHMM_glimmerT_2557-T1;GlimmerHMM}

# EVM prediction: Mode:STANDARD S-ratio: 10000.00 59432-60763 orient(+) score(5328.00) noncoding_equivalent(0.53) raw_noncoding(0.00) offset(0.00) 
59432	60763	single+	1	3	{GlimmerHMM_glimmerT_2558-T1;GlimmerHMM},{Augustus_model.g2384.t1;Augustus}

# EVM prediction: Mode:STANDARD S-ratio: 4.32 60935-61612 orient(-) score(3303.00) noncoding_equivalent(765.00) raw_noncoding(765.00) offset(0.00) 
61612	60935	single-	4	6	{HiQ_model.g2385.t1;HiQ},{GlimmerHMM_glimmerT_2559-T1;GlimmerHMM}

# EVM prediction: Mode:STANDARD S-ratio: 134.86 62270-65122 orient(+) score(8496.00) noncoding_equivalent(63.00) raw_noncoding(63.00) offset(0.00) 
62270	65122	single+	1	3	{GlimmerHMM_glimmerT_2560-T1;GlimmerHMM},{Augustus_model.g2386.t1;Augustus}

# EVM prediction: Mode:STANDARD S-ratio: 1.97 65399-66679 orient(-) score(5097.00) noncoding_equivalent(2584.41) raw_noncoding(2584.41) offset(0.00) 
66679	65399	single-	4	6	{HiQ_model.g2387.t1;HiQ}

# EVM prediction: Mode:STANDARD S-ratio: 10000.00 67426-68583 orient(+) score(4632.00) noncoding_equivalent(0.46) raw_noncoding(0.00) offset(0.00) 
67426	68583	single+	1	3	{GlimmerHMM_glimmerT_2562-T1;GlimmerHMM},{Augustus_model.g2388.t1;Augustus}

# EVM prediction: Mode:STANDARD S-ratio: 10000.00 68652-70346 orient(-) score(5085.00) noncoding_equivalent(0.51) raw_noncoding(0.00) offset(0.00) 
70346	68652	single-	4	6	{GlimmerHMM_glimmerT_2563-T1;GlimmerHMM},{Augustus_model.g2389.t1;Augustus}

# EVM prediction: Mode:STANDARD S-ratio: 2.00 70618-72036 orient(-) score(5676.00) noncoding_equivalent(2838.00) raw_noncoding(2838.00) offset(0.00) 
72036	70618	single-	4	6	{GlimmerHMM_glimmerT_2564-T1;GlimmerHMM},{HiQ_model.g2390.t1;HiQ}

# EVM prediction: Mode:STANDARD S-ratio: 243.64 72625-77211 orient(+) score(18273.00) noncoding_equivalent(75.00) raw_noncoding(75.00) offset(0.00) 
72625	77211	single+	1	3	{GlimmerHMM_glimmerT_2565-T1;GlimmerHMM}

# EVM prediction: Mode:STANDARD S-ratio: 4.90 77393-78193 orient(-) score(3990.00) noncoding_equivalent(814.14) raw_noncoding(814.14) offset(0.00) 
78193	77393	single-	4	6	{HiQ_model.g2392.t1;HiQ},{GlimmerHMM_glimmerT_2566-T1;GlimmerHMM}

# EVM prediction: Mode:STANDARD S-ratio: 9.27 78384-79453 orient(+) score(3698.00) noncoding_equivalent(399.02) raw_noncoding(515.02) offset(116.00) 
78384	78388	initial+	1	2	{snap_scaffold_6-snap.265-T1;snap}
78389	78477	INTRON			{snap_scaffold_6-snap.265-T1;snap}
78478	79453	terminal+	3	3	{snap_scaffold_6-snap.265-T1;snap}

# EVM prediction: Mode:STANDARD S-ratio: 6.60 79662-81326 orient(+) score(5783.00) noncoding_equivalent(876.26) raw_noncoding(876.26) offset(0.00) 
79662	81326	single+	1	3	{GlimmerHMM_glimmerT_2568-T1;GlimmerHMM}

# EVM prediction: Mode:STANDARD S-ratio: 50.58 82171-84874 orient(-) score(10369.00) noncoding_equivalent(205.02) raw_noncoding(445.39) offset(240.37) 
84747	82171	terminal-	4	6	{snap_scaffold_6-snap.267-T1;snap},{Augustus_model.g2394.t1;Augustus}
84868	84748	INTRON			{snap_scaffold_6-snap.267-T1;snap}
84874	84869	initial-	4	6	{snap_scaffold_6-snap.267-T1;snap}

# EVM prediction: Mode:STANDARD S-ratio: 56.05 87653-89335 orient(+) score(4959.00) noncoding_equivalent(88.47) raw_noncoding(88.47) offset(0.00) 
87653	89335	single+	1	3	{GlimmerHMM_glimmerT_2570-T1;GlimmerHMM},{Augustus_model.g2395.t1;Augustus}

# EVM prediction: Mode:STANDARD S-ratio: 157.35 89995-92688 orient(-) score(8025.00) noncoding_equivalent(51.00) raw_noncoding(51.00) offset(0.00) 
92688	89995	single-	4	6	{GlimmerHMM_glimmerT_2571-T1;GlimmerHMM},{Augustus_model.g2396.t1;Augustus}

# EVM prediction: Mode:STANDARD S-ratio: 10000.00 93657-94901 orient(-) score(4866.00) noncoding_equivalent(0.49) raw_noncoding(0.00) offset(0.00) 
94901	93657	single-	4	6	{GlimmerHMM_glimmerT_2572-T1;GlimmerHMM},{Augustus_model.g2397.t1;Augustus}

# EVM prediction: Mode:STANDARD S-ratio: 3.04 95739-96263 orient(+) score(1581.00) noncoding_equivalent(520.00) raw_noncoding(520.00) offset(0.00) 
95739	96263	single+	1	3	{GlimmerHMM_glimmerT_2573-T1;GlimmerHMM}

# EVM prediction: Mode:STANDARD S-ratio: 10000.00 96786-98183 orient(+) score(5592.00) noncoding_equivalent(0.56) raw_noncoding(0.00) offset(0.00) 
96786	98183	single+	1	3	{GlimmerHMM_glimmerT_2574-T1;GlimmerHMM},{Augustus_model.g2399.t1;Augustus}

# EVM prediction: Mode:STANDARD S-ratio: 100.33 98488-99627 orient(+) score(4515.00) noncoding_equivalent(45.00) raw_noncoding(45.00) offset(0.00) 
98488	99627	single+	1	3	{GlimmerHMM_glimmerT_2575-T1;GlimmerHMM},{Augustus_model.g2400.t1;Augustus}

