!! Predictions spanning range 2544 - 34015 [R1]
# EVM prediction: Mode:STANDARD S-ratio: 2.03 2544-3144 orient(-) score(1207.00) noncoding_equivalent(596.00) raw_noncoding(596.00) offset(0.00) 
3144	2544	initial-	4	4	{Augustus_model.g4591.t1;Augustus}

# EVM prediction: Mode:STANDARD S-ratio: 10000.00 6619-7716 orient(+) score(3294.00) noncoding_equivalent(0.33) raw_noncoding(0.00) offset(0.00) 
6619	7716	single+	1	3	{GlimmerHMM_glimmerT_5127-T1;GlimmerHMM},{Augustus_model.g4592.t1;Augustus}

# EVM prediction: Mode:STANDARD S-ratio: 29.55 8140-8643 orient(+) score(1950.00) noncoding_equivalent(66.00) raw_noncoding(66.00) offset(0.00) 
8140	8643	single+	1	3	{Augustus_model.g4593.t1;Augustus},{GlimmerHMM_glimmerT_5128-T1;GlimmerHMM}

# EVM prediction: Mode:STANDARD S-ratio: 394.95 9162-12050 orient(+) score(11525.00) noncoding_equivalent(29.18) raw_noncoding(29.18) offset(0.00) 
9162	12050	single+	1	3	{Augustus_model.g4594.t1;Augustus},{GlimmerHMM_glimmerT_5129-T1;GlimmerHMM}

# EVM prediction: Mode:STANDARD S-ratio: 9.62 12225-12872 orient(-) score(1761.00) noncoding_equivalent(183.00) raw_noncoding(183.00) offset(0.00) 
12872	12225	single-	4	6	{Augustus_model.g4595.t1;Augustus},{GlimmerHMM_glimmerT_5130-T1;GlimmerHMM}

# EVM prediction: Mode:STANDARD S-ratio: 10000.00 13058-14164 orient(+) score(3321.00) noncoding_equivalent(0.33) raw_noncoding(0.00) offset(0.00) 
13058	14164	single+	1	3	{GlimmerHMM_glimmerT_5131-T1;GlimmerHMM},{Augustus_model.g4596.t1;Augustus}

# EVM prediction: Mode:STANDARD S-ratio: 4.99 14270-15358 orient(-) score(5439.00) noncoding_equivalent(1089.00) raw_noncoding(1089.00) offset(0.00) 
15358	14270	single-	4	6	{GlimmerHMM_glimmerT_5132-T1;GlimmerHMM},{HiQ_model.g4597.t1;HiQ}

# EVM prediction: Mode:STANDARD S-ratio: 5.00 15693-17066 orient(-) score(6870.00) noncoding_equivalent(1374.00) raw_noncoding(1374.00) offset(0.00) 
17066	15693	single-	4	6	{GlimmerHMM_glimmerT_5133-T1;GlimmerHMM},{HiQ_model.g4598.t1;HiQ}

# EVM prediction: Mode:STANDARD S-ratio: 51.24 17918-19828 orient(+) score(7493.00) noncoding_equivalent(146.23) raw_noncoding(146.23) offset(0.00) 
17918	19828	single+	1	3	{GlimmerHMM_glimmerT_5134-T1;GlimmerHMM}

# EVM prediction: Mode:STANDARD S-ratio: 51.14 20296-21327 orient(+) score(4046.00) noncoding_equivalent(79.12) raw_noncoding(79.12) offset(0.00) 
20296	21327	single+	1	3	{GlimmerHMM_glimmerT_5135-T1;GlimmerHMM}

# EVM prediction: Mode:STANDARD S-ratio: 4.38 21515-22252 orient(-) score(3598.00) noncoding_equivalent(822.27) raw_noncoding(822.27) offset(0.00) 
22252	21515	single-	4	6	{HiQ_model.g4600.t1;HiQ}

# EVM prediction: Mode:STANDARD S-ratio: 5.34 22542-24206 orient(-) score(9815.00) noncoding_equivalent(1838.43) raw_noncoding(1838.43) offset(0.00) 
24206	22542	single-	4	6	{HiQ_model.g4601.t1;HiQ},{GlimmerHMM_glimmerT_5137-T1;GlimmerHMM}

# EVM prediction: Mode:STANDARD S-ratio: 2.02 24561-25148 orient(-) score(1180.00) noncoding_equivalent(584.68) raw_noncoding(584.68) offset(0.00) 
25148	24561	single-	4	6	{GlimmerHMM_glimmerT_5138-T1;GlimmerHMM},{Augustus_model.g4602.t1;Augustus}

# EVM prediction: Mode:STANDARD S-ratio: 509.13 25655-29005 orient(+) score(13376.00) noncoding_equivalent(26.27) raw_noncoding(26.27) offset(0.00) 
25655	29005	single+	1	3	{Augustus_model.g4603.t1;Augustus},{GlimmerHMM_glimmerT_5139-T1;GlimmerHMM}

# EVM prediction: Mode:STANDARD S-ratio: 4.77 29179-30300 orient(-) score(5564.00) noncoding_equivalent(1166.30) raw_noncoding(1166.30) offset(0.00) 
30300	29179	single-	4	6	{HiQ_model.g4604.t1;HiQ},{GlimmerHMM_glimmerT_5140-T1;GlimmerHMM}

# EVM prediction: Mode:STANDARD S-ratio: 4.87 30619-31383 orient(-) score(3801.00) noncoding_equivalent(781.17) raw_noncoding(781.17) offset(0.00) 
31383	30619	single-	4	6	{HiQ_model.g4605.t1;HiQ},{GlimmerHMM_glimmerT_5141-T1;GlimmerHMM}

# EVM prediction: Mode:STANDARD S-ratio: 2.00 31632-32423 orient(-) score(3168.00) noncoding_equivalent(1584.00) raw_noncoding(1584.00) offset(0.00) 
32423	31632	single-	4	6	{HiQ_model.g4606.t1;HiQ},{GlimmerHMM_glimmerT_5142-T1;GlimmerHMM}

# EVM prediction: Mode:STANDARD S-ratio: 10000.00 32658-33149 orient(+) score(1968.00) noncoding_equivalent(0.20) raw_noncoding(0.00) offset(0.00) 
32658	33149	single+	1	3	{GlimmerHMM_glimmerT_5143-T1;GlimmerHMM},{Augustus_model.g4607.t1;Augustus}

# EVM prediction: Mode:STANDARD S-ratio: 4.97 33308-34015 orient(-) score(3534.00) noncoding_equivalent(711.00) raw_noncoding(711.00) offset(0.00) 
34015	33308	single-	4	6	{HiQ_model.g4608.t1;HiQ}

