!! Predictions spanning range 1624 - 99709 [R1]
# EVM prediction: Mode:STANDARD S-ratio: 12.54 1624-2424 orient(+) score(2307.00) noncoding_equivalent(184.00) raw_noncoding(276.00) offset(92.00) 
1624	1629	initial+	1	3	{snap_scaffold_4-snap.64-T1;snap}
1630	1719	INTRON			{Augustus_model.g3616.t1;Augustus},{snap_scaffold_4-snap.64-T1;snap}
1720	2424	terminal+	1	3	{GlimmerHMM_glimmerT_4181-T1;GlimmerHMM},{Augustus_model.g3616.t1;Augustus},{snap_scaffold_4-snap.64-T1;snap}

# EVM prediction: Mode:STANDARD S-ratio: 10000.00 2486-3859 orient(-) score(4122.00) noncoding_equivalent(0.41) raw_noncoding(0.00) offset(0.00) 
3859	2486	single-	4	6	{Augustus_model.g3617.t1;Augustus},{GlimmerHMM_glimmerT_4182-T1;GlimmerHMM}

# EVM prediction: Mode:STANDARD S-ratio: 7.98 4717-5937 orient(+) score(3255.00) noncoding_equivalent(408.00) raw_noncoding(408.00) offset(0.00) 
4717	5937	single+	1	3	{Augustus_model.g3618.t1;Augustus}

# EVM prediction: Mode:STANDARD S-ratio: 53.69 6387-13891 orient(-) score(21689.00) noncoding_equivalent(403.95) raw_noncoding(730.00) offset(326.05) 
7930	6387	terminal-	5	6	{Augustus_model.g3619.t1;Augustus}
8000	7931	INTRON			{Augustus_model.g3619.t1;Augustus}
8198	8001	internal-	5	4	{Augustus_model.g3619.t1;Augustus}
8508	8199	INTRON			{Augustus_model.g3619.t1;Augustus}
13891	8509	initial-	4	4	{Augustus_model.g3619.t1;Augustus}

# EVM prediction: Mode:STANDARD S-ratio: 2.90 14369-16039 orient(+) score(4938.00) noncoding_equivalent(1704.59) raw_noncoding(1704.59) offset(0.00) 
14369	16039	single+	1	3	{GlimmerHMM_glimmerT_4185-T1;GlimmerHMM}

# EVM prediction: Mode:STANDARD S-ratio: 172.57 16053-17267 orient(-) score(3624.00) noncoding_equivalent(21.00) raw_noncoding(21.00) offset(0.00) 
17267	16053	single-	4	6	{GlimmerHMM_glimmerT_4186-T1;GlimmerHMM},{Augustus_model.g3621.t1;Augustus}

# EVM prediction: Mode:STANDARD S-ratio: 10000.00 17500-19758 orient(-) score(6777.00) noncoding_equivalent(0.68) raw_noncoding(0.00) offset(0.00) 
19758	17500	single-	4	6	{GlimmerHMM_glimmerT_4187-T1;GlimmerHMM},{Augustus_model.g3622.t1;Augustus}

# EVM prediction: Mode:STANDARD S-ratio: 2.01 20502-22499 orient(-) score(3996.00) noncoding_equivalent(1991.71) raw_noncoding(1991.71) offset(0.00) 
22499	20502	single-	4	6	{GlimmerHMM_glimmerT_4188-T1;GlimmerHMM},{Augustus_model.g3623.t1;Augustus}

# EVM prediction: Mode:STANDARD S-ratio: 7.43 22831-24344 orient(+) score(4248.00) noncoding_equivalent(572.03) raw_noncoding(806.03) offset(234.00) 
22831	23032	initial+	1	1	{Augustus_model.g3624.t1;Augustus},{GlimmerHMM_glimmerT_4189-T1;GlimmerHMM}
23033	23316	INTRON			{Augustus_model.g3624.t1;Augustus},{GlimmerHMM_glimmerT_4189-T1;GlimmerHMM}
23317	24344	terminal+	2	3	{Augustus_model.g3624.t1;Augustus},{snap_scaffold_4-snap.70-T1;snap},{GlimmerHMM_glimmerT_4189-T1;GlimmerHMM}

# EVM prediction: Mode:STANDARD S-ratio: 94.85 24607-25722 orient(+) score(3312.00) noncoding_equivalent(34.92) raw_noncoding(34.92) offset(0.00) 
24607	25722	single+	1	3	{GlimmerHMM_glimmerT_4190-T1;GlimmerHMM},{Augustus_model.g3625.t1;Augustus}

# EVM prediction: Mode:STANDARD S-ratio: 54.35 25921-27027 orient(+) score(3261.00) noncoding_equivalent(60.00) raw_noncoding(60.00) offset(0.00) 
25921	27027	single+	1	3	{GlimmerHMM_glimmerT_4191-T1;GlimmerHMM},{Augustus_model.g3626.t1;Augustus}

# EVM prediction: Mode:STANDARD S-ratio: 46.70 27127-29034 orient(-) score(5604.00) noncoding_equivalent(120.00) raw_noncoding(120.00) offset(0.00) 
29034	27127	single-	4	6	{Augustus_model.g3627.t1;Augustus},{GlimmerHMM_glimmerT_4192-T1;GlimmerHMM}

# EVM prediction: Mode:STANDARD S-ratio: 1.80 29322-29993 orient(+) score(1072.00) noncoding_equivalent(594.98) raw_noncoding(1269.94) offset(674.97) 
29322	29456	initial+	1	3	{Augustus_model.g3628.t1;Augustus}
29457	29804	INTRON			{Augustus_model.g3628.t1;Augustus}
29805	29993	terminal+	1	3	{Augustus_model.g3628.t1;Augustus},{snap_scaffold_4-snap.74-T1;snap}

# EVM prediction: Mode:STANDARD S-ratio: 5.99 30135-30899 orient(-) score(4584.00) noncoding_equivalent(765.00) raw_noncoding(765.00) offset(0.00) 
30899	30135	single-	4	6	{HiQ_model.g3629.t1;HiQ},{GlimmerHMM_glimmerT_4194-T1;GlimmerHMM}

# EVM prediction: Mode:STANDARD S-ratio: 2.00 31367-33139 orient(-) score(3546.00) noncoding_equivalent(1773.00) raw_noncoding(1773.00) offset(0.00) 
33139	31367	single-	4	6	{GlimmerHMM_glimmerT_4195-T1;GlimmerHMM},{Augustus_model.g3630.t1;Augustus}

# EVM prediction: Mode:STANDARD S-ratio: 66.45 33500-37005 orient(+) score(10267.00) noncoding_equivalent(154.52) raw_noncoding(250.03) offset(95.52) 
33500	35389	initial+	1	3	{Augustus_model.g3631.t1;Augustus}
35390	35484	INTRON			{Augustus_model.g3631.t1;Augustus}
35485	37005	terminal+	1	3	{Augustus_model.g3631.t1;Augustus}

# EVM prediction: Mode:STANDARD S-ratio: 1.78 37524-38613 orient(-) score(2056.00) noncoding_equivalent(1152.94) raw_noncoding(1279.88) offset(126.94) 
37583	37524	terminal-	4	6	{Augustus_model.g3632.t1;Augustus}
37647	37584	INTRON			{Augustus_model.g3632.t1;Augustus}
38613	37648	initial-	4	6	{GlimmerHMM_glimmerT_4198-T1;GlimmerHMM},{Augustus_model.g3632.t1;Augustus}

# EVM prediction: Mode:STANDARD S-ratio: 47.65 39604-40722 orient(+) score(3288.00) noncoding_equivalent(69.00) raw_noncoding(69.00) offset(0.00) 
39604	40722	single+	1	3	{GlimmerHMM_glimmerT_4199-T1;GlimmerHMM}

# EVM prediction: Mode:STANDARD S-ratio: 10000.00 41077-43980 orient(+) score(8712.00) noncoding_equivalent(0.87) raw_noncoding(0.00) offset(0.00) 
41077	43980	single+	1	3	{Augustus_model.g3634.t1;Augustus},{GlimmerHMM_glimmerT_4200-T1;GlimmerHMM}

# EVM prediction: Mode:STANDARD S-ratio: 2.00 44038-44607 orient(-) score(1140.00) noncoding_equivalent(570.00) raw_noncoding(570.00) offset(0.00) 
44607	44038	single-	4	6	{GlimmerHMM_glimmerT_4201-T1;GlimmerHMM}

# EVM prediction: Mode:STANDARD S-ratio: 1.85 44612-45118 orient(-) score(983.00) noncoding_equivalent(531.00) raw_noncoding(531.00) offset(0.00) 
45118	44612	single-	4	6	{GlimmerHMM_glimmerT_4202-T1;GlimmerHMM}

# EVM prediction: Mode:STANDARD S-ratio: 12.31 45640-46181 orient(+) score(1552.00) noncoding_equivalent(126.10) raw_noncoding(184.40) offset(58.30) 
45640	45657	initial+	1	3	{GlimmerHMM_glimmerT_4203-T1;GlimmerHMM},{Augustus_model.g3635.t1;Augustus}
45658	45713	INTRON			{GlimmerHMM_glimmerT_4203-T1;GlimmerHMM},{Augustus_model.g3635.t1;Augustus}
45714	46181	terminal+	1	3	{GlimmerHMM_glimmerT_4203-T1;GlimmerHMM},{Augustus_model.g3635.t1;Augustus},{snap_scaffold_4-snap.80-T1;snap}

# EVM prediction: Mode:STANDARD S-ratio: 2.03 46539-47300 orient(+) score(1532.00) noncoding_equivalent(755.01) raw_noncoding(755.01) offset(0.00) 
46539	47300	single+	1	3	{GlimmerHMM_glimmerT_4204-T1;GlimmerHMM},{Augustus_model.g3636.t1;Augustus}

# EVM prediction: Mode:STANDARD S-ratio: 92.62 47442-48101 orient(+) score(1957.00) noncoding_equivalent(21.13) raw_noncoding(21.13) offset(0.00) 
47442	48101	single+	1	3	{Augustus_model.g3637.t1;Augustus},{GlimmerHMM_glimmerT_4205-T1;GlimmerHMM}

# EVM prediction: Mode:STANDARD S-ratio: 215.21 48154-51180 orient(-) score(9039.00) noncoding_equivalent(42.00) raw_noncoding(42.00) offset(0.00) 
51180	48154	single-	4	6	{Augustus_model.g3638.t1;Augustus},{GlimmerHMM_glimmerT_4206-T1;GlimmerHMM}

# EVM prediction: Mode:STANDARD S-ratio: 388.84 51393-58799 orient(+) score(22164.00) noncoding_equivalent(57.00) raw_noncoding(57.00) offset(0.00) 
51393	58799	single+	1	3	{GlimmerHMM_glimmerT_4207-T1;GlimmerHMM},{Augustus_model.g3639.t1;Augustus}

# EVM prediction: Mode:STANDARD S-ratio: 206.43 59379-60560 orient(+) score(3527.00) noncoding_equivalent(17.09) raw_noncoding(17.09) offset(0.00) 
59379	60560	single+	1	3	{GlimmerHMM_glimmerT_4208-T1;GlimmerHMM},{Augustus_model.g3640.t1;Augustus}

# EVM prediction: Mode:STANDARD S-ratio: 29.55 60623-61492 orient(-) score(2524.00) noncoding_equivalent(85.41) raw_noncoding(85.41) offset(0.00) 
61492	60623	single-	4	6	{Augustus_model.g3641.t1;Augustus},{GlimmerHMM_glimmerT_4209-T1;GlimmerHMM}

# EVM prediction: Mode:STANDARD S-ratio: 10000.00 61651-63228 orient(-) score(4734.00) noncoding_equivalent(0.47) raw_noncoding(0.00) offset(0.00) 
63228	61651	single-	4	6	{GlimmerHMM_glimmerT_4210-T1;GlimmerHMM},{Augustus_model.g3642.t1;Augustus}

# EVM prediction: Mode:STANDARD S-ratio: 1.89 63693-65247 orient(+) score(3013.00) noncoding_equivalent(1591.76) raw_noncoding(1713.00) offset(121.24) 
63693	64343	initial+	1	3	{GlimmerHMM_glimmerT_4211-T1;GlimmerHMM}
64344	64404	INTRON			{GlimmerHMM_glimmerT_4211-T1;GlimmerHMM}
64405	65247	terminal+	1	3	{Augustus_model.g3643.t1;Augustus},{GlimmerHMM_glimmerT_4211-T1;GlimmerHMM}

# EVM prediction: Mode:STANDARD S-ratio: 175.57 65393-66457 orient(-) score(3175.00) noncoding_equivalent(18.08) raw_noncoding(18.08) offset(0.00) 
66457	65393	single-	4	6	{GlimmerHMM_glimmerT_4212-T1;GlimmerHMM},{Augustus_model.g3644.t1;Augustus}

# EVM prediction: Mode:STANDARD S-ratio: 350.24 67340-70051 orient(-) score(8111.00) noncoding_equivalent(23.16) raw_noncoding(23.16) offset(0.00) 
70051	67340	single-	4	6	{Augustus_model.g3645.t1;Augustus},{GlimmerHMM_glimmerT_4213-T1;GlimmerHMM}

# EVM prediction: Mode:STANDARD S-ratio: 7.84 70208-70918 orient(+) score(1991.00) noncoding_equivalent(253.99) raw_noncoding(253.99) offset(0.00) 
70208	70918	single+	1	3	{GlimmerHMM_glimmerT_4214-T1;GlimmerHMM},{Augustus_model.g3646.t1;Augustus}

# EVM prediction: Mode:STANDARD S-ratio: 10000.00 71046-72845 orient(+) score(5400.00) noncoding_equivalent(0.54) raw_noncoding(0.00) offset(0.00) 
71046	72845	single+	1	3	{Augustus_model.g3647.t1;Augustus},{GlimmerHMM_glimmerT_4215-T1;GlimmerHMM}

# EVM prediction: Mode:STANDARD S-ratio: 10000.00 72850-74424 orient(-) score(4725.00) noncoding_equivalent(0.47) raw_noncoding(0.00) offset(0.00) 
74424	72850	single-	4	6	{Augustus_model.g3648.t1;Augustus},{GlimmerHMM_glimmerT_4216-T1;GlimmerHMM}

# EVM prediction: Mode:STANDARD S-ratio: 49.48 74541-77282 orient(-) score(7967.00) noncoding_equivalent(161.00) raw_noncoding(344.00) offset(183.00) 
77179	74541	terminal-	5	6	{snap_scaffold_4-snap.91-T1;snap}
77275	77180	INTRON			{snap_scaffold_4-snap.91-T1;snap}
77282	77276	initial-	4	4	{snap_scaffold_4-snap.91-T1;snap}

# EVM prediction: Mode:STANDARD S-ratio: 128.42 77962-78660 orient(+) score(2079.00) noncoding_equivalent(16.19) raw_noncoding(16.19) offset(0.00) 
77962	78660	single+	1	3	{GlimmerHMM_glimmerT_4218-T1;GlimmerHMM},{Augustus_model.g3650.t1;Augustus}

# EVM prediction: Mode:STANDARD S-ratio: 10000.00 79018-80328 orient(-) score(3933.00) noncoding_equivalent(0.39) raw_noncoding(0.00) offset(0.00) 
80328	79018	single-	4	6	{Augustus_model.g3651.t1;Augustus},{GlimmerHMM_glimmerT_4219-T1;GlimmerHMM}

# EVM prediction: Mode:STANDARD S-ratio: 10000.00 80659-81162 orient(-) score(1512.00) noncoding_equivalent(0.15) raw_noncoding(0.00) offset(0.00) 
81162	80659	single-	4	6	{GlimmerHMM_glimmerT_4220-T1;GlimmerHMM},{Augustus_model.g3652.t1;Augustus}

# EVM prediction: Mode:STANDARD S-ratio: 94.10 81350-83251 orient(-) score(5646.00) noncoding_equivalent(60.00) raw_noncoding(60.00) offset(0.00) 
83251	81350	single-	4	6	{GlimmerHMM_glimmerT_4221-T1;GlimmerHMM},{Augustus_model.g3653.t1;Augustus}

# EVM prediction: Mode:STANDARD S-ratio: 1.99 83367-84146 orient(+) score(1551.00) noncoding_equivalent(780.00) raw_noncoding(780.00) offset(0.00) 
83367	84146	single+	1	3	{GlimmerHMM_glimmerT_4222-T1;GlimmerHMM}

# EVM prediction: Mode:STANDARD S-ratio: 122.21 84165-86225 orient(-) score(6131.00) noncoding_equivalent(50.17) raw_noncoding(50.17) offset(0.00) 
86225	84165	single-	4	6	{GlimmerHMM_glimmerT_4223-T1;GlimmerHMM},{Augustus_model.g3654.t1;Augustus}

# EVM prediction: Mode:STANDARD S-ratio: 2.18 86881-88671 orient(+) score(3582.00) noncoding_equivalent(1641.00) raw_noncoding(1641.00) offset(0.00) 
86881	88671	single+	1	3	{GlimmerHMM_glimmerT_4224-T1;GlimmerHMM},{Augustus_model.g3655.t1;Augustus}

# EVM prediction: Mode:STANDARD S-ratio: 165.29 88879-90042 orient(+) score(3471.00) noncoding_equivalent(21.00) raw_noncoding(21.00) offset(0.00) 
88879	90042	single+	1	3	{GlimmerHMM_glimmerT_4225-T1;GlimmerHMM},{Augustus_model.g3656.t1;Augustus}

# EVM prediction: Mode:STANDARD S-ratio: 18.45 90109-92389 orient(-) score(6717.00) noncoding_equivalent(364.05) raw_noncoding(469.50) offset(105.45) 
91366	90109	terminal-	6	6	{Augustus_model.g3657.t1;Augustus},{snap_scaffold_4-snap.99-T1;snap},{GlimmerHMM_glimmerT_4226-T1;GlimmerHMM}
91419	91367	INTRON			{Augustus_model.g3657.t1;Augustus},{snap_scaffold_4-snap.99-T1;snap},{GlimmerHMM_glimmerT_4226-T1;GlimmerHMM}
91482	91420	internal-	6	5	{Augustus_model.g3657.t1;Augustus},{snap_scaffold_4-snap.99-T1;snap},{GlimmerHMM_glimmerT_4226-T1;GlimmerHMM}
91532	91483	INTRON			{Augustus_model.g3657.t1;Augustus},{snap_scaffold_4-snap.99-T1;snap},{GlimmerHMM_glimmerT_4226-T1;GlimmerHMM}
92326	91533	internal-	4	5	{Augustus_model.g3657.t1;Augustus},{snap_scaffold_4-snap.99-T1;snap}
92383	92327	INTRON			{snap_scaffold_4-snap.99-T1;snap}
92389	92384	initial-	4	6	{snap_scaffold_4-snap.99-T1;snap}

# EVM prediction: Mode:STANDARD S-ratio: 249.54 92556-93818 orient(-) score(3774.00) noncoding_equivalent(15.12) raw_noncoding(15.12) offset(0.00) 
93818	92556	single-	4	6	{GlimmerHMM_glimmerT_4227-T1;GlimmerHMM}

# EVM prediction: Mode:STANDARD S-ratio: 26.61 94513-95679 orient(+) score(3495.00) noncoding_equivalent(131.35) raw_noncoding(131.35) offset(0.00) 
94513	95679	single+	1	3	{GlimmerHMM_glimmerT_4228-T1;GlimmerHMM},{Augustus_model.g3658.t1;Augustus}

# EVM prediction: Mode:STANDARD S-ratio: 383.09 96239-98059 orient(-) score(5447.00) noncoding_equivalent(14.22) raw_noncoding(14.22) offset(0.00) 
98059	96239	single-	4	6	{GlimmerHMM_glimmerT_4229-T1;GlimmerHMM},{Augustus_model.g3659.t1;Augustus}

# EVM prediction: Mode:STANDARD S-ratio: 55.21 98642-99709 orient(+) score(3147.00) noncoding_equivalent(57.00) raw_noncoding(57.00) offset(0.00) 
98642	99709	single+	1	3	{Augustus_model.g3660.t1;Augustus}

