# EVM prediction: Mode:STANDARD S-ratio: 10000.00 36947-37933 orient(-) score(1974.00) noncoding_equivalent(0.20) raw_noncoding(0.00) offset(0.00)
37933	36947	single-	4	6	{Augustus_gene805.t1;Augustus}

# EVM prediction: Mode:STANDARD S-ratio: 10000.00 38135-45129 orient(-) score(13990.00) noncoding_equivalent(1.40) raw_noncoding(0.00) offset(0.00)
43952	38135	terminal-	6	6	{Augustus_gene104.t1;Augustus}
44397	43953	INTRON			{Augustus_gene104.t1;Augustus}
44443	44398	internal-	5	5	{Augustus_gene104.t1;Augustus}
44783	44444	INTRON			{Augustus_gene104.t1;Augustus}
44891	44784	internal-	5	4	{Augustus_gene104.t1;Augustus}
44945	44892	INTRON			{Augustus_gene104.t1;Augustus}
45129	44946	initial-	4	4	{Augustus_gene104.t1;Augustus}

# EVM prediction: Mode:STANDARD S-ratio: 10000.00 47435-49960 orient(-) score(5052.00) noncoding_equivalent(0.51) raw_noncoding(0.00) offset(0.00)
49960	47435	single-	4	6	{Augustus_gene364.t1;Augustus}

# EVM prediction: Mode:STANDARD S-ratio: 10000.00 73688-76240 orient(-) score(5106.00) noncoding_equivalent(0.51) raw_noncoding(0.00) offset(0.00)
76240	73688	single-	4	6	{Augustus_gene982.t1;Augustus}

# EVM prediction: Mode:STANDARD S-ratio: 10000.00 84562-86825 orient(-) score(4526.00) noncoding_equivalent(0.45) raw_noncoding(0.00) offset(0.00)
85415	84562	terminal-	5	6	{Augustus_gene780.t1;Augustus}
85909	85416	INTRON			{Augustus_gene780.t1;Augustus}
85932	85910	internal-	6	4	{Augustus_gene780.t1;Augustus}
86487	85933	INTRON			{Augustus_gene780.t1;Augustus}
86825	86488	initial-	4	5	{Augustus_gene780.t1;Augustus}

# EVM prediction: Mode:STANDARD S-ratio: 10000.00 99482-101692 orient(-) score(4422.00) noncoding_equivalent(0.44) raw_noncoding(0.00) offset(0.00)
101692	99482	single-	4	6	{Augustus_gene449.t1;Augustus}

# EVM prediction: Mode:STANDARD S-ratio: 10000.00 102273-103331 orient(+) score(2118.00) noncoding_equivalent(0.21) raw_noncoding(0.00) offset(0.00)
102273	103331	single+	1	3	{Augustus_gene137.t1;Augustus}

# EVM prediction: Mode:STANDARD S-ratio: 10000.00 103725-104009 orient(+) score(570.00) noncoding_equivalent(0.06) raw_noncoding(0.00) offset(0.00)
103725	104009	single+	1	3	{Augustus_gene422.t1;Augustus}

# EVM prediction: Mode:STANDARD S-ratio: 10000.00 128167-131004 orient(-) score(5676.00) noncoding_equivalent(0.57) raw_noncoding(0.00) offset(0.00)
131004	128167	single-	4	6	{Augustus_gene1006.t1;Augustus}

# EVM prediction: Mode:STANDARD S-ratio: 10000.00 144203-144679 orient(+) score(954.00) noncoding_equivalent(0.10) raw_noncoding(0.00) offset(0.00)
144203	144679	single+	1	3	{Augustus_gene714.t1;Augustus}

# EVM prediction: Mode:STANDARD S-ratio: 10000.00 148218-148877 orient(+) score(1320.00) noncoding_equivalent(0.13) raw_noncoding(0.00) offset(0.00)
148218	148877	single+	1	3	{Augustus_gene634.t1;Augustus}

# EVM prediction: Mode:STANDARD S-ratio: 10000.00 182824-183987 orient(-) score(2328.00) noncoding_equivalent(0.23) raw_noncoding(0.00) offset(0.00)
183987	182824	single-	4	6	{Augustus_gene1120.t1;Augustus}

# EVM prediction: Mode:STANDARD S-ratio: 10000.00 185312-186766 orient(-) score(2910.00) noncoding_equivalent(0.29) raw_noncoding(0.00) offset(0.00)
186766	185312	single-	4	6	{Augustus_gene1040.t1;Augustus}

# EVM prediction: Mode:STANDARD S-ratio: 10000.00 187717-188433 orient(-) score(1434.00) noncoding_equivalent(0.14) raw_noncoding(0.00) offset(0.00)
188433	187717	single-	4	6	{Augustus_gene509.t1;Augustus}

# EVM prediction: Mode:STANDARD S-ratio: 10000.00 193537-194388 orient(+) score(1704.00) noncoding_equivalent(0.17) raw_noncoding(0.00) offset(0.00)
193537	194388	single+	1	3	{Augustus_gene1030.t1;Augustus}

# EVM prediction: Mode:STANDARD S-ratio: 10000.00 206151-211460 orient(-) score(10620.00) noncoding_equivalent(1.06) raw_noncoding(0.00) offset(0.00)
211460	206151	single-	4	6	{Augustus_gene729.t1;Augustus}

# EVM prediction: Mode:STANDARD S-ratio: 10000.00 215700-217643 orient(+) score(3888.00) noncoding_equivalent(0.39) raw_noncoding(0.00) offset(0.00)
215700	217643	single+	1	3	{Augustus_gene578.t1;Augustus}

# EVM prediction: Mode:STANDARD S-ratio: 10000.00 221581-222030 orient(+) score(900.00) noncoding_equivalent(0.09) raw_noncoding(0.00) offset(0.00)
221581	222030	single+	1	3	{Augustus_gene166.t1;Augustus}

# EVM prediction: Mode:STANDARD S-ratio: 10000.00 228688-230724 orient(-) score(4074.00) noncoding_equivalent(0.41) raw_noncoding(0.00) offset(0.00)
230724	228688	single-	4	6	{Augustus_gene890.t1;Augustus}

# EVM prediction: Mode:STANDARD S-ratio: 10000.00 255508-256980 orient(-) score(2946.00) noncoding_equivalent(0.29) raw_noncoding(0.00) offset(0.00)
256980	255508	single-	4	6	{Augustus_gene931.t1;Augustus}

# EVM prediction: Mode:STANDARD S-ratio: 10000.00 263204-264217 orient(+) score(2028.00) noncoding_equivalent(0.20) raw_noncoding(0.00) offset(0.00)
263204	264217	single+	1	3	{Augustus_gene1064.t1;Augustus}

# EVM prediction: Mode:STANDARD S-ratio: 10000.00 264381-266861 orient(-) score(4960.00) noncoding_equivalent(0.50) raw_noncoding(0.00) offset(0.00)
266861	264381	single-	4	6	{Augustus_gene115.t1;Augustus}

# EVM prediction: Mode:STANDARD S-ratio: 10000.00 267218-269089 orient(+) score(3744.00) noncoding_equivalent(0.37) raw_noncoding(0.00) offset(0.00)
267218	269089	single+	1	3	{Augustus_gene1012.t1;Augustus}

# EVM prediction: Mode:STANDARD S-ratio: 10000.00 299697-300344 orient(-) score(1296.00) noncoding_equivalent(0.13) raw_noncoding(0.00) offset(0.00)
300344	299697	single-	4	6	{Augustus_gene853.t1;Augustus}

# EVM prediction: Mode:STANDARD S-ratio: 10000.00 300616-302325 orient(+) score(3420.00) noncoding_equivalent(0.34) raw_noncoding(0.00) offset(0.00)
300616	302325	single+	1	3	{Augustus_gene989.t1;Augustus}

# EVM prediction: Mode:STANDARD S-ratio: 10000.00 310207-310923 orient(-) score(1434.00) noncoding_equivalent(0.14) raw_noncoding(0.00) offset(0.00)
310923	310207	single-	4	6	{Augustus_gene1148.t1;Augustus}

# EVM prediction: Mode:STANDARD S-ratio: 10000.00 311179-311436 orient(+) score(514.00) noncoding_equivalent(0.05) raw_noncoding(0.00) offset(0.00)
311179	311436	single+	1	3	{Augustus_gene946.t1;Augustus}

# EVM prediction: Mode:STANDARD S-ratio: 10000.00 316879-318177 orient(+) score(2598.00) noncoding_equivalent(0.26) raw_noncoding(0.00) offset(0.00)
316879	318177	single+	1	3	{Augustus_gene1102.t1;Augustus}

# EVM prediction: Mode:STANDARD S-ratio: 10000.00 318453-319676 orient(+) score(2448.00) noncoding_equivalent(0.24) raw_noncoding(0.00) offset(0.00)
318453	319676	single+	1	3	{Augustus_gene481.t1;Augustus}

# EVM prediction: Mode:STANDARD S-ratio: 10000.00 327729-329177 orient(+) score(2898.00) noncoding_equivalent(0.29) raw_noncoding(0.00) offset(0.00)
327729	329177	single+	1	3	{Augustus_gene295.t1;Augustus}

# EVM prediction: Mode:STANDARD S-ratio: 10000.00 329377-330522 orient(+) score(2292.00) noncoding_equivalent(0.23) raw_noncoding(0.00) offset(0.00)
329377	330522	single+	1	3	{Augustus_gene702.t1;Augustus}

# EVM prediction: Mode:STANDARD S-ratio: 10000.00 345970-347013 orient(+) score(2088.00) noncoding_equivalent(0.21) raw_noncoding(0.00) offset(0.00)
345970	347013	single+	1	3	{Augustus_gene88.t1;Augustus}

# EVM prediction: Mode:STANDARD S-ratio: 10000.00 361957-367008 orient(-) score(10104.00) noncoding_equivalent(1.01) raw_noncoding(0.00) offset(0.00)
367008	361957	single-	4	6	{Augustus_gene865.t1;Augustus}

# EVM prediction: Mode:STANDARD S-ratio: 10000.00 373517-374788 orient(+) score(2544.00) noncoding_equivalent(0.25) raw_noncoding(0.00) offset(0.00)
373517	374788	single+	1	3	{Augustus_gene95.t1;Augustus}

# EVM prediction: Mode:STANDARD S-ratio: 10000.00 378562-380871 orient(+) score(4620.00) noncoding_equivalent(0.46) raw_noncoding(0.00) offset(0.00)
378562	380871	single+	1	3	{Augustus_gene396.t1;Augustus}

# EVM prediction: Mode:STANDARD S-ratio: 10000.00 382370-382960 orient(+) score(1182.00) noncoding_equivalent(0.12) raw_noncoding(0.00) offset(0.00)
382370	382960	single+	1	3	{Augustus_gene693.t1;Augustus}

# EVM prediction: Mode:STANDARD S-ratio: 10000.00 383080-385542 orient(-) score(4926.00) noncoding_equivalent(0.49) raw_noncoding(0.00) offset(0.00)
385542	383080	single-	4	6	{Augustus_gene872.t1;Augustus}

# EVM prediction: Mode:STANDARD S-ratio: 10000.00 390371-391030 orient(-) score(1320.00) noncoding_equivalent(0.13) raw_noncoding(0.00) offset(0.00)
390933	390371	terminal-	5	6	{Augustus_gene390.t1;Augustus}
391008	390934	INTRON			{Augustus_gene390.t1;Augustus}
391030	391009	initial-	4	4	{Augustus_gene390.t1;Augustus}

# EVM prediction: Mode:STANDARD S-ratio: 10000.00 405314-407476 orient(-) score(4324.00) noncoding_equivalent(0.43) raw_noncoding(0.00) offset(0.00)
407476	405314	single-	4	6	{Augustus_gene616.t1;Augustus}

# EVM prediction: Mode:STANDARD S-ratio: 10000.00 411619-413619 orient(-) score(4002.00) noncoding_equivalent(0.40) raw_noncoding(0.00) offset(0.00)
413619	411619	single-	4	6	{Augustus_gene1016.t1;Augustus}

# EVM prediction: Mode:STANDARD S-ratio: 10000.00 427641-429068 orient(-) score(2856.00) noncoding_equivalent(0.29) raw_noncoding(0.00) offset(0.00)
429068	427641	single-	4	6	{Augustus_gene893.t1;Augustus}

# EVM prediction: Mode:STANDARD S-ratio: 10000.00 433373-435145 orient(+) score(3544.00) noncoding_equivalent(0.35) raw_noncoding(0.00) offset(0.00)
433373	435145	single+	1	3	{Augustus_gene1073.t1;Augustus}

# EVM prediction: Mode:STANDARD S-ratio: 10000.00 444120-445589 orient(+) score(2938.00) noncoding_equivalent(0.29) raw_noncoding(0.00) offset(0.00)
444120	445589	single+	1	3	{Augustus_gene381.t1;Augustus}

# EVM prediction: Mode:STANDARD S-ratio: 10000.00 445988-446902 orient(+) score(1830.00) noncoding_equivalent(0.18) raw_noncoding(0.00) offset(0.00)
445988	446902	single+	1	3	{Augustus_gene358.t1;Augustus}

# EVM prediction: Mode:STANDARD S-ratio: 10000.00 447408-448424 orient(+) score(2034.00) noncoding_equivalent(0.20) raw_noncoding(0.00) offset(0.00)
447408	448424	single+	1	3	{Augustus_gene1087.t1;Augustus}

# EVM prediction: Mode:STANDARD S-ratio: 10000.00 455412-456623 orient(+) score(2424.00) noncoding_equivalent(0.24) raw_noncoding(0.00) offset(0.00)
455412	456623	single+	1	3	{Augustus_gene164.t1;Augustus}

# EVM prediction: Mode:STANDARD S-ratio: 10000.00 456833-457432 orient(+) score(1200.00) noncoding_equivalent(0.12) raw_noncoding(0.00) offset(0.00)
456833	457432	single+	1	3	{Augustus_gene272.t1;Augustus}

# EVM prediction: Mode:STANDARD S-ratio: 10000.00 462604-463116 orient(-) score(1026.00) noncoding_equivalent(0.10) raw_noncoding(0.00) offset(0.00)
463116	462604	single-	4	6	{Augustus_gene960.t1;Augustus}

# EVM prediction: Mode:STANDARD S-ratio: 10000.00 476909-480979 orient(-) score(8142.00) noncoding_equivalent(0.81) raw_noncoding(0.00) offset(0.00)
480979	476909	single-	4	6	{Augustus_gene317.t1;Augustus}

# EVM prediction: Mode:STANDARD S-ratio: 10000.00 481213-481539 orient(+) score(654.00) noncoding_equivalent(0.07) raw_noncoding(0.00) offset(0.00)
481213	481539	single+	1	3	{Augustus_gene1104.t1;Augustus}

# EVM prediction: Mode:STANDARD S-ratio: 10000.00 515661-518218 orient(+) score(5116.00) noncoding_equivalent(0.51) raw_noncoding(0.00) offset(0.00)
515661	516179	initial+	1	3	{Augustus_gene676.t1;Augustus}
516180	516386	INTRON			{Augustus_gene676.t1;Augustus}
516387	516451	internal+	1	2	{Augustus_gene676.t1;Augustus}
516452	516697	INTRON			{Augustus_gene676.t1;Augustus}
516698	516733	internal+	3	2	{Augustus_gene676.t1;Augustus}
516734	517055	INTRON			{Augustus_gene676.t1;Augustus}
517056	517079	internal+	3	2	{Augustus_gene676.t1;Augustus}
517080	518033	INTRON			{Augustus_gene676.t1;Augustus}
518034	518051	internal+	3	2	{Augustus_gene676.t1;Augustus}
518052	518139	INTRON			{Augustus_gene676.t1;Augustus}
518140	518157	internal+	3	2	{Augustus_gene676.t1;Augustus}
518158	518196	INTRON			{Augustus_gene676.t1;Augustus}
518197	518218	terminal+	3	3	{Augustus_gene676.t1;Augustus}

# EVM prediction: Mode:STANDARD S-ratio: 10000.00 520031-521743 orient(+) score(3426.00) noncoding_equivalent(0.34) raw_noncoding(0.00) offset(0.00)
520031	521743	single+	1	3	{Augustus_gene826.t1;Augustus}

# EVM prediction: Mode:STANDARD S-ratio: 10000.00 532299-533194 orient(+) score(1792.00) noncoding_equivalent(0.18) raw_noncoding(0.00) offset(0.00)
532299	532301	initial+	1	3	{Augustus_gene1111.t1;Augustus}
532302	532363	INTRON			{Augustus_gene1111.t1;Augustus}
532364	532405	internal+	1	3	{Augustus_gene1111.t1;Augustus}
532406	532522	INTRON			{Augustus_gene1111.t1;Augustus}
532523	533194	terminal+	1	3	{Augustus_gene1111.t1;Augustus}

# EVM prediction: Mode:STANDARD S-ratio: 10000.00 537236-538306 orient(+) score(2142.00) noncoding_equivalent(0.21) raw_noncoding(0.00) offset(0.00)
537236	538306	single+	1	3	{Augustus_gene986.t1;Augustus}

# EVM prediction: Mode:STANDARD S-ratio: 10000.00 544370-546058 orient(+) score(3378.00) noncoding_equivalent(0.34) raw_noncoding(0.00) offset(0.00)
544370	546058	single+	1	3	{Augustus_gene559.t1;Augustus}

# EVM prediction: Mode:STANDARD S-ratio: 10000.00 557290-557883 orient(-) score(1188.00) noncoding_equivalent(0.12) raw_noncoding(0.00) offset(0.00)
557883	557290	single-	4	6	{Augustus_gene495.t1;Augustus}

# EVM prediction: Mode:STANDARD S-ratio: 10000.00 558110-559084 orient(-) score(1950.00) noncoding_equivalent(0.20) raw_noncoding(0.00) offset(0.00)
559084	558110	single-	4	6	{Augustus_gene630.t1;Augustus}

# EVM prediction: Mode:STANDARD S-ratio: 10000.00 559445-560614 orient(-) score(2340.00) noncoding_equivalent(0.23) raw_noncoding(0.00) offset(0.00)
560614	559445	single-	4	6	{Augustus_gene154.t1;Augustus}

# EVM prediction: Mode:STANDARD S-ratio: 10000.00 560851-561471 orient(-) score(1240.00) noncoding_equivalent(0.12) raw_noncoding(0.00) offset(0.00)
561471	560851	single-	4	6	{Augustus_gene346.t1;Augustus}

# EVM prediction: Mode:STANDARD S-ratio: 10000.00 561722-562288 orient(+) score(1134.00) noncoding_equivalent(0.11) raw_noncoding(0.00) offset(0.00)
561722	562288	single+	1	3	{Augustus_gene915.t1;Augustus}

# EVM prediction: Mode:STANDARD S-ratio: 10000.00 570340-570681 orient(-) score(684.00) noncoding_equivalent(0.07) raw_noncoding(0.00) offset(0.00)
570681	570340	single-	4	6	{Augustus_gene61.t1;Augustus}

# EVM prediction: Mode:STANDARD S-ratio: 10000.00 574904-575779 orient(-) score(1752.00) noncoding_equivalent(0.18) raw_noncoding(0.00) offset(0.00)
575779	574904	single-	4	6	{Augustus_gene920.t1;Augustus}

# EVM prediction: Mode:STANDARD S-ratio: 10000.00 579655-581870 orient(-) score(4432.00) noncoding_equivalent(0.44) raw_noncoding(0.00) offset(0.00)
579699	579655	terminal-	4	6	{Augustus_gene806.t1;Augustus}
579956	579700	INTRON			{Augustus_gene806.t1;Augustus}
581870	579957	initial-	4	6	{Augustus_gene806.t1;Augustus}

# EVM prediction: Mode:STANDARD S-ratio: 10000.00 591840-592832 orient(-) score(1986.00) noncoding_equivalent(0.20) raw_noncoding(0.00) offset(0.00)
592832	591840	single-	4	6	{Augustus_gene642.t1;Augustus}

# EVM prediction: Mode:STANDARD S-ratio: 10000.00 611965-612987 orient(+) score(2046.00) noncoding_equivalent(0.20) raw_noncoding(0.00) offset(0.00)
611965	612987	single+	1	3	{Augustus_gene838.t1;Augustus}

# EVM prediction: Mode:STANDARD S-ratio: 10000.00 623853-625904 orient(+) score(4104.00) noncoding_equivalent(0.41) raw_noncoding(0.00) offset(0.00)
623853	625904	single+	1	3	{Augustus_gene459.t1;Augustus}

# EVM prediction: Mode:STANDARD S-ratio: 10000.00 628517-629260 orient(-) score(1486.00) noncoding_equivalent(0.15) raw_noncoding(0.00) offset(0.00)
629260	628517	single-	4	6	{Augustus_gene878.t1;Augustus}

# EVM prediction: Mode:STANDARD S-ratio: 10000.00 637612-639051 orient(+) score(2880.00) noncoding_equivalent(0.29) raw_noncoding(0.00) offset(0.00)
637612	639051	single+	1	3	{Augustus_gene235.t1;Augustus}

# EVM prediction: Mode:STANDARD S-ratio: 10000.00 639633-641135 orient(+) score(3006.00) noncoding_equivalent(0.30) raw_noncoding(0.00) offset(0.00)
639633	641135	single+	1	3	{Augustus_gene23.t1;Augustus}

# EVM prediction: Mode:STANDARD S-ratio: 10000.00 653967-654983 orient(-) score(2034.00) noncoding_equivalent(0.20) raw_noncoding(0.00) offset(0.00)
654983	653967	single-	4	6	{Augustus_gene1051.t1;Augustus}

# EVM prediction: Mode:STANDARD S-ratio: 10000.00 668899-673227 orient(-) score(8658.00) noncoding_equivalent(0.87) raw_noncoding(0.00) offset(0.00)
673227	668899	single-	4	6	{Augustus_gene875.t1;Augustus}

# EVM prediction: Mode:STANDARD S-ratio: 10000.00 674537-679291 orient(+) score(9510.00) noncoding_equivalent(0.95) raw_noncoding(0.00) offset(0.00)
674537	674555	initial+	1	1	{Augustus_gene1063.t1;Augustus}
674556	674738	INTRON			{Augustus_gene1063.t1;Augustus}
674739	676622	internal+	2	1	{Augustus_gene1063.t1;Augustus}
676623	677000	INTRON			{Augustus_gene1063.t1;Augustus}
677001	679291	terminal+	2	3	{Augustus_gene1063.t1;Augustus}

# EVM prediction: Mode:STANDARD S-ratio: 10000.00 679412-680491 orient(-) score(2160.00) noncoding_equivalent(0.22) raw_noncoding(0.00) offset(0.00)
680491	679412	single-	4	6	{Augustus_gene67.t1;Augustus}

# EVM prediction: Mode:STANDARD S-ratio: 10000.00 688313-690601 orient(-) score(4578.00) noncoding_equivalent(0.46) raw_noncoding(0.00) offset(0.00)
690601	688313	single-	4	6	{Augustus_gene479.t1;Augustus}

# EVM prediction: Mode:STANDARD S-ratio: 10000.00 690855-691667 orient(+) score(1624.00) noncoding_equivalent(0.16) raw_noncoding(0.00) offset(0.00)
690855	691667	single+	1	3	{Augustus_gene248.t1;Augustus}

