!! Predictions spanning range 947 - 99676 [R1]
# EVM prediction: Mode:STANDARD S-ratio: 5.00 947-3703 orient(-) score(13785.00) noncoding_equivalent(2757.00) raw_noncoding(2757.00) offset(0.00) 
3703	947	single-	4	6	{HiQ_model.g2997.t1;HiQ},{GlimmerHMM_glimmerT_3263-T1;GlimmerHMM}

# EVM prediction: Mode:STANDARD S-ratio: 5.00 4427-5527 orient(-) score(5505.00) noncoding_equivalent(1101.00) raw_noncoding(1101.00) offset(0.00) 
5527	4427	single-	4	6	{GlimmerHMM_glimmerT_3264-T1;GlimmerHMM},{HiQ_model.g2998.t1;HiQ}

# EVM prediction: Mode:STANDARD S-ratio: 4.98 6253-8352 orient(-) score(10493.00) noncoding_equivalent(2105.05) raw_noncoding(2105.05) offset(0.00) 
8352	6253	single-	4	6	{HiQ_model.g2999.t1;HiQ},{GlimmerHMM_glimmerT_3265-T1;GlimmerHMM}

# EVM prediction: Mode:STANDARD S-ratio: 113.53 9021-10607 orient(+) score(6291.00) noncoding_equivalent(55.41) raw_noncoding(55.41) offset(0.00) 
9021	10607	single+	1	3	{GlimmerHMM_glimmerT_3266-T1;GlimmerHMM},{Augustus_model.g3000.t1;Augustus}

# EVM prediction: Mode:STANDARD S-ratio: 133.05 11443-13344 orient(+) score(5662.00) noncoding_equivalent(42.56) raw_noncoding(42.56) offset(0.00) 
11443	13344	single+	1	3	{GlimmerHMM_glimmerT_3267-T1;GlimmerHMM},{Augustus_model.g3001.t1;Augustus}

# EVM prediction: Mode:STANDARD S-ratio: 1.00 13738-14271 orient(+) score(1068.00) noncoding_equivalent(1068.00) raw_noncoding(1068.00) offset(0.00) 
13738	14271	single+	1	3	{GlimmerHMM_glimmerT_3268-T1;GlimmerHMM}

# EVM prediction: Mode:STANDARD S-ratio: 5.00 14428-17925 orient(-) score(17490.00) noncoding_equivalent(3498.00) raw_noncoding(3498.00) offset(0.00) 
17925	14428	single-	4	6	{HiQ_model.g3002.t1;HiQ},{GlimmerHMM_glimmerT_3269-T1;GlimmerHMM}

# EVM prediction: Mode:STANDARD S-ratio: 10000.00 19445-20350 orient(+) score(2718.00) noncoding_equivalent(0.27) raw_noncoding(0.00) offset(0.00) 
19445	20350	single+	1	3	{GlimmerHMM_glimmerT_3270-T1;GlimmerHMM},{Augustus_model.g3003.t1;Augustus}

# EVM prediction: Mode:STANDARD S-ratio: 4.95 20681-21865 orient(-) score(5913.00) noncoding_equivalent(1195.02) raw_noncoding(1195.02) offset(0.00) 
21865	20681	single-	4	6	{GlimmerHMM_glimmerT_3271-T1;GlimmerHMM},{HiQ_model.g3004.t1;HiQ}

# EVM prediction: Mode:STANDARD S-ratio: 4.88 22877-24019 orient(-) score(5691.00) noncoding_equivalent(1167.00) raw_noncoding(1167.00) offset(0.00) 
24019	22877	single-	4	6	{HiQ_model.g3005.t1;HiQ}

# EVM prediction: Mode:STANDARD S-ratio: 22.55 24425-26002 orient(-) score(4533.00) noncoding_equivalent(201.00) raw_noncoding(201.00) offset(0.00) 
26002	24425	single-	4	6	{GlimmerHMM_glimmerT_3273-T1;GlimmerHMM}

# EVM prediction: Mode:STANDARD S-ratio: 3.94 26369-27742 orient(-) score(6576.00) noncoding_equivalent(1668.00) raw_noncoding(1668.00) offset(0.00) 
27742	26369	single-	4	6	{HiQ_model.g3007.t1;HiQ},{GlimmerHMM_glimmerT_3274-T1;GlimmerHMM}

# EVM prediction: Mode:STANDARD S-ratio: 10000.00 28292-29950 orient(+) score(6636.00) noncoding_equivalent(0.66) raw_noncoding(0.00) offset(0.00) 
28292	29950	single+	1	3	{Augustus_model.g3008.t1;Augustus},{GlimmerHMM_glimmerT_3275-T1;GlimmerHMM}

# EVM prediction: Mode:STANDARD S-ratio: 10000.00 30166-31254 orient(+) score(5436.00) noncoding_equivalent(0.54) raw_noncoding(0.00) offset(0.00) 
30166	31254	single+	1	3	{GlimmerHMM_glimmerT_3276-T1;GlimmerHMM},{Augustus_model.g3009.t1;Augustus}

# EVM prediction: Mode:STANDARD S-ratio: 10000.00 31944-34703 orient(+) score(11040.00) noncoding_equivalent(1.10) raw_noncoding(0.00) offset(0.00) 
31944	34703	single+	1	3	{Augustus_model.g3010.t1;Augustus},{GlimmerHMM_glimmerT_3277-T1;GlimmerHMM}

# EVM prediction: Mode:STANDARD S-ratio: 3.76 34930-35976 orient(-) score(4962.00) noncoding_equivalent(1320.00) raw_noncoding(1320.00) offset(0.00) 
35976	34930	single-	4	6	{GlimmerHMM_glimmerT_3278-T1;GlimmerHMM},{HiQ_model.g3011.t1;HiQ}

# EVM prediction: Mode:STANDARD S-ratio: 4.90 36269-36955 orient(-) score(3422.00) noncoding_equivalent(698.09) raw_noncoding(698.09) offset(0.00) 
36955	36269	single-	4	6	{GlimmerHMM_glimmerT_3279-T1;GlimmerHMM},{HiQ_model.g3012.t1;HiQ}

# EVM prediction: Mode:STANDARD S-ratio: 4.62 39081-40313 orient(-) score(6081.00) noncoding_equivalent(1316.04) raw_noncoding(1316.04) offset(0.00) 
40313	39081	single-	4	6	{GlimmerHMM_glimmerT_3280-T1;GlimmerHMM},{HiQ_model.g3013.t1;HiQ}

# EVM prediction: Mode:STANDARD S-ratio: 10000.00 40564-41451 orient(-) score(2664.00) noncoding_equivalent(0.27) raw_noncoding(0.00) offset(0.00) 
41451	40564	single-	4	6	{Augustus_model.g3014.t1;Augustus},{GlimmerHMM_glimmerT_3281-T1;GlimmerHMM}

# EVM prediction: Mode:STANDARD S-ratio: 10000.00 41897-44788 orient(+) score(11568.00) noncoding_equivalent(1.16) raw_noncoding(0.00) offset(0.00) 
41897	44788	single+	1	3	{GlimmerHMM_glimmerT_3282-T1;GlimmerHMM},{Augustus_model.g3015.t1;Augustus}

# EVM prediction: Mode:STANDARD S-ratio: 10000.00 45617-46510 orient(+) score(3576.00) noncoding_equivalent(0.36) raw_noncoding(0.00) offset(0.00) 
45617	46510	single+	1	3	{GlimmerHMM_glimmerT_3283-T1;GlimmerHMM},{Augustus_model.g3016.t1;Augustus}

# EVM prediction: Mode:STANDARD S-ratio: 2.10 46968-47864 orient(+) score(2433.00) noncoding_equivalent(1156.26) raw_noncoding(1156.26) offset(0.00) 
46968	47864	single+	1	3	{GlimmerHMM_glimmerT_3284-T1;GlimmerHMM}

# EVM prediction: Mode:STANDARD S-ratio: 614.38 48266-50275 orient(+) score(8025.00) noncoding_equivalent(13.06) raw_noncoding(13.06) offset(0.00) 
48266	50275	single+	1	3	{GlimmerHMM_glimmerT_3285-T1;GlimmerHMM}

# EVM prediction: Mode:STANDARD S-ratio: 2.33 50416-51609 orient(-) score(5010.00) noncoding_equivalent(2154.00) raw_noncoding(2154.00) offset(0.00) 
51609	50416	single-	4	6	{HiQ_model.g3018.t1;HiQ}

# EVM prediction: Mode:STANDARD S-ratio: 211.98 51876-53945 orient(-) score(6179.00) noncoding_equivalent(29.15) raw_noncoding(29.15) offset(0.00) 
53945	51876	single-	4	6	{Augustus_model.g3019.t1;Augustus},{GlimmerHMM_glimmerT_3287-T1;GlimmerHMM}

# EVM prediction: Mode:STANDARD S-ratio: 4.67 54337-56058 orient(-) score(8511.00) noncoding_equivalent(1821.00) raw_noncoding(1821.00) offset(0.00) 
56058	54337	single-	4	6	{HiQ_model.g3020.t1;HiQ},{GlimmerHMM_glimmerT_3288-T1;GlimmerHMM}

# EVM prediction: Mode:STANDARD S-ratio: 4.79 58369-60090 orient(-) score(8546.00) noncoding_equivalent(1784.33) raw_noncoding(1784.33) offset(0.00) 
60090	58369	single-	4	6	{HiQ_model.g3021.t1;HiQ},{GlimmerHMM_glimmerT_3289-T1;GlimmerHMM}

# EVM prediction: Mode:STANDARD S-ratio: 174.50 60505-61509 orient(-) score(2996.00) noncoding_equivalent(17.17) raw_noncoding(17.17) offset(0.00) 
61509	60505	single-	4	6	{Augustus_model.g3022.t1;Augustus},{GlimmerHMM_glimmerT_3290-T1;GlimmerHMM}

# EVM prediction: Mode:STANDARD S-ratio: 27.23 61831-62358 orient(+) score(2036.00) noncoding_equivalent(74.76) raw_noncoding(74.76) offset(0.00) 
61831	62358	single+	1	3	{Augustus_model.g3023.t1;Augustus},{GlimmerHMM_glimmerT_3291-T1;GlimmerHMM}

# EVM prediction: Mode:STANDARD S-ratio: 6.34 62829-63810 orient(+) score(3798.00) noncoding_equivalent(599.12) raw_noncoding(1604.44) offset(1005.32) 
62829	62873	initial+	1	3	{Augustus_model.g3024.t1;Augustus}
62874	63384	INTRON			{Augustus_model.g3024.t1;Augustus},{ev_type:exonerate/ID=match.133146.567/Target=YBR048W;exonerate},{ev_type:exonerate/ID=match.133146.4383/Target=YDR025W;exonerate}
63385	63810	terminal+	1	3	{Augustus_model.g3024.t1;Augustus},{snap_scaffold_7-snap.124-T1;snap}

# EVM prediction: Mode:STANDARD S-ratio: 114.86 64384-66816 orient(-) score(9648.00) noncoding_equivalent(84.00) raw_noncoding(84.00) offset(0.00) 
66816	64384	single-	4	6	{GlimmerHMM_glimmerT_3293-T1;GlimmerHMM},{Augustus_model.g3025.t1;Augustus}

# EVM prediction: Mode:STANDARD S-ratio: 5.00 67181-68197 orient(-) score(5085.00) noncoding_equivalent(1017.00) raw_noncoding(1017.00) offset(0.00) 
68197	67181	single-	4	6	{GlimmerHMM_glimmerT_3294-T1;GlimmerHMM},{HiQ_model.g3026.t1;HiQ}

# EVM prediction: Mode:STANDARD S-ratio: 4.39 68718-69350 orient(-) score(3093.00) noncoding_equivalent(705.00) raw_noncoding(705.00) offset(0.00) 
69350	68718	single-	4	6	{GlimmerHMM_glimmerT_3295-T1;GlimmerHMM},{HiQ_model.g3027.t1;HiQ}

# EVM prediction: Mode:STANDARD S-ratio: 5.00 69673-70749 orient(-) score(5385.00) noncoding_equivalent(1077.00) raw_noncoding(1077.00) offset(0.00) 
70749	69673	single-	4	6	{HiQ_model.g3028.t1;HiQ},{GlimmerHMM_glimmerT_3296-T1;GlimmerHMM}

# EVM prediction: Mode:STANDARD S-ratio: 10000.00 73099-74133 orient(+) score(4140.00) noncoding_equivalent(0.41) raw_noncoding(0.00) offset(0.00) 
73099	74133	single+	1	3	{GlimmerHMM_glimmerT_3297-T1;GlimmerHMM},{Augustus_model.g3029.t1;Augustus}

# EVM prediction: Mode:STANDARD S-ratio: 5.00 74600-77299 orient(-) score(13500.00) noncoding_equivalent(2700.00) raw_noncoding(2700.00) offset(0.00) 
77299	74600	single-	4	6	{HiQ_model.g3030.t1;HiQ},{GlimmerHMM_glimmerT_3298-T1;GlimmerHMM}

# EVM prediction: Mode:STANDARD S-ratio: 25.77 77877-79382 orient(+) score(5799.00) noncoding_equivalent(225.00) raw_noncoding(225.00) offset(0.00) 
77877	79382	single+	1	3	{GlimmerHMM_glimmerT_3299-T1;GlimmerHMM},{Augustus_model.g3031.t1;Augustus}

# EVM prediction: Mode:STANDARD S-ratio: 4.62 82191-83282 orient(-) score(5385.00) noncoding_equivalent(1165.97) raw_noncoding(1165.97) offset(0.00) 
83282	82191	single-	4	6	{HiQ_model.g3032.t1;HiQ}

# EVM prediction: Mode:STANDARD S-ratio: 5.00 83670-86015 orient(-) score(11730.00) noncoding_equivalent(2346.00) raw_noncoding(2346.00) offset(0.00) 
86015	83670	single-	4	6	{HiQ_model.g3033.t1;HiQ}

# EVM prediction: Mode:STANDARD S-ratio: 10000.00 86859-90185 orient(-) score(9981.00) noncoding_equivalent(1.00) raw_noncoding(0.00) offset(0.00) 
90185	86859	single-	4	6	{GlimmerHMM_glimmerT_3302-T1;GlimmerHMM},{Augustus_model.g3034.t1;Augustus}

# EVM prediction: Mode:STANDARD S-ratio: 5.00 90650-92512 orient(-) score(9315.00) noncoding_equivalent(1863.00) raw_noncoding(1863.00) offset(0.00) 
92512	90650	single-	4	6	{HiQ_model.g3035.t1;HiQ},{GlimmerHMM_glimmerT_3303-T1;GlimmerHMM}

# EVM prediction: Mode:STANDARD S-ratio: 87.86 94785-95717 orient(-) score(3690.00) noncoding_equivalent(42.00) raw_noncoding(42.00) offset(0.00) 
95717	94785	single-	4	6	{GlimmerHMM_glimmerT_3304-T1;GlimmerHMM}

# EVM prediction: Mode:STANDARD S-ratio: 7.38 95974-96565 orient(-) score(1981.00) noncoding_equivalent(268.37) raw_noncoding(377.69) offset(109.33) 
96505	95974	terminal-	6	6	{snap_scaffold_7-snap.137-T1;snap}
96560	96506	INTRON			{snap_scaffold_7-snap.137-T1;snap}
96565	96561	initial-	4	5	{snap_scaffold_7-snap.137-T1;snap}

# EVM prediction: Mode:STANDARD S-ratio: 4.94 96968-98182 orient(-) score(6062.00) noncoding_equivalent(1226.06) raw_noncoding(1226.06) offset(0.00) 
98182	96968	single-	4	6	{HiQ_model.g3037.t1;HiQ},{GlimmerHMM_glimmerT_3306-T1;GlimmerHMM}

# EVM prediction: Mode:STANDARD S-ratio: 4.89 98582-99676 orient(-) score(5454.00) noncoding_equivalent(1116.00) raw_noncoding(1116.00) offset(0.00) 
99676	98582	single-	4	6	{GlimmerHMM_glimmerT_3307-T1;GlimmerHMM},{HiQ_model.g3038.t1;HiQ}

