# EVM prediction: Mode:STANDARD S-ratio: 10000.00 14643-17852 orient(-) score(6418.00) noncoding_equivalent(0.64) raw_noncoding(0.00) offset(0.00)
17852	14643	single-	4	6	{Augustus_gene964.t1;Augustus}

# EVM prediction: Mode:STANDARD S-ratio: 10000.00 30212-32947 orient(+) score(5472.00) noncoding_equivalent(0.55) raw_noncoding(0.00) offset(0.00)
30212	32947	single+	1	3	{Augustus_gene1163.t1;Augustus}

# EVM prediction: Mode:STANDARD S-ratio: 10000.00 36157-37566 orient(+) score(2820.00) noncoding_equivalent(0.28) raw_noncoding(0.00) offset(0.00)
36157	37566	single+	1	3	{Augustus_gene752.t1;Augustus}

# EVM prediction: Mode:STANDARD S-ratio: 10000.00 38889-39845 orient(-) score(1914.00) noncoding_equivalent(0.19) raw_noncoding(0.00) offset(0.00)
39845	38889	single-	4	6	{Augustus_gene261.t1;Augustus}

# EVM prediction: Mode:STANDARD S-ratio: 10000.00 40872-43586 orient(-) score(5430.00) noncoding_equivalent(0.54) raw_noncoding(0.00) offset(0.00)
43586	40872	single-	4	6	{Augustus_gene958.t1;Augustus}

# EVM prediction: Mode:STANDARD S-ratio: 10000.00 47471-47962 orient(-) score(984.00) noncoding_equivalent(0.10) raw_noncoding(0.00) offset(0.00)
47962	47471	single-	4	6	{Augustus_gene309.t1;Augustus}

# EVM prediction: Mode:STANDARD S-ratio: 10000.00 49708-51525 orient(-) score(3636.00) noncoding_equivalent(0.36) raw_noncoding(0.00) offset(0.00)
51525	49708	single-	4	6	{Augustus_gene1039.t1;Augustus}

# EVM prediction: Mode:STANDARD S-ratio: 10000.00 53753-54406 orient(+) score(1308.00) noncoding_equivalent(0.13) raw_noncoding(0.00) offset(0.00)
53753	54406	single+	1	3	{Augustus_gene1096.t1;Augustus}

# EVM prediction: Mode:STANDARD S-ratio: 10000.00 54503-55402 orient(-) score(1800.00) noncoding_equivalent(0.18) raw_noncoding(0.00) offset(0.00)
55402	54503	single-	4	6	{Augustus_gene886.t1;Augustus}

# EVM prediction: Mode:STANDARD S-ratio: 10000.00 67384-72306 orient(-) score(9846.00) noncoding_equivalent(0.98) raw_noncoding(0.00) offset(0.00)
72306	67384	single-	4	6	{Augustus_gene860.t1;Augustus}

# EVM prediction: Mode:STANDARD S-ratio: 10000.00 78549-79760 orient(+) score(2424.00) noncoding_equivalent(0.24) raw_noncoding(0.00) offset(0.00)
78549	79760	single+	1	3	{Augustus_gene242.t1;Augustus}

# EVM prediction: Mode:STANDARD S-ratio: 10000.00 79914-81560 orient(-) score(3294.00) noncoding_equivalent(0.33) raw_noncoding(0.00) offset(0.00)
81560	79914	single-	4	6	{Augustus_gene845.t1;Augustus}

# EVM prediction: Mode:STANDARD S-ratio: 10000.00 85972-87141 orient(+) score(2338.00) noncoding_equivalent(0.23) raw_noncoding(0.00) offset(0.00)
85972	87141	single+	1	3	{Augustus_gene764.t1;Augustus}

# EVM prediction: Mode:STANDARD S-ratio: 10000.00 87714-90521 orient(+) score(5616.00) noncoding_equivalent(0.56) raw_noncoding(0.00) offset(0.00)
87714	90521	single+	1	3	{Augustus_gene589.t1;Augustus}

# EVM prediction: Mode:STANDARD S-ratio: 10000.00 94976-95857 orient(-) score(1762.00) noncoding_equivalent(0.18) raw_noncoding(0.00) offset(0.00)
95857	94976	single-	4	6	{Augustus_gene961.t1;Augustus}

# EVM prediction: Mode:STANDARD S-ratio: 10000.00 103118-105112 orient(+) score(3990.00) noncoding_equivalent(0.40) raw_noncoding(0.00) offset(0.00)
103118	105112	single+	1	3	{Augustus_gene44.t1;Augustus}

# EVM prediction: Mode:STANDARD S-ratio: 10000.00 115189-118947 orient(+) score(7518.00) noncoding_equivalent(0.75) raw_noncoding(0.00) offset(0.00)
115189	118947	single+	1	3	{Augustus_gene446.t1;Augustus}

# EVM prediction: Mode:STANDARD S-ratio: 10000.00 139197-140168 orient(-) score(1942.00) noncoding_equivalent(0.19) raw_noncoding(0.00) offset(0.00)
140168	139197	single-	4	6	{Augustus_gene503.t1;Augustus}

# EVM prediction: Mode:STANDARD S-ratio: 10000.00 140537-147199 orient(+) score(13324.00) noncoding_equivalent(1.33) raw_noncoding(0.00) offset(0.00)
140537	147199	single+	1	3	{Augustus_gene496.t1;Augustus}

# EVM prediction: Mode:STANDARD S-ratio: 10000.00 157488-159506 orient(+) score(4036.00) noncoding_equivalent(0.40) raw_noncoding(0.00) offset(0.00)
157488	157778	initial+	1	3	{Augustus_gene789.t1;Augustus}
157779	157838	INTRON			{Augustus_gene789.t1;Augustus}
157839	159506	terminal+	1	3	{Augustus_gene789.t1;Augustus}

# EVM prediction: Mode:STANDARD S-ratio: 10000.00 163869-164708 orient(-) score(1680.00) noncoding_equivalent(0.17) raw_noncoding(0.00) offset(0.00)
164708	163869	single-	4	6	{Augustus_gene745.t1;Augustus}

# EVM prediction: Mode:STANDARD S-ratio: 10000.00 165024-166763 orient(-) score(3480.00) noncoding_equivalent(0.35) raw_noncoding(0.00) offset(0.00)
166763	165024	single-	4	6	{Augustus_gene215.t1;Augustus}

# EVM prediction: Mode:STANDARD S-ratio: 10000.00 173828-175075 orient(-) score(2496.00) noncoding_equivalent(0.25) raw_noncoding(0.00) offset(0.00)
175075	173828	single-	4	6	{Augustus_gene847.t1;Augustus}

# EVM prediction: Mode:STANDARD S-ratio: 10000.00 175392-177656 orient(+) score(4530.00) noncoding_equivalent(0.45) raw_noncoding(0.00) offset(0.00)
175392	177656	single+	1	3	{Augustus_gene178.t1;Augustus}

# EVM prediction: Mode:STANDARD S-ratio: 10000.00 180425-183316 orient(+) score(5782.00) noncoding_equivalent(0.58) raw_noncoding(0.00) offset(0.00)
180425	183316	single+	1	3	{Augustus_gene627.t1;Augustus}

# EVM prediction: Mode:STANDARD S-ratio: 10000.00 183688-188451 orient(+) score(9526.00) noncoding_equivalent(0.95) raw_noncoding(0.00) offset(0.00)
183688	185506	initial+	1	1	{Augustus_gene619.t1;Augustus}
185507	185665	INTRON			{Augustus_gene619.t1;Augustus}
185666	188451	terminal+	2	3	{Augustus_gene619.t1;Augustus}

# EVM prediction: Mode:STANDARD S-ratio: 10000.00 188792-190315 orient(-) score(3048.00) noncoding_equivalent(0.30) raw_noncoding(0.00) offset(0.00)
190315	188792	single-	4	6	{Augustus_gene452.t1;Augustus}

# EVM prediction: Mode:STANDARD S-ratio: 10000.00 190865-192525 orient(-) score(2814.00) noncoding_equivalent(0.28) raw_noncoding(0.00) offset(0.00)
191113	190865	terminal-	4	6	{Augustus_gene335.t1;Augustus}
191445	191114	INTRON			{Augustus_gene335.t1;Augustus}
192525	191446	initial-	4	6	{Augustus_gene335.t1;Augustus}

# EVM prediction: Mode:STANDARD S-ratio: 10000.00 195017-197503 orient(+) score(4974.00) noncoding_equivalent(0.50) raw_noncoding(0.00) offset(0.00)
195017	197503	single+	1	3	{Augustus_gene603.t1;Augustus}

# EVM prediction: Mode:STANDARD S-ratio: 10000.00 207612-208496 orient(+) score(1770.00) noncoding_equivalent(0.18) raw_noncoding(0.00) offset(0.00)
207612	208496	single+	1	3	{Augustus_gene318.t1;Augustus}

# EVM prediction: Mode:STANDARD S-ratio: 10000.00 220196-221680 orient(+) score(2970.00) noncoding_equivalent(0.30) raw_noncoding(0.00) offset(0.00)
220196	221680	single+	1	3	{Augustus_gene1127.t1;Augustus}

# EVM prediction: Mode:STANDARD S-ratio: 10000.00 221947-222567 orient(+) score(1242.00) noncoding_equivalent(0.12) raw_noncoding(0.00) offset(0.00)
221947	222567	single+	1	3	{Augustus_gene760.t1;Augustus}

# EVM prediction: Mode:STANDARD S-ratio: 10000.00 223896-226508 orient(-) score(5224.00) noncoding_equivalent(0.52) raw_noncoding(0.00) offset(0.00)
226508	223896	single-	4	6	{Augustus_gene655.t1;Augustus}

# EVM prediction: Mode:STANDARD S-ratio: 10000.00 228804-230471 orient(-) score(3336.00) noncoding_equivalent(0.33) raw_noncoding(0.00) offset(0.00)
230471	228804	single-	4	6	{Augustus_gene454.t1;Augustus}

# EVM prediction: Mode:STANDARD S-ratio: 10000.00 231028-232788 orient(+) score(3522.00) noncoding_equivalent(0.35) raw_noncoding(0.00) offset(0.00)
231028	232788	single+	1	3	{Augustus_gene321.t1;Augustus}

# EVM prediction: Mode:STANDARD S-ratio: 10000.00 240397-242742 orient(+) score(4692.00) noncoding_equivalent(0.47) raw_noncoding(0.00) offset(0.00)
240397	242742	single+	1	3	{Augustus_gene531.t1;Augustus}

# EVM prediction: Mode:STANDARD S-ratio: 10000.00 248442-249737 orient(+) score(2592.00) noncoding_equivalent(0.26) raw_noncoding(0.00) offset(0.00)
248442	249737	single+	1	3	{Augustus_gene175.t1;Augustus}

# EVM prediction: Mode:STANDARD S-ratio: 10000.00 253746-256286 orient(-) score(5082.00) noncoding_equivalent(0.51) raw_noncoding(0.00) offset(0.00)
256286	253746	single-	4	6	{Augustus_gene967.t1;Augustus}

# EVM prediction: Mode:STANDARD S-ratio: 10000.00 256838-257578 orient(-) score(1482.00) noncoding_equivalent(0.15) raw_noncoding(0.00) offset(0.00)
257578	256838	single-	4	6	{Augustus_gene342.t1;Augustus}

# EVM prediction: Mode:STANDARD S-ratio: 10000.00 277888-279516 orient(+) score(3256.00) noncoding_equivalent(0.33) raw_noncoding(0.00) offset(0.00)
277888	279516	single+	1	3	{Augustus_gene984.t1;Augustus}

# EVM prediction: Mode:STANDARD S-ratio: 10000.00 296647-297369 orient(+) score(1446.00) noncoding_equivalent(0.14) raw_noncoding(0.00) offset(0.00)
296647	297369	single+	1	3	{Augustus_gene76.t1;Augustus}

# EVM prediction: Mode:STANDARD S-ratio: 10000.00 301255-302466 orient(-) score(2424.00) noncoding_equivalent(0.24) raw_noncoding(0.00) offset(0.00)
302466	301255	single-	4	6	{Augustus_gene1021.t1;Augustus}

# EVM prediction: Mode:STANDARD S-ratio: 10000.00 309981-311477 orient(-) score(2994.00) noncoding_equivalent(0.30) raw_noncoding(0.00) offset(0.00)
311477	309981	single-	4	6	{Augustus_gene227.t1;Augustus}

# EVM prediction: Mode:STANDARD S-ratio: 10000.00 340478-341698 orient(+) score(2442.00) noncoding_equivalent(0.24) raw_noncoding(0.00) offset(0.00)
340478	341698	single+	1	3	{Augustus_gene577.t1;Augustus}

# EVM prediction: Mode:STANDARD S-ratio: 10000.00 343715-344985 orient(-) score(2542.00) noncoding_equivalent(0.25) raw_noncoding(0.00) offset(0.00)
343740	343715	terminal-	5	6	{Augustus_gene436.t1;Augustus}
344288	343741	INTRON			{Augustus_gene436.t1;Augustus}
344985	344289	initial-	4	4	{Augustus_gene436.t1;Augustus}

# EVM prediction: Mode:STANDARD S-ratio: 10000.00 354639-358926 orient(-) score(8576.00) noncoding_equivalent(0.86) raw_noncoding(0.00) offset(0.00)
354658	354639	terminal-	5	6	{Augustus_gene424.t1;Augustus}
354722	354659	INTRON			{Augustus_gene424.t1;Augustus}
358926	354723	initial-	4	4	{Augustus_gene424.t1;Augustus}

# EVM prediction: Mode:STANDARD S-ratio: 10000.00 360001-361599 orient(+) score(3198.00) noncoding_equivalent(0.32) raw_noncoding(0.00) offset(0.00)
360001	361599	single+	1	3	{Augustus_gene329.t1;Augustus}

# EVM prediction: Mode:STANDARD S-ratio: 10000.00 361882-363342 orient(-) score(2922.00) noncoding_equivalent(0.29) raw_noncoding(0.00) offset(0.00)
363249	361882	terminal-	4	6	{Augustus_gene1119.t1;Augustus}
363297	363250	INTRON			{Augustus_gene1119.t1;Augustus}
363342	363298	initial-	4	6	{Augustus_gene1119.t1;Augustus}

# EVM prediction: Mode:STANDARD S-ratio: 10000.00 368646-372606 orient(+) score(7918.00) noncoding_equivalent(0.79) raw_noncoding(0.00) offset(0.00)
368646	371721	initial+	1	1	{Augustus_gene193.t1;Augustus}
371722	372137	INTRON			{Augustus_gene193.t1;Augustus}
372138	372326	internal+	2	1	{Augustus_gene193.t1;Augustus}
372327	372586	INTRON			{Augustus_gene193.t1;Augustus}
372587	372606	terminal+	2	3	{Augustus_gene193.t1;Augustus}

# EVM prediction: Mode:STANDARD S-ratio: 10000.00 374806-375528 orient(+) score(1446.00) noncoding_equivalent(0.14) raw_noncoding(0.00) offset(0.00)
374806	375528	single+	1	3	{Augustus_gene92.t1;Augustus}

# EVM prediction: Mode:STANDARD S-ratio: 10000.00 376611-380187 orient(+) score(7154.00) noncoding_equivalent(0.72) raw_noncoding(0.00) offset(0.00)
376611	376731	initial+	1	1	{Augustus_gene419.t1;Augustus}
376732	376782	INTRON			{Augustus_gene419.t1;Augustus}
376783	376854	internal+	2	1	{Augustus_gene419.t1;Augustus}
376855	377180	INTRON			{Augustus_gene419.t1;Augustus}
377181	377196	internal+	2	2	{Augustus_gene419.t1;Augustus}
377197	377297	INTRON			{Augustus_gene419.t1;Augustus}
377298	380187	terminal+	3	3	{Augustus_gene419.t1;Augustus}

# EVM prediction: Mode:STANDARD S-ratio: 10000.00 386414-387907 orient(+) score(2986.00) noncoding_equivalent(0.30) raw_noncoding(0.00) offset(0.00)
386414	387907	single+	1	3	{Augustus_gene841.t1;Augustus}

# EVM prediction: Mode:STANDARD S-ratio: 10000.00 403742-405755 orient(-) score(4028.00) noncoding_equivalent(0.40) raw_noncoding(0.00) offset(0.00)
403767	403742	terminal-	5	6	{Augustus_gene695.t1;Augustus}
403828	403768	INTRON			{Augustus_gene695.t1;Augustus}
405755	403829	initial-	4	4	{Augustus_gene695.t1;Augustus}

# EVM prediction: Mode:STANDARD S-ratio: 10000.00 411500-412165 orient(-) score(1332.00) noncoding_equivalent(0.13) raw_noncoding(0.00) offset(0.00)
412165	411500	single-	4	6	{Augustus_gene624.t1;Augustus}

# EVM prediction: Mode:STANDARD S-ratio: 10000.00 413776-414450 orient(+) score(1350.00) noncoding_equivalent(0.14) raw_noncoding(0.00) offset(0.00)
413776	414450	single+	1	3	{Augustus_gene233.t1;Augustus}

# EVM prediction: Mode:STANDARD S-ratio: 10000.00 423725-428131 orient(+) score(8814.00) noncoding_equivalent(0.88) raw_noncoding(0.00) offset(0.00)
423725	428131	single+	1	3	{Augustus_gene1160.t1;Augustus}

# EVM prediction: Mode:STANDARD S-ratio: 10000.00 441908-444248 orient(+) score(4682.00) noncoding_equivalent(0.47) raw_noncoding(0.00) offset(0.00)
441908	442091	initial+	1	1	{Augustus_gene632.t1;Augustus}
442092	442542	INTRON			{Augustus_gene632.t1;Augustus}
442543	444248	terminal+	2	3	{Augustus_gene632.t1;Augustus}

# EVM prediction: Mode:STANDARD S-ratio: 10000.00 452723-456982 orient(+) score(8518.00) noncoding_equivalent(0.85) raw_noncoding(0.00) offset(0.00)
452723	456982	single+	1	3	{Augustus_gene1171.t1;Augustus}

# EVM prediction: Mode:STANDARD S-ratio: 10000.00 462139-464634 orient(+) score(4990.00) noncoding_equivalent(0.50) raw_noncoding(0.00) offset(0.00)
462139	464634	single+	1	3	{Augustus_gene905.t1;Augustus}

# EVM prediction: Mode:STANDARD S-ratio: 10000.00 466397-468034 orient(+) score(3276.00) noncoding_equivalent(0.33) raw_noncoding(0.00) offset(0.00)
466397	468034	single+	1	3	{Augustus_gene1169.t1;Augustus}

# EVM prediction: Mode:STANDARD S-ratio: 10000.00 468402-471077 orient(+) score(5350.00) noncoding_equivalent(0.54) raw_noncoding(0.00) offset(0.00)
468402	470165	initial+	1	3	{Augustus_gene762.t1;Augustus}
470166	470399	INTRON			{Augustus_gene762.t1;Augustus}
470400	471077	terminal+	1	3	{Augustus_gene762.t1;Augustus}

# EVM prediction: Mode:STANDARD S-ratio: 10000.00 480705-481577 orient(+) score(1746.00) noncoding_equivalent(0.17) raw_noncoding(0.00) offset(0.00)
480705	481577	single+	1	3	{Augustus_gene490.t1;Augustus}

# EVM prediction: Mode:STANDARD S-ratio: 10000.00 485437-486360 orient(+) score(1848.00) noncoding_equivalent(0.18) raw_noncoding(0.00) offset(0.00)
485437	486360	single+	1	3	{Augustus_gene1137.t1;Augustus}

# EVM prediction: Mode:STANDARD S-ratio: 10000.00 504017-505456 orient(-) score(2880.00) noncoding_equivalent(0.29) raw_noncoding(0.00) offset(0.00)
505456	504017	single-	4	6	{Augustus_gene165.t1;Augustus}

# EVM prediction: Mode:STANDARD S-ratio: 10000.00 507862-510129 orient(-) score(4534.00) noncoding_equivalent(0.45) raw_noncoding(0.00) offset(0.00)
510129	507862	single-	4	6	{Augustus_gene270.t1;Augustus}

# EVM prediction: Mode:STANDARD S-ratio: 10000.00 527309-528958 orient(+) score(3300.00) noncoding_equivalent(0.33) raw_noncoding(0.00) offset(0.00)
527309	528958	single+	1	3	{Augustus_gene333.t1;Augustus}

# EVM prediction: Mode:STANDARD S-ratio: 10000.00 538156-540678 orient(-) score(5046.00) noncoding_equivalent(0.50) raw_noncoding(0.00) offset(0.00)
540678	538156	single-	4	6	{Augustus_gene609.t1;Augustus}

# EVM prediction: Mode:STANDARD S-ratio: 10000.00 545252-547018 orient(-) score(3534.00) noncoding_equivalent(0.35) raw_noncoding(0.00) offset(0.00)
547018	545252	single-	4	6	{Augustus_gene1147.t1;Augustus}

# EVM prediction: Mode:STANDARD S-ratio: 10000.00 573984-576443 orient(+) score(4920.00) noncoding_equivalent(0.49) raw_noncoding(0.00) offset(0.00)
573984	574367	initial+	1	3	{Augustus_gene948.t1;Augustus}
574368	574417	INTRON			{Augustus_gene948.t1;Augustus}
574418	574458	internal+	1	2	{Augustus_gene948.t1;Augustus}
574459	574945	INTRON			{Augustus_gene948.t1;Augustus}
574946	574986	internal+	3	1	{Augustus_gene948.t1;Augustus}
574987	575028	INTRON			{Augustus_gene948.t1;Augustus}
575029	576443	terminal+	2	3	{Augustus_gene948.t1;Augustus}

# EVM prediction: Mode:STANDARD S-ratio: 10000.00 577488-578459 orient(-) score(1908.00) noncoding_equivalent(0.19) raw_noncoding(0.00) offset(0.00)
578459	577488	single-	4	6	{Augustus_gene895.t1;Augustus}

# EVM prediction: Mode:STANDARD S-ratio: 10000.00 581510-584416 orient(-) score(5814.00) noncoding_equivalent(0.58) raw_noncoding(0.00) offset(0.00)
584416	581510	single-	4	6	{Augustus_gene99.t1;Augustus}

# EVM prediction: Mode:STANDARD S-ratio: 10000.00 586457-588577 orient(+) score(4242.00) noncoding_equivalent(0.42) raw_noncoding(0.00) offset(0.00)
586457	588577	single+	1	3	{Augustus_gene703.t1;Augustus}

# EVM prediction: Mode:STANDARD S-ratio: 10000.00 612685-613776 orient(-) score(2184.00) noncoding_equivalent(0.22) raw_noncoding(0.00) offset(0.00)
613776	612685	single-	4	6	{Augustus_gene854.t1;Augustus}

# EVM prediction: Mode:STANDARD S-ratio: 10000.00 614252-615163 orient(+) score(1822.00) noncoding_equivalent(0.18) raw_noncoding(0.00) offset(0.00)
614252	615163	single+	1	3	{Augustus_gene532.t1;Augustus}

# EVM prediction: Mode:STANDARD S-ratio: 10000.00 615939-616623 orient(-) score(1370.00) noncoding_equivalent(0.14) raw_noncoding(0.00) offset(0.00)
615950	615939	terminal-	4	6	{Augustus_gene477.t1;Augustus}
616023	615951	INTRON			{Augustus_gene477.t1;Augustus}
616623	616024	initial-	4	6	{Augustus_gene477.t1;Augustus}

# EVM prediction: Mode:STANDARD S-ratio: 10000.00 619200-620054 orient(-) score(1710.00) noncoding_equivalent(0.17) raw_noncoding(0.00) offset(0.00)
620054	619200	single-	4	6	{Augustus_gene820.t1;Augustus}

# EVM prediction: Mode:STANDARD S-ratio: 10000.00 629172-630125 orient(-) score(1908.00) noncoding_equivalent(0.19) raw_noncoding(0.00) offset(0.00)
630125	629172	single-	4	6	{Augustus_gene218.t1;Augustus}

# EVM prediction: Mode:STANDARD S-ratio: 10000.00 631961-633859 orient(+) score(3798.00) noncoding_equivalent(0.38) raw_noncoding(0.00) offset(0.00)
631961	633859	single+	1	3	{Augustus_gene29.t1;Augustus}

# EVM prediction: Mode:STANDARD S-ratio: 10000.00 634228-635169 orient(-) score(1884.00) noncoding_equivalent(0.19) raw_noncoding(0.00) offset(0.00)
635169	634228	single-	4	6	{Augustus_gene42.t1;Augustus}

# EVM prediction: Mode:STANDARD S-ratio: 10000.00 635463-637439 orient(+) score(3954.00) noncoding_equivalent(0.40) raw_noncoding(0.00) offset(0.00)
635463	637439	single+	1	3	{Augustus_gene222.t1;Augustus}

# EVM prediction: Mode:STANDARD S-ratio: 10000.00 648396-649541 orient(+) score(2292.00) noncoding_equivalent(0.23) raw_noncoding(0.00) offset(0.00)
648396	649541	single+	1	3	{Augustus_gene127.t1;Augustus}

# EVM prediction: Mode:STANDARD S-ratio: 10000.00 649666-656367 orient(-) score(13402.00) noncoding_equivalent(1.34) raw_noncoding(0.00) offset(0.00)
656367	649666	single-	4	6	{Augustus_gene831.t1;Augustus}

# EVM prediction: Mode:STANDARD S-ratio: 10000.00 657776-658435 orient(+) score(1320.00) noncoding_equivalent(0.13) raw_noncoding(0.00) offset(0.00)
657776	658435	single+	1	3	{Augustus_gene795.t1;Augustus}

# EVM prediction: Mode:STANDARD S-ratio: 10000.00 662194-662877 orient(-) score(1368.00) noncoding_equivalent(0.14) raw_noncoding(0.00) offset(0.00)
662877	662194	single-	4	6	{Augustus_gene300.t1;Augustus}

# EVM prediction: Mode:STANDARD S-ratio: 10000.00 687681-688709 orient(-) score(2058.00) noncoding_equivalent(0.21) raw_noncoding(0.00) offset(0.00)
688709	687681	single-	4	6	{Augustus_gene1129.t1;Augustus}

# EVM prediction: Mode:STANDARD S-ratio: 10000.00 688981-689442 orient(-) score(924.00) noncoding_equivalent(0.09) raw_noncoding(0.00) offset(0.00)
689442	688981	single-	4	6	{Augustus_gene1159.t1;Augustus}

# EVM prediction: Mode:STANDARD S-ratio: 10000.00 690240-692156 orient(+) score(3834.00) noncoding_equivalent(0.38) raw_noncoding(0.00) offset(0.00)
690240	692156	single+	1	3	{Augustus_gene225.t1;Augustus}

# EVM prediction: Mode:STANDARD S-ratio: 10000.00 696564-697754 orient(+) score(2382.00) noncoding_equivalent(0.24) raw_noncoding(0.00) offset(0.00)
696564	697754	single+	1	3	{Augustus_gene738.t1;Augustus}

# EVM prediction: Mode:STANDARD S-ratio: 10000.00 702797-703204 orient(+) score(816.00) noncoding_equivalent(0.08) raw_noncoding(0.00) offset(0.00)
702797	703204	single+	1	3	{Augustus_gene996.t1;Augustus}

# EVM prediction: Mode:STANDARD S-ratio: 10000.00 714315-715454 orient(-) score(2280.00) noncoding_equivalent(0.23) raw_noncoding(0.00) offset(0.00)
715454	714315	single-	4	6	{Augustus_gene283.t1;Augustus}

