!! Predictions spanning range 786 - 95919 [R1]
# EVM prediction: Mode:STANDARD S-ratio: 20.52 786-1736 orient(-) score(2718.00) noncoding_equivalent(132.47) raw_noncoding(132.47) offset(0.00) 
1736	786	single-	4	6	{GlimmerHMM_glimmerT_1721-T1;GlimmerHMM}

# EVM prediction: Mode:STANDARD S-ratio: 94.52 2082-3203 orient(-) score(3329.00) noncoding_equivalent(35.22) raw_noncoding(35.22) offset(0.00) 
3203	2082	single-	4	6	{Augustus_model.g1543.t1;Augustus},{GlimmerHMM_glimmerT_1722-T1;GlimmerHMM}

# EVM prediction: Mode:STANDARD S-ratio: 130.54 5376-6830 orient(+) score(4330.00) noncoding_equivalent(33.17) raw_noncoding(33.17) offset(0.00) 
5376	6830	single+	1	3	{Augustus_model.g1544.t1;Augustus},{GlimmerHMM_glimmerT_1723-T1;GlimmerHMM}

# EVM prediction: Mode:STANDARD S-ratio: 19.70 7160-7549 orient(+) score(1112.00) noncoding_equivalent(56.43) raw_noncoding(56.43) offset(0.00) 
7160	7549	single+	1	3	{Augustus_model.g1545.t1;Augustus},{GlimmerHMM_glimmerT_1724-T1;GlimmerHMM}

# EVM prediction: Mode:STANDARD S-ratio: 125.27 7809-9197 orient(+) score(4134.00) noncoding_equivalent(33.00) raw_noncoding(33.00) offset(0.00) 
7809	9197	single+	1	3	{Augustus_model.g1546.t1;Augustus},{GlimmerHMM_glimmerT_1725-T1;GlimmerHMM}

# EVM prediction: Mode:STANDARD S-ratio: 7.62 9810-10746 orient(+) score(2487.00) noncoding_equivalent(326.45) raw_noncoding(561.00) offset(234.55) 
9810	9844	initial+	1	2	{Augustus_model.g1547.t1;Augustus},{GlimmerHMM_glimmerT_1727-T1;GlimmerHMM}
9845	9939	INTRON			{Augustus_model.g1547.t1;Augustus},{GlimmerHMM_glimmerT_1727-T1;GlimmerHMM}
9940	9959	internal+	3	1	{GlimmerHMM_glimmerT_1727-T1;GlimmerHMM}
9960	10048	INTRON			{GlimmerHMM_glimmerT_1727-T1;GlimmerHMM}
10049	10746	terminal+	2	3	{snap_scaffold_2-snap.360-T1;snap},{Augustus_model.g1547.t1;Augustus},{GlimmerHMM_glimmerT_1727-T1;GlimmerHMM}

# EVM prediction: Mode:STANDARD S-ratio: 10000.00 10795-11913 orient(-) score(3357.00) noncoding_equivalent(0.34) raw_noncoding(0.00) offset(0.00) 
11913	10795	single-	4	6	{Augustus_model.g1548.t1;Augustus},{GlimmerHMM_glimmerT_1728-T1;GlimmerHMM}

# EVM prediction: Mode:STANDARD S-ratio: 17.20 12171-13244 orient(-) score(3045.00) noncoding_equivalent(177.00) raw_noncoding(177.00) offset(0.00) 
13244	12171	single-	4	6	{Augustus_model.g1549.t1;Augustus},{GlimmerHMM_glimmerT_1729-T1;GlimmerHMM}

# EVM prediction: Mode:STANDARD S-ratio: 10000.00 14038-14661 orient(+) score(1872.00) noncoding_equivalent(0.19) raw_noncoding(0.00) offset(0.00) 
14038	14661	single+	1	3	{Augustus_model.g1550.t1;Augustus},{GlimmerHMM_glimmerT_1730-T1;GlimmerHMM}

# EVM prediction: Mode:STANDARD S-ratio: 2.00 14818-15561 orient(-) score(1488.00) noncoding_equivalent(744.00) raw_noncoding(744.00) offset(0.00) 
15561	14818	single-	4	6	{Augustus_model.g1551.t1;Augustus}

# EVM prediction: Mode:STANDARD S-ratio: 10000.00 16481-18139 orient(+) score(4977.00) noncoding_equivalent(0.50) raw_noncoding(0.00) offset(0.00) 
16481	18139	single+	1	3	{Augustus_model.g1552.t1;Augustus},{GlimmerHMM_glimmerT_1732-T1;GlimmerHMM}

# EVM prediction: Mode:STANDARD S-ratio: 181.30 18189-19691 orient(-) score(4483.00) noncoding_equivalent(24.73) raw_noncoding(24.73) offset(0.00) 
19691	18189	single-	4	6	{GlimmerHMM_glimmerT_1733-T1;GlimmerHMM},{Augustus_model.g1553.t1;Augustus}

# EVM prediction: Mode:STANDARD S-ratio: 302.60 19945-21462 orient(-) score(4539.00) noncoding_equivalent(15.00) raw_noncoding(15.00) offset(0.00) 
21462	19945	single-	4	6	{GlimmerHMM_glimmerT_1734-T1;GlimmerHMM},{Augustus_model.g1554.t1;Augustus}

# EVM prediction: Mode:STANDARD S-ratio: 144.50 21959-23122 orient(-) score(3468.00) noncoding_equivalent(24.00) raw_noncoding(24.00) offset(0.00) 
23122	21959	single-	4	6	{Augustus_model.g1555.t1;Augustus},{GlimmerHMM_glimmerT_1735-T1;GlimmerHMM}

# EVM prediction: Mode:STANDARD S-ratio: 126.25 24145-25671 orient(+) score(4545.00) noncoding_equivalent(36.00) raw_noncoding(36.00) offset(0.00) 
24145	25671	single+	1	3	{GlimmerHMM_glimmerT_1736-T1;GlimmerHMM},{Augustus_model.g1556.t1;Augustus}

# EVM prediction: Mode:STANDARD S-ratio: 19.31 25922-26209 orient(+) score(820.00) noncoding_equivalent(42.46) raw_noncoding(42.46) offset(0.00) 
25922	26209	single+	1	3	{Augustus_model.g1557.t1;Augustus},{GlimmerHMM_glimmerT_1737-T1;GlimmerHMM}

# EVM prediction: Mode:STANDARD S-ratio: 24.20 26385-27984 orient(-) score(4479.00) noncoding_equivalent(185.06) raw_noncoding(457.00) offset(271.94) 
27842	26385	terminal-	4	6	{Augustus_model.g1558.t1;Augustus},{snap_scaffold_2-snap.370-T1;snap}
27978	27843	INTRON			{snap_scaffold_2-snap.370-T1;snap}
27984	27979	initial-	4	6	{snap_scaffold_2-snap.370-T1;snap}

# EVM prediction: Mode:STANDARD S-ratio: 1.80 30906-31310 orient(+) score(780.00) noncoding_equivalent(433.18) raw_noncoding(433.18) offset(0.00) 
30906	31310	single+	1	3	{GlimmerHMM_glimmerT_1739-T1;GlimmerHMM}

# EVM prediction: Mode:STANDARD S-ratio: 653.68 31410-35558 orient(-) score(12420.00) noncoding_equivalent(19.00) raw_noncoding(19.00) offset(0.00) 
35558	31410	single-	4	6	{GlimmerHMM_glimmerT_1740-T1;GlimmerHMM}

# EVM prediction: Mode:STANDARD S-ratio: 122.72 36934-37266 orient(+) score(989.00) noncoding_equivalent(8.06) raw_noncoding(8.06) offset(0.00) 
36934	37266	single+	1	3	{Augustus_model.g1560.t1;Augustus},{GlimmerHMM_glimmerT_1741-T1;GlimmerHMM}

# EVM prediction: Mode:STANDARD S-ratio: 586.57 37449-41561 orient(-) score(12318.00) noncoding_equivalent(21.00) raw_noncoding(21.00) offset(0.00) 
41561	37449	single-	4	6	{Augustus_model.g1561.t1;Augustus},{GlimmerHMM_glimmerT_1742-T1;GlimmerHMM}

# EVM prediction: Mode:STANDARD S-ratio: 1.76 42428-42703 orient(+) score(486.00) noncoding_equivalent(276.00) raw_noncoding(342.00) offset(66.00) 
42428	42436	initial+	1	3	{snap_scaffold_2-snap.375-T1;snap}
42437	42502	INTRON			{snap_scaffold_2-snap.375-T1;snap}
42503	42703	terminal+	1	3	{snap_scaffold_2-snap.375-T1;snap}

# EVM prediction: Mode:STANDARD S-ratio: 20.07 42764-44449 orient(-) score(4817.00) noncoding_equivalent(239.97) raw_noncoding(239.97) offset(0.00) 
44449	42764	single-	4	6	{GlimmerHMM_glimmerT_1745-T1;GlimmerHMM},{Augustus_model.g1562.t1;Augustus}

# EVM prediction: Mode:STANDARD S-ratio: 10000.00 46032-46478 orient(+) score(1341.00) noncoding_equivalent(0.13) raw_noncoding(0.00) offset(0.00) 
46032	46478	single+	1	3	{GlimmerHMM_glimmerT_1747-T1;GlimmerHMM},{Augustus_model.g1563.t1;Augustus}

# EVM prediction: Mode:STANDARD S-ratio: 5.65 47049-47616 orient(+) score(1635.00) noncoding_equivalent(289.20) raw_noncoding(295.20) offset(6.00) 
47049	47067	initial+	1	1	{GlimmerHMM_glimmerT_1748-T1;GlimmerHMM},{Augustus_model.g1564.t1;Augustus}
47068	47143	INTRON			{GlimmerHMM_glimmerT_1748-T1;GlimmerHMM},{snap_scaffold_2-snap.378-T1;snap},{Augustus_model.g1564.t1;Augustus}
47144	47616	terminal+	2	3	{GlimmerHMM_glimmerT_1748-T1;GlimmerHMM},{snap_scaffold_2-snap.378-T1;snap}

# EVM prediction: Mode:STANDARD S-ratio: 11.92 47812-50401 orient(+) score(6662.00) noncoding_equivalent(559.02) raw_noncoding(1530.37) offset(971.36) 
47812	47818	initial+	1	1	{snap_scaffold_2-snap.379-T1;snap}
47819	48365	INTRON			{snap_scaffold_2-snap.379-T1;snap}
48366	50401	terminal+	2	3	{snap_scaffold_2-snap.379-T1;snap},{Augustus_model.g1564.t1;Augustus}

# EVM prediction: Mode:STANDARD S-ratio: 18.89 50990-51745 orient(+) score(2154.00) noncoding_equivalent(114.00) raw_noncoding(114.00) offset(0.00) 
50990	51745	single+	1	3	{GlimmerHMM_glimmerT_1750-T1;GlimmerHMM},{Augustus_model.g1565.t1;Augustus}

# EVM prediction: Mode:STANDARD S-ratio: 2.00 53307-53612 orient(+) score(612.00) noncoding_equivalent(306.00) raw_noncoding(306.00) offset(0.00) 
53307	53612	single+	1	3	{Augustus_model.g1566.t1;Augustus},{GlimmerHMM_glimmerT_1751-T1;GlimmerHMM}

# EVM prediction: Mode:STANDARD S-ratio: 1.86 54383-56803 orient(-) score(4491.00) noncoding_equivalent(2421.00) raw_noncoding(2772.00) offset(351.00) 
56217	54383	terminal-	5	6	{GlimmerHMM_glimmerT_1752-T1;GlimmerHMM}
56568	56218	INTRON			{GlimmerHMM_glimmerT_1752-T1;GlimmerHMM}
56803	56569	initial-	4	4	{GlimmerHMM_glimmerT_1752-T1;GlimmerHMM}

# EVM prediction: Mode:STANDARD S-ratio: 87.07 58237-60153 orient(-) score(5684.00) noncoding_equivalent(65.28) raw_noncoding(65.28) offset(0.00) 
60153	58237	single-	4	6	{Augustus_model.g1567.t1;Augustus},{GlimmerHMM_glimmerT_1753-T1;GlimmerHMM}

# EVM prediction: Mode:STANDARD S-ratio: 10.03 61306-63439 orient(-) score(5746.00) noncoding_equivalent(572.75) raw_noncoding(605.13) offset(32.38) 
62075	61306	terminal-	5	6	{GlimmerHMM_glimmerT_1754-T1;GlimmerHMM}
62151	62076	INTRON			{GlimmerHMM_glimmerT_1754-T1;GlimmerHMM}
63439	62152	initial-	4	4	{GlimmerHMM_glimmerT_1754-T1;GlimmerHMM}

# EVM prediction: Mode:STANDARD S-ratio: 213.78 64455-65960 orient(-) score(4495.00) noncoding_equivalent(21.03) raw_noncoding(21.03) offset(0.00) 
65960	64455	single-	4	6	{GlimmerHMM_glimmerT_1755-T1;GlimmerHMM}

# EVM prediction: Mode:STANDARD S-ratio: 3.97 66963-68072 orient(+) score(3301.00) noncoding_equivalent(830.94) raw_noncoding(830.94) offset(0.00) 
66963	68072	single+	1	3	{GlimmerHMM_glimmerT_1756-T1;GlimmerHMM},{Augustus_model.g1569.t1;Augustus}

# EVM prediction: Mode:STANDARD S-ratio: 50.71 68318-69307 orient(+) score(2911.00) noncoding_equivalent(57.41) raw_noncoding(57.41) offset(0.00) 
68318	69307	single+	1	3	{GlimmerHMM_glimmerT_1757-T1;GlimmerHMM},{Augustus_model.g1570.t1;Augustus}

# EVM prediction: Mode:STANDARD S-ratio: 502.74 69951-70796 orient(-) score(2531.00) noncoding_equivalent(5.03) raw_noncoding(5.03) offset(0.00) 
70796	69951	single-	4	6	{Augustus_model.g1571.t1;Augustus},{GlimmerHMM_glimmerT_1758-T1;GlimmerHMM}

# EVM prediction: Mode:STANDARD S-ratio: 80.83 72959-74113 orient(+) score(3421.00) noncoding_equivalent(42.32) raw_noncoding(42.32) offset(0.00) 
72959	74113	single+	1	3	{Augustus_model.g1572.t1;Augustus},{GlimmerHMM_glimmerT_1759-T1;GlimmerHMM}

# EVM prediction: Mode:STANDARD S-ratio: 2.64 74625-75713 orient(+) score(2149.00) noncoding_equivalent(813.05) raw_noncoding(813.05) offset(0.00) 
74625	75713	single+	1	3	{GlimmerHMM_glimmerT_1760-T1;GlimmerHMM}

# EVM prediction: Mode:STANDARD S-ratio: 3.71 76170-77528 orient(+) score(4031.00) noncoding_equivalent(1086.55) raw_noncoding(1086.55) offset(0.00) 
76170	77528	single+	1	3	{GlimmerHMM_glimmerT_1761-T1;GlimmerHMM}

# EVM prediction: Mode:STANDARD S-ratio: 2.99 79264-83802 orient(+) score(10849.00) noncoding_equivalent(3624.00) raw_noncoding(4663.00) offset(1039.00) 
79264	79841	initial+	1	2	{Augustus_model.g1574.t1;Augustus}
79842	80936	INTRON			{Augustus_model.g1574.t1;Augustus}
80937	83802	terminal+	3	3	{Augustus_model.g1574.t1;Augustus}

# EVM prediction: Mode:STANDARD S-ratio: 74.46 83848-84759 orient(-) score(2698.00) noncoding_equivalent(36.23) raw_noncoding(36.23) offset(0.00) 
84759	83848	single-	4	6	{GlimmerHMM_glimmerT_1764-T1;GlimmerHMM},{Augustus_model.g1575.t1;Augustus}

# EVM prediction: Mode:STANDARD S-ratio: 2.00 85494-86363 orient(-) score(1740.00) noncoding_equivalent(870.00) raw_noncoding(870.00) offset(0.00) 
86363	85494	single-	4	6	{GlimmerHMM_glimmerT_1765-T1;GlimmerHMM}

# EVM prediction: Mode:STANDARD S-ratio: 9.98 87754-88335 orient(-) score(1587.00) noncoding_equivalent(159.00) raw_noncoding(159.00) offset(0.00) 
88335	87754	single-	4	6	{GlimmerHMM_glimmerT_1766-T1;GlimmerHMM}

# EVM prediction: Mode:STANDARD S-ratio: 12.09 89939-90766 orient(-) score(2279.00) noncoding_equivalent(188.58) raw_noncoding(188.58) offset(0.00) 
90766	89939	single-	4	6	{Augustus_model.g1577.t1;Augustus},{GlimmerHMM_glimmerT_1767-T1;GlimmerHMM}

# EVM prediction: Mode:STANDARD S-ratio: 10000.00 92017-94071 orient(+) score(6156.00) noncoding_equivalent(0.62) raw_noncoding(0.00) offset(0.00) 
92017	94071	single+	1	3	{Augustus_model.g1578.t1;Augustus},{GlimmerHMM_glimmerT_1768-T1;GlimmerHMM}

# EVM prediction: Mode:STANDARD S-ratio: 12.47 94330-95919 orient(+) score(4416.00) noncoding_equivalent(354.00) raw_noncoding(354.00) offset(0.00) 
94330	95919	single+	1	3	{Augustus_model.g1579.t1;Augustus},{GlimmerHMM_glimmerT_1769-T1;GlimmerHMM}

