!! Predictions spanning range 10226 - 81698 [R1]
# EVM prediction: Mode:STANDARD S-ratio: 10000.00 10226-11146 orient(-) score(1842.00) noncoding_equivalent(0.18) raw_noncoding(0.00) offset(0.00) 
11146	10226	single-	4	6	{Augustus_gene584.t1;Augustus}

# EVM prediction: Mode:STANDARD S-ratio: 10000.00 20847-23360 orient(-) score(5028.00) noncoding_equivalent(0.50) raw_noncoding(0.00) offset(0.00) 
23360	20847	single-	4	6	{Augustus_gene559.t1;Augustus}

# EVM prediction: Mode:STANDARD S-ratio: 10000.00 34880-36787 orient(+) score(3816.00) noncoding_equivalent(0.38) raw_noncoding(0.00) offset(0.00) 
34880	36787	single+	1	3	{Augustus_gene913.t1;Augustus}

# EVM prediction: Mode:STANDARD S-ratio: 10000.00 44186-45655 orient(-) score(2940.00) noncoding_equivalent(0.29) raw_noncoding(0.00) offset(0.00) 
45655	44186	single-	4	6	{Augustus_gene1159.t1;Augustus}

# EVM prediction: Mode:STANDARD S-ratio: 10000.00 52176-53162 orient(+) score(1974.00) noncoding_equivalent(0.20) raw_noncoding(0.00) offset(0.00) 
52176	52255	initial+	1	2	{Augustus_gene580.t1;Augustus}
52256	52621	INTRON			{Augustus_gene580.t1;Augustus}
52622	53162	terminal+	3	3	{Augustus_gene580.t1;Augustus}

# EVM prediction: Mode:STANDARD S-ratio: 10000.00 53709-57533 orient(+) score(7650.00) noncoding_equivalent(0.77) raw_noncoding(0.00) offset(0.00) 
53709	57533	single+	1	3	{Augustus_gene804.t1;Augustus}

# EVM prediction: Mode:STANDARD S-ratio: 10000.00 65007-66287 orient(+) score(2562.00) noncoding_equivalent(0.26) raw_noncoding(0.00) offset(0.00) 
65007	66287	single+	1	3	{Augustus_gene744.t1;Augustus}

# EVM prediction: Mode:STANDARD S-ratio: 10000.00 66756-68621 orient(-) score(3732.00) noncoding_equivalent(0.37) raw_noncoding(0.00) offset(0.00) 
68621	66756	single-	4	6	{Augustus_gene364.t1;Augustus}

# EVM prediction: Mode:STANDARD S-ratio: 10000.00 79370-80290 orient(+) score(1842.00) noncoding_equivalent(0.18) raw_noncoding(0.00) offset(0.00) 
79370	80290	single+	1	3	{Augustus_gene843.t1;Augustus}

# EVM prediction: Mode:STANDARD S-ratio: 10000.00 80391-81698 orient(-) score(2616.00) noncoding_equivalent(0.26) raw_noncoding(0.00) offset(0.00) 
81698	80391	single-	4	6	{Augustus_gene695.t1;Augustus}

