!! Predictions spanning range 3125 - 91971 [R1]
# EVM prediction: Mode:STANDARD S-ratio: 10000.00 3125-6217 orient(+) score(6184.00) noncoding_equivalent(0.62) raw_noncoding(0.00) offset(0.00) 
3125	6217	single+	1	3	{Augustus_gene1173.t1;Augustus}

# EVM prediction: Mode:STANDARD S-ratio: 10000.00 11118-12344 orient(-) score(2454.00) noncoding_equivalent(0.25) raw_noncoding(0.00) offset(0.00) 
12344	11118	single-	4	6	{Augustus_gene1191.t1;Augustus}

# EVM prediction: Mode:STANDARD S-ratio: 10000.00 12624-13073 orient(+) score(900.00) noncoding_equivalent(0.09) raw_noncoding(0.00) offset(0.00) 
12624	13073	single+	1	3	{Augustus_gene1179.t1;Augustus}

# EVM prediction: Mode:STANDARD S-ratio: 10000.00 20333-21568 orient(-) score(2472.00) noncoding_equivalent(0.25) raw_noncoding(0.00) offset(0.00) 
21568	20333	single-	4	6	{Augustus_gene378.t1;Augustus}

# EVM prediction: Mode:STANDARD S-ratio: 10000.00 22390-23325 orient(+) score(1872.00) noncoding_equivalent(0.19) raw_noncoding(0.00) offset(0.00) 
22390	23325	single+	1	3	{Augustus_gene416.t1;Augustus}

# EVM prediction: Mode:STANDARD S-ratio: 10000.00 28835-29149 orient(-) score(630.00) noncoding_equivalent(0.06) raw_noncoding(0.00) offset(0.00) 
29149	28835	single-	4	6	{Augustus_gene973.t1;Augustus}

# EVM prediction: Mode:STANDARD S-ratio: 10000.00 33655-38334 orient(-) score(9358.00) noncoding_equivalent(0.94) raw_noncoding(0.00) offset(0.00) 
38334	33655	single-	4	6	{Augustus_gene117.t1;Augustus}

# EVM prediction: Mode:STANDARD S-ratio: 10000.00 53942-58198 orient(-) score(8514.00) noncoding_equivalent(0.85) raw_noncoding(0.00) offset(0.00) 
58198	53942	single-	4	6	{Augustus_gene306.t1;Augustus}

# EVM prediction: Mode:STANDARD S-ratio: 10000.00 58734-59195 orient(-) score(924.00) noncoding_equivalent(0.09) raw_noncoding(0.00) offset(0.00) 
59195	58734	single-	4	6	{Augustus_gene372.t1;Augustus}

# EVM prediction: Mode:STANDARD S-ratio: 10000.00 63066-64007 orient(+) score(1884.00) noncoding_equivalent(0.19) raw_noncoding(0.00) offset(0.00) 
63066	64007	single+	1	3	{Augustus_gene718.t1;Augustus}

# EVM prediction: Mode:STANDARD S-ratio: 10000.00 81673-82827 orient(-) score(2310.00) noncoding_equivalent(0.23) raw_noncoding(0.00) offset(0.00) 
82827	81673	single-	4	6	{Augustus_gene90.t1;Augustus}

# EVM prediction: Mode:STANDARD S-ratio: 10000.00 86397-87344 orient(-) score(1896.00) noncoding_equivalent(0.19) raw_noncoding(0.00) offset(0.00) 
87344	86397	single-	4	6	{Augustus_gene247.t1;Augustus}

# EVM prediction: Mode:STANDARD S-ratio: 10000.00 90868-91971 orient(+) score(2208.00) noncoding_equivalent(0.22) raw_noncoding(0.00) offset(0.00) 
90868	91971	single+	1	3	{Augustus_gene1150.t1;Augustus}

