!! Predictions spanning range 8159 - 96494 [R1]
# EVM prediction: Mode:STANDARD S-ratio: 1.67 8159-9192 orient(-) score(1633.00) noncoding_equivalent(980.04) raw_noncoding(1861.66) offset(881.62) 
8213	8159	terminal-	6	6	{Augustus_model.g1.t1;Augustus}
8379	8214	INTRON			{Augustus_model.g1.t1;Augustus}
8554	8380	internal-	5	5	{Augustus_model.g1.t1;Augustus}
8613	8555	INTRON			{Augustus_model.g1.t1;Augustus}
8892	8614	internal-	5	4	{Augustus_model.g1.t1;Augustus}
8977	8893	INTRON			{Augustus_model.g1.t1;Augustus}
9002	8978	internal-	4	4	{Augustus_model.g1.t1;Augustus}
9162	9003	INTRON			{Augustus_model.g1.t1;Augustus}
9192	9163	initial-	4	6	{Augustus_model.g1.t1;Augustus}

# EVM prediction: Mode:STANDARD S-ratio: 19.05 10718-11485 orient(+) score(2188.00) noncoding_equivalent(114.83) raw_noncoding(114.83) offset(0.00) 
10718	11485	single+	1	3	{Augustus_model.g2.t1;Augustus},{GlimmerHMM_glimmerT_2-T1;GlimmerHMM}

# EVM prediction: Mode:STANDARD S-ratio: 239.22 12163-13701 orient(+) score(4596.00) noncoding_equivalent(19.21) raw_noncoding(19.21) offset(0.00) 
12163	13701	single+	1	3	{Augustus_model.g3.t1;Augustus}

# EVM prediction: Mode:STANDARD S-ratio: 9.98 13778-14917 orient(+) score(3153.00) noncoding_equivalent(316.00) raw_noncoding(369.00) offset(53.00) 
13778	13816	initial+	1	3	{GlimmerHMM_glimmerT_4-T1;GlimmerHMM},{Augustus_model.g4.t1;Augustus}
13817	13867	INTRON			{GlimmerHMM_glimmerT_4-T1;GlimmerHMM},{Augustus_model.g4.t1;Augustus}
13868	14917	terminal+	1	3	{GlimmerHMM_glimmerT_4-T1;GlimmerHMM},{Augustus_model.g4.t1;Augustus}

# EVM prediction: Mode:STANDARD S-ratio: 1.53 14998-15596 orient(-) score(997.00) noncoding_equivalent(649.92) raw_noncoding(804.00) offset(154.08) 
15087	14998	terminal-	4	6	{GlimmerHMM_glimmerT_5-T1;GlimmerHMM}
15239	15088	INTRON			{GlimmerHMM_glimmerT_5-T1;GlimmerHMM}
15596	15240	initial-	4	6	{GlimmerHMM_glimmerT_5-T1;GlimmerHMM}

# EVM prediction: Mode:STANDARD S-ratio: 148.10 17338-18960 orient(+) score(4835.00) noncoding_equivalent(32.65) raw_noncoding(32.65) offset(0.00) 
17338	18960	single+	1	3	{Augustus_model.g6.t1;Augustus},{GlimmerHMM_glimmerT_7-T1;GlimmerHMM}

# EVM prediction: Mode:STANDARD S-ratio: 9.25 19004-21714 orient(-) score(7315.00) noncoding_equivalent(790.84) raw_noncoding(915.84) offset(125.00) 
19029	19004	terminal-	5	6	{GlimmerHMM_glimmerT_8-T1;GlimmerHMM},{Augustus_model.g7.t1;Augustus}
19087	19030	INTRON			{GlimmerHMM_glimmerT_8-T1;GlimmerHMM},{Augustus_model.g7.t1;Augustus}
19549	19088	internal-	5	4	{GlimmerHMM_glimmerT_8-T1;GlimmerHMM}
19631	19550	INTRON			{GlimmerHMM_glimmerT_8-T1;GlimmerHMM}
21714	19632	initial-	4	4	{GlimmerHMM_glimmerT_8-T1;GlimmerHMM}

# EVM prediction: Mode:STANDARD S-ratio: 45.89 22420-25326 orient(+) score(8535.00) noncoding_equivalent(186.00) raw_noncoding(186.00) offset(0.00) 
22420	25326	single+	1	3	{GlimmerHMM_glimmerT_9-T1;GlimmerHMM}

# EVM prediction: Mode:STANDARD S-ratio: 17.32 25381-27249 orient(-) score(5301.00) noncoding_equivalent(306.00) raw_noncoding(306.00) offset(0.00) 
27249	25381	single-	4	6	{GlimmerHMM_glimmerT_10-T1;GlimmerHMM},{Augustus_model.g9.t1;Augustus}

# EVM prediction: Mode:STANDARD S-ratio: 445.38 28286-29488 orient(-) score(3599.00) noncoding_equivalent(8.08) raw_noncoding(8.08) offset(0.00) 
29488	28286	single-	4	6	{GlimmerHMM_glimmerT_11-T1;GlimmerHMM},{Augustus_model.g10.t1;Augustus}

# EVM prediction: Mode:STANDARD S-ratio: 74.65 29804-31543 orient(+) score(5151.00) noncoding_equivalent(69.00) raw_noncoding(69.00) offset(0.00) 
29804	31543	single+	1	3	{GlimmerHMM_glimmerT_12-T1;GlimmerHMM},{Augustus_model.g11.t1;Augustus}

# EVM prediction: Mode:STANDARD S-ratio: 17.61 31842-32444 orient(+) score(2835.00) noncoding_equivalent(160.98) raw_noncoding(160.98) offset(0.00) 
31842	32444	single+	1	3	{GlimmerHMM_glimmerT_13-T1;GlimmerHMM},{Augustus_model.g12.t1;Augustus}

# EVM prediction: Mode:STANDARD S-ratio: 22.98 34525-35679 orient(-) score(3319.00) noncoding_equivalent(144.45) raw_noncoding(144.45) offset(0.00) 
35679	34525	single-	4	6	{Augustus_model.g13.t1;Augustus},{GlimmerHMM_glimmerT_15-T1;GlimmerHMM}

# EVM prediction: Mode:STANDARD S-ratio: 10000.00 37851-39485 orient(+) score(4905.00) noncoding_equivalent(0.49) raw_noncoding(0.00) offset(0.00) 
37851	39485	single+	1	3	{GlimmerHMM_glimmerT_16-T1;GlimmerHMM},{Augustus_model.g14.t1;Augustus}

# EVM prediction: Mode:STANDARD S-ratio: 19.43 40484-41770 orient(-) score(3672.00) noncoding_equivalent(189.00) raw_noncoding(189.00) offset(0.00) 
41770	40484	single-	4	6	{Augustus_model.g15.t1;Augustus},{GlimmerHMM_glimmerT_17-T1;GlimmerHMM}

# EVM prediction: Mode:STANDARD S-ratio: 2.02 42611-43422 orient(+) score(1610.00) noncoding_equivalent(798.07) raw_noncoding(827.16) offset(29.09) 
42611	43388	initial+	1	1	{GlimmerHMM_glimmerT_18-T1;GlimmerHMM}
43389	43417	INTRON			{GlimmerHMM_glimmerT_18-T1;GlimmerHMM}
43418	43422	terminal+	2	3	{GlimmerHMM_glimmerT_18-T1;GlimmerHMM}

# EVM prediction: Mode:STANDARD S-ratio: 585.46 43803-45764 orient(+) score(5874.00) noncoding_equivalent(10.03) raw_noncoding(10.03) offset(0.00) 
43803	45764	single+	1	3	{GlimmerHMM_glimmerT_19-T1;GlimmerHMM}

# EVM prediction: Mode:STANDARD S-ratio: 20.93 46803-48359 orient(+) score(4458.00) noncoding_equivalent(213.00) raw_noncoding(213.00) offset(0.00) 
46803	48359	single+	1	3	{GlimmerHMM_glimmerT_20-T1;GlimmerHMM},{Augustus_model.g17.t1;Augustus}

# EVM prediction: Mode:STANDARD S-ratio: 4.14 48513-49298 orient(+) score(1899.00) noncoding_equivalent(459.00) raw_noncoding(459.00) offset(0.00) 
48513	49298	single+	1	3	{Augustus_model.g18.t1;Augustus},{GlimmerHMM_glimmerT_21-T1;GlimmerHMM}

# EVM prediction: Mode:STANDARD S-ratio: 1.85 49311-49843 orient(-) score(986.00) noncoding_equivalent(533.00) raw_noncoding(613.00) offset(80.00) 
49339	49311	terminal-	5	6	{Augustus_model.g19.t1;Augustus}
49419	49340	INTRON			{Augustus_model.g19.t1;Augustus}
49843	49420	initial-	4	4	{Augustus_model.g19.t1;Augustus}

# EVM prediction: Mode:STANDARD S-ratio: 61.50 50006-50743 orient(+) score(2177.00) noncoding_equivalent(35.40) raw_noncoding(35.40) offset(0.00) 
50006	50743	single+	1	3	{Augustus_model.g20.t1;Augustus},{GlimmerHMM_glimmerT_23-T1;GlimmerHMM}

# EVM prediction: Mode:STANDARD S-ratio: 173.64 50806-51681 orient(-) score(2611.00) noncoding_equivalent(15.04) raw_noncoding(15.04) offset(0.00) 
51681	50806	single-	4	6	{GlimmerHMM_glimmerT_24-T1;GlimmerHMM},{Augustus_model.g21.t1;Augustus}

# EVM prediction: Mode:STANDARD S-ratio: 293.00 53267-54442 orient(+) score(3516.00) noncoding_equivalent(12.00) raw_noncoding(12.00) offset(0.00) 
53267	54442	single+	1	3	{Augustus_model.g22.t1;Augustus}

# EVM prediction: Mode:STANDARD S-ratio: 55.76 54837-57074 orient(-) score(6594.00) noncoding_equivalent(118.26) raw_noncoding(118.26) offset(0.00) 
57074	54837	single-	4	6	{GlimmerHMM_glimmerT_26-T1;GlimmerHMM},{Augustus_model.g23.t1;Augustus}

# EVM prediction: Mode:STANDARD S-ratio: 595.99 59349-62552 orient(+) score(9594.00) noncoding_equivalent(16.10) raw_noncoding(16.10) offset(0.00) 
59349	62552	single+	1	3	{Augustus_model.g24.t1;Augustus},{GlimmerHMM_glimmerT_27-T1;GlimmerHMM}

# EVM prediction: Mode:STANDARD S-ratio: 428.62 63202-64350 orient(+) score(3429.00) noncoding_equivalent(8.00) raw_noncoding(8.00) offset(0.00) 
63202	64350	single+	1	3	{GlimmerHMM_glimmerT_28-T1;GlimmerHMM},{Augustus_model.g25.t1;Augustus}

# EVM prediction: Mode:STANDARD S-ratio: 24.91 64696-66324 orient(-) score(4697.00) noncoding_equivalent(188.54) raw_noncoding(188.54) offset(0.00) 
66324	64696	single-	4	6	{GlimmerHMM_glimmerT_29-T1;GlimmerHMM},{Augustus_model.g26.t1;Augustus}

# EVM prediction: Mode:STANDARD S-ratio: 15.69 67843-68814 orient(+) score(2740.00) noncoding_equivalent(174.59) raw_noncoding(174.59) offset(0.00) 
67843	68814	single+	1	3	{GlimmerHMM_glimmerT_30-T1;GlimmerHMM},{Augustus_model.g27.t1;Augustus}

# EVM prediction: Mode:STANDARD S-ratio: 23.35 69226-72581 orient(+) score(9389.00) noncoding_equivalent(402.14) raw_noncoding(894.00) offset(491.86) 
69226	70882	initial+	1	1	{Augustus_model.g28.t1;Augustus}
70883	71157	INTRON			{Augustus_model.g28.t1;Augustus}
71158	72581	terminal+	2	3	{GlimmerHMM_glimmerT_31-T1;GlimmerHMM},{Augustus_model.g28.t1;Augustus}

# EVM prediction: Mode:STANDARD S-ratio: 4.39 72741-73283 orient(-) score(1398.00) noncoding_equivalent(318.23) raw_noncoding(411.00) offset(92.77) 
73091	72741	terminal-	4	6	{Augustus_model.g29.t1;Augustus},{GlimmerHMM_glimmerT_32-T1;GlimmerHMM}
73181	73092	INTRON			{Augustus_model.g29.t1;Augustus},{GlimmerHMM_glimmerT_32-T1;GlimmerHMM}
73283	73182	initial-	4	6	{Augustus_model.g29.t1;Augustus},{GlimmerHMM_glimmerT_32-T1;GlimmerHMM}

# EVM prediction: Mode:STANDARD S-ratio: 2.00 73580-73900 orient(+) score(642.00) noncoding_equivalent(321.00) raw_noncoding(321.00) offset(0.00) 
73580	73900	single+	1	3	{Augustus_model.g30.t1;Augustus},{GlimmerHMM_glimmerT_33-T1;GlimmerHMM}

# EVM prediction: Mode:STANDARD S-ratio: 23.56 74056-75381 orient(-) score(3816.00) noncoding_equivalent(162.00) raw_noncoding(162.00) offset(0.00) 
75381	74056	single-	4	6	{GlimmerHMM_glimmerT_34-T1;GlimmerHMM},{Augustus_model.g31.t1;Augustus}

# EVM prediction: Mode:STANDARD S-ratio: 89.24 75573-77828 orient(-) score(6693.00) noncoding_equivalent(75.00) raw_noncoding(75.00) offset(0.00) 
77828	75573	single-	4	6	{GlimmerHMM_glimmerT_35-T1;GlimmerHMM},{Augustus_model.g32.t1;Augustus}

# EVM prediction: Mode:STANDARD S-ratio: 63.90 78008-78322 orient(-) score(929.00) noncoding_equivalent(14.54) raw_noncoding(14.54) offset(0.00) 
78322	78008	single-	4	6	{Augustus_model.g33.t1;Augustus},{GlimmerHMM_glimmerT_36-T1;GlimmerHMM}

# EVM prediction: Mode:STANDARD S-ratio: 108.67 78641-79627 orient(-) score(2934.00) noncoding_equivalent(27.00) raw_noncoding(27.00) offset(0.00) 
79627	78641	single-	4	6	{GlimmerHMM_glimmerT_37-T1;GlimmerHMM}

# EVM prediction: Mode:STANDARD S-ratio: 15.32 80124-81053 orient(+) score(2619.00) noncoding_equivalent(171.00) raw_noncoding(171.00) offset(0.00) 
80124	81053	single+	1	3	{GlimmerHMM_glimmerT_38-T1;GlimmerHMM},{Augustus_model.g35.t1;Augustus}

# EVM prediction: Mode:STANDARD S-ratio: 33.83 81233-81901 orient(+) score(1948.00) noncoding_equivalent(57.58) raw_noncoding(57.58) offset(0.00) 
81233	81901	single+	1	3	{GlimmerHMM_glimmerT_39-T1;GlimmerHMM},{Augustus_model.g36.t1;Augustus}

# EVM prediction: Mode:STANDARD S-ratio: 266.89 82117-84558 orient(-) score(7299.00) noncoding_equivalent(27.35) raw_noncoding(27.35) offset(0.00) 
84558	82117	single-	4	6	{Augustus_model.g37.t1;Augustus}

# EVM prediction: Mode:STANDARD S-ratio: 76.46 85080-87248 orient(-) score(6423.00) noncoding_equivalent(84.00) raw_noncoding(84.00) offset(0.00) 
87248	85080	single-	4	6	{GlimmerHMM_glimmerT_41-T1;GlimmerHMM},{Augustus_model.g38.t1;Augustus}

# EVM prediction: Mode:STANDARD S-ratio: 23.78 87900-89810 orient(+) score(5613.00) noncoding_equivalent(236.00) raw_noncoding(240.00) offset(4.00) 
87900	87904	initial+	1	2	{snap_scaffold_1-snap.37-T1;snap},{Augustus_model.g39.t1;Augustus}
87905	88024	INTRON			{snap_scaffold_1-snap.37-T1;snap},{Augustus_model.g39.t1;Augustus}
88025	89810	terminal+	3	3	{snap_scaffold_1-snap.37-T1;snap},{Augustus_model.g39.t1;Augustus}

# EVM prediction: Mode:STANDARD S-ratio: 315.54 90099-91271 orient(+) score(3506.00) noncoding_equivalent(11.11) raw_noncoding(11.11) offset(0.00) 
90099	91271	single+	1	3	{Augustus_model.g40.t1;Augustus},{GlimmerHMM_glimmerT_43-T1;GlimmerHMM}

# EVM prediction: Mode:STANDARD S-ratio: 30.38 91310-93694 orient(-) score(6927.00) noncoding_equivalent(228.00) raw_noncoding(228.00) offset(0.00) 
93694	91310	single-	4	6	{Augustus_model.g41.t1;Augustus},{GlimmerHMM_glimmerT_44-T1;GlimmerHMM}

# EVM prediction: Mode:STANDARD S-ratio: 2.00 93970-94899 orient(+) score(1860.00) noncoding_equivalent(930.00) raw_noncoding(930.00) offset(0.00) 
93970	94899	single+	1	3	{Augustus_model.g42.t1;Augustus},{GlimmerHMM_glimmerT_45-T1;GlimmerHMM}

# EVM prediction: Mode:STANDARD S-ratio: 72.39 95214-96494 orient(+) score(3789.00) noncoding_equivalent(52.34) raw_noncoding(52.34) offset(0.00) 
95214	96494	single+	1	3	{Augustus_model.g43.t1;Augustus},{GlimmerHMM_glimmerT_46-T1;GlimmerHMM}

