!! Predictions spanning range 1082 - 97270 [R1]
# EVM prediction: Mode:STANDARD S-ratio: 4.77 1082-1750 orient(-) score(3318.00) noncoding_equivalent(696.00) raw_noncoding(696.00) offset(0.00) 
1750	1082	single-	4	6	{HiQ_model.g4630.t1;HiQ},{GlimmerHMM_glimmerT_5005-T1;GlimmerHMM}

# EVM prediction: Mode:STANDARD S-ratio: 4.91 2061-3875 orient(-) score(8916.00) noncoding_equivalent(1815.00) raw_noncoding(1815.00) offset(0.00) 
3875	2061	single-	4	6	{HiQ_model.g4631.t1;HiQ},{GlimmerHMM_glimmerT_5006-T1;GlimmerHMM}

# EVM prediction: Mode:STANDARD S-ratio: 4.67 4276-5103 orient(+) score(4092.00) noncoding_equivalent(876.00) raw_noncoding(876.00) offset(0.00) 
4276	5103	single+	1	3	{HiQ_model.g4632.t1;HiQ},{GlimmerHMM_glimmerT_5007-T1;GlimmerHMM}

# EVM prediction: Mode:STANDARD S-ratio: 3.00 5444-5905 orient(+) score(1386.00) noncoding_equivalent(462.00) raw_noncoding(462.00) offset(0.00) 
5444	5905	single+	1	3	{GlimmerHMM_glimmerT_5008-T1;GlimmerHMM}

# EVM prediction: Mode:STANDARD S-ratio: 5.00 6214-7689 orient(+) score(7380.00) noncoding_equivalent(1476.00) raw_noncoding(1476.00) offset(0.00) 
6214	7689	single+	1	3	{HiQ_model.g4634.t1;HiQ},{GlimmerHMM_glimmerT_5009-T1;GlimmerHMM}

# EVM prediction: Mode:STANDARD S-ratio: 57.74 7870-8943 orient(+) score(4215.00) noncoding_equivalent(73.00) raw_noncoding(73.00) offset(0.00) 
7870	8943	single+	1	3	{GlimmerHMM_glimmerT_5010-T1;GlimmerHMM},{Augustus_model.g4635.t1;Augustus}

# EVM prediction: Mode:STANDARD S-ratio: 1.00 9176-9559 orient(+) score(768.00) noncoding_equivalent(768.00) raw_noncoding(768.00) offset(0.00) 
9176	9559	single+	1	3	{GlimmerHMM_glimmerT_5011-T1;GlimmerHMM}

# EVM prediction: Mode:STANDARD S-ratio: 10000.00 10424-14638 orient(+) score(16860.00) noncoding_equivalent(1.69) raw_noncoding(0.00) offset(0.00) 
10424	14638	single+	1	3	{Augustus_model.g4636.t1;Augustus},{GlimmerHMM_glimmerT_5012-T1;GlimmerHMM}

# EVM prediction: Mode:STANDARD S-ratio: 6.11 14843-15370 orient(-) score(3227.00) noncoding_equivalent(528.00) raw_noncoding(528.00) offset(0.00) 
15370	14843	single-	4	6	{HiQ_model.g4637.t1;HiQ},{GlimmerHMM_glimmerT_5013-T1;GlimmerHMM}

# EVM prediction: Mode:STANDARD S-ratio: 3.24 15634-16266 orient(+) score(2419.00) noncoding_equivalent(746.10) raw_noncoding(746.10) offset(0.00) 
15634	16266	single+	1	3	{GlimmerHMM_glimmerT_5014-T1;GlimmerHMM}

# EVM prediction: Mode:STANDARD S-ratio: 4.95 16365-18191 orient(+) score(6729.00) noncoding_equivalent(1359.00) raw_noncoding(1359.00) offset(0.00) 
16365	18191	single+	1	3	{GlimmerHMM_glimmerT_5015-T1;GlimmerHMM}

# EVM prediction: Mode:STANDARD S-ratio: 186.05 18644-21415 orient(+) score(11027.00) noncoding_equivalent(59.27) raw_noncoding(59.27) offset(0.00) 
18644	21415	single+	1	3	{Augustus_model.g4639.t1;Augustus},{GlimmerHMM_glimmerT_5016-T1;GlimmerHMM}

# EVM prediction: Mode:STANDARD S-ratio: 4.91 21531-22532 orient(-) score(4995.00) noncoding_equivalent(1017.00) raw_noncoding(1017.00) offset(0.00) 
22532	21531	single-	4	6	{GlimmerHMM_glimmerT_5017-T1;GlimmerHMM},{HiQ_model.g4640.t1;HiQ}

# EVM prediction: Mode:STANDARD S-ratio: 10000.00 22811-23995 orient(+) score(4740.00) noncoding_equivalent(0.47) raw_noncoding(0.00) offset(0.00) 
22811	23995	single+	1	3	{Augustus_model.g4641.t1;Augustus},{GlimmerHMM_glimmerT_5018-T1;GlimmerHMM}

# EVM prediction: Mode:STANDARD S-ratio: 5.00 24194-25237 orient(-) score(5220.00) noncoding_equivalent(1044.00) raw_noncoding(1044.00) offset(0.00) 
25237	24194	single-	4	6	{GlimmerHMM_glimmerT_5019-T1;GlimmerHMM},{HiQ_model.g4642.t1;HiQ}

# EVM prediction: Mode:STANDARD S-ratio: 4.84 25655-29335 orient(-) score(18306.00) noncoding_equivalent(3780.00) raw_noncoding(3780.00) offset(0.00) 
29335	25655	single-	4	6	{HiQ_model.g4643.t1;HiQ},{GlimmerHMM_glimmerT_5020-T1;GlimmerHMM}

# EVM prediction: Mode:STANDARD S-ratio: 4.95 29801-36304 orient(-) score(32463.00) noncoding_equivalent(6559.38) raw_noncoding(6559.38) offset(0.00) 
36304	29801	single-	4	6	{HiQ_model.g4644.t1;HiQ},{GlimmerHMM_glimmerT_5021-T1;GlimmerHMM}

# EVM prediction: Mode:STANDARD S-ratio: 3.39 37608-38329 orient(+) score(2537.00) noncoding_equivalent(749.00) raw_noncoding(1059.00) offset(310.00) 
37608	37614	initial+	1	1	{snap_scaffold_19-snap.48-T1;snap},{Augustus_model.g4645.t1;Augustus}
37615	37922	INTRON			{snap_scaffold_19-snap.48-T1;snap},{Augustus_model.g4645.t1;Augustus}
37923	38329	terminal+	2	3	{snap_scaffold_19-snap.48-T1;snap},{Augustus_model.g4645.t1;Augustus}

# EVM prediction: Mode:STANDARD S-ratio: 222.69 39391-42003 orient(+) score(10404.00) noncoding_equivalent(46.72) raw_noncoding(46.72) offset(0.00) 
39391	42003	single+	1	3	{GlimmerHMM_glimmerT_5023-T1;GlimmerHMM},{Augustus_model.g4646.t1;Augustus}

# EVM prediction: Mode:STANDARD S-ratio: 2.54 42436-42878 orient(+) score(1329.00) noncoding_equivalent(524.00) raw_noncoding(609.00) offset(85.00) 
42436	42629	initial+	1	2	{GlimmerHMM_glimmerT_5024-T1;GlimmerHMM}
42630	42712	INTRON			{GlimmerHMM_glimmerT_5024-T1;GlimmerHMM},{Augustus_model.g4647.t1;Augustus},{ev_type:exonerate/ID=match.160399.5/Target=YCR028C-A;exonerate}
42713	42878	terminal+	3	3	{GlimmerHMM_glimmerT_5024-T1;GlimmerHMM},{Augustus_model.g4647.t1;Augustus}

# EVM prediction: Mode:STANDARD S-ratio: 59.44 43405-44943 orient(+) score(6053.00) noncoding_equivalent(101.83) raw_noncoding(101.83) offset(0.00) 
43405	44943	single+	1	3	{Augustus_model.g4648.t1;Augustus}

# EVM prediction: Mode:STANDARD S-ratio: 7.63 46816-47430 orient(+) score(2175.00) noncoding_equivalent(285.00) raw_noncoding(285.00) offset(0.00) 
46816	47430	single+	1	3	{GlimmerHMM_glimmerT_5026-T1;GlimmerHMM}

# EVM prediction: Mode:STANDARD S-ratio: 57.00 48463-50697 orient(+) score(8785.00) noncoding_equivalent(154.12) raw_noncoding(154.12) offset(0.00) 
48463	50697	single+	1	3	{GlimmerHMM_glimmerT_5027-T1;GlimmerHMM},{Augustus_model.g4650.t1;Augustus}

# EVM prediction: Mode:STANDARD S-ratio: 10000.00 52588-54066 orient(+) score(5916.00) noncoding_equivalent(0.59) raw_noncoding(0.00) offset(0.00) 
52588	54066	single+	1	3	{GlimmerHMM_glimmerT_5028-T1;GlimmerHMM},{Augustus_model.g4651.t1;Augustus}

# EVM prediction: Mode:STANDARD S-ratio: 158.26 54437-56272 orient(+) score(7296.00) noncoding_equivalent(46.10) raw_noncoding(46.10) offset(0.00) 
54437	56272	single+	1	3	{GlimmerHMM_glimmerT_5029-T1;GlimmerHMM}

# EVM prediction: Mode:STANDARD S-ratio: 106.52 57705-58703 orient(+) score(3957.00) noncoding_equivalent(37.15) raw_noncoding(37.15) offset(0.00) 
57705	58703	single+	1	3	{GlimmerHMM_glimmerT_5030-T1;GlimmerHMM},{Augustus_model.g4653.t1;Augustus}

# EVM prediction: Mode:STANDARD S-ratio: 2.00 59256-59492 orient(-) score(948.00) noncoding_equivalent(474.00) raw_noncoding(474.00) offset(0.00) 
59492	59256	single-	4	6	{GlimmerHMM_glimmerT_5031-T1;GlimmerHMM},{HiQ_model.g4654.t1;HiQ}

# EVM prediction: Mode:STANDARD S-ratio: 3.13 59716-59982 orient(+) score(810.00) noncoding_equivalent(258.67) raw_noncoding(258.67) offset(0.00) 
59716	59982	single+	1	3	{GlimmerHMM_glimmerT_5032-T1;GlimmerHMM},{Augustus_model.g4655.t1;Augustus}

# EVM prediction: Mode:STANDARD S-ratio: 82.01 60153-60800 orient(+) score(2559.00) noncoding_equivalent(31.20) raw_noncoding(31.20) offset(0.00) 
60153	60800	single+	1	3	{Augustus_model.g4656.t1;Augustus},{GlimmerHMM_glimmerT_5033-T1;GlimmerHMM}

# EVM prediction: Mode:STANDARD S-ratio: 4.81 60882-61973 orient(-) score(5422.00) noncoding_equivalent(1128.09) raw_noncoding(1128.09) offset(0.00) 
61973	60882	single-	4	6	{HiQ_model.g4657.t1;HiQ}

# EVM prediction: Mode:STANDARD S-ratio: 4.90 65980-66645 orient(+) score(2212.00) noncoding_equivalent(451.77) raw_noncoding(451.77) offset(0.00) 
65980	66645	single+	1	3	{GlimmerHMM_glimmerT_5035-T1;GlimmerHMM}

# EVM prediction: Mode:STANDARD S-ratio: 72.38 67249-70110 orient(+) score(11292.00) noncoding_equivalent(156.00) raw_noncoding(156.00) offset(0.00) 
67249	70110	single+	1	3	{GlimmerHMM_glimmerT_5036-T1;GlimmerHMM}

# EVM prediction: Mode:STANDARD S-ratio: 4.80 70377-71249 orient(-) score(4333.00) noncoding_equivalent(903.06) raw_noncoding(903.06) offset(0.00) 
71249	70377	single-	4	6	{GlimmerHMM_glimmerT_5037-T1;GlimmerHMM},{HiQ_model.g4659.t1;HiQ}

# EVM prediction: Mode:STANDARD S-ratio: 186.54 72818-73771 orient(+) score(3794.00) noncoding_equivalent(20.34) raw_noncoding(20.34) offset(0.00) 
72818	73771	single+	1	3	{Augustus_model.g4660.t1;Augustus},{GlimmerHMM_glimmerT_5038-T1;GlimmerHMM}

# EVM prediction: Mode:STANDARD S-ratio: 100.78 74055-75800 orient(+) score(6915.00) noncoding_equivalent(68.61) raw_noncoding(68.61) offset(0.00) 
74055	75800	single+	1	3	{GlimmerHMM_glimmerT_5039-T1;GlimmerHMM},{Augustus_model.g4661.t1;Augustus}

# EVM prediction: Mode:STANDARD S-ratio: 4.92 75989-77239 orient(-) score(6237.00) noncoding_equivalent(1267.10) raw_noncoding(1267.10) offset(0.00) 
77239	75989	single-	4	6	{GlimmerHMM_glimmerT_5040-T1;GlimmerHMM},{HiQ_model.g4662.t1;HiQ}

# EVM prediction: Mode:STANDARD S-ratio: 220.05 78112-81261 orient(+) score(12543.00) noncoding_equivalent(57.00) raw_noncoding(57.00) offset(0.00) 
78112	81261	single+	1	3	{Augustus_model.g4663.t1;Augustus},{GlimmerHMM_glimmerT_5041-T1;GlimmerHMM}

# EVM prediction: Mode:STANDARD S-ratio: 18.25 81860-82711 orient(+) score(3231.00) noncoding_equivalent(177.00) raw_noncoding(177.00) offset(0.00) 
81860	82711	single+	1	3	{GlimmerHMM_glimmerT_5042-T1;GlimmerHMM},{Augustus_model.g4664.t1;Augustus}

# EVM prediction: Mode:STANDARD S-ratio: 10000.00 83442-84239 orient(+) score(3183.00) noncoding_equivalent(0.32) raw_noncoding(0.00) offset(0.00) 
83442	84239	single+	1	3	{GlimmerHMM_glimmerT_5043-T1;GlimmerHMM},{Augustus_model.g4665.t1;Augustus}

# EVM prediction: Mode:STANDARD S-ratio: 81.36 84700-86511 orient(-) score(5370.00) noncoding_equivalent(66.00) raw_noncoding(66.00) offset(0.00) 
86511	84700	single-	4	6	{GlimmerHMM_glimmerT_5044-T1;GlimmerHMM},{Augustus_model.g4666.t1;Augustus}

# EVM prediction: Mode:STANDARD S-ratio: 10000.00 88256-88975 orient(+) score(2880.00) noncoding_equivalent(0.29) raw_noncoding(0.00) offset(0.00) 
88256	88975	single+	1	3	{Augustus_model.g4667.t1;Augustus},{GlimmerHMM_glimmerT_5045-T1;GlimmerHMM}

# EVM prediction: Mode:STANDARD S-ratio: 82.82 92322-93704 orient(+) score(5466.00) noncoding_equivalent(66.00) raw_noncoding(66.00) offset(0.00) 
92322	93704	single+	1	3	{GlimmerHMM_glimmerT_5046-T1;GlimmerHMM},{Augustus_model.g4668.t1;Augustus}

# EVM prediction: Mode:STANDARD S-ratio: 422.14 94332-95075 orient(+) score(2967.00) noncoding_equivalent(7.03) raw_noncoding(7.03) offset(0.00) 
94332	95075	single+	1	3	{GlimmerHMM_glimmerT_5047-T1;GlimmerHMM},{Augustus_model.g4669.t1;Augustus}

# EVM prediction: Mode:STANDARD S-ratio: 2.00 95479-96030 orient(-) score(2208.00) noncoding_equivalent(1104.00) raw_noncoding(1104.00) offset(0.00) 
96030	95479	single-	4	6	{HiQ_model.g4670.t1;HiQ},{GlimmerHMM_glimmerT_5048-T1;GlimmerHMM}

# EVM prediction: Mode:STANDARD S-ratio: 10000.00 96302-97270 orient(+) score(3876.00) noncoding_equivalent(0.39) raw_noncoding(0.00) offset(0.00) 
96302	97270	single+	1	3	{GlimmerHMM_glimmerT_5049-T1;GlimmerHMM},{Augustus_model.g4671.t1;Augustus}

