!! Predictions spanning range 313 - 41379 [R1]
# EVM prediction: Mode:STANDARD S-ratio: 4.75 313-1350 orient(-) score(5145.00) noncoding_equivalent(1083.00) raw_noncoding(1083.00) offset(0.00) 
1350	313	single-	4	6	{HiQ_model.g1388.t1;HiQ},{GlimmerHMM_glimmerT_1559-T1;GlimmerHMM}

# EVM prediction: Mode:STANDARD S-ratio: 9.93 2472-3231 orient(+) score(2827.00) noncoding_equivalent(284.61) raw_noncoding(683.41) offset(398.80) 
2472	2516	initial+	1	3	{GlimmerHMM_glimmerT_1560-T1;GlimmerHMM}
2517	2715	INTRON			{GlimmerHMM_glimmerT_1560-T1;GlimmerHMM}
2716	3231	terminal+	1	3	{GlimmerHMM_glimmerT_1560-T1;GlimmerHMM},{snap_scaffold_3-snap.381-T1;snap}

# EVM prediction: Mode:STANDARD S-ratio: 10000.00 4332-5528 orient(+) score(3591.00) noncoding_equivalent(0.36) raw_noncoding(0.00) offset(0.00) 
4332	5528	single+	1	3	{GlimmerHMM_glimmerT_1561-T1;GlimmerHMM},{Augustus_model.g1390.t1;Augustus}

# EVM prediction: Mode:STANDARD S-ratio: 10000.00 6137-9253 orient(+) score(12468.00) noncoding_equivalent(1.25) raw_noncoding(0.00) offset(0.00) 
6137	9253	single+	1	3	{GlimmerHMM_glimmerT_1562-T1;GlimmerHMM},{Augustus_model.g1391.t1;Augustus}

# EVM prediction: Mode:STANDARD S-ratio: 871.67 9667-12285 orient(+) score(10460.00) noncoding_equivalent(12.00) raw_noncoding(12.00) offset(0.00) 
9667	12285	single+	1	3	{Augustus_model.g1392.t1;Augustus}

# EVM prediction: Mode:STANDARD S-ratio: 51.62 12700-14802 orient(-) score(6188.00) noncoding_equivalent(119.87) raw_noncoding(119.87) offset(0.00) 
14802	12700	single-	4	6	{Augustus_model.g1393.t1;Augustus},{GlimmerHMM_glimmerT_1564-T1;GlimmerHMM}

# EVM prediction: Mode:STANDARD S-ratio: 270.92 15252-16439 orient(-) score(3549.00) noncoding_equivalent(13.10) raw_noncoding(13.10) offset(0.00) 
16439	15252	single-	4	6	{Augustus_model.g1394.t1;Augustus},{GlimmerHMM_glimmerT_1565-T1;GlimmerHMM}

# EVM prediction: Mode:STANDARD S-ratio: 255.39 17492-25375 orient(+) score(31413.00) noncoding_equivalent(123.00) raw_noncoding(123.00) offset(0.00) 
17492	25375	single+	1	3	{Augustus_model.g1395.t1;Augustus},{GlimmerHMM_glimmerT_1566-T1;GlimmerHMM}

# EVM prediction: Mode:STANDARD S-ratio: 31.35 27444-28367 orient(+) score(3580.00) noncoding_equivalent(114.19) raw_noncoding(114.19) offset(0.00) 
27444	28367	single+	1	3	{GlimmerHMM_glimmerT_1567-T1;GlimmerHMM},{Augustus_model.g1396.t1;Augustus}

# EVM prediction: Mode:STANDARD S-ratio: 9.86 28860-29477 orient(+) score(1682.00) noncoding_equivalent(170.53) raw_noncoding(170.53) offset(0.00) 
28860	29477	single+	1	3	{GlimmerHMM_glimmerT_1568-T1;GlimmerHMM},{Augustus_model.g1397.t1;Augustus}

# EVM prediction: Mode:STANDARD S-ratio: 5.00 29593-30552 orient(-) score(4800.00) noncoding_equivalent(960.00) raw_noncoding(960.00) offset(0.00) 
30552	29593	single-	4	6	{GlimmerHMM_glimmerT_1569-T1;GlimmerHMM},{HiQ_model.g1398.t1;HiQ}

# EVM prediction: Mode:STANDARD S-ratio: 2.96 31116-32300 orient(+) score(3542.00) noncoding_equivalent(1196.07) raw_noncoding(1196.07) offset(0.00) 
31116	32300	single+	1	3	{GlimmerHMM_glimmerT_1570-T1;GlimmerHMM}

# EVM prediction: Mode:STANDARD S-ratio: 10000.00 35612-35974 orient(+) score(1089.00) noncoding_equivalent(0.11) raw_noncoding(0.00) offset(0.00) 
35612	35974	single+	1	3	{GlimmerHMM_glimmerT_1571-T1;GlimmerHMM},{Augustus_model.g1400.t1;Augustus}

# EVM prediction: Mode:STANDARD S-ratio: 5.00 36975-37685 orient(-) score(3555.00) noncoding_equivalent(711.00) raw_noncoding(711.00) offset(0.00) 
37685	36975	single-	4	6	{GlimmerHMM_glimmerT_1572-T1;GlimmerHMM},{HiQ_model.g1401.t1;HiQ}

# EVM prediction: Mode:STANDARD S-ratio: 1.00 41107-41379 orient(+) score(546.00) noncoding_equivalent(546.00) raw_noncoding(546.00) offset(0.00) 
41107	41379	single+	1	3	{GlimmerHMM_glimmerT_1574-T1;GlimmerHMM}

