!! Predictions spanning range 1236 - 99938 [R1]
# EVM prediction: Mode:STANDARD S-ratio: 5.28 1236-1770 orient(-) score(3203.00) noncoding_equivalent(607.00) raw_noncoding(676.00) offset(69.00) 
1658	1236	terminal-	4	6	{HiQ_model.g1864.t1;HiQ},{GlimmerHMM_glimmerT_2147-T1;GlimmerHMM}
1725	1659	INTRON			{HiQ_model.g1864.t1;HiQ},{snap_scaffold_2-snap.388-T1;snap},{GlimmerHMM_glimmerT_2147-T1;GlimmerHMM},{ev_type:exonerate/ID=match.8382.65/Target=YBR048W;exonerate},{ev_type:exonerate/ID=match.8382.70/Target=YDR025W;exonerate}
1770	1726	initial-	4	6	{HiQ_model.g1864.t1;HiQ},{GlimmerHMM_glimmerT_2147-T1;GlimmerHMM}

# EVM prediction: Mode:STANDARD S-ratio: 43.94 2083-2790 orient(-) score(2077.00) noncoding_equivalent(47.27) raw_noncoding(47.27) offset(0.00) 
2790	2083	single-	4	6	{Augustus_model.g1865.t1;Augustus},{GlimmerHMM_glimmerT_2148-T1;GlimmerHMM}

# EVM prediction: Mode:STANDARD S-ratio: 269.65 3396-7019 orient(+) score(10830.00) noncoding_equivalent(40.16) raw_noncoding(40.16) offset(0.00) 
3396	7019	single+	1	3	{Augustus_model.g1866.t1;Augustus},{GlimmerHMM_glimmerT_2149-T1;GlimmerHMM}

# EVM prediction: Mode:STANDARD S-ratio: 4.47 7043-9199 orient(-) score(5287.00) noncoding_equivalent(1184.00) raw_noncoding(1184.00) offset(0.00) 
9199	7043	single-	4	6	{GlimmerHMM_glimmerT_2150-T1;GlimmerHMM}

# EVM prediction: Mode:STANDARD S-ratio: 10000.00 9503-11332 orient(+) score(5490.00) noncoding_equivalent(0.55) raw_noncoding(0.00) offset(0.00) 
9503	11332	single+	1	3	{Augustus_model.g1868.t1;Augustus},{GlimmerHMM_glimmerT_2151-T1;GlimmerHMM}

# EVM prediction: Mode:STANDARD S-ratio: 20.20 11444-12418 orient(+) score(2787.00) noncoding_equivalent(138.00) raw_noncoding(138.00) offset(0.00) 
11444	12418	single+	1	3	{GlimmerHMM_glimmerT_2152-T1;GlimmerHMM},{Augustus_model.g1869.t1;Augustus}

# EVM prediction: Mode:STANDARD S-ratio: 2.00 12421-12948 orient(-) score(1056.00) noncoding_equivalent(528.00) raw_noncoding(528.00) offset(0.00) 
12948	12421	single-	4	6	{Augustus_model.g1870.t1;Augustus},{GlimmerHMM_glimmerT_2153-T1;GlimmerHMM}

# EVM prediction: Mode:STANDARD S-ratio: 162.28 13500-15194 orient(+) score(5052.00) noncoding_equivalent(31.13) raw_noncoding(31.13) offset(0.00) 
13500	15194	single+	1	3	{Augustus_model.g1871.t1;Augustus},{GlimmerHMM_glimmerT_2154-T1;GlimmerHMM}

# EVM prediction: Mode:STANDARD S-ratio: 30.58 15273-17240 orient(-) score(5904.00) noncoding_equivalent(193.09) raw_noncoding(199.09) offset(6.00) 
17184	15273	terminal-	6	6	{snap_scaffold_2-snap.394-T1;snap},{Augustus_model.g1872.t1;Augustus},{GlimmerHMM_glimmerT_2155-T1;GlimmerHMM}
17235	17185	INTRON			{snap_scaffold_2-snap.394-T1;snap},{Augustus_model.g1872.t1;Augustus},{GlimmerHMM_glimmerT_2155-T1;GlimmerHMM}
17240	17236	initial-	4	5	{snap_scaffold_2-snap.394-T1;snap},{Augustus_model.g1872.t1;Augustus},{GlimmerHMM_glimmerT_2155-T1;GlimmerHMM}

# EVM prediction: Mode:STANDARD S-ratio: 1605.82 18167-24607 orient(+) score(19309.00) noncoding_equivalent(12.02) raw_noncoding(12.02) offset(0.00) 
18167	24607	single+	1	3	{Augustus_model.g1873.t1;Augustus},{GlimmerHMM_glimmerT_2156-T1;GlimmerHMM}

# EVM prediction: Mode:STANDARD S-ratio: 2.01 24732-25814 orient(-) score(2166.00) noncoding_equivalent(1077.56) raw_noncoding(1077.56) offset(0.00) 
25814	24732	single-	4	6	{Augustus_model.g1874.t1;Augustus},{GlimmerHMM_glimmerT_2157-T1;GlimmerHMM}

# EVM prediction: Mode:STANDARD S-ratio: 50.46 26166-27821 orient(+) score(4870.00) noncoding_equivalent(96.52) raw_noncoding(96.52) offset(0.00) 
26166	27821	single+	1	3	{Augustus_model.g1875.t1;Augustus},{GlimmerHMM_glimmerT_2158-T1;GlimmerHMM}

# EVM prediction: Mode:STANDARD S-ratio: 18.53 28015-28575 orient(+) score(1541.00) noncoding_equivalent(83.15) raw_noncoding(140.45) offset(57.30) 
28015	28042	initial+	1	1	{Augustus_model.g1876.t1;Augustus}
28043	28099	INTRON			{Augustus_model.g1876.t1;Augustus}
28100	28575	terminal+	2	3	{Augustus_model.g1876.t1;Augustus},{snap_scaffold_2-snap.396-T1;snap}

# EVM prediction: Mode:STANDARD S-ratio: 118.64 28867-30570 orient(+) score(5068.00) noncoding_equivalent(42.72) raw_noncoding(42.72) offset(0.00) 
28867	30570	single+	1	3	{Augustus_model.g1877.t1;Augustus},{GlimmerHMM_glimmerT_2160-T1;GlimmerHMM}

# EVM prediction: Mode:STANDARD S-ratio: 10000.00 30600-30989 orient(-) score(1170.00) noncoding_equivalent(0.12) raw_noncoding(0.00) offset(0.00) 
30989	30600	single-	4	6	{Augustus_model.g1878.t1;Augustus},{GlimmerHMM_glimmerT_2161-T1;GlimmerHMM}

# EVM prediction: Mode:STANDARD S-ratio: 8.05 31288-31806 orient(+) score(1385.00) noncoding_equivalent(172.02) raw_noncoding(172.02) offset(0.00) 
31288	31806	single+	1	3	{GlimmerHMM_glimmerT_2162-T1;GlimmerHMM},{Augustus_model.g1879.t1;Augustus}

# EVM prediction: Mode:STANDARD S-ratio: 556.10 32231-37801 orient(+) score(16683.00) noncoding_equivalent(30.00) raw_noncoding(30.00) offset(0.00) 
32231	37801	single+	1	3	{Augustus_model.g1880.t1;Augustus}

# EVM prediction: Mode:STANDARD S-ratio: 2.00 38066-38482 orient(+) score(834.00) noncoding_equivalent(417.00) raw_noncoding(417.00) offset(0.00) 
38066	38482	single+	1	3	{Augustus_model.g1881.t1;Augustus},{GlimmerHMM_glimmerT_2164-T1;GlimmerHMM}

# EVM prediction: Mode:STANDARD S-ratio: 10000.00 38839-39921 orient(+) score(3249.00) noncoding_equivalent(0.32) raw_noncoding(0.00) offset(0.00) 
38839	39921	single+	1	3	{Augustus_model.g1882.t1;Augustus},{GlimmerHMM_glimmerT_2165-T1;GlimmerHMM}

# EVM prediction: Mode:STANDARD S-ratio: 12.64 40137-41294 orient(+) score(3220.00) noncoding_equivalent(254.72) raw_noncoding(254.72) offset(0.00) 
40137	41294	single+	1	3	{GlimmerHMM_glimmerT_2166-T1;GlimmerHMM},{Augustus_model.g1883.t1;Augustus}

# EVM prediction: Mode:STANDARD S-ratio: 232.02 41508-44423 orient(+) score(8709.00) noncoding_equivalent(37.54) raw_noncoding(37.54) offset(0.00) 
41508	44423	single+	1	3	{Augustus_model.g1884.t1;Augustus},{GlimmerHMM_glimmerT_2167-T1;GlimmerHMM}

# EVM prediction: Mode:STANDARD S-ratio: 44.96 44542-48574 orient(+) score(11809.00) noncoding_equivalent(262.65) raw_noncoding(291.00) offset(28.35) 
44542	46693	initial+	1	1	{GlimmerHMM_glimmerT_2168-T1;GlimmerHMM}
46694	46721	INTRON			{GlimmerHMM_glimmerT_2168-T1;GlimmerHMM}
46722	48574	terminal+	2	3	{Augustus_model.g1885.t1;Augustus},{GlimmerHMM_glimmerT_2168-T1;GlimmerHMM}

# EVM prediction: Mode:STANDARD S-ratio: 81.34 48580-50700 orient(-) score(6284.00) noncoding_equivalent(77.26) raw_noncoding(77.26) offset(0.00) 
50700	48580	single-	4	6	{GlimmerHMM_glimmerT_2169-T1;GlimmerHMM},{Augustus_model.g1886.t1;Augustus}

# EVM prediction: Mode:STANDARD S-ratio: 2.01 51218-51991 orient(+) score(1548.00) noncoding_equivalent(772.00) raw_noncoding(772.00) offset(0.00) 
51218	51991	single+	1	3	{GlimmerHMM_glimmerT_2170-T1;GlimmerHMM},{Augustus_model.g1887.t1;Augustus}

# EVM prediction: Mode:STANDARD S-ratio: 704.75 52185-55007 orient(+) score(8457.00) noncoding_equivalent(12.00) raw_noncoding(12.00) offset(0.00) 
52185	55007	single+	1	3	{Augustus_model.g1888.t1;Augustus},{GlimmerHMM_glimmerT_2171-T1;GlimmerHMM}

# EVM prediction: Mode:STANDARD S-ratio: 10000.00 55426-56013 orient(-) score(1764.00) noncoding_equivalent(0.18) raw_noncoding(0.00) offset(0.00) 
56013	55426	single-	4	6	{GlimmerHMM_glimmerT_2172-T1;GlimmerHMM},{Augustus_model.g1889.t1;Augustus}

# EVM prediction: Mode:STANDARD S-ratio: 16.20 56831-57805 orient(+) score(2755.00) noncoding_equivalent(170.07) raw_noncoding(170.07) offset(0.00) 
56831	57805	single+	1	3	{GlimmerHMM_glimmerT_2173-T1;GlimmerHMM},{Augustus_model.g1890.t1;Augustus}

# EVM prediction: Mode:STANDARD S-ratio: 600.01 58023-60245 orient(+) score(6656.00) noncoding_equivalent(11.09) raw_noncoding(11.09) offset(0.00) 
58023	60245	single+	1	3	{GlimmerHMM_glimmerT_2174-T1;GlimmerHMM},{Augustus_model.g1891.t1;Augustus}

# EVM prediction: Mode:STANDARD S-ratio: 447.50 60339-61235 orient(-) score(2685.00) noncoding_equivalent(6.00) raw_noncoding(6.00) offset(0.00) 
61235	60339	single-	4	6	{GlimmerHMM_glimmerT_2175-T1;GlimmerHMM}

# EVM prediction: Mode:STANDARD S-ratio: 10000.00 61446-62579 orient(-) score(3402.00) noncoding_equivalent(0.34) raw_noncoding(0.00) offset(0.00) 
62579	61446	single-	4	6	{GlimmerHMM_glimmerT_2176-T1;GlimmerHMM},{Augustus_model.g1893.t1;Augustus}

# EVM prediction: Mode:STANDARD S-ratio: 1082.65 63124-64578 orient(-) score(4359.00) noncoding_equivalent(4.03) raw_noncoding(4.03) offset(0.00) 
64578	63124	single-	4	6	{Augustus_model.g1894.t1;Augustus},{GlimmerHMM_glimmerT_2177-T1;GlimmerHMM}

# EVM prediction: Mode:STANDARD S-ratio: 548.25 64913-67795 orient(-) score(8635.00) noncoding_equivalent(15.75) raw_noncoding(15.75) offset(0.00) 
67795	64913	single-	4	6	{Augustus_model.g1895.t1;Augustus},{GlimmerHMM_glimmerT_2178-T1;GlimmerHMM}

# EVM prediction: Mode:STANDARD S-ratio: 1.27 68337-68581 orient(+) score(379.00) noncoding_equivalent(297.67) raw_noncoding(415.08) offset(117.41) 
68337	68365	initial+	1	2	{GlimmerHMM_glimmerT_2179-T1;GlimmerHMM}
68366	68424	INTRON			{GlimmerHMM_glimmerT_2179-T1;GlimmerHMM}
68425	68581	terminal+	3	3	{GlimmerHMM_glimmerT_2179-T1;GlimmerHMM}

# EVM prediction: Mode:STANDARD S-ratio: 7.38 69058-71337 orient(+) score(6023.00) noncoding_equivalent(815.58) raw_noncoding(815.58) offset(0.00) 
69058	71337	single+	1	3	{GlimmerHMM_glimmerT_2180-T1;GlimmerHMM}

# EVM prediction: Mode:STANDARD S-ratio: 42.05 71527-73034 orient(+) score(4392.00) noncoding_equivalent(104.46) raw_noncoding(126.50) offset(22.04) 
71527	72977	initial+	1	2	{GlimmerHMM_glimmerT_2181-T1;GlimmerHMM}
72978	73003	INTRON			{GlimmerHMM_glimmerT_2181-T1;GlimmerHMM}
73004	73034	terminal+	3	3	{GlimmerHMM_glimmerT_2181-T1;GlimmerHMM}

# EVM prediction: Mode:STANDARD S-ratio: 39.45 73901-74887 orient(+) score(2886.00) noncoding_equivalent(73.15) raw_noncoding(73.15) offset(0.00) 
73901	74887	single+	1	3	{GlimmerHMM_glimmerT_2183-T1;GlimmerHMM}

# EVM prediction: Mode:STANDARD S-ratio: 10000.00 74936-76849 orient(-) score(5742.00) noncoding_equivalent(0.57) raw_noncoding(0.00) offset(0.00) 
76849	74936	single-	4	6	{Augustus_model.g1898.t1;Augustus},{GlimmerHMM_glimmerT_2184-T1;GlimmerHMM}

# EVM prediction: Mode:STANDARD S-ratio: 18.70 77057-80334 orient(+) score(9700.00) noncoding_equivalent(518.73) raw_noncoding(583.12) offset(64.39) 
77057	77128	initial+	1	3	{GlimmerHMM_glimmerT_2185-T1;GlimmerHMM},{Augustus_model.g1899.t1;Augustus}
77129	77190	INTRON			{GlimmerHMM_glimmerT_2185-T1;GlimmerHMM},{Augustus_model.g1899.t1;Augustus}
77191	80334	terminal+	1	3	{GlimmerHMM_glimmerT_2185-T1;GlimmerHMM},{snap_scaffold_2-snap.412-T1;snap},{Augustus_model.g1899.t1;Augustus}

# EVM prediction: Mode:STANDARD S-ratio: 16.55 80630-82279 orient(+) score(4668.00) noncoding_equivalent(282.00) raw_noncoding(282.00) offset(0.00) 
80630	82279	single+	1	3	{GlimmerHMM_glimmerT_2186-T1;GlimmerHMM}

# EVM prediction: Mode:STANDARD S-ratio: 2.00 82332-83306 orient(-) score(1950.00) noncoding_equivalent(975.00) raw_noncoding(975.00) offset(0.00) 
83306	82332	single-	4	6	{Augustus_model.g1901.t1;Augustus},{GlimmerHMM_glimmerT_2187-T1;GlimmerHMM}

# EVM prediction: Mode:STANDARD S-ratio: 9.65 83511-83840 orient(+) score(897.00) noncoding_equivalent(93.00) raw_noncoding(93.00) offset(0.00) 
83511	83840	single+	1	3	{GlimmerHMM_glimmerT_2188-T1;GlimmerHMM},{Augustus_model.g1902.t1;Augustus}

# EVM prediction: Mode:STANDARD S-ratio: 2.55 83942-84382 orient(-) score(882.00) noncoding_equivalent(346.12) raw_noncoding(346.12) offset(0.00) 
84382	83942	single-	4	6	{GlimmerHMM_glimmerT_2189-T1;GlimmerHMM},{Augustus_model.g1903.t1;Augustus}

# EVM prediction: Mode:STANDARD S-ratio: 1.69 84574-84834 orient(+) score(492.00) noncoding_equivalent(291.09) raw_noncoding(291.09) offset(0.00) 
84574	84834	single+	1	3	{GlimmerHMM_glimmerT_2190-T1;GlimmerHMM}

# EVM prediction: Mode:STANDARD S-ratio: 53.97 85333-87336 orient(+) score(5901.00) noncoding_equivalent(109.34) raw_noncoding(109.34) offset(0.00) 
85333	87336	single+	1	3	{Augustus_model.g1904.t1;Augustus},{GlimmerHMM_glimmerT_2191-T1;GlimmerHMM}

# EVM prediction: Mode:STANDARD S-ratio: 96.89 87476-88501 orient(+) score(3045.00) noncoding_equivalent(31.43) raw_noncoding(31.43) offset(0.00) 
87476	88501	single+	1	3	{GlimmerHMM_glimmerT_2192-T1;GlimmerHMM},{Augustus_model.g1905.t1;Augustus}

# EVM prediction: Mode:STANDARD S-ratio: 10000.00 88877-90826 orient(+) score(5850.00) noncoding_equivalent(0.59) raw_noncoding(0.00) offset(0.00) 
88877	90826	single+	1	3	{GlimmerHMM_glimmerT_2193-T1;GlimmerHMM},{Augustus_model.g1906.t1;Augustus}

# EVM prediction: Mode:STANDARD S-ratio: 62.48 90894-95636 orient(+) score(13956.00) noncoding_equivalent(223.38) raw_noncoding(324.00) offset(100.62) 
90894	90905	initial+	1	3	{GlimmerHMM_glimmerT_2194-T1;GlimmerHMM}
90906	90956	INTRON			{GlimmerHMM_glimmerT_2194-T1;GlimmerHMM}
90957	95636	terminal+	1	3	{GlimmerHMM_glimmerT_2194-T1;GlimmerHMM}

# EVM prediction: Mode:STANDARD S-ratio: 10000.00 96190-97788 orient(+) score(4797.00) noncoding_equivalent(0.48) raw_noncoding(0.00) offset(0.00) 
96190	97788	single+	1	3	{Augustus_model.g1908.t1;Augustus},{GlimmerHMM_glimmerT_2195-T1;GlimmerHMM}

# EVM prediction: Mode:STANDARD S-ratio: 10000.00 97848-99938 orient(-) score(6273.00) noncoding_equivalent(0.63) raw_noncoding(0.00) offset(0.00) 
99938	97848	single-	4	6	{Augustus_model.g1909.t1;Augustus},{GlimmerHMM_glimmerT_2196-T1;GlimmerHMM}

