# EVM prediction: Mode:STANDARD S-ratio: 4.99 455-1480 orient(-) score(5124.00) noncoding_equivalent(1026.00) raw_noncoding(1026.00) offset(0.00)
1480	455	single-	4	6	{GlimmerHMM_glimmerT_2264-T1;GlimmerHMM},{HiQ_model.g2106.t1;HiQ}

# EVM prediction: Mode:STANDARD S-ratio: 1694.74 2115-4973 orient(-) score(8570.00) noncoding_equivalent(5.06) raw_noncoding(5.06) offset(0.00)
4973	2115	single-	4	6	{GlimmerHMM_glimmerT_2265-T1;GlimmerHMM},{Augustus_model.g2107.t1;Augustus}

# EVM prediction: Mode:STANDARD S-ratio: 2.00 6643-6921 orient(-) score(1116.00) noncoding_equivalent(558.00) raw_noncoding(558.00) offset(0.00)
6921	6643	single-	4	6	{HiQ_model.g2108.t1;HiQ},{GlimmerHMM_glimmerT_2266-T1;GlimmerHMM}

# EVM prediction: Mode:STANDARD S-ratio: 61.34 7728-8519 orient(+) score(3117.00) noncoding_equivalent(50.81) raw_noncoding(50.81) offset(0.00)
7728	8519	single+	1	3	{Augustus_model.g2109.t1;Augustus},{GlimmerHMM_glimmerT_2268-T1;GlimmerHMM}

# EVM prediction: Mode:STANDARD S-ratio: 291.22 9491-10741 orient(+) score(4985.00) noncoding_equivalent(17.12) raw_noncoding(17.12) offset(0.00)
9491	10741	single+	1	3	{GlimmerHMM_glimmerT_2269-T1;GlimmerHMM},{Augustus_model.g2110.t1;Augustus}

# EVM prediction: Mode:STANDARD S-ratio: 34.86 11133-11885 orient(+) score(2928.00) noncoding_equivalent(84.00) raw_noncoding(84.00) offset(0.00)
11133	11885	single+	1	3	{GlimmerHMM_glimmerT_2270-T1;GlimmerHMM},{Augustus_model.g2111.t1;Augustus}

# EVM prediction: Mode:STANDARD S-ratio: 4.83 12105-14714 orient(-) score(12975.00) noncoding_equivalent(2685.00) raw_noncoding(2685.00) offset(0.00)
14714	12105	single-	4	6	{HiQ_model.g2112.t1;HiQ}

# EVM prediction: Mode:STANDARD S-ratio: 2.56 15334-16611 orient(-) score(5511.00) noncoding_equivalent(2152.00) raw_noncoding(2152.00) offset(0.00)
16611	15334	single-	4	6	{GlimmerHMM_glimmerT_2272-T1;GlimmerHMM},{HiQ_model.g2113.t1;HiQ}

# EVM prediction: Mode:STANDARD S-ratio: 10000.00 17091-18614 orient(-) score(4572.00) noncoding_equivalent(0.46) raw_noncoding(0.00) offset(0.00)
18614	17091	single-	4	6	{GlimmerHMM_glimmerT_2273-T1;GlimmerHMM},{Augustus_model.g2114.t1;Augustus}

# EVM prediction: Mode:STANDARD S-ratio: 157.67 19198-20268 orient(+) score(4257.00) noncoding_equivalent(27.00) raw_noncoding(27.00) offset(0.00)
19198	20268	single+	1	3	{Augustus_model.g2115.t1;Augustus},{GlimmerHMM_glimmerT_2274-T1;GlimmerHMM}

# EVM prediction: Mode:STANDARD S-ratio: 2.01 20321-20974 orient(-) score(2616.00) noncoding_equivalent(1304.19) raw_noncoding(1304.19) offset(0.00)
20974	20321	single-	4	6	{HiQ_model.g2116.t1;HiQ},{GlimmerHMM_glimmerT_2275-T1;GlimmerHMM}

# EVM prediction: Mode:STANDARD S-ratio: 137.20 21574-22392 orient(+) score(2752.00) noncoding_equivalent(20.06) raw_noncoding(20.06) offset(0.00)
21574	22392	single+	1	3	{Augustus_model.g2117.t1;Augustus},{GlimmerHMM_glimmerT_2276-T1;GlimmerHMM}

# EVM prediction: Mode:STANDARD S-ratio: 137.08 24019-26607 orient(+) score(10281.00) noncoding_equivalent(75.00) raw_noncoding(75.00) offset(0.00)
24019	26607	single+	1	3	{GlimmerHMM_glimmerT_2277-T1;GlimmerHMM}

# EVM prediction: Mode:STANDARD S-ratio: 3.20 26741-28039 orient(-) score(5940.00) noncoding_equivalent(1854.00) raw_noncoding(1854.00) offset(0.00)
28039	26741	single-	4	6	{HiQ_model.g2119.t1;HiQ},{GlimmerHMM_glimmerT_2278-T1;GlimmerHMM}

# EVM prediction: Mode:STANDARD S-ratio: 448.90 29292-29759 orient(+) score(1866.00) noncoding_equivalent(4.16) raw_noncoding(4.16) offset(0.00)
29292	29759	single+	1	3	{Augustus_model.g2120.t1;Augustus},{GlimmerHMM_glimmerT_2279-T1;GlimmerHMM}

# EVM prediction: Mode:STANDARD S-ratio: 19.32 30439-31017 orient(+) score(2202.00) noncoding_equivalent(114.00) raw_noncoding(114.00) offset(0.00)
30439	31017	single+	1	3	{GlimmerHMM_glimmerT_2280-T1;GlimmerHMM}

# EVM prediction: Mode:STANDARD S-ratio: 10000.00 32214-32849 orient(+) score(2544.00) noncoding_equivalent(0.25) raw_noncoding(0.00) offset(0.00)
32214	32849	single+	1	3	{Augustus_model.g2122.t1;Augustus},{GlimmerHMM_glimmerT_2281-T1;GlimmerHMM}

# EVM prediction: Mode:STANDARD S-ratio: 5.00 33185-35308 orient(-) score(10620.00) noncoding_equivalent(2124.00) raw_noncoding(2124.00) offset(0.00)
35308	33185	single-	4	6	{HiQ_model.g2123.t1;HiQ},{GlimmerHMM_glimmerT_2282-T1;GlimmerHMM}

# EVM prediction: Mode:STANDARD S-ratio: 5.00 35695-36675 orient(-) score(4905.00) noncoding_equivalent(981.00) raw_noncoding(981.00) offset(0.00)
36675	35695	single-	4	6	{GlimmerHMM_glimmerT_2283-T1;GlimmerHMM},{HiQ_model.g2124.t1;HiQ}

# EVM prediction: Mode:STANDARD S-ratio: 4.79 39770-42085 orient(-) score(11496.00) noncoding_equivalent(2400.00) raw_noncoding(2400.00) offset(0.00)
42085	39770	single-	4	6	{GlimmerHMM_glimmerT_2284-T1;GlimmerHMM},{HiQ_model.g2125.t1;HiQ}

# EVM prediction: Mode:STANDARD S-ratio: 44.67 43592-44824 orient(-) score(4824.00) noncoding_equivalent(108.00) raw_noncoding(108.00) offset(0.00)
44824	43592	single-	4	6	{GlimmerHMM_glimmerT_2285-T1;GlimmerHMM}

# EVM prediction: Mode:STANDARD S-ratio: 9.61 45321-46953 orient(-) score(5459.00) noncoding_equivalent(567.81) raw_noncoding(1066.86) offset(499.05)
46697	45321	terminal-	4	6	{snap_scaffold_6-snap.20-T1;snap}
46947	46698	INTRON			{snap_scaffold_6-snap.20-T1;snap}
46953	46948	initial-	4	6	{snap_scaffold_6-snap.20-T1;snap}

# EVM prediction: Mode:STANDARD S-ratio: 510.93 46996-49824 orient(-) score(11288.00) noncoding_equivalent(22.09) raw_noncoding(22.09) offset(0.00)
49824	46996	single-	4	6	{GlimmerHMM_glimmerT_2287-T1;GlimmerHMM}

# EVM prediction: Mode:STANDARD S-ratio: 1.60 51689-52331 orient(+) score(1030.00) noncoding_equivalent(643.00) raw_noncoding(899.00) offset(256.00)
51689	52004	initial+	1	1	{GlimmerHMM_glimmerT_2288-T1;GlimmerHMM}
52005	52260	INTRON			{GlimmerHMM_glimmerT_2288-T1;GlimmerHMM}
52261	52331	terminal+	2	3	{GlimmerHMM_glimmerT_2288-T1;GlimmerHMM}

# EVM prediction: Mode:STANDARD S-ratio: 5.09 54073-54798 orient(-) score(3863.00) noncoding_equivalent(759.00) raw_noncoding(759.00) offset(0.00)
54798	54073	single-	4	6	{HiQ_model.g2128.t1;HiQ},{GlimmerHMM_glimmerT_2289-T1;GlimmerHMM}

# EVM prediction: Mode:STANDARD S-ratio: 30.08 55058-55834 orient(-) score(2256.00) noncoding_equivalent(75.00) raw_noncoding(75.00) offset(0.00)
55834	55058	single-	4	6	{Augustus_model.g2129.t1;Augustus},{GlimmerHMM_glimmerT_2290-T1;GlimmerHMM}

# EVM prediction: Mode:STANDARD S-ratio: 4.97 56088-59456 orient(-) score(16826.00) noncoding_equivalent(3386.08) raw_noncoding(3386.08) offset(0.00)
59456	56088	single-	4	6	{HiQ_model.g2130.t1;HiQ},{GlimmerHMM_glimmerT_2291-T1;GlimmerHMM}

# EVM prediction: Mode:STANDARD S-ratio: 2.02 59780-60277 orient(-) score(1000.00) noncoding_equivalent(494.31) raw_noncoding(494.31) offset(0.00)
60277	59780	single-	4	6	{Augustus_model.g2131.t1;Augustus}

# EVM prediction: Mode:STANDARD S-ratio: 10000.00 60775-61638 orient(+) score(3456.00) noncoding_equivalent(0.35) raw_noncoding(0.00) offset(0.00)
60775	61638	single+	1	3	{Augustus_model.g2132.t1;Augustus},{GlimmerHMM_glimmerT_2293-T1;GlimmerHMM}

# EVM prediction: Mode:STANDARD S-ratio: 2.00 61977-62501 orient(-) score(2100.00) noncoding_equivalent(1050.00) raw_noncoding(1050.00) offset(0.00)
62501	61977	single-	4	6	{HiQ_model.g2133.t1;HiQ},{GlimmerHMM_glimmerT_2294-T1;GlimmerHMM}

# EVM prediction: Mode:STANDARD S-ratio: 10000.00 63384-65828 orient(+) score(9780.00) noncoding_equivalent(0.98) raw_noncoding(0.00) offset(0.00)
63384	65828	single+	1	3	{Augustus_model.g2134.t1;Augustus},{GlimmerHMM_glimmerT_2295-T1;GlimmerHMM}

# EVM prediction: Mode:STANDARD S-ratio: 5.00 66175-66822 orient(-) score(3240.00) noncoding_equivalent(648.00) raw_noncoding(648.00) offset(0.00)
66822	66175	single-	4	6	{GlimmerHMM_glimmerT_2296-T1;GlimmerHMM},{HiQ_model.g2135.t1;HiQ}

# EVM prediction: Mode:STANDARD S-ratio: 10000.00 67131-69272 orient(+) score(8568.00) noncoding_equivalent(0.86) raw_noncoding(0.00) offset(0.00)
67131	69272	single+	1	3	{GlimmerHMM_glimmerT_2297-T1;GlimmerHMM},{Augustus_model.g2136.t1;Augustus}

# EVM prediction: Mode:STANDARD S-ratio: 4.70 69486-70412 orient(-) score(4585.00) noncoding_equivalent(975.66) raw_noncoding(975.66) offset(0.00)
70412	69486	single-	4	6	{GlimmerHMM_glimmerT_2298-T1;GlimmerHMM},{HiQ_model.g2137.t1;HiQ}

# EVM prediction: Mode:STANDARD S-ratio: 4.63 70684-71376 orient(-) score(3419.00) noncoding_equivalent(737.92) raw_noncoding(737.92) offset(0.00)
71376	70684	single-	4	6	{GlimmerHMM_glimmerT_2299-T1;GlimmerHMM},{HiQ_model.g2138.t1;HiQ}

# EVM prediction: Mode:STANDARD S-ratio: 4.54 71773-74883 orient(-) score(15294.00) noncoding_equivalent(3372.00) raw_noncoding(3372.00) offset(0.00)
74883	71773	single-	4	6	{GlimmerHMM_glimmerT_2300-T1;GlimmerHMM},{HiQ_model.g2139.t1;HiQ}

# EVM prediction: Mode:STANDARD S-ratio: 5.95 75549-77267 orient(-) score(10293.00) noncoding_equivalent(1731.00) raw_noncoding(1731.00) offset(0.00)
77267	75549	single-	4	6	{HiQ_model.g2140.t1;HiQ},{GlimmerHMM_glimmerT_2301-T1;GlimmerHMM}

# EVM prediction: Mode:STANDARD S-ratio: 39.00 79007-80548 orient(+) score(6013.00) noncoding_equivalent(154.20) raw_noncoding(154.20) offset(0.00)
79007	80548	single+	1	3	{Augustus_model.g2141.t1;Augustus},{GlimmerHMM_glimmerT_2302-T1;GlimmerHMM}

# EVM prediction: Mode:STANDARD S-ratio: 4.31 81721-82929 orient(-) score(5889.00) noncoding_equivalent(1365.00) raw_noncoding(1365.00) offset(0.00)
82929	81721	single-	4	6	{GlimmerHMM_glimmerT_2303-T1;GlimmerHMM},{HiQ_model.g2142.t1;HiQ}

# EVM prediction: Mode:STANDARD S-ratio: 10000.00 83950-85428 orient(+) score(5916.00) noncoding_equivalent(0.59) raw_noncoding(0.00) offset(0.00)
83950	85428	single+	1	3	{Augustus_model.g2143.t1;Augustus},{GlimmerHMM_glimmerT_2304-T1;GlimmerHMM}

# EVM prediction: Mode:STANDARD S-ratio: 3254.60 86018-86845 orient(+) score(3272.00) noncoding_equivalent(1.01) raw_noncoding(1.01) offset(0.00)
86018	86845	single+	1	3	{GlimmerHMM_glimmerT_2305-T1;GlimmerHMM}

# EVM prediction: Mode:STANDARD S-ratio: 114.22 87207-88835 orient(+) score(6456.00) noncoding_equivalent(56.52) raw_noncoding(56.52) offset(0.00)
87207	88835	single+	1	3	{GlimmerHMM_glimmerT_2306-T1;GlimmerHMM}

# EVM prediction: Mode:STANDARD S-ratio: 5.06 89151-89905 orient(-) score(4148.00) noncoding_equivalent(820.00) raw_noncoding(1449.00) offset(629.00)
89523	89151	terminal-	6	6	{snap_scaffold_6-snap.38-T1;snap},{GlimmerHMM_glimmerT_2307-T1;GlimmerHMM},{HiQ_model.g2145.t1;HiQ}
89840	89524	INTRON			{GlimmerHMM_glimmerT_2307-T1;GlimmerHMM},{HiQ_model.g2145.t1;HiQ},{ev_type:exonerate/ID=match.160399.6040/Target=YGR118W;exonerate},{ev_type:exonerate/ID=match.160399.4958/Target=YPR132W;exonerate}
89905	89841	initial-	4	5	{GlimmerHMM_glimmerT_2307-T1;GlimmerHMM},{HiQ_model.g2145.t1;HiQ}

# EVM prediction: Mode:STANDARD S-ratio: 10000.00 90403-91836 orient(+) score(5736.00) noncoding_equivalent(0.57) raw_noncoding(0.00) offset(0.00)
90403	91836	single+	1	3	{Augustus_model.g2146.t1;Augustus},{GlimmerHMM_glimmerT_2308-T1;GlimmerHMM}

# EVM prediction: Mode:STANDARD S-ratio: 3467.67 92097-96452 orient(-) score(17417.00) noncoding_equivalent(5.02) raw_noncoding(5.02) offset(0.00)
96452	92097	single-	4	6	{Augustus_model.g2147.t1;Augustus},{GlimmerHMM_glimmerT_2309-T1;GlimmerHMM}

# EVM prediction: Mode:STANDARD S-ratio: 31.00 96943-97974 orient(-) score(3999.00) noncoding_equivalent(129.00) raw_noncoding(129.00) offset(0.00)
97974	96943	single-	4	6	{GlimmerHMM_glimmerT_2310-T1;GlimmerHMM}

# EVM prediction: Mode:STANDARD S-ratio: 5.05 98340-99527 orient(-) score(2975.00) noncoding_equivalent(589.54) raw_noncoding(589.54) offset(0.00)
99527	98340	single-	4	6	{GlimmerHMM_glimmerT_2311-T1;GlimmerHMM}

# EVM prediction: Mode:STANDARD S-ratio: 5.00 99855-101057 orient(-) score(6015.00) noncoding_equivalent(1203.00) raw_noncoding(1203.00) offset(0.00)
101057	99855	single-	4	6	{GlimmerHMM_glimmerT_2312-T1;GlimmerHMM},{HiQ_model.g2149.t1;HiQ}

# EVM prediction: Mode:STANDARD S-ratio: 4.85 101836-103173 orient(-) score(6655.00) noncoding_equivalent(1371.43) raw_noncoding(1371.43) offset(0.00)
103173	101836	single-	4	6	{GlimmerHMM_glimmerT_2313-T1;GlimmerHMM},{HiQ_model.g2150.t1;HiQ}

# EVM prediction: Mode:STANDARD S-ratio: 75.20 105026-106168 orient(+) score(4512.00) noncoding_equivalent(60.00) raw_noncoding(60.00) offset(0.00)
105026	106168	single+	1	3	{GlimmerHMM_glimmerT_2314-T1;GlimmerHMM},{Augustus_model.g2151.t1;Augustus}

# EVM prediction: Mode:STANDARD S-ratio: 4.79 106477-107892 orient(-) score(7028.00) noncoding_equivalent(1466.19) raw_noncoding(1466.19) offset(0.00)
107892	106477	single-	4	6	{GlimmerHMM_glimmerT_2315-T1;GlimmerHMM},{HiQ_model.g2152.t1;HiQ}

# EVM prediction: Mode:STANDARD S-ratio: 37.00 111744-112541 orient(+) score(3108.00) noncoding_equivalent(84.00) raw_noncoding(84.00) offset(0.00)
111744	112541	single+	1	3	{GlimmerHMM_glimmerT_2316-T1;GlimmerHMM},{Augustus_model.g2153.t1;Augustus}

# EVM prediction: Mode:STANDARD S-ratio: 2.04 112698-112931 orient(-) score(936.00) noncoding_equivalent(459.52) raw_noncoding(459.52) offset(0.00)
112931	112698	single-	4	6	{HiQ_model.g2154.t1;HiQ},{GlimmerHMM_glimmerT_2317-T1;GlimmerHMM}

# EVM prediction: Mode:STANDARD S-ratio: 10000.00 113163-114086 orient(+) score(3696.00) noncoding_equivalent(0.37) raw_noncoding(0.00) offset(0.00)
113163	114086	single+	1	3	{GlimmerHMM_glimmerT_2318-T1;GlimmerHMM},{Augustus_model.g2155.t1;Augustus}

# EVM prediction: Mode:STANDARD S-ratio: 4.96 114295-116112 orient(-) score(9078.00) noncoding_equivalent(1828.77) raw_noncoding(1828.77) offset(0.00)
116112	114295	single-	4	6	{GlimmerHMM_glimmerT_2319-T1;GlimmerHMM},{HiQ_model.g2156.t1;HiQ}

# EVM prediction: Mode:STANDARD S-ratio: 8.16 116394-116945 orient(+) score(1967.00) noncoding_equivalent(241.02) raw_noncoding(241.02) offset(0.00)
116394	116945	single+	1	3	{GlimmerHMM_glimmerT_2320-T1;GlimmerHMM}

# EVM prediction: Mode:STANDARD S-ratio: 1.14 117128-118168 orient(-) score(2082.00) noncoding_equivalent(1831.06) raw_noncoding(1831.06) offset(0.00)
118168	117128	single-	4	6	{GlimmerHMM_glimmerT_2321-T1;GlimmerHMM}

# EVM prediction: Mode:STANDARD S-ratio: 4.63 118434-121286 orient(-) score(14076.00) noncoding_equivalent(3042.00) raw_noncoding(3042.00) offset(0.00)
121286	118434	single-	4	6	{GlimmerHMM_glimmerT_2322-T1;GlimmerHMM},{HiQ_model.g2158.t1;HiQ}

# EVM prediction: Mode:STANDARD S-ratio: 4.98 121565-123631 orient(-) score(10325.00) noncoding_equivalent(2075.08) raw_noncoding(2075.08) offset(0.00)
123631	121565	single-	4	6	{GlimmerHMM_glimmerT_2323-T1;GlimmerHMM},{HiQ_model.g2159.t1;HiQ}

# EVM prediction: Mode:STANDARD S-ratio: 10000.00 124074-128963 orient(+) score(19551.00) noncoding_equivalent(1.96) raw_noncoding(0.00) offset(0.00)
124074	128963	single+	1	3	{Augustus_model.g2160.t1;Augustus},{GlimmerHMM_glimmerT_2324-T1;GlimmerHMM}

# EVM prediction: Mode:STANDARD S-ratio: 10000.00 129394-132834 orient(-) score(13764.00) noncoding_equivalent(1.38) raw_noncoding(0.00) offset(0.00)
132834	129394	single-	4	6	{GlimmerHMM_glimmerT_2325-T1;GlimmerHMM},{Augustus_model.g2161.t1;Augustus}

# EVM prediction: Mode:STANDARD S-ratio: 2.00 133967-134911 orient(-) score(3780.00) noncoding_equivalent(1890.00) raw_noncoding(1890.00) offset(0.00)
134911	133967	single-	4	6	{GlimmerHMM_glimmerT_2326-T1;GlimmerHMM},{HiQ_model.g2162.t1;HiQ}

# EVM prediction: Mode:STANDARD S-ratio: 132.23 135190-135861 orient(+) score(2666.00) noncoding_equivalent(20.16) raw_noncoding(20.16) offset(0.00)
135190	135861	single+	1	3	{Augustus_model.g2163.t1;Augustus},{GlimmerHMM_glimmerT_2327-T1;GlimmerHMM}

# EVM prediction: Mode:STANDARD S-ratio: 4.67 136034-139348 orient(-) score(16380.00) noncoding_equivalent(3510.00) raw_noncoding(3510.00) offset(0.00)
139348	136034	single-	4	6	{HiQ_model.g2164.t1;HiQ}

# EVM prediction: Mode:STANDARD S-ratio: 4.92 139623-141146 orient(-) score(7598.00) noncoding_equivalent(1544.21) raw_noncoding(1544.21) offset(0.00)
141146	139623	single-	4	6	{HiQ_model.g2165.t1;HiQ},{GlimmerHMM_glimmerT_2329-T1;GlimmerHMM}

# EVM prediction: Mode:STANDARD S-ratio: 10000.00 141625-143343 orient(-) score(5157.00) noncoding_equivalent(0.52) raw_noncoding(0.00) offset(0.00)
143343	141625	single-	4	6	{GlimmerHMM_glimmerT_2330-T1;GlimmerHMM},{Augustus_model.g2166.t1;Augustus}

# EVM prediction: Mode:STANDARD S-ratio: 5.00 143707-145191 orient(-) score(7425.00) noncoding_equivalent(1485.00) raw_noncoding(1485.00) offset(0.00)
145191	143707	single-	4	6	{GlimmerHMM_glimmerT_2331-T1;GlimmerHMM},{HiQ_model.g2167.t1;HiQ}

# EVM prediction: Mode:STANDARD S-ratio: 5.00 145462-149175 orient(-) score(18570.00) noncoding_equivalent(3714.00) raw_noncoding(3714.00) offset(0.00)
149175	145462	single-	4	6	{GlimmerHMM_glimmerT_2332-T1;GlimmerHMM},{HiQ_model.g2168.t1;HiQ}

# EVM prediction: Mode:STANDARD S-ratio: 12.20 151768-154173 orient(-) score(8895.00) noncoding_equivalent(729.00) raw_noncoding(729.00) offset(0.00)
154173	151768	single-	4	6	{GlimmerHMM_glimmerT_2334-T1;GlimmerHMM}

# EVM prediction: Mode:STANDARD S-ratio: 4.92 155215-156903 orient(-) score(8421.00) noncoding_equivalent(1713.00) raw_noncoding(1713.00) offset(0.00)
156903	155215	single-	4	6	{GlimmerHMM_glimmerT_2335-T1;GlimmerHMM},{HiQ_model.g2170.t1;HiQ}

# EVM prediction: Mode:STANDARD S-ratio: 26.33 158231-160247 orient(+) score(10461.00) noncoding_equivalent(397.34) raw_noncoding(931.29) offset(533.95)
158231	158262	initial+	1	2	{GlimmerHMM_glimmerT_2336-T1;GlimmerHMM}
158263	158533	INTRON			{GlimmerHMM_glimmerT_2336-T1;GlimmerHMM}
158534	160247	terminal+	3	3	{GlimmerHMM_glimmerT_2336-T1;GlimmerHMM},{Augustus_model.g2171.t1;Augustus}

# EVM prediction: Mode:STANDARD S-ratio: 10000.00 160924-161943 orient(+) score(4080.00) noncoding_equivalent(0.41) raw_noncoding(0.00) offset(0.00)
160924	161943	single+	1	3	{GlimmerHMM_glimmerT_2337-T1;GlimmerHMM},{Augustus_model.g2172.t1;Augustus}

# EVM prediction: Mode:STANDARD S-ratio: 10000.00 162639-163163 orient(+) score(2625.00) noncoding_equivalent(0.26) raw_noncoding(0.00) offset(0.00)
162639	163163	single+	1	3	{Augustus_model.g2173.t1;Augustus},{GlimmerHMM_glimmerT_2338-T1;GlimmerHMM}

# EVM prediction: Mode:STANDARD S-ratio: 263.46 163485-164423 orient(+) score(3740.00) noncoding_equivalent(14.20) raw_noncoding(14.20) offset(0.00)
163485	164423	single+	1	3	{GlimmerHMM_glimmerT_2339-T1;GlimmerHMM},{Augustus_model.g2174.t1;Augustus}

# EVM prediction: Mode:STANDARD S-ratio: 10000.00 164732-166687 orient(+) score(7824.00) noncoding_equivalent(0.78) raw_noncoding(0.00) offset(0.00)
164732	166687	single+	1	3	{Augustus_model.g2175.t1;Augustus},{GlimmerHMM_glimmerT_2340-T1;GlimmerHMM}

# EVM prediction: Mode:STANDARD S-ratio: 2.00 166946-167497 orient(-) score(2208.00) noncoding_equivalent(1104.00) raw_noncoding(1104.00) offset(0.00)
167497	166946	single-	4	6	{GlimmerHMM_glimmerT_2341-T1;GlimmerHMM},{HiQ_model.g2176.t1;HiQ}

# EVM prediction: Mode:STANDARD S-ratio: 249.99 167760-168392 orient(+) score(2520.00) noncoding_equivalent(10.08) raw_noncoding(10.08) offset(0.00)
167760	168392	single+	1	3	{GlimmerHMM_glimmerT_2342-T1;GlimmerHMM},{Augustus_model.g2177.t1;Augustus}

# EVM prediction: Mode:STANDARD S-ratio: 4.29 168532-169530 orient(-) score(4860.00) noncoding_equivalent(1134.00) raw_noncoding(1134.00) offset(0.00)
169530	168532	single-	4	6	{HiQ_model.g2178.t1;HiQ},{GlimmerHMM_glimmerT_2343-T1;GlimmerHMM}

# EVM prediction: Mode:STANDARD S-ratio: 147.87 169708-170649 orient(-) score(3741.00) noncoding_equivalent(25.30) raw_noncoding(25.30) offset(0.00)
170649	169708	single-	4	6	{GlimmerHMM_glimmerT_2344-T1;GlimmerHMM},{Augustus_model.g2179.t1;Augustus}

# EVM prediction: Mode:STANDARD S-ratio: 3.01 171163-171762 orient(+) score(1801.00) noncoding_equivalent(599.00) raw_noncoding(599.00) offset(0.00)
171163	171762	single+	1	3	{GlimmerHMM_glimmerT_2345-T1;GlimmerHMM},{Augustus_model.g2180.t1;Augustus}

# EVM prediction: Mode:STANDARD S-ratio: 136.87 172017-173786 orient(+) score(7027.00) noncoding_equivalent(51.34) raw_noncoding(51.34) offset(0.00)
172017	173786	single+	1	3	{GlimmerHMM_glimmerT_2346-T1;GlimmerHMM},{Augustus_model.g2181.t1;Augustus}

# EVM prediction: Mode:STANDARD S-ratio: 9.15 173955-174428 orient(+) score(1701.00) noncoding_equivalent(186.00) raw_noncoding(186.00) offset(0.00)
173955	174428	single+	1	3	{GlimmerHMM_glimmerT_2347-T1;GlimmerHMM},{Augustus_model.g2182.t1;Augustus}

# EVM prediction: Mode:STANDARD S-ratio: 2.72 174658-175386 orient(+) score(2133.00) noncoding_equivalent(783.00) raw_noncoding(783.00) offset(0.00)
174658	175386	single+	1	3	{GlimmerHMM_glimmerT_2348-T1;GlimmerHMM}

# EVM prediction: Mode:STANDARD S-ratio: 2.00 176064-177227 orient(-) score(4656.00) noncoding_equivalent(2322.34) raw_noncoding(2322.34) offset(0.00)
177227	176064	single-	4	6	{GlimmerHMM_glimmerT_2349-T1;GlimmerHMM},{HiQ_model.g2184.t1;HiQ}

# EVM prediction: Mode:STANDARD S-ratio: 10000.00 177468-180050 orient(+) score(10332.00) noncoding_equivalent(1.03) raw_noncoding(0.00) offset(0.00)
177468	180050	single+	1	3	{GlimmerHMM_glimmerT_2350-T1;GlimmerHMM},{Augustus_model.g2185.t1;Augustus}

# EVM prediction: Mode:STANDARD S-ratio: 4.88 180258-183725 orient(-) score(17270.00) noncoding_equivalent(3536.91) raw_noncoding(3536.91) offset(0.00)
183725	180258	single-	4	6	{HiQ_model.g2186.t1;HiQ},{GlimmerHMM_glimmerT_2351-T1;GlimmerHMM}

# EVM prediction: Mode:STANDARD S-ratio: 21.11 184459-186219 orient(+) score(6725.00) noncoding_equivalent(318.53) raw_noncoding(318.53) offset(0.00)
184459	186219	single+	1	3	{GlimmerHMM_glimmerT_2352-T1;GlimmerHMM}

# EVM prediction: Mode:STANDARD S-ratio: 11.33 186757-189171 orient(+) score(8845.00) noncoding_equivalent(780.48) raw_noncoding(780.48) offset(0.00)
186757	189171	single+	1	3	{GlimmerHMM_glimmerT_2353-T1;GlimmerHMM}

# EVM prediction: Mode:STANDARD S-ratio: 67.17 189743-190621 orient(+) score(3463.00) noncoding_equivalent(51.55) raw_noncoding(51.55) offset(0.00)
189743	190621	single+	1	3	{GlimmerHMM_glimmerT_2354-T1;GlimmerHMM},{Augustus_model.g2188.t1;Augustus}

# EVM prediction: Mode:STANDARD S-ratio: 71.00 191683-193464 orient(+) score(7029.00) noncoding_equivalent(99.00) raw_noncoding(99.00) offset(0.00)
191683	193464	single+	1	3	{GlimmerHMM_glimmerT_2355-T1;GlimmerHMM},{Augustus_model.g2189.t1;Augustus}

# EVM prediction: Mode:STANDARD S-ratio: 27.65 193716-194024 orient(+) score(1193.00) noncoding_equivalent(43.14) raw_noncoding(43.14) offset(0.00)
193716	194024	single+	1	3	{GlimmerHMM_glimmerT_2356-T1;GlimmerHMM}

# EVM prediction: Mode:STANDARD S-ratio: 1.25 194263-195213 orient(+) score(2110.00) noncoding_equivalent(1693.09) raw_noncoding(1693.09) offset(0.00)
194263	195213	single+	1	3	{GlimmerHMM_glimmerT_2357-T1;GlimmerHMM}

# EVM prediction: Mode:STANDARD S-ratio: 185.01 195576-199652 orient(+) score(16219.00) noncoding_equivalent(87.66) raw_noncoding(87.66) offset(0.00)
195576	199652	single+	1	3	{Augustus_model.g2191.t1;Augustus},{GlimmerHMM_glimmerT_2358-T1;GlimmerHMM}

# EVM prediction: Mode:STANDARD S-ratio: 5.00 200041-200970 orient(-) score(4650.00) noncoding_equivalent(930.00) raw_noncoding(930.00) offset(0.00)
200970	200041	single-	4	6	{GlimmerHMM_glimmerT_2359-T1;GlimmerHMM},{HiQ_model.g2192.t1;HiQ}

# EVM prediction: Mode:STANDARD S-ratio: 4.96 202432-203970 orient(-) score(7682.00) noncoding_equivalent(1550.12) raw_noncoding(1550.12) offset(0.00)
203970	202432	single-	4	6	{GlimmerHMM_glimmerT_2360-T1;GlimmerHMM},{HiQ_model.g2193.t1;HiQ}

# EVM prediction: Mode:STANDARD S-ratio: 4.94 204391-205398 orient(-) score(5028.00) noncoding_equivalent(1018.34) raw_noncoding(1018.34) offset(0.00)
205398	204391	single-	4	6	{GlimmerHMM_glimmerT_2361-T1;GlimmerHMM},{HiQ_model.g2194.t1;HiQ}

# EVM prediction: Mode:STANDARD S-ratio: 10000.00 206034-206762 orient(+) score(2916.00) noncoding_equivalent(0.29) raw_noncoding(0.00) offset(0.00)
206034	206762	single+	1	3	{Augustus_model.g2195.t1;Augustus},{GlimmerHMM_glimmerT_2362-T1;GlimmerHMM}

# EVM prediction: Mode:STANDARD S-ratio: 4.82 207088-209874 orient(-) score(13851.00) noncoding_equivalent(2871.00) raw_noncoding(2871.00) offset(0.00)
209874	207088	single-	4	6	{GlimmerHMM_glimmerT_2363-T1;GlimmerHMM},{HiQ_model.g2196.t1;HiQ}

# EVM prediction: Mode:STANDARD S-ratio: 5.00 210394-212118 orient(-) score(8625.00) noncoding_equivalent(1725.00) raw_noncoding(1725.00) offset(0.00)
212118	210394	single-	4	6	{GlimmerHMM_glimmerT_2364-T1;GlimmerHMM},{HiQ_model.g2197.t1;HiQ}

# EVM prediction: Mode:STANDARD S-ratio: 4.88 212925-214853 orient(-) score(9605.00) noncoding_equivalent(1967.11) raw_noncoding(1967.11) offset(0.00)
214853	212925	single-	4	6	{HiQ_model.g2198.t1;HiQ},{GlimmerHMM_glimmerT_2365-T1;GlimmerHMM}

# EVM prediction: Mode:STANDARD S-ratio: 12.05 215708-216559 orient(+) score(3146.00) noncoding_equivalent(261.07) raw_noncoding(261.07) offset(0.00)
215708	216559	single+	1	3	{GlimmerHMM_glimmerT_2366-T1;GlimmerHMM}

# EVM prediction: Mode:STANDARD S-ratio: 54.27 216840-217949 orient(-) score(3268.00) noncoding_equivalent(60.22) raw_noncoding(60.22) offset(0.00)
217949	216840	single-	4	6	{Augustus_model.g2200.t1;Augustus},{GlimmerHMM_glimmerT_2367-T1;GlimmerHMM}

# EVM prediction: Mode:STANDARD S-ratio: 5.00 219656-220219 orient(-) score(2820.00) noncoding_equivalent(564.00) raw_noncoding(564.00) offset(0.00)
220219	219656	single-	4	6	{GlimmerHMM_glimmerT_2368-T1;GlimmerHMM},{HiQ_model.g2201.t1;HiQ}

# EVM prediction: Mode:STANDARD S-ratio: 2.00 220622-221707 orient(-) score(4344.00) noncoding_equivalent(2167.75) raw_noncoding(2167.75) offset(0.00)
221707	220622	single-	4	6	{HiQ_model.g2202.t1;HiQ},{GlimmerHMM_glimmerT_2369-T1;GlimmerHMM}

# EVM prediction: Mode:STANDARD S-ratio: 10000.00 222063-225140 orient(+) score(12312.00) noncoding_equivalent(1.23) raw_noncoding(0.00) offset(0.00)
222063	225140	single+	1	3	{GlimmerHMM_glimmerT_2370-T1;GlimmerHMM},{Augustus_model.g2203.t1;Augustus}

# EVM prediction: Mode:STANDARD S-ratio: 4.69 225480-226637 orient(-) score(5727.00) noncoding_equivalent(1221.00) raw_noncoding(1221.00) offset(0.00)
226637	225480	single-	4	6	{HiQ_model.g2204.t1;HiQ}

# EVM prediction: Mode:STANDARD S-ratio: 10000.00 227641-228543 orient(+) score(3612.00) noncoding_equivalent(0.36) raw_noncoding(0.00) offset(0.00)
227641	228543	single+	1	3	{GlimmerHMM_glimmerT_2372-T1;GlimmerHMM},{Augustus_model.g2205.t1;Augustus}

# EVM prediction: Mode:STANDARD S-ratio: 779.94 230105-231106 orient(+) score(4001.00) noncoding_equivalent(5.13) raw_noncoding(5.13) offset(0.00)
230105	231106	single+	1	3	{Augustus_model.g2206.t1;Augustus},{GlimmerHMM_glimmerT_2374-T1;GlimmerHMM}

# EVM prediction: Mode:STANDARD S-ratio: 4.73 231250-232065 orient(-) score(4041.00) noncoding_equivalent(855.00) raw_noncoding(855.00) offset(0.00)
232065	231250	single-	4	6	{GlimmerHMM_glimmerT_2375-T1;GlimmerHMM},{HiQ_model.g2207.t1;HiQ}

# EVM prediction: Mode:STANDARD S-ratio: 3.60 232411-234054 orient(-) score(7713.00) noncoding_equivalent(2142.00) raw_noncoding(2142.00) offset(0.00)
234054	232411	single-	4	6	{GlimmerHMM_glimmerT_2376-T1;GlimmerHMM},{HiQ_model.g2208.t1;HiQ}

# EVM prediction: Mode:STANDARD S-ratio: 548.24 235037-236143 orient(-) score(3313.00) noncoding_equivalent(6.04) raw_noncoding(6.04) offset(0.00)
236143	235037	single-	4	6	{Augustus_model.g2209.t1;Augustus},{GlimmerHMM_glimmerT_2377-T1;GlimmerHMM}

# EVM prediction: Mode:STANDARD S-ratio: 4.90 238293-238961 orient(-) score(3332.00) noncoding_equivalent(680.06) raw_noncoding(680.06) offset(0.00)
238961	238293	single-	4	6	{HiQ_model.g2210.t1;HiQ},{GlimmerHMM_glimmerT_2378-T1;GlimmerHMM}

# EVM prediction: Mode:STANDARD S-ratio: 10000.00 239649-239912 orient(+) score(1056.00) noncoding_equivalent(0.11) raw_noncoding(0.00) offset(0.00)
239649	239912	single+	1	3	{Augustus_model.g2211.t1;Augustus},{GlimmerHMM_glimmerT_2379-T1;GlimmerHMM}

# EVM prediction: Mode:STANDARD S-ratio: 1.00 240775-241494 orient(+) score(1440.00) noncoding_equivalent(1440.00) raw_noncoding(1440.00) offset(0.00)
240775	241494	single+	1	3	{GlimmerHMM_glimmerT_2380-T1;GlimmerHMM}

# EVM prediction: Mode:STANDARD S-ratio: 3.00 242221-242571 orient(+) score(1053.00) noncoding_equivalent(351.00) raw_noncoding(351.00) offset(0.00)
242221	242571	single+	1	3	{GlimmerHMM_glimmerT_2381-T1;GlimmerHMM}

# EVM prediction: Mode:STANDARD S-ratio: 2.20 242971-243977 orient(-) score(2002.00) noncoding_equivalent(911.01) raw_noncoding(1986.88) offset(1075.87)
243335	242971	terminal-	5	6	{Augustus_model.g2213.t1;Augustus},{snap_scaffold_6-snap.101-T1;snap}
243973	243336	INTRON			{snap_scaffold_6-snap.101-T1;snap}
243977	243974	initial-	4	4	{snap_scaffold_6-snap.101-T1;snap}

# EVM prediction: Mode:STANDARD S-ratio: 21.59 244875-245594 orient(+) score(2752.00) noncoding_equivalent(127.45) raw_noncoding(127.45) offset(0.00)
244875	245594	single+	1	3	{Augustus_model.g2214.t1;Augustus},{GlimmerHMM_glimmerT_2382-T1;GlimmerHMM}

# EVM prediction: Mode:STANDARD S-ratio: 5.92 245891-251578 orient(-) score(33931.00) noncoding_equivalent(5727.13) raw_noncoding(5727.13) offset(0.00)
251578	245891	single-	4	6	{HiQ_model.g2215.t1;HiQ},{GlimmerHMM_glimmerT_2383-T1;GlimmerHMM}

# EVM prediction: Mode:STANDARD S-ratio: 1.50 252376-253404 orient(-) score(3087.00) noncoding_equivalent(2058.00) raw_noncoding(2058.00) offset(0.00)
253404	252376	single-	4	6	{HiQ_model.g2216.t1;HiQ},{GlimmerHMM_glimmerT_2384-T1;GlimmerHMM}

# EVM prediction: Mode:STANDARD S-ratio: 62.60 253688-254164 orient(+) score(1878.00) noncoding_equivalent(30.00) raw_noncoding(30.00) offset(0.00)
253688	254164	single+	1	3	{Augustus_model.g2217.t1;Augustus},{GlimmerHMM_glimmerT_2385-T1;GlimmerHMM}

# EVM prediction: Mode:STANDARD S-ratio: 4.06 255639-256291 orient(-) score(3078.00) noncoding_equivalent(757.51) raw_noncoding(922.00) offset(164.48)
256122	255639	terminal-	6	6	{GlimmerHMM_glimmerT_2386-T1;GlimmerHMM},{snap_scaffold_6-snap.105-T1;snap},{HiQ_model.g2218.t1;HiQ}
256205	256123	INTRON			{GlimmerHMM_glimmerT_2386-T1;GlimmerHMM},{HiQ_model.g2218.t1;HiQ},{ev_type:exonerate/ID=match.160399.5507/Target=YGR029W;exonerate}
256291	256206	initial-	4	5	{HiQ_model.g2218.t1;HiQ}

# EVM prediction: Mode:STANDARD S-ratio: 10000.00 256553-257641 orient(-) score(3267.00) noncoding_equivalent(0.33) raw_noncoding(0.00) offset(0.00)
257641	256553	single-	4	6	{GlimmerHMM_glimmerT_2387-T1;GlimmerHMM},{Augustus_model.g2219.t1;Augustus}

# EVM prediction: Mode:STANDARD S-ratio: 4.00 259119-259445 orient(+) score(1308.00) noncoding_equivalent(327.00) raw_noncoding(327.00) offset(0.00)
259119	259445	single+	1	3	{GlimmerHMM_glimmerT_2388-T1;GlimmerHMM},{Augustus_model.g2220.t1;Augustus}

# EVM prediction: Mode:STANDARD S-ratio: 5.00 259756-260592 orient(-) score(4185.00) noncoding_equivalent(837.00) raw_noncoding(837.00) offset(0.00)
260592	259756	single-	4	6	{GlimmerHMM_glimmerT_2389-T1;GlimmerHMM},{HiQ_model.g2221.t1;HiQ}

# EVM prediction: Mode:STANDARD S-ratio: 3.02 260981-261694 orient(+) score(2142.00) noncoding_equivalent(710.29) raw_noncoding(710.29) offset(0.00)
260981	261694	single+	1	3	{GlimmerHMM_glimmerT_2390-T1;GlimmerHMM},{Augustus_model.g2222.t1;Augustus}

# EVM prediction: Mode:STANDARD S-ratio: 10000.00 262646-263152 orient(-) score(2022.00) noncoding_equivalent(0.20) raw_noncoding(0.00) offset(0.00)
263152	262646	single-	4	6	{GlimmerHMM_glimmerT_2391-T1;GlimmerHMM},{Augustus_model.g2223.t1;Augustus}

# EVM prediction: Mode:STANDARD S-ratio: 5.39 263346-263639 orient(+) score(744.00) noncoding_equivalent(138.00) raw_noncoding(138.00) offset(0.00)
263346	263639	single+	1	3	{GlimmerHMM_glimmerT_2392-T1;GlimmerHMM}

# EVM prediction: Mode:STANDARD S-ratio: 5.64 263680-264362 orient(+) score(1991.00) noncoding_equivalent(353.00) raw_noncoding(388.00) offset(35.00)
263680	263683	initial+	1	1	{snap_scaffold_6-snap.110-T1;snap}
263684	263718	INTRON			{snap_scaffold_6-snap.110-T1;snap}
263719	264362	terminal+	2	3	{snap_scaffold_6-snap.110-T1;snap}

# EVM prediction: Mode:STANDARD S-ratio: 4.06 265116-265988 orient(-) score(4203.00) noncoding_equivalent(1035.00) raw_noncoding(1035.00) offset(0.00)
265988	265116	single-	4	6	{GlimmerHMM_glimmerT_2394-T1;GlimmerHMM},{HiQ_model.g2225.t1;HiQ}

# EVM prediction: Mode:STANDARD S-ratio: 43.29 266291-266647 orient(+) score(1394.00) noncoding_equivalent(32.20) raw_noncoding(32.20) offset(0.00)
266291	266647	single+	1	3	{GlimmerHMM_glimmerT_2395-T1;GlimmerHMM},{Augustus_model.g2226.t1;Augustus}

# EVM prediction: Mode:STANDARD S-ratio: 5.00 266976-268391 orient(-) score(7080.00) noncoding_equivalent(1416.00) raw_noncoding(1416.00) offset(0.00)
268391	266976	single-	4	6	{GlimmerHMM_glimmerT_2396-T1;GlimmerHMM},{HiQ_model.g2227.t1;HiQ}

# EVM prediction: Mode:STANDARD S-ratio: 5.00 268940-269833 orient(-) score(4470.00) noncoding_equivalent(894.00) raw_noncoding(894.00) offset(0.00)
269833	268940	single-	4	6	{HiQ_model.g2228.t1;HiQ},{GlimmerHMM_glimmerT_2397-T1;GlimmerHMM}

# EVM prediction: Mode:STANDARD S-ratio: 2.01 270784-271356 orient(-) score(2292.00) noncoding_equivalent(1137.49) raw_noncoding(1137.49) offset(0.00)
271356	270784	single-	4	6	{HiQ_model.g2229.t1;HiQ},{GlimmerHMM_glimmerT_2398-T1;GlimmerHMM}

# EVM prediction: Mode:STANDARD S-ratio: 10000.00 271541-272527 orient(+) score(2961.00) noncoding_equivalent(0.30) raw_noncoding(0.00) offset(0.00)
271541	272527	single+	1	3	{GlimmerHMM_glimmerT_2399-T1;GlimmerHMM},{Augustus_model.g2230.t1;Augustus}

# EVM prediction: Mode:STANDARD S-ratio: 3.52 272754-276344 orient(-) score(8339.00) noncoding_equivalent(2371.00) raw_noncoding(2371.00) offset(0.00)
276344	272754	single-	4	6	{GlimmerHMM_glimmerT_2400-T1;GlimmerHMM}

# EVM prediction: Mode:STANDARD S-ratio: 4.40 276871-278733 orient(-) score(9108.00) noncoding_equivalent(2070.00) raw_noncoding(2070.00) offset(0.00)
278733	276871	single-	4	6	{GlimmerHMM_glimmerT_2401-T1;GlimmerHMM},{HiQ_model.g2232.t1;HiQ}

# EVM prediction: Mode:STANDARD S-ratio: 114.34 278947-280128 orient(-) score(3514.00) noncoding_equivalent(30.73) raw_noncoding(30.73) offset(0.00)
280128	278947	single-	4	6	{Augustus_model.g2233.t1;Augustus},{GlimmerHMM_glimmerT_2402-T1;GlimmerHMM}

# EVM prediction: Mode:STANDARD S-ratio: 5.20 280555-281742 orient(-) score(6176.00) noncoding_equivalent(1188.00) raw_noncoding(1188.00) offset(0.00)
281742	280555	single-	4	6	{GlimmerHMM_glimmerT_2403-T1;GlimmerHMM},{HiQ_model.g2234.t1;HiQ}

# EVM prediction: Mode:STANDARD S-ratio: 275.10 282285-284240 orient(+) score(7794.00) noncoding_equivalent(28.33) raw_noncoding(28.33) offset(0.00)
282285	284240	single+	1	3	{Augustus_model.g2235.t1;Augustus},{GlimmerHMM_glimmerT_2404-T1;GlimmerHMM}

# EVM prediction: Mode:STANDARD S-ratio: 10000.00 284919-285173 orient(+) score(1020.00) noncoding_equivalent(0.10) raw_noncoding(0.00) offset(0.00)
284919	285173	single+	1	3	{Augustus_model.g2236.t1;Augustus},{GlimmerHMM_glimmerT_2405-T1;GlimmerHMM}

# EVM prediction: Mode:STANDARD S-ratio: 3.90 285343-286314 orient(-) score(4642.00) noncoding_equivalent(1189.51) raw_noncoding(1189.51) offset(0.00)
286314	285343	single-	4	6	{GlimmerHMM_glimmerT_2406-T1;GlimmerHMM},{HiQ_model.g2237.t1;HiQ}

# EVM prediction: Mode:STANDARD S-ratio: 5.00 286458-287213 orient(-) score(3780.00) noncoding_equivalent(756.00) raw_noncoding(756.00) offset(0.00)
287213	286458	single-	4	6	{GlimmerHMM_glimmerT_2407-T1;GlimmerHMM},{HiQ_model.g2238.t1;HiQ}

# EVM prediction: Mode:STANDARD S-ratio: 10000.00 287424-288626 orient(+) score(4803.00) noncoding_equivalent(0.48) raw_noncoding(0.00) offset(0.00)
287424	288626	single+	1	3	{Augustus_model.g2239.t1;Augustus},{GlimmerHMM_glimmerT_2408-T1;GlimmerHMM}

# EVM prediction: Mode:STANDARD S-ratio: 2.97 288957-290345 orient(-) score(6237.00) noncoding_equivalent(2097.00) raw_noncoding(2097.00) offset(0.00)
290345	288957	single-	4	6	{GlimmerHMM_glimmerT_2409-T1;GlimmerHMM},{HiQ_model.g2240.t1;HiQ}

# EVM prediction: Mode:STANDARD S-ratio: 4.91 290917-293151 orient(-) score(11138.00) noncoding_equivalent(2270.24) raw_noncoding(2270.24) offset(0.00)
293151	290917	single-	4	6	{HiQ_model.g2241.t1;HiQ},{GlimmerHMM_glimmerT_2410-T1;GlimmerHMM}

# EVM prediction: Mode:STANDARD S-ratio: 2.96 293377-294807 orient(+) score(4273.00) noncoding_equivalent(1444.29) raw_noncoding(1444.29) offset(0.00)
293377	294807	single+	1	3	{GlimmerHMM_glimmerT_2411-T1;GlimmerHMM}

# EVM prediction: Mode:STANDARD S-ratio: 6.06 295249-296144 orient(+) score(3044.00) noncoding_equivalent(502.68) raw_noncoding(617.28) offset(114.60)
295249	295277	initial+	1	2	{GlimmerHMM_glimmerT_2412-T1;GlimmerHMM}
295278	295339	INTRON			{GlimmerHMM_glimmerT_2412-T1;GlimmerHMM},{Augustus_model.g2242.t1;Augustus},{ev_type:exonerate/ID=match.160399.4338/Target=YGR001C;exonerate}
295340	295818	internal+	3	1	{GlimmerHMM_glimmerT_2412-T1;GlimmerHMM},{Augustus_model.g2242.t1;Augustus},{ev_type:exonerate/ID=match.160399.4338/Target=YGR001C;exonerate}
295819	295911	INTRON			{Augustus_model.g2242.t1;Augustus},{ev_type:exonerate/ID=match.160399.4338/Target=YGR001C;exonerate}
295912	296144	terminal+	2	3	{Augustus_model.g2242.t1;Augustus}

# EVM prediction: Mode:STANDARD S-ratio: 10000.00 296779-297828 orient(+) score(4200.00) noncoding_equivalent(0.42) raw_noncoding(0.00) offset(0.00)
296779	297828	single+	1	3	{Augustus_model.g2243.t1;Augustus},{GlimmerHMM_glimmerT_2413-T1;GlimmerHMM}

# EVM prediction: Mode:STANDARD S-ratio: 4.31 298114-298764 orient(-) score(3169.00) noncoding_equivalent(735.88) raw_noncoding(735.88) offset(0.00)
298764	298114	single-	4	6	{GlimmerHMM_glimmerT_2414-T1;GlimmerHMM},{HiQ_model.g2244.t1;HiQ}

# EVM prediction: Mode:STANDARD S-ratio: 18.50 299131-300807 orient(+) score(4773.00) noncoding_equivalent(258.00) raw_noncoding(258.00) offset(0.00)
299131	300807	single+	1	3	{Augustus_model.g2245.t1;Augustus}

# EVM prediction: Mode:STANDARD S-ratio: 10000.00 301325-302578 orient(+) score(5016.00) noncoding_equivalent(0.50) raw_noncoding(0.00) offset(0.00)
301325	302578	single+	1	3	{Augustus_model.g2246.t1;Augustus},{GlimmerHMM_glimmerT_2416-T1;GlimmerHMM}

# EVM prediction: Mode:STANDARD S-ratio: 10000.00 302734-303573 orient(+) score(3360.00) noncoding_equivalent(0.34) raw_noncoding(0.00) offset(0.00)
302734	303573	single+	1	3	{Augustus_model.g2247.t1;Augustus},{GlimmerHMM_glimmerT_2417-T1;GlimmerHMM}

# EVM prediction: Mode:STANDARD S-ratio: 28.35 303839-307360 orient(-) score(10206.00) noncoding_equivalent(360.00) raw_noncoding(360.00) offset(0.00)
307360	303839	single-	4	6	{Augustus_model.g2248.t1;Augustus},{GlimmerHMM_glimmerT_2418-T1;GlimmerHMM}

# EVM prediction: Mode:STANDARD S-ratio: 234.17 310612-313368 orient(+) score(8234.00) noncoding_equivalent(35.16) raw_noncoding(35.16) offset(0.00)
310612	313368	single+	1	3	{GlimmerHMM_glimmerT_2419-T1;GlimmerHMM},{Augustus_model.g2249.t1;Augustus}

# EVM prediction: Mode:STANDARD S-ratio: 343.45 314633-316972 orient(+) score(9331.00) noncoding_equivalent(27.17) raw_noncoding(27.17) offset(0.00)
314633	316972	single+	1	3	{Augustus_model.g2250.t1;Augustus},{GlimmerHMM_glimmerT_2420-T1;GlimmerHMM}

# EVM prediction: Mode:STANDARD S-ratio: 5.00 317216-317740 orient(-) score(2625.00) noncoding_equivalent(525.00) raw_noncoding(525.00) offset(0.00)
317740	317216	single-	4	6	{GlimmerHMM_glimmerT_2421-T1;GlimmerHMM},{HiQ_model.g2251.t1;HiQ}

# EVM prediction: Mode:STANDARD S-ratio: 10000.00 318038-318796 orient(+) score(2277.00) noncoding_equivalent(0.23) raw_noncoding(0.00) offset(0.00)
318038	318796	single+	1	3	{GlimmerHMM_glimmerT_2422-T1;GlimmerHMM},{Augustus_model.g2252.t1;Augustus}

# EVM prediction: Mode:STANDARD S-ratio: 5.00 319009-320430 orient(-) score(7110.00) noncoding_equivalent(1422.00) raw_noncoding(1422.00) offset(0.00)
320430	319009	single-	4	6	{GlimmerHMM_glimmerT_2423-T1;GlimmerHMM},{HiQ_model.g2253.t1;HiQ}

# EVM prediction: Mode:STANDARD S-ratio: 36.54 320987-324196 orient(+) score(12498.00) noncoding_equivalent(342.00) raw_noncoding(342.00) offset(0.00)
320987	324196	single+	1	3	{GlimmerHMM_glimmerT_2424-T1;GlimmerHMM},{Augustus_model.g2254.t1;Augustus}

# EVM prediction: Mode:STANDARD S-ratio: 4.90 324481-327150 orient(-) score(13299.00) noncoding_equivalent(2714.00) raw_noncoding(2714.00) offset(0.00)
327150	324481	single-	4	6	{GlimmerHMM_glimmerT_2425-T1;GlimmerHMM},{HiQ_model.g2255.t1;HiQ}

# EVM prediction: Mode:STANDARD S-ratio: 3.00 327855-328247 orient(+) score(1179.00) noncoding_equivalent(393.00) raw_noncoding(393.00) offset(0.00)
327855	328247	single+	1	3	{GlimmerHMM_glimmerT_2426-T1;GlimmerHMM}

# EVM prediction: Mode:STANDARD S-ratio: 4.85 328379-331624 orient(-) score(16149.00) noncoding_equivalent(3327.00) raw_noncoding(3327.00) offset(0.00)
331624	328379	single-	4	6	{GlimmerHMM_glimmerT_2427-T1;GlimmerHMM},{HiQ_model.g2256.t1;HiQ}

# EVM prediction: Mode:STANDARD S-ratio: 4.48 331925-333436 orient(-) score(7410.00) noncoding_equivalent(1653.00) raw_noncoding(1653.00) offset(0.00)
333436	331925	single-	4	6	{GlimmerHMM_glimmerT_2428-T1;GlimmerHMM},{HiQ_model.g2257.t1;HiQ}

# EVM prediction: Mode:STANDARD S-ratio: 3.00 333626-334180 orient(+) score(1665.00) noncoding_equivalent(555.00) raw_noncoding(555.00) offset(0.00)
333626	334180	single+	1	3	{GlimmerHMM_glimmerT_2429-T1;GlimmerHMM},{Augustus_model.g2258.t1;Augustus}

# EVM prediction: Mode:STANDARD S-ratio: 5.00 334298-335134 orient(-) score(4185.00) noncoding_equivalent(837.00) raw_noncoding(837.00) offset(0.00)
335134	334298	single-	4	6	{GlimmerHMM_glimmerT_2430-T1;GlimmerHMM},{HiQ_model.g2259.t1;HiQ}

# EVM prediction: Mode:STANDARD S-ratio: 3.02 335420-336127 orient(+) score(2124.00) noncoding_equivalent(703.69) raw_noncoding(703.69) offset(0.00)
335420	336127	single+	1	3	{Augustus_model.g2260.t1;Augustus},{GlimmerHMM_glimmerT_2431-T1;GlimmerHMM}

# EVM prediction: Mode:STANDARD S-ratio: 31.38 336223-338505 orient(-) score(8850.00) noncoding_equivalent(282.00) raw_noncoding(282.00) offset(0.00)
338505	336223	single-	4	6	{GlimmerHMM_glimmerT_2432-T1;GlimmerHMM}

# EVM prediction: Mode:STANDARD S-ratio: 2.00 338730-340886 orient(-) score(8628.00) noncoding_equivalent(4314.00) raw_noncoding(4314.00) offset(0.00)
340886	338730	single-	4	6	{GlimmerHMM_glimmerT_2433-T1;GlimmerHMM},{HiQ_model.g2262.t1;HiQ}

# EVM prediction: Mode:STANDARD S-ratio: 10000.00 341186-343093 orient(+) score(7623.00) noncoding_equivalent(0.76) raw_noncoding(0.00) offset(0.00)
341186	343093	single+	1	3	{GlimmerHMM_glimmerT_2434-T1;GlimmerHMM},{Augustus_model.g2263.t1;Augustus}

# EVM prediction: Mode:STANDARD S-ratio: 3.01 343333-344547 orient(+) score(3650.00) noncoding_equivalent(1211.15) raw_noncoding(1211.15) offset(0.00)
343333	344547	single+	1	3	{GlimmerHMM_glimmerT_2435-T1;GlimmerHMM},{Augustus_model.g2264.t1;Augustus}

# EVM prediction: Mode:STANDARD S-ratio: 175.42 344776-346899 orient(+) score(8446.00) noncoding_equivalent(48.15) raw_noncoding(48.15) offset(0.00)
344776	346899	single+	1	3	{Augustus_model.g2265.t1;Augustus},{GlimmerHMM_glimmerT_2436-T1;GlimmerHMM}

# EVM prediction: Mode:STANDARD S-ratio: 10000.00 347168-349669 orient(+) score(10008.00) noncoding_equivalent(1.00) raw_noncoding(0.00) offset(0.00)
347168	349669	single+	1	3	{GlimmerHMM_glimmerT_2437-T1;GlimmerHMM},{Augustus_model.g2266.t1;Augustus}

# EVM prediction: Mode:STANDARD S-ratio: 10000.00 350403-352091 orient(+) score(6636.00) noncoding_equivalent(0.66) raw_noncoding(0.00) offset(0.00)
350403	352091	single+	1	3	{GlimmerHMM_glimmerT_2438-T1;GlimmerHMM},{Augustus_model.g2267.t1;Augustus}

# EVM prediction: Mode:STANDARD S-ratio: 5.00 352945-353307 orient(-) score(1815.00) noncoding_equivalent(363.00) raw_noncoding(363.00) offset(0.00)
353307	352945	single-	4	6	{GlimmerHMM_glimmerT_2439-T1;GlimmerHMM},{HiQ_model.g2268.t1;HiQ}

# EVM prediction: Mode:STANDARD S-ratio: 13.16 353732-354137 orient(-) score(1344.00) noncoding_equivalent(102.12) raw_noncoding(270.95) offset(168.83)
354046	353732	terminal-	4	6	{snap_scaffold_6-snap.152-T1;snap},{Augustus_model.g2269.t1;Augustus}
354131	354047	INTRON			{snap_scaffold_6-snap.152-T1;snap}
354137	354132	initial-	4	6	{snap_scaffold_6-snap.152-T1;snap}

# EVM prediction: Mode:STANDARD S-ratio: 465.61 355437-355904 orient(+) score(1866.00) noncoding_equivalent(4.01) raw_noncoding(4.01) offset(0.00)
355437	355904	single+	1	3	{GlimmerHMM_glimmerT_2441-T1;GlimmerHMM},{Augustus_model.g2270.t1;Augustus}

# EVM prediction: Mode:STANDARD S-ratio: 2.85 357022-357748 orient(-) score(3075.00) noncoding_equivalent(1079.44) raw_noncoding(1215.44) offset(136.00)
357623	357022	terminal-	5	6	{HiQ_model.g2271.t1;HiQ}
357693	357624	INTRON			{HiQ_model.g2271.t1;HiQ},{ev_type:exonerate/ID=match.160399.2478/Target=YGL033W;exonerate}
357748	357694	initial-	4	4	{HiQ_model.g2271.t1;HiQ}

# EVM prediction: Mode:STANDARD S-ratio: 73.81 360263-361777 orient(+) score(5979.00) noncoding_equivalent(81.00) raw_noncoding(81.00) offset(0.00)
360263	361777	single+	1	3	{Augustus_model.g2272.t1;Augustus},{GlimmerHMM_glimmerT_2443-T1;GlimmerHMM}

# EVM prediction: Mode:STANDARD S-ratio: 4.76 361980-364715 orient(-) score(13566.00) noncoding_equivalent(2850.00) raw_noncoding(2850.00) offset(0.00)
364715	361980	single-	4	6	{GlimmerHMM_glimmerT_2444-T1;GlimmerHMM},{HiQ_model.g2273.t1;HiQ}

# EVM prediction: Mode:STANDARD S-ratio: 10000.00 365372-366022 orient(+) score(2604.00) noncoding_equivalent(0.26) raw_noncoding(0.00) offset(0.00)
365372	366022	single+	1	3	{GlimmerHMM_glimmerT_2445-T1;GlimmerHMM},{Augustus_model.g2274.t1;Augustus}

# EVM prediction: Mode:STANDARD S-ratio: 10000.00 366515-367957 orient(+) score(5772.00) noncoding_equivalent(0.58) raw_noncoding(0.00) offset(0.00)
366515	367957	single+	1	3	{GlimmerHMM_glimmerT_2446-T1;GlimmerHMM},{Augustus_model.g2275.t1;Augustus}

# EVM prediction: Mode:STANDARD S-ratio: 10000.00 368312-369358 orient(-) score(3141.00) noncoding_equivalent(0.31) raw_noncoding(0.00) offset(0.00)
369358	368312	single-	4	6	{Augustus_model.g2276.t1;Augustus},{GlimmerHMM_glimmerT_2447-T1;GlimmerHMM}

# EVM prediction: Mode:STANDARD S-ratio: 5.13 372252-373792 orient(+) score(5140.00) noncoding_equivalent(1001.00) raw_noncoding(1494.00) offset(493.00)
372252	372257	initial+	1	3	{Augustus_model.g2277.t1;Augustus},{snap_scaffold_6-snap.160-T1;snap}
372258	372748	INTRON			{Augustus_model.g2277.t1;Augustus},{snap_scaffold_6-snap.160-T1;snap}
372749	373792	terminal+	1	3	{Augustus_model.g2277.t1;Augustus},{snap_scaffold_6-snap.160-T1;snap}

# EVM prediction: Mode:STANDARD S-ratio: 4.17 374029-374493 orient(-) score(2068.00) noncoding_equivalent(495.46) raw_noncoding(495.46) offset(0.00)
374493	374029	single-	4	6	{GlimmerHMM_glimmerT_2449-T1;GlimmerHMM},{HiQ_model.g2278.t1;HiQ}

# EVM prediction: Mode:STANDARD S-ratio: 4.64 374906-375835 orient(-) score(4590.00) noncoding_equivalent(990.00) raw_noncoding(990.00) offset(0.00)
375835	374906	single-	4	6	{GlimmerHMM_glimmerT_2450-T1;GlimmerHMM},{HiQ_model.g2279.t1;HiQ}

# EVM prediction: Mode:STANDARD S-ratio: 3.00 376282-377172 orient(+) score(2673.00) noncoding_equivalent(891.00) raw_noncoding(891.00) offset(0.00)
376282	377172	single+	1	3	{GlimmerHMM_glimmerT_2451-T1;GlimmerHMM},{Augustus_model.g2280.t1;Augustus}

# EVM prediction: Mode:STANDARD S-ratio: 4.82 377589-379217 orient(-) score(8094.00) noncoding_equivalent(1680.00) raw_noncoding(1680.00) offset(0.00)
379217	377589	single-	4	6	{GlimmerHMM_glimmerT_2452-T1;GlimmerHMM},{HiQ_model.g2281.t1;HiQ}

# EVM prediction: Mode:STANDARD S-ratio: 4.88 381158-381766 orient(-) score(3033.00) noncoding_equivalent(621.00) raw_noncoding(621.00) offset(0.00)
381766	381158	single-	4	6	{HiQ_model.g2282.t1;HiQ},{GlimmerHMM_glimmerT_2453-T1;GlimmerHMM}

# EVM prediction: Mode:STANDARD S-ratio: 2.00 382032-383249 orient(+) score(2437.00) noncoding_equivalent(1217.00) raw_noncoding(1217.00) offset(0.00)
382032	383249	single+	1	3	{GlimmerHMM_glimmerT_2454-T1;GlimmerHMM},{Augustus_model.g2283.t1;Augustus}

# EVM prediction: Mode:STANDARD S-ratio: 10000.00 383714-386458 orient(+) score(8235.00) noncoding_equivalent(0.82) raw_noncoding(0.00) offset(0.00)
383714	386458	single+	1	3	{Augustus_model.g2284.t1;Augustus},{GlimmerHMM_glimmerT_2455-T1;GlimmerHMM}

# EVM prediction: Mode:STANDARD S-ratio: 4.63 386721-387542 orient(-) score(4055.00) noncoding_equivalent(875.34) raw_noncoding(875.34) offset(0.00)
387542	386721	single-	4	6	{HiQ_model.g2285.t1;HiQ},{GlimmerHMM_glimmerT_2456-T1;GlimmerHMM}

# EVM prediction: Mode:STANDARD S-ratio: 2.00 389254-389688 orient(-) score(870.00) noncoding_equivalent(435.00) raw_noncoding(435.00) offset(0.00)
389688	389254	single-	4	6	{Augustus_model.g2286.t1;Augustus}

# EVM prediction: Mode:STANDARD S-ratio: 18.17 391123-391539 orient(+) score(1581.00) noncoding_equivalent(87.00) raw_noncoding(87.00) offset(0.00)
391123	391539	single+	1	3	{GlimmerHMM_glimmerT_2458-T1;GlimmerHMM},{Augustus_model.g2287.t1;Augustus}

# EVM prediction: Mode:STANDARD S-ratio: 5.00 392275-393807 orient(-) score(7665.00) noncoding_equivalent(1533.00) raw_noncoding(1533.00) offset(0.00)
393807	392275	single-	4	6	{HiQ_model.g2288.t1;HiQ},{GlimmerHMM_glimmerT_2459-T1;GlimmerHMM}

# EVM prediction: Mode:STANDARD S-ratio: 175.00 394815-396398 orient(+) score(6300.00) noncoding_equivalent(36.00) raw_noncoding(36.00) offset(0.00)
394815	396398	single+	1	3	{GlimmerHMM_glimmerT_2460-T1;GlimmerHMM}

# EVM prediction: Mode:STANDARD S-ratio: 163.57 396604-397467 orient(+) score(3435.00) noncoding_equivalent(21.00) raw_noncoding(21.00) offset(0.00)
396604	397467	single+	1	3	{Augustus_model.g2290.t1;Augustus},{GlimmerHMM_glimmerT_2461-T1;GlimmerHMM}

# EVM prediction: Mode:STANDARD S-ratio: 30.21 397927-398442 orient(-) score(1497.00) noncoding_equivalent(49.55) raw_noncoding(49.55) offset(0.00)
398442	397927	single-	4	6	{GlimmerHMM_glimmerT_2462-T1;GlimmerHMM},{Augustus_model.g2291.t1;Augustus}

# EVM prediction: Mode:STANDARD S-ratio: 4.92 398730-400205 orient(-) score(7359.00) noncoding_equivalent(1497.00) raw_noncoding(1497.00) offset(0.00)
400205	398730	single-	4	6	{HiQ_model.g2292.t1;HiQ},{GlimmerHMM_glimmerT_2463-T1;GlimmerHMM}

# EVM prediction: Mode:STANDARD S-ratio: 4.88 400438-402456 orient(-) score(9978.00) noncoding_equivalent(2043.00) raw_noncoding(2043.00) offset(0.00)
402456	400438	single-	4	6	{GlimmerHMM_glimmerT_2464-T1;GlimmerHMM},{HiQ_model.g2293.t1;HiQ}

# EVM prediction: Mode:STANDARD S-ratio: 10000.00 402717-403460 orient(+) score(2976.00) noncoding_equivalent(0.30) raw_noncoding(0.00) offset(0.00)
402717	403460	single+	1	3	{GlimmerHMM_glimmerT_2465-T1;GlimmerHMM},{Augustus_model.g2294.t1;Augustus}

# EVM prediction: Mode:STANDARD S-ratio: 5.94 403694-407230 orient(-) score(21167.00) noncoding_equivalent(3566.35) raw_noncoding(3566.35) offset(0.00)
407230	403694	single-	4	6	{GlimmerHMM_glimmerT_2466-T1;GlimmerHMM},{HiQ_model.g2295.t1;HiQ}

# EVM prediction: Mode:STANDARD S-ratio: 2.00 407660-408772 orient(-) score(4452.00) noncoding_equivalent(2226.00) raw_noncoding(2226.00) offset(0.00)
408772	407660	single-	4	6	{GlimmerHMM_glimmerT_2467-T1;GlimmerHMM},{HiQ_model.g2296.t1;HiQ}

# EVM prediction: Mode:STANDARD S-ratio: 79.04 409220-410905 orient(+) score(4994.00) noncoding_equivalent(63.18) raw_noncoding(63.18) offset(0.00)
409220	410905	single+	1	3	{GlimmerHMM_glimmerT_2468-T1;GlimmerHMM},{Augustus_model.g2297.t1;Augustus}

# EVM prediction: Mode:STANDARD S-ratio: 329.40 411157-412668 orient(+) score(6028.00) noncoding_equivalent(18.30) raw_noncoding(18.30) offset(0.00)
411157	412668	single+	1	3	{Augustus_model.g2298.t1;Augustus},{GlimmerHMM_glimmerT_2469-T1;GlimmerHMM}

# EVM prediction: Mode:STANDARD S-ratio: 2601.24 412846-414804 orient(-) score(7831.00) noncoding_equivalent(3.01) raw_noncoding(3.01) offset(0.00)
414804	412846	single-	4	6	{Augustus_model.g2299.t1;Augustus},{GlimmerHMM_glimmerT_2470-T1;GlimmerHMM}

# EVM prediction: Mode:STANDARD S-ratio: 2.01 415158-416312 orient(-) score(4625.00) noncoding_equivalent(2305.76) raw_noncoding(2305.76) offset(0.00)
416312	415158	single-	4	6	{HiQ_model.g2300.t1;HiQ},{GlimmerHMM_glimmerT_2471-T1;GlimmerHMM}

# EVM prediction: Mode:STANDARD S-ratio: 3.88 416741-417325 orient(-) score(2787.00) noncoding_equivalent(718.00) raw_noncoding(718.00) offset(0.00)
417325	416741	single-	4	6	{HiQ_model.g2301.t1;HiQ},{GlimmerHMM_glimmerT_2472-T1;GlimmerHMM}

# EVM prediction: Mode:STANDARD S-ratio: 1.00 417585-417953 orient(+) score(738.00) noncoding_equivalent(738.00) raw_noncoding(738.00) offset(0.00)
417585	417953	single+	1	3	{GlimmerHMM_glimmerT_2473-T1;GlimmerHMM}

# EVM prediction: Mode:STANDARD S-ratio: 5.00 418328-420400 orient(-) score(10365.00) noncoding_equivalent(2073.00) raw_noncoding(2073.00) offset(0.00)
420400	418328	single-	4	6	{HiQ_model.g2302.t1;HiQ},{GlimmerHMM_glimmerT_2474-T1;GlimmerHMM}

# EVM prediction: Mode:STANDARD S-ratio: 5.00 421158-423659 orient(-) score(12510.00) noncoding_equivalent(2502.00) raw_noncoding(2502.00) offset(0.00)
423659	421158	single-	4	6	{HiQ_model.g2303.t1;HiQ},{GlimmerHMM_glimmerT_2475-T1;GlimmerHMM}

# EVM prediction: Mode:STANDARD S-ratio: 54.43 424323-425486 orient(+) score(4572.00) noncoding_equivalent(84.00) raw_noncoding(84.00) offset(0.00)
424323	425486	single+	1	3	{GlimmerHMM_glimmerT_2476-T1;GlimmerHMM},{Augustus_model.g2304.t1;Augustus}

# EVM prediction: Mode:STANDARD S-ratio: 3.23 426408-428076 orient(+) score(6352.00) noncoding_equivalent(1967.00) raw_noncoding(2898.00) offset(931.00)
426408	426418	initial+	1	2	{Augustus_model.g2305.t1;Augustus},{GlimmerHMM_glimmerT_2477-T1;GlimmerHMM}
426419	426884	INTRON			{Augustus_model.g2305.t1;Augustus},{GlimmerHMM_glimmerT_2477-T1;GlimmerHMM}
426885	426978	internal+	3	3	{Augustus_model.g2305.t1;Augustus},{GlimmerHMM_glimmerT_2477-T1;GlimmerHMM}
426979	427446	INTRON			{Augustus_model.g2305.t1;Augustus},{GlimmerHMM_glimmerT_2477-T1;GlimmerHMM},{ev_type:exonerate/ID=match.160399.774/Target=YPL198W;exonerate},{ev_type:exonerate/ID=match.160399.2027/Target=YGL076C;exonerate}
427447	428076	terminal+	1	3	{Augustus_model.g2305.t1;Augustus},{GlimmerHMM_glimmerT_2477-T1;GlimmerHMM},{snap_scaffold_6-snap.183-T1;snap}

# EVM prediction: Mode:STANDARD S-ratio: 89.24 428494-430185 orient(+) score(6693.00) noncoding_equivalent(75.00) raw_noncoding(75.00) offset(0.00)
428494	430185	single+	1	3	{GlimmerHMM_glimmerT_2478-T1;GlimmerHMM},{Augustus_model.g2306.t1;Augustus}

# EVM prediction: Mode:STANDARD S-ratio: 73.86 430550-432121 orient(+) score(4653.00) noncoding_equivalent(63.00) raw_noncoding(63.00) offset(0.00)
430550	432121	single+	1	3	{GlimmerHMM_glimmerT_2479-T1;GlimmerHMM},{Augustus_model.g2307.t1;Augustus}

# EVM prediction: Mode:STANDARD S-ratio: 5.00 432309-432965 orient(-) score(3285.00) noncoding_equivalent(657.00) raw_noncoding(657.00) offset(0.00)
432965	432309	single-	4	6	{HiQ_model.g2308.t1;HiQ},{GlimmerHMM_glimmerT_2480-T1;GlimmerHMM}

# EVM prediction: Mode:STANDARD S-ratio: 4.21 433381-433773 orient(-) score(1904.00) noncoding_equivalent(452.56) raw_noncoding(452.56) offset(0.00)
433773	433381	single-	4	6	{HiQ_model.g2309.t1;HiQ},{GlimmerHMM_glimmerT_2481-T1;GlimmerHMM}

# EVM prediction: Mode:STANDARD S-ratio: 4.82 434070-435023 orient(-) score(4740.00) noncoding_equivalent(984.00) raw_noncoding(984.00) offset(0.00)
435023	434070	single-	4	6	{GlimmerHMM_glimmerT_2482-T1;GlimmerHMM},{HiQ_model.g2310.t1;HiQ}

# EVM prediction: Mode:STANDARD S-ratio: 5.00 435429-436574 orient(-) score(5730.00) noncoding_equivalent(1146.00) raw_noncoding(1146.00) offset(0.00)
436574	435429	single-	4	6	{GlimmerHMM_glimmerT_2483-T1;GlimmerHMM},{HiQ_model.g2311.t1;HiQ}

# EVM prediction: Mode:STANDARD S-ratio: 4.81 436929-439340 orient(-) score(11982.00) noncoding_equivalent(2490.00) raw_noncoding(2490.00) offset(0.00)
439340	436929	single-	4	6	{HiQ_model.g2312.t1;HiQ},{GlimmerHMM_glimmerT_2484-T1;GlimmerHMM}

# EVM prediction: Mode:STANDARD S-ratio: 10000.00 440102-441784 orient(+) score(6732.00) noncoding_equivalent(0.67) raw_noncoding(0.00) offset(0.00)
440102	441784	single+	1	3	{Augustus_model.g2313.t1;Augustus},{GlimmerHMM_glimmerT_2485-T1;GlimmerHMM}

# EVM prediction: Mode:STANDARD S-ratio: 3.09 441960-442784 orient(-) score(3741.00) noncoding_equivalent(1209.00) raw_noncoding(1209.00) offset(0.00)
442784	441960	single-	4	6	{GlimmerHMM_glimmerT_2486-T1;GlimmerHMM},{HiQ_model.g2314.t1;HiQ}

# EVM prediction: Mode:STANDARD S-ratio: 4.58 443032-445281 orient(-) score(11079.00) noncoding_equivalent(2421.00) raw_noncoding(2421.00) offset(0.00)
445281	443032	single-	4	6	{HiQ_model.g2315.t1;HiQ}

# EVM prediction: Mode:STANDARD S-ratio: 8.63 445496-445994 orient(+) score(1775.00) noncoding_equivalent(205.64) raw_noncoding(294.00) offset(88.36)
445496	445506	initial+	1	2	{GlimmerHMM_glimmerT_2488-T1;GlimmerHMM},{Augustus_model.g2316.t1;Augustus}
445507	445591	INTRON			{GlimmerHMM_glimmerT_2488-T1;GlimmerHMM},{Augustus_model.g2316.t1;Augustus}
445592	445994	terminal+	3	3	{GlimmerHMM_glimmerT_2488-T1;GlimmerHMM},{Augustus_model.g2316.t1;Augustus}

# EVM prediction: Mode:STANDARD S-ratio: 40.33 447246-447608 orient(+) score(1415.00) noncoding_equivalent(35.08) raw_noncoding(35.08) offset(0.00)
447246	447608	single+	1	3	{Augustus_model.g2317.t1;Augustus},{GlimmerHMM_glimmerT_2489-T1;GlimmerHMM}

# EVM prediction: Mode:STANDARD S-ratio: 4.03 447815-449080 orient(-) score(6087.00) noncoding_equivalent(1509.00) raw_noncoding(1509.00) offset(0.00)
449080	447815	single-	4	6	{HiQ_model.g2318.t1;HiQ},{GlimmerHMM_glimmerT_2490-T1;GlimmerHMM}

# EVM prediction: Mode:STANDARD S-ratio: 10000.00 449357-450343 orient(+) score(3948.00) noncoding_equivalent(0.39) raw_noncoding(0.00) offset(0.00)
449357	450343	single+	1	3	{GlimmerHMM_glimmerT_2491-T1;GlimmerHMM},{Augustus_model.g2319.t1;Augustus}

# EVM prediction: Mode:STANDARD S-ratio: 62.77 450539-454525 orient(-) score(15632.00) noncoding_equivalent(249.02) raw_noncoding(249.02) offset(0.00)
454525	450539	single-	4	6	{GlimmerHMM_glimmerT_2492-T1;GlimmerHMM},{Augustus_model.g2320.t1;Augustus}

# EVM prediction: Mode:STANDARD S-ratio: 4.78 454792-457545 orient(-) score(13665.00) noncoding_equivalent(2859.00) raw_noncoding(2859.00) offset(0.00)
457545	454792	single-	4	6	{HiQ_model.g2321.t1;HiQ},{GlimmerHMM_glimmerT_2493-T1;GlimmerHMM}

# EVM prediction: Mode:STANDARD S-ratio: 234.63 457966-461313 orient(+) score(13335.00) noncoding_equivalent(56.83) raw_noncoding(56.83) offset(0.00)
457966	461313	single+	1	3	{GlimmerHMM_glimmerT_2494-T1;GlimmerHMM},{Augustus_model.g2322.t1;Augustus}

# EVM prediction: Mode:STANDARD S-ratio: 10000.00 461824-463557 orient(+) score(6936.00) noncoding_equivalent(0.69) raw_noncoding(0.00) offset(0.00)
461824	463557	single+	1	3	{Augustus_model.g2323.t1;Augustus},{GlimmerHMM_glimmerT_2495-T1;GlimmerHMM}

# EVM prediction: Mode:STANDARD S-ratio: 4.91 466287-467117 orient(-) score(4143.00) noncoding_equivalent(843.00) raw_noncoding(843.00) offset(0.00)
467117	466287	single-	4	6	{HiQ_model.g2324.t1;HiQ},{GlimmerHMM_glimmerT_2496-T1;GlimmerHMM}

# EVM prediction: Mode:STANDARD S-ratio: 4.73 469207-470655 orient(-) score(7174.00) noncoding_equivalent(1518.03) raw_noncoding(1518.03) offset(0.00)
470655	469207	single-	4	6	{HiQ_model.g2325.t1;HiQ}

# EVM prediction: Mode:STANDARD S-ratio: 5.00 474029-474766 orient(-) score(3690.00) noncoding_equivalent(738.00) raw_noncoding(738.00) offset(0.00)
474766	474029	single-	4	6	{GlimmerHMM_glimmerT_2498-T1;GlimmerHMM},{HiQ_model.g2326.t1;HiQ}

# EVM prediction: Mode:STANDARD S-ratio: 4.63 475555-477477 orient(-) score(9489.00) noncoding_equivalent(2049.00) raw_noncoding(2049.00) offset(0.00)
477477	475555	single-	4	6	{HiQ_model.g2327.t1;HiQ},{GlimmerHMM_glimmerT_2499-T1;GlimmerHMM}

# EVM prediction: Mode:STANDARD S-ratio: 4.68 477825-478874 orient(-) score(5190.00) noncoding_equivalent(1110.00) raw_noncoding(1110.00) offset(0.00)
478874	477825	single-	4	6	{GlimmerHMM_glimmerT_2500-T1;GlimmerHMM},{HiQ_model.g2328.t1;HiQ}

# EVM prediction: Mode:STANDARD S-ratio: 4.86 479268-479915 orient(-) score(3225.00) noncoding_equivalent(663.00) raw_noncoding(663.00) offset(0.00)
479915	479268	single-	4	6	{GlimmerHMM_glimmerT_2501-T1;GlimmerHMM},{HiQ_model.g2329.t1;HiQ}

# EVM prediction: Mode:STANDARD S-ratio: 4.20 480181-481142 orient(-) score(4249.00) noncoding_equivalent(1011.00) raw_noncoding(2028.00) offset(1017.00)
480581	480181	terminal-	5	6	{HiQ_model.g2330.t1;HiQ},{snap_scaffold_6-snap.208-T1;snap},{GlimmerHMM_glimmerT_2502-T1;GlimmerHMM}
481093	480582	INTRON			{HiQ_model.g2330.t1;HiQ},{GlimmerHMM_glimmerT_2502-T1;GlimmerHMM},{ev_type:exonerate/ID=match.160399.2808/Target=YGL103W;exonerate}
481142	481094	initial-	4	4	{HiQ_model.g2330.t1;HiQ},{GlimmerHMM_glimmerT_2502-T1;GlimmerHMM}

# EVM prediction: Mode:STANDARD S-ratio: 74.37 481942-483402 orient(+) score(5766.00) noncoding_equivalent(77.54) raw_noncoding(77.54) offset(0.00)
481942	483402	single+	1	3	{Augustus_model.g2331.t1;Augustus},{GlimmerHMM_glimmerT_2503-T1;GlimmerHMM}

# EVM prediction: Mode:STANDARD S-ratio: 5.00 483548-484678 orient(-) score(5655.00) noncoding_equivalent(1131.00) raw_noncoding(1131.00) offset(0.00)
484678	483548	single-	4	6	{GlimmerHMM_glimmerT_2504-T1;GlimmerHMM},{HiQ_model.g2332.t1;HiQ}

# EVM prediction: Mode:STANDARD S-ratio: 2.00 485087-485536 orient(-) score(1800.00) noncoding_equivalent(900.00) raw_noncoding(900.00) offset(0.00)
485536	485087	single-	4	6	{GlimmerHMM_glimmerT_2505-T1;GlimmerHMM},{HiQ_model.g2333.t1;HiQ}

# EVM prediction: Mode:STANDARD S-ratio: 160.50 485826-487763 orient(+) score(7704.00) noncoding_equivalent(48.00) raw_noncoding(48.00) offset(0.00)
485826	487763	single+	1	3	{GlimmerHMM_glimmerT_2506-T1;GlimmerHMM}

# EVM prediction: Mode:STANDARD S-ratio: 12.65 488025-488447 orient(+) score(1568.00) noncoding_equivalent(123.96) raw_noncoding(123.96) offset(0.00)
488025	488447	single+	1	3	{GlimmerHMM_glimmerT_2507-T1;GlimmerHMM}

# EVM prediction: Mode:STANDARD S-ratio: 10000.00 488684-490558 orient(+) score(7500.00) noncoding_equivalent(0.75) raw_noncoding(0.00) offset(0.00)
488684	490558	single+	1	3	{Augustus_model.g2336.t1;Augustus},{GlimmerHMM_glimmerT_2508-T1;GlimmerHMM}

# EVM prediction: Mode:STANDARD S-ratio: 4.95 490727-492118 orient(-) score(6948.00) noncoding_equivalent(1404.00) raw_noncoding(1404.00) offset(0.00)
492118	490727	single-	4	6	{GlimmerHMM_glimmerT_2509-T1;GlimmerHMM},{HiQ_model.g2337.t1;HiQ}

# EVM prediction: Mode:STANDARD S-ratio: 36.60 492367-493917 orient(+) score(6039.00) noncoding_equivalent(165.00) raw_noncoding(165.00) offset(0.00)
492367	493917	single+	1	3	{Augustus_model.g2338.t1;Augustus},{GlimmerHMM_glimmerT_2510-T1;GlimmerHMM}

# EVM prediction: Mode:STANDARD S-ratio: 4.89 494159-496165 orient(-) score(9996.00) noncoding_equivalent(2046.00) raw_noncoding(2046.00) offset(0.00)
496165	494159	single-	4	6	{GlimmerHMM_glimmerT_2511-T1;GlimmerHMM},{HiQ_model.g2339.t1;HiQ}

# EVM prediction: Mode:STANDARD S-ratio: 4.36 496460-498637 orient(-) score(10623.00) noncoding_equivalent(2437.00) raw_noncoding(2437.00) offset(0.00)
498637	496460	single-	4	6	{HiQ_model.g2340.t1;HiQ},{GlimmerHMM_glimmerT_2512-T1;GlimmerHMM}

# EVM prediction: Mode:STANDARD S-ratio: 4.07 499096-500064 orient(-) score(4668.00) noncoding_equivalent(1146.00) raw_noncoding(1146.00) offset(0.00)
500064	499096	single-	4	6	{GlimmerHMM_glimmerT_2513-T1;GlimmerHMM},{HiQ_model.g2341.t1;HiQ}

# EVM prediction: Mode:STANDARD S-ratio: 10000.00 500455-502287 orient(-) score(5499.00) noncoding_equivalent(0.55) raw_noncoding(0.00) offset(0.00)
502287	500455	single-	4	6	{Augustus_model.g2342.t1;Augustus},{GlimmerHMM_glimmerT_2514-T1;GlimmerHMM}

# EVM prediction: Mode:STANDARD S-ratio: 4.85 502787-503584 orient(-) score(3968.00) noncoding_equivalent(818.30) raw_noncoding(818.30) offset(0.00)
503584	502787	single-	4	6	{GlimmerHMM_glimmerT_2515-T1;GlimmerHMM},{HiQ_model.g2343.t1;HiQ}

# EVM prediction: Mode:STANDARD S-ratio: 5.00 506484-507989 orient(-) score(7530.00) noncoding_equivalent(1506.00) raw_noncoding(1506.00) offset(0.00)
507989	506484	single-	4	6	{HiQ_model.g2344.t1;HiQ},{GlimmerHMM_glimmerT_2516-T1;GlimmerHMM}

# EVM prediction: Mode:STANDARD S-ratio: 10000.00 508494-510797 orient(+) score(9216.00) noncoding_equivalent(0.92) raw_noncoding(0.00) offset(0.00)
508494	510797	single+	1	3	{Augustus_model.g2345.t1;Augustus},{GlimmerHMM_glimmerT_2517-T1;GlimmerHMM}

# EVM prediction: Mode:STANDARD S-ratio: 3.08 511270-511650 orient(+) score(1151.00) noncoding_equivalent(373.63) raw_noncoding(373.63) offset(0.00)
511270	511650	single+	1	3	{GlimmerHMM_glimmerT_2518-T1;GlimmerHMM},{Augustus_model.g2346.t1;Augustus}

# EVM prediction: Mode:STANDARD S-ratio: 10000.00 511905-513419 orient(+) score(4545.00) noncoding_equivalent(0.45) raw_noncoding(0.00) offset(0.00)
511905	513419	single+	1	3	{GlimmerHMM_glimmerT_2519-T1;GlimmerHMM},{Augustus_model.g2347.t1;Augustus}

# EVM prediction: Mode:STANDARD S-ratio: 4.77 513981-514745 orient(-) score(3793.00) noncoding_equivalent(795.14) raw_noncoding(795.14) offset(0.00)
514745	513981	single-	4	6	{GlimmerHMM_glimmerT_2520-T1;GlimmerHMM},{HiQ_model.g2348.t1;HiQ}

# EVM prediction: Mode:STANDARD S-ratio: 10000.00 515649-517583 orient(+) score(7740.00) noncoding_equivalent(0.77) raw_noncoding(0.00) offset(0.00)
515649	517583	single+	1	3	{GlimmerHMM_glimmerT_2521-T1;GlimmerHMM},{Augustus_model.g2349.t1;Augustus}

# EVM prediction: Mode:STANDARD S-ratio: 5.00 518056-519858 orient(-) score(9015.00) noncoding_equivalent(1803.00) raw_noncoding(1803.00) offset(0.00)
519858	518056	single-	4	6	{GlimmerHMM_glimmerT_2522-T1;GlimmerHMM},{HiQ_model.g2350.t1;HiQ}

# EVM prediction: Mode:STANDARD S-ratio: 1.00 520235-521377 orient(-) score(2286.00) noncoding_equivalent(2286.00) raw_noncoding(2286.00) offset(0.00)
521377	520235	single-	4	6	{GlimmerHMM_glimmerT_2523-T1;GlimmerHMM}

# EVM prediction: Mode:STANDARD S-ratio: 2.79 521599-521982 orient(+) score(1131.00) noncoding_equivalent(405.21) raw_noncoding(405.21) offset(0.00)
521599	521982	single+	1	3	{GlimmerHMM_glimmerT_2524-T1;GlimmerHMM}

# EVM prediction: Mode:STANDARD S-ratio: 26.71 522232-523083 orient(+) score(3285.00) noncoding_equivalent(123.00) raw_noncoding(123.00) offset(0.00)
522232	523083	single+	1	3	{GlimmerHMM_glimmerT_2525-T1;GlimmerHMM}

# EVM prediction: Mode:STANDARD S-ratio: 45.26 523305-524657 orient(+) score(5295.00) noncoding_equivalent(117.00) raw_noncoding(117.00) offset(0.00)
523305	524657	single+	1	3	{Augustus_model.g2352.t1;Augustus},{GlimmerHMM_glimmerT_2526-T1;GlimmerHMM}

# EVM prediction: Mode:STANDARD S-ratio: 2.01 524856-526235 orient(-) score(5520.00) noncoding_equivalent(2752.55) raw_noncoding(2752.55) offset(0.00)
526235	524856	single-	4	6	{GlimmerHMM_glimmerT_2527-T1;GlimmerHMM},{HiQ_model.g2353.t1;HiQ}

# EVM prediction: Mode:STANDARD S-ratio: 557.96 526521-530732 orient(+) score(16816.00) noncoding_equivalent(30.14) raw_noncoding(30.14) offset(0.00)
526521	530732	single+	1	3	{Augustus_model.g2354.t1;Augustus},{GlimmerHMM_glimmerT_2528-T1;GlimmerHMM}

# EVM prediction: Mode:STANDARD S-ratio: 4.98 530879-534673 orient(-) score(18963.00) noncoding_equivalent(3807.00) raw_noncoding(3807.00) offset(0.00)
534673	530879	single-	4	6	{GlimmerHMM_glimmerT_2529-T1;GlimmerHMM},{HiQ_model.g2355.t1;HiQ}

# EVM prediction: Mode:STANDARD S-ratio: 4.85 535415-536716 orient(-) score(6476.00) noncoding_equivalent(1334.43) raw_noncoding(1334.43) offset(0.00)
536716	535415	single-	4	6	{HiQ_model.g2356.t1;HiQ},{GlimmerHMM_glimmerT_2530-T1;GlimmerHMM}

# EVM prediction: Mode:STANDARD S-ratio: 6.00 537085-537738 orient(-) score(3924.00) noncoding_equivalent(654.00) raw_noncoding(654.00) offset(0.00)
537738	537085	single-	4	6	{GlimmerHMM_glimmerT_2531-T1;GlimmerHMM},{HiQ_model.g2357.t1;HiQ}

# EVM prediction: Mode:STANDARD S-ratio: 3.00 538523-539485 orient(+) score(2889.00) noncoding_equivalent(963.00) raw_noncoding(963.00) offset(0.00)
538523	539485	single+	1	3	{Augustus_model.g2358.t1;Augustus},{GlimmerHMM_glimmerT_2532-T1;GlimmerHMM}

# EVM prediction: Mode:STANDARD S-ratio: 4.86 539644-542513 orient(-) score(14115.00) noncoding_equivalent(2905.21) raw_noncoding(3304.42) offset(399.21)
542295	539644	terminal-	4	6	{GlimmerHMM_glimmerT_2533-T1;GlimmerHMM},{HiQ_model.g2359.t1;HiQ}
542495	542296	INTRON			{GlimmerHMM_glimmerT_2533-T1;GlimmerHMM},{HiQ_model.g2359.t1;HiQ},{ev_type:exonerate/ID=match.160399.4641/Target=YGL137W;exonerate}
542513	542496	initial-	4	6	{GlimmerHMM_glimmerT_2533-T1;GlimmerHMM},{HiQ_model.g2359.t1;HiQ}

# EVM prediction: Mode:STANDARD S-ratio: 4.32 542851-543888 orient(+) score(3372.00) noncoding_equivalent(780.00) raw_noncoding(780.00) offset(0.00)
542851	543888	single+	1	3	{Augustus_model.g2360.t1;Augustus}

# EVM prediction: Mode:STANDARD S-ratio: 4.79 544259-546667 orient(-) score(11956.00) noncoding_equivalent(2496.40) raw_noncoding(2496.40) offset(0.00)
546667	544259	single-	4	6	{GlimmerHMM_glimmerT_2535-T1;GlimmerHMM},{HiQ_model.g2361.t1;HiQ}

# EVM prediction: Mode:STANDARD S-ratio: 46.38 547371-551030 orient(+) score(14331.00) noncoding_equivalent(309.00) raw_noncoding(309.00) offset(0.00)
547371	551030	single+	1	3	{GlimmerHMM_glimmerT_2536-T1;GlimmerHMM}

# EVM prediction: Mode:STANDARD S-ratio: 4.89 551298-554036 orient(-) score(13642.00) noncoding_equivalent(2790.49) raw_noncoding(2790.49) offset(0.00)
554036	551298	single-	4	6	{GlimmerHMM_glimmerT_2537-T1;GlimmerHMM},{HiQ_model.g2363.t1;HiQ}

# EVM prediction: Mode:STANDARD S-ratio: 14.43 554270-556120 orient(+) score(6924.00) noncoding_equivalent(480.00) raw_noncoding(480.00) offset(0.00)
554270	556120	single+	1	3	{GlimmerHMM_glimmerT_2538-T1;GlimmerHMM},{Augustus_model.g2364.t1;Augustus}

# EVM prediction: Mode:STANDARD S-ratio: 62.41 556431-557672 orient(+) score(4889.00) noncoding_equivalent(78.34) raw_noncoding(78.34) offset(0.00)
556431	557672	single+	1	3	{GlimmerHMM_glimmerT_2539-T1;GlimmerHMM},{Augustus_model.g2365.t1;Augustus}

# EVM prediction: Mode:STANDARD S-ratio: 57.38 557882-559939 orient(+) score(8091.00) noncoding_equivalent(141.00) raw_noncoding(141.00) offset(0.00)
557882	559939	single+	1	3	{GlimmerHMM_glimmerT_2540-T1;GlimmerHMM},{Augustus_model.g2366.t1;Augustus}

# EVM prediction: Mode:STANDARD S-ratio: 4.88 560041-562146 orient(-) score(10488.00) noncoding_equivalent(2148.00) raw_noncoding(2148.00) offset(0.00)
562146	560041	single-	4	6	{HiQ_model.g2367.t1;HiQ},{GlimmerHMM_glimmerT_2541-T1;GlimmerHMM}

# EVM prediction: Mode:STANDARD S-ratio: 5.50 562703-563638 orient(+) score(3168.00) noncoding_equivalent(576.00) raw_noncoding(576.00) offset(0.00)
562703	563638	single+	1	3	{Augustus_model.g2368.t1;Augustus},{GlimmerHMM_glimmerT_2542-T1;GlimmerHMM}

# EVM prediction: Mode:STANDARD S-ratio: 10000.00 564060-564635 orient(+) score(2880.00) noncoding_equivalent(0.29) raw_noncoding(0.00) offset(0.00)
564060	564635	single+	1	3	{Augustus_model.g2369.t1;Augustus},{GlimmerHMM_glimmerT_2543-T1;GlimmerHMM}

# EVM prediction: Mode:STANDARD S-ratio: 4.37 564860-565990 orient(-) score(5523.00) noncoding_equivalent(1263.00) raw_noncoding(1263.00) offset(0.00)
565990	564860	single-	4	6	{HiQ_model.g2370.t1;HiQ},{GlimmerHMM_glimmerT_2544-T1;GlimmerHMM}

# EVM prediction: Mode:STANDARD S-ratio: 10000.00 566816-571273 orient(+) score(13374.00) noncoding_equivalent(1.34) raw_noncoding(0.00) offset(0.00)
566816	571273	single+	1	3	{GlimmerHMM_glimmerT_2545-T1;GlimmerHMM},{Augustus_model.g2371.t1;Augustus}

# EVM prediction: Mode:STANDARD S-ratio: 4.97 571455-574853 orient(-) score(16979.00) noncoding_equivalent(3413.39) raw_noncoding(3413.39) offset(0.00)
574853	571455	single-	4	6	{GlimmerHMM_glimmerT_2546-T1;GlimmerHMM},{HiQ_model.g2372.t1;HiQ}

# EVM prediction: Mode:STANDARD S-ratio: 4.90 575079-576104 orient(-) score(5112.00) noncoding_equivalent(1044.00) raw_noncoding(1044.00) offset(0.00)
576104	575079	single-	4	6	{HiQ_model.g2373.t1;HiQ},{GlimmerHMM_glimmerT_2547-T1;GlimmerHMM}

# EVM prediction: Mode:STANDARD S-ratio: 7.88 576281-577099 orient(+) score(2907.00) noncoding_equivalent(369.00) raw_noncoding(369.00) offset(0.00)
576281	577099	single+	1	3	{GlimmerHMM_glimmerT_2548-T1;GlimmerHMM},{Augustus_model.g2374.t1;Augustus}

# EVM prediction: Mode:STANDARD S-ratio: 4.67 577166-578296 orient(-) score(5589.00) noncoding_equivalent(1197.00) raw_noncoding(1197.00) offset(0.00)
578296	577166	single-	4	6	{GlimmerHMM_glimmerT_2549-T1;GlimmerHMM},{HiQ_model.g2375.t1;HiQ}

# EVM prediction: Mode:STANDARD S-ratio: 4.63 578709-581960 orient(-) score(16044.00) noncoding_equivalent(3468.00) raw_noncoding(3468.00) offset(0.00)
581960	578709	single-	4	6	{GlimmerHMM_glimmerT_2550-T1;GlimmerHMM},{HiQ_model.g2376.t1;HiQ}

# EVM prediction: Mode:STANDARD S-ratio: 12.56 582328-583371 orient(-) score(2901.00) noncoding_equivalent(231.00) raw_noncoding(231.00) offset(0.00)
583371	582328	single-	4	6	{GlimmerHMM_glimmerT_2551-T1;GlimmerHMM},{Augustus_model.g2377.t1;Augustus}

# EVM prediction: Mode:STANDARD S-ratio: 10000.00 583826-585364 orient(-) score(4617.00) noncoding_equivalent(0.46) raw_noncoding(0.00) offset(0.00)
585364	583826	single-	4	6	{GlimmerHMM_glimmerT_2552-T1;GlimmerHMM},{Augustus_model.g2378.t1;Augustus}

# EVM prediction: Mode:STANDARD S-ratio: 4.59 588898-590010 orient(-) score(5484.00) noncoding_equivalent(1194.00) raw_noncoding(1194.00) offset(0.00)
590010	588898	single-	4	6	{HiQ_model.g2379.t1;HiQ},{GlimmerHMM_glimmerT_2553-T1;GlimmerHMM}

# EVM prediction: Mode:STANDARD S-ratio: 4.38 590458-592170 orient(-) score(8361.00) noncoding_equivalent(1911.00) raw_noncoding(1911.00) offset(0.00)
592170	590458	single-	4	6	{GlimmerHMM_glimmerT_2554-T1;GlimmerHMM},{HiQ_model.g2380.t1;HiQ}

# EVM prediction: Mode:STANDARD S-ratio: 310.00 592589-593521 orient(+) score(3720.00) noncoding_equivalent(12.00) raw_noncoding(12.00) offset(0.00)
592589	593521	single+	1	3	{GlimmerHMM_glimmerT_2555-T1;GlimmerHMM},{Augustus_model.g2381.t1;Augustus}

# EVM prediction: Mode:STANDARD S-ratio: 5.00 593694-594593 orient(-) score(4500.00) noncoding_equivalent(900.00) raw_noncoding(900.00) offset(0.00)
594593	593694	single-	4	6	{HiQ_model.g2382.t1;HiQ},{GlimmerHMM_glimmerT_2556-T1;GlimmerHMM}

# EVM prediction: Mode:STANDARD S-ratio: 195.46 596329-599025 orient(+) score(8048.00) noncoding_equivalent(41.17) raw_noncoding(41.17) offset(0.00)
596329	599025	single+	1	3	{Augustus_model.g2383.t1;Augustus},{GlimmerHMM_glimmerT_2557-T1;GlimmerHMM}

# EVM prediction: Mode:STANDARD S-ratio: 10000.00 599432-600763 orient(+) score(5328.00) noncoding_equivalent(0.53) raw_noncoding(0.00) offset(0.00)
599432	600763	single+	1	3	{GlimmerHMM_glimmerT_2558-T1;GlimmerHMM},{Augustus_model.g2384.t1;Augustus}

# EVM prediction: Mode:STANDARD S-ratio: 4.32 600935-601612 orient(-) score(3303.00) noncoding_equivalent(765.00) raw_noncoding(765.00) offset(0.00)
601612	600935	single-	4	6	{HiQ_model.g2385.t1;HiQ},{GlimmerHMM_glimmerT_2559-T1;GlimmerHMM}

# EVM prediction: Mode:STANDARD S-ratio: 134.86 602270-605122 orient(+) score(8496.00) noncoding_equivalent(63.00) raw_noncoding(63.00) offset(0.00)
602270	605122	single+	1	3	{GlimmerHMM_glimmerT_2560-T1;GlimmerHMM},{Augustus_model.g2386.t1;Augustus}

# EVM prediction: Mode:STANDARD S-ratio: 1.97 605399-606679 orient(-) score(5097.00) noncoding_equivalent(2584.41) raw_noncoding(2584.41) offset(0.00)
606679	605399	single-	4	6	{HiQ_model.g2387.t1;HiQ}

# EVM prediction: Mode:STANDARD S-ratio: 10000.00 607426-608583 orient(+) score(4632.00) noncoding_equivalent(0.46) raw_noncoding(0.00) offset(0.00)
607426	608583	single+	1	3	{GlimmerHMM_glimmerT_2562-T1;GlimmerHMM},{Augustus_model.g2388.t1;Augustus}

# EVM prediction: Mode:STANDARD S-ratio: 10000.00 608652-610346 orient(-) score(5085.00) noncoding_equivalent(0.51) raw_noncoding(0.00) offset(0.00)
610346	608652	single-	4	6	{GlimmerHMM_glimmerT_2563-T1;GlimmerHMM},{Augustus_model.g2389.t1;Augustus}

# EVM prediction: Mode:STANDARD S-ratio: 2.00 610618-612036 orient(-) score(5676.00) noncoding_equivalent(2838.00) raw_noncoding(2838.00) offset(0.00)
612036	610618	single-	4	6	{GlimmerHMM_glimmerT_2564-T1;GlimmerHMM},{HiQ_model.g2390.t1;HiQ}

# EVM prediction: Mode:STANDARD S-ratio: 243.64 612625-617211 orient(+) score(18273.00) noncoding_equivalent(75.00) raw_noncoding(75.00) offset(0.00)
612625	617211	single+	1	3	{GlimmerHMM_glimmerT_2565-T1;GlimmerHMM}

# EVM prediction: Mode:STANDARD S-ratio: 4.90 617393-618193 orient(-) score(3990.00) noncoding_equivalent(814.14) raw_noncoding(814.14) offset(0.00)
618193	617393	single-	4	6	{HiQ_model.g2392.t1;HiQ},{GlimmerHMM_glimmerT_2566-T1;GlimmerHMM}

# EVM prediction: Mode:STANDARD S-ratio: 9.27 618384-619453 orient(+) score(3698.00) noncoding_equivalent(399.02) raw_noncoding(515.02) offset(116.00)
618384	618388	initial+	1	2	{snap_scaffold_6-snap.265-T1;snap}
618389	618477	INTRON			{snap_scaffold_6-snap.265-T1;snap}
618478	619453	terminal+	3	3	{snap_scaffold_6-snap.265-T1;snap}

# EVM prediction: Mode:STANDARD S-ratio: 6.60 619662-621326 orient(+) score(5783.00) noncoding_equivalent(876.26) raw_noncoding(876.26) offset(0.00)
619662	621326	single+	1	3	{GlimmerHMM_glimmerT_2568-T1;GlimmerHMM}

# EVM prediction: Mode:STANDARD S-ratio: 50.58 622171-624874 orient(-) score(10369.00) noncoding_equivalent(205.02) raw_noncoding(445.39) offset(240.37)
624747	622171	terminal-	4	6	{snap_scaffold_6-snap.267-T1;snap},{Augustus_model.g2394.t1;Augustus}
624868	624748	INTRON			{snap_scaffold_6-snap.267-T1;snap}
624874	624869	initial-	4	6	{snap_scaffold_6-snap.267-T1;snap}

# EVM prediction: Mode:STANDARD S-ratio: 56.05 627653-629335 orient(+) score(4959.00) noncoding_equivalent(88.47) raw_noncoding(88.47) offset(0.00)
627653	629335	single+	1	3	{GlimmerHMM_glimmerT_2570-T1;GlimmerHMM},{Augustus_model.g2395.t1;Augustus}

# EVM prediction: Mode:STANDARD S-ratio: 157.35 629995-632688 orient(-) score(8025.00) noncoding_equivalent(51.00) raw_noncoding(51.00) offset(0.00)
632688	629995	single-	4	6	{GlimmerHMM_glimmerT_2571-T1;GlimmerHMM},{Augustus_model.g2396.t1;Augustus}

# EVM prediction: Mode:STANDARD S-ratio: 10000.00 633657-634901 orient(-) score(4866.00) noncoding_equivalent(0.49) raw_noncoding(0.00) offset(0.00)
634901	633657	single-	4	6	{GlimmerHMM_glimmerT_2572-T1;GlimmerHMM},{Augustus_model.g2397.t1;Augustus}

# EVM prediction: Mode:STANDARD S-ratio: 3.04 635739-636263 orient(+) score(1581.00) noncoding_equivalent(520.00) raw_noncoding(520.00) offset(0.00)
635739	636263	single+	1	3	{GlimmerHMM_glimmerT_2573-T1;GlimmerHMM}

# EVM prediction: Mode:STANDARD S-ratio: 10000.00 636786-638183 orient(+) score(5592.00) noncoding_equivalent(0.56) raw_noncoding(0.00) offset(0.00)
636786	638183	single+	1	3	{GlimmerHMM_glimmerT_2574-T1;GlimmerHMM},{Augustus_model.g2399.t1;Augustus}

# EVM prediction: Mode:STANDARD S-ratio: 100.33 638488-639627 orient(+) score(4515.00) noncoding_equivalent(45.00) raw_noncoding(45.00) offset(0.00)
638488	639627	single+	1	3	{GlimmerHMM_glimmerT_2575-T1;GlimmerHMM},{Augustus_model.g2400.t1;Augustus}

# EVM prediction: Mode:STANDARD S-ratio: 9.45 640033-641757 orient(+) score(6240.00) noncoding_equivalent(660.00) raw_noncoding(660.00) offset(0.00)
640033	641757	single+	1	3	{GlimmerHMM_glimmerT_2576-T1;GlimmerHMM}

# EVM prediction: Mode:STANDARD S-ratio: 10000.00 642628-643095 orient(+) score(1872.00) noncoding_equivalent(0.19) raw_noncoding(0.00) offset(0.00)
642628	643095	single+	1	3	{GlimmerHMM_glimmerT_2577-T1;GlimmerHMM},{Augustus_model.g2402.t1;Augustus}

# EVM prediction: Mode:STANDARD S-ratio: 10000.00 644213-644572 orient(+) score(1800.00) noncoding_equivalent(0.18) raw_noncoding(0.00) offset(0.00)
644213	644572	single+	1	3	{Augustus_model.g2403.t1;Augustus},{GlimmerHMM_glimmerT_2578-T1;GlimmerHMM}

# EVM prediction: Mode:STANDARD S-ratio: 10000.00 645412-646992 orient(+) score(6324.00) noncoding_equivalent(0.63) raw_noncoding(0.00) offset(0.00)
645412	646992	single+	1	3	{GlimmerHMM_glimmerT_2579-T1;GlimmerHMM},{Augustus_model.g2404.t1;Augustus}

# EVM prediction: Mode:STANDARD S-ratio: 4.90 647606-647995 orient(-) score(1942.00) noncoding_equivalent(396.05) raw_noncoding(396.05) offset(0.00)
647995	647606	single-	4	6	{HiQ_model.g2405.t1;HiQ},{GlimmerHMM_glimmerT_2580-T1;GlimmerHMM}

# EVM prediction: Mode:STANDARD S-ratio: 4.89 648755-650557 orient(-) score(8979.00) noncoding_equivalent(1837.16) raw_noncoding(1837.16) offset(0.00)
650557	648755	single-	4	6	{GlimmerHMM_glimmerT_2581-T1;GlimmerHMM},{HiQ_model.g2406.t1;HiQ}

# EVM prediction: Mode:STANDARD S-ratio: 71.48 651077-652435 orient(+) score(5361.00) noncoding_equivalent(75.00) raw_noncoding(75.00) offset(0.00)
651077	652435	single+	1	3	{Augustus_model.g2407.t1;Augustus},{GlimmerHMM_glimmerT_2582-T1;GlimmerHMM}

# EVM prediction: Mode:STANDARD S-ratio: 5.00 653260-661278 orient(-) score(40088.00) noncoding_equivalent(8024.12) raw_noncoding(8024.12) offset(0.00)
661278	653260	single-	4	6	{HiQ_model.g2408.t1;HiQ},{GlimmerHMM_glimmerT_2583-T1;GlimmerHMM}

# EVM prediction: Mode:STANDARD S-ratio: 4.65 661635-662921 orient(-) score(6353.00) noncoding_equivalent(1367.31) raw_noncoding(1367.31) offset(0.00)
662921	661635	single-	4	6	{GlimmerHMM_glimmerT_2584-T1;GlimmerHMM},{HiQ_model.g2409.t1;HiQ}

# EVM prediction: Mode:STANDARD S-ratio: 80.53 663643-668106 orient(-) score(17637.00) noncoding_equivalent(219.00) raw_noncoding(219.00) offset(0.00)
668106	663643	single-	4	6	{GlimmerHMM_glimmerT_2585-T1;GlimmerHMM},{Augustus_model.g2410.t1;Augustus}

# EVM prediction: Mode:STANDARD S-ratio: 2.00 668507-669214 orient(-) score(2832.00) noncoding_equivalent(1416.00) raw_noncoding(1416.00) offset(0.00)
669214	668507	single-	4	6	{GlimmerHMM_glimmerT_2586-T1;GlimmerHMM},{HiQ_model.g2411.t1;HiQ}

# EVM prediction: Mode:STANDARD S-ratio: 21.05 669500-670111 orient(+) score(2337.00) noncoding_equivalent(111.00) raw_noncoding(111.00) offset(0.00)
669500	670111	single+	1	3	{GlimmerHMM_glimmerT_2587-T1;GlimmerHMM},{Augustus_model.g2412.t1;Augustus}

# EVM prediction: Mode:STANDARD S-ratio: 61.65 671902-674955 orient(+) score(12021.00) noncoding_equivalent(195.00) raw_noncoding(195.00) offset(0.00)
671902	674955	single+	1	3	{GlimmerHMM_glimmerT_2588-T1;GlimmerHMM},{Augustus_model.g2413.t1;Augustus}

# EVM prediction: Mode:STANDARD S-ratio: 4.92 675248-676750 orient(-) score(7493.00) noncoding_equivalent(1523.06) raw_noncoding(1523.06) offset(0.00)
676750	675248	single-	4	6	{HiQ_model.g2414.t1;HiQ},{GlimmerHMM_glimmerT_2589-T1;GlimmerHMM}

# EVM prediction: Mode:STANDARD S-ratio: 243.33 678482-680695 orient(+) score(8760.00) noncoding_equivalent(36.00) raw_noncoding(36.00) offset(0.00)
678482	680695	single+	1	3	{Augustus_model.g2415.t1;Augustus}

# EVM prediction: Mode:STANDARD S-ratio: 2.00 682766-685012 orient(-) score(8988.00) noncoding_equivalent(4494.00) raw_noncoding(4494.00) offset(0.00)
685012	682766	single-	4	6	{GlimmerHMM_glimmerT_2591-T1;GlimmerHMM},{HiQ_model.g2416.t1;HiQ}

# EVM prediction: Mode:STANDARD S-ratio: 412.50 685667-690628 orient(+) score(19800.00) noncoding_equivalent(48.00) raw_noncoding(48.00) offset(0.00)
685667	690628	single+	1	3	{Augustus_model.g2417.t1;Augustus},{GlimmerHMM_glimmerT_2592-T1;GlimmerHMM}

# EVM prediction: Mode:STANDARD S-ratio: 4.87 691095-694202 orient(-) score(15465.00) noncoding_equivalent(3175.00) raw_noncoding(3175.00) offset(0.00)
694202	691095	single-	4	6	{HiQ_model.g2418.t1;HiQ},{GlimmerHMM_glimmerT_2593-T1;GlimmerHMM}

# EVM prediction: Mode:STANDARD S-ratio: 4.61 694591-695838 orient(-) score(6153.00) noncoding_equivalent(1335.00) raw_noncoding(1335.00) offset(0.00)
695838	694591	single-	4	6	{HiQ_model.g2419.t1;HiQ}

# EVM prediction: Mode:STANDARD S-ratio: 3.06 696170-697318 orient(-) score(5196.00) noncoding_equivalent(1698.00) raw_noncoding(1698.00) offset(0.00)
697318	696170	single-	4	6	{HiQ_model.g2420.t1;HiQ},{GlimmerHMM_glimmerT_2595-T1;GlimmerHMM}

# EVM prediction: Mode:STANDARD S-ratio: 10000.00 698719-699387 orient(-) score(2007.00) noncoding_equivalent(0.20) raw_noncoding(0.00) offset(0.00)
699387	698719	single-	4	6	{GlimmerHMM_glimmerT_2596-T1;GlimmerHMM},{Augustus_model.g2421.t1;Augustus}

# EVM prediction: Mode:STANDARD S-ratio: 4.08 699588-700667 orient(-) score(5205.00) noncoding_equivalent(1274.82) raw_noncoding(1274.82) offset(0.00)
700667	699588	single-	4	6	{HiQ_model.g2422.t1;HiQ},{GlimmerHMM_glimmerT_2597-T1;GlimmerHMM}

# EVM prediction: Mode:STANDARD S-ratio: 1.96 700798-701748 orient(-) score(3780.00) noncoding_equivalent(1926.00) raw_noncoding(1926.00) offset(0.00)
701748	700798	single-	4	6	{HiQ_model.g2423.t1;HiQ}

# EVM prediction: Mode:STANDARD S-ratio: 43.22 701933-703126 orient(+) score(4668.00) noncoding_equivalent(108.00) raw_noncoding(108.00) offset(0.00)
701933	703126	single+	1	3	{GlimmerHMM_glimmerT_2599-T1;GlimmerHMM},{Augustus_model.g2424.t1;Augustus}

# EVM prediction: Mode:STANDARD S-ratio: 4.69 703842-705200 orient(-) score(6720.00) noncoding_equivalent(1434.00) raw_noncoding(1434.00) offset(0.00)
705200	703842	single-	4	6	{GlimmerHMM_glimmerT_2600-T1;GlimmerHMM},{HiQ_model.g2425.t1;HiQ}

# EVM prediction: Mode:STANDARD S-ratio: 4.91 705879-708296 orient(-) score(12050.00) noncoding_equivalent(2456.22) raw_noncoding(2456.22) offset(0.00)
708296	705879	single-	4	6	{GlimmerHMM_glimmerT_2601-T1;GlimmerHMM},{HiQ_model.g2426.t1;HiQ}

# EVM prediction: Mode:STANDARD S-ratio: 3.00 708925-710304 orient(+) score(4140.00) noncoding_equivalent(1380.00) raw_noncoding(1380.00) offset(0.00)
708925	710304	single+	1	3	{Augustus_model.g2427.t1;Augustus},{GlimmerHMM_glimmerT_2602-T1;GlimmerHMM}

# EVM prediction: Mode:STANDARD S-ratio: 2.00 710446-710808 orient(-) score(1452.00) noncoding_equivalent(727.57) raw_noncoding(727.57) offset(0.00)
710808	710446	single-	4	6	{HiQ_model.g2428.t1;HiQ},{GlimmerHMM_glimmerT_2603-T1;GlimmerHMM}

# EVM prediction: Mode:STANDARD S-ratio: 10000.00 710890-711756 orient(+) score(3468.00) noncoding_equivalent(0.35) raw_noncoding(0.00) offset(0.00)
710890	711756	single+	1	3	{GlimmerHMM_glimmerT_2604-T1;GlimmerHMM},{Augustus_model.g2429.t1;Augustus}

# EVM prediction: Mode:STANDARD S-ratio: 1.01 711996-712523 orient(+) score(1060.00) noncoding_equivalent(1052.10) raw_noncoding(1052.10) offset(0.00)
711996	712523	single+	1	3	{GlimmerHMM_glimmerT_2605-T1;GlimmerHMM}

# EVM prediction: Mode:STANDARD S-ratio: 3.00 713049-714302 orient(+) score(3762.00) noncoding_equivalent(1255.19) raw_noncoding(1255.19) offset(0.00)
713049	714302	single+	1	3	{GlimmerHMM_glimmerT_2606-T1;GlimmerHMM},{Augustus_model.g2430.t1;Augustus}

# EVM prediction: Mode:STANDARD S-ratio: 10000.00 714555-715397 orient(+) score(3372.00) noncoding_equivalent(0.34) raw_noncoding(0.00) offset(0.00)
714555	715397	single+	1	3	{Augustus_model.g2431.t1;Augustus},{GlimmerHMM_glimmerT_2607-T1;GlimmerHMM}

# EVM prediction: Mode:STANDARD S-ratio: 5.00 715504-716517 orient(-) score(5070.00) noncoding_equivalent(1014.00) raw_noncoding(1014.00) offset(0.00)
716517	715504	single-	4	6	{GlimmerHMM_glimmerT_2608-T1;GlimmerHMM},{HiQ_model.g2432.t1;HiQ}

# EVM prediction: Mode:STANDARD S-ratio: 4.25 719454-719822 orient(-) score(1791.00) noncoding_equivalent(421.62) raw_noncoding(421.62) offset(0.00)
719822	719454	single-	4	6	{HiQ_model.g2433.t1;HiQ}

# EVM prediction: Mode:STANDARD S-ratio: 5.00 720618-723494 orient(-) score(14385.00) noncoding_equivalent(2877.00) raw_noncoding(2877.00) offset(0.00)
723494	720618	single-	4	6	{HiQ_model.g2434.t1;HiQ},{GlimmerHMM_glimmerT_2611-T1;GlimmerHMM}

# EVM prediction: Mode:STANDARD S-ratio: 3.66 723818-725551 orient(-) score(8169.00) noncoding_equivalent(2235.00) raw_noncoding(2235.00) offset(0.00)
725551	723818	single-	4	6	{GlimmerHMM_glimmerT_2612-T1;GlimmerHMM},{HiQ_model.g2435.t1;HiQ}

# EVM prediction: Mode:STANDARD S-ratio: 47.90 726190-728646 orient(+) score(9627.00) noncoding_equivalent(201.00) raw_noncoding(201.00) offset(0.00)
726190	728646	single+	1	3	{Augustus_model.g2436.t1;Augustus},{GlimmerHMM_glimmerT_2613-T1;GlimmerHMM}

# EVM prediction: Mode:STANDARD S-ratio: 1.01 728934-729377 orient(+) score(892.00) noncoding_equivalent(884.42) raw_noncoding(884.42) offset(0.00)
728934	729377	single+	1	3	{GlimmerHMM_glimmerT_2614-T1;GlimmerHMM}

# EVM prediction: Mode:STANDARD S-ratio: 10000.00 729529-730101 orient(+) score(2292.00) noncoding_equivalent(0.23) raw_noncoding(0.00) offset(0.00)
729529	730101	single+	1	3	{Augustus_model.g2437.t1;Augustus},{GlimmerHMM_glimmerT_2615-T1;GlimmerHMM}

# EVM prediction: Mode:STANDARD S-ratio: 4.57 730147-731074 orient(-) score(4522.00) noncoding_equivalent(989.03) raw_noncoding(1104.00) offset(114.97)
730959	730147	terminal-	4	6	{HiQ_model.g2438.t1;HiQ},{GlimmerHMM_glimmerT_2616-T1;GlimmerHMM}
731017	730960	INTRON			{HiQ_model.g2438.t1;HiQ},{GlimmerHMM_glimmerT_2616-T1;GlimmerHMM},{ev_type:exonerate/ID=match.160399.3914/Target=YGL232W;exonerate}
731074	731018	initial-	4	6	{HiQ_model.g2438.t1;HiQ},{GlimmerHMM_glimmerT_2616-T1;GlimmerHMM}

# EVM prediction: Mode:STANDARD S-ratio: 4.91 731296-734028 orient(-) score(13623.00) noncoding_equivalent(2773.34) raw_noncoding(2773.34) offset(0.00)
734028	731296	single-	4	6	{GlimmerHMM_glimmerT_2617-T1;GlimmerHMM},{HiQ_model.g2439.t1;HiQ}

# EVM prediction: Mode:STANDARD S-ratio: 5.00 734260-736668 orient(-) score(12045.00) noncoding_equivalent(2409.00) raw_noncoding(2409.00) offset(0.00)
736668	734260	single-	4	6	{HiQ_model.g2440.t1;HiQ},{GlimmerHMM_glimmerT_2618-T1;GlimmerHMM}

# EVM prediction: Mode:STANDARD S-ratio: 3.01 737354-739363 orient(+) score(6030.00) noncoding_equivalent(2005.10) raw_noncoding(2005.10) offset(0.00)
737354	739363	single+	1	3	{Augustus_model.g2441.t1;Augustus},{GlimmerHMM_glimmerT_2619-T1;GlimmerHMM}

# EVM prediction: Mode:STANDARD S-ratio: 3.00 739622-740419 orient(+) score(2394.00) noncoding_equivalent(798.00) raw_noncoding(798.00) offset(0.00)
739622	740419	single+	1	3	{Augustus_model.g2442.t1;Augustus},{GlimmerHMM_glimmerT_2620-T1;GlimmerHMM}

# EVM prediction: Mode:STANDARD S-ratio: 5.00 740717-743599 orient(-) score(14415.00) noncoding_equivalent(2883.00) raw_noncoding(2883.00) offset(0.00)
743599	740717	single-	4	6	{HiQ_model.g2443.t1;HiQ},{GlimmerHMM_glimmerT_2621-T1;GlimmerHMM}

# EVM prediction: Mode:STANDARD S-ratio: 4.02 743785-744537 orient(-) score(3612.00) noncoding_equivalent(898.00) raw_noncoding(898.00) offset(0.00)
744537	743785	single-	4	6	{HiQ_model.g2444.t1;HiQ},{GlimmerHMM_glimmerT_2622-T1;GlimmerHMM}

# EVM prediction: Mode:STANDARD S-ratio: 4.84 744691-747705 orient(-) score(14994.00) noncoding_equivalent(3095.10) raw_noncoding(3095.10) offset(0.00)
747705	744691	single-	4	6	{HiQ_model.g2445.t1;HiQ},{GlimmerHMM_glimmerT_2623-T1;GlimmerHMM}

# EVM prediction: Mode:STANDARD S-ratio: 3.00 747953-748498 orient(+) score(1638.00) noncoding_equivalent(546.00) raw_noncoding(546.00) offset(0.00)
747953	748498	single+	1	3	{GlimmerHMM_glimmerT_2624-T1;GlimmerHMM},{Augustus_model.g2446.t1;Augustus}

# EVM prediction: Mode:STANDARD S-ratio: 10000.00 748665-749819 orient(-) score(4620.00) noncoding_equivalent(0.46) raw_noncoding(0.00) offset(0.00)
749819	748665	single-	4	6	{Augustus_model.g2447.t1;Augustus},{GlimmerHMM_glimmerT_2625-T1;GlimmerHMM}

# EVM prediction: Mode:STANDARD S-ratio: 2.00 750005-751681 orient(-) score(6712.00) noncoding_equivalent(3351.26) raw_noncoding(3351.26) offset(0.00)
751681	750005	single-	4	6	{GlimmerHMM_glimmerT_2626-T1;GlimmerHMM},{HiQ_model.g2448.t1;HiQ}

# EVM prediction: Mode:STANDARD S-ratio: 5.00 752030-754156 orient(-) score(10635.00) noncoding_equivalent(2127.00) raw_noncoding(2127.00) offset(0.00)
754156	752030	single-	4	6	{HiQ_model.g2449.t1;HiQ}

# EVM prediction: Mode:STANDARD S-ratio: 3.01 754399-755562 orient(+) score(3492.00) noncoding_equivalent(1158.25) raw_noncoding(1158.25) offset(0.00)
754399	755562	single+	1	3	{Augustus_model.g2450.t1;Augustus},{GlimmerHMM_glimmerT_2628-T1;GlimmerHMM}

# EVM prediction: Mode:STANDARD S-ratio: 2.00 755653-756246 orient(-) score(2376.00) noncoding_equivalent(1188.00) raw_noncoding(1188.00) offset(0.00)
756246	755653	single-	4	6	{GlimmerHMM_glimmerT_2629-T1;GlimmerHMM},{HiQ_model.g2451.t1;HiQ}

# EVM prediction: Mode:STANDARD S-ratio: 4.55 756417-757526 orient(-) score(5459.00) noncoding_equivalent(1199.64) raw_noncoding(1199.64) offset(0.00)
757526	756417	single-	4	6	{HiQ_model.g2452.t1;HiQ},{GlimmerHMM_glimmerT_2630-T1;GlimmerHMM}

# EVM prediction: Mode:STANDARD S-ratio: 5.00 757967-760081 orient(-) score(10575.00) noncoding_equivalent(2115.00) raw_noncoding(2115.00) offset(0.00)
760081	757967	single-	4	6	{GlimmerHMM_glimmerT_2631-T1;GlimmerHMM},{HiQ_model.g2453.t1;HiQ}

# EVM prediction: Mode:STANDARD S-ratio: 2.01 760545-761270 orient(-) score(2904.00) noncoding_equivalent(1447.63) raw_noncoding(1447.63) offset(0.00)
761270	760545	single-	4	6	{GlimmerHMM_glimmerT_2632-T1;GlimmerHMM},{HiQ_model.g2454.t1;HiQ}

# EVM prediction: Mode:STANDARD S-ratio: 34.86 761544-765259 orient(+) score(14301.00) noncoding_equivalent(410.18) raw_noncoding(713.48) offset(303.29)
761544	761601	initial+	1	1	{Augustus_model.g2455.t1;Augustus}
761602	761753	INTRON			{Augustus_model.g2455.t1;Augustus},{ev_type:exonerate/ID=match.160399.2747/Target=YGL251C;exonerate}
761754	765259	terminal+	2	3	{Augustus_model.g2455.t1;Augustus}

# EVM prediction: Mode:STANDARD S-ratio: 10000.00 765696-767462 orient(+) score(7068.00) noncoding_equivalent(0.71) raw_noncoding(0.00) offset(0.00)
765696	767462	single+	1	3	{Augustus_model.g2456.t1;Augustus},{GlimmerHMM_glimmerT_2634-T1;GlimmerHMM}

# EVM prediction: Mode:STANDARD S-ratio: 5.78 767783-769243 orient(-) score(8712.00) noncoding_equivalent(1506.00) raw_noncoding(1506.00) offset(0.00)
769243	767783	single-	4	6	{GlimmerHMM_glimmerT_2635-T1;GlimmerHMM},{HiQ_model.g2457.t1;HiQ}

# EVM prediction: Mode:STANDARD S-ratio: 2.00 769990-770889 orient(-) score(3600.00) noncoding_equivalent(1800.00) raw_noncoding(1800.00) offset(0.00)
770889	769990	single-	4	6	{HiQ_model.g2458.t1;HiQ},{GlimmerHMM_glimmerT_2636-T1;GlimmerHMM}

# EVM prediction: Mode:STANDARD S-ratio: 5.00 771085-772215 orient(-) score(5655.00) noncoding_equivalent(1131.00) raw_noncoding(1131.00) offset(0.00)
772215	771085	single-	4	6	{HiQ_model.g2459.t1;HiQ},{GlimmerHMM_glimmerT_2637-T1;GlimmerHMM}

# EVM prediction: Mode:STANDARD S-ratio: 5.00 776893-778041 orient(-) score(5745.00) noncoding_equivalent(1149.00) raw_noncoding(1149.00) offset(0.00)
778041	776893	single-	4	6	{HiQ_model.g2460.t1;HiQ},{GlimmerHMM_glimmerT_2638-T1;GlimmerHMM}

# EVM prediction: Mode:STANDARD S-ratio: 116.67 779043-780719 orient(+) score(6650.00) noncoding_equivalent(57.00) raw_noncoding(57.00) offset(0.00)
779043	780719	single+	1	3	{GlimmerHMM_glimmerT_2639-T1;GlimmerHMM},{Augustus_model.g2461.t1;Augustus}

# EVM prediction: Mode:STANDARD S-ratio: 5.66 781470-782090 orient(-) score(3688.00) noncoding_equivalent(651.20) raw_noncoding(651.20) offset(0.00)
782090	781470	single-	4	6	{HiQ_model.g2462.t1;HiQ},{GlimmerHMM_glimmerT_2640-T1;GlimmerHMM}

# EVM prediction: Mode:STANDARD S-ratio: 1.80 783722-784039 orient(-) score(1167.00) noncoding_equivalent(648.00) raw_noncoding(648.00) offset(0.00)
784039	783722	single-	4	6	{HiQ_model.g2463.t1;HiQ}

# EVM prediction: Mode:STANDARD S-ratio: 10000.00 786394-786756 orient(+) score(8289.00) noncoding_equivalent(0.83) raw_noncoding(0.00) offset(0.00)
786394	786756	single+	1	3	{Augustus_model.g2464.t1;Augustus},{GlimmerHMM_glimmerT_2642-T1;GlimmerHMM}

# EVM prediction: Mode:STANDARD S-ratio: 608.39 789305-790744 orient(+) score(10951.00) noncoding_equivalent(18.00) raw_noncoding(18.00) offset(0.00)
789305	790744	single+	1	3	{GlimmerHMM_glimmerT_2643-T1;GlimmerHMM}

# EVM prediction: Mode:STANDARD S-ratio: 3.53 790807-793034 orient(+) score(8626.00) noncoding_equivalent(2444.00) raw_noncoding(2494.00) offset(50.00)
790807	792966	initial+	1	3	{Augustus_model.g2466.t1;Augustus}
792967	793016	INTRON			{Augustus_model.g2466.t1;Augustus}
793017	793034	terminal+	1	3	{Augustus_model.g2466.t1;Augustus}

