!! Predictions spanning range 10303 - 76446 [R1]
# EVM prediction: Mode:STANDARD S-ratio: 10000.00 10303-10725 orient(-) score(1269.00) noncoding_equivalent(0.13) raw_noncoding(0.00) offset(0.00) 
10725	10303	single-	4	6	{Augustus_gene27.t1;Augustus}

# EVM prediction: Mode:STANDARD S-ratio: 10000.00 17313-19247 orient(+) score(10750.00) noncoding_equivalent(1.07) raw_noncoding(0.00) offset(0.00) 
17313	19247	single+	1	3	{Augustus_gene185.t1;Augustus}

# EVM prediction: Mode:STANDARD S-ratio: 10000.00 36343-37446 orient(+) score(4416.00) noncoding_equivalent(0.44) raw_noncoding(0.00) offset(0.00) 
36343	37446	single+	1	3	{Augustus_gene520.t1;Augustus}

# EVM prediction: Mode:STANDARD S-ratio: 10000.00 38249-39796 orient(-) score(6891.00) noncoding_equivalent(0.69) raw_noncoding(0.00) offset(0.00) 
39796	38249	single-	4	6	{Augustus_gene273.t1;Augustus}

# EVM prediction: Mode:STANDARD S-ratio: 10000.00 40216-42474 orient(-) score(11281.00) noncoding_equivalent(1.13) raw_noncoding(0.00) offset(0.00) 
42474	40216	single-	4	6	{Augustus_gene709.t1;Augustus}

# EVM prediction: Mode:STANDARD S-ratio: 10000.00 42905-46009 orient(+) score(14380.00) noncoding_equivalent(1.44) raw_noncoding(0.00) offset(0.00) 
42905	46009	single+	1	3	{Augustus_gene459.t1;Augustus}

# EVM prediction: Mode:STANDARD S-ratio: 10000.00 51269-51859 orient(-) score(2955.00) noncoding_equivalent(0.30) raw_noncoding(0.00) offset(0.00) 
51859	51269	single-	4	6	{Augustus_gene773.t1;Augustus}

# EVM prediction: Mode:STANDARD S-ratio: 10000.00 55434-56669 orient(+) score(7016.00) noncoding_equivalent(0.70) raw_noncoding(0.00) offset(0.00) 
55434	56669	single+	1	3	{Augustus_gene1053.t1;Augustus}

# EVM prediction: Mode:STANDARD S-ratio: 10000.00 56840-58906 orient(+) score(8852.00) noncoding_equivalent(0.89) raw_noncoding(0.00) offset(0.00) 
56840	58906	single+	1	3	{Augustus_gene816.t1;Augustus}

# EVM prediction: Mode:STANDARD S-ratio: 10000.00 59097-61262 orient(-) score(7413.00) noncoding_equivalent(0.74) raw_noncoding(0.00) offset(0.00) 
61262	59097	single-	4	6	{Augustus_gene1040.t1;Augustus}

# EVM prediction: Mode:STANDARD S-ratio: 10000.00 72214-73074 orient(+) score(3640.00) noncoding_equivalent(0.36) raw_noncoding(0.00) offset(0.00) 
72214	73074	single+	1	3	{Augustus_gene204.t1;Augustus}

# EVM prediction: Mode:STANDARD S-ratio: 10000.00 75877-76446 orient(-) score(2850.00) noncoding_equivalent(0.29) raw_noncoding(0.00) offset(0.00) 
76446	75877	single-	4	6	{Augustus_gene1041.t1;Augustus}

