!! Predictions spanning range 44 - 99522 [R1]
# EVM prediction: Mode:STANDARD S-ratio: 10000.00 44-3178 orient(-) score(9405.00) noncoding_equivalent(0.94) raw_noncoding(0.00) offset(0.00) 
3178	44	single-	4	6	{Augustus_model.g2755.t1;Augustus},{GlimmerHMM_glimmerT_3191-T1;GlimmerHMM}

# EVM prediction: Mode:STANDARD S-ratio: 33.83 3575-4375 orient(+) score(2334.00) noncoding_equivalent(69.00) raw_noncoding(69.00) offset(0.00) 
3575	4375	single+	1	3	{GlimmerHMM_glimmerT_3192-T1;GlimmerHMM}

# EVM prediction: Mode:STANDARD S-ratio: 2.00 4558-4812 orient(-) score(510.00) noncoding_equivalent(255.00) raw_noncoding(255.00) offset(0.00) 
4812	4558	single-	4	6	{GlimmerHMM_glimmerT_3193-T1;GlimmerHMM}

# EVM prediction: Mode:STANDARD S-ratio: 20.53 4905-8845 orient(-) score(11560.00) noncoding_equivalent(563.00) raw_noncoding(573.00) offset(10.00) 
6157	4905	terminal-	5	6	{snap_scaffold_3-snap.220-T1;snap},{Augustus_model.g2757.t1;Augustus}
6329	6158	INTRON			{snap_scaffold_3-snap.220-T1;snap},{Augustus_model.g2757.t1;Augustus}
8327	6330	internal-	5	4	{Augustus_model.g2757.t1;Augustus}
8373	8328	INTRON			{snap_scaffold_3-snap.220-T1;snap},{GlimmerHMM_glimmerT_3194-T1;GlimmerHMM},{Augustus_model.g2757.t1;Augustus}
8845	8374	initial-	4	4	{GlimmerHMM_glimmerT_3194-T1;GlimmerHMM},{Augustus_model.g2757.t1;Augustus}

# EVM prediction: Mode:STANDARD S-ratio: 1.63 9080-10456 orient(+) score(2560.00) noncoding_equivalent(1567.14) raw_noncoding(1567.14) offset(0.00) 
9080	10456	single+	1	3	{GlimmerHMM_glimmerT_3195-T1;GlimmerHMM}

# EVM prediction: Mode:STANDARD S-ratio: 688.00 10536-12605 orient(-) score(6192.00) noncoding_equivalent(9.00) raw_noncoding(9.00) offset(0.00) 
12605	10536	single-	4	6	{GlimmerHMM_glimmerT_3196-T1;GlimmerHMM}

# EVM prediction: Mode:STANDARD S-ratio: 1.51 12891-14934 orient(+) score(3630.00) noncoding_equivalent(2408.16) raw_noncoding(2559.00) offset(150.84) 
12891	13565	initial+	1	3	{GlimmerHMM_glimmerT_3197-T1;GlimmerHMM}
13566	13591	INTRON			{GlimmerHMM_glimmerT_3197-T1;GlimmerHMM}
13592	14332	internal+	1	3	{GlimmerHMM_glimmerT_3197-T1;GlimmerHMM}
14333	14403	INTRON			{GlimmerHMM_glimmerT_3197-T1;GlimmerHMM}
14404	14934	terminal+	1	3	{GlimmerHMM_glimmerT_3197-T1;GlimmerHMM}

# EVM prediction: Mode:STANDARD S-ratio: 2.00 15856-17718 orient(-) score(3726.00) noncoding_equivalent(1863.00) raw_noncoding(1863.00) offset(0.00) 
17718	15856	single-	4	6	{Augustus_model.g2761.t1;Augustus},{GlimmerHMM_glimmerT_3198-T1;GlimmerHMM}

# EVM prediction: Mode:STANDARD S-ratio: 2.02 17848-18675 orient(-) score(1656.00) noncoding_equivalent(820.82) raw_noncoding(820.82) offset(0.00) 
18675	17848	single-	4	6	{Augustus_model.g2762.t1;Augustus},{GlimmerHMM_glimmerT_3199-T1;GlimmerHMM}

# EVM prediction: Mode:STANDARD S-ratio: 866.60 18941-23278 orient(+) score(12999.00) noncoding_equivalent(15.00) raw_noncoding(15.00) offset(0.00) 
18941	23278	single+	1	3	{GlimmerHMM_glimmerT_3200-T1;GlimmerHMM}

# EVM prediction: Mode:STANDARD S-ratio: 281.75 23646-24776 orient(+) score(3381.00) noncoding_equivalent(12.00) raw_noncoding(12.00) offset(0.00) 
23646	24776	single+	1	3	{Augustus_model.g2764.t1;Augustus},{GlimmerHMM_glimmerT_3201-T1;GlimmerHMM}

# EVM prediction: Mode:STANDARD S-ratio: 10.01 24855-25799 orient(-) score(2579.00) noncoding_equivalent(257.56) raw_noncoding(257.56) offset(0.00) 
25799	24855	single-	4	6	{GlimmerHMM_glimmerT_3202-T1;GlimmerHMM}

# EVM prediction: Mode:STANDARD S-ratio: 1.57 25890-27771 orient(+) score(3257.00) noncoding_equivalent(2081.04) raw_noncoding(3770.04) offset(1689.00) 
25890	25981	initial+	1	2	{Augustus_model.g2766.t1;Augustus}
25982	26044	INTRON			{Augustus_model.g2766.t1;Augustus}
26045	26266	internal+	3	2	{Augustus_model.g2766.t1;Augustus}
26267	27494	INTRON			{Augustus_model.g2766.t1;Augustus}
27495	27771	terminal+	3	3	{GlimmerHMM_glimmerT_3203-T1;GlimmerHMM}

# EVM prediction: Mode:STANDARD S-ratio: 66.36 28126-28866 orient(+) score(2190.00) noncoding_equivalent(33.00) raw_noncoding(33.00) offset(0.00) 
28126	28866	single+	1	3	{GlimmerHMM_glimmerT_3204-T1;GlimmerHMM}

# EVM prediction: Mode:STANDARD S-ratio: 10000.00 29902-30771 orient(-) score(2610.00) noncoding_equivalent(0.26) raw_noncoding(0.00) offset(0.00) 
30771	29902	single-	4	6	{GlimmerHMM_glimmerT_3206-T1;GlimmerHMM},{Augustus_model.g2767.t1;Augustus}

# EVM prediction: Mode:STANDARD S-ratio: 2.00 31108-31533 orient(-) score(852.00) noncoding_equivalent(426.00) raw_noncoding(426.00) offset(0.00) 
31533	31108	single-	4	6	{GlimmerHMM_glimmerT_3207-T1;GlimmerHMM}

# EVM prediction: Mode:STANDARD S-ratio: 618.44 32065-33132 orient(+) score(3197.00) noncoding_equivalent(5.17) raw_noncoding(5.17) offset(0.00) 
32065	33132	single+	1	3	{GlimmerHMM_glimmerT_3208-T1;GlimmerHMM},{Augustus_model.g2769.t1;Augustus}

# EVM prediction: Mode:STANDARD S-ratio: 336.50 33233-35257 orient(-) score(6057.00) noncoding_equivalent(18.00) raw_noncoding(18.00) offset(0.00) 
35257	33233	single-	4	6	{Augustus_model.g2770.t1;Augustus},{GlimmerHMM_glimmerT_3209-T1;GlimmerHMM}

# EVM prediction: Mode:STANDARD S-ratio: 10000.00 35692-38235 orient(-) score(7632.00) noncoding_equivalent(0.76) raw_noncoding(0.00) offset(0.00) 
38235	35692	single-	4	6	{Augustus_model.g2771.t1;Augustus},{GlimmerHMM_glimmerT_3210-T1;GlimmerHMM}

# EVM prediction: Mode:STANDARD S-ratio: 16.89 38691-39209 orient(+) score(1469.00) noncoding_equivalent(86.97) raw_noncoding(86.97) offset(0.00) 
38691	39209	single+	1	3	{GlimmerHMM_glimmerT_3211-T1;GlimmerHMM},{Augustus_model.g2772.t1;Augustus}

# EVM prediction: Mode:STANDARD S-ratio: 10000.00 39237-41513 orient(-) score(6831.00) noncoding_equivalent(0.68) raw_noncoding(0.00) offset(0.00) 
41513	39237	single-	4	6	{Augustus_model.g2773.t1;Augustus},{GlimmerHMM_glimmerT_3212-T1;GlimmerHMM}

# EVM prediction: Mode:STANDARD S-ratio: 8.93 41904-42437 orient(-) score(1440.00) noncoding_equivalent(161.26) raw_noncoding(161.26) offset(0.00) 
42437	41904	single-	4	6	{GlimmerHMM_glimmerT_3213-T1;GlimmerHMM},{Augustus_model.g2774.t1;Augustus}

# EVM prediction: Mode:STANDARD S-ratio: 11.82 42548-43711 orient(+) score(3268.00) noncoding_equivalent(276.55) raw_noncoding(331.00) offset(54.45) 
42548	42652	initial+	1	3	{Augustus_model.g2775.t1;Augustus},{GlimmerHMM_glimmerT_3214-T1;GlimmerHMM}
42653	42709	INTRON			{Augustus_model.g2775.t1;Augustus},{GlimmerHMM_glimmerT_3214-T1;GlimmerHMM}
42710	43711	terminal+	1	3	{Augustus_model.g2775.t1;Augustus},{GlimmerHMM_glimmerT_3214-T1;GlimmerHMM}

# EVM prediction: Mode:STANDARD S-ratio: 39.03 43741-45261 orient(-) score(4449.00) noncoding_equivalent(114.00) raw_noncoding(114.00) offset(0.00) 
45261	43741	single-	4	6	{Augustus_model.g2776.t1;Augustus},{GlimmerHMM_glimmerT_3215-T1;GlimmerHMM}

# EVM prediction: Mode:STANDARD S-ratio: 292.31 45417-49229 orient(-) score(11400.00) noncoding_equivalent(39.00) raw_noncoding(39.00) offset(0.00) 
49229	45417	single-	4	6	{GlimmerHMM_glimmerT_3216-T1;GlimmerHMM},{Augustus_model.g2777.t1;Augustus}

# EVM prediction: Mode:STANDARD S-ratio: 10000.00 49743-50726 orient(+) score(2952.00) noncoding_equivalent(0.30) raw_noncoding(0.00) offset(0.00) 
49743	50726	single+	1	3	{GlimmerHMM_glimmerT_3217-T1;GlimmerHMM},{Augustus_model.g2778.t1;Augustus}

# EVM prediction: Mode:STANDARD S-ratio: 10000.00 50762-54073 orient(-) score(9936.00) noncoding_equivalent(0.99) raw_noncoding(0.00) offset(0.00) 
54073	50762	single-	4	6	{Augustus_model.g2779.t1;Augustus},{GlimmerHMM_glimmerT_3218-T1;GlimmerHMM}

# EVM prediction: Mode:STANDARD S-ratio: 10000.00 54535-57855 orient(+) score(9963.00) noncoding_equivalent(1.00) raw_noncoding(0.00) offset(0.00) 
54535	57855	single+	1	3	{Augustus_model.g2780.t1;Augustus},{GlimmerHMM_glimmerT_3219-T1;GlimmerHMM}

# EVM prediction: Mode:STANDARD S-ratio: 2.00 57934-59223 orient(-) score(2580.00) noncoding_equivalent(1290.00) raw_noncoding(1290.00) offset(0.00) 
59223	57934	single-	4	6	{Augustus_model.g2781.t1;Augustus},{GlimmerHMM_glimmerT_3220-T1;GlimmerHMM}

# EVM prediction: Mode:STANDARD S-ratio: 119.81 60318-61127 orient(+) score(2408.00) noncoding_equivalent(20.10) raw_noncoding(20.10) offset(0.00) 
60318	61127	single+	1	3	{Augustus_model.g2782.t1;Augustus},{GlimmerHMM_glimmerT_3221-T1;GlimmerHMM}

# EVM prediction: Mode:STANDARD S-ratio: 34.23 61149-62522 orient(-) score(4005.00) noncoding_equivalent(117.00) raw_noncoding(117.00) offset(0.00) 
62522	61149	single-	4	6	{GlimmerHMM_glimmerT_3222-T1;GlimmerHMM},{Augustus_model.g2783.t1;Augustus}

# EVM prediction: Mode:STANDARD S-ratio: 191.25 62788-65094 orient(-) score(6885.00) noncoding_equivalent(36.00) raw_noncoding(36.00) offset(0.00) 
65094	62788	single-	4	6	{GlimmerHMM_glimmerT_3223-T1;GlimmerHMM},{Augustus_model.g2784.t1;Augustus}

# EVM prediction: Mode:STANDARD S-ratio: 611.18 65252-66274 orient(-) score(3062.00) noncoding_equivalent(5.01) raw_noncoding(5.01) offset(0.00) 
66274	65252	single-	4	6	{Augustus_model.g2785.t1;Augustus},{GlimmerHMM_glimmerT_3224-T1;GlimmerHMM}

# EVM prediction: Mode:STANDARD S-ratio: 0.97 66575-67663 orient(+) score(1605.00) noncoding_equivalent(1660.23) raw_noncoding(1660.23) offset(0.00) 
66575	67663	single+	1	3	{GlimmerHMM_glimmerT_3225-T1;GlimmerHMM}

# EVM prediction: Mode:STANDARD S-ratio: 34.07 68302-70270 orient(+) score(5587.00) noncoding_equivalent(164.01) raw_noncoding(448.23) offset(284.22) 
68302	68307	initial+	1	3	{snap_scaffold_3-snap.243-T1;snap}
68308	68461	INTRON			{snap_scaffold_3-snap.243-T1;snap}
68462	70270	terminal+	1	3	{Augustus_model.g2786.t1;Augustus},{snap_scaffold_3-snap.243-T1;snap}

# EVM prediction: Mode:STANDARD S-ratio: 16.30 70288-71073 orient(-) score(2217.00) noncoding_equivalent(136.00) raw_noncoding(136.00) offset(0.00) 
71073	70288	single-	4	6	{GlimmerHMM_glimmerT_3227-T1;GlimmerHMM},{Augustus_model.g2787.t1;Augustus}

# EVM prediction: Mode:STANDARD S-ratio: 27.09 71254-71883 orient(-) score(1815.00) noncoding_equivalent(67.00) raw_noncoding(67.00) offset(0.00) 
71883	71254	single-	4	6	{GlimmerHMM_glimmerT_3228-T1;GlimmerHMM},{Augustus_model.g2788.t1;Augustus}

# EVM prediction: Mode:STANDARD S-ratio: 449.77 72047-73576 orient(-) score(4578.00) noncoding_equivalent(10.18) raw_noncoding(10.18) offset(0.00) 
73576	72047	single-	4	6	{GlimmerHMM_glimmerT_3229-T1;GlimmerHMM},{Augustus_model.g2789.t1;Augustus}

# EVM prediction: Mode:STANDARD S-ratio: 32.81 73778-74566 orient(+) score(2297.00) noncoding_equivalent(70.01) raw_noncoding(70.01) offset(0.00) 
73778	74566	single+	1	3	{GlimmerHMM_glimmerT_3230-T1;GlimmerHMM}

# EVM prediction: Mode:STANDARD S-ratio: 1.68 74742-75322 orient(-) score(1162.00) noncoding_equivalent(690.48) raw_noncoding(694.48) offset(4.00) 
75224	74742	terminal-	4	6	{Augustus_model.g2791.t1;Augustus},{GlimmerHMM_glimmerT_3231-T1;GlimmerHMM}
75280	75225	INTRON			{Augustus_model.g2791.t1;Augustus},{GlimmerHMM_glimmerT_3231-T1;GlimmerHMM}
75322	75281	initial-	4	6	{Augustus_model.g2791.t1;Augustus},{GlimmerHMM_glimmerT_3231-T1;GlimmerHMM}

# EVM prediction: Mode:STANDARD S-ratio: 197.81 75494-76903 orient(+) score(4209.00) noncoding_equivalent(21.28) raw_noncoding(21.28) offset(0.00) 
75494	76903	single+	1	3	{Augustus_model.g2792.t1;Augustus},{GlimmerHMM_glimmerT_3232-T1;GlimmerHMM}

# EVM prediction: Mode:STANDARD S-ratio: 17.21 77000-77659 orient(+) score(1870.00) noncoding_equivalent(108.66) raw_noncoding(108.66) offset(0.00) 
77000	77659	single+	1	3	{GlimmerHMM_glimmerT_3233-T1;GlimmerHMM}

# EVM prediction: Mode:STANDARD S-ratio: 20.98 78252-79109 orient(+) score(2454.00) noncoding_equivalent(116.98) raw_noncoding(116.98) offset(0.00) 
78252	79109	single+	1	3	{GlimmerHMM_glimmerT_3234-T1;GlimmerHMM}

# EVM prediction: Mode:STANDARD S-ratio: 5.11 79157-79585 orient(-) score(858.00) noncoding_equivalent(167.83) raw_noncoding(167.83) offset(0.00) 
79585	79157	single-	4	6	{GlimmerHMM_glimmerT_3235-T1;GlimmerHMM},{Augustus_model.g2794.t1;Augustus}

# EVM prediction: Mode:STANDARD S-ratio: 10000.00 79831-81768 orient(+) score(5814.00) noncoding_equivalent(0.58) raw_noncoding(0.00) offset(0.00) 
79831	81768	single+	1	3	{Augustus_model.g2795.t1;Augustus},{GlimmerHMM_glimmerT_3236-T1;GlimmerHMM}

# EVM prediction: Mode:STANDARD S-ratio: 465.08 81790-83361 orient(-) score(4704.00) noncoding_equivalent(10.11) raw_noncoding(10.11) offset(0.00) 
83361	81790	single-	4	6	{GlimmerHMM_glimmerT_3237-T1;GlimmerHMM},{Augustus_model.g2796.t1;Augustus}

# EVM prediction: Mode:STANDARD S-ratio: 2.00 83546-85489 orient(-) score(3888.00) noncoding_equivalent(1943.33) raw_noncoding(1943.33) offset(0.00) 
85489	83546	single-	4	6	{GlimmerHMM_glimmerT_3238-T1;GlimmerHMM},{Augustus_model.g2797.t1;Augustus}

# EVM prediction: Mode:STANDARD S-ratio: 2.03 86053-87210 orient(+) score(2316.00) noncoding_equivalent(1138.29) raw_noncoding(1138.29) offset(0.00) 
86053	87210	single+	1	3	{Augustus_model.g2798.t1;Augustus},{GlimmerHMM_glimmerT_3239-T1;GlimmerHMM}

# EVM prediction: Mode:STANDARD S-ratio: 2.00 87537-88256 orient(+) score(1440.00) noncoding_equivalent(720.00) raw_noncoding(720.00) offset(0.00) 
87537	88256	single+	1	3	{Augustus_model.g2799.t1;Augustus}

# EVM prediction: Mode:STANDARD S-ratio: 70.65 88315-91968 orient(-) score(10809.00) noncoding_equivalent(153.00) raw_noncoding(153.00) offset(0.00) 
91968	88315	single-	4	6	{GlimmerHMM_glimmerT_3241-T1;GlimmerHMM},{Augustus_model.g2800.t1;Augustus}

# EVM prediction: Mode:STANDARD S-ratio: 1.95 92218-93814 orient(+) score(3194.00) noncoding_equivalent(1641.00) raw_noncoding(1689.00) offset(48.00) 
92218	92310	initial+	1	3	{Augustus_model.g2801.t1;Augustus},{GlimmerHMM_glimmerT_3242-T1;GlimmerHMM}
92311	92356	INTRON			{Augustus_model.g2801.t1;Augustus},{GlimmerHMM_glimmerT_3242-T1;GlimmerHMM}
92357	93814	terminal+	1	3	{Augustus_model.g2801.t1;Augustus},{GlimmerHMM_glimmerT_3242-T1;GlimmerHMM}

# EVM prediction: Mode:STANDARD S-ratio: 103.21 94700-96679 orient(-) score(5883.00) noncoding_equivalent(57.00) raw_noncoding(57.00) offset(0.00) 
96679	94700	single-	4	6	{GlimmerHMM_glimmerT_3243-T1;GlimmerHMM},{Augustus_model.g2802.t1;Augustus}

# EVM prediction: Mode:STANDARD S-ratio: 10000.00 97363-98514 orient(+) score(3456.00) noncoding_equivalent(0.35) raw_noncoding(0.00) offset(0.00) 
97363	98514	single+	1	3	{GlimmerHMM_glimmerT_3244-T1;GlimmerHMM},{Augustus_model.g2803.t1;Augustus}

# EVM prediction: Mode:STANDARD S-ratio: 2.00 98614-99522 orient(-) score(1818.00) noncoding_equivalent(909.00) raw_noncoding(909.00) offset(0.00) 
99522	98614	single-	4	6	{Augustus_model.g2804.t1;Augustus},{GlimmerHMM_glimmerT_3245-T1;GlimmerHMM}

