!! Predictions spanning range 704 - 99024 [R1]
# EVM prediction: Mode:STANDARD S-ratio: 8.83 704-3933 orient(-) score(9648.00) noncoding_equivalent(1092.42) raw_noncoding(1300.92) offset(208.50) 
3003	704	terminal-	5	6	{snap_scaffold_1-snap.1-T1;snap},{GlimmerHMM_glimmerT_1-T1;GlimmerHMM}
3548	3004	INTRON			{snap_scaffold_1-snap.1-T1;snap}
3933	3549	initial-	4	4	{snap_scaffold_1-snap.1-T1;snap}

# EVM prediction: Mode:STANDARD S-ratio: 255.74 6988-7737 orient(+) score(2989.00) noncoding_equivalent(11.69) raw_noncoding(11.69) offset(0.00) 
6988	7737	single+	1	3	{GlimmerHMM_glimmerT_2-T1;GlimmerHMM},{Augustus_model.g2.t1;Augustus}

# EVM prediction: Mode:STANDARD S-ratio: 88.84 9191-10897 orient(-) score(5064.00) noncoding_equivalent(57.00) raw_noncoding(57.00) offset(0.00) 
10897	9191	single-	4	6	{GlimmerHMM_glimmerT_3-T1;GlimmerHMM},{Augustus_model.g3.t1;Augustus}

# EVM prediction: Mode:STANDARD S-ratio: 6.27 13078-14940 orient(+) score(4821.00) noncoding_equivalent(768.89) raw_noncoding(768.89) offset(0.00) 
13078	14940	single+	1	3	{GlimmerHMM_glimmerT_4-T1;GlimmerHMM}

# EVM prediction: Mode:STANDARD S-ratio: 273.40 15987-17015 orient(+) score(4101.00) noncoding_equivalent(15.00) raw_noncoding(15.00) offset(0.00) 
15987	17015	single+	1	3	{Augustus_model.g5.t1;Augustus},{GlimmerHMM_glimmerT_5-T1;GlimmerHMM}

# EVM prediction: Mode:STANDARD S-ratio: 28.95 17231-17926 orient(+) score(2692.00) noncoding_equivalent(92.99) raw_noncoding(92.99) offset(0.00) 
17231	17926	single+	1	3	{Augustus_model.g6.t1;Augustus},{GlimmerHMM_glimmerT_6-T1;GlimmerHMM}

# EVM prediction: Mode:STANDARD S-ratio: 4.84 18047-19858 orient(-) score(9009.00) noncoding_equivalent(1863.00) raw_noncoding(1863.00) offset(0.00) 
19858	18047	single-	4	6	{GlimmerHMM_glimmerT_7-T1;GlimmerHMM},{HiQ_model.g7.t1;HiQ}

# EVM prediction: Mode:STANDARD S-ratio: 5.00 20217-20927 orient(-) score(3555.00) noncoding_equivalent(711.00) raw_noncoding(711.00) offset(0.00) 
20927	20217	single-	4	6	{HiQ_model.g8.t1;HiQ},{GlimmerHMM_glimmerT_8-T1;GlimmerHMM}

# EVM prediction: Mode:STANDARD S-ratio: 3.99 21148-21732 orient(+) score(2340.00) noncoding_equivalent(586.40) raw_noncoding(586.40) offset(0.00) 
21148	21732	single+	1	3	{GlimmerHMM_glimmerT_9-T1;GlimmerHMM},{Augustus_model.g9.t1;Augustus}

# EVM prediction: Mode:STANDARD S-ratio: 2.50 21839-25060 orient(-) score(16103.00) noncoding_equivalent(6451.02) raw_noncoding(6451.02) offset(0.00) 
25060	21839	single-	4	6	{HiQ_model.g10.t1;HiQ}

# EVM prediction: Mode:STANDARD S-ratio: 149.06 25382-26833 orient(+) score(5770.00) noncoding_equivalent(38.71) raw_noncoding(38.71) offset(0.00) 
25382	26833	single+	1	3	{Augustus_model.g11.t1;Augustus},{GlimmerHMM_glimmerT_11-T1;GlimmerHMM}

# EVM prediction: Mode:STANDARD S-ratio: 2.38 26876-27385 orient(-) score(2040.00) noncoding_equivalent(857.50) raw_noncoding(857.50) offset(0.00) 
27385	26876	single-	4	6	{GlimmerHMM_glimmerT_12-T1;GlimmerHMM},{HiQ_model.g12.t1;HiQ}

# EVM prediction: Mode:STANDARD S-ratio: 55.53 27829-28551 orient(+) score(2841.00) noncoding_equivalent(51.16) raw_noncoding(51.16) offset(0.00) 
27829	28551	single+	1	3	{GlimmerHMM_glimmerT_13-T1;GlimmerHMM}

# EVM prediction: Mode:STANDARD S-ratio: 58.68 28723-30810 orient(+) score(8211.00) noncoding_equivalent(139.93) raw_noncoding(139.93) offset(0.00) 
28723	30810	single+	1	3	{GlimmerHMM_glimmerT_14-T1;GlimmerHMM}

# EVM prediction: Mode:STANDARD S-ratio: 560.75 31030-32301 orient(+) score(5077.00) noncoding_equivalent(9.05) raw_noncoding(9.05) offset(0.00) 
31030	32301	single+	1	3	{GlimmerHMM_glimmerT_15-T1;GlimmerHMM}

# EVM prediction: Mode:STANDARD S-ratio: 4.96 32652-33293 orient(-) score(3206.00) noncoding_equivalent(646.09) raw_noncoding(646.09) offset(0.00) 
33293	32652	single-	4	6	{HiQ_model.g14.t1;HiQ},{GlimmerHMM_glimmerT_16-T1;GlimmerHMM}

# EVM prediction: Mode:STANDARD S-ratio: 4.51 33594-37616 orient(-) score(19758.00) noncoding_equivalent(4380.00) raw_noncoding(4380.00) offset(0.00) 
37616	33594	single-	4	6	{HiQ_model.g15.t1;HiQ},{GlimmerHMM_glimmerT_17-T1;GlimmerHMM}

# EVM prediction: Mode:STANDARD S-ratio: 59.43 37887-39380 orient(+) score(5879.00) noncoding_equivalent(98.92) raw_noncoding(98.92) offset(0.00) 
37887	39380	single+	1	3	{Augustus_model.g16.t1;Augustus},{GlimmerHMM_glimmerT_18-T1;GlimmerHMM}

# EVM prediction: Mode:STANDARD S-ratio: 4.75 39827-41020 orient(-) score(5919.00) noncoding_equivalent(1245.00) raw_noncoding(1245.00) offset(0.00) 
41020	39827	single-	4	6	{GlimmerHMM_glimmerT_19-T1;GlimmerHMM},{HiQ_model.g17.t1;HiQ}

# EVM prediction: Mode:STANDARD S-ratio: 4.44 41643-42311 orient(-) score(3276.00) noncoding_equivalent(738.00) raw_noncoding(738.00) offset(0.00) 
42311	41643	single-	4	6	{HiQ_model.g18.t1;HiQ},{GlimmerHMM_glimmerT_20-T1;GlimmerHMM}

# EVM prediction: Mode:STANDARD S-ratio: 363.84 42592-42957 orient(+) score(1460.00) noncoding_equivalent(4.01) raw_noncoding(4.01) offset(0.00) 
42592	42957	single+	1	3	{GlimmerHMM_glimmerT_21-T1;GlimmerHMM}

# EVM prediction: Mode:STANDARD S-ratio: 22.03 43570-45076 orient(+) score(4244.00) noncoding_equivalent(192.69) raw_noncoding(326.75) offset(134.06) 
43570	44947	initial+	1	1	{snap_scaffold_1-snap.19-T1;snap}
44948	45032	INTRON			{snap_scaffold_1-snap.19-T1;snap}
45033	45076	terminal+	2	3	{snap_scaffold_1-snap.19-T1;snap}

# EVM prediction: Mode:STANDARD S-ratio: 70.60 45298-45624 orient(+) score(1290.00) noncoding_equivalent(18.27) raw_noncoding(18.27) offset(0.00) 
45298	45624	single+	1	3	{GlimmerHMM_glimmerT_23-T1;GlimmerHMM}

# EVM prediction: Mode:STANDARD S-ratio: 432.77 46667-49246 orient(+) score(10297.00) noncoding_equivalent(23.79) raw_noncoding(23.79) offset(0.00) 
46667	49246	single+	1	3	{GlimmerHMM_glimmerT_24-T1;GlimmerHMM},{Augustus_model.g20.t1;Augustus}

# EVM prediction: Mode:STANDARD S-ratio: 3.00 49824-50378 orient(+) score(1665.00) noncoding_equivalent(555.00) raw_noncoding(555.00) offset(0.00) 
49824	50378	single+	1	3	{GlimmerHMM_glimmerT_25-T1;GlimmerHMM},{Augustus_model.g21.t1;Augustus}

# EVM prediction: Mode:STANDARD S-ratio: 33.15 50616-51743 orient(-) score(3286.00) noncoding_equivalent(99.12) raw_noncoding(99.12) offset(0.00) 
51743	50616	single-	4	6	{GlimmerHMM_glimmerT_26-T1;GlimmerHMM},{Augustus_model.g22.t1;Augustus}

# EVM prediction: Mode:STANDARD S-ratio: 2.40 52613-53451 orient(+) score(2933.00) noncoding_equivalent(1224.00) raw_noncoding(1230.00) offset(6.00) 
52613	52625	initial+	1	1	{Augustus_model.g23.t1;Augustus},{snap_scaffold_1-snap.23-T1;snap},{GlimmerHMM_glimmerT_27-T1;GlimmerHMM}
52626	53035	INTRON			{Augustus_model.g23.t1;Augustus},{snap_scaffold_1-snap.23-T1;snap},{GlimmerHMM_glimmerT_27-T1;GlimmerHMM}
53036	53451	terminal+	2	3	{Augustus_model.g23.t1;Augustus},{snap_scaffold_1-snap.23-T1;snap},{GlimmerHMM_glimmerT_27-T1;GlimmerHMM}

# EVM prediction: Mode:STANDARD S-ratio: 4.99 54047-55180 orient(-) score(5664.00) noncoding_equivalent(1134.00) raw_noncoding(1134.00) offset(0.00) 
55180	54047	single-	4	6	{GlimmerHMM_glimmerT_28-T1;GlimmerHMM},{HiQ_model.g24.t1;HiQ}

# EVM prediction: Mode:STANDARD S-ratio: 3.00 56243-57526 orient(+) score(3852.00) noncoding_equivalent(1284.00) raw_noncoding(1284.00) offset(0.00) 
56243	57526	single+	1	3	{Augustus_model.g25.t1;Augustus}

# EVM prediction: Mode:STANDARD S-ratio: 4.90 57716-59017 orient(-) score(6488.00) noncoding_equivalent(1324.56) raw_noncoding(1324.56) offset(0.00) 
59017	57716	single-	4	6	{HiQ_model.g26.t1;HiQ},{GlimmerHMM_glimmerT_30-T1;GlimmerHMM}

# EVM prediction: Mode:STANDARD S-ratio: 1561.23 60104-61708 orient(+) score(6416.00) noncoding_equivalent(4.11) raw_noncoding(4.11) offset(0.00) 
60104	61708	single+	1	3	{Augustus_model.g27.t1;Augustus},{GlimmerHMM_glimmerT_31-T1;GlimmerHMM}

# EVM prediction: Mode:STANDARD S-ratio: 4.98 61952-63679 orient(-) score(8635.00) noncoding_equivalent(1733.19) raw_noncoding(1733.19) offset(0.00) 
63679	61952	single-	4	6	{HiQ_model.g28.t1;HiQ},{GlimmerHMM_glimmerT_32-T1;GlimmerHMM}

# EVM prediction: Mode:STANDARD S-ratio: 3.74 64286-65111 orient(-) score(4545.00) noncoding_equivalent(1215.00) raw_noncoding(1608.00) offset(393.00) 
64700	64286	terminal-	6	6	{snap_scaffold_1-snap.28-T1;snap},{HiQ_model.g29.t1;HiQ},{GlimmerHMM_glimmerT_33-T1;GlimmerHMM}
65091	64701	INTRON			{snap_scaffold_1-snap.28-T1;snap},{HiQ_model.g29.t1;HiQ},{GlimmerHMM_glimmerT_33-T1;GlimmerHMM},{ev_type:exonerate/ID=match.147026.5010/Target=YOL121C;exonerate}
65111	65092	initial-	4	5	{snap_scaffold_1-snap.28-T1;snap},{HiQ_model.g29.t1;HiQ},{GlimmerHMM_glimmerT_33-T1;GlimmerHMM}

# EVM prediction: Mode:STANDARD S-ratio: 5.56 65656-66662 orient(-) score(5596.00) noncoding_equivalent(1007.00) raw_noncoding(1851.00) offset(844.00) 
66104	65656	terminal-	5	6	{snap_scaffold_1-snap.29-T1;snap},{HiQ_model.g30.t1;HiQ},{GlimmerHMM_glimmerT_34-T1;GlimmerHMM}
66550	66105	INTRON			{HiQ_model.g30.t1;HiQ},{GlimmerHMM_glimmerT_34-T1;GlimmerHMM},{ev_type:exonerate/ID=match.147026.2240/Target=YNL301C;exonerate},{ev_type:exonerate/ID=match.147026.551/Target=YOL120C;exonerate}
66662	66551	initial-	4	4	{snap_scaffold_1-snap.29-T1;snap},{HiQ_model.g30.t1;HiQ},{GlimmerHMM_glimmerT_34-T1;GlimmerHMM}

# EVM prediction: Mode:STANDARD S-ratio: 4.33 67109-68638 orient(-) score(7401.00) noncoding_equivalent(1710.00) raw_noncoding(1710.00) offset(0.00) 
68638	67109	single-	4	6	{GlimmerHMM_glimmerT_35-T1;GlimmerHMM},{HiQ_model.g31.t1;HiQ}

# EVM prediction: Mode:STANDARD S-ratio: 74.16 69826-71763 orient(+) score(7650.00) noncoding_equivalent(103.16) raw_noncoding(103.16) offset(0.00) 
69826	71763	single+	1	3	{Augustus_model.g32.t1;Augustus},{GlimmerHMM_glimmerT_36-T1;GlimmerHMM}

# EVM prediction: Mode:STANDARD S-ratio: 10000.00 72084-73232 orient(+) score(4596.00) noncoding_equivalent(0.46) raw_noncoding(0.00) offset(0.00) 
72084	73232	single+	1	3	{GlimmerHMM_glimmerT_37-T1;GlimmerHMM},{Augustus_model.g33.t1;Augustus}

# EVM prediction: Mode:STANDARD S-ratio: 110.43 73750-75504 orient(+) score(6957.00) noncoding_equivalent(63.00) raw_noncoding(63.00) offset(0.00) 
73750	75504	single+	1	3	{GlimmerHMM_glimmerT_38-T1;GlimmerHMM},{Augustus_model.g34.t1;Augustus}

# EVM prediction: Mode:STANDARD S-ratio: 1.00 75592-76137 orient(-) score(1092.00) noncoding_equivalent(1092.00) raw_noncoding(1092.00) offset(0.00) 
76137	75592	single-	4	6	{GlimmerHMM_glimmerT_39-T1;GlimmerHMM}

# EVM prediction: Mode:STANDARD S-ratio: 71.53 76599-78566 orient(+) score(5823.00) noncoding_equivalent(81.41) raw_noncoding(81.41) offset(0.00) 
76599	78566	single+	1	3	{Augustus_model.g35.t1;Augustus},{GlimmerHMM_glimmerT_40-T1;GlimmerHMM}

# EVM prediction: Mode:STANDARD S-ratio: 140.86 78987-80459 orient(+) score(5851.00) noncoding_equivalent(41.54) raw_noncoding(41.54) offset(0.00) 
78987	80459	single+	1	3	{GlimmerHMM_glimmerT_41-T1;GlimmerHMM},{Augustus_model.g36.t1;Augustus}

# EVM prediction: Mode:STANDARD S-ratio: 2.05 80529-81167 orient(-) score(2556.00) noncoding_equivalent(1247.19) raw_noncoding(1247.19) offset(0.00) 
81167	80529	single-	4	6	{HiQ_model.g37.t1;HiQ},{GlimmerHMM_glimmerT_42-T1;GlimmerHMM}

# EVM prediction: Mode:STANDARD S-ratio: 1.00 81447-82160 orient(+) score(1428.00) noncoding_equivalent(1428.00) raw_noncoding(1428.00) offset(0.00) 
81447	82160	single+	1	3	{GlimmerHMM_glimmerT_43-T1;GlimmerHMM}

# EVM prediction: Mode:STANDARD S-ratio: 38.35 82568-82909 orient(+) score(1000.00) noncoding_equivalent(26.08) raw_noncoding(26.08) offset(0.00) 
82568	82909	single+	1	3	{GlimmerHMM_glimmerT_44-T1;GlimmerHMM},{Augustus_model.g38.t1;Augustus}

# EVM prediction: Mode:STANDARD S-ratio: 2.00 83810-84265 orient(-) score(1824.00) noncoding_equivalent(912.00) raw_noncoding(912.00) offset(0.00) 
84265	83810	single-	4	6	{HiQ_model.g39.t1;HiQ},{GlimmerHMM_glimmerT_45-T1;GlimmerHMM}

# EVM prediction: Mode:STANDARD S-ratio: 195.00 84481-85509 orient(+) score(4095.00) noncoding_equivalent(21.00) raw_noncoding(21.00) offset(0.00) 
84481	85509	single+	1	3	{Augustus_model.g40.t1;Augustus},{GlimmerHMM_glimmerT_46-T1;GlimmerHMM}

# EVM prediction: Mode:STANDARD S-ratio: 1.91 86515-88281 orient(-) score(4087.00) noncoding_equivalent(2140.00) raw_noncoding(2140.00) offset(0.00) 
88281	86515	single-	4	6	{GlimmerHMM_glimmerT_47-T1;GlimmerHMM}

# EVM prediction: Mode:STANDARD S-ratio: 4.91 88869-89927 orient(-) score(5278.00) noncoding_equivalent(1074.06) raw_noncoding(1074.06) offset(0.00) 
89927	88869	single-	4	6	{GlimmerHMM_glimmerT_48-T1;GlimmerHMM},{HiQ_model.g42.t1;HiQ}

# EVM prediction: Mode:STANDARD S-ratio: 45.21 90534-92372 orient(+) score(7188.00) noncoding_equivalent(159.00) raw_noncoding(159.00) offset(0.00) 
90534	92372	single+	1	3	{GlimmerHMM_glimmerT_49-T1;GlimmerHMM}

# EVM prediction: Mode:STANDARD S-ratio: 4.75 92539-93231 orient(-) score(3435.00) noncoding_equivalent(723.00) raw_noncoding(723.00) offset(0.00) 
93231	92539	single-	4	6	{GlimmerHMM_glimmerT_50-T1;GlimmerHMM},{HiQ_model.g44.t1;HiQ}

# EVM prediction: Mode:STANDARD S-ratio: 1.00 93524-94462 orient(-) score(1878.00) noncoding_equivalent(1878.00) raw_noncoding(1878.00) offset(0.00) 
94462	93524	single-	4	6	{GlimmerHMM_glimmerT_51-T1;GlimmerHMM}

# EVM prediction: Mode:STANDARD S-ratio: 9.53 95779-99024 orient(+) score(9734.00) noncoding_equivalent(1021.25) raw_noncoding(1021.25) offset(0.00) 
95779	99024	single+	1	3	{Augustus_model.g45.t1;Augustus},{GlimmerHMM_glimmerT_52-T1;GlimmerHMM}

