!! Predictions spanning range 898 - 96075 [R1]
# EVM prediction: Mode:STANDARD S-ratio: 2.63 898-1215 orient(-) score(636.00) noncoding_equivalent(242.00) raw_noncoding(242.00) offset(0.00) 
1215	898	initial-	4	6	{Augustus_model.g1647.t1;Augustus}

# EVM prediction: Mode:STANDARD S-ratio: 4.95 2322-4151 orient(-) score(9134.00) noncoding_equivalent(1844.16) raw_noncoding(1844.16) offset(0.00) 
4151	2322	single-	4	6	{GlimmerHMM_glimmerT_1839-T1;GlimmerHMM},{HiQ_model.g1648.t1;HiQ}

# EVM prediction: Mode:STANDARD S-ratio: 4.74 5010-6866 orient(-) score(9201.00) noncoding_equivalent(1941.00) raw_noncoding(1941.00) offset(0.00) 
6866	5010	single-	4	6	{GlimmerHMM_glimmerT_1840-T1;GlimmerHMM},{HiQ_model.g1649.t1;HiQ}

# EVM prediction: Mode:STANDARD S-ratio: 2.00 7638-8351 orient(-) score(2856.00) noncoding_equivalent(1428.00) raw_noncoding(1428.00) offset(0.00) 
8351	7638	single-	4	6	{HiQ_model.g1650.t1;HiQ}

# EVM prediction: Mode:STANDARD S-ratio: 309.13 8798-9433 orient(+) score(1900.00) noncoding_equivalent(6.15) raw_noncoding(6.15) offset(0.00) 
8798	9433	single+	1	3	{Augustus_model.g1651.t1;Augustus},{GlimmerHMM_glimmerT_1842-T1;GlimmerHMM}

# EVM prediction: Mode:STANDARD S-ratio: 212.13 10404-11048 orient(+) score(2566.00) noncoding_equivalent(12.10) raw_noncoding(12.10) offset(0.00) 
10404	11048	single+	1	3	{Augustus_model.g1652.t1;Augustus},{GlimmerHMM_glimmerT_1843-T1;GlimmerHMM}

# EVM prediction: Mode:STANDARD S-ratio: 59.99 11584-14352 orient(+) score(8170.00) noncoding_equivalent(136.20) raw_noncoding(136.20) offset(0.00) 
11584	14352	single+	1	3	{GlimmerHMM_glimmerT_1844-T1;GlimmerHMM},{Augustus_model.g1653.t1;Augustus}

# EVM prediction: Mode:STANDARD S-ratio: 12.63 14657-17587 orient(+) score(8148.00) noncoding_equivalent(645.00) raw_noncoding(645.00) offset(0.00) 
14657	17587	single+	1	3	{GlimmerHMM_glimmerT_1845-T1;GlimmerHMM}

# EVM prediction: Mode:STANDARD S-ratio: 2.00 18847-19908 orient(+) score(2124.00) noncoding_equivalent(1062.00) raw_noncoding(1062.00) offset(0.00) 
18847	19908	single+	1	3	{Augustus_model.g1655.t1;Augustus},{GlimmerHMM_glimmerT_1846-T1;GlimmerHMM}

# EVM prediction: Mode:STANDARD S-ratio: 5.00 20401-20889 orient(-) score(2445.00) noncoding_equivalent(489.00) raw_noncoding(489.00) offset(0.00) 
20889	20401	single-	4	6	{GlimmerHMM_glimmerT_1847-T1;GlimmerHMM},{HiQ_model.g1656.t1;HiQ}

# EVM prediction: Mode:STANDARD S-ratio: 8.04 21749-23383 orient(+) score(6128.00) noncoding_equivalent(762.00) raw_noncoding(1116.00) offset(354.00) 
21749	21806	initial+	1	1	{GlimmerHMM_glimmerT_1848-T1;GlimmerHMM},{Augustus_model.g1657.t1;Augustus}
21807	22160	INTRON			{GlimmerHMM_glimmerT_1848-T1;GlimmerHMM},{Augustus_model.g1657.t1;Augustus},{ev_type:exonerate/ID=match.111469.2731/Target=YBR078W;exonerate}
22161	23383	terminal+	2	3	{snap_scaffold_4-snap.235-T1;snap},{GlimmerHMM_glimmerT_1848-T1;GlimmerHMM},{Augustus_model.g1657.t1;Augustus}

# EVM prediction: Mode:STANDARD S-ratio: 5.00 24097-26994 orient(-) score(14485.00) noncoding_equivalent(2897.00) raw_noncoding(2897.00) offset(0.00) 
26994	24097	single-	4	6	{HiQ_model.g1658.t1;HiQ},{GlimmerHMM_glimmerT_1849-T1;GlimmerHMM}

# EVM prediction: Mode:STANDARD S-ratio: 967.46 27336-29612 orient(-) score(6822.00) noncoding_equivalent(7.05) raw_noncoding(7.05) offset(0.00) 
29612	27336	single-	4	6	{Augustus_model.g1659.t1;Augustus},{GlimmerHMM_glimmerT_1850-T1;GlimmerHMM}

# EVM prediction: Mode:STANDARD S-ratio: 166.29 29983-34122 orient(-) score(12301.00) noncoding_equivalent(73.97) raw_noncoding(75.97) offset(2.00) 
33541	29983	terminal-	6	6	{GlimmerHMM_glimmerT_1851-T1;GlimmerHMM}
33580	33542	INTRON			{GlimmerHMM_glimmerT_1851-T1;GlimmerHMM}
34122	33581	initial-	4	5	{GlimmerHMM_glimmerT_1851-T1;GlimmerHMM}

# EVM prediction: Mode:STANDARD S-ratio: 5.44 36537-37043 orient(-) score(1208.00) noncoding_equivalent(222.07) raw_noncoding(404.20) offset(182.13) 
36934	36537	terminal-	5	6	{snap_scaffold_4-snap.239-T1;snap}
36968	36935	INTRON			{snap_scaffold_4-snap.239-T1;snap}
36975	36969	internal-	4	4	{snap_scaffold_4-snap.239-T1;snap}
37034	36976	INTRON			{snap_scaffold_4-snap.239-T1;snap}
37043	37035	initial-	4	6	{snap_scaffold_4-snap.239-T1;snap}

# EVM prediction: Mode:STANDARD S-ratio: 67.66 39109-40572 orient(+) score(5769.00) noncoding_equivalent(85.27) raw_noncoding(85.27) offset(0.00) 
39109	40572	single+	1	3	{Augustus_model.g1662.t1;Augustus}

# EVM prediction: Mode:STANDARD S-ratio: 389.40 41030-43957 orient(+) score(11682.00) noncoding_equivalent(30.00) raw_noncoding(30.00) offset(0.00) 
41030	43957	single+	1	3	{GlimmerHMM_glimmerT_1854-T1;GlimmerHMM},{Augustus_model.g1663.t1;Augustus}

# EVM prediction: Mode:STANDARD S-ratio: 6.67 44258-45233 orient(-) score(3249.00) noncoding_equivalent(486.79) raw_noncoding(1130.57) offset(643.78) 
44825	44258	terminal-	6	6	{GlimmerHMM_glimmerT_1855-T1;GlimmerHMM},{Augustus_model.g1664.t1;Augustus}
45150	44826	INTRON			{Augustus_model.g1664.t1;Augustus}
45233	45151	initial-	4	5	{Augustus_model.g1664.t1;Augustus}

# EVM prediction: Mode:STANDARD S-ratio: 10000.00 46057-46980 orient(+) score(4602.00) noncoding_equivalent(0.46) raw_noncoding(0.00) offset(0.00) 
46057	46980	single+	1	3	{Augustus_model.g1665.t1;Augustus},{GlimmerHMM_glimmerT_1856-T1;GlimmerHMM}

# EVM prediction: Mode:STANDARD S-ratio: 9.48 47149-48465 orient(-) score(3271.00) noncoding_equivalent(345.02) raw_noncoding(983.75) offset(638.74) 
48125	47149	terminal-	5	6	{Augustus_model.g1666.t1;Augustus},{snap_scaffold_4-snap.244-T1;snap}
48458	48126	INTRON			{snap_scaffold_4-snap.244-T1;snap}
48465	48459	initial-	4	4	{snap_scaffold_4-snap.244-T1;snap}

# EVM prediction: Mode:STANDARD S-ratio: 2.84 49016-49273 orient(-) score(763.00) noncoding_equivalent(269.02) raw_noncoding(269.02) offset(0.00) 
49273	49016	single-	4	6	{GlimmerHMM_glimmerT_1858-T1;GlimmerHMM}

# EVM prediction: Mode:STANDARD S-ratio: 10000.00 50330-53140 orient(-) score(8430.00) noncoding_equivalent(0.84) raw_noncoding(0.00) offset(0.00) 
53140	50330	single-	4	6	{GlimmerHMM_glimmerT_1859-T1;GlimmerHMM},{Augustus_model.g1667.t1;Augustus}

# EVM prediction: Mode:STANDARD S-ratio: 3.01 53854-54918 orient(+) score(3195.00) noncoding_equivalent(1060.27) raw_noncoding(1060.27) offset(0.00) 
53854	54918	single+	1	3	{Augustus_model.g1668.t1;Augustus},{GlimmerHMM_glimmerT_1860-T1;GlimmerHMM}

# EVM prediction: Mode:STANDARD S-ratio: 5.00 55066-55842 orient(-) score(3880.00) noncoding_equivalent(776.00) raw_noncoding(776.00) offset(0.00) 
55842	55066	single-	4	6	{GlimmerHMM_glimmerT_1861-T1;GlimmerHMM},{HiQ_model.g1669.t1;HiQ}

# EVM prediction: Mode:STANDARD S-ratio: 2.50 56266-56565 orient(-) score(1481.00) noncoding_equivalent(593.07) raw_noncoding(593.07) offset(0.00) 
56565	56266	single-	4	6	{HiQ_model.g1670.t1;HiQ},{GlimmerHMM_glimmerT_1862-T1;GlimmerHMM}

# EVM prediction: Mode:STANDARD S-ratio: 2.93 57258-57587 orient(-) score(966.00) noncoding_equivalent(330.00) raw_noncoding(330.00) offset(0.00) 
57587	57258	single-	4	6	{GlimmerHMM_glimmerT_1863-T1;GlimmerHMM}

# EVM prediction: Mode:STANDARD S-ratio: 1.54 57810-59112 orient(-) score(797.00) noncoding_equivalent(518.82) raw_noncoding(899.35) offset(380.53) 
58081	57810	terminal-	5	6	{snap_scaffold_4-snap.247-T1;snap}
59105	58082	INTRON			{snap_scaffold_4-snap.247-T1;snap}
59112	59106	initial-	4	4	{snap_scaffold_4-snap.247-T1;snap}

# EVM prediction: Mode:STANDARD S-ratio: 15.49 59777-60088 orient(-) score(876.00) noncoding_equivalent(56.55) raw_noncoding(56.55) offset(0.00) 
60088	59777	single-	4	6	{GlimmerHMM_glimmerT_1865-T1;GlimmerHMM}

# EVM prediction: Mode:STANDARD S-ratio: 10000.00 62340-64589 orient(+) score(9000.00) noncoding_equivalent(0.90) raw_noncoding(0.00) offset(0.00) 
62340	64589	single+	1	3	{Augustus_model.g1673.t1;Augustus},{GlimmerHMM_glimmerT_1866-T1;GlimmerHMM}

# EVM prediction: Mode:STANDARD S-ratio: 31.70 64707-66014 orient(-) score(3804.00) noncoding_equivalent(120.00) raw_noncoding(120.00) offset(0.00) 
66014	64707	single-	4	6	{GlimmerHMM_glimmerT_1867-T1;GlimmerHMM},{Augustus_model.g1674.t1;Augustus}

# EVM prediction: Mode:STANDARD S-ratio: 2.96 66356-67048 orient(+) score(2073.00) noncoding_equivalent(699.77) raw_noncoding(699.77) offset(0.00) 
66356	67048	single+	1	3	{GlimmerHMM_glimmerT_1868-T1;GlimmerHMM}

# EVM prediction: Mode:STANDARD S-ratio: 134.68 67288-71652 orient(+) score(17330.00) noncoding_equivalent(128.67) raw_noncoding(128.67) offset(0.00) 
67288	71652	single+	1	3	{GlimmerHMM_glimmerT_1869-T1;GlimmerHMM}

# EVM prediction: Mode:STANDARD S-ratio: 850.86 71849-73906 orient(+) score(6165.00) noncoding_equivalent(7.25) raw_noncoding(7.25) offset(0.00) 
71849	73906	single+	1	3	{GlimmerHMM_glimmerT_1870-T1;GlimmerHMM},{Augustus_model.g1676.t1;Augustus}

# EVM prediction: Mode:STANDARD S-ratio: 4.88 74137-75012 orient(-) score(4356.00) noncoding_equivalent(892.14) raw_noncoding(892.14) offset(0.00) 
75012	74137	single-	4	6	{GlimmerHMM_glimmerT_1871-T1;GlimmerHMM},{HiQ_model.g1677.t1;HiQ}

# EVM prediction: Mode:STANDARD S-ratio: 5.00 75411-77666 orient(-) score(11275.00) noncoding_equivalent(2255.00) raw_noncoding(2255.00) offset(0.00) 
77666	75411	single-	4	6	{HiQ_model.g1678.t1;HiQ},{GlimmerHMM_glimmerT_1872-T1;GlimmerHMM}

# EVM prediction: Mode:STANDARD S-ratio: 101.94 78060-79706 orient(+) score(4893.00) noncoding_equivalent(48.00) raw_noncoding(48.00) offset(0.00) 
78060	79706	single+	1	3	{GlimmerHMM_glimmerT_1873-T1;GlimmerHMM},{Augustus_model.g1679.t1;Augustus}

# EVM prediction: Mode:STANDARD S-ratio: 49.77 80047-81036 orient(+) score(3882.00) noncoding_equivalent(78.00) raw_noncoding(78.00) offset(0.00) 
80047	81036	single+	1	3	{Augustus_model.g1680.t1;Augustus},{GlimmerHMM_glimmerT_1874-T1;GlimmerHMM}

# EVM prediction: Mode:STANDARD S-ratio: 4.81 81244-82332 orient(-) score(5409.00) noncoding_equivalent(1123.62) raw_noncoding(1123.62) offset(0.00) 
82332	81244	single-	4	6	{GlimmerHMM_glimmerT_1875-T1;GlimmerHMM},{HiQ_model.g1681.t1;HiQ}

# EVM prediction: Mode:STANDARD S-ratio: 10000.00 83047-83613 orient(+) score(2268.00) noncoding_equivalent(0.23) raw_noncoding(0.00) offset(0.00) 
83047	83613	single+	1	3	{Augustus_model.g1682.t1;Augustus},{GlimmerHMM_glimmerT_1876-T1;GlimmerHMM}

# EVM prediction: Mode:STANDARD S-ratio: 3.28 84158-84895 orient(-) score(3393.00) noncoding_equivalent(1035.00) raw_noncoding(1035.00) offset(0.00) 
84895	84158	single-	4	6	{GlimmerHMM_glimmerT_1877-T1;GlimmerHMM},{HiQ_model.g1683.t1;HiQ}

# EVM prediction: Mode:STANDARD S-ratio: 98.36 85166-88216 orient(+) score(9060.00) noncoding_equivalent(92.11) raw_noncoding(92.11) offset(0.00) 
85166	88216	single+	1	3	{GlimmerHMM_glimmerT_1878-T1;GlimmerHMM},{Augustus_model.g1684.t1;Augustus}

# EVM prediction: Mode:STANDARD S-ratio: 2.00 88482-88925 orient(-) score(1772.00) noncoding_equivalent(886.00) raw_noncoding(886.00) offset(0.00) 
88925	88482	single-	4	6	{GlimmerHMM_glimmerT_1879-T1;GlimmerHMM},{HiQ_model.g1685.t1;HiQ}

# EVM prediction: Mode:STANDARD S-ratio: 10000.00 89435-90784 orient(+) score(5400.00) noncoding_equivalent(0.54) raw_noncoding(0.00) offset(0.00) 
89435	90784	single+	1	3	{GlimmerHMM_glimmerT_1880-T1;GlimmerHMM},{Augustus_model.g1686.t1;Augustus}

# EVM prediction: Mode:STANDARD S-ratio: 3.99 91271-91978 orient(-) score(3375.00) noncoding_equivalent(846.00) raw_noncoding(846.00) offset(0.00) 
91978	91271	single-	4	6	{HiQ_model.g1687.t1;HiQ}

# EVM prediction: Mode:STANDARD S-ratio: 2.05 92272-92590 orient(+) score(888.00) noncoding_equivalent(432.28) raw_noncoding(525.28) offset(93.00) 
92272	92336	initial+	1	2	{GlimmerHMM_glimmerT_1882-T1;GlimmerHMM},{Augustus_model.g1688.t1;Augustus}
92337	92427	INTRON			{GlimmerHMM_glimmerT_1882-T1;GlimmerHMM},{Augustus_model.g1688.t1;Augustus},{ev_type:exonerate/ID=match.111469.1412/Target=YBR111W-A;exonerate}
92428	92590	terminal+	3	3	{Augustus_model.g1688.t1;Augustus}

# EVM prediction: Mode:STANDARD S-ratio: 39.06 93013-96075 orient(-) score(11601.00) noncoding_equivalent(297.00) raw_noncoding(297.00) offset(0.00) 
96075	93013	single-	4	6	{GlimmerHMM_glimmerT_1883-T1;GlimmerHMM},{Augustus_model.g1689.t1;Augustus}

