!! Predictions spanning range 5031 - 87382 [R1]
# EVM prediction: Mode:STANDARD S-ratio: 10000.00 5031-6068 orient(+) score(2076.00) noncoding_equivalent(0.21) raw_noncoding(0.00) offset(0.00) 
5031	6068	single+	1	3	{Augustus_gene526.t1;Augustus}

# EVM prediction: Mode:STANDARD S-ratio: 10000.00 15231-16007 orient(-) score(1554.00) noncoding_equivalent(0.16) raw_noncoding(0.00) offset(0.00) 
16007	15231	single-	4	6	{Augustus_gene492.t1;Augustus}

# EVM prediction: Mode:STANDARD S-ratio: 10000.00 42355-43020 orient(+) score(1332.00) noncoding_equivalent(0.13) raw_noncoding(0.00) offset(0.00) 
42355	43020	single+	1	3	{Augustus_gene689.t1;Augustus}

# EVM prediction: Mode:STANDARD S-ratio: 10000.00 50552-51355 orient(-) score(1608.00) noncoding_equivalent(0.16) raw_noncoding(0.00) offset(0.00) 
51355	50552	single-	4	6	{Augustus_gene968.t1;Augustus}

# EVM prediction: Mode:STANDARD S-ratio: 10000.00 66746-73224 orient(-) score(12958.00) noncoding_equivalent(1.30) raw_noncoding(0.00) offset(0.00) 
68927	66746	terminal-	6	6	{Augustus_gene1148.t1;Augustus}
69113	68928	INTRON			{Augustus_gene1148.t1;Augustus}
69176	69114	internal-	6	5	{Augustus_gene1148.t1;Augustus}
69752	69177	INTRON			{Augustus_gene1148.t1;Augustus}
69921	69753	internal-	5	5	{Augustus_gene1148.t1;Augustus}
70048	69922	INTRON			{Augustus_gene1148.t1;Augustus}
70061	70049	internal-	4	4	{Augustus_gene1148.t1;Augustus}
70102	70062	INTRON			{Augustus_gene1148.t1;Augustus}
70129	70103	internal-	4	6	{Augustus_gene1148.t1;Augustus}
70177	70130	INTRON			{Augustus_gene1148.t1;Augustus}
70194	70178	internal-	5	6	{Augustus_gene1148.t1;Augustus}
70411	70195	INTRON			{Augustus_gene1148.t1;Augustus}
70422	70412	internal-	6	4	{Augustus_gene1148.t1;Augustus}
70575	70423	INTRON			{Augustus_gene1148.t1;Augustus}
70591	70576	internal-	5	5	{Augustus_gene1148.t1;Augustus}
70759	70592	INTRON			{Augustus_gene1148.t1;Augustus}
70787	70760	internal-	4	4	{Augustus_gene1148.t1;Augustus}
71048	70788	INTRON			{Augustus_gene1148.t1;Augustus}
71169	71049	internal-	6	6	{Augustus_gene1148.t1;Augustus}
71231	71170	INTRON			{Augustus_gene1148.t1;Augustus}
71263	71232	internal-	4	5	{Augustus_gene1148.t1;Augustus}
71331	71264	INTRON			{Augustus_gene1148.t1;Augustus}
71349	71332	internal-	4	6	{Augustus_gene1148.t1;Augustus}
71504	71350	INTRON			{Augustus_gene1148.t1;Augustus}
71602	71505	internal-	5	6	{Augustus_gene1148.t1;Augustus}
71695	71603	INTRON			{Augustus_gene1148.t1;Augustus}
71759	71696	internal-	4	4	{Augustus_gene1148.t1;Augustus}
71876	71760	INTRON			{Augustus_gene1148.t1;Augustus}
71904	71877	internal-	6	6	{Augustus_gene1148.t1;Augustus}
71962	71905	INTRON			{Augustus_gene1148.t1;Augustus}
72038	71963	internal-	5	5	{Augustus_gene1148.t1;Augustus}
72238	72039	INTRON			{Augustus_gene1148.t1;Augustus}
72251	72239	internal-	4	4	{Augustus_gene1148.t1;Augustus}
72345	72252	INTRON			{Augustus_gene1148.t1;Augustus}
72437	72346	internal-	5	6	{Augustus_gene1148.t1;Augustus}
72860	72438	INTRON			{Augustus_gene1148.t1;Augustus}
72886	72861	internal-	6	4	{Augustus_gene1148.t1;Augustus}
72943	72887	INTRON			{Augustus_gene1148.t1;Augustus}
72965	72944	internal-	5	5	{Augustus_gene1148.t1;Augustus}
73024	72966	INTRON			{Augustus_gene1148.t1;Augustus}
73049	73025	internal-	4	4	{Augustus_gene1148.t1;Augustus}
73140	73050	INTRON			{Augustus_gene1148.t1;Augustus}
73224	73141	initial-	4	6	{Augustus_gene1148.t1;Augustus}

# EVM prediction: Mode:STANDARD S-ratio: 10000.00 76431-78146 orient(-) score(3432.00) noncoding_equivalent(0.34) raw_noncoding(0.00) offset(0.00) 
78146	76431	single-	4	6	{Augustus_gene1070.t1;Augustus}

# EVM prediction: Mode:STANDARD S-ratio: 10000.00 85733-87382 orient(+) score(3300.00) noncoding_equivalent(0.33) raw_noncoding(0.00) offset(0.00) 
85733	87382	single+	1	3	{Augustus_gene1046.t1;Augustus}

