!! Predictions spanning range 12628 - 81756 [R1]
# EVM prediction: Mode:STANDARD S-ratio: 10000.00 12628-13095 orient(+) score(936.00) noncoding_equivalent(0.09) raw_noncoding(0.00) offset(0.00) 
12628	13095	single+	1	3	{Augustus_gene477.t1;Augustus}

# EVM prediction: Mode:STANDARD S-ratio: 10000.00 15412-16992 orient(+) score(3162.00) noncoding_equivalent(0.32) raw_noncoding(0.00) offset(0.00) 
15412	16992	single+	1	3	{Augustus_gene1192.t1;Augustus}

# EVM prediction: Mode:STANDARD S-ratio: 10000.00 17606-17995 orient(-) score(780.00) noncoding_equivalent(0.08) raw_noncoding(0.00) offset(0.00) 
17995	17606	single-	4	6	{Augustus_gene967.t1;Augustus}

# EVM prediction: Mode:STANDARD S-ratio: 10000.00 39500-40111 orient(+) score(1224.00) noncoding_equivalent(0.12) raw_noncoding(0.00) offset(0.00) 
39500	40111	single+	1	3	{Augustus_gene56.t1;Augustus}

# EVM prediction: Mode:STANDARD S-ratio: 10000.00 41902-44955 orient(+) score(6108.00) noncoding_equivalent(0.61) raw_noncoding(0.00) offset(0.00) 
41902	44955	single+	1	3	{Augustus_gene353.t1;Augustus}

# EVM prediction: Mode:STANDARD S-ratio: 10000.00 48518-50695 orient(+) score(4356.00) noncoding_equivalent(0.44) raw_noncoding(0.00) offset(0.00) 
48518	50695	single+	1	3	{Augustus_gene1174.t1;Augustus}

# EVM prediction: Mode:STANDARD S-ratio: 10000.00 55667-60628 orient(+) score(9924.00) noncoding_equivalent(0.99) raw_noncoding(0.00) offset(0.00) 
55667	60628	single+	1	3	{Augustus_gene228.t1;Augustus}

# EVM prediction: Mode:STANDARD S-ratio: 10000.00 61095-64202 orient(-) score(6216.00) noncoding_equivalent(0.62) raw_noncoding(0.00) offset(0.00) 
64202	61095	single-	4	6	{Augustus_gene1050.t1;Augustus}

# EVM prediction: Mode:STANDARD S-ratio: 10000.00 69588-70667 orient(-) score(2160.00) noncoding_equivalent(0.22) raw_noncoding(0.00) offset(0.00) 
70667	69588	single-	4	6	{Augustus_gene288.t1;Augustus}

# EVM prediction: Mode:STANDARD S-ratio: 10000.00 75879-78296 orient(-) score(4836.00) noncoding_equivalent(0.48) raw_noncoding(0.00) offset(0.00) 
78296	75879	single-	4	6	{Augustus_gene569.t1;Augustus}

# EVM prediction: Mode:STANDARD S-ratio: 10000.00 78925-80304 orient(+) score(2760.00) noncoding_equivalent(0.28) raw_noncoding(0.00) offset(0.00) 
78925	80304	single+	1	3	{Augustus_gene204.t1;Augustus}

# EVM prediction: Mode:STANDARD S-ratio: 10000.00 80890-81756 orient(+) score(1734.00) noncoding_equivalent(0.17) raw_noncoding(0.00) offset(0.00) 
80890	81756	single+	1	3	{Augustus_gene830.t1;Augustus}

