!! Predictions spanning range 1949 - 77338 [R1]
# EVM prediction: Mode:STANDARD S-ratio: 10000.00 1949-4756 orient(-) score(5616.00) noncoding_equivalent(0.56) raw_noncoding(0.00) offset(0.00) 
4756	1949	single-	4	6	{Augustus_gene603.t1;Augustus}

# EVM prediction: Mode:STANDARD S-ratio: 10000.00 5326-6456 orient(-) score(2262.00) noncoding_equivalent(0.23) raw_noncoding(0.00) offset(0.00) 
6456	5326	single-	4	6	{Augustus_gene782.t1;Augustus}

# EVM prediction: Mode:STANDARD S-ratio: 10000.00 10944-12590 orient(+) score(3294.00) noncoding_equivalent(0.33) raw_noncoding(0.00) offset(0.00) 
10944	12590	single+	1	3	{Augustus_gene867.t1;Augustus}

# EVM prediction: Mode:STANDARD S-ratio: 10000.00 12744-13955 orient(-) score(2424.00) noncoding_equivalent(0.24) raw_noncoding(0.00) offset(0.00) 
13955	12744	single-	4	6	{Augustus_gene245.t1;Augustus}

# EVM prediction: Mode:STANDARD S-ratio: 10000.00 20184-25088 orient(+) score(9810.00) noncoding_equivalent(0.98) raw_noncoding(0.00) offset(0.00) 
20184	25088	single+	1	3	{Augustus_gene882.t1;Augustus}

# EVM prediction: Mode:STANDARD S-ratio: 10000.00 36980-37876 orient(+) score(1794.00) noncoding_equivalent(0.18) raw_noncoding(0.00) offset(0.00) 
36980	37876	single+	1	3	{Augustus_gene908.t1;Augustus}

# EVM prediction: Mode:STANDARD S-ratio: 10000.00 37965-38618 orient(-) score(1308.00) noncoding_equivalent(0.13) raw_noncoding(0.00) offset(0.00) 
38618	37965	single-	4	6	{Augustus_gene1118.t1;Augustus}

# EVM prediction: Mode:STANDARD S-ratio: 10000.00 40876-42651 orient(+) score(3552.00) noncoding_equivalent(0.36) raw_noncoding(0.00) offset(0.00) 
40876	42651	single+	1	3	{Augustus_gene1060.t1;Augustus}

# EVM prediction: Mode:STANDARD S-ratio: 10000.00 44249-44866 orient(+) score(1236.00) noncoding_equivalent(0.12) raw_noncoding(0.00) offset(0.00) 
44249	44866	single+	1	3	{Augustus_gene312.t1;Augustus}

# EVM prediction: Mode:STANDARD S-ratio: 10000.00 48747-51461 orient(+) score(5430.00) noncoding_equivalent(0.54) raw_noncoding(0.00) offset(0.00) 
48747	51461	single+	1	3	{Augustus_gene979.t1;Augustus}

# EVM prediction: Mode:STANDARD S-ratio: 10000.00 52489-53445 orient(+) score(1914.00) noncoding_equivalent(0.19) raw_noncoding(0.00) offset(0.00) 
52489	53445	single+	1	3	{Augustus_gene264.t1;Augustus}

# EVM prediction: Mode:STANDARD S-ratio: 10000.00 54749-56146 orient(-) score(2796.00) noncoding_equivalent(0.28) raw_noncoding(0.00) offset(0.00) 
56146	54749	single-	4	6	{Augustus_gene770.t1;Augustus}

# EVM prediction: Mode:STANDARD S-ratio: 10000.00 59343-62069 orient(-) score(5454.00) noncoding_equivalent(0.55) raw_noncoding(0.00) offset(0.00) 
62069	59343	single-	4	6	{Augustus_gene1188.t1;Augustus}

# EVM prediction: Mode:STANDARD S-ratio: 10000.00 74246-77338 orient(+) score(6186.00) noncoding_equivalent(0.62) raw_noncoding(0.00) offset(0.00) 
74246	77338	single+	1	3	{Augustus_gene986.t1;Augustus}

