!! Predictions spanning range 2692 - 83809 [R1]
# EVM prediction: Mode:STANDARD S-ratio: 10000.00 2692-4413 orient(-) score(3444.00) noncoding_equivalent(0.34) raw_noncoding(0.00) offset(0.00) 
4413	2692	single-	4	6	{Augustus_gene244.t1;Augustus}

# EVM prediction: Mode:STANDARD S-ratio: 10000.00 7625-9047 orient(-) score(2846.00) noncoding_equivalent(0.28) raw_noncoding(0.00) offset(0.00) 
8285	7625	terminal-	6	6	{Augustus_gene1093.t1;Augustus}
8438	8286	INTRON			{Augustus_gene1093.t1;Augustus}
8460	8439	internal-	5	5	{Augustus_gene1093.t1;Augustus}
8899	8461	INTRON			{Augustus_gene1093.t1;Augustus}
9047	8900	initial-	4	4	{Augustus_gene1093.t1;Augustus}

# EVM prediction: Mode:STANDARD S-ratio: 10000.00 19813-20457 orient(+) score(1290.00) noncoding_equivalent(0.13) raw_noncoding(0.00) offset(0.00) 
19813	20457	single+	1	3	{Augustus_gene1003.t1;Augustus}

# EVM prediction: Mode:STANDARD S-ratio: 10000.00 23217-26765 orient(-) score(7098.00) noncoding_equivalent(0.71) raw_noncoding(0.00) offset(0.00) 
24653	23217	terminal-	4	6	{Augustus_gene143.t1;Augustus}
24707	24654	INTRON			{Augustus_gene143.t1;Augustus}
26765	24708	initial-	4	6	{Augustus_gene143.t1;Augustus}

# EVM prediction: Mode:STANDARD S-ratio: 10000.00 33316-33746 orient(+) score(862.00) noncoding_equivalent(0.09) raw_noncoding(0.00) offset(0.00) 
33316	33320	initial+	1	2	{Augustus_gene1044.t1;Augustus}
33321	33418	INTRON			{Augustus_gene1044.t1;Augustus}
33419	33746	terminal+	3	3	{Augustus_gene1044.t1;Augustus}

# EVM prediction: Mode:STANDARD S-ratio: 10000.00 36110-38449 orient(-) score(4680.00) noncoding_equivalent(0.47) raw_noncoding(0.00) offset(0.00) 
38449	36110	single-	4	6	{Augustus_gene506.t1;Augustus}

# EVM prediction: Mode:STANDARD S-ratio: 10000.00 56081-56914 orient(-) score(1668.00) noncoding_equivalent(0.17) raw_noncoding(0.00) offset(0.00) 
56914	56081	single-	4	6	{Augustus_gene8.t1;Augustus}

# EVM prediction: Mode:STANDARD S-ratio: 10000.00 83108-83809 orient(+) score(1404.00) noncoding_equivalent(0.14) raw_noncoding(0.00) offset(0.00) 
83108	83110	initial+	1	3	{Augustus_gene32.t1;Augustus}
83111	83245	INTRON			{Augustus_gene32.t1;Augustus}
83246	83809	terminal+	1	3	{Augustus_gene32.t1;Augustus}

