!! Predictions spanning range 2990 - 99368 [R1]
# EVM prediction: Mode:STANDARD S-ratio: 376.68 2990-4651 orient(-) score(4971.00) noncoding_equivalent(13.20) raw_noncoding(13.20) offset(0.00) 
4651	2990	single-	4	6	{GlimmerHMM_glimmerT_1643-T1;GlimmerHMM},{Augustus_model.g1470.t1;Augustus}

# EVM prediction: Mode:STANDARD S-ratio: 41.50 6393-8339 orient(+) score(5702.00) noncoding_equivalent(137.39) raw_noncoding(137.39) offset(0.00) 
6393	8339	single+	1	3	{GlimmerHMM_glimmerT_1644-T1;GlimmerHMM},{Augustus_model.g1471.t1;Augustus}

# EVM prediction: Mode:STANDARD S-ratio: 929.75 8425-12147 orient(-) score(11157.00) noncoding_equivalent(12.00) raw_noncoding(12.00) offset(0.00) 
12147	8425	single-	4	6	{Augustus_model.g1472.t1;Augustus},{GlimmerHMM_glimmerT_1645-T1;GlimmerHMM}

# EVM prediction: Mode:STANDARD S-ratio: 10000.00 13246-15456 orient(+) score(6633.00) noncoding_equivalent(0.66) raw_noncoding(0.00) offset(0.00) 
13246	15456	single+	1	3	{Augustus_model.g1473.t1;Augustus},{GlimmerHMM_glimmerT_1646-T1;GlimmerHMM}

# EVM prediction: Mode:STANDARD S-ratio: 15.89 15518-19063 orient(-) score(10008.00) noncoding_equivalent(630.00) raw_noncoding(630.00) offset(0.00) 
19063	15518	single-	4	6	{GlimmerHMM_glimmerT_1647-T1;GlimmerHMM},{Augustus_model.g1474.t1;Augustus}

# EVM prediction: Mode:STANDARD S-ratio: 40.38 19626-20489 orient(-) score(2528.00) noncoding_equivalent(62.60) raw_noncoding(62.60) offset(0.00) 
20489	19626	single-	4	6	{GlimmerHMM_glimmerT_1648-T1;GlimmerHMM},{Augustus_model.g1475.t1;Augustus}

# EVM prediction: Mode:STANDARD S-ratio: 2.00 21859-22830 orient(+) score(1944.00) noncoding_equivalent(972.00) raw_noncoding(972.00) offset(0.00) 
21859	22830	single+	1	3	{Augustus_model.g1476.t1;Augustus},{GlimmerHMM_glimmerT_1649-T1;GlimmerHMM}

# EVM prediction: Mode:STANDARD S-ratio: 5.08 23215-24933 orient(-) score(4094.00) noncoding_equivalent(805.63) raw_noncoding(1320.30) offset(514.67) 
24587	23215	terminal-	5	6	{GlimmerHMM_glimmerT_1650-T1;GlimmerHMM}
24845	24588	INTRON			{GlimmerHMM_glimmerT_1650-T1;GlimmerHMM}
24933	24846	initial-	4	4	{GlimmerHMM_glimmerT_1650-T1;GlimmerHMM}

# EVM prediction: Mode:STANDARD S-ratio: 11.35 26037-26567 orient(-) score(1464.00) noncoding_equivalent(129.00) raw_noncoding(129.00) offset(0.00) 
26567	26037	single-	4	6	{Augustus_model.g1478.t1;Augustus},{GlimmerHMM_glimmerT_1652-T1;GlimmerHMM}

# EVM prediction: Mode:STANDARD S-ratio: 129.85 26856-28037 orient(-) score(3517.00) noncoding_equivalent(27.09) raw_noncoding(27.09) offset(0.00) 
28037	26856	single-	4	6	{GlimmerHMM_glimmerT_1653-T1;GlimmerHMM},{Augustus_model.g1479.t1;Augustus}

# EVM prediction: Mode:STANDARD S-ratio: 2.00 29136-29924 orient(+) score(1578.00) noncoding_equivalent(789.00) raw_noncoding(789.00) offset(0.00) 
29136	29924	single+	1	3	{GlimmerHMM_glimmerT_1654-T1;GlimmerHMM},{Augustus_model.g1480.t1;Augustus}

# EVM prediction: Mode:STANDARD S-ratio: 3.40 30282-30503 orient(-) score(768.00) noncoding_equivalent(226.06) raw_noncoding(289.45) offset(63.39) 
30463	30282	terminal-	5	6	{snap_scaffold_2-snap.295-T1;snap}
30499	30464	INTRON			{snap_scaffold_2-snap.295-T1;snap}
30503	30500	initial-	4	4	{snap_scaffold_2-snap.295-T1;snap}

# EVM prediction: Mode:STANDARD S-ratio: 23.78 31232-31969 orient(-) score(2123.00) noncoding_equivalent(89.26) raw_noncoding(89.26) offset(0.00) 
31969	31232	single-	4	6	{Augustus_model.g1481.t1;Augustus}

# EVM prediction: Mode:STANDARD S-ratio: 10.96 34006-34398 orient(-) score(1074.00) noncoding_equivalent(98.00) raw_noncoding(98.00) offset(0.00) 
34398	34006	single-	4	6	{GlimmerHMM_glimmerT_1656-T1;GlimmerHMM},{Augustus_model.g1482.t1;Augustus}

# EVM prediction: Mode:STANDARD S-ratio: 27.24 37829-38824 orient(-) score(2808.00) noncoding_equivalent(103.09) raw_noncoding(249.46) offset(146.37) 
38732	37829	terminal-	6	6	{GlimmerHMM_glimmerT_1657-T1;GlimmerHMM},{snap_scaffold_2-snap.298-T1;snap},{Augustus_model.g1483.t1;Augustus}
38807	38733	INTRON			{GlimmerHMM_glimmerT_1657-T1;GlimmerHMM}
38824	38808	initial-	4	5	{GlimmerHMM_glimmerT_1657-T1;GlimmerHMM}

# EVM prediction: Mode:STANDARD S-ratio: 80.38 39445-42048 orient(+) score(7716.00) noncoding_equivalent(96.00) raw_noncoding(96.00) offset(0.00) 
39445	42048	single+	1	3	{GlimmerHMM_glimmerT_1658-T1;GlimmerHMM},{Augustus_model.g1484.t1;Augustus}

# EVM prediction: Mode:STANDARD S-ratio: 19.29 42102-43577 orient(-) score(4208.00) noncoding_equivalent(218.20) raw_noncoding(218.20) offset(0.00) 
43577	42102	single-	4	6	{GlimmerHMM_glimmerT_1659-T1;GlimmerHMM}

# EVM prediction: Mode:STANDARD S-ratio: 310.20 43958-46669 orient(-) score(8101.00) noncoding_equivalent(26.12) raw_noncoding(26.12) offset(0.00) 
46669	43958	single-	4	6	{GlimmerHMM_glimmerT_1660-T1;GlimmerHMM}

# EVM prediction: Mode:STANDARD S-ratio: 3.69 47988-48500 orient(-) score(1210.00) noncoding_equivalent(328.27) raw_noncoding(328.27) offset(0.00) 
48500	47988	single-	4	6	{GlimmerHMM_glimmerT_1661-T1;GlimmerHMM}

# EVM prediction: Mode:STANDARD S-ratio: 1161.05 50662-52605 orient(+) score(5825.00) noncoding_equivalent(5.02) raw_noncoding(5.02) offset(0.00) 
50662	52605	single+	1	3	{GlimmerHMM_glimmerT_1662-T1;GlimmerHMM},{Augustus_model.g1487.t1;Augustus}

# EVM prediction: Mode:STANDARD S-ratio: 164.50 52757-54421 orient(-) score(4963.00) noncoding_equivalent(30.17) raw_noncoding(30.17) offset(0.00) 
54421	52757	single-	4	6	{Augustus_model.g1488.t1;Augustus},{GlimmerHMM_glimmerT_1663-T1;GlimmerHMM}

# EVM prediction: Mode:STANDARD S-ratio: 2.01 54747-55049 orient(+) score(606.00) noncoding_equivalent(301.00) raw_noncoding(301.00) offset(0.00) 
54747	55049	single+	1	3	{Augustus_model.g1489.t1;Augustus},{GlimmerHMM_glimmerT_1664-T1;GlimmerHMM}

# EVM prediction: Mode:STANDARD S-ratio: 21.19 56454-59279 orient(+) score(8094.00) noncoding_equivalent(382.03) raw_noncoding(382.03) offset(0.00) 
56454	59279	single+	1	3	{GlimmerHMM_glimmerT_1665-T1;GlimmerHMM}

# EVM prediction: Mode:STANDARD S-ratio: 5.05 67641-70504 orient(+) score(6454.00) noncoding_equivalent(1278.02) raw_noncoding(2996.40) offset(1718.38) 
67641	67649	initial+	1	3	{snap_scaffold_2-snap.306-T1;snap}
67650	68509	INTRON			{snap_scaffold_2-snap.306-T1;snap}
68510	70504	terminal+	1	3	{snap_scaffold_2-snap.306-T1;snap}

# EVM prediction: Mode:STANDARD S-ratio: 10000.00 74029-75798 orient(+) score(5310.00) noncoding_equivalent(0.53) raw_noncoding(0.00) offset(0.00) 
74029	75798	single+	1	3	{GlimmerHMM_glimmerT_1668-T1;GlimmerHMM},{Augustus_model.g1492.t1;Augustus}

# EVM prediction: Mode:STANDARD S-ratio: 10000.00 75976-78228 orient(-) score(6759.00) noncoding_equivalent(0.68) raw_noncoding(0.00) offset(0.00) 
78228	75976	single-	4	6	{GlimmerHMM_glimmerT_1669-T1;GlimmerHMM},{Augustus_model.g1493.t1;Augustus}

# EVM prediction: Mode:STANDARD S-ratio: 10000.00 78806-80914 orient(-) score(6327.00) noncoding_equivalent(0.63) raw_noncoding(0.00) offset(0.00) 
80914	78806	single-	4	6	{GlimmerHMM_glimmerT_1670-T1;GlimmerHMM},{Augustus_model.g1494.t1;Augustus}

# EVM prediction: Mode:STANDARD S-ratio: 41.13 82917-84218 orient(-) score(3812.00) noncoding_equivalent(92.68) raw_noncoding(92.68) offset(0.00) 
84218	82917	single-	4	6	{Augustus_model.g1495.t1;Augustus},{GlimmerHMM_glimmerT_1671-T1;GlimmerHMM}

# EVM prediction: Mode:STANDARD S-ratio: 298.30 84731-85831 orient(+) score(3292.00) noncoding_equivalent(11.04) raw_noncoding(11.04) offset(0.00) 
84731	85831	single+	1	3	{GlimmerHMM_glimmerT_1672-T1;GlimmerHMM}

# EVM prediction: Mode:STANDARD S-ratio: 7.73 86166-86951 orient(+) score(2087.00) noncoding_equivalent(269.88) raw_noncoding(269.88) offset(0.00) 
86166	86951	single+	1	3	{GlimmerHMM_glimmerT_1673-T1;GlimmerHMM}

# EVM prediction: Mode:STANDARD S-ratio: 18.63 87030-89013 orient(-) score(5497.00) noncoding_equivalent(295.09) raw_noncoding(614.62) offset(319.53) 
88844	87030	terminal-	4	6	{Augustus_model.g1497.t1;Augustus},{snap_scaffold_2-snap.313-T1;snap}
89004	88845	INTRON			{snap_scaffold_2-snap.313-T1;snap}
89013	89005	initial-	4	6	{snap_scaffold_2-snap.313-T1;snap}

# EVM prediction: Mode:STANDARD S-ratio: 7.82 89035-89762 orient(-) score(2002.00) noncoding_equivalent(256.06) raw_noncoding(336.17) offset(80.12) 
89651	89035	terminal-	5	6	{GlimmerHMM_glimmerT_1675-T1;GlimmerHMM}
89728	89652	INTRON			{Augustus_model.g1497.t1;Augustus},{GlimmerHMM_glimmerT_1675-T1;GlimmerHMM}
89762	89729	initial-	4	4	{Augustus_model.g1497.t1;Augustus},{GlimmerHMM_glimmerT_1675-T1;GlimmerHMM}

# EVM prediction: Mode:STANDARD S-ratio: 2.00 90136-90864 orient(+) score(1458.00) noncoding_equivalent(729.00) raw_noncoding(729.00) offset(0.00) 
90136	90864	single+	1	3	{Augustus_model.g1498.t1;Augustus},{GlimmerHMM_glimmerT_1676-T1;GlimmerHMM}

# EVM prediction: Mode:STANDARD S-ratio: 2.00 91285-92727 orient(-) score(2886.00) noncoding_equivalent(1443.00) raw_noncoding(1443.00) offset(0.00) 
92727	91285	single-	4	6	{GlimmerHMM_glimmerT_1677-T1;GlimmerHMM},{Augustus_model.g1499.t1;Augustus}

# EVM prediction: Mode:STANDARD S-ratio: 10000.00 93050-94336 orient(+) score(3861.00) noncoding_equivalent(0.39) raw_noncoding(0.00) offset(0.00) 
93050	94336	single+	1	3	{GlimmerHMM_glimmerT_1678-T1;GlimmerHMM},{Augustus_model.g1500.t1;Augustus}

# EVM prediction: Mode:STANDARD S-ratio: 100.70 94414-95430 orient(-) score(3021.00) noncoding_equivalent(30.00) raw_noncoding(30.00) offset(0.00) 
95430	94414	single-	4	6	{GlimmerHMM_glimmerT_1679-T1;GlimmerHMM},{Augustus_model.g1501.t1;Augustus}

# EVM prediction: Mode:STANDARD S-ratio: 3.23 95753-96449 orient(-) score(1663.00) noncoding_equivalent(515.00) raw_noncoding(519.00) offset(4.00) 
95790	95753	terminal-	5	6	{Augustus_model.g1502.t1;Augustus},{GlimmerHMM_glimmerT_1680-T1;GlimmerHMM}
95881	95791	INTRON			{Augustus_model.g1502.t1;Augustus},{GlimmerHMM_glimmerT_1680-T1;GlimmerHMM}
96449	95882	initial-	4	4	{GlimmerHMM_glimmerT_1680-T1;GlimmerHMM}

# EVM prediction: Mode:STANDARD S-ratio: 133.40 96681-99368 orient(+) score(8004.00) noncoding_equivalent(60.00) raw_noncoding(60.00) offset(0.00) 
96681	99368	single+	1	3	{Augustus_model.g1503.t1;Augustus}

