!! Predictions spanning range 2077 - 92208 [R1]
# EVM prediction: Mode:STANDARD S-ratio: 4.07 2077-2400 orient(-) score(1561.00) noncoding_equivalent(383.16) raw_noncoding(383.16) offset(0.00) 
2400	2077	single-	4	6	{HiQ_model.g4892.t1;HiQ},{GlimmerHMM_glimmerT_5294-T1;GlimmerHMM}

# EVM prediction: Mode:STANDARD S-ratio: 184.60 8567-9262 orient(+) score(2769.00) noncoding_equivalent(15.00) raw_noncoding(15.00) offset(0.00) 
8567	9262	single+	1	3	{Augustus_model.g4893.t1;Augustus},{GlimmerHMM_glimmerT_5295-T1;GlimmerHMM}

# EVM prediction: Mode:STANDARD S-ratio: 593.89 11193-12683 orient(+) score(5954.00) noncoding_equivalent(10.03) raw_noncoding(10.03) offset(0.00) 
11193	12683	single+	1	3	{GlimmerHMM_glimmerT_5296-T1;GlimmerHMM},{Augustus_model.g4894.t1;Augustus}

# EVM prediction: Mode:STANDARD S-ratio: 74.69 16307-18001 orient(-) score(11418.00) noncoding_equivalent(152.87) raw_noncoding(213.00) offset(60.13) 
17211	16307	terminal-	5	6	{Augustus_model.g4895.t1;Augustus},{snap_scaffold_29-snap.4-T1;snap}
17268	17212	INTRON			{Augustus_model.g4895.t1;Augustus},{snap_scaffold_29-snap.4-T1;snap}
18001	17269	initial-	4	4	{GlimmerHMM_glimmerT_5297-T1;GlimmerHMM},{Augustus_model.g4895.t1;Augustus},{snap_scaffold_29-snap.4-T1;snap}

# EVM prediction: Mode:STANDARD S-ratio: 2.00 20416-20748 orient(-) score(1332.00) noncoding_equivalent(666.00) raw_noncoding(666.00) offset(0.00) 
20748	20416	single-	4	6	{HiQ_model.g4896.t1;HiQ},{GlimmerHMM_glimmerT_5298-T1;GlimmerHMM}

# EVM prediction: Mode:STANDARD S-ratio: 34.36 21437-21976 orient(+) score(2097.00) noncoding_equivalent(61.03) raw_noncoding(61.03) offset(0.00) 
21437	21976	single+	1	3	{Augustus_model.g4897.t1;Augustus}

# EVM prediction: Mode:STANDARD S-ratio: 38.66 22427-24313 orient(+) score(7359.00) noncoding_equivalent(190.35) raw_noncoding(190.35) offset(0.00) 
22427	24313	single+	1	3	{GlimmerHMM_glimmerT_5300-T1;GlimmerHMM},{Augustus_model.g4898.t1;Augustus}

# EVM prediction: Mode:STANDARD S-ratio: 3.98 24568-26010 orient(-) score(6918.00) noncoding_equivalent(1740.00) raw_noncoding(1740.00) offset(0.00) 
26010	24568	single-	4	6	{HiQ_model.g4899.t1;HiQ},{GlimmerHMM_glimmerT_5301-T1;GlimmerHMM}

# EVM prediction: Mode:STANDARD S-ratio: 4.84 26465-28237 orient(-) score(8817.00) noncoding_equivalent(1821.00) raw_noncoding(1821.00) offset(0.00) 
28237	26465	single-	4	6	{HiQ_model.g4900.t1;HiQ},{GlimmerHMM_glimmerT_5302-T1;GlimmerHMM}

# EVM prediction: Mode:STANDARD S-ratio: 195.66 29151-31025 orient(+) score(7435.00) noncoding_equivalent(38.00) raw_noncoding(38.00) offset(0.00) 
29151	31025	single+	1	3	{GlimmerHMM_glimmerT_5303-T1;GlimmerHMM}

# EVM prediction: Mode:STANDARD S-ratio: 5.00 31305-34307 orient(-) score(15015.00) noncoding_equivalent(3003.00) raw_noncoding(3003.00) offset(0.00) 
34307	31305	single-	4	6	{HiQ_model.g4902.t1;HiQ},{GlimmerHMM_glimmerT_5304-T1;GlimmerHMM}

# EVM prediction: Mode:STANDARD S-ratio: 4.89 34814-36721 orient(-) score(9504.00) noncoding_equivalent(1944.14) raw_noncoding(1944.14) offset(0.00) 
36721	34814	single-	4	6	{GlimmerHMM_glimmerT_5305-T1;GlimmerHMM},{HiQ_model.g4903.t1;HiQ}

# EVM prediction: Mode:STANDARD S-ratio: 140.36 38018-39691 orient(+) score(6649.00) noncoding_equivalent(47.37) raw_noncoding(47.37) offset(0.00) 
38018	39691	single+	1	3	{Augustus_model.g4904.t1;Augustus},{GlimmerHMM_glimmerT_5306-T1;GlimmerHMM}

# EVM prediction: Mode:STANDARD S-ratio: 2.03 39786-40487 orient(-) score(2808.00) noncoding_equivalent(1382.89) raw_noncoding(1382.89) offset(0.00) 
40487	39786	single-	4	6	{HiQ_model.g4905.t1;HiQ},{GlimmerHMM_glimmerT_5307-T1;GlimmerHMM}

# EVM prediction: Mode:STANDARD S-ratio: 193.10 41934-43139 orient(+) score(4800.00) noncoding_equivalent(24.86) raw_noncoding(24.86) offset(0.00) 
41934	43139	single+	1	3	{GlimmerHMM_glimmerT_5308-T1;GlimmerHMM},{Augustus_model.g4906.t1;Augustus}

# EVM prediction: Mode:STANDARD S-ratio: 10000.00 43237-46305 orient(-) score(12270.00) noncoding_equivalent(1.23) raw_noncoding(0.00) offset(0.00) 
46305	43237	single-	4	6	{GlimmerHMM_glimmerT_5309-T1;GlimmerHMM},{Augustus_model.g4907.t1;Augustus}

# EVM prediction: Mode:STANDARD S-ratio: 5.53 47486-47983 orient(-) score(2952.00) noncoding_equivalent(534.00) raw_noncoding(534.00) offset(0.00) 
47983	47486	single-	4	6	{HiQ_model.g4908.t1;HiQ},{GlimmerHMM_glimmerT_5310-T1;GlimmerHMM}

# EVM prediction: Mode:STANDARD S-ratio: 5.00 48666-50867 orient(-) score(11010.00) noncoding_equivalent(2202.00) raw_noncoding(2202.00) offset(0.00) 
50867	48666	single-	4	6	{HiQ_model.g4909.t1;HiQ},{GlimmerHMM_glimmerT_5311-T1;GlimmerHMM}

# EVM prediction: Mode:STANDARD S-ratio: 288.33 51336-52865 orient(+) score(6099.00) noncoding_equivalent(21.15) raw_noncoding(21.15) offset(0.00) 
51336	52865	single+	1	3	{GlimmerHMM_glimmerT_5312-T1;GlimmerHMM},{Augustus_model.g4910.t1;Augustus}

# EVM prediction: Mode:STANDARD S-ratio: 10000.00 53143-53913 orient(+) score(3084.00) noncoding_equivalent(0.31) raw_noncoding(0.00) offset(0.00) 
53143	53913	single+	1	3	{GlimmerHMM_glimmerT_5313-T1;GlimmerHMM},{Augustus_model.g4911.t1;Augustus}

# EVM prediction: Mode:STANDARD S-ratio: 4.99 54433-55614 orient(-) score(5903.00) noncoding_equivalent(1182.00) raw_noncoding(1182.00) offset(0.00) 
55614	54433	single-	4	6	{GlimmerHMM_glimmerT_5314-T1;GlimmerHMM},{HiQ_model.g4912.t1;HiQ}

# EVM prediction: Mode:STANDARD S-ratio: 290.00 58150-58512 orient(+) score(6670.00) noncoding_equivalent(23.00) raw_noncoding(23.00) offset(0.00) 
58150	58512	single+	1	3	{GlimmerHMM_glimmerT_5315-T1;GlimmerHMM}

# EVM prediction: Mode:STANDARD S-ratio: 4.96 59129-59587 orient(-) score(2290.00) noncoding_equivalent(462.03) raw_noncoding(462.03) offset(0.00) 
59587	59129	single-	4	6	{HiQ_model.g4914.t1;HiQ},{GlimmerHMM_glimmerT_5316-T1;GlimmerHMM}

# EVM prediction: Mode:STANDARD S-ratio: 4.98 59801-61213 orient(-) score(7061.00) noncoding_equivalent(1417.04) raw_noncoding(1417.04) offset(0.00) 
61213	59801	single-	4	6	{HiQ_model.g4915.t1;HiQ},{GlimmerHMM_glimmerT_5317-T1;GlimmerHMM}

# EVM prediction: Mode:STANDARD S-ratio: 4.86 62045-63208 orient(-) score(5793.00) noncoding_equivalent(1191.00) raw_noncoding(1191.00) offset(0.00) 
63208	62045	single-	4	6	{HiQ_model.g4916.t1;HiQ},{GlimmerHMM_glimmerT_5318-T1;GlimmerHMM}

# EVM prediction: Mode:STANDARD S-ratio: 2.70 64175-64675 orient(+) score(1463.00) noncoding_equivalent(541.42) raw_noncoding(541.42) offset(0.00) 
64175	64675	single+	1	3	{GlimmerHMM_glimmerT_5319-T1;GlimmerHMM}

# EVM prediction: Mode:STANDARD S-ratio: 10000.00 64898-67768 orient(+) score(11484.00) noncoding_equivalent(1.15) raw_noncoding(0.00) offset(0.00) 
64898	67768	single+	1	3	{GlimmerHMM_glimmerT_5320-T1;GlimmerHMM},{Augustus_model.g4917.t1;Augustus}

# EVM prediction: Mode:STANDARD S-ratio: 306.77 68190-69746 orient(+) score(6208.00) noncoding_equivalent(20.24) raw_noncoding(20.24) offset(0.00) 
68190	69746	single+	1	3	{Augustus_model.g4918.t1;Augustus},{GlimmerHMM_glimmerT_5321-T1;GlimmerHMM}

# EVM prediction: Mode:STANDARD S-ratio: 219.44 70363-71850 orient(+) score(5925.00) noncoding_equivalent(27.00) raw_noncoding(27.00) offset(0.00) 
70363	71850	single+	1	3	{GlimmerHMM_glimmerT_5322-T1;GlimmerHMM},{Augustus_model.g4919.t1;Augustus}

# EVM prediction: Mode:STANDARD S-ratio: 610.76 72472-73878 orient(+) score(5619.00) noncoding_equivalent(9.20) raw_noncoding(9.20) offset(0.00) 
72472	73878	single+	1	3	{GlimmerHMM_glimmerT_5323-T1;GlimmerHMM},{Augustus_model.g4920.t1;Augustus}

# EVM prediction: Mode:STANDARD S-ratio: 5.61 74059-74400 orient(-) score(2019.00) noncoding_equivalent(360.00) raw_noncoding(360.00) offset(0.00) 
74400	74059	single-	4	6	{GlimmerHMM_glimmerT_5324-T1;GlimmerHMM},{HiQ_model.g4921.t1;HiQ}

# EVM prediction: Mode:STANDARD S-ratio: 10000.00 74885-75568 orient(+) score(2727.00) noncoding_equivalent(0.27) raw_noncoding(0.00) offset(0.00) 
74885	75568	single+	1	3	{Augustus_model.g4922.t1;Augustus},{GlimmerHMM_glimmerT_5325-T1;GlimmerHMM}

# EVM prediction: Mode:STANDARD S-ratio: 4.99 75830-77026 orient(-) score(5976.00) noncoding_equivalent(1197.00) raw_noncoding(1197.00) offset(0.00) 
77026	75830	single-	4	6	{GlimmerHMM_glimmerT_5326-T1;GlimmerHMM},{HiQ_model.g4923.t1;HiQ}

# EVM prediction: Mode:STANDARD S-ratio: 4.69 77473-78975 orient(-) score(7434.00) noncoding_equivalent(1584.00) raw_noncoding(1584.00) offset(0.00) 
78975	77473	single-	4	6	{GlimmerHMM_glimmerT_5327-T1;GlimmerHMM},{HiQ_model.g4924.t1;HiQ}

# EVM prediction: Mode:STANDARD S-ratio: 97.75 80095-80568 orient(+) score(2346.00) noncoding_equivalent(24.00) raw_noncoding(24.00) offset(0.00) 
80095	80568	single+	1	3	{Augustus_model.g4925.t1;Augustus},{GlimmerHMM_glimmerT_5328-T1;GlimmerHMM}

# EVM prediction: Mode:STANDARD S-ratio: 4.97 81346-84261 orient(+) score(14565.00) noncoding_equivalent(2931.07) raw_noncoding(2931.07) offset(0.00) 
81346	84261	single+	1	3	{GlimmerHMM_glimmerT_5329-T1;GlimmerHMM},{HiQ_model.g4926.t1;HiQ}

# EVM prediction: Mode:STANDARD S-ratio: 2073.60 84668-88315 orient(+) score(14583.00) noncoding_equivalent(7.03) raw_noncoding(7.03) offset(0.00) 
84668	88315	single+	1	3	{Augustus_model.g4927.t1;Augustus},{GlimmerHMM_glimmerT_5330-T1;GlimmerHMM}

# EVM prediction: Mode:STANDARD S-ratio: 266.50 89056-90990 orient(+) score(9594.00) noncoding_equivalent(36.00) raw_noncoding(36.00) offset(0.00) 
89056	90990	single+	1	3	{Augustus_model.g4928.t1;Augustus},{GlimmerHMM_glimmerT_5331-T1;GlimmerHMM}

# EVM prediction: Mode:STANDARD S-ratio: 4.96 91270-92208 orient(-) score(4688.00) noncoding_equivalent(946.08) raw_noncoding(946.08) offset(0.00) 
92208	91270	single-	4	6	{HiQ_model.g4929.t1;HiQ},{GlimmerHMM_glimmerT_5332-T1;GlimmerHMM}

