# EVM prediction: Mode:STANDARD S-ratio: 10000.00 14241-17696 orient(-) score(6912.00) noncoding_equivalent(0.69) raw_noncoding(0.00) offset(0.00)
17696	14241	single-	4	6	{Augustus_gene1016.t1;Augustus}

# EVM prediction: Mode:STANDARD S-ratio: 10000.00 40906-43092 orient(+) score(4374.00) noncoding_equivalent(0.44) raw_noncoding(0.00) offset(0.00)
40906	43092	single+	1	3	{Augustus_gene564.t1;Augustus}

# EVM prediction: Mode:STANDARD S-ratio: 10000.00 73067-74692 orient(-) score(3252.00) noncoding_equivalent(0.33) raw_noncoding(0.00) offset(0.00)
74692	73067	single-	4	6	{Augustus_gene50.t1;Augustus}

# EVM prediction: Mode:STANDARD S-ratio: 10000.00 80375-80728 orient(-) score(708.00) noncoding_equivalent(0.07) raw_noncoding(0.00) offset(0.00)
80728	80375	single-	4	6	{Augustus_gene770.t1;Augustus}

# EVM prediction: Mode:STANDARD S-ratio: 10000.00 81041-86074 orient(-) score(10068.00) noncoding_equivalent(1.01) raw_noncoding(0.00) offset(0.00)
84286	81041	terminal-	4	6	{Augustus_gene239.t1;Augustus}
84514	84287	INTRON			{Augustus_gene239.t1;Augustus}
85520	84515	internal-	6	6	{Augustus_gene239.t1;Augustus}
85745	85521	INTRON			{Augustus_gene239.t1;Augustus}
86074	85746	initial-	4	5	{Augustus_gene239.t1;Augustus}

# EVM prediction: Mode:STANDARD S-ratio: 10000.00 111439-112710 orient(+) score(2544.00) noncoding_equivalent(0.25) raw_noncoding(0.00) offset(0.00)
111439	112710	single+	1	3	{Augustus_gene400.t1;Augustus}

# EVM prediction: Mode:STANDARD S-ratio: 10000.00 125128-126122 orient(+) score(1990.00) noncoding_equivalent(0.20) raw_noncoding(0.00) offset(0.00)
125128	125157	initial+	1	3	{Augustus_gene338.t1;Augustus}
125158	125273	INTRON			{Augustus_gene338.t1;Augustus}
125274	126122	terminal+	1	3	{Augustus_gene338.t1;Augustus}

# EVM prediction: Mode:STANDARD S-ratio: 10000.00 141250-141975 orient(+) score(1452.00) noncoding_equivalent(0.15) raw_noncoding(0.00) offset(0.00)
141250	141975	single+	1	3	{Augustus_gene596.t1;Augustus}

# EVM prediction: Mode:STANDARD S-ratio: 10000.00 146211-146888 orient(+) score(1356.00) noncoding_equivalent(0.14) raw_noncoding(0.00) offset(0.00)
146211	146888	single+	1	3	{Augustus_gene74.t1;Augustus}

# EVM prediction: Mode:STANDARD S-ratio: 10000.00 150438-153613 orient(-) score(6352.00) noncoding_equivalent(0.64) raw_noncoding(0.00) offset(0.00)
150446	150438	terminal-	4	6	{Augustus_gene340.t1;Augustus}
150502	150447	INTRON			{Augustus_gene340.t1;Augustus}
150511	150503	internal-	4	6	{Augustus_gene340.t1;Augustus}
151516	150512	INTRON			{Augustus_gene340.t1;Augustus}
153613	151517	initial-	4	6	{Augustus_gene340.t1;Augustus}

# EVM prediction: Mode:STANDARD S-ratio: 10000.00 153851-158392 orient(-) score(9084.00) noncoding_equivalent(0.91) raw_noncoding(0.00) offset(0.00)
155490	153851	terminal-	5	6	{Augustus_gene369.t1;Augustus}
156477	155491	INTRON			{Augustus_gene369.t1;Augustus}
158392	156478	initial-	4	4	{Augustus_gene369.t1;Augustus}

# EVM prediction: Mode:STANDARD S-ratio: 10000.00 158659-159696 orient(-) score(2076.00) noncoding_equivalent(0.21) raw_noncoding(0.00) offset(0.00)
159696	158659	single-	4	6	{Augustus_gene343.t1;Augustus}

# EVM prediction: Mode:STANDARD S-ratio: 10000.00 172537-174591 orient(+) score(4110.00) noncoding_equivalent(0.41) raw_noncoding(0.00) offset(0.00)
172537	174591	single+	1	3	{Augustus_gene972.t1;Augustus}

# EVM prediction: Mode:STANDARD S-ratio: 10000.00 177877-182097 orient(-) score(8442.00) noncoding_equivalent(0.84) raw_noncoding(0.00) offset(0.00)
181184	177877	terminal-	5	6	{Augustus_gene524.t1;Augustus}
181877	181185	INTRON			{Augustus_gene524.t1;Augustus}
182097	181878	initial-	4	4	{Augustus_gene524.t1;Augustus}

# EVM prediction: Mode:STANDARD S-ratio: 10000.00 202068-203264 orient(+) score(2394.00) noncoding_equivalent(0.24) raw_noncoding(0.00) offset(0.00)
202068	203264	single+	1	3	{Augustus_gene379.t1;Augustus}

# EVM prediction: Mode:STANDARD S-ratio: 10000.00 209656-212178 orient(+) score(5046.00) noncoding_equivalent(0.50) raw_noncoding(0.00) offset(0.00)
209656	212178	single+	1	3	{Augustus_gene982.t1;Augustus}

# EVM prediction: Mode:STANDARD S-ratio: 10000.00 212635-216369 orient(-) score(7470.00) noncoding_equivalent(0.75) raw_noncoding(0.00) offset(0.00)
216369	212635	single-	4	6	{Augustus_gene139.t1;Augustus}

# EVM prediction: Mode:STANDARD S-ratio: 10000.00 242811-244232 orient(+) score(2844.00) noncoding_equivalent(0.28) raw_noncoding(0.00) offset(0.00)
242811	244232	single+	1	3	{Augustus_gene639.t1;Augustus}

# EVM prediction: Mode:STANDARD S-ratio: 10000.00 244368-245669 orient(-) score(2604.00) noncoding_equivalent(0.26) raw_noncoding(0.00) offset(0.00)
245669	244368	single-	4	6	{Augustus_gene415.t1;Augustus}

# EVM prediction: Mode:STANDARD S-ratio: 10000.00 290681-291865 orient(-) score(2370.00) noncoding_equivalent(0.24) raw_noncoding(0.00) offset(0.00)
291865	290681	single-	4	6	{Augustus_gene651.t1;Augustus}

# EVM prediction: Mode:STANDARD S-ratio: 10000.00 296369-297742 orient(-) score(2748.00) noncoding_equivalent(0.27) raw_noncoding(0.00) offset(0.00)
297742	296369	single-	4	6	{Augustus_gene359.t1;Augustus}

# EVM prediction: Mode:STANDARD S-ratio: 10000.00 306269-306955 orient(-) score(1374.00) noncoding_equivalent(0.14) raw_noncoding(0.00) offset(0.00)
306955	306269	single-	4	6	{Augustus_gene789.t1;Augustus}

# EVM prediction: Mode:STANDARD S-ratio: 10000.00 315617-316510 orient(+) score(1788.00) noncoding_equivalent(0.18) raw_noncoding(0.00) offset(0.00)
315617	316510	single+	1	3	{Augustus_gene427.t1;Augustus}

# EVM prediction: Mode:STANDARD S-ratio: 10000.00 368582-369676 orient(-) score(2190.00) noncoding_equivalent(0.22) raw_noncoding(0.00) offset(0.00)
369676	368582	single-	4	6	{Augustus_gene1100.t1;Augustus}

# EVM prediction: Mode:STANDARD S-ratio: 10000.00 379218-379931 orient(-) score(1428.00) noncoding_equivalent(0.14) raw_noncoding(0.00) offset(0.00)
379931	379218	single-	4	6	{Augustus_gene575.t1;Augustus}

# EVM prediction: Mode:STANDARD S-ratio: 10000.00 395377-398271 orient(-) score(5790.00) noncoding_equivalent(0.58) raw_noncoding(0.00) offset(0.00)
398271	395377	single-	4	6	{Augustus_gene79.t1;Augustus}

# EVM prediction: Mode:STANDARD S-ratio: 10000.00 398608-400821 orient(-) score(4428.00) noncoding_equivalent(0.44) raw_noncoding(0.00) offset(0.00)
400821	398608	single-	4	6	{Augustus_gene1143.t1;Augustus}

# EVM prediction: Mode:STANDARD S-ratio: 10000.00 401247-405245 orient(-) score(7998.00) noncoding_equivalent(0.80) raw_noncoding(0.00) offset(0.00)
405245	401247	single-	4	6	{Augustus_gene315.t1;Augustus}

# EVM prediction: Mode:STANDARD S-ratio: 10000.00 423759-424823 orient(+) score(2130.00) noncoding_equivalent(0.21) raw_noncoding(0.00) offset(0.00)
423759	424823	single+	1	3	{Augustus_gene103.t1;Augustus}

# EVM prediction: Mode:STANDARD S-ratio: 10000.00 436945-441309 orient(+) score(8730.00) noncoding_equivalent(0.87) raw_noncoding(0.00) offset(0.00)
436945	441309	single+	1	3	{Augustus_gene97.t1;Augustus}

# EVM prediction: Mode:STANDARD S-ratio: 10000.00 443815-444687 orient(-) score(1746.00) noncoding_equivalent(0.17) raw_noncoding(0.00) offset(0.00)
444687	443815	single-	4	6	{Augustus_gene135.t1;Augustus}

# EVM prediction: Mode:STANDARD S-ratio: 10000.00 450875-451963 orient(-) score(2178.00) noncoding_equivalent(0.22) raw_noncoding(0.00) offset(0.00)
451963	450875	single-	4	6	{Augustus_gene78.t1;Augustus}

# EVM prediction: Mode:STANDARD S-ratio: 10000.00 458866-460215 orient(+) score(2700.00) noncoding_equivalent(0.27) raw_noncoding(0.00) offset(0.00)
458866	460215	single+	1	3	{Augustus_gene468.t1;Augustus}

# EVM prediction: Mode:STANDARD S-ratio: 10000.00 462864-465737 orient(-) score(5748.00) noncoding_equivalent(0.57) raw_noncoding(0.00) offset(0.00)
465737	462864	single-	4	6	{Augustus_gene1109.t1;Augustus}

# EVM prediction: Mode:STANDARD S-ratio: 10000.00 466800-469614 orient(+) score(5630.00) noncoding_equivalent(0.56) raw_noncoding(0.00) offset(0.00)
466800	466842	initial+	1	1	{Augustus_gene738.t1;Augustus}
466843	467329	INTRON			{Augustus_gene738.t1;Augustus}
467330	469614	terminal+	2	3	{Augustus_gene738.t1;Augustus}

# EVM prediction: Mode:STANDARD S-ratio: 10000.00 469742-473920 orient(-) score(8358.00) noncoding_equivalent(0.84) raw_noncoding(0.00) offset(0.00)
473920	469742	single-	4	6	{Augustus_gene1082.t1;Augustus}

# EVM prediction: Mode:STANDARD S-ratio: 10000.00 484736-486685 orient(-) score(3900.00) noncoding_equivalent(0.39) raw_noncoding(0.00) offset(0.00)
486685	484736	single-	4	6	{Augustus_gene725.t1;Augustus}

# EVM prediction: Mode:STANDARD S-ratio: 10000.00 491263-492816 orient(-) score(3108.00) noncoding_equivalent(0.31) raw_noncoding(0.00) offset(0.00)
492816	491263	single-	4	6	{Augustus_gene205.t1;Augustus}

# EVM prediction: Mode:STANDARD S-ratio: 10000.00 501798-504281 orient(-) score(4968.00) noncoding_equivalent(0.50) raw_noncoding(0.00) offset(0.00)
504281	501798	single-	4	6	{Augustus_gene828.t1;Augustus}

# EVM prediction: Mode:STANDARD S-ratio: 10000.00 507111-512768 orient(+) score(11316.00) noncoding_equivalent(1.13) raw_noncoding(0.00) offset(0.00)
507111	512768	single+	1	3	{Augustus_gene307.t1;Augustus}

# EVM prediction: Mode:STANDARD S-ratio: 10000.00 527019-528032 orient(-) score(2028.00) noncoding_equivalent(0.20) raw_noncoding(0.00) offset(0.00)
528032	527019	single-	4	6	{Augustus_gene764.t1;Augustus}

# EVM prediction: Mode:STANDARD S-ratio: 10000.00 530863-532176 orient(-) score(2628.00) noncoding_equivalent(0.26) raw_noncoding(0.00) offset(0.00)
532176	530863	single-	4	6	{Augustus_gene617.t1;Augustus}

# EVM prediction: Mode:STANDARD S-ratio: 10000.00 535311-536090 orient(+) score(1560.00) noncoding_equivalent(0.16) raw_noncoding(0.00) offset(0.00)
535311	536090	single+	1	3	{Augustus_gene684.t1;Augustus}

# EVM prediction: Mode:STANDARD S-ratio: 10000.00 548356-549003 orient(-) score(1296.00) noncoding_equivalent(0.13) raw_noncoding(0.00) offset(0.00)
549003	548356	single-	4	6	{Augustus_gene772.t1;Augustus}

# EVM prediction: Mode:STANDARD S-ratio: 10000.00 558679-559722 orient(+) score(2088.00) noncoding_equivalent(0.21) raw_noncoding(0.00) offset(0.00)
558679	559722	single+	1	3	{Augustus_gene398.t1;Augustus}

# EVM prediction: Mode:STANDARD S-ratio: 10000.00 569837-571195 orient(-) score(2718.00) noncoding_equivalent(0.27) raw_noncoding(0.00) offset(0.00)
571095	569837	terminal-	5	6	{Augustus_gene1160.t1;Augustus}
571146	571096	INTRON			{Augustus_gene1160.t1;Augustus}
571195	571147	initial-	4	4	{Augustus_gene1160.t1;Augustus}

# EVM prediction: Mode:STANDARD S-ratio: 10000.00 576339-578081 orient(-) score(3486.00) noncoding_equivalent(0.35) raw_noncoding(0.00) offset(0.00)
578081	576339	single-	4	6	{Augustus_gene300.t1;Augustus}

# EVM prediction: Mode:STANDARD S-ratio: 10000.00 578359-578979 orient(+) score(1242.00) noncoding_equivalent(0.12) raw_noncoding(0.00) offset(0.00)
578359	578979	single+	1	3	{Augustus_gene1111.t1;Augustus}

# EVM prediction: Mode:STANDARD S-ratio: 10000.00 581721-582167 orient(-) score(894.00) noncoding_equivalent(0.09) raw_noncoding(0.00) offset(0.00)
582167	581721	single-	4	6	{Augustus_gene892.t1;Augustus}

# EVM prediction: Mode:STANDARD S-ratio: 10000.00 583724-584653 orient(+) score(1860.00) noncoding_equivalent(0.19) raw_noncoding(0.00) offset(0.00)
583724	584653	single+	1	3	{Augustus_gene867.t1;Augustus}

# EVM prediction: Mode:STANDARD S-ratio: 10000.00 586542-589109 orient(-) score(5136.00) noncoding_equivalent(0.51) raw_noncoding(0.00) offset(0.00)
589109	586542	single-	4	6	{Augustus_gene215.t1;Augustus}

# EVM prediction: Mode:STANDARD S-ratio: 10000.00 602638-603471 orient(+) score(1668.00) noncoding_equivalent(0.17) raw_noncoding(0.00) offset(0.00)
602638	603471	single+	1	3	{Augustus_gene847.t1;Augustus}

# EVM prediction: Mode:STANDARD S-ratio: 10000.00 607647-608780 orient(+) score(2268.00) noncoding_equivalent(0.23) raw_noncoding(0.00) offset(0.00)
607647	608780	single+	1	3	{Augustus_gene136.t1;Augustus}

# EVM prediction: Mode:STANDARD S-ratio: 10000.00 612231-613895 orient(-) score(3330.00) noncoding_equivalent(0.33) raw_noncoding(0.00) offset(0.00)
613895	612231	single-	4	6	{Augustus_gene124.t1;Augustus}

# EVM prediction: Mode:STANDARD S-ratio: 10000.00 620867-622522 orient(+) score(3312.00) noncoding_equivalent(0.33) raw_noncoding(0.00) offset(0.00)
620867	622522	single+	1	3	{Augustus_gene1141.t1;Augustus}

# EVM prediction: Mode:STANDARD S-ratio: 10000.00 657905-658387 orient(+) score(966.00) noncoding_equivalent(0.10) raw_noncoding(0.00) offset(0.00)
657905	658387	single+	1	3	{Augustus_gene649.t1;Augustus}

# EVM prediction: Mode:STANDARD S-ratio: 10000.00 662990-664672 orient(-) score(3366.00) noncoding_equivalent(0.34) raw_noncoding(0.00) offset(0.00)
664672	662990	single-	4	6	{Augustus_gene231.t1;Augustus}

# EVM prediction: Mode:STANDARD S-ratio: 10000.00 676352-679216 orient(-) score(5730.00) noncoding_equivalent(0.57) raw_noncoding(0.00) offset(0.00)
679216	676352	single-	4	6	{Augustus_gene780.t1;Augustus}

# EVM prediction: Mode:STANDARD S-ratio: 10000.00 685433-686587 orient(-) score(2310.00) noncoding_equivalent(0.23) raw_noncoding(0.00) offset(0.00)
686587	685433	single-	4	6	{Augustus_gene148.t1;Augustus}

# EVM prediction: Mode:STANDARD S-ratio: 10000.00 690378-691688 orient(-) score(2622.00) noncoding_equivalent(0.26) raw_noncoding(0.00) offset(0.00)
691688	690378	single-	4	6	{Augustus_gene896.t1;Augustus}

# EVM prediction: Mode:STANDARD S-ratio: 10000.00 705442-706788 orient(-) score(2694.00) noncoding_equivalent(0.27) raw_noncoding(0.00) offset(0.00)
706788	705442	single-	4	6	{Augustus_gene888.t1;Augustus}

# EVM prediction: Mode:STANDARD S-ratio: 10000.00 712999-714450 orient(-) score(2904.00) noncoding_equivalent(0.29) raw_noncoding(0.00) offset(0.00)
714450	712999	single-	4	6	{Augustus_gene954.t1;Augustus}

# EVM prediction: Mode:STANDARD S-ratio: 10000.00 714802-716460 orient(-) score(3318.00) noncoding_equivalent(0.33) raw_noncoding(0.00) offset(0.00)
716460	714802	single-	4	6	{Augustus_gene769.t1;Augustus}

# EVM prediction: Mode:STANDARD S-ratio: 10000.00 721385-722308 orient(+) score(1848.00) noncoding_equivalent(0.18) raw_noncoding(0.00) offset(0.00)
721385	722308	single+	1	3	{Augustus_gene417.t1;Augustus}

# EVM prediction: Mode:STANDARD S-ratio: 10000.00 723731-724258 orient(-) score(1056.00) noncoding_equivalent(0.11) raw_noncoding(0.00) offset(0.00)
724258	723731	single-	4	6	{Augustus_gene761.t1;Augustus}

# EVM prediction: Mode:STANDARD S-ratio: 10000.00 728880-729719 orient(+) score(1680.00) noncoding_equivalent(0.17) raw_noncoding(0.00) offset(0.00)
728880	729719	single+	1	3	{Augustus_gene120.t1;Augustus}

# EVM prediction: Mode:STANDARD S-ratio: 10000.00 732634-734634 orient(-) score(4002.00) noncoding_equivalent(0.40) raw_noncoding(0.00) offset(0.00)
734634	732634	single-	4	6	{Augustus_gene1027.t1;Augustus}

# EVM prediction: Mode:STANDARD S-ratio: 10000.00 734827-735525 orient(-) score(1398.00) noncoding_equivalent(0.14) raw_noncoding(0.00) offset(0.00)
735525	734827	single-	4	6	{Augustus_gene176.t1;Augustus}

# EVM prediction: Mode:STANDARD S-ratio: 10000.00 741294-741611 orient(+) score(636.00) noncoding_equivalent(0.06) raw_noncoding(0.00) offset(0.00)
741294	741611	single+	1	3	{Augustus_gene384.t1;Augustus}

# EVM prediction: Mode:STANDARD S-ratio: 10000.00 742155-742490 orient(-) score(672.00) noncoding_equivalent(0.07) raw_noncoding(0.00) offset(0.00)
742490	742155	single-	4	6	{Augustus_gene1176.t1;Augustus}

# EVM prediction: Mode:STANDARD S-ratio: 10000.00 761253-762590 orient(+) score(2676.00) noncoding_equivalent(0.27) raw_noncoding(0.00) offset(0.00)
761253	762590	single+	1	3	{Augustus_gene112.t1;Augustus}

# EVM prediction: Mode:STANDARD S-ratio: 10000.00 776567-777850 orient(+) score(2568.00) noncoding_equivalent(0.26) raw_noncoding(0.00) offset(0.00)
776567	777850	single+	1	3	{Augustus_gene1091.t1;Augustus}

# EVM prediction: Mode:STANDARD S-ratio: 10000.00 779747-782380 orient(+) score(5268.00) noncoding_equivalent(0.53) raw_noncoding(0.00) offset(0.00)
779747	782380	single+	1	3	{Augustus_gene1051.t1;Augustus}

