!! Predictions spanning range 5665 - 99577 [R1]
# EVM prediction: Mode:STANDARD S-ratio: 2.19 5665-7335 orient(+) score(3297.00) noncoding_equivalent(1504.00) raw_noncoding(1929.00) offset(425.00) 
5665	6432	initial+	1	3	{GlimmerHMM_glimmerT_2270-T1;GlimmerHMM}
6433	6645	INTRON			{GlimmerHMM_glimmerT_2270-T1;GlimmerHMM}
6646	7335	terminal+	1	3	{Augustus_model.g2029.t1;Augustus},{snap_scaffold_3-snap.2-T1;snap},{GlimmerHMM_glimmerT_2270-T1;GlimmerHMM}

# EVM prediction: Mode:STANDARD S-ratio: 9.71 8144-9289 orient(-) score(3117.00) noncoding_equivalent(321.00) raw_noncoding(321.00) offset(0.00) 
9289	8144	single-	4	6	{Augustus_model.g2030.t1;Augustus},{GlimmerHMM_glimmerT_2272-T1;GlimmerHMM}

# EVM prediction: Mode:STANDARD S-ratio: 54.10 9360-11012 orient(-) score(4869.00) noncoding_equivalent(90.00) raw_noncoding(90.00) offset(0.00) 
11012	9360	single-	4	6	{GlimmerHMM_glimmerT_2273-T1;GlimmerHMM},{Augustus_model.g2031.t1;Augustus}

# EVM prediction: Mode:STANDARD S-ratio: 6.11 11100-12443 orient(-) score(3465.00) noncoding_equivalent(567.00) raw_noncoding(567.00) offset(0.00) 
12443	11100	single-	4	6	{GlimmerHMM_glimmerT_2274-T1;GlimmerHMM}

# EVM prediction: Mode:STANDARD S-ratio: 171.43 13261-14415 orient(-) score(3443.00) noncoding_equivalent(20.08) raw_noncoding(20.08) offset(0.00) 
14415	13261	single-	4	6	{Augustus_model.g2033.t1;Augustus},{GlimmerHMM_glimmerT_2275-T1;GlimmerHMM}

# EVM prediction: Mode:STANDARD S-ratio: 2.02 14823-15446 orient(+) score(1248.00) noncoding_equivalent(617.19) raw_noncoding(617.19) offset(0.00) 
14823	15446	single+	1	3	{GlimmerHMM_glimmerT_2276-T1;GlimmerHMM},{Augustus_model.g2034.t1;Augustus}

# EVM prediction: Mode:STANDARD S-ratio: 9.97 15457-17376 orient(-) score(5235.00) noncoding_equivalent(525.00) raw_noncoding(525.00) offset(0.00) 
17376	15457	single-	4	6	{Augustus_model.g2035.t1;Augustus}

# EVM prediction: Mode:STANDARD S-ratio: 122.68 19422-21197 orient(+) score(5283.00) noncoding_equivalent(43.06) raw_noncoding(43.06) offset(0.00) 
19422	21197	single+	1	3	{GlimmerHMM_glimmerT_2278-T1;GlimmerHMM}

# EVM prediction: Mode:STANDARD S-ratio: 2.40 21533-22759 orient(+) score(2437.00) noncoding_equivalent(1014.08) raw_noncoding(1014.08) offset(0.00) 
21533	22759	single+	1	3	{GlimmerHMM_glimmerT_2279-T1;GlimmerHMM}

# EVM prediction: Mode:STANDARD S-ratio: 70.00 22785-23423 orient(-) score(1890.00) noncoding_equivalent(27.00) raw_noncoding(27.00) offset(0.00) 
23423	22785	single-	4	6	{GlimmerHMM_glimmerT_2280-T1;GlimmerHMM},{Augustus_model.g2037.t1;Augustus}

# EVM prediction: Mode:STANDARD S-ratio: 17.98 23503-24807 orient(-) score(3708.00) noncoding_equivalent(206.24) raw_noncoding(206.24) offset(0.00) 
24807	23503	single-	4	6	{GlimmerHMM_glimmerT_2281-T1;GlimmerHMM},{Augustus_model.g2038.t1;Augustus}

# EVM prediction: Mode:STANDARD S-ratio: 2.04 24905-25816 orient(-) score(1836.00) noncoding_equivalent(900.18) raw_noncoding(900.18) offset(0.00) 
25816	24905	single-	4	6	{GlimmerHMM_glimmerT_2282-T1;GlimmerHMM},{Augustus_model.g2039.t1;Augustus}

# EVM prediction: Mode:STANDARD S-ratio: 153.33 26026-27414 orient(-) score(4140.00) noncoding_equivalent(27.00) raw_noncoding(27.00) offset(0.00) 
27414	26026	single-	4	6	{GlimmerHMM_glimmerT_2283-T1;GlimmerHMM},{Augustus_model.g2040.t1;Augustus}

# EVM prediction: Mode:STANDARD S-ratio: 0.99 27574-28386 orient(+) score(1212.00) noncoding_equivalent(1228.48) raw_noncoding(1228.48) offset(0.00) 
27574	28386	single+	1	3	{GlimmerHMM_glimmerT_2284-T1;GlimmerHMM}

# EVM prediction: Mode:STANDARD S-ratio: 20.95 28553-28789 orient(+) score(675.00) noncoding_equivalent(32.22) raw_noncoding(32.22) offset(0.00) 
28553	28789	single+	1	3	{GlimmerHMM_glimmerT_2285-T1;GlimmerHMM}

# EVM prediction: Mode:STANDARD S-ratio: 62.67 28893-30038 orient(-) score(3384.00) noncoding_equivalent(54.00) raw_noncoding(54.00) offset(0.00) 
30038	28893	single-	4	6	{GlimmerHMM_glimmerT_2286-T1;GlimmerHMM},{Augustus_model.g2042.t1;Augustus}

# EVM prediction: Mode:STANDARD S-ratio: 10000.00 30161-31549 orient(+) score(4167.00) noncoding_equivalent(0.42) raw_noncoding(0.00) offset(0.00) 
30161	31549	single+	1	3	{Augustus_model.g2043.t1;Augustus},{GlimmerHMM_glimmerT_2287-T1;GlimmerHMM}

# EVM prediction: Mode:STANDARD S-ratio: 2.00 31623-32573 orient(-) score(1902.00) noncoding_equivalent(951.00) raw_noncoding(951.00) offset(0.00) 
32573	31623	single-	4	6	{GlimmerHMM_glimmerT_2288-T1;GlimmerHMM},{Augustus_model.g2044.t1;Augustus}

# EVM prediction: Mode:STANDARD S-ratio: 17.28 33340-33609 orient(+) score(764.00) noncoding_equivalent(44.22) raw_noncoding(44.22) offset(0.00) 
33340	33609	single+	1	3	{GlimmerHMM_glimmerT_2289-T1;GlimmerHMM},{Augustus_model.g2045.t1;Augustus}

# EVM prediction: Mode:STANDARD S-ratio: 39.81 33671-34799 orient(-) score(3225.00) noncoding_equivalent(81.00) raw_noncoding(211.00) offset(130.00) 
34716	33671	terminal-	5	6	{Augustus_model.g2046.t1;Augustus},{snap_scaffold_3-snap.17-T1;snap}
34795	34717	INTRON			{snap_scaffold_3-snap.17-T1;snap}
34799	34796	initial-	4	4	{snap_scaffold_3-snap.17-T1;snap}

# EVM prediction: Mode:STANDARD S-ratio: 86.15 34967-35674 orient(-) score(2098.00) noncoding_equivalent(24.35) raw_noncoding(24.35) offset(0.00) 
35674	34967	single-	4	6	{GlimmerHMM_glimmerT_2291-T1;GlimmerHMM}

# EVM prediction: Mode:STANDARD S-ratio: 1.53 35745-36395 orient(-) score(1183.00) noncoding_equivalent(772.40) raw_noncoding(772.40) offset(0.00) 
36395	35745	single-	4	6	{GlimmerHMM_glimmerT_2292-T1;GlimmerHMM}

# EVM prediction: Mode:STANDARD S-ratio: 2.00 36538-37167 orient(+) score(1260.00) noncoding_equivalent(630.00) raw_noncoding(630.00) offset(0.00) 
36538	37167	single+	1	3	{Augustus_model.g2047.t1;Augustus},{GlimmerHMM_glimmerT_2293-T1;GlimmerHMM}

# EVM prediction: Mode:STANDARD S-ratio: 10000.00 37264-38145 orient(-) score(2646.00) noncoding_equivalent(0.26) raw_noncoding(0.00) offset(0.00) 
38145	37264	single-	4	6	{GlimmerHMM_glimmerT_2294-T1;GlimmerHMM},{Augustus_model.g2048.t1;Augustus}

# EVM prediction: Mode:STANDARD S-ratio: 2.01 38515-39114 orient(+) score(1200.00) noncoding_equivalent(595.66) raw_noncoding(595.66) offset(0.00) 
38515	39114	single+	1	3	{Augustus_model.g2049.t1;Augustus},{GlimmerHMM_glimmerT_2295-T1;GlimmerHMM}

# EVM prediction: Mode:STANDARD S-ratio: 44.45 39143-41932 orient(-) score(8247.00) noncoding_equivalent(185.53) raw_noncoding(249.00) offset(63.47) 
41829	39143	terminal-	5	6	{GlimmerHMM_glimmerT_2296-T1;GlimmerHMM},{Augustus_model.g2050.t1;Augustus}
41895	41830	INTRON			{GlimmerHMM_glimmerT_2296-T1;GlimmerHMM},{Augustus_model.g2050.t1;Augustus}
41932	41896	initial-	4	4	{GlimmerHMM_glimmerT_2296-T1;GlimmerHMM},{Augustus_model.g2050.t1;Augustus}

# EVM prediction: Mode:STANDARD S-ratio: 76.68 42098-43573 orient(-) score(4371.00) noncoding_equivalent(57.00) raw_noncoding(57.00) offset(0.00) 
43573	42098	single-	4	6	{GlimmerHMM_glimmerT_2297-T1;GlimmerHMM},{Augustus_model.g2051.t1;Augustus}

# EVM prediction: Mode:STANDARD S-ratio: 69.68 44160-47528 orient(+) score(9855.00) noncoding_equivalent(141.44) raw_noncoding(339.00) offset(197.56) 
44160	44167	initial+	1	2	{snap_scaffold_3-snap.22-T1;snap},{Augustus_model.g2052.t1;Augustus}
44168	44266	INTRON			{Augustus_model.g2052.t1;Augustus}
44267	47528	terminal+	3	3	{Augustus_model.g2052.t1;Augustus}

# EVM prediction: Mode:STANDARD S-ratio: 52.85 47572-49671 orient(-) score(6183.00) noncoding_equivalent(117.00) raw_noncoding(117.00) offset(0.00) 
49671	47572	single-	4	6	{GlimmerHMM_glimmerT_2299-T1;GlimmerHMM},{Augustus_model.g2053.t1;Augustus}

# EVM prediction: Mode:STANDARD S-ratio: 40.88 50247-53261 orient(+) score(8829.00) noncoding_equivalent(216.00) raw_noncoding(216.00) offset(0.00) 
50247	53261	single+	1	3	{GlimmerHMM_glimmerT_2300-T1;GlimmerHMM}

# EVM prediction: Mode:STANDARD S-ratio: 17.75 53348-55222 orient(-) score(5325.00) noncoding_equivalent(300.00) raw_noncoding(300.00) offset(0.00) 
55222	53348	single-	4	6	{GlimmerHMM_glimmerT_2301-T1;GlimmerHMM},{Augustus_model.g2055.t1;Augustus}

# EVM prediction: Mode:STANDARD S-ratio: 171.19 55482-56696 orient(-) score(3622.00) noncoding_equivalent(21.16) raw_noncoding(21.16) offset(0.00) 
56696	55482	single-	4	6	{Augustus_model.g2056.t1;Augustus},{GlimmerHMM_glimmerT_2302-T1;GlimmerHMM}

# EVM prediction: Mode:STANDARD S-ratio: 13.02 57065-57796 orient(-) score(2038.00) noncoding_equivalent(156.48) raw_noncoding(156.48) offset(0.00) 
57796	57065	single-	4	6	{GlimmerHMM_glimmerT_2303-T1;GlimmerHMM},{Augustus_model.g2057.t1;Augustus}

# EVM prediction: Mode:STANDARD S-ratio: 941.91 59132-62923 orient(-) score(11362.00) noncoding_equivalent(12.06) raw_noncoding(12.06) offset(0.00) 
62923	59132	single-	4	6	{Augustus_model.g2058.t1;Augustus},{GlimmerHMM_glimmerT_2304-T1;GlimmerHMM}

# EVM prediction: Mode:STANDARD S-ratio: 2.00 63538-64164 orient(+) score(1254.00) noncoding_equivalent(627.00) raw_noncoding(627.00) offset(0.00) 
63538	64164	single+	1	3	{Augustus_model.g2059.t1;Augustus},{GlimmerHMM_glimmerT_2305-T1;GlimmerHMM}

# EVM prediction: Mode:STANDARD S-ratio: 208.83 64196-64981 orient(-) score(2345.00) noncoding_equivalent(11.23) raw_noncoding(11.23) offset(0.00) 
64981	64196	single-	4	6	{Augustus_model.g2060.t1;Augustus},{GlimmerHMM_glimmerT_2306-T1;GlimmerHMM}

# EVM prediction: Mode:STANDARD S-ratio: 26.87 65221-66279 orient(+) score(3063.00) noncoding_equivalent(114.00) raw_noncoding(114.00) offset(0.00) 
65221	66279	single+	1	3	{GlimmerHMM_glimmerT_2307-T1;GlimmerHMM},{Augustus_model.g2061.t1;Augustus}

# EVM prediction: Mode:STANDARD S-ratio: 485.79 66331-68124 orient(-) score(5369.00) noncoding_equivalent(11.05) raw_noncoding(11.05) offset(0.00) 
68124	66331	single-	4	6	{Augustus_model.g2062.t1;Augustus},{GlimmerHMM_glimmerT_2308-T1;GlimmerHMM}

# EVM prediction: Mode:STANDARD S-ratio: 260.60 69092-70399 orient(+) score(3909.00) noncoding_equivalent(15.00) raw_noncoding(15.00) offset(0.00) 
69092	70399	single+	1	3	{GlimmerHMM_glimmerT_2309-T1;GlimmerHMM},{Augustus_model.g2063.t1;Augustus}

# EVM prediction: Mode:STANDARD S-ratio: 10000.00 70659-74444 orient(+) score(11358.00) noncoding_equivalent(1.14) raw_noncoding(0.00) offset(0.00) 
70659	74444	single+	1	3	{GlimmerHMM_glimmerT_2310-T1;GlimmerHMM},{Augustus_model.g2064.t1;Augustus}

# EVM prediction: Mode:STANDARD S-ratio: 2.04 74565-74909 orient(-) score(690.00) noncoding_equivalent(338.31) raw_noncoding(338.31) offset(0.00) 
74909	74565	single-	4	6	{GlimmerHMM_glimmerT_2311-T1;GlimmerHMM},{Augustus_model.g2065.t1;Augustus}

# EVM prediction: Mode:STANDARD S-ratio: 24.21 75586-77595 orient(+) score(5789.00) noncoding_equivalent(239.08) raw_noncoding(239.08) offset(0.00) 
75586	77595	single+	1	3	{GlimmerHMM_glimmerT_2312-T1;GlimmerHMM}

# EVM prediction: Mode:STANDARD S-ratio: 28.94 78116-80620 orient(+) score(7264.00) noncoding_equivalent(251.00) raw_noncoding(251.00) offset(0.00) 
78116	80620	single+	1	3	{GlimmerHMM_glimmerT_2313-T1;GlimmerHMM}

# EVM prediction: Mode:STANDARD S-ratio: 12.76 80980-81942 orient(+) score(2679.00) noncoding_equivalent(210.00) raw_noncoding(210.00) offset(0.00) 
80980	81942	single+	1	3	{Augustus_model.g2068.t1;Augustus}

# EVM prediction: Mode:STANDARD S-ratio: 10000.00 82824-84179 orient(+) score(4068.00) noncoding_equivalent(0.41) raw_noncoding(0.00) offset(0.00) 
82824	84179	single+	1	3	{Augustus_model.g2069.t1;Augustus},{GlimmerHMM_glimmerT_2315-T1;GlimmerHMM}

# EVM prediction: Mode:STANDARD S-ratio: 225.04 84801-86633 orient(+) score(5473.00) noncoding_equivalent(24.32) raw_noncoding(24.32) offset(0.00) 
84801	86633	single+	1	3	{Augustus_model.g2070.t1;Augustus},{GlimmerHMM_glimmerT_2316-T1;GlimmerHMM}

# EVM prediction: Mode:STANDARD S-ratio: 120.81 87920-89629 orient(+) score(5086.00) noncoding_equivalent(42.10) raw_noncoding(42.10) offset(0.00) 
87920	89629	single+	1	3	{GlimmerHMM_glimmerT_2317-T1;GlimmerHMM},{Augustus_model.g2071.t1;Augustus}

# EVM prediction: Mode:STANDARD S-ratio: 11.37 90072-92419 orient(+) score(6005.00) noncoding_equivalent(528.08) raw_noncoding(1413.00) offset(884.92) 
90072	90276	initial+	1	1	{GlimmerHMM_glimmerT_2318-T1;GlimmerHMM}
90277	90785	INTRON			{Augustus_model.g2072.t1;Augustus}
90786	92419	terminal+	2	3	{Augustus_model.g2072.t1;Augustus}

# EVM prediction: Mode:STANDARD S-ratio: 78.78 92547-94091 orient(-) score(4569.00) noncoding_equivalent(58.00) raw_noncoding(58.00) offset(0.00) 
94091	92547	single-	4	6	{GlimmerHMM_glimmerT_2319-T1;GlimmerHMM},{Augustus_model.g2073.t1;Augustus}

# EVM prediction: Mode:STANDARD S-ratio: 17.85 95133-96695 orient(+) score(4439.00) noncoding_equivalent(248.70) raw_noncoding(248.70) offset(0.00) 
95133	96695	single+	1	3	{GlimmerHMM_glimmerT_2320-T1;GlimmerHMM},{Augustus_model.g2074.t1;Augustus}

# EVM prediction: Mode:STANDARD S-ratio: 41.00 96803-97516 orient(-) score(2091.00) noncoding_equivalent(51.00) raw_noncoding(51.00) offset(0.00) 
97516	96803	single-	4	6	{GlimmerHMM_glimmerT_2321-T1;GlimmerHMM},{Augustus_model.g2075.t1;Augustus}

# EVM prediction: Mode:STANDARD S-ratio: 1.23 97951-98402 orient(-) score(887.00) noncoding_equivalent(722.14) raw_noncoding(981.14) offset(259.00) 
98081	97951	terminal-	5	6	{GlimmerHMM_glimmerT_2322-T1;GlimmerHMM},{Augustus_model.g2076.t1;Augustus}
98338	98082	INTRON			{GlimmerHMM_glimmerT_2322-T1;GlimmerHMM},{Augustus_model.g2076.t1;Augustus}
98402	98339	initial-	4	4	{GlimmerHMM_glimmerT_2322-T1;GlimmerHMM}

# EVM prediction: Mode:STANDARD S-ratio: 4.30 98606-99577 orient(-) score(2366.00) noncoding_equivalent(550.04) raw_noncoding(550.04) offset(0.00) 
99577	98606	single-	4	6	{GlimmerHMM_glimmerT_2323-T1;GlimmerHMM}

