!! Predictions spanning range 1184 - 98827 [R1]
# EVM prediction: Mode:STANDARD S-ratio: 10000.00 1184-2335 orient(-) score(3456.00) noncoding_equivalent(0.35) raw_noncoding(0.00) offset(0.00) 
2335	1184	single-	4	6	{Augustus_model.g4676.t1;Augustus},{GlimmerHMM_glimmerT_5300-T1;GlimmerHMM}

# EVM prediction: Mode:STANDARD S-ratio: 2.00 3038-3583 orient(+) score(1092.00) noncoding_equivalent(546.00) raw_noncoding(546.00) offset(0.00) 
3038	3583	single+	1	3	{GlimmerHMM_glimmerT_5301-T1;GlimmerHMM},{Augustus_model.g4677.t1;Augustus}

# EVM prediction: Mode:STANDARD S-ratio: 35.56 4198-5418 orient(-) score(3561.00) noncoding_equivalent(100.15) raw_noncoding(100.15) offset(0.00) 
5418	4198	single-	4	6	{GlimmerHMM_glimmerT_5302-T1;GlimmerHMM},{Augustus_model.g4678.t1;Augustus}

# EVM prediction: Mode:STANDARD S-ratio: 4.92 8121-8522 orient(-) score(1001.00) noncoding_equivalent(203.43) raw_noncoding(203.43) offset(0.00) 
8522	8121	single-	4	6	{Augustus_model.g4679.t1;Augustus},{GlimmerHMM_glimmerT_5303-T1;GlimmerHMM}

# EVM prediction: Mode:STANDARD S-ratio: 2.29 10120-12114 orient(+) score(3299.00) noncoding_equivalent(1439.00) raw_noncoding(3834.00) offset(2395.00) 
10120	10315	initial+	1	1	{Augustus_model.g4680.t1;Augustus}
10316	11560	INTRON			{Augustus_model.g4680.t1;Augustus}
11561	12114	terminal+	2	3	{snap_scaffold_7-snap.167-T1;snap},{Augustus_model.g4680.t1;Augustus},{GlimmerHMM_glimmerT_5304-T1;GlimmerHMM}

# EVM prediction: Mode:STANDARD S-ratio: 10000.00 13058-15112 orient(+) score(6165.00) noncoding_equivalent(0.62) raw_noncoding(0.00) offset(0.00) 
13058	15112	single+	1	3	{GlimmerHMM_glimmerT_5305-T1;GlimmerHMM},{Augustus_model.g4681.t1;Augustus}

# EVM prediction: Mode:STANDARD S-ratio: 5.84 15254-15907 orient(-) score(3907.00) noncoding_equivalent(669.02) raw_noncoding(669.02) offset(0.00) 
15907	15254	single-	4	6	{HiQ_model.g4682.t1;HiQ},{GlimmerHMM_glimmerT_5306-T1;GlimmerHMM}

# EVM prediction: Mode:STANDARD S-ratio: 3.00 16623-17456 orient(+) score(2502.00) noncoding_equivalent(835.06) raw_noncoding(835.06) offset(0.00) 
16623	17456	single+	1	3	{GlimmerHMM_glimmerT_5307-T1;GlimmerHMM},{Augustus_model.g4683.t1;Augustus}

# EVM prediction: Mode:STANDARD S-ratio: 10000.00 17667-20486 orient(-) score(8460.00) noncoding_equivalent(0.85) raw_noncoding(0.00) offset(0.00) 
20486	17667	single-	4	6	{GlimmerHMM_glimmerT_5308-T1;GlimmerHMM},{Augustus_model.g4684.t1;Augustus}

# EVM prediction: Mode:STANDARD S-ratio: 35.75 20964-22793 orient(-) score(5339.00) noncoding_equivalent(149.34) raw_noncoding(149.34) offset(0.00) 
22793	20964	single-	4	6	{Augustus_model.g4685.t1;Augustus},{GlimmerHMM_glimmerT_5309-T1;GlimmerHMM}

# EVM prediction: Mode:STANDARD S-ratio: 10000.00 24133-25320 orient(+) score(3564.00) noncoding_equivalent(0.36) raw_noncoding(0.00) offset(0.00) 
24133	25320	single+	1	3	{Augustus_model.g4686.t1;Augustus},{GlimmerHMM_glimmerT_5310-T1;GlimmerHMM}

# EVM prediction: Mode:STANDARD S-ratio: 19.62 25632-28013 orient(-) score(6798.00) noncoding_equivalent(346.54) raw_noncoding(346.54) offset(0.00) 
28013	25632	single-	4	6	{GlimmerHMM_glimmerT_5311-T1;GlimmerHMM}

# EVM prediction: Mode:STANDARD S-ratio: 4.79 28575-28916 orient(-) score(849.00) noncoding_equivalent(177.21) raw_noncoding(177.21) offset(0.00) 
28916	28575	single-	4	6	{GlimmerHMM_glimmerT_5312-T1;GlimmerHMM}

# EVM prediction: Mode:STANDARD S-ratio: 446.68 29401-31050 orient(+) score(4937.00) noncoding_equivalent(11.05) raw_noncoding(11.05) offset(0.00) 
29401	31050	single+	1	3	{GlimmerHMM_glimmerT_5313-T1;GlimmerHMM},{Augustus_model.g4688.t1;Augustus}

# EVM prediction: Mode:STANDARD S-ratio: 11.48 31253-32839 orient(-) score(4377.00) noncoding_equivalent(381.17) raw_noncoding(381.17) offset(0.00) 
32839	31253	single-	4	6	{GlimmerHMM_glimmerT_5314-T1;GlimmerHMM}

# EVM prediction: Mode:STANDARD S-ratio: 151.27 36452-37012 orient(+) score(1670.00) noncoding_equivalent(11.04) raw_noncoding(11.04) offset(0.00) 
36452	37012	single+	1	3	{GlimmerHMM_glimmerT_5315-T1;GlimmerHMM},{Augustus_model.g4690.t1;Augustus}

# EVM prediction: Mode:STANDARD S-ratio: 352.63 39805-41106 orient(+) score(3893.00) noncoding_equivalent(11.04) raw_noncoding(11.04) offset(0.00) 
39805	41106	single+	1	3	{Augustus_model.g4691.t1;Augustus},{GlimmerHMM_glimmerT_5316-T1;GlimmerHMM}

# EVM prediction: Mode:STANDARD S-ratio: 11.24 41416-43224 orient(-) score(5080.00) noncoding_equivalent(451.83) raw_noncoding(562.20) offset(110.37) 
42877	41416	terminal-	6	6	{Augustus_model.g4692.t1;Augustus},{snap_scaffold_7-snap.180-T1;snap},{GlimmerHMM_glimmerT_5317-T1;GlimmerHMM}
42985	42878	INTRON			{Augustus_model.g4692.t1;Augustus},{GlimmerHMM_glimmerT_5317-T1;GlimmerHMM}
43224	42986	initial-	4	5	{Augustus_model.g4692.t1;Augustus},{GlimmerHMM_glimmerT_5317-T1;GlimmerHMM}

# EVM prediction: Mode:STANDARD S-ratio: 3.00 43517-44062 orient(+) score(1638.00) noncoding_equivalent(546.00) raw_noncoding(546.00) offset(0.00) 
43517	44062	single+	1	3	{Augustus_model.g4693.t1;Augustus},{GlimmerHMM_glimmerT_5318-T1;GlimmerHMM}

# EVM prediction: Mode:STANDARD S-ratio: 13.75 44226-45677 orient(-) score(4258.00) noncoding_equivalent(309.68) raw_noncoding(309.68) offset(0.00) 
45677	44226	single-	4	6	{Augustus_model.g4694.t1;Augustus},{GlimmerHMM_glimmerT_5319-T1;GlimmerHMM}

# EVM prediction: Mode:STANDARD S-ratio: 9.62 46005-47672 orient(+) score(4977.00) noncoding_equivalent(517.18) raw_noncoding(517.18) offset(0.00) 
46005	47672	single+	1	3	{Augustus_model.g4695.t1;Augustus},{GlimmerHMM_glimmerT_5320-T1;GlimmerHMM}

# EVM prediction: Mode:STANDARD S-ratio: 10000.00 49175-50542 orient(+) score(4104.00) noncoding_equivalent(0.41) raw_noncoding(0.00) offset(0.00) 
49175	50542	single+	1	3	{GlimmerHMM_glimmerT_5321-T1;GlimmerHMM},{Augustus_model.g4696.t1;Augustus}

# EVM prediction: Mode:STANDARD S-ratio: 74.63 51489-52706 orient(+) score(3604.00) noncoding_equivalent(48.29) raw_noncoding(48.29) offset(0.00) 
51489	52706	single+	1	3	{GlimmerHMM_glimmerT_5322-T1;GlimmerHMM},{Augustus_model.g4697.t1;Augustus}

# EVM prediction: Mode:STANDARD S-ratio: 58.15 53335-57153 orient(+) score(11256.00) noncoding_equivalent(193.56) raw_noncoding(193.56) offset(0.00) 
53335	57153	single+	1	3	{Augustus_model.g4698.t1;Augustus},{GlimmerHMM_glimmerT_5323-T1;GlimmerHMM}

# EVM prediction: Mode:STANDARD S-ratio: 34.48 57225-58040 orient(-) score(2379.00) noncoding_equivalent(69.00) raw_noncoding(69.00) offset(0.00) 
58040	57225	single-	4	6	{GlimmerHMM_glimmerT_5324-T1;GlimmerHMM},{Augustus_model.g4699.t1;Augustus}

# EVM prediction: Mode:STANDARD S-ratio: 103.06 58862-59665 orient(+) score(2387.00) noncoding_equivalent(23.16) raw_noncoding(23.16) offset(0.00) 
58862	59665	single+	1	3	{Augustus_model.g4700.t1;Augustus},{GlimmerHMM_glimmerT_5325-T1;GlimmerHMM}

# EVM prediction: Mode:STANDARD S-ratio: 481.92 59769-60749 orient(-) score(2935.00) noncoding_equivalent(6.09) raw_noncoding(6.09) offset(0.00) 
60749	59769	single-	4	6	{Augustus_model.g4701.t1;Augustus},{GlimmerHMM_glimmerT_5326-T1;GlimmerHMM}

# EVM prediction: Mode:STANDARD S-ratio: 126.20 61041-62948 orient(+) score(5679.00) noncoding_equivalent(45.00) raw_noncoding(45.00) offset(0.00) 
61041	62948	single+	1	3	{GlimmerHMM_glimmerT_5327-T1;GlimmerHMM},{Augustus_model.g4702.t1;Augustus}

# EVM prediction: Mode:STANDARD S-ratio: 235.35 64254-65363 orient(+) score(3314.00) noncoding_equivalent(14.08) raw_noncoding(14.08) offset(0.00) 
64254	65363	single+	1	3	{GlimmerHMM_glimmerT_5329-T1;GlimmerHMM},{Augustus_model.g4703.t1;Augustus}

# EVM prediction: Mode:STANDARD S-ratio: 10000.00 65648-66388 orient(-) score(2223.00) noncoding_equivalent(0.22) raw_noncoding(0.00) offset(0.00) 
66388	65648	single-	4	6	{GlimmerHMM_glimmerT_5330-T1;GlimmerHMM},{Augustus_model.g4704.t1;Augustus}

# EVM prediction: Mode:STANDARD S-ratio: 588.16 67713-68897 orient(-) score(3547.00) noncoding_equivalent(6.03) raw_noncoding(6.03) offset(0.00) 
68897	67713	single-	4	6	{GlimmerHMM_glimmerT_5331-T1;GlimmerHMM},{Augustus_model.g4705.t1;Augustus}

# EVM prediction: Mode:STANDARD S-ratio: 2.03 69240-69686 orient(-) score(899.00) noncoding_equivalent(442.22) raw_noncoding(442.22) offset(0.00) 
69686	69240	single-	4	6	{GlimmerHMM_glimmerT_5332-T1;GlimmerHMM},{Augustus_model.g4706.t1;Augustus}

# EVM prediction: Mode:STANDARD S-ratio: 10000.00 70747-71556 orient(+) score(2430.00) noncoding_equivalent(0.24) raw_noncoding(0.00) offset(0.00) 
70747	71556	single+	1	3	{GlimmerHMM_glimmerT_5333-T1;GlimmerHMM},{Augustus_model.g4707.t1;Augustus}

# EVM prediction: Mode:STANDARD S-ratio: 11.58 71838-72290 orient(-) score(1251.00) noncoding_equivalent(108.00) raw_noncoding(108.00) offset(0.00) 
72290	71838	single-	4	6	{GlimmerHMM_glimmerT_5334-T1;GlimmerHMM},{Augustus_model.g4708.t1;Augustus}

# EVM prediction: Mode:STANDARD S-ratio: 24.22 72595-73275 orient(-) score(1962.00) noncoding_equivalent(81.00) raw_noncoding(81.00) offset(0.00) 
73275	72595	single-	4	6	{Augustus_model.g4709.t1;Augustus},{GlimmerHMM_glimmerT_5335-T1;GlimmerHMM}

# EVM prediction: Mode:STANDARD S-ratio: 155.55 74474-75520 orient(+) score(3119.00) noncoding_equivalent(20.05) raw_noncoding(20.05) offset(0.00) 
74474	75520	single+	1	3	{GlimmerHMM_glimmerT_5337-T1;GlimmerHMM},{Augustus_model.g4710.t1;Augustus}

# EVM prediction: Mode:STANDARD S-ratio: 67.87 75572-76570 orient(-) score(2952.00) noncoding_equivalent(43.50) raw_noncoding(43.50) offset(0.00) 
76570	75572	single-	4	6	{GlimmerHMM_glimmerT_5338-T1;GlimmerHMM},{Augustus_model.g4711.t1;Augustus}

# EVM prediction: Mode:STANDARD S-ratio: 2.00 76774-78267 orient(+) score(2988.00) noncoding_equivalent(1494.00) raw_noncoding(1494.00) offset(0.00) 
76774	78267	single+	1	3	{Augustus_model.g4712.t1;Augustus},{GlimmerHMM_glimmerT_5339-T1;GlimmerHMM}

# EVM prediction: Mode:STANDARD S-ratio: 187.62 78273-79094 orient(-) score(2451.00) noncoding_equivalent(13.06) raw_noncoding(13.06) offset(0.00) 
79094	78273	single-	4	6	{Augustus_model.g4713.t1;Augustus},{GlimmerHMM_glimmerT_5340-T1;GlimmerHMM}

# EVM prediction: Mode:STANDARD S-ratio: 278.00 79546-82056 orient(+) score(7506.00) noncoding_equivalent(27.00) raw_noncoding(27.00) offset(0.00) 
79546	82056	single+	1	3	{Augustus_model.g4714.t1;Augustus},{GlimmerHMM_glimmerT_5341-T1;GlimmerHMM}

# EVM prediction: Mode:STANDARD S-ratio: 10000.00 82206-83732 orient(-) score(4581.00) noncoding_equivalent(0.46) raw_noncoding(0.00) offset(0.00) 
83732	82206	single-	4	6	{Augustus_model.g4715.t1;Augustus},{GlimmerHMM_glimmerT_5342-T1;GlimmerHMM}

# EVM prediction: Mode:STANDARD S-ratio: 53.25 84068-84433 orient(-) score(1076.00) noncoding_equivalent(20.21) raw_noncoding(20.21) offset(0.00) 
84433	84068	single-	4	6	{GlimmerHMM_glimmerT_5343-T1;GlimmerHMM},{Augustus_model.g4716.t1;Augustus}

# EVM prediction: Mode:STANDARD S-ratio: 14.83 84981-87657 orient(-) score(7107.00) noncoding_equivalent(479.15) raw_noncoding(1265.39) offset(786.24) 
87198	84981	terminal-	6	6	{snap_scaffold_7-snap.202-T1;snap}
87345	87199	INTRON			{snap_scaffold_7-snap.202-T1;snap}
87352	87346	internal-	5	5	{snap_scaffold_7-snap.202-T1;snap}
87650	87353	INTRON			{snap_scaffold_7-snap.202-T1;snap}
87657	87651	initial-	4	4	{snap_scaffold_7-snap.202-T1;snap}

# EVM prediction: Mode:STANDARD S-ratio: 8.42 87774-88826 orient(-) score(2824.00) noncoding_equivalent(335.32) raw_noncoding(335.32) offset(0.00) 
88826	87774	single-	4	6	{GlimmerHMM_glimmerT_5345-T1;GlimmerHMM}

# EVM prediction: Mode:STANDARD S-ratio: 6.20 89180-91484 orient(-) score(5251.00) noncoding_equivalent(847.00) raw_noncoding(2428.00) offset(1581.00) 
90659	89180	terminal-	6	6	{snap_scaffold_7-snap.204-T1;snap}
91476	90660	INTRON			{snap_scaffold_7-snap.204-T1;snap}
91484	91477	initial-	4	5	{snap_scaffold_7-snap.204-T1;snap}

# EVM prediction: Mode:STANDARD S-ratio: 112.11 91584-93302 orient(-) score(5110.00) noncoding_equivalent(45.58) raw_noncoding(45.58) offset(0.00) 
93302	91584	single-	4	6	{GlimmerHMM_glimmerT_5347-T1;GlimmerHMM}

# EVM prediction: Mode:STANDARD S-ratio: 8.32 97501-98827 orient(-) score(3554.00) noncoding_equivalent(427.00) raw_noncoding(427.00) offset(0.00) 
98827	97501	terminal-	6	6	{snap_scaffold_7-snap.206-T1;snap}

