!! Predictions spanning range 2826 - 99521 [R1]
# EVM prediction: Mode:STANDARD S-ratio: 5.00 2826-3788 orient(-) score(4815.00) noncoding_equivalent(963.00) raw_noncoding(963.00) offset(0.00) 
3788	2826	single-	4	6	{GlimmerHMM_glimmerT_4706-T1;GlimmerHMM},{HiQ_model.g4157.t1;HiQ}

# EVM prediction: Mode:STANDARD S-ratio: 4.96 4116-5870 orient(-) score(8763.00) noncoding_equivalent(1767.00) raw_noncoding(1767.00) offset(0.00) 
5870	4116	single-	4	6	{HiQ_model.g4158.t1;HiQ},{GlimmerHMM_glimmerT_4707-T1;GlimmerHMM}

# EVM prediction: Mode:STANDARD S-ratio: 10000.00 6178-7188 orient(-) score(3033.00) noncoding_equivalent(0.30) raw_noncoding(0.00) offset(0.00) 
7188	6178	single-	4	6	{GlimmerHMM_glimmerT_4708-T1;GlimmerHMM},{Augustus_model.g4159.t1;Augustus}

# EVM prediction: Mode:STANDARD S-ratio: 10000.00 9081-10964 orient(-) score(5652.00) noncoding_equivalent(0.57) raw_noncoding(0.00) offset(0.00) 
10964	9081	single-	4	6	{Augustus_model.g4160.t1;Augustus},{GlimmerHMM_glimmerT_4709-T1;GlimmerHMM}

# EVM prediction: Mode:STANDARD S-ratio: 53.29 11754-14576 orient(-) score(8313.00) noncoding_equivalent(156.00) raw_noncoding(156.00) offset(0.00) 
14576	11754	single-	4	6	{GlimmerHMM_glimmerT_4710-T1;GlimmerHMM},{Augustus_model.g4161.t1;Augustus}

# EVM prediction: Mode:STANDARD S-ratio: 1172.20 15813-17000 orient(+) score(4746.00) noncoding_equivalent(4.05) raw_noncoding(4.05) offset(0.00) 
15813	17000	single+	1	3	{GlimmerHMM_glimmerT_4712-T1;GlimmerHMM},{Augustus_model.g4162.t1;Augustus}

# EVM prediction: Mode:STANDARD S-ratio: 5.00 17258-18493 orient(-) score(6180.00) noncoding_equivalent(1236.00) raw_noncoding(1236.00) offset(0.00) 
18493	17258	single-	4	6	{GlimmerHMM_glimmerT_4713-T1;GlimmerHMM},{HiQ_model.g4163.t1;HiQ}

# EVM prediction: Mode:STANDARD S-ratio: 2.80 19161-20582 orient(+) score(4137.00) noncoding_equivalent(1477.85) raw_noncoding(1477.85) offset(0.00) 
19161	20582	single+	1	3	{GlimmerHMM_glimmerT_4714-T1;GlimmerHMM}

# EVM prediction: Mode:STANDARD S-ratio: 3.91 20904-21703 orient(+) score(3488.00) noncoding_equivalent(891.44) raw_noncoding(1277.73) offset(386.30) 
20904	21032	initial+	1	3	{GlimmerHMM_glimmerT_4715-T1;GlimmerHMM}
21033	21415	INTRON			{GlimmerHMM_glimmerT_4715-T1;GlimmerHMM},{Augustus_model.g4164.t1;Augustus},{ev_type:exonerate/ID=match.177006.401/Target=YKL006W;exonerate},{ev_type:exonerate/ID=match.177006.1230/Target=YHL001W;exonerate}
21416	21703	terminal+	1	3	{snap_scaffold_12-snap.40-T1;snap},{GlimmerHMM_glimmerT_4715-T1;GlimmerHMM},{Augustus_model.g4164.t1;Augustus}

# EVM prediction: Mode:STANDARD S-ratio: 122.66 22722-24035 orient(+) score(5212.00) noncoding_equivalent(42.49) raw_noncoding(42.49) offset(0.00) 
22722	24035	single+	1	3	{GlimmerHMM_glimmerT_4716-T1;GlimmerHMM},{Augustus_model.g4165.t1;Augustus}

# EVM prediction: Mode:STANDARD S-ratio: 3.46 25491-26565 orient(+) score(3139.00) noncoding_equivalent(906.54) raw_noncoding(1161.00) offset(254.46) 
25491	26062	initial+	1	2	{GlimmerHMM_glimmerT_4717-T1;GlimmerHMM}
26063	26189	INTRON			{GlimmerHMM_glimmerT_4717-T1;GlimmerHMM}
26190	26565	terminal+	3	3	{GlimmerHMM_glimmerT_4717-T1;GlimmerHMM}

# EVM prediction: Mode:STANDARD S-ratio: 4.69 26670-27959 orient(-) score(6378.00) noncoding_equivalent(1360.64) raw_noncoding(1360.64) offset(0.00) 
27959	26670	single-	4	6	{HiQ_model.g4167.t1;HiQ},{GlimmerHMM_glimmerT_4718-T1;GlimmerHMM}

# EVM prediction: Mode:STANDARD S-ratio: 113.32 28385-29725 orient(-) score(3986.00) noncoding_equivalent(35.18) raw_noncoding(35.18) offset(0.00) 
29725	28385	single-	4	6	{GlimmerHMM_glimmerT_4719-T1;GlimmerHMM},{Augustus_model.g4168.t1;Augustus}

# EVM prediction: Mode:STANDARD S-ratio: 4.99 30120-31538 orient(-) score(7086.00) noncoding_equivalent(1419.00) raw_noncoding(1419.00) offset(0.00) 
31538	30120	single-	4	6	{GlimmerHMM_glimmerT_4720-T1;GlimmerHMM},{HiQ_model.g4169.t1;HiQ}

# EVM prediction: Mode:STANDARD S-ratio: 4.77 32210-32491 orient(-) score(1397.00) noncoding_equivalent(293.04) raw_noncoding(293.04) offset(0.00) 
32491	32210	single-	4	6	{HiQ_model.g4170.t1;HiQ},{GlimmerHMM_glimmerT_4721-T1;GlimmerHMM}

# EVM prediction: Mode:STANDARD S-ratio: 22.69 34219-35829 orient(+) score(4629.00) noncoding_equivalent(204.00) raw_noncoding(204.00) offset(0.00) 
34219	35829	single+	1	3	{Augustus_model.g4171.t1;Augustus},{GlimmerHMM_glimmerT_4722-T1;GlimmerHMM}

# EVM prediction: Mode:STANDARD S-ratio: 4.46 36297-37889 orient(-) score(7805.00) noncoding_equivalent(1751.55) raw_noncoding(1751.55) offset(0.00) 
37889	36297	single-	4	6	{GlimmerHMM_glimmerT_4723-T1;GlimmerHMM},{HiQ_model.g4172.t1;HiQ}

# EVM prediction: Mode:STANDARD S-ratio: 5.00 39067-39768 orient(-) score(3510.00) noncoding_equivalent(702.00) raw_noncoding(702.00) offset(0.00) 
39768	39067	single-	4	6	{GlimmerHMM_glimmerT_4724-T1;GlimmerHMM},{HiQ_model.g4173.t1;HiQ}

# EVM prediction: Mode:STANDARD S-ratio: 4.71 40271-41842 orient(-) score(7778.00) noncoding_equivalent(1652.11) raw_noncoding(1652.11) offset(0.00) 
41842	40271	single-	4	6	{GlimmerHMM_glimmerT_4725-T1;GlimmerHMM},{HiQ_model.g4174.t1;HiQ}

# EVM prediction: Mode:STANDARD S-ratio: 1.80 42674-43677 orient(+) score(3978.00) noncoding_equivalent(2212.03) raw_noncoding(2216.03) offset(4.00) 
42674	42704	initial+	1	1	{Augustus_model.g4175.t1;Augustus},{GlimmerHMM_glimmerT_4726-T1;GlimmerHMM}
42705	43297	INTRON			{Augustus_model.g4175.t1;Augustus},{GlimmerHMM_glimmerT_4726-T1;GlimmerHMM},{ev_type:exonerate/ID=match.177006.1940/Target=YHR010W;exonerate},{ev_type:exonerate/ID=match.177006.1869/Target=YDR471W;exonerate}
43298	43677	terminal+	2	3	{GlimmerHMM_glimmerT_4726-T1;GlimmerHMM}

# EVM prediction: Mode:STANDARD S-ratio: 65.52 43970-45310 orient(+) score(5282.00) noncoding_equivalent(80.62) raw_noncoding(80.62) offset(0.00) 
43970	45310	single+	1	3	{GlimmerHMM_glimmerT_4727-T1;GlimmerHMM}

# EVM prediction: Mode:STANDARD S-ratio: 8.43 45634-46656 orient(+) score(2840.00) noncoding_equivalent(337.04) raw_noncoding(451.00) offset(113.96) 
45634	45753	initial+	1	3	{Augustus_model.g4176.t1;Augustus},{GlimmerHMM_glimmerT_4728-T1;GlimmerHMM}
45754	45864	INTRON			{Augustus_model.g4176.t1;Augustus},{GlimmerHMM_glimmerT_4728-T1;GlimmerHMM}
45865	46656	terminal+	1	3	{Augustus_model.g4176.t1;Augustus},{GlimmerHMM_glimmerT_4728-T1;GlimmerHMM},{snap_scaffold_12-snap.53-T1;snap}

# EVM prediction: Mode:STANDARD S-ratio: 4.12 46948-47664 orient(-) score(3461.00) noncoding_equivalent(839.20) raw_noncoding(839.20) offset(0.00) 
47664	46948	single-	4	6	{HiQ_model.g4177.t1;HiQ},{GlimmerHMM_glimmerT_4729-T1;GlimmerHMM}

# EVM prediction: Mode:STANDARD S-ratio: 2.01 48294-49178 orient(+) score(1770.00) noncoding_equivalent(878.76) raw_noncoding(878.76) offset(0.00) 
48294	49178	single+	1	3	{GlimmerHMM_glimmerT_4730-T1;GlimmerHMM},{Augustus_model.g4178.t1;Augustus}

# EVM prediction: Mode:STANDARD S-ratio: 10000.00 50007-50504 orient(-) score(1494.00) noncoding_equivalent(0.15) raw_noncoding(0.00) offset(0.00) 
50504	50007	single-	4	6	{GlimmerHMM_glimmerT_4731-T1;GlimmerHMM},{Augustus_model.g4179.t1;Augustus}

# EVM prediction: Mode:STANDARD S-ratio: 14.58 52951-54924 orient(+) score(5466.00) noncoding_equivalent(375.00) raw_noncoding(456.00) offset(81.00) 
52951	52957	initial+	1	1	{snap_scaffold_12-snap.56-T1;snap}
52958	53038	INTRON			{snap_scaffold_12-snap.56-T1;snap}
53039	54924	terminal+	2	3	{snap_scaffold_12-snap.56-T1;snap}

# EVM prediction: Mode:STANDARD S-ratio: 11.28 55277-56834 orient(-) score(4132.00) noncoding_equivalent(366.34) raw_noncoding(717.00) offset(350.66) 
56612	55277	terminal-	6	6	{Augustus_model.g4181.t1;Augustus}
56787	56613	INTRON			{Augustus_model.g4181.t1;Augustus}
56834	56788	initial-	4	5	{Augustus_model.g4181.t1;Augustus},{GlimmerHMM_glimmerT_4733-T1;GlimmerHMM}

# EVM prediction: Mode:STANDARD S-ratio: 2.53 57078-58232 orient(+) score(3310.00) noncoding_equivalent(1308.28) raw_noncoding(1308.28) offset(0.00) 
57078	58232	single+	1	3	{GlimmerHMM_glimmerT_4734-T1;GlimmerHMM}

# EVM prediction: Mode:STANDARD S-ratio: 4.98 58359-59750 orient(-) score(6953.00) noncoding_equivalent(1397.06) raw_noncoding(1397.06) offset(0.00) 
59750	58359	single-	4	6	{HiQ_model.g4183.t1;HiQ},{GlimmerHMM_glimmerT_4735-T1;GlimmerHMM}

# EVM prediction: Mode:STANDARD S-ratio: 2.00 60378-62042 orient(-) score(6660.00) noncoding_equivalent(3330.00) raw_noncoding(3330.00) offset(0.00) 
62042	60378	single-	4	6	{GlimmerHMM_glimmerT_4736-T1;GlimmerHMM},{HiQ_model.g4184.t1;HiQ}

# EVM prediction: Mode:STANDARD S-ratio: 132.31 62499-64571 orient(+) score(8230.00) noncoding_equivalent(62.20) raw_noncoding(62.20) offset(0.00) 
62499	64571	single+	1	3	{GlimmerHMM_glimmerT_4737-T1;GlimmerHMM}

# EVM prediction: Mode:STANDARD S-ratio: 3.92 65072-65407 orient(-) score(1733.00) noncoding_equivalent(441.83) raw_noncoding(441.83) offset(0.00) 
65407	65072	single-	4	6	{HiQ_model.g4186.t1;HiQ}

# EVM prediction: Mode:STANDARD S-ratio: 10000.00 66529-67605 orient(-) score(3231.00) noncoding_equivalent(0.32) raw_noncoding(0.00) offset(0.00) 
67605	66529	single-	4	6	{GlimmerHMM_glimmerT_4740-T1;GlimmerHMM},{Augustus_model.g4187.t1;Augustus}

# EVM prediction: Mode:STANDARD S-ratio: 770.40 68944-74730 orient(+) score(23112.00) noncoding_equivalent(30.00) raw_noncoding(30.00) offset(0.00) 
68944	74730	single+	1	3	{Augustus_model.g4188.t1;Augustus},{GlimmerHMM_glimmerT_4741-T1;GlimmerHMM}

# EVM prediction: Mode:STANDARD S-ratio: 5.00 75024-76472 orient(-) score(7245.00) noncoding_equivalent(1449.00) raw_noncoding(1449.00) offset(0.00) 
76472	75024	single-	4	6	{GlimmerHMM_glimmerT_4742-T1;GlimmerHMM},{HiQ_model.g4189.t1;HiQ}

# EVM prediction: Mode:STANDARD S-ratio: 236.83 76714-77784 orient(+) score(4263.00) noncoding_equivalent(18.00) raw_noncoding(18.00) offset(0.00) 
76714	77784	single+	1	3	{Augustus_model.g4190.t1;Augustus},{GlimmerHMM_glimmerT_4743-T1;GlimmerHMM}

# EVM prediction: Mode:STANDARD S-ratio: 12.37 78115-78756 orient(+) score(2376.00) noncoding_equivalent(192.00) raw_noncoding(192.00) offset(0.00) 
78115	78756	single+	1	3	{GlimmerHMM_glimmerT_4744-T1;GlimmerHMM},{Augustus_model.g4191.t1;Augustus}

# EVM prediction: Mode:STANDARD S-ratio: 5.00 79464-82445 orient(-) score(14910.00) noncoding_equivalent(2982.00) raw_noncoding(2982.00) offset(0.00) 
82445	79464	single-	4	6	{GlimmerHMM_glimmerT_4745-T1;GlimmerHMM},{HiQ_model.g4192.t1;HiQ}

# EVM prediction: Mode:STANDARD S-ratio: 4.69 82711-85170 orient(-) score(12165.00) noncoding_equivalent(2595.00) raw_noncoding(2595.00) offset(0.00) 
85170	82711	single-	4	6	{HiQ_model.g4193.t1;HiQ},{GlimmerHMM_glimmerT_4746-T1;GlimmerHMM}

# EVM prediction: Mode:STANDARD S-ratio: 5.00 85390-86274 orient(-) score(4425.00) noncoding_equivalent(885.00) raw_noncoding(885.00) offset(0.00) 
86274	85390	single-	4	6	{GlimmerHMM_glimmerT_4747-T1;GlimmerHMM},{HiQ_model.g4194.t1;HiQ}

# EVM prediction: Mode:STANDARD S-ratio: 11.31 86561-88000 orient(-) score(3969.00) noncoding_equivalent(351.00) raw_noncoding(351.00) offset(0.00) 
88000	86561	single-	4	6	{Augustus_model.g4195.t1;Augustus},{GlimmerHMM_glimmerT_4748-T1;GlimmerHMM}

# EVM prediction: Mode:STANDARD S-ratio: 4.98 88456-90633 orient(-) score(10882.00) noncoding_equivalent(2184.05) raw_noncoding(2184.05) offset(0.00) 
90633	88456	single-	4	6	{GlimmerHMM_glimmerT_4749-T1;GlimmerHMM},{HiQ_model.g4196.t1;HiQ}

# EVM prediction: Mode:STANDARD S-ratio: 2.94 90980-92836 orient(+) score(5456.00) noncoding_equivalent(1853.07) raw_noncoding(1853.07) offset(0.00) 
90980	92836	single+	1	3	{Augustus_model.g4197.t1;Augustus},{GlimmerHMM_glimmerT_4750-T1;GlimmerHMM}

# EVM prediction: Mode:STANDARD S-ratio: 10000.00 93273-94544 orient(+) score(5088.00) noncoding_equivalent(0.51) raw_noncoding(0.00) offset(0.00) 
93273	94544	single+	1	3	{Augustus_model.g4198.t1;Augustus},{GlimmerHMM_glimmerT_4751-T1;GlimmerHMM}

# EVM prediction: Mode:STANDARD S-ratio: 105.81 94721-95740 orient(-) score(3030.00) noncoding_equivalent(28.64) raw_noncoding(28.64) offset(0.00) 
95740	94721	single-	4	6	{GlimmerHMM_glimmerT_4752-T1;GlimmerHMM},{Augustus_model.g4199.t1;Augustus}

# EVM prediction: Mode:STANDARD S-ratio: 8.64 96135-97849 orient(+) score(4471.00) noncoding_equivalent(517.74) raw_noncoding(699.00) offset(181.26) 
96135	96414	initial+	1	1	{Augustus_model.g4200.t1;Augustus}
96415	96569	INTRON			{Augustus_model.g4200.t1;Augustus}
96570	97849	terminal+	2	3	{Augustus_model.g4200.t1;Augustus}

# EVM prediction: Mode:STANDARD S-ratio: 10000.00 98145-99521 orient(+) score(4131.00) noncoding_equivalent(0.41) raw_noncoding(0.00) offset(0.00) 
98145	99521	single+	1	3	{Augustus_model.g4201.t1;Augustus},{GlimmerHMM_glimmerT_4754-T1;GlimmerHMM}

