!! Predictions spanning range 304 - 98690 [R1]
# EVM prediction: Mode:STANDARD S-ratio: 38.00 304-953 orient(+) score(1900.00) noncoding_equivalent(50.00) raw_noncoding(50.00) offset(0.00) 
304	953	terminal+	2	3	{Augustus_model.g2100.t1;Augustus}

# EVM prediction: Mode:STANDARD S-ratio: 2.00 1589-2098 orient(-) score(1020.00) noncoding_equivalent(510.00) raw_noncoding(510.00) offset(0.00) 
2098	1589	single-	4	6	{GlimmerHMM_glimmerT_2419-T1;GlimmerHMM}

# EVM prediction: Mode:STANDARD S-ratio: 36.03 2712-5159 orient(-) score(7145.00) noncoding_equivalent(198.33) raw_noncoding(198.33) offset(0.00) 
5159	2712	single-	4	6	{GlimmerHMM_glimmerT_2420-T1;GlimmerHMM}

# EVM prediction: Mode:STANDARD S-ratio: 43.25 5307-7067 orient(-) score(5162.00) noncoding_equivalent(119.34) raw_noncoding(119.34) offset(0.00) 
7067	5307	single-	4	6	{Augustus_model.g2102.t1;Augustus},{GlimmerHMM_glimmerT_2421-T1;GlimmerHMM}

# EVM prediction: Mode:STANDARD S-ratio: 26.51 7639-10680 orient(-) score(8944.00) noncoding_equivalent(337.38) raw_noncoding(435.38) offset(98.00) 
9891	7639	terminal-	4	6	{Augustus_model.g2103.t1;Augustus}
10050	9892	INTRON			{Augustus_model.g2103.t1;Augustus},{snap_scaffold_2-snap.581-T1;snap}
10680	10051	initial-	4	6	{Augustus_model.g2103.t1;Augustus}

# EVM prediction: Mode:STANDARD S-ratio: 10000.00 11698-12936 orient(+) score(3717.00) noncoding_equivalent(0.37) raw_noncoding(0.00) offset(0.00) 
11698	12936	single+	1	3	{Augustus_model.g2104.t1;Augustus},{GlimmerHMM_glimmerT_2424-T1;GlimmerHMM}

# EVM prediction: Mode:STANDARD S-ratio: 10000.00 13096-14814 orient(-) score(5157.00) noncoding_equivalent(0.52) raw_noncoding(0.00) offset(0.00) 
14814	13096	single-	4	6	{Augustus_model.g2105.t1;Augustus},{GlimmerHMM_glimmerT_2425-T1;GlimmerHMM}

# EVM prediction: Mode:STANDARD S-ratio: 80.20 15645-17536 orient(+) score(5534.00) noncoding_equivalent(69.00) raw_noncoding(71.00) offset(2.00) 
15645	15671	initial+	1	3	{GlimmerHMM_glimmerT_2427-T1;GlimmerHMM},{Augustus_model.g2106.t1;Augustus}
15672	15742	INTRON			{Augustus_model.g2106.t1;Augustus}
15743	17536	terminal+	1	3	{Augustus_model.g2106.t1;Augustus}

# EVM prediction: Mode:STANDARD S-ratio: 17.68 18315-18683 orient(-) score(1049.00) noncoding_equivalent(59.33) raw_noncoding(59.33) offset(0.00) 
18683	18315	single-	4	6	{Augustus_model.g2107.t1;Augustus}

# EVM prediction: Mode:STANDARD S-ratio: 12.06 19356-22804 orient(-) score(9874.00) noncoding_equivalent(819.00) raw_noncoding(1035.00) offset(216.00) 
20792	19356	terminal-	4	6	{Augustus_model.g2108.t1;Augustus},{snap_scaffold_2-snap.586-T1;snap}
21142	20793	INTRON			{Augustus_model.g2108.t1;Augustus},{snap_scaffold_2-snap.586-T1;snap}
22804	21143	initial-	4	6	{Augustus_model.g2108.t1;Augustus}

# EVM prediction: Mode:STANDARD S-ratio: 119.74 23158-24261 orient(+) score(3283.00) noncoding_equivalent(27.42) raw_noncoding(27.42) offset(0.00) 
23158	24261	single+	1	3	{Augustus_model.g2109.t1;Augustus},{GlimmerHMM_glimmerT_2432-T1;GlimmerHMM}

# EVM prediction: Mode:STANDARD S-ratio: 20.15 24380-25783 orient(-) score(4011.00) noncoding_equivalent(199.05) raw_noncoding(199.05) offset(0.00) 
25783	24380	single-	4	6	{GlimmerHMM_glimmerT_2433-T1;GlimmerHMM}

# EVM prediction: Mode:STANDARD S-ratio: 1.18 27041-27457 orient(-) score(675.00) noncoding_equivalent(574.28) raw_noncoding(574.28) offset(0.00) 
27457	27041	single-	4	6	{GlimmerHMM_glimmerT_2434-T1;GlimmerHMM}

# EVM prediction: Mode:STANDARD S-ratio: 10000.00 28165-30129 orient(-) score(5895.00) noncoding_equivalent(0.59) raw_noncoding(0.00) offset(0.00) 
30129	28165	single-	4	6	{Augustus_model.g2111.t1;Augustus},{GlimmerHMM_glimmerT_2435-T1;GlimmerHMM}

# EVM prediction: Mode:STANDARD S-ratio: 14.30 31008-32423 orient(+) score(3969.00) noncoding_equivalent(277.61) raw_noncoding(277.61) offset(0.00) 
31008	32423	single+	1	3	{GlimmerHMM_glimmerT_2436-T1;GlimmerHMM}

# EVM prediction: Mode:STANDARD S-ratio: 182.49 32589-33575 orient(+) score(2943.00) noncoding_equivalent(16.13) raw_noncoding(16.13) offset(0.00) 
32589	33575	single+	1	3	{Augustus_model.g2113.t1;Augustus},{GlimmerHMM_glimmerT_2437-T1;GlimmerHMM}

# EVM prediction: Mode:STANDARD S-ratio: 96.95 34019-34642 orient(+) score(1851.00) noncoding_equivalent(19.09) raw_noncoding(19.09) offset(0.00) 
34019	34642	single+	1	3	{Augustus_model.g2114.t1;Augustus},{GlimmerHMM_glimmerT_2438-T1;GlimmerHMM}

# EVM prediction: Mode:STANDARD S-ratio: 49.12 34731-35582 orient(-) score(2505.00) noncoding_equivalent(51.00) raw_noncoding(51.00) offset(0.00) 
35582	34731	single-	4	6	{Augustus_model.g2115.t1;Augustus},{GlimmerHMM_glimmerT_2439-T1;GlimmerHMM}

# EVM prediction: Mode:STANDARD S-ratio: 17.95 35878-37149 orient(-) score(3501.00) noncoding_equivalent(195.00) raw_noncoding(315.00) offset(120.00) 
37020	35878	terminal-	4	6	{snap_scaffold_2-snap.593-T1;snap}
37140	37021	INTRON			{snap_scaffold_2-snap.593-T1;snap}
37149	37141	initial-	4	6	{snap_scaffold_2-snap.593-T1;snap}

# EVM prediction: Mode:STANDARD S-ratio: 10000.00 39214-40404 orient(+) score(3573.00) noncoding_equivalent(0.36) raw_noncoding(0.00) offset(0.00) 
39214	40404	single+	1	3	{GlimmerHMM_glimmerT_2441-T1;GlimmerHMM},{Augustus_model.g2117.t1;Augustus}

# EVM prediction: Mode:STANDARD S-ratio: 10000.00 40528-45450 orient(-) score(14769.00) noncoding_equivalent(1.48) raw_noncoding(0.00) offset(0.00) 
45450	40528	single-	4	6	{GlimmerHMM_glimmerT_2442-T1;GlimmerHMM},{Augustus_model.g2118.t1;Augustus}

# EVM prediction: Mode:STANDARD S-ratio: 90.95 46176-49895 orient(+) score(11037.00) noncoding_equivalent(121.35) raw_noncoding(121.35) offset(0.00) 
46176	49895	single+	1	3	{Augustus_model.g2119.t1;Augustus},{GlimmerHMM_glimmerT_2443-T1;GlimmerHMM}

# EVM prediction: Mode:STANDARD S-ratio: 2.00 50017-50982 orient(-) score(1932.00) noncoding_equivalent(966.00) raw_noncoding(966.00) offset(0.00) 
50982	50017	single-	4	6	{GlimmerHMM_glimmerT_2444-T1;GlimmerHMM},{Augustus_model.g2120.t1;Augustus}

# EVM prediction: Mode:STANDARD S-ratio: 10000.00 51190-54375 orient(+) score(9558.00) noncoding_equivalent(0.96) raw_noncoding(0.00) offset(0.00) 
51190	54375	single+	1	3	{Augustus_model.g2121.t1;Augustus},{GlimmerHMM_glimmerT_2445-T1;GlimmerHMM}

# EVM prediction: Mode:STANDARD S-ratio: 4.65 54449-54934 orient(-) score(2396.00) noncoding_equivalent(515.31) raw_noncoding(515.31) offset(0.00) 
54934	54449	single-	4	6	{GlimmerHMM_glimmerT_2446-T1;GlimmerHMM},{HiQ_model.g2122.t1;HiQ}

# EVM prediction: Mode:STANDARD S-ratio: 2.01 55100-55606 orient(+) score(1014.00) noncoding_equivalent(505.00) raw_noncoding(505.00) offset(0.00) 
55100	55606	single+	1	3	{GlimmerHMM_glimmerT_2447-T1;GlimmerHMM},{Augustus_model.g2123.t1;Augustus}

# EVM prediction: Mode:STANDARD S-ratio: 370.57 56196-58796 orient(+) score(7782.00) noncoding_equivalent(21.00) raw_noncoding(21.00) offset(0.00) 
56196	58796	single+	1	3	{Augustus_model.g2124.t1;Augustus}

# EVM prediction: Mode:STANDARD S-ratio: 13.42 58831-60657 orient(-) score(5481.00) noncoding_equivalent(408.30) raw_noncoding(408.30) offset(0.00) 
60657	58831	single-	4	6	{GlimmerHMM_glimmerT_2449-T1;GlimmerHMM},{Augustus_model.g2125.t1;Augustus}

# EVM prediction: Mode:STANDARD S-ratio: 10000.00 60898-63399 orient(+) score(7506.00) noncoding_equivalent(0.75) raw_noncoding(0.00) offset(0.00) 
60898	63399	single+	1	3	{Augustus_model.g2126.t1;Augustus},{GlimmerHMM_glimmerT_2450-T1;GlimmerHMM}

# EVM prediction: Mode:STANDARD S-ratio: 10000.00 63977-65386 orient(-) score(4230.00) noncoding_equivalent(0.42) raw_noncoding(0.00) offset(0.00) 
65386	63977	single-	4	6	{GlimmerHMM_glimmerT_2451-T1;GlimmerHMM},{Augustus_model.g2127.t1;Augustus}

# EVM prediction: Mode:STANDARD S-ratio: 2.99 65564-66277 orient(+) score(2142.00) noncoding_equivalent(715.51) raw_noncoding(715.51) offset(0.00) 
65564	66277	single+	1	3	{Augustus_model.g2128.t1;Augustus},{GlimmerHMM_glimmerT_2452-T1;GlimmerHMM}

# EVM prediction: Mode:STANDARD S-ratio: 2.65 66352-66690 orient(-) score(984.00) noncoding_equivalent(371.61) raw_noncoding(371.61) offset(0.00) 
66690	66352	single-	4	6	{Augustus_model.g2129.t1;Augustus},{GlimmerHMM_glimmerT_2453-T1;GlimmerHMM}

# EVM prediction: Mode:STANDARD S-ratio: 10000.00 66848-70090 orient(-) score(9729.00) noncoding_equivalent(0.97) raw_noncoding(0.00) offset(0.00) 
70090	66848	single-	4	6	{Augustus_model.g2130.t1;Augustus},{GlimmerHMM_glimmerT_2454-T1;GlimmerHMM}

# EVM prediction: Mode:STANDARD S-ratio: 10.01 70209-71582 orient(-) score(3747.00) noncoding_equivalent(374.40) raw_noncoding(374.40) offset(0.00) 
71582	70209	single-	4	6	{GlimmerHMM_glimmerT_2455-T1;GlimmerHMM}

# EVM prediction: Mode:STANDARD S-ratio: 152.25 72225-74063 orient(-) score(5481.00) noncoding_equivalent(36.00) raw_noncoding(36.00) offset(0.00) 
74063	72225	single-	4	6	{GlimmerHMM_glimmerT_2457-T1;GlimmerHMM},{Augustus_model.g2132.t1;Augustus}

# EVM prediction: Mode:STANDARD S-ratio: 10000.00 74300-76117 orient(+) score(5454.00) noncoding_equivalent(0.55) raw_noncoding(0.00) offset(0.00) 
74300	76117	single+	1	3	{GlimmerHMM_glimmerT_2458-T1;GlimmerHMM},{Augustus_model.g2133.t1;Augustus}

# EVM prediction: Mode:STANDARD S-ratio: 71.32 76268-76765 orient(+) score(1473.00) noncoding_equivalent(20.65) raw_noncoding(20.65) offset(0.00) 
76268	76765	single+	1	3	{GlimmerHMM_glimmerT_2459-T1;GlimmerHMM},{Augustus_model.g2134.t1;Augustus}

# EVM prediction: Mode:STANDARD S-ratio: 10000.00 77516-80452 orient(-) score(8811.00) noncoding_equivalent(0.88) raw_noncoding(0.00) offset(0.00) 
80452	77516	single-	4	6	{GlimmerHMM_glimmerT_2460-T1;GlimmerHMM},{Augustus_model.g2135.t1;Augustus}

# EVM prediction: Mode:STANDARD S-ratio: 1.98 80655-81134 orient(+) score(956.00) noncoding_equivalent(484.04) raw_noncoding(484.04) offset(0.00) 
80655	81134	single+	1	3	{GlimmerHMM_glimmerT_2461-T1;GlimmerHMM}

# EVM prediction: Mode:STANDARD S-ratio: 2.00 81459-82508 orient(+) score(2100.00) noncoding_equivalent(1050.00) raw_noncoding(1050.00) offset(0.00) 
81459	82508	single+	1	3	{GlimmerHMM_glimmerT_2462-T1;GlimmerHMM}

# EVM prediction: Mode:STANDARD S-ratio: 40.96 82649-85711 orient(+) score(8970.00) noncoding_equivalent(219.00) raw_noncoding(219.00) offset(0.00) 
82649	85711	single+	1	3	{Augustus_model.g2137.t1;Augustus},{GlimmerHMM_glimmerT_2463-T1;GlimmerHMM}

# EVM prediction: Mode:STANDARD S-ratio: 10000.00 85880-88753 orient(+) score(8622.00) noncoding_equivalent(0.86) raw_noncoding(0.00) offset(0.00) 
85880	88753	single+	1	3	{Augustus_model.g2138.t1;Augustus},{GlimmerHMM_glimmerT_2464-T1;GlimmerHMM}

# EVM prediction: Mode:STANDARD S-ratio: 208.25 88811-90484 orient(-) score(4998.00) noncoding_equivalent(24.00) raw_noncoding(24.00) offset(0.00) 
90484	88811	single-	4	6	{GlimmerHMM_glimmerT_2465-T1;GlimmerHMM},{Augustus_model.g2139.t1;Augustus}

# EVM prediction: Mode:STANDARD S-ratio: 10000.00 90626-92878 orient(-) score(6759.00) noncoding_equivalent(0.68) raw_noncoding(0.00) offset(0.00) 
92878	90626	single-	4	6	{Augustus_model.g2140.t1;Augustus},{GlimmerHMM_glimmerT_2466-T1;GlimmerHMM}

# EVM prediction: Mode:STANDARD S-ratio: 10000.00 93919-97104 orient(+) score(9558.00) noncoding_equivalent(0.96) raw_noncoding(0.00) offset(0.00) 
93919	97104	single+	1	3	{GlimmerHMM_glimmerT_2467-T1;GlimmerHMM},{Augustus_model.g2141.t1;Augustus}

# EVM prediction: Mode:STANDARD S-ratio: 1.54 97129-97925 orient(-) score(1448.00) noncoding_equivalent(938.82) raw_noncoding(998.62) offset(59.79) 
97809	97129	terminal-	4	6	{Augustus_model.g2142.t1;Augustus}
97868	97810	INTRON			{Augustus_model.g2142.t1;Augustus}
97925	97869	initial-	4	6	{Augustus_model.g2142.t1;Augustus}

# EVM prediction: Mode:STANDARD S-ratio: 5.16 98037-98690 orient(+) score(1642.00) noncoding_equivalent(318.05) raw_noncoding(318.05) offset(0.00) 
98037	98690	single+	1	3	{GlimmerHMM_glimmerT_2469-T1;GlimmerHMM}

