!! Predictions spanning range 1907 - 99559 [R1]
# EVM prediction: Mode:STANDARD S-ratio: 7.34 1907-2554 orient(-) score(1704.00) noncoding_equivalent(232.00) raw_noncoding(232.00) offset(0.00) 
2554	1907	single-	4	6	{GlimmerHMM_glimmerT_782-T1;GlimmerHMM}

# EVM prediction: Mode:STANDARD S-ratio: 1.00 3026-3205 orient(-) score(360.00) noncoding_equivalent(360.00) raw_noncoding(360.00) offset(0.00) 
3205	3026	single-	4	6	{GlimmerHMM_glimmerT_783-T1;GlimmerHMM}

# EVM prediction: Mode:STANDARD S-ratio: 10000.00 3644-4933 orient(+) score(5160.00) noncoding_equivalent(0.52) raw_noncoding(0.00) offset(0.00) 
3644	4933	single+	1	3	{GlimmerHMM_glimmerT_784-T1;GlimmerHMM},{Augustus_model.g702.t1;Augustus}

# EVM prediction: Mode:STANDARD S-ratio: 10000.00 5064-6077 orient(-) score(3042.00) noncoding_equivalent(0.30) raw_noncoding(0.00) offset(0.00) 
6077	5064	single-	4	6	{GlimmerHMM_glimmerT_785-T1;GlimmerHMM},{Augustus_model.g703.t1;Augustus}

# EVM prediction: Mode:STANDARD S-ratio: 1.51 6325-6889 orient(+) score(1130.00) noncoding_equivalent(750.61) raw_noncoding(778.61) offset(28.00) 
6325	6351	initial+	1	3	{Augustus_model.g704.t1;Augustus},{GlimmerHMM_glimmerT_786-T1;GlimmerHMM}
6352	6460	INTRON			{Augustus_model.g704.t1;Augustus},{GlimmerHMM_glimmerT_786-T1;GlimmerHMM}
6461	6889	terminal+	1	3	{Augustus_model.g704.t1;Augustus},{GlimmerHMM_glimmerT_786-T1;GlimmerHMM}

# EVM prediction: Mode:STANDARD S-ratio: 12.62 7113-9642 orient(-) score(8567.00) noncoding_equivalent(679.00) raw_noncoding(1692.00) offset(1013.00) 
8964	7113	terminal-	6	6	{Augustus_model.g705.t1;Augustus}
9481	8965	INTRON			{Augustus_model.g705.t1;Augustus}
9642	9482	initial-	4	5	{GlimmerHMM_glimmerT_788-T1;GlimmerHMM},{Augustus_model.g705.t1;Augustus}

# EVM prediction: Mode:STANDARD S-ratio: 1881.46 10428-12806 orient(+) score(9509.00) noncoding_equivalent(5.05) raw_noncoding(5.05) offset(0.00) 
10428	12806	single+	1	3	{Augustus_model.g706.t1;Augustus},{GlimmerHMM_glimmerT_789-T1;GlimmerHMM}

# EVM prediction: Mode:STANDARD S-ratio: 4.89 13025-13750 orient(-) score(3609.00) noncoding_equivalent(738.00) raw_noncoding(738.00) offset(0.00) 
13750	13025	single-	4	6	{GlimmerHMM_glimmerT_790-T1;GlimmerHMM},{HiQ_model.g707.t1;HiQ}

# EVM prediction: Mode:STANDARD S-ratio: 16012.25 14443-19812 orient(+) score(16109.00) noncoding_equivalent(1.01) raw_noncoding(1.01) offset(0.00) 
14443	19812	single+	1	3	{GlimmerHMM_glimmerT_791-T1;GlimmerHMM}

# EVM prediction: Mode:STANDARD S-ratio: 1.98 20131-21117 orient(+) score(1965.00) noncoding_equivalent(994.15) raw_noncoding(994.15) offset(0.00) 
20131	21117	single+	1	3	{GlimmerHMM_glimmerT_792-T1;GlimmerHMM}

# EVM prediction: Mode:STANDARD S-ratio: 10000.00 21565-24063 orient(+) score(9996.00) noncoding_equivalent(1.00) raw_noncoding(0.00) offset(0.00) 
21565	24063	single+	1	3	{Augustus_model.g709.t1;Augustus},{GlimmerHMM_glimmerT_793-T1;GlimmerHMM}

# EVM prediction: Mode:STANDARD S-ratio: 4.97 24400-25485 orient(-) score(5423.00) noncoding_equivalent(1091.03) raw_noncoding(1091.03) offset(0.00) 
25485	24400	single-	4	6	{HiQ_model.g710.t1;HiQ},{GlimmerHMM_glimmerT_794-T1;GlimmerHMM}

# EVM prediction: Mode:STANDARD S-ratio: 5.00 27966-29432 orient(-) score(7335.00) noncoding_equivalent(1467.00) raw_noncoding(1467.00) offset(0.00) 
29432	27966	single-	4	6	{GlimmerHMM_glimmerT_795-T1;GlimmerHMM},{HiQ_model.g711.t1;HiQ}

# EVM prediction: Mode:STANDARD S-ratio: 2.02 29857-30405 orient(-) score(1102.00) noncoding_equivalent(546.41) raw_noncoding(546.41) offset(0.00) 
30405	29857	single-	4	6	{GlimmerHMM_glimmerT_796-T1;GlimmerHMM},{Augustus_model.g712.t1;Augustus}

# EVM prediction: Mode:STANDARD S-ratio: 2.01 30834-31739 orient(-) score(3624.00) noncoding_equivalent(1804.35) raw_noncoding(1804.35) offset(0.00) 
31739	30834	single-	4	6	{GlimmerHMM_glimmerT_797-T1;GlimmerHMM},{HiQ_model.g713.t1;HiQ}

# EVM prediction: Mode:STANDARD S-ratio: 10000.00 32122-32970 orient(+) score(3372.00) noncoding_equivalent(0.34) raw_noncoding(0.00) offset(0.00) 
32122	32970	single+	1	3	{GlimmerHMM_glimmerT_798-T1;GlimmerHMM},{Augustus_model.g714.t1;Augustus}

# EVM prediction: Mode:STANDARD S-ratio: 4.98 33305-34117 orient(-) score(4050.00) noncoding_equivalent(813.00) raw_noncoding(813.00) offset(0.00) 
34117	33305	single-	4	6	{HiQ_model.g715.t1;HiQ},{GlimmerHMM_glimmerT_799-T1;GlimmerHMM}

# EVM prediction: Mode:STANDARD S-ratio: 15.03 35032-36456 orient(-) score(4008.00) noncoding_equivalent(266.62) raw_noncoding(266.62) offset(0.00) 
36456	35032	single-	4	6	{Augustus_model.g716.t1;Augustus}

# EVM prediction: Mode:STANDARD S-ratio: 10000.00 38130-39065 orient(+) score(2798.00) noncoding_equivalent(0.28) raw_noncoding(0.00) offset(0.00) 
38130	39065	single+	1	3	{GlimmerHMM_glimmerT_801-T1;GlimmerHMM},{Augustus_model.g717.t1;Augustus}

# EVM prediction: Mode:STANDARD S-ratio: 37.80 39610-40131 orient(+) score(2033.00) noncoding_equivalent(53.78) raw_noncoding(53.78) offset(0.00) 
39610	40131	single+	1	3	{Augustus_model.g718.t1;Augustus},{GlimmerHMM_glimmerT_802-T1;GlimmerHMM}

# EVM prediction: Mode:STANDARD S-ratio: 2.68 40638-40925 orient(+) score(838.00) noncoding_equivalent(312.25) raw_noncoding(312.25) offset(0.00) 
40638	40925	single+	1	3	{GlimmerHMM_glimmerT_803-T1;GlimmerHMM}

# EVM prediction: Mode:STANDARD S-ratio: 3.98 41071-41997 orient(-) score(4437.00) noncoding_equivalent(1116.00) raw_noncoding(1116.00) offset(0.00) 
41997	41071	single-	4	6	{GlimmerHMM_glimmerT_804-T1;GlimmerHMM},{HiQ_model.g719.t1;HiQ}

# EVM prediction: Mode:STANDARD S-ratio: 29.84 42351-43694 orient(-) score(3900.00) noncoding_equivalent(130.71) raw_noncoding(130.71) offset(0.00) 
43694	42351	single-	4	6	{GlimmerHMM_glimmerT_805-T1;GlimmerHMM}

# EVM prediction: Mode:STANDARD S-ratio: 12.97 44111-44899 orient(-) score(2919.00) noncoding_equivalent(225.00) raw_noncoding(225.00) offset(0.00) 
44899	44111	single-	4	6	{GlimmerHMM_glimmerT_806-T1;GlimmerHMM}

# EVM prediction: Mode:STANDARD S-ratio: 1674.71 45166-46854 orient(-) score(6752.00) noncoding_equivalent(4.03) raw_noncoding(4.03) offset(0.00) 
46854	45166	single-	4	6	{GlimmerHMM_glimmerT_807-T1;GlimmerHMM}

# EVM prediction: Mode:STANDARD S-ratio: 4.80 47293-49860 orient(-) score(12750.00) noncoding_equivalent(2658.00) raw_noncoding(2658.00) offset(0.00) 
49860	47293	single-	4	6	{HiQ_model.g722.t1;HiQ},{GlimmerHMM_glimmerT_808-T1;GlimmerHMM}

# EVM prediction: Mode:STANDARD S-ratio: 7.70 50419-55310 orient(-) score(7603.00) noncoding_equivalent(987.04) raw_noncoding(1413.00) offset(425.96) 
52480	50419	terminal-	6	6	{GlimmerHMM_glimmerT_809-T1;GlimmerHMM}
54666	52481	INTRON			{GlimmerHMM_glimmerT_809-T1;GlimmerHMM}
55310	54667	initial-	4	5	{GlimmerHMM_glimmerT_809-T1;GlimmerHMM}

# EVM prediction: Mode:STANDARD S-ratio: 3.80 56959-58362 orient(-) score(6651.00) noncoding_equivalent(1749.00) raw_noncoding(1749.00) offset(0.00) 
58362	56959	single-	4	6	{HiQ_model.g724.t1;HiQ}

# EVM prediction: Mode:STANDARD S-ratio: 12.70 58591-61425 orient(-) score(7884.00) noncoding_equivalent(621.00) raw_noncoding(621.00) offset(0.00) 
61425	58591	single-	4	6	{GlimmerHMM_glimmerT_811-T1;GlimmerHMM}

# EVM prediction: Mode:STANDARD S-ratio: 2.97 62004-63275 orient(-) score(3797.00) noncoding_equivalent(1277.16) raw_noncoding(1277.16) offset(0.00) 
63275	62004	single-	4	6	{GlimmerHMM_glimmerT_812-T1;GlimmerHMM}

# EVM prediction: Mode:STANDARD S-ratio: 10000.00 63574-66579 orient(+) score(9012.00) noncoding_equivalent(0.90) raw_noncoding(0.00) offset(0.00) 
63574	66579	single+	1	3	{Augustus_model.g727.t1;Augustus},{GlimmerHMM_glimmerT_813-T1;GlimmerHMM}

# EVM prediction: Mode:STANDARD S-ratio: 10000.00 66881-68491 orient(+) score(4833.00) noncoding_equivalent(0.48) raw_noncoding(0.00) offset(0.00) 
66881	68491	single+	1	3	{Augustus_model.g728.t1;Augustus},{GlimmerHMM_glimmerT_814-T1;GlimmerHMM}

# EVM prediction: Mode:STANDARD S-ratio: 14.34 68714-70010 orient(+) score(4960.00) noncoding_equivalent(345.86) raw_noncoding(465.00) offset(119.14) 
68714	68735	initial+	1	1	{Augustus_model.g729.t1;Augustus},{GlimmerHMM_glimmerT_815-T1;GlimmerHMM}
68736	68856	INTRON			{Augustus_model.g729.t1;Augustus},{GlimmerHMM_glimmerT_815-T1;GlimmerHMM},{ev_type:exonerate/ID=match.177006.337/Target=YDL029W;exonerate}
68857	70010	terminal+	2	3	{Augustus_model.g729.t1;Augustus},{GlimmerHMM_glimmerT_815-T1;GlimmerHMM}

# EVM prediction: Mode:STANDARD S-ratio: 12.19 70355-72610 orient(-) score(8340.00) noncoding_equivalent(684.00) raw_noncoding(684.00) offset(0.00) 
72610	70355	single-	4	6	{Augustus_model.g730.t1;Augustus}

# EVM prediction: Mode:STANDARD S-ratio: 2.37 73037-74290 orient(-) score(2644.00) noncoding_equivalent(1117.01) raw_noncoding(1117.01) offset(0.00) 
74290	73037	single-	4	6	{GlimmerHMM_glimmerT_817-T1;GlimmerHMM}

# EVM prediction: Mode:STANDARD S-ratio: 10000.00 74709-75731 orient(-) score(3069.00) noncoding_equivalent(0.31) raw_noncoding(0.00) offset(0.00) 
75731	74709	single-	4	6	{GlimmerHMM_glimmerT_818-T1;GlimmerHMM},{Augustus_model.g732.t1;Augustus}

# EVM prediction: Mode:STANDARD S-ratio: 4.34 75866-76579 orient(-) score(1437.00) noncoding_equivalent(331.13) raw_noncoding(331.13) offset(0.00) 
76579	75866	single-	4	6	{GlimmerHMM_glimmerT_819-T1;GlimmerHMM},{Augustus_model.g733.t1;Augustus}

# EVM prediction: Mode:STANDARD S-ratio: 1.91 77689-78075 orient(-) score(761.00) noncoding_equivalent(398.11) raw_noncoding(398.11) offset(0.00) 
78075	77689	single-	4	6	{GlimmerHMM_glimmerT_820-T1;GlimmerHMM}

# EVM prediction: Mode:STANDARD S-ratio: 10000.00 81565-82740 orient(+) score(4704.00) noncoding_equivalent(0.47) raw_noncoding(0.00) offset(0.00) 
81565	82740	single+	1	3	{Augustus_model.g734.t1;Augustus},{GlimmerHMM_glimmerT_821-T1;GlimmerHMM}

# EVM prediction: Mode:STANDARD S-ratio: 55.73 83837-84772 orient(+) score(3678.00) noncoding_equivalent(66.00) raw_noncoding(66.00) offset(0.00) 
83837	84772	single+	1	3	{Augustus_model.g735.t1;Augustus},{GlimmerHMM_glimmerT_822-T1;GlimmerHMM}

# EVM prediction: Mode:STANDARD S-ratio: 10000.00 85013-86638 orient(-) score(4878.00) noncoding_equivalent(0.49) raw_noncoding(0.00) offset(0.00) 
86638	85013	single-	4	6	{GlimmerHMM_glimmerT_823-T1;GlimmerHMM},{Augustus_model.g736.t1;Augustus}

# EVM prediction: Mode:STANDARD S-ratio: 10000.00 87683-91552 orient(-) score(15420.00) noncoding_equivalent(1.54) raw_noncoding(0.00) offset(0.00) 
91552	87683	single-	4	6	{GlimmerHMM_glimmerT_824-T1;GlimmerHMM},{Augustus_model.g737.t1;Augustus}

# EVM prediction: Mode:STANDARD S-ratio: 2.00 93997-94674 orient(-) score(2712.00) noncoding_equivalent(1356.00) raw_noncoding(1356.00) offset(0.00) 
94674	93997	single-	4	6	{GlimmerHMM_glimmerT_825-T1;GlimmerHMM},{HiQ_model.g738.t1;HiQ}

# EVM prediction: Mode:STANDARD S-ratio: 10000.00 95366-96889 orient(+) score(6096.00) noncoding_equivalent(0.61) raw_noncoding(0.00) offset(0.00) 
95366	96889	single+	1	3	{Augustus_model.g739.t1;Augustus},{GlimmerHMM_glimmerT_826-T1;GlimmerHMM}

# EVM prediction: Mode:STANDARD S-ratio: 2.01 97177-98109 orient(-) score(3732.00) noncoding_equivalent(1853.83) raw_noncoding(1853.83) offset(0.00) 
98109	97177	single-	4	6	{GlimmerHMM_glimmerT_827-T1;GlimmerHMM},{HiQ_model.g740.t1;HiQ}

# EVM prediction: Mode:STANDARD S-ratio: 10000.00 98549-99559 orient(+) score(3984.00) noncoding_equivalent(0.40) raw_noncoding(0.00) offset(0.00) 
98549	99559	single+	1	3	{Augustus_model.g741.t1;Augustus},{GlimmerHMM_glimmerT_828-T1;GlimmerHMM}

