perl: warning: Setting locale failed.
perl: warning: Please check that your locale settings:
	LANGUAGE = (unset),
	LC_ALL = (unset),
	LC_CTYPE = "UTF-8",
	LANG = "en_US.UTF-8"
    are supported and installed on your system.
perl: warning: Falling back to a fallback locale ("en_US.UTF-8").
-successfully changed directories to /space21/PGE/rangeles/TGFH/TGFH/Sesion2/out/S.eubayanus_FM1318/predict_misc/EVM_busco/scaffold_9/scaffold_9_630001-730000

-reading genomic sequence.

** Processing features (+)

-finding all potential splice sites, looking for GT/GC donors and AG acceptors.
-finding all potential starts and stops. (strand: +)
-loading gene prediction evidence. (strand: +)Valid prediction for Augustus_gene1063.t1

-loading the search evidence (protein and EST search results, strand: +)
-scoring exons (strand: +)

** Processing features (-)

-finding all potential splice sites, looking for GT/GC donors and AG acceptors.
-finding all potential starts and stops. (strand: -)
-loading gene prediction evidence. (strand: -)
-loading the search evidence (protein and EST search results, strand: -)
-scoring exons (strand: -)
-building DP trellis

-building trellis in range 1 - 100000
-exon list size: 10


building trellis
8.3    16.7    25.0    33.3    41.7    50.0    58.3    66.7    75.0    83.3    91.7    
-found 8 predictions from path traversal

-reporting highest scoring path thru the trellis.
-found 8 predictions persist after filtering for low support
	-no exons in range 61668 - 100000
