!! Predictions spanning range 451 - 96309 [R1]
# EVM prediction: Mode:STANDARD S-ratio: 10000.00 451-2007 orient(-) score(3114.00) noncoding_equivalent(0.31) raw_noncoding(0.00) offset(0.00) 
2007	451	single-	4	6	{Augustus_gene785.t1;Augustus}

# EVM prediction: Mode:STANDARD S-ratio: 10000.00 14722-15090 orient(-) score(738.00) noncoding_equivalent(0.07) raw_noncoding(0.00) offset(0.00) 
15090	14722	single-	4	6	{Augustus_gene116.t1;Augustus}

# EVM prediction: Mode:STANDARD S-ratio: 10000.00 15340-15951 orient(+) score(1224.00) noncoding_equivalent(0.12) raw_noncoding(0.00) offset(0.00) 
15340	15951	single+	1	3	{Augustus_gene966.t1;Augustus}

# EVM prediction: Mode:STANDARD S-ratio: 10000.00 20252-21766 orient(-) score(3030.00) noncoding_equivalent(0.30) raw_noncoding(0.00) offset(0.00) 
21766	20252	single-	4	6	{Augustus_gene1186.t1;Augustus}

# EVM prediction: Mode:STANDARD S-ratio: 10000.00 48832-49437 orient(+) score(1212.00) noncoding_equivalent(0.12) raw_noncoding(0.00) offset(0.00) 
48832	49437	single+	1	3	{Augustus_gene788.t1;Augustus}

# EVM prediction: Mode:STANDARD S-ratio: 10000.00 54292-55224 orient(+) score(1866.00) noncoding_equivalent(0.19) raw_noncoding(0.00) offset(0.00) 
54292	55224	single+	1	3	{Augustus_gene43.t1;Augustus}

# EVM prediction: Mode:STANDARD S-ratio: 10000.00 56364-57392 orient(-) score(2058.00) noncoding_equivalent(0.21) raw_noncoding(0.00) offset(0.00) 
57392	56364	single-	4	6	{Augustus_gene1082.t1;Augustus}

# EVM prediction: Mode:STANDARD S-ratio: 10000.00 81170-83296 orient(-) score(4254.00) noncoding_equivalent(0.43) raw_noncoding(0.00) offset(0.00) 
83296	81170	single-	4	6	{Augustus_gene842.t1;Augustus}

# EVM prediction: Mode:STANDARD S-ratio: 10000.00 87311-89467 orient(+) score(4314.00) noncoding_equivalent(0.43) raw_noncoding(0.00) offset(0.00) 
87311	89467	single+	1	3	{Augustus_gene1031.t1;Augustus}

# EVM prediction: Mode:STANDARD S-ratio: 10000.00 94071-94625 orient(-) score(1110.00) noncoding_equivalent(0.11) raw_noncoding(0.00) offset(0.00) 
94625	94071	single-	4	6	{Augustus_gene1.t1;Augustus}

# EVM prediction: Mode:STANDARD S-ratio: 10000.00 94969-96309 orient(+) score(2682.00) noncoding_equivalent(0.27) raw_noncoding(0.00) offset(0.00) 
94969	96309	single+	1	3	{Augustus_gene856.t1;Augustus}

