!! Predictions spanning range 975 - 98230 [R1]
# EVM prediction: Mode:STANDARD S-ratio: 19.64 975-1424 orient(+) score(1283.00) noncoding_equivalent(65.31) raw_noncoding(65.31) offset(0.00) 
975	1424	single+	1	3	{GlimmerHMM_glimmerT_2616-T1;GlimmerHMM},{Augustus_model.g2336.t1;Augustus}

# EVM prediction: Mode:STANDARD S-ratio: 78.50 2259-3371 orient(+) score(3297.00) noncoding_equivalent(42.00) raw_noncoding(42.00) offset(0.00) 
2259	3371	single+	1	3	{GlimmerHMM_glimmerT_2617-T1;GlimmerHMM},{Augustus_model.g2337.t1;Augustus}

# EVM prediction: Mode:STANDARD S-ratio: 11.54 3428-8748 orient(-) score(14239.00) noncoding_equivalent(1233.45) raw_noncoding(2139.16) offset(905.71) 
5741	3428	terminal-	6	6	{Augustus_model.g2338.t1;Augustus}
6229	5742	INTRON			{Augustus_model.g2338.t1;Augustus}
8748	6230	initial-	4	5	{Augustus_model.g2338.t1;Augustus}

# EVM prediction: Mode:STANDARD S-ratio: 756.28 9247-12291 orient(-) score(9121.00) noncoding_equivalent(12.06) raw_noncoding(12.06) offset(0.00) 
12291	9247	single-	4	6	{Augustus_model.g2339.t1;Augustus}

# EVM prediction: Mode:STANDARD S-ratio: 416.52 12952-14499 orient(-) score(4631.00) noncoding_equivalent(11.12) raw_noncoding(11.12) offset(0.00) 
14499	12952	single-	4	6	{Augustus_model.g2340.t1;Augustus},{GlimmerHMM_glimmerT_2620-T1;GlimmerHMM}

# EVM prediction: Mode:STANDARD S-ratio: 1410.97 15401-17764 orient(-) score(7085.00) noncoding_equivalent(5.02) raw_noncoding(5.02) offset(0.00) 
17764	15401	single-	4	6	{Augustus_model.g2341.t1;Augustus},{GlimmerHMM_glimmerT_2621-T1;GlimmerHMM}

# EVM prediction: Mode:STANDARD S-ratio: 20.57 20390-21187 orient(+) score(2283.00) noncoding_equivalent(111.00) raw_noncoding(111.00) offset(0.00) 
20390	21187	single+	1	3	{GlimmerHMM_glimmerT_2622-T1;GlimmerHMM}

# EVM prediction: Mode:STANDARD S-ratio: 2.05 21558-22282 orient(+) score(1745.00) noncoding_equivalent(851.05) raw_noncoding(1272.00) offset(420.95) 
21558	21570	initial+	1	1	{GlimmerHMM_glimmerT_2623-T1;GlimmerHMM},{Augustus_model.g2343.t1;Augustus}
21571	21995	INTRON			{GlimmerHMM_glimmerT_2623-T1;GlimmerHMM},{Augustus_model.g2343.t1;Augustus}
21996	22282	terminal+	2	3	{GlimmerHMM_glimmerT_2623-T1;GlimmerHMM},{snap_scaffold_3-snap.314-T1;snap},{Augustus_model.g2343.t1;Augustus}

# EVM prediction: Mode:STANDARD S-ratio: 82.18 22702-23316 orient(+) score(1821.00) noncoding_equivalent(22.16) raw_noncoding(22.16) offset(0.00) 
22702	23316	single+	1	3	{GlimmerHMM_glimmerT_2624-T1;GlimmerHMM},{Augustus_model.g2344.t1;Augustus}

# EVM prediction: Mode:STANDARD S-ratio: 4.51 23964-25820 orient(-) score(5571.00) noncoding_equivalent(1235.62) raw_noncoding(1235.62) offset(0.00) 
25820	23964	single-	4	6	{GlimmerHMM_glimmerT_2625-T1;GlimmerHMM},{Augustus_model.g2345.t1;Augustus}

# EVM prediction: Mode:STANDARD S-ratio: 14.38 26081-27178 orient(+) score(3263.00) noncoding_equivalent(226.95) raw_noncoding(226.95) offset(0.00) 
26081	27178	single+	1	3	{Augustus_model.g2346.t1;Augustus},{GlimmerHMM_glimmerT_2626-T1;GlimmerHMM}

# EVM prediction: Mode:STANDARD S-ratio: 4.72 27207-28051 orient(-) score(2063.00) noncoding_equivalent(437.05) raw_noncoding(841.81) offset(404.76) 
27746	27207	terminal-	4	6	{Augustus_model.g2347.t1;Augustus},{snap_scaffold_3-snap.318-T1;snap}
27877	27747	INTRON			{Augustus_model.g2347.t1;Augustus},{snap_scaffold_3-snap.318-T1;snap}
27884	27878	internal-	6	6	{Augustus_model.g2347.t1;Augustus},{snap_scaffold_3-snap.318-T1;snap}
28046	27885	INTRON			{snap_scaffold_3-snap.318-T1;snap}
28051	28047	initial-	4	5	{snap_scaffold_3-snap.318-T1;snap}

# EVM prediction: Mode:STANDARD S-ratio: 31.42 28065-28634 orient(-) score(1656.00) noncoding_equivalent(52.71) raw_noncoding(52.71) offset(0.00) 
28634	28065	single-	4	6	{GlimmerHMM_glimmerT_2628-T1;GlimmerHMM}

# EVM prediction: Mode:STANDARD S-ratio: 303.48 29032-30156 orient(-) score(3362.00) noncoding_equivalent(11.08) raw_noncoding(11.08) offset(0.00) 
30156	29032	single-	4	6	{GlimmerHMM_glimmerT_2629-T1;GlimmerHMM},{Augustus_model.g2348.t1;Augustus}

# EVM prediction: Mode:STANDARD S-ratio: 5.96 30690-31022 orient(-) score(854.00) noncoding_equivalent(143.19) raw_noncoding(143.19) offset(0.00) 
31022	30690	single-	4	6	{GlimmerHMM_glimmerT_2630-T1;GlimmerHMM}

# EVM prediction: Mode:STANDARD S-ratio: 42.81 31309-36615 orient(-) score(15553.00) noncoding_equivalent(363.30) raw_noncoding(363.30) offset(0.00) 
36615	31309	single-	4	6	{GlimmerHMM_glimmerT_2631-T1;GlimmerHMM}

# EVM prediction: Mode:STANDARD S-ratio: 10000.00 37533-43277 orient(-) score(17235.00) noncoding_equivalent(1.72) raw_noncoding(0.00) offset(0.00) 
43277	37533	single-	4	6	{GlimmerHMM_glimmerT_2632-T1;GlimmerHMM},{Augustus_model.g2350.t1;Augustus}

# EVM prediction: Mode:STANDARD S-ratio: 45.37 44661-47303 orient(-) score(7758.00) noncoding_equivalent(171.00) raw_noncoding(171.00) offset(0.00) 
47303	44661	single-	4	6	{GlimmerHMM_glimmerT_2633-T1;GlimmerHMM},{Augustus_model.g2351.t1;Augustus}

# EVM prediction: Mode:STANDARD S-ratio: 10000.00 48566-50644 orient(+) score(6237.00) noncoding_equivalent(0.62) raw_noncoding(0.00) offset(0.00) 
48566	50644	single+	1	3	{GlimmerHMM_glimmerT_2634-T1;GlimmerHMM},{Augustus_model.g2352.t1;Augustus}

# EVM prediction: Mode:STANDARD S-ratio: 10000.00 50981-52354 orient(+) score(4113.00) noncoding_equivalent(0.41) raw_noncoding(0.00) offset(0.00) 
50981	52354	single+	1	3	{GlimmerHMM_glimmerT_2635-T1;GlimmerHMM}

# EVM prediction: Mode:STANDARD S-ratio: 174.85 52641-53651 orient(+) score(3014.00) noncoding_equivalent(17.24) raw_noncoding(17.24) offset(0.00) 
52641	53651	single+	1	3	{Augustus_model.g2354.t1;Augustus},{GlimmerHMM_glimmerT_2636-T1;GlimmerHMM}

# EVM prediction: Mode:STANDARD S-ratio: 34.78 54185-57989 orient(+) score(11037.00) noncoding_equivalent(317.37) raw_noncoding(437.75) offset(120.38) 
54185	54242	initial+	1	1	{GlimmerHMM_glimmerT_2637-T1;GlimmerHMM}
54243	54303	INTRON			{GlimmerHMM_glimmerT_2637-T1;GlimmerHMM}
54304	57989	terminal+	2	3	{snap_scaffold_3-snap.328-T1;snap},{GlimmerHMM_glimmerT_2637-T1;GlimmerHMM}

# EVM prediction: Mode:STANDARD S-ratio: 123.36 58107-59474 orient(-) score(4071.00) noncoding_equivalent(33.00) raw_noncoding(33.00) offset(0.00) 
59474	58107	single-	4	6	{Augustus_model.g2356.t1;Augustus},{GlimmerHMM_glimmerT_2638-T1;GlimmerHMM}

# EVM prediction: Mode:STANDARD S-ratio: 10000.00 60626-62458 orient(+) score(5493.00) noncoding_equivalent(0.55) raw_noncoding(0.00) offset(0.00) 
60626	62458	single+	1	3	{Augustus_model.g2357.t1;Augustus},{GlimmerHMM_glimmerT_2639-T1;GlimmerHMM}

# EVM prediction: Mode:STANDARD S-ratio: 716.60 62931-64619 orient(+) score(5058.00) noncoding_equivalent(7.06) raw_noncoding(7.06) offset(0.00) 
62931	64619	single+	1	3	{GlimmerHMM_glimmerT_2640-T1;GlimmerHMM},{Augustus_model.g2358.t1;Augustus}

# EVM prediction: Mode:STANDARD S-ratio: 10000.00 64851-65219 orient(-) score(1101.00) noncoding_equivalent(0.11) raw_noncoding(0.00) offset(0.00) 
65219	64851	single-	4	6	{Augustus_model.g2359.t1;Augustus},{GlimmerHMM_glimmerT_2641-T1;GlimmerHMM}

# EVM prediction: Mode:STANDARD S-ratio: 92.62 65525-66382 orient(+) score(2545.00) noncoding_equivalent(27.48) raw_noncoding(27.48) offset(0.00) 
65525	66382	single+	1	3	{Augustus_model.g2360.t1;Augustus},{GlimmerHMM_glimmerT_2642-T1;GlimmerHMM}

# EVM prediction: Mode:STANDARD S-ratio: 10000.00 66638-66868 orient(-) score(693.00) noncoding_equivalent(0.07) raw_noncoding(0.00) offset(0.00) 
66868	66638	single-	4	6	{Augustus_model.g2361.t1;Augustus},{GlimmerHMM_glimmerT_2643-T1;GlimmerHMM}

# EVM prediction: Mode:STANDARD S-ratio: 29.66 67101-68081 orient(-) score(2847.00) noncoding_equivalent(96.00) raw_noncoding(96.00) offset(0.00) 
68081	67101	single-	4	6	{GlimmerHMM_glimmerT_2644-T1;GlimmerHMM},{Augustus_model.g2362.t1;Augustus}

# EVM prediction: Mode:STANDARD S-ratio: 2.01 68553-69968 orient(-) score(2832.00) noncoding_equivalent(1409.55) raw_noncoding(1409.55) offset(0.00) 
69968	68553	single-	4	6	{Augustus_model.g2363.t1;Augustus},{GlimmerHMM_glimmerT_2645-T1;GlimmerHMM}

# EVM prediction: Mode:STANDARD S-ratio: 568.04 70756-73416 orient(+) score(7967.00) noncoding_equivalent(14.03) raw_noncoding(14.03) offset(0.00) 
70756	73416	single+	1	3	{Augustus_model.g2364.t1;Augustus},{GlimmerHMM_glimmerT_2646-T1;GlimmerHMM}

# EVM prediction: Mode:STANDARD S-ratio: 46.80 74415-75788 orient(+) score(4034.00) noncoding_equivalent(86.20) raw_noncoding(86.20) offset(0.00) 
74415	75788	single+	1	3	{GlimmerHMM_glimmerT_2647-T1;GlimmerHMM},{Augustus_model.g2365.t1;Augustus}

# EVM prediction: Mode:STANDARD S-ratio: 1.46 76061-76970 orient(-) score(1621.00) noncoding_equivalent(1106.69) raw_noncoding(1257.69) offset(151.00) 
76810	76061	terminal-	4	6	{Augustus_model.g2366.t1;Augustus}
76961	76811	INTRON			{Augustus_model.g2366.t1;Augustus}
76970	76962	initial-	4	6	{Augustus_model.g2366.t1;Augustus}

# EVM prediction: Mode:STANDARD S-ratio: 233.57 77776-78957 orient(+) score(3529.00) noncoding_equivalent(15.11) raw_noncoding(15.11) offset(0.00) 
77776	78957	single+	1	3	{Augustus_model.g2367.t1;Augustus},{GlimmerHMM_glimmerT_2649-T1;GlimmerHMM}

# EVM prediction: Mode:STANDARD S-ratio: 2.00 79091-80104 orient(-) score(2028.00) noncoding_equivalent(1014.00) raw_noncoding(1014.00) offset(0.00) 
80104	79091	single-	4	6	{Augustus_model.g2368.t1;Augustus},{GlimmerHMM_glimmerT_2650-T1;GlimmerHMM}

# EVM prediction: Mode:STANDARD S-ratio: 28.15 80702-82699 orient(+) score(5788.00) noncoding_equivalent(205.61) raw_noncoding(205.61) offset(0.00) 
80702	82699	single+	1	3	{Augustus_model.g2369.t1;Augustus},{GlimmerHMM_glimmerT_2651-T1;GlimmerHMM}

# EVM prediction: Mode:STANDARD S-ratio: 35.46 83030-84856 orient(+) score(5319.00) noncoding_equivalent(150.00) raw_noncoding(162.00) offset(12.00) 
83030	83033	initial+	1	1	{snap_scaffold_3-snap.340-T1;snap}
83034	83045	INTRON			{snap_scaffold_3-snap.340-T1;snap}
83046	84856	terminal+	2	3	{snap_scaffold_3-snap.340-T1;snap}

# EVM prediction: Mode:STANDARD S-ratio: 10000.00 85055-86074 orient(+) score(3060.00) noncoding_equivalent(0.31) raw_noncoding(0.00) offset(0.00) 
85055	86074	single+	1	3	{GlimmerHMM_glimmerT_2653-T1;GlimmerHMM},{Augustus_model.g2371.t1;Augustus}

# EVM prediction: Mode:STANDARD S-ratio: 2.50 87773-89368 orient(+) score(2924.00) noncoding_equivalent(1170.06) raw_noncoding(2529.83) offset(1359.77) 
87773	88652	initial+	1	1	{GlimmerHMM_glimmerT_2654-T1;GlimmerHMM}
88653	89348	INTRON			{GlimmerHMM_glimmerT_2654-T1;GlimmerHMM}
89349	89368	terminal+	2	3	{GlimmerHMM_glimmerT_2654-T1;GlimmerHMM}

# EVM prediction: Mode:STANDARD S-ratio: 21.90 89422-90651 orient(+) score(3527.00) noncoding_equivalent(161.04) raw_noncoding(161.04) offset(0.00) 
89422	90651	single+	1	3	{GlimmerHMM_glimmerT_2655-T1;GlimmerHMM}

# EVM prediction: Mode:STANDARD S-ratio: 15.12 90914-91672 orient(-) score(2134.00) noncoding_equivalent(141.12) raw_noncoding(141.12) offset(0.00) 
91672	90914	single-	4	6	{Augustus_model.g2373.t1;Augustus},{GlimmerHMM_glimmerT_2656-T1;GlimmerHMM}

# EVM prediction: Mode:STANDARD S-ratio: 3.00 92492-93700 orient(+) score(3627.00) noncoding_equivalent(1210.06) raw_noncoding(1210.06) offset(0.00) 
92492	93700	single+	1	3	{GlimmerHMM_glimmerT_2657-T1;GlimmerHMM},{Augustus_model.g2374.t1;Augustus}

# EVM prediction: Mode:STANDARD S-ratio: 3.59 93918-95699 orient(+) score(4683.00) noncoding_equivalent(1302.75) raw_noncoding(1302.75) offset(0.00) 
93918	95699	single+	1	3	{GlimmerHMM_glimmerT_2658-T1;GlimmerHMM},{Augustus_model.g2375.t1;Augustus}

# EVM prediction: Mode:STANDARD S-ratio: 54.90 95838-96848 orient(-) score(2977.00) noncoding_equivalent(54.22) raw_noncoding(54.22) offset(0.00) 
96848	95838	single-	4	6	{Augustus_model.g2376.t1;Augustus},{GlimmerHMM_glimmerT_2659-T1;GlimmerHMM}

# EVM prediction: Mode:STANDARD S-ratio: 1.83 97655-98230 orient(-) score(1118.00) noncoding_equivalent(610.00) raw_noncoding(610.00) offset(0.00) 
98230	97655	single-	4	6	{GlimmerHMM_glimmerT_2660-T1;GlimmerHMM}

