!! Predictions spanning range 1766 - 79342 [R1]
# EVM prediction: Mode:STANDARD S-ratio: 10000.00 1766-2089 orient(+) score(648.00) noncoding_equivalent(0.06) raw_noncoding(0.00) offset(0.00) 
1766	2089	single+	1	3	{Augustus_gene448.t1;Augustus}

# EVM prediction: Mode:STANDARD S-ratio: 10000.00 23048-24811 orient(+) score(3528.00) noncoding_equivalent(0.35) raw_noncoding(0.00) offset(0.00) 
23048	24811	single+	1	3	{Augustus_gene907.t1;Augustus}

# EVM prediction: Mode:STANDARD S-ratio: 10000.00 32804-33193 orient(+) score(780.00) noncoding_equivalent(0.08) raw_noncoding(0.00) offset(0.00) 
32804	33193	single+	1	3	{Augustus_gene957.t1;Augustus}

# EVM prediction: Mode:STANDARD S-ratio: 10000.00 46803-48305 orient(-) score(3006.00) noncoding_equivalent(0.30) raw_noncoding(0.00) offset(0.00) 
48305	46803	single-	4	6	{Augustus_gene240.t1;Augustus}

# EVM prediction: Mode:STANDARD S-ratio: 10000.00 54268-55932 orient(-) score(3330.00) noncoding_equivalent(0.33) raw_noncoding(0.00) offset(0.00) 
55932	54268	single-	4	6	{Augustus_gene519.t1;Augustus}

# EVM prediction: Mode:STANDARD S-ratio: 10000.00 58502-60203 orient(+) score(3404.00) noncoding_equivalent(0.34) raw_noncoding(0.00) offset(0.00) 
58502	58521	initial+	1	2	{Augustus_gene499.t1;Augustus}
58522	58579	INTRON			{Augustus_gene499.t1;Augustus}
58580	60203	terminal+	3	3	{Augustus_gene499.t1;Augustus}

# EVM prediction: Mode:STANDARD S-ratio: 10000.00 67945-69468 orient(+) score(3048.00) noncoding_equivalent(0.30) raw_noncoding(0.00) offset(0.00) 
67945	69468	single+	1	3	{Augustus_gene538.t1;Augustus}

# EVM prediction: Mode:STANDARD S-ratio: 10000.00 69860-72163 orient(-) score(4608.00) noncoding_equivalent(0.46) raw_noncoding(0.00) offset(0.00) 
72163	69860	single-	4	6	{Augustus_gene1181.t1;Augustus}

# EVM prediction: Mode:STANDARD S-ratio: 10000.00 73316-77341 orient(-) score(8052.00) noncoding_equivalent(0.81) raw_noncoding(0.00) offset(0.00) 
77341	73316	single-	4	6	{Augustus_gene111.t1;Augustus}

# EVM prediction: Mode:STANDARD S-ratio: 10000.00 78725-79342 orient(-) score(1236.00) noncoding_equivalent(0.12) raw_noncoding(0.00) offset(0.00) 
79342	78725	single-	4	6	{Augustus_gene588.t1;Augustus}

