!! Predictions spanning range 187 - 99970 [R1]
# EVM prediction: Mode:STANDARD S-ratio: 127.91 187-3026 orient(-) score(8453.00) noncoding_equivalent(66.08) raw_noncoding(66.08) offset(0.00) 
3026	187	initial-	4	5	{GlimmerHMM_glimmerT_1119-T1;GlimmerHMM},{Augustus_model.g1002.t1;Augustus}

# EVM prediction: Mode:STANDARD S-ratio: 14.74 4534-7485 orient(+) score(8294.00) noncoding_equivalent(562.87) raw_noncoding(562.87) offset(0.00) 
4534	7485	single+	1	3	{GlimmerHMM_glimmerT_1120-T1;GlimmerHMM}

# EVM prediction: Mode:STANDARD S-ratio: 16.84 7608-8623 orient(+) score(2745.00) noncoding_equivalent(163.02) raw_noncoding(441.61) offset(278.59) 
7608	7612	initial+	1	2	{snap_scaffold_1-snap.971-T1;snap}
7613	7752	INTRON			{snap_scaffold_1-snap.971-T1;snap}
7753	8623	terminal+	3	3	{snap_scaffold_1-snap.971-T1;snap},{Augustus_model.g1003.t1;Augustus}

# EVM prediction: Mode:STANDARD S-ratio: 145.89 8975-16906 orient(-) score(23634.00) noncoding_equivalent(162.00) raw_noncoding(162.00) offset(0.00) 
16906	8975	single-	4	6	{GlimmerHMM_glimmerT_1122-T1;GlimmerHMM},{Augustus_model.g1004.t1;Augustus}

# EVM prediction: Mode:STANDARD S-ratio: 1.25 19965-20702 orient(+) score(1230.00) noncoding_equivalent(982.74) raw_noncoding(982.74) offset(0.00) 
19965	20702	single+	1	3	{GlimmerHMM_glimmerT_1123-T1;GlimmerHMM}

# EVM prediction: Mode:STANDARD S-ratio: 29.70 22435-27197 orient(+) score(13747.00) noncoding_equivalent(462.78) raw_noncoding(522.03) offset(59.24) 
22435	22696	initial+	1	1	{Augustus_model.g1005.t1;Augustus},{GlimmerHMM_glimmerT_1125-T1;GlimmerHMM}
22697	22743	INTRON			{Augustus_model.g1005.t1;Augustus}
22744	27197	terminal+	2	3	{Augustus_model.g1005.t1;Augustus}

# EVM prediction: Mode:STANDARD S-ratio: 10000.00 29345-33526 orient(+) score(12540.00) noncoding_equivalent(1.25) raw_noncoding(0.00) offset(0.00) 
29345	33526	single+	1	3	{GlimmerHMM_glimmerT_1126-T1;GlimmerHMM},{Augustus_model.g1006.t1;Augustus}

# EVM prediction: Mode:STANDARD S-ratio: 187.80 34096-36375 orient(+) score(6802.00) noncoding_equivalent(36.22) raw_noncoding(36.22) offset(0.00) 
34096	36375	single+	1	3	{GlimmerHMM_glimmerT_1127-T1;GlimmerHMM},{Augustus_model.g1007.t1;Augustus}

# EVM prediction: Mode:STANDARD S-ratio: 9.64 36499-38094 orient(-) score(4178.00) noncoding_equivalent(433.36) raw_noncoding(785.65) offset(352.29) 
37913	36499	terminal-	5	6	{snap_scaffold_1-snap.977-T1;snap}
38090	37914	INTRON			{snap_scaffold_1-snap.977-T1;snap}
38094	38091	initial-	4	4	{snap_scaffold_1-snap.977-T1;snap}

# EVM prediction: Mode:STANDARD S-ratio: 18.47 38857-41595 orient(-) score(7795.00) noncoding_equivalent(422.07) raw_noncoding(422.07) offset(0.00) 
41595	38857	single-	4	6	{GlimmerHMM_glimmerT_1130-T1;GlimmerHMM}

# EVM prediction: Mode:STANDARD S-ratio: 6.40 41867-42981 orient(-) score(3010.00) noncoding_equivalent(470.18) raw_noncoding(615.00) offset(144.82) 
42640	41867	terminal-	4	6	{Augustus_model.g1009.t1;Augustus},{GlimmerHMM_glimmerT_1131-T1;GlimmerHMM},{snap_scaffold_1-snap.979-T1;snap}
42699	42641	INTRON			{Augustus_model.g1009.t1;Augustus},{GlimmerHMM_glimmerT_1131-T1;GlimmerHMM}
42795	42700	internal-	4	6	{Augustus_model.g1009.t1;Augustus},{GlimmerHMM_glimmerT_1131-T1;GlimmerHMM}
42876	42796	INTRON			{Augustus_model.g1009.t1;Augustus},{GlimmerHMM_glimmerT_1131-T1;GlimmerHMM}
42981	42877	initial-	4	6	{Augustus_model.g1009.t1;Augustus},{GlimmerHMM_glimmerT_1131-T1;GlimmerHMM}

# EVM prediction: Mode:STANDARD S-ratio: 10000.00 43121-44461 orient(-) score(4023.00) noncoding_equivalent(0.40) raw_noncoding(0.00) offset(0.00) 
44461	43121	single-	4	6	{Augustus_model.g1010.t1;Augustus},{GlimmerHMM_glimmerT_1132-T1;GlimmerHMM}

# EVM prediction: Mode:STANDARD S-ratio: 2.49 44834-46261 orient(+) score(4077.00) noncoding_equivalent(1636.60) raw_noncoding(1636.60) offset(0.00) 
44834	46261	single+	1	3	{GlimmerHMM_glimmerT_1133-T1;GlimmerHMM},{Augustus_model.g1011.t1;Augustus}

# EVM prediction: Mode:STANDARD S-ratio: 2.00 46753-47097 orient(+) score(690.00) noncoding_equivalent(345.00) raw_noncoding(345.00) offset(0.00) 
46753	47097	single+	1	3	{Augustus_model.g1012.t1;Augustus},{GlimmerHMM_glimmerT_1134-T1;GlimmerHMM}

# EVM prediction: Mode:STANDARD S-ratio: 198.65 47573-49309 orient(-) score(5183.00) noncoding_equivalent(26.09) raw_noncoding(26.09) offset(0.00) 
49309	47573	single-	4	6	{Augustus_model.g1013.t1;Augustus},{GlimmerHMM_glimmerT_1135-T1;GlimmerHMM}

# EVM prediction: Mode:STANDARD S-ratio: 2.01 49614-50276 orient(+) score(1326.00) noncoding_equivalent(659.85) raw_noncoding(659.85) offset(0.00) 
49614	50276	single+	1	3	{Augustus_model.g1014.t1;Augustus},{GlimmerHMM_glimmerT_1136-T1;GlimmerHMM}

# EVM prediction: Mode:STANDARD S-ratio: 96.80 52402-56802 orient(+) score(13068.00) noncoding_equivalent(135.00) raw_noncoding(135.00) offset(0.00) 
52402	56802	single+	1	3	{Augustus_model.g1015.t1;Augustus},{GlimmerHMM_glimmerT_1137-T1;GlimmerHMM}

# EVM prediction: Mode:STANDARD S-ratio: 2.01 56957-57631 orient(-) score(1350.00) noncoding_equivalent(672.08) raw_noncoding(672.08) offset(0.00) 
57631	56957	single-	4	6	{GlimmerHMM_glimmerT_1138-T1;GlimmerHMM},{Augustus_model.g1016.t1;Augustus}

# EVM prediction: Mode:STANDARD S-ratio: 108.23 58065-58466 orient(+) score(1193.00) noncoding_equivalent(11.02) raw_noncoding(11.02) offset(0.00) 
58065	58466	single+	1	3	{GlimmerHMM_glimmerT_1139-T1;GlimmerHMM},{Augustus_model.g1017.t1;Augustus}

# EVM prediction: Mode:STANDARD S-ratio: 1.55 58614-59110 orient(-) score(994.00) noncoding_equivalent(643.20) raw_noncoding(647.20) offset(4.00) 
59016	58614	terminal-	6	6	{Augustus_model.g1018.t1;Augustus},{GlimmerHMM_glimmerT_1140-T1;GlimmerHMM}
59099	59017	INTRON			{Augustus_model.g1018.t1;Augustus},{GlimmerHMM_glimmerT_1140-T1;GlimmerHMM}
59110	59100	initial-	4	5	{Augustus_model.g1018.t1;Augustus},{GlimmerHMM_glimmerT_1140-T1;GlimmerHMM}

# EVM prediction: Mode:STANDARD S-ratio: 779.90 59575-61665 orient(+) score(6263.00) noncoding_equivalent(8.03) raw_noncoding(8.03) offset(0.00) 
59575	61665	single+	1	3	{Augustus_model.g1019.t1;Augustus},{GlimmerHMM_glimmerT_1141-T1;GlimmerHMM}

# EVM prediction: Mode:STANDARD S-ratio: 406.21 61699-64434 orient(-) score(8186.00) noncoding_equivalent(20.15) raw_noncoding(20.15) offset(0.00) 
64434	61699	single-	4	6	{Augustus_model.g1020.t1;Augustus},{GlimmerHMM_glimmerT_1142-T1;GlimmerHMM}

# EVM prediction: Mode:STANDARD S-ratio: 98.44 64631-66184 orient(+) score(4662.00) noncoding_equivalent(47.36) raw_noncoding(47.36) offset(0.00) 
64631	66184	single+	1	3	{GlimmerHMM_glimmerT_1143-T1;GlimmerHMM},{Augustus_model.g1021.t1;Augustus}

# EVM prediction: Mode:STANDARD S-ratio: 95.68 66270-66920 orient(-) score(1931.00) noncoding_equivalent(20.18) raw_noncoding(20.18) offset(0.00) 
66920	66270	single-	4	6	{Augustus_model.g1022.t1;Augustus},{GlimmerHMM_glimmerT_1144-T1;GlimmerHMM}

# EVM prediction: Mode:STANDARD S-ratio: 78.66 67655-69733 orient(+) score(6157.00) noncoding_equivalent(78.27) raw_noncoding(78.27) offset(0.00) 
67655	69733	single+	1	3	{GlimmerHMM_glimmerT_1145-T1;GlimmerHMM},{Augustus_model.g1023.t1;Augustus}

# EVM prediction: Mode:STANDARD S-ratio: 26.00 70318-71721 orient(-) score(4056.00) noncoding_equivalent(156.00) raw_noncoding(156.00) offset(0.00) 
71721	70318	single-	4	6	{GlimmerHMM_glimmerT_1146-T1;GlimmerHMM},{Augustus_model.g1024.t1;Augustus}

# EVM prediction: Mode:STANDARD S-ratio: 2.00 72373-72915 orient(-) score(1086.00) noncoding_equivalent(543.00) raw_noncoding(543.00) offset(0.00) 
72915	72373	single-	4	6	{Augustus_model.g1025.t1;Augustus},{GlimmerHMM_glimmerT_1147-T1;GlimmerHMM}

# EVM prediction: Mode:STANDARD S-ratio: 130.16 74634-75641 orient(+) score(2999.00) noncoding_equivalent(23.04) raw_noncoding(23.04) offset(0.00) 
74634	75641	single+	1	3	{GlimmerHMM_glimmerT_1148-T1;GlimmerHMM},{Augustus_model.g1026.t1;Augustus}

# EVM prediction: Mode:STANDARD S-ratio: 190.92 76562-79384 orient(+) score(8423.00) noncoding_equivalent(44.12) raw_noncoding(44.12) offset(0.00) 
76562	79384	single+	1	3	{Augustus_model.g1027.t1;Augustus},{GlimmerHMM_glimmerT_1149-T1;GlimmerHMM}

# EVM prediction: Mode:STANDARD S-ratio: 10000.00 79463-81025 orient(-) score(4689.00) noncoding_equivalent(0.47) raw_noncoding(0.00) offset(0.00) 
81025	79463	single-	4	6	{Augustus_model.g1028.t1;Augustus},{GlimmerHMM_glimmerT_1150-T1;GlimmerHMM}

# EVM prediction: Mode:STANDARD S-ratio: 2.91 81193-82158 orient(+) score(2877.00) noncoding_equivalent(987.76) raw_noncoding(987.76) offset(0.00) 
81193	82158	single+	1	3	{Augustus_model.g1029.t1;Augustus},{GlimmerHMM_glimmerT_1151-T1;GlimmerHMM}

# EVM prediction: Mode:STANDARD S-ratio: 5.62 82398-85190 orient(+) score(8112.00) noncoding_equivalent(1443.93) raw_noncoding(1443.93) offset(0.00) 
82398	85190	single+	1	3	{Augustus_model.g1030.t1;Augustus},{GlimmerHMM_glimmerT_1152-T1;GlimmerHMM}

# EVM prediction: Mode:STANDARD S-ratio: 18.88 85529-86701 orient(+) score(3342.00) noncoding_equivalent(177.00) raw_noncoding(177.00) offset(0.00) 
85529	86701	single+	1	3	{Augustus_model.g1031.t1;Augustus},{GlimmerHMM_glimmerT_1153-T1;GlimmerHMM}

# EVM prediction: Mode:STANDARD S-ratio: 10000.00 87011-88024 orient(-) score(3042.00) noncoding_equivalent(0.30) raw_noncoding(0.00) offset(0.00) 
88024	87011	single-	4	6	{Augustus_model.g1032.t1;Augustus},{GlimmerHMM_glimmerT_1154-T1;GlimmerHMM}

# EVM prediction: Mode:STANDARD S-ratio: 2.04 89387-89872 orient(+) score(978.00) noncoding_equivalent(479.13) raw_noncoding(479.13) offset(0.00) 
89387	89872	single+	1	3	{GlimmerHMM_glimmerT_1155-T1;GlimmerHMM},{Augustus_model.g1033.t1;Augustus}

# EVM prediction: Mode:STANDARD S-ratio: 13.20 90164-91078 orient(+) score(2465.00) noncoding_equivalent(186.79) raw_noncoding(278.25) offset(91.45) 
90164	90542	initial+	1	1	{GlimmerHMM_glimmerT_1156-T1;GlimmerHMM}
90543	90632	INTRON			{GlimmerHMM_glimmerT_1156-T1;GlimmerHMM}
90633	91078	terminal+	2	3	{GlimmerHMM_glimmerT_1156-T1;GlimmerHMM}

# EVM prediction: Mode:STANDARD S-ratio: 3.26 91182-92130 orient(-) score(2408.00) noncoding_equivalent(739.22) raw_noncoding(1046.09) offset(306.87) 
91751	91182	terminal-	4	6	{Augustus_model.g1035.t1;Augustus},{GlimmerHMM_glimmerT_1157-T1;GlimmerHMM},{snap_scaffold_1-snap.999-T1;snap}
92055	91752	INTRON			{Augustus_model.g1035.t1;Augustus},{GlimmerHMM_glimmerT_1157-T1;GlimmerHMM}
92130	92056	initial-	4	6	{GlimmerHMM_glimmerT_1157-T1;GlimmerHMM}

# EVM prediction: Mode:STANDARD S-ratio: 89.48 92654-96280 orient(-) score(10759.00) noncoding_equivalent(120.24) raw_noncoding(120.24) offset(0.00) 
96280	92654	single-	4	6	{Augustus_model.g1036.t1;Augustus},{GlimmerHMM_glimmerT_1158-T1;GlimmerHMM}

# EVM prediction: Mode:STANDARD S-ratio: 2.00 97709-98062 orient(+) score(708.00) noncoding_equivalent(354.00) raw_noncoding(354.00) offset(0.00) 
97709	98062	single+	1	3	{Augustus_model.g1037.t1;Augustus},{GlimmerHMM_glimmerT_1159-T1;GlimmerHMM}

# EVM prediction: Mode:STANDARD S-ratio: 2.00 99737-99970 orient(+) score(468.00) noncoding_equivalent(234.00) raw_noncoding(234.00) offset(0.00) 
99737	99970	single+	1	3	{GlimmerHMM_glimmerT_1160-T1;GlimmerHMM}

