!! Predictions spanning range 7464 - 99406 [R1]
# EVM prediction: Mode:STANDARD S-ratio: 40.80 7464-8846 orient(-) score(4048.00) noncoding_equivalent(99.22) raw_noncoding(99.22) offset(0.00) 
8846	7464	single-	4	6	{Augustus_model.g5135.t1;Augustus}

# EVM prediction: Mode:STANDARD S-ratio: 13.91 11779-12447 orient(+) score(1871.00) noncoding_equivalent(134.55) raw_noncoding(134.55) offset(0.00) 
11779	12447	single+	1	3	{Augustus_model.g5136.t1;Augustus},{GlimmerHMM_glimmerT_5827-T1;GlimmerHMM}

# EVM prediction: Mode:STANDARD S-ratio: 47.87 12621-15782 orient(-) score(9291.00) noncoding_equivalent(194.07) raw_noncoding(194.07) offset(0.00) 
15782	12621	single-	4	6	{Augustus_model.g5137.t1;Augustus},{GlimmerHMM_glimmerT_5828-T1;GlimmerHMM}

# EVM prediction: Mode:STANDARD S-ratio: 63.84 16055-17536 orient(-) score(4376.00) noncoding_equivalent(68.55) raw_noncoding(68.55) offset(0.00) 
17536	16055	single-	4	6	{GlimmerHMM_glimmerT_5829-T1;GlimmerHMM},{Augustus_model.g5138.t1;Augustus}

# EVM prediction: Mode:STANDARD S-ratio: 52.00 17814-18767 orient(-) score(2808.00) noncoding_equivalent(54.00) raw_noncoding(54.00) offset(0.00) 
18767	17814	single-	4	6	{GlimmerHMM_glimmerT_5830-T1;GlimmerHMM}

# EVM prediction: Mode:STANDARD S-ratio: 2.01 18908-19837 orient(-) score(1860.00) noncoding_equivalent(926.12) raw_noncoding(926.12) offset(0.00) 
19837	18908	single-	4	6	{Augustus_model.g5140.t1;Augustus},{GlimmerHMM_glimmerT_5831-T1;GlimmerHMM}

# EVM prediction: Mode:STANDARD S-ratio: 1213.76 20654-22282 orient(+) score(4881.00) noncoding_equivalent(4.02) raw_noncoding(4.02) offset(0.00) 
20654	22282	single+	1	3	{Augustus_model.g5141.t1;Augustus},{GlimmerHMM_glimmerT_5832-T1;GlimmerHMM}

# EVM prediction: Mode:STANDARD S-ratio: 10000.00 22537-23631 orient(-) score(3285.00) noncoding_equivalent(0.33) raw_noncoding(0.00) offset(0.00) 
23631	22537	single-	4	6	{Augustus_model.g5142.t1;Augustus},{GlimmerHMM_glimmerT_5833-T1;GlimmerHMM}

# EVM prediction: Mode:STANDARD S-ratio: 2.00 24358-24657 orient(+) score(600.00) noncoding_equivalent(300.00) raw_noncoding(300.00) offset(0.00) 
24358	24657	single+	1	3	{GlimmerHMM_glimmerT_5834-T1;GlimmerHMM},{Augustus_model.g5143.t1;Augustus}

# EVM prediction: Mode:STANDARD S-ratio: 10000.00 24898-25518 orient(-) score(1863.00) noncoding_equivalent(0.19) raw_noncoding(0.00) offset(0.00) 
25518	24898	single-	4	6	{GlimmerHMM_glimmerT_5835-T1;GlimmerHMM}

# EVM prediction: Mode:STANDARD S-ratio: 1.93 25808-28996 orient(-) score(6300.00) noncoding_equivalent(3269.08) raw_noncoding(3269.08) offset(0.00) 
28996	25808	single-	4	6	{GlimmerHMM_glimmerT_5836-T1;GlimmerHMM}

# EVM prediction: Mode:STANDARD S-ratio: 46.76 29268-30911 orient(-) score(4827.00) noncoding_equivalent(103.23) raw_noncoding(103.23) offset(0.00) 
30911	29268	single-	4	6	{GlimmerHMM_glimmerT_5837-T1;GlimmerHMM}

# EVM prediction: Mode:STANDARD S-ratio: 495.10 33811-35640 orient(-) score(5477.00) noncoding_equivalent(11.06) raw_noncoding(11.06) offset(0.00) 
35640	33811	single-	4	6	{Augustus_model.g5145.t1;Augustus},{GlimmerHMM_glimmerT_5838-T1;GlimmerHMM}

# EVM prediction: Mode:STANDARD S-ratio: 10000.00 36765-38426 orient(+) score(4986.00) noncoding_equivalent(0.50) raw_noncoding(0.00) offset(0.00) 
36765	38426	single+	1	3	{GlimmerHMM_glimmerT_5839-T1;GlimmerHMM},{Augustus_model.g5146.t1;Augustus}

# EVM prediction: Mode:STANDARD S-ratio: 10000.00 38521-39939 orient(-) score(4257.00) noncoding_equivalent(0.43) raw_noncoding(0.00) offset(0.00) 
39939	38521	single-	4	6	{Augustus_model.g5147.t1;Augustus},{GlimmerHMM_glimmerT_5840-T1;GlimmerHMM}

# EVM prediction: Mode:STANDARD S-ratio: 16.18 42315-44132 orient(+) score(5137.00) noncoding_equivalent(317.41) raw_noncoding(317.41) offset(0.00) 
42315	44132	single+	1	3	{Augustus_model.g5148.t1;Augustus}

# EVM prediction: Mode:STANDARD S-ratio: 10.84 45112-45782 orient(+) score(1735.00) noncoding_equivalent(160.03) raw_noncoding(353.18) offset(193.16) 
45112	45120	initial+	1	3	{snap_scaffold_8-snap.265-T1;snap}
45121	45230	INTRON			{snap_scaffold_8-snap.265-T1;snap}
45231	45782	terminal+	1	3	{snap_scaffold_8-snap.265-T1;snap}

# EVM prediction: Mode:STANDARD S-ratio: 2.01 51011-54148 orient(+) score(6290.00) noncoding_equivalent(3124.24) raw_noncoding(3124.24) offset(0.00) 
51011	54148	single+	1	3	{Augustus_model.g5150.t1;Augustus}

# EVM prediction: Mode:STANDARD S-ratio: 463.34 54906-57236 orient(+) score(6978.00) noncoding_equivalent(15.06) raw_noncoding(15.06) offset(0.00) 
54906	57236	single+	1	3	{GlimmerHMM_glimmerT_5843-T1;GlimmerHMM}

# EVM prediction: Mode:STANDARD S-ratio: 11.62 57676-58842 orient(+) score(3222.00) noncoding_equivalent(277.17) raw_noncoding(277.17) offset(0.00) 
57676	58842	single+	1	3	{GlimmerHMM_glimmerT_5844-T1;GlimmerHMM}

# EVM prediction: Mode:STANDARD S-ratio: 108.77 59702-60436 orient(+) score(2183.00) noncoding_equivalent(20.07) raw_noncoding(20.07) offset(0.00) 
59702	60436	single+	1	3	{GlimmerHMM_glimmerT_5845-T1;GlimmerHMM},{Augustus_model.g5152.t1;Augustus}

# EVM prediction: Mode:STANDARD S-ratio: 9.68 60464-61370 orient(-) score(2358.00) noncoding_equivalent(243.55) raw_noncoding(459.09) offset(215.54) 
61243	60464	terminal-	4	6	{snap_scaffold_8-snap.269-T1;snap}
61361	61244	INTRON			{snap_scaffold_8-snap.269-T1;snap}
61370	61362	initial-	4	6	{snap_scaffold_8-snap.269-T1;snap}

# EVM prediction: Mode:STANDARD S-ratio: 48.32 61559-63811 orient(-) score(6622.00) noncoding_equivalent(137.04) raw_noncoding(137.04) offset(0.00) 
63811	61559	single-	4	6	{GlimmerHMM_glimmerT_5847-T1;GlimmerHMM}

# EVM prediction: Mode:STANDARD S-ratio: 2003.00 64193-66196 orient(-) score(6009.00) noncoding_equivalent(3.00) raw_noncoding(3.00) offset(0.00) 
66196	64193	single-	4	6	{Augustus_model.g5154.t1;Augustus}

# EVM prediction: Mode:STANDARD S-ratio: 12.98 69476-70456 orient(+) score(2733.00) noncoding_equivalent(210.61) raw_noncoding(210.61) offset(0.00) 
69476	70456	single+	1	3	{GlimmerHMM_glimmerT_5849-T1;GlimmerHMM}

# EVM prediction: Mode:STANDARD S-ratio: 10000.00 72047-73453 orient(+) score(4221.00) noncoding_equivalent(0.42) raw_noncoding(0.00) offset(0.00) 
72047	73453	single+	1	3	{GlimmerHMM_glimmerT_5850-T1;GlimmerHMM},{Augustus_model.g5156.t1;Augustus}

# EVM prediction: Mode:STANDARD S-ratio: 23.17 73704-75782 orient(-) score(5979.00) noncoding_equivalent(258.00) raw_noncoding(258.00) offset(0.00) 
75782	73704	single-	4	6	{GlimmerHMM_glimmerT_5851-T1;GlimmerHMM},{Augustus_model.g5157.t1;Augustus}

# EVM prediction: Mode:STANDARD S-ratio: 10000.00 76798-78657 orient(-) score(5580.00) noncoding_equivalent(0.56) raw_noncoding(0.00) offset(0.00) 
78657	76798	single-	4	6	{GlimmerHMM_glimmerT_5852-T1;GlimmerHMM},{Augustus_model.g5158.t1;Augustus}

# EVM prediction: Mode:STANDARD S-ratio: 69.97 80395-82665 orient(+) score(6717.00) noncoding_equivalent(96.00) raw_noncoding(96.00) offset(0.00) 
80395	82665	single+	1	3	{GlimmerHMM_glimmerT_5853-T1;GlimmerHMM},{Augustus_model.g5159.t1;Augustus}

# EVM prediction: Mode:STANDARD S-ratio: 107.35 82914-86117 orient(-) score(9523.00) noncoding_equivalent(88.71) raw_noncoding(88.71) offset(0.00) 
86117	82914	single-	4	6	{Augustus_model.g5160.t1;Augustus},{GlimmerHMM_glimmerT_5854-T1;GlimmerHMM}

# EVM prediction: Mode:STANDARD S-ratio: 81.08 86681-88660 orient(-) score(5866.00) noncoding_equivalent(72.35) raw_noncoding(72.35) offset(0.00) 
88660	86681	single-	4	6	{Augustus_model.g5161.t1;Augustus},{GlimmerHMM_glimmerT_5855-T1;GlimmerHMM}

# EVM prediction: Mode:STANDARD S-ratio: 1.45 89086-89449 orient(-) score(704.00) noncoding_equivalent(483.97) raw_noncoding(586.82) offset(102.85) 
89116	89086	terminal-	6	6	{Augustus_model.g5162.t1;Augustus},{GlimmerHMM_glimmerT_5856-T1;GlimmerHMM}
89216	89117	INTRON			{Augustus_model.g5162.t1;Augustus},{GlimmerHMM_glimmerT_5856-T1;GlimmerHMM}
89449	89217	initial-	4	5	{GlimmerHMM_glimmerT_5856-T1;GlimmerHMM}

# EVM prediction: Mode:STANDARD S-ratio: 875.72 89748-91217 orient(-) score(4405.00) noncoding_equivalent(5.03) raw_noncoding(5.03) offset(0.00) 
91217	89748	single-	4	6	{GlimmerHMM_glimmerT_5857-T1;GlimmerHMM}

# EVM prediction: Mode:STANDARD S-ratio: 2.00 91482-92438 orient(+) score(1914.00) noncoding_equivalent(957.00) raw_noncoding(957.00) offset(0.00) 
91482	92438	single+	1	3	{Augustus_model.g5163.t1;Augustus},{GlimmerHMM_glimmerT_5858-T1;GlimmerHMM}

# EVM prediction: Mode:STANDARD S-ratio: 10000.00 92904-94979 orient(-) score(6228.00) noncoding_equivalent(0.62) raw_noncoding(0.00) offset(0.00) 
94979	92904	single-	4	6	{GlimmerHMM_glimmerT_5859-T1;GlimmerHMM},{Augustus_model.g5164.t1;Augustus}

# EVM prediction: Mode:STANDARD S-ratio: 127.19 95421-97079 orient(+) score(4937.00) noncoding_equivalent(38.82) raw_noncoding(38.82) offset(0.00) 
95421	97079	single+	1	3	{GlimmerHMM_glimmerT_5860-T1;GlimmerHMM},{Augustus_model.g5165.t1;Augustus}

# EVM prediction: Mode:STANDARD S-ratio: 13.23 97586-99406 orient(+) score(5079.00) noncoding_equivalent(384.00) raw_noncoding(384.00) offset(0.00) 
97586	99406	single+	1	3	{GlimmerHMM_glimmerT_5861-T1;GlimmerHMM},{Augustus_model.g5166.t1;Augustus}

