!! Predictions spanning range 4923 - 99155 [R1]
# EVM prediction: Mode:STANDARD S-ratio: 44.02 4923-6509 orient(+) score(6207.00) noncoding_equivalent(141.00) raw_noncoding(141.00) offset(0.00) 
4923	6509	single+	1	3	{Augustus_model.g614.t1;Augustus},{GlimmerHMM_glimmerT_685-T1;GlimmerHMM}

# EVM prediction: Mode:STANDARD S-ratio: 10000.00 6615-7289 orient(-) score(2025.00) noncoding_equivalent(0.20) raw_noncoding(0.00) offset(0.00) 
7289	6615	single-	4	6	{GlimmerHMM_glimmerT_686-T1;GlimmerHMM},{Augustus_model.g615.t1;Augustus}

# EVM prediction: Mode:STANDARD S-ratio: 46.98 7960-9120 orient(+) score(3409.00) noncoding_equivalent(72.56) raw_noncoding(72.56) offset(0.00) 
7960	9120	single+	1	3	{GlimmerHMM_glimmerT_687-T1;GlimmerHMM},{Augustus_model.g616.t1;Augustus}

# EVM prediction: Mode:STANDARD S-ratio: 18.53 9361-11547 orient(-) score(6225.00) noncoding_equivalent(336.00) raw_noncoding(336.00) offset(0.00) 
11547	9361	single-	4	6	{GlimmerHMM_glimmerT_688-T1;GlimmerHMM}

# EVM prediction: Mode:STANDARD S-ratio: 5.00 11839-12432 orient(-) score(2970.00) noncoding_equivalent(594.00) raw_noncoding(594.00) offset(0.00) 
12432	11839	single-	4	6	{GlimmerHMM_glimmerT_689-T1;GlimmerHMM},{HiQ_model.g618.t1;HiQ}

# EVM prediction: Mode:STANDARD S-ratio: 3.00 12691-13266 orient(+) score(1728.00) noncoding_equivalent(576.00) raw_noncoding(576.00) offset(0.00) 
12691	13266	single+	1	3	{GlimmerHMM_glimmerT_690-T1;GlimmerHMM},{Augustus_model.g619.t1;Augustus}

# EVM prediction: Mode:STANDARD S-ratio: 4.58 13381-15654 orient(-) score(11199.00) noncoding_equivalent(2444.41) raw_noncoding(2444.41) offset(0.00) 
15654	13381	single-	4	6	{HiQ_model.g620.t1;HiQ}

# EVM prediction: Mode:STANDARD S-ratio: 3.00 16112-17491 orient(+) score(4140.00) noncoding_equivalent(1380.00) raw_noncoding(1380.00) offset(0.00) 
16112	17491	single+	1	3	{Augustus_model.g621.t1;Augustus},{GlimmerHMM_glimmerT_692-T1;GlimmerHMM}

# EVM prediction: Mode:STANDARD S-ratio: 100.60 18814-20337 orient(-) score(4527.00) noncoding_equivalent(45.00) raw_noncoding(45.00) offset(0.00) 
20337	18814	single-	4	6	{Augustus_model.g622.t1;Augustus},{GlimmerHMM_glimmerT_694-T1;GlimmerHMM}

# EVM prediction: Mode:STANDARD S-ratio: 12.31 20786-22463 orient(+) score(4427.00) noncoding_equivalent(359.66) raw_noncoding(833.33) offset(473.66) 
20786	20848	initial+	1	3	{Augustus_model.g623.t1;Augustus}
20849	21092	INTRON			{Augustus_model.g623.t1;Augustus}
21093	22463	terminal+	1	3	{GlimmerHMM_glimmerT_695-T1;GlimmerHMM},{Augustus_model.g623.t1;Augustus}

# EVM prediction: Mode:STANDARD S-ratio: 4.76 22657-23010 orient(-) score(1755.00) noncoding_equivalent(369.00) raw_noncoding(369.00) offset(0.00) 
23010	22657	single-	4	6	{GlimmerHMM_glimmerT_696-T1;GlimmerHMM},{HiQ_model.g624.t1;HiQ}

# EVM prediction: Mode:STANDARD S-ratio: 148.43 23351-24919 orient(+) score(6234.00) noncoding_equivalent(42.00) raw_noncoding(42.00) offset(0.00) 
23351	24919	single+	1	3	{GlimmerHMM_glimmerT_697-T1;GlimmerHMM},{Augustus_model.g625.t1;Augustus}

# EVM prediction: Mode:STANDARD S-ratio: 10.29 25207-26496 orient(+) score(4703.00) noncoding_equivalent(457.19) raw_noncoding(457.19) offset(0.00) 
25207	26496	single+	1	3	{GlimmerHMM_glimmerT_698-T1;GlimmerHMM}

# EVM prediction: Mode:STANDARD S-ratio: 71.59 26716-29509 orient(+) score(8166.00) noncoding_equivalent(114.06) raw_noncoding(288.60) offset(174.54) 
26716	26720	initial+	1	2	{snap_scaffold_2-snap.77-T1;snap}
26721	26820	INTRON			{snap_scaffold_2-snap.77-T1;snap}
26821	29509	terminal+	3	3	{snap_scaffold_2-snap.77-T1;snap}

# EVM prediction: Mode:STANDARD S-ratio: 5.00 29656-31497 orient(-) score(9210.00) noncoding_equivalent(1842.00) raw_noncoding(1842.00) offset(0.00) 
31497	29656	single-	4	6	{HiQ_model.g627.t1;HiQ},{GlimmerHMM_glimmerT_700-T1;GlimmerHMM}

# EVM prediction: Mode:STANDARD S-ratio: 3.99 31825-33092 orient(+) score(3027.00) noncoding_equivalent(759.44) raw_noncoding(777.00) offset(17.56) 
31825	32463	initial+	1	3	{GlimmerHMM_glimmerT_701-T1;GlimmerHMM}
32464	32480	INTRON			{GlimmerHMM_glimmerT_701-T1;GlimmerHMM}
32481	33092	terminal+	1	3	{GlimmerHMM_glimmerT_701-T1;GlimmerHMM},{snap_scaffold_2-snap.79-T1;snap}

# EVM prediction: Mode:STANDARD S-ratio: 10000.00 33524-36394 orient(+) score(11484.00) noncoding_equivalent(1.15) raw_noncoding(0.00) offset(0.00) 
33524	36394	single+	1	3	{GlimmerHMM_glimmerT_702-T1;GlimmerHMM},{Augustus_model.g629.t1;Augustus}

# EVM prediction: Mode:STANDARD S-ratio: 10000.00 36619-39051 orient(-) score(9732.00) noncoding_equivalent(0.97) raw_noncoding(0.00) offset(0.00) 
39051	36619	single-	4	6	{Augustus_model.g630.t1;Augustus},{GlimmerHMM_glimmerT_703-T1;GlimmerHMM}

# EVM prediction: Mode:STANDARD S-ratio: 2.95 39401-40738 orient(+) score(3997.00) noncoding_equivalent(1355.06) raw_noncoding(1355.06) offset(0.00) 
39401	40738	single+	1	3	{GlimmerHMM_glimmerT_704-T1;GlimmerHMM}

# EVM prediction: Mode:STANDARD S-ratio: 364.34 41268-42737 orient(+) score(5860.00) noncoding_equivalent(16.08) raw_noncoding(16.08) offset(0.00) 
41268	42737	single+	1	3	{GlimmerHMM_glimmerT_705-T1;GlimmerHMM}

# EVM prediction: Mode:STANDARD S-ratio: 4.95 43071-46676 orient(-) score(18000.00) noncoding_equivalent(3636.00) raw_noncoding(3636.00) offset(0.00) 
46676	43071	single-	4	6	{HiQ_model.g632.t1;HiQ},{GlimmerHMM_glimmerT_706-T1;GlimmerHMM}

# EVM prediction: Mode:STANDARD S-ratio: 2.01 47242-48312 orient(-) score(4284.00) noncoding_equivalent(2134.14) raw_noncoding(2134.14) offset(0.00) 
48312	47242	single-	4	6	{GlimmerHMM_glimmerT_707-T1;GlimmerHMM},{HiQ_model.g633.t1;HiQ}

# EVM prediction: Mode:STANDARD S-ratio: 10000.00 48589-50175 orient(+) score(6348.00) noncoding_equivalent(0.63) raw_noncoding(0.00) offset(0.00) 
48589	50175	single+	1	3	{GlimmerHMM_glimmerT_708-T1;GlimmerHMM},{Augustus_model.g634.t1;Augustus}

# EVM prediction: Mode:STANDARD S-ratio: 11.47 50317-50952 orient(-) score(1755.00) noncoding_equivalent(153.00) raw_noncoding(153.00) offset(0.00) 
50952	50317	single-	4	6	{Augustus_model.g635.t1;Augustus},{GlimmerHMM_glimmerT_709-T1;GlimmerHMM}

# EVM prediction: Mode:STANDARD S-ratio: 739.55 51639-53711 orient(+) score(8279.00) noncoding_equivalent(11.19) raw_noncoding(11.19) offset(0.00) 
51639	53711	single+	1	3	{GlimmerHMM_glimmerT_710-T1;GlimmerHMM},{Augustus_model.g636.t1;Augustus}

# EVM prediction: Mode:STANDARD S-ratio: 39.21 53969-59149 orient(-) score(20195.00) noncoding_equivalent(515.01) raw_noncoding(515.01) offset(0.00) 
59149	53969	single-	4	6	{GlimmerHMM_glimmerT_711-T1;GlimmerHMM}

# EVM prediction: Mode:STANDARD S-ratio: 8.29 59968-60504 orient(-) score(1437.00) noncoding_equivalent(173.30) raw_noncoding(173.30) offset(0.00) 
60504	59968	single-	4	6	{GlimmerHMM_glimmerT_712-T1;GlimmerHMM}

# EVM prediction: Mode:STANDARD S-ratio: 9.57 62020-64311 orient(+) score(6226.00) noncoding_equivalent(650.47) raw_noncoding(650.47) offset(0.00) 
62020	64311	single+	1	3	{GlimmerHMM_glimmerT_713-T1;GlimmerHMM}

# EVM prediction: Mode:STANDARD S-ratio: 59.38 65249-65794 orient(+) score(1609.00) noncoding_equivalent(27.10) raw_noncoding(27.10) offset(0.00) 
65249	65794	single+	1	3	{GlimmerHMM_glimmerT_714-T1;GlimmerHMM}

# EVM prediction: Mode:STANDARD S-ratio: 3.23 66334-67102 orient(+) score(2618.00) noncoding_equivalent(811.01) raw_noncoding(1220.55) offset(409.54) 
66334	66336	initial+	1	3	{GlimmerHMM_glimmerT_715-T1;GlimmerHMM},{Augustus_model.g640.t1;Augustus}
66337	66742	INTRON			{GlimmerHMM_glimmerT_715-T1;GlimmerHMM},{Augustus_model.g640.t1;Augustus}
66743	67102	terminal+	1	3	{snap_scaffold_2-snap.91-T1;snap},{GlimmerHMM_glimmerT_715-T1;GlimmerHMM},{Augustus_model.g640.t1;Augustus}

# EVM prediction: Mode:STANDARD S-ratio: 4.12 67417-68025 orient(-) score(2940.00) noncoding_equivalent(714.00) raw_noncoding(714.00) offset(0.00) 
68025	67417	single-	4	6	{HiQ_model.g641.t1;HiQ},{GlimmerHMM_glimmerT_716-T1;GlimmerHMM}

# EVM prediction: Mode:STANDARD S-ratio: 10000.00 68398-69507 orient(-) score(3330.00) noncoding_equivalent(0.33) raw_noncoding(0.00) offset(0.00) 
69507	68398	single-	4	6	{GlimmerHMM_glimmerT_717-T1;GlimmerHMM},{Augustus_model.g642.t1;Augustus}

# EVM prediction: Mode:STANDARD S-ratio: 109.54 71174-72505 orient(+) score(3956.00) noncoding_equivalent(36.11) raw_noncoding(36.11) offset(0.00) 
71174	72505	single+	1	3	{Augustus_model.g643.t1;Augustus}

# EVM prediction: Mode:STANDARD S-ratio: 10000.00 73069-75516 orient(+) score(9792.00) noncoding_equivalent(0.98) raw_noncoding(0.00) offset(0.00) 
73069	75516	single+	1	3	{GlimmerHMM_glimmerT_719-T1;GlimmerHMM},{Augustus_model.g644.t1;Augustus}

# EVM prediction: Mode:STANDARD S-ratio: 4.77 77384-77948 orient(+) score(1480.00) noncoding_equivalent(310.03) raw_noncoding(640.66) offset(330.62) 
77384	77392	initial+	1	3	{snap_scaffold_2-snap.96-T1;snap}
77393	77558	INTRON			{snap_scaffold_2-snap.96-T1;snap}
77559	77948	terminal+	1	3	{GlimmerHMM_glimmerT_720-T1;GlimmerHMM},{snap_scaffold_2-snap.96-T1;snap}

# EVM prediction: Mode:STANDARD S-ratio: 2.52 78458-79131 orient(+) score(1202.00) noncoding_equivalent(476.52) raw_noncoding(1163.70) offset(687.18) 
78458	78571	initial+	1	3	{GlimmerHMM_glimmerT_721-T1;GlimmerHMM},{Augustus_model.g646.t1;Augustus}
78572	78742	INTRON			{Augustus_model.g646.t1;Augustus}
78743	78751	internal+	1	3	{Augustus_model.g646.t1;Augustus}
78752	78924	INTRON			{Augustus_model.g646.t1;Augustus}
78925	79131	terminal+	1	3	{GlimmerHMM_glimmerT_721-T1;GlimmerHMM},{snap_scaffold_2-snap.97-T1;snap},{Augustus_model.g646.t1;Augustus}

# EVM prediction: Mode:STANDARD S-ratio: 50.47 79637-80515 orient(+) score(2586.00) noncoding_equivalent(51.24) raw_noncoding(51.24) offset(0.00) 
79637	80515	single+	1	3	{Augustus_model.g647.t1;Augustus}

# EVM prediction: Mode:STANDARD S-ratio: 19.10 81219-82454 orient(+) score(4698.00) noncoding_equivalent(246.00) raw_noncoding(246.00) offset(0.00) 
81219	82454	single+	1	3	{GlimmerHMM_glimmerT_723-T1;GlimmerHMM},{Augustus_model.g648.t1;Augustus}

# EVM prediction: Mode:STANDARD S-ratio: 25.14 83550-84464 orient(+) score(2640.00) noncoding_equivalent(105.00) raw_noncoding(105.00) offset(0.00) 
83550	84464	single+	1	3	{Augustus_model.g649.t1;Augustus},{GlimmerHMM_glimmerT_724-T1;GlimmerHMM}

# EVM prediction: Mode:STANDARD S-ratio: 10000.00 84859-87366 orient(-) score(7518.00) noncoding_equivalent(0.75) raw_noncoding(0.00) offset(0.00) 
87366	84859	single-	4	6	{GlimmerHMM_glimmerT_725-T1;GlimmerHMM},{Augustus_model.g650.t1;Augustus}

# EVM prediction: Mode:STANDARD S-ratio: 2.69 87742-88288 orient(-) score(1514.00) noncoding_equivalent(562.24) raw_noncoding(786.00) offset(223.76) 
88121	87742	terminal-	5	6	{GlimmerHMM_glimmerT_726-T1;GlimmerHMM},{Augustus_model.g651.t1;Augustus}
88233	88122	INTRON			{GlimmerHMM_glimmerT_726-T1;GlimmerHMM},{ev_type:exonerate/ID=match.177006.1637/Target=YDL125C;exonerate}
88288	88234	initial-	4	4	{GlimmerHMM_glimmerT_726-T1;GlimmerHMM}

# EVM prediction: Mode:STANDARD S-ratio: 69.54 88911-89849 orient(+) score(3701.00) noncoding_equivalent(53.22) raw_noncoding(53.22) offset(0.00) 
88911	89849	single+	1	3	{GlimmerHMM_glimmerT_727-T1;GlimmerHMM}

# EVM prediction: Mode:STANDARD S-ratio: 1.00 90232-90498 orient(+) score(534.00) noncoding_equivalent(534.00) raw_noncoding(534.00) offset(0.00) 
90232	90498	single+	1	3	{GlimmerHMM_glimmerT_728-T1;GlimmerHMM}

# EVM prediction: Mode:STANDARD S-ratio: 12.48 91417-93590 orient(+) score(5993.00) noncoding_equivalent(480.19) raw_noncoding(532.27) offset(52.08) 
91417	91726	initial+	1	1	{Augustus_model.g653.t1;Augustus}
91727	91776	INTRON			{Augustus_model.g653.t1;Augustus}
91777	93590	terminal+	2	3	{Augustus_model.g653.t1;Augustus}

# EVM prediction: Mode:STANDARD S-ratio: 10000.00 93748-94197 orient(-) score(1350.00) noncoding_equivalent(0.14) raw_noncoding(0.00) offset(0.00) 
94197	93748	single-	4	6	{Augustus_model.g654.t1;Augustus},{GlimmerHMM_glimmerT_731-T1;GlimmerHMM}

# EVM prediction: Mode:STANDARD S-ratio: 3.00 94624-95073 orient(+) score(1350.00) noncoding_equivalent(450.00) raw_noncoding(450.00) offset(0.00) 
94624	95073	single+	1	3	{GlimmerHMM_glimmerT_732-T1;GlimmerHMM}

# EVM prediction: Mode:STANDARD S-ratio: 5.00 95453-96376 orient(-) score(4620.00) noncoding_equivalent(924.00) raw_noncoding(924.00) offset(0.00) 
96376	95453	single-	4	6	{HiQ_model.g656.t1;HiQ},{GlimmerHMM_glimmerT_733-T1;GlimmerHMM}

# EVM prediction: Mode:STANDARD S-ratio: 64.72 97380-99155 orient(+) score(5242.00) noncoding_equivalent(81.00) raw_noncoding(81.00) offset(0.00) 
97380	99155	initial+	1	3	{GlimmerHMM_glimmerT_734-T1;GlimmerHMM}

