!! Predictions spanning range 1651 - 98398 [R1]
# EVM prediction: Mode:STANDARD S-ratio: 2.00 1651-2400 orient(+) score(1500.00) noncoding_equivalent(750.00) raw_noncoding(750.00) offset(0.00) 
1651	2400	single+	1	3	{Augustus_model.g3689.t1;Augustus},{GlimmerHMM_glimmerT_4269-T1;GlimmerHMM}

# EVM prediction: Mode:STANDARD S-ratio: 2.01 2787-4325 orient(+) score(3078.00) noncoding_equivalent(1535.00) raw_noncoding(1535.00) offset(0.00) 
2787	4325	single+	1	3	{Augustus_model.g3690.t1;Augustus}

# EVM prediction: Mode:STANDARD S-ratio: 107.65 4350-6178 orient(-) score(5386.00) noncoding_equivalent(50.03) raw_noncoding(52.03) offset(2.00) 
4369	4350	terminal-	5	6	{Augustus_model.g3691.t1;Augustus}
4416	4370	INTRON			{Augustus_model.g3691.t1;Augustus}
6178	4417	initial-	4	4	{Augustus_model.g3691.t1;Augustus}

# EVM prediction: Mode:STANDARD S-ratio: 2.01 6405-7463 orient(+) score(2118.00) noncoding_equivalent(1055.51) raw_noncoding(1055.51) offset(0.00) 
6405	7463	single+	1	3	{Augustus_model.g3692.t1;Augustus},{GlimmerHMM_glimmerT_4272-T1;GlimmerHMM}

# EVM prediction: Mode:STANDARD S-ratio: 2.44 8091-8444 orient(-) score(1728.00) noncoding_equivalent(708.00) raw_noncoding(708.00) offset(0.00) 
8444	8091	single-	4	6	{HiQ_model.g3693.t1;HiQ},{GlimmerHMM_glimmerT_4273-T1;GlimmerHMM}

# EVM prediction: Mode:STANDARD S-ratio: 50.41 8758-9762 orient(+) score(2955.00) noncoding_equivalent(58.62) raw_noncoding(58.62) offset(0.00) 
8758	9762	single+	1	3	{GlimmerHMM_glimmerT_4274-T1;GlimmerHMM},{Augustus_model.g3694.t1;Augustus}

# EVM prediction: Mode:STANDARD S-ratio: 10.03 10136-10819 orient(+) score(1866.00) noncoding_equivalent(186.00) raw_noncoding(186.00) offset(0.00) 
10136	10819	single+	1	3	{GlimmerHMM_glimmerT_4275-T1;GlimmerHMM},{Augustus_model.g3695.t1;Augustus}

# EVM prediction: Mode:STANDARD S-ratio: 79.94 10916-11920 orient(-) score(2976.00) noncoding_equivalent(37.23) raw_noncoding(37.23) offset(0.00) 
11920	10916	single-	4	6	{GlimmerHMM_glimmerT_4276-T1;GlimmerHMM},{Augustus_model.g3696.t1;Augustus}

# EVM prediction: Mode:STANDARD S-ratio: 52.43 12466-14317 orient(-) score(5399.00) noncoding_equivalent(102.97) raw_noncoding(152.18) offset(49.21) 
13579	12466	terminal-	6	6	{Augustus_model.g3697.t1;Augustus}
13628	13580	INTRON			{Augustus_model.g3697.t1;Augustus}
14317	13629	initial-	4	5	{Augustus_model.g3697.t1;Augustus},{GlimmerHMM_glimmerT_4277-T1;GlimmerHMM}

# EVM prediction: Mode:STANDARD S-ratio: 68.84 14727-16580 orient(-) score(5481.00) noncoding_equivalent(79.62) raw_noncoding(79.62) offset(0.00) 
16580	14727	single-	4	6	{GlimmerHMM_glimmerT_4278-T1;GlimmerHMM},{Augustus_model.g3698.t1;Augustus}

# EVM prediction: Mode:STANDARD S-ratio: 269.25 17454-18542 orient(-) score(3253.00) noncoding_equivalent(12.08) raw_noncoding(12.08) offset(0.00) 
18542	17454	single-	4	6	{GlimmerHMM_glimmerT_4279-T1;GlimmerHMM},{Augustus_model.g3699.t1;Augustus}

# EVM prediction: Mode:STANDARD S-ratio: 39.82 18776-22834 orient(-) score(11879.00) noncoding_equivalent(298.33) raw_noncoding(298.33) offset(0.00) 
22834	18776	single-	4	6	{Augustus_model.g3700.t1;Augustus},{GlimmerHMM_glimmerT_4280-T1;GlimmerHMM}

# EVM prediction: Mode:STANDARD S-ratio: 10000.00 24342-28298 orient(+) score(11871.00) noncoding_equivalent(1.19) raw_noncoding(0.00) offset(0.00) 
24342	28298	single+	1	3	{GlimmerHMM_glimmerT_4281-T1;GlimmerHMM},{Augustus_model.g3701.t1;Augustus}

# EVM prediction: Mode:STANDARD S-ratio: 19.74 28441-29394 orient(-) score(2724.00) noncoding_equivalent(138.00) raw_noncoding(138.00) offset(0.00) 
29394	28441	single-	4	6	{Augustus_model.g3702.t1;Augustus}

# EVM prediction: Mode:STANDARD S-ratio: 2.00 30380-31303 orient(+) score(1848.00) noncoding_equivalent(924.00) raw_noncoding(924.00) offset(0.00) 
30380	31303	single+	1	3	{Augustus_model.g3703.t1;Augustus},{GlimmerHMM_glimmerT_4283-T1;GlimmerHMM}

# EVM prediction: Mode:STANDARD S-ratio: 69.12 31316-32998 orient(-) score(4977.00) noncoding_equivalent(72.00) raw_noncoding(72.00) offset(0.00) 
32998	31316	single-	4	6	{GlimmerHMM_glimmerT_4284-T1;GlimmerHMM},{Augustus_model.g3704.t1;Augustus}

# EVM prediction: Mode:STANDARD S-ratio: 885.65 33652-35157 orient(-) score(4511.00) noncoding_equivalent(5.09) raw_noncoding(5.09) offset(0.00) 
35157	33652	single-	4	6	{Augustus_model.g3705.t1;Augustus},{GlimmerHMM_glimmerT_4285-T1;GlimmerHMM}

# EVM prediction: Mode:STANDARD S-ratio: 80.09 35886-36785 orient(-) score(2665.00) noncoding_equivalent(33.28) raw_noncoding(33.28) offset(0.00) 
36785	35886	single-	4	6	{Augustus_model.g3706.t1;Augustus},{GlimmerHMM_glimmerT_4286-T1;GlimmerHMM}

# EVM prediction: Mode:STANDARD S-ratio: 180.20 37051-39768 orient(+) score(8109.00) noncoding_equivalent(45.00) raw_noncoding(45.00) offset(0.00) 
37051	39768	single+	1	3	{GlimmerHMM_glimmerT_4287-T1;GlimmerHMM},{Augustus_model.g3707.t1;Augustus}

# EVM prediction: Mode:STANDARD S-ratio: 153.33 40432-41670 orient(+) score(3691.00) noncoding_equivalent(24.07) raw_noncoding(24.07) offset(0.00) 
40432	41670	single+	1	3	{GlimmerHMM_glimmerT_4288-T1;GlimmerHMM},{Augustus_model.g3708.t1;Augustus}

# EVM prediction: Mode:STANDARD S-ratio: 13.71 41832-42296 orient(+) score(1344.00) noncoding_equivalent(98.00) raw_noncoding(147.00) offset(49.00) 
41832	41834	initial+	1	3	{GlimmerHMM_glimmerT_4289-T1;GlimmerHMM},{Augustus_model.g3709.t1;Augustus}
41835	41885	INTRON			{GlimmerHMM_glimmerT_4289-T1;GlimmerHMM},{Augustus_model.g3709.t1;Augustus}
41886	42296	terminal+	1	3	{snap_scaffold_4-snap.141-T1;snap},{GlimmerHMM_glimmerT_4289-T1;GlimmerHMM},{Augustus_model.g3709.t1;Augustus}

# EVM prediction: Mode:STANDARD S-ratio: 10000.00 42351-43886 orient(-) score(4608.00) noncoding_equivalent(0.46) raw_noncoding(0.00) offset(0.00) 
43886	42351	single-	4	6	{Augustus_model.g3710.t1;Augustus},{GlimmerHMM_glimmerT_4290-T1;GlimmerHMM}

# EVM prediction: Mode:STANDARD S-ratio: 27.95 44230-45432 orient(-) score(3483.00) noncoding_equivalent(124.60) raw_noncoding(124.60) offset(0.00) 
45432	44230	single-	4	6	{GlimmerHMM_glimmerT_4291-T1;GlimmerHMM},{Augustus_model.g3711.t1;Augustus}

# EVM prediction: Mode:STANDARD S-ratio: 2.47 45823-46475 orient(-) score(1368.00) noncoding_equivalent(553.81) raw_noncoding(555.81) offset(2.00) 
45985	45823	terminal-	6	6	{Augustus_model.g3712.t1;Augustus}
46176	45986	INTRON			{Augustus_model.g3712.t1;Augustus}
46475	46177	initial-	4	5	{Augustus_model.g3712.t1;Augustus}

# EVM prediction: Mode:STANDARD S-ratio: 57.44 46766-48994 orient(+) score(6495.00) noncoding_equivalent(113.07) raw_noncoding(113.07) offset(0.00) 
46766	48994	single+	1	3	{Augustus_model.g3713.t1;Augustus}

# EVM prediction: Mode:STANDARD S-ratio: 4.10 49081-49765 orient(-) score(1410.00) noncoding_equivalent(344.02) raw_noncoding(945.36) offset(601.35) 
49460	49081	terminal-	5	6	{Augustus_model.g3714.t1;Augustus},{snap_scaffold_4-snap.144-T1;snap}
49761	49461	INTRON			{snap_scaffold_4-snap.144-T1;snap}
49765	49762	initial-	4	4	{snap_scaffold_4-snap.144-T1;snap}

# EVM prediction: Mode:STANDARD S-ratio: 335.40 49896-51134 orient(-) score(3706.00) noncoding_equivalent(11.05) raw_noncoding(11.05) offset(0.00) 
51134	49896	single-	4	6	{GlimmerHMM_glimmerT_4295-T1;GlimmerHMM}

# EVM prediction: Mode:STANDARD S-ratio: 46.03 51421-51831 orient(-) score(1207.00) noncoding_equivalent(26.22) raw_noncoding(26.22) offset(0.00) 
51831	51421	single-	4	6	{Augustus_model.g3715.t1;Augustus},{GlimmerHMM_glimmerT_4296-T1;GlimmerHMM}

# EVM prediction: Mode:STANDARD S-ratio: 2.29 52410-54689 orient(+) score(4560.00) noncoding_equivalent(1994.47) raw_noncoding(1994.47) offset(0.00) 
52410	54689	single+	1	3	{GlimmerHMM_glimmerT_4297-T1;GlimmerHMM}

# EVM prediction: Mode:STANDARD S-ratio: 120.71 54815-57784 orient(-) score(8835.00) noncoding_equivalent(73.19) raw_noncoding(73.19) offset(0.00) 
57784	54815	single-	4	6	{Augustus_model.g3717.t1;Augustus}

# EVM prediction: Mode:STANDARD S-ratio: 14.85 58396-59346 orient(+) score(2673.00) noncoding_equivalent(180.00) raw_noncoding(180.00) offset(0.00) 
58396	59346	single+	1	3	{Augustus_model.g3718.t1;Augustus},{GlimmerHMM_glimmerT_4299-T1;GlimmerHMM}

# EVM prediction: Mode:STANDARD S-ratio: 10000.00 59632-61419 orient(+) score(5355.00) noncoding_equivalent(0.54) raw_noncoding(0.00) offset(0.00) 
59632	61419	single+	1	3	{GlimmerHMM_glimmerT_4300-T1;GlimmerHMM},{Augustus_model.g3719.t1;Augustus}

# EVM prediction: Mode:STANDARD S-ratio: 12.96 61685-62362 orient(+) score(1889.00) noncoding_equivalent(145.81) raw_noncoding(145.81) offset(0.00) 
61685	62362	single+	1	3	{GlimmerHMM_glimmerT_4301-T1;GlimmerHMM}

# EVM prediction: Mode:STANDARD S-ratio: 7.83 62805-63196 orient(+) score(956.00) noncoding_equivalent(122.09) raw_noncoding(272.41) offset(150.32) 
62805	63075	initial+	1	1	{GlimmerHMM_glimmerT_4302-T1;GlimmerHMM}
63076	63173	INTRON			{GlimmerHMM_glimmerT_4302-T1;GlimmerHMM}
63174	63196	terminal+	2	3	{GlimmerHMM_glimmerT_4302-T1;GlimmerHMM}

# EVM prediction: Mode:STANDARD S-ratio: 104.42 63661-64260 orient(+) score(1781.00) noncoding_equivalent(17.06) raw_noncoding(17.06) offset(0.00) 
63661	64260	single+	1	3	{GlimmerHMM_glimmerT_4303-T1;GlimmerHMM}

# EVM prediction: Mode:STANDARD S-ratio: 93.95 65013-65927 orient(+) score(3617.00) noncoding_equivalent(38.50) raw_noncoding(38.50) offset(0.00) 
65013	65927	single+	1	3	{Augustus_model.g3721.t1;Augustus},{GlimmerHMM_glimmerT_4304-T1;GlimmerHMM}

# EVM prediction: Mode:STANDARD S-ratio: 11.19 66175-67137 orient(+) score(2652.00) noncoding_equivalent(237.00) raw_noncoding(237.00) offset(0.00) 
66175	67137	single+	1	3	{GlimmerHMM_glimmerT_4305-T1;GlimmerHMM}

# EVM prediction: Mode:STANDARD S-ratio: 2.02 67251-67817 orient(-) score(1134.00) noncoding_equivalent(561.92) raw_noncoding(561.92) offset(0.00) 
67817	67251	single-	4	6	{Augustus_model.g3723.t1;Augustus},{GlimmerHMM_glimmerT_4306-T1;GlimmerHMM}

# EVM prediction: Mode:STANDARD S-ratio: 8.17 68135-68873 orient(+) score(1915.00) noncoding_equivalent(234.31) raw_noncoding(249.23) offset(14.92) 
68135	68368	initial+	1	3	{GlimmerHMM_glimmerT_4307-T1;GlimmerHMM}
68369	68435	INTRON			{GlimmerHMM_glimmerT_4307-T1;GlimmerHMM}
68436	68873	terminal+	1	3	{GlimmerHMM_glimmerT_4307-T1;GlimmerHMM}

# EVM prediction: Mode:STANDARD S-ratio: 111.50 69038-69757 orient(+) score(2139.00) noncoding_equivalent(19.18) raw_noncoding(19.18) offset(0.00) 
69038	69757	single+	1	3	{Augustus_model.g3725.t1;Augustus},{GlimmerHMM_glimmerT_4308-T1;GlimmerHMM}

# EVM prediction: Mode:STANDARD S-ratio: 4.78 69843-70500 orient(-) score(1610.00) noncoding_equivalent(336.65) raw_noncoding(536.37) offset(199.71) 
70288	69843	terminal-	5	6	{GlimmerHMM_glimmerT_4309-T1;GlimmerHMM},{Augustus_model.g3726.t1;Augustus}
70337	70289	INTRON			{GlimmerHMM_glimmerT_4309-T1;GlimmerHMM},{Augustus_model.g3726.t1;Augustus}
70398	70338	internal-	4	4	{Augustus_model.g3726.t1;Augustus}
70473	70399	INTRON			{Augustus_model.g3726.t1;Augustus}
70500	70474	initial-	4	6	{Augustus_model.g3726.t1;Augustus}

# EVM prediction: Mode:STANDARD S-ratio: 10000.00 70621-72444 orient(-) score(5472.00) noncoding_equivalent(0.55) raw_noncoding(0.00) offset(0.00) 
72444	70621	single-	4	6	{GlimmerHMM_glimmerT_4310-T1;GlimmerHMM},{Augustus_model.g3727.t1;Augustus}

# EVM prediction: Mode:STANDARD S-ratio: 5.32 72869-74434 orient(+) score(4559.00) noncoding_equivalent(856.89) raw_noncoding(856.89) offset(0.00) 
72869	74434	single+	1	3	{Augustus_model.g3728.t1;Augustus}

# EVM prediction: Mode:STANDARD S-ratio: 10000.00 74760-76598 orient(+) score(5517.00) noncoding_equivalent(0.55) raw_noncoding(0.00) offset(0.00) 
74760	76598	single+	1	3	{GlimmerHMM_glimmerT_4312-T1;GlimmerHMM},{Augustus_model.g3729.t1;Augustus}

# EVM prediction: Mode:STANDARD S-ratio: 10000.00 76629-77732 orient(-) score(3312.00) noncoding_equivalent(0.33) raw_noncoding(0.00) offset(0.00) 
77732	76629	single-	4	6	{GlimmerHMM_glimmerT_4313-T1;GlimmerHMM},{Augustus_model.g3730.t1;Augustus}

# EVM prediction: Mode:STANDARD S-ratio: 2.00 77965-79770 orient(+) score(3612.00) noncoding_equivalent(1801.61) raw_noncoding(1801.61) offset(0.00) 
77965	79770	single+	1	3	{Augustus_model.g3731.t1;Augustus},{GlimmerHMM_glimmerT_4314-T1;GlimmerHMM}

# EVM prediction: Mode:STANDARD S-ratio: 92.86 79861-80517 orient(-) score(1950.00) noncoding_equivalent(21.00) raw_noncoding(21.00) offset(0.00) 
80517	79861	single-	4	6	{GlimmerHMM_glimmerT_4315-T1;GlimmerHMM},{Augustus_model.g3732.t1;Augustus}

# EVM prediction: Mode:STANDARD S-ratio: 10000.00 80719-81906 orient(-) score(3564.00) noncoding_equivalent(0.36) raw_noncoding(0.00) offset(0.00) 
81906	80719	single-	4	6	{GlimmerHMM_glimmerT_4316-T1;GlimmerHMM},{Augustus_model.g3733.t1;Augustus}

# EVM prediction: Mode:STANDARD S-ratio: 36.77 82058-83992 orient(-) score(5653.00) noncoding_equivalent(153.76) raw_noncoding(153.76) offset(0.00) 
83992	82058	single-	4	6	{GlimmerHMM_glimmerT_4317-T1;GlimmerHMM},{Augustus_model.g3734.t1;Augustus}

# EVM prediction: Mode:STANDARD S-ratio: 682.25 84331-87063 orient(+) score(8187.00) noncoding_equivalent(12.00) raw_noncoding(12.00) offset(0.00) 
84331	87063	single+	1	3	{GlimmerHMM_glimmerT_4318-T1;GlimmerHMM},{Augustus_model.g3735.t1;Augustus}

# EVM prediction: Mode:STANDARD S-ratio: 16.66 87320-87907 orient(+) score(1665.00) noncoding_equivalent(99.93) raw_noncoding(99.93) offset(0.00) 
87320	87907	single+	1	3	{GlimmerHMM_glimmerT_4319-T1;GlimmerHMM},{Augustus_model.g3736.t1;Augustus}

# EVM prediction: Mode:STANDARD S-ratio: 153.59 88041-90686 orient(+) score(7887.00) noncoding_equivalent(51.35) raw_noncoding(51.35) offset(0.00) 
88041	90686	single+	1	3	{Augustus_model.g3737.t1;Augustus},{GlimmerHMM_glimmerT_4320-T1;GlimmerHMM}

# EVM prediction: Mode:STANDARD S-ratio: 51.70 90886-91965 orient(+) score(3177.00) noncoding_equivalent(61.45) raw_noncoding(61.45) offset(0.00) 
90886	91965	single+	1	3	{GlimmerHMM_glimmerT_4321-T1;GlimmerHMM},{Augustus_model.g3738.t1;Augustus}

# EVM prediction: Mode:STANDARD S-ratio: 425.43 92161-94884 orient(+) score(8152.00) noncoding_equivalent(19.16) raw_noncoding(19.16) offset(0.00) 
92161	94884	single+	1	3	{Augustus_model.g3739.t1;Augustus},{GlimmerHMM_glimmerT_4322-T1;GlimmerHMM}

# EVM prediction: Mode:STANDARD S-ratio: 58.26 94981-95997 orient(+) score(3000.00) noncoding_equivalent(51.49) raw_noncoding(51.49) offset(0.00) 
94981	95997	single+	1	3	{GlimmerHMM_glimmerT_4323-T1;GlimmerHMM},{Augustus_model.g3740.t1;Augustus}

# EVM prediction: Mode:STANDARD S-ratio: 419.67 96157-97341 orient(+) score(4729.00) noncoding_equivalent(11.27) raw_noncoding(11.27) offset(0.00) 
96157	97341	single+	1	3	{GlimmerHMM_glimmerT_4324-T1;GlimmerHMM}

# EVM prediction: Mode:STANDARD S-ratio: 33.54 97572-98398 orient(+) score(2381.00) noncoding_equivalent(71.00) raw_noncoding(100.00) offset(29.00) 
97572	97575	initial+	1	1	{snap_scaffold_4-snap.162-T1;snap}
97576	97604	INTRON			{snap_scaffold_4-snap.162-T1;snap}
97605	98398	terminal+	2	3	{snap_scaffold_4-snap.162-T1;snap}

