# EVM prediction: Mode:STANDARD S-ratio: 2.00 466-1215 orient(-) score(1468.00) noncoding_equivalent(735.00) raw_noncoding(735.00) offset(0.00)
1215	466	initial-	4	6	{GlimmerHMM_glimmerT_5396-T1;GlimmerHMM}

# EVM prediction: Mode:STANDARD S-ratio: 307.49 5412-6785 orient(+) score(6843.00) noncoding_equivalent(22.25) raw_noncoding(22.25) offset(0.00)
5412	6785	single+	1	3	{GlimmerHMM_glimmerT_5397-T1;GlimmerHMM},{Augustus_model.g4833.t1;Augustus}

# EVM prediction: Mode:STANDARD S-ratio: 1648.21 7293-8546 orient(+) score(5011.00) noncoding_equivalent(3.04) raw_noncoding(3.04) offset(0.00)
7293	8546	single+	1	3	{Augustus_model.g4834.t1;Augustus},{GlimmerHMM_glimmerT_5398-T1;GlimmerHMM}

# EVM prediction: Mode:STANDARD S-ratio: 904.50 9020-10168 orient(+) score(4589.00) noncoding_equivalent(5.07) raw_noncoding(5.07) offset(0.00)
9020	10168	single+	1	3	{GlimmerHMM_glimmerT_5399-T1;GlimmerHMM},{Augustus_model.g4835.t1;Augustus}

# EVM prediction: Mode:STANDARD S-ratio: 2.00 10455-11030 orient(+) score(1152.00) noncoding_equivalent(576.00) raw_noncoding(576.00) offset(0.00)
10455	11030	single+	1	3	{Augustus_model.g4836.t1;Augustus},{GlimmerHMM_glimmerT_5400-T1;GlimmerHMM}

# EVM prediction: Mode:STANDARD S-ratio: 32.30 11340-12842 orient(+) score(4374.00) noncoding_equivalent(135.44) raw_noncoding(135.44) offset(0.00)
11340	12842	single+	1	3	{GlimmerHMM_glimmerT_5401-T1;GlimmerHMM}

# EVM prediction: Mode:STANDARD S-ratio: 65.75 13154-15789 orient(+) score(7700.00) noncoding_equivalent(117.11) raw_noncoding(206.43) offset(89.32)
13154	13159	initial+	1	3	{snap_scaffold_16-snap.6-T1;snap}
13160	13248	INTRON			{snap_scaffold_16-snap.6-T1;snap}
13249	15789	terminal+	1	3	{snap_scaffold_16-snap.6-T1;snap}

# EVM prediction: Mode:STANDARD S-ratio: 6.67 16074-16610 orient(+) score(1401.00) noncoding_equivalent(210.00) raw_noncoding(210.00) offset(0.00)
16074	16610	single+	1	3	{Augustus_model.g4838.t1;Augustus},{GlimmerHMM_glimmerT_5403-T1;GlimmerHMM}

# EVM prediction: Mode:STANDARD S-ratio: 5.00 16739-18880 orient(-) score(10710.00) noncoding_equivalent(2142.00) raw_noncoding(2142.00) offset(0.00)
18880	16739	single-	4	6	{GlimmerHMM_glimmerT_5404-T1;GlimmerHMM},{HiQ_model.g4839.t1;HiQ}

# EVM prediction: Mode:STANDARD S-ratio: 2.80 19685-22045 orient(+) score(6954.00) noncoding_equivalent(2484.84) raw_noncoding(2484.84) offset(0.00)
19685	22045	single+	1	3	{GlimmerHMM_glimmerT_5405-T1;GlimmerHMM}

# EVM prediction: Mode:STANDARD S-ratio: 163.89 22333-25470 orient(+) score(12474.00) noncoding_equivalent(76.11) raw_noncoding(76.11) offset(0.00)
22333	25470	single+	1	3	{GlimmerHMM_glimmerT_5406-T1;GlimmerHMM}

# EVM prediction: Mode:STANDARD S-ratio: 3.80 25610-26350 orient(-) score(3519.00) noncoding_equivalent(927.00) raw_noncoding(927.00) offset(0.00)
26350	25610	single-	4	6	{GlimmerHMM_glimmerT_5407-T1;GlimmerHMM},{HiQ_model.g4841.t1;HiQ}

# EVM prediction: Mode:STANDARD S-ratio: 4.97 26564-28540 orient(-) score(9875.00) noncoding_equivalent(1985.08) raw_noncoding(1985.08) offset(0.00)
28540	26564	single-	4	6	{GlimmerHMM_glimmerT_5408-T1;GlimmerHMM},{HiQ_model.g4842.t1;HiQ}

# EVM prediction: Mode:STANDARD S-ratio: 13.71 28745-31071 orient(-) score(6676.00) noncoding_equivalent(487.09) raw_noncoding(748.00) offset(260.91)
30584	28745	terminal-	6	6	{Augustus_model.g4843.t1;Augustus}
30736	30585	INTRON			{Augustus_model.g4843.t1;Augustus}
31071	30737	initial-	4	5	{Augustus_model.g4843.t1;Augustus}

# EVM prediction: Mode:STANDARD S-ratio: 17.01 31171-31548 orient(+) score(1384.00) noncoding_equivalent(81.36) raw_noncoding(81.36) offset(0.00)
31171	31548	single+	1	3	{Augustus_model.g4844.t1;Augustus}

# EVM prediction: Mode:STANDARD S-ratio: 3.60 31605-32117 orient(-) score(2409.00) noncoding_equivalent(669.00) raw_noncoding(669.00) offset(0.00)
32117	31605	single-	4	6	{HiQ_model.g4845.t1;HiQ},{GlimmerHMM_glimmerT_5412-T1;GlimmerHMM}

# EVM prediction: Mode:STANDARD S-ratio: 5.00 32354-34717 orient(-) score(11815.00) noncoding_equivalent(2363.00) raw_noncoding(2363.00) offset(0.00)
34717	32354	single-	4	6	{GlimmerHMM_glimmerT_5413-T1;GlimmerHMM},{HiQ_model.g4846.t1;HiQ}

# EVM prediction: Mode:STANDARD S-ratio: 3.00 34955-36202 orient(+) score(3744.00) noncoding_equivalent(1246.00) raw_noncoding(1246.00) offset(0.00)
34955	36202	single+	1	3	{Augustus_model.g4847.t1;Augustus},{GlimmerHMM_glimmerT_5414-T1;GlimmerHMM}

# EVM prediction: Mode:STANDARD S-ratio: 68.59 36476-39034 orient(+) score(10083.00) noncoding_equivalent(147.00) raw_noncoding(147.00) offset(0.00)
36476	39034	single+	1	3	{GlimmerHMM_glimmerT_5415-T1;GlimmerHMM},{Augustus_model.g4848.t1;Augustus}

# EVM prediction: Mode:STANDARD S-ratio: 3.81 39405-41141 orient(-) score(8256.00) noncoding_equivalent(2166.00) raw_noncoding(2166.00) offset(0.00)
41141	39405	single-	4	6	{GlimmerHMM_glimmerT_5416-T1;GlimmerHMM},{HiQ_model.g4849.t1;HiQ}

# EVM prediction: Mode:STANDARD S-ratio: 58.36 42293-43123 orient(-) score(2451.00) noncoding_equivalent(42.00) raw_noncoding(42.00) offset(0.00)
43123	42293	single-	4	6	{Augustus_model.g4850.t1;Augustus},{GlimmerHMM_glimmerT_5417-T1;GlimmerHMM}

# EVM prediction: Mode:STANDARD S-ratio: 4.95 45274-46776 orient(+) score(7502.00) noncoding_equivalent(1514.07) raw_noncoding(1514.07) offset(0.00)
45274	46776	single+	1	3	{GlimmerHMM_glimmerT_5418-T1;GlimmerHMM},{HiQ_model.g4851.t1;HiQ}

# EVM prediction: Mode:STANDARD S-ratio: 2.00 47501-48301 orient(+) score(1602.00) noncoding_equivalent(801.00) raw_noncoding(801.00) offset(0.00)
47501	48301	single+	1	3	{Augustus_model.g4852.t1;Augustus},{GlimmerHMM_glimmerT_5419-T1;GlimmerHMM}

# EVM prediction: Mode:STANDARD S-ratio: 4.86 48514-49623 orient(-) score(5522.00) noncoding_equivalent(1136.26) raw_noncoding(1136.26) offset(0.00)
49623	48514	single-	4	6	{HiQ_model.g4853.t1;HiQ},{GlimmerHMM_glimmerT_5420-T1;GlimmerHMM}

# EVM prediction: Mode:STANDARD S-ratio: 10000.00 49897-52854 orient(+) score(11832.00) noncoding_equivalent(1.18) raw_noncoding(0.00) offset(0.00)
49897	52854	single+	1	3	{GlimmerHMM_glimmerT_5421-T1;GlimmerHMM},{Augustus_model.g4854.t1;Augustus}

# EVM prediction: Mode:STANDARD S-ratio: 23.60 53139-54005 orient(+) score(3327.00) noncoding_equivalent(141.00) raw_noncoding(141.00) offset(0.00)
53139	54005	single+	1	3	{GlimmerHMM_glimmerT_5422-T1;GlimmerHMM},{Augustus_model.g4855.t1;Augustus}

# EVM prediction: Mode:STANDARD S-ratio: 5.00 54123-55355 orient(-) score(6165.00) noncoding_equivalent(1233.00) raw_noncoding(1233.00) offset(0.00)
55355	54123	single-	4	6	{GlimmerHMM_glimmerT_5423-T1;GlimmerHMM},{HiQ_model.g4856.t1;HiQ}

# EVM prediction: Mode:STANDARD S-ratio: 2.02 56107-56613 orient(+) score(1012.00) noncoding_equivalent(500.14) raw_noncoding(500.14) offset(0.00)
56107	56613	single+	1	3	{GlimmerHMM_glimmerT_5424-T1;GlimmerHMM},{Augustus_model.g4857.t1;Augustus}

# EVM prediction: Mode:STANDARD S-ratio: 4.37 56698-57840 orient(-) score(5571.00) noncoding_equivalent(1275.00) raw_noncoding(1275.00) offset(0.00)
57840	56698	single-	4	6	{GlimmerHMM_glimmerT_5425-T1;GlimmerHMM},{HiQ_model.g4858.t1;HiQ}

# EVM prediction: Mode:STANDARD S-ratio: 4.93 58093-60375 orient(-) score(11383.00) noncoding_equivalent(2309.00) raw_noncoding(2309.00) offset(0.00)
60375	58093	single-	4	6	{HiQ_model.g4859.t1;HiQ}

# EVM prediction: Mode:STANDARD S-ratio: 1.00 60628-61090 orient(+) score(926.00) noncoding_equivalent(923.69) raw_noncoding(1032.69) offset(109.00)
60628	60729	initial+	1	3	{GlimmerHMM_glimmerT_5427-T1;GlimmerHMM}
60730	60838	INTRON			{GlimmerHMM_glimmerT_5427-T1;GlimmerHMM},{ev_type:exonerate/ID=match.111469.2812/Target=YAL030W;exonerate}
60839	61090	terminal+	1	3	{GlimmerHMM_glimmerT_5427-T1;GlimmerHMM}

# EVM prediction: Mode:STANDARD S-ratio: 91.60 61170-65585 orient(-) score(13099.00) noncoding_equivalent(143.00) raw_noncoding(143.00) offset(0.00)
65585	61170	single-	4	6	{Augustus_model.g4860.t1;Augustus},{GlimmerHMM_glimmerT_5428-T1;GlimmerHMM}

# EVM prediction: Mode:STANDARD S-ratio: 104.57 66212-67810 orient(+) score(4750.00) noncoding_equivalent(45.42) raw_noncoding(45.42) offset(0.00)
66212	67810	single+	1	3	{GlimmerHMM_glimmerT_5429-T1;GlimmerHMM}

# EVM prediction: Mode:STANDARD S-ratio: 8.43 68007-68795 orient(+) score(2814.00) noncoding_equivalent(333.84) raw_noncoding(333.84) offset(0.00)
68007	68795	single+	1	3	{GlimmerHMM_glimmerT_5430-T1;GlimmerHMM}

# EVM prediction: Mode:STANDARD S-ratio: 4.96 68960-73027 orient(-) score(20310.00) noncoding_equivalent(4096.25) raw_noncoding(4096.25) offset(0.00)
73027	68960	single-	4	6	{HiQ_model.g4862.t1;HiQ},{GlimmerHMM_glimmerT_5431-T1;GlimmerHMM}

# EVM prediction: Mode:STANDARD S-ratio: 4.14 73541-74452 orient(-) score(4407.00) noncoding_equivalent(1065.00) raw_noncoding(1065.00) offset(0.00)
74452	73541	single-	4	6	{HiQ_model.g4863.t1;HiQ},{GlimmerHMM_glimmerT_5432-T1;GlimmerHMM}

# EVM prediction: Mode:STANDARD S-ratio: 60.74 74865-79187 orient(-) score(12756.00) noncoding_equivalent(210.00) raw_noncoding(210.00) offset(0.00)
79187	74865	single-	4	6	{GlimmerHMM_glimmerT_5433-T1;GlimmerHMM},{Augustus_model.g4864.t1;Augustus}

# EVM prediction: Mode:STANDARD S-ratio: 4.82 79569-81848 orient(-) score(11331.00) noncoding_equivalent(2349.00) raw_noncoding(2349.00) offset(0.00)
81848	79569	single-	4	6	{HiQ_model.g4865.t1;HiQ},{GlimmerHMM_glimmerT_5434-T1;GlimmerHMM}

# EVM prediction: Mode:STANDARD S-ratio: 4.97 82165-83748 orient(-) score(7888.00) noncoding_equivalent(1587.20) raw_noncoding(1587.20) offset(0.00)
83748	82165	single-	4	6	{GlimmerHMM_glimmerT_5435-T1;GlimmerHMM},{HiQ_model.g4866.t1;HiQ}

# EVM prediction: Mode:STANDARD S-ratio: 9.75 84113-87866 orient(-) score(12107.00) noncoding_equivalent(1242.12) raw_noncoding(1824.00) offset(581.88)
86668	84113	terminal-	4	6	{Augustus_model.g4867.t1;Augustus}
87086	86669	INTRON			{Augustus_model.g4867.t1;Augustus}
87866	87087	initial-	4	6	{Augustus_model.g4867.t1;Augustus}

# EVM prediction: Mode:STANDARD S-ratio: 10000.00 88163-91543 orient(+) score(13517.00) noncoding_equivalent(1.35) raw_noncoding(0.00) offset(0.00)
88163	91543	single+	1	3	{GlimmerHMM_glimmerT_5438-T1;GlimmerHMM},{Augustus_model.g4868.t1;Augustus}

# EVM prediction: Mode:STANDARD S-ratio: 4.89 91753-92736 orient(-) score(4896.00) noncoding_equivalent(1002.00) raw_noncoding(1002.00) offset(0.00)
92736	91753	single-	4	6	{HiQ_model.g4869.t1;HiQ},{GlimmerHMM_glimmerT_5439-T1;GlimmerHMM}

# EVM prediction: Mode:STANDARD S-ratio: 10000.00 93373-97425 orient(+) score(12159.00) noncoding_equivalent(1.22) raw_noncoding(0.00) offset(0.00)
93373	97425	single+	1	3	{Augustus_model.g4870.t1;Augustus},{GlimmerHMM_glimmerT_5440-T1;GlimmerHMM}

# EVM prediction: Mode:STANDARD S-ratio: 52.79 98003-99898 orient(+) score(7443.00) noncoding_equivalent(141.00) raw_noncoding(141.00) offset(0.00)
98003	99898	single+	1	3	{Augustus_model.g4871.t1;Augustus},{GlimmerHMM_glimmerT_5441-T1;GlimmerHMM}

# EVM prediction: Mode:STANDARD S-ratio: 71.83 99992-101155 orient(-) score(3441.00) noncoding_equivalent(47.91) raw_noncoding(47.91) offset(0.00)
101155	99992	single-	4	6	{GlimmerHMM_glimmerT_5442-T1;GlimmerHMM}

# EVM prediction: Mode:STANDARD S-ratio: 52.29 101310-102065 orient(-) score(2217.00) noncoding_equivalent(42.40) raw_noncoding(42.40) offset(0.00)
102065	101310	single-	4	6	{GlimmerHMM_glimmerT_5443-T1;GlimmerHMM}

# EVM prediction: Mode:STANDARD S-ratio: 886.02 102299-103492 orient(+) score(3578.00) noncoding_equivalent(4.04) raw_noncoding(4.04) offset(0.00)
102299	103492	single+	1	3	{GlimmerHMM_glimmerT_5444-T1;GlimmerHMM}

# EVM prediction: Mode:STANDARD S-ratio: 134.89 103785-104969 orient(+) score(4704.00) noncoding_equivalent(34.87) raw_noncoding(34.87) offset(0.00)
103785	104969	single+	1	3	{GlimmerHMM_glimmerT_5445-T1;GlimmerHMM}

# EVM prediction: Mode:STANDARD S-ratio: 265.35 105185-107098 orient(+) score(5719.00) noncoding_equivalent(21.55) raw_noncoding(21.55) offset(0.00)
105185	107098	single+	1	3	{Augustus_model.g4874.t1;Augustus},{GlimmerHMM_glimmerT_5446-T1;GlimmerHMM}

# EVM prediction: Mode:STANDARD S-ratio: 4.92 107195-108664 orient(-) score(7329.00) noncoding_equivalent(1491.00) raw_noncoding(1491.00) offset(0.00)
108664	107195	single-	4	6	{HiQ_model.g4875.t1;HiQ},{GlimmerHMM_glimmerT_5447-T1;GlimmerHMM}

# EVM prediction: Mode:STANDARD S-ratio: 2.98 108860-109639 orient(+) score(2336.00) noncoding_equivalent(784.02) raw_noncoding(784.02) offset(0.00)
108860	109639	single+	1	3	{GlimmerHMM_glimmerT_5448-T1;GlimmerHMM}

# EVM prediction: Mode:STANDARD S-ratio: 21.48 109933-110520 orient(+) score(1684.00) noncoding_equivalent(78.42) raw_noncoding(78.42) offset(0.00)
109933	110520	single+	1	3	{GlimmerHMM_glimmerT_5449-T1;GlimmerHMM}

# EVM prediction: Mode:STANDARD S-ratio: 4.25 110705-111352 orient(-) score(3146.00) noncoding_equivalent(740.94) raw_noncoding(740.94) offset(0.00)
111352	110705	single-	4	6	{HiQ_model.g4877.t1;HiQ},{GlimmerHMM_glimmerT_5450-T1;GlimmerHMM}

# EVM prediction: Mode:STANDARD S-ratio: 6.94 113000-114937 orient(-) score(13445.00) noncoding_equivalent(1937.04) raw_noncoding(1937.04) offset(0.00)
114937	113000	single-	4	6	{HiQ_model.g4878.t1;HiQ},{GlimmerHMM_glimmerT_5451-T1;GlimmerHMM}

# EVM prediction: Mode:STANDARD S-ratio: 4.53 115682-116652 orient(+) score(3460.00) noncoding_equivalent(764.00) raw_noncoding(1104.00) offset(340.00)
115682	115761	initial+	1	2	{Augustus_model.g4879.t1;Augustus},{GlimmerHMM_glimmerT_5452-T1;GlimmerHMM}
115762	116105	INTRON			{Augustus_model.g4879.t1;Augustus},{GlimmerHMM_glimmerT_5452-T1;GlimmerHMM},{ev_type:exonerate/ID=match.111469.1059/Target=YAL003W;exonerate}
116106	116652	terminal+	3	3	{snap_scaffold_16-snap.48-T1;snap},{Augustus_model.g4879.t1;Augustus},{GlimmerHMM_glimmerT_5452-T1;GlimmerHMM}

# EVM prediction: Mode:STANDARD S-ratio: 504.15 117188-121006 orient(+) score(15237.00) noncoding_equivalent(30.22) raw_noncoding(30.22) offset(0.00)
117188	121006	single+	1	3	{GlimmerHMM_glimmerT_5453-T1;GlimmerHMM},{Augustus_model.g4880.t1;Augustus}

# EVM prediction: Mode:STANDARD S-ratio: 4.70 121097-124678 orient(-) score(17496.00) noncoding_equivalent(3718.84) raw_noncoding(3993.00) offset(274.16)
124515	121097	terminal-	5	6	{snap_scaffold_16-snap.50-T1;snap},{HiQ_model.g4881.t1;HiQ}
124608	124516	INTRON			{HiQ_model.g4881.t1;HiQ},{ev_type:exonerate/ID=match.111469.1699/Target=YAL001C;exonerate}
124678	124609	initial-	4	4	{HiQ_model.g4881.t1;HiQ}

# EVM prediction: Mode:STANDARD S-ratio: 43.34 125635-127221 orient(+) score(4649.00) noncoding_equivalent(107.28) raw_noncoding(107.28) offset(0.00)
125635	127221	single+	1	3	{GlimmerHMM_glimmerT_5455-T1;GlimmerHMM},{Augustus_model.g4882.t1;Augustus}

# EVM prediction: Mode:STANDARD S-ratio: 2.01 127409-128068 orient(-) score(2640.00) noncoding_equivalent(1313.15) raw_noncoding(1313.15) offset(0.00)
128068	127409	single-	4	6	{GlimmerHMM_glimmerT_5456-T1;GlimmerHMM},{HiQ_model.g4883.t1;HiQ}

# EVM prediction: Mode:STANDARD S-ratio: 10000.00 128346-129632 orient(+) score(5139.00) noncoding_equivalent(0.51) raw_noncoding(0.00) offset(0.00)
128346	129632	single+	1	3	{GlimmerHMM_glimmerT_5457-T1;GlimmerHMM},{Augustus_model.g4884.t1;Augustus}

# EVM prediction: Mode:STANDARD S-ratio: 4.83 130191-132056 orient(-) score(9273.00) noncoding_equivalent(1921.26) raw_noncoding(1921.26) offset(0.00)
132056	130191	single-	4	6	{HiQ_model.g4885.t1;HiQ},{GlimmerHMM_glimmerT_5458-T1;GlimmerHMM}

# EVM prediction: Mode:STANDARD S-ratio: 2.93 132336-133238 orient(+) score(2634.00) noncoding_equivalent(897.45) raw_noncoding(897.45) offset(0.00)
132336	133238	single+	1	3	{Augustus_model.g4886.t1;Augustus},{GlimmerHMM_glimmerT_5459-T1;GlimmerHMM}

# EVM prediction: Mode:STANDARD S-ratio: 3.42 137766-138512 orient(-) score(1734.00) noncoding_equivalent(507.00) raw_noncoding(507.00) offset(0.00)
138512	137766	single-	4	6	{GlimmerHMM_glimmerT_5461-T1;GlimmerHMM},{Augustus_model.g4887.t1;Augustus}

# EVM prediction: Mode:STANDARD S-ratio: 2170.95 144056-146248 orient(-) score(6574.00) noncoding_equivalent(3.03) raw_noncoding(3.03) offset(0.00)
146248	144056	single-	4	6	{Augustus_model.g4888.t1;Augustus},{GlimmerHMM_glimmerT_5462-T1;GlimmerHMM}

# EVM prediction: Mode:STANDARD S-ratio: 278.72 146731-147651 orient(+) score(3669.00) noncoding_equivalent(13.16) raw_noncoding(13.16) offset(0.00)
146731	147651	single+	1	3	{Augustus_model.g4889.t1;Augustus},{GlimmerHMM_glimmerT_5463-T1;GlimmerHMM}

# EVM prediction: Mode:STANDARD S-ratio: 227.11 147765-149081 orient(-) score(5243.00) noncoding_equivalent(23.09) raw_noncoding(23.09) offset(0.00)
149081	147765	single-	4	6	{GlimmerHMM_glimmerT_5464-T1;GlimmerHMM}

# EVM prediction: Mode:STANDARD S-ratio: 71.62 149610-152525 orient(-) score(8622.00) noncoding_equivalent(120.39) raw_noncoding(120.39) offset(0.00)
152525	149610	single-	4	6	{GlimmerHMM_glimmerT_5465-T1;GlimmerHMM}

# EVM prediction: Mode:STANDARD S-ratio: 11.42 155075-155440 orient(-) score(8243.00) noncoding_equivalent(722.00) raw_noncoding(722.00) offset(0.00)
155440	155075	single-	4	6	{GlimmerHMM_glimmerT_5467-T1;GlimmerHMM},{HiQ_model.g4891.t1;HiQ}

# EVM prediction: Mode:STANDARD S-ratio: 1.48 156161-156964 orient(-) score(1193.00) noncoding_equivalent(808.01) raw_noncoding(1629.34) offset(821.32)
156549	156161	terminal-	5	6	{snap_scaffold_16-snap.59-T1;snap},{GlimmerHMM_glimmerT_5469-T1;GlimmerHMM}
156960	156550	INTRON			{snap_scaffold_16-snap.59-T1;snap}
156964	156961	initial-	4	4	{snap_scaffold_16-snap.59-T1;snap}

# EVM prediction: Mode:STANDARD S-ratio: 10000.00 162276-163013 orient(+) score(2214.00) noncoding_equivalent(0.22) raw_noncoding(0.00) offset(0.00)
162276	163013	single+	1	3	{Augustus_model.g4892.t1;Augustus},{GlimmerHMM_glimmerT_5470-T1;GlimmerHMM}

# EVM prediction: Mode:STANDARD S-ratio: 2.53 163770-166173 orient(+) score(5844.00) noncoding_equivalent(2305.87) raw_noncoding(2386.10) offset(80.22)
163770	164431	initial+	1	2	{GlimmerHMM_glimmerT_5471-T1;GlimmerHMM}
164432	164789	INTRON			{GlimmerHMM_glimmerT_5471-T1;GlimmerHMM}
164790	166173	terminal+	3	3	{GlimmerHMM_glimmerT_5471-T1;GlimmerHMM}

# EVM prediction: Mode:STANDARD S-ratio: 10000.00 167172-170642 orient(+) score(10413.00) noncoding_equivalent(1.04) raw_noncoding(0.00) offset(0.00)
167172	170642	single+	1	3	{GlimmerHMM_glimmerT_5472-T1;GlimmerHMM},{Augustus_model.g4894.t1;Augustus}

