# EVM prediction: Mode:STANDARD S-ratio: 10000.00 15483-17636 orient(-) score(4308.00) noncoding_equivalent(0.43) raw_noncoding(0.00) offset(0.00)
17636	15483	single-	4	6	{Augustus_gene1171.t1;Augustus}

# EVM prediction: Mode:STANDARD S-ratio: 10000.00 20164-21618 orient(-) score(2910.00) noncoding_equivalent(0.29) raw_noncoding(0.00) offset(0.00)
21618	20164	single-	4	6	{Augustus_gene13.t1;Augustus}

# EVM prediction: Mode:STANDARD S-ratio: 10000.00 22605-25682 orient(+) score(6156.00) noncoding_equivalent(0.62) raw_noncoding(0.00) offset(0.00)
22605	25682	single+	1	3	{Augustus_gene712.t1;Augustus}

# EVM prediction: Mode:STANDARD S-ratio: 10000.00 31933-32682 orient(+) score(1500.00) noncoding_equivalent(0.15) raw_noncoding(0.00) offset(0.00)
31933	32682	single+	1	3	{Augustus_gene789.t1;Augustus}

# EVM prediction: Mode:STANDARD S-ratio: 10000.00 33765-37055 orient(+) score(6582.00) noncoding_equivalent(0.66) raw_noncoding(0.00) offset(0.00)
33765	37055	single+	1	3	{Augustus_gene290.t1;Augustus}

# EVM prediction: Mode:STANDARD S-ratio: 10000.00 60930-61532 orient(-) score(1206.00) noncoding_equivalent(0.12) raw_noncoding(0.00) offset(0.00)
61532	60930	single-	4	6	{Augustus_gene900.t1;Augustus}

# EVM prediction: Mode:STANDARD S-ratio: 10000.00 61972-63006 orient(+) score(2070.00) noncoding_equivalent(0.21) raw_noncoding(0.00) offset(0.00)
61972	63006	single+	1	3	{Augustus_gene1001.t1;Augustus}

# EVM prediction: Mode:STANDARD S-ratio: 10000.00 64807-65826 orient(-) score(2040.00) noncoding_equivalent(0.20) raw_noncoding(0.00) offset(0.00)
65826	64807	single-	4	6	{Augustus_gene1091.t1;Augustus}

# EVM prediction: Mode:STANDARD S-ratio: 10000.00 66974-68578 orient(+) score(3210.00) noncoding_equivalent(0.32) raw_noncoding(0.00) offset(0.00)
66974	68578	single+	1	3	{Augustus_gene1136.t1;Augustus}

# EVM prediction: Mode:STANDARD S-ratio: 10000.00 70930-72129 orient(+) score(2400.00) noncoding_equivalent(0.24) raw_noncoding(0.00) offset(0.00)
70930	72129	single+	1	3	{Augustus_gene395.t1;Augustus}

# EVM prediction: Mode:STANDARD S-ratio: 10000.00 83067-84467 orient(+) score(2802.00) noncoding_equivalent(0.28) raw_noncoding(0.00) offset(0.00)
83067	84467	single+	1	3	{Augustus_gene700.t1;Augustus}

# EVM prediction: Mode:STANDARD S-ratio: 10000.00 96954-98987 orient(-) score(4068.00) noncoding_equivalent(0.41) raw_noncoding(0.00) offset(0.00)
98987	96954	single-	4	6	{Augustus_gene474.t1;Augustus}

# EVM prediction: Mode:STANDARD S-ratio: 10000.00 112251-113477 orient(+) score(2454.00) noncoding_equivalent(0.25) raw_noncoding(0.00) offset(0.00)
112251	113477	single+	1	3	{Augustus_gene1005.t1;Augustus}

# EVM prediction: Mode:STANDARD S-ratio: 10000.00 117092-117508 orient(+) score(834.00) noncoding_equivalent(0.08) raw_noncoding(0.00) offset(0.00)
117092	117508	single+	1	3	{Augustus_gene206.t1;Augustus}

# EVM prediction: Mode:STANDARD S-ratio: 10000.00 124102-126861 orient(-) score(5520.00) noncoding_equivalent(0.55) raw_noncoding(0.00) offset(0.00)
126861	124102	single-	4	6	{Augustus_gene338.t1;Augustus}

# EVM prediction: Mode:STANDARD S-ratio: 10000.00 140679-141119 orient(+) score(882.00) noncoding_equivalent(0.09) raw_noncoding(0.00) offset(0.00)
140679	141119	single+	1	3	{Augustus_gene227.t1;Augustus}

# EVM prediction: Mode:STANDARD S-ratio: 10000.00 153928-155587 orient(-) score(3320.00) noncoding_equivalent(0.33) raw_noncoding(0.00) offset(0.00)
153943	153928	terminal-	6	6	{Augustus_gene1027.t1;Augustus}
154299	153944	INTRON			{Augustus_gene1027.t1;Augustus}
154314	154300	internal-	6	5	{Augustus_gene1027.t1;Augustus}
154436	154315	INTRON			{Augustus_gene1027.t1;Augustus}
155587	154437	initial-	4	5	{Augustus_gene1027.t1;Augustus}

# EVM prediction: Mode:STANDARD S-ratio: 10000.00 163605-164993 orient(+) score(2778.00) noncoding_equivalent(0.28) raw_noncoding(0.00) offset(0.00)
163605	164993	single+	1	3	{Augustus_gene649.t1;Augustus}

# EVM prediction: Mode:STANDARD S-ratio: 10000.00 175866-179464 orient(-) score(7198.00) noncoding_equivalent(0.72) raw_noncoding(0.00) offset(0.00)
177994	175866	terminal-	5	6	{Augustus_gene819.t1;Augustus}
178579	177995	INTRON			{Augustus_gene819.t1;Augustus}
178642	178580	internal-	5	4	{Augustus_gene819.t1;Augustus}
179151	178643	INTRON			{Augustus_gene819.t1;Augustus}
179464	179152	initial-	4	4	{Augustus_gene819.t1;Augustus}

# EVM prediction: Mode:STANDARD S-ratio: 10000.00 194629-196512 orient(+) score(3768.00) noncoding_equivalent(0.38) raw_noncoding(0.00) offset(0.00)
194629	196512	single+	1	3	{Augustus_gene380.t1;Augustus}

# EVM prediction: Mode:STANDARD S-ratio: 10000.00 203638-204612 orient(+) score(1950.00) noncoding_equivalent(0.20) raw_noncoding(0.00) offset(0.00)
203638	204612	single+	1	3	{Augustus_gene729.t1;Augustus}

# EVM prediction: Mode:STANDARD S-ratio: 10000.00 206660-207448 orient(+) score(1578.00) noncoding_equivalent(0.16) raw_noncoding(0.00) offset(0.00)
206660	207448	single+	1	3	{Augustus_gene180.t1;Augustus}

# EVM prediction: Mode:STANDARD S-ratio: 10000.00 209824-210921 orient(-) score(2196.00) noncoding_equivalent(0.22) raw_noncoding(0.00) offset(0.00)
210921	209824	single-	4	6	{Augustus_gene81.t1;Augustus}

# EVM prediction: Mode:STANDARD S-ratio: 10000.00 211187-212335 orient(-) score(2298.00) noncoding_equivalent(0.23) raw_noncoding(0.00) offset(0.00)
212335	211187	single-	4	6	{Augustus_gene632.t1;Augustus}

# EVM prediction: Mode:STANDARD S-ratio: 10000.00 215447-216388 orient(-) score(1884.00) noncoding_equivalent(0.19) raw_noncoding(0.00) offset(0.00)
216388	215447	single-	4	6	{Augustus_gene1022.t1;Augustus}

# EVM prediction: Mode:STANDARD S-ratio: 10000.00 229698-231851 orient(-) score(4308.00) noncoding_equivalent(0.43) raw_noncoding(0.00) offset(0.00)
231851	229698	single-	4	6	{Augustus_gene969.t1;Augustus}

# EVM prediction: Mode:STANDARD S-ratio: 10000.00 240168-241928 orient(-) score(3522.00) noncoding_equivalent(0.35) raw_noncoding(0.00) offset(0.00)
241928	240168	single-	4	6	{Augustus_gene677.t1;Augustus}

# EVM prediction: Mode:STANDARD S-ratio: 10000.00 242216-242968 orient(-) score(1506.00) noncoding_equivalent(0.15) raw_noncoding(0.00) offset(0.00)
242968	242216	single-	4	6	{Augustus_gene25.t1;Augustus}

# EVM prediction: Mode:STANDARD S-ratio: 10000.00 248607-249446 orient(+) score(1680.00) noncoding_equivalent(0.17) raw_noncoding(0.00) offset(0.00)
248607	249446	single+	1	3	{Augustus_gene124.t1;Augustus}

# EVM prediction: Mode:STANDARD S-ratio: 10000.00 249661-250719 orient(+) score(2118.00) noncoding_equivalent(0.21) raw_noncoding(0.00) offset(0.00)
249661	250719	single+	1	3	{Augustus_gene951.t1;Augustus}

# EVM prediction: Mode:STANDARD S-ratio: 10000.00 271615-272793 orient(+) score(2358.00) noncoding_equivalent(0.24) raw_noncoding(0.00) offset(0.00)
271615	272793	single+	1	3	{Augustus_gene362.t1;Augustus}

# EVM prediction: Mode:STANDARD S-ratio: 10000.00 282893-285538 orient(+) score(5292.00) noncoding_equivalent(0.53) raw_noncoding(0.00) offset(0.00)
282893	285538	single+	1	3	{Augustus_gene430.t1;Augustus}

# EVM prediction: Mode:STANDARD S-ratio: 10000.00 298716-299177 orient(+) score(924.00) noncoding_equivalent(0.09) raw_noncoding(0.00) offset(0.00)
298716	299177	single+	1	3	{Augustus_gene757.t1;Augustus}

# EVM prediction: Mode:STANDARD S-ratio: 10000.00 310544-311623 orient(-) score(2160.00) noncoding_equivalent(0.22) raw_noncoding(0.00) offset(0.00)
311623	310544	single-	4	6	{Augustus_gene939.t1;Augustus}

# EVM prediction: Mode:STANDARD S-ratio: 10000.00 312280-313605 orient(-) score(2652.00) noncoding_equivalent(0.27) raw_noncoding(0.00) offset(0.00)
313605	312280	single-	4	6	{Augustus_gene1067.t1;Augustus}

# EVM prediction: Mode:STANDARD S-ratio: 10000.00 314334-314702 orient(+) score(738.00) noncoding_equivalent(0.07) raw_noncoding(0.00) offset(0.00)
314334	314702	single+	1	3	{Augustus_gene861.t1;Augustus}

# EVM prediction: Mode:STANDARD S-ratio: 10000.00 318610-319113 orient(-) score(1008.00) noncoding_equivalent(0.10) raw_noncoding(0.00) offset(0.00)
319113	318610	single-	4	6	{Augustus_gene315.t1;Augustus}

# EVM prediction: Mode:STANDARD S-ratio: 10000.00 333795-335316 orient(+) score(3044.00) noncoding_equivalent(0.30) raw_noncoding(0.00) offset(0.00)
333795	333802	initial+	1	2	{Augustus_gene254.t1;Augustus}
333803	333845	INTRON			{Augustus_gene254.t1;Augustus}
333846	335316	terminal+	3	3	{Augustus_gene254.t1;Augustus}

# EVM prediction: Mode:STANDARD S-ratio: 10000.00 337759-339345 orient(+) score(3174.00) noncoding_equivalent(0.32) raw_noncoding(0.00) offset(0.00)
337759	339345	single+	1	3	{Augustus_gene856.t1;Augustus}

# EVM prediction: Mode:STANDARD S-ratio: 10000.00 344430-345104 orient(+) score(1350.00) noncoding_equivalent(0.14) raw_noncoding(0.00) offset(0.00)
344430	345104	single+	1	3	{Augustus_gene1011.t1;Augustus}

# EVM prediction: Mode:STANDARD S-ratio: 10000.00 356111-358387 orient(+) score(4554.00) noncoding_equivalent(0.46) raw_noncoding(0.00) offset(0.00)
356111	358387	single+	1	3	{Augustus_gene692.t1;Augustus}

# EVM prediction: Mode:STANDARD S-ratio: 10000.00 359723-362842 orient(+) score(6240.00) noncoding_equivalent(0.62) raw_noncoding(0.00) offset(0.00)
359723	362842	single+	1	3	{Augustus_gene460.t1;Augustus}

# EVM prediction: Mode:STANDARD S-ratio: 10000.00 371142-372482 orient(+) score(2682.00) noncoding_equivalent(0.27) raw_noncoding(0.00) offset(0.00)
371142	372482	single+	1	3	{Augustus_gene999.t1;Augustus}

# EVM prediction: Mode:STANDARD S-ratio: 10000.00 375842-377890 orient(-) score(4098.00) noncoding_equivalent(0.41) raw_noncoding(0.00) offset(0.00)
377890	375842	single-	4	6	{Augustus_gene173.t1;Augustus}

# EVM prediction: Mode:STANDARD S-ratio: 10000.00 378140-378754 orient(-) score(1230.00) noncoding_equivalent(0.12) raw_noncoding(0.00) offset(0.00)
378754	378140	single-	4	6	{Augustus_gene638.t1;Augustus}

# EVM prediction: Mode:STANDARD S-ratio: 10000.00 380278-382368 orient(-) score(4182.00) noncoding_equivalent(0.42) raw_noncoding(0.00) offset(0.00)
382368	380278	single-	4	6	{Augustus_gene5.t1;Augustus}

# EVM prediction: Mode:STANDARD S-ratio: 10000.00 388122-389072 orient(+) score(1902.00) noncoding_equivalent(0.19) raw_noncoding(0.00) offset(0.00)
388122	389072	single+	1	3	{Augustus_gene23.t1;Augustus}

# EVM prediction: Mode:STANDARD S-ratio: 10000.00 390762-393272 orient(-) score(5022.00) noncoding_equivalent(0.50) raw_noncoding(0.00) offset(0.00)
392842	390762	terminal-	5	6	{Augustus_gene541.t1;Augustus}
393067	392843	INTRON			{Augustus_gene541.t1;Augustus}
393272	393068	initial-	4	4	{Augustus_gene541.t1;Augustus}

# EVM prediction: Mode:STANDARD S-ratio: 10000.00 403091-403606 orient(-) score(1032.00) noncoding_equivalent(0.10) raw_noncoding(0.00) offset(0.00)
403606	403091	single-	4	6	{Augustus_gene1077.t1;Augustus}

# EVM prediction: Mode:STANDARD S-ratio: 10000.00 403888-405639 orient(+) score(3504.00) noncoding_equivalent(0.35) raw_noncoding(0.00) offset(0.00)
403888	405639	single+	1	3	{Augustus_gene143.t1;Augustus}

# EVM prediction: Mode:STANDARD S-ratio: 10000.00 411824-412534 orient(+) score(1422.00) noncoding_equivalent(0.14) raw_noncoding(0.00) offset(0.00)
411824	412534	single+	1	3	{Augustus_gene584.t1;Augustus}

# EVM prediction: Mode:STANDARD S-ratio: 10000.00 414905-415711 orient(+) score(1614.00) noncoding_equivalent(0.16) raw_noncoding(0.00) offset(0.00)
414905	415711	single+	1	3	{Augustus_gene751.t1;Augustus}

# EVM prediction: Mode:STANDARD S-ratio: 10000.00 423509-424268 orient(+) score(1520.00) noncoding_equivalent(0.15) raw_noncoding(0.00) offset(0.00)
423509	423568	initial+	1	3	{Augustus_gene755.t1;Augustus}
423569	423629	INTRON			{Augustus_gene755.t1;Augustus}
423630	424268	terminal+	1	3	{Augustus_gene755.t1;Augustus}

# EVM prediction: Mode:STANDARD S-ratio: 10000.00 428893-430602 orient(+) score(3420.00) noncoding_equivalent(0.34) raw_noncoding(0.00) offset(0.00)
428893	430602	single+	1	3	{Augustus_gene1098.t1;Augustus}

# EVM prediction: Mode:STANDARD S-ratio: 10000.00 456196-457848 orient(-) score(3306.00) noncoding_equivalent(0.33) raw_noncoding(0.00) offset(0.00)
457848	456196	single-	4	6	{Augustus_gene807.t1;Augustus}

# EVM prediction: Mode:STANDARD S-ratio: 10000.00 469675-471900 orient(-) score(4452.00) noncoding_equivalent(0.45) raw_noncoding(0.00) offset(0.00)
471900	469675	single-	4	6	{Augustus_gene1166.t1;Augustus}

# EVM prediction: Mode:STANDARD S-ratio: 10000.00 473375-474292 orient(-) score(1836.00) noncoding_equivalent(0.18) raw_noncoding(0.00) offset(0.00)
474292	473375	single-	4	6	{Augustus_gene361.t1;Augustus}

# EVM prediction: Mode:STANDARD S-ratio: 10000.00 492660-493274 orient(+) score(1230.00) noncoding_equivalent(0.12) raw_noncoding(0.00) offset(0.00)
492660	493274	single+	1	3	{Augustus_gene70.t1;Augustus}

# EVM prediction: Mode:STANDARD S-ratio: 10000.00 496746-497906 orient(-) score(2322.00) noncoding_equivalent(0.23) raw_noncoding(0.00) offset(0.00)
497906	496746	single-	4	6	{Augustus_gene207.t1;Augustus}

# EVM prediction: Mode:STANDARD S-ratio: 10000.00 505699-507030 orient(+) score(2664.00) noncoding_equivalent(0.27) raw_noncoding(0.00) offset(0.00)
505699	505710	initial+	1	3	{Augustus_gene833.t1;Augustus}
505711	505785	INTRON			{Augustus_gene833.t1;Augustus}
505786	507030	terminal+	1	3	{Augustus_gene833.t1;Augustus}

# EVM prediction: Mode:STANDARD S-ratio: 10000.00 509022-510302 orient(-) score(2562.00) noncoding_equivalent(0.26) raw_noncoding(0.00) offset(0.00)
510302	509022	single-	4	6	{Augustus_gene232.t1;Augustus}

# EVM prediction: Mode:STANDARD S-ratio: 10000.00 543306-544292 orient(+) score(1974.00) noncoding_equivalent(0.20) raw_noncoding(0.00) offset(0.00)
543306	544292	single+	1	3	{Augustus_gene106.t1;Augustus}

# EVM prediction: Mode:STANDARD S-ratio: 10000.00 548962-549555 orient(-) score(1188.00) noncoding_equivalent(0.12) raw_noncoding(0.00) offset(0.00)
549555	548962	single-	4	6	{Augustus_gene699.t1;Augustus}

# EVM prediction: Mode:STANDARD S-ratio: 10000.00 554009-554590 orient(-) score(1164.00) noncoding_equivalent(0.12) raw_noncoding(0.00) offset(0.00)
554590	554009	single-	4	6	{Augustus_gene761.t1;Augustus}

# EVM prediction: Mode:STANDARD S-ratio: 10000.00 558649-559698 orient(-) score(2100.00) noncoding_equivalent(0.21) raw_noncoding(0.00) offset(0.00)
559698	558649	single-	4	6	{Augustus_gene323.t1;Augustus}

# EVM prediction: Mode:STANDARD S-ratio: 10000.00 573960-574922 orient(+) score(1926.00) noncoding_equivalent(0.19) raw_noncoding(0.00) offset(0.00)
573960	574922	single+	1	3	{Augustus_gene155.t1;Augustus}

# EVM prediction: Mode:STANDARD S-ratio: 10000.00 575059-576093 orient(-) score(2070.00) noncoding_equivalent(0.21) raw_noncoding(0.00) offset(0.00)
576093	575059	single-	4	6	{Augustus_gene404.t1;Augustus}

# EVM prediction: Mode:STANDARD S-ratio: 10000.00 576378-581738 orient(+) score(10722.00) noncoding_equivalent(1.07) raw_noncoding(0.00) offset(0.00)
576378	579297	initial+	1	1	{Augustus_gene44.t1;Augustus}
579298	579345	INTRON			{Augustus_gene44.t1;Augustus}
579346	579423	internal+	2	1	{Augustus_gene44.t1;Augustus}
579424	580716	INTRON			{Augustus_gene44.t1;Augustus}
580717	580801	internal+	2	2	{Augustus_gene44.t1;Augustus}
580802	580894	INTRON			{Augustus_gene44.t1;Augustus}
580895	580960	internal+	3	2	{Augustus_gene44.t1;Augustus}
580961	581530	INTRON			{Augustus_gene44.t1;Augustus}
581531	581738	terminal+	3	3	{Augustus_gene44.t1;Augustus}

