!! Predictions spanning range 1103 - 98573 [R1]
# EVM prediction: Mode:STANDARD S-ratio: 132.13 1103-2779 orient(+) score(6631.00) noncoding_equivalent(50.19) raw_noncoding(50.19) offset(0.00) 
1103	2779	terminal+	1	3	{snap_scaffold_8-snap.110-T1;snap}

# EVM prediction: Mode:STANDARD S-ratio: 12.14 2782-4734 orient(+) score(5222.00) noncoding_equivalent(430.13) raw_noncoding(843.80) offset(413.67) 
2782	2786	initial+	1	2	{snap_scaffold_8-snap.111-T1;snap}
2787	2993	INTRON			{snap_scaffold_8-snap.111-T1;snap}
2994	4734	terminal+	3	3	{snap_scaffold_8-snap.111-T1;snap}

# EVM prediction: Mode:STANDARD S-ratio: 4.81 4924-5598 orient(-) score(3351.00) noncoding_equivalent(697.20) raw_noncoding(697.20) offset(0.00) 
5598	4924	single-	4	6	{HiQ_model.g2881.t1;HiQ}

# EVM prediction: Mode:STANDARD S-ratio: 1.00 6019-6402 orient(+) score(768.00) noncoding_equivalent(768.00) raw_noncoding(768.00) offset(0.00) 
6019	6402	single+	1	3	{GlimmerHMM_glimmerT_3097-T1;GlimmerHMM}

# EVM prediction: Mode:STANDARD S-ratio: 10000.00 6861-7865 orient(+) score(4014.00) noncoding_equivalent(0.40) raw_noncoding(0.00) offset(0.00) 
6861	7865	single+	1	3	{GlimmerHMM_glimmerT_3098-T1;GlimmerHMM},{Augustus_model.g2882.t1;Augustus}

# EVM prediction: Mode:STANDARD S-ratio: 1.00 8254-8604 orient(+) score(702.00) noncoding_equivalent(702.00) raw_noncoding(702.00) offset(0.00) 
8254	8604	single+	1	3	{GlimmerHMM_glimmerT_3099-T1;GlimmerHMM}

# EVM prediction: Mode:STANDARD S-ratio: 51.73 8762-10066 orient(-) score(5121.00) noncoding_equivalent(99.00) raw_noncoding(99.00) offset(0.00) 
10066	8762	single-	4	6	{GlimmerHMM_glimmerT_3100-T1;GlimmerHMM},{Augustus_model.g2883.t1;Augustus}

# EVM prediction: Mode:STANDARD S-ratio: 7.43 10628-12192 orient(+) score(5231.00) noncoding_equivalent(703.71) raw_noncoding(1326.00) offset(622.29) 
10628	10832	initial+	1	1	{Augustus_model.g2884.t1;Augustus}
10833	11158	INTRON			{Augustus_model.g2884.t1;Augustus},{ev_type:exonerate/ID=match.160399.3330/Target=YKL081W;exonerate}
11159	12192	terminal+	2	3	{Augustus_model.g2884.t1;Augustus}

# EVM prediction: Mode:STANDARD S-ratio: 11.47 12765-13943 orient(+) score(4338.00) noncoding_equivalent(378.13) raw_noncoding(378.13) offset(0.00) 
12765	13943	single+	1	3	{GlimmerHMM_glimmerT_3103-T1;GlimmerHMM}

# EVM prediction: Mode:STANDARD S-ratio: 23.43 14337-16307 orient(+) score(7562.00) noncoding_equivalent(322.77) raw_noncoding(322.77) offset(0.00) 
14337	16307	single+	1	3	{GlimmerHMM_glimmerT_3104-T1;GlimmerHMM}

# EVM prediction: Mode:STANDARD S-ratio: 731.66 16579-18786 orient(+) score(8818.00) noncoding_equivalent(12.05) raw_noncoding(12.05) offset(0.00) 
16579	18786	single+	1	3	{GlimmerHMM_glimmerT_3105-T1;GlimmerHMM}

# EVM prediction: Mode:STANDARD S-ratio: 25.64 19187-20365 orient(+) score(4539.00) noncoding_equivalent(177.00) raw_noncoding(177.00) offset(0.00) 
19187	20365	single+	1	3	{Augustus_model.g2886.t1;Augustus}

# EVM prediction: Mode:STANDARD S-ratio: 5.16 20690-22042 orient(-) score(7021.00) noncoding_equivalent(1361.15) raw_noncoding(1361.15) offset(0.00) 
22042	20690	single-	4	6	{GlimmerHMM_glimmerT_3107-T1;GlimmerHMM},{HiQ_model.g2887.t1;HiQ}

# EVM prediction: Mode:STANDARD S-ratio: 3.98 22344-23927 orient(-) score(7596.00) noncoding_equivalent(1908.00) raw_noncoding(1908.00) offset(0.00) 
23927	22344	single-	4	6	{GlimmerHMM_glimmerT_3108-T1;GlimmerHMM},{HiQ_model.g2888.t1;HiQ}

# EVM prediction: Mode:STANDARD S-ratio: 326.46 24164-26809 orient(+) score(10550.00) noncoding_equivalent(32.32) raw_noncoding(32.32) offset(0.00) 
24164	26809	single+	1	3	{GlimmerHMM_glimmerT_3109-T1;GlimmerHMM},{Augustus_model.g2889.t1;Augustus}

# EVM prediction: Mode:STANDARD S-ratio: 18.09 27317-28849 orient(+) score(5811.00) noncoding_equivalent(321.23) raw_noncoding(321.23) offset(0.00) 
27317	28849	single+	1	3	{GlimmerHMM_glimmerT_3110-T1;GlimmerHMM}

# EVM prediction: Mode:STANDARD S-ratio: 33.91 29043-29618 orient(+) score(2238.00) noncoding_equivalent(66.00) raw_noncoding(66.00) offset(0.00) 
29043	29618	single+	1	3	{GlimmerHMM_glimmerT_3111-T1;GlimmerHMM}

# EVM prediction: Mode:STANDARD S-ratio: 339.43 32824-33594 orient(+) score(3075.00) noncoding_equivalent(9.06) raw_noncoding(9.06) offset(0.00) 
32824	33594	single+	1	3	{GlimmerHMM_glimmerT_3112-T1;GlimmerHMM}

# EVM prediction: Mode:STANDARD S-ratio: 8.01 33921-34559 orient(+) score(2143.00) noncoding_equivalent(267.56) raw_noncoding(267.56) offset(0.00) 
33921	34559	single+	1	3	{GlimmerHMM_glimmerT_3113-T1;GlimmerHMM}

# EVM prediction: Mode:STANDARD S-ratio: 11.27 34997-35539 orient(+) score(1995.00) noncoding_equivalent(177.00) raw_noncoding(177.00) offset(0.00) 
34997	35539	single+	1	3	{GlimmerHMM_glimmerT_3114-T1;GlimmerHMM},{Augustus_model.g2892.t1;Augustus}

# EVM prediction: Mode:STANDARD S-ratio: 1.00 36914-37150 orient(+) score(474.00) noncoding_equivalent(474.00) raw_noncoding(474.00) offset(0.00) 
36914	37150	single+	1	3	{GlimmerHMM_glimmerT_3115-T1;GlimmerHMM}

# EVM prediction: Mode:STANDARD S-ratio: 10000.00 37905-40898 orient(+) score(11760.00) noncoding_equivalent(1.18) raw_noncoding(0.00) offset(0.00) 
37905	40898	single+	1	3	{Augustus_model.g2893.t1;Augustus},{GlimmerHMM_glimmerT_3116-T1;GlimmerHMM}

# EVM prediction: Mode:STANDARD S-ratio: 19.53 41988-42449 orient(+) score(1758.00) noncoding_equivalent(90.00) raw_noncoding(90.00) offset(0.00) 
41988	42449	single+	1	3	{GlimmerHMM_glimmerT_3117-T1;GlimmerHMM},{Augustus_model.g2894.t1;Augustus}

# EVM prediction: Mode:STANDARD S-ratio: 1.00 43129-43350 orient(+) score(444.00) noncoding_equivalent(444.00) raw_noncoding(444.00) offset(0.00) 
43129	43350	single+	1	3	{GlimmerHMM_glimmerT_3118-T1;GlimmerHMM}

# EVM prediction: Mode:STANDARD S-ratio: 1.33 43610-44230 orient(-) score(2121.00) noncoding_equivalent(1600.05) raw_noncoding(1600.05) offset(0.00) 
44230	43610	single-	4	6	{HiQ_model.g2895.t1;HiQ}

# EVM prediction: Mode:STANDARD S-ratio: 10000.00 44940-47849 orient(+) score(11640.00) noncoding_equivalent(1.16) raw_noncoding(0.00) offset(0.00) 
44940	47849	single+	1	3	{GlimmerHMM_glimmerT_3120-T1;GlimmerHMM},{Augustus_model.g2896.t1;Augustus}

# EVM prediction: Mode:STANDARD S-ratio: 3.62 48189-48692 orient(-) score(2370.00) noncoding_equivalent(654.00) raw_noncoding(654.00) offset(0.00) 
48692	48189	single-	4	6	{GlimmerHMM_glimmerT_3121-T1;GlimmerHMM},{HiQ_model.g2897.t1;HiQ}

# EVM prediction: Mode:STANDARD S-ratio: 42.42 50393-52285 orient(+) score(7396.00) noncoding_equivalent(174.34) raw_noncoding(174.34) offset(0.00) 
50393	52285	single+	1	3	{GlimmerHMM_glimmerT_3122-T1;GlimmerHMM}

# EVM prediction: Mode:STANDARD S-ratio: 11.18 52933-53274 orient(+) score(1254.00) noncoding_equivalent(112.14) raw_noncoding(112.14) offset(0.00) 
52933	53274	single+	1	3	{GlimmerHMM_glimmerT_3123-T1;GlimmerHMM}

# EVM prediction: Mode:STANDARD S-ratio: 4.90 53570-54649 orient(-) score(5382.00) noncoding_equivalent(1098.00) raw_noncoding(1098.00) offset(0.00) 
54649	53570	single-	4	6	{GlimmerHMM_glimmerT_3124-T1;GlimmerHMM},{HiQ_model.g2899.t1;HiQ}

# EVM prediction: Mode:STANDARD S-ratio: 4.87 55282-56607 orient(-) score(6600.00) noncoding_equivalent(1354.17) raw_noncoding(1354.17) offset(0.00) 
56607	55282	single-	4	6	{HiQ_model.g2900.t1;HiQ},{GlimmerHMM_glimmerT_3125-T1;GlimmerHMM}

# EVM prediction: Mode:STANDARD S-ratio: 3.00 57329-57697 orient(+) score(1107.00) noncoding_equivalent(369.00) raw_noncoding(369.00) offset(0.00) 
57329	57697	single+	1	3	{Augustus_model.g2901.t1;Augustus},{GlimmerHMM_glimmerT_3126-T1;GlimmerHMM}

# EVM prediction: Mode:STANDARD S-ratio: 3.88 58018-61131 orient(-) score(14859.00) noncoding_equivalent(3825.00) raw_noncoding(3825.00) offset(0.00) 
61131	58018	single-	4	6	{HiQ_model.g2902.t1;HiQ},{GlimmerHMM_glimmerT_3127-T1;GlimmerHMM}

# EVM prediction: Mode:STANDARD S-ratio: 5.00 61574-62077 orient(-) score(2520.00) noncoding_equivalent(504.00) raw_noncoding(504.00) offset(0.00) 
62077	61574	single-	4	6	{GlimmerHMM_glimmerT_3128-T1;GlimmerHMM},{HiQ_model.g2903.t1;HiQ}

# EVM prediction: Mode:STANDARD S-ratio: 4.21 62480-63316 orient(-) score(4058.00) noncoding_equivalent(962.87) raw_noncoding(962.87) offset(0.00) 
63316	62480	single-	4	6	{HiQ_model.g2904.t1;HiQ}

# EVM prediction: Mode:STANDARD S-ratio: 98.34 63694-65910 orient(-) score(8777.00) noncoding_equivalent(89.25) raw_noncoding(89.25) offset(0.00) 
65910	63694	single-	4	6	{Augustus_model.g2905.t1;Augustus},{GlimmerHMM_glimmerT_3130-T1;GlimmerHMM}

# EVM prediction: Mode:STANDARD S-ratio: 2.04 66348-66596 orient(-) score(1003.00) noncoding_equivalent(491.51) raw_noncoding(491.51) offset(0.00) 
66596	66348	single-	4	6	{HiQ_model.g2906.t1;HiQ},{GlimmerHMM_glimmerT_3131-T1;GlimmerHMM}

# EVM prediction: Mode:STANDARD S-ratio: 5.00 66834-67712 orient(-) score(4395.00) noncoding_equivalent(879.00) raw_noncoding(879.00) offset(0.00) 
67712	66834	single-	4	6	{HiQ_model.g2907.t1;HiQ},{GlimmerHMM_glimmerT_3132-T1;GlimmerHMM}

# EVM prediction: Mode:STANDARD S-ratio: 5.91 68460-69521 orient(+) score(3633.00) noncoding_equivalent(615.00) raw_noncoding(615.00) offset(0.00) 
68460	69521	single+	1	3	{Augustus_model.g2908.t1;Augustus},{GlimmerHMM_glimmerT_3133-T1;GlimmerHMM}

# EVM prediction: Mode:STANDARD S-ratio: 10000.00 70001-72790 orient(-) score(8370.00) noncoding_equivalent(0.84) raw_noncoding(0.00) offset(0.00) 
72790	70001	single-	4	6	{GlimmerHMM_glimmerT_3134-T1;GlimmerHMM},{Augustus_model.g2909.t1;Augustus}

# EVM prediction: Mode:STANDARD S-ratio: 4.37 73245-73934 orient(-) score(3369.00) noncoding_equivalent(771.00) raw_noncoding(771.00) offset(0.00) 
73934	73245	single-	4	6	{HiQ_model.g2910.t1;HiQ},{GlimmerHMM_glimmerT_3135-T1;GlimmerHMM}

# EVM prediction: Mode:STANDARD S-ratio: 20.61 74386-76308 orient(-) score(5502.00) noncoding_equivalent(267.00) raw_noncoding(267.00) offset(0.00) 
76308	74386	single-	4	6	{GlimmerHMM_glimmerT_3136-T1;GlimmerHMM},{Augustus_model.g2911.t1;Augustus}

# EVM prediction: Mode:STANDARD S-ratio: 10000.00 76634-78184 orient(+) score(6204.00) noncoding_equivalent(0.62) raw_noncoding(0.00) offset(0.00) 
76634	78184	single+	1	3	{Augustus_model.g2912.t1;Augustus},{GlimmerHMM_glimmerT_3137-T1;GlimmerHMM}

# EVM prediction: Mode:STANDARD S-ratio: 2.00 78448-79797 orient(-) score(5400.00) noncoding_equivalent(2700.00) raw_noncoding(2700.00) offset(0.00) 
79797	78448	single-	4	6	{GlimmerHMM_glimmerT_3138-T1;GlimmerHMM},{HiQ_model.g2913.t1;HiQ}

# EVM prediction: Mode:STANDARD S-ratio: 10000.00 80666-82252 orient(+) score(6348.00) noncoding_equivalent(0.63) raw_noncoding(0.00) offset(0.00) 
80666	82252	single+	1	3	{Augustus_model.g2914.t1;Augustus},{GlimmerHMM_glimmerT_3139-T1;GlimmerHMM}

# EVM prediction: Mode:STANDARD S-ratio: 10000.00 83931-85031 orient(+) score(4404.00) noncoding_equivalent(0.44) raw_noncoding(0.00) offset(0.00) 
83931	85031	single+	1	3	{GlimmerHMM_glimmerT_3140-T1;GlimmerHMM},{Augustus_model.g2915.t1;Augustus}

# EVM prediction: Mode:STANDARD S-ratio: 18.41 85659-86750 orient(+) score(4143.00) noncoding_equivalent(225.00) raw_noncoding(225.00) offset(0.00) 
85659	86750	single+	1	3	{GlimmerHMM_glimmerT_3141-T1;GlimmerHMM},{Augustus_model.g2916.t1;Augustus}

# EVM prediction: Mode:STANDARD S-ratio: 10000.00 87328-88002 orient(+) score(2700.00) noncoding_equivalent(0.27) raw_noncoding(0.00) offset(0.00) 
87328	88002	single+	1	3	{Augustus_model.g2917.t1;Augustus},{GlimmerHMM_glimmerT_3142-T1;GlimmerHMM}

# EVM prediction: Mode:STANDARD S-ratio: 4.48 88243-89013 orient(-) score(3780.00) noncoding_equivalent(844.24) raw_noncoding(844.24) offset(0.00) 
89013	88243	single-	4	6	{HiQ_model.g2918.t1;HiQ},{GlimmerHMM_glimmerT_3143-T1;GlimmerHMM}

# EVM prediction: Mode:STANDARD S-ratio: 33.36 89812-91383 orient(+) score(6105.00) noncoding_equivalent(183.00) raw_noncoding(183.00) offset(0.00) 
89812	91383	single+	1	3	{GlimmerHMM_glimmerT_3144-T1;GlimmerHMM},{Augustus_model.g2919.t1;Augustus}

# EVM prediction: Mode:STANDARD S-ratio: 22.54 92788-96300 orient(+) score(13455.00) noncoding_equivalent(597.00) raw_noncoding(597.00) offset(0.00) 
92788	96300	single+	1	3	{Augustus_model.g2920.t1;Augustus},{GlimmerHMM_glimmerT_3145-T1;GlimmerHMM}

# EVM prediction: Mode:STANDARD S-ratio: 1.00 96711-97064 orient(-) score(708.00) noncoding_equivalent(708.00) raw_noncoding(708.00) offset(0.00) 
97064	96711	single-	4	6	{GlimmerHMM_glimmerT_3146-T1;GlimmerHMM}

# EVM prediction: Mode:STANDARD S-ratio: 14.75 97074-98573 orient(+) score(5619.00) noncoding_equivalent(381.00) raw_noncoding(381.00) offset(0.00) 
97074	98573	single+	1	3	{GlimmerHMM_glimmerT_3147-T1;GlimmerHMM},{Augustus_model.g2921.t1;Augustus}

