!! Predictions spanning range 1716 - 72629 [R1]
# EVM prediction: Mode:STANDARD S-ratio: 10000.00 1716-2798 orient(+) score(2166.00) noncoding_equivalent(0.22) raw_noncoding(0.00) offset(0.00) 
1716	2798	single+	1	3	{Augustus_gene851.t1;Augustus}

# EVM prediction: Mode:STANDARD S-ratio: 10000.00 2823-4967 orient(-) score(4290.00) noncoding_equivalent(0.43) raw_noncoding(0.00) offset(0.00) 
4967	2823	single-	4	6	{Augustus_gene643.t1;Augustus}

# EVM prediction: Mode:STANDARD S-ratio: 10000.00 7093-9438 orient(+) score(4692.00) noncoding_equivalent(0.47) raw_noncoding(0.00) offset(0.00) 
7093	9438	single+	1	3	{Augustus_gene907.t1;Augustus}

# EVM prediction: Mode:STANDARD S-ratio: 10000.00 13127-13840 orient(+) score(1428.00) noncoding_equivalent(0.14) raw_noncoding(0.00) offset(0.00) 
13127	13840	single+	1	3	{Augustus_gene636.t1;Augustus}

# EVM prediction: Mode:STANDARD S-ratio: 10000.00 14195-14599 orient(+) score(810.00) noncoding_equivalent(0.08) raw_noncoding(0.00) offset(0.00) 
14195	14599	single+	1	3	{Augustus_gene932.t1;Augustus}

# EVM prediction: Mode:STANDARD S-ratio: 10000.00 15006-16565 orient(-) score(3120.00) noncoding_equivalent(0.31) raw_noncoding(0.00) offset(0.00) 
16565	15006	single-	4	6	{Augustus_gene1139.t1;Augustus}

# EVM prediction: Mode:STANDARD S-ratio: 10000.00 17835-18194 orient(-) score(720.00) noncoding_equivalent(0.07) raw_noncoding(0.00) offset(0.00) 
18194	17835	single-	4	6	{Augustus_gene84.t1;Augustus}

# EVM prediction: Mode:STANDARD S-ratio: 10000.00 19871-20344 orient(+) score(948.00) noncoding_equivalent(0.09) raw_noncoding(0.00) offset(0.00) 
19871	20344	single+	1	3	{Augustus_gene858.t1;Augustus}

# EVM prediction: Mode:STANDARD S-ratio: 10000.00 22446-26219 orient(+) score(7548.00) noncoding_equivalent(0.75) raw_noncoding(0.00) offset(0.00) 
22446	26219	single+	1	3	{Augustus_gene1116.t1;Augustus}

# EVM prediction: Mode:STANDARD S-ratio: 10000.00 29220-31475 orient(-) score(4512.00) noncoding_equivalent(0.45) raw_noncoding(0.00) offset(0.00) 
31475	29220	single-	4	6	{Augustus_gene1012.t1;Augustus}

# EVM prediction: Mode:STANDARD S-ratio: 10000.00 68553-70511 orient(-) score(3918.00) noncoding_equivalent(0.39) raw_noncoding(0.00) offset(0.00) 
70511	68553	single-	4	6	{Augustus_gene44.t1;Augustus}

# EVM prediction: Mode:STANDARD S-ratio: 10000.00 71194-72629 orient(+) score(2872.00) noncoding_equivalent(0.29) raw_noncoding(0.00) offset(0.00) 
71194	71259	initial+	1	3	{Augustus_gene1062.t1;Augustus}
71260	71444	INTRON			{Augustus_gene1062.t1;Augustus}
71445	72629	terminal+	1	3	{Augustus_gene1062.t1;Augustus}

