!! Predictions spanning range 5027 - 86069 [R1]
# EVM prediction: Mode:STANDARD S-ratio: 10000.00 5027-6379 orient(+) score(2706.00) noncoding_equivalent(0.27) raw_noncoding(0.00) offset(0.00) 
5027	6379	single+	1	3	{Augustus_gene443.t1;Augustus}

# EVM prediction: Mode:STANDARD S-ratio: 10000.00 9255-11585 orient(-) score(4662.00) noncoding_equivalent(0.47) raw_noncoding(0.00) offset(0.00) 
11585	9255	single-	4	6	{Augustus_gene1059.t1;Augustus}

# EVM prediction: Mode:STANDARD S-ratio: 10000.00 14131-15015 orient(-) score(1770.00) noncoding_equivalent(0.18) raw_noncoding(0.00) offset(0.00) 
15015	14131	single-	4	6	{Augustus_gene1131.t1;Augustus}

# EVM prediction: Mode:STANDARD S-ratio: 10000.00 22448-25324 orient(+) score(5754.00) noncoding_equivalent(0.58) raw_noncoding(0.00) offset(0.00) 
22448	25324	single+	1	3	{Augustus_gene295.t1;Augustus}

# EVM prediction: Mode:STANDARD S-ratio: 10000.00 34629-36491 orient(-) score(3726.00) noncoding_equivalent(0.37) raw_noncoding(0.00) offset(0.00) 
36491	34629	single-	4	6	{Augustus_gene922.t1;Augustus}

# EVM prediction: Mode:STANDARD S-ratio: 10000.00 45289-47994 orient(+) score(5412.00) noncoding_equivalent(0.54) raw_noncoding(0.00) offset(0.00) 
45289	47994	single+	1	3	{Augustus_gene749.t1;Augustus}

# EVM prediction: Mode:STANDARD S-ratio: 10000.00 56004-56774 orient(+) score(1542.00) noncoding_equivalent(0.15) raw_noncoding(0.00) offset(0.00) 
56004	56774	single+	1	3	{Augustus_gene664.t1;Augustus}

# EVM prediction: Mode:STANDARD S-ratio: 10000.00 57102-57563 orient(+) score(924.00) noncoding_equivalent(0.09) raw_noncoding(0.00) offset(0.00) 
57102	57563	single+	1	3	{Augustus_gene831.t1;Augustus}

# EVM prediction: Mode:STANDARD S-ratio: 10000.00 81542-82351 orient(-) score(1620.00) noncoding_equivalent(0.16) raw_noncoding(0.00) offset(0.00) 
82351	81542	single-	4	6	{Augustus_gene725.t1;Augustus}

# EVM prediction: Mode:STANDARD S-ratio: 10000.00 83871-86069 orient(-) score(4398.00) noncoding_equivalent(0.44) raw_noncoding(0.00) offset(0.00) 
86069	83871	single-	4	6	{Augustus_gene1102.t1;Augustus}

