# EVM prediction: Mode:STANDARD S-ratio: 10000.00 20607-21431 orient(-) score(1650.00) noncoding_equivalent(0.17) raw_noncoding(0.00) offset(0.00)
21431	20607	single-	4	6	{Augustus_gene101.t1;Augustus}

# EVM prediction: Mode:STANDARD S-ratio: 10000.00 22135-23775 orient(+) score(3282.00) noncoding_equivalent(0.33) raw_noncoding(0.00) offset(0.00)
22135	23775	single+	1	3	{Augustus_gene951.t1;Augustus}

# EVM prediction: Mode:STANDARD S-ratio: 10000.00 24073-24873 orient(+) score(1602.00) noncoding_equivalent(0.16) raw_noncoding(0.00) offset(0.00)
24073	24873	single+	1	3	{Augustus_gene466.t1;Augustus}

# EVM prediction: Mode:STANDARD S-ratio: 10000.00 32501-33946 orient(+) score(2892.00) noncoding_equivalent(0.29) raw_noncoding(0.00) offset(0.00)
32501	33946	single+	1	3	{Augustus_gene269.t1;Augustus}

# EVM prediction: Mode:STANDARD S-ratio: 10000.00 63827-65482 orient(+) score(3312.00) noncoding_equivalent(0.33) raw_noncoding(0.00) offset(0.00)
63827	65482	single+	1	3	{Augustus_gene546.t1;Augustus}

# EVM prediction: Mode:STANDARD S-ratio: 10000.00 69144-70151 orient(+) score(2016.00) noncoding_equivalent(0.20) raw_noncoding(0.00) offset(0.00)
69144	70151	single+	1	3	{Augustus_gene775.t1;Augustus}

# EVM prediction: Mode:STANDARD S-ratio: 10000.00 82521-89195 orient(-) score(13350.00) noncoding_equivalent(1.33) raw_noncoding(0.00) offset(0.00)
84454	82521	terminal-	5	6	{Augustus_gene1002.t1;Augustus}
84532	84455	INTRON			{Augustus_gene1002.t1;Augustus}
87225	84533	internal-	6	4	{Augustus_gene1002.t1;Augustus}
87420	87226	INTRON			{Augustus_gene1002.t1;Augustus}
87585	87421	internal-	6	5	{Augustus_gene1002.t1;Augustus}
88017	87586	INTRON			{Augustus_gene1002.t1;Augustus}
89195	88018	initial-	4	5	{Augustus_gene1002.t1;Augustus}

# EVM prediction: Mode:STANDARD S-ratio: 10000.00 106521-107033 orient(+) score(1026.00) noncoding_equivalent(0.10) raw_noncoding(0.00) offset(0.00)
106521	107033	single+	1	3	{Augustus_gene286.t1;Augustus}

# EVM prediction: Mode:STANDARD S-ratio: 10000.00 107213-108712 orient(-) score(3000.00) noncoding_equivalent(0.30) raw_noncoding(0.00) offset(0.00)
108712	107213	single-	4	6	{Augustus_gene693.t1;Augustus}

# EVM prediction: Mode:STANDARD S-ratio: 10000.00 109033-111291 orient(-) score(4518.00) noncoding_equivalent(0.45) raw_noncoding(0.00) offset(0.00)
111291	109033	single-	4	6	{Augustus_gene289.t1;Augustus}

# EVM prediction: Mode:STANDARD S-ratio: 10000.00 117905-119251 orient(+) score(2694.00) noncoding_equivalent(0.27) raw_noncoding(0.00) offset(0.00)
117905	119251	single+	1	3	{Augustus_gene993.t1;Augustus}

# EVM prediction: Mode:STANDARD S-ratio: 10000.00 119465-120385 orient(-) score(1842.00) noncoding_equivalent(0.18) raw_noncoding(0.00) offset(0.00)
120385	119465	single-	4	6	{Augustus_gene386.t1;Augustus}

# EVM prediction: Mode:STANDARD S-ratio: 10000.00 125319-126614 orient(-) score(2592.00) noncoding_equivalent(0.26) raw_noncoding(0.00) offset(0.00)
126614	125319	single-	4	6	{Augustus_gene192.t1;Augustus}

# EVM prediction: Mode:STANDARD S-ratio: 10000.00 144708-148262 orient(-) score(7110.00) noncoding_equivalent(0.71) raw_noncoding(0.00) offset(0.00)
148262	144708	single-	4	6	{Augustus_gene862.t1;Augustus}

# EVM prediction: Mode:STANDARD S-ratio: 10000.00 161542-163077 orient(+) score(3072.00) noncoding_equivalent(0.31) raw_noncoding(0.00) offset(0.00)
161542	163077	single+	1	3	{Augustus_gene368.t1;Augustus}

# EVM prediction: Mode:STANDARD S-ratio: 10000.00 172766-174277 orient(+) score(3024.00) noncoding_equivalent(0.30) raw_noncoding(0.00) offset(0.00)
172766	174277	single+	1	3	{Augustus_gene632.t1;Augustus}

# EVM prediction: Mode:STANDARD S-ratio: 10000.00 177548-180046 orient(+) score(4998.00) noncoding_equivalent(0.50) raw_noncoding(0.00) offset(0.00)
177548	180046	single+	1	3	{Augustus_gene619.t1;Augustus}

# EVM prediction: Mode:STANDARD S-ratio: 10000.00 180659-183748 orient(+) score(6180.00) noncoding_equivalent(0.62) raw_noncoding(0.00) offset(0.00)
180659	183748	single+	1	3	{Augustus_gene1141.t1;Augustus}

# EVM prediction: Mode:STANDARD S-ratio: 10000.00 185981-187474 orient(+) score(2988.00) noncoding_equivalent(0.30) raw_noncoding(0.00) offset(0.00)
185981	187474	single+	1	3	{Augustus_gene745.t1;Augustus}

# EVM prediction: Mode:STANDARD S-ratio: 10000.00 187692-188561 orient(+) score(1740.00) noncoding_equivalent(0.17) raw_noncoding(0.00) offset(0.00)
187692	188561	single+	1	3	{Augustus_gene1010.t1;Augustus}

# EVM prediction: Mode:STANDARD S-ratio: 10000.00 199258-202482 orient(-) score(6450.00) noncoding_equivalent(0.65) raw_noncoding(0.00) offset(0.00)
202482	199258	single-	4	6	{Augustus_gene593.t1;Augustus}

# EVM prediction: Mode:STANDARD S-ratio: 10000.00 222396-223301 orient(+) score(1812.00) noncoding_equivalent(0.18) raw_noncoding(0.00) offset(0.00)
222396	223301	single+	1	3	{Augustus_gene413.t1;Augustus}

# EVM prediction: Mode:STANDARD S-ratio: 10000.00 223564-224328 orient(+) score(1530.00) noncoding_equivalent(0.15) raw_noncoding(0.00) offset(0.00)
223564	224328	single+	1	3	{Augustus_gene388.t1;Augustus}

# EVM prediction: Mode:STANDARD S-ratio: 10000.00 225390-227534 orient(-) score(4290.00) noncoding_equivalent(0.43) raw_noncoding(0.00) offset(0.00)
227534	225390	single-	4	6	{Augustus_gene5.t1;Augustus}

