!! Predictions spanning range 403 - 99464 [R1]
# EVM prediction: Mode:STANDARD S-ratio: 2.00 403-613 orient(-) score(422.00) noncoding_equivalent(211.44) raw_noncoding(211.44) offset(0.00) 
613	403	initial-	4	4	{Augustus_model.g2406.t1;Augustus}

# EVM prediction: Mode:STANDARD S-ratio: 10000.00 1582-3189 orient(+) score(4824.00) noncoding_equivalent(0.48) raw_noncoding(0.00) offset(0.00) 
1582	3189	single+	1	3	{Augustus_model.g2407.t1;Augustus},{GlimmerHMM_glimmerT_2695-T1;GlimmerHMM}

# EVM prediction: Mode:STANDARD S-ratio: 31.34 3261-4097 orient(-) score(2511.00) noncoding_equivalent(80.12) raw_noncoding(80.12) offset(0.00) 
4097	3261	single-	4	6	{Augustus_model.g2408.t1;Augustus},{GlimmerHMM_glimmerT_2696-T1;GlimmerHMM}

# EVM prediction: Mode:STANDARD S-ratio: 158.44 5291-6994 orient(+) score(5078.00) noncoding_equivalent(32.05) raw_noncoding(32.05) offset(0.00) 
5291	6994	single+	1	3	{GlimmerHMM_glimmerT_2697-T1;GlimmerHMM},{Augustus_model.g2409.t1;Augustus}

# EVM prediction: Mode:STANDARD S-ratio: 274.11 7722-10391 orient(+) score(7979.00) noncoding_equivalent(29.11) raw_noncoding(29.11) offset(0.00) 
7722	10391	single+	1	3	{GlimmerHMM_glimmerT_2698-T1;GlimmerHMM},{Augustus_model.g2410.t1;Augustus}

# EVM prediction: Mode:STANDARD S-ratio: 10000.00 10715-14284 orient(+) score(10710.00) noncoding_equivalent(1.07) raw_noncoding(0.00) offset(0.00) 
10715	14284	single+	1	3	{Augustus_model.g2411.t1;Augustus},{GlimmerHMM_glimmerT_2699-T1;GlimmerHMM}

# EVM prediction: Mode:STANDARD S-ratio: 10.78 14405-15511 orient(-) score(3039.00) noncoding_equivalent(282.00) raw_noncoding(282.00) offset(0.00) 
15511	14405	single-	4	6	{GlimmerHMM_glimmerT_2700-T1;GlimmerHMM},{Augustus_model.g2412.t1;Augustus}

# EVM prediction: Mode:STANDARD S-ratio: 88.78 15765-17174 orient(-) score(4181.00) noncoding_equivalent(47.09) raw_noncoding(47.09) offset(0.00) 
17174	15765	single-	4	6	{Augustus_model.g2413.t1;Augustus},{GlimmerHMM_glimmerT_2701-T1;GlimmerHMM}

# EVM prediction: Mode:STANDARD S-ratio: 2.02 17626-18294 orient(+) score(1338.00) noncoding_equivalent(663.03) raw_noncoding(663.03) offset(0.00) 
17626	18294	single+	1	3	{GlimmerHMM_glimmerT_2702-T1;GlimmerHMM},{Augustus_model.g2414.t1;Augustus}

# EVM prediction: Mode:STANDARD S-ratio: 69.02 18544-19959 orient(+) score(4186.00) noncoding_equivalent(60.65) raw_noncoding(60.65) offset(0.00) 
18544	19959	single+	1	3	{GlimmerHMM_glimmerT_2703-T1;GlimmerHMM},{Augustus_model.g2415.t1;Augustus}

# EVM prediction: Mode:STANDARD S-ratio: 148.93 20657-21961 orient(+) score(3887.00) noncoding_equivalent(26.10) raw_noncoding(26.10) offset(0.00) 
20657	21961	single+	1	3	{Augustus_model.g2416.t1;Augustus},{GlimmerHMM_glimmerT_2704-T1;GlimmerHMM}

# EVM prediction: Mode:STANDARD S-ratio: 23.54 23027-24433 orient(-) score(3974.00) noncoding_equivalent(168.79) raw_noncoding(291.00) offset(122.21) 
24308	23027	terminal-	6	6	{Augustus_model.g2417.t1;Augustus}
24386	24309	INTRON			{Augustus_model.g2417.t1;Augustus}
24433	24387	initial-	4	5	{Augustus_model.g2417.t1;Augustus}

# EVM prediction: Mode:STANDARD S-ratio: 41.72 25779-27017 orient(+) score(3630.00) noncoding_equivalent(87.00) raw_noncoding(87.00) offset(0.00) 
25779	27017	single+	1	3	{Augustus_model.g2418.t1;Augustus},{GlimmerHMM_glimmerT_2706-T1;GlimmerHMM}

# EVM prediction: Mode:STANDARD S-ratio: 624.57 27114-31940 orient(-) score(14456.00) noncoding_equivalent(23.15) raw_noncoding(23.15) offset(0.00) 
31940	27114	single-	4	6	{Augustus_model.g2419.t1;Augustus},{GlimmerHMM_glimmerT_2707-T1;GlimmerHMM}

# EVM prediction: Mode:STANDARD S-ratio: 3.09 32353-33824 orient(-) score(2494.00) noncoding_equivalent(807.91) raw_noncoding(1020.92) offset(213.01) 
32689	32353	terminal-	6	6	{GlimmerHMM_glimmerT_2708-T1;GlimmerHMM}
33138	32690	INTRON			{GlimmerHMM_glimmerT_2708-T1;GlimmerHMM}
33824	33139	initial-	4	5	{GlimmerHMM_glimmerT_2708-T1;GlimmerHMM}

# EVM prediction: Mode:STANDARD S-ratio: 4.53 35760-36466 orient(+) score(1511.00) noncoding_equivalent(333.59) raw_noncoding(833.71) offset(500.11) 
35760	35766	initial+	1	1	{GlimmerHMM_glimmerT_2709-T1;GlimmerHMM}
35767	36041	INTRON			{GlimmerHMM_glimmerT_2709-T1;GlimmerHMM}
36042	36466	terminal+	2	3	{GlimmerHMM_glimmerT_2709-T1;GlimmerHMM}

# EVM prediction: Mode:STANDARD S-ratio: 47.65 37317-39554 orient(-) score(6576.00) noncoding_equivalent(138.00) raw_noncoding(138.00) offset(0.00) 
39554	37317	single-	4	6	{Augustus_model.g2422.t1;Augustus},{GlimmerHMM_glimmerT_2710-T1;GlimmerHMM}

# EVM prediction: Mode:STANDARD S-ratio: 184.00 40003-41667 orient(-) score(4968.00) noncoding_equivalent(27.00) raw_noncoding(27.00) offset(0.00) 
41667	40003	single-	4	6	{GlimmerHMM_glimmerT_2711-T1;GlimmerHMM},{Augustus_model.g2423.t1;Augustus}

# EVM prediction: Mode:STANDARD S-ratio: 10000.00 42788-43654 orient(-) score(2601.00) noncoding_equivalent(0.26) raw_noncoding(0.00) offset(0.00) 
43654	42788	single-	4	6	{Augustus_model.g2424.t1;Augustus},{GlimmerHMM_glimmerT_2712-T1;GlimmerHMM}

# EVM prediction: Mode:STANDARD S-ratio: 10000.00 44743-45171 orient(-) score(1287.00) noncoding_equivalent(0.13) raw_noncoding(0.00) offset(0.00) 
45171	44743	single-	4	6	{GlimmerHMM_glimmerT_2713-T1;GlimmerHMM},{Augustus_model.g2425.t1;Augustus}

# EVM prediction: Mode:STANDARD S-ratio: 321.50 46592-48424 orient(+) score(5480.00) noncoding_equivalent(17.05) raw_noncoding(17.05) offset(0.00) 
46592	48424	single+	1	3	{GlimmerHMM_glimmerT_2714-T1;GlimmerHMM},{Augustus_model.g2426.t1;Augustus}

# EVM prediction: Mode:STANDARD S-ratio: 10000.00 48614-49603 orient(-) score(2970.00) noncoding_equivalent(0.30) raw_noncoding(0.00) offset(0.00) 
49603	48614	single-	4	6	{Augustus_model.g2427.t1;Augustus},{GlimmerHMM_glimmerT_2715-T1;GlimmerHMM}

# EVM prediction: Mode:STANDARD S-ratio: 15.35 50068-50901 orient(+) score(2349.00) noncoding_equivalent(153.00) raw_noncoding(153.00) offset(0.00) 
50068	50901	single+	1	3	{Augustus_model.g2428.t1;Augustus},{GlimmerHMM_glimmerT_2716-T1;GlimmerHMM}

# EVM prediction: Mode:STANDARD S-ratio: 417.34 50957-51808 orient(-) score(2548.00) noncoding_equivalent(6.11) raw_noncoding(6.11) offset(0.00) 
51808	50957	single-	4	6	{GlimmerHMM_glimmerT_2717-T1;GlimmerHMM},{Augustus_model.g2429.t1;Augustus}

# EVM prediction: Mode:STANDARD S-ratio: 10000.00 52890-53339 orient(+) score(1344.00) noncoding_equivalent(0.13) raw_noncoding(0.00) offset(0.00) 
52890	53339	single+	1	3	{Augustus_model.g2430.t1;Augustus},{GlimmerHMM_glimmerT_2718-T1;GlimmerHMM}

# EVM prediction: Mode:STANDARD S-ratio: 6.77 53453-54176 orient(-) score(1970.00) noncoding_equivalent(291.00) raw_noncoding(384.00) offset(93.00) 
54054	53453	terminal-	5	6	{Augustus_model.g2431.t1;Augustus},{GlimmerHMM_glimmerT_2719-T1;GlimmerHMM}
54145	54055	INTRON			{Augustus_model.g2431.t1;Augustus},{GlimmerHMM_glimmerT_2719-T1;GlimmerHMM}
54176	54146	initial-	4	4	{Augustus_model.g2431.t1;Augustus},{GlimmerHMM_glimmerT_2719-T1;GlimmerHMM}

# EVM prediction: Mode:STANDARD S-ratio: 14.48 54709-55575 orient(-) score(2433.00) noncoding_equivalent(168.00) raw_noncoding(168.00) offset(0.00) 
55575	54709	single-	4	6	{Augustus_model.g2432.t1;Augustus},{GlimmerHMM_glimmerT_2720-T1;GlimmerHMM}

# EVM prediction: Mode:STANDARD S-ratio: 34.76 55870-57258 orient(-) score(4049.00) noncoding_equivalent(116.48) raw_noncoding(116.48) offset(0.00) 
57258	55870	single-	4	6	{GlimmerHMM_glimmerT_2721-T1;GlimmerHMM},{Augustus_model.g2433.t1;Augustus}

# EVM prediction: Mode:STANDARD S-ratio: 98.75 57799-58197 orient(-) score(1185.00) noncoding_equivalent(12.00) raw_noncoding(12.00) offset(0.00) 
58197	57799	single-	4	6	{GlimmerHMM_glimmerT_2722-T1;GlimmerHMM},{Augustus_model.g2434.t1;Augustus}

# EVM prediction: Mode:STANDARD S-ratio: 11.44 59141-61390 orient(+) score(6206.00) noncoding_equivalent(542.60) raw_noncoding(542.60) offset(0.00) 
59141	61390	single+	1	3	{GlimmerHMM_glimmerT_2723-T1;GlimmerHMM}

# EVM prediction: Mode:STANDARD S-ratio: 2.00 61686-62672 orient(-) score(1974.00) noncoding_equivalent(985.00) raw_noncoding(985.00) offset(0.00) 
62672	61686	single-	4	6	{GlimmerHMM_glimmerT_2724-T1;GlimmerHMM},{Augustus_model.g2436.t1;Augustus}

# EVM prediction: Mode:STANDARD S-ratio: 995.76 62876-65224 orient(+) score(7038.00) noncoding_equivalent(7.07) raw_noncoding(7.07) offset(0.00) 
62876	65224	single+	1	3	{Augustus_model.g2437.t1;Augustus},{GlimmerHMM_glimmerT_2725-T1;GlimmerHMM}

# EVM prediction: Mode:STANDARD S-ratio: 4.99 65350-66660 orient(-) score(6540.00) noncoding_equivalent(1311.00) raw_noncoding(1311.00) offset(0.00) 
66660	65350	single-	4	6	{GlimmerHMM_glimmerT_2726-T1;GlimmerHMM},{HiQ_model.g2438.t1;HiQ}

# EVM prediction: Mode:STANDARD S-ratio: 2.02 66968-68287 orient(+) score(2640.00) noncoding_equivalent(1309.16) raw_noncoding(1309.16) offset(0.00) 
66968	68287	single+	1	3	{Augustus_model.g2439.t1;Augustus},{GlimmerHMM_glimmerT_2727-T1;GlimmerHMM}

# EVM prediction: Mode:STANDARD S-ratio: 29.95 68903-70021 orient(+) score(3247.00) noncoding_equivalent(108.41) raw_noncoding(108.41) offset(0.00) 
68903	70021	single+	1	3	{GlimmerHMM_glimmerT_2728-T1;GlimmerHMM},{Augustus_model.g2440.t1;Augustus}

# EVM prediction: Mode:STANDARD S-ratio: 135.90 70271-73651 orient(+) score(10061.00) noncoding_equivalent(74.03) raw_noncoding(74.03) offset(0.00) 
70271	73651	single+	1	3	{GlimmerHMM_glimmerT_2729-T1;GlimmerHMM}

# EVM prediction: Mode:STANDARD S-ratio: 15.19 73895-75157 orient(+) score(3555.00) noncoding_equivalent(234.00) raw_noncoding(234.00) offset(0.00) 
73895	75157	single+	1	3	{GlimmerHMM_glimmerT_2730-T1;GlimmerHMM}

# EVM prediction: Mode:STANDARD S-ratio: 399.80 75176-77179 orient(-) score(5997.00) noncoding_equivalent(15.00) raw_noncoding(15.00) offset(0.00) 
77179	75176	single-	4	6	{GlimmerHMM_glimmerT_2731-T1;GlimmerHMM},{Augustus_model.g2442.t1;Augustus}

# EVM prediction: Mode:STANDARD S-ratio: 7.13 77412-78083 orient(+) score(1768.00) noncoding_equivalent(248.12) raw_noncoding(248.12) offset(0.00) 
77412	78083	single+	1	3	{GlimmerHMM_glimmerT_2732-T1;GlimmerHMM}

# EVM prediction: Mode:STANDARD S-ratio: 2.78 78618-79132 orient(+) score(922.00) noncoding_equivalent(332.03) raw_noncoding(914.68) offset(582.65) 
78618	78622	initial+	1	2	{snap_scaffold_3-snap.415-T1;snap}
78623	78829	INTRON			{snap_scaffold_3-snap.415-T1;snap}
78830	78837	internal+	3	1	{snap_scaffold_3-snap.415-T1;snap}
78838	78923	INTRON			{snap_scaffold_3-snap.415-T1;snap}
78924	79132	terminal+	2	3	{snap_scaffold_3-snap.415-T1;snap},{Augustus_model.g2443.t1;Augustus}

# EVM prediction: Mode:STANDARD S-ratio: 10000.00 79505-80452 orient(+) score(2844.00) noncoding_equivalent(0.28) raw_noncoding(0.00) offset(0.00) 
79505	80452	single+	1	3	{Augustus_model.g2444.t1;Augustus},{GlimmerHMM_glimmerT_2734-T1;GlimmerHMM}

# EVM prediction: Mode:STANDARD S-ratio: 10000.00 80553-81908 orient(-) score(4068.00) noncoding_equivalent(0.41) raw_noncoding(0.00) offset(0.00) 
81908	80553	single-	4	6	{GlimmerHMM_glimmerT_2735-T1;GlimmerHMM},{Augustus_model.g2445.t1;Augustus}

# EVM prediction: Mode:STANDARD S-ratio: 2.00 82110-82487 orient(+) score(756.00) noncoding_equivalent(378.00) raw_noncoding(378.00) offset(0.00) 
82110	82487	single+	1	3	{Augustus_model.g2446.t1;Augustus},{GlimmerHMM_glimmerT_2736-T1;GlimmerHMM}

# EVM prediction: Mode:STANDARD S-ratio: 10000.00 82541-85639 orient(-) score(9297.00) noncoding_equivalent(0.93) raw_noncoding(0.00) offset(0.00) 
85639	82541	single-	4	6	{GlimmerHMM_glimmerT_2737-T1;GlimmerHMM},{Augustus_model.g2447.t1;Augustus}

# EVM prediction: Mode:STANDARD S-ratio: 489.12 86054-87037 orient(-) score(2944.00) noncoding_equivalent(6.02) raw_noncoding(6.02) offset(0.00) 
87037	86054	single-	4	6	{GlimmerHMM_glimmerT_2738-T1;GlimmerHMM},{Augustus_model.g2448.t1;Augustus}

# EVM prediction: Mode:STANDARD S-ratio: 559.61 87700-89013 orient(-) score(3933.00) noncoding_equivalent(7.03) raw_noncoding(7.03) offset(0.00) 
89013	87700	single-	4	6	{Augustus_model.g2449.t1;Augustus},{GlimmerHMM_glimmerT_2739-T1;GlimmerHMM}

# EVM prediction: Mode:STANDARD S-ratio: 217.45 93758-96160 orient(+) score(7176.00) noncoding_equivalent(33.00) raw_noncoding(33.00) offset(0.00) 
93758	96160	single+	1	3	{Augustus_model.g2450.t1;Augustus},{GlimmerHMM_glimmerT_2740-T1;GlimmerHMM}

# EVM prediction: Mode:STANDARD S-ratio: 80.34 96618-99464 orient(+) score(8436.00) noncoding_equivalent(105.00) raw_noncoding(105.00) offset(0.00) 
96618	99464	single+	1	3	{Augustus_model.g2451.t1;Augustus},{GlimmerHMM_glimmerT_2741-T1;GlimmerHMM}

