!! Predictions spanning range 219 - 95700 [R1]
# EVM prediction: Mode:STANDARD S-ratio: 10000.00 219-1679 orient(+) score(2922.00) noncoding_equivalent(0.29) raw_noncoding(0.00) offset(0.00) 
219	1679	single+	1	3	{Augustus_gene1174.t1;Augustus}

# EVM prediction: Mode:STANDARD S-ratio: 10000.00 10222-15795 orient(+) score(11148.00) noncoding_equivalent(1.11) raw_noncoding(0.00) offset(0.00) 
10222	15795	single+	1	3	{Augustus_gene133.t1;Augustus}

# EVM prediction: Mode:STANDARD S-ratio: 10000.00 16815-20069 orient(+) score(6510.00) noncoding_equivalent(0.65) raw_noncoding(0.00) offset(0.00) 
16815	20069	single+	1	3	{Augustus_gene1034.t1;Augustus}

# EVM prediction: Mode:STANDARD S-ratio: 10000.00 20348-21157 orient(-) score(1620.00) noncoding_equivalent(0.16) raw_noncoding(0.00) offset(0.00) 
21157	20348	single-	4	6	{Augustus_gene866.t1;Augustus}

# EVM prediction: Mode:STANDARD S-ratio: 10000.00 31694-33271 orient(+) score(3156.00) noncoding_equivalent(0.32) raw_noncoding(0.00) offset(0.00) 
31694	33271	single+	1	3	{Augustus_gene20.t1;Augustus}

# EVM prediction: Mode:STANDARD S-ratio: 10000.00 62335-63618 orient(-) score(2568.00) noncoding_equivalent(0.26) raw_noncoding(0.00) offset(0.00) 
63618	62335	single-	4	6	{Augustus_gene1083.t1;Augustus}

# EVM prediction: Mode:STANDARD S-ratio: 10000.00 64069-66348 orient(-) score(4560.00) noncoding_equivalent(0.46) raw_noncoding(0.00) offset(0.00) 
66348	64069	single-	4	6	{Augustus_gene180.t1;Augustus}

# EVM prediction: Mode:STANDARD S-ratio: 10000.00 66790-68580 orient(-) score(3582.00) noncoding_equivalent(0.36) raw_noncoding(0.00) offset(0.00) 
66974	66790	terminal-	5	6	{Augustus_gene32.t1;Augustus}
67046	66975	INTRON			{Augustus_gene32.t1;Augustus}
68580	67047	initial-	4	4	{Augustus_gene32.t1;Augustus}

# EVM prediction: Mode:STANDARD S-ratio: 10000.00 87456-88895 orient(-) score(2880.00) noncoding_equivalent(0.29) raw_noncoding(0.00) offset(0.00) 
88895	87456	single-	4	6	{Augustus_gene470.t1;Augustus}

# EVM prediction: Mode:STANDARD S-ratio: 10000.00 91139-92239 orient(-) score(2202.00) noncoding_equivalent(0.22) raw_noncoding(0.00) offset(0.00) 
92239	91139	single-	4	6	{Augustus_gene830.t1;Augustus}

# EVM prediction: Mode:STANDARD S-ratio: 10000.00 92605-95700 orient(-) score(6192.00) noncoding_equivalent(0.62) raw_noncoding(0.00) offset(0.00) 
95700	92605	single-	4	6	{Augustus_gene786.t1;Augustus}

