!! Predictions spanning range 2777 - 83436 [R1]
# EVM prediction: Mode:STANDARD S-ratio: 10000.00 2777-5763 orient(-) score(5974.00) noncoding_equivalent(0.60) raw_noncoding(0.00) offset(0.00) 
4155	2777	terminal-	5	6	{Augustus_gene152.t1;Augustus}
4700	4156	INTRON			{Augustus_gene152.t1;Augustus}
5763	4701	initial-	4	4	{Augustus_gene152.t1;Augustus}

# EVM prediction: Mode:STANDARD S-ratio: 10000.00 11317-11788 orient(-) score(944.00) noncoding_equivalent(0.09) raw_noncoding(0.00) offset(0.00) 
11633	11317	terminal-	5	6	{Augustus_gene435.t1;Augustus}
11700	11634	INTRON			{Augustus_gene435.t1;Augustus}
11788	11701	initial-	4	4	{Augustus_gene435.t1;Augustus}

# EVM prediction: Mode:STANDARD S-ratio: 10000.00 13571-14350 orient(-) score(1560.00) noncoding_equivalent(0.16) raw_noncoding(0.00) offset(0.00) 
14350	13571	single-	4	6	{Augustus_gene287.t1;Augustus}

# EVM prediction: Mode:STANDARD S-ratio: 10000.00 19192-20670 orient(+) score(2958.00) noncoding_equivalent(0.30) raw_noncoding(0.00) offset(0.00) 
19192	20670	single+	1	3	{Augustus_gene374.t1;Augustus}

# EVM prediction: Mode:STANDARD S-ratio: 10000.00 21914-22480 orient(+) score(1134.00) noncoding_equivalent(0.11) raw_noncoding(0.00) offset(0.00) 
21914	22480	single+	1	3	{Augustus_gene807.t1;Augustus}

# EVM prediction: Mode:STANDARD S-ratio: 10000.00 47744-48994 orient(+) score(2502.00) noncoding_equivalent(0.25) raw_noncoding(0.00) offset(0.00) 
47744	48994	single+	1	3	{Augustus_gene650.t1;Augustus}

# EVM prediction: Mode:STANDARD S-ratio: 10000.00 54771-57632 orient(-) score(5724.00) noncoding_equivalent(0.57) raw_noncoding(0.00) offset(0.00) 
57632	54771	single-	4	6	{Augustus_gene1095.t1;Augustus}

# EVM prediction: Mode:STANDARD S-ratio: 10000.00 82946-83436 orient(-) score(982.00) noncoding_equivalent(0.10) raw_noncoding(0.00) offset(0.00) 
83111	82946	terminal-	6	6	{Augustus_gene248.t1;Augustus}
83194	83112	INTRON			{Augustus_gene248.t1;Augustus}
83436	83195	initial-	4	5	{Augustus_gene248.t1;Augustus}

