!! Predictions spanning range 14 - 97000 [R1]
# EVM prediction: Mode:STANDARD S-ratio: 102.06 14-1078 orient(+) score(3164.00) noncoding_equivalent(31.00) raw_noncoding(31.00) offset(0.00) 
14	1078	terminal+	1	3	{GlimmerHMM_glimmerT_4823-T1;GlimmerHMM}

# EVM prediction: Mode:STANDARD S-ratio: 420.59 1727-3853 orient(+) score(10574.00) noncoding_equivalent(25.14) raw_noncoding(25.14) offset(0.00) 
1727	3853	single+	1	3	{GlimmerHMM_glimmerT_4824-T1;GlimmerHMM}

# EVM prediction: Mode:STANDARD S-ratio: 10000.00 4241-5581 orient(+) score(4023.00) noncoding_equivalent(0.40) raw_noncoding(0.00) offset(0.00) 
4241	5581	single+	1	3	{Augustus_model.g4457.t1;Augustus},{GlimmerHMM_glimmerT_4825-T1;GlimmerHMM}

# EVM prediction: Mode:STANDARD S-ratio: 10000.00 5832-8195 orient(-) score(9448.00) noncoding_equivalent(0.94) raw_noncoding(0.00) offset(0.00) 
8195	5832	single-	4	6	{GlimmerHMM_glimmerT_4826-T1;GlimmerHMM}

# EVM prediction: Mode:STANDARD S-ratio: 4.73 8807-9579 orient(-) score(1882.00) noncoding_equivalent(397.77) raw_noncoding(399.77) offset(2.00) 
9470	8807	terminal-	6	6	{snap_scaffold_21-snap.4-T1;snap}
9508	9471	INTRON			{snap_scaffold_21-snap.4-T1;snap}
9579	9509	initial-	4	5	{snap_scaffold_21-snap.4-T1;snap}

# EVM prediction: Mode:STANDARD S-ratio: 388.41 10832-11344 orient(+) score(2047.00) noncoding_equivalent(5.27) raw_noncoding(5.27) offset(0.00) 
10832	11344	single+	1	3	{Augustus_model.g4459.t1;Augustus},{GlimmerHMM_glimmerT_4828-T1;GlimmerHMM}

# EVM prediction: Mode:STANDARD S-ratio: 4.79 11524-13023 orient(-) score(7446.00) noncoding_equivalent(1554.00) raw_noncoding(1554.00) offset(0.00) 
13023	11524	single-	4	6	{HiQ_model.g4460.t1;HiQ},{GlimmerHMM_glimmerT_4829-T1;GlimmerHMM}

# EVM prediction: Mode:STANDARD S-ratio: 5.11 13344-15602 orient(-) score(11547.00) noncoding_equivalent(2259.00) raw_noncoding(2259.00) offset(0.00) 
15602	13344	single-	4	6	{HiQ_model.g4461.t1;HiQ},{GlimmerHMM_glimmerT_4830-T1;GlimmerHMM}

# EVM prediction: Mode:STANDARD S-ratio: 5.00 16890-17555 orient(-) score(3330.00) noncoding_equivalent(666.00) raw_noncoding(666.00) offset(0.00) 
17555	16890	single-	4	6	{HiQ_model.g4462.t1;HiQ},{GlimmerHMM_glimmerT_4831-T1;GlimmerHMM}

# EVM prediction: Mode:STANDARD S-ratio: 4.38 17730-18791 orient(-) score(5189.00) noncoding_equivalent(1183.89) raw_noncoding(1183.89) offset(0.00) 
18791	17730	single-	4	6	{GlimmerHMM_glimmerT_4832-T1;GlimmerHMM},{HiQ_model.g4463.t1;HiQ}

# EVM prediction: Mode:STANDARD S-ratio: 3.89 20341-21948 orient(-) score(7677.00) noncoding_equivalent(1971.00) raw_noncoding(1971.00) offset(0.00) 
21948	20341	single-	4	6	{HiQ_model.g4464.t1;HiQ}

# EVM prediction: Mode:STANDARD S-ratio: 223.50 22216-23562 orient(+) score(5364.00) noncoding_equivalent(24.00) raw_noncoding(24.00) offset(0.00) 
22216	23562	single+	1	3	{Augustus_model.g4465.t1;Augustus},{GlimmerHMM_glimmerT_4834-T1;GlimmerHMM}

# EVM prediction: Mode:STANDARD S-ratio: 4.84 23776-24696 orient(-) score(4581.00) noncoding_equivalent(946.30) raw_noncoding(946.30) offset(0.00) 
24696	23776	single-	4	6	{HiQ_model.g4466.t1;HiQ},{GlimmerHMM_glimmerT_4835-T1;GlimmerHMM}

# EVM prediction: Mode:STANDARD S-ratio: 42.53 24965-25432 orient(+) score(1829.00) noncoding_equivalent(43.00) raw_noncoding(43.00) offset(0.00) 
24965	25432	single+	1	3	{Augustus_model.g4467.t1;Augustus},{GlimmerHMM_glimmerT_4836-T1;GlimmerHMM}

# EVM prediction: Mode:STANDARD S-ratio: 5.00 25554-28073 orient(-) score(12600.00) noncoding_equivalent(2520.00) raw_noncoding(2520.00) offset(0.00) 
28073	25554	single-	4	6	{HiQ_model.g4468.t1;HiQ},{GlimmerHMM_glimmerT_4837-T1;GlimmerHMM}

# EVM prediction: Mode:STANDARD S-ratio: 4.75 28365-28979 orient(-) score(3048.00) noncoding_equivalent(642.18) raw_noncoding(642.18) offset(0.00) 
28979	28365	single-	4	6	{GlimmerHMM_glimmerT_4838-T1;GlimmerHMM},{HiQ_model.g4469.t1;HiQ}

# EVM prediction: Mode:STANDARD S-ratio: 4.70 29630-30958 orient(-) score(6575.00) noncoding_equivalent(1399.06) raw_noncoding(1399.06) offset(0.00) 
30958	29630	single-	4	6	{HiQ_model.g4470.t1;HiQ}

# EVM prediction: Mode:STANDARD S-ratio: 302.50 31155-32975 orient(+) score(7260.00) noncoding_equivalent(24.00) raw_noncoding(24.00) offset(0.00) 
31155	32975	single+	1	3	{GlimmerHMM_glimmerT_4840-T1;GlimmerHMM},{Augustus_model.g4471.t1;Augustus}

# EVM prediction: Mode:STANDARD S-ratio: 102.41 34968-37604 orient(+) score(10446.00) noncoding_equivalent(102.00) raw_noncoding(102.00) offset(0.00) 
34968	37604	single+	1	3	{GlimmerHMM_glimmerT_4841-T1;GlimmerHMM},{Augustus_model.g4472.t1;Augustus}

# EVM prediction: Mode:STANDARD S-ratio: 4.86 37829-40315 orient(-) score(12378.00) noncoding_equivalent(2544.48) raw_noncoding(2544.48) offset(0.00) 
40315	37829	single-	4	6	{HiQ_model.g4473.t1;HiQ},{GlimmerHMM_glimmerT_4842-T1;GlimmerHMM}

# EVM prediction: Mode:STANDARD S-ratio: 15.42 41087-41792 orient(-) score(1962.00) noncoding_equivalent(127.24) raw_noncoding(156.00) offset(28.76) 
41181	41087	terminal-	5	6	{snap_scaffold_21-snap.18-T1;snap}
41209	41182	INTRON			{snap_scaffold_21-snap.18-T1;snap}
41792	41210	initial-	4	4	{snap_scaffold_21-snap.18-T1;snap}

# EVM prediction: Mode:STANDARD S-ratio: 4.99 42216-48647 orient(-) score(32146.00) noncoding_equivalent(6447.04) raw_noncoding(6447.04) offset(0.00) 
48647	42216	single-	4	6	{HiQ_model.g4475.t1;HiQ},{GlimmerHMM_glimmerT_4844-T1;GlimmerHMM}

# EVM prediction: Mode:STANDARD S-ratio: 5.00 49019-52696 orient(-) score(18381.00) noncoding_equivalent(3678.00) raw_noncoding(3678.00) offset(0.00) 
52696	49019	single-	4	6	{GlimmerHMM_glimmerT_4845-T1;GlimmerHMM},{HiQ_model.g4476.t1;HiQ}

# EVM prediction: Mode:STANDARD S-ratio: 4.93 53636-55975 orient(-) score(11671.00) noncoding_equivalent(2369.56) raw_noncoding(2369.56) offset(0.00) 
55975	53636	single-	4	6	{GlimmerHMM_glimmerT_4846-T1;GlimmerHMM},{HiQ_model.g4477.t1;HiQ}

# EVM prediction: Mode:STANDARD S-ratio: 10000.00 56377-56982 orient(+) score(2415.00) noncoding_equivalent(0.24) raw_noncoding(0.00) offset(0.00) 
56377	56982	single+	1	3	{GlimmerHMM_glimmerT_4847-T1;GlimmerHMM},{Augustus_model.g4478.t1;Augustus}

# EVM prediction: Mode:STANDARD S-ratio: 606.29 58104-59744 orient(-) score(4915.00) noncoding_equivalent(8.11) raw_noncoding(8.11) offset(0.00) 
59744	58104	single-	4	6	{Augustus_model.g4479.t1;Augustus},{GlimmerHMM_glimmerT_4848-T1;GlimmerHMM}

# EVM prediction: Mode:STANDARD S-ratio: 3.46 60992-61438 orient(-) score(2080.00) noncoding_equivalent(602.00) raw_noncoding(602.00) offset(0.00) 
61438	60992	single-	4	6	{GlimmerHMM_glimmerT_4849-T1;GlimmerHMM},{HiQ_model.g4480.t1;HiQ}

# EVM prediction: Mode:STANDARD S-ratio: 10000.00 62151-64229 orient(+) score(8307.00) noncoding_equivalent(0.83) raw_noncoding(0.00) offset(0.00) 
62151	64229	single+	1	3	{GlimmerHMM_glimmerT_4850-T1;GlimmerHMM},{Augustus_model.g4481.t1;Augustus}

# EVM prediction: Mode:STANDARD S-ratio: 4.93 64508-64837 orient(-) score(1646.00) noncoding_equivalent(334.10) raw_noncoding(334.10) offset(0.00) 
64837	64508	single-	4	6	{HiQ_model.g4482.t1;HiQ},{GlimmerHMM_glimmerT_4851-T1;GlimmerHMM}

# EVM prediction: Mode:STANDARD S-ratio: 341.44 65853-67388 orient(+) score(6127.00) noncoding_equivalent(17.94) raw_noncoding(17.94) offset(0.00) 
65853	67388	single+	1	3	{Augustus_model.g4483.t1;Augustus},{GlimmerHMM_glimmerT_4852-T1;GlimmerHMM}

# EVM prediction: Mode:STANDARD S-ratio: 57.00 67627-68106 orient(+) score(1881.00) noncoding_equivalent(33.00) raw_noncoding(33.00) offset(0.00) 
67627	68106	single+	1	3	{GlimmerHMM_glimmerT_4853-T1;GlimmerHMM}

# EVM prediction: Mode:STANDARD S-ratio: 5.00 68159-68392 orient(-) score(1170.00) noncoding_equivalent(234.00) raw_noncoding(234.00) offset(0.00) 
68392	68159	single-	4	6	{HiQ_model.g4485.t1;HiQ},{GlimmerHMM_glimmerT_4854-T1;GlimmerHMM}

# EVM prediction: Mode:STANDARD S-ratio: 1156.93 68964-70463 orient(+) score(5995.00) noncoding_equivalent(5.18) raw_noncoding(5.18) offset(0.00) 
68964	70463	single+	1	3	{Augustus_model.g4486.t1;Augustus},{GlimmerHMM_glimmerT_4855-T1;GlimmerHMM}

# EVM prediction: Mode:STANDARD S-ratio: 340.19 72492-72860 orient(+) score(8404.00) noncoding_equivalent(24.70) raw_noncoding(24.70) offset(0.00) 
72492	72860	single+	1	3	{GlimmerHMM_glimmerT_4856-T1;GlimmerHMM},{Augustus_model.g4487.t1;Augustus}

# EVM prediction: Mode:STANDARD S-ratio: 10000.00 74594-76003 orient(-) score(5631.00) noncoding_equivalent(0.56) raw_noncoding(0.00) offset(0.00) 
76003	74594	single-	4	6	{Augustus_model.g4488.t1;Augustus},{GlimmerHMM_glimmerT_4857-T1;GlimmerHMM}

# EVM prediction: Mode:STANDARD S-ratio: 591.96 77077-78588 orient(+) score(6038.00) noncoding_equivalent(10.20) raw_noncoding(10.20) offset(0.00) 
77077	78588	single+	1	3	{GlimmerHMM_glimmerT_4858-T1;GlimmerHMM},{Augustus_model.g4489.t1;Augustus}

# EVM prediction: Mode:STANDARD S-ratio: 140.74 78711-81188 orient(-) score(9665.00) noncoding_equivalent(68.67) raw_noncoding(68.67) offset(0.00) 
81188	78711	single-	4	6	{Augustus_model.g4490.t1;Augustus},{GlimmerHMM_glimmerT_4859-T1;GlimmerHMM}

# EVM prediction: Mode:STANDARD S-ratio: 713.00 81829-84327 orient(+) score(9982.00) noncoding_equivalent(14.00) raw_noncoding(14.00) offset(0.00) 
81829	84327	single+	1	3	{Augustus_model.g4491.t1;Augustus},{GlimmerHMM_glimmerT_4860-T1;GlimmerHMM}

# EVM prediction: Mode:STANDARD S-ratio: 104.64 84941-88030 orient(+) score(12243.00) noncoding_equivalent(117.00) raw_noncoding(117.00) offset(0.00) 
84941	88030	single+	1	3	{Augustus_model.g4492.t1;Augustus},{GlimmerHMM_glimmerT_4861-T1;GlimmerHMM}

# EVM prediction: Mode:STANDARD S-ratio: 2.00 88300-89595 orient(-) score(5184.00) noncoding_equivalent(2592.00) raw_noncoding(2592.00) offset(0.00) 
89595	88300	single-	4	6	{HiQ_model.g4493.t1;HiQ},{GlimmerHMM_glimmerT_4862-T1;GlimmerHMM}

# EVM prediction: Mode:STANDARD S-ratio: 180.09 90263-91756 orient(+) score(5943.00) noncoding_equivalent(33.00) raw_noncoding(33.00) offset(0.00) 
90263	91756	single+	1	3	{GlimmerHMM_glimmerT_4863-T1;GlimmerHMM},{Augustus_model.g4494.t1;Augustus}

# EVM prediction: Mode:STANDARD S-ratio: 429.85 91974-92843 orient(+) score(3472.00) noncoding_equivalent(8.08) raw_noncoding(8.08) offset(0.00) 
91974	92843	single+	1	3	{GlimmerHMM_glimmerT_4864-T1;GlimmerHMM},{Augustus_model.g4495.t1;Augustus}

# EVM prediction: Mode:STANDARD S-ratio: 256.87 93026-94132 orient(+) score(4409.00) noncoding_equivalent(17.16) raw_noncoding(17.16) offset(0.00) 
93026	94132	single+	1	3	{GlimmerHMM_glimmerT_4865-T1;GlimmerHMM},{Augustus_model.g4496.t1;Augustus}

# EVM prediction: Mode:STANDARD S-ratio: 4.89 94191-95348 orient(-) score(5769.00) noncoding_equivalent(1179.00) raw_noncoding(1179.00) offset(0.00) 
95348	94191	single-	4	6	{GlimmerHMM_glimmerT_4866-T1;GlimmerHMM},{HiQ_model.g4497.t1;HiQ}

# EVM prediction: Mode:STANDARD S-ratio: 49.57 96308-97000 orient(-) score(2669.00) noncoding_equivalent(53.85) raw_noncoding(53.85) offset(0.00) 
97000	96308	single-	4	6	{GlimmerHMM_glimmerT_4867-T1;GlimmerHMM}

