!! Predictions spanning range 618 - 73034 [R1]
# EVM prediction: Mode:STANDARD S-ratio: 5.00 618-3494 orient(-) score(14385.00) noncoding_equivalent(2877.00) raw_noncoding(2877.00) offset(0.00) 
3494	618	single-	4	6	{HiQ_model.g2434.t1;HiQ},{GlimmerHMM_glimmerT_2611-T1;GlimmerHMM}

# EVM prediction: Mode:STANDARD S-ratio: 3.66 3818-5551 orient(-) score(8169.00) noncoding_equivalent(2235.00) raw_noncoding(2235.00) offset(0.00) 
5551	3818	single-	4	6	{GlimmerHMM_glimmerT_2612-T1;GlimmerHMM},{HiQ_model.g2435.t1;HiQ}

# EVM prediction: Mode:STANDARD S-ratio: 47.90 6190-8646 orient(+) score(9627.00) noncoding_equivalent(201.00) raw_noncoding(201.00) offset(0.00) 
6190	8646	single+	1	3	{Augustus_model.g2436.t1;Augustus},{GlimmerHMM_glimmerT_2613-T1;GlimmerHMM}

# EVM prediction: Mode:STANDARD S-ratio: 1.01 8934-9377 orient(+) score(892.00) noncoding_equivalent(884.42) raw_noncoding(884.42) offset(0.00) 
8934	9377	single+	1	3	{GlimmerHMM_glimmerT_2614-T1;GlimmerHMM}

# EVM prediction: Mode:STANDARD S-ratio: 10000.00 9529-10101 orient(+) score(2292.00) noncoding_equivalent(0.23) raw_noncoding(0.00) offset(0.00) 
9529	10101	single+	1	3	{Augustus_model.g2437.t1;Augustus},{GlimmerHMM_glimmerT_2615-T1;GlimmerHMM}

# EVM prediction: Mode:STANDARD S-ratio: 4.57 10147-11074 orient(-) score(4522.00) noncoding_equivalent(989.03) raw_noncoding(1104.00) offset(114.97) 
10959	10147	terminal-	4	6	{HiQ_model.g2438.t1;HiQ},{GlimmerHMM_glimmerT_2616-T1;GlimmerHMM}
11017	10960	INTRON			{HiQ_model.g2438.t1;HiQ},{GlimmerHMM_glimmerT_2616-T1;GlimmerHMM},{ev_type:exonerate/ID=match.160399.3914/Target=YGL232W;exonerate}
11074	11018	initial-	4	6	{HiQ_model.g2438.t1;HiQ},{GlimmerHMM_glimmerT_2616-T1;GlimmerHMM}

# EVM prediction: Mode:STANDARD S-ratio: 4.91 11296-14028 orient(-) score(13623.00) noncoding_equivalent(2773.34) raw_noncoding(2773.34) offset(0.00) 
14028	11296	single-	4	6	{GlimmerHMM_glimmerT_2617-T1;GlimmerHMM},{HiQ_model.g2439.t1;HiQ}

# EVM prediction: Mode:STANDARD S-ratio: 5.00 14260-16668 orient(-) score(12045.00) noncoding_equivalent(2409.00) raw_noncoding(2409.00) offset(0.00) 
16668	14260	single-	4	6	{HiQ_model.g2440.t1;HiQ},{GlimmerHMM_glimmerT_2618-T1;GlimmerHMM}

# EVM prediction: Mode:STANDARD S-ratio: 3.01 17354-19363 orient(+) score(6030.00) noncoding_equivalent(2005.10) raw_noncoding(2005.10) offset(0.00) 
17354	19363	single+	1	3	{Augustus_model.g2441.t1;Augustus},{GlimmerHMM_glimmerT_2619-T1;GlimmerHMM}

# EVM prediction: Mode:STANDARD S-ratio: 3.00 19622-20419 orient(+) score(2394.00) noncoding_equivalent(798.00) raw_noncoding(798.00) offset(0.00) 
19622	20419	single+	1	3	{Augustus_model.g2442.t1;Augustus},{GlimmerHMM_glimmerT_2620-T1;GlimmerHMM}

# EVM prediction: Mode:STANDARD S-ratio: 5.00 20717-23599 orient(-) score(14415.00) noncoding_equivalent(2883.00) raw_noncoding(2883.00) offset(0.00) 
23599	20717	single-	4	6	{HiQ_model.g2443.t1;HiQ},{GlimmerHMM_glimmerT_2621-T1;GlimmerHMM}

# EVM prediction: Mode:STANDARD S-ratio: 4.02 23785-24537 orient(-) score(3612.00) noncoding_equivalent(898.00) raw_noncoding(898.00) offset(0.00) 
24537	23785	single-	4	6	{HiQ_model.g2444.t1;HiQ},{GlimmerHMM_glimmerT_2622-T1;GlimmerHMM}

# EVM prediction: Mode:STANDARD S-ratio: 4.84 24691-27705 orient(-) score(14994.00) noncoding_equivalent(3095.10) raw_noncoding(3095.10) offset(0.00) 
27705	24691	single-	4	6	{HiQ_model.g2445.t1;HiQ},{GlimmerHMM_glimmerT_2623-T1;GlimmerHMM}

# EVM prediction: Mode:STANDARD S-ratio: 3.00 27953-28498 orient(+) score(1638.00) noncoding_equivalent(546.00) raw_noncoding(546.00) offset(0.00) 
27953	28498	single+	1	3	{GlimmerHMM_glimmerT_2624-T1;GlimmerHMM},{Augustus_model.g2446.t1;Augustus}

# EVM prediction: Mode:STANDARD S-ratio: 10000.00 28665-29819 orient(-) score(4620.00) noncoding_equivalent(0.46) raw_noncoding(0.00) offset(0.00) 
29819	28665	single-	4	6	{Augustus_model.g2447.t1;Augustus},{GlimmerHMM_glimmerT_2625-T1;GlimmerHMM}

# EVM prediction: Mode:STANDARD S-ratio: 2.00 30005-31681 orient(-) score(6712.00) noncoding_equivalent(3351.26) raw_noncoding(3351.26) offset(0.00) 
31681	30005	single-	4	6	{GlimmerHMM_glimmerT_2626-T1;GlimmerHMM},{HiQ_model.g2448.t1;HiQ}

# EVM prediction: Mode:STANDARD S-ratio: 5.00 32030-34156 orient(-) score(10635.00) noncoding_equivalent(2127.00) raw_noncoding(2127.00) offset(0.00) 
34156	32030	single-	4	6	{HiQ_model.g2449.t1;HiQ}

# EVM prediction: Mode:STANDARD S-ratio: 3.01 34399-35562 orient(+) score(3492.00) noncoding_equivalent(1158.25) raw_noncoding(1158.25) offset(0.00) 
34399	35562	single+	1	3	{Augustus_model.g2450.t1;Augustus},{GlimmerHMM_glimmerT_2628-T1;GlimmerHMM}

# EVM prediction: Mode:STANDARD S-ratio: 2.00 35653-36246 orient(-) score(2376.00) noncoding_equivalent(1188.00) raw_noncoding(1188.00) offset(0.00) 
36246	35653	single-	4	6	{GlimmerHMM_glimmerT_2629-T1;GlimmerHMM},{HiQ_model.g2451.t1;HiQ}

# EVM prediction: Mode:STANDARD S-ratio: 4.55 36417-37526 orient(-) score(5459.00) noncoding_equivalent(1199.64) raw_noncoding(1199.64) offset(0.00) 
37526	36417	single-	4	6	{HiQ_model.g2452.t1;HiQ},{GlimmerHMM_glimmerT_2630-T1;GlimmerHMM}

# EVM prediction: Mode:STANDARD S-ratio: 5.00 37967-40081 orient(-) score(10575.00) noncoding_equivalent(2115.00) raw_noncoding(2115.00) offset(0.00) 
40081	37967	single-	4	6	{GlimmerHMM_glimmerT_2631-T1;GlimmerHMM},{HiQ_model.g2453.t1;HiQ}

# EVM prediction: Mode:STANDARD S-ratio: 2.01 40545-41270 orient(-) score(2904.00) noncoding_equivalent(1447.63) raw_noncoding(1447.63) offset(0.00) 
41270	40545	single-	4	6	{GlimmerHMM_glimmerT_2632-T1;GlimmerHMM},{HiQ_model.g2454.t1;HiQ}

# EVM prediction: Mode:STANDARD S-ratio: 34.86 41544-45259 orient(+) score(14301.00) noncoding_equivalent(410.18) raw_noncoding(713.48) offset(303.29) 
41544	41601	initial+	1	1	{Augustus_model.g2455.t1;Augustus}
41602	41753	INTRON			{Augustus_model.g2455.t1;Augustus},{ev_type:exonerate/ID=match.160399.2747/Target=YGL251C;exonerate}
41754	45259	terminal+	2	3	{Augustus_model.g2455.t1;Augustus}

# EVM prediction: Mode:STANDARD S-ratio: 10000.00 45696-47462 orient(+) score(7068.00) noncoding_equivalent(0.71) raw_noncoding(0.00) offset(0.00) 
45696	47462	single+	1	3	{Augustus_model.g2456.t1;Augustus},{GlimmerHMM_glimmerT_2634-T1;GlimmerHMM}

# EVM prediction: Mode:STANDARD S-ratio: 5.78 47783-49243 orient(-) score(8712.00) noncoding_equivalent(1506.00) raw_noncoding(1506.00) offset(0.00) 
49243	47783	single-	4	6	{GlimmerHMM_glimmerT_2635-T1;GlimmerHMM},{HiQ_model.g2457.t1;HiQ}

# EVM prediction: Mode:STANDARD S-ratio: 2.00 49990-50889 orient(-) score(3600.00) noncoding_equivalent(1800.00) raw_noncoding(1800.00) offset(0.00) 
50889	49990	single-	4	6	{HiQ_model.g2458.t1;HiQ},{GlimmerHMM_glimmerT_2636-T1;GlimmerHMM}

# EVM prediction: Mode:STANDARD S-ratio: 5.00 51085-52215 orient(-) score(5655.00) noncoding_equivalent(1131.00) raw_noncoding(1131.00) offset(0.00) 
52215	51085	single-	4	6	{HiQ_model.g2459.t1;HiQ},{GlimmerHMM_glimmerT_2637-T1;GlimmerHMM}

# EVM prediction: Mode:STANDARD S-ratio: 5.00 56893-58041 orient(-) score(5745.00) noncoding_equivalent(1149.00) raw_noncoding(1149.00) offset(0.00) 
58041	56893	single-	4	6	{HiQ_model.g2460.t1;HiQ},{GlimmerHMM_glimmerT_2638-T1;GlimmerHMM}

# EVM prediction: Mode:STANDARD S-ratio: 116.67 59043-60719 orient(+) score(6650.00) noncoding_equivalent(57.00) raw_noncoding(57.00) offset(0.00) 
59043	60719	single+	1	3	{GlimmerHMM_glimmerT_2639-T1;GlimmerHMM},{Augustus_model.g2461.t1;Augustus}

# EVM prediction: Mode:STANDARD S-ratio: 5.66 61470-62090 orient(-) score(3688.00) noncoding_equivalent(651.20) raw_noncoding(651.20) offset(0.00) 
62090	61470	single-	4	6	{HiQ_model.g2462.t1;HiQ},{GlimmerHMM_glimmerT_2640-T1;GlimmerHMM}

# EVM prediction: Mode:STANDARD S-ratio: 1.80 63722-64039 orient(-) score(1167.00) noncoding_equivalent(648.00) raw_noncoding(648.00) offset(0.00) 
64039	63722	single-	4	6	{HiQ_model.g2463.t1;HiQ}

# EVM prediction: Mode:STANDARD S-ratio: 10000.00 66394-66756 orient(+) score(8289.00) noncoding_equivalent(0.83) raw_noncoding(0.00) offset(0.00) 
66394	66756	single+	1	3	{Augustus_model.g2464.t1;Augustus},{GlimmerHMM_glimmerT_2642-T1;GlimmerHMM}

# EVM prediction: Mode:STANDARD S-ratio: 608.39 69305-70744 orient(+) score(10951.00) noncoding_equivalent(18.00) raw_noncoding(18.00) offset(0.00) 
69305	70744	single+	1	3	{GlimmerHMM_glimmerT_2643-T1;GlimmerHMM}

# EVM prediction: Mode:STANDARD S-ratio: 3.53 70807-73034 orient(+) score(8626.00) noncoding_equivalent(2444.00) raw_noncoding(2494.00) offset(50.00) 
70807	72966	initial+	1	3	{Augustus_model.g2466.t1;Augustus}
72967	73016	INTRON			{Augustus_model.g2466.t1;Augustus}
73017	73034	terminal+	1	3	{Augustus_model.g2466.t1;Augustus}

