!! Predictions spanning range 3869 - 98076 [R1]
# EVM prediction: Mode:STANDARD S-ratio: 14.49 3869-5560 orient(-) score(4749.00) noncoding_equivalent(327.77) raw_noncoding(327.77) offset(0.00) 
5560	3869	single-	4	6	{GlimmerHMM_glimmerT_347-T1;GlimmerHMM}

# EVM prediction: Mode:STANDARD S-ratio: 40.25 13714-14613 orient(+) score(2633.00) noncoding_equivalent(65.41) raw_noncoding(65.41) offset(0.00) 
13714	14613	single+	1	3	{GlimmerHMM_glimmerT_348-T1;GlimmerHMM}

# EVM prediction: Mode:STANDARD S-ratio: 3.63 14972-15823 orient(+) score(1698.00) noncoding_equivalent(468.24) raw_noncoding(1180.64) offset(712.40) 
14972	14975	initial+	1	1	{snap_scaffold_1-snap.302-T1;snap}
14976	15041	INTRON			{snap_scaffold_1-snap.302-T1;snap}
15042	15050	internal+	2	1	{snap_scaffold_1-snap.302-T1;snap}
15051	15374	INTRON			{snap_scaffold_1-snap.302-T1;snap}
15375	15823	terminal+	2	3	{snap_scaffold_1-snap.302-T1;snap}

# EVM prediction: Mode:STANDARD S-ratio: 60.38 15919-17970 orient(-) score(6054.00) noncoding_equivalent(100.27) raw_noncoding(100.27) offset(0.00) 
17970	15919	single-	4	6	{Augustus_model.g316.t1;Augustus},{GlimmerHMM_glimmerT_350-T1;GlimmerHMM}

# EVM prediction: Mode:STANDARD S-ratio: 2.07 18496-20040 orient(-) score(3546.00) noncoding_equivalent(1712.20) raw_noncoding(1712.20) offset(0.00) 
20040	18496	single-	4	6	{GlimmerHMM_glimmerT_351-T1;GlimmerHMM}

# EVM prediction: Mode:STANDARD S-ratio: 173.10 20444-21781 orient(+) score(3989.00) noncoding_equivalent(23.04) raw_noncoding(23.04) offset(0.00) 
20444	21781	single+	1	3	{Augustus_model.g318.t1;Augustus},{GlimmerHMM_glimmerT_352-T1;GlimmerHMM}

# EVM prediction: Mode:STANDARD S-ratio: 2.00 22111-22620 orient(+) score(1020.00) noncoding_equivalent(510.00) raw_noncoding(510.00) offset(0.00) 
22111	22620	single+	1	3	{GlimmerHMM_glimmerT_353-T1;GlimmerHMM},{Augustus_model.g319.t1;Augustus}

# EVM prediction: Mode:STANDARD S-ratio: 2.04 22890-24010 orient(-) score(1730.00) noncoding_equivalent(846.08) raw_noncoding(1899.26) offset(1053.19) 
23212	22890	terminal-	5	6	{snap_scaffold_1-snap.306-T1;snap},{GlimmerHMM_glimmerT_354-T1;GlimmerHMM}
23917	23213	INTRON			{snap_scaffold_1-snap.306-T1;snap}
23924	23918	internal-	4	4	{snap_scaffold_1-snap.306-T1;snap}
24004	23925	INTRON			{snap_scaffold_1-snap.306-T1;snap}
24010	24005	initial-	4	6	{snap_scaffold_1-snap.306-T1;snap}

# EVM prediction: Mode:STANDARD S-ratio: 11.23 24229-26838 orient(-) score(7187.00) noncoding_equivalent(640.15) raw_noncoding(640.15) offset(0.00) 
26838	24229	single-	4	6	{GlimmerHMM_glimmerT_355-T1;GlimmerHMM}

# EVM prediction: Mode:STANDARD S-ratio: 2.00 28231-28758 orient(+) score(1056.00) noncoding_equivalent(528.00) raw_noncoding(528.00) offset(0.00) 
28231	28758	single+	1	3	{GlimmerHMM_glimmerT_356-T1;GlimmerHMM},{Augustus_model.g321.t1;Augustus}

# EVM prediction: Mode:STANDARD S-ratio: 26.41 29278-30204 orient(+) score(2678.00) noncoding_equivalent(101.41) raw_noncoding(101.41) offset(0.00) 
29278	30204	single+	1	3	{GlimmerHMM_glimmerT_357-T1;GlimmerHMM},{Augustus_model.g322.t1;Augustus}

# EVM prediction: Mode:STANDARD S-ratio: 10000.00 30359-31681 orient(-) score(3969.00) noncoding_equivalent(0.40) raw_noncoding(0.00) offset(0.00) 
31681	30359	single-	4	6	{GlimmerHMM_glimmerT_358-T1;GlimmerHMM},{Augustus_model.g323.t1;Augustus}

# EVM prediction: Mode:STANDARD S-ratio: 101.86 32768-33802 orient(-) score(3073.00) noncoding_equivalent(30.17) raw_noncoding(30.17) offset(0.00) 
33802	32768	single-	4	6	{GlimmerHMM_glimmerT_359-T1;GlimmerHMM},{Augustus_model.g324.t1;Augustus}

# EVM prediction: Mode:STANDARD S-ratio: 2.00 34770-35783 orient(-) score(2028.00) noncoding_equivalent(1014.00) raw_noncoding(1014.00) offset(0.00) 
35783	34770	single-	4	6	{GlimmerHMM_glimmerT_360-T1;GlimmerHMM},{Augustus_model.g325.t1;Augustus}

# EVM prediction: Mode:STANDARD S-ratio: 197.71 36691-38745 orient(+) score(6129.00) noncoding_equivalent(31.00) raw_noncoding(31.00) offset(0.00) 
36691	38745	single+	1	3	{GlimmerHMM_glimmerT_361-T1;GlimmerHMM},{Augustus_model.g326.t1;Augustus}

# EVM prediction: Mode:STANDARD S-ratio: 359.50 38808-40970 orient(-) score(6471.00) noncoding_equivalent(18.00) raw_noncoding(18.00) offset(0.00) 
40970	38808	single-	4	6	{GlimmerHMM_glimmerT_362-T1;GlimmerHMM},{Augustus_model.g327.t1;Augustus}

# EVM prediction: Mode:STANDARD S-ratio: 13.85 41796-42227 orient(-) score(1207.00) noncoding_equivalent(87.15) raw_noncoding(87.15) offset(0.00) 
42227	41796	single-	4	6	{Augustus_model.g328.t1;Augustus},{GlimmerHMM_glimmerT_363-T1;GlimmerHMM}

# EVM prediction: Mode:STANDARD S-ratio: 1033.19 43943-45709 orient(+) score(5255.00) noncoding_equivalent(5.09) raw_noncoding(5.09) offset(0.00) 
43943	45709	single+	1	3	{Augustus_model.g329.t1;Augustus},{GlimmerHMM_glimmerT_364-T1;GlimmerHMM}

# EVM prediction: Mode:STANDARD S-ratio: 17.40 45857-47047 orient(-) score(3455.00) noncoding_equivalent(198.61) raw_noncoding(282.00) offset(83.39) 
46960	45857	terminal-	4	6	{Augustus_model.g330.t1;Augustus},{GlimmerHMM_glimmerT_365-T1;GlimmerHMM}
47044	46961	INTRON			{Augustus_model.g330.t1;Augustus},{GlimmerHMM_glimmerT_365-T1;GlimmerHMM}
47047	47045	initial-	4	6	{Augustus_model.g330.t1;Augustus},{GlimmerHMM_glimmerT_365-T1;GlimmerHMM}

# EVM prediction: Mode:STANDARD S-ratio: 10000.00 47251-47895 orient(+) score(1935.00) noncoding_equivalent(0.19) raw_noncoding(0.00) offset(0.00) 
47251	47895	single+	1	3	{GlimmerHMM_glimmerT_366-T1;GlimmerHMM},{Augustus_model.g331.t1;Augustus}

# EVM prediction: Mode:STANDARD S-ratio: 6.26 47906-49132 orient(-) score(3174.00) noncoding_equivalent(507.00) raw_noncoding(507.00) offset(0.00) 
49132	47906	single-	4	6	{GlimmerHMM_glimmerT_367-T1;GlimmerHMM},{Augustus_model.g332.t1;Augustus}

# EVM prediction: Mode:STANDARD S-ratio: 315.71 49621-50469 orient(-) score(2537.00) noncoding_equivalent(8.04) raw_noncoding(8.04) offset(0.00) 
50469	49621	single-	4	6	{GlimmerHMM_glimmerT_368-T1;GlimmerHMM},{Augustus_model.g333.t1;Augustus}

# EVM prediction: Mode:STANDARD S-ratio: 15.05 52034-52951 orient(+) score(2574.00) noncoding_equivalent(171.00) raw_noncoding(171.00) offset(0.00) 
52034	52951	single+	1	3	{GlimmerHMM_glimmerT_369-T1;GlimmerHMM}

# EVM prediction: Mode:STANDARD S-ratio: 10.60 53013-53795 orient(-) score(2309.00) noncoding_equivalent(217.80) raw_noncoding(217.80) offset(0.00) 
53795	53013	single-	4	6	{GlimmerHMM_glimmerT_370-T1;GlimmerHMM},{Augustus_model.g335.t1;Augustus}

# EVM prediction: Mode:STANDARD S-ratio: 3.38 54122-56671 orient(+) score(7650.00) noncoding_equivalent(2266.57) raw_noncoding(2266.57) offset(0.00) 
54122	56671	single+	1	3	{GlimmerHMM_glimmerT_371-T1;GlimmerHMM},{Augustus_model.g336.t1;Augustus}

# EVM prediction: Mode:STANDARD S-ratio: 334.80 57401-58414 orient(+) score(3031.00) noncoding_equivalent(9.05) raw_noncoding(9.05) offset(0.00) 
57401	58414	single+	1	3	{Augustus_model.g337.t1;Augustus}

# EVM prediction: Mode:STANDARD S-ratio: 51.84 58503-59087 orient(-) score(1720.00) noncoding_equivalent(33.18) raw_noncoding(33.18) offset(0.00) 
59087	58503	single-	4	6	{GlimmerHMM_glimmerT_373-T1;GlimmerHMM}

# EVM prediction: Mode:STANDARD S-ratio: 2.00 59423-60178 orient(-) score(1514.00) noncoding_equivalent(755.76) raw_noncoding(755.76) offset(0.00) 
60178	59423	single-	4	6	{GlimmerHMM_glimmerT_374-T1;GlimmerHMM}

# EVM prediction: Mode:STANDARD S-ratio: 5.91 60671-61066 orient(-) score(2369.00) noncoding_equivalent(401.01) raw_noncoding(401.01) offset(0.00) 
61066	60671	single-	4	6	{GlimmerHMM_glimmerT_375-T1;GlimmerHMM},{HiQ_model.g339.t1;HiQ}

# EVM prediction: Mode:STANDARD S-ratio: 4.01 61931-62323 orient(+) score(1560.00) noncoding_equivalent(389.38) raw_noncoding(389.38) offset(0.00) 
61931	62323	single+	1	3	{Augustus_model.g340.t1;Augustus},{GlimmerHMM_glimmerT_376-T1;GlimmerHMM}

# EVM prediction: Mode:STANDARD S-ratio: 10000.00 62592-63602 orient(-) score(3033.00) noncoding_equivalent(0.30) raw_noncoding(0.00) offset(0.00) 
63602	62592	single-	4	6	{GlimmerHMM_glimmerT_377-T1;GlimmerHMM},{Augustus_model.g341.t1;Augustus}

# EVM prediction: Mode:STANDARD S-ratio: 184.41 64582-65391 orient(-) score(2415.00) noncoding_equivalent(13.10) raw_noncoding(13.10) offset(0.00) 
65391	64582	single-	4	6	{Augustus_model.g342.t1;Augustus},{GlimmerHMM_glimmerT_378-T1;GlimmerHMM}

# EVM prediction: Mode:STANDARD S-ratio: 17.57 66392-67791 orient(-) score(4077.00) noncoding_equivalent(232.02) raw_noncoding(347.30) offset(115.27) 
67668	66392	terminal-	5	6	{GlimmerHMM_glimmerT_379-T1;GlimmerHMM},{Augustus_model.g343.t1;Augustus},{snap_scaffold_1-snap.327-T1;snap}
67781	67669	INTRON			{GlimmerHMM_glimmerT_379-T1;GlimmerHMM},{Augustus_model.g343.t1;Augustus}
67791	67782	initial-	4	4	{GlimmerHMM_glimmerT_379-T1;GlimmerHMM},{Augustus_model.g343.t1;Augustus}

# EVM prediction: Mode:STANDARD S-ratio: 10000.00 68742-69311 orient(-) score(1710.00) noncoding_equivalent(0.17) raw_noncoding(0.00) offset(0.00) 
69311	68742	single-	4	6	{GlimmerHMM_glimmerT_380-T1;GlimmerHMM},{Augustus_model.g344.t1;Augustus}

# EVM prediction: Mode:STANDARD S-ratio: 2.36 69636-70616 orient(+) score(2166.00) noncoding_equivalent(917.40) raw_noncoding(1066.40) offset(149.00) 
69636	70102	initial+	1	2	{Augustus_model.g345.t1;Augustus},{GlimmerHMM_glimmerT_381-T1;GlimmerHMM}
70103	70249	INTRON			{Augustus_model.g345.t1;Augustus},{GlimmerHMM_glimmerT_381-T1;GlimmerHMM}
70250	70616	terminal+	3	3	{Augustus_model.g345.t1;Augustus},{GlimmerHMM_glimmerT_381-T1;GlimmerHMM}

# EVM prediction: Mode:STANDARD S-ratio: 5.69 70940-71257 orient(-) score(1878.00) noncoding_equivalent(330.00) raw_noncoding(330.00) offset(0.00) 
71257	70940	single-	4	6	{HiQ_model.g346.t1;HiQ},{GlimmerHMM_glimmerT_382-T1;GlimmerHMM}

# EVM prediction: Mode:STANDARD S-ratio: 339.79 72165-72575 orient(+) score(2047.00) noncoding_equivalent(6.02) raw_noncoding(6.02) offset(0.00) 
72165	72575	single+	1	3	{GlimmerHMM_glimmerT_383-T1;GlimmerHMM},{Augustus_model.g347.t1;Augustus}

# EVM prediction: Mode:STANDARD S-ratio: 12.89 72919-74154 orient(-) score(3441.00) noncoding_equivalent(267.00) raw_noncoding(267.00) offset(0.00) 
74154	72919	single-	4	6	{GlimmerHMM_glimmerT_384-T1;GlimmerHMM}

# EVM prediction: Mode:STANDARD S-ratio: 8.50 74550-75950 orient(-) score(3526.00) noncoding_equivalent(414.62) raw_noncoding(885.71) offset(471.09) 
75682	74550	terminal-	5	6	{snap_scaffold_1-snap.333-T1;snap}
75943	75683	INTRON			{snap_scaffold_1-snap.333-T1;snap}
75950	75944	initial-	4	4	{snap_scaffold_1-snap.333-T1;snap}

# EVM prediction: Mode:STANDARD S-ratio: 546.53 76010-78025 orient(-) score(6037.00) noncoding_equivalent(11.05) raw_noncoding(11.05) offset(0.00) 
78025	76010	single-	4	6	{GlimmerHMM_glimmerT_386-T1;GlimmerHMM}

# EVM prediction: Mode:STANDARD S-ratio: 722.28 80373-82310 orient(-) score(5804.00) noncoding_equivalent(8.04) raw_noncoding(8.04) offset(0.00) 
82310	80373	single-	4	6	{GlimmerHMM_glimmerT_387-T1;GlimmerHMM},{Augustus_model.g350.t1;Augustus}

# EVM prediction: Mode:STANDARD S-ratio: 16.50 82910-83674 orient(-) score(2162.00) noncoding_equivalent(131.02) raw_noncoding(131.02) offset(0.00) 
83674	82910	single-	4	6	{GlimmerHMM_glimmerT_388-T1;GlimmerHMM}

# EVM prediction: Mode:STANDARD S-ratio: 85.12 85092-85877 orient(+) score(2329.00) noncoding_equivalent(27.36) raw_noncoding(27.36) offset(0.00) 
85092	85877	single+	1	3	{GlimmerHMM_glimmerT_389-T1;GlimmerHMM},{Augustus_model.g352.t1;Augustus}

# EVM prediction: Mode:STANDARD S-ratio: 10000.00 87942-89552 orient(+) score(4833.00) noncoding_equivalent(0.48) raw_noncoding(0.00) offset(0.00) 
87942	89552	single+	1	3	{GlimmerHMM_glimmerT_390-T1;GlimmerHMM},{Augustus_model.g353.t1;Augustus}

# EVM prediction: Mode:STANDARD S-ratio: 10000.00 89992-91089 orient(-) score(3294.00) noncoding_equivalent(0.33) raw_noncoding(0.00) offset(0.00) 
91089	89992	single-	4	6	{GlimmerHMM_glimmerT_391-T1;GlimmerHMM},{Augustus_model.g354.t1;Augustus}

# EVM prediction: Mode:STANDARD S-ratio: 6.19 91560-95069 orient(-) score(8120.00) noncoding_equivalent(1312.23) raw_noncoding(3507.71) offset(2195.48) 
93965	91560	terminal-	4	6	{snap_scaffold_1-snap.340-T1;snap}
95063	93966	INTRON			{snap_scaffold_1-snap.340-T1;snap}
95069	95064	initial-	4	6	{snap_scaffold_1-snap.340-T1;snap}

# EVM prediction: Mode:STANDARD S-ratio: 27.78 95274-95525 orient(-) score(728.00) noncoding_equivalent(26.21) raw_noncoding(26.21) offset(0.00) 
95525	95274	single-	4	6	{GlimmerHMM_glimmerT_393-T1;GlimmerHMM}

# EVM prediction: Mode:STANDARD S-ratio: 2.02 95958-96560 orient(-) score(1206.00) noncoding_equivalent(597.38) raw_noncoding(597.38) offset(0.00) 
96560	95958	single-	4	6	{Augustus_model.g356.t1;Augustus},{GlimmerHMM_glimmerT_394-T1;GlimmerHMM}

# EVM prediction: Mode:STANDARD S-ratio: 10000.00 97132-98076 orient(+) score(2835.00) noncoding_equivalent(0.28) raw_noncoding(0.00) offset(0.00) 
97132	98076	single+	1	3	{GlimmerHMM_glimmerT_395-T1;GlimmerHMM},{Augustus_model.g357.t1;Augustus}

