!! Predictions spanning range 5 - 99052 [R1]
# EVM prediction: Mode:STANDARD S-ratio: 10000.00 5-1069 orient(-) score(3195.00) noncoding_equivalent(0.32) raw_noncoding(0.00) offset(0.00) 
1069	5	single-	4	6	{Augustus_model.g3043.t1;Augustus},{GlimmerHMM_glimmerT_3451-T1;GlimmerHMM}

# EVM prediction: Mode:STANDARD S-ratio: 11.28 1716-3218 orient(-) score(4140.00) noncoding_equivalent(367.06) raw_noncoding(367.06) offset(0.00) 
3218	1716	single-	4	6	{GlimmerHMM_glimmerT_3452-T1;GlimmerHMM}

# EVM prediction: Mode:STANDARD S-ratio: 46.23 4344-4934 orient(+) score(2295.00) noncoding_equivalent(49.64) raw_noncoding(49.64) offset(0.00) 
4344	4934	single+	1	3	{GlimmerHMM_glimmerT_3453-T1;GlimmerHMM},{Augustus_model.g3045.t1;Augustus}

# EVM prediction: Mode:STANDARD S-ratio: 31.42 5154-5615 orient(+) score(1791.00) noncoding_equivalent(57.00) raw_noncoding(57.00) offset(0.00) 
5154	5615	single+	1	3	{GlimmerHMM_glimmerT_3454-T1;GlimmerHMM},{Augustus_model.g3046.t1;Augustus}

# EVM prediction: Mode:STANDARD S-ratio: 5.00 5788-7104 orient(-) score(6585.00) noncoding_equivalent(1317.00) raw_noncoding(1317.00) offset(0.00) 
7104	5788	single-	4	6	{GlimmerHMM_glimmerT_3455-T1;GlimmerHMM},{HiQ_model.g3047.t1;HiQ}

# EVM prediction: Mode:STANDARD S-ratio: 2.75 7642-9627 orient(+) score(5817.00) noncoding_equivalent(2118.27) raw_noncoding(2118.27) offset(0.00) 
7642	9627	single+	1	3	{GlimmerHMM_glimmerT_3456-T1;GlimmerHMM}

# EVM prediction: Mode:STANDARD S-ratio: 10.48 10147-13338 orient(+) score(8742.00) noncoding_equivalent(834.00) raw_noncoding(834.00) offset(0.00) 
10147	13338	single+	1	3	{GlimmerHMM_glimmerT_3457-T1;GlimmerHMM}

# EVM prediction: Mode:STANDARD S-ratio: 5.00 14413-15873 orient(+) score(7305.00) noncoding_equivalent(1461.00) raw_noncoding(1461.00) offset(0.00) 
14413	15873	single+	1	3	{GlimmerHMM_glimmerT_3458-T1;GlimmerHMM},{HiQ_model.g3049.t1;HiQ}

# EVM prediction: Mode:STANDARD S-ratio: 15.60 16239-17969 orient(+) score(6507.00) noncoding_equivalent(417.00) raw_noncoding(417.00) offset(0.00) 
16239	17969	single+	1	3	{Augustus_model.g3050.t1;Augustus},{GlimmerHMM_glimmerT_3459-T1;GlimmerHMM}

# EVM prediction: Mode:STANDARD S-ratio: 64.90 18145-19116 orient(-) score(3829.00) noncoding_equivalent(59.00) raw_noncoding(59.00) offset(0.00) 
19116	18145	single-	4	6	{GlimmerHMM_glimmerT_3460-T1;GlimmerHMM}

# EVM prediction: Mode:STANDARD S-ratio: 10000.00 19853-23566 orient(+) score(14850.00) noncoding_equivalent(1.49) raw_noncoding(0.00) offset(0.00) 
19853	23566	single+	1	3	{GlimmerHMM_glimmerT_3461-T1;GlimmerHMM},{Augustus_model.g3052.t1;Augustus}

# EVM prediction: Mode:STANDARD S-ratio: 10000.00 23746-26043 orient(-) score(6894.00) noncoding_equivalent(0.69) raw_noncoding(0.00) offset(0.00) 
26043	23746	single-	4	6	{Augustus_model.g3053.t1;Augustus},{GlimmerHMM_glimmerT_3462-T1;GlimmerHMM}

# EVM prediction: Mode:STANDARD S-ratio: 61.46 26484-32339 orient(-) score(23049.00) noncoding_equivalent(375.00) raw_noncoding(375.00) offset(0.00) 
32339	26484	single-	4	6	{GlimmerHMM_glimmerT_3463-T1;GlimmerHMM},{Augustus_model.g3054.t1;Augustus}

# EVM prediction: Mode:STANDARD S-ratio: 5.00 32837-34564 orient(-) score(8640.00) noncoding_equivalent(1728.00) raw_noncoding(1728.00) offset(0.00) 
34564	32837	single-	4	6	{HiQ_model.g3055.t1;HiQ},{GlimmerHMM_glimmerT_3464-T1;GlimmerHMM}

# EVM prediction: Mode:STANDARD S-ratio: 10000.00 35507-37345 orient(+) score(7356.00) noncoding_equivalent(0.74) raw_noncoding(0.00) offset(0.00) 
35507	37345	single+	1	3	{GlimmerHMM_glimmerT_3465-T1;GlimmerHMM},{Augustus_model.g3056.t1;Augustus}

# EVM prediction: Mode:STANDARD S-ratio: 197.91 37895-41095 orient(+) score(12738.00) noncoding_equivalent(64.36) raw_noncoding(64.36) offset(0.00) 
37895	41095	single+	1	3	{Augustus_model.g3057.t1;Augustus},{GlimmerHMM_glimmerT_3466-T1;GlimmerHMM}

# EVM prediction: Mode:STANDARD S-ratio: 4.84 41239-42243 orient(-) score(4733.00) noncoding_equivalent(977.00) raw_noncoding(1293.00) offset(316.00) 
42108	41239	terminal-	4	6	{snap_scaffold_8-snap.50-T1;snap},{HiQ_model.g3058.t1;HiQ}
42216	42109	INTRON			{HiQ_model.g3058.t1;HiQ},{ev_type:exonerate/ID=match.177006.3812/Target=YNL265C;exonerate}
42243	42217	initial-	4	6	{HiQ_model.g3058.t1;HiQ}

# EVM prediction: Mode:STANDARD S-ratio: 4.88 42552-43604 orient(-) score(5244.00) noncoding_equivalent(1074.00) raw_noncoding(1074.00) offset(0.00) 
43604	42552	single-	4	6	{HiQ_model.g3059.t1;HiQ},{GlimmerHMM_glimmerT_3468-T1;GlimmerHMM}

# EVM prediction: Mode:STANDARD S-ratio: 140.33 43880-44848 orient(-) score(3789.00) noncoding_equivalent(27.00) raw_noncoding(27.00) offset(0.00) 
44848	43880	single-	4	6	{Augustus_model.g3060.t1;Augustus},{GlimmerHMM_glimmerT_3469-T1;GlimmerHMM}

# EVM prediction: Mode:STANDARD S-ratio: 10000.00 45234-51899 orient(+) score(26664.00) noncoding_equivalent(2.67) raw_noncoding(0.00) offset(0.00) 
45234	51899	single+	1	3	{GlimmerHMM_glimmerT_3470-T1;GlimmerHMM},{Augustus_model.g3061.t1;Augustus}

# EVM prediction: Mode:STANDARD S-ratio: 55.47 52099-53538 orient(+) score(5658.00) noncoding_equivalent(102.00) raw_noncoding(102.00) offset(0.00) 
52099	53538	single+	1	3	{Augustus_model.g3062.t1;Augustus},{GlimmerHMM_glimmerT_3471-T1;GlimmerHMM}

# EVM prediction: Mode:STANDARD S-ratio: 41.93 53881-54369 orient(-) score(1431.00) noncoding_equivalent(34.13) raw_noncoding(34.13) offset(0.00) 
54369	53881	single-	4	6	{GlimmerHMM_glimmerT_3472-T1;GlimmerHMM},{Augustus_model.g3063.t1;Augustus}

# EVM prediction: Mode:STANDARD S-ratio: 2.06 54664-54885 orient(-) score(897.00) noncoding_equivalent(435.79) raw_noncoding(435.79) offset(0.00) 
54885	54664	single-	4	6	{GlimmerHMM_glimmerT_3473-T1;GlimmerHMM},{HiQ_model.g3064.t1;HiQ}

# EVM prediction: Mode:STANDARD S-ratio: 10000.00 55161-57440 orient(-) score(6840.00) noncoding_equivalent(0.68) raw_noncoding(0.00) offset(0.00) 
57440	55161	single-	4	6	{GlimmerHMM_glimmerT_3474-T1;GlimmerHMM},{Augustus_model.g3065.t1;Augustus}

# EVM prediction: Mode:STANDARD S-ratio: 3.68 57709-61398 orient(-) score(18408.00) noncoding_equivalent(5000.61) raw_noncoding(5000.61) offset(0.00) 
61398	57709	single-	4	6	{GlimmerHMM_glimmerT_3475-T1;GlimmerHMM},{HiQ_model.g3066.t1;HiQ}

# EVM prediction: Mode:STANDARD S-ratio: 156.66 61700-64183 orient(+) score(9871.00) noncoding_equivalent(63.01) raw_noncoding(63.01) offset(0.00) 
61700	64183	single+	1	3	{GlimmerHMM_glimmerT_3476-T1;GlimmerHMM}

# EVM prediction: Mode:STANDARD S-ratio: 43.86 65133-66308 orient(-) score(3448.00) noncoding_equivalent(78.61) raw_noncoding(78.61) offset(0.00) 
66308	65133	single-	4	6	{GlimmerHMM_glimmerT_3478-T1;GlimmerHMM},{Augustus_model.g3068.t1;Augustus}

# EVM prediction: Mode:STANDARD S-ratio: 10000.00 67139-68407 orient(+) score(5076.00) noncoding_equivalent(0.51) raw_noncoding(0.00) offset(0.00) 
67139	68407	single+	1	3	{GlimmerHMM_glimmerT_3479-T1;GlimmerHMM},{Augustus_model.g3069.t1;Augustus}

# EVM prediction: Mode:STANDARD S-ratio: 19.00 68535-69374 orient(-) score(2394.00) noncoding_equivalent(126.00) raw_noncoding(126.00) offset(0.00) 
69374	68535	single-	4	6	{GlimmerHMM_glimmerT_3480-T1;GlimmerHMM},{Augustus_model.g3070.t1;Augustus}

# EVM prediction: Mode:STANDARD S-ratio: 2.00 69700-71439 orient(-) score(6951.00) noncoding_equivalent(3480.00) raw_noncoding(3480.00) offset(0.00) 
71439	69700	single-	4	6	{GlimmerHMM_glimmerT_3481-T1;GlimmerHMM},{HiQ_model.g3071.t1;HiQ}

# EVM prediction: Mode:STANDARD S-ratio: 153.41 72519-76457 orient(+) score(15648.00) noncoding_equivalent(102.00) raw_noncoding(102.00) offset(0.00) 
72519	76457	single+	1	3	{GlimmerHMM_glimmerT_3482-T1;GlimmerHMM},{Augustus_model.g3072.t1;Augustus}

# EVM prediction: Mode:STANDARD S-ratio: 10000.00 76509-78149 orient(-) score(4923.00) noncoding_equivalent(0.49) raw_noncoding(0.00) offset(0.00) 
78149	76509	single-	4	6	{GlimmerHMM_glimmerT_3483-T1;GlimmerHMM},{Augustus_model.g3073.t1;Augustus}

# EVM prediction: Mode:STANDARD S-ratio: 2.00 78472-79719 orient(-) score(4992.00) noncoding_equivalent(2492.33) raw_noncoding(2492.33) offset(0.00) 
79719	78472	single-	4	6	{HiQ_model.g3074.t1;HiQ},{GlimmerHMM_glimmerT_3484-T1;GlimmerHMM}

# EVM prediction: Mode:STANDARD S-ratio: 10000.00 80029-82293 orient(+) score(9060.00) noncoding_equivalent(0.91) raw_noncoding(0.00) offset(0.00) 
80029	82293	single+	1	3	{Augustus_model.g3075.t1;Augustus},{GlimmerHMM_glimmerT_3485-T1;GlimmerHMM}

# EVM prediction: Mode:STANDARD S-ratio: 3.02 82744-83421 orient(+) score(2034.00) noncoding_equivalent(674.00) raw_noncoding(674.00) offset(0.00) 
82744	83421	single+	1	3	{GlimmerHMM_glimmerT_3486-T1;GlimmerHMM}

# EVM prediction: Mode:STANDARD S-ratio: 6.59 83542-83954 orient(-) score(989.00) noncoding_equivalent(150.00) raw_noncoding(152.00) offset(2.00) 
83573	83542	terminal-	5	6	{Augustus_model.g3077.t1;Augustus}
83671	83574	INTRON			{Augustus_model.g3077.t1;Augustus}
83954	83672	initial-	4	4	{Augustus_model.g3077.t1;Augustus}

# EVM prediction: Mode:STANDARD S-ratio: 5.00 84237-84563 orient(-) score(1635.00) noncoding_equivalent(327.00) raw_noncoding(327.00) offset(0.00) 
84563	84237	single-	4	6	{GlimmerHMM_glimmerT_3488-T1;GlimmerHMM},{HiQ_model.g3078.t1;HiQ}

# EVM prediction: Mode:STANDARD S-ratio: 10000.00 85131-88037 orient(+) score(11628.00) noncoding_equivalent(1.16) raw_noncoding(0.00) offset(0.00) 
85131	88037	single+	1	3	{Augustus_model.g3079.t1;Augustus},{GlimmerHMM_glimmerT_3489-T1;GlimmerHMM}

# EVM prediction: Mode:STANDARD S-ratio: 457.83 88410-93182 orient(+) score(14286.00) noncoding_equivalent(31.20) raw_noncoding(31.20) offset(0.00) 
88410	93182	single+	1	3	{Augustus_model.g3080.t1;Augustus},{GlimmerHMM_glimmerT_3490-T1;GlimmerHMM}

# EVM prediction: Mode:STANDARD S-ratio: 4.99 93487-95001 orient(-) score(7566.00) noncoding_equivalent(1515.00) raw_noncoding(1515.00) offset(0.00) 
95001	93487	single-	4	6	{GlimmerHMM_glimmerT_3491-T1;GlimmerHMM},{HiQ_model.g3081.t1;HiQ}

# EVM prediction: Mode:STANDARD S-ratio: 5.00 95555-97039 orient(-) score(7425.00) noncoding_equivalent(1485.00) raw_noncoding(1485.00) offset(0.00) 
97039	95555	single-	4	6	{GlimmerHMM_glimmerT_3492-T1;GlimmerHMM},{HiQ_model.g3082.t1;HiQ}

# EVM prediction: Mode:STANDARD S-ratio: 10000.00 97688-99052 orient(+) score(5460.00) noncoding_equivalent(0.55) raw_noncoding(0.00) offset(0.00) 
97688	99052	single+	1	3	{GlimmerHMM_glimmerT_3493-T1;GlimmerHMM},{Augustus_model.g3083.t1;Augustus}

