!! Predictions spanning range 1222 - 99844 [R1]
# EVM prediction: Mode:STANDARD S-ratio: 2.00 1222-1713 orient(-) score(1968.00) noncoding_equivalent(984.00) raw_noncoding(984.00) offset(0.00) 
1713	1222	single-	4	6	{GlimmerHMM_glimmerT_746-T1;GlimmerHMM},{HiQ_model.g700.t1;HiQ}

# EVM prediction: Mode:STANDARD S-ratio: 10000.00 2372-3874 orient(+) score(6012.00) noncoding_equivalent(0.60) raw_noncoding(0.00) offset(0.00) 
2372	3874	single+	1	3	{GlimmerHMM_glimmerT_747-T1;GlimmerHMM},{Augustus_model.g701.t1;Augustus}

# EVM prediction: Mode:STANDARD S-ratio: 10000.00 4506-5057 orient(+) score(2202.00) noncoding_equivalent(0.22) raw_noncoding(0.00) offset(0.00) 
4506	5057	single+	1	3	{Augustus_model.g702.t1;Augustus},{GlimmerHMM_glimmerT_748-T1;GlimmerHMM}

# EVM prediction: Mode:STANDARD S-ratio: 4.60 5229-7097 orient(-) score(9213.00) noncoding_equivalent(2001.00) raw_noncoding(2001.00) offset(0.00) 
7097	5229	single-	4	6	{HiQ_model.g703.t1;HiQ}

# EVM prediction: Mode:STANDARD S-ratio: 5.00 7534-8358 orient(+) score(4125.00) noncoding_equivalent(825.00) raw_noncoding(825.00) offset(0.00) 
7534	8358	single+	1	3	{HiQ_model.g704.t1;HiQ},{GlimmerHMM_glimmerT_750-T1;GlimmerHMM}

# EVM prediction: Mode:STANDARD S-ratio: 184.42 8613-10988 orient(+) score(9453.00) noncoding_equivalent(51.26) raw_noncoding(51.26) offset(0.00) 
8613	10988	single+	1	3	{GlimmerHMM_glimmerT_751-T1;GlimmerHMM}

# EVM prediction: Mode:STANDARD S-ratio: 11.75 11046-12322 orient(+) score(4184.00) noncoding_equivalent(356.20) raw_noncoding(857.45) offset(501.26) 
11046	11051	initial+	1	3	{snap_scaffold_2-snap.191-T1;snap}
11052	11302	INTRON			{snap_scaffold_2-snap.191-T1;snap}
11303	12322	terminal+	1	3	{snap_scaffold_2-snap.191-T1;snap}

# EVM prediction: Mode:STANDARD S-ratio: 4.00 13740-14729 orient(-) score(4746.00) noncoding_equivalent(1187.51) raw_noncoding(1187.51) offset(0.00) 
14729	13740	single-	4	6	{HiQ_model.g706.t1;HiQ},{GlimmerHMM_glimmerT_753-T1;GlimmerHMM}

# EVM prediction: Mode:STANDARD S-ratio: 10000.00 15199-17844 orient(+) score(10584.00) noncoding_equivalent(1.06) raw_noncoding(0.00) offset(0.00) 
15199	17844	single+	1	3	{Augustus_model.g707.t1;Augustus},{GlimmerHMM_glimmerT_754-T1;GlimmerHMM}

# EVM prediction: Mode:STANDARD S-ratio: 5.00 18507-20807 orient(-) score(11499.00) noncoding_equivalent(2301.00) raw_noncoding(2301.00) offset(0.00) 
20807	18507	single-	4	6	{GlimmerHMM_glimmerT_755-T1;GlimmerHMM},{HiQ_model.g708.t1;HiQ}

# EVM prediction: Mode:STANDARD S-ratio: 156.88 21467-23479 orient(+) score(8001.00) noncoding_equivalent(51.00) raw_noncoding(51.00) offset(0.00) 
21467	23479	single+	1	3	{Augustus_model.g709.t1;Augustus},{GlimmerHMM_glimmerT_756-T1;GlimmerHMM}

# EVM prediction: Mode:STANDARD S-ratio: 10000.00 24220-25971 orient(+) score(7008.00) noncoding_equivalent(0.70) raw_noncoding(0.00) offset(0.00) 
24220	25971	single+	1	3	{GlimmerHMM_glimmerT_757-T1;GlimmerHMM},{Augustus_model.g710.t1;Augustus}

# EVM prediction: Mode:STANDARD S-ratio: 4.89 26426-27535 orient(-) score(5527.00) noncoding_equivalent(1131.17) raw_noncoding(1131.17) offset(0.00) 
27535	26426	single-	4	6	{HiQ_model.g711.t1;HiQ},{GlimmerHMM_glimmerT_758-T1;GlimmerHMM}

# EVM prediction: Mode:STANDARD S-ratio: 2.01 27992-29206 orient(-) score(4867.00) noncoding_equivalent(2424.07) raw_noncoding(2424.07) offset(0.00) 
29206	27992	single-	4	6	{HiQ_model.g712.t1;HiQ},{GlimmerHMM_glimmerT_759-T1;GlimmerHMM}

# EVM prediction: Mode:STANDARD S-ratio: 4.77 32940-34595 orient(-) score(8214.00) noncoding_equivalent(1720.38) raw_noncoding(1720.38) offset(0.00) 
34595	32940	single-	4	6	{HiQ_model.g713.t1;HiQ},{GlimmerHMM_glimmerT_760-T1;GlimmerHMM}

# EVM prediction: Mode:STANDARD S-ratio: 7.59 34932-35588 orient(+) score(2322.00) noncoding_equivalent(306.00) raw_noncoding(306.00) offset(0.00) 
34932	35588	single+	1	3	{GlimmerHMM_glimmerT_761-T1;GlimmerHMM},{Augustus_model.g714.t1;Augustus}

# EVM prediction: Mode:STANDARD S-ratio: 2.71 36966-37844 orient(+) score(2569.00) noncoding_equivalent(948.17) raw_noncoding(948.17) offset(0.00) 
36966	37844	single+	1	3	{GlimmerHMM_glimmerT_762-T1;GlimmerHMM}

# EVM prediction: Mode:STANDARD S-ratio: 969.85 38217-40898 orient(+) score(10715.00) noncoding_equivalent(11.05) raw_noncoding(11.05) offset(0.00) 
38217	40898	single+	1	3	{GlimmerHMM_glimmerT_763-T1;GlimmerHMM}

# EVM prediction: Mode:STANDARD S-ratio: 487.63 41584-43299 orient(+) score(6848.00) noncoding_equivalent(14.04) raw_noncoding(14.04) offset(0.00) 
41584	43299	single+	1	3	{GlimmerHMM_glimmerT_764-T1;GlimmerHMM},{Augustus_model.g716.t1;Augustus}

# EVM prediction: Mode:STANDARD S-ratio: 4.37 43582-46605 orient(-) score(14763.00) noncoding_equivalent(3381.00) raw_noncoding(3381.00) offset(0.00) 
46605	43582	single-	4	6	{GlimmerHMM_glimmerT_765-T1;GlimmerHMM},{HiQ_model.g717.t1;HiQ}

# EVM prediction: Mode:STANDARD S-ratio: 13.48 47100-47816 orient(+) score(2670.00) noncoding_equivalent(198.00) raw_noncoding(198.00) offset(0.00) 
47100	47816	single+	1	3	{GlimmerHMM_glimmerT_766-T1;GlimmerHMM},{Augustus_model.g718.t1;Augustus}

# EVM prediction: Mode:STANDARD S-ratio: 10000.00 48046-48747 orient(+) score(2808.00) noncoding_equivalent(0.28) raw_noncoding(0.00) offset(0.00) 
48046	48747	single+	1	3	{GlimmerHMM_glimmerT_767-T1;GlimmerHMM},{Augustus_model.g719.t1;Augustus}

# EVM prediction: Mode:STANDARD S-ratio: 10000.00 49135-52953 orient(+) score(15276.00) noncoding_equivalent(1.53) raw_noncoding(0.00) offset(0.00) 
49135	52953	single+	1	3	{GlimmerHMM_glimmerT_768-T1;GlimmerHMM},{Augustus_model.g720.t1;Augustus}

# EVM prediction: Mode:STANDARD S-ratio: 452.92 53207-54601 orient(+) score(5566.00) noncoding_equivalent(12.29) raw_noncoding(12.29) offset(0.00) 
53207	54601	single+	1	3	{Augustus_model.g721.t1;Augustus},{GlimmerHMM_glimmerT_769-T1;GlimmerHMM}

# EVM prediction: Mode:STANDARD S-ratio: 4.00 54890-55479 orient(+) score(1874.00) noncoding_equivalent(469.00) raw_noncoding(699.00) offset(230.00) 
54890	54902	initial+	1	1	{GlimmerHMM_glimmerT_770-T1;GlimmerHMM},{Augustus_model.g722.t1;Augustus}
54903	55132	INTRON			{GlimmerHMM_glimmerT_770-T1;GlimmerHMM},{Augustus_model.g722.t1;Augustus}
55133	55479	terminal+	2	3	{GlimmerHMM_glimmerT_770-T1;GlimmerHMM},{snap_scaffold_2-snap.207-T1;snap},{Augustus_model.g722.t1;Augustus}

# EVM prediction: Mode:STANDARD S-ratio: 5.00 55725-56663 orient(-) score(4695.00) noncoding_equivalent(939.00) raw_noncoding(939.00) offset(0.00) 
56663	55725	single-	4	6	{HiQ_model.g723.t1;HiQ},{GlimmerHMM_glimmerT_771-T1;GlimmerHMM}

# EVM prediction: Mode:STANDARD S-ratio: 510.01 57530-58984 orient(+) score(5807.00) noncoding_equivalent(11.39) raw_noncoding(11.39) offset(0.00) 
57530	58984	single+	1	3	{GlimmerHMM_glimmerT_772-T1;GlimmerHMM},{Augustus_model.g724.t1;Augustus}

# EVM prediction: Mode:STANDARD S-ratio: 323.57 59215-60918 orient(-) score(6795.00) noncoding_equivalent(21.00) raw_noncoding(21.00) offset(0.00) 
60918	59215	single-	4	6	{GlimmerHMM_glimmerT_773-T1;GlimmerHMM}

# EVM prediction: Mode:STANDARD S-ratio: 1.90 61443-62747 orient(-) score(2563.00) noncoding_equivalent(1352.17) raw_noncoding(1352.17) offset(0.00) 
62747	61443	single-	4	6	{GlimmerHMM_glimmerT_774-T1;GlimmerHMM}

# EVM prediction: Mode:STANDARD S-ratio: 396.39 63631-68013 orient(+) score(13114.00) noncoding_equivalent(33.08) raw_noncoding(33.08) offset(0.00) 
63631	68013	single+	1	3	{GlimmerHMM_glimmerT_775-T1;GlimmerHMM},{Augustus_model.g726.t1;Augustus}

# EVM prediction: Mode:STANDARD S-ratio: 11.96 68311-69117 orient(+) score(2979.00) noncoding_equivalent(249.00) raw_noncoding(249.00) offset(0.00) 
68311	69117	single+	1	3	{Augustus_model.g727.t1;Augustus},{GlimmerHMM_glimmerT_776-T1;GlimmerHMM}

# EVM prediction: Mode:STANDARD S-ratio: 3.23 69322-70206 orient(-) score(4056.00) noncoding_equivalent(1254.00) raw_noncoding(1254.00) offset(0.00) 
70206	69322	single-	4	6	{HiQ_model.g728.t1;HiQ},{GlimmerHMM_glimmerT_777-T1;GlimmerHMM}

# EVM prediction: Mode:STANDARD S-ratio: 4.45 70967-73714 orient(-) score(13461.00) noncoding_equivalent(3027.00) raw_noncoding(3027.00) offset(0.00) 
73714	70967	single-	4	6	{GlimmerHMM_glimmerT_778-T1;GlimmerHMM},{HiQ_model.g729.t1;HiQ}

# EVM prediction: Mode:STANDARD S-ratio: 5.00 73996-76284 orient(-) score(11445.00) noncoding_equivalent(2289.00) raw_noncoding(2289.00) offset(0.00) 
76284	73996	single-	4	6	{GlimmerHMM_glimmerT_779-T1;GlimmerHMM},{HiQ_model.g730.t1;HiQ}

# EVM prediction: Mode:STANDARD S-ratio: 3.91 76665-77363 orient(-) score(3339.00) noncoding_equivalent(853.95) raw_noncoding(853.95) offset(0.00) 
77363	76665	single-	4	6	{GlimmerHMM_glimmerT_780-T1;GlimmerHMM},{HiQ_model.g731.t1;HiQ}

# EVM prediction: Mode:STANDARD S-ratio: 4.76 77544-78851 orient(-) score(6486.00) noncoding_equivalent(1362.00) raw_noncoding(1362.00) offset(0.00) 
78851	77544	single-	4	6	{HiQ_model.g732.t1;HiQ},{GlimmerHMM_glimmerT_781-T1;GlimmerHMM}

# EVM prediction: Mode:STANDARD S-ratio: 10000.00 79191-82514 orient(-) score(9972.00) noncoding_equivalent(1.00) raw_noncoding(0.00) offset(0.00) 
82514	79191	single-	4	6	{GlimmerHMM_glimmerT_782-T1;GlimmerHMM},{Augustus_model.g733.t1;Augustus}

# EVM prediction: Mode:STANDARD S-ratio: 5.99 82951-84765 orient(-) score(10875.00) noncoding_equivalent(1815.00) raw_noncoding(1815.00) offset(0.00) 
84765	82951	single-	4	6	{HiQ_model.g734.t1;HiQ},{GlimmerHMM_glimmerT_783-T1;GlimmerHMM}

# EVM prediction: Mode:STANDARD S-ratio: 23.90 85378-86436 orient(-) score(3943.00) noncoding_equivalent(165.00) raw_noncoding(165.00) offset(0.00) 
86436	85378	single-	4	6	{GlimmerHMM_glimmerT_784-T1;GlimmerHMM}

# EVM prediction: Mode:STANDARD S-ratio: 104.63 87817-88668 orient(-) score(3374.00) noncoding_equivalent(32.25) raw_noncoding(32.25) offset(0.00) 
88668	87817	single-	4	6	{GlimmerHMM_glimmerT_785-T1;GlimmerHMM}

# EVM prediction: Mode:STANDARD S-ratio: 2.74 89299-90147 orient(-) score(3941.00) noncoding_equivalent(1440.00) raw_noncoding(1440.00) offset(0.00) 
90147	89299	single-	4	6	{HiQ_model.g736.t1;HiQ}

# EVM prediction: Mode:STANDARD S-ratio: 1.00 90948-91340 orient(+) score(786.00) noncoding_equivalent(786.00) raw_noncoding(786.00) offset(0.00) 
90948	91340	single+	1	3	{GlimmerHMM_glimmerT_787-T1;GlimmerHMM}

# EVM prediction: Mode:STANDARD S-ratio: 113.92 91616-92545 orient(-) score(2764.00) noncoding_equivalent(24.26) raw_noncoding(24.26) offset(0.00) 
92545	91616	single-	4	6	{GlimmerHMM_glimmerT_788-T1;GlimmerHMM},{Augustus_model.g737.t1;Augustus}

# EVM prediction: Mode:STANDARD S-ratio: 83.76 93512-94495 orient(+) score(3888.00) noncoding_equivalent(46.42) raw_noncoding(46.42) offset(0.00) 
93512	94495	single+	1	3	{GlimmerHMM_glimmerT_789-T1;GlimmerHMM},{Augustus_model.g738.t1;Augustus}

# EVM prediction: Mode:STANDARD S-ratio: 3.56 94784-95965 orient(-) score(5538.00) noncoding_equivalent(1554.00) raw_noncoding(1554.00) offset(0.00) 
95965	94784	single-	4	6	{GlimmerHMM_glimmerT_790-T1;GlimmerHMM},{HiQ_model.g739.t1;HiQ}

# EVM prediction: Mode:STANDARD S-ratio: 109.69 96614-99844 orient(+) score(12806.00) noncoding_equivalent(116.75) raw_noncoding(116.75) offset(0.00) 
96614	99844	single+	1	3	{Augustus_model.g740.t1;Augustus},{GlimmerHMM_glimmerT_791-T1;GlimmerHMM}

