!! Predictions spanning range 2754 - 98873 [R1]
# EVM prediction: Mode:STANDARD S-ratio: 10000.00 2754-4337 orient(+) score(3168.00) noncoding_equivalent(0.32) raw_noncoding(0.00) offset(0.00) 
2754	4337	single+	1	3	{Augustus_gene9.t1;Augustus}

# EVM prediction: Mode:STANDARD S-ratio: 10000.00 21667-23499 orient(-) score(3666.00) noncoding_equivalent(0.37) raw_noncoding(0.00) offset(0.00) 
23499	21667	single-	4	6	{Augustus_gene149.t1;Augustus}

# EVM prediction: Mode:STANDARD S-ratio: 10000.00 35982-36428 orient(-) score(894.00) noncoding_equivalent(0.09) raw_noncoding(0.00) offset(0.00) 
36428	35982	single-	4	6	{Augustus_gene68.t1;Augustus}

# EVM prediction: Mode:STANDARD S-ratio: 10000.00 50468-55589 orient(-) score(10244.00) noncoding_equivalent(1.02) raw_noncoding(0.00) offset(0.00) 
50515	50468	terminal-	4	6	{Augustus_gene242.t1;Augustus}
51265	50516	INTRON			{Augustus_gene242.t1;Augustus}
51278	51266	internal-	6	6	{Augustus_gene242.t1;Augustus}
51760	51279	INTRON			{Augustus_gene242.t1;Augustus}
51937	51761	internal-	6	5	{Augustus_gene242.t1;Augustus}
53312	51938	INTRON			{Augustus_gene242.t1;Augustus}
53370	53313	internal-	5	5	{Augustus_gene242.t1;Augustus}
54785	53371	INTRON			{Augustus_gene242.t1;Augustus}
54795	54786	internal-	4	4	{Augustus_gene242.t1;Augustus}
54837	54796	INTRON			{Augustus_gene242.t1;Augustus}
54863	54838	internal-	5	6	{Augustus_gene242.t1;Augustus}
54962	54864	INTRON			{Augustus_gene242.t1;Augustus}
55239	54963	internal-	4	4	{Augustus_gene242.t1;Augustus}
55541	55240	INTRON			{Augustus_gene242.t1;Augustus}
55589	55542	initial-	4	6	{Augustus_gene242.t1;Augustus}

# EVM prediction: Mode:STANDARD S-ratio: 10000.00 62969-63862 orient(-) score(1788.00) noncoding_equivalent(0.18) raw_noncoding(0.00) offset(0.00) 
63862	62969	single-	4	6	{Augustus_gene587.t1;Augustus}

# EVM prediction: Mode:STANDARD S-ratio: 10000.00 69847-70170 orient(+) score(648.00) noncoding_equivalent(0.06) raw_noncoding(0.00) offset(0.00) 
69847	70170	single+	1	3	{Augustus_gene431.t1;Augustus}

# EVM prediction: Mode:STANDARD S-ratio: 10000.00 88665-90428 orient(+) score(3528.00) noncoding_equivalent(0.35) raw_noncoding(0.00) offset(0.00) 
88665	90428	single+	1	3	{Augustus_gene881.t1;Augustus}

# EVM prediction: Mode:STANDARD S-ratio: 10000.00 98484-98873 orient(+) score(780.00) noncoding_equivalent(0.08) raw_noncoding(0.00) offset(0.00) 
98484	98873	single+	1	3	{Augustus_gene933.t1;Augustus}

