!! Predictions spanning range 2599 - 92089 [R1]
# EVM prediction: Mode:STANDARD S-ratio: 10000.00 2599-4218 orient(+) score(3240.00) noncoding_equivalent(0.32) raw_noncoding(0.00) offset(0.00) 
2599	4218	single+	1	3	{Augustus_gene820.t1;Augustus}

# EVM prediction: Mode:STANDARD S-ratio: 10000.00 8276-9310 orient(+) score(2070.00) noncoding_equivalent(0.21) raw_noncoding(0.00) offset(0.00) 
8276	9310	single+	1	3	{Augustus_gene68.t1;Augustus}

# EVM prediction: Mode:STANDARD S-ratio: 10000.00 12883-14229 orient(+) score(2694.00) noncoding_equivalent(0.27) raw_noncoding(0.00) offset(0.00) 
12883	14229	single+	1	3	{Augustus_gene981.t1;Augustus}

# EVM prediction: Mode:STANDARD S-ratio: 10000.00 16968-18518 orient(+) score(3102.00) noncoding_equivalent(0.31) raw_noncoding(0.00) offset(0.00) 
16968	18518	single+	1	3	{Augustus_gene48.t1;Augustus}

# EVM prediction: Mode:STANDARD S-ratio: 10000.00 25250-26833 orient(+) score(3168.00) noncoding_equivalent(0.32) raw_noncoding(0.00) offset(0.00) 
25250	26833	single+	1	3	{Augustus_gene10.t1;Augustus}

# EVM prediction: Mode:STANDARD S-ratio: 10000.00 43366-45198 orient(-) score(3666.00) noncoding_equivalent(0.37) raw_noncoding(0.00) offset(0.00) 
45198	43366	single-	4	6	{Augustus_gene155.t1;Augustus}

# EVM prediction: Mode:STANDARD S-ratio: 10000.00 55769-57118 orient(-) score(2700.00) noncoding_equivalent(0.27) raw_noncoding(0.00) offset(0.00) 
57118	55769	single-	4	6	{Augustus_gene1127.t1;Augustus}

# EVM prediction: Mode:STANDARD S-ratio: 10000.00 57569-58015 orient(-) score(894.00) noncoding_equivalent(0.09) raw_noncoding(0.00) offset(0.00) 
58015	57569	single-	4	6	{Augustus_gene70.t1;Augustus}

# EVM prediction: Mode:STANDARD S-ratio: 10000.00 71727-73661 orient(+) score(3870.00) noncoding_equivalent(0.39) raw_noncoding(0.00) offset(0.00) 
71727	73661	single+	1	3	{Augustus_gene556.t1;Augustus}

# EVM prediction: Mode:STANDARD S-ratio: 10000.00 84891-85784 orient(-) score(1788.00) noncoding_equivalent(0.18) raw_noncoding(0.00) offset(0.00) 
85784	84891	single-	4	6	{Augustus_gene606.t1;Augustus}

# EVM prediction: Mode:STANDARD S-ratio: 10000.00 91766-92089 orient(+) score(648.00) noncoding_equivalent(0.06) raw_noncoding(0.00) offset(0.00) 
91766	92089	single+	1	3	{Augustus_gene448.t1;Augustus}

