!! Predictions spanning range 383 - 98532 [R1]
# EVM prediction: Mode:STANDARD S-ratio: 5.00 383-3421 orient(-) score(15195.00) noncoding_equivalent(3039.00) raw_noncoding(3039.00) offset(0.00) 
3421	383	single-	4	6	{HiQ_model.g2368.t1;HiQ},{GlimmerHMM_glimmerT_2689-T1;GlimmerHMM}

# EVM prediction: Mode:STANDARD S-ratio: 2.00 4330-5817 orient(+) score(2976.00) noncoding_equivalent(1488.00) raw_noncoding(1488.00) offset(0.00) 
4330	5817	single+	1	3	{GlimmerHMM_glimmerT_2690-T1;GlimmerHMM}

# EVM prediction: Mode:STANDARD S-ratio: 11.35 6142-8559 orient(+) score(6667.00) noncoding_equivalent(587.47) raw_noncoding(587.47) offset(0.00) 
6142	8559	single+	1	3	{GlimmerHMM_glimmerT_2691-T1;GlimmerHMM}

# EVM prediction: Mode:STANDARD S-ratio: 85.59 9089-10741 orient(+) score(6532.00) noncoding_equivalent(76.31) raw_noncoding(76.31) offset(0.00) 
9089	10741	single+	1	3	{GlimmerHMM_glimmerT_2692-T1;GlimmerHMM}

# EVM prediction: Mode:STANDARD S-ratio: 10000.00 12206-12835 orient(+) score(2520.00) noncoding_equivalent(0.25) raw_noncoding(0.00) offset(0.00) 
12206	12835	single+	1	3	{GlimmerHMM_glimmerT_2693-T1;GlimmerHMM},{Augustus_model.g2371.t1;Augustus}

# EVM prediction: Mode:STANDARD S-ratio: 14.38 13088-13948 orient(-) score(2415.00) noncoding_equivalent(168.00) raw_noncoding(168.00) offset(0.00) 
13948	13088	single-	4	6	{GlimmerHMM_glimmerT_2694-T1;GlimmerHMM},{Augustus_model.g2372.t1;Augustus}

# EVM prediction: Mode:STANDARD S-ratio: 5.00 15923-18274 orient(-) score(11760.00) noncoding_equivalent(2352.00) raw_noncoding(2352.00) offset(0.00) 
18274	15923	single-	4	6	{HiQ_model.g2373.t1;HiQ},{GlimmerHMM_glimmerT_2695-T1;GlimmerHMM}

# EVM prediction: Mode:STANDARD S-ratio: 2.99 18685-20040 orient(+) score(4038.00) noncoding_equivalent(1351.22) raw_noncoding(1351.22) offset(0.00) 
18685	20040	single+	1	3	{GlimmerHMM_glimmerT_2696-T1;GlimmerHMM},{Augustus_model.g2374.t1;Augustus}

# EVM prediction: Mode:STANDARD S-ratio: 96.53 20105-22717 orient(-) score(7757.00) noncoding_equivalent(80.35) raw_noncoding(80.35) offset(0.00) 
22717	20105	single-	4	6	{Augustus_model.g2375.t1;Augustus},{GlimmerHMM_glimmerT_2697-T1;GlimmerHMM}

# EVM prediction: Mode:STANDARD S-ratio: 3.00 23094-23987 orient(+) score(2673.00) noncoding_equivalent(892.00) raw_noncoding(892.00) offset(0.00) 
23094	23987	single+	1	3	{Augustus_model.g2376.t1;Augustus},{GlimmerHMM_glimmerT_2698-T1;GlimmerHMM}

# EVM prediction: Mode:STANDARD S-ratio: 4.30 24303-25691 orient(-) score(6762.00) noncoding_equivalent(1572.00) raw_noncoding(1572.00) offset(0.00) 
25691	24303	single-	4	6	{GlimmerHMM_glimmerT_2699-T1;GlimmerHMM},{HiQ_model.g2377.t1;HiQ}

# EVM prediction: Mode:STANDARD S-ratio: 6.00 26107-27309 orient(-) score(7218.00) noncoding_equivalent(1203.00) raw_noncoding(1203.00) offset(0.00) 
27309	26107	single-	4	6	{HiQ_model.g2378.t1;HiQ},{GlimmerHMM_glimmerT_2700-T1;GlimmerHMM}

# EVM prediction: Mode:STANDARD S-ratio: 10000.00 28249-28707 orient(+) score(1836.00) noncoding_equivalent(0.18) raw_noncoding(0.00) offset(0.00) 
28249	28707	single+	1	3	{GlimmerHMM_glimmerT_2701-T1;GlimmerHMM},{Augustus_model.g2379.t1;Augustus}

# EVM prediction: Mode:STANDARD S-ratio: 5.00 28961-30760 orient(-) score(9000.00) noncoding_equivalent(1800.00) raw_noncoding(1800.00) offset(0.00) 
30760	28961	single-	4	6	{HiQ_model.g2380.t1;HiQ},{GlimmerHMM_glimmerT_2702-T1;GlimmerHMM}

# EVM prediction: Mode:STANDARD S-ratio: 4.40 31198-32451 orient(+) score(3065.00) noncoding_equivalent(697.00) raw_noncoding(697.00) offset(0.00) 
31198	32451	single+	1	3	{GlimmerHMM_glimmerT_2703-T1;GlimmerHMM}

# EVM prediction: Mode:STANDARD S-ratio: 120.13 32509-37017 orient(-) score(13415.00) noncoding_equivalent(111.67) raw_noncoding(111.67) offset(0.00) 
37017	32509	single-	4	6	{Augustus_model.g2382.t1;Augustus}

# EVM prediction: Mode:STANDARD S-ratio: 3.26 37857-38978 orient(-) score(5131.00) noncoding_equivalent(1575.56) raw_noncoding(1575.56) offset(0.00) 
38978	37857	single-	4	6	{HiQ_model.g2383.t1;HiQ}

# EVM prediction: Mode:STANDARD S-ratio: 10000.00 39218-41365 orient(-) score(6444.00) noncoding_equivalent(0.64) raw_noncoding(0.00) offset(0.00) 
41365	39218	single-	4	6	{Augustus_model.g2384.t1;Augustus},{GlimmerHMM_glimmerT_2707-T1;GlimmerHMM}

# EVM prediction: Mode:STANDARD S-ratio: 10000.00 41796-42845 orient(-) score(3150.00) noncoding_equivalent(0.32) raw_noncoding(0.00) offset(0.00) 
42845	41796	single-	4	6	{GlimmerHMM_glimmerT_2708-T1;GlimmerHMM},{Augustus_model.g2385.t1;Augustus}

# EVM prediction: Mode:STANDARD S-ratio: 4.86 43372-44205 orient(-) score(4148.00) noncoding_equivalent(854.23) raw_noncoding(854.23) offset(0.00) 
44205	43372	single-	4	6	{GlimmerHMM_glimmerT_2709-T1;GlimmerHMM},{HiQ_model.g2386.t1;HiQ}

# EVM prediction: Mode:STANDARD S-ratio: 2.00 44490-46406 orient(-) score(3834.00) noncoding_equivalent(1917.00) raw_noncoding(1917.00) offset(0.00) 
46406	44490	single-	4	6	{Augustus_model.g2387.t1;Augustus},{GlimmerHMM_glimmerT_2710-T1;GlimmerHMM}

# EVM prediction: Mode:STANDARD S-ratio: 10000.00 47222-50497 orient(+) score(13104.00) noncoding_equivalent(1.31) raw_noncoding(0.00) offset(0.00) 
47222	50497	single+	1	3	{GlimmerHMM_glimmerT_2711-T1;GlimmerHMM},{Augustus_model.g2388.t1;Augustus}

# EVM prediction: Mode:STANDARD S-ratio: 2.00 51138-51905 orient(-) score(1536.00) noncoding_equivalent(768.00) raw_noncoding(768.00) offset(0.00) 
51905	51138	single-	4	6	{GlimmerHMM_glimmerT_2712-T1;GlimmerHMM}

# EVM prediction: Mode:STANDARD S-ratio: 207.53 52274-54469 orient(-) score(6557.00) noncoding_equivalent(31.60) raw_noncoding(31.60) offset(0.00) 
54469	52274	single-	4	6	{GlimmerHMM_glimmerT_2713-T1;GlimmerHMM}

# EVM prediction: Mode:STANDARD S-ratio: 2.00 54970-55899 orient(+) score(1860.00) noncoding_equivalent(930.00) raw_noncoding(930.00) offset(0.00) 
54970	55899	single+	1	3	{GlimmerHMM_glimmerT_2714-T1;GlimmerHMM},{Augustus_model.g2390.t1;Augustus}

# EVM prediction: Mode:STANDARD S-ratio: 10000.00 56084-56944 orient(-) score(2583.00) noncoding_equivalent(0.26) raw_noncoding(0.00) offset(0.00) 
56944	56084	single-	4	6	{Augustus_model.g2391.t1;Augustus},{GlimmerHMM_glimmerT_2715-T1;GlimmerHMM}

# EVM prediction: Mode:STANDARD S-ratio: 703.73 57409-59538 orient(-) score(6379.00) noncoding_equivalent(9.06) raw_noncoding(9.06) offset(0.00) 
59538	57409	single-	4	6	{Augustus_model.g2392.t1;Augustus},{GlimmerHMM_glimmerT_2716-T1;GlimmerHMM}

# EVM prediction: Mode:STANDARD S-ratio: 5.00 59977-61194 orient(-) score(6090.00) noncoding_equivalent(1218.00) raw_noncoding(1218.00) offset(0.00) 
61194	59977	single-	4	6	{GlimmerHMM_glimmerT_2717-T1;GlimmerHMM},{HiQ_model.g2393.t1;HiQ}

# EVM prediction: Mode:STANDARD S-ratio: 38.11 61971-64472 orient(-) score(7313.00) noncoding_equivalent(191.89) raw_noncoding(191.89) offset(0.00) 
64472	61971	single-	4	6	{Augustus_model.g2394.t1;Augustus},{GlimmerHMM_glimmerT_2718-T1;GlimmerHMM}

# EVM prediction: Mode:STANDARD S-ratio: 10000.00 65276-66352 orient(+) score(4308.00) noncoding_equivalent(0.43) raw_noncoding(0.00) offset(0.00) 
65276	66352	single+	1	3	{GlimmerHMM_glimmerT_2719-T1;GlimmerHMM},{Augustus_model.g2395.t1;Augustus}

# EVM prediction: Mode:STANDARD S-ratio: 4.80 66432-67793 orient(-) score(6759.00) noncoding_equivalent(1407.00) raw_noncoding(1407.00) offset(0.00) 
67793	66432	single-	4	6	{GlimmerHMM_glimmerT_2720-T1;GlimmerHMM},{HiQ_model.g2396.t1;HiQ}

# EVM prediction: Mode:STANDARD S-ratio: 5.24 68425-71177 orient(+) score(6919.00) noncoding_equivalent(1321.00) raw_noncoding(1323.00) offset(2.00) 
68425	70041	initial+	1	3	{GlimmerHMM_glimmerT_2721-T1;GlimmerHMM}
70042	70058	INTRON			{GlimmerHMM_glimmerT_2721-T1;GlimmerHMM}
70059	71177	terminal+	1	3	{GlimmerHMM_glimmerT_2721-T1;GlimmerHMM}

# EVM prediction: Mode:STANDARD S-ratio: 17.31 71523-72401 orient(+) score(2493.00) noncoding_equivalent(144.00) raw_noncoding(144.00) offset(0.00) 
71523	72401	single+	1	3	{GlimmerHMM_glimmerT_2722-T1;GlimmerHMM}

# EVM prediction: Mode:STANDARD S-ratio: 2.00 72502-73035 orient(-) score(1068.00) noncoding_equivalent(534.00) raw_noncoding(534.00) offset(0.00) 
73035	72502	single-	4	6	{GlimmerHMM_glimmerT_2723-T1;GlimmerHMM},{Augustus_model.g2399.t1;Augustus}

# EVM prediction: Mode:STANDARD S-ratio: 83.29 73461-76073 orient(+) score(7746.00) noncoding_equivalent(93.00) raw_noncoding(93.00) offset(0.00) 
73461	76073	single+	1	3	{GlimmerHMM_glimmerT_2724-T1;GlimmerHMM},{Augustus_model.g2400.t1;Augustus}

# EVM prediction: Mode:STANDARD S-ratio: 10000.00 76349-77701 orient(-) score(4059.00) noncoding_equivalent(0.41) raw_noncoding(0.00) offset(0.00) 
77701	76349	single-	4	6	{GlimmerHMM_glimmerT_2725-T1;GlimmerHMM},{Augustus_model.g2401.t1;Augustus}

# EVM prediction: Mode:STANDARD S-ratio: 5.00 78579-79883 orient(-) score(6525.00) noncoding_equivalent(1305.00) raw_noncoding(1305.00) offset(0.00) 
79883	78579	single-	4	6	{HiQ_model.g2402.t1;HiQ},{GlimmerHMM_glimmerT_2726-T1;GlimmerHMM}

# EVM prediction: Mode:STANDARD S-ratio: 2.00 80670-81116 orient(+) score(894.00) noncoding_equivalent(447.47) raw_noncoding(447.47) offset(0.00) 
80670	81116	single+	1	3	{Augustus_model.g2403.t1;Augustus},{GlimmerHMM_glimmerT_2727-T1;GlimmerHMM}

# EVM prediction: Mode:STANDARD S-ratio: 4.70 82504-83377 orient(+) score(2915.00) noncoding_equivalent(620.43) raw_noncoding(1720.38) offset(1099.96) 
82504	82522	initial+	1	1	{GlimmerHMM_glimmerT_2728-T1;GlimmerHMM},{Augustus_model.g2404.t1;Augustus}
82523	83072	INTRON			{Augustus_model.g2404.t1;Augustus},{ev_type:exonerate/ID=match.177006.1218/Target=YPL143W;exonerate},{ev_type:exonerate/ID=match.177006.809/Target=YOR234C;exonerate}
83073	83377	terminal+	2	3	{Augustus_model.g2404.t1;Augustus}

# EVM prediction: Mode:STANDARD S-ratio: 85.60 83879-86476 orient(-) score(7704.00) noncoding_equivalent(90.00) raw_noncoding(90.00) offset(0.00) 
86476	83879	single-	4	6	{Augustus_model.g2405.t1;Augustus},{GlimmerHMM_glimmerT_2729-T1;GlimmerHMM}

# EVM prediction: Mode:STANDARD S-ratio: 5.26 87939-89465 orient(-) score(3849.00) noncoding_equivalent(732.00) raw_noncoding(732.00) offset(0.00) 
89465	87939	single-	4	6	{Augustus_model.g2406.t1;Augustus},{GlimmerHMM_glimmerT_2730-T1;GlimmerHMM}

# EVM prediction: Mode:STANDARD S-ratio: 10000.00 90090-91463 orient(-) score(4113.00) noncoding_equivalent(0.41) raw_noncoding(0.00) offset(0.00) 
91463	90090	single-	4	6	{GlimmerHMM_glimmerT_2731-T1;GlimmerHMM},{Augustus_model.g2407.t1;Augustus}

# EVM prediction: Mode:STANDARD S-ratio: 4.02 91823-92881 orient(-) score(5088.00) noncoding_equivalent(1266.00) raw_noncoding(1266.00) offset(0.00) 
92881	91823	single-	4	6	{HiQ_model.g2408.t1;HiQ},{GlimmerHMM_glimmerT_2732-T1;GlimmerHMM}

# EVM prediction: Mode:STANDARD S-ratio: 27.27 93248-97090 orient(-) score(10962.00) noncoding_equivalent(402.00) raw_noncoding(567.00) offset(165.00) 
96870	93248	terminal-	5	6	{Augustus_model.g2409.t1;Augustus}
97035	96871	INTRON			{Augustus_model.g2409.t1;Augustus}
97090	97036	initial-	4	4	{Augustus_model.g2409.t1;Augustus}

# EVM prediction: Mode:STANDARD S-ratio: 5.00 98074-98532 orient(+) score(2295.00) noncoding_equivalent(459.00) raw_noncoding(459.00) offset(0.00) 
98074	98532	single+	1	3	{HiQ_model.g2410.t1;HiQ}

