!! Predictions spanning range 70 - 95832 [R1]
# EVM prediction: Mode:STANDARD S-ratio: 62.92 70-900 orient(+) score(2454.00) noncoding_equivalent(39.00) raw_noncoding(39.00) offset(0.00) 
70	900	single+	1	3	{GlimmerHMM_glimmerT_5246-T1;GlimmerHMM}

# EVM prediction: Mode:STANDARD S-ratio: 26.13 1274-1882 orient(+) score(2347.00) noncoding_equivalent(89.82) raw_noncoding(89.82) offset(0.00) 
1274	1882	single+	1	3	{GlimmerHMM_glimmerT_5247-T1;GlimmerHMM},{Augustus_model.g4847.t1;Augustus}

# EVM prediction: Mode:STANDARD S-ratio: 4.61 2195-2964 orient(-) score(2200.00) noncoding_equivalent(477.56) raw_noncoding(1178.54) offset(700.98) 
2554	2195	terminal-	4	6	{snap_scaffold_28-snap.3-T1;snap},{Augustus_model.g4848.t1;Augustus}
2756	2555	INTRON			{Augustus_model.g4848.t1;Augustus}
2810	2757	internal-	4	6	{Augustus_model.g4848.t1;Augustus}
2961	2811	INTRON			{Augustus_model.g4848.t1;Augustus}
2964	2962	initial-	4	6	{Augustus_model.g4848.t1;Augustus}

# EVM prediction: Mode:STANDARD S-ratio: 5.98 3491-4036 orient(-) score(3267.00) noncoding_equivalent(546.00) raw_noncoding(546.00) offset(0.00) 
4036	3491	single-	4	6	{HiQ_model.g4849.t1;HiQ},{GlimmerHMM_glimmerT_5249-T1;GlimmerHMM}

# EVM prediction: Mode:STANDARD S-ratio: 4.34 4924-7215 orient(-) score(11175.00) noncoding_equivalent(2577.00) raw_noncoding(2577.00) offset(0.00) 
7215	4924	single-	4	6	{HiQ_model.g4850.t1;HiQ}

# EVM prediction: Mode:STANDARD S-ratio: 42.63 8754-9197 orient(+) score(1736.00) noncoding_equivalent(40.73) raw_noncoding(40.73) offset(0.00) 
8754	9197	single+	1	3	{GlimmerHMM_glimmerT_5251-T1;GlimmerHMM}

# EVM prediction: Mode:STANDARD S-ratio: 23.10 10024-15225 orient(+) score(19948.00) noncoding_equivalent(863.64) raw_noncoding(863.64) offset(0.00) 
10024	15225	single+	1	3	{GlimmerHMM_glimmerT_5252-T1;GlimmerHMM}

# EVM prediction: Mode:STANDARD S-ratio: 2.00 15474-17546 orient(-) score(8292.00) noncoding_equivalent(4146.00) raw_noncoding(4146.00) offset(0.00) 
17546	15474	single-	4	6	{HiQ_model.g4853.t1;HiQ},{GlimmerHMM_glimmerT_5253-T1;GlimmerHMM}

# EVM prediction: Mode:STANDARD S-ratio: 10.07 18088-18866 orient(+) score(2558.00) noncoding_equivalent(254.00) raw_noncoding(406.00) offset(152.00) 
18088	18100	initial+	1	1	{snap_scaffold_28-snap.8-T1;snap}
18101	18252	INTRON			{snap_scaffold_28-snap.8-T1;snap}
18253	18866	terminal+	2	3	{snap_scaffold_28-snap.8-T1;snap}

# EVM prediction: Mode:STANDARD S-ratio: 4.98 19004-20590 orient(-) score(7930.00) noncoding_equivalent(1592.17) raw_noncoding(1592.17) offset(0.00) 
20590	19004	single-	4	6	{HiQ_model.g4855.t1;HiQ},{GlimmerHMM_glimmerT_5255-T1;GlimmerHMM}

# EVM prediction: Mode:STANDARD S-ratio: 1037.58 20854-21924 orient(+) score(4280.00) noncoding_equivalent(4.12) raw_noncoding(4.12) offset(0.00) 
20854	21924	single+	1	3	{Augustus_model.g4856.t1;Augustus},{GlimmerHMM_glimmerT_5256-T1;GlimmerHMM}

# EVM prediction: Mode:STANDARD S-ratio: 1771.53 22415-26014 orient(+) score(14392.00) noncoding_equivalent(8.12) raw_noncoding(8.12) offset(0.00) 
22415	26014	single+	1	3	{GlimmerHMM_glimmerT_5257-T1;GlimmerHMM},{Augustus_model.g4857.t1;Augustus}

# EVM prediction: Mode:STANDARD S-ratio: 4.97 26360-27835 orient(-) score(7370.00) noncoding_equivalent(1484.03) raw_noncoding(1484.03) offset(0.00) 
27835	26360	single-	4	6	{HiQ_model.g4858.t1;HiQ},{GlimmerHMM_glimmerT_5258-T1;GlimmerHMM}

# EVM prediction: Mode:STANDARD S-ratio: 4.92 28324-29661 orient(-) score(6673.00) noncoding_equivalent(1355.07) raw_noncoding(1355.07) offset(0.00) 
29661	28324	single-	4	6	{HiQ_model.g4859.t1;HiQ},{GlimmerHMM_glimmerT_5259-T1;GlimmerHMM}

# EVM prediction: Mode:STANDARD S-ratio: 97.30 29999-32431 orient(+) score(9633.00) noncoding_equivalent(99.00) raw_noncoding(99.00) offset(0.00) 
29999	32431	single+	1	3	{GlimmerHMM_glimmerT_5260-T1;GlimmerHMM},{Augustus_model.g4860.t1;Augustus}

# EVM prediction: Mode:STANDARD S-ratio: 5.00 32667-35660 orient(-) score(14970.00) noncoding_equivalent(2994.00) raw_noncoding(2994.00) offset(0.00) 
35660	32667	single-	4	6	{HiQ_model.g4861.t1;HiQ},{GlimmerHMM_glimmerT_5261-T1;GlimmerHMM}

# EVM prediction: Mode:STANDARD S-ratio: 4.90 35973-37241 orient(-) score(6324.00) noncoding_equivalent(1290.13) raw_noncoding(1290.13) offset(0.00) 
37241	35973	single-	4	6	{HiQ_model.g4862.t1;HiQ},{GlimmerHMM_glimmerT_5262-T1;GlimmerHMM}

# EVM prediction: Mode:STANDARD S-ratio: 325.42 37566-39398 orient(+) score(7310.00) noncoding_equivalent(22.46) raw_noncoding(22.46) offset(0.00) 
37566	39398	single+	1	3	{GlimmerHMM_glimmerT_5263-T1;GlimmerHMM},{Augustus_model.g4863.t1;Augustus}

# EVM prediction: Mode:STANDARD S-ratio: 4.88 39545-42250 orient(-) score(13476.00) noncoding_equivalent(2760.00) raw_noncoding(2760.00) offset(0.00) 
42250	39545	single-	4	6	{GlimmerHMM_glimmerT_5264-T1;GlimmerHMM},{HiQ_model.g4864.t1;HiQ}

# EVM prediction: Mode:STANDARD S-ratio: 4.56 42528-43811 orient(-) score(6318.00) noncoding_equivalent(1386.00) raw_noncoding(1386.00) offset(0.00) 
43811	42528	single-	4	6	{GlimmerHMM_glimmerT_5265-T1;GlimmerHMM},{HiQ_model.g4865.t1;HiQ}

# EVM prediction: Mode:STANDARD S-ratio: 4.64 44098-45666 orient(-) score(7747.00) noncoding_equivalent(1668.01) raw_noncoding(1668.01) offset(0.00) 
45666	44098	single-	4	6	{HiQ_model.g4866.t1;HiQ},{GlimmerHMM_glimmerT_5266-T1;GlimmerHMM}

# EVM prediction: Mode:STANDARD S-ratio: 24.05 45993-46349 orient(+) score(1371.00) noncoding_equivalent(57.00) raw_noncoding(57.00) offset(0.00) 
45993	46349	single+	1	3	{GlimmerHMM_glimmerT_5267-T1;GlimmerHMM},{Augustus_model.g4867.t1;Augustus}

# EVM prediction: Mode:STANDARD S-ratio: 4.84 46553-48100 orient(-) score(7698.00) noncoding_equivalent(1590.00) raw_noncoding(1590.00) offset(0.00) 
48100	46553	single-	4	6	{GlimmerHMM_glimmerT_5268-T1;GlimmerHMM},{HiQ_model.g4868.t1;HiQ}

# EVM prediction: Mode:STANDARD S-ratio: 10000.00 48651-50171 orient(+) score(6077.00) noncoding_equivalent(0.61) raw_noncoding(0.00) offset(0.00) 
48651	50171	single+	1	3	{Augustus_model.g4869.t1;Augustus},{GlimmerHMM_glimmerT_5269-T1;GlimmerHMM}

# EVM prediction: Mode:STANDARD S-ratio: 2.93 50975-51217 orient(+) score(725.00) noncoding_equivalent(247.11) raw_noncoding(247.11) offset(0.00) 
50975	51217	single+	1	3	{GlimmerHMM_glimmerT_5270-T1;GlimmerHMM}

# EVM prediction: Mode:STANDARD S-ratio: 150.67 51489-52853 orient(-) score(5424.00) noncoding_equivalent(36.00) raw_noncoding(36.00) offset(0.00) 
52853	51489	single-	4	6	{GlimmerHMM_glimmerT_5271-T1;GlimmerHMM},{Augustus_model.g4870.t1;Augustus}

# EVM prediction: Mode:STANDARD S-ratio: 4.78 53313-55580 orient(+) score(11253.00) noncoding_equivalent(2355.00) raw_noncoding(2355.00) offset(0.00) 
53313	55580	single+	1	3	{HiQ_model.g4871.t1;HiQ},{GlimmerHMM_glimmerT_5272-T1;GlimmerHMM}

# EVM prediction: Mode:STANDARD S-ratio: 4.99 55704-56279 orient(-) score(2876.00) noncoding_equivalent(576.00) raw_noncoding(576.00) offset(0.00) 
56279	55704	single-	4	6	{GlimmerHMM_glimmerT_5273-T1;GlimmerHMM},{HiQ_model.g4872.t1;HiQ}

# EVM prediction: Mode:STANDARD S-ratio: 288.11 56527-57120 orient(+) score(2368.00) noncoding_equivalent(8.22) raw_noncoding(8.22) offset(0.00) 
56527	57120	single+	1	3	{GlimmerHMM_glimmerT_5274-T1;GlimmerHMM},{Augustus_model.g4873.t1;Augustus}

# EVM prediction: Mode:STANDARD S-ratio: 28.38 57414-59573 orient(+) score(8346.00) noncoding_equivalent(294.09) raw_noncoding(294.09) offset(0.00) 
57414	59573	single+	1	3	{GlimmerHMM_glimmerT_5275-T1;GlimmerHMM}

# EVM prediction: Mode:STANDARD S-ratio: 2.05 59804-60964 orient(-) score(4644.00) noncoding_equivalent(2263.12) raw_noncoding(2263.12) offset(0.00) 
60964	59804	single-	4	6	{GlimmerHMM_glimmerT_5276-T1;GlimmerHMM},{HiQ_model.g4875.t1;HiQ}

# EVM prediction: Mode:STANDARD S-ratio: 10000.00 61834-62505 orient(+) score(2688.00) noncoding_equivalent(0.27) raw_noncoding(0.00) offset(0.00) 
61834	62505	single+	1	3	{Augustus_model.g4876.t1;Augustus},{GlimmerHMM_glimmerT_5277-T1;GlimmerHMM}

# EVM prediction: Mode:STANDARD S-ratio: 4.86 62663-64249 orient(-) score(7896.00) noncoding_equivalent(1626.00) raw_noncoding(1626.00) offset(0.00) 
64249	62663	single-	4	6	{GlimmerHMM_glimmerT_5278-T1;GlimmerHMM},{HiQ_model.g4877.t1;HiQ}

# EVM prediction: Mode:STANDARD S-ratio: 714.33 64977-71414 orient(+) score(25716.00) noncoding_equivalent(36.00) raw_noncoding(36.00) offset(0.00) 
64977	71414	single+	1	3	{Augustus_model.g4878.t1;Augustus},{GlimmerHMM_glimmerT_5279-T1;GlimmerHMM}

# EVM prediction: Mode:STANDARD S-ratio: 2.00 71519-72409 orient(-) score(3564.00) noncoding_equivalent(1782.00) raw_noncoding(1782.00) offset(0.00) 
72409	71519	single-	4	6	{GlimmerHMM_glimmerT_5280-T1;GlimmerHMM},{HiQ_model.g4879.t1;HiQ}

# EVM prediction: Mode:STANDARD S-ratio: 1312.76 73012-74775 orient(+) score(5288.00) noncoding_equivalent(4.03) raw_noncoding(4.03) offset(0.00) 
73012	74775	single+	1	3	{Augustus_model.g4880.t1;Augustus},{GlimmerHMM_glimmerT_5281-T1;GlimmerHMM}

# EVM prediction: Mode:STANDARD S-ratio: 10000.00 75083-76117 orient(+) score(4140.00) noncoding_equivalent(0.41) raw_noncoding(0.00) offset(0.00) 
75083	76117	single+	1	3	{GlimmerHMM_glimmerT_5282-T1;GlimmerHMM},{Augustus_model.g4881.t1;Augustus}

# EVM prediction: Mode:STANDARD S-ratio: 4.29 76378-78504 orient(-) score(10350.00) noncoding_equivalent(2412.00) raw_noncoding(2412.00) offset(0.00) 
78504	76378	single-	4	6	{HiQ_model.g4882.t1;HiQ},{GlimmerHMM_glimmerT_5283-T1;GlimmerHMM}

# EVM prediction: Mode:STANDARD S-ratio: 150.31 78880-79392 orient(+) score(2039.00) noncoding_equivalent(13.57) raw_noncoding(13.57) offset(0.00) 
78880	79392	single+	1	3	{Augustus_model.g4883.t1;Augustus},{GlimmerHMM_glimmerT_5284-T1;GlimmerHMM}

# EVM prediction: Mode:STANDARD S-ratio: 10000.00 79487-81079 orient(-) score(4779.00) noncoding_equivalent(0.48) raw_noncoding(0.00) offset(0.00) 
81079	79487	single-	4	6	{GlimmerHMM_glimmerT_5285-T1;GlimmerHMM},{Augustus_model.g4884.t1;Augustus}

# EVM prediction: Mode:STANDARD S-ratio: 4.48 81396-82310 orient(-) score(4489.00) noncoding_equivalent(1001.47) raw_noncoding(1001.47) offset(0.00) 
82310	81396	single-	4	6	{HiQ_model.g4885.t1;HiQ},{GlimmerHMM_glimmerT_5286-T1;GlimmerHMM}

# EVM prediction: Mode:STANDARD S-ratio: 4.64 82993-84636 orient(-) score(8115.00) noncoding_equivalent(1749.66) raw_noncoding(1749.66) offset(0.00) 
84636	82993	single-	4	6	{HiQ_model.g4886.t1;HiQ}

# EVM prediction: Mode:STANDARD S-ratio: 5.00 85093-85350 orient(-) score(1290.00) noncoding_equivalent(258.00) raw_noncoding(258.00) offset(0.00) 
85350	85093	single-	4	6	{GlimmerHMM_glimmerT_5288-T1;GlimmerHMM},{HiQ_model.g4887.t1;HiQ}

# EVM prediction: Mode:STANDARD S-ratio: 5.47 85806-87092 orient(-) score(7554.00) noncoding_equivalent(1380.34) raw_noncoding(1380.34) offset(0.00) 
87092	85806	single-	4	6	{HiQ_model.g4888.t1;HiQ},{GlimmerHMM_glimmerT_5289-T1;GlimmerHMM}

# EVM prediction: Mode:STANDARD S-ratio: 11.47 88695-89657 orient(+) score(3543.00) noncoding_equivalent(309.00) raw_noncoding(309.00) offset(0.00) 
88695	89657	single+	1	3	{GlimmerHMM_glimmerT_5290-T1;GlimmerHMM}

# EVM prediction: Mode:STANDARD S-ratio: 4.94 90528-93743 orient(-) score(16047.00) noncoding_equivalent(3249.00) raw_noncoding(3249.00) offset(0.00) 
93743	90528	single-	4	6	{GlimmerHMM_glimmerT_5291-T1;GlimmerHMM},{HiQ_model.g4890.t1;HiQ}

# EVM prediction: Mode:STANDARD S-ratio: 4.28 94084-94917 orient(-) score(4056.00) noncoding_equivalent(948.00) raw_noncoding(948.00) offset(0.00) 
94917	94084	single-	4	6	{GlimmerHMM_glimmerT_5292-T1;GlimmerHMM},{HiQ_model.g4891.t1;HiQ}

# EVM prediction: Mode:STANDARD S-ratio: 2.00 95535-95832 orient(+) score(596.00) noncoding_equivalent(298.00) raw_noncoding(298.00) offset(0.00) 
95535	95832	initial+	1	1	{snap_scaffold_28-snap.40-T1;snap}

