!! Predictions spanning range 179 - 96027 [R1]
# EVM prediction: Mode:STANDARD S-ratio: 20.36 179-1003 orient(+) score(3146.00) noncoding_equivalent(154.50) raw_noncoding(154.50) offset(0.00) 
179	1003	single+	1	3	{GlimmerHMM_glimmerT_4367-T1;GlimmerHMM}

# EVM prediction: Mode:STANDARD S-ratio: 35.28 1483-2594 orient(+) score(4304.00) noncoding_equivalent(122.00) raw_noncoding(133.00) offset(11.00) 
1483	1490	initial+	1	2	{snap_scaffold_10-snap.223-T1;snap}
1491	1501	INTRON			{snap_scaffold_10-snap.223-T1;snap}
1502	2594	terminal+	3	3	{snap_scaffold_10-snap.223-T1;snap}

# EVM prediction: Mode:STANDARD S-ratio: 325.09 3306-4292 orient(+) score(3934.00) noncoding_equivalent(12.10) raw_noncoding(12.10) offset(0.00) 
3306	4292	single+	1	3	{Augustus_model.g3853.t1;Augustus},{GlimmerHMM_glimmerT_4369-T1;GlimmerHMM}

# EVM prediction: Mode:STANDARD S-ratio: 2.00 4435-5940 orient(-) score(3012.00) noncoding_equivalent(1506.00) raw_noncoding(1506.00) offset(0.00) 
5940	4435	single-	4	6	{GlimmerHMM_glimmerT_4370-T1;GlimmerHMM},{Augustus_model.g3854.t1;Augustus}

# EVM prediction: Mode:STANDARD S-ratio: 13.92 6051-8783 orient(+) score(7909.00) noncoding_equivalent(568.00) raw_noncoding(696.00) offset(128.00) 
6051	6058	initial+	1	2	{snap_scaffold_10-snap.225-T1;snap},{GlimmerHMM_glimmerT_4371-T1;GlimmerHMM}
6059	6340	INTRON			{snap_scaffold_10-snap.225-T1;snap},{GlimmerHMM_glimmerT_4371-T1;GlimmerHMM}
6341	8783	terminal+	3	3	{snap_scaffold_10-snap.225-T1;snap},{GlimmerHMM_glimmerT_4371-T1;GlimmerHMM}

# EVM prediction: Mode:STANDARD S-ratio: 4.68 8962-9555 orient(-) score(2937.00) noncoding_equivalent(627.00) raw_noncoding(627.00) offset(0.00) 
9555	8962	single-	4	6	{HiQ_model.g3856.t1;HiQ},{GlimmerHMM_glimmerT_4372-T1;GlimmerHMM}

# EVM prediction: Mode:STANDARD S-ratio: 4.80 9787-10866 orient(-) score(5362.00) noncoding_equivalent(1116.32) raw_noncoding(1116.32) offset(0.00) 
10866	9787	single-	4	6	{HiQ_model.g3857.t1;HiQ},{GlimmerHMM_glimmerT_4373-T1;GlimmerHMM}

# EVM prediction: Mode:STANDARD S-ratio: 25.42 11557-13779 orient(+) score(8554.00) noncoding_equivalent(336.55) raw_noncoding(336.55) offset(0.00) 
11557	13779	single+	1	3	{GlimmerHMM_glimmerT_4374-T1;GlimmerHMM}

# EVM prediction: Mode:STANDARD S-ratio: 4.79 14009-14590 orient(-) score(2887.00) noncoding_equivalent(603.23) raw_noncoding(603.23) offset(0.00) 
14590	14009	single-	4	6	{HiQ_model.g3859.t1;HiQ},{GlimmerHMM_glimmerT_4375-T1;GlimmerHMM}

# EVM prediction: Mode:STANDARD S-ratio: 100.20 15305-17086 orient(+) score(7055.00) noncoding_equivalent(70.41) raw_noncoding(70.41) offset(0.00) 
15305	17086	single+	1	3	{GlimmerHMM_glimmerT_4376-T1;GlimmerHMM}

# EVM prediction: Mode:STANDARD S-ratio: 27.72 17284-18342 orient(+) score(4087.00) noncoding_equivalent(147.44) raw_noncoding(147.44) offset(0.00) 
17284	18342	single+	1	3	{GlimmerHMM_glimmerT_4377-T1;GlimmerHMM}

# EVM prediction: Mode:STANDARD S-ratio: 5.00 18649-19698 orient(-) score(5250.00) noncoding_equivalent(1050.00) raw_noncoding(1050.00) offset(0.00) 
19698	18649	single-	4	6	{HiQ_model.g3861.t1;HiQ},{GlimmerHMM_glimmerT_4378-T1;GlimmerHMM}

# EVM prediction: Mode:STANDARD S-ratio: 10000.00 20116-21780 orient(-) score(4995.00) noncoding_equivalent(0.50) raw_noncoding(0.00) offset(0.00) 
21780	20116	single-	4	6	{GlimmerHMM_glimmerT_4379-T1;GlimmerHMM},{Augustus_model.g3862.t1;Augustus}

# EVM prediction: Mode:STANDARD S-ratio: 3.00 22849-23292 orient(+) score(1332.00) noncoding_equivalent(444.00) raw_noncoding(444.00) offset(0.00) 
22849	23292	single+	1	3	{GlimmerHMM_glimmerT_4380-T1;GlimmerHMM}

# EVM prediction: Mode:STANDARD S-ratio: 10000.00 23422-24336 orient(-) score(2739.00) noncoding_equivalent(0.27) raw_noncoding(0.00) offset(0.00) 
24336	23422	single-	4	6	{GlimmerHMM_glimmerT_4381-T1;GlimmerHMM},{Augustus_model.g3864.t1;Augustus}

# EVM prediction: Mode:STANDARD S-ratio: 440.64 25785-26897 orient(+) score(4440.00) noncoding_equivalent(10.08) raw_noncoding(10.08) offset(0.00) 
25785	26897	single+	1	3	{GlimmerHMM_glimmerT_4382-T1;GlimmerHMM},{Augustus_model.g3865.t1;Augustus}

# EVM prediction: Mode:STANDARD S-ratio: 10000.00 27160-28263 orient(+) score(3312.00) noncoding_equivalent(0.33) raw_noncoding(0.00) offset(0.00) 
27160	28263	single+	1	3	{GlimmerHMM_glimmerT_4383-T1;GlimmerHMM},{Augustus_model.g3866.t1;Augustus}

# EVM prediction: Mode:STANDARD S-ratio: 10000.00 28500-30113 orient(+) score(4842.00) noncoding_equivalent(0.48) raw_noncoding(0.00) offset(0.00) 
28500	30113	single+	1	3	{Augustus_model.g3867.t1;Augustus},{GlimmerHMM_glimmerT_4384-T1;GlimmerHMM}

# EVM prediction: Mode:STANDARD S-ratio: 5.00 30334-32850 orient(-) score(12585.00) noncoding_equivalent(2517.00) raw_noncoding(2517.00) offset(0.00) 
32850	30334	single-	4	6	{HiQ_model.g3868.t1;HiQ},{GlimmerHMM_glimmerT_4385-T1;GlimmerHMM}

# EVM prediction: Mode:STANDARD S-ratio: 3.00 33960-34922 orient(+) score(2889.00) noncoding_equivalent(963.00) raw_noncoding(963.00) offset(0.00) 
33960	34922	single+	1	3	{GlimmerHMM_glimmerT_4386-T1;GlimmerHMM},{Augustus_model.g3869.t1;Augustus}

# EVM prediction: Mode:STANDARD S-ratio: 2.00 35059-36093 orient(-) score(4140.00) noncoding_equivalent(2070.00) raw_noncoding(2070.00) offset(0.00) 
36093	35059	single-	4	6	{GlimmerHMM_glimmerT_4387-T1;GlimmerHMM},{HiQ_model.g3870.t1;HiQ}

# EVM prediction: Mode:STANDARD S-ratio: 10000.00 36378-39857 orient(+) score(13914.00) noncoding_equivalent(1.39) raw_noncoding(0.00) offset(0.00) 
36378	39857	single+	1	3	{GlimmerHMM_glimmerT_4388-T1;GlimmerHMM},{Augustus_model.g3871.t1;Augustus}

# EVM prediction: Mode:STANDARD S-ratio: 4.32 39982-40383 orient(-) score(1959.00) noncoding_equivalent(453.00) raw_noncoding(453.00) offset(0.00) 
40383	39982	single-	4	6	{GlimmerHMM_glimmerT_4389-T1;GlimmerHMM},{HiQ_model.g3872.t1;HiQ}

# EVM prediction: Mode:STANDARD S-ratio: 57.71 40616-42466 orient(-) score(7276.00) noncoding_equivalent(126.08) raw_noncoding(126.08) offset(0.00) 
42466	40616	single-	4	6	{GlimmerHMM_glimmerT_4390-T1;GlimmerHMM}

# EVM prediction: Mode:STANDARD S-ratio: 16.67 42678-43265 orient(-) score(2219.00) noncoding_equivalent(133.11) raw_noncoding(133.11) offset(0.00) 
43265	42678	single-	4	6	{GlimmerHMM_glimmerT_4391-T1;GlimmerHMM}

# EVM prediction: Mode:STANDARD S-ratio: 152.45 43444-46662 orient(+) score(9593.00) noncoding_equivalent(62.93) raw_noncoding(62.93) offset(0.00) 
43444	46662	single+	1	3	{GlimmerHMM_glimmerT_4392-T1;GlimmerHMM},{Augustus_model.g3874.t1;Augustus}

# EVM prediction: Mode:STANDARD S-ratio: 20.67 46790-47818 orient(-) score(3906.00) noncoding_equivalent(189.00) raw_noncoding(189.00) offset(0.00) 
47818	46790	single-	4	6	{GlimmerHMM_glimmerT_4393-T1;GlimmerHMM}

# EVM prediction: Mode:STANDARD S-ratio: 666.40 47994-49007 orient(-) score(4050.00) noncoding_equivalent(6.08) raw_noncoding(6.08) offset(0.00) 
49007	47994	single-	4	6	{GlimmerHMM_glimmerT_4394-T1;GlimmerHMM}

# EVM prediction: Mode:STANDARD S-ratio: 4.86 49225-51978 orient(-) score(13466.00) noncoding_equivalent(2771.13) raw_noncoding(2771.13) offset(0.00) 
51978	49225	single-	4	6	{GlimmerHMM_glimmerT_4395-T1;GlimmerHMM},{HiQ_model.g3876.t1;HiQ}

# EVM prediction: Mode:STANDARD S-ratio: 907.64 52563-54743 orient(+) score(6535.00) noncoding_equivalent(7.20) raw_noncoding(7.20) offset(0.00) 
52563	54743	single+	1	3	{GlimmerHMM_glimmerT_4396-T1;GlimmerHMM},{Augustus_model.g3877.t1;Augustus}

# EVM prediction: Mode:STANDARD S-ratio: 10000.00 55204-55986 orient(+) score(2349.00) noncoding_equivalent(0.23) raw_noncoding(0.00) offset(0.00) 
55204	55986	single+	1	3	{Augustus_model.g3878.t1;Augustus},{GlimmerHMM_glimmerT_4397-T1;GlimmerHMM}

# EVM prediction: Mode:STANDARD S-ratio: 2.64 56643-57503 orient(+) score(1722.00) noncoding_equivalent(652.00) raw_noncoding(652.00) offset(0.00) 
56643	57503	single+	1	3	{GlimmerHMM_glimmerT_4398-T1;GlimmerHMM}

# EVM prediction: Mode:STANDARD S-ratio: 192.46 59378-61183 orient(+) score(7185.00) noncoding_equivalent(37.33) raw_noncoding(37.33) offset(0.00) 
59378	61183	single+	1	3	{Augustus_model.g3880.t1;Augustus},{GlimmerHMM_glimmerT_4399-T1;GlimmerHMM}

# EVM prediction: Mode:STANDARD S-ratio: 5.07 61576-62409 orient(-) score(2346.00) noncoding_equivalent(463.05) raw_noncoding(1345.00) offset(881.95) 
61954	61576	terminal-	6	6	{Augustus_model.g3881.t1;Augustus},{GlimmerHMM_glimmerT_4400-T1;GlimmerHMM}
62401	61955	INTRON			{GlimmerHMM_glimmerT_4400-T1;GlimmerHMM}
62409	62402	initial-	4	5	{GlimmerHMM_glimmerT_4400-T1;GlimmerHMM}

# EVM prediction: Mode:STANDARD S-ratio: 435.12 63377-69058 orient(+) score(17005.00) noncoding_equivalent(39.08) raw_noncoding(39.08) offset(0.00) 
63377	69058	single+	1	3	{GlimmerHMM_glimmerT_4401-T1;GlimmerHMM}

# EVM prediction: Mode:STANDARD S-ratio: 38.75 70495-74067 orient(+) score(13833.00) noncoding_equivalent(357.00) raw_noncoding(357.00) offset(0.00) 
70495	74067	single+	1	3	{Augustus_model.g3883.t1;Augustus},{GlimmerHMM_glimmerT_4403-T1;GlimmerHMM}

# EVM prediction: Mode:STANDARD S-ratio: 10000.00 74864-76510 orient(+) score(6582.00) noncoding_equivalent(0.66) raw_noncoding(0.00) offset(0.00) 
74864	76510	single+	1	3	{Augustus_model.g3884.t1;Augustus},{GlimmerHMM_glimmerT_4404-T1;GlimmerHMM}

# EVM prediction: Mode:STANDARD S-ratio: 5.20 77293-79445 orient(-) score(5298.00) noncoding_equivalent(1019.33) raw_noncoding(1191.00) offset(171.67) 
77912	77293	terminal-	5	6	{GlimmerHMM_glimmerT_4405-T1;GlimmerHMM}
78046	77913	INTRON			{GlimmerHMM_glimmerT_4405-T1;GlimmerHMM}
79445	78047	initial-	4	4	{GlimmerHMM_glimmerT_4405-T1;GlimmerHMM}

# EVM prediction: Mode:STANDARD S-ratio: 10000.00 80113-82542 orient(+) score(9720.00) noncoding_equivalent(0.97) raw_noncoding(0.00) offset(0.00) 
80113	82542	single+	1	3	{GlimmerHMM_glimmerT_4406-T1;GlimmerHMM},{Augustus_model.g3886.t1;Augustus}

# EVM prediction: Mode:STANDARD S-ratio: 4.44 82832-83905 orient(-) score(5259.00) noncoding_equivalent(1185.00) raw_noncoding(1185.00) offset(0.00) 
83905	82832	single-	4	6	{HiQ_model.g3887.t1;HiQ},{GlimmerHMM_glimmerT_4407-T1;GlimmerHMM}

# EVM prediction: Mode:STANDARD S-ratio: 10000.00 84491-86440 orient(+) score(5850.00) noncoding_equivalent(0.59) raw_noncoding(0.00) offset(0.00) 
84491	86440	single+	1	3	{Augustus_model.g3888.t1;Augustus},{GlimmerHMM_glimmerT_4408-T1;GlimmerHMM}

# EVM prediction: Mode:STANDARD S-ratio: 1.81 90267-92533 orient(+) score(1567.00) noncoding_equivalent(863.46) raw_noncoding(1087.92) offset(224.46) 
90267	90977	initial+	1	3	{GlimmerHMM_glimmerT_4409-T1;GlimmerHMM}
90978	92515	INTRON			{GlimmerHMM_glimmerT_4409-T1;GlimmerHMM}
92516	92533	terminal+	1	3	{GlimmerHMM_glimmerT_4409-T1;GlimmerHMM}

# EVM prediction: Mode:STANDARD S-ratio: 347.86 92541-94175 orient(+) score(4889.00) noncoding_equivalent(14.05) raw_noncoding(14.05) offset(0.00) 
92541	94175	single+	1	3	{Augustus_model.g3890.t1;Augustus},{GlimmerHMM_glimmerT_4410-T1;GlimmerHMM}

