!! Predictions spanning range 1323 - 97238 [R1]
# EVM prediction: Mode:STANDARD S-ratio: 157.03 1323-4715 orient(+) score(10113.00) noncoding_equivalent(64.40) raw_noncoding(64.40) offset(0.00) 
1323	4715	single+	1	3	{GlimmerHMM_glimmerT_3713-T1;GlimmerHMM},{Augustus_model.g3294.t1;Augustus}

# EVM prediction: Mode:STANDARD S-ratio: 166.17 8238-11699 orient(+) score(10322.00) noncoding_equivalent(62.12) raw_noncoding(62.12) offset(0.00) 
8238	11699	single+	1	3	{GlimmerHMM_glimmerT_3714-T1;GlimmerHMM},{Augustus_model.g3295.t1;Augustus}

# EVM prediction: Mode:STANDARD S-ratio: 7.61 11872-12843 orient(-) score(2916.00) noncoding_equivalent(383.04) raw_noncoding(383.04) offset(0.00) 
12843	11872	single-	4	6	{GlimmerHMM_glimmerT_3715-T1;GlimmerHMM},{Augustus_model.g3296.t1;Augustus}

# EVM prediction: Mode:STANDARD S-ratio: 26.28 13149-14501 orient(+) score(4012.00) noncoding_equivalent(152.67) raw_noncoding(152.67) offset(0.00) 
13149	14501	single+	1	3	{GlimmerHMM_glimmerT_3716-T1;GlimmerHMM},{Augustus_model.g3297.t1;Augustus}

# EVM prediction: Mode:STANDARD S-ratio: 5.89 14605-16257 orient(-) score(4872.00) noncoding_equivalent(827.48) raw_noncoding(827.48) offset(0.00) 
16257	14605	single-	4	6	{GlimmerHMM_glimmerT_3717-T1;GlimmerHMM},{Augustus_model.g3298.t1;Augustus}

# EVM prediction: Mode:STANDARD S-ratio: 6.51 16862-20638 orient(-) score(11308.00) noncoding_equivalent(1738.18) raw_noncoding(1738.18) offset(0.00) 
20638	16862	single-	4	6	{Augustus_model.g3299.t1;Augustus},{GlimmerHMM_glimmerT_3718-T1;GlimmerHMM}

# EVM prediction: Mode:STANDARD S-ratio: 3.49 23027-24203 orient(-) score(3046.00) noncoding_equivalent(872.01) raw_noncoding(1258.01) offset(386.00) 
23722	23027	terminal-	4	6	{snap_scaffold_4-snap.421-T1;snap},{Augustus_model.g3300.t1;Augustus}
24113	23723	INTRON			{GlimmerHMM_glimmerT_3719-T1;GlimmerHMM},{Augustus_model.g3300.t1;Augustus}
24203	24114	initial-	4	6	{GlimmerHMM_glimmerT_3719-T1;GlimmerHMM},{Augustus_model.g3300.t1;Augustus}

# EVM prediction: Mode:STANDARD S-ratio: 10000.00 25336-27177 orient(+) score(5526.00) noncoding_equivalent(0.55) raw_noncoding(0.00) offset(0.00) 
25336	27177	single+	1	3	{Augustus_model.g3301.t1;Augustus},{GlimmerHMM_glimmerT_3720-T1;GlimmerHMM}

# EVM prediction: Mode:STANDARD S-ratio: 16.73 27250-29196 orient(-) score(5416.00) noncoding_equivalent(323.79) raw_noncoding(323.79) offset(0.00) 
29196	27250	single-	4	6	{Augustus_model.g3302.t1;Augustus}

# EVM prediction: Mode:STANDARD S-ratio: 50.61 31743-34085 orient(+) score(6785.00) noncoding_equivalent(134.06) raw_noncoding(242.27) offset(108.21) 
31743	31770	initial+	1	1	{Augustus_model.g3303.t1;Augustus}
31771	31878	INTRON			{Augustus_model.g3303.t1;Augustus}
31879	34085	terminal+	2	3	{Augustus_model.g3303.t1;Augustus},{snap_scaffold_4-snap.424-T1;snap}

# EVM prediction: Mode:STANDARD S-ratio: 1.17 35917-37458 orient(+) score(3088.00) noncoding_equivalent(2644.34) raw_noncoding(2644.34) offset(0.00) 
35917	37458	single+	1	3	{Augustus_model.g3304.t1;Augustus}

# EVM prediction: Mode:STANDARD S-ratio: 2.43 37783-39570 orient(+) score(5060.00) noncoding_equivalent(2084.08) raw_noncoding(2084.08) offset(0.00) 
37783	39570	single+	1	3	{Augustus_model.g3305.t1;Augustus},{GlimmerHMM_glimmerT_3724-T1;GlimmerHMM}

# EVM prediction: Mode:STANDARD S-ratio: 10000.00 39706-40995 orient(-) score(3870.00) noncoding_equivalent(0.39) raw_noncoding(0.00) offset(0.00) 
40995	39706	single-	4	6	{GlimmerHMM_glimmerT_3725-T1;GlimmerHMM},{Augustus_model.g3306.t1;Augustus}

# EVM prediction: Mode:STANDARD S-ratio: 1.56 46080-47252 orient(-) score(2145.00) noncoding_equivalent(1372.36) raw_noncoding(1372.36) offset(0.00) 
47252	46080	single-	4	6	{GlimmerHMM_glimmerT_3726-T1;GlimmerHMM}

# EVM prediction: Mode:STANDARD S-ratio: 19.10 56894-58948 orient(+) score(5859.00) noncoding_equivalent(306.74) raw_noncoding(306.74) offset(0.00) 
56894	58948	single+	1	3	{GlimmerHMM_glimmerT_3728-T1;GlimmerHMM}

# EVM prediction: Mode:STANDARD S-ratio: 11.34 59115-62046 orient(+) score(7838.00) noncoding_equivalent(691.22) raw_noncoding(1177.86) offset(486.64) 
59115	59122	initial+	1	2	{snap_scaffold_4-snap.430-T1;snap}
59123	59387	INTRON			{snap_scaffold_4-snap.430-T1;snap}
59388	62046	terminal+	3	3	{snap_scaffold_4-snap.430-T1;snap}

# EVM prediction: Mode:STANDARD S-ratio: 183.00 63917-66124 orient(+) score(6588.00) noncoding_equivalent(36.00) raw_noncoding(36.00) offset(0.00) 
63917	66124	single+	1	3	{Augustus_model.g3308.t1;Augustus},{GlimmerHMM_glimmerT_3730-T1;GlimmerHMM}

# EVM prediction: Mode:STANDARD S-ratio: 706.82 66311-68911 orient(-) score(7790.00) noncoding_equivalent(11.02) raw_noncoding(11.02) offset(0.00) 
68911	66311	single-	4	6	{Augustus_model.g3309.t1;Augustus},{GlimmerHMM_glimmerT_3731-T1;GlimmerHMM}

# EVM prediction: Mode:STANDARD S-ratio: 126.91 70041-71453 orient(+) score(4188.00) noncoding_equivalent(33.00) raw_noncoding(33.00) offset(0.00) 
70041	71453	single+	1	3	{Augustus_model.g3310.t1;Augustus}

# EVM prediction: Mode:STANDARD S-ratio: 197.00 71895-72686 orient(-) score(2364.00) noncoding_equivalent(12.00) raw_noncoding(12.00) offset(0.00) 
72686	71895	single-	4	6	{GlimmerHMM_glimmerT_3734-T1;GlimmerHMM},{Augustus_model.g3311.t1;Augustus}

# EVM prediction: Mode:STANDARD S-ratio: 160.25 73106-73750 orient(+) score(1923.00) noncoding_equivalent(12.00) raw_noncoding(12.00) offset(0.00) 
73106	73750	single+	1	3	{GlimmerHMM_glimmerT_3735-T1;GlimmerHMM},{Augustus_model.g3312.t1;Augustus}

# EVM prediction: Mode:STANDARD S-ratio: 224.36 75025-76539 orient(+) score(4523.00) noncoding_equivalent(20.16) raw_noncoding(20.16) offset(0.00) 
75025	76539	single+	1	3	{GlimmerHMM_glimmerT_3736-T1;GlimmerHMM},{Augustus_model.g3313.t1;Augustus}

# EVM prediction: Mode:STANDARD S-ratio: 1053.67 76780-78546 orient(-) score(5294.00) noncoding_equivalent(5.02) raw_noncoding(5.02) offset(0.00) 
78546	76780	single-	4	6	{GlimmerHMM_glimmerT_3737-T1;GlimmerHMM},{Augustus_model.g3314.t1;Augustus}

# EVM prediction: Mode:STANDARD S-ratio: 662.86 80579-81688 orient(-) score(3323.00) noncoding_equivalent(5.01) raw_noncoding(5.01) offset(0.00) 
81688	80579	single-	4	6	{GlimmerHMM_glimmerT_3738-T1;GlimmerHMM},{Augustus_model.g3315.t1;Augustus}

# EVM prediction: Mode:STANDARD S-ratio: 228.29 82997-83842 orient(+) score(2525.00) noncoding_equivalent(11.06) raw_noncoding(11.06) offset(0.00) 
82997	83842	single+	1	3	{GlimmerHMM_glimmerT_3739-T1;GlimmerHMM},{Augustus_model.g3316.t1;Augustus}

# EVM prediction: Mode:STANDARD S-ratio: 33.88 84541-86598 orient(+) score(5997.00) noncoding_equivalent(177.00) raw_noncoding(177.00) offset(0.00) 
84541	86598	single+	1	3	{Augustus_model.g3317.t1;Augustus},{GlimmerHMM_glimmerT_3740-T1;GlimmerHMM}

# EVM prediction: Mode:STANDARD S-ratio: 10000.00 87308-88150 orient(+) score(2529.00) noncoding_equivalent(0.25) raw_noncoding(0.00) offset(0.00) 
87308	88150	single+	1	3	{Augustus_model.g3318.t1;Augustus},{GlimmerHMM_glimmerT_3741-T1;GlimmerHMM}

# EVM prediction: Mode:STANDARD S-ratio: 10000.00 88947-89750 orient(+) score(2412.00) noncoding_equivalent(0.24) raw_noncoding(0.00) offset(0.00) 
88947	89750	single+	1	3	{Augustus_model.g3319.t1;Augustus},{GlimmerHMM_glimmerT_3742-T1;GlimmerHMM}

# EVM prediction: Mode:STANDARD S-ratio: 22.93 90221-91498 orient(+) score(3673.00) noncoding_equivalent(160.20) raw_noncoding(160.20) offset(0.00) 
90221	91498	single+	1	3	{GlimmerHMM_glimmerT_3743-T1;GlimmerHMM},{Augustus_model.g3320.t1;Augustus}

# EVM prediction: Mode:STANDARD S-ratio: 25.39 93783-95207 orient(+) score(4113.00) noncoding_equivalent(162.00) raw_noncoding(162.00) offset(0.00) 
93783	95207	single+	1	3	{Augustus_model.g3321.t1;Augustus}

# EVM prediction: Mode:STANDARD S-ratio: 10000.00 96051-97238 orient(-) score(3564.00) noncoding_equivalent(0.36) raw_noncoding(0.00) offset(0.00) 
97238	96051	single-	4	6	{Augustus_model.g3322.t1;Augustus},{GlimmerHMM_glimmerT_3745-T1;GlimmerHMM}

