!! Predictions spanning range 5973 - 99598 [R1]
# EVM prediction: Mode:STANDARD S-ratio: 192.06 5973-6848 orient(+) score(3484.00) noncoding_equivalent(18.14) raw_noncoding(18.14) offset(0.00) 
5973	6848	single+	1	3	{Augustus_model.g537.t1;Augustus},{GlimmerHMM_glimmerT_574-T1;GlimmerHMM}

# EVM prediction: Mode:STANDARD S-ratio: 10000.00 8644-9603 orient(+) score(2880.00) noncoding_equivalent(0.29) raw_noncoding(0.00) offset(0.00) 
8644	9603	single+	1	3	{GlimmerHMM_glimmerT_575-T1;GlimmerHMM},{Augustus_model.g538.t1;Augustus}

# EVM prediction: Mode:STANDARD S-ratio: 10000.00 12786-13745 orient(+) score(3840.00) noncoding_equivalent(0.38) raw_noncoding(0.00) offset(0.00) 
12786	13745	single+	1	3	{GlimmerHMM_glimmerT_576-T1;GlimmerHMM},{Augustus_model.g539.t1;Augustus}

# EVM prediction: Mode:STANDARD S-ratio: 10000.00 14429-19423 orient(-) score(14985.00) noncoding_equivalent(1.50) raw_noncoding(0.00) offset(0.00) 
19423	14429	single-	4	6	{GlimmerHMM_glimmerT_577-T1;GlimmerHMM},{Augustus_model.g540.t1;Augustus}

# EVM prediction: Mode:STANDARD S-ratio: 3.00 20229-21209 orient(+) score(2943.00) noncoding_equivalent(981.00) raw_noncoding(981.00) offset(0.00) 
20229	21209	single+	1	3	{GlimmerHMM_glimmerT_578-T1;GlimmerHMM},{Augustus_model.g541.t1;Augustus}

# EVM prediction: Mode:STANDARD S-ratio: 35.94 21579-22049 orient(+) score(1833.00) noncoding_equivalent(51.00) raw_noncoding(51.00) offset(0.00) 
21579	22049	single+	1	3	{Augustus_model.g542.t1;Augustus},{GlimmerHMM_glimmerT_579-T1;GlimmerHMM}

# EVM prediction: Mode:STANDARD S-ratio: 5.00 22422-23513 orient(-) score(5460.00) noncoding_equivalent(1092.00) raw_noncoding(1092.00) offset(0.00) 
23513	22422	single-	4	6	{GlimmerHMM_glimmerT_580-T1;GlimmerHMM},{HiQ_model.g543.t1;HiQ}

# EVM prediction: Mode:STANDARD S-ratio: 4.82 23788-26067 orient(-) score(11331.00) noncoding_equivalent(2349.00) raw_noncoding(2349.00) offset(0.00) 
26067	23788	single-	4	6	{HiQ_model.g544.t1;HiQ}

# EVM prediction: Mode:STANDARD S-ratio: 4.87 26656-30753 orient(-) score(20397.00) noncoding_equivalent(4190.62) raw_noncoding(4190.62) offset(0.00) 
30753	26656	single-	4	6	{HiQ_model.g545.t1;HiQ},{GlimmerHMM_glimmerT_582-T1;GlimmerHMM}

# EVM prediction: Mode:STANDARD S-ratio: 10000.00 31417-34293 orient(+) score(11508.00) noncoding_equivalent(1.15) raw_noncoding(0.00) offset(0.00) 
31417	34293	single+	1	3	{Augustus_model.g546.t1;Augustus},{GlimmerHMM_glimmerT_583-T1;GlimmerHMM}

# EVM prediction: Mode:STANDARD S-ratio: 4.65 34518-35930 orient(-) score(6976.00) noncoding_equivalent(1500.68) raw_noncoding(1500.68) offset(0.00) 
35930	34518	single-	4	6	{HiQ_model.g547.t1;HiQ},{GlimmerHMM_glimmerT_584-T1;GlimmerHMM}

# EVM prediction: Mode:STANDARD S-ratio: 2.00 36166-36867 orient(-) score(2808.00) noncoding_equivalent(1402.00) raw_noncoding(1402.00) offset(0.00) 
36867	36166	single-	4	6	{HiQ_model.g548.t1;HiQ},{GlimmerHMM_glimmerT_585-T1;GlimmerHMM}

# EVM prediction: Mode:STANDARD S-ratio: 37.52 37060-40902 orient(+) score(14896.00) noncoding_equivalent(397.02) raw_noncoding(397.02) offset(0.00) 
37060	40902	single+	1	3	{GlimmerHMM_glimmerT_586-T1;GlimmerHMM}

# EVM prediction: Mode:STANDARD S-ratio: 27.86 41174-43792 orient(+) score(10113.00) noncoding_equivalent(363.00) raw_noncoding(363.00) offset(0.00) 
41174	43792	single+	1	3	{GlimmerHMM_glimmerT_587-T1;GlimmerHMM}

# EVM prediction: Mode:STANDARD S-ratio: 10000.00 44026-48720 orient(-) score(14085.00) noncoding_equivalent(1.41) raw_noncoding(0.00) offset(0.00) 
48720	44026	single-	4	6	{GlimmerHMM_glimmerT_588-T1;GlimmerHMM},{Augustus_model.g551.t1;Augustus}

# EVM prediction: Mode:STANDARD S-ratio: 3.00 49448-49795 orient(+) score(1044.00) noncoding_equivalent(348.00) raw_noncoding(348.00) offset(0.00) 
49448	49795	single+	1	3	{Augustus_model.g552.t1;Augustus},{GlimmerHMM_glimmerT_589-T1;GlimmerHMM}

# EVM prediction: Mode:STANDARD S-ratio: 4.86 50085-54809 orient(-) score(23508.00) noncoding_equivalent(4842.00) raw_noncoding(4842.00) offset(0.00) 
54809	50085	single-	4	6	{HiQ_model.g553.t1;HiQ},{GlimmerHMM_glimmerT_590-T1;GlimmerHMM}

# EVM prediction: Mode:STANDARD S-ratio: 3.92 55491-57299 orient(+) score(8649.00) noncoding_equivalent(2205.00) raw_noncoding(2205.00) offset(0.00) 
55491	57299	single+	1	3	{HiQ_model.g554.t1;HiQ},{GlimmerHMM_glimmerT_591-T1;GlimmerHMM}

# EVM prediction: Mode:STANDARD S-ratio: 364.60 57625-58995 orient(+) score(5469.00) noncoding_equivalent(15.00) raw_noncoding(15.00) offset(0.00) 
57625	58995	single+	1	3	{Augustus_model.g555.t1;Augustus},{GlimmerHMM_glimmerT_592-T1;GlimmerHMM}

# EVM prediction: Mode:STANDARD S-ratio: 42.11 59468-61924 orient(+) score(9600.00) noncoding_equivalent(228.00) raw_noncoding(228.00) offset(0.00) 
59468	61924	single+	1	3	{Augustus_model.g556.t1;Augustus},{GlimmerHMM_glimmerT_593-T1;GlimmerHMM}

# EVM prediction: Mode:STANDARD S-ratio: 5.00 62239-64500 orient(-) score(11304.00) noncoding_equivalent(2262.00) raw_noncoding(2262.00) offset(0.00) 
64500	62239	single-	4	6	{HiQ_model.g557.t1;HiQ},{GlimmerHMM_glimmerT_594-T1;GlimmerHMM}

# EVM prediction: Mode:STANDARD S-ratio: 327.00 65436-66911 orient(+) score(5886.00) noncoding_equivalent(18.00) raw_noncoding(18.00) offset(0.00) 
65436	66911	single+	1	3	{GlimmerHMM_glimmerT_595-T1;GlimmerHMM},{Augustus_model.g558.t1;Augustus}

# EVM prediction: Mode:STANDARD S-ratio: 4.87 67067-67708 orient(-) score(3194.00) noncoding_equivalent(656.24) raw_noncoding(656.24) offset(0.00) 
67708	67067	single-	4	6	{GlimmerHMM_glimmerT_596-T1;GlimmerHMM},{HiQ_model.g559.t1;HiQ}

# EVM prediction: Mode:STANDARD S-ratio: 1.00 68525-68746 orient(+) score(444.00) noncoding_equivalent(444.00) raw_noncoding(444.00) offset(0.00) 
68525	68746	single+	1	3	{GlimmerHMM_glimmerT_597-T1;GlimmerHMM}

# EVM prediction: Mode:STANDARD S-ratio: 4.63 69088-71190 orient(-) score(10377.00) noncoding_equivalent(2241.00) raw_noncoding(2241.00) offset(0.00) 
71190	69088	single-	4	6	{GlimmerHMM_glimmerT_598-T1;GlimmerHMM},{HiQ_model.g560.t1;HiQ}

# EVM prediction: Mode:STANDARD S-ratio: 7.02 73248-74294 orient(+) score(3666.00) noncoding_equivalent(522.00) raw_noncoding(522.00) offset(0.00) 
73248	74294	single+	1	3	{GlimmerHMM_glimmerT_599-T1;GlimmerHMM}

# EVM prediction: Mode:STANDARD S-ratio: 2.73 74731-75771 orient(-) score(4572.00) noncoding_equivalent(1674.00) raw_noncoding(1674.00) offset(0.00) 
75771	74731	single-	4	6	{HiQ_model.g562.t1;HiQ},{GlimmerHMM_glimmerT_600-T1;GlimmerHMM}

# EVM prediction: Mode:STANDARD S-ratio: 201.48 77660-78676 orient(+) score(4046.00) noncoding_equivalent(20.08) raw_noncoding(20.08) offset(0.00) 
77660	78676	single+	1	3	{GlimmerHMM_glimmerT_601-T1;GlimmerHMM},{Augustus_model.g563.t1;Augustus}

# EVM prediction: Mode:STANDARD S-ratio: 10000.00 79843-80283 orient(+) score(2205.00) noncoding_equivalent(0.22) raw_noncoding(0.00) offset(0.00) 
79843	80283	single+	1	3	{GlimmerHMM_glimmerT_602-T1;GlimmerHMM}

# EVM prediction: Mode:STANDARD S-ratio: 13.14 80605-81477 orient(+) score(3246.00) noncoding_equivalent(247.12) raw_noncoding(247.12) offset(0.00) 
80605	81477	single+	1	3	{GlimmerHMM_glimmerT_603-T1;GlimmerHMM}

# EVM prediction: Mode:STANDARD S-ratio: 125.80 82173-83726 orient(+) score(6416.00) noncoding_equivalent(51.00) raw_noncoding(51.00) offset(0.00) 
82173	83726	single+	1	3	{GlimmerHMM_glimmerT_604-T1;GlimmerHMM}

# EVM prediction: Mode:STANDARD S-ratio: 14.76 84164-85924 orient(+) score(6597.00) noncoding_equivalent(447.00) raw_noncoding(447.00) offset(0.00) 
84164	85924	single+	1	3	{GlimmerHMM_glimmerT_605-T1;GlimmerHMM},{Augustus_model.g566.t1;Augustus}

# EVM prediction: Mode:STANDARD S-ratio: 15.66 86457-87818 orient(+) score(5121.00) noncoding_equivalent(327.00) raw_noncoding(327.00) offset(0.00) 
86457	87818	single+	1	3	{GlimmerHMM_glimmerT_606-T1;GlimmerHMM},{Augustus_model.g567.t1;Augustus}

# EVM prediction: Mode:STANDARD S-ratio: 389.74 89121-90686 orient(+) score(4684.00) noncoding_equivalent(12.02) raw_noncoding(12.02) offset(0.00) 
89121	90686	single+	1	3	{GlimmerHMM_glimmerT_607-T1;GlimmerHMM},{Augustus_model.g568.t1;Augustus}

# EVM prediction: Mode:STANDARD S-ratio: 4.80 90811-91539 orient(-) score(3619.00) noncoding_equivalent(753.21) raw_noncoding(753.21) offset(0.00) 
91539	90811	single-	4	6	{GlimmerHMM_glimmerT_608-T1;GlimmerHMM},{HiQ_model.g569.t1;HiQ}

# EVM prediction: Mode:STANDARD S-ratio: 1.00 91810-92040 orient(+) score(462.00) noncoding_equivalent(462.00) raw_noncoding(462.00) offset(0.00) 
91810	92040	single+	1	3	{GlimmerHMM_glimmerT_609-T1;GlimmerHMM}

# EVM prediction: Mode:STANDARD S-ratio: 75.43 92684-96046 orient(-) score(9957.00) noncoding_equivalent(132.00) raw_noncoding(132.00) offset(0.00) 
96046	92684	single-	4	6	{GlimmerHMM_glimmerT_610-T1;GlimmerHMM},{Augustus_model.g570.t1;Augustus}

# EVM prediction: Mode:STANDARD S-ratio: 5.00 96426-97661 orient(-) score(6180.00) noncoding_equivalent(1236.00) raw_noncoding(1236.00) offset(0.00) 
97661	96426	single-	4	6	{HiQ_model.g571.t1;HiQ},{GlimmerHMM_glimmerT_611-T1;GlimmerHMM}

# EVM prediction: Mode:STANDARD S-ratio: 2.00 98291-99598 orient(-) score(5232.00) noncoding_equivalent(2616.00) raw_noncoding(2616.00) offset(0.00) 
99598	98291	single-	4	6	{HiQ_model.g572.t1;HiQ},{GlimmerHMM_glimmerT_612-T1;GlimmerHMM}

