!! Predictions spanning range 24744 - 90525 [R1]
# EVM prediction: Mode:STANDARD S-ratio: 10000.00 24744-33380 orient(-) score(17274.00) noncoding_equivalent(1.73) raw_noncoding(0.00) offset(0.00) 
24818	24744	terminal-	4	6	{Augustus_gene840.t1;Augustus}
24939	24819	INTRON			{Augustus_gene840.t1;Augustus}
24976	24940	internal-	6	6	{Augustus_gene840.t1;Augustus}
25053	24977	INTRON			{Augustus_gene840.t1;Augustus}
25102	25054	internal-	5	5	{Augustus_gene840.t1;Augustus}
25151	25103	INTRON			{Augustus_gene840.t1;Augustus}
25170	25152	internal-	4	4	{Augustus_gene840.t1;Augustus}
25714	25171	INTRON			{Augustus_gene840.t1;Augustus}
25731	25715	internal-	5	6	{Augustus_gene840.t1;Augustus}
25982	25732	INTRON			{Augustus_gene840.t1;Augustus}
25995	25983	internal-	4	4	{Augustus_gene840.t1;Augustus}
26346	25996	INTRON			{Augustus_gene840.t1;Augustus}
26361	26347	internal-	4	6	{Augustus_gene840.t1;Augustus}
26639	26362	INTRON			{Augustus_gene840.t1;Augustus}
26666	26640	internal-	4	6	{Augustus_gene840.t1;Augustus}
26788	26667	INTRON			{Augustus_gene840.t1;Augustus}
26879	26789	internal-	6	6	{Augustus_gene840.t1;Augustus}
27164	26880	INTRON			{Augustus_gene840.t1;Augustus}
27194	27165	internal-	6	5	{Augustus_gene840.t1;Augustus}
27339	27195	INTRON			{Augustus_gene840.t1;Augustus}
27351	27340	internal-	6	5	{Augustus_gene840.t1;Augustus}
27774	27352	INTRON			{Augustus_gene840.t1;Augustus}
27843	27775	internal-	6	5	{Augustus_gene840.t1;Augustus}
27909	27844	INTRON			{Augustus_gene840.t1;Augustus}
28002	27910	internal-	6	5	{Augustus_gene840.t1;Augustus}
28159	28003	INTRON			{Augustus_gene840.t1;Augustus}
28176	28160	internal-	4	5	{Augustus_gene840.t1;Augustus}
28607	28177	INTRON			{Augustus_gene840.t1;Augustus}
28653	28608	internal-	6	6	{Augustus_gene840.t1;Augustus}
28747	28654	INTRON			{Augustus_gene840.t1;Augustus}
28774	28748	internal-	6	5	{Augustus_gene840.t1;Augustus}
28860	28775	INTRON			{Augustus_gene840.t1;Augustus}
28950	28861	internal-	6	5	{Augustus_gene840.t1;Augustus}
29358	28951	INTRON			{Augustus_gene840.t1;Augustus}
33380	29359	initial-	4	5	{Augustus_gene840.t1;Augustus}

# EVM prediction: Mode:STANDARD S-ratio: 10000.00 33721-34896 orient(+) score(2352.00) noncoding_equivalent(0.24) raw_noncoding(0.00) offset(0.00) 
33721	34896	single+	1	3	{Augustus_gene231.t1;Augustus}

# EVM prediction: Mode:STANDARD S-ratio: 10000.00 34961-36667 orient(-) score(3414.00) noncoding_equivalent(0.34) raw_noncoding(0.00) offset(0.00) 
36667	34961	single-	4	6	{Augustus_gene825.t1;Augustus}

# EVM prediction: Mode:STANDARD S-ratio: 10000.00 55849-59526 orient(+) score(7356.00) noncoding_equivalent(0.74) raw_noncoding(0.00) offset(0.00) 
55849	59526	single+	1	3	{Augustus_gene347.t1;Augustus}

# EVM prediction: Mode:STANDARD S-ratio: 10000.00 62016-63131 orient(-) score(2232.00) noncoding_equivalent(0.22) raw_noncoding(0.00) offset(0.00) 
63131	62016	single-	4	6	{Augustus_gene312.t1;Augustus}

# EVM prediction: Mode:STANDARD S-ratio: 10000.00 66825-69830 orient(-) score(6012.00) noncoding_equivalent(0.60) raw_noncoding(0.00) offset(0.00) 
69830	66825	single-	4	6	{Augustus_gene590.t1;Augustus}

# EVM prediction: Mode:STANDARD S-ratio: 10000.00 70978-72453 orient(+) score(2952.00) noncoding_equivalent(0.30) raw_noncoding(0.00) offset(0.00) 
70978	72453	single+	1	3	{Augustus_gene855.t1;Augustus}

# EVM prediction: Mode:STANDARD S-ratio: 10000.00 77266-80787 orient(+) score(7044.00) noncoding_equivalent(0.70) raw_noncoding(0.00) offset(0.00) 
77266	80787	single+	1	3	{Augustus_gene599.t1;Augustus}

# EVM prediction: Mode:STANDARD S-ratio: 10000.00 83188-87351 orient(-) score(8328.00) noncoding_equivalent(0.83) raw_noncoding(0.00) offset(0.00) 
87351	83188	single-	4	6	{Augustus_gene446.t1;Augustus}

# EVM prediction: Mode:STANDARD S-ratio: 10000.00 88705-90525 orient(+) score(3642.00) noncoding_equivalent(0.36) raw_noncoding(0.00) offset(0.00) 
88705	90525	single+	1	3	{Augustus_gene132.t1;Augustus}

