!! Predictions spanning range 12658 - 98774 [R1]
# EVM prediction: Mode:STANDARD S-ratio: 10000.00 12658-13659 orient(-) score(2004.00) noncoding_equivalent(0.20) raw_noncoding(0.00) offset(0.00) 
13659	12658	single-	4	6	{Augustus_gene769.t1;Augustus}

# EVM prediction: Mode:STANDARD S-ratio: 10000.00 24871-25737 orient(+) score(1734.00) noncoding_equivalent(0.17) raw_noncoding(0.00) offset(0.00) 
24871	25737	single+	1	3	{Augustus_gene819.t1;Augustus}

# EVM prediction: Mode:STANDARD S-ratio: 10000.00 29856-31529 orient(-) score(3348.00) noncoding_equivalent(0.33) raw_noncoding(0.00) offset(0.00) 
31529	29856	single-	4	6	{Augustus_gene486.t1;Augustus}

# EVM prediction: Mode:STANDARD S-ratio: 10000.00 32835-34376 orient(+) score(3084.00) noncoding_equivalent(0.31) raw_noncoding(0.00) offset(0.00) 
32835	34376	single+	1	3	{Augustus_gene483.t1;Augustus}

# EVM prediction: Mode:STANDARD S-ratio: 10000.00 37116-40214 orient(-) score(6198.00) noncoding_equivalent(0.62) raw_noncoding(0.00) offset(0.00) 
40214	37116	single-	4	6	{Augustus_gene823.t1;Augustus}

# EVM prediction: Mode:STANDARD S-ratio: 10000.00 40690-43380 orient(-) score(5382.00) noncoding_equivalent(0.54) raw_noncoding(0.00) offset(0.00) 
43380	40690	single-	4	6	{Augustus_gene714.t1;Augustus}

# EVM prediction: Mode:STANDARD S-ratio: 10000.00 49579-50472 orient(-) score(1788.00) noncoding_equivalent(0.18) raw_noncoding(0.00) offset(0.00) 
50472	49579	single-	4	6	{Augustus_gene190.t1;Augustus}

# EVM prediction: Mode:STANDARD S-ratio: 10000.00 76058-77425 orient(+) score(2736.00) noncoding_equivalent(0.27) raw_noncoding(0.00) offset(0.00) 
76058	77425	single+	1	3	{Augustus_gene621.t1;Augustus}

# EVM prediction: Mode:STANDARD S-ratio: 10000.00 86052-87407 orient(+) score(2712.00) noncoding_equivalent(0.27) raw_noncoding(0.00) offset(0.00) 
86052	87407	single+	1	3	{Augustus_gene425.t1;Augustus}

# EVM prediction: Mode:STANDARD S-ratio: 10000.00 94064-96372 orient(+) score(4618.00) noncoding_equivalent(0.46) raw_noncoding(0.00) offset(0.00) 
94064	94127	initial+	1	1	{Augustus_gene520.t1;Augustus}
94128	94459	INTRON			{Augustus_gene520.t1;Augustus}
94460	96372	terminal+	2	3	{Augustus_gene520.t1;Augustus}

# EVM prediction: Mode:STANDARD S-ratio: 10000.00 97827-98774 orient(-) score(1896.00) noncoding_equivalent(0.19) raw_noncoding(0.00) offset(0.00) 
98774	97827	single-	4	6	{Augustus_gene831.t1;Augustus}

