!! Predictions spanning range 42102 - 69360 [R1]
# EVM prediction: Mode:STANDARD S-ratio: 10000.00 42102-42848 orient(-) score(1494.00) noncoding_equivalent(0.15) raw_noncoding(0.00) offset(0.00) 
42848	42102	single-	4	6	{Augustus_gene567.t1;Augustus}

# EVM prediction: Mode:STANDARD S-ratio: 10000.00 57766-59655 orient(+) score(3780.00) noncoding_equivalent(0.38) raw_noncoding(0.00) offset(0.00) 
57766	58308	initial+	1	3	{Augustus_gene786.t1;Augustus}
58309	58360	INTRON			{Augustus_gene786.t1;Augustus}
58361	58382	internal+	1	1	{Augustus_gene786.t1;Augustus}
58383	58435	INTRON			{Augustus_gene786.t1;Augustus}
58436	59655	terminal+	2	3	{Augustus_gene786.t1;Augustus}

# EVM prediction: Mode:STANDARD S-ratio: 10000.00 59805-65944 orient(-) score(12280.00) noncoding_equivalent(1.23) raw_noncoding(0.00) offset(0.00) 
60210	59805	terminal-	6	6	{Augustus_gene890.t1;Augustus}
60731	60211	INTRON			{Augustus_gene890.t1;Augustus}
60787	60732	internal-	4	5	{Augustus_gene890.t1;Augustus}
61567	60788	INTRON			{Augustus_gene890.t1;Augustus}
61599	61568	internal-	5	6	{Augustus_gene890.t1;Augustus}
61876	61600	INTRON			{Augustus_gene890.t1;Augustus}
62063	61877	internal-	4	4	{Augustus_gene890.t1;Augustus}
62802	62064	INTRON			{Augustus_gene890.t1;Augustus}
62837	62803	internal-	5	6	{Augustus_gene890.t1;Augustus}
64023	62838	INTRON			{Augustus_gene890.t1;Augustus}
65944	64024	initial-	4	4	{Augustus_gene890.t1;Augustus}

# EVM prediction: Mode:STANDARD S-ratio: 10000.00 66304-69360 orient(-) score(6114.00) noncoding_equivalent(0.61) raw_noncoding(0.00) offset(0.00) 
69360	66304	single-	4	6	{Augustus_gene58.t1;Augustus}

