!! Predictions spanning range 7081 - 91377 [R1]
# EVM prediction: Mode:STANDARD S-ratio: 10000.00 7081-7854 orient(-) score(1548.00) noncoding_equivalent(0.15) raw_noncoding(0.00) offset(0.00) 
7854	7081	single-	4	6	{Augustus_gene60.t1;Augustus}

# EVM prediction: Mode:STANDARD S-ratio: 10000.00 11387-12058 orient(+) score(1344.00) noncoding_equivalent(0.13) raw_noncoding(0.00) offset(0.00) 
11387	12058	single+	1	3	{Augustus_gene519.t1;Augustus}

# EVM prediction: Mode:STANDARD S-ratio: 10000.00 20864-21847 orient(+) score(1968.00) noncoding_equivalent(0.20) raw_noncoding(0.00) offset(0.00) 
20864	21847	single+	1	3	{Augustus_gene257.t1;Augustus}

# EVM prediction: Mode:STANDARD S-ratio: 10000.00 32277-36026 orient(-) score(7500.00) noncoding_equivalent(0.75) raw_noncoding(0.00) offset(0.00) 
36026	32277	single-	4	6	{Augustus_gene808.t1;Augustus}

# EVM prediction: Mode:STANDARD S-ratio: 10000.00 53010-55316 orient(-) score(4614.00) noncoding_equivalent(0.46) raw_noncoding(0.00) offset(0.00) 
55316	53010	single-	4	6	{Augustus_gene5.t1;Augustus}

# EVM prediction: Mode:STANDARD S-ratio: 10000.00 77391-79210 orient(-) score(3640.00) noncoding_equivalent(0.36) raw_noncoding(0.00) offset(0.00) 
77484	77391	terminal-	6	6	{Augustus_gene979.t1;Augustus}
77544	77485	INTRON			{Augustus_gene979.t1;Augustus}
78805	77545	internal-	5	5	{Augustus_gene979.t1;Augustus}
78882	78806	INTRON			{Augustus_gene979.t1;Augustus}
79210	78883	initial-	4	4	{Augustus_gene979.t1;Augustus}

# EVM prediction: Mode:STANDARD S-ratio: 10000.00 83980-85252 orient(+) score(2546.00) noncoding_equivalent(0.25) raw_noncoding(0.00) offset(0.00) 
83980	84291	initial+	1	3	{Augustus_gene1151.t1;Augustus}
84292	84361	INTRON			{Augustus_gene1151.t1;Augustus}
84362	85252	terminal+	1	3	{Augustus_gene1151.t1;Augustus}

# EVM prediction: Mode:STANDARD S-ratio: 10000.00 85297-88542 orient(-) score(6492.00) noncoding_equivalent(0.65) raw_noncoding(0.00) offset(0.00) 
88542	85297	single-	4	6	{Augustus_gene1130.t1;Augustus}

# EVM prediction: Mode:STANDARD S-ratio: 10000.00 90046-91377 orient(+) score(2664.00) noncoding_equivalent(0.27) raw_noncoding(0.00) offset(0.00) 
90046	91377	single+	1	3	{Augustus_gene408.t1;Augustus}

