!! Predictions spanning range 1072 - 97852 [R1]
# EVM prediction: Mode:STANDARD S-ratio: 10000.00 1072-1890 orient(+) score(4068.00) noncoding_equivalent(0.41) raw_noncoding(0.00) offset(0.00) 
1072	1890	single+	1	3	{Augustus_model.g293.t1;Augustus},{GlimmerHMM_glimmerT_314-T1;GlimmerHMM}

# EVM prediction: Mode:STANDARD S-ratio: 2.79 2470-2901 orient(+) score(1272.00) noncoding_equivalent(456.00) raw_noncoding(456.00) offset(0.00) 
2470	2901	single+	1	3	{GlimmerHMM_glimmerT_315-T1;GlimmerHMM}

# EVM prediction: Mode:STANDARD S-ratio: 5.00 3143-4924 orient(-) score(8910.00) noncoding_equivalent(1782.00) raw_noncoding(1782.00) offset(0.00) 
4924	3143	single-	4	6	{GlimmerHMM_glimmerT_316-T1;GlimmerHMM},{HiQ_model.g294.t1;HiQ}

# EVM prediction: Mode:STANDARD S-ratio: 25.61 5803-8556 orient(+) score(10602.00) noncoding_equivalent(414.00) raw_noncoding(414.00) offset(0.00) 
5803	8556	single+	1	3	{GlimmerHMM_glimmerT_317-T1;GlimmerHMM},{Augustus_model.g295.t1;Augustus}

# EVM prediction: Mode:STANDARD S-ratio: 5.00 8626-12363 orient(-) score(18690.00) noncoding_equivalent(3738.00) raw_noncoding(3738.00) offset(0.00) 
12363	8626	single-	4	6	{GlimmerHMM_glimmerT_318-T1;GlimmerHMM},{HiQ_model.g296.t1;HiQ}

# EVM prediction: Mode:STANDARD S-ratio: 3.05 12800-14221 orient(-) score(6423.00) noncoding_equivalent(2109.00) raw_noncoding(2109.00) offset(0.00) 
14221	12800	single-	4	6	{HiQ_model.g297.t1;HiQ},{GlimmerHMM_glimmerT_319-T1;GlimmerHMM}

# EVM prediction: Mode:STANDARD S-ratio: 10000.00 14455-15309 orient(+) score(3420.00) noncoding_equivalent(0.34) raw_noncoding(0.00) offset(0.00) 
14455	15309	single+	1	3	{Augustus_model.g298.t1;Augustus},{GlimmerHMM_glimmerT_320-T1;GlimmerHMM}

# EVM prediction: Mode:STANDARD S-ratio: 4.87 16119-18137 orient(-) score(10049.00) noncoding_equivalent(2063.17) raw_noncoding(2063.17) offset(0.00) 
18137	16119	single-	4	6	{GlimmerHMM_glimmerT_321-T1;GlimmerHMM},{HiQ_model.g299.t1;HiQ}

# EVM prediction: Mode:STANDARD S-ratio: 78.71 18373-20469 orient(+) score(8282.00) noncoding_equivalent(105.22) raw_noncoding(105.22) offset(0.00) 
18373	20469	single+	1	3	{Augustus_model.g300.t1;Augustus},{GlimmerHMM_glimmerT_322-T1;GlimmerHMM}

# EVM prediction: Mode:STANDARD S-ratio: 4.91 20624-22771 orient(-) score(10705.00) noncoding_equivalent(2181.05) raw_noncoding(2181.05) offset(0.00) 
22771	20624	single-	4	6	{HiQ_model.g301.t1;HiQ}

# EVM prediction: Mode:STANDARD S-ratio: 86.23 23206-24906 orient(+) score(6726.00) noncoding_equivalent(78.00) raw_noncoding(78.00) offset(0.00) 
23206	24906	single+	1	3	{Augustus_model.g302.t1;Augustus},{GlimmerHMM_glimmerT_324-T1;GlimmerHMM}

# EVM prediction: Mode:STANDARD S-ratio: 4.98 25337-26860 orient(-) score(7614.00) noncoding_equivalent(1530.00) raw_noncoding(1530.00) offset(0.00) 
26860	25337	single-	4	6	{HiQ_model.g303.t1;HiQ}

# EVM prediction: Mode:STANDARD S-ratio: 4.65 27591-28709 orient(-) score(5526.00) noncoding_equivalent(1188.00) raw_noncoding(1188.00) offset(0.00) 
28709	27591	single-	4	6	{GlimmerHMM_glimmerT_326-T1;GlimmerHMM},{HiQ_model.g304.t1;HiQ}

# EVM prediction: Mode:STANDARD S-ratio: 1.00 29287-29604 orient(+) score(636.00) noncoding_equivalent(636.00) raw_noncoding(636.00) offset(0.00) 
29287	29604	single+	1	3	{GlimmerHMM_glimmerT_327-T1;GlimmerHMM}

# EVM prediction: Mode:STANDARD S-ratio: 5.00 29836-30693 orient(-) score(4290.00) noncoding_equivalent(858.00) raw_noncoding(858.00) offset(0.00) 
30693	29836	single-	4	6	{HiQ_model.g305.t1;HiQ},{GlimmerHMM_glimmerT_328-T1;GlimmerHMM}

# EVM prediction: Mode:STANDARD S-ratio: 5.00 31060-32757 orient(-) score(8490.00) noncoding_equivalent(1698.00) raw_noncoding(1698.00) offset(0.00) 
32757	31060	single-	4	6	{HiQ_model.g306.t1;HiQ},{GlimmerHMM_glimmerT_329-T1;GlimmerHMM}

# EVM prediction: Mode:STANDARD S-ratio: 3.00 32996-34954 orient(+) score(5877.00) noncoding_equivalent(1959.00) raw_noncoding(1959.00) offset(0.00) 
32996	34954	single+	1	3	{Augustus_model.g307.t1;Augustus},{GlimmerHMM_glimmerT_330-T1;GlimmerHMM}

# EVM prediction: Mode:STANDARD S-ratio: 157.43 35342-37618 orient(+) score(9049.00) noncoding_equivalent(57.48) raw_noncoding(57.48) offset(0.00) 
35342	37618	single+	1	3	{GlimmerHMM_glimmerT_331-T1;GlimmerHMM},{Augustus_model.g308.t1;Augustus}

# EVM prediction: Mode:STANDARD S-ratio: 2.82 38129-38329 orient(+) score(592.00) noncoding_equivalent(210.09) raw_noncoding(210.09) offset(0.00) 
38129	38329	single+	1	3	{GlimmerHMM_glimmerT_332-T1;GlimmerHMM}

# EVM prediction: Mode:STANDARD S-ratio: 4.45 38661-40373 orient(-) score(8391.00) noncoding_equivalent(1887.00) raw_noncoding(1887.00) offset(0.00) 
40373	38661	single-	4	6	{HiQ_model.g309.t1;HiQ}

# EVM prediction: Mode:STANDARD S-ratio: 3.00 40695-41288 orient(+) score(1782.00) noncoding_equivalent(594.00) raw_noncoding(594.00) offset(0.00) 
40695	41288	single+	1	3	{GlimmerHMM_glimmerT_334-T1;GlimmerHMM},{Augustus_model.g310.t1;Augustus}

# EVM prediction: Mode:STANDARD S-ratio: 121.25 41816-45010 orient(+) score(9505.00) noncoding_equivalent(78.39) raw_noncoding(78.39) offset(0.00) 
41816	45010	single+	1	3	{GlimmerHMM_glimmerT_335-T1;GlimmerHMM},{Augustus_model.g311.t1;Augustus}

# EVM prediction: Mode:STANDARD S-ratio: 5.00 45670-46584 orient(-) score(4575.00) noncoding_equivalent(915.00) raw_noncoding(915.00) offset(0.00) 
46584	45670	single-	4	6	{HiQ_model.g312.t1;HiQ},{GlimmerHMM_glimmerT_336-T1;GlimmerHMM}

# EVM prediction: Mode:STANDARD S-ratio: 49.02 47443-48390 orient(+) score(3716.00) noncoding_equivalent(75.80) raw_noncoding(75.80) offset(0.00) 
47443	48390	single+	1	3	{GlimmerHMM_glimmerT_337-T1;GlimmerHMM},{Augustus_model.g313.t1;Augustus}

# EVM prediction: Mode:STANDARD S-ratio: 4.67 48497-49858 orient(-) score(6732.00) noncoding_equivalent(1440.00) raw_noncoding(1440.00) offset(0.00) 
49858	48497	single-	4	6	{HiQ_model.g314.t1;HiQ},{GlimmerHMM_glimmerT_338-T1;GlimmerHMM}

# EVM prediction: Mode:STANDARD S-ratio: 1.01 50544-51344 orient(+) score(1611.00) noncoding_equivalent(1593.25) raw_noncoding(1593.25) offset(0.00) 
50544	51344	single+	1	3	{GlimmerHMM_glimmerT_339-T1;GlimmerHMM}

# EVM prediction: Mode:STANDARD S-ratio: 2703.54 51585-56351 orient(+) score(19059.00) noncoding_equivalent(7.05) raw_noncoding(7.05) offset(0.00) 
51585	56351	single+	1	3	{GlimmerHMM_glimmerT_340-T1;GlimmerHMM},{Augustus_model.g315.t1;Augustus}

# EVM prediction: Mode:STANDARD S-ratio: 217.86 56650-60096 orient(+) score(13725.00) noncoding_equivalent(63.00) raw_noncoding(63.00) offset(0.00) 
56650	60096	single+	1	3	{Augustus_model.g316.t1;Augustus},{GlimmerHMM_glimmerT_341-T1;GlimmerHMM}

# EVM prediction: Mode:STANDARD S-ratio: 4.89 60441-62480 orient(-) score(10068.00) noncoding_equivalent(2061.00) raw_noncoding(2277.00) offset(216.00) 
62348	60441	terminal-	4	6	{HiQ_model.g317.t1;HiQ},{GlimmerHMM_glimmerT_342-T1;GlimmerHMM},{snap_scaffold_1-snap.293-T1;snap}
62459	62349	INTRON			{HiQ_model.g317.t1;HiQ},{GlimmerHMM_glimmerT_342-T1;GlimmerHMM},{ev_type:exonerate/ID=match.160399.675/Target=YDR129C;exonerate}
62480	62460	initial-	4	6	{HiQ_model.g317.t1;HiQ},{GlimmerHMM_glimmerT_342-T1;GlimmerHMM}

# EVM prediction: Mode:STANDARD S-ratio: 3.33 62848-63723 orient(-) score(4041.00) noncoding_equivalent(1215.00) raw_noncoding(1215.00) offset(0.00) 
63723	62848	single-	4	6	{HiQ_model.g318.t1;HiQ}

# EVM prediction: Mode:STANDARD S-ratio: 4.96 63891-65561 orient(-) score(8343.00) noncoding_equivalent(1681.07) raw_noncoding(1681.07) offset(0.00) 
65561	63891	single-	4	6	{HiQ_model.g319.t1;HiQ},{GlimmerHMM_glimmerT_344-T1;GlimmerHMM}

# EVM prediction: Mode:STANDARD S-ratio: 4.93 65914-67401 orient(-) score(7421.00) noncoding_equivalent(1505.08) raw_noncoding(1505.08) offset(0.00) 
67401	65914	single-	4	6	{HiQ_model.g320.t1;HiQ},{GlimmerHMM_glimmerT_345-T1;GlimmerHMM}

# EVM prediction: Mode:STANDARD S-ratio: 10000.00 68169-68579 orient(-) score(1460.00) noncoding_equivalent(0.15) raw_noncoding(0.00) offset(0.00) 
68579	68169	single-	4	6	{Augustus_model.g321.t1;Augustus},{GlimmerHMM_glimmerT_346-T1;GlimmerHMM}

# EVM prediction: Mode:STANDARD S-ratio: 4.85 70103-74650 orient(-) score(22623.00) noncoding_equivalent(4665.00) raw_noncoding(4665.00) offset(0.00) 
74650	70103	single-	4	6	{GlimmerHMM_glimmerT_347-T1;GlimmerHMM},{HiQ_model.g322.t1;HiQ}

# EVM prediction: Mode:STANDARD S-ratio: 240.45 75359-77350 orient(+) score(7935.00) noncoding_equivalent(33.00) raw_noncoding(33.00) offset(0.00) 
75359	77350	single+	1	3	{Augustus_model.g323.t1;Augustus},{GlimmerHMM_glimmerT_348-T1;GlimmerHMM}

# EVM prediction: Mode:STANDARD S-ratio: 151.31 77678-79936 orient(+) score(8975.00) noncoding_equivalent(59.31) raw_noncoding(59.31) offset(0.00) 
77678	79936	single+	1	3	{Augustus_model.g324.t1;Augustus},{GlimmerHMM_glimmerT_349-T1;GlimmerHMM}

# EVM prediction: Mode:STANDARD S-ratio: 1.18 80717-81023 orient(-) score(921.00) noncoding_equivalent(779.68) raw_noncoding(921.68) offset(142.00) 
80801	80717	terminal-	6	6	{HiQ_model.g325.t1;HiQ}
80874	80802	INTRON			{HiQ_model.g325.t1;HiQ},{ev_type:exonerate/ID=match.160399.3199/Target=YDR139C;exonerate}
81023	80875	initial-	4	5	{HiQ_model.g325.t1;HiQ}

# EVM prediction: Mode:STANDARD S-ratio: 68.90 81237-81902 orient(+) score(2624.00) noncoding_equivalent(38.08) raw_noncoding(38.08) offset(0.00) 
81237	81902	single+	1	3	{GlimmerHMM_glimmerT_350-T1;GlimmerHMM},{Augustus_model.g326.t1;Augustus}

# EVM prediction: Mode:STANDARD S-ratio: 4.94 82000-87096 orient(-) score(25433.00) noncoding_equivalent(5147.25) raw_noncoding(5147.25) offset(0.00) 
87096	82000	single-	4	6	{GlimmerHMM_glimmerT_351-T1;GlimmerHMM},{HiQ_model.g327.t1;HiQ}

# EVM prediction: Mode:STANDARD S-ratio: 4.97 87572-88684 orient(-) score(5558.00) noncoding_equivalent(1118.01) raw_noncoding(1118.01) offset(0.00) 
88684	87572	single-	4	6	{HiQ_model.g328.t1;HiQ}

# EVM prediction: Mode:STANDARD S-ratio: 2.00 89141-90973 orient(-) score(7336.00) noncoding_equivalent(3663.50) raw_noncoding(3663.50) offset(0.00) 
90973	89141	single-	4	6	{GlimmerHMM_glimmerT_353-T1;GlimmerHMM},{HiQ_model.g329.t1;HiQ}

# EVM prediction: Mode:STANDARD S-ratio: 4.72 91410-93200 orient(-) score(8868.00) noncoding_equivalent(1878.00) raw_noncoding(1878.00) offset(0.00) 
93200	91410	single-	4	6	{HiQ_model.g330.t1;HiQ},{GlimmerHMM_glimmerT_354-T1;GlimmerHMM}

# EVM prediction: Mode:STANDARD S-ratio: 458.35 93838-95469 orient(+) score(6512.00) noncoding_equivalent(14.21) raw_noncoding(14.21) offset(0.00) 
93838	95469	single+	1	3	{Augustus_model.g331.t1;Augustus},{GlimmerHMM_glimmerT_355-T1;GlimmerHMM}

# EVM prediction: Mode:STANDARD S-ratio: 4.88 95723-97852 orient(-) score(10606.00) noncoding_equivalent(2172.32) raw_noncoding(2172.32) offset(0.00) 
97852	95723	single-	4	6	{GlimmerHMM_glimmerT_356-T1;GlimmerHMM},{HiQ_model.g332.t1;HiQ}

