!! Predictions spanning range 4322 - 98398 [R1]
# EVM prediction: Mode:STANDARD S-ratio: 10000.00 4322-6178 orient(-) score(3714.00) noncoding_equivalent(0.37) raw_noncoding(0.00) offset(0.00) 
6178	4322	single-	4	6	{Augustus_gene299.t1;Augustus}

# EVM prediction: Mode:STANDARD S-ratio: 10000.00 8091-8444 orient(-) score(708.00) noncoding_equivalent(0.07) raw_noncoding(0.00) offset(0.00) 
8444	8091	single-	4	6	{Augustus_gene1044.t1;Augustus}

# EVM prediction: Mode:STANDARD S-ratio: 10000.00 40432-41670 orient(+) score(2478.00) noncoding_equivalent(0.25) raw_noncoding(0.00) offset(0.00) 
40432	41670	single+	1	3	{Augustus_gene1024.t1;Augustus}

# EVM prediction: Mode:STANDARD S-ratio: 10000.00 41832-42296 orient(+) score(930.00) noncoding_equivalent(0.09) raw_noncoding(0.00) offset(0.00) 
41832	41834	initial+	1	3	{Augustus_gene50.t1;Augustus}
41835	41885	INTRON			{Augustus_gene50.t1;Augustus}
41886	42296	terminal+	1	3	{Augustus_gene50.t1;Augustus}

# EVM prediction: Mode:STANDARD S-ratio: 10000.00 58396-59346 orient(+) score(1902.00) noncoding_equivalent(0.19) raw_noncoding(0.00) offset(0.00) 
58396	59346	single+	1	3	{Augustus_gene580.t1;Augustus}

# EVM prediction: Mode:STANDARD S-ratio: 10000.00 69038-69757 orient(+) score(1440.00) noncoding_equivalent(0.14) raw_noncoding(0.00) offset(0.00) 
69038	69757	single+	1	3	{Augustus_gene482.t1;Augustus}

# EVM prediction: Mode:STANDARD S-ratio: 10000.00 70621-72444 orient(-) score(3648.00) noncoding_equivalent(0.36) raw_noncoding(0.00) offset(0.00) 
72444	70621	single-	4	6	{Augustus_gene386.t1;Augustus}

# EVM prediction: Mode:STANDARD S-ratio: 10000.00 74760-76598 orient(+) score(3678.00) noncoding_equivalent(0.37) raw_noncoding(0.00) offset(0.00) 
74760	76598	single+	1	3	{Augustus_gene611.t1;Augustus}

# EVM prediction: Mode:STANDARD S-ratio: 10000.00 76629-77732 orient(-) score(2208.00) noncoding_equivalent(0.22) raw_noncoding(0.00) offset(0.00) 
77732	76629	single-	4	6	{Augustus_gene516.t1;Augustus}

# EVM prediction: Mode:STANDARD S-ratio: 10000.00 90886-91965 orient(+) score(2160.00) noncoding_equivalent(0.22) raw_noncoding(0.00) offset(0.00) 
90886	91965	single+	1	3	{Augustus_gene747.t1;Augustus}

# EVM prediction: Mode:STANDARD S-ratio: 10000.00 92161-94884 orient(+) score(5448.00) noncoding_equivalent(0.54) raw_noncoding(0.00) offset(0.00) 
92161	94884	single+	1	3	{Augustus_gene276.t1;Augustus}

# EVM prediction: Mode:STANDARD S-ratio: 10000.00 96157-97341 orient(+) score(2370.00) noncoding_equivalent(0.24) raw_noncoding(0.00) offset(0.00) 
96157	97341	single+	1	3	{Augustus_gene621.t1;Augustus}

# EVM prediction: Mode:STANDARD S-ratio: 10000.00 97484-98398 orient(+) score(1830.00) noncoding_equivalent(0.18) raw_noncoding(0.00) offset(0.00) 
97484	98398	single+	1	3	{Augustus_gene402.t1;Augustus}

