!! Predictions spanning range 737 - 99506 [R1]
# EVM prediction: Mode:STANDARD S-ratio: 8.55 737-1888 orient(+) score(10266.00) noncoding_equivalent(1200.00) raw_noncoding(1200.00) offset(0.00) 
737	1888	single+	1	3	{GlimmerHMM_glimmerT_2-T1;GlimmerHMM}

# EVM prediction: Mode:STANDARD S-ratio: 10000.00 4919-6727 orient(+) score(5427.00) noncoding_equivalent(0.54) raw_noncoding(0.00) offset(0.00) 
4919	6727	single+	1	3	{Augustus_model.g1.t1;Augustus},{GlimmerHMM_glimmerT_3-T1;GlimmerHMM}

# EVM prediction: Mode:STANDARD S-ratio: 266.02 7618-8691 orient(-) score(3208.00) noncoding_equivalent(12.06) raw_noncoding(12.06) offset(0.00) 
8691	7618	single-	4	6	{Augustus_model.g2.t1;Augustus},{GlimmerHMM_glimmerT_4-T1;GlimmerHMM}

# EVM prediction: Mode:STANDARD S-ratio: 105.05 10610-12313 orient(-) score(5062.00) noncoding_equivalent(48.19) raw_noncoding(48.19) offset(0.00) 
12313	10610	single-	4	6	{GlimmerHMM_glimmerT_5-T1;GlimmerHMM},{Augustus_model.g3.t1;Augustus}

# EVM prediction: Mode:STANDARD S-ratio: 4.57 15331-16088 orient(+) score(1193.00) noncoding_equivalent(261.05) raw_noncoding(544.17) offset(283.12) 
15331	15334	initial+	1	1	{snap_scaffold_1-snap.5-T1;snap}
15335	15732	INTRON			{snap_scaffold_1-snap.5-T1;snap}
15733	16088	terminal+	2	3	{snap_scaffold_1-snap.5-T1;snap}

# EVM prediction: Mode:STANDARD S-ratio: 6.87 16438-17394 orient(-) score(6993.00) noncoding_equivalent(1018.00) raw_noncoding(1018.00) offset(0.00) 
17394	16438	single-	4	6	{HiQ_model.g5.t1;HiQ},{GlimmerHMM_glimmerT_7-T1;GlimmerHMM}

# EVM prediction: Mode:STANDARD S-ratio: 1.00 19497-19868 orient(+) score(744.00) noncoding_equivalent(744.00) raw_noncoding(744.00) offset(0.00) 
19497	19868	single+	1	3	{GlimmerHMM_glimmerT_8-T1;GlimmerHMM}

# EVM prediction: Mode:STANDARD S-ratio: 64.68 21681-24734 orient(+) score(12030.00) noncoding_equivalent(186.00) raw_noncoding(186.00) offset(0.00) 
21681	24734	single+	1	3	{Augustus_model.g6.t1;Augustus},{GlimmerHMM_glimmerT_9-T1;GlimmerHMM}

# EVM prediction: Mode:STANDARD S-ratio: 4.96 25261-27633 orient(-) score(11849.00) noncoding_equivalent(2387.16) raw_noncoding(2387.16) offset(0.00) 
27633	25261	single-	4	6	{GlimmerHMM_glimmerT_10-T1;GlimmerHMM},{HiQ_model.g7.t1;HiQ}

# EVM prediction: Mode:STANDARD S-ratio: 2.00 27844-29307 orient(-) score(5856.00) noncoding_equivalent(2928.00) raw_noncoding(2928.00) offset(0.00) 
29307	27844	single-	4	6	{HiQ_model.g8.t1;HiQ},{GlimmerHMM_glimmerT_11-T1;GlimmerHMM}

# EVM prediction: Mode:STANDARD S-ratio: 66.37 29510-30682 orient(+) score(4621.00) noncoding_equivalent(69.62) raw_noncoding(69.62) offset(0.00) 
29510	30682	single+	1	3	{GlimmerHMM_glimmerT_12-T1;GlimmerHMM},{Augustus_model.g9.t1;Augustus}

# EVM prediction: Mode:STANDARD S-ratio: 34.77 31149-32087 orient(+) score(3651.00) noncoding_equivalent(105.00) raw_noncoding(105.00) offset(0.00) 
31149	32087	single+	1	3	{GlimmerHMM_glimmerT_13-T1;GlimmerHMM},{Augustus_model.g10.t1;Augustus}

# EVM prediction: Mode:STANDARD S-ratio: 2.00 32264-32767 orient(-) score(2016.00) noncoding_equivalent(1008.00) raw_noncoding(1008.00) offset(0.00) 
32767	32264	single-	4	6	{HiQ_model.g11.t1;HiQ},{GlimmerHMM_glimmerT_14-T1;GlimmerHMM}

# EVM prediction: Mode:STANDARD S-ratio: 4.93 33086-35326 orient(-) score(11178.00) noncoding_equivalent(2268.00) raw_noncoding(2268.00) offset(0.00) 
35326	33086	single-	4	6	{GlimmerHMM_glimmerT_15-T1;GlimmerHMM},{HiQ_model.g12.t1;HiQ}

# EVM prediction: Mode:STANDARD S-ratio: 680.74 35646-37022 orient(+) score(5498.00) noncoding_equivalent(8.08) raw_noncoding(8.08) offset(0.00) 
35646	37022	single+	1	3	{GlimmerHMM_glimmerT_16-T1;GlimmerHMM},{Augustus_model.g13.t1;Augustus}

# EVM prediction: Mode:STANDARD S-ratio: 4.99 37716-41093 orient(-) score(16882.00) noncoding_equivalent(3384.08) raw_noncoding(3384.08) offset(0.00) 
41093	37716	single-	4	6	{HiQ_model.g14.t1;HiQ},{GlimmerHMM_glimmerT_17-T1;GlimmerHMM}

# EVM prediction: Mode:STANDARD S-ratio: 20.98 41548-42555 orient(+) score(3840.00) noncoding_equivalent(183.00) raw_noncoding(183.00) offset(0.00) 
41548	42555	single+	1	3	{Augustus_model.g15.t1;Augustus},{GlimmerHMM_glimmerT_18-T1;GlimmerHMM}

# EVM prediction: Mode:STANDARD S-ratio: 5.19 42913-44754 orient(+) score(10812.00) noncoding_equivalent(2082.00) raw_noncoding(2082.00) offset(0.00) 
42913	44754	single+	1	3	{HiQ_model.g16.t1;HiQ},{GlimmerHMM_glimmerT_19-T1;GlimmerHMM}

# EVM prediction: Mode:STANDARD S-ratio: 77.12 45120-46319 orient(-) score(3553.00) noncoding_equivalent(46.07) raw_noncoding(46.07) offset(0.00) 
46319	45120	single-	4	6	{GlimmerHMM_glimmerT_20-T1;GlimmerHMM},{Augustus_model.g17.t1;Augustus}

# EVM prediction: Mode:STANDARD S-ratio: 5.00 49861-50919 orient(-) score(5295.00) noncoding_equivalent(1059.00) raw_noncoding(1059.00) offset(0.00) 
50919	49861	single-	4	6	{GlimmerHMM_glimmerT_22-T1;GlimmerHMM},{HiQ_model.g18.t1;HiQ}

# EVM prediction: Mode:STANDARD S-ratio: 16.00 51266-52846 orient(+) score(4464.00) noncoding_equivalent(279.00) raw_noncoding(279.00) offset(0.00) 
51266	52846	single+	1	3	{GlimmerHMM_glimmerT_23-T1;GlimmerHMM}

# EVM prediction: Mode:STANDARD S-ratio: 4.96 53144-55093 orient(-) score(9738.00) noncoding_equivalent(1962.00) raw_noncoding(1962.00) offset(0.00) 
55093	53144	single-	4	6	{HiQ_model.g20.t1;HiQ},{GlimmerHMM_glimmerT_24-T1;GlimmerHMM}

# EVM prediction: Mode:STANDARD S-ratio: 38.43 56007-59141 orient(-) score(12222.00) noncoding_equivalent(318.00) raw_noncoding(318.00) offset(0.00) 
59141	56007	single-	4	6	{GlimmerHMM_glimmerT_25-T1;GlimmerHMM}

# EVM prediction: Mode:STANDARD S-ratio: 2.95 59615-60544 orient(-) score(2776.00) noncoding_equivalent(942.05) raw_noncoding(942.05) offset(0.00) 
60544	59615	single-	4	6	{GlimmerHMM_glimmerT_26-T1;GlimmerHMM}

# EVM prediction: Mode:STANDARD S-ratio: 529.89 60988-63762 orient(-) score(11078.00) noncoding_equivalent(20.91) raw_noncoding(20.91) offset(0.00) 
63762	60988	single-	4	6	{GlimmerHMM_glimmerT_27-T1;GlimmerHMM}

# EVM prediction: Mode:STANDARD S-ratio: 9.63 63986-64509 orient(+) score(1960.00) noncoding_equivalent(203.55) raw_noncoding(277.13) offset(73.58) 
63986	64050	initial+	1	2	{Augustus_model.g23.t1;Augustus},{GlimmerHMM_glimmerT_28-T1;GlimmerHMM}
64051	64121	INTRON			{Augustus_model.g23.t1;Augustus},{GlimmerHMM_glimmerT_28-T1;GlimmerHMM},{ev_type:exonerate/ID=match.160399.5599/Target=YDL219W;exonerate}
64122	64509	terminal+	3	3	{snap_scaffold_1-snap.22-T1;snap},{Augustus_model.g23.t1;Augustus},{GlimmerHMM_glimmerT_28-T1;GlimmerHMM}

# EVM prediction: Mode:STANDARD S-ratio: 10000.00 65239-66192 orient(+) score(3816.00) noncoding_equivalent(0.38) raw_noncoding(0.00) offset(0.00) 
65239	66192	single+	1	3	{GlimmerHMM_glimmerT_29-T1;GlimmerHMM},{Augustus_model.g24.t1;Augustus}

# EVM prediction: Mode:STANDARD S-ratio: 4.72 66732-67355 orient(-) score(3090.00) noncoding_equivalent(654.00) raw_noncoding(654.00) offset(0.00) 
67355	66732	single-	4	6	{HiQ_model.g25.t1;HiQ},{GlimmerHMM_glimmerT_30-T1;GlimmerHMM}

# EVM prediction: Mode:STANDARD S-ratio: 15.51 67744-69327 orient(-) score(5561.00) noncoding_equivalent(358.61) raw_noncoding(669.58) offset(310.97) 
69163	67744	terminal-	6	6	{snap_scaffold_1-snap.25-T1;snap}
69319	69164	INTRON			{snap_scaffold_1-snap.25-T1;snap}
69327	69320	initial-	4	5	{snap_scaffold_1-snap.25-T1;snap}

# EVM prediction: Mode:STANDARD S-ratio: 35.45 69387-72996 orient(-) score(13440.00) noncoding_equivalent(379.17) raw_noncoding(960.07) offset(580.89) 
72692	69387	terminal-	4	6	{snap_scaffold_1-snap.26-T1;snap}
72892	72693	INTRON			{snap_scaffold_1-snap.26-T1;snap}
72900	72893	internal-	5	6	{snap_scaffold_1-snap.26-T1;snap}
72992	72901	INTRON			{snap_scaffold_1-snap.26-T1;snap}
72996	72993	initial-	4	4	{snap_scaffold_1-snap.26-T1;snap}

# EVM prediction: Mode:STANDARD S-ratio: 48.39 73186-75285 orient(-) score(6164.00) noncoding_equivalent(127.39) raw_noncoding(127.39) offset(0.00) 
75285	73186	single-	4	6	{GlimmerHMM_glimmerT_33-T1;GlimmerHMM}

# EVM prediction: Mode:STANDARD S-ratio: 5.00 76027-76704 orient(-) score(3390.00) noncoding_equivalent(678.00) raw_noncoding(678.00) offset(0.00) 
76704	76027	single-	4	6	{HiQ_model.g27.t1;HiQ},{GlimmerHMM_glimmerT_34-T1;GlimmerHMM}

# EVM prediction: Mode:STANDARD S-ratio: 175.68 77164-77796 orient(+) score(2516.00) noncoding_equivalent(14.32) raw_noncoding(14.32) offset(0.00) 
77164	77796	single+	1	3	{Augustus_model.g28.t1;Augustus},{GlimmerHMM_glimmerT_35-T1;GlimmerHMM}

# EVM prediction: Mode:STANDARD S-ratio: 4.83 78032-79150 orient(-) score(5560.00) noncoding_equivalent(1152.15) raw_noncoding(1152.15) offset(0.00) 
79150	78032	single-	4	6	{HiQ_model.g29.t1;HiQ},{GlimmerHMM_glimmerT_36-T1;GlimmerHMM}

# EVM prediction: Mode:STANDARD S-ratio: 207.00 83352-85067 orient(+) score(6831.00) noncoding_equivalent(33.00) raw_noncoding(33.00) offset(0.00) 
83352	85067	single+	1	3	{Augustus_model.g30.t1;Augustus},{GlimmerHMM_glimmerT_37-T1;GlimmerHMM}

# EVM prediction: Mode:STANDARD S-ratio: 3.72 85289-86308 orient(-) score(4824.00) noncoding_equivalent(1296.00) raw_noncoding(1296.00) offset(0.00) 
86308	85289	single-	4	6	{GlimmerHMM_glimmerT_38-T1;GlimmerHMM},{HiQ_model.g31.t1;HiQ}

# EVM prediction: Mode:STANDARD S-ratio: 10000.00 86594-87064 orient(+) score(1878.00) noncoding_equivalent(0.19) raw_noncoding(0.00) offset(0.00) 
86594	87064	single+	1	3	{Augustus_model.g32.t1;Augustus},{GlimmerHMM_glimmerT_39-T1;GlimmerHMM}

# EVM prediction: Mode:STANDARD S-ratio: 10000.00 87332-88948 orient(+) score(6468.00) noncoding_equivalent(0.65) raw_noncoding(0.00) offset(0.00) 
87332	88948	single+	1	3	{GlimmerHMM_glimmerT_40-T1;GlimmerHMM},{Augustus_model.g33.t1;Augustus}

# EVM prediction: Mode:STANDARD S-ratio: 15.77 89260-91548 orient(+) score(8610.00) noncoding_equivalent(546.00) raw_noncoding(546.00) offset(0.00) 
89260	91548	single+	1	3	{GlimmerHMM_glimmerT_41-T1;GlimmerHMM}

# EVM prediction: Mode:STANDARD S-ratio: 5.00 91845-92828 orient(-) score(4920.00) noncoding_equivalent(984.00) raw_noncoding(984.00) offset(0.00) 
92828	91845	single-	4	6	{HiQ_model.g35.t1;HiQ},{GlimmerHMM_glimmerT_42-T1;GlimmerHMM}

# EVM prediction: Mode:STANDARD S-ratio: 585.66 93688-94869 orient(+) score(3538.00) noncoding_equivalent(6.04) raw_noncoding(6.04) offset(0.00) 
93688	94869	single+	1	3	{Augustus_model.g36.t1;Augustus},{GlimmerHMM_glimmerT_43-T1;GlimmerHMM}

# EVM prediction: Mode:STANDARD S-ratio: 4.66 95167-97038 orient(-) score(9247.00) noncoding_equivalent(1984.08) raw_noncoding(1984.08) offset(0.00) 
97038	95167	single-	4	6	{GlimmerHMM_glimmerT_44-T1;GlimmerHMM},{HiQ_model.g37.t1;HiQ}

# EVM prediction: Mode:STANDARD S-ratio: 10.24 97560-98309 orient(+) score(2733.00) noncoding_equivalent(267.00) raw_noncoding(267.00) offset(0.00) 
97560	98309	single+	1	3	{Augustus_model.g38.t1;Augustus},{GlimmerHMM_glimmerT_45-T1;GlimmerHMM}

# EVM prediction: Mode:STANDARD S-ratio: 10000.00 98646-99506 orient(+) score(3444.00) noncoding_equivalent(0.34) raw_noncoding(0.00) offset(0.00) 
98646	99506	single+	1	3	{GlimmerHMM_glimmerT_46-T1;GlimmerHMM},{Augustus_model.g39.t1;Augustus}

