!! Predictions spanning range 1622 - 93892 [R1]
# EVM prediction: Mode:STANDARD S-ratio: 26.64 1622-2782 orient(-) score(3357.00) noncoding_equivalent(126.00) raw_noncoding(126.00) offset(0.00) 
2782	1622	single-	4	6	{GlimmerHMM_glimmerT_432-T1;GlimmerHMM},{Augustus_model.g392.t1;Augustus}

# EVM prediction: Mode:STANDARD S-ratio: 49.15 4377-7034 orient(-) score(7815.00) noncoding_equivalent(159.00) raw_noncoding(159.00) offset(0.00) 
7034	4377	single-	4	6	{Augustus_model.g393.t1;Augustus},{GlimmerHMM_glimmerT_433-T1;GlimmerHMM}

# EVM prediction: Mode:STANDARD S-ratio: 10000.00 7297-7971 orient(+) score(2025.00) noncoding_equivalent(0.20) raw_noncoding(0.00) offset(0.00) 
7297	7971	single+	1	3	{GlimmerHMM_glimmerT_434-T1;GlimmerHMM},{Augustus_model.g394.t1;Augustus}

# EVM prediction: Mode:STANDARD S-ratio: 300.71 8118-10229 orient(-) score(6315.00) noncoding_equivalent(21.00) raw_noncoding(21.00) offset(0.00) 
10229	8118	single-	4	6	{GlimmerHMM_glimmerT_435-T1;GlimmerHMM},{Augustus_model.g395.t1;Augustus}

# EVM prediction: Mode:STANDARD S-ratio: 241.37 11617-13743 orient(+) score(6353.00) noncoding_equivalent(26.32) raw_noncoding(26.32) offset(0.00) 
11617	13743	single+	1	3	{GlimmerHMM_glimmerT_436-T1;GlimmerHMM},{Augustus_model.g396.t1;Augustus}

# EVM prediction: Mode:STANDARD S-ratio: 10000.00 14469-17279 orient(+) score(8433.00) noncoding_equivalent(0.84) raw_noncoding(0.00) offset(0.00) 
14469	17279	single+	1	3	{Augustus_model.g397.t1;Augustus},{GlimmerHMM_glimmerT_437-T1;GlimmerHMM}

# EVM prediction: Mode:STANDARD S-ratio: 1.68 17444-18380 orient(-) score(1744.00) noncoding_equivalent(1040.59) raw_noncoding(1095.00) offset(54.41) 
18307	17444	terminal-	4	6	{GlimmerHMM_glimmerT_438-T1;GlimmerHMM}
18335	18308	INTRON			{GlimmerHMM_glimmerT_438-T1;GlimmerHMM}
18380	18336	initial-	4	6	{Augustus_model.g398.t1;Augustus},{GlimmerHMM_glimmerT_438-T1;GlimmerHMM}

# EVM prediction: Mode:STANDARD S-ratio: 509.48 18955-21525 orient(+) score(7696.00) noncoding_equivalent(15.11) raw_noncoding(15.11) offset(0.00) 
18955	21525	single+	1	3	{Augustus_model.g399.t1;Augustus},{GlimmerHMM_glimmerT_439-T1;GlimmerHMM}

# EVM prediction: Mode:STANDARD S-ratio: 10000.00 22991-24757 orient(+) score(5301.00) noncoding_equivalent(0.53) raw_noncoding(0.00) offset(0.00) 
22991	24757	single+	1	3	{Augustus_model.g400.t1;Augustus},{GlimmerHMM_glimmerT_440-T1;GlimmerHMM}

# EVM prediction: Mode:STANDARD S-ratio: 2.00 25097-25459 orient(-) score(726.00) noncoding_equivalent(363.77) raw_noncoding(363.77) offset(0.00) 
25459	25097	single-	4	6	{Augustus_model.g401.t1;Augustus},{GlimmerHMM_glimmerT_441-T1;GlimmerHMM}

# EVM prediction: Mode:STANDARD S-ratio: 711.80 25786-26976 orient(+) score(3568.00) noncoding_equivalent(5.01) raw_noncoding(5.01) offset(0.00) 
25786	26976	single+	1	3	{GlimmerHMM_glimmerT_442-T1;GlimmerHMM}

# EVM prediction: Mode:STANDARD S-ratio: 23.96 27681-29972 orient(+) score(6593.00) noncoding_equivalent(275.20) raw_noncoding(275.20) offset(0.00) 
27681	29972	single+	1	3	{GlimmerHMM_glimmerT_443-T1;GlimmerHMM}

# EVM prediction: Mode:STANDARD S-ratio: 46.08 30126-31085 orient(-) score(2811.00) noncoding_equivalent(61.00) raw_noncoding(61.00) offset(0.00) 
31085	30126	single-	4	6	{Augustus_model.g403.t1;Augustus},{GlimmerHMM_glimmerT_444-T1;GlimmerHMM}

# EVM prediction: Mode:STANDARD S-ratio: 10000.00 31667-32368 orient(-) score(2106.00) noncoding_equivalent(0.21) raw_noncoding(0.00) offset(0.00) 
32368	31667	single-	4	6	{Augustus_model.g404.t1;Augustus},{GlimmerHMM_glimmerT_445-T1;GlimmerHMM}

# EVM prediction: Mode:STANDARD S-ratio: 10000.00 33215-33751 orient(-) score(1611.00) noncoding_equivalent(0.16) raw_noncoding(0.00) offset(0.00) 
33751	33215	single-	4	6	{Augustus_model.g405.t1;Augustus},{GlimmerHMM_glimmerT_446-T1;GlimmerHMM}

# EVM prediction: Mode:STANDARD S-ratio: 71.21 38271-42458 orient(-) score(12390.00) noncoding_equivalent(174.00) raw_noncoding(174.00) offset(0.00) 
42458	38271	single-	4	6	{Augustus_model.g406.t1;Augustus},{GlimmerHMM_glimmerT_447-T1;GlimmerHMM}

# EVM prediction: Mode:STANDARD S-ratio: 10000.00 43844-45829 orient(-) score(5952.00) noncoding_equivalent(0.60) raw_noncoding(0.00) offset(0.00) 
45829	43844	single-	4	6	{GlimmerHMM_glimmerT_448-T1;GlimmerHMM},{Augustus_model.g407.t1;Augustus}

# EVM prediction: Mode:STANDARD S-ratio: 10000.00 46804-50895 orient(+) score(12270.00) noncoding_equivalent(1.23) raw_noncoding(0.00) offset(0.00) 
46804	50895	single+	1	3	{Augustus_model.g408.t1;Augustus},{GlimmerHMM_glimmerT_449-T1;GlimmerHMM}

# EVM prediction: Mode:STANDARD S-ratio: 20.02 51964-53304 orient(-) score(3830.00) noncoding_equivalent(191.28) raw_noncoding(191.28) offset(0.00) 
53304	51964	single-	4	6	{GlimmerHMM_glimmerT_450-T1;GlimmerHMM}

# EVM prediction: Mode:STANDARD S-ratio: 18.89 54362-55495 orient(-) score(3231.00) noncoding_equivalent(171.00) raw_noncoding(171.00) offset(0.00) 
55495	54362	single-	4	6	{GlimmerHMM_glimmerT_451-T1;GlimmerHMM},{Augustus_model.g410.t1;Augustus}

# EVM prediction: Mode:STANDARD S-ratio: 28.33 58309-60273 orient(+) score(5694.00) noncoding_equivalent(201.00) raw_noncoding(201.00) offset(0.00) 
58309	60273	single+	1	3	{Augustus_model.g411.t1;Augustus},{GlimmerHMM_glimmerT_452-T1;GlimmerHMM}

# EVM prediction: Mode:STANDARD S-ratio: 577.58 60452-61426 orient(-) score(2918.00) noncoding_equivalent(5.05) raw_noncoding(5.05) offset(0.00) 
61426	60452	single-	4	6	{Augustus_model.g412.t1;Augustus},{GlimmerHMM_glimmerT_453-T1;GlimmerHMM}

# EVM prediction: Mode:STANDARD S-ratio: 123.50 61994-63736 orient(-) score(5187.00) noncoding_equivalent(42.00) raw_noncoding(42.00) offset(0.00) 
63736	61994	single-	4	6	{GlimmerHMM_glimmerT_454-T1;GlimmerHMM},{Augustus_model.g413.t1;Augustus}

# EVM prediction: Mode:STANDARD S-ratio: 5.75 64104-64766 orient(-) score(1623.00) noncoding_equivalent(282.40) raw_noncoding(448.77) offset(166.37) 
64595	64104	terminal-	4	6	{Augustus_model.g414.t1;Augustus},{snap_scaffold_1-snap.395-T1;snap}
64679	64596	INTRON			{Augustus_model.g414.t1;Augustus}
64766	64680	initial-	4	6	{Augustus_model.g414.t1;Augustus}

# EVM prediction: Mode:STANDARD S-ratio: 10000.00 65313-67673 orient(-) score(7083.00) noncoding_equivalent(0.71) raw_noncoding(0.00) offset(0.00) 
67673	65313	single-	4	6	{GlimmerHMM_glimmerT_456-T1;GlimmerHMM},{Augustus_model.g415.t1;Augustus}

# EVM prediction: Mode:STANDARD S-ratio: 52.00 67970-69178 orient(+) score(3557.00) noncoding_equivalent(68.41) raw_noncoding(68.41) offset(0.00) 
67970	69178	single+	1	3	{Augustus_model.g416.t1;Augustus},{GlimmerHMM_glimmerT_457-T1;GlimmerHMM}

# EVM prediction: Mode:STANDARD S-ratio: 39.27 69228-71885 orient(-) score(7776.00) noncoding_equivalent(198.00) raw_noncoding(198.00) offset(0.00) 
71885	69228	single-	4	6	{GlimmerHMM_glimmerT_458-T1;GlimmerHMM},{Augustus_model.g417.t1;Augustus}

# EVM prediction: Mode:STANDARD S-ratio: 183.29 74009-75736 orient(+) score(5154.00) noncoding_equivalent(28.12) raw_noncoding(28.12) offset(0.00) 
74009	75736	single+	1	3	{Augustus_model.g418.t1;Augustus},{GlimmerHMM_glimmerT_459-T1;GlimmerHMM}

# EVM prediction: Mode:STANDARD S-ratio: 18.71 76117-77232 orient(+) score(3177.00) noncoding_equivalent(169.81) raw_noncoding(169.81) offset(0.00) 
76117	77232	single+	1	3	{GlimmerHMM_glimmerT_460-T1;GlimmerHMM},{Augustus_model.g419.t1;Augustus}

# EVM prediction: Mode:STANDARD S-ratio: 44.03 77544-78347 orient(+) score(2357.00) noncoding_equivalent(53.54) raw_noncoding(53.54) offset(0.00) 
77544	78347	single+	1	3	{GlimmerHMM_glimmerT_461-T1;GlimmerHMM},{Augustus_model.g420.t1;Augustus}

# EVM prediction: Mode:STANDARD S-ratio: 54.65 78523-79635 orient(-) score(3279.00) noncoding_equivalent(60.00) raw_noncoding(60.00) offset(0.00) 
79635	78523	single-	4	6	{Augustus_model.g421.t1;Augustus},{GlimmerHMM_glimmerT_462-T1;GlimmerHMM}

# EVM prediction: Mode:STANDARD S-ratio: 10000.00 80515-81795 orient(+) score(3843.00) noncoding_equivalent(0.38) raw_noncoding(0.00) offset(0.00) 
80515	81795	single+	1	3	{Augustus_model.g422.t1;Augustus},{GlimmerHMM_glimmerT_463-T1;GlimmerHMM}

# EVM prediction: Mode:STANDARD S-ratio: 66.92 92624-93892 orient(+) score(3749.00) noncoding_equivalent(56.02) raw_noncoding(56.02) offset(0.00) 
92624	93892	single+	1	3	{Augustus_model.g423.t1;Augustus}

