!! Predictions spanning range 1369 - 96717 [R1]
# EVM prediction: Mode:STANDARD S-ratio: 2.00 1369-3096 orient(+) score(3456.00) noncoding_equivalent(1728.00) raw_noncoding(1728.00) offset(0.00) 
1369	3096	single+	1	3	{GlimmerHMM_glimmerT_886-T1;GlimmerHMM}

# EVM prediction: Mode:STANDARD S-ratio: 52.76 3426-3878 orient(-) score(1332.00) noncoding_equivalent(25.25) raw_noncoding(25.25) offset(0.00) 
3878	3426	single-	4	6	{Augustus_model.g797.t1;Augustus},{GlimmerHMM_glimmerT_887-T1;GlimmerHMM}

# EVM prediction: Mode:STANDARD S-ratio: 10000.00 6008-7423 orient(+) score(4248.00) noncoding_equivalent(0.42) raw_noncoding(0.00) offset(0.00) 
6008	7423	single+	1	3	{Augustus_model.g798.t1;Augustus},{GlimmerHMM_glimmerT_888-T1;GlimmerHMM}

# EVM prediction: Mode:STANDARD S-ratio: 8.81 7566-8330 orient(-) score(2061.00) noncoding_equivalent(233.98) raw_noncoding(233.98) offset(0.00) 
8330	7566	single-	4	6	{Augustus_model.g799.t1;Augustus}

# EVM prediction: Mode:STANDARD S-ratio: 190.39 9696-12581 orient(+) score(8611.00) noncoding_equivalent(45.23) raw_noncoding(45.23) offset(0.00) 
9696	12581	single+	1	3	{GlimmerHMM_glimmerT_890-T1;GlimmerHMM}

# EVM prediction: Mode:STANDARD S-ratio: 8.38 12623-13751 orient(+) score(2767.00) noncoding_equivalent(330.08) raw_noncoding(892.55) offset(562.48) 
12623	12627	initial+	1	2	{snap_scaffold_1-snap.776-T1;snap}
12628	12758	INTRON			{snap_scaffold_1-snap.776-T1;snap}
12759	12765	internal+	3	3	{snap_scaffold_1-snap.776-T1;snap}
12766	12926	INTRON			{snap_scaffold_1-snap.776-T1;snap}
12927	13751	terminal+	1	3	{snap_scaffold_1-snap.776-T1;snap}

# EVM prediction: Mode:STANDARD S-ratio: 10000.00 14079-14675 orient(-) score(1791.00) noncoding_equivalent(0.18) raw_noncoding(0.00) offset(0.00) 
14675	14079	single-	4	6	{GlimmerHMM_glimmerT_892-T1;GlimmerHMM},{Augustus_model.g801.t1;Augustus}

# EVM prediction: Mode:STANDARD S-ratio: 2.00 15136-15366 orient(+) score(462.00) noncoding_equivalent(231.00) raw_noncoding(231.00) offset(0.00) 
15136	15366	single+	1	3	{GlimmerHMM_glimmerT_893-T1;GlimmerHMM}

# EVM prediction: Mode:STANDARD S-ratio: 467.59 15531-18041 orient(-) score(7515.00) noncoding_equivalent(16.07) raw_noncoding(16.07) offset(0.00) 
18041	15531	single-	4	6	{Augustus_model.g803.t1;Augustus},{GlimmerHMM_glimmerT_894-T1;GlimmerHMM}

# EVM prediction: Mode:STANDARD S-ratio: 2.00 18865-19779 orient(-) score(1830.00) noncoding_equivalent(912.94) raw_noncoding(912.94) offset(0.00) 
19779	18865	single-	4	6	{GlimmerHMM_glimmerT_895-T1;GlimmerHMM},{Augustus_model.g804.t1;Augustus}

# EVM prediction: Mode:STANDARD S-ratio: 10000.00 20946-22802 orient(+) score(5571.00) noncoding_equivalent(0.56) raw_noncoding(0.00) offset(0.00) 
20946	22802	single+	1	3	{GlimmerHMM_glimmerT_896-T1;GlimmerHMM},{Augustus_model.g805.t1;Augustus}

# EVM prediction: Mode:STANDARD S-ratio: 13.11 23212-25005 orient(-) score(4999.00) noncoding_equivalent(381.28) raw_noncoding(381.28) offset(0.00) 
25005	23212	single-	4	6	{GlimmerHMM_glimmerT_897-T1;GlimmerHMM}

# EVM prediction: Mode:STANDARD S-ratio: 20.88 29027-32563 orient(-) score(10125.00) noncoding_equivalent(484.88) raw_noncoding(484.88) offset(0.00) 
32563	29027	single-	4	6	{GlimmerHMM_glimmerT_898-T1;GlimmerHMM}

# EVM prediction: Mode:STANDARD S-ratio: 13.80 35272-36825 orient(+) score(4347.00) noncoding_equivalent(315.00) raw_noncoding(315.00) offset(0.00) 
35272	36825	single+	1	3	{GlimmerHMM_glimmerT_899-T1;GlimmerHMM},{Augustus_model.g808.t1;Augustus}

# EVM prediction: Mode:STANDARD S-ratio: 10000.00 37093-38682 orient(+) score(4764.00) noncoding_equivalent(0.48) raw_noncoding(0.00) offset(0.00) 
37093	38682	single+	1	3	{GlimmerHMM_glimmerT_900-T1;GlimmerHMM},{Augustus_model.g809.t1;Augustus}

# EVM prediction: Mode:STANDARD S-ratio: 83.01 39783-41525 orient(+) score(5165.00) noncoding_equivalent(62.22) raw_noncoding(62.22) offset(0.00) 
39783	41525	single+	1	3	{GlimmerHMM_glimmerT_901-T1;GlimmerHMM},{Augustus_model.g810.t1;Augustus}

# EVM prediction: Mode:STANDARD S-ratio: 10000.00 42247-42978 orient(+) score(2196.00) noncoding_equivalent(0.22) raw_noncoding(0.00) offset(0.00) 
42247	42978	single+	1	3	{GlimmerHMM_glimmerT_902-T1;GlimmerHMM},{Augustus_model.g811.t1;Augustus}

# EVM prediction: Mode:STANDARD S-ratio: 33.20 43460-43972 orient(-) score(1494.00) noncoding_equivalent(45.00) raw_noncoding(45.00) offset(0.00) 
43972	43460	single-	4	6	{Augustus_model.g812.t1;Augustus},{GlimmerHMM_glimmerT_903-T1;GlimmerHMM}

# EVM prediction: Mode:STANDARD S-ratio: 10000.00 45458-47278 orient(-) score(5463.00) noncoding_equivalent(0.55) raw_noncoding(0.00) offset(0.00) 
47278	45458	single-	4	6	{Augustus_model.g813.t1;Augustus},{GlimmerHMM_glimmerT_904-T1;GlimmerHMM}

# EVM prediction: Mode:STANDARD S-ratio: 10000.00 48542-49030 orient(+) score(1467.00) noncoding_equivalent(0.15) raw_noncoding(0.00) offset(0.00) 
48542	49030	single+	1	3	{GlimmerHMM_glimmerT_905-T1;GlimmerHMM},{Augustus_model.g814.t1;Augustus}

# EVM prediction: Mode:STANDARD S-ratio: 1523.10 49373-51919 orient(-) score(7634.00) noncoding_equivalent(5.01) raw_noncoding(5.01) offset(0.00) 
51919	49373	single-	4	6	{GlimmerHMM_glimmerT_906-T1;GlimmerHMM},{Augustus_model.g815.t1;Augustus}

# EVM prediction: Mode:STANDARD S-ratio: 2.29 52261-52744 orient(-) score(1340.00) noncoding_equivalent(584.90) raw_noncoding(696.16) offset(111.26) 
52628	52261	terminal-	5	6	{GlimmerHMM_glimmerT_907-T1;GlimmerHMM},{Augustus_model.g816.t1;Augustus}
52737	52629	INTRON			{GlimmerHMM_glimmerT_907-T1;GlimmerHMM},{Augustus_model.g816.t1;Augustus}
52744	52738	initial-	4	4	{GlimmerHMM_glimmerT_907-T1;GlimmerHMM},{snap_scaffold_1-snap.789-T1;snap},{Augustus_model.g816.t1;Augustus}

# EVM prediction: Mode:STANDARD S-ratio: 30.43 53970-56138 orient(+) score(6300.00) noncoding_equivalent(207.00) raw_noncoding(207.00) offset(0.00) 
53970	56138	single+	1	3	{Augustus_model.g817.t1;Augustus},{GlimmerHMM_glimmerT_908-T1;GlimmerHMM}

# EVM prediction: Mode:STANDARD S-ratio: 73.02 56358-57212 orient(-) score(2529.00) noncoding_equivalent(34.64) raw_noncoding(34.64) offset(0.00) 
57212	56358	single-	4	6	{Augustus_model.g818.t1;Augustus},{GlimmerHMM_glimmerT_909-T1;GlimmerHMM}

# EVM prediction: Mode:STANDARD S-ratio: 11.26 57841-60072 orient(-) score(6149.00) noncoding_equivalent(546.23) raw_noncoding(546.23) offset(0.00) 
60072	57841	single-	4	6	{GlimmerHMM_glimmerT_910-T1;GlimmerHMM},{Augustus_model.g819.t1;Augustus}

# EVM prediction: Mode:STANDARD S-ratio: 137.71 70403-72760 orient(+) score(7023.00) noncoding_equivalent(51.00) raw_noncoding(51.00) offset(0.00) 
70403	72760	single+	1	3	{Augustus_model.g820.t1;Augustus},{GlimmerHMM_glimmerT_911-T1;GlimmerHMM}

# EVM prediction: Mode:STANDARD S-ratio: 10000.00 76246-77169 orient(+) score(2772.00) noncoding_equivalent(0.28) raw_noncoding(0.00) offset(0.00) 
76246	77169	single+	1	3	{GlimmerHMM_glimmerT_912-T1;GlimmerHMM},{Augustus_model.g821.t1;Augustus}

# EVM prediction: Mode:STANDARD S-ratio: 10000.00 79042-79758 orient(+) score(2151.00) noncoding_equivalent(0.22) raw_noncoding(0.00) offset(0.00) 
79042	79758	single+	1	3	{GlimmerHMM_glimmerT_913-T1;GlimmerHMM},{Augustus_model.g822.t1;Augustus}

# EVM prediction: Mode:STANDARD S-ratio: 14.26 80080-82383 orient(-) score(6459.00) noncoding_equivalent(453.00) raw_noncoding(453.00) offset(0.00) 
82383	80080	single-	4	6	{GlimmerHMM_glimmerT_914-T1;GlimmerHMM}

# EVM prediction: Mode:STANDARD S-ratio: 145.43 85299-86132 orient(+) score(2483.00) noncoding_equivalent(17.07) raw_noncoding(17.07) offset(0.00) 
85299	86132	single+	1	3	{GlimmerHMM_glimmerT_915-T1;GlimmerHMM},{Augustus_model.g824.t1;Augustus}

# EVM prediction: Mode:STANDARD S-ratio: 200.98 86376-88130 orient(-) score(5237.00) noncoding_equivalent(26.06) raw_noncoding(26.06) offset(0.00) 
88130	86376	single-	4	6	{GlimmerHMM_glimmerT_916-T1;GlimmerHMM},{Augustus_model.g825.t1;Augustus}

# EVM prediction: Mode:STANDARD S-ratio: 585.20 89405-92335 orient(-) score(8778.00) noncoding_equivalent(15.00) raw_noncoding(15.00) offset(0.00) 
92335	89405	single-	4	6	{GlimmerHMM_glimmerT_917-T1;GlimmerHMM},{Augustus_model.g826.t1;Augustus}

# EVM prediction: Mode:STANDARD S-ratio: 10000.00 95500-96717 orient(-) score(3654.00) noncoding_equivalent(0.37) raw_noncoding(0.00) offset(0.00) 
96717	95500	single-	4	6	{GlimmerHMM_glimmerT_918-T1;GlimmerHMM},{Augustus_model.g827.t1;Augustus}

