!! Predictions spanning range 6092 - 98387 [R1]
# EVM prediction: Mode:STANDARD S-ratio: 10000.00 6092-7345 orient(+) score(2508.00) noncoding_equivalent(0.25) raw_noncoding(0.00) offset(0.00) 
6092	7345	single+	1	3	{Augustus_gene31.t1;Augustus}

# EVM prediction: Mode:STANDARD S-ratio: 10000.00 30421-33672 orient(+) score(6504.00) noncoding_equivalent(0.65) raw_noncoding(0.00) offset(0.00) 
30421	33672	single+	1	3	{Augustus_gene106.t1;Augustus}

# EVM prediction: Mode:STANDARD S-ratio: 10000.00 36278-37303 orient(+) score(2052.00) noncoding_equivalent(0.21) raw_noncoding(0.00) offset(0.00) 
36278	37303	single+	1	3	{Augustus_gene394.t1;Augustus}

# EVM prediction: Mode:STANDARD S-ratio: 10000.00 46404-47534 orient(+) score(2262.00) noncoding_equivalent(0.23) raw_noncoding(0.00) offset(0.00) 
46404	47534	single+	1	3	{Augustus_gene1150.t1;Augustus}

# EVM prediction: Mode:STANDARD S-ratio: 10000.00 56274-58124 orient(-) score(3702.00) noncoding_equivalent(0.37) raw_noncoding(0.00) offset(0.00) 
58124	56274	single-	4	6	{Augustus_gene1002.t1;Augustus}

# EVM prediction: Mode:STANDARD S-ratio: 10000.00 86150-87529 orient(+) score(2760.00) noncoding_equivalent(0.28) raw_noncoding(0.00) offset(0.00) 
86150	87529	single+	1	3	{Augustus_gene920.t1;Augustus}

# EVM prediction: Mode:STANDARD S-ratio: 10000.00 87728-89080 orient(-) score(2706.00) noncoding_equivalent(0.27) raw_noncoding(0.00) offset(0.00) 
89080	87728	single-	4	6	{Augustus_gene658.t1;Augustus}

# EVM prediction: Mode:STANDARD S-ratio: 10000.00 90398-90781 orient(-) score(768.00) noncoding_equivalent(0.08) raw_noncoding(0.00) offset(0.00) 
90781	90398	single-	4	6	{Augustus_gene172.t1;Augustus}

# EVM prediction: Mode:STANDARD S-ratio: 10000.00 94786-96720 orient(-) score(3870.00) noncoding_equivalent(0.39) raw_noncoding(0.00) offset(0.00) 
96231	94786	terminal-	4	6	{Augustus_gene125.t1;Augustus}
96534	96232	INTRON			{Augustus_gene125.t1;Augustus}
96720	96535	initial-	4	6	{Augustus_gene125.t1;Augustus}

# EVM prediction: Mode:STANDARD S-ratio: 10000.00 97623-98387 orient(+) score(1530.00) noncoding_equivalent(0.15) raw_noncoding(0.00) offset(0.00) 
97623	98387	single+	1	3	{Augustus_gene984.t1;Augustus}

