!! Predictions spanning range 16396 - 84727 [R1]
# EVM prediction: Mode:STANDARD S-ratio: 10000.00 16396-17972 orient(+) score(3154.00) noncoding_equivalent(0.32) raw_noncoding(0.00) offset(0.00) 
16396	17048	initial+	1	2	{Augustus_gene63.t1;Augustus}
17049	17443	INTRON			{Augustus_gene63.t1;Augustus}
17444	17903	internal+	3	3	{Augustus_gene63.t1;Augustus}
17904	17969	INTRON			{Augustus_gene63.t1;Augustus}
17970	17972	terminal+	1	3	{Augustus_gene63.t1;Augustus}

# EVM prediction: Mode:STANDARD S-ratio: 10000.00 20182-20649 orient(+) score(936.00) noncoding_equivalent(0.09) raw_noncoding(0.00) offset(0.00) 
20182	20649	single+	1	3	{Augustus_gene925.t1;Augustus}

# EVM prediction: Mode:STANDARD S-ratio: 10000.00 26481-28898 orient(+) score(4836.00) noncoding_equivalent(0.48) raw_noncoding(0.00) offset(0.00) 
26481	28898	single+	1	3	{Augustus_gene637.t1;Augustus}

# EVM prediction: Mode:STANDARD S-ratio: 10000.00 30883-31683 orient(+) score(1602.00) noncoding_equivalent(0.16) raw_noncoding(0.00) offset(0.00) 
30883	31683	single+	1	3	{Augustus_gene65.t1;Augustus}

# EVM prediction: Mode:STANDARD S-ratio: 10000.00 41258-44095 orient(+) score(5676.00) noncoding_equivalent(0.57) raw_noncoding(0.00) offset(0.00) 
41258	44095	single+	1	3	{Augustus_gene469.t1;Augustus}

# EVM prediction: Mode:STANDARD S-ratio: 10000.00 51872-52969 orient(+) score(2196.00) noncoding_equivalent(0.22) raw_noncoding(0.00) offset(0.00) 
51872	52969	single+	1	3	{Augustus_gene332.t1;Augustus}

# EVM prediction: Mode:STANDARD S-ratio: 10000.00 61454-62929 orient(-) score(2952.00) noncoding_equivalent(0.30) raw_noncoding(0.00) offset(0.00) 
62929	61454	single-	4	6	{Augustus_gene81.t1;Augustus}

# EVM prediction: Mode:STANDARD S-ratio: 10000.00 63329-65494 orient(+) score(4332.00) noncoding_equivalent(0.43) raw_noncoding(0.00) offset(0.00) 
63329	65494	single+	1	3	{Augustus_gene730.t1;Augustus}

# EVM prediction: Mode:STANDARD S-ratio: 10000.00 67740-68534 orient(+) score(1590.00) noncoding_equivalent(0.16) raw_noncoding(0.00) offset(0.00) 
67740	68534	single+	1	3	{Augustus_gene534.t1;Augustus}

# EVM prediction: Mode:STANDARD S-ratio: 10000.00 73320-76092 orient(-) score(5546.00) noncoding_equivalent(0.55) raw_noncoding(0.00) offset(0.00) 
73329	73320	terminal-	6	6	{Augustus_gene109.t1;Augustus}
74554	73330	INTRON			{Augustus_gene109.t1;Augustus}
76092	74555	initial-	4	5	{Augustus_gene109.t1;Augustus}

# EVM prediction: Mode:STANDARD S-ratio: 10000.00 83450-84727 orient(-) score(2556.00) noncoding_equivalent(0.26) raw_noncoding(0.00) offset(0.00) 
84727	83450	single-	4	6	{Augustus_gene964.t1;Augustus}

