!! Predictions spanning range 1959 - 99890 [R1]
# EVM prediction: Mode:STANDARD S-ratio: 10000.00 1959-3905 orient(+) score(3894.00) noncoding_equivalent(0.39) raw_noncoding(0.00) offset(0.00) 
1959	3905	single+	1	3	{Augustus_gene156.t1;Augustus}

# EVM prediction: Mode:STANDARD S-ratio: 10000.00 5370-6557 orient(+) score(2376.00) noncoding_equivalent(0.24) raw_noncoding(0.00) offset(0.00) 
5370	6557	single+	1	3	{Augustus_gene766.t1;Augustus}

# EVM prediction: Mode:STANDARD S-ratio: 10000.00 25380-26225 orient(-) score(1692.00) noncoding_equivalent(0.17) raw_noncoding(0.00) offset(0.00) 
26225	25380	single-	4	6	{Augustus_gene907.t1;Augustus}

# EVM prediction: Mode:STANDARD S-ratio: 10000.00 29313-30513 orient(-) score(2402.00) noncoding_equivalent(0.24) raw_noncoding(0.00) offset(0.00) 
30426	29313	terminal-	6	6	{Augustus_gene257.t1;Augustus}
30499	30427	INTRON			{Augustus_gene257.t1;Augustus}
30513	30500	initial-	4	5	{Augustus_gene257.t1;Augustus}

# EVM prediction: Mode:STANDARD S-ratio: 10000.00 32310-33722 orient(-) score(2826.00) noncoding_equivalent(0.28) raw_noncoding(0.00) offset(0.00) 
33722	32310	single-	4	6	{Augustus_gene972.t1;Augustus}

# EVM prediction: Mode:STANDARD S-ratio: 10000.00 35569-36231 orient(+) score(1326.00) noncoding_equivalent(0.13) raw_noncoding(0.00) offset(0.00) 
35569	36231	single+	1	3	{Augustus_gene708.t1;Augustus}

# EVM prediction: Mode:STANDARD S-ratio: 10000.00 41196-43325 orient(+) score(4260.00) noncoding_equivalent(0.43) raw_noncoding(0.00) offset(0.00) 
41196	43325	single+	1	3	{Augustus_gene693.t1;Augustus}

# EVM prediction: Mode:STANDARD S-ratio: 10000.00 50193-51482 orient(-) score(2580.00) noncoding_equivalent(0.26) raw_noncoding(0.00) offset(0.00) 
51482	50193	single-	4	6	{Augustus_gene893.t1;Augustus}

# EVM prediction: Mode:STANDARD S-ratio: 10000.00 52726-55392 orient(-) score(5334.00) noncoding_equivalent(0.53) raw_noncoding(0.00) offset(0.00) 
55392	52726	single-	4	6	{Augustus_gene634.t1;Augustus}

# EVM prediction: Mode:STANDARD S-ratio: 10000.00 56716-57990 orient(+) score(2550.00) noncoding_equivalent(0.26) raw_noncoding(0.00) offset(0.00) 
56716	57990	single+	1	3	{Augustus_gene269.t1;Augustus}

# EVM prediction: Mode:STANDARD S-ratio: 10000.00 61379-62836 orient(-) score(2916.00) noncoding_equivalent(0.29) raw_noncoding(0.00) offset(0.00) 
62836	61379	single-	4	6	{Augustus_gene376.t1;Augustus}

# EVM prediction: Mode:STANDARD S-ratio: 10000.00 63167-65752 orient(+) score(5172.00) noncoding_equivalent(0.52) raw_noncoding(0.00) offset(0.00) 
63167	65752	single+	1	3	{Augustus_gene216.t1;Augustus}

# EVM prediction: Mode:STANDARD S-ratio: 10000.00 74232-75116 orient(+) score(1770.00) noncoding_equivalent(0.18) raw_noncoding(0.00) offset(0.00) 
74232	75116	single+	1	3	{Augustus_gene788.t1;Augustus}

# EVM prediction: Mode:STANDARD S-ratio: 10000.00 75299-75739 orient(-) score(882.00) noncoding_equivalent(0.09) raw_noncoding(0.00) offset(0.00) 
75739	75299	single-	4	6	{Augustus_gene39.t1;Augustus}

# EVM prediction: Mode:STANDARD S-ratio: 10000.00 89127-89816 orient(+) score(1380.00) noncoding_equivalent(0.14) raw_noncoding(0.00) offset(0.00) 
89127	89816	single+	1	3	{Augustus_gene658.t1;Augustus}

# EVM prediction: Mode:STANDARD S-ratio: 10000.00 99347-99890 orient(+) score(1088.00) noncoding_equivalent(0.11) raw_noncoding(0.00) offset(0.00) 
99347	99890	initial+	1	1	{Augustus_gene829.t1;Augustus}

