!! Predictions spanning range 11415 - 99419 [R1]
# EVM prediction: Mode:STANDARD S-ratio: 10000.00 11415-13799 orient(+) score(4770.00) noncoding_equivalent(0.48) raw_noncoding(0.00) offset(0.00) 
11415	13799	single+	1	3	{Augustus_gene1101.t1;Augustus}

# EVM prediction: Mode:STANDARD S-ratio: 10000.00 38219-38819 orient(-) score(1202.00) noncoding_equivalent(0.12) raw_noncoding(0.00) offset(0.00) 
38240	38219	terminal-	6	6	{Augustus_gene668.t1;Augustus}
38316	38241	INTRON			{Augustus_gene668.t1;Augustus}
38819	38317	initial-	4	5	{Augustus_gene668.t1;Augustus}

# EVM prediction: Mode:STANDARD S-ratio: 10000.00 45898-46878 orient(-) score(1962.00) noncoding_equivalent(0.20) raw_noncoding(0.00) offset(0.00) 
46878	45898	single-	4	6	{Augustus_gene388.t1;Augustus}

# EVM prediction: Mode:STANDARD S-ratio: 10000.00 50866-52500 orient(+) score(3270.00) noncoding_equivalent(0.33) raw_noncoding(0.00) offset(0.00) 
50866	52500	single+	1	3	{Augustus_gene144.t1;Augustus}

# EVM prediction: Mode:STANDARD S-ratio: 10000.00 52624-53331 orient(-) score(1416.00) noncoding_equivalent(0.14) raw_noncoding(0.00) offset(0.00) 
53331	52624	single-	4	6	{Augustus_gene224.t1;Augustus}

# EVM prediction: Mode:STANDARD S-ratio: 10000.00 60836-61177 orient(-) score(684.00) noncoding_equivalent(0.07) raw_noncoding(0.00) offset(0.00) 
61177	60836	single-	4	6	{Augustus_gene512.t1;Augustus}

# EVM prediction: Mode:STANDARD S-ratio: 10000.00 75790-77229 orient(-) score(2880.00) noncoding_equivalent(0.29) raw_noncoding(0.00) offset(0.00) 
77229	75790	single-	4	6	{Augustus_gene718.t1;Augustus}

# EVM prediction: Mode:STANDARD S-ratio: 10000.00 91337-93046 orient(-) score(3420.00) noncoding_equivalent(0.34) raw_noncoding(0.00) offset(0.00) 
93046	91337	single-	4	6	{Augustus_gene235.t1;Augustus}

# EVM prediction: Mode:STANDARD S-ratio: 10000.00 93729-95366 orient(-) score(3276.00) noncoding_equivalent(0.33) raw_noncoding(0.00) offset(0.00) 
95366	93729	single-	4	6	{Augustus_gene120.t1;Augustus}

# EVM prediction: Mode:STANDARD S-ratio: 10000.00 97443-99419 orient(+) score(3954.00) noncoding_equivalent(0.40) raw_noncoding(0.00) offset(0.00) 
97443	98273	initial+	1	3	{Augustus_gene290.t1;Augustus}
98274	98669	INTRON			{Augustus_gene290.t1;Augustus}
98670	99419	terminal+	1	3	{Augustus_gene290.t1;Augustus}

