!! Predictions spanning range 28939 - 81374 [R1]
# EVM prediction: Mode:STANDARD S-ratio: 10000.00 28939-30145 orient(+) score(2414.00) noncoding_equivalent(0.24) raw_noncoding(0.00) offset(0.00) 
28939	28952	initial+	1	2	{Augustus_gene458.t1;Augustus}
28953	29008	INTRON			{Augustus_gene458.t1;Augustus}
29009	29222	internal+	3	3	{Augustus_gene458.t1;Augustus}
29223	29318	INTRON			{Augustus_gene458.t1;Augustus}
29319	29323	internal+	1	2	{Augustus_gene458.t1;Augustus}
29324	29811	INTRON			{Augustus_gene458.t1;Augustus}
29812	30145	terminal+	3	3	{Augustus_gene458.t1;Augustus}

# EVM prediction: Mode:STANDARD S-ratio: 10000.00 38999-39886 orient(-) score(1776.00) noncoding_equivalent(0.18) raw_noncoding(0.00) offset(0.00) 
39886	38999	single-	4	6	{Augustus_gene107.t1;Augustus}

# EVM prediction: Mode:STANDARD S-ratio: 10000.00 42879-43760 orient(-) score(1764.00) noncoding_equivalent(0.18) raw_noncoding(0.00) offset(0.00) 
43760	42879	single-	4	6	{Augustus_gene196.t1;Augustus}

# EVM prediction: Mode:STANDARD S-ratio: 10000.00 52135-53298 orient(+) score(2328.00) noncoding_equivalent(0.23) raw_noncoding(0.00) offset(0.00) 
52135	53298	single+	1	3	{Augustus_gene594.t1;Augustus}

# EVM prediction: Mode:STANDARD S-ratio: 10000.00 53581-54660 orient(-) score(2160.00) noncoding_equivalent(0.22) raw_noncoding(0.00) offset(0.00) 
54660	53581	single-	4	6	{Augustus_gene753.t1;Augustus}

# EVM prediction: Mode:STANDARD S-ratio: 10000.00 54940-56382 orient(+) score(2886.00) noncoding_equivalent(0.29) raw_noncoding(0.00) offset(0.00) 
54940	56382	single+	1	3	{Augustus_gene266.t1;Augustus}

# EVM prediction: Mode:STANDARD S-ratio: 10000.00 59100-61295 orient(+) score(4392.00) noncoding_equivalent(0.44) raw_noncoding(0.00) offset(0.00) 
59100	61295	single+	1	3	{Augustus_gene509.t1;Augustus}

# EVM prediction: Mode:STANDARD S-ratio: 10000.00 62584-65574 orient(+) score(5982.00) noncoding_equivalent(0.60) raw_noncoding(0.00) offset(0.00) 
62584	65574	single+	1	3	{Augustus_gene260.t1;Augustus}

# EVM prediction: Mode:STANDARD S-ratio: 10000.00 66195-68339 orient(+) score(4290.00) noncoding_equivalent(0.43) raw_noncoding(0.00) offset(0.00) 
66195	68339	single+	1	3	{Augustus_gene667.t1;Augustus}

# EVM prediction: Mode:STANDARD S-ratio: 10000.00 68441-69643 orient(-) score(2406.00) noncoding_equivalent(0.24) raw_noncoding(0.00) offset(0.00) 
69643	68441	single-	4	6	{Augustus_gene880.t1;Augustus}

# EVM prediction: Mode:STANDARD S-ratio: 10000.00 71103-72227 orient(+) score(2250.00) noncoding_equivalent(0.23) raw_noncoding(0.00) offset(0.00) 
71103	71157	initial+	1	1	{Augustus_gene1046.t1;Augustus}
71158	71250	INTRON			{Augustus_gene1046.t1;Augustus}
71251	72227	terminal+	2	3	{Augustus_gene1046.t1;Augustus}

# EVM prediction: Mode:STANDARD S-ratio: 10000.00 72376-75651 orient(-) score(6552.00) noncoding_equivalent(0.66) raw_noncoding(0.00) offset(0.00) 
75651	72376	single-	4	6	{Augustus_gene251.t1;Augustus}

# EVM prediction: Mode:STANDARD S-ratio: 10000.00 78246-81374 orient(-) score(6258.00) noncoding_equivalent(0.63) raw_noncoding(0.00) offset(0.00) 
81374	78246	single-	4	6	{Augustus_gene842.t1;Augustus}

