!! Predictions spanning range 1160 - 99905 [R1]
# EVM prediction: Mode:STANDARD S-ratio: 10000.00 1160-2776 orient(+) score(6468.00) noncoding_equivalent(0.65) raw_noncoding(0.00) offset(0.00) 
1160	2776	single+	1	3	{Augustus_model.g4820.t1;Augustus},{GlimmerHMM_glimmerT_5221-T1;GlimmerHMM}

# EVM prediction: Mode:STANDARD S-ratio: 4.66 2949-3845 orient(-) score(4431.00) noncoding_equivalent(951.00) raw_noncoding(951.00) offset(0.00) 
3845	2949	single-	4	6	{GlimmerHMM_glimmerT_5222-T1;GlimmerHMM},{HiQ_model.g4821.t1;HiQ}

# EVM prediction: Mode:STANDARD S-ratio: 3.60 4071-4925 orient(-) score(4014.00) noncoding_equivalent(1116.00) raw_noncoding(1116.00) offset(0.00) 
4925	4071	single-	4	6	{GlimmerHMM_glimmerT_5223-T1;GlimmerHMM},{HiQ_model.g4822.t1;HiQ}

# EVM prediction: Mode:STANDARD S-ratio: 2.00 5107-6291 orient(-) score(4740.00) noncoding_equivalent(2370.00) raw_noncoding(2370.00) offset(0.00) 
6291	5107	single-	4	6	{HiQ_model.g4823.t1;HiQ},{GlimmerHMM_glimmerT_5224-T1;GlimmerHMM}

# EVM prediction: Mode:STANDARD S-ratio: 10000.00 6524-7504 orient(+) score(3924.00) noncoding_equivalent(0.39) raw_noncoding(0.00) offset(0.00) 
6524	7504	single+	1	3	{Augustus_model.g4824.t1;Augustus},{GlimmerHMM_glimmerT_5225-T1;GlimmerHMM}

# EVM prediction: Mode:STANDARD S-ratio: 3.07 7722-8138 orient(+) score(1259.00) noncoding_equivalent(409.77) raw_noncoding(409.77) offset(0.00) 
7722	8138	single+	1	3	{Augustus_model.g4825.t1;Augustus},{GlimmerHMM_glimmerT_5226-T1;GlimmerHMM}

# EVM prediction: Mode:STANDARD S-ratio: 942.69 8425-9846 orient(+) score(5680.00) noncoding_equivalent(6.03) raw_noncoding(6.03) offset(0.00) 
8425	9846	single+	1	3	{Augustus_model.g4826.t1;Augustus},{GlimmerHMM_glimmerT_5227-T1;GlimmerHMM}

# EVM prediction: Mode:STANDARD S-ratio: 4.85 10141-12651 orient(-) score(12491.00) noncoding_equivalent(2574.72) raw_noncoding(2574.72) offset(0.00) 
12651	10141	single-	4	6	{GlimmerHMM_glimmerT_5228-T1;GlimmerHMM},{HiQ_model.g4827.t1;HiQ}

# EVM prediction: Mode:STANDARD S-ratio: 4.50 13028-14998 orient(-) score(9675.00) noncoding_equivalent(2151.00) raw_noncoding(2151.00) offset(0.00) 
14998	13028	single-	4	6	{HiQ_model.g4828.t1;HiQ}

# EVM prediction: Mode:STANDARD S-ratio: 539.86 15665-17428 orient(+) score(7041.00) noncoding_equivalent(13.04) raw_noncoding(13.04) offset(0.00) 
15665	17428	single+	1	3	{Augustus_model.g4829.t1;Augustus},{GlimmerHMM_glimmerT_5230-T1;GlimmerHMM}

# EVM prediction: Mode:STANDARD S-ratio: 4.96 17789-18907 orient(-) score(5580.00) noncoding_equivalent(1124.00) raw_noncoding(1124.00) offset(0.00) 
18907	17789	single-	4	6	{GlimmerHMM_glimmerT_5231-T1;GlimmerHMM},{HiQ_model.g4830.t1;HiQ}

# EVM prediction: Mode:STANDARD S-ratio: 4.58 19225-20088 orient(-) score(4254.00) noncoding_equivalent(928.53) raw_noncoding(928.53) offset(0.00) 
20088	19225	single-	4	6	{HiQ_model.g4831.t1;HiQ},{GlimmerHMM_glimmerT_5232-T1;GlimmerHMM}

# EVM prediction: Mode:STANDARD S-ratio: 2.00 20418-21668 orient(-) score(5004.00) noncoding_equivalent(2502.00) raw_noncoding(2502.00) offset(0.00) 
21668	20418	single-	4	6	{HiQ_model.g4832.t1;HiQ},{GlimmerHMM_glimmerT_5233-T1;GlimmerHMM}

# EVM prediction: Mode:STANDARD S-ratio: 459.00 22632-25736 orient(+) score(12564.00) noncoding_equivalent(27.37) raw_noncoding(27.37) offset(0.00) 
22632	25736	single+	1	3	{GlimmerHMM_glimmerT_5234-T1;GlimmerHMM},{Augustus_model.g4833.t1;Augustus}

# EVM prediction: Mode:STANDARD S-ratio: 5.00 26049-30008 orient(-) score(19800.00) noncoding_equivalent(3960.00) raw_noncoding(3960.00) offset(0.00) 
30008	26049	single-	4	6	{HiQ_model.g4834.t1;HiQ},{GlimmerHMM_glimmerT_5235-T1;GlimmerHMM}

# EVM prediction: Mode:STANDARD S-ratio: 3.73 33677-34102 orient(-) score(2016.00) noncoding_equivalent(540.00) raw_noncoding(540.00) offset(0.00) 
34102	33677	single-	4	6	{GlimmerHMM_glimmerT_5236-T1;GlimmerHMM},{HiQ_model.g4835.t1;HiQ}

# EVM prediction: Mode:STANDARD S-ratio: 455.34 34475-37927 orient(-) score(13780.00) noncoding_equivalent(30.26) raw_noncoding(30.26) offset(0.00) 
37927	34475	single-	4	6	{GlimmerHMM_glimmerT_5237-T1;GlimmerHMM},{Augustus_model.g4836.t1;Augustus}

# EVM prediction: Mode:STANDARD S-ratio: 3.22 38600-39169 orient(-) score(2610.00) noncoding_equivalent(810.00) raw_noncoding(810.00) offset(0.00) 
39169	38600	single-	4	6	{HiQ_model.g4837.t1;HiQ},{GlimmerHMM_glimmerT_5238-T1;GlimmerHMM}

# EVM prediction: Mode:STANDARD S-ratio: 3.16 39384-40424 orient(-) score(4743.00) noncoding_equivalent(1503.00) raw_noncoding(1503.00) offset(0.00) 
40424	39384	single-	4	6	{HiQ_model.g4838.t1;HiQ},{GlimmerHMM_glimmerT_5239-T1;GlimmerHMM}

# EVM prediction: Mode:STANDARD S-ratio: 13.42 40820-42458 orient(+) score(5454.00) noncoding_equivalent(406.29) raw_noncoding(1086.00) offset(679.71) 
40820	40827	initial+	1	2	{snap_scaffold_13-snap.119-T1;snap},{Augustus_model.g4839.t1;Augustus}
40828	41170	INTRON			{snap_scaffold_13-snap.119-T1;snap}
41171	42458	terminal+	3	3	{snap_scaffold_13-snap.119-T1;snap}

# EVM prediction: Mode:STANDARD S-ratio: 4.99 42903-43859 orient(+) score(4779.00) noncoding_equivalent(957.00) raw_noncoding(957.00) offset(0.00) 
42903	43859	single+	1	3	{GlimmerHMM_glimmerT_5241-T1;GlimmerHMM},{HiQ_model.g4840.t1;HiQ}

# EVM prediction: Mode:STANDARD S-ratio: 4.85 44033-44818 orient(-) score(3922.00) noncoding_equivalent(809.37) raw_noncoding(809.37) offset(0.00) 
44818	44033	single-	4	6	{HiQ_model.g4841.t1;HiQ},{GlimmerHMM_glimmerT_5242-T1;GlimmerHMM}

# EVM prediction: Mode:STANDARD S-ratio: 80.90 45091-46131 orient(+) score(4112.00) noncoding_equivalent(50.83) raw_noncoding(50.83) offset(0.00) 
45091	46131	single+	1	3	{Augustus_model.g4842.t1;Augustus},{GlimmerHMM_glimmerT_5243-T1;GlimmerHMM}

# EVM prediction: Mode:STANDARD S-ratio: 5.31 46766-47930 orient(+) score(4555.00) noncoding_equivalent(858.12) raw_noncoding(1260.91) offset(402.79) 
46766	46769	initial+	1	1	{Augustus_model.g4843.t1;Augustus},{snap_scaffold_13-snap.123-T1;snap}
46770	47169	INTRON			{Augustus_model.g4843.t1;Augustus},{snap_scaffold_13-snap.123-T1;snap}
47170	47930	terminal+	2	3	{Augustus_model.g4843.t1;Augustus},{snap_scaffold_13-snap.123-T1;snap}

# EVM prediction: Mode:STANDARD S-ratio: 4.94 48198-50963 orient(-) score(13800.00) noncoding_equivalent(2796.00) raw_noncoding(2796.00) offset(0.00) 
50963	48198	single-	4	6	{HiQ_model.g4844.t1;HiQ},{GlimmerHMM_glimmerT_5245-T1;GlimmerHMM}

# EVM prediction: Mode:STANDARD S-ratio: 6.85 51467-51931 orient(+) score(1623.00) noncoding_equivalent(237.00) raw_noncoding(237.00) offset(0.00) 
51467	51931	single+	1	3	{Augustus_model.g4845.t1;Augustus}

# EVM prediction: Mode:STANDARD S-ratio: 10000.00 52340-54103 orient(+) score(5292.00) noncoding_equivalent(0.53) raw_noncoding(0.00) offset(0.00) 
52340	54103	single+	1	3	{GlimmerHMM_glimmerT_5247-T1;GlimmerHMM},{Augustus_model.g4846.t1;Augustus}

# EVM prediction: Mode:STANDARD S-ratio: 10000.00 56314-57993 orient(+) score(6720.00) noncoding_equivalent(0.67) raw_noncoding(0.00) offset(0.00) 
56314	57993	single+	1	3	{Augustus_model.g4847.t1;Augustus},{GlimmerHMM_glimmerT_5249-T1;GlimmerHMM}

# EVM prediction: Mode:STANDARD S-ratio: 4.55 58205-62440 orient(-) score(20838.00) noncoding_equivalent(4578.00) raw_noncoding(4578.00) offset(0.00) 
62440	58205	single-	4	6	{GlimmerHMM_glimmerT_5250-T1;GlimmerHMM},{HiQ_model.g4848.t1;HiQ}

# EVM prediction: Mode:STANDARD S-ratio: 6.38 63724-64533 orient(+) score(2802.00) noncoding_equivalent(439.16) raw_noncoding(439.16) offset(0.00) 
63724	64533	single+	1	3	{GlimmerHMM_glimmerT_5251-T1;GlimmerHMM}

# EVM prediction: Mode:STANDARD S-ratio: 46.39 64827-65526 orient(+) score(2645.00) noncoding_equivalent(57.01) raw_noncoding(124.07) offset(67.06) 
64827	64831	initial+	1	2	{snap_scaffold_13-snap.130-T1;snap}
64832	64877	INTRON			{snap_scaffold_13-snap.130-T1;snap}
64878	65526	terminal+	3	3	{snap_scaffold_13-snap.130-T1;snap}

# EVM prediction: Mode:STANDARD S-ratio: 1.00 65928-66209 orient(-) score(564.00) noncoding_equivalent(564.00) raw_noncoding(564.00) offset(0.00) 
66209	65928	single-	4	6	{GlimmerHMM_glimmerT_5253-T1;GlimmerHMM}

# EVM prediction: Mode:STANDARD S-ratio: 114.83 69341-71425 orient(+) score(10335.00) noncoding_equivalent(90.00) raw_noncoding(90.00) offset(0.00) 
69341	71425	single+	1	3	{Augustus_model.g4850.t1;Augustus},{GlimmerHMM_glimmerT_5254-T1;GlimmerHMM}

# EVM prediction: Mode:STANDARD S-ratio: 10.49 72428-72832 orient(+) score(1323.00) noncoding_equivalent(126.14) raw_noncoding(256.57) offset(130.43) 
72428	72448	initial+	1	3	{Augustus_model.g4851.t1;Augustus}
72449	72514	INTRON			{Augustus_model.g4851.t1;Augustus}
72515	72832	terminal+	1	3	{snap_scaffold_13-snap.132-T1;snap},{Augustus_model.g4851.t1;Augustus}

# EVM prediction: Mode:STANDARD S-ratio: 4.96 72991-73653 orient(-) score(3309.00) noncoding_equivalent(667.03) raw_noncoding(667.03) offset(0.00) 
73653	72991	single-	4	6	{GlimmerHMM_glimmerT_5256-T1;GlimmerHMM},{HiQ_model.g4852.t1;HiQ}

# EVM prediction: Mode:STANDARD S-ratio: 13.20 74059-75180 orient(+) score(3129.00) noncoding_equivalent(237.00) raw_noncoding(237.00) offset(0.00) 
74059	75180	single+	1	3	{Augustus_model.g4853.t1;Augustus},{GlimmerHMM_glimmerT_5257-T1;GlimmerHMM}

# EVM prediction: Mode:STANDARD S-ratio: 31.94 75695-77794 orient(+) score(8145.00) noncoding_equivalent(255.00) raw_noncoding(255.00) offset(0.00) 
75695	77794	single+	1	3	{Augustus_model.g4854.t1;Augustus}

# EVM prediction: Mode:STANDARD S-ratio: 7.27 77943-78502 orient(-) score(1956.00) noncoding_equivalent(269.09) raw_noncoding(403.09) offset(134.00) 
78360	77943	terminal-	6	6	{snap_scaffold_13-snap.136-T1;snap},{GlimmerHMM_glimmerT_5259-T1;GlimmerHMM},{Augustus_model.g4855.t1;Augustus}
78491	78361	INTRON			{GlimmerHMM_glimmerT_5259-T1;GlimmerHMM},{Augustus_model.g4855.t1;Augustus}
78502	78492	initial-	4	5	{GlimmerHMM_glimmerT_5259-T1;GlimmerHMM},{Augustus_model.g4855.t1;Augustus}

# EVM prediction: Mode:STANDARD S-ratio: 44.44 79119-80000 orient(+) score(3449.00) noncoding_equivalent(77.61) raw_noncoding(77.61) offset(0.00) 
79119	80000	single+	1	3	{Augustus_model.g4856.t1;Augustus},{GlimmerHMM_glimmerT_5260-T1;GlimmerHMM}

# EVM prediction: Mode:STANDARD S-ratio: 10000.00 80298-80507 orient(+) score(630.00) noncoding_equivalent(0.06) raw_noncoding(0.00) offset(0.00) 
80298	80507	single+	1	3	{Augustus_model.g4857.t1;Augustus},{GlimmerHMM_glimmerT_5261-T1;GlimmerHMM}

# EVM prediction: Mode:STANDARD S-ratio: 4.57 80588-83428 orient(-) score(13985.00) noncoding_equivalent(3059.79) raw_noncoding(3059.79) offset(0.00) 
83428	80588	single-	4	6	{GlimmerHMM_glimmerT_5262-T1;GlimmerHMM},{HiQ_model.g4858.t1;HiQ}

# EVM prediction: Mode:STANDARD S-ratio: 33.27 83937-85478 orient(+) score(5988.00) noncoding_equivalent(180.00) raw_noncoding(180.00) offset(0.00) 
83937	85478	single+	1	3	{Augustus_model.g4859.t1;Augustus},{GlimmerHMM_glimmerT_5263-T1;GlimmerHMM}

# EVM prediction: Mode:STANDARD S-ratio: 2.00 86140-86892 orient(-) score(3012.00) noncoding_equivalent(1506.00) raw_noncoding(1506.00) offset(0.00) 
86892	86140	single-	4	6	{HiQ_model.g4860.t1;HiQ},{GlimmerHMM_glimmerT_5264-T1;GlimmerHMM}

# EVM prediction: Mode:STANDARD S-ratio: 5.00 87412-90393 orient(-) score(14904.00) noncoding_equivalent(2982.00) raw_noncoding(2982.00) offset(0.00) 
90393	87412	single-	4	6	{GlimmerHMM_glimmerT_5265-T1;GlimmerHMM},{HiQ_model.g4861.t1;HiQ}

# EVM prediction: Mode:STANDARD S-ratio: 3.00 90882-92921 orient(+) score(6120.00) noncoding_equivalent(2040.00) raw_noncoding(2040.00) offset(0.00) 
90882	92921	single+	1	3	{GlimmerHMM_glimmerT_5266-T1;GlimmerHMM},{Augustus_model.g4862.t1;Augustus}

# EVM prediction: Mode:STANDARD S-ratio: 432.00 93218-94516 orient(+) score(5184.00) noncoding_equivalent(12.00) raw_noncoding(12.00) offset(0.00) 
93218	94516	single+	1	3	{Augustus_model.g4863.t1;Augustus},{GlimmerHMM_glimmerT_5267-T1;GlimmerHMM}

# EVM prediction: Mode:STANDARD S-ratio: 3.00 94886-95332 orient(+) score(1341.00) noncoding_equivalent(447.00) raw_noncoding(447.00) offset(0.00) 
94886	95332	single+	1	3	{GlimmerHMM_glimmerT_5268-T1;GlimmerHMM},{Augustus_model.g4864.t1;Augustus}

# EVM prediction: Mode:STANDARD S-ratio: 393.93 95463-99905 orient(-) score(17727.00) noncoding_equivalent(45.00) raw_noncoding(45.00) offset(0.00) 
99905	95463	single-	4	6	{Augustus_model.g4865.t1;Augustus}

