!! Predictions spanning range 1466 - 98319 [R1]
# EVM prediction: Mode:STANDARD S-ratio: 10000.00 1466-2347 orient(-) score(1764.00) noncoding_equivalent(0.18) raw_noncoding(0.00) offset(0.00) 
2347	1466	single-	4	6	{Augustus_gene976.t1;Augustus}

# EVM prediction: Mode:STANDARD S-ratio: 10000.00 9250-11235 orient(+) score(3972.00) noncoding_equivalent(0.40) raw_noncoding(0.00) offset(0.00) 
9250	11235	single+	1	3	{Augustus_gene44.t1;Augustus}

# EVM prediction: Mode:STANDARD S-ratio: 10000.00 21217-24933 orient(+) score(7434.00) noncoding_equivalent(0.74) raw_noncoding(0.00) offset(0.00) 
21217	24933	single+	1	3	{Augustus_gene453.t1;Augustus}

# EVM prediction: Mode:STANDARD S-ratio: 10000.00 42611-43612 orient(-) score(2004.00) noncoding_equivalent(0.20) raw_noncoding(0.00) offset(0.00) 
43480	42611	terminal-	4	6	{Augustus_gene528.t1;Augustus}
43585	43481	INTRON			{Augustus_gene528.t1;Augustus}
43612	43586	initial-	4	6	{Augustus_gene528.t1;Augustus}

# EVM prediction: Mode:STANDARD S-ratio: 10000.00 45226-46170 orient(-) score(1890.00) noncoding_equivalent(0.19) raw_noncoding(0.00) offset(0.00) 
46170	45226	single-	4	6	{Augustus_gene509.t1;Augustus}

# EVM prediction: Mode:STANDARD S-ratio: 10000.00 46545-53210 orient(+) score(13332.00) noncoding_equivalent(1.33) raw_noncoding(0.00) offset(0.00) 
46545	53210	single+	1	3	{Augustus_gene502.t1;Augustus}

# EVM prediction: Mode:STANDARD S-ratio: 10000.00 63416-65425 orient(+) score(4020.00) noncoding_equivalent(0.40) raw_noncoding(0.00) offset(0.00) 
63416	65425	single+	1	3	{Augustus_gene799.t1;Augustus}

# EVM prediction: Mode:STANDARD S-ratio: 10000.00 69769-70614 orient(-) score(1692.00) noncoding_equivalent(0.17) raw_noncoding(0.00) offset(0.00) 
70614	69769	single-	4	6	{Augustus_gene757.t1;Augustus}

# EVM prediction: Mode:STANDARD S-ratio: 10000.00 70912-72639 orient(-) score(3456.00) noncoding_equivalent(0.35) raw_noncoding(0.00) offset(0.00) 
72639	70912	single-	4	6	{Augustus_gene215.t1;Augustus}

# EVM prediction: Mode:STANDARD S-ratio: 10000.00 73758-77696 orient(+) score(7878.00) noncoding_equivalent(0.79) raw_noncoding(0.00) offset(0.00) 
73758	77696	single+	1	3	{Augustus_gene370.t1;Augustus}

# EVM prediction: Mode:STANDARD S-ratio: 10000.00 79710-80957 orient(-) score(2496.00) noncoding_equivalent(0.25) raw_noncoding(0.00) offset(0.00) 
80957	79710	single-	4	6	{Augustus_gene862.t1;Augustus}

# EVM prediction: Mode:STANDARD S-ratio: 10000.00 81263-83527 orient(+) score(4530.00) noncoding_equivalent(0.45) raw_noncoding(0.00) offset(0.00) 
81263	83527	single+	1	3	{Augustus_gene179.t1;Augustus}

# EVM prediction: Mode:STANDARD S-ratio: 10000.00 86400-89306 orient(+) score(5814.00) noncoding_equivalent(0.58) raw_noncoding(0.00) offset(0.00) 
86400	89306	single+	1	3	{Augustus_gene636.t1;Augustus}

# EVM prediction: Mode:STANDARD S-ratio: 10000.00 89674-94452 orient(+) score(9558.00) noncoding_equivalent(0.96) raw_noncoding(0.00) offset(0.00) 
89674	90843	initial+	1	3	{Augustus_gene627.t1;Augustus}
90844	91212	INTRON			{Augustus_gene627.t1;Augustus}
91213	94452	terminal+	1	3	{Augustus_gene627.t1;Augustus}

# EVM prediction: Mode:STANDARD S-ratio: 10000.00 94774-96288 orient(-) score(3030.00) noncoding_equivalent(0.30) raw_noncoding(0.00) offset(0.00) 
96288	94774	single-	4	6	{Augustus_gene459.t1;Augustus}

# EVM prediction: Mode:STANDARD S-ratio: 10000.00 96844-98319 orient(-) score(2952.00) noncoding_equivalent(0.30) raw_noncoding(0.00) offset(0.00) 
98319	96844	single-	4	6	{Augustus_gene338.t1;Augustus}

