!! Predictions spanning range 3130 - 96127 [R1]
# EVM prediction: Mode:STANDARD S-ratio: 10000.00 3130-5628 orient(+) score(7497.00) noncoding_equivalent(0.75) raw_noncoding(0.00) offset(0.00) 
3130	5628	single+	1	3	{GlimmerHMM_glimmerT_1597-T1;GlimmerHMM},{Augustus_model.g1483.t1;Augustus}

# EVM prediction: Mode:STANDARD S-ratio: 4.46 5895-6570 orient(-) score(3205.00) noncoding_equivalent(718.39) raw_noncoding(984.00) offset(265.61) 
6386	5895	terminal-	4	6	{GlimmerHMM_glimmerT_1598-T1;GlimmerHMM},{snap_scaffold_4-snap.116-T1;snap},{HiQ_model.g1484.t1;HiQ}
6519	6387	INTRON			{GlimmerHMM_glimmerT_1598-T1;GlimmerHMM},{HiQ_model.g1484.t1;HiQ},{ev_type:exonerate/ID=match.160399.5543/Target=YPR028W;exonerate}
6570	6520	initial-	4	6	{GlimmerHMM_glimmerT_1598-T1;GlimmerHMM},{HiQ_model.g1484.t1;HiQ}

# EVM prediction: Mode:STANDARD S-ratio: 43.48 8838-9671 orient(+) score(3261.00) noncoding_equivalent(75.00) raw_noncoding(75.00) offset(0.00) 
8838	9671	single+	1	3	{Augustus_model.g1485.t1;Augustus},{GlimmerHMM_glimmerT_1599-T1;GlimmerHMM}

# EVM prediction: Mode:STANDARD S-ratio: 4.99 11068-14703 orient(-) score(18172.00) noncoding_equivalent(3642.01) raw_noncoding(3642.01) offset(0.00) 
14703	11068	single-	4	6	{GlimmerHMM_glimmerT_1600-T1;GlimmerHMM},{HiQ_model.g1486.t1;HiQ}

# EVM prediction: Mode:STANDARD S-ratio: 3.02 15525-16706 orient(+) score(3546.00) noncoding_equivalent(1174.88) raw_noncoding(1174.88) offset(0.00) 
15525	16706	single+	1	3	{Augustus_model.g1487.t1;Augustus},{GlimmerHMM_glimmerT_1601-T1;GlimmerHMM}

# EVM prediction: Mode:STANDARD S-ratio: 10000.00 17361-19604 orient(-) score(6732.00) noncoding_equivalent(0.67) raw_noncoding(0.00) offset(0.00) 
19604	17361	single-	4	6	{Augustus_model.g1488.t1;Augustus},{GlimmerHMM_glimmerT_1602-T1;GlimmerHMM}

# EVM prediction: Mode:STANDARD S-ratio: 19.10 20053-21258 orient(+) score(4584.00) noncoding_equivalent(240.00) raw_noncoding(240.00) offset(0.00) 
20053	21258	single+	1	3	{GlimmerHMM_glimmerT_1603-T1;GlimmerHMM},{Augustus_model.g1489.t1;Augustus}

# EVM prediction: Mode:STANDARD S-ratio: 51.00 22765-26157 orient(+) score(13311.00) noncoding_equivalent(261.00) raw_noncoding(261.00) offset(0.00) 
22765	26157	single+	1	3	{Augustus_model.g1490.t1;Augustus},{GlimmerHMM_glimmerT_1604-T1;GlimmerHMM}

# EVM prediction: Mode:STANDARD S-ratio: 10000.00 26711-29419 orient(+) score(8127.00) noncoding_equivalent(0.81) raw_noncoding(0.00) offset(0.00) 
26711	29419	single+	1	3	{GlimmerHMM_glimmerT_1605-T1;GlimmerHMM},{Augustus_model.g1491.t1;Augustus}

# EVM prediction: Mode:STANDARD S-ratio: 2.00 29847-30194 orient(-) score(1392.00) noncoding_equivalent(696.00) raw_noncoding(696.00) offset(0.00) 
30194	29847	single-	4	6	{HiQ_model.g1492.t1;HiQ},{GlimmerHMM_glimmerT_1606-T1;GlimmerHMM}

# EVM prediction: Mode:STANDARD S-ratio: 5.00 30513-33314 orient(-) score(14010.00) noncoding_equivalent(2802.00) raw_noncoding(2802.00) offset(0.00) 
33314	30513	single-	4	6	{HiQ_model.g1493.t1;HiQ},{GlimmerHMM_glimmerT_1607-T1;GlimmerHMM}

# EVM prediction: Mode:STANDARD S-ratio: 4.78 33768-35585 orient(-) score(9018.00) noncoding_equivalent(1888.23) raw_noncoding(1888.23) offset(0.00) 
35585	33768	single-	4	6	{HiQ_model.g1494.t1;HiQ},{GlimmerHMM_glimmerT_1608-T1;GlimmerHMM}

# EVM prediction: Mode:STANDARD S-ratio: 3.07 36141-36572 orient(+) score(1302.00) noncoding_equivalent(424.74) raw_noncoding(424.74) offset(0.00) 
36141	36572	single+	1	3	{Augustus_model.g1495.t1;Augustus},{GlimmerHMM_glimmerT_1609-T1;GlimmerHMM}

# EVM prediction: Mode:STANDARD S-ratio: 10000.00 36989-37726 orient(+) score(2952.00) noncoding_equivalent(0.30) raw_noncoding(0.00) offset(0.00) 
36989	37726	single+	1	3	{Augustus_model.g1496.t1;Augustus},{GlimmerHMM_glimmerT_1610-T1;GlimmerHMM}

# EVM prediction: Mode:STANDARD S-ratio: 53.75 44602-45477 orient(+) score(2580.00) noncoding_equivalent(48.00) raw_noncoding(48.00) offset(0.00) 
44602	45477	single+	1	3	{GlimmerHMM_glimmerT_1613-T1;GlimmerHMM}

# EVM prediction: Mode:STANDARD S-ratio: 27.80 46094-47074 orient(+) score(2841.00) noncoding_equivalent(102.18) raw_noncoding(102.18) offset(0.00) 
46094	47074	single+	1	3	{GlimmerHMM_glimmerT_1614-T1;GlimmerHMM}

# EVM prediction: Mode:STANDARD S-ratio: 2.16 47480-47763 orient(+) score(644.00) noncoding_equivalent(298.05) raw_noncoding(466.35) offset(168.30) 
47480	47483	initial+	1	1	{snap_scaffold_4-snap.128-T1;snap}
47484	47546	INTRON			{snap_scaffold_4-snap.128-T1;snap}
47547	47554	internal+	2	3	{snap_scaffold_4-snap.128-T1;snap}
47555	47577	INTRON			{snap_scaffold_4-snap.128-T1;snap}
47578	47763	terminal+	1	3	{snap_scaffold_4-snap.128-T1;snap},{Augustus_model.g1498.t1;Augustus}

# EVM prediction: Mode:STANDARD S-ratio: 10000.00 48932-52543 orient(+) score(14448.00) noncoding_equivalent(1.44) raw_noncoding(0.00) offset(0.00) 
48932	52543	single+	1	3	{GlimmerHMM_glimmerT_1615-T1;GlimmerHMM},{Augustus_model.g1499.t1;Augustus}

# EVM prediction: Mode:STANDARD S-ratio: 1.00 52770-53576 orient(-) score(1614.00) noncoding_equivalent(1614.00) raw_noncoding(1614.00) offset(0.00) 
53576	52770	single-	4	6	{GlimmerHMM_glimmerT_1616-T1;GlimmerHMM}

# EVM prediction: Mode:STANDARD S-ratio: 4.59 55037-57121 orient(-) score(10272.00) noncoding_equivalent(2238.00) raw_noncoding(2238.00) offset(0.00) 
57121	55037	single-	4	6	{GlimmerHMM_glimmerT_1617-T1;GlimmerHMM},{HiQ_model.g1500.t1;HiQ}

# EVM prediction: Mode:STANDARD S-ratio: 19.33 58765-60807 orient(+) score(7770.00) noncoding_equivalent(402.00) raw_noncoding(402.00) offset(0.00) 
58765	60807	single+	1	3	{Augustus_model.g1501.t1;Augustus},{GlimmerHMM_glimmerT_1618-T1;GlimmerHMM}

# EVM prediction: Mode:STANDARD S-ratio: 10000.00 61124-62851 orient(+) score(6912.00) noncoding_equivalent(0.69) raw_noncoding(0.00) offset(0.00) 
61124	62851	single+	1	3	{Augustus_model.g1502.t1;Augustus},{GlimmerHMM_glimmerT_1619-T1;GlimmerHMM}

# EVM prediction: Mode:STANDARD S-ratio: 10000.00 63449-64333 orient(+) score(3540.00) noncoding_equivalent(0.35) raw_noncoding(0.00) offset(0.00) 
63449	64333	single+	1	3	{GlimmerHMM_glimmerT_1620-T1;GlimmerHMM},{Augustus_model.g1503.t1;Augustus}

# EVM prediction: Mode:STANDARD S-ratio: 73.59 65080-66117 orient(+) score(4080.00) noncoding_equivalent(55.44) raw_noncoding(55.44) offset(0.00) 
65080	66117	single+	1	3	{Augustus_model.g1504.t1;Augustus},{GlimmerHMM_glimmerT_1621-T1;GlimmerHMM}

# EVM prediction: Mode:STANDARD S-ratio: 18.07 66352-68625 orient(+) score(8619.00) noncoding_equivalent(477.00) raw_noncoding(477.00) offset(0.00) 
66352	68625	single+	1	3	{GlimmerHMM_glimmerT_1622-T1;GlimmerHMM},{Augustus_model.g1505.t1;Augustus}

# EVM prediction: Mode:STANDARD S-ratio: 4.86 69854-71404 orient(-) score(7716.00) noncoding_equivalent(1588.66) raw_noncoding(1588.66) offset(0.00) 
71404	69854	single-	4	6	{HiQ_model.g1506.t1;HiQ},{GlimmerHMM_glimmerT_1623-T1;GlimmerHMM}

# EVM prediction: Mode:STANDARD S-ratio: 4.96 71953-73413 orient(-) score(7294.00) noncoding_equivalent(1470.04) raw_noncoding(1470.04) offset(0.00) 
73413	71953	single-	4	6	{GlimmerHMM_glimmerT_1624-T1;GlimmerHMM},{HiQ_model.g1507.t1;HiQ}

# EVM prediction: Mode:STANDARD S-ratio: 5.00 74063-75187 orient(-) score(5625.00) noncoding_equivalent(1125.00) raw_noncoding(1125.00) offset(0.00) 
75187	74063	single-	4	6	{HiQ_model.g1508.t1;HiQ},{GlimmerHMM_glimmerT_1625-T1;GlimmerHMM}

# EVM prediction: Mode:STANDARD S-ratio: 3.01 75464-76165 orient(+) score(2106.00) noncoding_equivalent(700.00) raw_noncoding(700.00) offset(0.00) 
75464	76165	single+	1	3	{GlimmerHMM_glimmerT_1626-T1;GlimmerHMM},{Augustus_model.g1509.t1;Augustus}

# EVM prediction: Mode:STANDARD S-ratio: 5.00 76384-77772 orient(-) score(6945.00) noncoding_equivalent(1389.00) raw_noncoding(1389.00) offset(0.00) 
77772	76384	single-	4	6	{HiQ_model.g1510.t1;HiQ},{GlimmerHMM_glimmerT_1627-T1;GlimmerHMM}

# EVM prediction: Mode:STANDARD S-ratio: 21.80 78137-79162 orient(+) score(3924.00) noncoding_equivalent(180.00) raw_noncoding(180.00) offset(0.00) 
78137	79162	single+	1	3	{Augustus_model.g1511.t1;Augustus},{GlimmerHMM_glimmerT_1628-T1;GlimmerHMM}

# EVM prediction: Mode:STANDARD S-ratio: 4.04 79488-81308 orient(-) score(8760.00) noncoding_equivalent(2166.00) raw_noncoding(2166.00) offset(0.00) 
81308	79488	single-	4	6	{GlimmerHMM_glimmerT_1629-T1;GlimmerHMM},{HiQ_model.g1512.t1;HiQ}

# EVM prediction: Mode:STANDARD S-ratio: 4.85 81651-85163 orient(-) score(17475.00) noncoding_equivalent(3603.00) raw_noncoding(3603.00) offset(0.00) 
85163	81651	single-	4	6	{HiQ_model.g1513.t1;HiQ},{GlimmerHMM_glimmerT_1630-T1;GlimmerHMM}

# EVM prediction: Mode:STANDARD S-ratio: 10000.00 85948-87714 orient(+) score(7068.00) noncoding_equivalent(0.71) raw_noncoding(0.00) offset(0.00) 
85948	87714	single+	1	3	{GlimmerHMM_glimmerT_1631-T1;GlimmerHMM},{Augustus_model.g1514.t1;Augustus}

# EVM prediction: Mode:STANDARD S-ratio: 5.00 87826-90411 orient(-) score(12930.00) noncoding_equivalent(2586.00) raw_noncoding(2586.00) offset(0.00) 
90411	87826	single-	4	6	{GlimmerHMM_glimmerT_1632-T1;GlimmerHMM},{HiQ_model.g1515.t1;HiQ}

# EVM prediction: Mode:STANDARD S-ratio: 10000.00 90860-93949 orient(+) score(12360.00) noncoding_equivalent(1.24) raw_noncoding(0.00) offset(0.00) 
90860	93949	single+	1	3	{Augustus_model.g1516.t1;Augustus},{GlimmerHMM_glimmerT_1633-T1;GlimmerHMM}

# EVM prediction: Mode:STANDARD S-ratio: 2.00 94182-94751 orient(-) score(2280.00) noncoding_equivalent(1140.00) raw_noncoding(1140.00) offset(0.00) 
94751	94182	single-	4	6	{GlimmerHMM_glimmerT_1634-T1;GlimmerHMM},{HiQ_model.g1517.t1;HiQ}

# EVM prediction: Mode:STANDARD S-ratio: 10000.00 95066-96127 orient(+) score(4248.00) noncoding_equivalent(0.42) raw_noncoding(0.00) offset(0.00) 
95066	96127	single+	1	3	{Augustus_model.g1518.t1;Augustus},{GlimmerHMM_glimmerT_1635-T1;GlimmerHMM}

