!! Predictions spanning range 1313 - 98610 [R1]
# EVM prediction: Mode:STANDARD S-ratio: 4.80 1313-2737 orient(-) score(7077.00) noncoding_equivalent(1473.00) raw_noncoding(1473.00) offset(0.00) 
2737	1313	single-	4	6	{HiQ_model.g3773.t1;HiQ}

# EVM prediction: Mode:STANDARD S-ratio: 5.00 3304-4278 orient(-) score(4875.00) noncoding_equivalent(975.00) raw_noncoding(975.00) offset(0.00) 
4278	3304	single-	4	6	{HiQ_model.g3774.t1;HiQ},{GlimmerHMM_glimmerT_4073-T1;GlimmerHMM}

# EVM prediction: Mode:STANDARD S-ratio: 2.03 4621-5184 orient(+) score(1513.00) noncoding_equivalent(744.47) raw_noncoding(744.47) offset(0.00) 
4621	5184	single+	1	3	{GlimmerHMM_glimmerT_4074-T1;GlimmerHMM}

# EVM prediction: Mode:STANDARD S-ratio: 2.86 5209-6372 orient(+) score(3449.00) noncoding_equivalent(1205.34) raw_noncoding(1205.34) offset(0.00) 
5209	6372	single+	1	3	{GlimmerHMM_glimmerT_4075-T1;GlimmerHMM}

# EVM prediction: Mode:STANDARD S-ratio: 4.76 7805-8506 orient(-) score(3474.00) noncoding_equivalent(730.00) raw_noncoding(730.00) offset(0.00) 
8506	7805	single-	4	6	{HiQ_model.g3776.t1;HiQ},{GlimmerHMM_glimmerT_4076-T1;GlimmerHMM}

# EVM prediction: Mode:STANDARD S-ratio: 55.20 10228-11955 orient(+) score(6789.00) noncoding_equivalent(123.00) raw_noncoding(123.00) offset(0.00) 
10228	11955	single+	1	3	{GlimmerHMM_glimmerT_4077-T1;GlimmerHMM}

# EVM prediction: Mode:STANDARD S-ratio: 4.95 12415-13653 orient(-) score(6182.00) noncoding_equivalent(1250.05) raw_noncoding(1250.05) offset(0.00) 
13653	12415	single-	4	6	{GlimmerHMM_glimmerT_4078-T1;GlimmerHMM},{HiQ_model.g3778.t1;HiQ}

# EVM prediction: Mode:STANDARD S-ratio: 4.31 14068-14964 orient(-) score(4368.00) noncoding_equivalent(1014.00) raw_noncoding(1014.00) offset(0.00) 
14964	14068	single-	4	6	{HiQ_model.g3779.t1;HiQ},{GlimmerHMM_glimmerT_4079-T1;GlimmerHMM}

# EVM prediction: Mode:STANDARD S-ratio: 10000.00 16767-18362 orient(+) score(4788.00) noncoding_equivalent(0.48) raw_noncoding(0.00) offset(0.00) 
16767	18362	single+	1	3	{Augustus_model.g3780.t1;Augustus},{GlimmerHMM_glimmerT_4080-T1;GlimmerHMM}

# EVM prediction: Mode:STANDARD S-ratio: 3.36 19660-22191 orient(-) score(11526.00) noncoding_equivalent(3435.00) raw_noncoding(3435.00) offset(0.00) 
22191	19660	single-	4	6	{GlimmerHMM_glimmerT_4081-T1;GlimmerHMM},{HiQ_model.g3781.t1;HiQ}

# EVM prediction: Mode:STANDARD S-ratio: 12.39 22505-23481 orient(-) score(4028.00) noncoding_equivalent(325.08) raw_noncoding(699.42) offset(374.34) 
23287	22505	terminal-	4	6	{snap_scaffold_13-snap.9-T1;snap}
23475	23288	INTRON			{snap_scaffold_13-snap.9-T1;snap}
23481	23476	initial-	4	6	{snap_scaffold_13-snap.9-T1;snap}

# EVM prediction: Mode:STANDARD S-ratio: 2134.09 24344-26482 orient(-) score(8552.00) noncoding_equivalent(4.01) raw_noncoding(4.01) offset(0.00) 
26482	24344	single-	4	6	{GlimmerHMM_glimmerT_4083-T1;GlimmerHMM}

# EVM prediction: Mode:STANDARD S-ratio: 4.63 26815-27285 orient(-) score(2281.00) noncoding_equivalent(492.29) raw_noncoding(492.29) offset(0.00) 
27285	26815	single-	4	6	{GlimmerHMM_glimmerT_4084-T1;GlimmerHMM},{HiQ_model.g3783.t1;HiQ}

# EVM prediction: Mode:STANDARD S-ratio: 1.00 27677-28216 orient(+) score(1080.00) noncoding_equivalent(1080.00) raw_noncoding(1080.00) offset(0.00) 
27677	28216	single+	1	3	{GlimmerHMM_glimmerT_4085-T1;GlimmerHMM}

# EVM prediction: Mode:STANDARD S-ratio: 215.78 28289-33274 orient(-) score(14889.00) noncoding_equivalent(69.00) raw_noncoding(69.00) offset(0.00) 
33274	28289	single-	4	6	{Augustus_model.g3784.t1;Augustus},{GlimmerHMM_glimmerT_4086-T1;GlimmerHMM}

# EVM prediction: Mode:STANDARD S-ratio: 4.38 33734-34483 orient(-) score(3662.00) noncoding_equivalent(836.51) raw_noncoding(836.51) offset(0.00) 
34483	33734	single-	4	6	{HiQ_model.g3785.t1;HiQ},{GlimmerHMM_glimmerT_4087-T1;GlimmerHMM}

# EVM prediction: Mode:STANDARD S-ratio: 6.00 34875-35645 orient(-) score(4626.00) noncoding_equivalent(771.00) raw_noncoding(771.00) offset(0.00) 
35645	34875	single-	4	6	{HiQ_model.g3786.t1;HiQ},{GlimmerHMM_glimmerT_4088-T1;GlimmerHMM}

# EVM prediction: Mode:STANDARD S-ratio: 533.40 36955-38958 orient(+) score(8001.00) noncoding_equivalent(15.00) raw_noncoding(15.00) offset(0.00) 
36955	38958	single+	1	3	{Augustus_model.g3787.t1;Augustus},{GlimmerHMM_glimmerT_4089-T1;GlimmerHMM}

# EVM prediction: Mode:STANDARD S-ratio: 5.00 39096-39599 orient(-) score(2520.00) noncoding_equivalent(504.00) raw_noncoding(504.00) offset(0.00) 
39599	39096	single-	4	6	{HiQ_model.g3788.t1;HiQ}

# EVM prediction: Mode:STANDARD S-ratio: 4.67 40136-40936 orient(-) score(3957.00) noncoding_equivalent(847.29) raw_noncoding(847.29) offset(0.00) 
40936	40136	single-	4	6	{HiQ_model.g3789.t1;HiQ},{GlimmerHMM_glimmerT_4091-T1;GlimmerHMM}

# EVM prediction: Mode:STANDARD S-ratio: 5351.91 41216-50650 orient(-) score(37731.00) noncoding_equivalent(7.05) raw_noncoding(7.05) offset(0.00) 
50650	41216	single-	4	6	{Augustus_model.g3790.t1;Augustus},{GlimmerHMM_glimmerT_4092-T1;GlimmerHMM}

# EVM prediction: Mode:STANDARD S-ratio: 4.97 51069-51986 orient(-) score(4584.00) noncoding_equivalent(922.02) raw_noncoding(922.02) offset(0.00) 
51986	51069	single-	4	6	{GlimmerHMM_glimmerT_4093-T1;GlimmerHMM},{HiQ_model.g3791.t1;HiQ}

# EVM prediction: Mode:STANDARD S-ratio: 2.00 52555-53298 orient(-) score(2976.00) noncoding_equivalent(1489.53) raw_noncoding(1489.53) offset(0.00) 
53298	52555	single-	4	6	{GlimmerHMM_glimmerT_4094-T1;GlimmerHMM},{HiQ_model.g3792.t1;HiQ}

# EVM prediction: Mode:STANDARD S-ratio: 2.00 53527-55038 orient(-) score(6048.00) noncoding_equivalent(3024.00) raw_noncoding(3024.00) offset(0.00) 
55038	53527	single-	4	6	{HiQ_model.g3793.t1;HiQ},{GlimmerHMM_glimmerT_4095-T1;GlimmerHMM}

# EVM prediction: Mode:STANDARD S-ratio: 56.91 55362-57260 orient(+) score(7463.00) noncoding_equivalent(131.14) raw_noncoding(131.14) offset(0.00) 
55362	57260	single+	1	3	{GlimmerHMM_glimmerT_4096-T1;GlimmerHMM}

# EVM prediction: Mode:STANDARD S-ratio: 4.96 57415-59928 orient(-) score(12555.00) noncoding_equivalent(2529.00) raw_noncoding(2529.00) offset(0.00) 
59928	57415	single-	4	6	{HiQ_model.g3795.t1;HiQ},{GlimmerHMM_glimmerT_4097-T1;GlimmerHMM}

# EVM prediction: Mode:STANDARD S-ratio: 83.00 60191-60883 orient(+) score(2739.00) noncoding_equivalent(33.00) raw_noncoding(33.00) offset(0.00) 
60191	60883	single+	1	3	{Augustus_model.g3796.t1;Augustus},{GlimmerHMM_glimmerT_4098-T1;GlimmerHMM}

# EVM prediction: Mode:STANDARD S-ratio: 4.61 61052-63529 orient(-) score(12215.00) noncoding_equivalent(2652.16) raw_noncoding(2652.16) offset(0.00) 
63529	61052	single-	4	6	{GlimmerHMM_glimmerT_4099-T1;GlimmerHMM},{HiQ_model.g3797.t1;HiQ}

# EVM prediction: Mode:STANDARD S-ratio: 4.85 63936-66989 orient(-) score(15192.00) noncoding_equivalent(3130.99) raw_noncoding(3130.99) offset(0.00) 
66989	63936	single-	4	6	{GlimmerHMM_glimmerT_4100-T1;GlimmerHMM},{HiQ_model.g3798.t1;HiQ}

# EVM prediction: Mode:STANDARD S-ratio: 27.57 68246-70495 orient(+) score(8685.00) noncoding_equivalent(315.00) raw_noncoding(315.00) offset(0.00) 
68246	70495	single+	1	3	{Augustus_model.g3799.t1;Augustus},{GlimmerHMM_glimmerT_4101-T1;GlimmerHMM}

# EVM prediction: Mode:STANDARD S-ratio: 115.89 71588-73348 orient(+) score(6982.00) noncoding_equivalent(60.25) raw_noncoding(60.25) offset(0.00) 
71588	73348	single+	1	3	{GlimmerHMM_glimmerT_4102-T1;GlimmerHMM},{Augustus_model.g3800.t1;Augustus}

# EVM prediction: Mode:STANDARD S-ratio: 49.51 74280-74939 orient(+) score(2586.00) noncoding_equivalent(52.23) raw_noncoding(52.23) offset(0.00) 
74280	74939	single+	1	3	{Augustus_model.g3801.t1;Augustus},{GlimmerHMM_glimmerT_4103-T1;GlimmerHMM}

# EVM prediction: Mode:STANDARD S-ratio: 52.47 75407-78133 orient(+) score(10704.00) noncoding_equivalent(204.00) raw_noncoding(204.00) offset(0.00) 
75407	78133	single+	1	3	{GlimmerHMM_glimmerT_4104-T1;GlimmerHMM},{Augustus_model.g3802.t1;Augustus}

# EVM prediction: Mode:STANDARD S-ratio: 10000.00 81532-81906 orient(+) score(8400.00) noncoding_equivalent(0.84) raw_noncoding(0.00) offset(0.00) 
81532	81906	single+	1	3	{GlimmerHMM_glimmerT_4105-T1;GlimmerHMM}

# EVM prediction: Mode:STANDARD S-ratio: 6.60 82350-84269 orient(-) score(13339.00) noncoding_equivalent(2019.79) raw_noncoding(2019.79) offset(0.00) 
84269	82350	single-	4	6	{HiQ_model.g3804.t1;HiQ},{GlimmerHMM_glimmerT_4106-T1;GlimmerHMM}

# EVM prediction: Mode:STANDARD S-ratio: 4.40 84780-85619 orient(-) score(4107.00) noncoding_equivalent(933.00) raw_noncoding(933.00) offset(0.00) 
85619	84780	single-	4	6	{GlimmerHMM_glimmerT_4107-T1;GlimmerHMM},{HiQ_model.g3805.t1;HiQ}

# EVM prediction: Mode:STANDARD S-ratio: 5.00 85828-86985 orient(-) score(5790.00) noncoding_equivalent(1158.00) raw_noncoding(1158.00) offset(0.00) 
86985	85828	single-	4	6	{GlimmerHMM_glimmerT_4108-T1;GlimmerHMM},{HiQ_model.g3806.t1;HiQ}

# EVM prediction: Mode:STANDARD S-ratio: 2.51 87729-90156 orient(+) score(4828.00) noncoding_equivalent(1927.00) raw_noncoding(1955.00) offset(28.00) 
87729	90108	initial+	1	1	{GlimmerHMM_glimmerT_4109-T1;GlimmerHMM}
90109	90136	INTRON			{GlimmerHMM_glimmerT_4109-T1;GlimmerHMM}
90137	90156	terminal+	2	3	{GlimmerHMM_glimmerT_4109-T1;GlimmerHMM}

# EVM prediction: Mode:STANDARD S-ratio: 162.37 90829-92385 orient(+) score(4639.00) noncoding_equivalent(28.57) raw_noncoding(28.57) offset(0.00) 
90829	92385	single+	1	3	{GlimmerHMM_glimmerT_4110-T1;GlimmerHMM}

# EVM prediction: Mode:STANDARD S-ratio: 89.70 92727-94940 orient(-) score(6741.00) noncoding_equivalent(75.15) raw_noncoding(75.15) offset(0.00) 
94940	92727	single-	4	6	{GlimmerHMM_glimmerT_4111-T1;GlimmerHMM}

# EVM prediction: Mode:STANDARD S-ratio: 4.89 95716-96012 orient(-) score(1478.00) noncoding_equivalent(302.03) raw_noncoding(302.03) offset(0.00) 
96012	95716	single-	4	6	{GlimmerHMM_glimmerT_4112-T1;GlimmerHMM},{HiQ_model.g3809.t1;HiQ}

# EVM prediction: Mode:STANDARD S-ratio: 5.00 96937-98610 orient(-) score(8370.00) noncoding_equivalent(1674.00) raw_noncoding(1674.00) offset(0.00) 
98610	96937	single-	4	6	{GlimmerHMM_glimmerT_4113-T1;GlimmerHMM},{HiQ_model.g3810.t1;HiQ}

