!! Predictions spanning range 8473 - 88306 [R1]
# EVM prediction: Mode:STANDARD S-ratio: 10000.00 8473-8888 orient(-) score(832.00) noncoding_equivalent(0.08) raw_noncoding(0.00) offset(0.00) 
8815	8473	terminal-	6	6	{Augustus_gene1083.t1;Augustus}
8877	8816	INTRON			{Augustus_gene1083.t1;Augustus}
8888	8878	initial-	4	5	{Augustus_gene1083.t1;Augustus}

# EVM prediction: Mode:STANDARD S-ratio: 10000.00 19182-22745 orient(+) score(7128.00) noncoding_equivalent(0.71) raw_noncoding(0.00) offset(0.00) 
19182	22745	single+	1	3	{Augustus_gene404.t1;Augustus}

# EVM prediction: Mode:STANDARD S-ratio: 10000.00 26945-28288 orient(-) score(2688.00) noncoding_equivalent(0.27) raw_noncoding(0.00) offset(0.00) 
28288	26945	single-	4	6	{Augustus_gene55.t1;Augustus}

# EVM prediction: Mode:STANDARD S-ratio: 10000.00 28533-34655 orient(+) score(12246.00) noncoding_equivalent(1.22) raw_noncoding(0.00) offset(0.00) 
28533	32407	initial+	1	2	{Augustus_gene777.t1;Augustus}
32408	33534	INTRON			{Augustus_gene777.t1;Augustus}
33535	34004	internal+	3	1	{Augustus_gene777.t1;Augustus}
34005	34055	INTRON			{Augustus_gene777.t1;Augustus}
34056	34462	internal+	2	3	{Augustus_gene777.t1;Augustus}
34463	34622	INTRON			{Augustus_gene777.t1;Augustus}
34623	34655	terminal+	1	3	{Augustus_gene777.t1;Augustus}

# EVM prediction: Mode:STANDARD S-ratio: 10000.00 65436-66675 orient(+) score(2480.00) noncoding_equivalent(0.25) raw_noncoding(0.00) offset(0.00) 
65436	66468	initial+	1	1	{Augustus_gene141.t1;Augustus}
66469	66670	INTRON			{Augustus_gene141.t1;Augustus}
66671	66675	terminal+	2	3	{Augustus_gene141.t1;Augustus}

# EVM prediction: Mode:STANDARD S-ratio: 10000.00 85316-88306 orient(+) score(5982.00) noncoding_equivalent(0.60) raw_noncoding(0.00) offset(0.00) 
85316	88306	single+	1	3	{Augustus_gene596.t1;Augustus}

