!! Predictions spanning range 2244 - 97379 [R1]
# EVM prediction: Mode:STANDARD S-ratio: 5.00 2244-3287 orient(-) score(5220.00) noncoding_equivalent(1044.00) raw_noncoding(1044.00) offset(0.00) 
3287	2244	single-	4	6	{HiQ_model.g2883.t1;HiQ},{GlimmerHMM_glimmerT_3113-T1;GlimmerHMM}

# EVM prediction: Mode:STANDARD S-ratio: 1.16 3576-4688 orient(-) score(2226.00) noncoding_equivalent(1917.00) raw_noncoding(1917.00) offset(0.00) 
4688	3576	single-	4	6	{GlimmerHMM_glimmerT_3114-T1;GlimmerHMM}

# EVM prediction: Mode:STANDARD S-ratio: 4.84 5187-5609 orient(-) score(2102.00) noncoding_equivalent(434.05) raw_noncoding(434.05) offset(0.00) 
5609	5187	single-	4	6	{HiQ_model.g2884.t1;HiQ},{GlimmerHMM_glimmerT_3115-T1;GlimmerHMM}

# EVM prediction: Mode:STANDARD S-ratio: 4.94 6008-8140 orient(-) score(10645.00) noncoding_equivalent(2153.09) raw_noncoding(2153.09) offset(0.00) 
8140	6008	single-	4	6	{GlimmerHMM_glimmerT_3116-T1;GlimmerHMM},{HiQ_model.g2885.t1;HiQ}

# EVM prediction: Mode:STANDARD S-ratio: 10000.00 9004-9990 orient(+) score(3948.00) noncoding_equivalent(0.39) raw_noncoding(0.00) offset(0.00) 
9004	9990	single+	1	3	{GlimmerHMM_glimmerT_3117-T1;GlimmerHMM},{Augustus_model.g2886.t1;Augustus}

# EVM prediction: Mode:STANDARD S-ratio: 4.88 10132-11736 orient(-) score(7992.00) noncoding_equivalent(1638.00) raw_noncoding(1638.00) offset(0.00) 
11736	10132	single-	4	6	{HiQ_model.g2887.t1;HiQ},{GlimmerHMM_glimmerT_3118-T1;GlimmerHMM}

# EVM prediction: Mode:STANDARD S-ratio: 1193.22 12948-14192 orient(-) score(4976.00) noncoding_equivalent(4.17) raw_noncoding(4.17) offset(0.00) 
14192	12948	single-	4	6	{GlimmerHMM_glimmerT_3119-T1;GlimmerHMM},{Augustus_model.g2888.t1;Augustus}

# EVM prediction: Mode:STANDARD S-ratio: 172.30 14505-17474 orient(+) score(11812.00) noncoding_equivalent(68.56) raw_noncoding(68.56) offset(0.00) 
14505	17474	single+	1	3	{Augustus_model.g2889.t1;Augustus},{GlimmerHMM_glimmerT_3120-T1;GlimmerHMM}

# EVM prediction: Mode:STANDARD S-ratio: 10000.00 17674-18498 orient(+) score(3300.00) noncoding_equivalent(0.33) raw_noncoding(0.00) offset(0.00) 
17674	18498	single+	1	3	{GlimmerHMM_glimmerT_3121-T1;GlimmerHMM},{Augustus_model.g2890.t1;Augustus}

# EVM prediction: Mode:STANDARD S-ratio: 25.64 18736-19521 orient(+) score(3026.00) noncoding_equivalent(118.00) raw_noncoding(118.00) offset(0.00) 
18736	19521	single+	1	3	{GlimmerHMM_glimmerT_3122-T1;GlimmerHMM},{Augustus_model.g2891.t1;Augustus}

# EVM prediction: Mode:STANDARD S-ratio: 4.75 19589-20770 orient(-) score(5859.00) noncoding_equivalent(1233.21) raw_noncoding(1233.21) offset(0.00) 
20770	19589	single-	4	6	{HiQ_model.g2892.t1;HiQ}

# EVM prediction: Mode:STANDARD S-ratio: 4.92 21030-22907 orient(-) score(9366.00) noncoding_equivalent(1902.00) raw_noncoding(1902.00) offset(0.00) 
22907	21030	single-	4	6	{GlimmerHMM_glimmerT_3124-T1;GlimmerHMM},{HiQ_model.g2893.t1;HiQ}

# EVM prediction: Mode:STANDARD S-ratio: 8.79 23130-24924 orient(+) score(6108.00) noncoding_equivalent(694.53) raw_noncoding(1281.00) offset(586.47) 
23130	23154	initial+	1	1	{snap_scaffold_9-snap.85-T1;snap}
23155	23250	INTRON			{snap_scaffold_9-snap.85-T1;snap},{ev_type:exonerate/ID=match.147026.987/Target=YDR424C;exonerate}
23251	23273	internal+	2	3	{snap_scaffold_9-snap.85-T1;snap},{ev_type:exonerate/ID=match.147026.987/Target=YDR424C;exonerate}
23274	23353	INTRON			{snap_scaffold_9-snap.85-T1;snap},{Augustus_model.g2894.t1;Augustus},{ev_type:exonerate/ID=match.147026.987/Target=YDR424C;exonerate}
23354	23533	internal+	1	3	{snap_scaffold_9-snap.85-T1;snap}
23534	23712	INTRON			{snap_scaffold_9-snap.85-T1;snap}
23713	24924	terminal+	1	3	{snap_scaffold_9-snap.85-T1;snap},{Augustus_model.g2894.t1;Augustus}

# EVM prediction: Mode:STANDARD S-ratio: 66.23 25053-27644 orient(+) score(10072.00) noncoding_equivalent(152.08) raw_noncoding(152.08) offset(0.00) 
25053	27644	single+	1	3	{Augustus_model.g2895.t1;Augustus}

# EVM prediction: Mode:STANDARD S-ratio: 4.98 28079-30931 orient(-) score(14257.00) noncoding_equivalent(2861.21) raw_noncoding(2861.21) offset(0.00) 
30931	28079	single-	4	6	{GlimmerHMM_glimmerT_3127-T1;GlimmerHMM},{HiQ_model.g2896.t1;HiQ}

# EVM prediction: Mode:STANDARD S-ratio: 15.08 31296-37023 orient(-) score(11545.00) noncoding_equivalent(765.74) raw_noncoding(1467.25) offset(701.51) 
34044	31296	terminal-	6	6	{Augustus_model.g2897.t1;Augustus}
35974	34045	INTRON			{Augustus_model.g2897.t1;Augustus}
37023	35975	initial-	4	5	{Augustus_model.g2897.t1;Augustus}

# EVM prediction: Mode:STANDARD S-ratio: 4.57 38419-40317 orient(-) score(9348.00) noncoding_equivalent(2046.00) raw_noncoding(2046.00) offset(0.00) 
40317	38419	single-	4	6	{GlimmerHMM_glimmerT_3129-T1;GlimmerHMM},{HiQ_model.g2898.t1;HiQ}

# EVM prediction: Mode:STANDARD S-ratio: 5.80 41377-41874 orient(-) score(2973.00) noncoding_equivalent(513.00) raw_noncoding(513.00) offset(0.00) 
41874	41377	single-	4	6	{HiQ_model.g2899.t1;HiQ},{GlimmerHMM_glimmerT_3130-T1;GlimmerHMM}

# EVM prediction: Mode:STANDARD S-ratio: 4.93 42479-45058 orient(-) score(12870.00) noncoding_equivalent(2610.00) raw_noncoding(2610.00) offset(0.00) 
45058	42479	single-	4	6	{HiQ_model.g2900.t1;HiQ}

# EVM prediction: Mode:STANDARD S-ratio: 374.00 45329-46453 orient(+) score(4488.00) noncoding_equivalent(12.00) raw_noncoding(12.00) offset(0.00) 
45329	46453	single+	1	3	{Augustus_model.g2901.t1;Augustus},{GlimmerHMM_glimmerT_3132-T1;GlimmerHMM}

# EVM prediction: Mode:STANDARD S-ratio: 1.06 46785-47873 orient(+) score(2178.00) noncoding_equivalent(2055.41) raw_noncoding(2055.41) offset(0.00) 
46785	47873	single+	1	3	{GlimmerHMM_glimmerT_3133-T1;GlimmerHMM}

# EVM prediction: Mode:STANDARD S-ratio: 4.91 48071-48778 orient(-) score(3529.00) noncoding_equivalent(719.03) raw_noncoding(719.03) offset(0.00) 
48778	48071	single-	4	6	{HiQ_model.g2902.t1;HiQ},{GlimmerHMM_glimmerT_3134-T1;GlimmerHMM}

# EVM prediction: Mode:STANDARD S-ratio: 9.60 49077-50102 orient(+) score(3717.00) noncoding_equivalent(387.38) raw_noncoding(387.38) offset(0.00) 
49077	50102	single+	1	3	{GlimmerHMM_glimmerT_3135-T1;GlimmerHMM}

# EVM prediction: Mode:STANDARD S-ratio: 3.00 50363-51082 orient(+) score(2160.00) noncoding_equivalent(720.00) raw_noncoding(720.00) offset(0.00) 
50363	51082	single+	1	3	{GlimmerHMM_glimmerT_3136-T1;GlimmerHMM}

# EVM prediction: Mode:STANDARD S-ratio: 16.75 51334-54048 orient(-) score(10248.00) noncoding_equivalent(612.00) raw_noncoding(612.00) offset(0.00) 
54048	51334	single-	4	6	{GlimmerHMM_glimmerT_3137-T1;GlimmerHMM}

# EVM prediction: Mode:STANDARD S-ratio: 10000.00 54596-55240 orient(+) score(2571.00) noncoding_equivalent(0.26) raw_noncoding(0.00) offset(0.00) 
54596	55240	single+	1	3	{GlimmerHMM_glimmerT_3138-T1;GlimmerHMM},{Augustus_model.g2905.t1;Augustus}

# EVM prediction: Mode:STANDARD S-ratio: 1668.44 55517-59386 orient(+) score(15471.00) noncoding_equivalent(9.27) raw_noncoding(9.27) offset(0.00) 
55517	59386	single+	1	3	{Augustus_model.g2906.t1;Augustus},{GlimmerHMM_glimmerT_3139-T1;GlimmerHMM}

# EVM prediction: Mode:STANDARD S-ratio: 4.96 59655-64253 orient(-) score(22966.00) noncoding_equivalent(4628.21) raw_noncoding(4628.21) offset(0.00) 
64253	59655	single-	4	6	{GlimmerHMM_glimmerT_3140-T1;GlimmerHMM},{HiQ_model.g2907.t1;HiQ}

# EVM prediction: Mode:STANDARD S-ratio: 4.65 65021-65812 orient(-) score(3911.00) noncoding_equivalent(841.00) raw_noncoding(841.00) offset(0.00) 
65812	65021	single-	4	6	{GlimmerHMM_glimmerT_3141-T1;GlimmerHMM},{HiQ_model.g2908.t1;HiQ}

# EVM prediction: Mode:STANDARD S-ratio: 3.37 66288-66803 orient(+) score(1990.00) noncoding_equivalent(590.82) raw_noncoding(590.82) offset(0.00) 
66288	66803	single+	1	3	{Augustus_model.g2909.t1;Augustus}

# EVM prediction: Mode:STANDARD S-ratio: 2.42 67245-68855 orient(-) score(7975.00) noncoding_equivalent(3302.11) raw_noncoding(3302.11) offset(0.00) 
68855	67245	single-	4	6	{HiQ_model.g2910.t1;HiQ},{GlimmerHMM_glimmerT_3143-T1;GlimmerHMM}

# EVM prediction: Mode:STANDARD S-ratio: 4.90 69755-71224 orient(+) score(7326.00) noncoding_equivalent(1494.00) raw_noncoding(1494.00) offset(0.00) 
69755	71224	single+	1	3	{GlimmerHMM_glimmerT_3144-T1;GlimmerHMM},{HiQ_model.g2911.t1;HiQ}

# EVM prediction: Mode:STANDARD S-ratio: 4.49 71372-72394 orient(-) score(5019.00) noncoding_equivalent(1119.00) raw_noncoding(1119.00) offset(0.00) 
72394	71372	single-	4	6	{HiQ_model.g2912.t1;HiQ},{GlimmerHMM_glimmerT_3145-T1;GlimmerHMM}

# EVM prediction: Mode:STANDARD S-ratio: 4.53 72724-73389 orient(-) score(3272.00) noncoding_equivalent(722.15) raw_noncoding(722.15) offset(0.00) 
73389	72724	single-	4	6	{GlimmerHMM_glimmerT_3146-T1;GlimmerHMM},{HiQ_model.g2913.t1;HiQ}

# EVM prediction: Mode:STANDARD S-ratio: 4.94 74060-75991 orient(-) score(9640.00) noncoding_equivalent(1952.05) raw_noncoding(1952.05) offset(0.00) 
75991	74060	single-	4	6	{HiQ_model.g2914.t1;HiQ},{GlimmerHMM_glimmerT_3147-T1;GlimmerHMM}

# EVM prediction: Mode:STANDARD S-ratio: 49.92 76683-77096 orient(+) score(1198.00) noncoding_equivalent(24.00) raw_noncoding(24.00) offset(0.00) 
76683	77096	single+	1	3	{Augustus_model.g2915.t1;Augustus}

# EVM prediction: Mode:STANDARD S-ratio: 4.82 77305-80139 orient(-) score(14089.00) noncoding_equivalent(2921.61) raw_noncoding(2921.61) offset(0.00) 
80139	77305	single-	4	6	{GlimmerHMM_glimmerT_3149-T1;GlimmerHMM},{HiQ_model.g2916.t1;HiQ}

# EVM prediction: Mode:STANDARD S-ratio: 106.25 80496-81782 orient(-) score(3825.00) noncoding_equivalent(36.00) raw_noncoding(36.00) offset(0.00) 
81782	80496	single-	4	6	{Augustus_model.g2917.t1;Augustus},{GlimmerHMM_glimmerT_3150-T1;GlimmerHMM}

# EVM prediction: Mode:STANDARD S-ratio: 4.32 82192-83562 orient(-) score(6678.00) noncoding_equivalent(1547.08) raw_noncoding(1547.08) offset(0.00) 
83562	82192	single-	4	6	{HiQ_model.g2918.t1;HiQ}

# EVM prediction: Mode:STANDARD S-ratio: 4.83 83754-84767 orient(-) score(5041.00) noncoding_equivalent(1044.00) raw_noncoding(1044.00) offset(0.00) 
84767	83754	single-	4	6	{HiQ_model.g2919.t1;HiQ}

# EVM prediction: Mode:STANDARD S-ratio: 119.98 85407-86105 orient(+) score(2773.00) noncoding_equivalent(23.11) raw_noncoding(23.11) offset(0.00) 
85407	86105	single+	1	3	{Augustus_model.g2920.t1;Augustus},{GlimmerHMM_glimmerT_3153-T1;GlimmerHMM}

# EVM prediction: Mode:STANDARD S-ratio: 10000.00 86615-88525 orient(+) score(7644.00) noncoding_equivalent(0.76) raw_noncoding(0.00) offset(0.00) 
86615	88525	single+	1	3	{Augustus_model.g2921.t1;Augustus},{GlimmerHMM_glimmerT_3154-T1;GlimmerHMM}

# EVM prediction: Mode:STANDARD S-ratio: 4.95 88961-90925 orient(-) score(9810.00) noncoding_equivalent(1980.00) raw_noncoding(1980.00) offset(0.00) 
90925	88961	single-	4	6	{HiQ_model.g2922.t1;HiQ},{GlimmerHMM_glimmerT_3155-T1;GlimmerHMM}

# EVM prediction: Mode:STANDARD S-ratio: 4.73 91829-93277 orient(-) score(7170.00) noncoding_equivalent(1515.00) raw_noncoding(1515.00) offset(0.00) 
93277	91829	single-	4	6	{HiQ_model.g2923.t1;HiQ},{GlimmerHMM_glimmerT_3156-T1;GlimmerHMM}

# EVM prediction: Mode:STANDARD S-ratio: 5.29 93642-95309 orient(+) score(4209.00) noncoding_equivalent(795.00) raw_noncoding(795.00) offset(0.00) 
93642	95309	single+	1	3	{GlimmerHMM_glimmerT_3157-T1;GlimmerHMM},{Augustus_model.g2924.t1;Augustus}

# EVM prediction: Mode:STANDARD S-ratio: 4.96 95481-97379 orient(-) score(9484.00) noncoding_equivalent(1910.23) raw_noncoding(1910.23) offset(0.00) 
97379	95481	single-	4	6	{HiQ_model.g2925.t1;HiQ},{GlimmerHMM_glimmerT_3158-T1;GlimmerHMM}

