!! Predictions spanning range 824 - 99596 [R1]
# EVM prediction: Mode:STANDARD S-ratio: 2.00 824-1585 orient(-) score(3048.00) noncoding_equivalent(1522.00) raw_noncoding(1522.00) offset(0.00) 
1585	824	single-	4	6	{HiQ_model.g2496.t1;HiQ},{GlimmerHMM_glimmerT_2682-T1;GlimmerHMM}

# EVM prediction: Mode:STANDARD S-ratio: 10000.00 1853-3670 orient(+) score(7272.00) noncoding_equivalent(0.73) raw_noncoding(0.00) offset(0.00) 
1853	3670	single+	1	3	{GlimmerHMM_glimmerT_2683-T1;GlimmerHMM},{Augustus_model.g2497.t1;Augustus}

# EVM prediction: Mode:STANDARD S-ratio: 10000.00 3800-5689 orient(-) score(5670.00) noncoding_equivalent(0.57) raw_noncoding(0.00) offset(0.00) 
5689	3800	single-	4	6	{GlimmerHMM_glimmerT_2684-T1;GlimmerHMM},{Augustus_model.g2498.t1;Augustus}

# EVM prediction: Mode:STANDARD S-ratio: 2.36 5957-6232 orient(+) score(776.00) noncoding_equivalent(328.31) raw_noncoding(328.31) offset(0.00) 
5957	6232	single+	1	3	{GlimmerHMM_glimmerT_2685-T1;GlimmerHMM}

# EVM prediction: Mode:STANDARD S-ratio: 2.58 6466-6927 orient(+) score(1331.00) noncoding_equivalent(515.32) raw_noncoding(515.32) offset(0.00) 
6466	6927	single+	1	3	{GlimmerHMM_glimmerT_2686-T1;GlimmerHMM}

# EVM prediction: Mode:STANDARD S-ratio: 72.06 7231-8259 orient(+) score(4058.00) noncoding_equivalent(56.32) raw_noncoding(56.32) offset(0.00) 
7231	8259	single+	1	3	{Augustus_model.g2500.t1;Augustus},{GlimmerHMM_glimmerT_2687-T1;GlimmerHMM}

# EVM prediction: Mode:STANDARD S-ratio: 4.98 8417-8713 orient(-) score(1479.00) noncoding_equivalent(297.00) raw_noncoding(297.00) offset(0.00) 
8713	8417	single-	4	6	{GlimmerHMM_glimmerT_2688-T1;GlimmerHMM},{HiQ_model.g2501.t1;HiQ}

# EVM prediction: Mode:STANDARD S-ratio: 3.91 9982-10947 orient(-) score(4615.00) noncoding_equivalent(1179.99) raw_noncoding(1179.99) offset(0.00) 
10947	9982	single-	4	6	{HiQ_model.g2502.t1;HiQ},{GlimmerHMM_glimmerT_2689-T1;GlimmerHMM}

# EVM prediction: Mode:STANDARD S-ratio: 5.00 11267-13630 orient(-) score(11820.00) noncoding_equivalent(2364.00) raw_noncoding(2364.00) offset(0.00) 
13630	11267	single-	4	6	{HiQ_model.g2503.t1;HiQ},{GlimmerHMM_glimmerT_2690-T1;GlimmerHMM}

# EVM prediction: Mode:STANDARD S-ratio: 1.00 13801-14022 orient(+) score(444.00) noncoding_equivalent(445.19) raw_noncoding(445.19) offset(0.00) 
13801	14022	single+	1	3	{GlimmerHMM_glimmerT_2691-T1;GlimmerHMM}

# EVM prediction: Mode:STANDARD S-ratio: 2.00 14148-15254 orient(-) score(4428.00) noncoding_equivalent(2214.00) raw_noncoding(2214.00) offset(0.00) 
15254	14148	single-	4	6	{GlimmerHMM_glimmerT_2692-T1;GlimmerHMM},{HiQ_model.g2504.t1;HiQ}

# EVM prediction: Mode:STANDARD S-ratio: 1286.64 15831-20570 orient(+) score(14207.00) noncoding_equivalent(11.04) raw_noncoding(11.04) offset(0.00) 
15831	20570	single+	1	3	{GlimmerHMM_glimmerT_2693-T1;GlimmerHMM},{Augustus_model.g2505.t1;Augustus}

# EVM prediction: Mode:STANDARD S-ratio: 5.00 20810-22465 orient(-) score(8280.00) noncoding_equivalent(1656.00) raw_noncoding(1656.00) offset(0.00) 
22465	20810	single-	4	6	{GlimmerHMM_glimmerT_2694-T1;GlimmerHMM},{HiQ_model.g2506.t1;HiQ}

# EVM prediction: Mode:STANDARD S-ratio: 10000.00 22772-24061 orient(+) score(5160.00) noncoding_equivalent(0.52) raw_noncoding(0.00) offset(0.00) 
22772	24061	single+	1	3	{GlimmerHMM_glimmerT_2695-T1;GlimmerHMM},{Augustus_model.g2507.t1;Augustus}

# EVM prediction: Mode:STANDARD S-ratio: 4.30 24157-25083 orient(-) score(4512.00) noncoding_equivalent(1050.00) raw_noncoding(1050.00) offset(0.00) 
25083	24157	single-	4	6	{HiQ_model.g2508.t1;HiQ}

# EVM prediction: Mode:STANDARD S-ratio: 4.84 25384-26337 orient(-) score(4743.00) noncoding_equivalent(980.19) raw_noncoding(980.19) offset(0.00) 
26337	25384	single-	4	6	{GlimmerHMM_glimmerT_2697-T1;GlimmerHMM},{HiQ_model.g2509.t1;HiQ}

# EVM prediction: Mode:STANDARD S-ratio: 376.60 26570-27985 orient(+) score(5649.00) noncoding_equivalent(15.00) raw_noncoding(15.00) offset(0.00) 
26570	27985	single+	1	3	{Augustus_model.g2510.t1;Augustus},{GlimmerHMM_glimmerT_2698-T1;GlimmerHMM}

# EVM prediction: Mode:STANDARD S-ratio: 5.00 28290-28850 orient(-) score(2805.00) noncoding_equivalent(561.00) raw_noncoding(561.00) offset(0.00) 
28850	28290	single-	4	6	{GlimmerHMM_glimmerT_2699-T1;GlimmerHMM},{HiQ_model.g2511.t1;HiQ}

# EVM prediction: Mode:STANDARD S-ratio: 4.70 29141-30841 orient(-) score(8415.00) noncoding_equivalent(1791.00) raw_noncoding(1791.00) offset(0.00) 
30841	29141	single-	4	6	{GlimmerHMM_glimmerT_2700-T1;GlimmerHMM},{HiQ_model.g2512.t1;HiQ}

# EVM prediction: Mode:STANDARD S-ratio: 3.00 31066-31485 orient(+) score(1260.00) noncoding_equivalent(420.00) raw_noncoding(420.00) offset(0.00) 
31066	31485	single+	1	3	{Augustus_model.g2513.t1;Augustus},{GlimmerHMM_glimmerT_2701-T1;GlimmerHMM}

# EVM prediction: Mode:STANDARD S-ratio: 4.69 31668-32882 orient(-) score(6009.00) noncoding_equivalent(1281.00) raw_noncoding(1281.00) offset(0.00) 
32882	31668	single-	4	6	{HiQ_model.g2514.t1;HiQ},{GlimmerHMM_glimmerT_2702-T1;GlimmerHMM}

# EVM prediction: Mode:STANDARD S-ratio: 42.43 33165-33848 orient(+) score(2673.00) noncoding_equivalent(63.00) raw_noncoding(63.00) offset(0.00) 
33165	33848	single+	1	3	{GlimmerHMM_glimmerT_2703-T1;GlimmerHMM},{Augustus_model.g2515.t1;Augustus}

# EVM prediction: Mode:STANDARD S-ratio: 4.66 33988-35916 orient(-) score(9525.00) noncoding_equivalent(2044.00) raw_noncoding(2044.00) offset(0.00) 
35916	33988	single-	4	6	{HiQ_model.g2516.t1;HiQ},{GlimmerHMM_glimmerT_2704-T1;GlimmerHMM}

# EVM prediction: Mode:STANDARD S-ratio: 5.00 36318-36992 orient(-) score(3375.00) noncoding_equivalent(675.00) raw_noncoding(675.00) offset(0.00) 
36992	36318	single-	4	6	{HiQ_model.g2517.t1;HiQ},{GlimmerHMM_glimmerT_2705-T1;GlimmerHMM}

# EVM prediction: Mode:STANDARD S-ratio: 5.00 37683-38351 orient(-) score(3345.00) noncoding_equivalent(669.00) raw_noncoding(669.00) offset(0.00) 
38351	37683	single-	4	6	{HiQ_model.g2518.t1;HiQ},{GlimmerHMM_glimmerT_2706-T1;GlimmerHMM}

# EVM prediction: Mode:STANDARD S-ratio: 405.18 39882-46583 orient(+) score(26742.00) noncoding_equivalent(66.00) raw_noncoding(66.00) offset(0.00) 
39882	46583	single+	1	3	{GlimmerHMM_glimmerT_2707-T1;GlimmerHMM},{Augustus_model.g2519.t1;Augustus}

# EVM prediction: Mode:STANDARD S-ratio: 5.00 46720-47874 orient(-) score(5775.00) noncoding_equivalent(1155.00) raw_noncoding(1155.00) offset(0.00) 
47874	46720	single-	4	6	{HiQ_model.g2520.t1;HiQ},{GlimmerHMM_glimmerT_2708-T1;GlimmerHMM}

# EVM prediction: Mode:STANDARD S-ratio: 2.00 48163-48807 orient(-) score(2580.00) noncoding_equivalent(1290.00) raw_noncoding(1290.00) offset(0.00) 
48807	48163	single-	4	6	{GlimmerHMM_glimmerT_2709-T1;GlimmerHMM},{HiQ_model.g2521.t1;HiQ}

# EVM prediction: Mode:STANDARD S-ratio: 95.76 49587-52271 orient(+) score(10629.00) noncoding_equivalent(111.00) raw_noncoding(111.00) offset(0.00) 
49587	52271	single+	1	3	{Augustus_model.g2522.t1;Augustus},{GlimmerHMM_glimmerT_2710-T1;GlimmerHMM}

# EVM prediction: Mode:STANDARD S-ratio: 4.41 52362-53867 orient(-) score(7365.00) noncoding_equivalent(1671.00) raw_noncoding(1671.00) offset(0.00) 
53867	52362	single-	4	6	{GlimmerHMM_glimmerT_2711-T1;GlimmerHMM},{HiQ_model.g2523.t1;HiQ}

# EVM prediction: Mode:STANDARD S-ratio: 128.93 54347-56977 orient(+) score(10443.00) noncoding_equivalent(81.00) raw_noncoding(81.00) offset(0.00) 
54347	56977	single+	1	3	{GlimmerHMM_glimmerT_2712-T1;GlimmerHMM},{Augustus_model.g2524.t1;Augustus}

# EVM prediction: Mode:STANDARD S-ratio: 1.97 57102-57575 orient(-) score(1872.00) noncoding_equivalent(948.00) raw_noncoding(948.00) offset(0.00) 
57575	57102	single-	4	6	{HiQ_model.g2525.t1;HiQ},{GlimmerHMM_glimmerT_2713-T1;GlimmerHMM}

# EVM prediction: Mode:STANDARD S-ratio: 3.21 57857-58606 orient(-) score(3432.00) noncoding_equivalent(1068.00) raw_noncoding(1068.00) offset(0.00) 
58606	57857	single-	4	6	{HiQ_model.g2526.t1;HiQ},{GlimmerHMM_glimmerT_2714-T1;GlimmerHMM}

# EVM prediction: Mode:STANDARD S-ratio: 4.91 58915-60900 orient(-) score(9900.00) noncoding_equivalent(2014.34) raw_noncoding(2014.34) offset(0.00) 
60900	58915	single-	4	6	{HiQ_model.g2527.t1;HiQ},{GlimmerHMM_glimmerT_2715-T1;GlimmerHMM}

# EVM prediction: Mode:STANDARD S-ratio: 605.89 61182-62114 orient(+) score(3724.00) noncoding_equivalent(6.15) raw_noncoding(6.15) offset(0.00) 
61182	62114	single+	1	3	{GlimmerHMM_glimmerT_2716-T1;GlimmerHMM},{Augustus_model.g2528.t1;Augustus}

# EVM prediction: Mode:STANDARD S-ratio: 4.91 62442-64310 orient(-) score(9317.00) noncoding_equivalent(1896.06) raw_noncoding(1896.06) offset(0.00) 
64310	62442	single-	4	6	{HiQ_model.g2529.t1;HiQ},{GlimmerHMM_glimmerT_2717-T1;GlimmerHMM}

# EVM prediction: Mode:STANDARD S-ratio: 4.62 64913-65353 orient(-) score(2174.00) noncoding_equivalent(470.32) raw_noncoding(470.32) offset(0.00) 
65353	64913	single-	4	6	{HiQ_model.g2530.t1;HiQ},{GlimmerHMM_glimmerT_2718-T1;GlimmerHMM}

# EVM prediction: Mode:STANDARD S-ratio: 317.00 65998-66951 orient(+) score(3804.00) noncoding_equivalent(12.00) raw_noncoding(12.00) offset(0.00) 
65998	66951	single+	1	3	{GlimmerHMM_glimmerT_2719-T1;GlimmerHMM},{Augustus_model.g2531.t1;Augustus}

# EVM prediction: Mode:STANDARD S-ratio: 2.00 67439-68287 orient(+) score(1698.00) noncoding_equivalent(849.00) raw_noncoding(849.00) offset(0.00) 
67439	68287	single+	1	3	{GlimmerHMM_glimmerT_2720-T1;GlimmerHMM},{Augustus_model.g2532.t1;Augustus}

# EVM prediction: Mode:STANDARD S-ratio: 94.65 70569-72008 orient(+) score(7007.00) noncoding_equivalent(74.03) raw_noncoding(74.03) offset(0.00) 
70569	72008	single+	1	3	{GlimmerHMM_glimmerT_2721-T1;GlimmerHMM}

# EVM prediction: Mode:STANDARD S-ratio: 4.91 73016-74176 orient(-) score(5787.00) noncoding_equivalent(1179.00) raw_noncoding(1179.00) offset(0.00) 
74176	73016	single-	4	6	{HiQ_model.g2534.t1;HiQ},{GlimmerHMM_glimmerT_2722-T1;GlimmerHMM}

# EVM prediction: Mode:STANDARD S-ratio: 31.52 74499-75467 orient(+) score(3756.00) noncoding_equivalent(119.16) raw_noncoding(119.16) offset(0.00) 
74499	75467	single+	1	3	{Augustus_model.g2535.t1;Augustus},{GlimmerHMM_glimmerT_2723-T1;GlimmerHMM}

# EVM prediction: Mode:STANDARD S-ratio: 12.57 75812-76666 orient(+) score(3168.00) noncoding_equivalent(252.00) raw_noncoding(252.00) offset(0.00) 
75812	76666	single+	1	3	{GlimmerHMM_glimmerT_2724-T1;GlimmerHMM},{Augustus_model.g2536.t1;Augustus}

# EVM prediction: Mode:STANDARD S-ratio: 5.26 77020-78726 orient(-) score(7746.00) noncoding_equivalent(1474.00) raw_noncoding(2490.00) offset(1016.00) 
78354	77020	terminal-	4	6	{snap_scaffold_7-snap.69-T1;snap},{HiQ_model.g2537.t1;HiQ}
78696	78355	INTRON			{HiQ_model.g2537.t1;HiQ},{ev_type:exonerate/ID=match.160399.5268/Target=YNL004W;exonerate}
78726	78697	initial-	4	6	{HiQ_model.g2537.t1;HiQ}

# EVM prediction: Mode:STANDARD S-ratio: 10000.00 79213-80328 orient(+) score(4464.00) noncoding_equivalent(0.45) raw_noncoding(0.00) offset(0.00) 
79213	80328	single+	1	3	{GlimmerHMM_glimmerT_2726-T1;GlimmerHMM},{Augustus_model.g2538.t1;Augustus}

# EVM prediction: Mode:STANDARD S-ratio: 4.43 80663-81574 orient(-) score(4464.00) noncoding_equivalent(1008.00) raw_noncoding(1008.00) offset(0.00) 
81574	80663	single-	4	6	{HiQ_model.g2539.t1;HiQ},{GlimmerHMM_glimmerT_2727-T1;GlimmerHMM}

# EVM prediction: Mode:STANDARD S-ratio: 15.15 82076-83218 orient(+) score(3217.00) noncoding_equivalent(212.33) raw_noncoding(212.33) offset(0.00) 
82076	83218	single+	1	3	{GlimmerHMM_glimmerT_2728-T1;GlimmerHMM}

# EVM prediction: Mode:STANDARD S-ratio: 34.67 83484-85514 orient(+) score(7853.00) noncoding_equivalent(226.50) raw_noncoding(226.50) offset(0.00) 
83484	85514	single+	1	3	{GlimmerHMM_glimmerT_2729-T1;GlimmerHMM}

# EVM prediction: Mode:STANDARD S-ratio: 4.94 85643-86905 orient(-) score(6303.00) noncoding_equivalent(1275.00) raw_noncoding(1275.00) offset(0.00) 
86905	85643	single-	4	6	{HiQ_model.g2541.t1;HiQ},{GlimmerHMM_glimmerT_2730-T1;GlimmerHMM}

# EVM prediction: Mode:STANDARD S-ratio: 5.00 87366-88091 orient(-) score(3630.00) noncoding_equivalent(726.00) raw_noncoding(726.00) offset(0.00) 
88091	87366	single-	4	6	{HiQ_model.g2542.t1;HiQ},{GlimmerHMM_glimmerT_2731-T1;GlimmerHMM}

# EVM prediction: Mode:STANDARD S-ratio: 39.05 88556-89890 orient(+) score(5199.00) noncoding_equivalent(133.14) raw_noncoding(133.14) offset(0.00) 
88556	89890	single+	1	3	{GlimmerHMM_glimmerT_2732-T1;GlimmerHMM},{Augustus_model.g2543.t1;Augustus}

# EVM prediction: Mode:STANDARD S-ratio: 3.94 90062-92041 orient(-) score(9279.00) noncoding_equivalent(2355.00) raw_noncoding(2601.00) offset(246.00) 
91852	90062	terminal-	4	6	{HiQ_model.g2544.t1;HiQ}
91936	91853	INTRON			{HiQ_model.g2544.t1;HiQ},{ev_type:exonerate/ID=match.160399.1307/Target=YNL012W;exonerate}
92041	91937	initial-	4	6	{HiQ_model.g2544.t1;HiQ}

# EVM prediction: Mode:STANDARD S-ratio: 5.99 92274-95408 orient(-) score(18803.00) noncoding_equivalent(3140.04) raw_noncoding(3140.04) offset(0.00) 
95408	92274	single-	4	6	{HiQ_model.g2545.t1;HiQ},{GlimmerHMM_glimmerT_2734-T1;GlimmerHMM}

# EVM prediction: Mode:STANDARD S-ratio: 2.00 96120-96347 orient(-) score(912.00) noncoding_equivalent(456.00) raw_noncoding(456.00) offset(0.00) 
96347	96120	single-	4	6	{GlimmerHMM_glimmerT_2735-T1;GlimmerHMM},{HiQ_model.g2546.t1;HiQ}

# EVM prediction: Mode:STANDARD S-ratio: 5.00 97494-98855 orient(-) score(6810.00) noncoding_equivalent(1362.00) raw_noncoding(1362.00) offset(0.00) 
98855	97494	single-	4	6	{GlimmerHMM_glimmerT_2736-T1;GlimmerHMM},{HiQ_model.g2547.t1;HiQ}

