!! Predictions spanning range 21462 - 94953 [R1]
# EVM prediction: Mode:STANDARD S-ratio: 10000.00 21462-22472 orient(+) score(2022.00) noncoding_equivalent(0.20) raw_noncoding(0.00) offset(0.00) 
21462	22472	single+	1	3	{Augustus_gene375.t1;Augustus}

# EVM prediction: Mode:STANDARD S-ratio: 10000.00 29536-29904 orient(+) score(738.00) noncoding_equivalent(0.07) raw_noncoding(0.00) offset(0.00) 
29536	29904	single+	1	3	{Augustus_gene625.t1;Augustus}

# EVM prediction: Mode:STANDARD S-ratio: 10000.00 34404-35063 orient(-) score(1320.00) noncoding_equivalent(0.13) raw_noncoding(0.00) offset(0.00) 
35063	34404	single-	4	6	{Augustus_gene222.t1;Augustus}

# EVM prediction: Mode:STANDARD S-ratio: 10000.00 36739-38235 orient(+) score(2994.00) noncoding_equivalent(0.30) raw_noncoding(0.00) offset(0.00) 
36739	37298	initial+	1	2	{Augustus_gene603.t1;Augustus}
37299	37547	INTRON			{Augustus_gene603.t1;Augustus}
37548	38235	terminal+	3	3	{Augustus_gene603.t1;Augustus}

# EVM prediction: Mode:STANDARD S-ratio: 10000.00 64238-65407 orient(+) score(2340.00) noncoding_equivalent(0.23) raw_noncoding(0.00) offset(0.00) 
64238	65407	single+	1	3	{Augustus_gene267.t1;Augustus}

# EVM prediction: Mode:STANDARD S-ratio: 10000.00 67061-70457 orient(-) score(6794.00) noncoding_equivalent(0.68) raw_noncoding(0.00) offset(0.00) 
70315	67061	terminal-	4	6	{Augustus_gene814.t1;Augustus}
70418	70316	INTRON			{Augustus_gene814.t1;Augustus}
70457	70419	initial-	4	6	{Augustus_gene814.t1;Augustus}

# EVM prediction: Mode:STANDARD S-ratio: 10000.00 70655-72451 orient(-) score(3594.00) noncoding_equivalent(0.36) raw_noncoding(0.00) offset(0.00) 
72451	70655	single-	4	6	{Augustus_gene416.t1;Augustus}

# EVM prediction: Mode:STANDARD S-ratio: 10000.00 75297-77066 orient(-) score(3540.00) noncoding_equivalent(0.35) raw_noncoding(0.00) offset(0.00) 
75335	75297	terminal-	4	6	{Augustus_gene42.t1;Augustus}
75405	75336	INTRON			{Augustus_gene42.t1;Augustus}
75824	75406	internal-	5	6	{Augustus_gene42.t1;Augustus}
76906	75825	INTRON			{Augustus_gene42.t1;Augustus}
77066	76907	initial-	4	4	{Augustus_gene42.t1;Augustus}

# EVM prediction: Mode:STANDARD S-ratio: 10000.00 81336-82637 orient(-) score(2604.00) noncoding_equivalent(0.26) raw_noncoding(0.00) offset(0.00) 
82637	81336	single-	4	6	{Augustus_gene836.t1;Augustus}

# EVM prediction: Mode:STANDARD S-ratio: 10000.00 87214-88248 orient(-) score(2070.00) noncoding_equivalent(0.21) raw_noncoding(0.00) offset(0.00) 
88248	87214	single-	4	6	{Augustus_gene337.t1;Augustus}

# EVM prediction: Mode:STANDARD S-ratio: 10000.00 93508-94953 orient(+) score(2892.00) noncoding_equivalent(0.29) raw_noncoding(0.00) offset(0.00) 
93508	94953	single+	1	3	{Augustus_gene874.t1;Augustus}

