# EVM prediction: Mode:STANDARD S-ratio: 798.30 740-8221 orient(+) score(29891.00) noncoding_equivalent(37.44) raw_noncoding(37.44) offset(0.00)
740	8221	single+	1	3	{Augustus_model.g2537.t1;Augustus},{GlimmerHMM_glimmerT_2741-T1;GlimmerHMM}

# EVM prediction: Mode:STANDARD S-ratio: 2.50 8498-8896 orient(-) score(1995.00) noncoding_equivalent(798.00) raw_noncoding(798.00) offset(0.00)
8896	8498	single-	4	6	{HiQ_model.g2538.t1;HiQ},{GlimmerHMM_glimmerT_2742-T1;GlimmerHMM}

# EVM prediction: Mode:STANDARD S-ratio: 43.25 9596-9991 orient(+) score(1936.00) noncoding_equivalent(44.76) raw_noncoding(44.76) offset(0.00)
9596	9991	single+	1	3	{Augustus_model.g2539.t1;Augustus},{GlimmerHMM_glimmerT_2743-T1;GlimmerHMM}

# EVM prediction: Mode:STANDARD S-ratio: 2.00 10257-10571 orient(-) score(1260.00) noncoding_equivalent(630.00) raw_noncoding(630.00) offset(0.00)
10571	10257	single-	4	6	{HiQ_model.g2540.t1;HiQ},{GlimmerHMM_glimmerT_2744-T1;GlimmerHMM}

# EVM prediction: Mode:STANDARD S-ratio: 4.97 12042-14384 orient(-) score(11702.00) noncoding_equivalent(2356.18) raw_noncoding(2356.18) offset(0.00)
14384	12042	single-	4	6	{GlimmerHMM_glimmerT_2745-T1;GlimmerHMM},{HiQ_model.g2541.t1;HiQ}

# EVM prediction: Mode:STANDARD S-ratio: 5.00 14809-15669 orient(-) score(4305.00) noncoding_equivalent(861.00) raw_noncoding(861.00) offset(0.00)
15669	14809	single-	4	6	{GlimmerHMM_glimmerT_2746-T1;GlimmerHMM},{HiQ_model.g2542.t1;HiQ}

# EVM prediction: Mode:STANDARD S-ratio: 242.49 15910-17331 orient(+) score(5665.00) noncoding_equivalent(23.36) raw_noncoding(23.36) offset(0.00)
15910	17331	single+	1	3	{Augustus_model.g2543.t1;Augustus},{GlimmerHMM_glimmerT_2747-T1;GlimmerHMM}

# EVM prediction: Mode:STANDARD S-ratio: 2.51 17467-18768 orient(-) score(5586.00) noncoding_equivalent(2226.00) raw_noncoding(2226.00) offset(0.00)
18768	17467	single-	4	6	{HiQ_model.g2544.t1;HiQ},{GlimmerHMM_glimmerT_2748-T1;GlimmerHMM}

# EVM prediction: Mode:STANDARD S-ratio: 10.55 19007-19648 orient(+) score(2346.00) noncoding_equivalent(222.27) raw_noncoding(222.27) offset(0.00)
19007	19648	single+	1	3	{Augustus_model.g2545.t1;Augustus}

# EVM prediction: Mode:STANDARD S-ratio: 3.74 20111-21604 orient(+) score(4482.00) noncoding_equivalent(1197.34) raw_noncoding(1197.34) offset(0.00)
20111	21604	single+	1	3	{GlimmerHMM_glimmerT_2750-T1;GlimmerHMM},{Augustus_model.g2546.t1;Augustus}

# EVM prediction: Mode:STANDARD S-ratio: 4.93 21907-24117 orient(-) score(11030.00) noncoding_equivalent(2236.13) raw_noncoding(2236.13) offset(0.00)
24117	21907	single-	4	6	{HiQ_model.g2547.t1;HiQ},{GlimmerHMM_glimmerT_2751-T1;GlimmerHMM}

# EVM prediction: Mode:STANDARD S-ratio: 4.92 25666-27312 orient(-) score(8212.00) noncoding_equivalent(1668.06) raw_noncoding(1668.06) offset(0.00)
27312	25666	single-	4	6	{HiQ_model.g2548.t1;HiQ},{GlimmerHMM_glimmerT_2752-T1;GlimmerHMM}

# EVM prediction: Mode:STANDARD S-ratio: 5.89 28476-28787 orient(-) score(1867.00) noncoding_equivalent(317.02) raw_noncoding(317.02) offset(0.00)
28787	28476	single-	4	6	{GlimmerHMM_glimmerT_2753-T1;GlimmerHMM},{HiQ_model.g2549.t1;HiQ}

# EVM prediction: Mode:STANDARD S-ratio: 137.30 29434-29844 orient(+) score(2029.00) noncoding_equivalent(14.78) raw_noncoding(14.78) offset(0.00)
29434	29844	single+	1	3	{GlimmerHMM_glimmerT_2754-T1;GlimmerHMM},{Augustus_model.g2550.t1;Augustus}

# EVM prediction: Mode:STANDARD S-ratio: 4.96 30215-31078 orient(-) score(4314.00) noncoding_equivalent(870.09) raw_noncoding(870.09) offset(0.00)
31078	30215	single-	4	6	{GlimmerHMM_glimmerT_2755-T1;GlimmerHMM},{HiQ_model.g2551.t1;HiQ}

# EVM prediction: Mode:STANDARD S-ratio: 1.41 32250-33062 orient(-) score(2853.00) noncoding_equivalent(2019.00) raw_noncoding(2019.00) offset(0.00)
33062	32250	single-	4	6	{HiQ_model.g2552.t1;HiQ}

# EVM prediction: Mode:STANDARD S-ratio: 4.92 33904-34515 orient(-) score(3052.00) noncoding_equivalent(620.33) raw_noncoding(620.33) offset(0.00)
34515	33904	single-	4	6	{GlimmerHMM_glimmerT_2757-T1;GlimmerHMM},{HiQ_model.g2553.t1;HiQ}

# EVM prediction: Mode:STANDARD S-ratio: 4.43 34889-36682 orient(-) score(8782.00) noncoding_equivalent(1982.11) raw_noncoding(1982.11) offset(0.00)
36682	34889	single-	4	6	{HiQ_model.g2554.t1;HiQ}

# EVM prediction: Mode:STANDARD S-ratio: 2.69 37426-37809 orient(+) score(1120.00) noncoding_equivalent(416.37) raw_noncoding(416.37) offset(0.00)
37426	37809	single+	1	3	{GlimmerHMM_glimmerT_2759-T1;GlimmerHMM}

# EVM prediction: Mode:STANDARD S-ratio: 4.82 38122-40872 orient(-) score(13671.00) noncoding_equivalent(2835.00) raw_noncoding(2835.00) offset(0.00)
40872	38122	single-	4	6	{GlimmerHMM_glimmerT_2760-T1;GlimmerHMM},{HiQ_model.g2555.t1;HiQ}

# EVM prediction: Mode:STANDARD S-ratio: 4.75 41585-42685 orient(-) score(5457.00) noncoding_equivalent(1149.00) raw_noncoding(1149.00) offset(0.00)
42685	41585	single-	4	6	{HiQ_model.g2556.t1;HiQ},{GlimmerHMM_glimmerT_2761-T1;GlimmerHMM}

# EVM prediction: Mode:STANDARD S-ratio: 4.94 43411-45510 orient(-) score(10479.00) noncoding_equivalent(2121.00) raw_noncoding(2121.00) offset(0.00)
45510	43411	single-	4	6	{HiQ_model.g2557.t1;HiQ},{GlimmerHMM_glimmerT_2762-T1;GlimmerHMM}

# EVM prediction: Mode:STANDARD S-ratio: 363.10 46179-47765 orient(+) score(6331.00) noncoding_equivalent(17.44) raw_noncoding(17.44) offset(0.00)
46179	47765	single+	1	3	{Augustus_model.g2558.t1;Augustus},{GlimmerHMM_glimmerT_2763-T1;GlimmerHMM}

# EVM prediction: Mode:STANDARD S-ratio: 3.00 48600-50501 orient(+) score(5706.00) noncoding_equivalent(1902.00) raw_noncoding(1902.00) offset(0.00)
48600	50501	single+	1	3	{GlimmerHMM_glimmerT_2764-T1;GlimmerHMM},{Augustus_model.g2559.t1;Augustus}

# EVM prediction: Mode:STANDARD S-ratio: 1.02 50895-51428 orient(+) score(1068.00) noncoding_equivalent(1048.00) raw_noncoding(1048.00) offset(0.00)
50895	51428	single+	1	3	{GlimmerHMM_glimmerT_2765-T1;GlimmerHMM}

# EVM prediction: Mode:STANDARD S-ratio: 4.97 51585-55082 orient(-) score(17470.00) noncoding_equivalent(3518.27) raw_noncoding(3518.27) offset(0.00)
55082	51585	single-	4	6	{GlimmerHMM_glimmerT_2766-T1;GlimmerHMM},{HiQ_model.g2560.t1;HiQ}

# EVM prediction: Mode:STANDARD S-ratio: 2.06 56605-57510 orient(+) score(1812.00) noncoding_equivalent(881.05) raw_noncoding(881.05) offset(0.00)
56605	57510	single+	1	3	{GlimmerHMM_glimmerT_2767-T1;GlimmerHMM},{Augustus_model.g2561.t1;Augustus}

# EVM prediction: Mode:STANDARD S-ratio: 4.94 57843-59027 orient(-) score(5914.00) noncoding_equivalent(1196.06) raw_noncoding(1196.06) offset(0.00)
59027	57843	single-	4	6	{GlimmerHMM_glimmerT_2768-T1;GlimmerHMM},{HiQ_model.g2562.t1;HiQ}

# EVM prediction: Mode:STANDARD S-ratio: 4.77 60042-61184 orient(-) score(5670.00) noncoding_equivalent(1188.00) raw_noncoding(1188.00) offset(0.00)
61184	60042	single-	4	6	{HiQ_model.g2563.t1;HiQ}

# EVM prediction: Mode:STANDARD S-ratio: 60.75 61593-63170 orient(-) score(4659.00) noncoding_equivalent(76.69) raw_noncoding(76.69) offset(0.00)
63170	61593	single-	4	6	{GlimmerHMM_glimmerT_2770-T1;GlimmerHMM},{Augustus_model.g2564.t1;Augustus}

# EVM prediction: Mode:STANDARD S-ratio: 4.92 63532-64905 orient(-) score(6852.00) noncoding_equivalent(1392.00) raw_noncoding(1392.00) offset(0.00)
64905	63532	single-	4	6	{GlimmerHMM_glimmerT_2771-T1;GlimmerHMM},{HiQ_model.g2565.t1;HiQ}

# EVM prediction: Mode:STANDARD S-ratio: 63.57 65455-67143 orient(+) score(6593.00) noncoding_equivalent(103.72) raw_noncoding(103.72) offset(0.00)
65455	67143	single+	1	3	{GlimmerHMM_glimmerT_2772-T1;GlimmerHMM},{Augustus_model.g2566.t1;Augustus}

# EVM prediction: Mode:STANDARD S-ratio: 10000.00 67354-68442 orient(+) score(5445.00) noncoding_equivalent(0.54) raw_noncoding(0.00) offset(0.00)
67354	68442	single+	1	3	{GlimmerHMM_glimmerT_2773-T1;GlimmerHMM},{Augustus_model.g2567.t1;Augustus}

# EVM prediction: Mode:STANDARD S-ratio: 415.77 69130-71889 orient(+) score(11014.00) noncoding_equivalent(26.49) raw_noncoding(26.49) offset(0.00)
69130	71889	single+	1	3	{GlimmerHMM_glimmerT_2774-T1;GlimmerHMM},{Augustus_model.g2568.t1;Augustus}

# EVM prediction: Mode:STANDARD S-ratio: 4.96 72116-73162 orient(-) score(5226.00) noncoding_equivalent(1054.04) raw_noncoding(1054.04) offset(0.00)
73162	72116	single-	4	6	{HiQ_model.g2569.t1;HiQ},{GlimmerHMM_glimmerT_2775-T1;GlimmerHMM}

# EVM prediction: Mode:STANDARD S-ratio: 4.85 73455-74141 orient(-) score(3417.00) noncoding_equivalent(705.11) raw_noncoding(705.11) offset(0.00)
74141	73455	single-	4	6	{GlimmerHMM_glimmerT_2776-T1;GlimmerHMM},{HiQ_model.g2570.t1;HiQ}

# EVM prediction: Mode:STANDARD S-ratio: 4.75 76270-77502 orient(-) score(6111.00) noncoding_equivalent(1287.49) raw_noncoding(1287.49) offset(0.00)
77502	76270	single-	4	6	{GlimmerHMM_glimmerT_2777-T1;GlimmerHMM},{HiQ_model.g2571.t1;HiQ}

# EVM prediction: Mode:STANDARD S-ratio: 36.00 77755-78642 orient(-) score(2592.00) noncoding_equivalent(72.00) raw_noncoding(72.00) offset(0.00)
78642	77755	single-	4	6	{Augustus_model.g2572.t1;Augustus},{GlimmerHMM_glimmerT_2778-T1;GlimmerHMM}

# EVM prediction: Mode:STANDARD S-ratio: 55.71 79088-81979 orient(+) score(11364.00) noncoding_equivalent(204.00) raw_noncoding(204.00) offset(0.00)
79088	81979	single+	1	3	{Augustus_model.g2573.t1;Augustus},{GlimmerHMM_glimmerT_2779-T1;GlimmerHMM}

# EVM prediction: Mode:STANDARD S-ratio: 175.72 82807-83700 orient(+) score(3556.00) noncoding_equivalent(20.24) raw_noncoding(20.24) offset(0.00)
82807	83700	single+	1	3	{Augustus_model.g2574.t1;Augustus},{GlimmerHMM_glimmerT_2780-T1;GlimmerHMM}

# EVM prediction: Mode:STANDARD S-ratio: 45.72 84403-85047 orient(+) score(2525.00) noncoding_equivalent(55.22) raw_noncoding(55.22) offset(0.00)
84403	85047	single+	1	3	{GlimmerHMM_glimmerT_2781-T1;GlimmerHMM}

# EVM prediction: Mode:STANDARD S-ratio: 113.34 85449-87458 orient(+) score(7966.00) noncoding_equivalent(70.29) raw_noncoding(70.29) offset(0.00)
85449	87458	single+	1	3	{GlimmerHMM_glimmerT_2782-T1;GlimmerHMM}

# EVM prediction: Mode:STANDARD S-ratio: 27.18 87599-91131 orient(-) score(11136.00) noncoding_equivalent(409.68) raw_noncoding(876.00) offset(466.32)
88832	87599	terminal-	6	6	{snap_scaffold_8-snap.32-T1;snap}
89080	88833	INTRON			{snap_scaffold_8-snap.32-T1;snap}
91131	89081	initial-	4	5	{snap_scaffold_8-snap.32-T1;snap}

# EVM prediction: Mode:STANDARD S-ratio: 4.11 91527-93245 orient(-) score(8297.00) noncoding_equivalent(2017.00) raw_noncoding(2017.00) offset(0.00)
93245	91527	single-	4	6	{GlimmerHMM_glimmerT_2785-T1;GlimmerHMM},{HiQ_model.g2577.t1;HiQ}

# EVM prediction: Mode:STANDARD S-ratio: 4.68 95359-97278 orient(-) score(9318.00) noncoding_equivalent(1992.00) raw_noncoding(1992.00) offset(0.00)
97278	95359	single-	4	6	{HiQ_model.g2578.t1;HiQ},{GlimmerHMM_glimmerT_2786-T1;GlimmerHMM}

# EVM prediction: Mode:STANDARD S-ratio: 102.97 97693-98697 orient(-) score(2986.00) noncoding_equivalent(29.00) raw_noncoding(29.00) offset(0.00)
98697	97693	single-	4	6	{Augustus_model.g2579.t1;Augustus},{GlimmerHMM_glimmerT_2787-T1;GlimmerHMM}

# EVM prediction: Mode:STANDARD S-ratio: 75.24 99019-99546 orient(+) score(2085.00) noncoding_equivalent(27.71) raw_noncoding(27.71) offset(0.00)
99019	99546	single+	1	3	{Augustus_model.g2580.t1;Augustus},{GlimmerHMM_glimmerT_2788-T1;GlimmerHMM}

# EVM prediction: Mode:STANDARD S-ratio: 3.22 100017-100997 orient(+) score(4905.00) noncoding_equivalent(1524.00) raw_noncoding(1530.00) offset(6.00)
100017	100061	initial+	1	3	{Augustus_model.g2581.t1;Augustus},{GlimmerHMM_glimmerT_2789-T1;GlimmerHMM},{snap_scaffold_8-snap.37-T1;snap}
100062	100571	INTRON			{Augustus_model.g2581.t1;Augustus},{GlimmerHMM_glimmerT_2789-T1;GlimmerHMM},{snap_scaffold_8-snap.37-T1;snap},{ev_type:exonerate/ID=match.147026.575/Target=YBR048W;exonerate},{ev_type:exonerate/ID=match.147026.3027/Target=YDR025W;exonerate}
100572	100997	terminal+	1	3	{Augustus_model.g2581.t1;Augustus},{GlimmerHMM_glimmerT_2789-T1;GlimmerHMM},{snap_scaffold_8-snap.37-T1;snap}

# EVM prediction: Mode:STANDARD S-ratio: 10000.00 101571-104003 orient(-) score(9732.00) noncoding_equivalent(0.97) raw_noncoding(0.00) offset(0.00)
104003	101571	single-	4	6	{GlimmerHMM_glimmerT_2790-T1;GlimmerHMM},{Augustus_model.g2582.t1;Augustus}

# EVM prediction: Mode:STANDARD S-ratio: 4.87 104368-105384 orient(-) score(5062.00) noncoding_equivalent(1040.43) raw_noncoding(1040.43) offset(0.00)
105384	104368	single-	4	6	{HiQ_model.g2583.t1;HiQ},{GlimmerHMM_glimmerT_2791-T1;GlimmerHMM}

# EVM prediction: Mode:STANDARD S-ratio: 4.41 105904-106536 orient(-) score(3097.00) noncoding_equivalent(702.53) raw_noncoding(702.53) offset(0.00)
106536	105904	single-	4	6	{GlimmerHMM_glimmerT_2792-T1;GlimmerHMM},{HiQ_model.g2584.t1;HiQ}

# EVM prediction: Mode:STANDARD S-ratio: 5.00 106859-107935 orient(-) score(5385.00) noncoding_equivalent(1077.00) raw_noncoding(1077.00) offset(0.00)
107935	106859	single-	4	6	{GlimmerHMM_glimmerT_2793-T1;GlimmerHMM},{HiQ_model.g2585.t1;HiQ}

# EVM prediction: Mode:STANDARD S-ratio: 1021.16 110285-111319 orient(+) score(4136.00) noncoding_equivalent(4.05) raw_noncoding(4.05) offset(0.00)
110285	111319	single+	1	3	{GlimmerHMM_glimmerT_2794-T1;GlimmerHMM},{Augustus_model.g2586.t1;Augustus}

# EVM prediction: Mode:STANDARD S-ratio: 4.94 111786-114485 orient(-) score(13473.00) noncoding_equivalent(2727.00) raw_noncoding(2727.00) offset(0.00)
114485	111786	single-	4	6	{GlimmerHMM_glimmerT_2795-T1;GlimmerHMM},{HiQ_model.g2587.t1;HiQ}

# EVM prediction: Mode:STANDARD S-ratio: 855.06 115063-116568 orient(+) score(6017.00) noncoding_equivalent(7.04) raw_noncoding(7.04) offset(0.00)
115063	116568	single+	1	3	{GlimmerHMM_glimmerT_2796-T1;GlimmerHMM},{Augustus_model.g2588.t1;Augustus}

# EVM prediction: Mode:STANDARD S-ratio: 4.99 119370-120461 orient(-) score(5451.00) noncoding_equivalent(1092.00) raw_noncoding(1092.00) offset(0.00)
120461	119370	single-	4	6	{HiQ_model.g2589.t1;HiQ}

# EVM prediction: Mode:STANDARD S-ratio: 4.90 120834-123179 orient(-) score(11691.00) noncoding_equivalent(2385.00) raw_noncoding(2385.00) offset(0.00)
123179	120834	single-	4	6	{HiQ_model.g2590.t1;HiQ}

# EVM prediction: Mode:STANDARD S-ratio: 10000.00 124023-127349 orient(-) score(9973.00) noncoding_equivalent(1.00) raw_noncoding(0.00) offset(0.00)
127349	124023	single-	4	6	{Augustus_model.g2591.t1;Augustus},{GlimmerHMM_glimmerT_2799-T1;GlimmerHMM}

# EVM prediction: Mode:STANDARD S-ratio: 5.00 127814-129676 orient(-) score(9309.00) noncoding_equivalent(1863.00) raw_noncoding(1863.00) offset(0.00)
129676	127814	single-	4	6	{HiQ_model.g2592.t1;HiQ},{GlimmerHMM_glimmerT_2800-T1;GlimmerHMM}

# EVM prediction: Mode:STANDARD S-ratio: 4.96 131950-132882 orient(-) score(4659.00) noncoding_equivalent(939.11) raw_noncoding(939.11) offset(0.00)
132882	131950	single-	4	6	{GlimmerHMM_glimmerT_2801-T1;GlimmerHMM},{HiQ_model.g2593.t1;HiQ}

# EVM prediction: Mode:STANDARD S-ratio: 13.20 133139-133763 orient(-) score(2306.00) noncoding_equivalent(174.76) raw_noncoding(251.76) offset(77.00)
133665	133139	terminal-	5	6	{Augustus_model.g2594.t1;Augustus}
133747	133666	INTRON			{snap_scaffold_8-snap.49-T1;snap},{Augustus_model.g2594.t1;Augustus}
133763	133748	initial-	4	4	{snap_scaffold_8-snap.49-T1;snap},{Augustus_model.g2594.t1;Augustus}

# EVM prediction: Mode:STANDARD S-ratio: 4.65 134133-135347 orient(-) score(5999.00) noncoding_equivalent(1291.00) raw_noncoding(1291.00) offset(0.00)
135347	134133	single-	4	6	{GlimmerHMM_glimmerT_2803-T1;GlimmerHMM},{HiQ_model.g2595.t1;HiQ}

# EVM prediction: Mode:STANDARD S-ratio: 4.90 135747-136841 orient(-) score(5454.00) noncoding_equivalent(1114.13) raw_noncoding(1114.13) offset(0.00)
136841	135747	single-	4	6	{HiQ_model.g2596.t1;HiQ},{GlimmerHMM_glimmerT_2804-T1;GlimmerHMM}

# EVM prediction: Mode:STANDARD S-ratio: 4.27 137201-137863 orient(-) score(3224.00) noncoding_equivalent(755.26) raw_noncoding(755.26) offset(0.00)
137863	137201	single-	4	6	{GlimmerHMM_glimmerT_2805-T1;GlimmerHMM},{HiQ_model.g2597.t1;HiQ}

# EVM prediction: Mode:STANDARD S-ratio: 4.93 139267-139899 orient(-) score(3158.00) noncoding_equivalent(640.18) raw_noncoding(640.18) offset(0.00)
139899	139267	single-	4	6	{GlimmerHMM_glimmerT_2806-T1;GlimmerHMM},{HiQ_model.g2598.t1;HiQ}

# EVM prediction: Mode:STANDARD S-ratio: 4.88 141025-142854 orient(-) score(9113.00) noncoding_equivalent(1867.26) raw_noncoding(1867.26) offset(0.00)
142854	141025	single-	4	6	{HiQ_model.g2599.t1;HiQ},{GlimmerHMM_glimmerT_2807-T1;GlimmerHMM}

# EVM prediction: Mode:STANDARD S-ratio: 4.89 143738-145597 orient(-) score(9266.00) noncoding_equivalent(1894.58) raw_noncoding(1894.58) offset(0.00)
145597	143738	single-	4	6	{GlimmerHMM_glimmerT_2808-T1;GlimmerHMM},{HiQ_model.g2600.t1;HiQ}

# EVM prediction: Mode:STANDARD S-ratio: 4.95 146385-147098 orient(-) score(3564.00) noncoding_equivalent(720.24) raw_noncoding(720.24) offset(0.00)
147098	146385	single-	4	6	{HiQ_model.g2601.t1;HiQ},{GlimmerHMM_glimmerT_2809-T1;GlimmerHMM}

# EVM prediction: Mode:STANDARD S-ratio: 156.45 147574-148212 orient(+) score(2540.00) noncoding_equivalent(16.24) raw_noncoding(16.24) offset(0.00)
147574	148212	single+	1	3	{GlimmerHMM_glimmerT_2810-T1;GlimmerHMM},{Augustus_model.g2602.t1;Augustus}

# EVM prediction: Mode:STANDARD S-ratio: 211.91 149178-149822 orient(+) score(2566.00) noncoding_equivalent(12.11) raw_noncoding(12.11) offset(0.00)
149178	149822	single+	1	3	{Augustus_model.g2603.t1;Augustus},{GlimmerHMM_glimmerT_2811-T1;GlimmerHMM}

# EVM prediction: Mode:STANDARD S-ratio: 228.84 150363-153137 orient(+) score(8289.00) noncoding_equivalent(36.22) raw_noncoding(36.22) offset(0.00)
150363	153137	single+	1	3	{Augustus_model.g2604.t1;Augustus},{GlimmerHMM_glimmerT_2812-T1;GlimmerHMM}

# EVM prediction: Mode:STANDARD S-ratio: 10000.00 153438-156368 orient(+) score(11724.00) noncoding_equivalent(1.17) raw_noncoding(0.00) offset(0.00)
153438	156368	single+	1	3	{GlimmerHMM_glimmerT_2813-T1;GlimmerHMM},{Augustus_model.g2605.t1;Augustus}

# EVM prediction: Mode:STANDARD S-ratio: 44.19 157377-158441 orient(+) score(4021.00) noncoding_equivalent(91.00) raw_noncoding(91.00) offset(0.00)
157377	158441	single+	1	3	{Augustus_model.g2606.t1;Augustus},{GlimmerHMM_glimmerT_2814-T1;GlimmerHMM}

# EVM prediction: Mode:STANDARD S-ratio: 4.94 158954-159442 orient(-) score(2440.00) noncoding_equivalent(494.12) raw_noncoding(494.12) offset(0.00)
159442	158954	single-	4	6	{HiQ_model.g2607.t1;HiQ},{GlimmerHMM_glimmerT_2815-T1;GlimmerHMM}

# EVM prediction: Mode:STANDARD S-ratio: 9.37 160276-161895 orient(+) score(6150.00) noncoding_equivalent(656.00) raw_noncoding(987.00) offset(331.00)
160276	160333	initial+	1	1	{GlimmerHMM_glimmerT_2816-T1;GlimmerHMM},{Augustus_model.g2608.t1;Augustus},{snap_scaffold_8-snap.61-T1;snap}
160334	160663	INTRON			{Augustus_model.g2608.t1;Augustus},{snap_scaffold_8-snap.61-T1;snap},{ev_type:exonerate/ID=match.147026.4666/Target=YBR078W;exonerate}
160664	161895	terminal+	2	3	{Augustus_model.g2608.t1;Augustus},{snap_scaffold_8-snap.61-T1;snap}

# EVM prediction: Mode:STANDARD S-ratio: 1419.27 162538-165423 orient(-) score(11536.00) noncoding_equivalent(8.13) raw_noncoding(8.13) offset(0.00)
165423	162538	single-	4	6	{GlimmerHMM_glimmerT_2817-T1;GlimmerHMM}

# EVM prediction: Mode:STANDARD S-ratio: 4.98 165760-168036 orient(-) score(11376.00) noncoding_equivalent(2284.16) raw_noncoding(2284.16) offset(0.00)
168036	165760	single-	4	6	{GlimmerHMM_glimmerT_2818-T1;GlimmerHMM},{HiQ_model.g2610.t1;HiQ}

# EVM prediction: Mode:STANDARD S-ratio: 416.98 168399-172397 orient(-) score(15958.00) noncoding_equivalent(38.27) raw_noncoding(38.27) offset(0.00)
172397	168399	single-	4	6	{GlimmerHMM_glimmerT_2819-T1;GlimmerHMM},{Augustus_model.g2611.t1;Augustus}

# EVM prediction: Mode:STANDARD S-ratio: 4.62 173775-174316 orient(-) score(3043.00) noncoding_equivalent(658.00) raw_noncoding(846.00) offset(188.00)
174174	173775	terminal-	6	6	{snap_scaffold_8-snap.64-T1;snap},{HiQ_model.g2612.t1;HiQ}
174269	174175	INTRON			{snap_scaffold_8-snap.64-T1;snap},{HiQ_model.g2612.t1;HiQ},{ev_type:exonerate/ID=match.147026.2223/Target=YBR082C;exonerate},{ev_type:exonerate/ID=match.147026.3376/Target=YDR059C;exonerate}
174316	174270	initial-	4	5	{snap_scaffold_8-snap.64-T1;snap},{HiQ_model.g2612.t1;HiQ}

# EVM prediction: Mode:STANDARD S-ratio: 111.06 176315-177775 orient(+) score(5790.00) noncoding_equivalent(52.13) raw_noncoding(52.13) offset(0.00)
176315	177775	single+	1	3	{GlimmerHMM_glimmerT_2821-T1;GlimmerHMM}

# EVM prediction: Mode:STANDARD S-ratio: 971.23 178200-181127 orient(+) score(11701.00) noncoding_equivalent(12.05) raw_noncoding(12.05) offset(0.00)
178200	181127	single+	1	3	{Augustus_model.g2614.t1;Augustus},{GlimmerHMM_glimmerT_2822-T1;GlimmerHMM}

# EVM prediction: Mode:STANDARD S-ratio: 4.43 181332-182090 orient(-) score(2645.00) noncoding_equivalent(596.59) raw_noncoding(919.84) offset(323.25)
181899	181332	terminal-	6	6	{Augustus_model.g2615.t1;Augustus}
182067	181900	INTRON			{Augustus_model.g2615.t1;Augustus}
182090	182068	initial-	4	5	{Augustus_model.g2615.t1;Augustus}

# EVM prediction: Mode:STANDARD S-ratio: 266.88 183127-184050 orient(+) score(4597.00) noncoding_equivalent(17.23) raw_noncoding(17.23) offset(0.00)
183127	184050	single+	1	3	{GlimmerHMM_glimmerT_2824-T1;GlimmerHMM},{Augustus_model.g2616.t1;Augustus}

# EVM prediction: Mode:STANDARD S-ratio: 4.12 186051-186308 orient(-) score(1246.00) noncoding_equivalent(302.54) raw_noncoding(302.54) offset(0.00)
186308	186051	single-	4	6	{GlimmerHMM_glimmerT_2825-T1;GlimmerHMM},{HiQ_model.g2617.t1;HiQ}

# EVM prediction: Mode:STANDARD S-ratio: 179.19 187344-190181 orient(-) score(11289.00) noncoding_equivalent(63.00) raw_noncoding(63.00) offset(0.00)
190181	187344	single-	4	6	{Augustus_model.g2618.t1;Augustus},{GlimmerHMM_glimmerT_2826-T1;GlimmerHMM}

# EVM prediction: Mode:STANDARD S-ratio: 46.07 190904-191968 orient(+) score(4171.00) noncoding_equivalent(90.53) raw_noncoding(90.53) offset(0.00)
190904	191968	single+	1	3	{Augustus_model.g2619.t1;Augustus},{GlimmerHMM_glimmerT_2827-T1;GlimmerHMM}

# EVM prediction: Mode:STANDARD S-ratio: 4.63 192130-192906 orient(-) score(3835.00) noncoding_equivalent(827.97) raw_noncoding(827.97) offset(0.00)
192906	192130	single-	4	6	{HiQ_model.g2620.t1;HiQ},{GlimmerHMM_glimmerT_2828-T1;GlimmerHMM}

# EVM prediction: Mode:STANDARD S-ratio: 6.24 193330-193629 orient(-) score(1922.00) noncoding_equivalent(308.25) raw_noncoding(308.25) offset(0.00)
193629	193330	single-	4	6	{HiQ_model.g2621.t1;HiQ},{GlimmerHMM_glimmerT_2829-T1;GlimmerHMM}

# EVM prediction: Mode:STANDARD S-ratio: 1.00 194295-194624 orient(-) score(660.00) noncoding_equivalent(660.00) raw_noncoding(660.00) offset(0.00)
194624	194295	single-	4	6	{GlimmerHMM_glimmerT_2830-T1;GlimmerHMM}

# EVM prediction: Mode:STANDARD S-ratio: 5.00 194838-196241 orient(-) score(7020.00) noncoding_equivalent(1404.00) raw_noncoding(1404.00) offset(0.00)
196241	194838	single-	4	6	{HiQ_model.g2622.t1;HiQ},{GlimmerHMM_glimmerT_2831-T1;GlimmerHMM}

# EVM prediction: Mode:STANDARD S-ratio: 7.42 196688-198091 orient(-) score(11136.00) noncoding_equivalent(1500.37) raw_noncoding(1500.37) offset(0.00)
198091	196688	single-	4	6	{HiQ_model.g2623.t1;HiQ},{GlimmerHMM_glimmerT_2832-T1;GlimmerHMM}

# EVM prediction: Mode:STANDARD S-ratio: 10000.00 199176-201437 orient(+) score(9042.00) noncoding_equivalent(0.90) raw_noncoding(0.00) offset(0.00)
199176	201437	single+	1	3	{GlimmerHMM_glimmerT_2833-T1;GlimmerHMM},{Augustus_model.g2624.t1;Augustus}

# EVM prediction: Mode:STANDARD S-ratio: 4.75 201544-202836 orient(-) score(6408.00) noncoding_equivalent(1350.00) raw_noncoding(1350.00) offset(0.00)
202836	201544	single-	4	6	{HiQ_model.g2625.t1;HiQ}

# EVM prediction: Mode:STANDARD S-ratio: 18.45 203159-203851 orient(+) score(2630.00) noncoding_equivalent(142.51) raw_noncoding(142.51) offset(0.00)
203159	203851	single+	1	3	{GlimmerHMM_glimmerT_2835-T1;GlimmerHMM}

# EVM prediction: Mode:STANDARD S-ratio: 10000.00 204088-208452 orient(+) score(17460.00) noncoding_equivalent(1.75) raw_noncoding(0.00) offset(0.00)
204088	208452	single+	1	3	{GlimmerHMM_glimmerT_2836-T1;GlimmerHMM},{Augustus_model.g2627.t1;Augustus}

# EVM prediction: Mode:STANDARD S-ratio: 4.98 208652-210727 orient(+) score(10371.00) noncoding_equivalent(2083.19) raw_noncoding(2083.19) offset(0.00)
208652	210727	single+	1	3	{HiQ_model.g2628.t1;HiQ},{GlimmerHMM_glimmerT_2837-T1;GlimmerHMM}

# EVM prediction: Mode:STANDARD S-ratio: 2.00 210958-211830 orient(-) score(3492.00) noncoding_equivalent(1746.00) raw_noncoding(1746.00) offset(0.00)
211830	210958	single-	4	6	{GlimmerHMM_glimmerT_2838-T1;GlimmerHMM},{HiQ_model.g2629.t1;HiQ}

# EVM prediction: Mode:STANDARD S-ratio: 5.00 212199-214460 orient(-) score(11301.00) noncoding_equivalent(2262.00) raw_noncoding(2262.00) offset(0.00)
214460	212199	single-	4	6	{GlimmerHMM_glimmerT_2839-T1;GlimmerHMM},{HiQ_model.g2630.t1;HiQ}

# EVM prediction: Mode:STANDARD S-ratio: 425.42 214846-216453 orient(+) score(6417.00) noncoding_equivalent(15.08) raw_noncoding(15.08) offset(0.00)
214846	216453	single+	1	3	{GlimmerHMM_glimmerT_2840-T1;GlimmerHMM},{Augustus_model.g2631.t1;Augustus}

# EVM prediction: Mode:STANDARD S-ratio: 10000.00 216804-217793 orient(+) score(2970.00) noncoding_equivalent(0.30) raw_noncoding(0.00) offset(0.00)
216804	217793	single+	1	3	{Augustus_model.g2632.t1;Augustus},{GlimmerHMM_glimmerT_2841-T1;GlimmerHMM}

# EVM prediction: Mode:STANDARD S-ratio: 4.86 218018-219106 orient(-) score(5419.00) noncoding_equivalent(1115.26) raw_noncoding(1115.26) offset(0.00)
219106	218018	single-	4	6	{HiQ_model.g2633.t1;HiQ},{GlimmerHMM_glimmerT_2842-T1;GlimmerHMM}

# EVM prediction: Mode:STANDARD S-ratio: 17.90 219795-220361 orient(+) score(2148.00) noncoding_equivalent(120.00) raw_noncoding(120.00) offset(0.00)
219795	220361	single+	1	3	{Augustus_model.g2634.t1;Augustus}

# EVM prediction: Mode:STANDARD S-ratio: 4.55 220929-221666 orient(-) score(3631.00) noncoding_equivalent(797.75) raw_noncoding(797.75) offset(0.00)
221666	220929	single-	4	6	{HiQ_model.g2635.t1;HiQ},{GlimmerHMM_glimmerT_2844-T1;GlimmerHMM}

# EVM prediction: Mode:STANDARD S-ratio: 10000.00 221960-224797 orient(+) score(11346.00) noncoding_equivalent(1.13) raw_noncoding(0.00) offset(0.00)
221960	224797	single+	1	3	{GlimmerHMM_glimmerT_2845-T1;GlimmerHMM},{Augustus_model.g2636.t1;Augustus}

# EVM prediction: Mode:STANDARD S-ratio: 4.28 225051-225494 orient(-) score(2160.00) noncoding_equivalent(504.46) raw_noncoding(504.46) offset(0.00)
225494	225051	single-	4	6	{GlimmerHMM_glimmerT_2846-T1;GlimmerHMM},{HiQ_model.g2637.t1;HiQ}

# EVM prediction: Mode:STANDARD S-ratio: 31.14 226004-227353 orient(+) score(5232.00) noncoding_equivalent(168.00) raw_noncoding(168.00) offset(0.00)
226004	227353	single+	1	3	{GlimmerHMM_glimmerT_2847-T1;GlimmerHMM},{Augustus_model.g2638.t1;Augustus}

# EVM prediction: Mode:STANDARD S-ratio: 3.94 228310-229005 orient(-) score(3331.00) noncoding_equivalent(845.48) raw_noncoding(845.48) offset(0.00)
229005	228310	single-	4	6	{HiQ_model.g2639.t1;HiQ}

# EVM prediction: Mode:STANDARD S-ratio: 10000.00 230002-232875 orient(-) score(11490.00) noncoding_equivalent(1.15) raw_noncoding(0.00) offset(0.00)
232875	230002	single-	4	6	{GlimmerHMM_glimmerT_2850-T1;GlimmerHMM},{Augustus_model.g2640.t1;Augustus}

# EVM prediction: Mode:STANDARD S-ratio: 592.25 234378-236750 orient(+) score(7107.00) noncoding_equivalent(12.00) raw_noncoding(12.00) offset(0.00)
234378	236750	single+	1	3	{GlimmerHMM_glimmerT_2851-T1;GlimmerHMM},{Augustus_model.g2641.t1;Augustus}

# EVM prediction: Mode:STANDARD S-ratio: 10000.00 236878-241056 orient(-) score(12537.00) noncoding_equivalent(1.25) raw_noncoding(0.00) offset(0.00)
241056	236878	single-	4	6	{GlimmerHMM_glimmerT_2852-T1;GlimmerHMM},{Augustus_model.g2642.t1;Augustus}

# EVM prediction: Mode:STANDARD S-ratio: 5.07 241522-243567 orient(-) score(10534.00) noncoding_equivalent(2077.13) raw_noncoding(2077.13) offset(0.00)
243567	241522	single-	4	6	{GlimmerHMM_glimmerT_2853-T1;GlimmerHMM},{HiQ_model.g2643.t1;HiQ}

# EVM prediction: Mode:STANDARD S-ratio: 381.50 244791-246167 orient(+) score(6867.00) noncoding_equivalent(18.00) raw_noncoding(18.00) offset(0.00)
244791	246167	single+	1	3	{Augustus_model.g2644.t1;Augustus},{GlimmerHMM_glimmerT_2854-T1;GlimmerHMM}

# EVM prediction: Mode:STANDARD S-ratio: 30.45 246458-247443 orient(+) score(3637.00) noncoding_equivalent(119.43) raw_noncoding(282.00) offset(162.57)
246458	246465	initial+	1	2	{Augustus_model.g2645.t1;Augustus},{snap_scaffold_8-snap.92-T1;snap}
246466	246554	INTRON			{snap_scaffold_8-snap.92-T1;snap}
246555	247443	terminal+	3	3	{snap_scaffold_8-snap.92-T1;snap}

# EVM prediction: Mode:STANDARD S-ratio: 5.00 247555-248043 orient(-) score(2445.00) noncoding_equivalent(489.00) raw_noncoding(489.00) offset(0.00)
248043	247555	single-	4	6	{HiQ_model.g2646.t1;HiQ},{GlimmerHMM_glimmerT_2856-T1;GlimmerHMM}

# EVM prediction: Mode:STANDARD S-ratio: 4.90 248484-250487 orient(-) score(10120.00) noncoding_equivalent(2063.26) raw_noncoding(2063.26) offset(0.00)
250487	248484	single-	4	6	{HiQ_model.g2647.t1;HiQ},{GlimmerHMM_glimmerT_2857-T1;GlimmerHMM}

# EVM prediction: Mode:STANDARD S-ratio: 4.41 251090-251680 orient(-) score(2844.00) noncoding_equivalent(645.00) raw_noncoding(645.00) offset(0.00)
251680	251090	single-	4	6	{HiQ_model.g2648.t1;HiQ},{GlimmerHMM_glimmerT_2858-T1;GlimmerHMM}

# EVM prediction: Mode:STANDARD S-ratio: 5.00 251862-253811 orient(-) score(9750.00) noncoding_equivalent(1950.00) raw_noncoding(1950.00) offset(0.00)
253811	251862	single-	4	6	{GlimmerHMM_glimmerT_2859-T1;GlimmerHMM},{HiQ_model.g2649.t1;HiQ}

# EVM prediction: Mode:STANDARD S-ratio: 5.00 254331-255512 orient(-) score(5910.00) noncoding_equivalent(1182.00) raw_noncoding(1182.00) offset(0.00)
255512	254331	single-	4	6	{HiQ_model.g2650.t1;HiQ},{GlimmerHMM_glimmerT_2860-T1;GlimmerHMM}

# EVM prediction: Mode:STANDARD S-ratio: 4.83 256035-257522 orient(-) score(7396.00) noncoding_equivalent(1532.17) raw_noncoding(1532.17) offset(0.00)
257522	256035	single-	4	6	{HiQ_model.g2651.t1;HiQ},{GlimmerHMM_glimmerT_2861-T1;GlimmerHMM}

# EVM prediction: Mode:STANDARD S-ratio: 5.00 258422-259975 orient(-) score(7770.00) noncoding_equivalent(1554.00) raw_noncoding(1554.00) offset(0.00)
259975	258422	single-	4	6	{HiQ_model.g2652.t1;HiQ},{GlimmerHMM_glimmerT_2862-T1;GlimmerHMM}

# EVM prediction: Mode:STANDARD S-ratio: 4.91 260233-261267 orient(-) score(5159.00) noncoding_equivalent(1051.15) raw_noncoding(1051.15) offset(0.00)
261267	260233	single-	4	6	{HiQ_model.g2653.t1;HiQ},{GlimmerHMM_glimmerT_2863-T1;GlimmerHMM}

# EVM prediction: Mode:STANDARD S-ratio: 5.00 261504-262490 orient(-) score(4935.00) noncoding_equivalent(987.00) raw_noncoding(987.00) offset(0.00)
262490	261504	single-	4	6	{GlimmerHMM_glimmerT_2864-T1;GlimmerHMM},{HiQ_model.g2654.t1;HiQ}

# EVM prediction: Mode:STANDARD S-ratio: 4.87 262743-264020 orient(-) score(6361.00) noncoding_equivalent(1307.26) raw_noncoding(1307.26) offset(0.00)
264020	262743	single-	4	6	{HiQ_model.g2655.t1;HiQ},{GlimmerHMM_glimmerT_2865-T1;GlimmerHMM}

# EVM prediction: Mode:STANDARD S-ratio: 3.00 264314-266428 orient(+) score(6345.00) noncoding_equivalent(2115.00) raw_noncoding(2115.00) offset(0.00)
264314	266428	single+	1	3	{GlimmerHMM_glimmerT_2866-T1;GlimmerHMM},{Augustus_model.g2656.t1;Augustus}

# EVM prediction: Mode:STANDARD S-ratio: 10000.00 266780-268570 orient(-) score(5367.00) noncoding_equivalent(0.54) raw_noncoding(0.00) offset(0.00)
268570	266780	single-	4	6	{GlimmerHMM_glimmerT_2867-T1;GlimmerHMM},{Augustus_model.g2657.t1;Augustus}

# EVM prediction: Mode:STANDARD S-ratio: 5.00 268931-271414 orient(-) score(12420.00) noncoding_equivalent(2484.00) raw_noncoding(2484.00) offset(0.00)
271414	268931	single-	4	6	{GlimmerHMM_glimmerT_2868-T1;GlimmerHMM},{HiQ_model.g2658.t1;HiQ}

# EVM prediction: Mode:STANDARD S-ratio: 82.58 271981-272433 orient(+) score(1791.00) noncoding_equivalent(21.69) raw_noncoding(21.69) offset(0.00)
271981	272433	single+	1	3	{GlimmerHMM_glimmerT_2869-T1;GlimmerHMM},{Augustus_model.g2659.t1;Augustus}

# EVM prediction: Mode:STANDARD S-ratio: 237.89 272794-279900 orient(+) score(28309.00) noncoding_equivalent(119.00) raw_noncoding(119.00) offset(0.00)
272794	279900	single+	1	3	{GlimmerHMM_glimmerT_2870-T1;GlimmerHMM}

# EVM prediction: Mode:STANDARD S-ratio: 133.18 280170-280709 orient(+) score(2142.00) noncoding_equivalent(16.08) raw_noncoding(16.08) offset(0.00)
280170	280709	single+	1	3	{GlimmerHMM_glimmerT_2871-T1;GlimmerHMM}

# EVM prediction: Mode:STANDARD S-ratio: 2.00 280888-282462 orient(-) score(6300.00) noncoding_equivalent(3150.00) raw_noncoding(3150.00) offset(0.00)
282462	280888	single-	4	6	{GlimmerHMM_glimmerT_2872-T1;GlimmerHMM},{HiQ_model.g2661.t1;HiQ}

# EVM prediction: Mode:STANDARD S-ratio: 100.80 282790-284316 orient(+) score(6048.00) noncoding_equivalent(60.00) raw_noncoding(60.00) offset(0.00)
282790	284316	single+	1	3	{GlimmerHMM_glimmerT_2873-T1;GlimmerHMM},{Augustus_model.g2662.t1;Augustus}

# EVM prediction: Mode:STANDARD S-ratio: 155.61 284476-293754 orient(-) score(36879.00) noncoding_equivalent(237.00) raw_noncoding(237.00) offset(0.00)
293754	284476	single-	4	6	{GlimmerHMM_glimmerT_2874-T1;GlimmerHMM},{Augustus_model.g2663.t1;Augustus}

# EVM prediction: Mode:STANDARD S-ratio: 4.34 294151-295164 orient(-) score(4944.00) noncoding_equivalent(1138.65) raw_noncoding(1138.65) offset(0.00)
295164	294151	single-	4	6	{HiQ_model.g2664.t1;HiQ},{GlimmerHMM_glimmerT_2875-T1;GlimmerHMM}

# EVM prediction: Mode:STANDARD S-ratio: 92.82 295443-297764 orient(+) score(9189.00) noncoding_equivalent(99.00) raw_noncoding(99.00) offset(0.00)
295443	297764	single+	1	3	{GlimmerHMM_glimmerT_2876-T1;GlimmerHMM},{Augustus_model.g2665.t1;Augustus}

# EVM prediction: Mode:STANDARD S-ratio: 4.99 297995-299308 orient(-) score(6561.00) noncoding_equivalent(1314.00) raw_noncoding(1314.00) offset(0.00)
299308	297995	single-	4	6	{GlimmerHMM_glimmerT_2877-T1;GlimmerHMM},{HiQ_model.g2666.t1;HiQ}

# EVM prediction: Mode:STANDARD S-ratio: 107.74 300892-301947 orient(+) score(3139.00) noncoding_equivalent(29.14) raw_noncoding(29.14) offset(0.00)
300892	301947	single+	1	3	{GlimmerHMM_glimmerT_2878-T1;GlimmerHMM},{Augustus_model.g2667.t1;Augustus}

# EVM prediction: Mode:STANDARD S-ratio: 10000.00 302447-303226 orient(+) score(3120.00) noncoding_equivalent(0.31) raw_noncoding(0.00) offset(0.00)
302447	303226	single+	1	3	{Augustus_model.g2668.t1;Augustus},{GlimmerHMM_glimmerT_2879-T1;GlimmerHMM}

# EVM prediction: Mode:STANDARD S-ratio: 65.00 303705-304628 orient(+) score(3575.00) noncoding_equivalent(55.00) raw_noncoding(55.00) offset(0.00)
303705	304628	single+	1	3	{Augustus_model.g2669.t1;Augustus},{GlimmerHMM_glimmerT_2880-T1;GlimmerHMM}

# EVM prediction: Mode:STANDARD S-ratio: 136.33 305039-306868 orient(+) score(7267.00) noncoding_equivalent(53.31) raw_noncoding(53.31) offset(0.00)
305039	306868	single+	1	3	{Augustus_model.g2670.t1;Augustus},{GlimmerHMM_glimmerT_2881-T1;GlimmerHMM}

# EVM prediction: Mode:STANDARD S-ratio: 373.03 307151-308185 orient(+) score(4127.00) noncoding_equivalent(11.06) raw_noncoding(11.06) offset(0.00)
307151	308185	single+	1	3	{GlimmerHMM_glimmerT_2882-T1;GlimmerHMM},{Augustus_model.g2671.t1;Augustus}

# EVM prediction: Mode:STANDARD S-ratio: 12.98 308376-311576 orient(-) score(11890.00) noncoding_equivalent(915.70) raw_noncoding(915.70) offset(0.00)
311576	308376	single-	4	6	{GlimmerHMM_glimmerT_2883-T1;GlimmerHMM}

# EVM prediction: Mode:STANDARD S-ratio: 112.91 312150-313100 orient(+) score(3771.00) noncoding_equivalent(33.40) raw_noncoding(33.40) offset(0.00)
312150	313100	single+	1	3	{Augustus_model.g2673.t1;Augustus},{GlimmerHMM_glimmerT_2884-T1;GlimmerHMM}

# EVM prediction: Mode:STANDARD S-ratio: 383.65 313498-314373 orient(+) score(3495.00) noncoding_equivalent(9.11) raw_noncoding(9.11) offset(0.00)
313498	314373	single+	1	3	{Augustus_model.g2674.t1;Augustus},{GlimmerHMM_glimmerT_2885-T1;GlimmerHMM}

# EVM prediction: Mode:STANDARD S-ratio: 10000.00 314582-315316 orient(+) score(2940.00) noncoding_equivalent(0.29) raw_noncoding(0.00) offset(0.00)
314582	315316	single+	1	3	{GlimmerHMM_glimmerT_2886-T1;GlimmerHMM},{Augustus_model.g2675.t1;Augustus}

# EVM prediction: Mode:STANDARD S-ratio: 4.96 315484-316131 orient(-) score(3236.00) noncoding_equivalent(652.13) raw_noncoding(652.13) offset(0.00)
316131	315484	single-	4	6	{GlimmerHMM_glimmerT_2887-T1;GlimmerHMM},{HiQ_model.g2676.t1;HiQ}

# EVM prediction: Mode:STANDARD S-ratio: 739.53 316893-318050 orient(+) score(4626.00) noncoding_equivalent(6.26) raw_noncoding(6.26) offset(0.00)
316893	318050	single+	1	3	{GlimmerHMM_glimmerT_2888-T1;GlimmerHMM},{Augustus_model.g2677.t1;Augustus}

# EVM prediction: Mode:STANDARD S-ratio: 4.64 318226-320322 orient(-) score(10350.00) noncoding_equivalent(2232.00) raw_noncoding(2232.00) offset(0.00)
320322	318226	single-	4	6	{HiQ_model.g2678.t1;HiQ},{GlimmerHMM_glimmerT_2889-T1;GlimmerHMM}

# EVM prediction: Mode:STANDARD S-ratio: 4.55 320665-321432 orient(-) score(3777.00) noncoding_equivalent(831.00) raw_noncoding(831.00) offset(0.00)
321432	320665	single-	4	6	{HiQ_model.g2679.t1;HiQ},{GlimmerHMM_glimmerT_2890-T1;GlimmerHMM}

# EVM prediction: Mode:STANDARD S-ratio: 30.45 323762-325318 orient(+) score(6030.00) noncoding_equivalent(198.00) raw_noncoding(198.00) offset(0.00)
323762	325318	single+	1	3	{Augustus_model.g2680.t1;Augustus}

# EVM prediction: Mode:STANDARD S-ratio: 271.85 325805-326848 orient(+) score(4161.00) noncoding_equivalent(15.31) raw_noncoding(15.31) offset(0.00)
325805	326848	single+	1	3	{GlimmerHMM_glimmerT_2892-T1;GlimmerHMM},{Augustus_model.g2681.t1;Augustus}

# EVM prediction: Mode:STANDARD S-ratio: 27.26 327237-328133 orient(+) score(2596.00) noncoding_equivalent(95.22) raw_noncoding(95.22) offset(0.00)
327237	328133	single+	1	3	{GlimmerHMM_glimmerT_2893-T1;GlimmerHMM}

# EVM prediction: Mode:STANDARD S-ratio: 27.05 328807-329937 orient(+) score(4361.00) noncoding_equivalent(161.21) raw_noncoding(161.21) offset(0.00)
328807	329937	single+	1	3	{GlimmerHMM_glimmerT_2894-T1;GlimmerHMM}

# EVM prediction: Mode:STANDARD S-ratio: 4.88 330375-331742 orient(-) score(6813.00) noncoding_equivalent(1395.00) raw_noncoding(1395.00) offset(0.00)
331742	330375	single-	4	6	{GlimmerHMM_glimmerT_2895-T1;GlimmerHMM},{HiQ_model.g2683.t1;HiQ}

# EVM prediction: Mode:STANDARD S-ratio: 53.75 332895-334652 orient(+) score(6904.00) noncoding_equivalent(128.46) raw_noncoding(128.46) offset(0.00)
332895	334652	single+	1	3	{GlimmerHMM_glimmerT_2896-T1;GlimmerHMM},{Augustus_model.g2684.t1;Augustus}

# EVM prediction: Mode:STANDARD S-ratio: 4.92 335047-335598 orient(-) score(2753.00) noncoding_equivalent(559.15) raw_noncoding(559.15) offset(0.00)
335598	335047	single-	4	6	{HiQ_model.g2685.t1;HiQ},{GlimmerHMM_glimmerT_2897-T1;GlimmerHMM}

# EVM prediction: Mode:STANDARD S-ratio: 92.82 336024-336857 orient(+) score(3301.00) noncoding_equivalent(35.56) raw_noncoding(35.56) offset(0.00)
336024	336857	single+	1	3	{GlimmerHMM_glimmerT_2898-T1;GlimmerHMM},{Augustus_model.g2686.t1;Augustus}

# EVM prediction: Mode:STANDARD S-ratio: 673.57 337014-338372 orient(-) score(5426.00) noncoding_equivalent(8.06) raw_noncoding(8.06) offset(0.00)
338372	337014	single-	4	6	{GlimmerHMM_glimmerT_2899-T1;GlimmerHMM}

# EVM prediction: Mode:STANDARD S-ratio: 82.98 338639-339061 orient(-) score(1672.00) noncoding_equivalent(20.15) raw_noncoding(20.15) offset(0.00)
339061	338639	single-	4	6	{GlimmerHMM_glimmerT_2900-T1;GlimmerHMM}

# EVM prediction: Mode:STANDARD S-ratio: 103.85 339542-340783 orient(+) score(4921.00) noncoding_equivalent(47.39) raw_noncoding(47.39) offset(0.00)
339542	340783	single+	1	3	{Augustus_model.g2688.t1;Augustus},{GlimmerHMM_glimmerT_2901-T1;GlimmerHMM}

# EVM prediction: Mode:STANDARD S-ratio: 5.00 341086-343167 orient(-) score(10410.00) noncoding_equivalent(2082.00) raw_noncoding(2082.00) offset(0.00)
343167	341086	single-	4	6	{HiQ_model.g2689.t1;HiQ},{GlimmerHMM_glimmerT_2902-T1;GlimmerHMM}

# EVM prediction: Mode:STANDARD S-ratio: 4.89 343511-345253 orient(-) score(8684.00) noncoding_equivalent(1774.33) raw_noncoding(1774.33) offset(0.00)
345253	343511	single-	4	6	{HiQ_model.g2690.t1;HiQ},{GlimmerHMM_glimmerT_2903-T1;GlimmerHMM}

# EVM prediction: Mode:STANDARD S-ratio: 3.00 345531-346151 orient(+) score(1863.00) noncoding_equivalent(621.00) raw_noncoding(621.00) offset(0.00)
345531	346151	single+	1	3	{Augustus_model.g2691.t1;Augustus},{GlimmerHMM_glimmerT_2904-T1;GlimmerHMM}

# EVM prediction: Mode:STANDARD S-ratio: 4.97 346317-348539 orient(-) score(11102.00) noncoding_equivalent(2234.05) raw_noncoding(2234.05) offset(0.00)
348539	346317	single-	4	6	{HiQ_model.g2692.t1;HiQ},{GlimmerHMM_glimmerT_2905-T1;GlimmerHMM}

# EVM prediction: Mode:STANDARD S-ratio: 4.46 348893-349339 orient(-) score(2191.00) noncoding_equivalent(491.22) raw_noncoding(491.22) offset(0.00)
349339	348893	single-	4	6	{GlimmerHMM_glimmerT_2906-T1;GlimmerHMM},{HiQ_model.g2693.t1;HiQ}

# EVM prediction: Mode:STANDARD S-ratio: 6.67 349575-350522 orient(+) score(3298.00) noncoding_equivalent(494.59) raw_noncoding(494.59) offset(0.00)
349575	350522	single+	1	3	{GlimmerHMM_glimmerT_2907-T1;GlimmerHMM}

# EVM prediction: Mode:STANDARD S-ratio: 2.78 350886-351824 orient(+) score(2762.00) noncoding_equivalent(992.18) raw_noncoding(992.18) offset(0.00)
350886	351824	single+	1	3	{GlimmerHMM_glimmerT_2908-T1;GlimmerHMM}

# EVM prediction: Mode:STANDARD S-ratio: 4.90 351973-353328 orient(-) score(6758.00) noncoding_equivalent(1378.39) raw_noncoding(1378.39) offset(0.00)
353328	351973	single-	4	6	{HiQ_model.g2695.t1;HiQ},{GlimmerHMM_glimmerT_2909-T1;GlimmerHMM}

# EVM prediction: Mode:STANDARD S-ratio: 4.86 353713-356280 orient(-) score(12780.00) noncoding_equivalent(2628.00) raw_noncoding(2628.00) offset(0.00)
356280	353713	single-	4	6	{HiQ_model.g2696.t1;HiQ},{GlimmerHMM_glimmerT_2910-T1;GlimmerHMM}

# EVM prediction: Mode:STANDARD S-ratio: 15.63 356906-358544 orient(+) score(4450.00) noncoding_equivalent(284.74) raw_noncoding(467.00) offset(182.26)
356906	358244	initial+	1	1	{snap_scaffold_8-snap.132-T1;snap}
358245	358425	INTRON			{snap_scaffold_8-snap.132-T1;snap}
358426	358544	terminal+	2	3	{snap_scaffold_8-snap.132-T1;snap}

# EVM prediction: Mode:STANDARD S-ratio: 6.81 358877-359939 orient(-) score(3703.00) noncoding_equivalent(544.01) raw_noncoding(1246.58) offset(702.57)
359581	358877	terminal-	4	6	{snap_scaffold_8-snap.133-T1;snap},{Augustus_model.g2698.t1;Augustus}
359933	359582	INTRON			{Augustus_model.g2698.t1;Augustus}
359939	359934	initial-	4	6	{Augustus_model.g2698.t1;Augustus}

# EVM prediction: Mode:STANDARD S-ratio: 4.41 360671-362029 orient(-) score(6648.00) noncoding_equivalent(1506.00) raw_noncoding(1506.00) offset(0.00)
362029	360671	single-	4	6	{GlimmerHMM_glimmerT_2913-T1;GlimmerHMM},{HiQ_model.g2699.t1;HiQ}

# EVM prediction: Mode:STANDARD S-ratio: 433.94 363275-364225 orient(+) score(3796.00) noncoding_equivalent(8.75) raw_noncoding(8.75) offset(0.00)
363275	364225	single+	1	3	{GlimmerHMM_glimmerT_2914-T1;GlimmerHMM}

# EVM prediction: Mode:STANDARD S-ratio: 10.09 364706-366094 orient(+) score(5055.00) noncoding_equivalent(501.00) raw_noncoding(501.00) offset(0.00)
364706	366094	single+	1	3	{GlimmerHMM_glimmerT_2915-T1;GlimmerHMM}

# EVM prediction: Mode:STANDARD S-ratio: 2.00 366283-367119 orient(-) score(3348.00) noncoding_equivalent(1674.00) raw_noncoding(1674.00) offset(0.00)
367119	366283	single-	4	6	{HiQ_model.g2701.t1;HiQ},{GlimmerHMM_glimmerT_2916-T1;GlimmerHMM}

# EVM prediction: Mode:STANDARD S-ratio: 9.18 367713-370636 orient(+) score(10459.00) noncoding_equivalent(1139.00) raw_noncoding(1515.00) offset(376.00)
367713	369263	initial+	1	3	{Augustus_model.g2702.t1;Augustus}
369264	369697	INTRON			{Augustus_model.g2702.t1;Augustus},{snap_scaffold_8-snap.136-T1;snap}
369698	370636	terminal+	1	3	{Augustus_model.g2702.t1;Augustus},{snap_scaffold_8-snap.136-T1;snap}

# EVM prediction: Mode:STANDARD S-ratio: 2.00 370845-371267 orient(-) score(1692.00) noncoding_equivalent(846.00) raw_noncoding(846.00) offset(0.00)
371267	370845	single-	4	6	{GlimmerHMM_glimmerT_2919-T1;GlimmerHMM},{HiQ_model.g2703.t1;HiQ}

# EVM prediction: Mode:STANDARD S-ratio: 6.51 371668-372668 orient(+) score(3245.00) noncoding_equivalent(498.38) raw_noncoding(1233.00) offset(734.62)
371668	371674	initial+	1	1	{snap_scaffold_8-snap.137-T1;snap},{Augustus_model.g2704.t1;Augustus}
371675	372087	INTRON			{snap_scaffold_8-snap.137-T1;snap}
372088	372668	terminal+	2	3	{snap_scaffold_8-snap.137-T1;snap}

# EVM prediction: Mode:STANDARD S-ratio: 2.95 373126-373437 orient(+) score(932.00) noncoding_equivalent(316.02) raw_noncoding(316.02) offset(0.00)
373126	373437	single+	1	3	{GlimmerHMM_glimmerT_2921-T1;GlimmerHMM}

# EVM prediction: Mode:STANDARD S-ratio: 10000.00 373857-374300 orient(+) score(2220.00) noncoding_equivalent(0.22) raw_noncoding(0.00) offset(0.00)
373857	374300	single+	1	3	{Augustus_model.g2705.t1;Augustus},{GlimmerHMM_glimmerT_2922-T1;GlimmerHMM}

# EVM prediction: Mode:STANDARD S-ratio: 63.19 374812-375945 orient(+) score(3349.00) noncoding_equivalent(53.00) raw_noncoding(53.00) offset(0.00)
374812	375945	single+	1	3	{Augustus_model.g2706.t1;Augustus},{GlimmerHMM_glimmerT_2923-T1;GlimmerHMM}

# EVM prediction: Mode:STANDARD S-ratio: 4.93 376242-376913 orient(-) score(3352.00) noncoding_equivalent(680.06) raw_noncoding(680.06) offset(0.00)
376913	376242	single-	4	6	{HiQ_model.g2707.t1;HiQ},{GlimmerHMM_glimmerT_2924-T1;GlimmerHMM}

# EVM prediction: Mode:STANDARD S-ratio: 54.11 377198-377569 orient(+) score(1461.00) noncoding_equivalent(27.00) raw_noncoding(27.00) offset(0.00)
377198	377569	single+	1	3	{GlimmerHMM_glimmerT_2925-T1;GlimmerHMM},{Augustus_model.g2708.t1;Augustus}

# EVM prediction: Mode:STANDARD S-ratio: 5.00 377774-379042 orient(-) score(6345.00) noncoding_equivalent(1269.00) raw_noncoding(1269.00) offset(0.00)
379042	377774	single-	4	6	{HiQ_model.g2709.t1;HiQ},{GlimmerHMM_glimmerT_2926-T1;GlimmerHMM}

# EVM prediction: Mode:STANDARD S-ratio: 4.99 379396-381060 orient(-) score(8321.00) noncoding_equivalent(1669.03) raw_noncoding(1669.03) offset(0.00)
381060	379396	single-	4	6	{GlimmerHMM_glimmerT_2927-T1;GlimmerHMM},{HiQ_model.g2710.t1;HiQ}

# EVM prediction: Mode:STANDARD S-ratio: 4.75 382363-383016 orient(-) score(3242.00) noncoding_equivalent(682.00) raw_noncoding(682.00) offset(0.00)
383016	382363	single-	4	6	{GlimmerHMM_glimmerT_2928-T1;GlimmerHMM},{HiQ_model.g2711.t1;HiQ}

# EVM prediction: Mode:STANDARD S-ratio: 4.96 383287-385683 orient(-) score(11968.00) noncoding_equivalent(2414.92) raw_noncoding(2414.92) offset(0.00)
385683	383287	single-	4	6	{GlimmerHMM_glimmerT_2929-T1;GlimmerHMM},{HiQ_model.g2712.t1;HiQ}

# EVM prediction: Mode:STANDARD S-ratio: 42.59 386070-387464 orient(+) score(4089.00) noncoding_equivalent(96.00) raw_noncoding(96.00) offset(0.00)
386070	387464	single+	1	3	{Augustus_model.g2713.t1;Augustus},{GlimmerHMM_glimmerT_2930-T1;GlimmerHMM}

# EVM prediction: Mode:STANDARD S-ratio: 138.03 388033-389688 orient(+) score(6577.00) noncoding_equivalent(47.65) raw_noncoding(47.65) offset(0.00)
388033	389688	single+	1	3	{Augustus_model.g2714.t1;Augustus},{GlimmerHMM_glimmerT_2931-T1;GlimmerHMM}

# EVM prediction: Mode:STANDARD S-ratio: 72.66 390740-391375 orient(+) score(2510.00) noncoding_equivalent(34.54) raw_noncoding(34.54) offset(0.00)
390740	391375	single+	1	3	{Augustus_model.g2715.t1;Augustus},{GlimmerHMM_glimmerT_2932-T1;GlimmerHMM}

# EVM prediction: Mode:STANDARD S-ratio: 482.43 392936-395473 orient(+) score(10131.00) noncoding_equivalent(21.00) raw_noncoding(21.00) offset(0.00)
392936	395473	single+	1	3	{Augustus_model.g2716.t1;Augustus},{GlimmerHMM_glimmerT_2933-T1;GlimmerHMM}

# EVM prediction: Mode:STANDARD S-ratio: 739.00 396333-399107 orient(+) score(11085.00) noncoding_equivalent(15.00) raw_noncoding(15.00) offset(0.00)
396333	399107	single+	1	3	{GlimmerHMM_glimmerT_2934-T1;GlimmerHMM},{Augustus_model.g2717.t1;Augustus}

# EVM prediction: Mode:STANDARD S-ratio: 4.75 399419-400540 orient(-) score(5562.00) noncoding_equivalent(1170.38) raw_noncoding(1170.38) offset(0.00)
400540	399419	single-	4	6	{HiQ_model.g2718.t1;HiQ}

# EVM prediction: Mode:STANDARD S-ratio: 69.34 400787-402001 orient(+) score(3826.00) noncoding_equivalent(55.18) raw_noncoding(55.18) offset(0.00)
400787	402001	single+	1	3	{GlimmerHMM_glimmerT_2936-T1;GlimmerHMM}

# EVM prediction: Mode:STANDARD S-ratio: 37.87 402311-403708 orient(+) score(5447.00) noncoding_equivalent(143.85) raw_noncoding(143.85) offset(0.00)
402311	403708	single+	1	3	{GlimmerHMM_glimmerT_2937-T1;GlimmerHMM}

# EVM prediction: Mode:STANDARD S-ratio: 4.97 403868-409375 orient(-) score(27513.00) noncoding_equivalent(5535.00) raw_noncoding(5535.00) offset(0.00)
409375	403868	single-	4	6	{HiQ_model.g2720.t1;HiQ},{GlimmerHMM_glimmerT_2938-T1;GlimmerHMM}

# EVM prediction: Mode:STANDARD S-ratio: 2.38 412195-412623 orient(+) score(1209.00) noncoding_equivalent(507.00) raw_noncoding(507.00) offset(0.00)
412195	412623	single+	1	3	{GlimmerHMM_glimmerT_2939-T1;GlimmerHMM}

# EVM prediction: Mode:STANDARD S-ratio: 4.99 412779-413753 orient(-) score(4869.00) noncoding_equivalent(975.00) raw_noncoding(975.00) offset(0.00)
413753	412779	single-	4	6	{GlimmerHMM_glimmerT_2940-T1;GlimmerHMM},{HiQ_model.g2721.t1;HiQ}

# EVM prediction: Mode:STANDARD S-ratio: 58.76 414510-416522 orient(+) score(7919.00) noncoding_equivalent(134.77) raw_noncoding(134.77) offset(0.00)
414510	416522	single+	1	3	{GlimmerHMM_glimmerT_2941-T1;GlimmerHMM}

# EVM prediction: Mode:STANDARD S-ratio: 22.16 416994-419624 orient(+) score(10040.00) noncoding_equivalent(453.00) raw_noncoding(648.00) offset(195.00)
416994	417798	initial+	1	1	{Augustus_model.g2723.t1;Augustus},{snap_scaffold_8-snap.157-T1;snap}
417799	418011	INTRON			{Augustus_model.g2723.t1;Augustus},{snap_scaffold_8-snap.157-T1;snap}
418012	419624	terminal+	2	3	{Augustus_model.g2723.t1;Augustus},{snap_scaffold_8-snap.157-T1;snap}

# EVM prediction: Mode:STANDARD S-ratio: 108.80 420071-421942 orient(+) score(7412.00) noncoding_equivalent(68.12) raw_noncoding(68.12) offset(0.00)
420071	421942	single+	1	3	{GlimmerHMM_glimmerT_2944-T1;GlimmerHMM}

# EVM prediction: Mode:STANDARD S-ratio: 5.00 422205-424229 orient(-) score(10125.00) noncoding_equivalent(2025.00) raw_noncoding(2025.00) offset(0.00)
424229	422205	single-	4	6	{HiQ_model.g2725.t1;HiQ},{GlimmerHMM_glimmerT_2945-T1;GlimmerHMM}

# EVM prediction: Mode:STANDARD S-ratio: 3.00 424461-425021 orient(+) score(1683.00) noncoding_equivalent(561.00) raw_noncoding(561.00) offset(0.00)
424461	425021	single+	1	3	{Augustus_model.g2726.t1;Augustus},{GlimmerHMM_glimmerT_2946-T1;GlimmerHMM}

# EVM prediction: Mode:STANDARD S-ratio: 5.98 425336-428878 orient(-) score(21221.00) noncoding_equivalent(3547.07) raw_noncoding(3547.07) offset(0.00)
428878	425336	single-	4	6	{HiQ_model.g2727.t1;HiQ},{GlimmerHMM_glimmerT_2947-T1;GlimmerHMM}

# EVM prediction: Mode:STANDARD S-ratio: 4.46 429624-431306 orient(-) score(8489.00) noncoding_equivalent(1902.00) raw_noncoding(1902.00) offset(0.00)
431306	429624	single-	4	6	{HiQ_model.g2728.t1;HiQ},{GlimmerHMM_glimmerT_2948-T1;GlimmerHMM}

# EVM prediction: Mode:STANDARD S-ratio: 4.95 431782-432882 orient(-) score(5494.00) noncoding_equivalent(1110.04) raw_noncoding(1110.04) offset(0.00)
432882	431782	single-	4	6	{GlimmerHMM_glimmerT_2949-T1;GlimmerHMM},{HiQ_model.g2729.t1;HiQ}

# EVM prediction: Mode:STANDARD S-ratio: 695.54 433349-434980 orient(-) score(4889.00) noncoding_equivalent(7.03) raw_noncoding(7.03) offset(0.00)
434980	433349	single-	4	6	{GlimmerHMM_glimmerT_2950-T1;GlimmerHMM},{Augustus_model.g2730.t1;Augustus}

# EVM prediction: Mode:STANDARD S-ratio: 4.88 435292-436926 orient(-) score(8142.00) noncoding_equivalent(1668.00) raw_noncoding(1668.00) offset(0.00)
436926	435292	single-	4	6	{HiQ_model.g2731.t1;HiQ},{GlimmerHMM_glimmerT_2951-T1;GlimmerHMM}

# EVM prediction: Mode:STANDARD S-ratio: 188.93 437256-439958 orient(+) score(10769.00) noncoding_equivalent(57.00) raw_noncoding(57.00) offset(0.00)
437256	439958	single+	1	3	{Augustus_model.g2732.t1;Augustus},{GlimmerHMM_glimmerT_2952-T1;GlimmerHMM}

# EVM prediction: Mode:STANDARD S-ratio: 4.72 440200-441762 orient(-) score(7740.00) noncoding_equivalent(1639.65) raw_noncoding(1639.65) offset(0.00)
441762	440200	single-	4	6	{GlimmerHMM_glimmerT_2953-T1;GlimmerHMM},{HiQ_model.g2733.t1;HiQ}

# EVM prediction: Mode:STANDARD S-ratio: 3.08 442139-442855 orient(+) score(2151.00) noncoding_equivalent(699.00) raw_noncoding(699.00) offset(0.00)
442139	442855	single+	1	3	{Augustus_model.g2734.t1;Augustus}

# EVM prediction: Mode:STANDARD S-ratio: 4.97 442985-445849 orient(-) score(14313.00) noncoding_equivalent(2877.18) raw_noncoding(2877.18) offset(0.00)
445849	442985	single-	4	6	{GlimmerHMM_glimmerT_2955-T1;GlimmerHMM},{HiQ_model.g2735.t1;HiQ}

# EVM prediction: Mode:STANDARD S-ratio: 4.66 446177-446593 orient(-) score(2041.00) noncoding_equivalent(438.44) raw_noncoding(438.44) offset(0.00)
446593	446177	single-	4	6	{GlimmerHMM_glimmerT_2956-T1;GlimmerHMM},{HiQ_model.g2736.t1;HiQ}

# EVM prediction: Mode:STANDARD S-ratio: 4.72 448805-449716 orient(-) score(4515.00) noncoding_equivalent(957.00) raw_noncoding(957.00) offset(0.00)
449716	448805	single-	4	6	{HiQ_model.g2737.t1;HiQ},{GlimmerHMM_glimmerT_2957-T1;GlimmerHMM}

# EVM prediction: Mode:STANDARD S-ratio: 212.95 450054-451295 orient(+) score(4945.00) noncoding_equivalent(23.22) raw_noncoding(23.22) offset(0.00)
450054	451295	single+	1	3	{Augustus_model.g2738.t1;Augustus},{GlimmerHMM_glimmerT_2958-T1;GlimmerHMM}

# EVM prediction: Mode:STANDARD S-ratio: 10000.00 451603-451887 orient(+) score(1140.00) noncoding_equivalent(0.11) raw_noncoding(0.00) offset(0.00)
451603	451887	single+	1	3	{GlimmerHMM_glimmerT_2959-T1;GlimmerHMM},{Augustus_model.g2739.t1;Augustus}

# EVM prediction: Mode:STANDARD S-ratio: 4.88 452064-453218 orient(-) score(5751.00) noncoding_equivalent(1179.00) raw_noncoding(1179.00) offset(0.00)
453218	452064	single-	4	6	{HiQ_model.g2740.t1;HiQ},{GlimmerHMM_glimmerT_2960-T1;GlimmerHMM}

# EVM prediction: Mode:STANDARD S-ratio: 108.89 453527-456889 orient(+) score(13329.00) noncoding_equivalent(122.41) raw_noncoding(122.41) offset(0.00)
453527	456889	single+	1	3	{Augustus_model.g2741.t1;Augustus},{GlimmerHMM_glimmerT_2961-T1;GlimmerHMM}

# EVM prediction: Mode:STANDARD S-ratio: 4.81 457009-458319 orient(-) score(6513.00) noncoding_equivalent(1354.53) raw_noncoding(1354.53) offset(0.00)
458319	457009	single-	4	6	{GlimmerHMM_glimmerT_2962-T1;GlimmerHMM},{HiQ_model.g2742.t1;HiQ}

# EVM prediction: Mode:STANDARD S-ratio: 1248.12 458595-461144 orient(+) score(10193.00) noncoding_equivalent(8.17) raw_noncoding(8.17) offset(0.00)
458595	461144	single+	1	3	{GlimmerHMM_glimmerT_2963-T1;GlimmerHMM},{Augustus_model.g2743.t1;Augustus}

# EVM prediction: Mode:STANDARD S-ratio: 16.49 461736-463931 orient(-) score(8282.00) noncoding_equivalent(502.30) raw_noncoding(502.30) offset(0.00)
463931	461736	single-	4	6	{GlimmerHMM_glimmerT_2964-T1;GlimmerHMM}

# EVM prediction: Mode:STANDARD S-ratio: 4.56 464972-466561 orient(-) score(7824.00) noncoding_equivalent(1717.12) raw_noncoding(1717.12) offset(0.00)
466561	464972	single-	4	6	{HiQ_model.g2745.t1;HiQ},{GlimmerHMM_glimmerT_2965-T1;GlimmerHMM}

# EVM prediction: Mode:STANDARD S-ratio: 3.56 467108-468460 orient(-) score(6336.00) noncoding_equivalent(1782.00) raw_noncoding(1782.00) offset(0.00)
468460	467108	single-	4	6	{GlimmerHMM_glimmerT_2966-T1;GlimmerHMM},{HiQ_model.g2746.t1;HiQ}

# EVM prediction: Mode:STANDARD S-ratio: 4.60 469213-470679 orient(-) score(7230.00) noncoding_equivalent(1572.00) raw_noncoding(1572.00) offset(0.00)
470679	469213	single-	4	6	{GlimmerHMM_glimmerT_2967-T1;GlimmerHMM},{HiQ_model.g2747.t1;HiQ}

# EVM prediction: Mode:STANDARD S-ratio: 3.05 471298-472014 orient(+) score(2151.00) noncoding_equivalent(704.17) raw_noncoding(704.17) offset(0.00)
471298	472014	single+	1	3	{GlimmerHMM_glimmerT_2968-T1;GlimmerHMM},{Augustus_model.g2748.t1;Augustus}

# EVM prediction: Mode:STANDARD S-ratio: 4.49 472075-473421 orient(-) score(6610.00) noncoding_equivalent(1472.14) raw_noncoding(1472.14) offset(0.00)
473421	472075	single-	4	6	{HiQ_model.g2749.t1;HiQ},{GlimmerHMM_glimmerT_2969-T1;GlimmerHMM}

# EVM prediction: Mode:STANDARD S-ratio: 238.09 474155-474643 orient(+) score(1948.00) noncoding_equivalent(8.18) raw_noncoding(8.18) offset(0.00)
474155	474643	single+	1	3	{Augustus_model.g2750.t1;Augustus},{GlimmerHMM_glimmerT_2970-T1;GlimmerHMM}

# EVM prediction: Mode:STANDARD S-ratio: 137.06 474777-477986 orient(-) score(12747.00) noncoding_equivalent(93.00) raw_noncoding(93.00) offset(0.00)
477986	474777	single-	4	6	{Augustus_model.g2751.t1;Augustus},{GlimmerHMM_glimmerT_2971-T1;GlimmerHMM}

# EVM prediction: Mode:STANDARD S-ratio: 762.30 478219-479382 orient(+) score(4650.00) noncoding_equivalent(6.10) raw_noncoding(6.10) offset(0.00)
478219	479382	single+	1	3	{Augustus_model.g2752.t1;Augustus},{GlimmerHMM_glimmerT_2972-T1;GlimmerHMM}

# EVM prediction: Mode:STANDARD S-ratio: 5.00 479622-481073 orient(-) score(7260.00) noncoding_equivalent(1452.00) raw_noncoding(1452.00) offset(0.00)
481073	479622	single-	4	6	{HiQ_model.g2753.t1;HiQ},{GlimmerHMM_glimmerT_2973-T1;GlimmerHMM}

# EVM prediction: Mode:STANDARD S-ratio: 4.99 481423-483081 orient(-) score(8291.00) noncoding_equivalent(1663.02) raw_noncoding(1663.02) offset(0.00)
483081	481423	single-	4	6	{GlimmerHMM_glimmerT_2974-T1;GlimmerHMM},{HiQ_model.g2754.t1;HiQ}

# EVM prediction: Mode:STANDARD S-ratio: 4.61 483498-484610 orient(-) score(5487.00) noncoding_equivalent(1191.00) raw_noncoding(1191.00) offset(0.00)
484610	483498	single-	4	6	{HiQ_model.g2755.t1;HiQ},{GlimmerHMM_glimmerT_2975-T1;GlimmerHMM}

# EVM prediction: Mode:STANDARD S-ratio: 160.23 485649-487220 orient(+) score(6249.00) noncoding_equivalent(39.00) raw_noncoding(39.00) offset(0.00)
485649	487220	single+	1	3	{Augustus_model.g2756.t1;Augustus},{GlimmerHMM_glimmerT_2976-T1;GlimmerHMM}

# EVM prediction: Mode:STANDARD S-ratio: 202.73 488005-488928 orient(+) score(3678.00) noncoding_equivalent(18.14) raw_noncoding(18.14) offset(0.00)
488005	488928	single+	1	3	{GlimmerHMM_glimmerT_2977-T1;GlimmerHMM},{Augustus_model.g2757.t1;Augustus}

# EVM prediction: Mode:STANDARD S-ratio: 218.05 489226-489669 orient(+) score(1768.00) noncoding_equivalent(8.11) raw_noncoding(8.11) offset(0.00)
489226	489669	single+	1	3	{GlimmerHMM_glimmerT_2978-T1;GlimmerHMM},{Augustus_model.g2758.t1;Augustus}

# EVM prediction: Mode:STANDARD S-ratio: 17.77 489886-490251 orient(+) score(1386.00) noncoding_equivalent(78.00) raw_noncoding(78.00) offset(0.00)
489886	490251	single+	1	3	{GlimmerHMM_glimmerT_2979-T1;GlimmerHMM}

# EVM prediction: Mode:STANDARD S-ratio: 3.16 490352-490909 orient(-) score(2520.00) noncoding_equivalent(798.00) raw_noncoding(798.00) offset(0.00)
490909	490352	single-	4	6	{GlimmerHMM_glimmerT_2980-T1;GlimmerHMM},{HiQ_model.g2760.t1;HiQ}

# EVM prediction: Mode:STANDARD S-ratio: 51.45 491072-493156 orient(+) score(8181.00) noncoding_equivalent(159.00) raw_noncoding(159.00) offset(0.00)
491072	493156	single+	1	3	{GlimmerHMM_glimmerT_2981-T1;GlimmerHMM},{Augustus_model.g2761.t1;Augustus}

# EVM prediction: Mode:STANDARD S-ratio: 2.22 493234-493688 orient(-) score(1820.00) noncoding_equivalent(820.00) raw_noncoding(1002.00) offset(182.00)
493533	493234	terminal-	4	6	{HiQ_model.g2762.t1;HiQ},{GlimmerHMM_glimmerT_2982-T1;GlimmerHMM}
493625	493534	INTRON			{HiQ_model.g2762.t1;HiQ},{GlimmerHMM_glimmerT_2982-T1;GlimmerHMM},{ev_type:exonerate/ID=match.147026.5616/Target=YBR255C-A;exonerate}
493688	493626	initial-	4	6	{HiQ_model.g2762.t1;HiQ},{GlimmerHMM_glimmerT_2982-T1;GlimmerHMM}

# EVM prediction: Mode:STANDARD S-ratio: 4.83 493999-494715 orient(-) score(3564.00) noncoding_equivalent(738.00) raw_noncoding(738.00) offset(0.00)
494715	493999	single-	4	6	{GlimmerHMM_glimmerT_2983-T1;GlimmerHMM},{HiQ_model.g2763.t1;HiQ}

# EVM prediction: Mode:STANDARD S-ratio: 45.73 495498-496337 orient(+) score(3289.00) noncoding_equivalent(71.93) raw_noncoding(71.93) offset(0.00)
495498	496337	single+	1	3	{GlimmerHMM_glimmerT_2984-T1;GlimmerHMM},{Augustus_model.g2764.t1;Augustus}

# EVM prediction: Mode:STANDARD S-ratio: 2.04 496347-496775 orient(-) score(1710.00) noncoding_equivalent(836.95) raw_noncoding(836.95) offset(0.00)
496775	496347	single-	4	6	{HiQ_model.g2765.t1;HiQ},{GlimmerHMM_glimmerT_2985-T1;GlimmerHMM}

# EVM prediction: Mode:STANDARD S-ratio: 3.00 497000-499066 orient(+) score(6201.00) noncoding_equivalent(2067.00) raw_noncoding(2067.00) offset(0.00)
497000	499066	single+	1	3	{Augustus_model.g2766.t1;Augustus},{GlimmerHMM_glimmerT_2986-T1;GlimmerHMM}

# EVM prediction: Mode:STANDARD S-ratio: 5.00 499251-501251 orient(-) score(10005.00) noncoding_equivalent(2001.00) raw_noncoding(2001.00) offset(0.00)
501251	499251	single-	4	6	{HiQ_model.g2767.t1;HiQ},{GlimmerHMM_glimmerT_2987-T1;GlimmerHMM}

# EVM prediction: Mode:STANDARD S-ratio: 4.70 501444-502142 orient(-) score(3459.00) noncoding_equivalent(735.53) raw_noncoding(735.53) offset(0.00)
502142	501444	single-	4	6	{HiQ_model.g2768.t1;HiQ},{GlimmerHMM_glimmerT_2988-T1;GlimmerHMM}

# EVM prediction: Mode:STANDARD S-ratio: 4.80 502332-502652 orient(-) score(1594.00) noncoding_equivalent(332.20) raw_noncoding(332.20) offset(0.00)
502652	502332	single-	4	6	{HiQ_model.g2769.t1;HiQ},{GlimmerHMM_glimmerT_2989-T1;GlimmerHMM}

# EVM prediction: Mode:STANDARD S-ratio: 139.29 502875-504347 orient(+) score(5850.00) noncoding_equivalent(42.00) raw_noncoding(42.00) offset(0.00)
502875	504347	single+	1	3	{GlimmerHMM_glimmerT_2990-T1;GlimmerHMM},{Augustus_model.g2770.t1;Augustus}

# EVM prediction: Mode:STANDARD S-ratio: 4.37 504381-505037 orient(-) score(3161.00) noncoding_equivalent(724.00) raw_noncoding(724.00) offset(0.00)
505037	504381	single-	4	6	{GlimmerHMM_glimmerT_2991-T1;GlimmerHMM},{HiQ_model.g2771.t1;HiQ}

# EVM prediction: Mode:STANDARD S-ratio: 258.34 505194-506156 orient(+) score(3836.00) noncoding_equivalent(14.85) raw_noncoding(14.85) offset(0.00)
505194	506156	single+	1	3	{GlimmerHMM_glimmerT_2992-T1;GlimmerHMM},{Augustus_model.g2772.t1;Augustus}

# EVM prediction: Mode:STANDARD S-ratio: 4.98 506528-507634 orient(+) score(5531.00) noncoding_equivalent(1111.03) raw_noncoding(1111.03) offset(0.00)
506528	507634	single+	1	3	{HiQ_model.g2773.t1;HiQ}

# EVM prediction: Mode:STANDARD S-ratio: 3.00 507911-508228 orient(+) score(954.00) noncoding_equivalent(318.00) raw_noncoding(318.00) offset(0.00)
507911	508228	single+	1	3	{GlimmerHMM_glimmerT_2994-T1;GlimmerHMM}

# EVM prediction: Mode:STANDARD S-ratio: 4.02 508776-509192 orient(-) score(2004.00) noncoding_equivalent(498.00) raw_noncoding(498.00) offset(0.00)
509192	508776	single-	4	6	{HiQ_model.g2774.t1;HiQ}

# EVM prediction: Mode:STANDARD S-ratio: 4.97 509376-511013 orient(-) score(8182.00) noncoding_equivalent(1646.09) raw_noncoding(1646.09) offset(0.00)
511013	509376	single-	4	6	{GlimmerHMM_glimmerT_2996-T1;GlimmerHMM},{HiQ_model.g2775.t1;HiQ}

# EVM prediction: Mode:STANDARD S-ratio: 158.32 511467-512726 orient(+) score(5009.00) noncoding_equivalent(31.64) raw_noncoding(31.64) offset(0.00)
511467	512726	single+	1	3	{GlimmerHMM_glimmerT_2997-T1;GlimmerHMM},{Augustus_model.g2776.t1;Augustus}

# EVM prediction: Mode:STANDARD S-ratio: 4.73 512963-514411 orient(-) score(7164.00) noncoding_equivalent(1515.00) raw_noncoding(1515.00) offset(0.00)
514411	512963	single-	4	6	{HiQ_model.g2777.t1;HiQ},{GlimmerHMM_glimmerT_2998-T1;GlimmerHMM}

# EVM prediction: Mode:STANDARD S-ratio: 5.00 514669-515979 orient(-) score(6555.00) noncoding_equivalent(1311.00) raw_noncoding(1311.00) offset(0.00)
515979	514669	single-	4	6	{GlimmerHMM_glimmerT_2999-T1;GlimmerHMM},{HiQ_model.g2778.t1;HiQ}

# EVM prediction: Mode:STANDARD S-ratio: 62.36 516202-517785 orient(+) score(4677.00) noncoding_equivalent(75.00) raw_noncoding(75.00) offset(0.00)
516202	517785	single+	1	3	{GlimmerHMM_glimmerT_3000-T1;GlimmerHMM},{Augustus_model.g2779.t1;Augustus}

# EVM prediction: Mode:STANDARD S-ratio: 1277.00 517964-523714 orient(-) score(22986.00) noncoding_equivalent(18.00) raw_noncoding(18.00) offset(0.00)
523714	517964	single-	4	6	{Augustus_model.g2780.t1;Augustus},{GlimmerHMM_glimmerT_3001-T1;GlimmerHMM}

# EVM prediction: Mode:STANDARD S-ratio: 4.16 524228-526651 orient(-) score(11724.00) noncoding_equivalent(2820.00) raw_noncoding(2820.00) offset(0.00)
526651	524228	single-	4	6	{HiQ_model.g2781.t1;HiQ},{GlimmerHMM_glimmerT_3002-T1;GlimmerHMM}

# EVM prediction: Mode:STANDARD S-ratio: 28.43 526902-527507 orient(+) score(2342.00) noncoding_equivalent(82.38) raw_noncoding(82.38) offset(0.00)
526902	527507	single+	1	3	{GlimmerHMM_glimmerT_3003-T1;GlimmerHMM},{Augustus_model.g2782.t1;Augustus}

# EVM prediction: Mode:STANDARD S-ratio: 10000.00 527868-529223 orient(+) score(5403.00) noncoding_equivalent(0.54) raw_noncoding(0.00) offset(0.00)
527868	529223	single+	1	3	{Augustus_model.g2783.t1;Augustus},{GlimmerHMM_glimmerT_3004-T1;GlimmerHMM}

# EVM prediction: Mode:STANDARD S-ratio: 4.92 529413-531341 orient(-) score(9606.00) noncoding_equivalent(1951.05) raw_noncoding(1951.05) offset(0.00)
531341	529413	single-	4	6	{HiQ_model.g2784.t1;HiQ}

# EVM prediction: Mode:STANDARD S-ratio: 4.96 531599-534235 orient(-) score(13167.00) noncoding_equivalent(2655.13) raw_noncoding(2655.13) offset(0.00)
534235	531599	single-	4	6	{HiQ_model.g2785.t1;HiQ},{GlimmerHMM_glimmerT_3006-T1;GlimmerHMM}

# EVM prediction: Mode:STANDARD S-ratio: 212.53 534869-535309 orient(+) score(1756.00) noncoding_equivalent(8.26) raw_noncoding(8.26) offset(0.00)
534869	535309	single+	1	3	{GlimmerHMM_glimmerT_3007-T1;GlimmerHMM},{Augustus_model.g2786.t1;Augustus}

# EVM prediction: Mode:STANDARD S-ratio: 4.98 535572-537044 orient(-) score(7361.00) noncoding_equivalent(1477.06) raw_noncoding(1477.06) offset(0.00)
537044	535572	single-	4	6	{HiQ_model.g2787.t1;HiQ},{GlimmerHMM_glimmerT_3008-T1;GlimmerHMM}

# EVM prediction: Mode:STANDARD S-ratio: 42.43 537868-540261 orient(+) score(9356.00) noncoding_equivalent(220.51) raw_noncoding(220.51) offset(0.00)
537868	540261	single+	1	3	{GlimmerHMM_glimmerT_3009-T1;GlimmerHMM}

# EVM prediction: Mode:STANDARD S-ratio: 19.27 540555-540989 orient(+) score(1653.00) noncoding_equivalent(85.77) raw_noncoding(85.77) offset(0.00)
540555	540989	single+	1	3	{GlimmerHMM_glimmerT_3010-T1;GlimmerHMM}

# EVM prediction: Mode:STANDARD S-ratio: 223.10 541334-542947 orient(+) score(6428.00) noncoding_equivalent(28.81) raw_noncoding(28.81) offset(0.00)
541334	542947	single+	1	3	{GlimmerHMM_glimmerT_3011-T1;GlimmerHMM},{Augustus_model.g2789.t1;Augustus}

# EVM prediction: Mode:STANDARD S-ratio: 3.05 543206-544489 orient(+) score(3852.00) noncoding_equivalent(1261.12) raw_noncoding(1261.12) offset(0.00)
543206	544489	single+	1	3	{Augustus_model.g2790.t1;Augustus},{GlimmerHMM_glimmerT_3012-T1;GlimmerHMM}

# EVM prediction: Mode:STANDARD S-ratio: 4.84 544644-546095 orient(-) score(7220.00) noncoding_equivalent(1492.18) raw_noncoding(1492.18) offset(0.00)
546095	544644	single-	4	6	{GlimmerHMM_glimmerT_3013-T1;GlimmerHMM},{HiQ_model.g2791.t1;HiQ}

# EVM prediction: Mode:STANDARD S-ratio: 341.38 546299-549037 orient(+) score(10924.00) noncoding_equivalent(32.00) raw_noncoding(32.00) offset(0.00)
546299	549037	single+	1	3	{Augustus_model.g2792.t1;Augustus},{GlimmerHMM_glimmerT_3014-T1;GlimmerHMM}

# EVM prediction: Mode:STANDARD S-ratio: 45.34 549244-550209 orient(+) score(3779.00) noncoding_equivalent(83.35) raw_noncoding(83.35) offset(0.00)
549244	550209	single+	1	3	{GlimmerHMM_glimmerT_3015-T1;GlimmerHMM}

# EVM prediction: Mode:STANDARD S-ratio: 10000.00 550326-551225 orient(-) score(2700.00) noncoding_equivalent(0.27) raw_noncoding(0.00) offset(0.00)
551225	550326	single-	4	6	{Augustus_model.g2794.t1;Augustus},{GlimmerHMM_glimmerT_3016-T1;GlimmerHMM}

# EVM prediction: Mode:STANDARD S-ratio: 10.20 553405-555090 orient(+) score(5904.00) noncoding_equivalent(579.00) raw_noncoding(579.00) offset(0.00)
553405	555090	single+	1	3	{GlimmerHMM_glimmerT_3017-T1;GlimmerHMM}

# EVM prediction: Mode:STANDARD S-ratio: 10000.00 555896-558475 orient(+) score(10311.00) noncoding_equivalent(1.03) raw_noncoding(0.00) offset(0.00)
555896	558475	single+	1	3	{GlimmerHMM_glimmerT_3018-T1;GlimmerHMM},{Augustus_model.g2796.t1;Augustus}

# EVM prediction: Mode:STANDARD S-ratio: 2.90 559599-563270 orient(+) score(10758.00) noncoding_equivalent(3715.87) raw_noncoding(3715.87) offset(0.00)
559599	563270	single+	1	3	{GlimmerHMM_glimmerT_3019-T1;GlimmerHMM}

# EVM prediction: Mode:STANDARD S-ratio: 4.92 563573-565297 orient(-) score(8602.00) noncoding_equivalent(1748.30) raw_noncoding(1748.30) offset(0.00)
565297	563573	single-	4	6	{GlimmerHMM_glimmerT_3020-T1;GlimmerHMM},{HiQ_model.g2798.t1;HiQ}

# EVM prediction: Mode:STANDARD S-ratio: 2.99 567466-568677 orient(+) score(3621.00) noncoding_equivalent(1212.00) raw_noncoding(1212.00) offset(0.00)
567466	568677	single+	1	3	{GlimmerHMM_glimmerT_3021-T1;GlimmerHMM}

# EVM prediction: Mode:STANDARD S-ratio: 4.86 569386-571230 orient(-) score(9177.00) noncoding_equivalent(1887.33) raw_noncoding(1887.33) offset(0.00)
571230	569386	single-	4	6	{GlimmerHMM_glimmerT_3022-T1;GlimmerHMM},{HiQ_model.g2800.t1;HiQ}

