!! Predictions spanning range 1957 - 97432 [R1]
# EVM prediction: Mode:STANDARD S-ratio: 5.00 1957-7008 orient(-) score(25260.00) noncoding_equivalent(5052.00) raw_noncoding(5052.00) offset(0.00) 
7008	1957	single-	4	6	{GlimmerHMM_glimmerT_3859-T1;GlimmerHMM},{HiQ_model.g3442.t1;HiQ}

# EVM prediction: Mode:STANDARD S-ratio: 22.69 8223-8888 orient(-) score(1913.00) noncoding_equivalent(84.32) raw_noncoding(84.32) offset(0.00) 
8888	8223	single-	4	6	{GlimmerHMM_glimmerT_3860-T1;GlimmerHMM},{Augustus_model.g3443.t1;Augustus}

# EVM prediction: Mode:STANDARD S-ratio: 9.00 9770-10447 orient(+) score(1828.00) noncoding_equivalent(203.00) raw_noncoding(203.00) offset(0.00) 
9770	10447	single+	1	3	{Augustus_model.g3444.t1;Augustus},{GlimmerHMM_glimmerT_3861-T1;GlimmerHMM}

# EVM prediction: Mode:STANDARD S-ratio: 12.89 10640-11875 orient(-) score(3328.00) noncoding_equivalent(258.21) raw_noncoding(437.57) offset(179.36) 
11685	10640	terminal-	5	6	{GlimmerHMM_glimmerT_3862-T1;GlimmerHMM},{snap_scaffold_9-snap.134-T1;snap}
11805	11686	INTRON			{GlimmerHMM_glimmerT_3862-T1;GlimmerHMM}
11875	11806	initial-	4	4	{GlimmerHMM_glimmerT_3862-T1;GlimmerHMM}

# EVM prediction: Mode:STANDARD S-ratio: 10000.00 13517-14788 orient(+) score(5088.00) noncoding_equivalent(0.51) raw_noncoding(0.00) offset(0.00) 
13517	14788	single+	1	3	{GlimmerHMM_glimmerT_3863-T1;GlimmerHMM},{Augustus_model.g3446.t1;Augustus}

# EVM prediction: Mode:STANDARD S-ratio: 2.01 14964-15716 orient(-) score(3012.00) noncoding_equivalent(1501.52) raw_noncoding(1501.52) offset(0.00) 
15716	14964	single-	4	6	{HiQ_model.g3447.t1;HiQ},{GlimmerHMM_glimmerT_3864-T1;GlimmerHMM}

# EVM prediction: Mode:STANDARD S-ratio: 509.62 16046-18097 orient(+) score(6142.00) noncoding_equivalent(12.05) raw_noncoding(12.05) offset(0.00) 
16046	18097	single+	1	3	{GlimmerHMM_glimmerT_3865-T1;GlimmerHMM},{Augustus_model.g3448.t1;Augustus}

# EVM prediction: Mode:STANDARD S-ratio: 456.50 18562-20871 orient(+) score(6913.00) noncoding_equivalent(15.14) raw_noncoding(15.14) offset(0.00) 
18562	20871	single+	1	3	{GlimmerHMM_glimmerT_3866-T1;GlimmerHMM},{Augustus_model.g3449.t1;Augustus}

# EVM prediction: Mode:STANDARD S-ratio: 22.25 21080-22156 orient(-) score(4116.00) noncoding_equivalent(185.01) raw_noncoding(280.22) offset(95.21) 
22060	21080	terminal-	4	6	{Augustus_model.g3450.t1;Augustus},{GlimmerHMM_glimmerT_3867-T1;GlimmerHMM},{snap_scaffold_9-snap.138-T1;snap}
22153	22061	INTRON			{Augustus_model.g3450.t1;Augustus},{GlimmerHMM_glimmerT_3867-T1;GlimmerHMM}
22156	22154	initial-	4	6	{Augustus_model.g3450.t1;Augustus},{GlimmerHMM_glimmerT_3867-T1;GlimmerHMM}

# EVM prediction: Mode:STANDARD S-ratio: 3.02 22370-22960 orient(+) score(1773.00) noncoding_equivalent(586.29) raw_noncoding(586.29) offset(0.00) 
22370	22960	single+	1	3	{GlimmerHMM_glimmerT_3868-T1;GlimmerHMM},{Augustus_model.g3451.t1;Augustus}

# EVM prediction: Mode:STANDARD S-ratio: 2.00 23080-25542 orient(-) score(9852.00) noncoding_equivalent(4926.00) raw_noncoding(4926.00) offset(0.00) 
25542	23080	single-	4	6	{HiQ_model.g3452.t1;HiQ},{GlimmerHMM_glimmerT_3869-T1;GlimmerHMM}

# EVM prediction: Mode:STANDARD S-ratio: 4.95 26767-27966 orient(+) score(5988.00) noncoding_equivalent(1210.04) raw_noncoding(1210.04) offset(0.00) 
26767	27966	single+	1	3	{HiQ_model.g3453.t1;HiQ},{GlimmerHMM_glimmerT_3870-T1;GlimmerHMM}

# EVM prediction: Mode:STANDARD S-ratio: 34.52 28350-29894 orient(+) score(6006.00) noncoding_equivalent(174.00) raw_noncoding(174.00) offset(0.00) 
28350	29894	single+	1	3	{Augustus_model.g3454.t1;Augustus}

# EVM prediction: Mode:STANDARD S-ratio: 11.36 30371-31030 orient(-) score(1885.00) noncoding_equivalent(166.00) raw_noncoding(222.00) offset(56.00) 
30933	30371	terminal-	5	6	{GlimmerHMM_glimmerT_3872-T1;GlimmerHMM},{Augustus_model.g3455.t1;Augustus}
31008	30934	INTRON			{GlimmerHMM_glimmerT_3872-T1;GlimmerHMM},{Augustus_model.g3455.t1;Augustus}
31030	31009	initial-	4	4	{GlimmerHMM_glimmerT_3872-T1;GlimmerHMM},{Augustus_model.g3455.t1;Augustus}

# EVM prediction: Mode:STANDARD S-ratio: 4.14 31532-32563 orient(-) score(2492.00) noncoding_equivalent(602.36) raw_noncoding(602.36) offset(0.00) 
32563	31532	single-	4	6	{GlimmerHMM_glimmerT_3873-T1;GlimmerHMM}

# EVM prediction: Mode:STANDARD S-ratio: 27.08 33141-36554 orient(-) score(9876.00) noncoding_equivalent(364.73) raw_noncoding(364.73) offset(0.00) 
36554	33141	single-	4	6	{GlimmerHMM_glimmerT_3874-T1;GlimmerHMM}

# EVM prediction: Mode:STANDARD S-ratio: 2.00 37049-39103 orient(+) score(4110.00) noncoding_equivalent(2055.00) raw_noncoding(2055.00) offset(0.00) 
37049	39103	single+	1	3	{Augustus_model.g3457.t1;Augustus},{GlimmerHMM_glimmerT_3875-T1;GlimmerHMM}

# EVM prediction: Mode:STANDARD S-ratio: 10000.00 39721-41397 orient(+) score(6708.00) noncoding_equivalent(0.67) raw_noncoding(0.00) offset(0.00) 
39721	41397	single+	1	3	{GlimmerHMM_glimmerT_3876-T1;GlimmerHMM},{Augustus_model.g3458.t1;Augustus}

# EVM prediction: Mode:STANDARD S-ratio: 164.96 41680-43287 orient(+) score(4793.00) noncoding_equivalent(29.05) raw_noncoding(29.05) offset(0.00) 
41680	43287	single+	1	3	{GlimmerHMM_glimmerT_3877-T1;GlimmerHMM},{Augustus_model.g3459.t1;Augustus}

# EVM prediction: Mode:STANDARD S-ratio: 29.86 43542-45053 orient(-) score(4389.00) noncoding_equivalent(147.00) raw_noncoding(147.00) offset(0.00) 
45053	43542	single-	4	6	{Augustus_model.g3460.t1;Augustus},{GlimmerHMM_glimmerT_3878-T1;GlimmerHMM}

# EVM prediction: Mode:STANDARD S-ratio: 5.00 45314-47476 orient(-) score(10807.00) noncoding_equivalent(2162.00) raw_noncoding(2162.00) offset(0.00) 
47476	45314	single-	4	6	{HiQ_model.g3461.t1;HiQ},{GlimmerHMM_glimmerT_3879-T1;GlimmerHMM}

# EVM prediction: Mode:STANDARD S-ratio: 5.00 48541-49026 orient(-) score(2430.00) noncoding_equivalent(486.00) raw_noncoding(486.00) offset(0.00) 
49026	48541	single-	4	6	{HiQ_model.g3462.t1;HiQ},{GlimmerHMM_glimmerT_3880-T1;GlimmerHMM}

# EVM prediction: Mode:STANDARD S-ratio: 4.86 51619-53619 orient(-) score(9957.00) noncoding_equivalent(2047.40) raw_noncoding(2047.40) offset(0.00) 
53619	51619	single-	4	6	{HiQ_model.g3463.t1;HiQ},{GlimmerHMM_glimmerT_3881-T1;GlimmerHMM}

# EVM prediction: Mode:STANDARD S-ratio: 553.58 54050-55756 orient(-) score(5110.00) noncoding_equivalent(9.23) raw_noncoding(9.23) offset(0.00) 
55756	54050	single-	4	6	{Augustus_model.g3464.t1;Augustus},{GlimmerHMM_glimmerT_3882-T1;GlimmerHMM}

# EVM prediction: Mode:STANDARD S-ratio: 3.34 57476-58447 orient(-) score(4488.00) noncoding_equivalent(1344.00) raw_noncoding(1344.00) offset(0.00) 
58447	57476	single-	4	6	{GlimmerHMM_glimmerT_3883-T1;GlimmerHMM},{HiQ_model.g3465.t1;HiQ}

# EVM prediction: Mode:STANDARD S-ratio: 10000.00 59567-65641 orient(+) score(24297.00) noncoding_equivalent(2.43) raw_noncoding(0.00) offset(0.00) 
59567	65641	single+	1	3	{Augustus_model.g3466.t1;Augustus},{GlimmerHMM_glimmerT_3884-T1;GlimmerHMM}

# EVM prediction: Mode:STANDARD S-ratio: 1.00 65981-66592 orient(-) score(1836.00) noncoding_equivalent(1836.00) raw_noncoding(1836.00) offset(0.00) 
66592	65981	single-	4	6	{HiQ_model.g3467.t1;HiQ}

# EVM prediction: Mode:STANDARD S-ratio: 1.00 67053-67409 orient(+) score(714.00) noncoding_equivalent(714.00) raw_noncoding(714.00) offset(0.00) 
67053	67409	single+	1	3	{GlimmerHMM_glimmerT_3885-T1;GlimmerHMM}

# EVM prediction: Mode:STANDARD S-ratio: 4.90 67641-69068 orient(-) score(7116.00) noncoding_equivalent(1452.00) raw_noncoding(1452.00) offset(0.00) 
69068	67641	single-	4	6	{HiQ_model.g3468.t1;HiQ},{GlimmerHMM_glimmerT_3886-T1;GlimmerHMM}

# EVM prediction: Mode:STANDARD S-ratio: 10.84 69579-70343 orient(+) score(2695.00) noncoding_equivalent(248.57) raw_noncoding(481.57) offset(233.00) 
69579	69643	initial+	1	2	{Augustus_model.g3469.t1;Augustus}
69644	69760	INTRON			{Augustus_model.g3469.t1;Augustus},{ev_type:exonerate/ID=match.111469.2562/Target=YJL001W;exonerate}
69761	70343	terminal+	3	3	{snap_scaffold_9-snap.154-T1;snap},{Augustus_model.g3469.t1;Augustus}

# EVM prediction: Mode:STANDARD S-ratio: 94.38 71338-73149 orient(+) score(7171.00) noncoding_equivalent(75.98) raw_noncoding(75.98) offset(0.00) 
71338	73149	single+	1	3	{GlimmerHMM_glimmerT_3888-T1;GlimmerHMM},{Augustus_model.g3470.t1;Augustus}

# EVM prediction: Mode:STANDARD S-ratio: 1015.63 73373-75145 orient(+) score(5309.00) noncoding_equivalent(5.23) raw_noncoding(5.23) offset(0.00) 
73373	75145	single+	1	3	{Augustus_model.g3471.t1;Augustus},{GlimmerHMM_glimmerT_3889-T1;GlimmerHMM}

# EVM prediction: Mode:STANDARD S-ratio: 30.89 75519-77078 orient(-) score(4517.00) noncoding_equivalent(146.23) raw_noncoding(161.25) offset(15.02) 
77056	75519	terminal-	5	6	{snap_scaffold_9-snap.157-T1;snap}
77071	77057	INTRON			{snap_scaffold_9-snap.157-T1;snap}
77078	77072	initial-	4	4	{snap_scaffold_9-snap.157-T1;snap}

# EVM prediction: Mode:STANDARD S-ratio: 1.33 77551-78097 orient(+) score(936.00) noncoding_equivalent(703.98) raw_noncoding(855.82) offset(151.84) 
77551	77557	initial+	1	1	{snap_scaffold_9-snap.158-T1;snap}
77558	77708	INTRON			{snap_scaffold_9-snap.158-T1;snap}
77709	78097	terminal+	2	3	{GlimmerHMM_glimmerT_3891-T1;GlimmerHMM},{snap_scaffold_9-snap.158-T1;snap}

# EVM prediction: Mode:STANDARD S-ratio: 0.94 78122-80703 orient(-) score(3146.00) noncoding_equivalent(3351.92) raw_noncoding(5137.92) offset(1786.00) 
78139	78122	terminal-	4	6	{GlimmerHMM_glimmerT_3892-T1;GlimmerHMM}
78807	78140	INTRON			{GlimmerHMM_glimmerT_3892-T1;GlimmerHMM}
79568	78808	internal-	5	6	{GlimmerHMM_glimmerT_3892-T1;GlimmerHMM}
80648	79569	INTRON			{GlimmerHMM_glimmerT_3892-T1;GlimmerHMM}
80703	80649	initial-	4	4	{GlimmerHMM_glimmerT_3892-T1;GlimmerHMM}

# EVM prediction: Mode:STANDARD S-ratio: 261.30 80714-82816 orient(+) score(8378.00) noncoding_equivalent(32.06) raw_noncoding(32.06) offset(0.00) 
80714	82816	single+	1	3	{GlimmerHMM_glimmerT_3893-T1;GlimmerHMM},{Augustus_model.g3473.t1;Augustus}

# EVM prediction: Mode:STANDARD S-ratio: 2.00 83383-83664 orient(-) score(1128.00) noncoding_equivalent(564.00) raw_noncoding(564.00) offset(0.00) 
83664	83383	single-	4	6	{GlimmerHMM_glimmerT_3894-T1;GlimmerHMM},{HiQ_model.g3474.t1;HiQ}

# EVM prediction: Mode:STANDARD S-ratio: 10000.00 84120-85589 orient(+) score(5876.00) noncoding_equivalent(0.59) raw_noncoding(0.00) offset(0.00) 
84120	85589	single+	1	3	{GlimmerHMM_glimmerT_3895-T1;GlimmerHMM},{Augustus_model.g3475.t1;Augustus}

# EVM prediction: Mode:STANDARD S-ratio: 59.85 85988-86902 orient(+) score(3591.00) noncoding_equivalent(60.00) raw_noncoding(60.00) offset(0.00) 
85988	86902	single+	1	3	{Augustus_model.g3476.t1;Augustus},{GlimmerHMM_glimmerT_3896-T1;GlimmerHMM}

# EVM prediction: Mode:STANDARD S-ratio: 14.39 87408-88424 orient(+) score(3798.00) noncoding_equivalent(264.00) raw_noncoding(264.00) offset(0.00) 
87408	88424	single+	1	3	{Augustus_model.g3477.t1;Augustus},{GlimmerHMM_glimmerT_3897-T1;GlimmerHMM}

# EVM prediction: Mode:STANDARD S-ratio: 4.96 88658-89656 orient(-) score(4987.00) noncoding_equivalent(1005.01) raw_noncoding(1005.01) offset(0.00) 
89656	88658	single-	4	6	{HiQ_model.g3478.t1;HiQ},{GlimmerHMM_glimmerT_3898-T1;GlimmerHMM}

# EVM prediction: Mode:STANDARD S-ratio: 3.00 91364-92899 orient(+) score(4605.00) noncoding_equivalent(1535.00) raw_noncoding(1535.00) offset(0.00) 
91364	92899	single+	1	3	{GlimmerHMM_glimmerT_3899-T1;GlimmerHMM},{Augustus_model.g3479.t1;Augustus}

# EVM prediction: Mode:STANDARD S-ratio: 2.00 93163-93447 orient(-) score(1140.00) noncoding_equivalent(570.00) raw_noncoding(570.00) offset(0.00) 
93447	93163	single-	4	6	{HiQ_model.g3480.t1;HiQ},{GlimmerHMM_glimmerT_3900-T1;GlimmerHMM}

# EVM prediction: Mode:STANDARD S-ratio: 4.97 93715-94497 orient(-) score(3894.00) noncoding_equivalent(783.00) raw_noncoding(783.00) offset(0.00) 
94497	93715	single-	4	6	{HiQ_model.g3481.t1;HiQ},{GlimmerHMM_glimmerT_3901-T1;GlimmerHMM}

# EVM prediction: Mode:STANDARD S-ratio: 10000.00 94844-95200 orient(-) score(1071.00) noncoding_equivalent(0.11) raw_noncoding(0.00) offset(0.00) 
95200	94844	single-	4	6	{GlimmerHMM_glimmerT_3902-T1;GlimmerHMM},{Augustus_model.g3482.t1;Augustus}

# EVM prediction: Mode:STANDARD S-ratio: 3.03 95412-96623 orient(+) score(3643.00) noncoding_equivalent(1200.87) raw_noncoding(1200.87) offset(0.00) 
95412	96623	single+	1	3	{GlimmerHMM_glimmerT_3903-T1;GlimmerHMM},{Augustus_model.g3483.t1;Augustus}

# EVM prediction: Mode:STANDARD S-ratio: 599.00 96833-97432 orient(+) score(2396.00) noncoding_equivalent(4.00) raw_noncoding(4.00) offset(0.00) 
96833	97432	single+	1	3	{GlimmerHMM_glimmerT_3904-T1;GlimmerHMM}

