# EVM prediction: Mode:STANDARD S-ratio: 10000.00 43183-43983 orient(-) score(1602.00) noncoding_equivalent(0.16) raw_noncoding(0.00) offset(0.00)
43983	43183	single-	4	6	{Augustus_gene584.t1;Augustus}

# EVM prediction: Mode:STANDARD S-ratio: 10000.00 53084-58085 orient(-) score(10004.00) noncoding_equivalent(1.00) raw_noncoding(0.00) offset(0.00)
53111	53084	terminal-	6	6	{Augustus_gene792.t1;Augustus}
53194	53112	INTRON			{Augustus_gene792.t1;Augustus}
53306	53195	internal-	5	5	{Augustus_gene792.t1;Augustus}
53354	53307	INTRON			{Augustus_gene792.t1;Augustus}
53417	53355	internal-	5	4	{Augustus_gene792.t1;Augustus}
53513	53418	INTRON			{Augustus_gene792.t1;Augustus}
53534	53514	internal-	5	4	{Augustus_gene792.t1;Augustus}
53612	53535	INTRON			{Augustus_gene792.t1;Augustus}
53654	53613	internal-	5	4	{Augustus_gene792.t1;Augustus}
53695	53655	INTRON			{Augustus_gene792.t1;Augustus}
53727	53696	internal-	6	4	{Augustus_gene792.t1;Augustus}
53818	53728	INTRON			{Augustus_gene792.t1;Augustus}
53842	53819	internal-	6	5	{Augustus_gene792.t1;Augustus}
53928	53843	INTRON			{Augustus_gene792.t1;Augustus}
53959	53929	internal-	5	5	{Augustus_gene792.t1;Augustus}
54182	53960	INTRON			{Augustus_gene792.t1;Augustus}
54198	54183	internal-	4	4	{Augustus_gene792.t1;Augustus}
54301	54199	INTRON			{Augustus_gene792.t1;Augustus}
54388	54302	internal-	4	6	{Augustus_gene792.t1;Augustus}
54474	54389	INTRON			{Augustus_gene792.t1;Augustus}
54483	54475	internal-	4	6	{Augustus_gene792.t1;Augustus}
54529	54484	INTRON			{Augustus_gene792.t1;Augustus}
54549	54530	internal-	5	6	{Augustus_gene792.t1;Augustus}
54598	54550	INTRON			{Augustus_gene792.t1;Augustus}
54613	54599	internal-	5	4	{Augustus_gene792.t1;Augustus}
55216	54614	INTRON			{Augustus_gene792.t1;Augustus}
55236	55217	internal-	6	4	{Augustus_gene792.t1;Augustus}
55681	55237	INTRON			{Augustus_gene792.t1;Augustus}
55746	55682	internal-	4	5	{Augustus_gene792.t1;Augustus}
56128	55747	INTRON			{Augustus_gene792.t1;Augustus}
56148	56129	internal-	5	6	{Augustus_gene792.t1;Augustus}
56515	56149	INTRON			{Augustus_gene792.t1;Augustus}
56529	56516	internal-	6	4	{Augustus_gene792.t1;Augustus}
56928	56530	INTRON			{Augustus_gene792.t1;Augustus}
57298	56929	internal-	5	5	{Augustus_gene792.t1;Augustus}
57367	57299	INTRON			{Augustus_gene792.t1;Augustus}
57406	57368	internal-	5	4	{Augustus_gene792.t1;Augustus}
57517	57407	INTRON			{Augustus_gene792.t1;Augustus}
58085	57518	initial-	4	4	{Augustus_gene792.t1;Augustus}

# EVM prediction: Mode:STANDARD S-ratio: 10000.00 58409-60307 orient(+) score(3798.00) noncoding_equivalent(0.38) raw_noncoding(0.00) offset(0.00)
58409	58960	initial+	1	3	{Augustus_gene805.t1;Augustus}
58961	59039	INTRON			{Augustus_gene805.t1;Augustus}
59040	59059	internal+	1	2	{Augustus_gene805.t1;Augustus}
59060	59103	INTRON			{Augustus_gene805.t1;Augustus}
59104	60307	terminal+	3	3	{Augustus_gene805.t1;Augustus}

# EVM prediction: Mode:STANDARD S-ratio: 10000.00 60462-62681 orient(-) score(4440.00) noncoding_equivalent(0.44) raw_noncoding(0.00) offset(0.00)
62681	60462	single-	4	6	{Augustus_gene874.t1;Augustus}

# EVM prediction: Mode:STANDARD S-ratio: 10000.00 64099-67169 orient(-) score(6142.00) noncoding_equivalent(0.61) raw_noncoding(0.00) offset(0.00)
66364	64099	terminal-	6	6	{Augustus_gene912.t1;Augustus}
67134	66365	INTRON			{Augustus_gene912.t1;Augustus}
67169	67135	initial-	4	5	{Augustus_gene912.t1;Augustus}

# EVM prediction: Mode:STANDARD S-ratio: 10000.00 126722-127903 orient(+) score(2364.00) noncoding_equivalent(0.24) raw_noncoding(0.00) offset(0.00)
126722	127903	single+	1	3	{Augustus_gene681.t1;Augustus}

# EVM prediction: Mode:STANDARD S-ratio: 10000.00 136327-137637 orient(+) score(2622.00) noncoding_equivalent(0.26) raw_noncoding(0.00) offset(0.00)
136327	137637	single+	1	3	{Augustus_gene814.t1;Augustus}

# EVM prediction: Mode:STANDARD S-ratio: 10000.00 144607-146487 orient(-) score(3762.00) noncoding_equivalent(0.38) raw_noncoding(0.00) offset(0.00)
146487	144607	single-	4	6	{Augustus_gene185.t1;Augustus}

# EVM prediction: Mode:STANDARD S-ratio: 10000.00 147119-147988 orient(-) score(1740.00) noncoding_equivalent(0.17) raw_noncoding(0.00) offset(0.00)
147988	147119	single-	4	6	{Augustus_gene760.t1;Augustus}

# EVM prediction: Mode:STANDARD S-ratio: 10000.00 150307-151692 orient(+) score(2772.00) noncoding_equivalent(0.28) raw_noncoding(0.00) offset(0.00)
150307	151692	single+	1	3	{Augustus_gene569.t1;Augustus}

# EVM prediction: Mode:STANDARD S-ratio: 10000.00 152014-154152 orient(-) score(4278.00) noncoding_equivalent(0.43) raw_noncoding(0.00) offset(0.00)
154152	152014	single-	4	6	{Augustus_gene293.t1;Augustus}

# EVM prediction: Mode:STANDARD S-ratio: 10000.00 165433-166950 orient(+) score(3036.00) noncoding_equivalent(0.30) raw_noncoding(0.00) offset(0.00)
165433	166950	single+	1	3	{Augustus_gene797.t1;Augustus}

# EVM prediction: Mode:STANDARD S-ratio: 10000.00 167872-168828 orient(+) score(1914.00) noncoding_equivalent(0.19) raw_noncoding(0.00) offset(0.00)
167872	168828	single+	1	3	{Augustus_gene390.t1;Augustus}

# EVM prediction: Mode:STANDARD S-ratio: 10000.00 174383-175135 orient(-) score(1506.00) noncoding_equivalent(0.15) raw_noncoding(0.00) offset(0.00)
175135	174383	single-	4	6	{Augustus_gene305.t1;Augustus}

# EVM prediction: Mode:STANDARD S-ratio: 10000.00 184662-185384 orient(+) score(1446.00) noncoding_equivalent(0.14) raw_noncoding(0.00) offset(0.00)
184662	185384	single+	1	3	{Augustus_gene801.t1;Augustus}

# EVM prediction: Mode:STANDARD S-ratio: 10000.00 185658-186680 orient(-) score(2046.00) noncoding_equivalent(0.20) raw_noncoding(0.00) offset(0.00)
186680	185658	single-	4	6	{Augustus_gene477.t1;Augustus}

# EVM prediction: Mode:STANDARD S-ratio: 10000.00 209193-209444 orient(-) score(504.00) noncoding_equivalent(0.05) raw_noncoding(0.00) offset(0.00)
209444	209193	single-	4	6	{Augustus_gene872.t1;Augustus}

# EVM prediction: Mode:STANDARD S-ratio: 10000.00 219300-221966 orient(-) score(5334.00) noncoding_equivalent(0.53) raw_noncoding(0.00) offset(0.00)
221966	219300	single-	4	6	{Augustus_gene36.t1;Augustus}

# EVM prediction: Mode:STANDARD S-ratio: 10000.00 230582-231235 orient(-) score(1308.00) noncoding_equivalent(0.13) raw_noncoding(0.00) offset(0.00)
231235	230582	single-	4	6	{Augustus_gene519.t1;Augustus}

# EVM prediction: Mode:STANDARD S-ratio: 10000.00 235529-237337 orient(-) score(3618.00) noncoding_equivalent(0.36) raw_noncoding(0.00) offset(0.00)
237337	235529	single-	4	6	{Augustus_gene544.t1;Augustus}

# EVM prediction: Mode:STANDARD S-ratio: 10000.00 243995-244684 orient(-) score(1380.00) noncoding_equivalent(0.14) raw_noncoding(0.00) offset(0.00)
244684	243995	single-	4	6	{Augustus_gene658.t1;Augustus}

# EVM prediction: Mode:STANDARD S-ratio: 10000.00 245236-247023 orient(+) score(3576.00) noncoding_equivalent(0.36) raw_noncoding(0.00) offset(0.00)
245236	247023	single+	1	3	{Augustus_gene353.t1;Augustus}

# EVM prediction: Mode:STANDARD S-ratio: 10000.00 250625-251170 orient(-) score(1092.00) noncoding_equivalent(0.11) raw_noncoding(0.00) offset(0.00)
251170	250625	single-	4	6	{Augustus_gene825.t1;Augustus}

# EVM prediction: Mode:STANDARD S-ratio: 10000.00 251421-251975 orient(+) score(1110.00) noncoding_equivalent(0.11) raw_noncoding(0.00) offset(0.00)
251421	251975	single+	1	3	{Augustus_gene375.t1;Augustus}

# EVM prediction: Mode:STANDARD S-ratio: 10000.00 258393-259441 orient(-) score(2098.00) noncoding_equivalent(0.21) raw_noncoding(0.00) offset(0.00)
259441	258393	terminal-	5	6	{Augustus_gene455.t1;Augustus}

# EVM prediction: Mode:STANDARD S-ratio: 10000.00 259932-262851 orient(-) score(5840.00) noncoding_equivalent(0.58) raw_noncoding(0.00) offset(0.00)
260496	259932	internal-	4	4	{Augustus_gene455.t1;Augustus}
260539	260497	INTRON			{Augustus_gene455.t1;Augustus}
260628	260540	internal-	5	6	{Augustus_gene455.t1;Augustus}
260672	260629	INTRON			{Augustus_gene455.t1;Augustus}
262851	260673	initial-	4	4	{Augustus_gene455.t1;Augustus}

# EVM prediction: Mode:STANDARD S-ratio: 10000.00 267179-267844 orient(+) score(1332.00) noncoding_equivalent(0.13) raw_noncoding(0.00) offset(0.00)
267179	267844	single+	1	3	{Augustus_gene1013.t1;Augustus}

# EVM prediction: Mode:STANDARD S-ratio: 10000.00 280843-284505 orient(-) score(7326.00) noncoding_equivalent(0.73) raw_noncoding(0.00) offset(0.00)
284505	280843	single-	4	6	{Augustus_gene881.t1;Augustus}

# EVM prediction: Mode:STANDARD S-ratio: 10000.00 284927-286243 orient(-) score(2634.00) noncoding_equivalent(0.26) raw_noncoding(0.00) offset(0.00)
286243	284927	single-	4	6	{Augustus_gene619.t1;Augustus}

# EVM prediction: Mode:STANDARD S-ratio: 10000.00 300360-302204 orient(+) score(3690.00) noncoding_equivalent(0.37) raw_noncoding(0.00) offset(0.00)
300360	302204	single+	1	3	{Augustus_gene549.t1;Augustus}

# EVM prediction: Mode:STANDARD S-ratio: 10000.00 320544-321578 orient(-) score(2070.00) noncoding_equivalent(0.21) raw_noncoding(0.00) offset(0.00)
321578	320544	single-	4	6	{Augustus_gene917.t1;Augustus}

# EVM prediction: Mode:STANDARD S-ratio: 10000.00 325643-327171 orient(+) score(3058.00) noncoding_equivalent(0.31) raw_noncoding(0.00) offset(0.00)
325643	325853	initial+	1	1	{Augustus_gene678.t1;Augustus}
325854	326143	INTRON			{Augustus_gene678.t1;Augustus}
326144	327171	terminal+	2	3	{Augustus_gene678.t1;Augustus}

# EVM prediction: Mode:STANDARD S-ratio: 10000.00 328310-330265 orient(-) score(3912.00) noncoding_equivalent(0.39) raw_noncoding(0.00) offset(0.00)
330265	328310	single-	4	6	{Augustus_gene612.t1;Augustus}

# EVM prediction: Mode:STANDARD S-ratio: 10000.00 331372-332505 orient(-) score(2268.00) noncoding_equivalent(0.23) raw_noncoding(0.00) offset(0.00)
332505	331372	single-	4	6	{Augustus_gene231.t1;Augustus}

