perl: warning: Setting locale failed.
perl: warning: Please check that your locale settings:
	LANGUAGE = (unset),
	LC_ALL = (unset),
	LC_CTYPE = "UTF-8",
	LANG = "en_US.UTF-8"
    are supported and installed on your system.
perl: warning: Falling back to a fallback locale ("en_US.UTF-8").
-successfully changed directories to /space21/PGE/rangeles/TGFH/TGFH/Sesion2/out/S.cerevisiae_S288C/predict_misc/EVM_busco/scaffold_16/scaffold_16_1-100000

-reading genomic sequence.

** Processing features (+)

-finding all potential splice sites, looking for GT/GC donors and AG acceptors.
-finding all potential starts and stops. (strand: +)
-loading gene prediction evidence. (strand: +)
-loading the search evidence (protein and EST search results, strand: +)
-scoring exons (strand: +)

** Processing features (-)

-finding all potential splice sites, looking for GT/GC donors and AG acceptors.
-finding all potential starts and stops. (strand: -)
-loading gene prediction evidence. (strand: -)Valid prediction for Augustus_gene808.t1

-loading the search evidence (protein and EST search results, strand: -)
-scoring exons (strand: -)
-building DP trellis

-building trellis in range 1 - 100000
-exon list size: 8


building trellis
10.0    20.0    30.0    40.0    50.0    60.0    70.0    80.0    90.0    
-found 7 predictions from path traversal

-reporting highest scoring path thru the trellis.
-found 7 predictions persist after filtering for low support
	-no exons in range 1 - 51855
	-no exons in range 84476 - 100000
