!! Predictions spanning range 2106 - 97652 [R1]
# EVM prediction: Mode:STANDARD S-ratio: 10000.00 2106-2573 orient(+) score(936.00) noncoding_equivalent(0.09) raw_noncoding(0.00) offset(0.00) 
2106	2573	single+	1	3	{Augustus_gene680.t1;Augustus}

# EVM prediction: Mode:STANDARD S-ratio: 10000.00 20114-22702 orient(-) score(5178.00) noncoding_equivalent(0.52) raw_noncoding(0.00) offset(0.00) 
22702	20114	single-	4	6	{Augustus_gene937.t1;Augustus}

# EVM prediction: Mode:STANDARD S-ratio: 10000.00 24960-27269 orient(+) score(4620.00) noncoding_equivalent(0.46) raw_noncoding(0.00) offset(0.00) 
24960	27269	single+	1	3	{Augustus_gene591.t1;Augustus}

# EVM prediction: Mode:STANDARD S-ratio: 10000.00 60031-62592 orient(+) score(5124.00) noncoding_equivalent(0.51) raw_noncoding(0.00) offset(0.00) 
60031	62592	single+	1	3	{Augustus_gene684.t1;Augustus}

# EVM prediction: Mode:STANDARD S-ratio: 10000.00 68123-71227 orient(+) score(6210.00) noncoding_equivalent(0.62) raw_noncoding(0.00) offset(0.00) 
68123	71227	single+	1	3	{Augustus_gene532.t1;Augustus}

# EVM prediction: Mode:STANDARD S-ratio: 10000.00 71531-75200 orient(-) score(7340.00) noncoding_equivalent(0.73) raw_noncoding(0.00) offset(0.00) 
71571	71531	terminal-	5	6	{Augustus_gene22.t1;Augustus}
71614	71572	INTRON			{Augustus_gene22.t1;Augustus}
75200	71615	initial-	4	4	{Augustus_gene22.t1;Augustus}

# EVM prediction: Mode:STANDARD S-ratio: 10000.00 80785-81420 orient(+) score(1272.00) noncoding_equivalent(0.13) raw_noncoding(0.00) offset(0.00) 
80785	81420	single+	1	3	{Augustus_gene495.t1;Augustus}

# EVM prediction: Mode:STANDARD S-ratio: 10000.00 89152-89805 orient(-) score(1308.00) noncoding_equivalent(0.13) raw_noncoding(0.00) offset(0.00) 
89805	89152	single-	4	6	{Augustus_gene419.t1;Augustus}

# EVM prediction: Mode:STANDARD S-ratio: 10000.00 96453-97652 orient(-) score(2400.00) noncoding_equivalent(0.24) raw_noncoding(0.00) offset(0.00) 
97541	96453	terminal-	4	6	{Augustus_gene546.t1;Augustus}
97625	97542	INTRON			{Augustus_gene546.t1;Augustus}
97652	97626	initial-	4	6	{Augustus_gene546.t1;Augustus}

