!! Predictions spanning range 194 - 90781 [R1]
# EVM prediction: Mode:STANDARD S-ratio: 10000.00 194-1372 orient(+) score(2358.00) noncoding_equivalent(0.24) raw_noncoding(0.00) offset(0.00) 
194	1372	single+	1	3	{Augustus_gene370.t1;Augustus}

# EVM prediction: Mode:STANDARD S-ratio: 10000.00 11591-14236 orient(+) score(5290.00) noncoding_equivalent(0.53) raw_noncoding(0.00) offset(0.00) 
11591	14236	single+	1	3	{Augustus_gene440.t1;Augustus}

# EVM prediction: Mode:STANDARD S-ratio: 10000.00 26621-27082 orient(+) score(924.00) noncoding_equivalent(0.09) raw_noncoding(0.00) offset(0.00) 
26621	27082	single+	1	3	{Augustus_gene765.t1;Augustus}

# EVM prediction: Mode:STANDARD S-ratio: 10000.00 38393-39472 orient(-) score(2160.00) noncoding_equivalent(0.22) raw_noncoding(0.00) offset(0.00) 
39472	38393	single-	4	6	{Augustus_gene944.t1;Augustus}

# EVM prediction: Mode:STANDARD S-ratio: 10000.00 40168-41481 orient(-) score(2628.00) noncoding_equivalent(0.26) raw_noncoding(0.00) offset(0.00) 
41481	40168	single-	4	6	{Augustus_gene1074.t1;Augustus}

# EVM prediction: Mode:STANDARD S-ratio: 10000.00 42191-42559 orient(+) score(738.00) noncoding_equivalent(0.07) raw_noncoding(0.00) offset(0.00) 
42191	42559	single+	1	3	{Augustus_gene867.t1;Augustus}

# EVM prediction: Mode:STANDARD S-ratio: 10000.00 46463-46966 orient(-) score(1008.00) noncoding_equivalent(0.10) raw_noncoding(0.00) offset(0.00) 
46966	46463	single-	4	6	{Augustus_gene322.t1;Augustus}

# EVM prediction: Mode:STANDARD S-ratio: 10000.00 61672-63228 orient(+) score(3114.00) noncoding_equivalent(0.31) raw_noncoding(0.00) offset(0.00) 
61672	63228	single+	1	3	{Augustus_gene259.t1;Augustus}

# EVM prediction: Mode:STANDARD S-ratio: 10000.00 65721-67310 orient(+) score(3180.00) noncoding_equivalent(0.32) raw_noncoding(0.00) offset(0.00) 
65721	67310	single+	1	3	{Augustus_gene862.t1;Augustus}

# EVM prediction: Mode:STANDARD S-ratio: 10000.00 72367-73041 orient(+) score(1350.00) noncoding_equivalent(0.14) raw_noncoding(0.00) offset(0.00) 
72367	73041	single+	1	3	{Augustus_gene1017.t1;Augustus}

# EVM prediction: Mode:STANDARD S-ratio: 10000.00 84038-86314 orient(+) score(4554.00) noncoding_equivalent(0.46) raw_noncoding(0.00) offset(0.00) 
84038	86314	single+	1	3	{Augustus_gene700.t1;Augustus}

# EVM prediction: Mode:STANDARD S-ratio: 10000.00 87665-90781 orient(+) score(6234.00) noncoding_equivalent(0.62) raw_noncoding(0.00) offset(0.00) 
87665	90781	single+	1	3	{Augustus_gene469.t1;Augustus}

