!! Predictions spanning range 1271 - 98905 [R1]
# EVM prediction: Mode:STANDARD S-ratio: 3.99 1271-1978 orient(-) score(3375.00) noncoding_equivalent(846.00) raw_noncoding(846.00) offset(0.00) 
1978	1271	single-	4	6	{HiQ_model.g1687.t1;HiQ}

# EVM prediction: Mode:STANDARD S-ratio: 2.05 2272-2590 orient(+) score(888.00) noncoding_equivalent(432.28) raw_noncoding(525.28) offset(93.00) 
2272	2336	initial+	1	2	{GlimmerHMM_glimmerT_1882-T1;GlimmerHMM},{Augustus_model.g1688.t1;Augustus}
2337	2427	INTRON			{GlimmerHMM_glimmerT_1882-T1;GlimmerHMM},{Augustus_model.g1688.t1;Augustus},{ev_type:exonerate/ID=match.111469.1412/Target=YBR111W-A;exonerate}
2428	2590	terminal+	3	3	{Augustus_model.g1688.t1;Augustus}

# EVM prediction: Mode:STANDARD S-ratio: 39.64 3013-6075 orient(-) score(11772.00) noncoding_equivalent(297.00) raw_noncoding(297.00) offset(0.00) 
6075	3013	single-	4	6	{Augustus_model.g1689.t1;Augustus},{GlimmerHMM_glimmerT_1883-T1;GlimmerHMM}

# EVM prediction: Mode:STANDARD S-ratio: 10000.00 7696-10065 orient(+) score(7110.00) noncoding_equivalent(0.71) raw_noncoding(0.00) offset(0.00) 
7696	10065	single+	1	3	{Augustus_model.g1690.t1;Augustus},{GlimmerHMM_glimmerT_1884-T1;GlimmerHMM}

# EVM prediction: Mode:STANDARD S-ratio: 4.96 10184-14362 orient(-) score(20868.00) noncoding_equivalent(4204.11) raw_noncoding(4204.11) offset(0.00) 
14362	10184	single-	4	6	{HiQ_model.g1691.t1;HiQ},{GlimmerHMM_glimmerT_1885-T1;GlimmerHMM}

# EVM prediction: Mode:STANDARD S-ratio: 5.00 14818-16863 orient(-) score(10230.00) noncoding_equivalent(2046.00) raw_noncoding(2046.00) offset(0.00) 
16863	14818	single-	4	6	{GlimmerHMM_glimmerT_1886-T1;GlimmerHMM},{HiQ_model.g1692.t1;HiQ}

# EVM prediction: Mode:STANDARD S-ratio: 855.18 18022-19398 orient(+) score(6869.00) noncoding_equivalent(8.03) raw_noncoding(8.03) offset(0.00) 
18022	19398	single+	1	3	{GlimmerHMM_glimmerT_1887-T1;GlimmerHMM}

# EVM prediction: Mode:STANDARD S-ratio: 8.86 19668-20650 orient(+) score(2949.00) noncoding_equivalent(333.00) raw_noncoding(339.00) offset(6.00) 
19668	19675	initial+	1	2	{snap_scaffold_4-snap.268-T1;snap},{GlimmerHMM_glimmerT_1888-T1;GlimmerHMM},{Augustus_model.g1694.t1;Augustus}
19676	19788	INTRON			{snap_scaffold_4-snap.268-T1;snap},{GlimmerHMM_glimmerT_1888-T1;GlimmerHMM},{Augustus_model.g1694.t1;Augustus}
19789	20650	terminal+	3	3	{snap_scaffold_4-snap.268-T1;snap},{GlimmerHMM_glimmerT_1888-T1;GlimmerHMM},{Augustus_model.g1694.t1;Augustus}

# EVM prediction: Mode:STANDARD S-ratio: 2.00 20766-21254 orient(-) score(1956.00) noncoding_equivalent(978.00) raw_noncoding(978.00) offset(0.00) 
21254	20766	single-	4	6	{GlimmerHMM_glimmerT_1889-T1;GlimmerHMM},{HiQ_model.g1695.t1;HiQ}

# EVM prediction: Mode:STANDARD S-ratio: 5.00 21702-23705 orient(-) score(10011.00) noncoding_equivalent(2004.00) raw_noncoding(2004.00) offset(0.00) 
23705	21702	single-	4	6	{GlimmerHMM_glimmerT_1890-T1;GlimmerHMM},{HiQ_model.g1696.t1;HiQ}

# EVM prediction: Mode:STANDARD S-ratio: 3.57 24339-24872 orient(-) score(2502.00) noncoding_equivalent(700.43) raw_noncoding(700.43) offset(0.00) 
24872	24339	single-	4	6	{HiQ_model.g1697.t1;HiQ}

# EVM prediction: Mode:STANDARD S-ratio: 4.99 25092-27044 orient(-) score(9750.00) noncoding_equivalent(1953.00) raw_noncoding(1953.00) offset(0.00) 
27044	25092	single-	4	6	{GlimmerHMM_glimmerT_1892-T1;GlimmerHMM},{HiQ_model.g1698.t1;HiQ}

# EVM prediction: Mode:STANDARD S-ratio: 89.92 27510-28691 orient(-) score(3507.00) noncoding_equivalent(39.00) raw_noncoding(39.00) offset(0.00) 
28691	27510	single-	4	6	{GlimmerHMM_glimmerT_1893-T1;GlimmerHMM},{Augustus_model.g1699.t1;Augustus}

# EVM prediction: Mode:STANDARD S-ratio: 5.00 29205-30692 orient(-) score(7440.00) noncoding_equivalent(1488.00) raw_noncoding(1488.00) offset(0.00) 
30692	29205	single-	4	6	{HiQ_model.g1700.t1;HiQ},{GlimmerHMM_glimmerT_1894-T1;GlimmerHMM}

# EVM prediction: Mode:STANDARD S-ratio: 10000.00 31560-33113 orient(-) score(4662.00) noncoding_equivalent(0.47) raw_noncoding(0.00) offset(0.00) 
33113	31560	single-	4	6	{GlimmerHMM_glimmerT_1896-T1;GlimmerHMM},{Augustus_model.g1701.t1;Augustus}

# EVM prediction: Mode:STANDARD S-ratio: 4.42 33544-34578 orient(-) score(5064.00) noncoding_equivalent(1144.77) raw_noncoding(1144.77) offset(0.00) 
34578	33544	single-	4	6	{GlimmerHMM_glimmerT_1897-T1;GlimmerHMM},{HiQ_model.g1702.t1;HiQ}

# EVM prediction: Mode:STANDARD S-ratio: 5.00 34818-35798 orient(-) score(4902.00) noncoding_equivalent(981.00) raw_noncoding(981.00) offset(0.00) 
35798	34818	single-	4	6	{HiQ_model.g1703.t1;HiQ}

# EVM prediction: Mode:STANDARD S-ratio: 2.01 36038-37315 orient(-) score(2556.00) noncoding_equivalent(1274.55) raw_noncoding(1274.55) offset(0.00) 
37315	36038	single-	4	6	{GlimmerHMM_glimmerT_1899-T1;GlimmerHMM},{Augustus_model.g1704.t1;Augustus}

# EVM prediction: Mode:STANDARD S-ratio: 142.14 37574-39724 orient(+) score(6406.00) noncoding_equivalent(45.07) raw_noncoding(45.07) offset(0.00) 
37574	39724	single+	1	3	{Augustus_model.g1705.t1;Augustus},{GlimmerHMM_glimmerT_1900-T1;GlimmerHMM}

# EVM prediction: Mode:STANDARD S-ratio: 4.29 40134-41906 orient(-) score(8624.00) noncoding_equivalent(2008.00) raw_noncoding(2008.00) offset(0.00) 
41906	40134	single-	4	6	{HiQ_model.g1706.t1;HiQ},{GlimmerHMM_glimmerT_1901-T1;GlimmerHMM}

# EVM prediction: Mode:STANDARD S-ratio: 4.49 42285-44777 orient(-) score(12235.00) noncoding_equivalent(2722.84) raw_noncoding(2722.84) offset(0.00) 
44777	42285	single-	4	6	{HiQ_model.g1707.t1;HiQ}

# EVM prediction: Mode:STANDARD S-ratio: 3.05 45295-45732 orient(+) score(1320.00) noncoding_equivalent(432.12) raw_noncoding(432.12) offset(0.00) 
45295	45732	single+	1	3	{GlimmerHMM_glimmerT_1903-T1;GlimmerHMM},{Augustus_model.g1708.t1;Augustus}

# EVM prediction: Mode:STANDARD S-ratio: 10000.00 46138-53244 orient(+) score(28428.00) noncoding_equivalent(2.84) raw_noncoding(0.00) offset(0.00) 
46138	53244	single+	1	3	{GlimmerHMM_glimmerT_1904-T1;GlimmerHMM},{Augustus_model.g1709.t1;Augustus}

# EVM prediction: Mode:STANDARD S-ratio: 143.00 53509-54048 orient(+) score(2145.00) noncoding_equivalent(15.00) raw_noncoding(15.00) offset(0.00) 
53509	54048	single+	1	3	{Augustus_model.g1710.t1;Augustus},{GlimmerHMM_glimmerT_1905-T1;GlimmerHMM}

# EVM prediction: Mode:STANDARD S-ratio: 10000.00 54241-55797 orient(-) score(4671.00) noncoding_equivalent(0.47) raw_noncoding(0.00) offset(0.00) 
55797	54241	single-	4	6	{Augustus_model.g1711.t1;Augustus},{GlimmerHMM_glimmerT_1906-T1;GlimmerHMM}

# EVM prediction: Mode:STANDARD S-ratio: 3.00 56123-57640 orient(+) score(4533.00) noncoding_equivalent(1510.15) raw_noncoding(1510.15) offset(0.00) 
56123	57640	single+	1	3	{GlimmerHMM_glimmerT_1907-T1;GlimmerHMM},{Augustus_model.g1712.t1;Augustus}

# EVM prediction: Mode:STANDARD S-ratio: 316.97 57865-67182 orient(-) score(37085.00) noncoding_equivalent(117.00) raw_noncoding(117.00) offset(0.00) 
67182	57865	single-	4	6	{Augustus_model.g1713.t1;Augustus},{GlimmerHMM_glimmerT_1908-T1;GlimmerHMM}

# EVM prediction: Mode:STANDARD S-ratio: 20.20 67576-68589 orient(-) score(2898.00) noncoding_equivalent(143.48) raw_noncoding(143.48) offset(0.00) 
68589	67576	single-	4	6	{GlimmerHMM_glimmerT_1909-T1;GlimmerHMM},{Augustus_model.g1714.t1;Augustus}

# EVM prediction: Mode:STANDARD S-ratio: 78.30 68856-71234 orient(+) score(7047.00) noncoding_equivalent(90.00) raw_noncoding(90.00) offset(0.00) 
68856	71234	single+	1	3	{GlimmerHMM_glimmerT_1910-T1;GlimmerHMM},{Augustus_model.g1715.t1;Augustus}

# EVM prediction: Mode:STANDARD S-ratio: 4.95 71461-72774 orient(-) score(6558.00) noncoding_equivalent(1324.08) raw_noncoding(1324.08) offset(0.00) 
72774	71461	single-	4	6	{HiQ_model.g1716.t1;HiQ},{GlimmerHMM_glimmerT_1911-T1;GlimmerHMM}

# EVM prediction: Mode:STANDARD S-ratio: 58.31 74395-75450 orient(+) score(3113.00) noncoding_equivalent(53.38) raw_noncoding(53.38) offset(0.00) 
74395	75450	single+	1	3	{GlimmerHMM_glimmerT_1912-T1;GlimmerHMM},{Augustus_model.g1717.t1;Augustus}

# EVM prediction: Mode:STANDARD S-ratio: 48.22 75928-76707 orient(+) score(3048.00) noncoding_equivalent(63.21) raw_noncoding(63.21) offset(0.00) 
75928	76707	single+	1	3	{GlimmerHMM_glimmerT_1913-T1;GlimmerHMM}

# EVM prediction: Mode:STANDARD S-ratio: 2.82 77209-78132 orient(+) score(2679.00) noncoding_equivalent(949.63) raw_noncoding(949.63) offset(0.00) 
77209	78132	single+	1	3	{GlimmerHMM_glimmerT_1914-T1;GlimmerHMM}

# EVM prediction: Mode:STANDARD S-ratio: 10000.00 78527-80371 orient(+) score(5535.00) noncoding_equivalent(0.55) raw_noncoding(0.00) offset(0.00) 
78527	80371	single+	1	3	{Augustus_model.g1719.t1;Augustus},{GlimmerHMM_glimmerT_1915-T1;GlimmerHMM}

# EVM prediction: Mode:STANDARD S-ratio: 73.67 80674-81708 orient(+) score(4083.00) noncoding_equivalent(55.42) raw_noncoding(55.42) offset(0.00) 
80674	81708	single+	1	3	{Augustus_model.g1720.t1;Augustus},{GlimmerHMM_glimmerT_1916-T1;GlimmerHMM}

# EVM prediction: Mode:STANDARD S-ratio: 11.15 81918-85112 orient(-) score(8790.00) noncoding_equivalent(788.00) raw_noncoding(788.00) offset(0.00) 
85112	81918	single-	4	6	{GlimmerHMM_glimmerT_1917-T1;GlimmerHMM}

# EVM prediction: Mode:STANDARD S-ratio: 10000.00 85623-86573 orient(+) score(3804.00) noncoding_equivalent(0.38) raw_noncoding(0.00) offset(0.00) 
85623	86573	single+	1	3	{Augustus_model.g1722.t1;Augustus},{GlimmerHMM_glimmerT_1918-T1;GlimmerHMM}

# EVM prediction: Mode:STANDARD S-ratio: 10000.00 86991-87869 orient(+) score(2637.00) noncoding_equivalent(0.26) raw_noncoding(0.00) offset(0.00) 
86991	87869	single+	1	3	{GlimmerHMM_glimmerT_1919-T1;GlimmerHMM},{Augustus_model.g1723.t1;Augustus}

# EVM prediction: Mode:STANDARD S-ratio: 6.42 88075-88809 orient(+) score(1908.00) noncoding_equivalent(297.00) raw_noncoding(297.00) offset(0.00) 
88075	88809	single+	1	3	{Augustus_model.g1724.t1;Augustus},{GlimmerHMM_glimmerT_1920-T1;GlimmerHMM}

# EVM prediction: Mode:STANDARD S-ratio: 5.00 88997-89644 orient(-) score(3240.00) noncoding_equivalent(648.00) raw_noncoding(648.00) offset(0.00) 
89644	88997	single-	4	6	{GlimmerHMM_glimmerT_1921-T1;GlimmerHMM},{HiQ_model.g1725.t1;HiQ}

# EVM prediction: Mode:STANDARD S-ratio: 104.80 90385-91542 orient(+) score(4574.00) noncoding_equivalent(43.65) raw_noncoding(43.65) offset(0.00) 
90385	91542	single+	1	3	{Augustus_model.g1726.t1;Augustus},{GlimmerHMM_glimmerT_1922-T1;GlimmerHMM}

# EVM prediction: Mode:STANDARD S-ratio: 10000.00 91723-93825 orient(-) score(6309.00) noncoding_equivalent(0.63) raw_noncoding(0.00) offset(0.00) 
93825	91723	single-	4	6	{Augustus_model.g1727.t1;Augustus},{GlimmerHMM_glimmerT_1923-T1;GlimmerHMM}

# EVM prediction: Mode:STANDARD S-ratio: 10000.00 94166-94927 orient(-) score(2286.00) noncoding_equivalent(0.23) raw_noncoding(0.00) offset(0.00) 
94927	94166	single-	4	6	{Augustus_model.g1728.t1;Augustus},{GlimmerHMM_glimmerT_1924-T1;GlimmerHMM}

# EVM prediction: Mode:STANDARD S-ratio: 22.43 97253-98905 orient(+) score(6324.00) noncoding_equivalent(282.00) raw_noncoding(282.00) offset(0.00) 
97253	98905	single+	1	3	{GlimmerHMM_glimmerT_1925-T1;GlimmerHMM},{Augustus_model.g1729.t1;Augustus}

