!! Predictions spanning range 406 - 98511 [R1]
# EVM prediction: Mode:STANDARD S-ratio: 3.91 406-1387 orient(+) score(4345.00) noncoding_equivalent(1111.05) raw_noncoding(1665.00) offset(553.95) 
406	429	initial+	1	3	{Augustus_model.g2089.t1;Augustus},{GlimmerHMM_glimmerT_2327-T1;GlimmerHMM}
430	979	INTRON			{Augustus_model.g2089.t1;Augustus},{GlimmerHMM_glimmerT_2327-T1;GlimmerHMM},{ev_type:exonerate/ID=match.111469.2052/Target=YMR143W;exonerate},{ev_type:exonerate/ID=match.111469.698/Target=YDL083C;exonerate}
980	1387	terminal+	1	3	{Augustus_model.g2089.t1;Augustus},{snap_scaffold_5-snap.230-T1;snap},{GlimmerHMM_glimmerT_2327-T1;GlimmerHMM}

# EVM prediction: Mode:STANDARD S-ratio: 39.32 1850-2857 orient(+) score(2949.00) noncoding_equivalent(75.00) raw_noncoding(75.00) offset(0.00) 
1850	2857	single+	1	3	{GlimmerHMM_glimmerT_2328-T1;GlimmerHMM},{Augustus_model.g2090.t1;Augustus}

# EVM prediction: Mode:STANDARD S-ratio: 4.51 3327-5009 orient(-) score(8264.00) noncoding_equivalent(1832.96) raw_noncoding(1832.96) offset(0.00) 
5009	3327	single-	4	6	{GlimmerHMM_glimmerT_2329-T1;GlimmerHMM},{HiQ_model.g2091.t1;HiQ}

# EVM prediction: Mode:STANDARD S-ratio: 4.88 6005-7048 orient(-) score(5198.00) noncoding_equivalent(1064.54) raw_noncoding(1064.54) offset(0.00) 
7048	6005	single-	4	6	{HiQ_model.g2092.t1;HiQ},{GlimmerHMM_glimmerT_2330-T1;GlimmerHMM}

# EVM prediction: Mode:STANDARD S-ratio: 1.51 7708-9347 orient(+) score(2950.00) noncoding_equivalent(1955.97) raw_noncoding(2713.90) offset(757.93) 
7708	8234	initial+	1	2	{GlimmerHMM_glimmerT_2331-T1;GlimmerHMM}
8235	8707	INTRON			{GlimmerHMM_glimmerT_2331-T1;GlimmerHMM}
8708	9347	terminal+	3	3	{GlimmerHMM_glimmerT_2331-T1;GlimmerHMM}

# EVM prediction: Mode:STANDARD S-ratio: 10000.00 9635-10381 orient(+) score(2241.00) noncoding_equivalent(0.22) raw_noncoding(0.00) offset(0.00) 
9635	10381	single+	1	3	{GlimmerHMM_glimmerT_2332-T1;GlimmerHMM}

# EVM prediction: Mode:STANDARD S-ratio: 13.25 10453-11022 orient(-) score(1590.00) noncoding_equivalent(120.00) raw_noncoding(120.00) offset(0.00) 
11022	10453	single-	4	6	{GlimmerHMM_glimmerT_2333-T1;GlimmerHMM}

# EVM prediction: Mode:STANDARD S-ratio: 16.97 11586-12683 orient(+) score(4147.00) noncoding_equivalent(244.38) raw_noncoding(244.38) offset(0.00) 
11586	12683	single+	1	3	{GlimmerHMM_glimmerT_2334-T1;GlimmerHMM}

# EVM prediction: Mode:STANDARD S-ratio: 10.15 12757-14498 orient(+) score(4481.00) noncoding_equivalent(441.51) raw_noncoding(938.64) offset(497.13) 
12757	12762	initial+	1	3	{snap_scaffold_5-snap.238-T1;snap}
12763	13064	INTRON			{snap_scaffold_5-snap.238-T1;snap}
13065	14498	terminal+	1	3	{snap_scaffold_5-snap.238-T1;snap}

# EVM prediction: Mode:STANDARD S-ratio: 81.80 14650-16812 orient(-) score(6409.00) noncoding_equivalent(78.35) raw_noncoding(78.35) offset(0.00) 
16812	14650	single-	4	6	{Augustus_model.g2096.t1;Augustus},{GlimmerHMM_glimmerT_2336-T1;GlimmerHMM}

# EVM prediction: Mode:STANDARD S-ratio: 2.51 17157-18827 orient(+) score(4753.00) noncoding_equivalent(1894.96) raw_noncoding(1894.96) offset(0.00) 
17157	18827	single+	1	3	{GlimmerHMM_glimmerT_2337-T1;GlimmerHMM}

# EVM prediction: Mode:STANDARD S-ratio: 10000.00 18908-19630 orient(-) score(2169.00) noncoding_equivalent(0.22) raw_noncoding(0.00) offset(0.00) 
19630	18908	single-	4	6	{GlimmerHMM_glimmerT_2338-T1;GlimmerHMM},{Augustus_model.g2098.t1;Augustus}

# EVM prediction: Mode:STANDARD S-ratio: 8.83 19867-20631 orient(-) score(2060.00) noncoding_equivalent(233.37) raw_noncoding(233.37) offset(0.00) 
20631	19867	single-	4	6	{GlimmerHMM_glimmerT_2339-T1;GlimmerHMM}

# EVM prediction: Mode:STANDARD S-ratio: 3.66 20862-21329 orient(+) score(1839.00) noncoding_equivalent(502.06) raw_noncoding(502.06) offset(0.00) 
20862	21329	single+	1	3	{GlimmerHMM_glimmerT_2340-T1;GlimmerHMM},{Augustus_model.g2100.t1;Augustus}

# EVM prediction: Mode:STANDARD S-ratio: 10000.00 22552-22935 orient(-) score(1152.00) noncoding_equivalent(0.12) raw_noncoding(0.00) offset(0.00) 
22935	22552	single-	4	6	{GlimmerHMM_glimmerT_2341-T1;GlimmerHMM},{Augustus_model.g2101.t1;Augustus}

# EVM prediction: Mode:STANDARD S-ratio: 41.38 23141-25666 orient(+) score(9769.00) noncoding_equivalent(236.07) raw_noncoding(248.07) offset(12.00) 
23141	23146	initial+	1	3	{snap_scaffold_5-snap.244-T1;snap}
23147	23158	INTRON			{snap_scaffold_5-snap.244-T1;snap}
23159	25666	terminal+	1	3	{snap_scaffold_5-snap.244-T1;snap}

# EVM prediction: Mode:STANDARD S-ratio: 16.07 25732-26585 orient(+) score(2893.00) noncoding_equivalent(180.03) raw_noncoding(513.40) offset(333.36) 
25732	25735	initial+	1	1	{snap_scaffold_5-snap.245-T1;snap}
25736	25902	INTRON			{snap_scaffold_5-snap.245-T1;snap}
25903	26585	terminal+	2	3	{Augustus_model.g2102.t1;Augustus},{snap_scaffold_5-snap.245-T1;snap}

# EVM prediction: Mode:STANDARD S-ratio: 4.63 27172-32148 orient(-) score(24555.00) noncoding_equivalent(5307.00) raw_noncoding(5307.00) offset(0.00) 
32148	27172	single-	4	6	{GlimmerHMM_glimmerT_2344-T1;GlimmerHMM},{HiQ_model.g2103.t1;HiQ}

# EVM prediction: Mode:STANDARD S-ratio: 7.69 32497-34626 orient(-) score(5655.00) noncoding_equivalent(735.00) raw_noncoding(735.00) offset(0.00) 
34626	32497	single-	4	6	{Augustus_model.g2104.t1;Augustus},{GlimmerHMM_glimmerT_2345-T1;GlimmerHMM}

# EVM prediction: Mode:STANDARD S-ratio: 18.41 35555-38197 orient(-) score(7458.00) noncoding_equivalent(405.00) raw_noncoding(405.00) offset(0.00) 
38197	35555	single-	4	6	{GlimmerHMM_glimmerT_2346-T1;GlimmerHMM}

# EVM prediction: Mode:STANDARD S-ratio: 4.99 38728-41310 orient(-) score(12909.00) noncoding_equivalent(2587.04) raw_noncoding(2587.04) offset(0.00) 
41310	38728	single-	4	6	{GlimmerHMM_glimmerT_2347-T1;GlimmerHMM},{HiQ_model.g2106.t1;HiQ}

# EVM prediction: Mode:STANDARD S-ratio: 2.00 42039-43142 orient(-) score(4407.00) noncoding_equivalent(2204.03) raw_noncoding(2204.03) offset(0.00) 
43142	42039	single-	4	6	{HiQ_model.g2107.t1;HiQ},{GlimmerHMM_glimmerT_2348-T1;GlimmerHMM}

# EVM prediction: Mode:STANDARD S-ratio: 400.03 43554-45878 orient(+) score(6957.00) noncoding_equivalent(17.39) raw_noncoding(17.39) offset(0.00) 
43554	45878	single+	1	3	{Augustus_model.g2108.t1;Augustus},{GlimmerHMM_glimmerT_2349-T1;GlimmerHMM}

# EVM prediction: Mode:STANDARD S-ratio: 4.25 46060-47886 orient(-) score(8870.00) noncoding_equivalent(2085.76) raw_noncoding(2085.76) offset(0.00) 
47886	46060	single-	4	6	{HiQ_model.g2109.t1;HiQ},{GlimmerHMM_glimmerT_2350-T1;GlimmerHMM}

# EVM prediction: Mode:STANDARD S-ratio: 4.55 48093-49613 orient(-) score(7482.00) noncoding_equivalent(1644.00) raw_noncoding(1644.00) offset(0.00) 
49613	48093	single-	4	6	{GlimmerHMM_glimmerT_2351-T1;GlimmerHMM},{HiQ_model.g2110.t1;HiQ}

# EVM prediction: Mode:STANDARD S-ratio: 5.99 50252-51763 orient(-) score(9060.00) noncoding_equivalent(1512.00) raw_noncoding(1512.00) offset(0.00) 
51763	50252	single-	4	6	{GlimmerHMM_glimmerT_2352-T1;GlimmerHMM},{HiQ_model.g2111.t1;HiQ}

# EVM prediction: Mode:STANDARD S-ratio: 4.98 52553-54241 orient(-) score(8412.00) noncoding_equivalent(1689.00) raw_noncoding(1689.00) offset(0.00) 
54241	52553	single-	4	6	{HiQ_model.g2112.t1;HiQ},{GlimmerHMM_glimmerT_2353-T1;GlimmerHMM}

# EVM prediction: Mode:STANDARD S-ratio: 2.01 54836-56908 orient(+) score(4142.00) noncoding_equivalent(2065.18) raw_noncoding(2065.18) offset(0.00) 
54836	56908	single+	1	3	{GlimmerHMM_glimmerT_2354-T1;GlimmerHMM},{Augustus_model.g2113.t1;Augustus}

# EVM prediction: Mode:STANDARD S-ratio: 0.79 57438-59094 orient(+) score(827.00) noncoding_equivalent(1045.53) raw_noncoding(1735.80) offset(690.27) 
57438	57441	initial+	1	1	{snap_scaffold_5-snap.255-T1;snap}
57442	57562	INTRON			{snap_scaffold_5-snap.255-T1;snap}
57563	57570	internal+	2	3	{snap_scaffold_5-snap.255-T1;snap}
57571	58866	INTRON			{snap_scaffold_5-snap.255-T1;snap}
58867	59094	terminal+	1	3	{snap_scaffold_5-snap.255-T1;snap}

# EVM prediction: Mode:STANDARD S-ratio: 33.66 60175-60429 orient(+) score(743.00) noncoding_equivalent(22.07) raw_noncoding(22.07) offset(0.00) 
60175	60429	single+	1	3	{GlimmerHMM_glimmerT_2356-T1;GlimmerHMM}

# EVM prediction: Mode:STANDARD S-ratio: 150.19 60917-65167 orient(+) score(12652.00) noncoding_equivalent(84.24) raw_noncoding(99.28) offset(15.04) 
60917	60920	initial+	1	1	{snap_scaffold_5-snap.257-T1;snap}
60921	60935	INTRON			{snap_scaffold_5-snap.257-T1;snap}
60936	65167	terminal+	2	3	{snap_scaffold_5-snap.257-T1;snap}

# EVM prediction: Mode:STANDARD S-ratio: 67.09 65837-67303 orient(+) score(5775.00) noncoding_equivalent(86.08) raw_noncoding(86.08) offset(0.00) 
65837	67303	single+	1	3	{Augustus_model.g2115.t1;Augustus},{GlimmerHMM_glimmerT_2358-T1;GlimmerHMM}

# EVM prediction: Mode:STANDARD S-ratio: 408.13 67660-68484 orient(+) score(3284.00) noncoding_equivalent(8.05) raw_noncoding(8.05) offset(0.00) 
67660	68484	single+	1	3	{GlimmerHMM_glimmerT_2359-T1;GlimmerHMM},{Augustus_model.g2116.t1;Augustus}

# EVM prediction: Mode:STANDARD S-ratio: 325.14 69084-71366 orient(+) score(6828.00) noncoding_equivalent(21.00) raw_noncoding(21.00) offset(0.00) 
69084	71366	single+	1	3	{GlimmerHMM_glimmerT_2360-T1;GlimmerHMM},{Augustus_model.g2117.t1;Augustus}

# EVM prediction: Mode:STANDARD S-ratio: 10000.00 71436-72407 orient(-) score(2916.00) noncoding_equivalent(0.29) raw_noncoding(0.00) offset(0.00) 
72407	71436	single-	4	6	{GlimmerHMM_glimmerT_2361-T1;GlimmerHMM},{Augustus_model.g2118.t1;Augustus}

# EVM prediction: Mode:STANDARD S-ratio: 3.03 72821-73288 orient(-) score(1408.00) noncoding_equivalent(464.81) raw_noncoding(464.81) offset(0.00) 
73288	72821	single-	4	6	{GlimmerHMM_glimmerT_2362-T1;GlimmerHMM}

# EVM prediction: Mode:STANDARD S-ratio: 1.75 73751-74302 orient(-) score(1053.00) noncoding_equivalent(603.24) raw_noncoding(603.24) offset(0.00) 
74302	73751	single-	4	6	{GlimmerHMM_glimmerT_2363-T1;GlimmerHMM}

# EVM prediction: Mode:STANDARD S-ratio: 5.00 76077-76967 orient(-) score(4455.00) noncoding_equivalent(891.00) raw_noncoding(891.00) offset(0.00) 
76967	76077	single-	4	6	{GlimmerHMM_glimmerT_2364-T1;GlimmerHMM},{HiQ_model.g2120.t1;HiQ}

# EVM prediction: Mode:STANDARD S-ratio: 2.00 77356-77955 orient(+) score(1200.00) noncoding_equivalent(600.00) raw_noncoding(600.00) offset(0.00) 
77356	77955	single+	1	3	{GlimmerHMM_glimmerT_2365-T1;GlimmerHMM},{Augustus_model.g2121.t1;Augustus}

# EVM prediction: Mode:STANDARD S-ratio: 38.36 78205-81156 orient(+) score(8631.00) noncoding_equivalent(225.00) raw_noncoding(225.00) offset(0.00) 
78205	81156	single+	1	3	{GlimmerHMM_glimmerT_2366-T1;GlimmerHMM},{Augustus_model.g2122.t1;Augustus}

# EVM prediction: Mode:STANDARD S-ratio: 18.06 81538-83661 orient(+) score(9930.00) noncoding_equivalent(549.72) raw_noncoding(549.72) offset(0.00) 
81538	83661	single+	1	3	{Augustus_model.g2123.t1;Augustus},{GlimmerHMM_glimmerT_2367-T1;GlimmerHMM}

# EVM prediction: Mode:STANDARD S-ratio: 4.26 85486-86199 orient(-) score(3465.00) noncoding_equivalent(813.00) raw_noncoding(813.00) offset(0.00) 
86199	85486	single-	4	6	{GlimmerHMM_glimmerT_2369-T1;GlimmerHMM},{HiQ_model.g2124.t1;HiQ}

# EVM prediction: Mode:STANDARD S-ratio: 801.62 86709-89813 orient(+) score(12404.00) noncoding_equivalent(15.47) raw_noncoding(15.47) offset(0.00) 
86709	89813	single+	1	3	{GlimmerHMM_glimmerT_2370-T1;GlimmerHMM},{Augustus_model.g2125.t1;Augustus}

# EVM prediction: Mode:STANDARD S-ratio: 28.03 90112-94503 orient(-) score(16905.00) noncoding_equivalent(603.00) raw_noncoding(603.00) offset(0.00) 
94503	90112	single-	4	6	{GlimmerHMM_glimmerT_2371-T1;GlimmerHMM},{Augustus_model.g2126.t1;Augustus}

# EVM prediction: Mode:STANDARD S-ratio: 37.66 94904-96025 orient(+) score(3276.00) noncoding_equivalent(87.00) raw_noncoding(87.00) offset(0.00) 
94904	96025	single+	1	3	{GlimmerHMM_glimmerT_2372-T1;GlimmerHMM}

# EVM prediction: Mode:STANDARD S-ratio: 55.58 96313-98511 orient(+) score(6479.00) noncoding_equivalent(116.57) raw_noncoding(116.57) offset(0.00) 
96313	98511	single+	1	3	{GlimmerHMM_glimmerT_2373-T1;GlimmerHMM}

