!! Predictions spanning range 1054 - 97680 [R1]
# EVM prediction: Mode:STANDARD S-ratio: 12.07 2321-3895 orient(+) score(4110.00) noncoding_equivalent(340.46) raw_noncoding(870.00) offset(529.54) 
2321	2348	initial+	1	1	{GlimmerHMM_glimmerT_791-T1;GlimmerHMM},{Augustus_model.g673.t1;Augustus}
2349	2621	INTRON			{Augustus_model.g673.t1;Augustus}
2622	3895	terminal+	2	3	{Augustus_model.g673.t1;Augustus}

# EVM prediction: Mode:STANDARD S-ratio: 48.27 3917-8479 orient(-) score(13360.00) noncoding_equivalent(276.76) raw_noncoding(327.93) offset(51.16) 
8352	3917	terminal-	5	6	{GlimmerHMM_glimmerT_792-T1;GlimmerHMM}
8403	8353	INTRON			{GlimmerHMM_glimmerT_792-T1;GlimmerHMM}
8479	8404	initial-	4	4	{GlimmerHMM_glimmerT_792-T1;GlimmerHMM}

# EVM prediction: Mode:STANDARD S-ratio: 2.00 9111-9785 orient(+) score(1350.00) noncoding_equivalent(675.00) raw_noncoding(675.00) offset(0.00) 
9111	9785	single+	1	3	{Augustus_model.g675.t1;Augustus}

# EVM prediction: Mode:STANDARD S-ratio: 10000.00 9992-13981 orient(-) score(11970.00) noncoding_equivalent(1.20) raw_noncoding(0.00) offset(0.00) 
13981	9992	single-	4	6	{Augustus_model.g676.t1;Augustus},{GlimmerHMM_glimmerT_794-T1;GlimmerHMM}

# EVM prediction: Mode:STANDARD S-ratio: 2.00 14341-15039 orient(+) score(1398.00) noncoding_equivalent(699.00) raw_noncoding(699.00) offset(0.00) 
14341	15039	single+	1	3	{Augustus_model.g677.t1;Augustus},{GlimmerHMM_glimmerT_795-T1;GlimmerHMM}

# EVM prediction: Mode:STANDARD S-ratio: 33.40 15303-16202 orient(-) score(2620.00) noncoding_equivalent(78.44) raw_noncoding(78.44) offset(0.00) 
16202	15303	single-	4	6	{GlimmerHMM_glimmerT_796-T1;GlimmerHMM},{Augustus_model.g678.t1;Augustus}

# EVM prediction: Mode:STANDARD S-ratio: 41.15 16479-16976 orient(-) score(1457.00) noncoding_equivalent(35.41) raw_noncoding(35.41) offset(0.00) 
16976	16479	single-	4	6	{GlimmerHMM_glimmerT_797-T1;GlimmerHMM},{Augustus_model.g679.t1;Augustus}

# EVM prediction: Mode:STANDARD S-ratio: 22.74 17095-18363 orient(-) score(3644.00) noncoding_equivalent(160.25) raw_noncoding(160.25) offset(0.00) 
18363	17095	single-	4	6	{GlimmerHMM_glimmerT_798-T1;GlimmerHMM}

# EVM prediction: Mode:STANDARD S-ratio: 6.77 18578-19114 orient(-) score(1490.00) noncoding_equivalent(220.14) raw_noncoding(329.57) offset(109.43) 
18995	18578	terminal-	6	6	{GlimmerHMM_glimmerT_799-T1;GlimmerHMM}
19047	18996	INTRON			{GlimmerHMM_glimmerT_799-T1;GlimmerHMM},{Augustus_model.g680.t1;Augustus}
19058	19048	internal-	4	5	{GlimmerHMM_glimmerT_799-T1;GlimmerHMM},{Augustus_model.g680.t1;Augustus}
19111	19059	INTRON			{GlimmerHMM_glimmerT_799-T1;GlimmerHMM},{Augustus_model.g680.t1;Augustus}
19114	19112	initial-	4	6	{GlimmerHMM_glimmerT_799-T1;GlimmerHMM},{Augustus_model.g680.t1;Augustus}

# EVM prediction: Mode:STANDARD S-ratio: 10000.00 19833-22349 orient(-) score(7551.00) noncoding_equivalent(0.76) raw_noncoding(0.00) offset(0.00) 
22349	19833	single-	4	6	{Augustus_model.g681.t1;Augustus},{GlimmerHMM_glimmerT_801-T1;GlimmerHMM}

# EVM prediction: Mode:STANDARD S-ratio: 1.35 22687-23880 orient(+) score(2052.00) noncoding_equivalent(1524.01) raw_noncoding(1524.01) offset(0.00) 
22687	23880	single+	1	3	{GlimmerHMM_glimmerT_802-T1;GlimmerHMM}

# EVM prediction: Mode:STANDARD S-ratio: 47.60 24317-25774 orient(+) score(4284.00) noncoding_equivalent(90.00) raw_noncoding(90.00) offset(0.00) 
24317	25774	single+	1	3	{GlimmerHMM_glimmerT_803-T1;GlimmerHMM}

# EVM prediction: Mode:STANDARD S-ratio: 10000.00 26815-31512 orient(-) score(14094.00) noncoding_equivalent(1.41) raw_noncoding(0.00) offset(0.00) 
31512	26815	single-	4	6	{Augustus_model.g683.t1;Augustus},{GlimmerHMM_glimmerT_804-T1;GlimmerHMM}

# EVM prediction: Mode:STANDARD S-ratio: 9.71 31726-32523 orient(-) score(2170.00) noncoding_equivalent(223.39) raw_noncoding(223.39) offset(0.00) 
32523	31726	single-	4	6	{Augustus_model.g684.t1;Augustus}

# EVM prediction: Mode:STANDARD S-ratio: 10000.00 32941-35166 orient(+) score(6678.00) noncoding_equivalent(0.67) raw_noncoding(0.00) offset(0.00) 
32941	35166	single+	1	3	{Augustus_model.g685.t1;Augustus},{GlimmerHMM_glimmerT_806-T1;GlimmerHMM}

# EVM prediction: Mode:STANDARD S-ratio: 2.02 35185-36117 orient(-) score(1866.00) noncoding_equivalent(926.00) raw_noncoding(926.00) offset(0.00) 
36117	35185	single-	4	6	{Augustus_model.g686.t1;Augustus},{GlimmerHMM_glimmerT_807-T1;GlimmerHMM}

# EVM prediction: Mode:STANDARD S-ratio: 10000.00 36241-38748 orient(+) score(7524.00) noncoding_equivalent(0.75) raw_noncoding(0.00) offset(0.00) 
36241	38748	single+	1	3	{Augustus_model.g687.t1;Augustus},{GlimmerHMM_glimmerT_808-T1;GlimmerHMM}

# EVM prediction: Mode:STANDARD S-ratio: 67.36 39062-40693 orient(-) score(4823.00) noncoding_equivalent(71.60) raw_noncoding(71.60) offset(0.00) 
40693	39062	single-	4	6	{GlimmerHMM_glimmerT_809-T1;GlimmerHMM}

# EVM prediction: Mode:STANDARD S-ratio: 26.46 41336-43387 orient(-) score(5932.00) noncoding_equivalent(224.18) raw_noncoding(224.18) offset(0.00) 
43387	41336	single-	4	6	{GlimmerHMM_glimmerT_810-T1;GlimmerHMM}

# EVM prediction: Mode:STANDARD S-ratio: 10000.00 44475-44810 orient(+) score(1008.00) noncoding_equivalent(0.10) raw_noncoding(0.00) offset(0.00) 
44475	44810	single+	1	3	{Augustus_model.g689.t1;Augustus},{GlimmerHMM_glimmerT_812-T1;GlimmerHMM}

# EVM prediction: Mode:STANDARD S-ratio: 8.80 45260-46357 orient(-) score(2958.00) noncoding_equivalent(336.00) raw_noncoding(336.00) offset(0.00) 
46357	45260	single-	4	6	{GlimmerHMM_glimmerT_813-T1;GlimmerHMM}

# EVM prediction: Mode:STANDARD S-ratio: 1874.00 47440-49314 orient(+) score(5622.00) noncoding_equivalent(3.00) raw_noncoding(3.00) offset(0.00) 
47440	49314	single+	1	3	{Augustus_model.g691.t1;Augustus}

# EVM prediction: Mode:STANDARD S-ratio: 10000.00 49445-50341 orient(+) score(2691.00) noncoding_equivalent(0.27) raw_noncoding(0.00) offset(0.00) 
49445	50341	single+	1	3	{Augustus_model.g692.t1;Augustus},{GlimmerHMM_glimmerT_815-T1;GlimmerHMM}

# EVM prediction: Mode:STANDARD S-ratio: 1.67 50397-51148 orient(-) score(1504.00) noncoding_equivalent(899.00) raw_noncoding(1050.00) offset(151.00) 
50980	50397	terminal-	5	6	{Augustus_model.g693.t1;Augustus},{GlimmerHMM_glimmerT_816-T1;GlimmerHMM}
51129	50981	INTRON			{Augustus_model.g693.t1;Augustus},{GlimmerHMM_glimmerT_816-T1;GlimmerHMM}
51148	51130	initial-	4	4	{Augustus_model.g693.t1;Augustus},{GlimmerHMM_glimmerT_816-T1;GlimmerHMM}

# EVM prediction: Mode:STANDARD S-ratio: 263.00 51368-53215 orient(+) score(5523.00) noncoding_equivalent(21.00) raw_noncoding(21.00) offset(0.00) 
51368	53215	single+	1	3	{Augustus_model.g694.t1;Augustus}

# EVM prediction: Mode:STANDARD S-ratio: 2.01 53324-54463 orient(-) score(2280.00) noncoding_equivalent(1134.45) raw_noncoding(1134.45) offset(0.00) 
54463	53324	single-	4	6	{GlimmerHMM_glimmerT_818-T1;GlimmerHMM},{Augustus_model.g695.t1;Augustus}

# EVM prediction: Mode:STANDARD S-ratio: 25.30 55025-55561 orient(+) score(1548.00) noncoding_equivalent(61.18) raw_noncoding(61.18) offset(0.00) 
55025	55561	single+	1	3	{Augustus_model.g696.t1;Augustus},{GlimmerHMM_glimmerT_819-T1;GlimmerHMM}

# EVM prediction: Mode:STANDARD S-ratio: 15.84 56126-58952 orient(+) score(7945.00) noncoding_equivalent(501.62) raw_noncoding(521.26) offset(19.64) 
56126	58556	initial+	1	1	{GlimmerHMM_glimmerT_820-T1;GlimmerHMM}
58557	58590	INTRON			{GlimmerHMM_glimmerT_820-T1;GlimmerHMM}
58591	58952	terminal+	2	3	{GlimmerHMM_glimmerT_820-T1;GlimmerHMM}

# EVM prediction: Mode:STANDARD S-ratio: 4.29 59478-60254 orient(+) score(1890.00) noncoding_equivalent(440.80) raw_noncoding(440.80) offset(0.00) 
59478	60254	single+	1	3	{GlimmerHMM_glimmerT_821-T1;GlimmerHMM}

# EVM prediction: Mode:STANDARD S-ratio: 91.75 60282-61370 orient(-) score(3230.00) noncoding_equivalent(35.21) raw_noncoding(35.21) offset(0.00) 
61370	60282	single-	4	6	{Augustus_model.g698.t1;Augustus},{GlimmerHMM_glimmerT_822-T1;GlimmerHMM}

# EVM prediction: Mode:STANDARD S-ratio: 11.78 61521-62780 orient(-) score(3482.00) noncoding_equivalent(295.52) raw_noncoding(295.52) offset(0.00) 
62780	61521	single-	4	6	{GlimmerHMM_glimmerT_823-T1;GlimmerHMM}

# EVM prediction: Mode:STANDARD S-ratio: 2407.17 63280-69723 orient(-) score(19324.00) noncoding_equivalent(8.03) raw_noncoding(8.03) offset(0.00) 
69723	63280	single-	4	6	{GlimmerHMM_glimmerT_824-T1;GlimmerHMM}

# EVM prediction: Mode:STANDARD S-ratio: 2.01 69860-70822 orient(+) score(1926.00) noncoding_equivalent(958.80) raw_noncoding(958.80) offset(0.00) 
69860	70822	single+	1	3	{GlimmerHMM_glimmerT_825-T1;GlimmerHMM},{Augustus_model.g700.t1;Augustus}

# EVM prediction: Mode:STANDARD S-ratio: 2.00 70962-72152 orient(+) score(2382.00) noncoding_equivalent(1191.00) raw_noncoding(1191.00) offset(0.00) 
70962	72152	single+	1	3	{GlimmerHMM_glimmerT_826-T1;GlimmerHMM},{Augustus_model.g701.t1;Augustus}

# EVM prediction: Mode:STANDARD S-ratio: 2.00 72257-73333 orient(-) score(2154.00) noncoding_equivalent(1077.00) raw_noncoding(1077.00) offset(0.00) 
73333	72257	single-	4	6	{GlimmerHMM_glimmerT_827-T1;GlimmerHMM},{Augustus_model.g702.t1;Augustus}

# EVM prediction: Mode:STANDARD S-ratio: 10000.00 74806-76236 orient(+) score(4293.00) noncoding_equivalent(0.43) raw_noncoding(0.00) offset(0.00) 
74806	76236	single+	1	3	{Augustus_model.g703.t1;Augustus},{GlimmerHMM_glimmerT_828-T1;GlimmerHMM}

# EVM prediction: Mode:STANDARD S-ratio: 151.00 77663-79030 orient(+) score(4077.00) noncoding_equivalent(27.00) raw_noncoding(27.00) offset(0.00) 
77663	79030	single+	1	3	{Augustus_model.g704.t1;Augustus},{GlimmerHMM_glimmerT_829-T1;GlimmerHMM}

# EVM prediction: Mode:STANDARD S-ratio: 26.45 79170-81060 orient(-) score(5419.00) noncoding_equivalent(204.88) raw_noncoding(212.00) offset(7.12) 
79915	79170	terminal-	5	6	{Augustus_model.g705.t1;Augustus}
79964	79916	INTRON			{Augustus_model.g705.t1;Augustus}
81060	79965	initial-	4	4	{GlimmerHMM_glimmerT_830-T1;GlimmerHMM},{Augustus_model.g705.t1;Augustus}

# EVM prediction: Mode:STANDARD S-ratio: 165.90 81569-83359 orient(+) score(5339.00) noncoding_equivalent(32.18) raw_noncoding(32.18) offset(0.00) 
81569	83359	single+	1	3	{GlimmerHMM_glimmerT_831-T1;GlimmerHMM}

# EVM prediction: Mode:STANDARD S-ratio: 4.71 83987-86081 orient(+) score(4690.00) noncoding_equivalent(996.10) raw_noncoding(1876.12) offset(880.02) 
83987	83990	initial+	1	1	{snap_scaffold_1-snap.539-T1;snap}
83991	84689	INTRON			{snap_scaffold_1-snap.539-T1;snap}
84690	84833	internal+	2	1	{snap_scaffold_1-snap.539-T1;snap}
84834	84891	INTRON			{snap_scaffold_1-snap.539-T1;snap},{Augustus_model.g706.t1;Augustus}
84892	86081	terminal+	2	3	{Augustus_model.g706.t1;Augustus}

# EVM prediction: Mode:STANDARD S-ratio: 10000.00 86267-87739 orient(+) score(4419.00) noncoding_equivalent(0.44) raw_noncoding(0.00) offset(0.00) 
86267	87739	single+	1	3	{GlimmerHMM_glimmerT_834-T1;GlimmerHMM},{Augustus_model.g707.t1;Augustus}

# EVM prediction: Mode:STANDARD S-ratio: 3.89 87782-89067 orient(-) score(3858.00) noncoding_equivalent(993.00) raw_noncoding(1005.00) offset(12.00) 
88210	87782	terminal-	4	6	{Augustus_model.g708.t1;Augustus},{GlimmerHMM_glimmerT_835-T1;GlimmerHMM},{snap_scaffold_1-snap.540-T1;snap}
88461	88211	INTRON			{Augustus_model.g708.t1;Augustus},{GlimmerHMM_glimmerT_835-T1;GlimmerHMM},{snap_scaffold_1-snap.540-T1;snap}
88937	88462	internal-	5	6	{Augustus_model.g708.t1;Augustus},{GlimmerHMM_glimmerT_835-T1;GlimmerHMM},{snap_scaffold_1-snap.540-T1;snap}
89021	88938	INTRON			{Augustus_model.g708.t1;Augustus},{GlimmerHMM_glimmerT_835-T1;GlimmerHMM},{snap_scaffold_1-snap.540-T1;snap}
89067	89022	initial-	4	4	{Augustus_model.g708.t1;Augustus},{GlimmerHMM_glimmerT_835-T1;GlimmerHMM}

# EVM prediction: Mode:STANDARD S-ratio: 2.00 89882-91420 orient(-) score(3078.00) noncoding_equivalent(1536.13) raw_noncoding(1536.13) offset(0.00) 
91420	89882	single-	4	6	{GlimmerHMM_glimmerT_837-T1;GlimmerHMM},{Augustus_model.g709.t1;Augustus}

# EVM prediction: Mode:STANDARD S-ratio: 79.16 92069-95155 orient(+) score(9144.00) noncoding_equivalent(115.52) raw_noncoding(115.52) offset(0.00) 
92069	95155	single+	1	3	{GlimmerHMM_glimmerT_838-T1;GlimmerHMM}

# EVM prediction: Mode:STANDARD S-ratio: 8.45 95392-97014 orient(+) score(4353.00) noncoding_equivalent(515.35) raw_noncoding(515.35) offset(0.00) 
95392	97014	single+	1	3	{GlimmerHMM_glimmerT_839-T1;GlimmerHMM}

# EVM prediction: Mode:STANDARD S-ratio: 10000.00 97117-97680 orient(+) score(1692.00) noncoding_equivalent(0.17) raw_noncoding(0.00) offset(0.00) 
97117	97680	single+	1	3	{GlimmerHMM_glimmerT_840-T1;GlimmerHMM},{Augustus_model.g711.t1;Augustus}

