!! Predictions spanning range 2311 - 92007 [R1]
# EVM prediction: Mode:STANDARD S-ratio: 10000.00 2311-2703 orient(-) score(786.00) noncoding_equivalent(0.08) raw_noncoding(0.00) offset(0.00) 
2703	2311	single-	4	6	{Augustus_gene170.t1;Augustus}

# EVM prediction: Mode:STANDARD S-ratio: 10000.00 6896-8416 orient(-) score(3042.00) noncoding_equivalent(0.30) raw_noncoding(0.00) offset(0.00) 
8416	6896	single-	4	6	{Augustus_gene125.t1;Augustus}

# EVM prediction: Mode:STANDARD S-ratio: 10000.00 9772-10539 orient(+) score(1536.00) noncoding_equivalent(0.15) raw_noncoding(0.00) offset(0.00) 
9772	10539	single+	1	3	{Augustus_gene965.t1;Augustus}

# EVM prediction: Mode:STANDARD S-ratio: 10000.00 16524-18032 orient(+) score(3018.00) noncoding_equivalent(0.30) raw_noncoding(0.00) offset(0.00) 
16524	18032	single+	1	3	{Augustus_gene290.t1;Augustus}

# EVM prediction: Mode:STANDARD S-ratio: 10000.00 23070-24038 orient(+) score(1938.00) noncoding_equivalent(0.19) raw_noncoding(0.00) offset(0.00) 
23070	24038	single+	1	3	{Augustus_gene698.t1;Augustus}

# EVM prediction: Mode:STANDARD S-ratio: 10000.00 29176-30726 orient(-) score(3102.00) noncoding_equivalent(0.31) raw_noncoding(0.00) offset(0.00) 
30726	29176	single-	4	6	{Augustus_gene733.t1;Augustus}

# EVM prediction: Mode:STANDARD S-ratio: 10000.00 37584-38033 orient(+) score(898.00) noncoding_equivalent(0.09) raw_noncoding(0.00) offset(0.00) 
37584	38033	single+	1	3	{Augustus_gene836.t1;Augustus}

# EVM prediction: Mode:STANDARD S-ratio: 10000.00 38394-39530 orient(+) score(2274.00) noncoding_equivalent(0.23) raw_noncoding(0.00) offset(0.00) 
38394	39530	single+	1	3	{Augustus_gene59.t1;Augustus}

# EVM prediction: Mode:STANDARD S-ratio: 10000.00 45568-47490 orient(+) score(3846.00) noncoding_equivalent(0.38) raw_noncoding(0.00) offset(0.00) 
45568	47490	single+	1	3	{Augustus_gene6.t1;Augustus}

# EVM prediction: Mode:STANDARD S-ratio: 10000.00 64893-67610 orient(+) score(5436.00) noncoding_equivalent(0.54) raw_noncoding(0.00) offset(0.00) 
64893	67610	single+	1	3	{Augustus_gene385.t1;Augustus}

# EVM prediction: Mode:STANDARD S-ratio: 10000.00 76638-77142 orient(-) score(1010.00) noncoding_equivalent(0.10) raw_noncoding(0.00) offset(0.00) 
77040	76638	terminal-	6	6	{Augustus_gene200.t1;Augustus}
77131	77041	INTRON			{Augustus_gene200.t1;Augustus}
77142	77132	initial-	4	5	{Augustus_gene200.t1;Augustus}

# EVM prediction: Mode:STANDARD S-ratio: 10000.00 77481-79544 orient(+) score(4128.00) noncoding_equivalent(0.41) raw_noncoding(0.00) offset(0.00) 
77481	79544	single+	1	3	{Augustus_gene777.t1;Augustus}

# EVM prediction: Mode:STANDARD S-ratio: 10000.00 79812-80636 orient(+) score(1650.00) noncoding_equivalent(0.17) raw_noncoding(0.00) offset(0.00) 
79812	80636	single+	1	3	{Augustus_gene297.t1;Augustus}

# EVM prediction: Mode:STANDARD S-ratio: 10000.00 83221-85635 orient(+) score(4830.00) noncoding_equivalent(0.48) raw_noncoding(0.00) offset(0.00) 
83221	85635	single+	1	3	{Augustus_gene613.t1;Augustus}

# EVM prediction: Mode:STANDARD S-ratio: 10000.00 90451-92007 orient(-) score(3114.00) noncoding_equivalent(0.31) raw_noncoding(0.00) offset(0.00) 
92007	90451	single-	4	6	{Augustus_gene785.t1;Augustus}

