!! Predictions spanning range 699 - 98618 [R1]
# EVM prediction: Mode:STANDARD S-ratio: 10000.00 699-4337 orient(+) score(10917.00) noncoding_equivalent(1.09) raw_noncoding(0.00) offset(0.00) 
699	4337	single+	1	3	{GlimmerHMM_glimmerT_4428-T1;GlimmerHMM},{Augustus_model.g3829.t1;Augustus}

# EVM prediction: Mode:STANDARD S-ratio: 2145.71 4603-9669 orient(+) score(15192.00) noncoding_equivalent(7.08) raw_noncoding(7.08) offset(0.00) 
4603	9669	single+	1	3	{Augustus_model.g3830.t1;Augustus},{GlimmerHMM_glimmerT_4429-T1;GlimmerHMM}

# EVM prediction: Mode:STANDARD S-ratio: 20.80 9785-11467 orient(+) score(4948.00) noncoding_equivalent(237.88) raw_noncoding(243.88) offset(6.00) 
9785	9869	initial+	1	1	{GlimmerHMM_glimmerT_4430-T1;GlimmerHMM},{Augustus_model.g3831.t1;Augustus}
9870	9917	INTRON			{GlimmerHMM_glimmerT_4430-T1;GlimmerHMM},{Augustus_model.g3831.t1;Augustus},{snap_scaffold_4-snap.223-T1;snap}
9918	11467	terminal+	2	3	{GlimmerHMM_glimmerT_4430-T1;GlimmerHMM},{snap_scaffold_4-snap.223-T1;snap}

# EVM prediction: Mode:STANDARD S-ratio: 52.39 11570-14194 orient(+) score(7599.00) noncoding_equivalent(145.06) raw_noncoding(376.90) offset(231.84) 
11570	11578	initial+	1	3	{snap_scaffold_4-snap.224-T1;snap}
11579	11707	INTRON			{snap_scaffold_4-snap.224-T1;snap}
11708	14194	terminal+	1	3	{Augustus_model.g3831.t1;Augustus},{snap_scaffold_4-snap.224-T1;snap}

# EVM prediction: Mode:STANDARD S-ratio: 215.08 14240-15622 orient(-) score(4128.00) noncoding_equivalent(19.19) raw_noncoding(19.19) offset(0.00) 
15622	14240	single-	4	6	{Augustus_model.g3832.t1;Augustus},{GlimmerHMM_glimmerT_4432-T1;GlimmerHMM}

# EVM prediction: Mode:STANDARD S-ratio: 36.13 15699-17036 orient(-) score(3905.00) noncoding_equivalent(108.09) raw_noncoding(108.09) offset(0.00) 
17036	15699	single-	4	6	{GlimmerHMM_glimmerT_4433-T1;GlimmerHMM},{Augustus_model.g3833.t1;Augustus}

# EVM prediction: Mode:STANDARD S-ratio: 75.92 17131-19668 orient(-) score(7516.00) noncoding_equivalent(98.99) raw_noncoding(98.99) offset(0.00) 
19668	17131	single-	4	6	{GlimmerHMM_glimmerT_4434-T1;GlimmerHMM},{Augustus_model.g3834.t1;Augustus}

# EVM prediction: Mode:STANDARD S-ratio: 2.00 20094-22475 orient(+) score(4764.00) noncoding_equivalent(2382.00) raw_noncoding(2382.00) offset(0.00) 
20094	22475	single+	1	3	{GlimmerHMM_glimmerT_4435-T1;GlimmerHMM},{Augustus_model.g3835.t1;Augustus}

# EVM prediction: Mode:STANDARD S-ratio: 10000.00 22689-24245 orient(+) score(4671.00) noncoding_equivalent(0.47) raw_noncoding(0.00) offset(0.00) 
22689	24245	single+	1	3	{Augustus_model.g3836.t1;Augustus},{GlimmerHMM_glimmerT_4436-T1;GlimmerHMM}

# EVM prediction: Mode:STANDARD S-ratio: 2.00 24308-25675 orient(-) score(2736.00) noncoding_equivalent(1368.00) raw_noncoding(1368.00) offset(0.00) 
25675	24308	single-	4	6	{Augustus_model.g3837.t1;Augustus},{GlimmerHMM_glimmerT_4437-T1;GlimmerHMM}

# EVM prediction: Mode:STANDARD S-ratio: 32.20 26185-28542 orient(+) score(6861.00) noncoding_equivalent(213.05) raw_noncoding(213.05) offset(0.00) 
26185	28542	single+	1	3	{Augustus_model.g3838.t1;Augustus}

# EVM prediction: Mode:STANDARD S-ratio: 90.11 28663-32652 orient(+) score(11718.00) noncoding_equivalent(130.05) raw_noncoding(316.99) offset(186.94) 
28663	28668	initial+	1	3	{snap_scaffold_4-snap.228-T1;snap}
28669	28788	INTRON			{snap_scaffold_4-snap.228-T1;snap}
28789	32652	terminal+	1	3	{snap_scaffold_4-snap.228-T1;snap},{GlimmerHMM_glimmerT_4438-T1;GlimmerHMM}

# EVM prediction: Mode:STANDARD S-ratio: 23.51 34203-35125 orient(+) score(2610.00) noncoding_equivalent(111.02) raw_noncoding(167.10) offset(56.08) 
34203	34211	initial+	1	3	{snap_scaffold_4-snap.229-T1;snap}
34212	34244	INTRON			{snap_scaffold_4-snap.229-T1;snap}
34245	35011	internal+	1	2	{snap_scaffold_4-snap.229-T1;snap}
35012	35022	INTRON			{snap_scaffold_4-snap.229-T1;snap}
35023	35125	terminal+	3	3	{snap_scaffold_4-snap.229-T1;snap}

# EVM prediction: Mode:STANDARD S-ratio: 10000.00 35671-43911 orient(-) score(24723.00) noncoding_equivalent(2.47) raw_noncoding(0.00) offset(0.00) 
43911	35671	single-	4	6	{Augustus_model.g3841.t1;Augustus},{GlimmerHMM_glimmerT_4441-T1;GlimmerHMM}

# EVM prediction: Mode:STANDARD S-ratio: 2.00 45506-46240 orient(+) score(1470.00) noncoding_equivalent(735.00) raw_noncoding(735.00) offset(0.00) 
45506	46240	single+	1	3	{GlimmerHMM_glimmerT_4442-T1;GlimmerHMM},{Augustus_model.g3842.t1;Augustus}

# EVM prediction: Mode:STANDARD S-ratio: 10000.00 46443-47771 orient(-) score(3987.00) noncoding_equivalent(0.40) raw_noncoding(0.00) offset(0.00) 
47771	46443	single-	4	6	{Augustus_model.g3843.t1;Augustus},{GlimmerHMM_glimmerT_4443-T1;GlimmerHMM}

# EVM prediction: Mode:STANDARD S-ratio: 2.01 48385-49539 orient(+) score(2310.00) noncoding_equivalent(1149.70) raw_noncoding(1149.70) offset(0.00) 
48385	49539	single+	1	3	{Augustus_model.g3844.t1;Augustus},{GlimmerHMM_glimmerT_4444-T1;GlimmerHMM}

# EVM prediction: Mode:STANDARD S-ratio: 1.88 49567-51078 orient(-) score(2886.00) noncoding_equivalent(1533.20) raw_noncoding(1766.28) offset(233.08) 
50940	49567	terminal-	4	6	{snap_scaffold_4-snap.232-T1;snap},{GlimmerHMM_glimmerT_4445-T1;GlimmerHMM}
51057	50941	INTRON			{GlimmerHMM_glimmerT_4445-T1;GlimmerHMM}
51078	51058	initial-	4	6	{GlimmerHMM_glimmerT_4445-T1;GlimmerHMM}

# EVM prediction: Mode:STANDARD S-ratio: 58.06 51369-52313 orient(+) score(2787.00) noncoding_equivalent(48.00) raw_noncoding(48.00) offset(0.00) 
51369	52313	single+	1	3	{GlimmerHMM_glimmerT_4446-T1;GlimmerHMM},{Augustus_model.g3845.t1;Augustus}

# EVM prediction: Mode:STANDARD S-ratio: 14.85 52626-53805 orient(-) score(3223.00) noncoding_equivalent(217.00) raw_noncoding(317.00) offset(100.00) 
53696	52626	terminal-	4	6	{snap_scaffold_4-snap.234-T1;snap}
53796	53697	INTRON			{snap_scaffold_4-snap.234-T1;snap}
53805	53797	initial-	4	6	{snap_scaffold_4-snap.234-T1;snap}

# EVM prediction: Mode:STANDARD S-ratio: 92.43 54568-55875 orient(-) score(3882.00) noncoding_equivalent(42.00) raw_noncoding(42.00) offset(0.00) 
55875	54568	single-	4	6	{GlimmerHMM_glimmerT_4448-T1;GlimmerHMM},{Augustus_model.g3847.t1;Augustus}

# EVM prediction: Mode:STANDARD S-ratio: 10000.00 56332-57399 orient(+) score(3204.00) noncoding_equivalent(0.32) raw_noncoding(0.00) offset(0.00) 
56332	57399	single+	1	3	{Augustus_model.g3848.t1;Augustus},{GlimmerHMM_glimmerT_4449-T1;GlimmerHMM}

# EVM prediction: Mode:STANDARD S-ratio: 141.06 57476-58822 orient(-) score(4011.00) noncoding_equivalent(28.43) raw_noncoding(28.43) offset(0.00) 
58822	57476	single-	4	6	{GlimmerHMM_glimmerT_4450-T1;GlimmerHMM},{Augustus_model.g3849.t1;Augustus}

# EVM prediction: Mode:STANDARD S-ratio: 10000.00 59274-61001 orient(-) score(5184.00) noncoding_equivalent(0.52) raw_noncoding(0.00) offset(0.00) 
61001	59274	single-	4	6	{GlimmerHMM_glimmerT_4451-T1;GlimmerHMM},{Augustus_model.g3850.t1;Augustus}

# EVM prediction: Mode:STANDARD S-ratio: 69.18 61450-62223 orient(-) score(2289.00) noncoding_equivalent(33.09) raw_noncoding(33.09) offset(0.00) 
62223	61450	single-	4	6	{GlimmerHMM_glimmerT_4452-T1;GlimmerHMM},{Augustus_model.g3851.t1;Augustus}

# EVM prediction: Mode:STANDARD S-ratio: 2.01 62426-63394 orient(-) score(1938.00) noncoding_equivalent(963.15) raw_noncoding(963.15) offset(0.00) 
63394	62426	single-	4	6	{GlimmerHMM_glimmerT_4453-T1;GlimmerHMM},{Augustus_model.g3852.t1;Augustus}

# EVM prediction: Mode:STANDARD S-ratio: 10000.00 63620-66433 orient(+) score(8442.00) noncoding_equivalent(0.84) raw_noncoding(0.00) offset(0.00) 
63620	66433	single+	1	3	{GlimmerHMM_glimmerT_4454-T1;GlimmerHMM},{Augustus_model.g3853.t1;Augustus}

# EVM prediction: Mode:STANDARD S-ratio: 10000.00 66481-67407 orient(-) score(2781.00) noncoding_equivalent(0.28) raw_noncoding(0.00) offset(0.00) 
67407	66481	single-	4	6	{GlimmerHMM_glimmerT_4455-T1;GlimmerHMM},{Augustus_model.g3854.t1;Augustus}

# EVM prediction: Mode:STANDARD S-ratio: 134.30 67593-70712 orient(-) score(9267.00) noncoding_equivalent(69.00) raw_noncoding(93.00) offset(24.00) 
70683	67593	terminal-	6	6	{snap_scaffold_4-snap.241-T1;snap}
70707	70684	INTRON			{snap_scaffold_4-snap.241-T1;snap}
70712	70708	initial-	4	5	{snap_scaffold_4-snap.241-T1;snap}

# EVM prediction: Mode:STANDARD S-ratio: 46.77 70931-71722 orient(+) score(2325.00) noncoding_equivalent(49.72) raw_noncoding(49.72) offset(0.00) 
70931	71722	single+	1	3	{GlimmerHMM_glimmerT_4457-T1;GlimmerHMM},{Augustus_model.g3856.t1;Augustus}

# EVM prediction: Mode:STANDARD S-ratio: 2.00 72204-73118 orient(+) score(1830.00) noncoding_equivalent(915.00) raw_noncoding(915.00) offset(0.00) 
72204	73118	single+	1	3	{Augustus_model.g3857.t1;Augustus},{GlimmerHMM_glimmerT_4458-T1;GlimmerHMM}

# EVM prediction: Mode:STANDARD S-ratio: 1.68 73261-74181 orient(+) score(1731.00) noncoding_equivalent(1033.03) raw_noncoding(1033.03) offset(0.00) 
73261	74181	single+	1	3	{GlimmerHMM_glimmerT_4459-T1;GlimmerHMM}

# EVM prediction: Mode:STANDARD S-ratio: 2.01 74294-74893 orient(+) score(1200.00) noncoding_equivalent(596.00) raw_noncoding(596.00) offset(0.00) 
74294	74893	single+	1	3	{GlimmerHMM_glimmerT_4460-T1;GlimmerHMM}

# EVM prediction: Mode:STANDARD S-ratio: 23.63 74982-77652 orient(-) score(7420.00) noncoding_equivalent(314.00) raw_noncoding(460.00) offset(146.00) 
75066	74982	terminal-	6	6	{Augustus_model.g3859.t1;Augustus}
75241	75067	INTRON			{Augustus_model.g3859.t1;Augustus}
76170	75242	internal-	4	5	{Augustus_model.g3859.t1;Augustus}
76272	76171	INTRON			{Augustus_model.g3859.t1;Augustus}
77652	76273	initial-	4	6	{Augustus_model.g3859.t1;Augustus}

# EVM prediction: Mode:STANDARD S-ratio: 4.97 77958-78395 orient(+) score(2184.00) noncoding_equivalent(439.14) raw_noncoding(439.14) offset(0.00) 
77958	78395	single+	1	3	{GlimmerHMM_glimmerT_4463-T1;GlimmerHMM},{Augustus_model.g3860.t1;Augustus}

# EVM prediction: Mode:STANDARD S-ratio: 2.72 78444-79688 orient(-) score(3641.00) noncoding_equivalent(1337.28) raw_noncoding(1337.28) offset(0.00) 
79688	78444	single-	4	6	{Augustus_model.g3861.t1;Augustus},{GlimmerHMM_glimmerT_4464-T1;GlimmerHMM}

# EVM prediction: Mode:STANDARD S-ratio: 2.52 80109-80702 orient(-) score(1700.00) noncoding_equivalent(674.57) raw_noncoding(674.57) offset(0.00) 
80702	80109	single-	4	6	{Augustus_model.g3862.t1;Augustus},{GlimmerHMM_glimmerT_4465-T1;GlimmerHMM}

# EVM prediction: Mode:STANDARD S-ratio: 10000.00 81122-83347 orient(+) score(6678.00) noncoding_equivalent(0.67) raw_noncoding(0.00) offset(0.00) 
81122	83347	single+	1	3	{GlimmerHMM_glimmerT_4466-T1;GlimmerHMM},{Augustus_model.g3863.t1;Augustus}

# EVM prediction: Mode:STANDARD S-ratio: 10000.00 83400-84047 orient(-) score(1944.00) noncoding_equivalent(0.19) raw_noncoding(0.00) offset(0.00) 
84047	83400	single-	4	6	{Augustus_model.g3864.t1;Augustus},{GlimmerHMM_glimmerT_4467-T1;GlimmerHMM}

# EVM prediction: Mode:STANDARD S-ratio: 2.02 84192-84881 orient(+) score(1380.00) noncoding_equivalent(684.32) raw_noncoding(684.32) offset(0.00) 
84192	84881	single+	1	3	{Augustus_model.g3865.t1;Augustus},{GlimmerHMM_glimmerT_4468-T1;GlimmerHMM}

# EVM prediction: Mode:STANDARD S-ratio: 10000.00 84912-86525 orient(-) score(4842.00) noncoding_equivalent(0.48) raw_noncoding(0.00) offset(0.00) 
86525	84912	single-	4	6	{Augustus_model.g3866.t1;Augustus},{GlimmerHMM_glimmerT_4469-T1;GlimmerHMM}

# EVM prediction: Mode:STANDARD S-ratio: 2.03 86736-87290 orient(+) score(1110.00) noncoding_equivalent(548.11) raw_noncoding(548.11) offset(0.00) 
86736	87290	single+	1	3	{GlimmerHMM_glimmerT_4470-T1;GlimmerHMM},{Augustus_model.g3867.t1;Augustus}

# EVM prediction: Mode:STANDARD S-ratio: 272.67 87373-92298 orient(-) score(14724.00) noncoding_equivalent(54.00) raw_noncoding(54.00) offset(0.00) 
92298	87373	single-	4	6	{Augustus_model.g3868.t1;Augustus},{GlimmerHMM_glimmerT_4471-T1;GlimmerHMM}

# EVM prediction: Mode:STANDARD S-ratio: 2.00 93960-94943 orient(+) score(1968.00) noncoding_equivalent(984.00) raw_noncoding(984.00) offset(0.00) 
93960	94943	single+	1	3	{GlimmerHMM_glimmerT_4472-T1;GlimmerHMM}

# EVM prediction: Mode:STANDARD S-ratio: 173.27 95818-97182 orient(+) score(4070.00) noncoding_equivalent(23.49) raw_noncoding(23.49) offset(0.00) 
95818	97182	single+	1	3	{GlimmerHMM_glimmerT_4473-T1;GlimmerHMM},{Augustus_model.g3869.t1;Augustus}

# EVM prediction: Mode:STANDARD S-ratio: 10000.00 97983-98618 orient(+) score(1908.00) noncoding_equivalent(0.19) raw_noncoding(0.00) offset(0.00) 
97983	98618	single+	1	3	{GlimmerHMM_glimmerT_4474-T1;GlimmerHMM},{Augustus_model.g3870.t1;Augustus}

