!! Predictions spanning range 1157 - 96836 [R1]
# EVM prediction: Mode:STANDARD S-ratio: 3.01 1157-2215 orient(+) score(3177.00) noncoding_equivalent(1054.00) raw_noncoding(1054.00) offset(0.00) 
1157	2215	single+	1	3	{GlimmerHMM_glimmerT_3823-T1;GlimmerHMM},{Augustus_model.g3373.t1;Augustus}

# EVM prediction: Mode:STANDARD S-ratio: 10000.00 2626-2910 orient(+) score(1140.00) noncoding_equivalent(0.11) raw_noncoding(0.00) offset(0.00) 
2626	2910	single+	1	3	{Augustus_model.g3374.t1;Augustus},{GlimmerHMM_glimmerT_3824-T1;GlimmerHMM}

# EVM prediction: Mode:STANDARD S-ratio: 586.35 3082-5640 orient(-) score(7662.00) noncoding_equivalent(13.07) raw_noncoding(13.07) offset(0.00) 
5640	3082	single-	4	6	{Augustus_model.g3375.t1;Augustus},{GlimmerHMM_glimmerT_3825-T1;GlimmerHMM}

# EVM prediction: Mode:STANDARD S-ratio: 45.75 6143-7374 orient(-) score(3572.00) noncoding_equivalent(78.08) raw_noncoding(153.19) offset(75.11) 
7323	6143	terminal-	5	6	{snap_scaffold_9-snap.39-T1;snap}
7367	7324	INTRON			{snap_scaffold_9-snap.39-T1;snap}
7374	7368	initial-	4	4	{snap_scaffold_9-snap.39-T1;snap}

# EVM prediction: Mode:STANDARD S-ratio: 30.13 7857-9527 orient(-) score(6468.00) noncoding_equivalent(214.68) raw_noncoding(214.68) offset(0.00) 
9527	7857	single-	4	6	{GlimmerHMM_glimmerT_3827-T1;GlimmerHMM}

# EVM prediction: Mode:STANDARD S-ratio: 724.39 10072-11769 orient(-) score(5085.00) noncoding_equivalent(7.02) raw_noncoding(7.02) offset(0.00) 
11769	10072	single-	4	6	{Augustus_model.g3377.t1;Augustus},{GlimmerHMM_glimmerT_3828-T1;GlimmerHMM}

# EVM prediction: Mode:STANDARD S-ratio: 4.93 14315-15172 orient(-) score(4278.00) noncoding_equivalent(868.03) raw_noncoding(868.03) offset(0.00) 
15172	14315	single-	4	6	{HiQ_model.g3378.t1;HiQ},{GlimmerHMM_glimmerT_3831-T1;GlimmerHMM}

# EVM prediction: Mode:STANDARD S-ratio: 10000.00 16850-18028 orient(+) score(3537.00) noncoding_equivalent(0.35) raw_noncoding(0.00) offset(0.00) 
16850	18028	single+	1	3	{Augustus_model.g3379.t1;Augustus},{GlimmerHMM_glimmerT_3832-T1;GlimmerHMM}

# EVM prediction: Mode:STANDARD S-ratio: 87.69 18656-19342 orient(-) score(2036.00) noncoding_equivalent(23.22) raw_noncoding(23.22) offset(0.00) 
19342	18656	single-	4	6	{GlimmerHMM_glimmerT_3833-T1;GlimmerHMM},{Augustus_model.g3380.t1;Augustus}

# EVM prediction: Mode:STANDARD S-ratio: 51.10 20279-22831 orient(-) score(7512.00) noncoding_equivalent(147.00) raw_noncoding(147.00) offset(0.00) 
22831	20279	single-	4	6	{GlimmerHMM_glimmerT_3834-T1;GlimmerHMM}

# EVM prediction: Mode:STANDARD S-ratio: 23.85 23278-25395 orient(-) score(8111.00) noncoding_equivalent(340.02) raw_noncoding(340.02) offset(0.00) 
25395	23278	single-	4	6	{GlimmerHMM_glimmerT_3835-T1;GlimmerHMM}

# EVM prediction: Mode:STANDARD S-ratio: 48.83 25724-27031 orient(-) score(5127.00) noncoding_equivalent(105.00) raw_noncoding(105.00) offset(0.00) 
27031	25724	single-	4	6	{GlimmerHMM_glimmerT_3836-T1;GlimmerHMM}

# EVM prediction: Mode:STANDARD S-ratio: 4.74 27568-30402 orient(-) score(14046.00) noncoding_equivalent(2964.00) raw_noncoding(2964.00) offset(0.00) 
30402	27568	single-	4	6	{GlimmerHMM_glimmerT_3837-T1;GlimmerHMM},{HiQ_model.g3383.t1;HiQ}

# EVM prediction: Mode:STANDARD S-ratio: 5.00 30765-32366 orient(-) score(8010.00) noncoding_equivalent(1602.00) raw_noncoding(1602.00) offset(0.00) 
32366	30765	single-	4	6	{GlimmerHMM_glimmerT_3838-T1;GlimmerHMM},{HiQ_model.g3384.t1;HiQ}

# EVM prediction: Mode:STANDARD S-ratio: 8.73 32818-33225 orient(-) score(1097.00) noncoding_equivalent(125.66) raw_noncoding(125.66) offset(0.00) 
33225	32818	single-	4	6	{GlimmerHMM_glimmerT_3839-T1;GlimmerHMM}

# EVM prediction: Mode:STANDARD S-ratio: 161.14 33894-35879 orient(+) score(7894.00) noncoding_equivalent(48.99) raw_noncoding(48.99) offset(0.00) 
33894	35879	single+	1	3	{GlimmerHMM_glimmerT_3840-T1;GlimmerHMM},{Augustus_model.g3386.t1;Augustus}

# EVM prediction: Mode:STANDARD S-ratio: 286.58 36938-37627 orient(+) score(2061.00) noncoding_equivalent(7.19) raw_noncoding(7.19) offset(0.00) 
36938	37627	single+	1	3	{GlimmerHMM_glimmerT_3841-T1;GlimmerHMM},{Augustus_model.g3387.t1;Augustus}

# EVM prediction: Mode:STANDARD S-ratio: 2.01 37899-39047 orient(-) score(2298.00) noncoding_equivalent(1142.40) raw_noncoding(1142.40) offset(0.00) 
39047	37899	single-	4	6	{GlimmerHMM_glimmerT_3842-T1;GlimmerHMM},{Augustus_model.g3388.t1;Augustus}

# EVM prediction: Mode:STANDARD S-ratio: 562.77 39796-41211 orient(+) score(5652.00) noncoding_equivalent(10.04) raw_noncoding(10.04) offset(0.00) 
39796	41211	single+	1	3	{Augustus_model.g3389.t1;Augustus},{GlimmerHMM_glimmerT_3843-T1;GlimmerHMM}

# EVM prediction: Mode:STANDARD S-ratio: 10000.00 41656-42540 orient(+) score(3540.00) noncoding_equivalent(0.35) raw_noncoding(0.00) offset(0.00) 
41656	42540	single+	1	3	{GlimmerHMM_glimmerT_3844-T1;GlimmerHMM},{Augustus_model.g3390.t1;Augustus}

# EVM prediction: Mode:STANDARD S-ratio: 375.20 43589-44065 orient(+) score(1901.00) noncoding_equivalent(5.07) raw_noncoding(5.07) offset(0.00) 
43589	44065	single+	1	3	{GlimmerHMM_glimmerT_3846-T1;GlimmerHMM},{Augustus_model.g3391.t1;Augustus}

# EVM prediction: Mode:STANDARD S-ratio: 10000.00 44459-46768 orient(-) score(6930.00) noncoding_equivalent(0.69) raw_noncoding(0.00) offset(0.00) 
46768	44459	single-	4	6	{Augustus_model.g3392.t1;Augustus},{GlimmerHMM_glimmerT_3847-T1;GlimmerHMM}

# EVM prediction: Mode:STANDARD S-ratio: 62.43 47433-48098 orient(+) score(2622.00) noncoding_equivalent(42.00) raw_noncoding(42.00) offset(0.00) 
47433	48098	single+	1	3	{Augustus_model.g3393.t1;Augustus},{GlimmerHMM_glimmerT_3848-T1;GlimmerHMM}

# EVM prediction: Mode:STANDARD S-ratio: 4.03 48218-49504 orient(-) score(6183.00) noncoding_equivalent(1535.77) raw_noncoding(1535.77) offset(0.00) 
49504	48218	single-	4	6	{HiQ_model.g3394.t1;HiQ}

# EVM prediction: Mode:STANDARD S-ratio: 16.06 51191-52333 orient(-) score(3228.00) noncoding_equivalent(201.00) raw_noncoding(201.00) offset(0.00) 
52333	51191	single-	4	6	{GlimmerHMM_glimmerT_3850-T1;GlimmerHMM},{Augustus_model.g3395.t1;Augustus}

# EVM prediction: Mode:STANDARD S-ratio: 5.17 52751-53445 orient(-) score(3715.00) noncoding_equivalent(719.00) raw_noncoding(1575.00) offset(856.00) 
52990	52751	terminal-	4	6	{GlimmerHMM_glimmerT_3851-T1;GlimmerHMM},{snap_scaffold_9-snap.60-T1;snap},{HiQ_model.g3396.t1;HiQ}
53421	52991	INTRON			{GlimmerHMM_glimmerT_3851-T1;GlimmerHMM},{HiQ_model.g3396.t1;HiQ},{ev_type:exonerate/ID=match.177006.2691/Target=YKR057W;exonerate},{ev_type:exonerate/ID=match.177006.2292/Target=YJL136C;exonerate}
53445	53422	initial-	4	6	{GlimmerHMM_glimmerT_3851-T1;GlimmerHMM},{HiQ_model.g3396.t1;HiQ}

# EVM prediction: Mode:STANDARD S-ratio: 1.00 54385-55614 orient(+) score(2460.00) noncoding_equivalent(2460.00) raw_noncoding(2460.00) offset(0.00) 
54385	55614	single+	1	3	{GlimmerHMM_glimmerT_3852-T1;GlimmerHMM}

# EVM prediction: Mode:STANDARD S-ratio: 2.00 55814-56035 orient(-) score(888.00) noncoding_equivalent(444.00) raw_noncoding(444.00) offset(0.00) 
56035	55814	single-	4	6	{GlimmerHMM_glimmerT_3853-T1;GlimmerHMM},{HiQ_model.g3397.t1;HiQ}

# EVM prediction: Mode:STANDARD S-ratio: 96.33 56844-57788 orient(+) score(2806.00) noncoding_equivalent(29.13) raw_noncoding(29.13) offset(0.00) 
56844	57788	single+	1	3	{GlimmerHMM_glimmerT_3854-T1;GlimmerHMM}

# EVM prediction: Mode:STANDARD S-ratio: 11.22 57983-60398 orient(+) score(6453.00) noncoding_equivalent(575.03) raw_noncoding(1014.00) offset(438.97) 
57983	57989	initial+	1	1	{snap_scaffold_9-snap.62-T1;snap}
57990	58209	INTRON			{snap_scaffold_9-snap.62-T1;snap}
58210	60398	terminal+	2	3	{snap_scaffold_9-snap.62-T1;snap},{Augustus_model.g3398.t1;Augustus}

# EVM prediction: Mode:STANDARD S-ratio: 8.38 60509-61579 orient(-) score(2870.00) noncoding_equivalent(342.34) raw_noncoding(342.34) offset(0.00) 
61579	60509	single-	4	6	{GlimmerHMM_glimmerT_3856-T1;GlimmerHMM}

# EVM prediction: Mode:STANDARD S-ratio: 4.93 61962-68606 orient(-) score(33144.00) noncoding_equivalent(6724.46) raw_noncoding(6724.46) offset(0.00) 
68606	61962	single-	4	6	{GlimmerHMM_glimmerT_3857-T1;GlimmerHMM},{HiQ_model.g3400.t1;HiQ}

# EVM prediction: Mode:STANDARD S-ratio: 11.12 69910-73593 orient(-) score(10140.00) noncoding_equivalent(912.00) raw_noncoding(912.00) offset(0.00) 
73593	69910	single-	4	6	{GlimmerHMM_glimmerT_3858-T1;GlimmerHMM}

# EVM prediction: Mode:STANDARD S-ratio: 7.57 74417-77214 orient(-) score(6822.00) noncoding_equivalent(901.31) raw_noncoding(2243.00) offset(1341.69) 
76537	74417	terminal-	4	6	{snap_scaffold_9-snap.66-T1;snap}
77208	76538	INTRON			{snap_scaffold_9-snap.66-T1;snap}
77214	77209	initial-	4	6	{snap_scaffold_9-snap.66-T1;snap}

# EVM prediction: Mode:STANDARD S-ratio: 5.00 78710-80626 orient(-) score(9585.00) noncoding_equivalent(1917.00) raw_noncoding(1917.00) offset(0.00) 
80626	78710	single-	4	6	{HiQ_model.g3403.t1;HiQ},{GlimmerHMM_glimmerT_3860-T1;GlimmerHMM}

# EVM prediction: Mode:STANDARD S-ratio: 310.00 80905-81840 orient(+) score(3720.00) noncoding_equivalent(12.00) raw_noncoding(12.00) offset(0.00) 
80905	81840	single+	1	3	{GlimmerHMM_glimmerT_3861-T1;GlimmerHMM}

# EVM prediction: Mode:STANDARD S-ratio: 4.69 81953-83104 orient(-) score(5688.00) noncoding_equivalent(1214.00) raw_noncoding(1214.00) offset(0.00) 
83104	81953	single-	4	6	{HiQ_model.g3405.t1;HiQ},{GlimmerHMM_glimmerT_3862-T1;GlimmerHMM}

# EVM prediction: Mode:STANDARD S-ratio: 4.86 83570-84088 orient(-) score(2581.00) noncoding_equivalent(531.13) raw_noncoding(531.13) offset(0.00) 
84088	83570	single-	4	6	{HiQ_model.g3406.t1;HiQ},{GlimmerHMM_glimmerT_3863-T1;GlimmerHMM}

# EVM prediction: Mode:STANDARD S-ratio: 16.05 84466-85907 orient(-) score(3982.00) noncoding_equivalent(248.10) raw_noncoding(330.00) offset(81.90) 
84933	84466	terminal-	4	6	{GlimmerHMM_glimmerT_3864-T1;GlimmerHMM}
85028	84934	INTRON			{GlimmerHMM_glimmerT_3864-T1;GlimmerHMM}
85907	85029	initial-	4	6	{GlimmerHMM_glimmerT_3864-T1;GlimmerHMM}

# EVM prediction: Mode:STANDARD S-ratio: 3.03 86188-86715 orient(+) score(1584.00) noncoding_equivalent(522.30) raw_noncoding(522.30) offset(0.00) 
86188	86715	single+	1	3	{Augustus_model.g3408.t1;Augustus},{GlimmerHMM_glimmerT_3865-T1;GlimmerHMM}

# EVM prediction: Mode:STANDARD S-ratio: 4.86 86807-87523 orient(-) score(3566.00) noncoding_equivalent(734.04) raw_noncoding(734.04) offset(0.00) 
87523	86807	single-	4	6	{GlimmerHMM_glimmerT_3866-T1;GlimmerHMM},{HiQ_model.g3409.t1;HiQ}

# EVM prediction: Mode:STANDARD S-ratio: 148.44 89019-89954 orient(+) score(3711.00) noncoding_equivalent(25.00) raw_noncoding(25.00) offset(0.00) 
89019	89954	single+	1	3	{Augustus_model.g3410.t1;Augustus},{GlimmerHMM_glimmerT_3868-T1;GlimmerHMM}

# EVM prediction: Mode:STANDARD S-ratio: 4.92 90363-91379 orient(-) score(5069.00) noncoding_equivalent(1031.14) raw_noncoding(1031.14) offset(0.00) 
91379	90363	single-	4	6	{HiQ_model.g3411.t1;HiQ},{GlimmerHMM_glimmerT_3869-T1;GlimmerHMM}

# EVM prediction: Mode:STANDARD S-ratio: 160.71 92823-93671 orient(+) score(3375.00) noncoding_equivalent(21.00) raw_noncoding(21.00) offset(0.00) 
92823	93671	single+	1	3	{GlimmerHMM_glimmerT_3870-T1;GlimmerHMM},{Augustus_model.g3412.t1;Augustus}

# EVM prediction: Mode:STANDARD S-ratio: 1.19 96226-96836 orient(+) score(914.00) noncoding_equivalent(770.41) raw_noncoding(999.69) offset(229.28) 
96226	96229	initial+	1	1	{snap_scaffold_9-snap.77-T1;snap}
96230	96378	INTRON			{snap_scaffold_9-snap.77-T1;snap}
96379	96836	terminal+	2	3	{snap_scaffold_9-snap.77-T1;snap}

