!! Predictions spanning range 2395 - 99558 [R1]
# EVM prediction: Mode:STANDARD S-ratio: 4.43 2395-3537 orient(-) score(5595.00) noncoding_equivalent(1261.62) raw_noncoding(1261.62) offset(0.00) 
3537	2395	single-	4	6	{GlimmerHMM_glimmerT_3153-T1;GlimmerHMM},{HiQ_model.g2778.t1;HiQ}

# EVM prediction: Mode:STANDARD S-ratio: 45.64 3955-5538 orient(-) score(4649.00) noncoding_equivalent(101.86) raw_noncoding(101.86) offset(0.00) 
5538	3955	single-	4	6	{Augustus_model.g2779.t1;Augustus}

# EVM prediction: Mode:STANDARD S-ratio: 4.82 5892-7265 orient(-) score(6827.00) noncoding_equivalent(1415.66) raw_noncoding(1415.66) offset(0.00) 
7265	5892	single-	4	6	{HiQ_model.g2780.t1;HiQ},{GlimmerHMM_glimmerT_3155-T1;GlimmerHMM}

# EVM prediction: Mode:STANDARD S-ratio: 422.75 7816-9510 orient(+) score(5073.00) noncoding_equivalent(12.00) raw_noncoding(12.00) offset(0.00) 
7816	9510	single+	1	3	{Augustus_model.g2781.t1;Augustus},{GlimmerHMM_glimmerT_3156-T1;GlimmerHMM}

# EVM prediction: Mode:STANDARD S-ratio: 13.98 11742-14543 orient(+) score(7845.00) noncoding_equivalent(561.00) raw_noncoding(561.00) offset(0.00) 
11742	14543	single+	1	3	{Augustus_model.g2782.t1;Augustus},{GlimmerHMM_glimmerT_3157-T1;GlimmerHMM}

# EVM prediction: Mode:STANDARD S-ratio: 4.92 14755-15801 orient(-) score(5219.00) noncoding_equivalent(1061.03) raw_noncoding(1061.03) offset(0.00) 
15801	14755	single-	4	6	{HiQ_model.g2783.t1;HiQ},{GlimmerHMM_glimmerT_3158-T1;GlimmerHMM}

# EVM prediction: Mode:STANDARD S-ratio: 2.01 16083-16769 orient(-) score(2755.00) noncoding_equivalent(1368.35) raw_noncoding(1368.35) offset(0.00) 
16769	16083	single-	4	6	{HiQ_model.g2784.t1;HiQ},{GlimmerHMM_glimmerT_3159-T1;GlimmerHMM}

# EVM prediction: Mode:STANDARD S-ratio: 4.64 18985-20214 orient(-) score(6070.00) noncoding_equivalent(1308.83) raw_noncoding(1308.83) offset(0.00) 
20214	18985	single-	4	6	{HiQ_model.g2785.t1;HiQ},{GlimmerHMM_glimmerT_3160-T1;GlimmerHMM}

# EVM prediction: Mode:STANDARD S-ratio: 30.79 20475-21389 orient(-) score(2657.00) noncoding_equivalent(86.29) raw_noncoding(86.29) offset(0.00) 
21389	20475	single-	4	6	{GlimmerHMM_glimmerT_3161-T1;GlimmerHMM}

# EVM prediction: Mode:STANDARD S-ratio: 1624.02 21844-24738 orient(+) score(11571.00) noncoding_equivalent(7.12) raw_noncoding(7.12) offset(0.00) 
21844	24738	single+	1	3	{GlimmerHMM_glimmerT_3162-T1;GlimmerHMM}

# EVM prediction: Mode:STANDARD S-ratio: 37.97 25545-26480 orient(+) score(3646.00) noncoding_equivalent(96.02) raw_noncoding(96.02) offset(0.00) 
25545	26480	single+	1	3	{GlimmerHMM_glimmerT_3163-T1;GlimmerHMM}

# EVM prediction: Mode:STANDARD S-ratio: 9.31 26912-27808 orient(+) score(3241.00) noncoding_equivalent(348.01) raw_noncoding(348.01) offset(0.00) 
26912	27808	single+	1	3	{GlimmerHMM_glimmerT_3164-T1;GlimmerHMM}

# EVM prediction: Mode:STANDARD S-ratio: 17.66 28136-30145 orient(+) score(7608.00) noncoding_equivalent(430.69) raw_noncoding(430.69) offset(0.00) 
28136	30145	single+	1	3	{GlimmerHMM_glimmerT_3165-T1;GlimmerHMM}

# EVM prediction: Mode:STANDARD S-ratio: 10000.00 30281-31000 orient(-) score(2874.00) noncoding_equivalent(0.29) raw_noncoding(0.00) offset(0.00) 
31000	30281	single-	4	6	{Augustus_model.g2789.t1;Augustus},{GlimmerHMM_glimmerT_3166-T1;GlimmerHMM}

# EVM prediction: Mode:STANDARD S-ratio: 208.34 31759-33792 orient(-) score(6071.00) noncoding_equivalent(29.14) raw_noncoding(29.14) offset(0.00) 
33792	31759	single-	4	6	{Augustus_model.g2790.t1;Augustus},{GlimmerHMM_glimmerT_3167-T1;GlimmerHMM}

# EVM prediction: Mode:STANDARD S-ratio: 40.00 34219-35817 orient(-) score(4680.00) noncoding_equivalent(117.00) raw_noncoding(117.00) offset(0.00) 
35817	34219	single-	4	6	{GlimmerHMM_glimmerT_3168-T1;GlimmerHMM}

# EVM prediction: Mode:STANDARD S-ratio: 12.53 37671-39634 orient(-) score(5424.00) noncoding_equivalent(432.89) raw_noncoding(453.00) offset(20.11) 
38742	37671	terminal-	6	6	{GlimmerHMM_glimmerT_3169-T1;GlimmerHMM}
38762	38743	INTRON			{GlimmerHMM_glimmerT_3169-T1;GlimmerHMM}
39634	38763	initial-	4	5	{GlimmerHMM_glimmerT_3169-T1;GlimmerHMM}

# EVM prediction: Mode:STANDARD S-ratio: 5.00 40058-41062 orient(-) score(5025.00) noncoding_equivalent(1005.00) raw_noncoding(1005.00) offset(0.00) 
41062	40058	single-	4	6	{HiQ_model.g2793.t1;HiQ}

# EVM prediction: Mode:STANDARD S-ratio: 2.24 41362-41889 orient(+) score(1458.00) noncoding_equivalent(650.79) raw_noncoding(650.79) offset(0.00) 
41362	41889	single+	1	3	{GlimmerHMM_glimmerT_3171-T1;GlimmerHMM}

# EVM prediction: Mode:STANDARD S-ratio: 6.34 42403-43423 orient(+) score(3933.00) noncoding_equivalent(620.09) raw_noncoding(1713.00) offset(1092.91) 
42403	42447	initial+	1	3	{GlimmerHMM_glimmerT_3172-T1;GlimmerHMM}
42448	42997	INTRON			{Augustus_model.g2794.t1;Augustus},{ev_type:exonerate/ID=match.177006.2320/Target=YDR025W;exonerate},{ev_type:exonerate/ID=match.177006.376/Target=YBR048W;exonerate}
42998	43423	terminal+	1	3	{snap_scaffold_7-snap.122-T1;snap},{Augustus_model.g2794.t1;Augustus}

# EVM prediction: Mode:STANDARD S-ratio: 32.14 44072-46543 orient(-) score(9518.00) noncoding_equivalent(296.15) raw_noncoding(296.15) offset(0.00) 
46543	44072	single-	4	6	{GlimmerHMM_glimmerT_3173-T1;GlimmerHMM}

# EVM prediction: Mode:STANDARD S-ratio: 68.02 46917-48002 orient(-) score(3211.00) noncoding_equivalent(47.21) raw_noncoding(47.21) offset(0.00) 
48002	46917	single-	4	6	{GlimmerHMM_glimmerT_3174-T1;GlimmerHMM}

# EVM prediction: Mode:STANDARD S-ratio: 4.45 48552-49181 orient(-) score(3087.00) noncoding_equivalent(693.00) raw_noncoding(693.00) offset(0.00) 
49181	48552	single-	4	6	{HiQ_model.g2796.t1;HiQ},{GlimmerHMM_glimmerT_3175-T1;GlimmerHMM}

# EVM prediction: Mode:STANDARD S-ratio: 4.71 49500-50573 orient(-) score(5316.00) noncoding_equivalent(1128.00) raw_noncoding(1128.00) offset(0.00) 
50573	49500	single-	4	6	{HiQ_model.g2797.t1;HiQ},{GlimmerHMM_glimmerT_3176-T1;GlimmerHMM}

# EVM prediction: Mode:STANDARD S-ratio: 292.19 52955-53983 orient(+) score(4100.00) noncoding_equivalent(14.03) raw_noncoding(14.03) offset(0.00) 
52955	53983	single+	1	3	{Augustus_model.g2798.t1;Augustus},{GlimmerHMM_glimmerT_3177-T1;GlimmerHMM}

# EVM prediction: Mode:STANDARD S-ratio: 10000.00 54373-57081 orient(-) score(8127.00) noncoding_equivalent(0.81) raw_noncoding(0.00) offset(0.00) 
57081	54373	single-	4	6	{GlimmerHMM_glimmerT_3178-T1;GlimmerHMM},{Augustus_model.g2799.t1;Augustus}

# EVM prediction: Mode:STANDARD S-ratio: 28.11 57657-59162 orient(+) score(5816.00) noncoding_equivalent(206.87) raw_noncoding(206.87) offset(0.00) 
57657	59162	single+	1	3	{Augustus_model.g2800.t1;Augustus},{GlimmerHMM_glimmerT_3179-T1;GlimmerHMM}

# EVM prediction: Mode:STANDARD S-ratio: 11.07 61122-62586 orient(-) score(4787.00) noncoding_equivalent(432.40) raw_noncoding(991.96) offset(559.56) 
62301	61122	terminal-	6	6	{snap_scaffold_7-snap.130-T1;snap}
62581	62302	INTRON			{snap_scaffold_7-snap.130-T1;snap}
62586	62582	initial-	4	5	{snap_scaffold_7-snap.130-T1;snap}

# EVM prediction: Mode:STANDARD S-ratio: 29.75 62587-64923 orient(-) score(9044.00) noncoding_equivalent(304.04) raw_noncoding(304.04) offset(0.00) 
64923	62587	single-	4	6	{GlimmerHMM_glimmerT_3181-T1;GlimmerHMM}

# EVM prediction: Mode:STANDARD S-ratio: 10000.00 65773-69075 orient(-) score(9909.00) noncoding_equivalent(0.99) raw_noncoding(0.00) offset(0.00) 
69075	65773	single-	4	6	{Augustus_model.g2802.t1;Augustus},{GlimmerHMM_glimmerT_3182-T1;GlimmerHMM}

# EVM prediction: Mode:STANDARD S-ratio: 39.81 69542-71398 orient(-) score(5433.00) noncoding_equivalent(136.48) raw_noncoding(136.48) offset(0.00) 
71398	69542	single-	4	6	{GlimmerHMM_glimmerT_3183-T1;GlimmerHMM}

# EVM prediction: Mode:STANDARD S-ratio: 4.76 73616-74548 orient(-) score(4624.00) noncoding_equivalent(972.40) raw_noncoding(972.40) offset(0.00) 
74548	73616	single-	4	6	{HiQ_model.g2804.t1;HiQ},{GlimmerHMM_glimmerT_3184-T1;GlimmerHMM}

# EVM prediction: Mode:STANDARD S-ratio: 5.77 74812-75774 orient(-) score(2544.00) noncoding_equivalent(441.03) raw_noncoding(1284.58) offset(843.56) 
75338	74812	terminal-	5	6	{GlimmerHMM_glimmerT_3185-T1;GlimmerHMM},{snap_scaffold_7-snap.135-T1;snap},{Augustus_model.g2805.t1;Augustus}
75767	75339	INTRON			{snap_scaffold_7-snap.135-T1;snap}
75774	75768	initial-	4	4	{snap_scaffold_7-snap.135-T1;snap}

# EVM prediction: Mode:STANDARD S-ratio: 34.05 75806-77026 orient(-) score(3557.00) noncoding_equivalent(104.47) raw_noncoding(104.47) offset(0.00) 
77026	75806	single-	4	6	{GlimmerHMM_glimmerT_3186-T1;GlimmerHMM}

# EVM prediction: Mode:STANDARD S-ratio: 5.00 77448-78557 orient(-) score(2774.00) noncoding_equivalent(554.59) raw_noncoding(554.59) offset(0.00) 
78557	77448	single-	4	6	{GlimmerHMM_glimmerT_3187-T1;GlimmerHMM}

# EVM prediction: Mode:STANDARD S-ratio: 1.00 79261-79509 orient(+) score(249.00) noncoding_equivalent(249.00) raw_noncoding(249.00) offset(0.00) 
79261	79509	single+	1	3	{GlimmerHMM_glimmerT_3188-T1;GlimmerHMM}

# EVM prediction: Mode:STANDARD S-ratio: 1.27 80990-81760 orient(-) score(1041.00) noncoding_equivalent(819.30) raw_noncoding(819.30) offset(0.00) 
81760	80990	single-	4	6	{GlimmerHMM_glimmerT_3189-T1;GlimmerHMM}

# EVM prediction: Mode:STANDARD S-ratio: 34.12 82818-84644 orient(-) score(5324.00) noncoding_equivalent(156.04) raw_noncoding(156.04) offset(0.00) 
84644	82818	single-	4	6	{Augustus_model.g2807.t1;Augustus},{GlimmerHMM_glimmerT_3190-T1;GlimmerHMM}

# EVM prediction: Mode:STANDARD S-ratio: 10000.00 85468-87333 orient(-) score(5598.00) noncoding_equivalent(0.56) raw_noncoding(0.00) offset(0.00) 
87333	85468	single-	4	6	{Augustus_model.g2808.t1;Augustus},{GlimmerHMM_glimmerT_3191-T1;GlimmerHMM}

# EVM prediction: Mode:STANDARD S-ratio: 2.00 88041-88754 orient(-) score(2856.00) noncoding_equivalent(1428.00) raw_noncoding(1428.00) offset(0.00) 
88754	88041	single-	4	6	{GlimmerHMM_glimmerT_3192-T1;GlimmerHMM},{HiQ_model.g2809.t1;HiQ}

# EVM prediction: Mode:STANDARD S-ratio: 10000.00 89240-89863 orient(+) score(1872.00) noncoding_equivalent(0.19) raw_noncoding(0.00) offset(0.00) 
89240	89863	single+	1	3	{GlimmerHMM_glimmerT_3193-T1;GlimmerHMM},{Augustus_model.g2810.t1;Augustus}

# EVM prediction: Mode:STANDARD S-ratio: 212.66 90875-91519 orient(+) score(2566.00) noncoding_equivalent(12.07) raw_noncoding(12.07) offset(0.00) 
90875	91519	single+	1	3	{Augustus_model.g2811.t1;Augustus},{GlimmerHMM_glimmerT_3194-T1;GlimmerHMM}

# EVM prediction: Mode:STANDARD S-ratio: 425.38 92013-94784 orient(+) score(8295.00) noncoding_equivalent(19.50) raw_noncoding(19.50) offset(0.00) 
92013	94784	single+	1	3	{GlimmerHMM_glimmerT_3195-T1;GlimmerHMM},{Augustus_model.g2812.t1;Augustus}

# EVM prediction: Mode:STANDARD S-ratio: 45.92 95081-97990 orient(+) score(8544.00) noncoding_equivalent(186.05) raw_noncoding(186.05) offset(0.00) 
95081	97990	single+	1	3	{GlimmerHMM_glimmerT_3196-T1;GlimmerHMM}

# EVM prediction: Mode:STANDARD S-ratio: 33.35 98494-99558 orient(+) score(3102.00) noncoding_equivalent(93.00) raw_noncoding(93.00) offset(0.00) 
98494	99558	single+	1	3	{GlimmerHMM_glimmerT_3197-T1;GlimmerHMM}

