# EVM prediction: Mode:STANDARD S-ratio: 10000.00 29773-31920 orient(-) score(4296.00) noncoding_equivalent(0.43) raw_noncoding(0.00) offset(0.00)
31920	29773	single-	4	6	{Augustus_gene1200.t1;Augustus}

# EVM prediction: Mode:STANDARD S-ratio: 10000.00 34515-35969 orient(-) score(2910.00) noncoding_equivalent(0.29) raw_noncoding(0.00) offset(0.00)
35969	34515	single-	4	6	{Augustus_gene14.t1;Augustus}

# EVM prediction: Mode:STANDARD S-ratio: 10000.00 36999-40073 orient(+) score(6150.00) noncoding_equivalent(0.61) raw_noncoding(0.00) offset(0.00)
36999	40073	single+	1	3	{Augustus_gene731.t1;Augustus}

# EVM prediction: Mode:STANDARD S-ratio: 10000.00 45945-46793 orient(+) score(1698.00) noncoding_equivalent(0.17) raw_noncoding(0.00) offset(0.00)
45945	46793	single+	1	3	{Augustus_gene808.t1;Augustus}

# EVM prediction: Mode:STANDARD S-ratio: 10000.00 47889-51191 orient(+) score(6606.00) noncoding_equivalent(0.66) raw_noncoding(0.00) offset(0.00)
47889	51191	single+	1	3	{Augustus_gene297.t1;Augustus}

# EVM prediction: Mode:STANDARD S-ratio: 10000.00 72768-73370 orient(-) score(1206.00) noncoding_equivalent(0.12) raw_noncoding(0.00) offset(0.00)
73370	72768	single-	4	6	{Augustus_gene922.t1;Augustus}

# EVM prediction: Mode:STANDARD S-ratio: 10000.00 73810-74868 orient(+) score(2118.00) noncoding_equivalent(0.21) raw_noncoding(0.00) offset(0.00)
73810	74868	single+	1	3	{Augustus_gene1022.t1;Augustus}

# EVM prediction: Mode:STANDARD S-ratio: 10000.00 76715-77731 orient(-) score(2034.00) noncoding_equivalent(0.20) raw_noncoding(0.00) offset(0.00)
77731	76715	single-	4	6	{Augustus_gene1114.t1;Augustus}

# EVM prediction: Mode:STANDARD S-ratio: 10000.00 78888-80492 orient(+) score(3210.00) noncoding_equivalent(0.32) raw_noncoding(0.00) offset(0.00)
78888	80492	single+	1	3	{Augustus_gene1162.t1;Augustus}

# EVM prediction: Mode:STANDARD S-ratio: 10000.00 82892-84091 orient(+) score(2400.00) noncoding_equivalent(0.24) raw_noncoding(0.00) offset(0.00)
82892	84091	single+	1	3	{Augustus_gene112.t1;Augustus}

# EVM prediction: Mode:STANDARD S-ratio: 10000.00 94951-96351 orient(+) score(2802.00) noncoding_equivalent(0.28) raw_noncoding(0.00) offset(0.00)
94951	96351	single+	1	3	{Augustus_gene720.t1;Augustus}

# EVM prediction: Mode:STANDARD S-ratio: 10000.00 108597-110696 orient(-) score(4200.00) noncoding_equivalent(0.42) raw_noncoding(0.00) offset(0.00)
108629	108597	terminal-	4	6	{Augustus_gene489.t1;Augustus}
108764	108630	INTRON			{Augustus_gene489.t1;Augustus}
109264	108765	internal-	5	6	{Augustus_gene489.t1;Augustus}
109312	109265	INTRON			{Augustus_gene489.t1;Augustus}
110696	109313	initial-	4	4	{Augustus_gene489.t1;Augustus}

# EVM prediction: Mode:STANDARD S-ratio: 10000.00 123951-125258 orient(+) score(2616.00) noncoding_equivalent(0.26) raw_noncoding(0.00) offset(0.00)
123951	125258	single+	1	3	{Augustus_gene1026.t1;Augustus}

# EVM prediction: Mode:STANDARD S-ratio: 10000.00 128850-129266 orient(+) score(834.00) noncoding_equivalent(0.08) raw_noncoding(0.00) offset(0.00)
128850	129266	single+	1	3	{Augustus_gene211.t1;Augustus}

# EVM prediction: Mode:STANDARD S-ratio: 10000.00 136133-138892 orient(-) score(5520.00) noncoding_equivalent(0.55) raw_noncoding(0.00) offset(0.00)
138892	136133	single-	4	6	{Augustus_gene348.t1;Augustus}

# EVM prediction: Mode:STANDARD S-ratio: 10000.00 151470-151907 orient(+) score(876.00) noncoding_equivalent(0.09) raw_noncoding(0.00) offset(0.00)
151470	151907	single+	1	3	{Augustus_gene232.t1;Augustus}

# EVM prediction: Mode:STANDARD S-ratio: 10000.00 163098-164108 orient(-) score(2022.00) noncoding_equivalent(0.20) raw_noncoding(0.00) offset(0.00)
164108	163098	single-	4	6	{Augustus_gene772.t1;Augustus}

# EVM prediction: Mode:STANDARD S-ratio: 10000.00 165790-167007 orient(-) score(2436.00) noncoding_equivalent(0.24) raw_noncoding(0.00) offset(0.00)
167007	165790	single-	4	6	{Augustus_gene1048.t1;Augustus}

# EVM prediction: Mode:STANDARD S-ratio: 10000.00 174955-176346 orient(+) score(2784.00) noncoding_equivalent(0.28) raw_noncoding(0.00) offset(0.00)
174955	176346	single+	1	3	{Augustus_gene667.t1;Augustus}

# EVM prediction: Mode:STANDARD S-ratio: 10000.00 187315-189633 orient(-) score(4638.00) noncoding_equivalent(0.46) raw_noncoding(0.00) offset(0.00)
189633	187315	single-	4	6	{Augustus_gene840.t1;Augustus}

# EVM prediction: Mode:STANDARD S-ratio: 10000.00 206115-207998 orient(+) score(3768.00) noncoding_equivalent(0.38) raw_noncoding(0.00) offset(0.00)
206115	207998	single+	1	3	{Augustus_gene394.t1;Augustus}

# EVM prediction: Mode:STANDARD S-ratio: 10000.00 215214-216188 orient(+) score(1950.00) noncoding_equivalent(0.20) raw_noncoding(0.00) offset(0.00)
215214	216188	single+	1	3	{Augustus_gene749.t1;Augustus}

# EVM prediction: Mode:STANDARD S-ratio: 10000.00 218194-218790 orient(+) score(1194.00) noncoding_equivalent(0.12) raw_noncoding(0.00) offset(0.00)
218194	218790	single+	1	3	{Augustus_gene184.t1;Augustus}

# EVM prediction: Mode:STANDARD S-ratio: 10000.00 221169-222272 orient(-) score(2208.00) noncoding_equivalent(0.22) raw_noncoding(0.00) offset(0.00)
222272	221169	single-	4	6	{Augustus_gene84.t1;Augustus}

# EVM prediction: Mode:STANDARD S-ratio: 10000.00 222544-223692 orient(-) score(2298.00) noncoding_equivalent(0.23) raw_noncoding(0.00) offset(0.00)
223692	222544	single-	4	6	{Augustus_gene651.t1;Augustus}

# EVM prediction: Mode:STANDARD S-ratio: 10000.00 226747-227688 orient(-) score(1884.00) noncoding_equivalent(0.19) raw_noncoding(0.00) offset(0.00)
227688	226747	single-	4	6	{Augustus_gene1043.t1;Augustus}

# EVM prediction: Mode:STANDARD S-ratio: 10000.00 241027-243180 orient(-) score(4308.00) noncoding_equivalent(0.43) raw_noncoding(0.00) offset(0.00)
243180	241027	single-	4	6	{Augustus_gene990.t1;Augustus}

# EVM prediction: Mode:STANDARD S-ratio: 10000.00 251506-253269 orient(-) score(3528.00) noncoding_equivalent(0.35) raw_noncoding(0.00) offset(0.00)
253269	251506	single-	4	6	{Augustus_gene696.t1;Augustus}

# EVM prediction: Mode:STANDARD S-ratio: 10000.00 253530-254282 orient(-) score(1506.00) noncoding_equivalent(0.15) raw_noncoding(0.00) offset(0.00)
254282	253530	single-	4	6	{Augustus_gene27.t1;Augustus}

# EVM prediction: Mode:STANDARD S-ratio: 10000.00 260091-260927 orient(+) score(1674.00) noncoding_equivalent(0.17) raw_noncoding(0.00) offset(0.00)
260091	260927	single+	1	3	{Augustus_gene128.t1;Augustus}

# EVM prediction: Mode:STANDARD S-ratio: 10000.00 261163-262104 orient(+) score(1884.00) noncoding_equivalent(0.19) raw_noncoding(0.00) offset(0.00)
261163	262104	single+	1	3	{Augustus_gene972.t1;Augustus}

# EVM prediction: Mode:STANDARD S-ratio: 10000.00 282843-284021 orient(+) score(2358.00) noncoding_equivalent(0.24) raw_noncoding(0.00) offset(0.00)
282843	284021	single+	1	3	{Augustus_gene374.t1;Augustus}

# EVM prediction: Mode:STANDARD S-ratio: 10000.00 294242-296887 orient(+) score(5292.00) noncoding_equivalent(0.53) raw_noncoding(0.00) offset(0.00)
294242	296887	single+	1	3	{Augustus_gene446.t1;Augustus}

# EVM prediction: Mode:STANDARD S-ratio: 10000.00 312066-312527 orient(+) score(924.00) noncoding_equivalent(0.09) raw_noncoding(0.00) offset(0.00)
312066	312527	single+	1	3	{Augustus_gene776.t1;Augustus}

# EVM prediction: Mode:STANDARD S-ratio: 10000.00 323648-324727 orient(-) score(2160.00) noncoding_equivalent(0.22) raw_noncoding(0.00) offset(0.00)
324727	323648	single-	4	6	{Augustus_gene959.t1;Augustus}

# EVM prediction: Mode:STANDARD S-ratio: 10000.00 325360-326685 orient(-) score(2652.00) noncoding_equivalent(0.27) raw_noncoding(0.00) offset(0.00)
326685	325360	single-	4	6	{Augustus_gene1089.t1;Augustus}

# EVM prediction: Mode:STANDARD S-ratio: 10000.00 327407-327775 orient(+) score(738.00) noncoding_equivalent(0.07) raw_noncoding(0.00) offset(0.00)
327407	327775	single+	1	3	{Augustus_gene882.t1;Augustus}

# EVM prediction: Mode:STANDARD S-ratio: 10000.00 331652-332155 orient(-) score(1008.00) noncoding_equivalent(0.10) raw_noncoding(0.00) offset(0.00)
332155	331652	single-	4	6	{Augustus_gene325.t1;Augustus}

# EVM prediction: Mode:STANDARD S-ratio: 10000.00 346691-348241 orient(+) score(3102.00) noncoding_equivalent(0.31) raw_noncoding(0.00) offset(0.00)
346691	348241	single+	1	3	{Augustus_gene260.t1;Augustus}

# EVM prediction: Mode:STANDARD S-ratio: 10000.00 350721-352307 orient(+) score(3174.00) noncoding_equivalent(0.32) raw_noncoding(0.00) offset(0.00)
350721	352307	single+	1	3	{Augustus_gene877.t1;Augustus}

# EVM prediction: Mode:STANDARD S-ratio: 10000.00 357381-358055 orient(+) score(1350.00) noncoding_equivalent(0.14) raw_noncoding(0.00) offset(0.00)
357381	358055	single+	1	3	{Augustus_gene1032.t1;Augustus}

# EVM prediction: Mode:STANDARD S-ratio: 10000.00 369065-371341 orient(+) score(4554.00) noncoding_equivalent(0.46) raw_noncoding(0.00) offset(0.00)
369065	371341	single+	1	3	{Augustus_gene712.t1;Augustus}

# EVM prediction: Mode:STANDARD S-ratio: 10000.00 372691-375807 orient(+) score(6234.00) noncoding_equivalent(0.62) raw_noncoding(0.00) offset(0.00)
372691	375807	single+	1	3	{Augustus_gene475.t1;Augustus}

# EVM prediction: Mode:STANDARD S-ratio: 10000.00 384842-386185 orient(+) score(2688.00) noncoding_equivalent(0.27) raw_noncoding(0.00) offset(0.00)
384842	386185	single+	1	3	{Augustus_gene1020.t1;Augustus}

# EVM prediction: Mode:STANDARD S-ratio: 10000.00 387520-389559 orient(-) score(4080.00) noncoding_equivalent(0.41) raw_noncoding(0.00) offset(0.00)
389559	387520	single-	4	6	{Augustus_gene178.t1;Augustus}

# EVM prediction: Mode:STANDARD S-ratio: 10000.00 389806-390420 orient(-) score(1230.00) noncoding_equivalent(0.12) raw_noncoding(0.00) offset(0.00)
390420	389806	single-	4	6	{Augustus_gene656.t1;Augustus}

# EVM prediction: Mode:STANDARD S-ratio: 10000.00 392006-394084 orient(-) score(4158.00) noncoding_equivalent(0.42) raw_noncoding(0.00) offset(0.00)
394084	392006	single-	4	6	{Augustus_gene6.t1;Augustus}

# EVM prediction: Mode:STANDARD S-ratio: 10000.00 399848-400798 orient(+) score(1902.00) noncoding_equivalent(0.19) raw_noncoding(0.00) offset(0.00)
399848	400798	single+	1	3	{Augustus_gene25.t1;Augustus}

# EVM prediction: Mode:STANDARD S-ratio: 10000.00 402470-404521 orient(-) score(4104.00) noncoding_equivalent(0.41) raw_noncoding(0.00) offset(0.00)
404521	402470	single-	4	6	{Augustus_gene557.t1;Augustus}

# EVM prediction: Mode:STANDARD S-ratio: 10000.00 408900-414194 orient(-) score(10590.00) noncoding_equivalent(1.06) raw_noncoding(0.00) offset(0.00)
409024	408900	terminal-	5	6	{Augustus_gene1073.t1;Augustus}
409075	409025	INTRON			{Augustus_gene1073.t1;Augustus}
409984	409076	internal-	5	4	{Augustus_gene1073.t1;Augustus}
410554	409985	INTRON			{Augustus_gene1073.t1;Augustus}
410569	410555	internal-	5	4	{Augustus_gene1073.t1;Augustus}
411181	410570	INTRON			{Augustus_gene1073.t1;Augustus}
411220	411182	internal-	5	4	{Augustus_gene1073.t1;Augustus}
411424	411221	INTRON			{Augustus_gene1073.t1;Augustus}
411458	411425	internal-	4	4	{Augustus_gene1073.t1;Augustus}
412022	411459	INTRON			{Augustus_gene1073.t1;Augustus}
414194	412023	initial-	4	6	{Augustus_gene1073.t1;Augustus}

# EVM prediction: Mode:STANDARD S-ratio: 10000.00 414789-415304 orient(-) score(1032.00) noncoding_equivalent(0.10) raw_noncoding(0.00) offset(0.00)
415304	414789	single-	4	6	{Augustus_gene1099.t1;Augustus}

# EVM prediction: Mode:STANDARD S-ratio: 10000.00 415591-417342 orient(+) score(3504.00) noncoding_equivalent(0.35) raw_noncoding(0.00) offset(0.00)
415591	417342	single+	1	3	{Augustus_gene148.t1;Augustus}

# EVM prediction: Mode:STANDARD S-ratio: 10000.00 423523-424233 orient(+) score(1422.00) noncoding_equivalent(0.14) raw_noncoding(0.00) offset(0.00)
423523	424233	single+	1	3	{Augustus_gene602.t1;Augustus}

# EVM prediction: Mode:STANDARD S-ratio: 10000.00 426564-427370 orient(+) score(1614.00) noncoding_equivalent(0.16) raw_noncoding(0.00) offset(0.00)
426564	427370	single+	1	3	{Augustus_gene770.t1;Augustus}

# EVM prediction: Mode:STANDARD S-ratio: 10000.00 435041-435807 orient(+) score(1534.00) noncoding_equivalent(0.15) raw_noncoding(0.00) offset(0.00)
435041	435100	initial+	1	3	{Augustus_gene774.t1;Augustus}
435101	435168	INTRON			{Augustus_gene774.t1;Augustus}
435169	435807	terminal+	1	3	{Augustus_gene774.t1;Augustus}

# EVM prediction: Mode:STANDARD S-ratio: 10000.00 440500-442206 orient(+) score(3414.00) noncoding_equivalent(0.34) raw_noncoding(0.00) offset(0.00)
440500	442206	single+	1	3	{Augustus_gene1121.t1;Augustus}

# EVM prediction: Mode:STANDARD S-ratio: 10000.00 468614-470269 orient(-) score(3312.00) noncoding_equivalent(0.33) raw_noncoding(0.00) offset(0.00)
470269	468614	single-	4	6	{Augustus_gene827.t1;Augustus}

# EVM prediction: Mode:STANDARD S-ratio: 10000.00 482065-484293 orient(-) score(4458.00) noncoding_equivalent(0.45) raw_noncoding(0.00) offset(0.00)
484293	482065	single-	4	6	{Augustus_gene1195.t1;Augustus}

# EVM prediction: Mode:STANDARD S-ratio: 10000.00 485659-486576 orient(-) score(1836.00) noncoding_equivalent(0.18) raw_noncoding(0.00) offset(0.00)
486576	485659	single-	4	6	{Augustus_gene372.t1;Augustus}

# EVM prediction: Mode:STANDARD S-ratio: 10000.00 504868-505482 orient(+) score(1230.00) noncoding_equivalent(0.12) raw_noncoding(0.00) offset(0.00)
504868	505482	single+	1	3	{Augustus_gene72.t1;Augustus}

# EVM prediction: Mode:STANDARD S-ratio: 10000.00 508935-510095 orient(-) score(2322.00) noncoding_equivalent(0.23) raw_noncoding(0.00) offset(0.00)
510095	508935	single-	4	6	{Augustus_gene212.t1;Augustus}

# EVM prediction: Mode:STANDARD S-ratio: 10000.00 518756-520296 orient(+) score(3082.00) noncoding_equivalent(0.31) raw_noncoding(0.00) offset(0.00)
518756	518804	initial+	1	1	{Augustus_gene854.t1;Augustus}
518805	519030	INTRON			{Augustus_gene854.t1;Augustus}
519031	520219	internal+	2	2	{Augustus_gene854.t1;Augustus}
520220	520286	INTRON			{Augustus_gene854.t1;Augustus}
520287	520296	terminal+	3	3	{Augustus_gene854.t1;Augustus}

# EVM prediction: Mode:STANDARD S-ratio: 10000.00 522339-524183 orient(-) score(3690.00) noncoding_equivalent(0.37) raw_noncoding(0.00) offset(0.00)
523637	522339	terminal-	4	6	{Augustus_gene237.t1;Augustus}
523832	523638	INTRON			{Augustus_gene237.t1;Augustus}
524183	523833	initial-	4	6	{Augustus_gene237.t1;Augustus}

# EVM prediction: Mode:STANDARD S-ratio: 10000.00 556617-557603 orient(+) score(1974.00) noncoding_equivalent(0.20) raw_noncoding(0.00) offset(0.00)
556617	557603	single+	1	3	{Augustus_gene109.t1;Augustus}

# EVM prediction: Mode:STANDARD S-ratio: 10000.00 562250-562843 orient(-) score(1188.00) noncoding_equivalent(0.12) raw_noncoding(0.00) offset(0.00)
562843	562250	single-	4	6	{Augustus_gene719.t1;Augustus}

# EVM prediction: Mode:STANDARD S-ratio: 10000.00 567283-567864 orient(-) score(1164.00) noncoding_equivalent(0.12) raw_noncoding(0.00) offset(0.00)
567864	567283	single-	4	6	{Augustus_gene780.t1;Augustus}

# EVM prediction: Mode:STANDARD S-ratio: 10000.00 571890-572936 orient(-) score(2094.00) noncoding_equivalent(0.21) raw_noncoding(0.00) offset(0.00)
572936	571890	single-	4	6	{Augustus_gene333.t1;Augustus}

