!! Predictions spanning range 5291 - 98883 [R1]
# EVM prediction: Mode:STANDARD S-ratio: 555.23 5291-6847 orient(+) score(6211.00) noncoding_equivalent(11.19) raw_noncoding(11.19) offset(0.00) 
5291	6847	single+	1	3	{Augustus_model.g2973.t1;Augustus},{GlimmerHMM_glimmerT_3329-T1;GlimmerHMM}

# EVM prediction: Mode:STANDARD S-ratio: 7.05 10862-11992 orient(-) score(8527.00) noncoding_equivalent(1209.00) raw_noncoding(1209.00) offset(0.00) 
11992	10862	single-	4	6	{GlimmerHMM_glimmerT_3330-T1;GlimmerHMM},{HiQ_model.g2974.t1;HiQ}

# EVM prediction: Mode:STANDARD S-ratio: 12.32 13103-14404 orient(-) score(3610.00) noncoding_equivalent(293.00) raw_noncoding(293.00) offset(0.00) 
14404	13103	single-	4	6	{Augustus_model.g2975.t1;Augustus},{GlimmerHMM_glimmerT_3331-T1;GlimmerHMM}

# EVM prediction: Mode:STANDARD S-ratio: 4.96 14643-17852 orient(-) score(15928.00) noncoding_equivalent(3209.00) raw_noncoding(3209.00) offset(0.00) 
17852	14643	single-	4	6	{GlimmerHMM_glimmerT_3332-T1;GlimmerHMM},{HiQ_model.g2976.t1;HiQ}

# EVM prediction: Mode:STANDARD S-ratio: 2.00 17927-18367 orient(-) score(1764.00) noncoding_equivalent(883.12) raw_noncoding(883.12) offset(0.00) 
18367	17927	single-	4	6	{GlimmerHMM_glimmerT_3333-T1;GlimmerHMM},{HiQ_model.g2977.t1;HiQ}

# EVM prediction: Mode:STANDARD S-ratio: 2.78 19161-22679 orient(+) score(7352.00) noncoding_equivalent(2647.52) raw_noncoding(2767.00) offset(119.48) 
19161	21681	initial+	1	1	{GlimmerHMM_glimmerT_3334-T1;GlimmerHMM}
21682	21945	INTRON			{GlimmerHMM_glimmerT_3334-T1;GlimmerHMM}
21946	22679	terminal+	2	3	{GlimmerHMM_glimmerT_3334-T1;GlimmerHMM}

# EVM prediction: Mode:STANDARD S-ratio: 5.86 22860-23465 orient(-) score(2064.00) noncoding_equivalent(352.21) raw_noncoding(352.21) offset(0.00) 
23465	22860	single-	4	6	{GlimmerHMM_glimmerT_3335-T1;GlimmerHMM}

# EVM prediction: Mode:STANDARD S-ratio: 45.50 24263-26866 orient(-) score(7644.00) noncoding_equivalent(168.00) raw_noncoding(168.00) offset(0.00) 
26866	24263	single-	4	6	{GlimmerHMM_glimmerT_3336-T1;GlimmerHMM}

# EVM prediction: Mode:STANDARD S-ratio: 10000.00 27455-28696 orient(+) score(4968.00) noncoding_equivalent(0.50) raw_noncoding(0.00) offset(0.00) 
27455	28696	single+	1	3	{Augustus_model.g2981.t1;Augustus},{GlimmerHMM_glimmerT_3337-T1;GlimmerHMM}

# EVM prediction: Mode:STANDARD S-ratio: 37.64 28777-29742 orient(-) score(2823.00) noncoding_equivalent(75.00) raw_noncoding(75.00) offset(0.00) 
29742	28777	single-	4	6	{GlimmerHMM_glimmerT_3338-T1;GlimmerHMM},{Augustus_model.g2982.t1;Augustus}

# EVM prediction: Mode:STANDARD S-ratio: 70.13 30212-32947 orient(+) score(8092.00) noncoding_equivalent(115.39) raw_noncoding(115.39) offset(0.00) 
30212	32947	single+	1	3	{GlimmerHMM_glimmerT_3339-T1;GlimmerHMM},{Augustus_model.g2983.t1;Augustus}

# EVM prediction: Mode:STANDARD S-ratio: 65.64 33213-34067 orient(+) score(3367.00) noncoding_equivalent(51.30) raw_noncoding(51.30) offset(0.00) 
33213	34067	single+	1	3	{Augustus_model.g2984.t1;Augustus}

# EVM prediction: Mode:STANDARD S-ratio: 5.00 34216-35841 orient(-) score(8130.00) noncoding_equivalent(1626.00) raw_noncoding(1626.00) offset(0.00) 
35841	34216	single-	4	6	{HiQ_model.g2985.t1;HiQ},{GlimmerHMM_glimmerT_3341-T1;GlimmerHMM}

# EVM prediction: Mode:STANDARD S-ratio: 15.39 36157-37566 orient(+) score(5284.00) noncoding_equivalent(343.44) raw_noncoding(343.44) offset(0.00) 
36157	37566	single+	1	3	{GlimmerHMM_glimmerT_3342-T1;GlimmerHMM}

# EVM prediction: Mode:STANDARD S-ratio: 92.07 37627-38631 orient(-) score(2981.00) noncoding_equivalent(32.38) raw_noncoding(32.38) offset(0.00) 
38631	37627	single-	4	6	{Augustus_model.g2987.t1;Augustus},{GlimmerHMM_glimmerT_3343-T1;GlimmerHMM}

# EVM prediction: Mode:STANDARD S-ratio: 4.37 38889-39845 orient(-) score(4672.00) noncoding_equivalent(1069.41) raw_noncoding(1069.41) offset(0.00) 
39845	38889	single-	4	6	{HiQ_model.g2988.t1;HiQ},{GlimmerHMM_glimmerT_3344-T1;GlimmerHMM}

# EVM prediction: Mode:STANDARD S-ratio: 14.88 40007-40780 orient(+) score(2901.00) noncoding_equivalent(195.00) raw_noncoding(195.00) offset(0.00) 
40007	40780	single+	1	3	{GlimmerHMM_glimmerT_3345-T1;GlimmerHMM},{Augustus_model.g2989.t1;Augustus}

# EVM prediction: Mode:STANDARD S-ratio: 5.00 40872-43586 orient(-) score(13575.00) noncoding_equivalent(2715.00) raw_noncoding(2715.00) offset(0.00) 
43586	40872	single-	4	6	{HiQ_model.g2990.t1;HiQ},{GlimmerHMM_glimmerT_3346-T1;GlimmerHMM}

# EVM prediction: Mode:STANDARD S-ratio: 2.26 43848-44782 orient(+) score(2479.00) noncoding_equivalent(1096.50) raw_noncoding(1247.25) offset(150.75) 
43848	43854	initial+	1	1	{Augustus_model.g2991.t1;Augustus},{GlimmerHMM_glimmerT_3347-T1;GlimmerHMM}
43855	44003	INTRON			{GlimmerHMM_glimmerT_3347-T1;GlimmerHMM}
44004	44782	terminal+	2	3	{GlimmerHMM_glimmerT_3347-T1;GlimmerHMM}

# EVM prediction: Mode:STANDARD S-ratio: 4.87 44957-47248 orient(-) score(11408.00) noncoding_equivalent(2342.13) raw_noncoding(2342.13) offset(0.00) 
47248	44957	single-	4	6	{GlimmerHMM_glimmerT_3348-T1;GlimmerHMM},{HiQ_model.g2992.t1;HiQ}

# EVM prediction: Mode:STANDARD S-ratio: 1.99 47471-47962 orient(-) score(984.00) noncoding_equivalent(493.24) raw_noncoding(493.24) offset(0.00) 
47962	47471	single-	4	6	{Augustus_model.g2993.t1;Augustus},{GlimmerHMM_glimmerT_3349-T1;GlimmerHMM}

# EVM prediction: Mode:STANDARD S-ratio: 2.00 48237-49478 orient(+) score(2482.00) noncoding_equivalent(1241.00) raw_noncoding(1241.00) offset(0.00) 
48237	49478	single+	1	3	{Augustus_model.g2994.t1;Augustus}

# EVM prediction: Mode:STANDARD S-ratio: 548.35 49708-51525 orient(-) score(7188.00) noncoding_equivalent(13.11) raw_noncoding(13.11) offset(0.00) 
51525	49708	single-	4	6	{Augustus_model.g2995.t1;Augustus},{GlimmerHMM_glimmerT_3351-T1;GlimmerHMM}

# EVM prediction: Mode:STANDARD S-ratio: 101.55 52037-53164 orient(-) score(3351.00) noncoding_equivalent(33.00) raw_noncoding(33.00) offset(0.00) 
53164	52037	single-	4	6	{Augustus_model.g2996.t1;Augustus},{GlimmerHMM_glimmerT_3352-T1;GlimmerHMM}

# EVM prediction: Mode:STANDARD S-ratio: 21.22 53753-54406 orient(+) score(2497.00) noncoding_equivalent(117.68) raw_noncoding(117.68) offset(0.00) 
53753	54406	single+	1	3	{Augustus_model.g2997.t1;Augustus},{GlimmerHMM_glimmerT_3353-T1;GlimmerHMM}

# EVM prediction: Mode:STANDARD S-ratio: 4.99 54503-55402 orient(-) score(4488.00) noncoding_equivalent(900.00) raw_noncoding(900.00) offset(0.00) 
55402	54503	single-	4	6	{GlimmerHMM_glimmerT_3354-T1;GlimmerHMM},{HiQ_model.g2998.t1;HiQ}

# EVM prediction: Mode:STANDARD S-ratio: 4.73 55907-57157 orient(+) score(4131.00) noncoding_equivalent(873.00) raw_noncoding(873.00) offset(0.00) 
55907	57157	single+	1	3	{GlimmerHMM_glimmerT_3355-T1;GlimmerHMM}

# EVM prediction: Mode:STANDARD S-ratio: 9.00 57568-58566 orient(-) score(4247.00) noncoding_equivalent(472.08) raw_noncoding(2160.96) offset(1688.87) 
57982	57568	terminal-	6	6	{GlimmerHMM_glimmerT_3356-T1;GlimmerHMM},{HiQ_model.g3000.t1;HiQ}
58546	57983	INTRON			{HiQ_model.g3000.t1;HiQ},{ev_type:exonerate/ID=match.111469.261/Target=YNL302C;exonerate}
58566	58547	initial-	4	5	{HiQ_model.g3000.t1;HiQ}

# EVM prediction: Mode:STANDARD S-ratio: 4.90 59196-60209 orient(-) score(5519.00) noncoding_equivalent(1126.39) raw_noncoding(2032.01) offset(905.61) 
59644	59196	terminal-	5	6	{HiQ_model.g3001.t1;HiQ},{snap_scaffold_8-snap.25-T1;snap}
60097	59645	INTRON			{HiQ_model.g3001.t1;HiQ},{GlimmerHMM_glimmerT_3356-T1;GlimmerHMM},{ev_type:exonerate/ID=match.111469.333/Target=YOL120C;exonerate},{ev_type:exonerate/ID=match.111469.2085/Target=YNL301C;exonerate}
60209	60098	initial-	4	4	{HiQ_model.g3001.t1;HiQ},{GlimmerHMM_glimmerT_3356-T1;GlimmerHMM}

# EVM prediction: Mode:STANDARD S-ratio: 306.77 61370-61678 orient(+) score(922.00) noncoding_equivalent(3.01) raw_noncoding(3.01) offset(0.00) 
61370	61678	single+	1	3	{Augustus_model.g3002.t1;Augustus},{GlimmerHMM_glimmerT_3357-T1;GlimmerHMM}

# EVM prediction: Mode:STANDARD S-ratio: 676.81 62303-64126 orient(+) score(5462.00) noncoding_equivalent(8.07) raw_noncoding(8.07) offset(0.00) 
62303	64126	single+	1	3	{GlimmerHMM_glimmerT_3358-T1;GlimmerHMM},{Augustus_model.g3003.t1;Augustus}

# EVM prediction: Mode:STANDARD S-ratio: 29.54 64602-67166 orient(+) score(7443.00) noncoding_equivalent(252.00) raw_noncoding(252.00) offset(0.00) 
64602	67166	single+	1	3	{Augustus_model.g3004.t1;Augustus},{GlimmerHMM_glimmerT_3359-T1;GlimmerHMM}

# EVM prediction: Mode:STANDARD S-ratio: 5.00 67384-72306 orient(-) score(24606.00) noncoding_equivalent(4923.00) raw_noncoding(4923.00) offset(0.00) 
72306	67384	single-	4	6	{HiQ_model.g3005.t1;HiQ}

# EVM prediction: Mode:STANDARD S-ratio: 221.67 72761-74263 orient(+) score(5985.00) noncoding_equivalent(27.00) raw_noncoding(27.00) offset(0.00) 
72761	74263	single+	1	3	{Augustus_model.g3006.t1;Augustus},{GlimmerHMM_glimmerT_3361-T1;GlimmerHMM}

# EVM prediction: Mode:STANDARD S-ratio: 1.99 74400-76025 orient(-) score(6477.00) noncoding_equivalent(3252.00) raw_noncoding(3252.00) offset(0.00) 
76025	74400	single-	4	6	{GlimmerHMM_glimmerT_3362-T1;GlimmerHMM},{HiQ_model.g3007.t1;HiQ}

# EVM prediction: Mode:STANDARD S-ratio: 10000.00 76382-78286 orient(+) score(7620.00) noncoding_equivalent(0.76) raw_noncoding(0.00) offset(0.00) 
76382	78286	single+	1	3	{GlimmerHMM_glimmerT_3363-T1;GlimmerHMM},{Augustus_model.g3008.t1;Augustus}

# EVM prediction: Mode:STANDARD S-ratio: 12.03 78549-79760 orient(+) score(4476.00) noncoding_equivalent(372.00) raw_noncoding(372.00) offset(0.00) 
78549	79760	single+	1	3	{GlimmerHMM_glimmerT_3364-T1;GlimmerHMM},{Augustus_model.g3009.t1;Augustus}

# EVM prediction: Mode:STANDARD S-ratio: 4.99 79914-81560 orient(-) score(8226.00) noncoding_equivalent(1647.00) raw_noncoding(1647.00) offset(0.00) 
81560	79914	single-	4	6	{GlimmerHMM_glimmerT_3365-T1;GlimmerHMM},{HiQ_model.g3010.t1;HiQ}

# EVM prediction: Mode:STANDARD S-ratio: 3.00 81898-82920 orient(+) score(3069.00) noncoding_equivalent(1023.00) raw_noncoding(1023.00) offset(0.00) 
81898	82920	single+	1	3	{Augustus_model.g3011.t1;Augustus},{GlimmerHMM_glimmerT_3366-T1;GlimmerHMM}

# EVM prediction: Mode:STANDARD S-ratio: 10000.00 83525-84364 orient(+) score(3360.00) noncoding_equivalent(0.34) raw_noncoding(0.00) offset(0.00) 
83525	84364	single+	1	3	{GlimmerHMM_glimmerT_3367-T1;GlimmerHMM},{Augustus_model.g3012.t1;Augustus}

# EVM prediction: Mode:STANDARD S-ratio: 26.77 85972-87141 orient(+) score(4417.00) noncoding_equivalent(165.00) raw_noncoding(165.00) offset(0.00) 
85972	87141	single+	1	3	{GlimmerHMM_glimmerT_3368-T1;GlimmerHMM}

# EVM prediction: Mode:STANDARD S-ratio: 76.98 87714-90521 orient(+) score(11085.00) noncoding_equivalent(144.00) raw_noncoding(144.00) offset(0.00) 
87714	90521	single+	1	3	{GlimmerHMM_glimmerT_3369-T1;GlimmerHMM},{Augustus_model.g3014.t1;Augustus}

# EVM prediction: Mode:STANDARD S-ratio: 9.25 90951-91823 orient(+) score(2362.00) noncoding_equivalent(255.43) raw_noncoding(255.43) offset(0.00) 
90951	91823	single+	1	3	{GlimmerHMM_glimmerT_3370-T1;GlimmerHMM}

# EVM prediction: Mode:STANDARD S-ratio: 10000.00 92791-94152 orient(-) score(4086.00) noncoding_equivalent(0.41) raw_noncoding(0.00) offset(0.00) 
94152	92791	single-	4	6	{GlimmerHMM_glimmerT_3371-T1;GlimmerHMM},{Augustus_model.g3016.t1;Augustus}

# EVM prediction: Mode:STANDARD S-ratio: 22.47 94976-95857 orient(-) score(2529.00) noncoding_equivalent(112.56) raw_noncoding(112.56) offset(0.00) 
95857	94976	single-	4	6	{GlimmerHMM_glimmerT_3372-T1;GlimmerHMM},{Augustus_model.g3017.t1;Augustus}

# EVM prediction: Mode:STANDARD S-ratio: 1.71 97423-98883 orient(-) score(2490.00) noncoding_equivalent(1455.00) raw_noncoding(1455.00) offset(0.00) 
98883	97423	single-	4	6	{GlimmerHMM_glimmerT_3374-T1;GlimmerHMM}

