perl: warning: Setting locale failed.
perl: warning: Please check that your locale settings:
	LANGUAGE = (unset),
	LC_ALL = (unset),
	LC_CTYPE = "UTF-8",
	LANG = "en_US.UTF-8"
    are supported and installed on your system.
perl: warning: Falling back to a fallback locale ("en_US.UTF-8").
-successfully changed directories to /space21/PGE/rangeles/TGFH/TGFH/Sesion2/out/P.pastoris_GS115/predict_misc/EVM_busco/scaffold_1/scaffold_1_990001-1090000

-reading genomic sequence.

** Processing features (+)

-finding all potential splice sites, looking for GT/GC donors and AG acceptors.
-finding all potential starts and stops. (strand: +)
-loading gene prediction evidence. (strand: +)
-loading the search evidence (protein and EST search results, strand: +)
-scoring exons (strand: +)

** Processing features (-)

-finding all potential splice sites, looking for GT/GC donors and AG acceptors.
-finding all potential starts and stops. (strand: -)
-loading gene prediction evidence. (strand: -)Valid prediction for Augustus_gene406.t1
Valid prediction for Augustus_gene1108.t1
Valid prediction for Augustus_gene1147.t1

-loading the search evidence (protein and EST search results, strand: -)
-scoring exons (strand: -)
-building DP trellis

-building trellis in range 1 - 100000
-exon list size: 18


building trellis
5.0    10.0    15.0    20.0    25.0    30.0    35.0    40.0    45.0    50.0    55.0    60.0    65.0    70.0    75.0    80.0    85.0    90.0    95.0    
-found 15 predictions from path traversal

-reporting highest scoring path thru the trellis.
-found 15 predictions persist after filtering for low support
	-no exons in range 1 - 14911
