!! Predictions spanning range 5716 - 94768 [R1]
# EVM prediction: Mode:STANDARD S-ratio: 10000.00 5716-6156 orient(+) score(882.00) noncoding_equivalent(0.09) raw_noncoding(0.00) offset(0.00) 
5716	6156	single+	1	3	{Augustus_gene1006.t1;Augustus}

# EVM prediction: Mode:STANDARD S-ratio: 10000.00 9776-10375 orient(-) score(1200.00) noncoding_equivalent(0.12) raw_noncoding(0.00) offset(0.00) 
10375	9776	single-	4	6	{Augustus_gene434.t1;Augustus}

# EVM prediction: Mode:STANDARD S-ratio: 10000.00 14864-16819 orient(-) score(3912.00) noncoding_equivalent(0.39) raw_noncoding(0.00) offset(0.00) 
16819	14864	single-	4	6	{Augustus_gene87.t1;Augustus}

# EVM prediction: Mode:STANDARD S-ratio: 10000.00 32362-36075 orient(+) score(7428.00) noncoding_equivalent(0.74) raw_noncoding(0.00) offset(0.00) 
32362	36075	single+	1	3	{Augustus_gene472.t1;Augustus}

# EVM prediction: Mode:STANDARD S-ratio: 10000.00 36345-37829 orient(+) score(2970.00) noncoding_equivalent(0.30) raw_noncoding(0.00) offset(0.00) 
36345	37829	single+	1	3	{Augustus_gene883.t1;Augustus}

# EVM prediction: Mode:STANDARD S-ratio: 10000.00 40392-41915 orient(+) score(3048.00) noncoding_equivalent(0.30) raw_noncoding(0.00) offset(0.00) 
40392	41915	single+	1	3	{Augustus_gene101.t1;Augustus}

# EVM prediction: Mode:STANDARD S-ratio: 10000.00 52570-57459 orient(-) score(9780.00) noncoding_equivalent(0.98) raw_noncoding(0.00) offset(0.00) 
54290	52570	terminal-	5	6	{Augustus_gene461.t1;Augustus}
54353	54291	INTRON			{Augustus_gene461.t1;Augustus}
55673	54354	internal-	5	4	{Augustus_gene461.t1;Augustus}
56141	55674	INTRON			{Augustus_gene461.t1;Augustus}
57459	56142	initial-	4	4	{Augustus_gene461.t1;Augustus}

# EVM prediction: Mode:STANDARD S-ratio: 10000.00 57903-59969 orient(+) score(4134.00) noncoding_equivalent(0.41) raw_noncoding(0.00) offset(0.00) 
57903	59969	single+	1	3	{Augustus_gene301.t1;Augustus}

# EVM prediction: Mode:STANDARD S-ratio: 10000.00 60249-63101 orient(+) score(5706.00) noncoding_equivalent(0.57) raw_noncoding(0.00) offset(0.00) 
60249	63101	single+	1	3	{Augustus_gene1053.t1;Augustus}

# EVM prediction: Mode:STANDARD S-ratio: 10000.00 65421-67238 orient(+) score(3636.00) noncoding_equivalent(0.36) raw_noncoding(0.00) offset(0.00) 
65421	67238	single+	1	3	{Augustus_gene551.t1;Augustus}

# EVM prediction: Mode:STANDARD S-ratio: 10000.00 87362-88531 orient(+) score(2340.00) noncoding_equivalent(0.23) raw_noncoding(0.00) offset(0.00) 
87362	88531	single+	1	3	{Augustus_gene969.t1;Augustus}

# EVM prediction: Mode:STANDARD S-ratio: 10000.00 88897-90102 orient(+) score(2412.00) noncoding_equivalent(0.24) raw_noncoding(0.00) offset(0.00) 
88897	89584	initial+	1	1	{Augustus_gene675.t1;Augustus}
89585	89912	INTRON			{Augustus_gene675.t1;Augustus}
89913	89984	internal+	2	1	{Augustus_gene675.t1;Augustus}
89985	90034	INTRON			{Augustus_gene675.t1;Augustus}
90035	90102	terminal+	2	3	{Augustus_gene675.t1;Augustus}

# EVM prediction: Mode:STANDARD S-ratio: 10000.00 90413-94768 orient(+) score(8712.00) noncoding_equivalent(0.87) raw_noncoding(0.00) offset(0.00) 
90413	94768	single+	1	3	{Augustus_gene549.t1;Augustus}

