!! Predictions spanning range 1470 - 99724 [R1]
# EVM prediction: Mode:STANDARD S-ratio: 2381.00 1470-3851 orient(+) score(7143.00) noncoding_equivalent(3.00) raw_noncoding(3.00) offset(0.00) 
1470	3851	single+	1	3	{Augustus_model.g3068.t1;Augustus}

# EVM prediction: Mode:STANDARD S-ratio: 72.85 3917-8797 orient(-) score(14643.00) noncoding_equivalent(201.00) raw_noncoding(207.00) offset(6.00) 
8658	3917	terminal-	5	6	{GlimmerHMM_glimmerT_3552-T1;GlimmerHMM},{snap_scaffold_3-snap.447-T1;snap},{Augustus_model.g3069.t1;Augustus}
8727	8659	INTRON			{GlimmerHMM_glimmerT_3552-T1;GlimmerHMM},{snap_scaffold_3-snap.447-T1;snap},{Augustus_model.g3069.t1;Augustus}
8797	8728	initial-	4	4	{GlimmerHMM_glimmerT_3552-T1;GlimmerHMM},{Augustus_model.g3069.t1;Augustus}

# EVM prediction: Mode:STANDARD S-ratio: 10000.00 8948-10240 orient(-) score(3879.00) noncoding_equivalent(0.39) raw_noncoding(0.00) offset(0.00) 
10240	8948	single-	4	6	{Augustus_model.g3070.t1;Augustus},{GlimmerHMM_glimmerT_3553-T1;GlimmerHMM}

# EVM prediction: Mode:STANDARD S-ratio: 91.55 10447-12348 orient(-) score(5643.00) noncoding_equivalent(61.64) raw_noncoding(61.64) offset(0.00) 
12348	10447	single-	4	6	{Augustus_model.g3071.t1;Augustus},{GlimmerHMM_glimmerT_3554-T1;GlimmerHMM}

# EVM prediction: Mode:STANDARD S-ratio: 380.56 13497-14006 orient(+) score(1526.00) noncoding_equivalent(4.01) raw_noncoding(4.01) offset(0.00) 
13497	14006	single+	1	3	{Augustus_model.g3072.t1;Augustus}

# EVM prediction: Mode:STANDARD S-ratio: 2.99 14070-14528 orient(-) score(1377.00) noncoding_equivalent(460.14) raw_noncoding(460.14) offset(0.00) 
14528	14070	single-	4	6	{Augustus_model.g3073.t1;Augustus},{GlimmerHMM_glimmerT_3556-T1;GlimmerHMM}

# EVM prediction: Mode:STANDARD S-ratio: 2.02 14725-15213 orient(+) score(1333.00) noncoding_equivalent(659.19) raw_noncoding(712.30) offset(53.11) 
14725	14762	initial+	1	2	{GlimmerHMM_glimmerT_3557-T1;GlimmerHMM},{Augustus_model.g3074.t1;Augustus}
14763	14810	INTRON			{GlimmerHMM_glimmerT_3557-T1;GlimmerHMM},{Augustus_model.g3074.t1;Augustus}
14811	15213	terminal+	3	3	{GlimmerHMM_glimmerT_3557-T1;GlimmerHMM},{Augustus_model.g3074.t1;Augustus}

# EVM prediction: Mode:STANDARD S-ratio: 2.92 15360-16358 orient(+) score(2976.00) noncoding_equivalent(1018.18) raw_noncoding(1018.18) offset(0.00) 
15360	16358	single+	1	3	{Augustus_model.g3075.t1;Augustus},{GlimmerHMM_glimmerT_3558-T1;GlimmerHMM}

# EVM prediction: Mode:STANDARD S-ratio: 10000.00 16395-16994 orient(-) score(1800.00) noncoding_equivalent(0.18) raw_noncoding(0.00) offset(0.00) 
16994	16395	single-	4	6	{GlimmerHMM_glimmerT_3559-T1;GlimmerHMM},{Augustus_model.g3076.t1;Augustus}

# EVM prediction: Mode:STANDARD S-ratio: 66.70 17203-18759 orient(-) score(4602.00) noncoding_equivalent(69.00) raw_noncoding(69.00) offset(0.00) 
18759	17203	single-	4	6	{Augustus_model.g3077.t1;Augustus},{GlimmerHMM_glimmerT_3560-T1;GlimmerHMM}

# EVM prediction: Mode:STANDARD S-ratio: 10000.00 18879-21932 orient(-) score(9162.00) noncoding_equivalent(0.92) raw_noncoding(0.00) offset(0.00) 
21932	18879	single-	4	6	{GlimmerHMM_glimmerT_3561-T1;GlimmerHMM},{Augustus_model.g3078.t1;Augustus}

# EVM prediction: Mode:STANDARD S-ratio: 2.00 22474-25383 orient(+) score(5820.00) noncoding_equivalent(2910.00) raw_noncoding(2910.00) offset(0.00) 
22474	25383	single+	1	3	{Augustus_model.g3079.t1;Augustus},{GlimmerHMM_glimmerT_3562-T1;GlimmerHMM}

# EVM prediction: Mode:STANDARD S-ratio: 1.97 25564-25905 orient(-) score(675.00) noncoding_equivalent(342.00) raw_noncoding(342.00) offset(0.00) 
25905	25564	single-	4	6	{GlimmerHMM_glimmerT_3563-T1;GlimmerHMM}

# EVM prediction: Mode:STANDARD S-ratio: 83.86 27126-28313 orient(+) score(3522.00) noncoding_equivalent(42.00) raw_noncoding(42.00) offset(0.00) 
27126	28313	single+	1	3	{GlimmerHMM_glimmerT_3564-T1;GlimmerHMM},{Augustus_model.g3080.t1;Augustus}

# EVM prediction: Mode:STANDARD S-ratio: 10000.00 28462-30951 orient(+) score(7461.00) noncoding_equivalent(0.75) raw_noncoding(0.00) offset(0.00) 
28462	30951	single+	1	3	{Augustus_model.g3081.t1;Augustus},{GlimmerHMM_glimmerT_3565-T1;GlimmerHMM}

# EVM prediction: Mode:STANDARD S-ratio: 4.60 31318-32235 orient(+) score(2181.00) noncoding_equivalent(474.00) raw_noncoding(573.00) offset(99.00) 
31318	31323	initial+	1	3	{snap_scaffold_3-snap.457-T1;snap}
31324	31422	INTRON			{snap_scaffold_3-snap.457-T1;snap}
31423	32235	terminal+	1	3	{snap_scaffold_3-snap.457-T1;snap}

# EVM prediction: Mode:STANDARD S-ratio: 2.00 32271-33401 orient(-) score(2262.00) noncoding_equivalent(1131.00) raw_noncoding(1131.00) offset(0.00) 
33401	32271	single-	4	6	{GlimmerHMM_glimmerT_3567-T1;GlimmerHMM}

# EVM prediction: Mode:STANDARD S-ratio: 1.11 33424-33843 orient(-) score(659.00) noncoding_equivalent(592.00) raw_noncoding(592.00) offset(0.00) 
33843	33424	single-	4	6	{GlimmerHMM_glimmerT_3568-T1;GlimmerHMM}

# EVM prediction: Mode:STANDARD S-ratio: 10000.00 34092-35660 orient(+) score(4707.00) noncoding_equivalent(0.47) raw_noncoding(0.00) offset(0.00) 
34092	35660	single+	1	3	{GlimmerHMM_glimmerT_3569-T1;GlimmerHMM},{Augustus_model.g3084.t1;Augustus}

# EVM prediction: Mode:STANDARD S-ratio: 431.42 36088-37818 orient(+) score(5177.00) noncoding_equivalent(12.00) raw_noncoding(12.00) offset(0.00) 
36088	37818	single+	1	3	{Augustus_model.g3085.t1;Augustus},{GlimmerHMM_glimmerT_3570-T1;GlimmerHMM}

# EVM prediction: Mode:STANDARD S-ratio: 12.78 38042-39474 orient(+) score(4028.00) noncoding_equivalent(315.27) raw_noncoding(319.27) offset(4.00) 
38042	38599	initial+	1	3	{Augustus_model.g3086.t1;Augustus}
38600	38649	INTRON			{Augustus_model.g3086.t1;Augustus},{snap_scaffold_3-snap.459-T1;snap}
38650	39474	terminal+	1	3	{Augustus_model.g3086.t1;Augustus},{snap_scaffold_3-snap.459-T1;snap}

# EVM prediction: Mode:STANDARD S-ratio: 14.23 40611-42055 orient(+) score(3815.00) noncoding_equivalent(268.13) raw_noncoding(736.05) offset(467.93) 
40611	41482	initial+	1	2	{Augustus_model.g3087.t1;Augustus}
41483	41730	INTRON			{Augustus_model.g3087.t1;Augustus}
41731	42055	terminal+	3	3	{Augustus_model.g3087.t1;Augustus}

# EVM prediction: Mode:STANDARD S-ratio: 81.87 42114-43439 orient(-) score(3930.00) noncoding_equivalent(48.00) raw_noncoding(48.00) offset(0.00) 
43439	42114	single-	4	6	{GlimmerHMM_glimmerT_3575-T1;GlimmerHMM}

# EVM prediction: Mode:STANDARD S-ratio: 41.11 44200-45188 orient(-) score(2886.00) noncoding_equivalent(70.20) raw_noncoding(75.29) offset(5.09) 
44204	44200	terminal-	5	6	{GlimmerHMM_glimmerT_3577-T1;GlimmerHMM}
44215	44205	INTRON			{GlimmerHMM_glimmerT_3577-T1;GlimmerHMM}
45188	44216	initial-	4	4	{GlimmerHMM_glimmerT_3577-T1;GlimmerHMM}

# EVM prediction: Mode:STANDARD S-ratio: 2.00 45364-46029 orient(-) score(1332.00) noncoding_equivalent(666.00) raw_noncoding(666.00) offset(0.00) 
46029	45364	single-	4	6	{GlimmerHMM_glimmerT_3578-T1;GlimmerHMM}

# EVM prediction: Mode:STANDARD S-ratio: 10000.00 46388-48385 orient(+) score(5994.00) noncoding_equivalent(0.60) raw_noncoding(0.00) offset(0.00) 
46388	48385	single+	1	3	{GlimmerHMM_glimmerT_3579-T1;GlimmerHMM},{Augustus_model.g3090.t1;Augustus}

# EVM prediction: Mode:STANDARD S-ratio: 8.95 48432-49064 orient(-) score(1706.00) noncoding_equivalent(190.53) raw_noncoding(190.53) offset(0.00) 
49064	48432	single-	4	6	{GlimmerHMM_glimmerT_3580-T1;GlimmerHMM}

# EVM prediction: Mode:STANDARD S-ratio: 16.86 49177-49620 orient(-) score(1258.00) noncoding_equivalent(74.63) raw_noncoding(74.63) offset(0.00) 
49620	49177	single-	4	6	{GlimmerHMM_glimmerT_3581-T1;GlimmerHMM}

# EVM prediction: Mode:STANDARD S-ratio: 131.19 49748-50647 orient(-) score(2679.00) noncoding_equivalent(20.42) raw_noncoding(20.42) offset(0.00) 
50647	49748	single-	4	6	{GlimmerHMM_glimmerT_3582-T1;GlimmerHMM},{Augustus_model.g3092.t1;Augustus}

# EVM prediction: Mode:STANDARD S-ratio: 2.00 51237-52187 orient(+) score(1902.00) noncoding_equivalent(951.00) raw_noncoding(951.00) offset(0.00) 
51237	52187	single+	1	3	{GlimmerHMM_glimmerT_3583-T1;GlimmerHMM},{Augustus_model.g3093.t1;Augustus}

# EVM prediction: Mode:STANDARD S-ratio: 14.09 52982-54370 orient(+) score(3891.00) noncoding_equivalent(276.10) raw_noncoding(276.10) offset(0.00) 
52982	54370	single+	1	3	{GlimmerHMM_glimmerT_3584-T1;GlimmerHMM},{Augustus_model.g3094.t1;Augustus}

# EVM prediction: Mode:STANDARD S-ratio: 13.11 54532-55498 orient(+) score(2771.00) noncoding_equivalent(211.30) raw_noncoding(298.84) offset(87.55) 
54532	54556	initial+	1	1	{Augustus_model.g3095.t1;Augustus},{GlimmerHMM_glimmerT_3585-T1;GlimmerHMM}
54557	54641	INTRON			{Augustus_model.g3095.t1;Augustus},{GlimmerHMM_glimmerT_3585-T1;GlimmerHMM}
54642	55498	terminal+	2	3	{Augustus_model.g3095.t1;Augustus},{GlimmerHMM_glimmerT_3585-T1;GlimmerHMM}

# EVM prediction: Mode:STANDARD S-ratio: 3.79 55534-56157 orient(-) score(1294.00) noncoding_equivalent(341.67) raw_noncoding(804.34) offset(462.67) 
55913	55534	terminal-	5	6	{snap_scaffold_3-snap.466-T1;snap}
56150	55914	INTRON			{snap_scaffold_3-snap.466-T1;snap}
56157	56151	initial-	4	4	{snap_scaffold_3-snap.466-T1;snap}

# EVM prediction: Mode:STANDARD S-ratio: 5.77 56319-57946 orient(-) score(4359.00) noncoding_equivalent(755.55) raw_noncoding(991.83) offset(236.28) 
56983	56319	terminal-	5	6	{GlimmerHMM_glimmerT_3587-T1;GlimmerHMM},{snap_scaffold_3-snap.467-T1;snap}
57216	56984	INTRON			{GlimmerHMM_glimmerT_3587-T1;GlimmerHMM},{snap_scaffold_3-snap.467-T1;snap}
57946	57217	initial-	4	4	{GlimmerHMM_glimmerT_3587-T1;GlimmerHMM}

# EVM prediction: Mode:STANDARD S-ratio: 2.00 58176-58928 orient(+) score(1506.00) noncoding_equivalent(753.00) raw_noncoding(753.00) offset(0.00) 
58176	58928	single+	1	3	{GlimmerHMM_glimmerT_3588-T1;GlimmerHMM},{Augustus_model.g3097.t1;Augustus}

# EVM prediction: Mode:STANDARD S-ratio: 34.29 59299-61569 orient(+) score(6462.00) noncoding_equivalent(188.43) raw_noncoding(190.43) offset(2.00) 
59299	60262	initial+	1	1	{GlimmerHMM_glimmerT_3589-T1;GlimmerHMM}
60263	60418	INTRON			{GlimmerHMM_glimmerT_3589-T1;GlimmerHMM}
60419	61569	terminal+	2	3	{GlimmerHMM_glimmerT_3589-T1;GlimmerHMM}

# EVM prediction: Mode:STANDARD S-ratio: 9.17 61824-68138 orient(+) score(16837.00) noncoding_equivalent(1836.71) raw_noncoding(2284.00) offset(447.29) 
61824	63836	initial+	1	3	{GlimmerHMM_glimmerT_3590-T1;GlimmerHMM}
63837	63856	INTRON			{GlimmerHMM_glimmerT_3590-T1;GlimmerHMM}
63857	66383	internal+	1	1	{GlimmerHMM_glimmerT_3590-T1;GlimmerHMM}
66384	66633	INTRON			{GlimmerHMM_glimmerT_3590-T1;GlimmerHMM}
66634	68138	terminal+	2	3	{GlimmerHMM_glimmerT_3590-T1;GlimmerHMM}

# EVM prediction: Mode:STANDARD S-ratio: 2.00 68171-68875 orient(-) score(1410.00) noncoding_equivalent(705.00) raw_noncoding(705.00) offset(0.00) 
68875	68171	single-	4	6	{Augustus_model.g3099.t1;Augustus},{GlimmerHMM_glimmerT_3591-T1;GlimmerHMM}

# EVM prediction: Mode:STANDARD S-ratio: 57.24 69393-71282 orient(-) score(5571.00) noncoding_equivalent(97.32) raw_noncoding(97.32) offset(0.00) 
71282	69393	single-	4	6	{Augustus_model.g3100.t1;Augustus},{GlimmerHMM_glimmerT_3592-T1;GlimmerHMM}

# EVM prediction: Mode:STANDARD S-ratio: 1.66 71460-72347 orient(+) score(1659.00) noncoding_equivalent(998.09) raw_noncoding(1078.09) offset(80.00) 
71460	71462	initial+	1	3	{Augustus_model.g3101.t1;Augustus}
71463	71576	INTRON			{Augustus_model.g3101.t1;Augustus}
71577	72347	terminal+	1	3	{Augustus_model.g3101.t1;Augustus}

# EVM prediction: Mode:STANDARD S-ratio: 2.00 72393-74009 orient(-) score(3234.00) noncoding_equivalent(1617.00) raw_noncoding(1617.00) offset(0.00) 
74009	72393	single-	4	6	{GlimmerHMM_glimmerT_3594-T1;GlimmerHMM},{Augustus_model.g3102.t1;Augustus}

# EVM prediction: Mode:STANDARD S-ratio: 455.77 74353-76500 orient(+) score(6428.00) noncoding_equivalent(14.10) raw_noncoding(14.10) offset(0.00) 
74353	76500	single+	1	3	{Augustus_model.g3103.t1;Augustus},{GlimmerHMM_glimmerT_3595-T1;GlimmerHMM}

# EVM prediction: Mode:STANDARD S-ratio: 27.71 77056-78663 orient(-) score(4656.00) noncoding_equivalent(168.00) raw_noncoding(168.00) offset(0.00) 
78663	77056	single-	4	6	{Augustus_model.g3104.t1;Augustus},{GlimmerHMM_glimmerT_3597-T1;GlimmerHMM}

# EVM prediction: Mode:STANDARD S-ratio: 30.38 78873-79625 orient(+) score(2187.00) noncoding_equivalent(72.00) raw_noncoding(72.00) offset(0.00) 
78873	79625	single+	1	3	{GlimmerHMM_glimmerT_3598-T1;GlimmerHMM},{Augustus_model.g3105.t1;Augustus}

# EVM prediction: Mode:STANDARD S-ratio: 61.02 79659-82697 orient(-) score(8970.00) noncoding_equivalent(147.00) raw_noncoding(147.00) offset(0.00) 
82697	79659	single-	4	6	{Augustus_model.g3106.t1;Augustus}

# EVM prediction: Mode:STANDARD S-ratio: 1.76 83065-83819 orient(+) score(1510.00) noncoding_equivalent(860.35) raw_noncoding(873.35) offset(13.00) 
83065	83097	initial+	1	3	{Augustus_model.g3107.t1;Augustus},{GlimmerHMM_glimmerT_3600-T1;GlimmerHMM}
83098	83159	INTRON			{Augustus_model.g3107.t1;Augustus},{GlimmerHMM_glimmerT_3600-T1;GlimmerHMM}
83160	83819	terminal+	1	3	{Augustus_model.g3107.t1;Augustus},{GlimmerHMM_glimmerT_3600-T1;GlimmerHMM}

# EVM prediction: Mode:STANDARD S-ratio: 57.57 83894-86470 orient(-) score(7599.00) noncoding_equivalent(132.00) raw_noncoding(132.00) offset(0.00) 
86470	83894	single-	4	6	{GlimmerHMM_glimmerT_3601-T1;GlimmerHMM}

# EVM prediction: Mode:STANDARD S-ratio: 38.72 86696-88015 orient(-) score(3859.00) noncoding_equivalent(99.66) raw_noncoding(99.66) offset(0.00) 
88015	86696	single-	4	6	{Augustus_model.g3109.t1;Augustus},{GlimmerHMM_glimmerT_3602-T1;GlimmerHMM}

# EVM prediction: Mode:STANDARD S-ratio: 29.07 88314-89249 orient(+) score(2715.00) noncoding_equivalent(93.41) raw_noncoding(93.41) offset(0.00) 
88314	89249	single+	1	3	{Augustus_model.g3110.t1;Augustus},{GlimmerHMM_glimmerT_3603-T1;GlimmerHMM}

# EVM prediction: Mode:STANDARD S-ratio: 70.99 89367-90191 orient(+) score(2439.00) noncoding_equivalent(34.36) raw_noncoding(34.36) offset(0.00) 
89367	90191	single+	1	3	{GlimmerHMM_glimmerT_3604-T1;GlimmerHMM},{Augustus_model.g3111.t1;Augustus}

# EVM prediction: Mode:STANDARD S-ratio: 16.08 91054-91668 orient(-) score(1737.00) noncoding_equivalent(108.00) raw_noncoding(108.00) offset(0.00) 
91668	91054	single-	4	6	{GlimmerHMM_glimmerT_3606-T1;GlimmerHMM}

# EVM prediction: Mode:STANDARD S-ratio: 2.00 92248-92691 orient(-) score(888.00) noncoding_equivalent(444.00) raw_noncoding(444.00) offset(0.00) 
92691	92248	single-	4	6	{Augustus_model.g3113.t1;Augustus},{GlimmerHMM_glimmerT_3607-T1;GlimmerHMM}

# EVM prediction: Mode:STANDARD S-ratio: 10000.00 93006-96200 orient(+) score(9585.00) noncoding_equivalent(0.96) raw_noncoding(0.00) offset(0.00) 
93006	96200	single+	1	3	{Augustus_model.g3114.t1;Augustus},{GlimmerHMM_glimmerT_3608-T1;GlimmerHMM}

# EVM prediction: Mode:STANDARD S-ratio: 128.13 96830-99724 orient(+) score(8616.00) noncoding_equivalent(67.24) raw_noncoding(67.24) offset(0.00) 
96830	99724	single+	1	3	{GlimmerHMM_glimmerT_3609-T1;GlimmerHMM},{Augustus_model.g3115.t1;Augustus}

