!! Predictions spanning range 848 - 97606 [R1]
# EVM prediction: Mode:STANDARD S-ratio: 2.00 2336-3511 orient(-) score(2352.00) noncoding_equivalent(1174.00) raw_noncoding(1174.00) offset(0.00) 
3511	2336	single-	4	6	{GlimmerHMM_glimmerT_1322-T1;GlimmerHMM},{Augustus_model.g1168.t1;Augustus}

# EVM prediction: Mode:STANDARD S-ratio: 10000.00 4140-6638 orient(+) score(7497.00) noncoding_equivalent(0.75) raw_noncoding(0.00) offset(0.00) 
4140	6638	single+	1	3	{Augustus_model.g1169.t1;Augustus},{GlimmerHMM_glimmerT_1323-T1;GlimmerHMM}

# EVM prediction: Mode:STANDARD S-ratio: 1227.56 7402-9456 orient(+) score(6158.00) noncoding_equivalent(5.02) raw_noncoding(5.02) offset(0.00) 
7402	9456	single+	1	3	{GlimmerHMM_glimmerT_1324-T1;GlimmerHMM},{Augustus_model.g1170.t1;Augustus}

# EVM prediction: Mode:STANDARD S-ratio: 1.87 9859-10227 orient(-) score(1440.00) noncoding_equivalent(769.17) raw_noncoding(769.17) offset(0.00) 
10227	9859	single-	4	6	{HiQ_model.g1171.t1;HiQ}

# EVM prediction: Mode:STANDARD S-ratio: 10000.00 10501-11085 orient(+) score(2340.00) noncoding_equivalent(0.23) raw_noncoding(0.00) offset(0.00) 
10501	11085	single+	1	3	{GlimmerHMM_glimmerT_1326-T1;GlimmerHMM},{Augustus_model.g1172.t1;Augustus}

# EVM prediction: Mode:STANDARD S-ratio: 10000.00 11523-12677 orient(+) score(4620.00) noncoding_equivalent(0.46) raw_noncoding(0.00) offset(0.00) 
11523	12677	single+	1	3	{Augustus_model.g1173.t1;Augustus},{GlimmerHMM_glimmerT_1327-T1;GlimmerHMM}

# EVM prediction: Mode:STANDARD S-ratio: 10000.00 13045-15108 orient(+) score(6192.00) noncoding_equivalent(0.62) raw_noncoding(0.00) offset(0.00) 
13045	15108	single+	1	3	{Augustus_model.g1174.t1;Augustus},{GlimmerHMM_glimmerT_1328-T1;GlimmerHMM}

# EVM prediction: Mode:STANDARD S-ratio: 4.15 15267-16778 orient(-) score(7311.00) noncoding_equivalent(1761.00) raw_noncoding(1761.00) offset(0.00) 
16778	15267	single-	4	6	{HiQ_model.g1175.t1;HiQ},{GlimmerHMM_glimmerT_1329-T1;GlimmerHMM}

# EVM prediction: Mode:STANDARD S-ratio: 37.03 17014-18705 orient(-) score(4942.00) noncoding_equivalent(133.45) raw_noncoding(133.45) offset(0.00) 
18705	17014	single-	4	6	{GlimmerHMM_glimmerT_1330-T1;GlimmerHMM}

# EVM prediction: Mode:STANDARD S-ratio: 5.86 19177-20292 orient(+) score(2861.00) noncoding_equivalent(487.91) raw_noncoding(487.91) offset(0.00) 
19177	20292	single+	1	3	{GlimmerHMM_glimmerT_1331-T1;GlimmerHMM}

# EVM prediction: Mode:STANDARD S-ratio: 75.87 20657-24319 orient(+) score(17692.00) noncoding_equivalent(233.20) raw_noncoding(465.41) offset(232.21) 
20657	20662	initial+	1	3	{snap_scaffold_3-snap.147-T1;snap}
20663	20779	INTRON			{snap_scaffold_3-snap.147-T1;snap}
20780	24319	terminal+	1	3	{snap_scaffold_3-snap.147-T1;snap}

# EVM prediction: Mode:STANDARD S-ratio: 2.01 24560-25294 orient(-) score(1470.00) noncoding_equivalent(730.06) raw_noncoding(730.06) offset(0.00) 
25294	24560	single-	4	6	{GlimmerHMM_glimmerT_1333-T1;GlimmerHMM},{Augustus_model.g1178.t1;Augustus}

# EVM prediction: Mode:STANDARD S-ratio: 26.39 25549-27567 orient(+) score(5835.00) noncoding_equivalent(221.08) raw_noncoding(221.08) offset(0.00) 
25549	27567	single+	1	3	{GlimmerHMM_glimmerT_1334-T1;GlimmerHMM}

# EVM prediction: Mode:STANDARD S-ratio: 105.06 27785-29263 orient(+) score(5859.00) noncoding_equivalent(55.77) raw_noncoding(55.77) offset(0.00) 
27785	29263	single+	1	3	{GlimmerHMM_glimmerT_1335-T1;GlimmerHMM}

# EVM prediction: Mode:STANDARD S-ratio: 82.93 29582-30088 orient(+) score(1501.00) noncoding_equivalent(18.10) raw_noncoding(18.10) offset(0.00) 
29582	30088	single+	1	3	{GlimmerHMM_glimmerT_1336-T1;GlimmerHMM}

# EVM prediction: Mode:STANDARD S-ratio: 38.36 30579-31376 orient(-) score(2332.00) noncoding_equivalent(60.79) raw_noncoding(60.79) offset(0.00) 
31376	30579	single-	4	6	{Augustus_model.g1180.t1;Augustus},{GlimmerHMM_glimmerT_1337-T1;GlimmerHMM}

# EVM prediction: Mode:STANDARD S-ratio: 2.00 31659-33245 orient(-) score(6348.00) noncoding_equivalent(3174.00) raw_noncoding(3174.00) offset(0.00) 
33245	31659	single-	4	6	{GlimmerHMM_glimmerT_1338-T1;GlimmerHMM},{HiQ_model.g1181.t1;HiQ}

# EVM prediction: Mode:STANDARD S-ratio: 10000.00 34258-35790 orient(+) score(6132.00) noncoding_equivalent(0.61) raw_noncoding(0.00) offset(0.00) 
34258	35790	single+	1	3	{Augustus_model.g1182.t1;Augustus},{GlimmerHMM_glimmerT_1339-T1;GlimmerHMM}

# EVM prediction: Mode:STANDARD S-ratio: 5.00 36513-36929 orient(-) score(2085.00) noncoding_equivalent(417.00) raw_noncoding(417.00) offset(0.00) 
36929	36513	single-	4	6	{HiQ_model.g1183.t1;HiQ},{GlimmerHMM_glimmerT_1340-T1;GlimmerHMM}

# EVM prediction: Mode:STANDARD S-ratio: 4.86 37742-38602 orient(+) score(4235.00) noncoding_equivalent(872.09) raw_noncoding(872.09) offset(0.00) 
37742	38602	single+	1	3	{GlimmerHMM_glimmerT_1341-T1;GlimmerHMM},{HiQ_model.g1184.t1;HiQ}

# EVM prediction: Mode:STANDARD S-ratio: 10000.00 38861-41716 orient(-) score(8568.00) noncoding_equivalent(0.86) raw_noncoding(0.00) offset(0.00) 
41716	38861	single-	4	6	{GlimmerHMM_glimmerT_1342-T1;GlimmerHMM},{Augustus_model.g1185.t1;Augustus}

# EVM prediction: Mode:STANDARD S-ratio: 10000.00 42186-43403 orient(-) score(3654.00) noncoding_equivalent(0.37) raw_noncoding(0.00) offset(0.00) 
43403	42186	single-	4	6	{Augustus_model.g1186.t1;Augustus},{GlimmerHMM_glimmerT_1343-T1;GlimmerHMM}

# EVM prediction: Mode:STANDARD S-ratio: 2.62 43651-44259 orient(+) score(1683.00) noncoding_equivalent(641.79) raw_noncoding(641.79) offset(0.00) 
43651	44259	single+	1	3	{GlimmerHMM_glimmerT_1344-T1;GlimmerHMM},{Augustus_model.g1187.t1;Augustus}

# EVM prediction: Mode:STANDARD S-ratio: 116.80 45909-47537 orient(+) score(6459.00) noncoding_equivalent(55.30) raw_noncoding(55.30) offset(0.00) 
45909	47537	single+	1	3	{Augustus_model.g1188.t1;Augustus}

# EVM prediction: Mode:STANDARD S-ratio: 10000.00 47938-48882 orient(-) score(3663.00) noncoding_equivalent(0.37) raw_noncoding(0.00) offset(0.00) 
48882	47938	single-	4	6	{Augustus_model.g1189.t1;Augustus},{GlimmerHMM_glimmerT_1346-T1;GlimmerHMM}

# EVM prediction: Mode:STANDARD S-ratio: 10000.00 49325-50254 orient(+) score(3711.00) noncoding_equivalent(0.37) raw_noncoding(0.00) offset(0.00) 
49325	50254	single+	1	3	{Augustus_model.g1190.t1;Augustus},{GlimmerHMM_glimmerT_1347-T1;GlimmerHMM}

# EVM prediction: Mode:STANDARD S-ratio: 12.29 50681-51145 orient(+) score(1512.00) noncoding_equivalent(123.00) raw_noncoding(123.00) offset(0.00) 
50681	51145	single+	1	3	{Augustus_model.g1191.t1;Augustus},{GlimmerHMM_glimmerT_1348-T1;GlimmerHMM}

# EVM prediction: Mode:STANDARD S-ratio: 5.00 51396-52424 orient(-) score(5145.00) noncoding_equivalent(1029.00) raw_noncoding(1029.00) offset(0.00) 
52424	51396	single-	4	6	{GlimmerHMM_glimmerT_1349-T1;GlimmerHMM},{HiQ_model.g1192.t1;HiQ}

# EVM prediction: Mode:STANDARD S-ratio: 283.31 55176-56222 orient(+) score(3128.00) noncoding_equivalent(11.04) raw_noncoding(11.04) offset(0.00) 
55176	56222	single+	1	3	{Augustus_model.g1193.t1;Augustus},{GlimmerHMM_glimmerT_1350-T1;GlimmerHMM}

# EVM prediction: Mode:STANDARD S-ratio: 3.37 56962-58407 orient(-) score(6687.00) noncoding_equivalent(1983.00) raw_noncoding(1983.00) offset(0.00) 
58407	56962	single-	4	6	{GlimmerHMM_glimmerT_1351-T1;GlimmerHMM},{HiQ_model.g1194.t1;HiQ}

# EVM prediction: Mode:STANDARD S-ratio: 4.96 58914-59564 orient(-) score(3249.00) noncoding_equivalent(655.03) raw_noncoding(655.03) offset(0.00) 
59564	58914	single-	4	6	{GlimmerHMM_glimmerT_1352-T1;GlimmerHMM},{HiQ_model.g1195.t1;HiQ}

# EVM prediction: Mode:STANDARD S-ratio: 10000.00 60248-63085 orient(+) score(8514.00) noncoding_equivalent(0.85) raw_noncoding(0.00) offset(0.00) 
60248	63085	single+	1	3	{GlimmerHMM_glimmerT_1353-T1;GlimmerHMM},{Augustus_model.g1196.t1;Augustus}

# EVM prediction: Mode:STANDARD S-ratio: 373.25 63264-64760 orient(-) score(4479.00) noncoding_equivalent(12.00) raw_noncoding(12.00) offset(0.00) 
64760	63264	single-	4	6	{GlimmerHMM_glimmerT_1354-T1;GlimmerHMM},{Augustus_model.g1197.t1;Augustus}

# EVM prediction: Mode:STANDARD S-ratio: 10.02 67112-67862 orient(+) score(2789.00) noncoding_equivalent(278.30) raw_noncoding(374.64) offset(96.35) 
67112	67166	initial+	1	1	{GlimmerHMM_glimmerT_1355-T1;GlimmerHMM},{Augustus_model.g1198.t1;Augustus}
67167	67260	INTRON			{GlimmerHMM_glimmerT_1355-T1;GlimmerHMM},{Augustus_model.g1198.t1;Augustus},{ev_type:exonerate/ID=match.177006.1486/Target=YGL033W;exonerate}
67261	67862	terminal+	2	3	{GlimmerHMM_glimmerT_1355-T1;GlimmerHMM},{snap_scaffold_3-snap.168-T1;snap}

# EVM prediction: Mode:STANDARD S-ratio: 6.00 69019-69486 orient(-) score(2808.00) noncoding_equivalent(468.00) raw_noncoding(468.00) offset(0.00) 
69486	69019	single-	4	6	{HiQ_model.g1199.t1;HiQ},{GlimmerHMM_glimmerT_1357-T1;GlimmerHMM}

# EVM prediction: Mode:STANDARD S-ratio: 6.61 70687-71182 orient(+) score(1422.00) noncoding_equivalent(215.26) raw_noncoding(545.09) offset(329.83) 
70687	70694	initial+	1	2	{snap_scaffold_3-snap.170-T1;snap}
70695	70829	INTRON			{snap_scaffold_3-snap.170-T1;snap}
70830	70836	internal+	3	3	{snap_scaffold_3-snap.170-T1;snap}
70837	70867	INTRON			{snap_scaffold_3-snap.170-T1;snap}
70868	71182	terminal+	1	3	{snap_scaffold_3-snap.170-T1;snap},{GlimmerHMM_glimmerT_1358-T1;GlimmerHMM}

# EVM prediction: Mode:STANDARD S-ratio: 10000.00 71603-71965 orient(+) score(1452.00) noncoding_equivalent(0.15) raw_noncoding(0.00) offset(0.00) 
71603	71965	single+	1	3	{GlimmerHMM_glimmerT_1359-T1;GlimmerHMM},{Augustus_model.g1201.t1;Augustus}

# EVM prediction: Mode:STANDARD S-ratio: 10000.00 73291-74805 orient(-) score(4545.00) noncoding_equivalent(0.45) raw_noncoding(0.00) offset(0.00) 
74805	73291	single-	4	6	{GlimmerHMM_glimmerT_1360-T1;GlimmerHMM},{Augustus_model.g1202.t1;Augustus}

# EVM prediction: Mode:STANDARD S-ratio: 4.87 75638-78148 orient(-) score(12500.00) noncoding_equivalent(2564.71) raw_noncoding(2564.71) offset(0.00) 
78148	75638	single-	4	6	{HiQ_model.g1203.t1;HiQ},{GlimmerHMM_glimmerT_1361-T1;GlimmerHMM}

# EVM prediction: Mode:STANDARD S-ratio: 4.88 78395-80521 orient(-) score(10586.00) noncoding_equivalent(2168.91) raw_noncoding(2168.91) offset(0.00) 
80521	78395	single-	4	6	{GlimmerHMM_glimmerT_1362-T1;GlimmerHMM},{HiQ_model.g1204.t1;HiQ}

# EVM prediction: Mode:STANDARD S-ratio: 10000.00 80764-81960 orient(-) score(3591.00) noncoding_equivalent(0.36) raw_noncoding(0.00) offset(0.00) 
81960	80764	single-	4	6	{GlimmerHMM_glimmerT_1363-T1;GlimmerHMM},{Augustus_model.g1205.t1;Augustus}

# EVM prediction: Mode:STANDARD S-ratio: 17.33 82280-84277 orient(-) score(5667.00) noncoding_equivalent(327.00) raw_noncoding(327.00) offset(0.00) 
84277	82280	single-	4	6	{GlimmerHMM_glimmerT_1364-T1;GlimmerHMM}

# EVM prediction: Mode:STANDARD S-ratio: 286.60 84585-86741 orient(+) score(8598.00) noncoding_equivalent(30.00) raw_noncoding(30.00) offset(0.00) 
84585	86741	single+	1	3	{GlimmerHMM_glimmerT_1365-T1;GlimmerHMM},{Augustus_model.g1207.t1;Augustus}

# EVM prediction: Mode:STANDARD S-ratio: 10.04 87049-89322 orient(+) score(6204.00) noncoding_equivalent(618.00) raw_noncoding(618.00) offset(0.00) 
87049	89322	single+	1	3	{Augustus_model.g1208.t1;Augustus},{GlimmerHMM_glimmerT_1366-T1;GlimmerHMM}

# EVM prediction: Mode:STANDARD S-ratio: 4.00 89429-90139 orient(-) score(3399.00) noncoding_equivalent(849.00) raw_noncoding(849.00) offset(0.00) 
90139	89429	single-	4	6	{HiQ_model.g1209.t1;HiQ},{GlimmerHMM_glimmerT_1367-T1;GlimmerHMM}

# EVM prediction: Mode:STANDARD S-ratio: 3.04 90416-91252 orient(+) score(2519.00) noncoding_equivalent(829.21) raw_noncoding(829.21) offset(0.00) 
90416	91252	single+	1	3	{Augustus_model.g1210.t1;Augustus},{GlimmerHMM_glimmerT_1368-T1;GlimmerHMM}

# EVM prediction: Mode:STANDARD S-ratio: 2.00 91819-92373 orient(-) score(2220.00) noncoding_equivalent(1111.19) raw_noncoding(1111.19) offset(0.00) 
92373	91819	single-	4	6	{GlimmerHMM_glimmerT_1369-T1;GlimmerHMM},{HiQ_model.g1211.t1;HiQ}

# EVM prediction: Mode:STANDARD S-ratio: 41.15 92553-97606 orient(+) score(19106.00) noncoding_equivalent(464.30) raw_noncoding(1074.00) offset(609.70) 
92553	94034	initial+	1	3	{Augustus_model.g1212.t1;Augustus}
94035	94354	INTRON			{Augustus_model.g1212.t1;Augustus}
94355	97606	terminal+	1	3	{GlimmerHMM_glimmerT_1370-T1;GlimmerHMM},{Augustus_model.g1212.t1;Augustus}

