!! Predictions spanning range 7638 - 96048 [R1]
# EVM prediction: Mode:STANDARD S-ratio: 10000.00 7638-8378 orient(-) score(1482.00) noncoding_equivalent(0.15) raw_noncoding(0.00) offset(0.00) 
8378	7638	single-	4	6	{Augustus_gene566.t1;Augustus}

# EVM prediction: Mode:STANDARD S-ratio: 10000.00 24097-26994 orient(-) score(5794.00) noncoding_equivalent(0.58) raw_noncoding(0.00) offset(0.00) 
26994	24097	single-	4	6	{Augustus_gene79.t1;Augustus}

# EVM prediction: Mode:STANDARD S-ratio: 10000.00 27336-29612 orient(-) score(4554.00) noncoding_equivalent(0.46) raw_noncoding(0.00) offset(0.00) 
29612	27336	single-	4	6	{Augustus_gene1126.t1;Augustus}

# EVM prediction: Mode:STANDARD S-ratio: 10000.00 29983-33833 orient(-) score(7702.00) noncoding_equivalent(0.77) raw_noncoding(0.00) offset(0.00) 
33541	29983	terminal-	6	6	{Augustus_gene313.t1;Augustus}
33580	33542	INTRON			{Augustus_gene313.t1;Augustus}
33751	33581	internal-	6	5	{Augustus_gene313.t1;Augustus}
33816	33752	INTRON			{Augustus_gene313.t1;Augustus}
33833	33817	initial-	4	5	{Augustus_gene313.t1;Augustus}

# EVM prediction: Mode:STANDARD S-ratio: 10000.00 53854-54918 orient(+) score(2130.00) noncoding_equivalent(0.21) raw_noncoding(0.00) offset(0.00) 
53854	54918	single+	1	3	{Augustus_gene103.t1;Augustus}

# EVM prediction: Mode:STANDARD S-ratio: 10000.00 67288-71652 orient(+) score(8730.00) noncoding_equivalent(0.87) raw_noncoding(0.00) offset(0.00) 
67288	71652	single+	1	3	{Augustus_gene97.t1;Augustus}

# EVM prediction: Mode:STANDARD S-ratio: 10000.00 74137-75012 orient(-) score(1752.00) noncoding_equivalent(0.18) raw_noncoding(0.00) offset(0.00) 
75012	74137	single-	4	6	{Augustus_gene135.t1;Augustus}

# EVM prediction: Mode:STANDARD S-ratio: 10000.00 81244-82332 orient(-) score(2178.00) noncoding_equivalent(0.22) raw_noncoding(0.00) offset(0.00) 
82332	81244	single-	4	6	{Augustus_gene78.t1;Augustus}

# EVM prediction: Mode:STANDARD S-ratio: 10000.00 89435-90784 orient(+) score(2700.00) noncoding_equivalent(0.27) raw_noncoding(0.00) offset(0.00) 
89435	90784	single+	1	3	{Augustus_gene460.t1;Augustus}

# EVM prediction: Mode:STANDARD S-ratio: 10000.00 93013-96048 orient(-) score(6066.00) noncoding_equivalent(0.61) raw_noncoding(0.00) offset(0.00) 
93599	93013	terminal-	5	6	{Augustus_gene1089.t1;Augustus}
93794	93600	INTRON			{Augustus_gene1089.t1;Augustus}
96048	93795	initial-	4	4	{Augustus_gene1089.t1;Augustus}

