!! Predictions spanning range 1537 - 98581 [R1]
# EVM prediction: Mode:STANDARD S-ratio: 10000.00 1537-3177 orient(+) score(4923.00) noncoding_equivalent(0.49) raw_noncoding(0.00) offset(0.00) 
1537	3177	single+	1	3	{GlimmerHMM_glimmerT_396-T1;GlimmerHMM},{Augustus_model.g369.t1;Augustus}

# EVM prediction: Mode:STANDARD S-ratio: 94.29 3518-5518 orient(+) score(7920.00) noncoding_equivalent(84.00) raw_noncoding(84.00) offset(0.00) 
3518	5518	single+	1	3	{GlimmerHMM_glimmerT_397-T1;GlimmerHMM},{Augustus_model.g370.t1;Augustus}

# EVM prediction: Mode:STANDARD S-ratio: 4.82 5723-7114 orient(-) score(6916.00) noncoding_equivalent(1434.42) raw_noncoding(1434.42) offset(0.00) 
7114	5723	single-	4	6	{GlimmerHMM_glimmerT_398-T1;GlimmerHMM},{HiQ_model.g371.t1;HiQ}

# EVM prediction: Mode:STANDARD S-ratio: 2.00 7456-8568 orient(+) score(2226.00) noncoding_equivalent(1113.00) raw_noncoding(1113.00) offset(0.00) 
7456	8568	single+	1	3	{Augustus_model.g372.t1;Augustus},{GlimmerHMM_glimmerT_399-T1;GlimmerHMM}

# EVM prediction: Mode:STANDARD S-ratio: 5.00 8678-9970 orient(-) score(6465.00) noncoding_equivalent(1293.00) raw_noncoding(1293.00) offset(0.00) 
9970	8678	single-	4	6	{GlimmerHMM_glimmerT_400-T1;GlimmerHMM},{HiQ_model.g373.t1;HiQ}

# EVM prediction: Mode:STANDARD S-ratio: 33.09 11062-13056 orient(-) score(5809.00) noncoding_equivalent(175.57) raw_noncoding(175.57) offset(0.00) 
13056	11062	single-	4	6	{GlimmerHMM_glimmerT_401-T1;GlimmerHMM},{Augustus_model.g374.t1;Augustus}

# EVM prediction: Mode:STANDARD S-ratio: 13.34 13709-15313 orient(+) score(5964.00) noncoding_equivalent(447.00) raw_noncoding(447.00) offset(0.00) 
13709	15313	single+	1	3	{GlimmerHMM_glimmerT_402-T1;GlimmerHMM},{Augustus_model.g375.t1;Augustus}

# EVM prediction: Mode:STANDARD S-ratio: 4.56 15387-16112 orient(-) score(3571.00) noncoding_equivalent(783.60) raw_noncoding(783.60) offset(0.00) 
16112	15387	single-	4	6	{HiQ_model.g376.t1;HiQ},{GlimmerHMM_glimmerT_403-T1;GlimmerHMM}

# EVM prediction: Mode:STANDARD S-ratio: 21.94 16334-17503 orient(+) score(4476.00) noncoding_equivalent(204.00) raw_noncoding(204.00) offset(0.00) 
16334	17503	single+	1	3	{Augustus_model.g377.t1;Augustus},{GlimmerHMM_glimmerT_404-T1;GlimmerHMM}

# EVM prediction: Mode:STANDARD S-ratio: 4.76 17639-19078 orient(-) score(7139.00) noncoding_equivalent(1499.81) raw_noncoding(1499.81) offset(0.00) 
19078	17639	single-	4	6	{HiQ_model.g378.t1;HiQ},{GlimmerHMM_glimmerT_405-T1;GlimmerHMM}

# EVM prediction: Mode:STANDARD S-ratio: 4.71 19382-21196 orient(-) score(8982.00) noncoding_equivalent(1907.03) raw_noncoding(1907.03) offset(0.00) 
21196	19382	single-	4	6	{HiQ_model.g379.t1;HiQ},{GlimmerHMM_glimmerT_406-T1;GlimmerHMM}

# EVM prediction: Mode:STANDARD S-ratio: 3.00 21420-21917 orient(+) score(1494.00) noncoding_equivalent(498.00) raw_noncoding(498.00) offset(0.00) 
21420	21917	single+	1	3	{Augustus_model.g380.t1;Augustus},{GlimmerHMM_glimmerT_407-T1;GlimmerHMM}

# EVM prediction: Mode:STANDARD S-ratio: 5.00 22001-23056 orient(-) score(5280.00) noncoding_equivalent(1056.00) raw_noncoding(1056.00) offset(0.00) 
23056	22001	single-	4	6	{HiQ_model.g381.t1;HiQ},{GlimmerHMM_glimmerT_408-T1;GlimmerHMM}

# EVM prediction: Mode:STANDARD S-ratio: 3.00 23240-24247 orient(+) score(3024.00) noncoding_equivalent(1008.00) raw_noncoding(1008.00) offset(0.00) 
23240	24247	single+	1	3	{GlimmerHMM_glimmerT_409-T1;GlimmerHMM},{Augustus_model.g382.t1;Augustus}

# EVM prediction: Mode:STANDARD S-ratio: 32.95 24449-26623 orient(+) score(8443.00) noncoding_equivalent(256.21) raw_noncoding(256.21) offset(0.00) 
24449	26623	single+	1	3	{GlimmerHMM_glimmerT_410-T1;GlimmerHMM},{Augustus_model.g383.t1;Augustus}

# EVM prediction: Mode:STANDARD S-ratio: 106.69 27157-29811 orient(+) score(10520.00) noncoding_equivalent(98.60) raw_noncoding(98.60) offset(0.00) 
27157	29811	single+	1	3	{Augustus_model.g384.t1;Augustus},{GlimmerHMM_glimmerT_411-T1;GlimmerHMM}

# EVM prediction: Mode:STANDARD S-ratio: 39.83 30113-32623 orient(-) score(9798.00) noncoding_equivalent(246.00) raw_noncoding(246.00) offset(0.00) 
32623	30113	single-	4	6	{GlimmerHMM_glimmerT_412-T1;GlimmerHMM}

# EVM prediction: Mode:STANDARD S-ratio: 562.20 33552-35663 orient(+) score(8433.00) noncoding_equivalent(15.00) raw_noncoding(15.00) offset(0.00) 
33552	35663	single+	1	3	{Augustus_model.g386.t1;Augustus}

# EVM prediction: Mode:STANDARD S-ratio: 1.00 36176-36403 orient(+) score(456.00) noncoding_equivalent(456.00) raw_noncoding(456.00) offset(0.00) 
36176	36403	single+	1	3	{GlimmerHMM_glimmerT_414-T1;GlimmerHMM}

# EVM prediction: Mode:STANDARD S-ratio: 10000.00 38135-40273 orient(+) score(8556.00) noncoding_equivalent(0.86) raw_noncoding(0.00) offset(0.00) 
38135	40273	single+	1	3	{Augustus_model.g387.t1;Augustus},{GlimmerHMM_glimmerT_415-T1;GlimmerHMM}

# EVM prediction: Mode:STANDARD S-ratio: 10000.00 40640-42319 orient(+) score(5040.00) noncoding_equivalent(0.50) raw_noncoding(0.00) offset(0.00) 
40640	42319	single+	1	3	{GlimmerHMM_glimmerT_416-T1;GlimmerHMM},{Augustus_model.g388.t1;Augustus}

# EVM prediction: Mode:STANDARD S-ratio: 10000.00 43159-45900 orient(+) score(10968.00) noncoding_equivalent(1.10) raw_noncoding(0.00) offset(0.00) 
43159	45900	single+	1	3	{Augustus_model.g389.t1;Augustus},{GlimmerHMM_glimmerT_417-T1;GlimmerHMM}

# EVM prediction: Mode:STANDARD S-ratio: 57.50 46291-47343 orient(+) score(4140.00) noncoding_equivalent(72.00) raw_noncoding(72.00) offset(0.00) 
46291	47343	single+	1	3	{GlimmerHMM_glimmerT_418-T1;GlimmerHMM},{Augustus_model.g390.t1;Augustus}

# EVM prediction: Mode:STANDARD S-ratio: 90.31 48450-52421 orient(+) score(15714.00) noncoding_equivalent(174.00) raw_noncoding(174.00) offset(0.00) 
48450	52421	single+	1	3	{GlimmerHMM_glimmerT_419-T1;GlimmerHMM},{Augustus_model.g391.t1;Augustus}

# EVM prediction: Mode:STANDARD S-ratio: 5.00 52966-56895 orient(-) score(19650.00) noncoding_equivalent(3930.00) raw_noncoding(3930.00) offset(0.00) 
56895	52966	single-	4	6	{GlimmerHMM_glimmerT_420-T1;GlimmerHMM},{HiQ_model.g392.t1;HiQ}

# EVM prediction: Mode:STANDARD S-ratio: 269.78 57196-58467 orient(-) score(3800.00) noncoding_equivalent(14.09) raw_noncoding(14.09) offset(0.00) 
58467	57196	single-	4	6	{GlimmerHMM_glimmerT_421-T1;GlimmerHMM},{Augustus_model.g393.t1;Augustus}

# EVM prediction: Mode:STANDARD S-ratio: 3.96 58869-60266 orient(-) score(6690.00) noncoding_equivalent(1691.26) raw_noncoding(1691.26) offset(0.00) 
60266	58869	single-	4	6	{HiQ_model.g394.t1;HiQ}

# EVM prediction: Mode:STANDARD S-ratio: 936.33 60744-62852 orient(+) score(8427.00) noncoding_equivalent(9.00) raw_noncoding(9.00) offset(0.00) 
60744	62852	single+	1	3	{GlimmerHMM_glimmerT_423-T1;GlimmerHMM}

# EVM prediction: Mode:STANDARD S-ratio: 7.74 63469-66916 orient(+) score(10142.00) noncoding_equivalent(1310.55) raw_noncoding(3562.55) offset(2252.00) 
63469	64681	initial+	1	1	{Augustus_model.g396.t1;Augustus}
64682	65843	INTRON			{Augustus_model.g396.t1;Augustus}
65844	66916	terminal+	2	3	{Augustus_model.g396.t1;Augustus}

# EVM prediction: Mode:STANDARD S-ratio: 6.00 67731-68126 orient(-) score(2376.00) noncoding_equivalent(396.00) raw_noncoding(396.00) offset(0.00) 
68126	67731	single-	4	6	{HiQ_model.g397.t1;HiQ},{GlimmerHMM_glimmerT_426-T1;GlimmerHMM}

# EVM prediction: Mode:STANDARD S-ratio: 10000.00 68943-69341 orient(+) score(1986.00) noncoding_equivalent(0.20) raw_noncoding(0.00) offset(0.00) 
68943	69341	single+	1	3	{GlimmerHMM_glimmerT_427-T1;GlimmerHMM},{Augustus_model.g398.t1;Augustus}

# EVM prediction: Mode:STANDARD S-ratio: 441.92 69899-70567 orient(+) score(2668.00) noncoding_equivalent(6.04) raw_noncoding(6.04) offset(0.00) 
69899	70567	single+	1	3	{GlimmerHMM_glimmerT_428-T1;GlimmerHMM},{Augustus_model.g399.t1;Augustus}

# EVM prediction: Mode:STANDARD S-ratio: 157.28 70985-75061 orient(+) score(16200.00) noncoding_equivalent(103.00) raw_noncoding(103.00) offset(0.00) 
70985	75061	single+	1	3	{Augustus_model.g400.t1;Augustus},{GlimmerHMM_glimmerT_429-T1;GlimmerHMM}

# EVM prediction: Mode:STANDARD S-ratio: 4.88 75341-77215 orient(-) score(9334.00) noncoding_equivalent(1914.44) raw_noncoding(1914.44) offset(0.00) 
77215	75341	single-	4	6	{GlimmerHMM_glimmerT_430-T1;GlimmerHMM},{HiQ_model.g401.t1;HiQ}

# EVM prediction: Mode:STANDARD S-ratio: 471.28 78195-79556 orient(+) score(5437.00) noncoding_equivalent(11.54) raw_noncoding(11.54) offset(0.00) 
78195	79556	single+	1	3	{GlimmerHMM_glimmerT_431-T1;GlimmerHMM}

# EVM prediction: Mode:STANDARD S-ratio: 4.75 79703-80320 orient(-) score(3063.00) noncoding_equivalent(645.00) raw_noncoding(645.00) offset(0.00) 
80320	79703	single-	4	6	{GlimmerHMM_glimmerT_432-T1;GlimmerHMM},{HiQ_model.g403.t1;HiQ}

# EVM prediction: Mode:STANDARD S-ratio: 10000.00 80864-82540 orient(+) score(5031.00) noncoding_equivalent(0.50) raw_noncoding(0.00) offset(0.00) 
80864	82540	single+	1	3	{Augustus_model.g404.t1;Augustus},{GlimmerHMM_glimmerT_433-T1;GlimmerHMM}

# EVM prediction: Mode:STANDARD S-ratio: 2.00 82910-83797 orient(-) score(1776.00) noncoding_equivalent(888.00) raw_noncoding(888.00) offset(0.00) 
83797	82910	single-	4	6	{GlimmerHMM_glimmerT_434-T1;GlimmerHMM},{Augustus_model.g405.t1;Augustus}

# EVM prediction: Mode:STANDARD S-ratio: 10000.00 84559-86640 orient(+) score(8328.00) noncoding_equivalent(0.83) raw_noncoding(0.00) offset(0.00) 
84559	86640	single+	1	3	{GlimmerHMM_glimmerT_435-T1;GlimmerHMM},{Augustus_model.g406.t1;Augustus}

# EVM prediction: Mode:STANDARD S-ratio: 33.06 86934-88568 orient(+) score(6348.00) noncoding_equivalent(192.00) raw_noncoding(192.00) offset(0.00) 
86934	88568	single+	1	3	{GlimmerHMM_glimmerT_436-T1;GlimmerHMM},{Augustus_model.g407.t1;Augustus}

# EVM prediction: Mode:STANDARD S-ratio: 3.83 88666-89322 orient(-) score(3125.00) noncoding_equivalent(815.42) raw_noncoding(815.42) offset(0.00) 
89322	88666	single-	4	6	{HiQ_model.g408.t1;HiQ}

# EVM prediction: Mode:STANDARD S-ratio: 166.43 90045-90923 orient(+) score(3495.00) noncoding_equivalent(21.00) raw_noncoding(21.00) offset(0.00) 
90045	90923	single+	1	3	{GlimmerHMM_glimmerT_438-T1;GlimmerHMM},{Augustus_model.g409.t1;Augustus}

# EVM prediction: Mode:STANDARD S-ratio: 5.00 91325-94246 orient(-) score(14610.00) noncoding_equivalent(2922.00) raw_noncoding(2922.00) offset(0.00) 
94246	91325	single-	4	6	{HiQ_model.g410.t1;HiQ},{GlimmerHMM_glimmerT_439-T1;GlimmerHMM}

# EVM prediction: Mode:STANDARD S-ratio: 5.00 94486-96849 orient(-) score(11820.00) noncoding_equivalent(2364.00) raw_noncoding(2364.00) offset(0.00) 
96849	94486	single-	4	6	{HiQ_model.g411.t1;HiQ},{GlimmerHMM_glimmerT_440-T1;GlimmerHMM}

# EVM prediction: Mode:STANDARD S-ratio: 5.00 97103-98581 orient(-) score(7395.00) noncoding_equivalent(1479.00) raw_noncoding(1479.00) offset(0.00) 
98581	97103	single-	4	6	{HiQ_model.g412.t1;HiQ},{GlimmerHMM_glimmerT_441-T1;GlimmerHMM}

