!! Predictions spanning range 1069 - 99851 [R1]
# EVM prediction: Mode:STANDARD S-ratio: 10000.00 1069-1872 orient(+) score(3216.00) noncoding_equivalent(0.32) raw_noncoding(0.00) offset(0.00) 
1069	1872	single+	1	3	{GlimmerHMM_glimmerT_4458-T1;GlimmerHMM},{Augustus_model.g3934.t1;Augustus}

# EVM prediction: Mode:STANDARD S-ratio: 3.00 2097-2360 orient(+) score(792.00) noncoding_equivalent(264.00) raw_noncoding(264.00) offset(0.00) 
2097	2360	single+	1	3	{Augustus_model.g3935.t1;Augustus},{GlimmerHMM_glimmerT_4459-T1;GlimmerHMM}

# EVM prediction: Mode:STANDARD S-ratio: 4.19 6036-7718 orient(-) score(8151.00) noncoding_equivalent(1947.00) raw_noncoding(1947.00) offset(0.00) 
7718	6036	single-	4	6	{GlimmerHMM_glimmerT_4460-T1;GlimmerHMM},{HiQ_model.g3936.t1;HiQ}

# EVM prediction: Mode:STANDARD S-ratio: 5.00 7893-8699 orient(-) score(4035.00) noncoding_equivalent(807.00) raw_noncoding(807.00) offset(0.00) 
8699	7893	single-	4	6	{GlimmerHMM_glimmerT_4461-T1;GlimmerHMM},{HiQ_model.g3937.t1;HiQ}

# EVM prediction: Mode:STANDARD S-ratio: 2.98 8882-9718 orient(+) score(2507.00) noncoding_equivalent(841.01) raw_noncoding(841.01) offset(0.00) 
8882	9718	single+	1	3	{GlimmerHMM_glimmerT_4462-T1;GlimmerHMM}

# EVM prediction: Mode:STANDARD S-ratio: 107.66 11142-12137 orient(+) score(2957.00) noncoding_equivalent(27.46) raw_noncoding(27.46) offset(0.00) 
11142	12137	single+	1	3	{GlimmerHMM_glimmerT_4463-T1;GlimmerHMM}

# EVM prediction: Mode:STANDARD S-ratio: 29.06 12216-13658 orient(-) score(4185.00) noncoding_equivalent(144.00) raw_noncoding(144.00) offset(0.00) 
13658	12216	single-	4	6	{GlimmerHMM_glimmerT_4464-T1;GlimmerHMM},{Augustus_model.g3939.t1;Augustus}

# EVM prediction: Mode:STANDARD S-ratio: 75.06 14097-15752 orient(+) score(6536.00) noncoding_equivalent(87.08) raw_noncoding(87.08) offset(0.00) 
14097	15752	single+	1	3	{GlimmerHMM_glimmerT_4465-T1;GlimmerHMM},{Augustus_model.g3940.t1;Augustus}

# EVM prediction: Mode:STANDARD S-ratio: 458.79 16285-18021 orient(+) score(6931.00) noncoding_equivalent(15.11) raw_noncoding(15.11) offset(0.00) 
16285	18021	single+	1	3	{Augustus_model.g3941.t1;Augustus},{GlimmerHMM_glimmerT_4466-T1;GlimmerHMM}

# EVM prediction: Mode:STANDARD S-ratio: 10000.00 19823-20452 orient(+) score(2511.00) noncoding_equivalent(0.25) raw_noncoding(0.00) offset(0.00) 
19823	20452	single+	1	3	{Augustus_model.g3942.t1;Augustus},{GlimmerHMM_glimmerT_4467-T1;GlimmerHMM}

# EVM prediction: Mode:STANDARD S-ratio: 10000.00 21008-23122 orient(+) score(8460.00) noncoding_equivalent(0.85) raw_noncoding(0.00) offset(0.00) 
21008	23122	single+	1	3	{GlimmerHMM_glimmerT_4468-T1;GlimmerHMM},{Augustus_model.g3943.t1;Augustus}

# EVM prediction: Mode:STANDARD S-ratio: 4.87 24492-25352 orient(-) score(4279.00) noncoding_equivalent(879.24) raw_noncoding(879.24) offset(0.00) 
25352	24492	single-	4	6	{GlimmerHMM_glimmerT_4469-T1;GlimmerHMM},{HiQ_model.g3944.t1;HiQ}

# EVM prediction: Mode:STANDARD S-ratio: 10.58 27626-29668 orient(+) score(5455.00) noncoding_equivalent(515.53) raw_noncoding(672.83) offset(157.29) 
27626	28649	initial+	1	1	{GlimmerHMM_glimmerT_4470-T1;GlimmerHMM},{Augustus_model.g3945.t1;Augustus}
28650	28805	INTRON			{GlimmerHMM_glimmerT_4470-T1;GlimmerHMM}
28806	29668	terminal+	2	3	{GlimmerHMM_glimmerT_4470-T1;GlimmerHMM}

# EVM prediction: Mode:STANDARD S-ratio: 17.50 29937-31105 orient(+) score(4150.00) noncoding_equivalent(237.17) raw_noncoding(425.44) offset(188.27) 
29937	29942	initial+	1	3	{snap_scaffold_11-snap.50-T1;snap}
29943	30037	INTRON			{snap_scaffold_11-snap.50-T1;snap}
30038	31105	terminal+	1	3	{snap_scaffold_11-snap.50-T1;snap}

# EVM prediction: Mode:STANDARD S-ratio: 311.76 31486-32331 orient(-) score(2528.00) noncoding_equivalent(8.11) raw_noncoding(8.11) offset(0.00) 
32331	31486	single-	4	6	{GlimmerHMM_glimmerT_4472-T1;GlimmerHMM},{Augustus_model.g3946.t1;Augustus}

# EVM prediction: Mode:STANDARD S-ratio: 7.83 34537-34959 orient(+) score(1480.00) noncoding_equivalent(189.03) raw_noncoding(278.14) offset(89.11) 
34537	34555	initial+	1	1	{GlimmerHMM_glimmerT_4474-T1;GlimmerHMM},{Augustus_model.g3947.t1;Augustus}
34556	34642	INTRON			{GlimmerHMM_glimmerT_4474-T1;GlimmerHMM},{Augustus_model.g3947.t1;Augustus}
34643	34959	terminal+	2	3	{GlimmerHMM_glimmerT_4474-T1;GlimmerHMM},{snap_scaffold_11-snap.52-T1;snap},{Augustus_model.g3947.t1;Augustus}

# EVM prediction: Mode:STANDARD S-ratio: 4.65 35056-36348 orient(-) score(6381.00) noncoding_equivalent(1373.54) raw_noncoding(1373.54) offset(0.00) 
36348	35056	single-	4	6	{HiQ_model.g3948.t1;HiQ}

# EVM prediction: Mode:STANDARD S-ratio: 73.78 36641-37318 orient(-) score(2005.00) noncoding_equivalent(27.18) raw_noncoding(27.18) offset(0.00) 
37318	36641	single-	4	6	{Augustus_model.g3949.t1;Augustus},{GlimmerHMM_glimmerT_4476-T1;GlimmerHMM}

# EVM prediction: Mode:STANDARD S-ratio: 62.15 40201-42483 orient(+) score(6739.00) noncoding_equivalent(108.43) raw_noncoding(108.43) offset(0.00) 
40201	42483	single+	1	3	{Augustus_model.g3950.t1;Augustus},{GlimmerHMM_glimmerT_4478-T1;GlimmerHMM}

# EVM prediction: Mode:STANDARD S-ratio: 90.42 44166-44861 orient(+) score(2752.00) noncoding_equivalent(30.43) raw_noncoding(30.43) offset(0.00) 
44166	44861	single+	1	3	{GlimmerHMM_glimmerT_4479-T1;GlimmerHMM},{Augustus_model.g3951.t1;Augustus}

# EVM prediction: Mode:STANDARD S-ratio: 4.82 45144-46511 orient(-) score(6731.00) noncoding_equivalent(1397.62) raw_noncoding(1546.62) offset(149.00) 
46402	45144	terminal-	5	6	{snap_scaffold_11-snap.57-T1;snap},{HiQ_model.g3952.t1;HiQ},{GlimmerHMM_glimmerT_4480-T1;GlimmerHMM}
46480	46403	INTRON			{HiQ_model.g3952.t1;HiQ},{GlimmerHMM_glimmerT_4480-T1;GlimmerHMM},{ev_type:exonerate/ID=match.177006.2261/Target=YER003C;exonerate}
46511	46481	initial-	4	4	{HiQ_model.g3952.t1;HiQ},{GlimmerHMM_glimmerT_4480-T1;GlimmerHMM}

# EVM prediction: Mode:STANDARD S-ratio: 15.24 46982-47689 orient(+) score(2647.00) noncoding_equivalent(173.69) raw_noncoding(173.69) offset(0.00) 
46982	47689	single+	1	3	{GlimmerHMM_glimmerT_4481-T1;GlimmerHMM}

# EVM prediction: Mode:STANDARD S-ratio: 198.70 47994-49867 orient(+) score(5569.00) noncoding_equivalent(28.03) raw_noncoding(51.11) offset(23.08) 
47994	48000	initial+	1	1	{snap_scaffold_11-snap.59-T1;snap}
48001	48023	INTRON			{snap_scaffold_11-snap.59-T1;snap}
48024	49867	terminal+	2	3	{Augustus_model.g3953.t1;Augustus},{snap_scaffold_11-snap.59-T1;snap}

# EVM prediction: Mode:STANDARD S-ratio: 147.86 50154-51716 orient(+) score(6210.00) noncoding_equivalent(42.00) raw_noncoding(42.00) offset(0.00) 
50154	51716	single+	1	3	{GlimmerHMM_glimmerT_4483-T1;GlimmerHMM},{Augustus_model.g3954.t1;Augustus}

# EVM prediction: Mode:STANDARD S-ratio: 12.32 51882-53453 orient(+) score(4362.00) noncoding_equivalent(354.00) raw_noncoding(354.00) offset(0.00) 
51882	53453	single+	1	3	{Augustus_model.g3955.t1;Augustus},{GlimmerHMM_glimmerT_4484-T1;GlimmerHMM}

# EVM prediction: Mode:STANDARD S-ratio: 10.58 53653-54307 orient(-) score(2380.00) noncoding_equivalent(225.05) raw_noncoding(336.53) offset(111.48) 
54187	53653	terminal-	6	6	{Augustus_model.g3956.t1;Augustus},{GlimmerHMM_glimmerT_4485-T1;GlimmerHMM},{snap_scaffold_11-snap.62-T1;snap}
54296	54188	INTRON			{Augustus_model.g3956.t1;Augustus},{GlimmerHMM_glimmerT_4485-T1;GlimmerHMM}
54307	54297	initial-	4	5	{Augustus_model.g3956.t1;Augustus},{GlimmerHMM_glimmerT_4485-T1;GlimmerHMM}

# EVM prediction: Mode:STANDARD S-ratio: 10000.00 55256-59215 orient(-) score(11880.00) noncoding_equivalent(1.19) raw_noncoding(0.00) offset(0.00) 
59215	55256	single-	4	6	{GlimmerHMM_glimmerT_4486-T1;GlimmerHMM},{Augustus_model.g3957.t1;Augustus}

# EVM prediction: Mode:STANDARD S-ratio: 2.99 59506-59883 orient(+) score(1134.00) noncoding_equivalent(379.06) raw_noncoding(379.06) offset(0.00) 
59506	59883	single+	1	3	{Augustus_model.g3958.t1;Augustus},{GlimmerHMM_glimmerT_4487-T1;GlimmerHMM}

# EVM prediction: Mode:STANDARD S-ratio: 2.01 60009-60707 orient(-) score(2803.00) noncoding_equivalent(1393.00) raw_noncoding(1393.00) offset(0.00) 
60707	60009	single-	4	6	{HiQ_model.g3959.t1;HiQ},{GlimmerHMM_glimmerT_4488-T1;GlimmerHMM}

# EVM prediction: Mode:STANDARD S-ratio: 19.84 62597-63367 orient(+) score(2202.00) noncoding_equivalent(111.00) raw_noncoding(111.00) offset(0.00) 
62597	63367	single+	1	3	{Augustus_model.g3960.t1;Augustus},{GlimmerHMM_glimmerT_4489-T1;GlimmerHMM}

# EVM prediction: Mode:STANDARD S-ratio: 83.74 65766-66362 orient(+) score(2358.00) noncoding_equivalent(28.16) raw_noncoding(28.16) offset(0.00) 
65766	66362	single+	1	3	{Augustus_model.g3961.t1;Augustus},{GlimmerHMM_glimmerT_4490-T1;GlimmerHMM}

# EVM prediction: Mode:STANDARD S-ratio: 10000.00 66838-70308 orient(+) score(13884.00) noncoding_equivalent(1.39) raw_noncoding(0.00) offset(0.00) 
66838	70308	single+	1	3	{GlimmerHMM_glimmerT_4491-T1;GlimmerHMM},{Augustus_model.g3962.t1;Augustus}

# EVM prediction: Mode:STANDARD S-ratio: 24.12 70643-72262 orient(+) score(6222.00) noncoding_equivalent(258.00) raw_noncoding(258.00) offset(0.00) 
70643	72262	single+	1	3	{Augustus_model.g3963.t1;Augustus},{GlimmerHMM_glimmerT_4492-T1;GlimmerHMM}

# EVM prediction: Mode:STANDARD S-ratio: 34.87 72558-73382 orient(+) score(3208.00) noncoding_equivalent(92.00) raw_noncoding(92.00) offset(0.00) 
72558	73382	single+	1	3	{GlimmerHMM_glimmerT_4493-T1;GlimmerHMM}

# EVM prediction: Mode:STANDARD S-ratio: 18.51 73490-74791 orient(+) score(4941.00) noncoding_equivalent(267.00) raw_noncoding(267.00) offset(0.00) 
73490	74791	single+	1	3	{GlimmerHMM_glimmerT_4494-T1;GlimmerHMM}

# EVM prediction: Mode:STANDARD S-ratio: 19.79 75815-76843 orient(+) score(3918.00) noncoding_equivalent(198.00) raw_noncoding(198.00) offset(0.00) 
75815	76843	single+	1	3	{GlimmerHMM_glimmerT_4495-T1;GlimmerHMM}

# EVM prediction: Mode:STANDARD S-ratio: 19.92 77023-79302 orient(-) score(6513.00) noncoding_equivalent(327.00) raw_noncoding(327.00) offset(0.00) 
79302	77023	single-	4	6	{GlimmerHMM_glimmerT_4496-T1;GlimmerHMM}

# EVM prediction: Mode:STANDARD S-ratio: 4.99 79487-80149 orient(-) score(3306.00) noncoding_equivalent(663.00) raw_noncoding(663.00) offset(0.00) 
80149	79487	single-	4	6	{HiQ_model.g3967.t1;HiQ},{GlimmerHMM_glimmerT_4497-T1;GlimmerHMM}

# EVM prediction: Mode:STANDARD S-ratio: 10000.00 80403-81752 orient(+) score(5388.00) noncoding_equivalent(0.54) raw_noncoding(0.00) offset(0.00) 
80403	81752	single+	1	3	{GlimmerHMM_glimmerT_4498-T1;GlimmerHMM},{Augustus_model.g3968.t1;Augustus}

# EVM prediction: Mode:STANDARD S-ratio: 2.00 81798-82064 orient(-) score(1068.00) noncoding_equivalent(534.00) raw_noncoding(534.00) offset(0.00) 
82064	81798	single-	4	6	{GlimmerHMM_glimmerT_4499-T1;GlimmerHMM},{HiQ_model.g3969.t1;HiQ}

# EVM prediction: Mode:STANDARD S-ratio: 219.50 82673-83995 orient(+) score(3951.00) noncoding_equivalent(18.00) raw_noncoding(18.00) offset(0.00) 
82673	83995	single+	1	3	{GlimmerHMM_glimmerT_4500-T1;GlimmerHMM},{Augustus_model.g3970.t1;Augustus}

# EVM prediction: Mode:STANDARD S-ratio: 98.81 84401-85972 orient(+) score(6225.00) noncoding_equivalent(63.00) raw_noncoding(63.00) offset(0.00) 
84401	85972	single+	1	3	{GlimmerHMM_glimmerT_4501-T1;GlimmerHMM},{Augustus_model.g3971.t1;Augustus}

# EVM prediction: Mode:STANDARD S-ratio: 35.70 86311-88389 orient(+) score(8089.00) noncoding_equivalent(226.57) raw_noncoding(226.57) offset(0.00) 
86311	88389	single+	1	3	{GlimmerHMM_glimmerT_4502-T1;GlimmerHMM},{Augustus_model.g3972.t1;Augustus}

# EVM prediction: Mode:STANDARD S-ratio: 4.04 88584-89444 orient(+) score(4140.00) noncoding_equivalent(1026.00) raw_noncoding(1026.00) offset(0.00) 
88584	89444	single+	1	3	{HiQ_model.g3973.t1;HiQ},{GlimmerHMM_glimmerT_4503-T1;GlimmerHMM}

# EVM prediction: Mode:STANDARD S-ratio: 193.32 89689-92457 orient(+) score(11019.00) noncoding_equivalent(57.00) raw_noncoding(57.00) offset(0.00) 
89689	92457	single+	1	3	{GlimmerHMM_glimmerT_4504-T1;GlimmerHMM},{Augustus_model.g3974.t1;Augustus}

# EVM prediction: Mode:STANDARD S-ratio: 527.00 92754-94337 orient(+) score(6324.00) noncoding_equivalent(12.00) raw_noncoding(12.00) offset(0.00) 
92754	94337	single+	1	3	{GlimmerHMM_glimmerT_4505-T1;GlimmerHMM},{Augustus_model.g3975.t1;Augustus}

# EVM prediction: Mode:STANDARD S-ratio: 4.54 95615-96445 orient(-) score(4086.00) noncoding_equivalent(900.00) raw_noncoding(900.00) offset(0.00) 
96445	95615	single-	4	6	{GlimmerHMM_glimmerT_4506-T1;GlimmerHMM},{HiQ_model.g3976.t1;HiQ}

# EVM prediction: Mode:STANDARD S-ratio: 4.83 96929-98182 orient(-) score(6234.00) noncoding_equivalent(1290.00) raw_noncoding(1290.00) offset(0.00) 
98182	96929	single-	4	6	{HiQ_model.g3977.t1;HiQ},{GlimmerHMM_glimmerT_4507-T1;GlimmerHMM}

# EVM prediction: Mode:STANDARD S-ratio: 6.80 98667-99851 orient(-) score(3099.00) noncoding_equivalent(456.00) raw_noncoding(456.00) offset(0.00) 
99851	98667	single-	4	6	{Augustus_model.g3978.t1;Augustus}

