!! Predictions spanning range 40136 - 64122 [R1]
# EVM prediction: Mode:STANDARD S-ratio: 10000.00 40136-40936 orient(-) score(1602.00) noncoding_equivalent(0.16) raw_noncoding(0.00) offset(0.00) 
40936	40136	single-	4	6	{Augustus_gene589.t1;Augustus}

# EVM prediction: Mode:STANDARD S-ratio: 10000.00 50037-55038 orient(-) score(10004.00) noncoding_equivalent(1.00) raw_noncoding(0.00) offset(0.00) 
50064	50037	terminal-	6	6	{Augustus_gene800.t1;Augustus}
50147	50065	INTRON			{Augustus_gene800.t1;Augustus}
50259	50148	internal-	5	5	{Augustus_gene800.t1;Augustus}
50307	50260	INTRON			{Augustus_gene800.t1;Augustus}
50370	50308	internal-	5	4	{Augustus_gene800.t1;Augustus}
50466	50371	INTRON			{Augustus_gene800.t1;Augustus}
50487	50467	internal-	5	4	{Augustus_gene800.t1;Augustus}
50565	50488	INTRON			{Augustus_gene800.t1;Augustus}
50607	50566	internal-	5	4	{Augustus_gene800.t1;Augustus}
50648	50608	INTRON			{Augustus_gene800.t1;Augustus}
50680	50649	internal-	6	4	{Augustus_gene800.t1;Augustus}
50771	50681	INTRON			{Augustus_gene800.t1;Augustus}
50795	50772	internal-	6	5	{Augustus_gene800.t1;Augustus}
50881	50796	INTRON			{Augustus_gene800.t1;Augustus}
50912	50882	internal-	5	5	{Augustus_gene800.t1;Augustus}
51135	50913	INTRON			{Augustus_gene800.t1;Augustus}
51151	51136	internal-	4	4	{Augustus_gene800.t1;Augustus}
51254	51152	INTRON			{Augustus_gene800.t1;Augustus}
51341	51255	internal-	4	6	{Augustus_gene800.t1;Augustus}
51427	51342	INTRON			{Augustus_gene800.t1;Augustus}
51436	51428	internal-	4	6	{Augustus_gene800.t1;Augustus}
51482	51437	INTRON			{Augustus_gene800.t1;Augustus}
51502	51483	internal-	5	6	{Augustus_gene800.t1;Augustus}
51551	51503	INTRON			{Augustus_gene800.t1;Augustus}
51566	51552	internal-	5	4	{Augustus_gene800.t1;Augustus}
52169	51567	INTRON			{Augustus_gene800.t1;Augustus}
52189	52170	internal-	6	4	{Augustus_gene800.t1;Augustus}
52634	52190	INTRON			{Augustus_gene800.t1;Augustus}
52699	52635	internal-	4	5	{Augustus_gene800.t1;Augustus}
53081	52700	INTRON			{Augustus_gene800.t1;Augustus}
53101	53082	internal-	5	6	{Augustus_gene800.t1;Augustus}
53468	53102	INTRON			{Augustus_gene800.t1;Augustus}
53482	53469	internal-	6	4	{Augustus_gene800.t1;Augustus}
53881	53483	INTRON			{Augustus_gene800.t1;Augustus}
54251	53882	internal-	5	5	{Augustus_gene800.t1;Augustus}
54320	54252	INTRON			{Augustus_gene800.t1;Augustus}
54359	54321	internal-	5	4	{Augustus_gene800.t1;Augustus}
54470	54360	INTRON			{Augustus_gene800.t1;Augustus}
55038	54471	initial-	4	4	{Augustus_gene800.t1;Augustus}

# EVM prediction: Mode:STANDARD S-ratio: 10000.00 55362-57260 orient(+) score(3798.00) noncoding_equivalent(0.38) raw_noncoding(0.00) offset(0.00) 
55362	55913	initial+	1	3	{Augustus_gene813.t1;Augustus}
55914	55992	INTRON			{Augustus_gene813.t1;Augustus}
55993	56012	internal+	1	2	{Augustus_gene813.t1;Augustus}
56013	56056	INTRON			{Augustus_gene813.t1;Augustus}
56057	57260	terminal+	3	3	{Augustus_gene813.t1;Augustus}

# EVM prediction: Mode:STANDARD S-ratio: 10000.00 57415-59634 orient(-) score(4440.00) noncoding_equivalent(0.44) raw_noncoding(0.00) offset(0.00) 
59634	57415	single-	4	6	{Augustus_gene881.t1;Augustus}

# EVM prediction: Mode:STANDARD S-ratio: 10000.00 61052-64122 orient(-) score(6142.00) noncoding_equivalent(0.61) raw_noncoding(0.00) offset(0.00) 
63317	61052	terminal-	6	6	{Augustus_gene919.t1;Augustus}
64087	63318	INTRON			{Augustus_gene919.t1;Augustus}
64122	64088	initial-	4	5	{Augustus_gene919.t1;Augustus}

