!! Predictions spanning range 8356 - 82522 [R1]
# EVM prediction: Mode:STANDARD S-ratio: 10000.00 8356-9003 orient(-) score(1296.00) noncoding_equivalent(0.13) raw_noncoding(0.00) offset(0.00) 
9003	8356	single-	4	6	{Augustus_gene772.t1;Augustus}

# EVM prediction: Mode:STANDARD S-ratio: 10000.00 18679-19722 orient(+) score(2088.00) noncoding_equivalent(0.21) raw_noncoding(0.00) offset(0.00) 
18679	19722	single+	1	3	{Augustus_gene398.t1;Augustus}

# EVM prediction: Mode:STANDARD S-ratio: 10000.00 29837-31195 orient(-) score(2718.00) noncoding_equivalent(0.27) raw_noncoding(0.00) offset(0.00) 
31095	29837	terminal-	5	6	{Augustus_gene1160.t1;Augustus}
31146	31096	INTRON			{Augustus_gene1160.t1;Augustus}
31195	31147	initial-	4	4	{Augustus_gene1160.t1;Augustus}

# EVM prediction: Mode:STANDARD S-ratio: 10000.00 36339-38081 orient(-) score(3486.00) noncoding_equivalent(0.35) raw_noncoding(0.00) offset(0.00) 
38081	36339	single-	4	6	{Augustus_gene300.t1;Augustus}

# EVM prediction: Mode:STANDARD S-ratio: 10000.00 38359-38979 orient(+) score(1242.00) noncoding_equivalent(0.12) raw_noncoding(0.00) offset(0.00) 
38359	38979	single+	1	3	{Augustus_gene1111.t1;Augustus}

# EVM prediction: Mode:STANDARD S-ratio: 10000.00 41721-42167 orient(-) score(894.00) noncoding_equivalent(0.09) raw_noncoding(0.00) offset(0.00) 
42167	41721	single-	4	6	{Augustus_gene892.t1;Augustus}

# EVM prediction: Mode:STANDARD S-ratio: 10000.00 43724-44653 orient(+) score(1860.00) noncoding_equivalent(0.19) raw_noncoding(0.00) offset(0.00) 
43724	44653	single+	1	3	{Augustus_gene867.t1;Augustus}

# EVM prediction: Mode:STANDARD S-ratio: 10000.00 46542-49109 orient(-) score(5136.00) noncoding_equivalent(0.51) raw_noncoding(0.00) offset(0.00) 
49109	46542	single-	4	6	{Augustus_gene215.t1;Augustus}

# EVM prediction: Mode:STANDARD S-ratio: 10000.00 62638-63471 orient(+) score(1668.00) noncoding_equivalent(0.17) raw_noncoding(0.00) offset(0.00) 
62638	63471	single+	1	3	{Augustus_gene847.t1;Augustus}

# EVM prediction: Mode:STANDARD S-ratio: 10000.00 67647-68780 orient(+) score(2268.00) noncoding_equivalent(0.23) raw_noncoding(0.00) offset(0.00) 
67647	68780	single+	1	3	{Augustus_gene136.t1;Augustus}

# EVM prediction: Mode:STANDARD S-ratio: 10000.00 72231-73895 orient(-) score(3330.00) noncoding_equivalent(0.33) raw_noncoding(0.00) offset(0.00) 
73895	72231	single-	4	6	{Augustus_gene124.t1;Augustus}

# EVM prediction: Mode:STANDARD S-ratio: 10000.00 80867-82522 orient(+) score(3312.00) noncoding_equivalent(0.33) raw_noncoding(0.00) offset(0.00) 
80867	82522	single+	1	3	{Augustus_gene1141.t1;Augustus}

