!! Predictions spanning range 4089 - 99322 [R1]
# EVM prediction: Mode:STANDARD S-ratio: 10000.00 4089-4964 orient(-) score(2628.00) noncoding_equivalent(0.26) raw_noncoding(0.00) offset(0.00) 
4964	4089	single-	4	6	{Augustus_model.g3441.t1;Augustus},{GlimmerHMM_glimmerT_3904-T1;GlimmerHMM}

# EVM prediction: Mode:STANDARD S-ratio: 2.22 5546-8239 orient(-) score(4944.00) noncoding_equivalent(2230.00) raw_noncoding(2232.00) offset(2.00) 
7289	5546	terminal-	6	6	{Augustus_model.g3442.t1;Augustus}
7733	7290	INTRON			{Augustus_model.g3442.t1;Augustus}
8239	7734	initial-	4	5	{Augustus_model.g3442.t1;Augustus}

# EVM prediction: Mode:STANDARD S-ratio: 10000.00 9612-13268 orient(+) score(10971.00) noncoding_equivalent(1.10) raw_noncoding(0.00) offset(0.00) 
9612	13268	single+	1	3	{Augustus_model.g3443.t1;Augustus},{GlimmerHMM_glimmerT_3906-T1;GlimmerHMM}

# EVM prediction: Mode:STANDARD S-ratio: 4.96 13638-17330 orient(-) score(18440.00) noncoding_equivalent(3718.00) raw_noncoding(3718.00) offset(0.00) 
17330	13638	single-	4	6	{HiQ_model.g3444.t1;HiQ},{GlimmerHMM_glimmerT_3907-T1;GlimmerHMM}

# EVM prediction: Mode:STANDARD S-ratio: 21.10 17524-19609 orient(+) score(7956.00) noncoding_equivalent(377.00) raw_noncoding(516.00) offset(139.00) 
17524	17530	initial+	1	1	{snap_scaffold_9-snap.110-T1;snap},{Augustus_model.g3445.t1;Augustus}
17531	17717	INTRON			{snap_scaffold_9-snap.110-T1;snap},{Augustus_model.g3445.t1;Augustus}
17718	19609	terminal+	2	3	{snap_scaffold_9-snap.110-T1;snap},{Augustus_model.g3445.t1;Augustus}

# EVM prediction: Mode:STANDARD S-ratio: 2.01 19724-20371 orient(-) score(2592.00) noncoding_equivalent(1290.48) raw_noncoding(1290.48) offset(0.00) 
20371	19724	single-	4	6	{GlimmerHMM_glimmerT_3909-T1;GlimmerHMM},{HiQ_model.g3446.t1;HiQ}

# EVM prediction: Mode:STANDARD S-ratio: 1127.32 20647-22353 orient(+) score(6817.00) noncoding_equivalent(6.05) raw_noncoding(6.05) offset(0.00) 
20647	22353	single+	1	3	{GlimmerHMM_glimmerT_3910-T1;GlimmerHMM},{Augustus_model.g3447.t1;Augustus}

# EVM prediction: Mode:STANDARD S-ratio: 4.96 22503-25166 orient(-) score(13300.00) noncoding_equivalent(2682.13) raw_noncoding(2682.13) offset(0.00) 
25166	22503	single-	4	6	{GlimmerHMM_glimmerT_3911-T1;GlimmerHMM},{HiQ_model.g3448.t1;HiQ}

# EVM prediction: Mode:STANDARD S-ratio: 4.93 25467-27221 orient(-) score(8753.00) noncoding_equivalent(1775.05) raw_noncoding(1775.05) offset(0.00) 
27221	25467	single-	4	6	{HiQ_model.g3449.t1;HiQ}

# EVM prediction: Mode:STANDARD S-ratio: 4.99 27539-28438 orient(-) score(4491.00) noncoding_equivalent(900.00) raw_noncoding(900.00) offset(0.00) 
28438	27539	single-	4	6	{HiQ_model.g3450.t1;HiQ},{GlimmerHMM_glimmerT_3913-T1;GlimmerHMM}

# EVM prediction: Mode:STANDARD S-ratio: 58.06 28637-29389 orient(-) score(2961.00) noncoding_equivalent(51.00) raw_noncoding(51.00) offset(0.00) 
29389	28637	single-	4	6	{GlimmerHMM_glimmerT_3914-T1;GlimmerHMM}

# EVM prediction: Mode:STANDARD S-ratio: 370.15 29592-30092 orient(-) score(1499.00) noncoding_equivalent(4.05) raw_noncoding(4.05) offset(0.00) 
30092	29592	single-	4	6	{GlimmerHMM_glimmerT_3915-T1;GlimmerHMM}

# EVM prediction: Mode:STANDARD S-ratio: 2.01 30271-30987 orient(-) score(2876.00) noncoding_equivalent(1427.30) raw_noncoding(1427.30) offset(0.00) 
30987	30271	single-	4	6	{GlimmerHMM_glimmerT_3916-T1;GlimmerHMM},{HiQ_model.g3452.t1;HiQ}

# EVM prediction: Mode:STANDARD S-ratio: 1.02 31267-31524 orient(+) score(520.00) noncoding_equivalent(512.00) raw_noncoding(512.00) offset(0.00) 
31267	31524	single+	1	3	{GlimmerHMM_glimmerT_3917-T1;GlimmerHMM}

# EVM prediction: Mode:STANDARD S-ratio: 16.99 31829-34321 orient(+) score(9419.00) noncoding_equivalent(554.27) raw_noncoding(554.27) offset(0.00) 
31829	34321	single+	1	3	{GlimmerHMM_glimmerT_3918-T1;GlimmerHMM}

# EVM prediction: Mode:STANDARD S-ratio: 25.79 34560-36731 orient(+) score(6271.00) noncoding_equivalent(243.19) raw_noncoding(243.19) offset(0.00) 
34560	36731	single+	1	3	{GlimmerHMM_glimmerT_3919-T1;GlimmerHMM}

# EVM prediction: Mode:STANDARD S-ratio: 10000.00 38001-39299 orient(+) score(5196.00) noncoding_equivalent(0.52) raw_noncoding(0.00) offset(0.00) 
38001	39299	single+	1	3	{Augustus_model.g3454.t1;Augustus},{GlimmerHMM_glimmerT_3920-T1;GlimmerHMM}

# EVM prediction: Mode:STANDARD S-ratio: 57.43 39579-40805 orient(+) score(4824.00) noncoding_equivalent(84.00) raw_noncoding(84.00) offset(0.00) 
39579	40805	single+	1	3	{Augustus_model.g3455.t1;Augustus},{GlimmerHMM_glimmerT_3921-T1;GlimmerHMM}

# EVM prediction: Mode:STANDARD S-ratio: 3.50 40868-42499 orient(-) score(7617.00) noncoding_equivalent(2175.00) raw_noncoding(2175.00) offset(0.00) 
42499	40868	single-	4	6	{HiQ_model.g3456.t1;HiQ}

# EVM prediction: Mode:STANDARD S-ratio: 988.23 42734-44719 orient(-) score(7928.00) noncoding_equivalent(8.02) raw_noncoding(8.02) offset(0.00) 
44719	42734	single-	4	6	{GlimmerHMM_glimmerT_3923-T1;GlimmerHMM}

# EVM prediction: Mode:STANDARD S-ratio: 18.33 45021-47630 orient(-) score(7426.00) noncoding_equivalent(405.13) raw_noncoding(405.13) offset(0.00) 
47630	45021	single-	4	6	{GlimmerHMM_glimmerT_3924-T1;GlimmerHMM}

# EVM prediction: Mode:STANDARD S-ratio: 2.98 47915-48634 orient(+) score(2145.00) noncoding_equivalent(720.00) raw_noncoding(720.00) offset(0.00) 
47915	48634	single+	1	3	{GlimmerHMM_glimmerT_3925-T1;GlimmerHMM}

# EVM prediction: Mode:STANDARD S-ratio: 10000.00 48809-50281 orient(+) score(4419.00) noncoding_equivalent(0.44) raw_noncoding(0.00) offset(0.00) 
48809	50281	single+	1	3	{Augustus_model.g3459.t1;Augustus},{GlimmerHMM_glimmerT_3926-T1;GlimmerHMM}

# EVM prediction: Mode:STANDARD S-ratio: 275.14 50463-51605 orient(+) score(4554.00) noncoding_equivalent(16.55) raw_noncoding(16.55) offset(0.00) 
50463	51605	single+	1	3	{Augustus_model.g3460.t1;Augustus},{GlimmerHMM_glimmerT_3927-T1;GlimmerHMM}

# EVM prediction: Mode:STANDARD S-ratio: 10000.00 52731-53729 orient(+) score(4995.00) noncoding_equivalent(0.50) raw_noncoding(0.00) offset(0.00) 
52731	53729	single+	1	3	{Augustus_model.g3461.t1;Augustus},{GlimmerHMM_glimmerT_3928-T1;GlimmerHMM}

# EVM prediction: Mode:STANDARD S-ratio: 12.37 54271-56688 orient(+) score(6711.00) noncoding_equivalent(542.50) raw_noncoding(542.50) offset(0.00) 
54271	56688	single+	1	3	{GlimmerHMM_glimmerT_3929-T1;GlimmerHMM},{Augustus_model.g3462.t1;Augustus}

# EVM prediction: Mode:STANDARD S-ratio: 10.65 56985-60631 orient(+) score(11541.00) noncoding_equivalent(1083.28) raw_noncoding(1287.00) offset(203.72) 
56985	57888	initial+	1	1	{Augustus_model.g3463.t1;Augustus},{GlimmerHMM_glimmerT_3930-T1;GlimmerHMM}
57889	58430	INTRON			{GlimmerHMM_glimmerT_3930-T1;GlimmerHMM}
58431	60631	terminal+	2	3	{GlimmerHMM_glimmerT_3930-T1;GlimmerHMM}

# EVM prediction: Mode:STANDARD S-ratio: 163.21 60889-62232 orient(+) score(4006.00) noncoding_equivalent(24.55) raw_noncoding(24.55) offset(0.00) 
60889	62232	single+	1	3	{GlimmerHMM_glimmerT_3931-T1;GlimmerHMM},{Augustus_model.g3464.t1;Augustus}

# EVM prediction: Mode:STANDARD S-ratio: 17.58 62371-63579 orient(-) score(3431.00) noncoding_equivalent(195.12) raw_noncoding(195.12) offset(0.00) 
63579	62371	single-	4	6	{Augustus_model.g3465.t1;Augustus},{GlimmerHMM_glimmerT_3932-T1;GlimmerHMM}

# EVM prediction: Mode:STANDARD S-ratio: 157.25 64540-67071 orient(-) score(7548.00) noncoding_equivalent(48.00) raw_noncoding(48.00) offset(0.00) 
67071	64540	single-	4	6	{Augustus_model.g3466.t1;Augustus},{GlimmerHMM_glimmerT_3933-T1;GlimmerHMM}

# EVM prediction: Mode:STANDARD S-ratio: 2.00 67500-68579 orient(+) score(2160.00) noncoding_equivalent(1080.00) raw_noncoding(1080.00) offset(0.00) 
67500	68579	single+	1	3	{Augustus_model.g3467.t1;Augustus},{GlimmerHMM_glimmerT_3934-T1;GlimmerHMM}

# EVM prediction: Mode:STANDARD S-ratio: 175.22 74905-76809 orient(+) score(5681.00) noncoding_equivalent(32.42) raw_noncoding(32.42) offset(0.00) 
74905	76809	single+	1	3	{Augustus_model.g3468.t1;Augustus}

# EVM prediction: Mode:STANDARD S-ratio: 4.77 77104-78471 orient(-) score(6783.00) noncoding_equivalent(1422.00) raw_noncoding(1422.00) offset(0.00) 
78471	77104	single-	4	6	{GlimmerHMM_glimmerT_3936-T1;GlimmerHMM},{HiQ_model.g3469.t1;HiQ}

# EVM prediction: Mode:STANDARD S-ratio: 2.02 78932-79735 orient(+) score(1614.00) noncoding_equivalent(798.57) raw_noncoding(798.57) offset(0.00) 
78932	79735	single+	1	3	{GlimmerHMM_glimmerT_3937-T1;GlimmerHMM},{Augustus_model.g3470.t1;Augustus}

# EVM prediction: Mode:STANDARD S-ratio: 983.30 80028-84245 orient(+) score(16783.00) noncoding_equivalent(17.07) raw_noncoding(17.07) offset(0.00) 
80028	84245	single+	1	3	{GlimmerHMM_glimmerT_3938-T1;GlimmerHMM}

# EVM prediction: Mode:STANDARD S-ratio: 10.79 84487-86901 orient(+) score(6409.00) noncoding_equivalent(594.05) raw_noncoding(1036.50) offset(442.45) 
84487	84490	initial+	1	1	{snap_scaffold_9-snap.135-T1;snap}
84491	84730	INTRON			{snap_scaffold_9-snap.135-T1;snap}
84731	86901	terminal+	2	3	{snap_scaffold_9-snap.135-T1;snap}

# EVM prediction: Mode:STANDARD S-ratio: 5.00 87257-92308 orient(-) score(25260.00) noncoding_equivalent(5052.00) raw_noncoding(5052.00) offset(0.00) 
92308	87257	single-	4	6	{GlimmerHMM_glimmerT_3940-T1;GlimmerHMM},{HiQ_model.g3472.t1;HiQ}

# EVM prediction: Mode:STANDARD S-ratio: 1.95 93927-94601 orient(-) score(1317.00) noncoding_equivalent(675.00) raw_noncoding(708.00) offset(33.00) 
94562	93927	terminal-	4	6	{snap_scaffold_9-snap.137-T1;snap}
94595	94563	INTRON			{snap_scaffold_9-snap.137-T1;snap}
94601	94596	initial-	4	6	{snap_scaffold_9-snap.137-T1;snap}

# EVM prediction: Mode:STANDARD S-ratio: 28.47 95497-96159 orient(+) score(1920.00) noncoding_equivalent(67.45) raw_noncoding(67.45) offset(0.00) 
95497	96159	single+	1	3	{GlimmerHMM_glimmerT_3942-T1;GlimmerHMM},{Augustus_model.g3473.t1;Augustus}

# EVM prediction: Mode:STANDARD S-ratio: 10000.00 97180-98451 orient(+) score(5088.00) noncoding_equivalent(0.51) raw_noncoding(0.00) offset(0.00) 
97180	98451	single+	1	3	{Augustus_model.g3474.t1;Augustus},{GlimmerHMM_glimmerT_3943-T1;GlimmerHMM}

# EVM prediction: Mode:STANDARD S-ratio: 2.01 98570-99322 orient(-) score(3012.00) noncoding_equivalent(1501.00) raw_noncoding(1501.00) offset(0.00) 
99322	98570	single-	4	6	{HiQ_model.g3475.t1;HiQ},{GlimmerHMM_glimmerT_3944-T1;GlimmerHMM}

