!! Predictions spanning range 2833 - 99510 [R1]
# EVM prediction: Mode:STANDARD S-ratio: 2.00 2833-3894 orient(+) score(2124.00) noncoding_equivalent(1062.00) raw_noncoding(1062.00) offset(0.00) 
2833	3894	single+	1	3	{Augustus_model.g2740.t1;Augustus},{GlimmerHMM_glimmerT_3114-T1;GlimmerHMM}

# EVM prediction: Mode:STANDARD S-ratio: 249.94 4530-6110 orient(+) score(6297.00) noncoding_equivalent(25.19) raw_noncoding(25.19) offset(0.00) 
4530	6110	single+	1	3	{Augustus_model.g2741.t1;Augustus},{GlimmerHMM_glimmerT_3115-T1;GlimmerHMM}

# EVM prediction: Mode:STANDARD S-ratio: 3.64 8265-9008 orient(+) score(1593.00) noncoding_equivalent(438.00) raw_noncoding(786.00) offset(348.00) 
8265	8272	initial+	1	2	{snap_scaffold_7-snap.71-T1;snap}
8273	8473	INTRON			{snap_scaffold_7-snap.71-T1;snap}
8474	9008	terminal+	3	3	{GlimmerHMM_glimmerT_3116-T1;GlimmerHMM},{snap_scaffold_7-snap.71-T1;snap}

# EVM prediction: Mode:STANDARD S-ratio: 10000.00 11007-13706 orient(-) score(8100.00) noncoding_equivalent(0.81) raw_noncoding(0.00) offset(0.00) 
13706	11007	single-	4	6	{GlimmerHMM_glimmerT_3117-T1;GlimmerHMM},{Augustus_model.g2743.t1;Augustus}

# EVM prediction: Mode:STANDARD S-ratio: 19.02 14046-15263 orient(+) score(3468.00) noncoding_equivalent(182.33) raw_noncoding(182.33) offset(0.00) 
14046	15263	single+	1	3	{Augustus_model.g2744.t1;Augustus},{GlimmerHMM_glimmerT_3118-T1;GlimmerHMM}

# EVM prediction: Mode:STANDARD S-ratio: 10000.00 15669-17906 orient(+) score(8946.00) noncoding_equivalent(0.89) raw_noncoding(0.00) offset(0.00) 
15669	17906	single+	1	3	{Augustus_model.g2745.t1;Augustus},{GlimmerHMM_glimmerT_3119-T1;GlimmerHMM}

# EVM prediction: Mode:STANDARD S-ratio: 2.01 18196-19041 orient(-) score(3384.00) noncoding_equivalent(1687.04) raw_noncoding(1687.04) offset(0.00) 
19041	18196	single-	4	6	{GlimmerHMM_glimmerT_3120-T1;GlimmerHMM},{HiQ_model.g2746.t1;HiQ}

# EVM prediction: Mode:STANDARD S-ratio: 217.09 19298-21340 orient(+) score(6099.00) noncoding_equivalent(28.09) raw_noncoding(28.09) offset(0.00) 
19298	21340	single+	1	3	{Augustus_model.g2747.t1;Augustus},{GlimmerHMM_glimmerT_3121-T1;GlimmerHMM}

# EVM prediction: Mode:STANDARD S-ratio: 10000.00 21761-24283 orient(+) score(10092.00) noncoding_equivalent(1.01) raw_noncoding(0.00) offset(0.00) 
21761	24283	single+	1	3	{GlimmerHMM_glimmerT_3122-T1;GlimmerHMM},{Augustus_model.g2748.t1;Augustus}

# EVM prediction: Mode:STANDARD S-ratio: 28.95 24738-28601 orient(-) score(11205.00) noncoding_equivalent(387.00) raw_noncoding(387.00) offset(0.00) 
28601	24738	single-	4	6	{GlimmerHMM_glimmerT_3123-T1;GlimmerHMM}

# EVM prediction: Mode:STANDARD S-ratio: 1.99 28813-29364 orient(-) score(2196.00) noncoding_equivalent(1104.00) raw_noncoding(1104.00) offset(0.00) 
29364	28813	single-	4	6	{HiQ_model.g2750.t1;HiQ},{GlimmerHMM_glimmerT_3124-T1;GlimmerHMM}

# EVM prediction: Mode:STANDARD S-ratio: 24.03 29728-32700 orient(+) score(8436.00) noncoding_equivalent(351.00) raw_noncoding(483.00) offset(132.00) 
29728	29733	initial+	1	3	{snap_scaffold_7-snap.78-T1;snap}
29734	29865	INTRON			{snap_scaffold_7-snap.78-T1;snap}
29866	32700	terminal+	1	3	{snap_scaffold_7-snap.78-T1;snap}

# EVM prediction: Mode:STANDARD S-ratio: 658.37 34014-41519 orient(+) score(22482.00) noncoding_equivalent(34.15) raw_noncoding(34.15) offset(0.00) 
34014	41519	single+	1	3	{GlimmerHMM_glimmerT_3126-T1;GlimmerHMM},{Augustus_model.g2752.t1;Augustus}

# EVM prediction: Mode:STANDARD S-ratio: 5.98 41805-42203 orient(-) score(2385.00) noncoding_equivalent(399.00) raw_noncoding(399.00) offset(0.00) 
42203	41805	single-	4	6	{GlimmerHMM_glimmerT_3127-T1;GlimmerHMM},{HiQ_model.g2753.t1;HiQ}

# EVM prediction: Mode:STANDARD S-ratio: 164.00 42899-43294 orient(+) score(1968.00) noncoding_equivalent(12.00) raw_noncoding(12.00) offset(0.00) 
42899	43294	single+	1	3	{GlimmerHMM_glimmerT_3128-T1;GlimmerHMM},{Augustus_model.g2754.t1;Augustus}

# EVM prediction: Mode:STANDARD S-ratio: 5.00 43549-43863 orient(-) score(1575.00) noncoding_equivalent(315.00) raw_noncoding(315.00) offset(0.00) 
43863	43549	single-	4	6	{GlimmerHMM_glimmerT_3129-T1;GlimmerHMM},{HiQ_model.g2755.t1;HiQ}

# EVM prediction: Mode:STANDARD S-ratio: 4.41 45471-47834 orient(-) score(11532.00) noncoding_equivalent(2616.00) raw_noncoding(2616.00) offset(0.00) 
47834	45471	single-	4	6	{GlimmerHMM_glimmerT_3130-T1;GlimmerHMM},{HiQ_model.g2756.t1;HiQ}

# EVM prediction: Mode:STANDARD S-ratio: 4.11 48266-49126 orient(-) score(4149.00) noncoding_equivalent(1009.17) raw_noncoding(1009.17) offset(0.00) 
49126	48266	single-	4	6	{GlimmerHMM_glimmerT_3131-T1;GlimmerHMM},{HiQ_model.g2757.t1;HiQ}

# EVM prediction: Mode:STANDARD S-ratio: 626.00 49358-50779 orient(+) score(5677.00) noncoding_equivalent(9.07) raw_noncoding(9.07) offset(0.00) 
49358	50779	single+	1	3	{GlimmerHMM_glimmerT_3132-T1;GlimmerHMM},{Augustus_model.g2758.t1;Augustus}

# EVM prediction: Mode:STANDARD S-ratio: 2.00 50894-52195 orient(-) score(5208.00) noncoding_equivalent(2604.00) raw_noncoding(2604.00) offset(0.00) 
52195	50894	single-	4	6	{GlimmerHMM_glimmerT_3133-T1;GlimmerHMM},{HiQ_model.g2759.t1;HiQ}

# EVM prediction: Mode:STANDARD S-ratio: 10000.00 52643-53044 orient(+) score(1206.00) noncoding_equivalent(0.12) raw_noncoding(0.00) offset(0.00) 
52643	53044	single+	1	3	{GlimmerHMM_glimmerT_3134-T1;GlimmerHMM},{Augustus_model.g2760.t1;Augustus}

# EVM prediction: Mode:STANDARD S-ratio: 116.18 53502-54995 orient(+) score(5925.00) noncoding_equivalent(51.00) raw_noncoding(51.00) offset(0.00) 
53502	54995	single+	1	3	{GlimmerHMM_glimmerT_3135-T1;GlimmerHMM},{Augustus_model.g2761.t1;Augustus}

# EVM prediction: Mode:STANDARD S-ratio: 38.76 55285-57459 orient(-) score(6359.00) noncoding_equivalent(164.05) raw_noncoding(164.05) offset(0.00) 
57459	55285	single-	4	6	{Augustus_model.g2762.t1;Augustus}

# EVM prediction: Mode:STANDARD S-ratio: 349.42 59236-60876 orient(-) score(4907.00) noncoding_equivalent(14.04) raw_noncoding(14.04) offset(0.00) 
60876	59236	single-	4	6	{GlimmerHMM_glimmerT_3137-T1;GlimmerHMM},{Augustus_model.g2763.t1;Augustus}

# EVM prediction: Mode:STANDARD S-ratio: 5.98 62046-62357 orient(-) score(1866.00) noncoding_equivalent(312.00) raw_noncoding(312.00) offset(0.00) 
62357	62046	single-	4	6	{GlimmerHMM_glimmerT_3138-T1;GlimmerHMM},{HiQ_model.g2764.t1;HiQ}

# EVM prediction: Mode:STANDARD S-ratio: 101.02 63008-63418 orient(+) score(2033.00) noncoding_equivalent(20.12) raw_noncoding(20.12) offset(0.00) 
63008	63418	single+	1	3	{Augustus_model.g2765.t1;Augustus},{GlimmerHMM_glimmerT_3139-T1;GlimmerHMM}

# EVM prediction: Mode:STANDARD S-ratio: 4.89 63763-64626 orient(-) score(4303.00) noncoding_equivalent(879.07) raw_noncoding(879.07) offset(0.00) 
64626	63763	single-	4	6	{HiQ_model.g2766.t1;HiQ},{GlimmerHMM_glimmerT_3140-T1;GlimmerHMM}

# EVM prediction: Mode:STANDARD S-ratio: 17.09 65507-66121 orient(-) score(1743.00) noncoding_equivalent(102.00) raw_noncoding(102.00) offset(0.00) 
66121	65507	single-	4	6	{GlimmerHMM_glimmerT_3141-T1;GlimmerHMM},{Augustus_model.g2767.t1;Augustus}

# EVM prediction: Mode:STANDARD S-ratio: 5.00 66518-68320 orient(-) score(9015.00) noncoding_equivalent(1803.00) raw_noncoding(1803.00) offset(0.00) 
68320	66518	single-	4	6	{GlimmerHMM_glimmerT_3142-T1;GlimmerHMM},{HiQ_model.g2768.t1;HiQ}

# EVM prediction: Mode:STANDARD S-ratio: 1.00 69109-69492 orient(+) score(768.00) noncoding_equivalent(768.00) raw_noncoding(768.00) offset(0.00) 
69109	69492	single+	1	3	{GlimmerHMM_glimmerT_3143-T1;GlimmerHMM}

# EVM prediction: Mode:STANDARD S-ratio: 4.98 69860-72610 orient(-) score(13745.00) noncoding_equivalent(2759.22) raw_noncoding(2759.22) offset(0.00) 
72610	69860	single-	4	6	{GlimmerHMM_glimmerT_3144-T1;GlimmerHMM},{HiQ_model.g2769.t1;HiQ}

# EVM prediction: Mode:STANDARD S-ratio: 5.00 73342-74442 orient(-) score(5505.00) noncoding_equivalent(1101.00) raw_noncoding(1101.00) offset(0.00) 
74442	73342	single-	4	6	{GlimmerHMM_glimmerT_3145-T1;GlimmerHMM},{HiQ_model.g2770.t1;HiQ}

# EVM prediction: Mode:STANDARD S-ratio: 5.00 75184-77283 orient(-) score(10494.00) noncoding_equivalent(2100.00) raw_noncoding(2100.00) offset(0.00) 
77283	75184	single-	4	6	{GlimmerHMM_glimmerT_3146-T1;GlimmerHMM},{HiQ_model.g2771.t1;HiQ}

# EVM prediction: Mode:STANDARD S-ratio: 892.63 77996-79582 orient(+) score(6339.00) noncoding_equivalent(7.10) raw_noncoding(7.10) offset(0.00) 
77996	79582	single+	1	3	{GlimmerHMM_glimmerT_3147-T1;GlimmerHMM},{Augustus_model.g2772.t1;Augustus}

# EVM prediction: Mode:STANDARD S-ratio: 10000.00 80352-82253 orient(+) score(5706.00) noncoding_equivalent(0.57) raw_noncoding(0.00) offset(0.00) 
80352	82253	single+	1	3	{Augustus_model.g2773.t1;Augustus},{GlimmerHMM_glimmerT_3148-T1;GlimmerHMM}

# EVM prediction: Mode:STANDARD S-ratio: 7.18 82636-83169 orient(+) score(1875.00) noncoding_equivalent(261.00) raw_noncoding(261.00) offset(0.00) 
82636	83169	single+	1	3	{Augustus_model.g2774.t1;Augustus},{GlimmerHMM_glimmerT_3149-T1;GlimmerHMM}

# EVM prediction: Mode:STANDARD S-ratio: 5.00 83402-86890 orient(-) score(17445.00) noncoding_equivalent(3489.00) raw_noncoding(3489.00) offset(0.00) 
86890	83402	single-	4	6	{HiQ_model.g2775.t1;HiQ},{GlimmerHMM_glimmerT_3150-T1;GlimmerHMM}

# EVM prediction: Mode:STANDARD S-ratio: 24.20 88566-89474 orient(+) score(2617.00) noncoding_equivalent(108.16) raw_noncoding(108.16) offset(0.00) 
88566	89474	single+	1	3	{GlimmerHMM_glimmerT_3151-T1;GlimmerHMM}

# EVM prediction: Mode:STANDARD S-ratio: 4.95 89792-90976 orient(-) score(5913.00) noncoding_equivalent(1195.32) raw_noncoding(1195.32) offset(0.00) 
90976	89792	single-	4	6	{HiQ_model.g2777.t1;HiQ},{GlimmerHMM_glimmerT_3152-T1;GlimmerHMM}

# EVM prediction: Mode:STANDARD S-ratio: 4.43 92395-93537 orient(-) score(5595.00) noncoding_equivalent(1261.62) raw_noncoding(1261.62) offset(0.00) 
93537	92395	single-	4	6	{GlimmerHMM_glimmerT_3153-T1;GlimmerHMM},{HiQ_model.g2778.t1;HiQ}

# EVM prediction: Mode:STANDARD S-ratio: 45.64 93955-95538 orient(-) score(4649.00) noncoding_equivalent(101.86) raw_noncoding(101.86) offset(0.00) 
95538	93955	single-	4	6	{Augustus_model.g2779.t1;Augustus}

# EVM prediction: Mode:STANDARD S-ratio: 4.82 95892-97265 orient(-) score(6827.00) noncoding_equivalent(1415.66) raw_noncoding(1415.66) offset(0.00) 
97265	95892	single-	4	6	{HiQ_model.g2780.t1;HiQ},{GlimmerHMM_glimmerT_3155-T1;GlimmerHMM}

# EVM prediction: Mode:STANDARD S-ratio: 422.75 97816-99510 orient(+) score(5073.00) noncoding_equivalent(12.00) raw_noncoding(12.00) offset(0.00) 
97816	99510	single+	1	3	{Augustus_model.g2781.t1;Augustus},{GlimmerHMM_glimmerT_3156-T1;GlimmerHMM}

