!! Predictions spanning range 1813 - 99779 [R1]
# EVM prediction: Mode:STANDARD S-ratio: 5.48 1813-4636 orient(-) score(7516.00) noncoding_equivalent(1371.21) raw_noncoding(3627.08) offset(2255.87) 
3428	1813	terminal-	5	6	{snap_scaffold_15-snap.1-T1;snap}
4629	3429	INTRON			{snap_scaffold_15-snap.1-T1;snap}
4636	4630	initial-	4	4	{snap_scaffold_15-snap.1-T1;snap}

# EVM prediction: Mode:STANDARD S-ratio: 10000.00 8288-9844 orient(+) score(6228.00) noncoding_equivalent(0.62) raw_noncoding(0.00) offset(0.00) 
8288	9844	single+	1	3	{GlimmerHMM_glimmerT_5253-T1;GlimmerHMM},{Augustus_model.g4647.t1;Augustus}

# EVM prediction: Mode:STANDARD S-ratio: 62.25 11817-12515 orient(+) score(2064.00) noncoding_equivalent(33.16) raw_noncoding(33.16) offset(0.00) 
11817	12515	single+	1	3	{GlimmerHMM_glimmerT_5254-T1;GlimmerHMM}

# EVM prediction: Mode:STANDARD S-ratio: 7.39 12825-14587 orient(+) score(1036.00) noncoding_equivalent(140.26) raw_noncoding(318.99) offset(178.73) 
12825	12839	initial+	1	3	{GlimmerHMM_glimmerT_5255-T1;GlimmerHMM}
12840	14284	INTRON			{GlimmerHMM_glimmerT_5255-T1;GlimmerHMM}
14285	14587	terminal+	1	3	{GlimmerHMM_glimmerT_5255-T1;GlimmerHMM},{snap_scaffold_15-snap.4-T1;snap}

# EVM prediction: Mode:STANDARD S-ratio: 147.87 15368-17044 orient(+) score(6654.00) noncoding_equivalent(45.00) raw_noncoding(45.00) offset(0.00) 
15368	17044	single+	1	3	{Augustus_model.g4649.t1;Augustus},{GlimmerHMM_glimmerT_5256-T1;GlimmerHMM}

# EVM prediction: Mode:STANDARD S-ratio: 63.60 18747-20684 orient(-) score(5724.00) noncoding_equivalent(90.00) raw_noncoding(90.00) offset(0.00) 
20684	18747	single-	4	6	{GlimmerHMM_glimmerT_5257-T1;GlimmerHMM},{Augustus_model.g4650.t1;Augustus}

# EVM prediction: Mode:STANDARD S-ratio: 10000.00 21308-23083 orient(+) score(7095.00) noncoding_equivalent(0.71) raw_noncoding(0.00) offset(0.00) 
21308	23083	single+	1	3	{Augustus_model.g4651.t1;Augustus},{GlimmerHMM_glimmerT_5258-T1;GlimmerHMM}

# EVM prediction: Mode:STANDARD S-ratio: 48.95 24101-26050 orient(-) score(5732.00) noncoding_equivalent(117.10) raw_noncoding(117.10) offset(0.00) 
26050	24101	single-	4	6	{GlimmerHMM_glimmerT_5259-T1;GlimmerHMM}

# EVM prediction: Mode:STANDARD S-ratio: 2.00 29475-30899 orient(-) score(2850.00) noncoding_equivalent(1425.00) raw_noncoding(1425.00) offset(0.00) 
30899	29475	single-	4	6	{Augustus_model.g4653.t1;Augustus},{GlimmerHMM_glimmerT_5261-T1;GlimmerHMM}

# EVM prediction: Mode:STANDARD S-ratio: 1.95 32686-33347 orient(+) score(1292.00) noncoding_equivalent(662.00) raw_noncoding(694.00) offset(32.00) 
32686	32691	initial+	1	3	{snap_scaffold_15-snap.9-T1;snap}
32692	32723	INTRON			{snap_scaffold_15-snap.9-T1;snap}
32724	33347	terminal+	1	3	{snap_scaffold_15-snap.9-T1;snap}

# EVM prediction: Mode:STANDARD S-ratio: 5.13 35281-37957 orient(-) score(6621.00) noncoding_equivalent(1290.66) raw_noncoding(1458.00) offset(167.34) 
36547	35281	terminal-	6	6	{GlimmerHMM_glimmerT_5263-T1;GlimmerHMM},{Augustus_model.g4654.t1;Augustus}
36668	36548	INTRON			{GlimmerHMM_glimmerT_5263-T1;GlimmerHMM}
37957	36669	initial-	4	5	{GlimmerHMM_glimmerT_5263-T1;GlimmerHMM}

# EVM prediction: Mode:STANDARD S-ratio: 228.10 40313-42760 orient(-) score(7312.00) noncoding_equivalent(32.06) raw_noncoding(32.06) offset(0.00) 
42760	40313	single-	4	6	{GlimmerHMM_glimmerT_5264-T1;GlimmerHMM}

# EVM prediction: Mode:STANDARD S-ratio: 10000.00 43741-45615 orient(+) score(5625.00) noncoding_equivalent(0.56) raw_noncoding(0.00) offset(0.00) 
43741	45615	single+	1	3	{Augustus_model.g4655.t1;Augustus},{GlimmerHMM_glimmerT_5265-T1;GlimmerHMM}

# EVM prediction: Mode:STANDARD S-ratio: 2.00 45770-47104 orient(-) score(5340.00) noncoding_equivalent(2670.00) raw_noncoding(2670.00) offset(0.00) 
47104	45770	single-	4	6	{GlimmerHMM_glimmerT_5266-T1;GlimmerHMM},{HiQ_model.g4656.t1;HiQ}

# EVM prediction: Mode:STANDARD S-ratio: 10000.00 47355-49499 orient(+) score(8574.00) noncoding_equivalent(0.86) raw_noncoding(0.00) offset(0.00) 
47355	49499	single+	1	3	{Augustus_model.g4657.t1;Augustus},{GlimmerHMM_glimmerT_5267-T1;GlimmerHMM}

# EVM prediction: Mode:STANDARD S-ratio: 5.55 49729-50352 orient(+) score(2115.00) noncoding_equivalent(381.00) raw_noncoding(381.00) offset(0.00) 
49729	50352	single+	1	3	{GlimmerHMM_glimmerT_5268-T1;GlimmerHMM},{Augustus_model.g4658.t1;Augustus}

# EVM prediction: Mode:STANDARD S-ratio: 4.75 50542-51306 orient(-) score(3792.00) noncoding_equivalent(798.00) raw_noncoding(798.00) offset(0.00) 
51306	50542	single-	4	6	{HiQ_model.g4659.t1;HiQ},{GlimmerHMM_glimmerT_5269-T1;GlimmerHMM}

# EVM prediction: Mode:STANDARD S-ratio: 31.49 51574-52595 orient(-) score(3749.00) noncoding_equivalent(119.04) raw_noncoding(317.68) offset(198.64) 
52482	51574	terminal-	4	6	{snap_scaffold_15-snap.17-T1;snap}
52589	52483	INTRON			{snap_scaffold_15-snap.17-T1;snap}
52595	52590	initial-	4	6	{snap_scaffold_15-snap.17-T1;snap}

# EVM prediction: Mode:STANDARD S-ratio: 30.11 52643-54664 orient(-) score(5872.00) noncoding_equivalent(194.99) raw_noncoding(194.99) offset(0.00) 
54664	52643	single-	4	6	{GlimmerHMM_glimmerT_5271-T1;GlimmerHMM}

# EVM prediction: Mode:STANDARD S-ratio: 9.33 55037-55928 orient(+) score(2252.00) noncoding_equivalent(241.42) raw_noncoding(445.00) offset(203.58) 
55037	55044	initial+	1	2	{snap_scaffold_15-snap.19-T1;snap}
55045	55228	INTRON			{snap_scaffold_15-snap.19-T1;snap}
55229	55928	terminal+	3	3	{snap_scaffold_15-snap.19-T1;snap}

# EVM prediction: Mode:STANDARD S-ratio: 42.74 56097-57968 orient(+) score(7308.00) noncoding_equivalent(171.00) raw_noncoding(171.00) offset(0.00) 
56097	57968	single+	1	3	{Augustus_model.g4662.t1;Augustus},{GlimmerHMM_glimmerT_5273-T1;GlimmerHMM}

# EVM prediction: Mode:STANDARD S-ratio: 6.40 58287-59909 orient(+) score(4206.00) noncoding_equivalent(657.00) raw_noncoding(657.00) offset(0.00) 
58287	59909	single+	1	3	{Augustus_model.g4663.t1;Augustus},{GlimmerHMM_glimmerT_5274-T1;GlimmerHMM}

# EVM prediction: Mode:STANDARD S-ratio: 18.25 60220-61579 orient(-) score(4711.00) noncoding_equivalent(258.12) raw_noncoding(713.74) offset(455.62) 
61337	60220	terminal-	5	6	{Augustus_model.g4664.t1;Augustus},{snap_scaffold_15-snap.22-T1;snap}
61443	61338	INTRON			{snap_scaffold_15-snap.22-T1;snap}
61449	61444	internal-	5	4	{snap_scaffold_15-snap.22-T1;snap}
61572	61450	INTRON			{snap_scaffold_15-snap.22-T1;snap}
61579	61573	initial-	4	4	{snap_scaffold_15-snap.22-T1;snap}

# EVM prediction: Mode:STANDARD S-ratio: 2.97 62412-63032 orient(-) score(1858.00) noncoding_equivalent(626.01) raw_noncoding(626.01) offset(0.00) 
63032	62412	single-	4	6	{GlimmerHMM_glimmerT_5276-T1;GlimmerHMM}

# EVM prediction: Mode:STANDARD S-ratio: 10000.00 63407-64780 orient(+) score(5496.00) noncoding_equivalent(0.55) raw_noncoding(0.00) offset(0.00) 
63407	64780	single+	1	3	{Augustus_model.g4665.t1;Augustus},{GlimmerHMM_glimmerT_5277-T1;GlimmerHMM}

# EVM prediction: Mode:STANDARD S-ratio: 2681.63 65868-69923 orient(+) score(16216.00) noncoding_equivalent(6.05) raw_noncoding(6.05) offset(0.00) 
65868	69923	single+	1	3	{GlimmerHMM_glimmerT_5278-T1;GlimmerHMM},{Augustus_model.g4666.t1;Augustus}

# EVM prediction: Mode:STANDARD S-ratio: 13.88 70111-71091 orient(-) score(3420.00) noncoding_equivalent(246.35) raw_noncoding(498.00) offset(251.65) 
70942	70111	terminal-	6	6	{Augustus_model.g4667.t1;Augustus}
71071	70943	INTRON			{Augustus_model.g4667.t1;Augustus}
71091	71072	initial-	4	5	{Augustus_model.g4667.t1;Augustus}

# EVM prediction: Mode:STANDARD S-ratio: 2.04 71347-72051 orient(-) score(2124.00) noncoding_equivalent(1039.00) raw_noncoding(1377.00) offset(338.00) 
71703	71347	terminal-	4	6	{GlimmerHMM_glimmerT_5280-T1;GlimmerHMM},{Augustus_model.g4668.t1;Augustus}
72039	71704	INTRON			{GlimmerHMM_glimmerT_5280-T1;GlimmerHMM},{Augustus_model.g4668.t1;Augustus}
72051	72040	initial-	4	6	{GlimmerHMM_glimmerT_5280-T1;GlimmerHMM},{Augustus_model.g4668.t1;Augustus}

# EVM prediction: Mode:STANDARD S-ratio: 10000.00 72606-75875 orient(+) score(9810.00) noncoding_equivalent(0.98) raw_noncoding(0.00) offset(0.00) 
72606	75875	single+	1	3	{GlimmerHMM_glimmerT_5281-T1;GlimmerHMM},{Augustus_model.g4669.t1;Augustus}

# EVM prediction: Mode:STANDARD S-ratio: 10000.00 76396-81648 orient(-) score(15759.00) noncoding_equivalent(1.58) raw_noncoding(0.00) offset(0.00) 
81648	76396	single-	4	6	{GlimmerHMM_glimmerT_5282-T1;GlimmerHMM},{Augustus_model.g4670.t1;Augustus}

# EVM prediction: Mode:STANDARD S-ratio: 2.95 82470-83156 orient(+) score(2029.00) noncoding_equivalent(687.00) raw_noncoding(687.00) offset(0.00) 
82470	83156	single+	1	3	{Augustus_model.g4671.t1;Augustus}

# EVM prediction: Mode:STANDARD S-ratio: 327.36 84063-85220 orient(+) score(4616.00) noncoding_equivalent(14.10) raw_noncoding(14.10) offset(0.00) 
84063	85220	single+	1	3	{GlimmerHMM_glimmerT_5284-T1;GlimmerHMM},{Augustus_model.g4672.t1;Augustus}

# EVM prediction: Mode:STANDARD S-ratio: 269.70 85266-86369 orient(-) score(3298.00) noncoding_equivalent(12.23) raw_noncoding(12.23) offset(0.00) 
86369	85266	single-	4	6	{GlimmerHMM_glimmerT_5285-T1;GlimmerHMM},{Augustus_model.g4673.t1;Augustus}

# EVM prediction: Mode:STANDARD S-ratio: 4.06 86554-87423 orient(-) score(4188.00) noncoding_equivalent(1032.00) raw_noncoding(1032.00) offset(0.00) 
87423	86554	single-	4	6	{GlimmerHMM_glimmerT_5286-T1;GlimmerHMM},{HiQ_model.g4674.t1;HiQ}

# EVM prediction: Mode:STANDARD S-ratio: 42.66 87618-89111 orient(-) score(4378.00) noncoding_equivalent(102.61) raw_noncoding(102.61) offset(0.00) 
89111	87618	single-	4	6	{Augustus_model.g4675.t1;Augustus},{GlimmerHMM_glimmerT_5287-T1;GlimmerHMM}

# EVM prediction: Mode:STANDARD S-ratio: 3.00 89803-91098 orient(+) score(3888.00) noncoding_equivalent(1296.00) raw_noncoding(1296.00) offset(0.00) 
89803	91098	single+	1	3	{Augustus_model.g4676.t1;Augustus},{GlimmerHMM_glimmerT_5288-T1;GlimmerHMM}

# EVM prediction: Mode:STANDARD S-ratio: 4.16 91414-94500 orient(-) score(14931.00) noncoding_equivalent(3591.00) raw_noncoding(3591.00) offset(0.00) 
94500	91414	single-	4	6	{HiQ_model.g4677.t1;HiQ}

# EVM prediction: Mode:STANDARD S-ratio: 53.87 95102-97699 orient(-) score(10020.00) noncoding_equivalent(186.00) raw_noncoding(186.00) offset(0.00) 
97699	95102	single-	4	6	{GlimmerHMM_glimmerT_5290-T1;GlimmerHMM},{Augustus_model.g4678.t1;Augustus}

# EVM prediction: Mode:STANDARD S-ratio: 2.00 98369-99779 orient(+) score(2822.00) noncoding_equivalent(1411.00) raw_noncoding(1411.00) offset(0.00) 
98369	99779	initial+	1	1	{Augustus_model.g4679.t1;Augustus},{GlimmerHMM_glimmerT_5291-T1;GlimmerHMM}

