!! Predictions spanning range 10931 - 93859 [R1]
# EVM prediction: Mode:STANDARD S-ratio: 10000.00 10931-11815 orient(-) score(1770.00) noncoding_equivalent(0.18) raw_noncoding(0.00) offset(0.00) 
11815	10931	single-	4	6	{Augustus_gene75.t1;Augustus}

# EVM prediction: Mode:STANDARD S-ratio: 10000.00 15601-16449 orient(-) score(1698.00) noncoding_equivalent(0.17) raw_noncoding(0.00) offset(0.00) 
16449	15601	single-	4	6	{Augustus_gene817.t1;Augustus}

# EVM prediction: Mode:STANDARD S-ratio: 10000.00 24813-26495 orient(-) score(3366.00) noncoding_equivalent(0.34) raw_noncoding(0.00) offset(0.00) 
26495	24813	single-	4	6	{Augustus_gene786.t1;Augustus}

# EVM prediction: Mode:STANDARD S-ratio: 10000.00 30724-32877 orient(-) score(4308.00) noncoding_equivalent(0.43) raw_noncoding(0.00) offset(0.00) 
32877	30724	single-	4	6	{Augustus_gene508.t1;Augustus}

# EVM prediction: Mode:STANDARD S-ratio: 10000.00 33739-36957 orient(+) score(6438.00) noncoding_equivalent(0.64) raw_noncoding(0.00) offset(0.00) 
33739	36957	single+	1	3	{Augustus_gene802.t1;Augustus}

# EVM prediction: Mode:STANDARD S-ratio: 10000.00 41003-41812 orient(-) score(1620.00) noncoding_equivalent(0.16) raw_noncoding(0.00) offset(0.00) 
41742	41003	terminal-	5	6	{Augustus_gene1111.t1;Augustus}
41805	41743	INTRON			{Augustus_gene1111.t1;Augustus}
41812	41806	initial-	4	4	{Augustus_gene1111.t1;Augustus}

# EVM prediction: Mode:STANDARD S-ratio: 10000.00 45055-46053 orient(-) score(1998.00) noncoding_equivalent(0.20) raw_noncoding(0.00) offset(0.00) 
46053	45055	single-	4	6	{Augustus_gene1003.t1;Augustus}

# EVM prediction: Mode:STANDARD S-ratio: 10000.00 49138-50412 orient(+) score(2550.00) noncoding_equivalent(0.26) raw_noncoding(0.00) offset(0.00) 
49138	50412	single+	1	3	{Augustus_gene920.t1;Augustus}

# EVM prediction: Mode:STANDARD S-ratio: 10000.00 50438-52852 orient(-) score(4830.00) noncoding_equivalent(0.48) raw_noncoding(0.00) offset(0.00) 
52852	50438	single-	4	6	{Augustus_gene589.t1;Augustus}

# EVM prediction: Mode:STANDARD S-ratio: 10000.00 54128-55489 orient(+) score(2724.00) noncoding_equivalent(0.27) raw_noncoding(0.00) offset(0.00) 
54128	55489	single+	1	3	{Augustus_gene1042.t1;Augustus}

# EVM prediction: Mode:STANDARD S-ratio: 10000.00 55663-56556 orient(+) score(1788.00) noncoding_equivalent(0.18) raw_noncoding(0.00) offset(0.00) 
55663	56556	single+	1	3	{Augustus_gene683.t1;Augustus}

# EVM prediction: Mode:STANDARD S-ratio: 10000.00 71176-72534 orient(+) score(2718.00) noncoding_equivalent(0.27) raw_noncoding(0.00) offset(0.00) 
71176	72534	single+	1	3	{Augustus_gene400.t1;Augustus}

# EVM prediction: Mode:STANDARD S-ratio: 10000.00 86342-88186 orient(+) score(3690.00) noncoding_equivalent(0.37) raw_noncoding(0.00) offset(0.00) 
86342	88186	single+	1	3	{Augustus_gene491.t1;Augustus}

# EVM prediction: Mode:STANDARD S-ratio: 10000.00 92486-93859 orient(-) score(2748.00) noncoding_equivalent(0.27) raw_noncoding(0.00) offset(0.00) 
93859	92486	single-	4	6	{Augustus_gene324.t1;Augustus}

