# EVM prediction: Mode:STANDARD S-ratio: 10000.00 50841-51512 orient(-) score(1344.00) noncoding_equivalent(0.13) raw_noncoding(0.00) offset(0.00)
51512	50841	single-	4	6	{Augustus_gene95.t1;Augustus}

# EVM prediction: Mode:STANDARD S-ratio: 10000.00 87725-88087 orient(+) score(726.00) noncoding_equivalent(0.07) raw_noncoding(0.00) offset(0.00)
87725	88087	single+	1	3	{Augustus_gene673.t1;Augustus}

# EVM prediction: Mode:STANDARD S-ratio: 10000.00 89737-90666 orient(-) score(1860.00) noncoding_equivalent(0.19) raw_noncoding(0.00) offset(0.00)
90666	89737	single-	4	6	{Augustus_gene1079.t1;Augustus}

# EVM prediction: Mode:STANDARD S-ratio: 10000.00 94116-95690 orient(-) score(3150.00) noncoding_equivalent(0.32) raw_noncoding(0.00) offset(0.00)
95690	94116	single-	4	6	{Augustus_gene667.t1;Augustus}

# EVM prediction: Mode:STANDARD S-ratio: 10000.00 105813-107000 orient(+) score(2376.00) noncoding_equivalent(0.24) raw_noncoding(0.00) offset(0.00)
105813	107000	single+	1	3	{Augustus_gene707.t1;Augustus}

# EVM prediction: Mode:STANDARD S-ratio: 10000.00 118385-119725 orient(-) score(2682.00) noncoding_equivalent(0.27) raw_noncoding(0.00) offset(0.00)
119725	118385	single-	4	6	{Augustus_gene877.t1;Augustus}

# EVM prediction: Mode:STANDARD S-ratio: 10000.00 135634-136656 orient(+) score(2046.00) noncoding_equivalent(0.20) raw_noncoding(0.00) offset(0.00)
135634	135753	initial+	1	3	{Augustus_gene840.t1;Augustus}
135754	135864	INTRON			{Augustus_gene840.t1;Augustus}
135865	136656	terminal+	1	3	{Augustus_gene840.t1;Augustus}

# EVM prediction: Mode:STANDARD S-ratio: 10000.00 148359-149750 orient(-) score(2784.00) noncoding_equivalent(0.28) raw_noncoding(0.00) offset(0.00)
149750	148359	single-	4	6	{Augustus_gene420.t1;Augustus}

# EVM prediction: Mode:STANDARD S-ratio: 10000.00 150378-152042 orient(-) score(3330.00) noncoding_equivalent(0.33) raw_noncoding(0.00) offset(0.00)
152042	150378	single-	4	6	{Augustus_gene163.t1;Augustus}

# EVM prediction: Mode:STANDARD S-ratio: 10000.00 152499-154571 orient(+) score(4146.00) noncoding_equivalent(0.41) raw_noncoding(0.00) offset(0.00)
152499	154571	single+	1	3	{Augustus_gene1158.t1;Augustus}

# EVM prediction: Mode:STANDARD S-ratio: 10000.00 168115-168756 orient(+) score(1284.00) noncoding_equivalent(0.13) raw_noncoding(0.00) offset(0.00)
168115	168756	single+	1	3	{Augustus_gene629.t1;Augustus}

# EVM prediction: Mode:STANDARD S-ratio: 10000.00 169464-172445 orient(-) score(5964.00) noncoding_equivalent(0.60) raw_noncoding(0.00) offset(0.00)
172445	169464	single-	4	6	{Augustus_gene24.t1;Augustus}

# EVM prediction: Mode:STANDARD S-ratio: 10000.00 213896-214342 orient(+) score(894.00) noncoding_equivalent(0.09) raw_noncoding(0.00) offset(0.00)
213896	214342	single+	1	3	{Augustus_gene441.t1;Augustus}

# EVM prediction: Mode:STANDARD S-ratio: 10000.00 220385-222058 orient(-) score(3348.00) noncoding_equivalent(0.33) raw_noncoding(0.00) offset(0.00)
220863	220385	terminal-	5	6	{Augustus_gene104.t1;Augustus}
220932	220864	INTRON			{Augustus_gene104.t1;Augustus}
220958	220933	internal-	6	4	{Augustus_gene104.t1;Augustus}
221152	220959	INTRON			{Augustus_gene104.t1;Augustus}
221192	221153	internal-	5	5	{Augustus_gene104.t1;Augustus}
221247	221193	INTRON			{Augustus_gene104.t1;Augustus}
222058	221248	initial-	4	4	{Augustus_gene104.t1;Augustus}

# EVM prediction: Mode:STANDARD S-ratio: 10000.00 225019-225900 orient(-) score(1764.00) noncoding_equivalent(0.18) raw_noncoding(0.00) offset(0.00)
225900	225019	single-	4	6	{Augustus_gene190.t1;Augustus}

# EVM prediction: Mode:STANDARD S-ratio: 10000.00 231600-232955 orient(+) score(2712.00) noncoding_equivalent(0.27) raw_noncoding(0.00) offset(0.00)
231600	232955	single+	1	3	{Augustus_gene230.t1;Augustus}

# EVM prediction: Mode:STANDARD S-ratio: 10000.00 234384-235547 orient(+) score(2328.00) noncoding_equivalent(0.23) raw_noncoding(0.00) offset(0.00)
234384	235547	single+	1	3	{Augustus_gene575.t1;Augustus}

# EVM prediction: Mode:STANDARD S-ratio: 10000.00 235811-236890 orient(-) score(2160.00) noncoding_equivalent(0.22) raw_noncoding(0.00) offset(0.00)
236890	235811	single-	4	6	{Augustus_gene731.t1;Augustus}

# EVM prediction: Mode:STANDARD S-ratio: 10000.00 237222-238640 orient(+) score(2838.00) noncoding_equivalent(0.28) raw_noncoding(0.00) offset(0.00)
237222	238640	single+	1	3	{Augustus_gene259.t1;Augustus}

# EVM prediction: Mode:STANDARD S-ratio: 10000.00 241526-243712 orient(+) score(4374.00) noncoding_equivalent(0.44) raw_noncoding(0.00) offset(0.00)
241526	243712	single+	1	3	{Augustus_gene493.t1;Augustus}

# EVM prediction: Mode:STANDARD S-ratio: 10000.00 248523-250667 orient(+) score(4290.00) noncoding_equivalent(0.43) raw_noncoding(0.00) offset(0.00)
248523	250667	single+	1	3	{Augustus_gene648.t1;Augustus}

# EVM prediction: Mode:STANDARD S-ratio: 10000.00 250772-251983 orient(-) score(2424.00) noncoding_equivalent(0.24) raw_noncoding(0.00) offset(0.00)
251983	250772	single-	4	6	{Augustus_gene855.t1;Augustus}

# EVM prediction: Mode:STANDARD S-ratio: 10000.00 253894-255018 orient(+) score(2250.00) noncoding_equivalent(0.23) raw_noncoding(0.00) offset(0.00)
253894	253948	initial+	1	1	{Augustus_gene1021.t1;Augustus}
253949	254017	INTRON			{Augustus_gene1021.t1;Augustus}
254018	255018	terminal+	2	3	{Augustus_gene1021.t1;Augustus}

# EVM prediction: Mode:STANDARD S-ratio: 10000.00 255171-258847 orient(-) score(7354.00) noncoding_equivalent(0.74) raw_noncoding(0.00) offset(0.00)
258394	255171	terminal-	5	6	{Augustus_gene245.t1;Augustus}
258484	258395	INTRON			{Augustus_gene245.t1;Augustus}
258495	258485	internal-	6	4	{Augustus_gene245.t1;Augustus}
258833	258496	INTRON			{Augustus_gene245.t1;Augustus}
258847	258834	initial-	4	5	{Augustus_gene245.t1;Augustus}

# EVM prediction: Mode:STANDARD S-ratio: 10000.00 261006-264350 orient(-) score(6690.00) noncoding_equivalent(0.67) raw_noncoding(0.00) offset(0.00)
262688	261006	terminal-	4	6	{Augustus_gene817.t1;Augustus}
262826	262689	INTRON			{Augustus_gene817.t1;Augustus}
264090	262827	internal-	6	6	{Augustus_gene817.t1;Augustus}
264327	264091	INTRON			{Augustus_gene817.t1;Augustus}
264350	264328	initial-	4	5	{Augustus_gene817.t1;Augustus}

# EVM prediction: Mode:STANDARD S-ratio: 10000.00 316905-317462 orient(-) score(1116.00) noncoding_equivalent(0.11) raw_noncoding(0.00) offset(0.00)
317462	316905	single-	4	6	{Augustus_gene63.t1;Augustus}

# EVM prediction: Mode:STANDARD S-ratio: 10000.00 340885-342786 orient(+) score(3804.00) noncoding_equivalent(0.38) raw_noncoding(0.00) offset(0.00)
340885	342786	single+	1	3	{Augustus_gene394.t1;Augustus}

# EVM prediction: Mode:STANDARD S-ratio: 10000.00 349317-352208 orient(+) score(5784.00) noncoding_equivalent(0.58) raw_noncoding(0.00) offset(0.00)
349317	352208	single+	1	3	{Augustus_gene624.t1;Augustus}

# EVM prediction: Mode:STANDARD S-ratio: 10000.00 356557-357252 orient(+) score(1392.00) noncoding_equivalent(0.14) raw_noncoding(0.00) offset(0.00)
356557	357252	single+	1	3	{Augustus_gene308.t1;Augustus}

# EVM prediction: Mode:STANDARD S-ratio: 10000.00 397133-397684 orient(+) score(1104.00) noncoding_equivalent(0.11) raw_noncoding(0.00) offset(0.00)
397133	397684	single+	1	3	{Augustus_gene873.t1;Augustus}

# EVM prediction: Mode:STANDARD S-ratio: 10000.00 442120-444000 orient(-) score(3762.00) noncoding_equivalent(0.38) raw_noncoding(0.00) offset(0.00)
444000	442120	single-	4	6	{Augustus_gene897.t1;Augustus}

# EVM prediction: Mode:STANDARD S-ratio: 10000.00 448823-450379 orient(+) score(3114.00) noncoding_equivalent(0.31) raw_noncoding(0.00) offset(0.00)
448823	450379	single+	1	3	{Augustus_gene167.t1;Augustus}

# EVM prediction: Mode:STANDARD S-ratio: 10000.00 479098-483765 orient(-) score(9336.00) noncoding_equivalent(0.93) raw_noncoding(0.00) offset(0.00)
483765	479098	single-	4	6	{Augustus_gene617.t1;Augustus}

# EVM prediction: Mode:STANDARD S-ratio: 10000.00 485116-486948 orient(-) score(3666.00) noncoding_equivalent(0.37) raw_noncoding(0.00) offset(0.00)
486948	485116	single-	4	6	{Augustus_gene808.t1;Augustus}

# EVM prediction: Mode:STANDARD S-ratio: 10000.00 487919-489253 orient(+) score(2670.00) noncoding_equivalent(0.27) raw_noncoding(0.00) offset(0.00)
487919	489253	single+	1	3	{Augustus_gene423.t1;Augustus}

# EVM prediction: Mode:STANDARD S-ratio: 10000.00 491841-493475 orient(+) score(3270.00) noncoding_equivalent(0.33) raw_noncoding(0.00) offset(0.00)
491841	493475	single+	1	3	{Augustus_gene1145.t1;Augustus}

# EVM prediction: Mode:STANDARD S-ratio: 10000.00 499377-500286 orient(-) score(1820.00) noncoding_equivalent(0.18) raw_noncoding(0.00) offset(0.00)
500152	499377	terminal-	5	6	{Augustus_gene136.t1;Augustus}
500234	500153	INTRON			{Augustus_gene136.t1;Augustus}
500286	500235	initial-	4	4	{Augustus_gene136.t1;Augustus}

# EVM prediction: Mode:STANDARD S-ratio: 10000.00 502176-502973 orient(+) score(1596.00) noncoding_equivalent(0.16) raw_noncoding(0.00) offset(0.00)
502176	502973	single+	1	3	{Augustus_gene1140.t1;Augustus}

# EVM prediction: Mode:STANDARD S-ratio: 10000.00 516065-517909 orient(+) score(3690.00) noncoding_equivalent(0.37) raw_noncoding(0.00) offset(0.00)
516065	517909	single+	1	3	{Augustus_gene1019.t1;Augustus}

