# EVM prediction: Mode:STANDARD S-ratio: 10000.00 2505-6202 orient(-) score(7396.00) noncoding_equivalent(0.74) raw_noncoding(0.00) offset(0.00)
5625	2505	terminal-	6	6	{Augustus_gene958.t1;Augustus}
5801	5626	INTRON			{Augustus_gene958.t1;Augustus}
6105	5802	internal-	5	5	{Augustus_gene958.t1;Augustus}
6171	6106	INTRON			{Augustus_gene958.t1;Augustus}
6202	6172	initial-	4	4	{Augustus_gene958.t1;Augustus}

# EVM prediction: Mode:STANDARD S-ratio: 10000.00 18022-20754 orient(+) score(5466.00) noncoding_equivalent(0.55) raw_noncoding(0.00) offset(0.00)
18022	20754	single+	1	3	{Augustus_gene1153.t1;Augustus}

# EVM prediction: Mode:STANDARD S-ratio: 10000.00 23957-25360 orient(+) score(2808.00) noncoding_equivalent(0.28) raw_noncoding(0.00) offset(0.00)
23957	25360	single+	1	3	{Augustus_gene744.t1;Augustus}

# EVM prediction: Mode:STANDARD S-ratio: 10000.00 26707-27663 orient(-) score(1914.00) noncoding_equivalent(0.19) raw_noncoding(0.00) offset(0.00)
27663	26707	single-	4	6	{Augustus_gene256.t1;Augustus}

# EVM prediction: Mode:STANDARD S-ratio: 10000.00 28702-31416 orient(-) score(5430.00) noncoding_equivalent(0.54) raw_noncoding(0.00) offset(0.00)
31416	28702	single-	4	6	{Augustus_gene952.t1;Augustus}

# EVM prediction: Mode:STANDARD S-ratio: 10000.00 35305-35835 orient(-) score(1062.00) noncoding_equivalent(0.11) raw_noncoding(0.00) offset(0.00)
35835	35305	single-	4	6	{Augustus_gene302.t1;Augustus}

# EVM prediction: Mode:STANDARD S-ratio: 10000.00 37224-39339 orient(-) score(4232.00) noncoding_equivalent(0.42) raw_noncoding(0.00) offset(0.00)
37339	37224	terminal-	5	6	{Augustus_gene1033.t1;Augustus}
37578	37340	INTRON			{Augustus_gene1033.t1;Augustus}
38032	37579	internal-	4	4	{Augustus_gene1033.t1;Augustus}
38076	38033	INTRON			{Augustus_gene1033.t1;Augustus}
39339	38077	initial-	4	6	{Augustus_gene1033.t1;Augustus}

# EVM prediction: Mode:STANDARD S-ratio: 10000.00 41681-42244 orient(+) score(1128.00) noncoding_equivalent(0.11) raw_noncoding(0.00) offset(0.00)
41681	42244	single+	1	3	{Augustus_gene1089.t1;Augustus}

# EVM prediction: Mode:STANDARD S-ratio: 10000.00 42353-43249 orient(-) score(1794.00) noncoding_equivalent(0.18) raw_noncoding(0.00) offset(0.00)
43249	42353	single-	4	6	{Augustus_gene879.t1;Augustus}

# EVM prediction: Mode:STANDARD S-ratio: 10000.00 66510-67721 orient(+) score(2424.00) noncoding_equivalent(0.24) raw_noncoding(0.00) offset(0.00)
66510	67721	single+	1	3	{Augustus_gene238.t1;Augustus}

# EVM prediction: Mode:STANDARD S-ratio: 10000.00 67886-69538 orient(-) score(3306.00) noncoding_equivalent(0.33) raw_noncoding(0.00) offset(0.00)
69538	67886	single-	4	6	{Augustus_gene839.t1;Augustus}

# EVM prediction: Mode:STANDARD S-ratio: 10000.00 74054-75217 orient(+) score(2328.00) noncoding_equivalent(0.23) raw_noncoding(0.00) offset(0.00)
74054	75217	single+	1	3	{Augustus_gene756.t1;Augustus}

# EVM prediction: Mode:STANDARD S-ratio: 10000.00 75792-78602 orient(+) score(5622.00) noncoding_equivalent(0.56) raw_noncoding(0.00) offset(0.00)
75792	78602	single+	1	3	{Augustus_gene579.t1;Augustus}

# EVM prediction: Mode:STANDARD S-ratio: 10000.00 81830-82711 orient(+) score(1764.00) noncoding_equivalent(0.18) raw_noncoding(0.00) offset(0.00)
81830	82711	single+	1	3	{Augustus_gene955.t1;Augustus}

# EVM prediction: Mode:STANDARD S-ratio: 10000.00 97642-99627 orient(+) score(3972.00) noncoding_equivalent(0.40) raw_noncoding(0.00) offset(0.00)
97642	99627	single+	1	3	{Augustus_gene42.t1;Augustus}

# EVM prediction: Mode:STANDARD S-ratio: 10000.00 109853-113566 orient(+) score(7428.00) noncoding_equivalent(0.74) raw_noncoding(0.00) offset(0.00)
109853	113566	single+	1	3	{Augustus_gene437.t1;Augustus}

# EVM prediction: Mode:STANDARD S-ratio: 10000.00 131239-132243 orient(-) score(2010.00) noncoding_equivalent(0.20) raw_noncoding(0.00) offset(0.00)
132108	131239	terminal-	4	6	{Augustus_gene512.t1;Augustus}
132216	132109	INTRON			{Augustus_gene512.t1;Augustus}
132243	132217	initial-	4	6	{Augustus_gene512.t1;Augustus}

# EVM prediction: Mode:STANDARD S-ratio: 10000.00 133880-134848 orient(-) score(1938.00) noncoding_equivalent(0.19) raw_noncoding(0.00) offset(0.00)
134848	133880	single-	4	6	{Augustus_gene494.t1;Augustus}

# EVM prediction: Mode:STANDARD S-ratio: 10000.00 135234-141899 orient(+) score(13332.00) noncoding_equivalent(1.33) raw_noncoding(0.00) offset(0.00)
135234	141899	single+	1	3	{Augustus_gene487.t1;Augustus}

# EVM prediction: Mode:STANDARD S-ratio: 10000.00 152165-154183 orient(+) score(4038.00) noncoding_equivalent(0.40) raw_noncoding(0.00) offset(0.00)
152165	154183	single+	1	3	{Augustus_gene780.t1;Augustus}

# EVM prediction: Mode:STANDARD S-ratio: 10000.00 158535-159374 orient(-) score(1680.00) noncoding_equivalent(0.17) raw_noncoding(0.00) offset(0.00)
159374	158535	single-	4	6	{Augustus_gene737.t1;Augustus}

# EVM prediction: Mode:STANDARD S-ratio: 10000.00 159700-161439 orient(-) score(3480.00) noncoding_equivalent(0.35) raw_noncoding(0.00) offset(0.00)
161439	159700	single-	4	6	{Augustus_gene210.t1;Augustus}

# EVM prediction: Mode:STANDARD S-ratio: 10000.00 168472-169719 orient(-) score(2496.00) noncoding_equivalent(0.25) raw_noncoding(0.00) offset(0.00)
169719	168472	single-	4	6	{Augustus_gene841.t1;Augustus}

# EVM prediction: Mode:STANDARD S-ratio: 10000.00 170029-172293 orient(+) score(4530.00) noncoding_equivalent(0.45) raw_noncoding(0.00) offset(0.00)
170029	172293	single+	1	3	{Augustus_gene174.t1;Augustus}

# EVM prediction: Mode:STANDARD S-ratio: 10000.00 175131-178037 orient(+) score(5814.00) noncoding_equivalent(0.58) raw_noncoding(0.00) offset(0.00)
175131	178037	single+	1	3	{Augustus_gene618.t1;Augustus}

# EVM prediction: Mode:STANDARD S-ratio: 10000.00 178410-183182 orient(+) score(9546.00) noncoding_equivalent(0.95) raw_noncoding(0.00) offset(0.00)
178410	180264	initial+	1	1	{Augustus_gene609.t1;Augustus}
180265	180519	INTRON			{Augustus_gene609.t1;Augustus}
180520	180535	internal+	2	2	{Augustus_gene609.t1;Augustus}
180536	180586	INTRON			{Augustus_gene609.t1;Augustus}
180587	183182	terminal+	3	3	{Augustus_gene609.t1;Augustus}

# EVM prediction: Mode:STANDARD S-ratio: 10000.00 183487-185001 orient(-) score(3030.00) noncoding_equivalent(0.30) raw_noncoding(0.00) offset(0.00)
185001	183487	single-	4	6	{Augustus_gene443.t1;Augustus}

# EVM prediction: Mode:STANDARD S-ratio: 10000.00 185555-187039 orient(-) score(2970.00) noncoding_equivalent(0.30) raw_noncoding(0.00) offset(0.00)
187039	185555	single-	4	6	{Augustus_gene328.t1;Augustus}

# EVM prediction: Mode:STANDARD S-ratio: 10000.00 189586-192054 orient(+) score(4938.00) noncoding_equivalent(0.49) raw_noncoding(0.00) offset(0.00)
189586	192054	single+	1	3	{Augustus_gene593.t1;Augustus}

# EVM prediction: Mode:STANDARD S-ratio: 10000.00 202138-203016 orient(+) score(1758.00) noncoding_equivalent(0.18) raw_noncoding(0.00) offset(0.00)
202138	203016	single+	1	3	{Augustus_gene311.t1;Augustus}

# EVM prediction: Mode:STANDARD S-ratio: 10000.00 214789-216273 orient(+) score(2970.00) noncoding_equivalent(0.30) raw_noncoding(0.00) offset(0.00)
214789	216273	single+	1	3	{Augustus_gene1119.t1;Augustus}

# EVM prediction: Mode:STANDARD S-ratio: 10000.00 218510-221315 orient(-) score(5612.00) noncoding_equivalent(0.56) raw_noncoding(0.00) offset(0.00)
220493	218510	terminal-	6	6	{Augustus_gene647.t1;Augustus}
220670	220494	INTRON			{Augustus_gene647.t1;Augustus}
221022	220671	internal-	5	5	{Augustus_gene647.t1;Augustus}
221086	221023	INTRON			{Augustus_gene647.t1;Augustus}
221149	221087	internal-	5	4	{Augustus_gene647.t1;Augustus}
221302	221150	INTRON			{Augustus_gene647.t1;Augustus}
221315	221303	initial-	4	4	{Augustus_gene647.t1;Augustus}

# EVM prediction: Mode:STANDARD S-ratio: 10000.00 223404-225071 orient(-) score(3336.00) noncoding_equivalent(0.33) raw_noncoding(0.00) offset(0.00)
225071	223404	single-	4	6	{Augustus_gene445.t1;Augustus}

# EVM prediction: Mode:STANDARD S-ratio: 10000.00 225622-227382 orient(+) score(3522.00) noncoding_equivalent(0.35) raw_noncoding(0.00) offset(0.00)
225622	227382	single+	1	3	{Augustus_gene314.t1;Augustus}

# EVM prediction: Mode:STANDARD S-ratio: 10000.00 234848-237202 orient(+) score(4710.00) noncoding_equivalent(0.47) raw_noncoding(0.00) offset(0.00)
234848	237202	single+	1	3	{Augustus_gene522.t1;Augustus}

# EVM prediction: Mode:STANDARD S-ratio: 10000.00 242761-244041 orient(+) score(2562.00) noncoding_equivalent(0.26) raw_noncoding(0.00) offset(0.00)
242761	244041	single+	1	3	{Augustus_gene171.t1;Augustus}

# EVM prediction: Mode:STANDARD S-ratio: 10000.00 248102-250648 orient(-) score(5094.00) noncoding_equivalent(0.51) raw_noncoding(0.00) offset(0.00)
250648	248102	single-	4	6	{Augustus_gene961.t1;Augustus}

# EVM prediction: Mode:STANDARD S-ratio: 10000.00 251214-251951 orient(-) score(1476.00) noncoding_equivalent(0.15) raw_noncoding(0.00) offset(0.00)
251951	251214	single-	4	6	{Augustus_gene335.t1;Augustus}

# EVM prediction: Mode:STANDARD S-ratio: 10000.00 272856-274484 orient(+) score(3258.00) noncoding_equivalent(0.33) raw_noncoding(0.00) offset(0.00)
272856	274484	single+	1	3	{Augustus_gene977.t1;Augustus}

# EVM prediction: Mode:STANDARD S-ratio: 10000.00 291513-292235 orient(+) score(1446.00) noncoding_equivalent(0.14) raw_noncoding(0.00) offset(0.00)
291513	292235	single+	1	3	{Augustus_gene73.t1;Augustus}

# EVM prediction: Mode:STANDARD S-ratio: 10000.00 296240-297445 orient(-) score(2412.00) noncoding_equivalent(0.24) raw_noncoding(0.00) offset(0.00)
297445	296240	single-	4	6	{Augustus_gene1015.t1;Augustus}

# EVM prediction: Mode:STANDARD S-ratio: 10000.00 299513-304690 orient(+) score(10356.00) noncoding_equivalent(1.04) raw_noncoding(0.00) offset(0.00)
299513	304690	single+	1	3	{Augustus_gene550.t1;Augustus}

# EVM prediction: Mode:STANDARD S-ratio: 10000.00 304972-306468 orient(-) score(2994.00) noncoding_equivalent(0.30) raw_noncoding(0.00) offset(0.00)
306468	304972	single-	4	6	{Augustus_gene222.t1;Augustus}

# EVM prediction: Mode:STANDARD S-ratio: 10000.00 335392-336632 orient(+) score(2482.00) noncoding_equivalent(0.25) raw_noncoding(0.00) offset(0.00)
335392	336246	initial+	1	3	{Augustus_gene568.t1;Augustus}
336247	336362	INTRON			{Augustus_gene568.t1;Augustus}
336363	336632	terminal+	1	3	{Augustus_gene568.t1;Augustus}

# EVM prediction: Mode:STANDARD S-ratio: 10000.00 338677-340159 orient(-) score(2966.00) noncoding_equivalent(0.30) raw_noncoding(0.00) offset(0.00)
338732	338677	terminal-	5	6	{Augustus_gene426.t1;Augustus}
339168	338733	INTRON			{Augustus_gene426.t1;Augustus}
339181	339169	internal-	4	4	{Augustus_gene426.t1;Augustus}
339469	339182	INTRON			{Augustus_gene426.t1;Augustus}
340159	339470	initial-	4	6	{Augustus_gene426.t1;Augustus}

# EVM prediction: Mode:STANDARD S-ratio: 10000.00 350198-354066 orient(-) score(7738.00) noncoding_equivalent(0.77) raw_noncoding(0.00) offset(0.00)
350223	350198	terminal-	5	6	{Augustus_gene415.t1;Augustus}
350276	350224	INTRON			{Augustus_gene415.t1;Augustus}
354066	350277	initial-	4	4	{Augustus_gene415.t1;Augustus}

# EVM prediction: Mode:STANDARD S-ratio: 10000.00 355145-356716 orient(+) score(3144.00) noncoding_equivalent(0.31) raw_noncoding(0.00) offset(0.00)
355145	356716	single+	1	3	{Augustus_gene322.t1;Augustus}

# EVM prediction: Mode:STANDARD S-ratio: 10000.00 356984-358444 orient(-) score(2922.00) noncoding_equivalent(0.29) raw_noncoding(0.00) offset(0.00)
358444	356984	single-	4	6	{Augustus_gene1111.t1;Augustus}

# EVM prediction: Mode:STANDARD S-ratio: 10000.00 363862-367032 orient(+) score(6342.00) noncoding_equivalent(0.63) raw_noncoding(0.00) offset(0.00)
363862	367032	single+	1	3	{Augustus_gene189.t1;Augustus}

# EVM prediction: Mode:STANDARD S-ratio: 10000.00 369995-370717 orient(+) score(1446.00) noncoding_equivalent(0.14) raw_noncoding(0.00) offset(0.00)
369995	370717	single+	1	3	{Augustus_gene89.t1;Augustus}

# EVM prediction: Mode:STANDARD S-ratio: 10000.00 370903-372183 orient(+) score(2562.00) noncoding_equivalent(0.26) raw_noncoding(0.00) offset(0.00)
370903	372183	single+	1	3	{Augustus_gene1004.t1;Augustus}

# EVM prediction: Mode:STANDARD S-ratio: 10000.00 372690-375350 orient(+) score(5322.00) noncoding_equivalent(0.53) raw_noncoding(0.00) offset(0.00)
372690	375350	single+	1	3	{Augustus_gene410.t1;Augustus}

# EVM prediction: Mode:STANDARD S-ratio: 10000.00 381618-383102 orient(+) score(2970.00) noncoding_equivalent(0.30) raw_noncoding(0.00) offset(0.00)
381618	383102	single+	1	3	{Augustus_gene835.t1;Augustus}

# EVM prediction: Mode:STANDARD S-ratio: 10000.00 398911-400851 orient(-) score(3882.00) noncoding_equivalent(0.39) raw_noncoding(0.00) offset(0.00)
400851	398911	single-	4	6	{Augustus_gene687.t1;Augustus}

# EVM prediction: Mode:STANDARD S-ratio: 10000.00 406727-407392 orient(-) score(1332.00) noncoding_equivalent(0.13) raw_noncoding(0.00) offset(0.00)
407392	406727	single-	4	6	{Augustus_gene614.t1;Augustus}

# EVM prediction: Mode:STANDARD S-ratio: 10000.00 409029-409709 orient(+) score(1362.00) noncoding_equivalent(0.14) raw_noncoding(0.00) offset(0.00)
409029	409709	single+	1	3	{Augustus_gene229.t1;Augustus}

# EVM prediction: Mode:STANDARD S-ratio: 10000.00 419127-423533 orient(+) score(8814.00) noncoding_equivalent(0.88) raw_noncoding(0.00) offset(0.00)
419127	423533	single+	1	3	{Augustus_gene1151.t1;Augustus}

# EVM prediction: Mode:STANDARD S-ratio: 10000.00 437669-439429 orient(+) score(3522.00) noncoding_equivalent(0.35) raw_noncoding(0.00) offset(0.00)
437669	439429	single+	1	3	{Augustus_gene623.t1;Augustus}

# EVM prediction: Mode:STANDARD S-ratio: 10000.00 447913-452196 orient(+) score(8568.00) noncoding_equivalent(0.86) raw_noncoding(0.00) offset(0.00)
447913	452196	single+	1	3	{Augustus_gene1161.t1;Augustus}

# EVM prediction: Mode:STANDARD S-ratio: 10000.00 458214-463580 orient(+) score(10734.00) noncoding_equivalent(1.07) raw_noncoding(0.00) offset(0.00)
458214	460478	initial+	1	3	{Augustus_gene898.t1;Augustus}
460479	462622	INTRON			{Augustus_gene898.t1;Augustus}
462623	462797	internal+	1	1	{Augustus_gene898.t1;Augustus}
462798	463070	INTRON			{Augustus_gene898.t1;Augustus}
463071	463130	internal+	2	1	{Augustus_gene898.t1;Augustus}
463131	463292	INTRON			{Augustus_gene898.t1;Augustus}
463293	463352	internal+	2	1	{Augustus_gene898.t1;Augustus}
463353	463436	INTRON			{Augustus_gene898.t1;Augustus}
463437	463487	internal+	2	1	{Augustus_gene898.t1;Augustus}
463488	463548	INTRON			{Augustus_gene898.t1;Augustus}
463549	463580	terminal+	2	3	{Augustus_gene898.t1;Augustus}

# EVM prediction: Mode:STANDARD S-ratio: 10000.00 464433-467072 orient(+) score(5280.00) noncoding_equivalent(0.53) raw_noncoding(0.00) offset(0.00)
464433	467072	single+	1	3	{Augustus_gene754.t1;Augustus}

# EVM prediction: Mode:STANDARD S-ratio: 10000.00 476829-477701 orient(+) score(1746.00) noncoding_equivalent(0.17) raw_noncoding(0.00) offset(0.00)
476829	477701	single+	1	3	{Augustus_gene481.t1;Augustus}

# EVM prediction: Mode:STANDARD S-ratio: 10000.00 479709-482458 orient(+) score(5500.00) noncoding_equivalent(0.55) raw_noncoding(0.00) offset(0.00)
479709	480590	initial+	1	3	{Augustus_gene1128.t1;Augustus}
480591	480647	INTRON			{Augustus_gene1128.t1;Augustus}
480648	481200	internal+	1	1	{Augustus_gene1128.t1;Augustus}
481201	481484	INTRON			{Augustus_gene1128.t1;Augustus}
481485	482458	terminal+	2	3	{Augustus_gene1128.t1;Augustus}

# EVM prediction: Mode:STANDARD S-ratio: 10000.00 500163-501599 orient(-) score(2874.00) noncoding_equivalent(0.29) raw_noncoding(0.00) offset(0.00)
501599	500163	single-	4	6	{Augustus_gene161.t1;Augustus}

# EVM prediction: Mode:STANDARD S-ratio: 10000.00 504016-506283 orient(-) score(4536.00) noncoding_equivalent(0.45) raw_noncoding(0.00) offset(0.00)
506283	504016	single-	4	6	{Augustus_gene265.t1;Augustus}

# EVM prediction: Mode:STANDARD S-ratio: 10000.00 523558-525204 orient(+) score(3294.00) noncoding_equivalent(0.33) raw_noncoding(0.00) offset(0.00)
523558	525204	single+	1	3	{Augustus_gene326.t1;Augustus}

# EVM prediction: Mode:STANDARD S-ratio: 10000.00 534221-536476 orient(-) score(4512.00) noncoding_equivalent(0.45) raw_noncoding(0.00) offset(0.00)
536476	534221	single-	4	6	{Augustus_gene599.t1;Augustus}

# EVM prediction: Mode:STANDARD S-ratio: 10000.00 541508-543274 orient(-) score(3534.00) noncoding_equivalent(0.35) raw_noncoding(0.00) offset(0.00)
543274	541508	single-	4	6	{Augustus_gene1138.t1;Augustus}

# EVM prediction: Mode:STANDARD S-ratio: 10000.00 562373-563344 orient(-) score(1944.00) noncoding_equivalent(0.19) raw_noncoding(0.00) offset(0.00)
563344	562373	single-	4	6	{Augustus_gene888.t1;Augustus}

# EVM prediction: Mode:STANDARD S-ratio: 10000.00 566371-570149 orient(-) score(7558.00) noncoding_equivalent(0.76) raw_noncoding(0.00) offset(0.00)
569241	566371	terminal-	4	6	{Augustus_gene96.t1;Augustus}
569564	569242	INTRON			{Augustus_gene96.t1;Augustus}
570149	569565	initial-	4	6	{Augustus_gene96.t1;Augustus}

# EVM prediction: Mode:STANDARD S-ratio: 10000.00 571352-573469 orient(+) score(4236.00) noncoding_equivalent(0.42) raw_noncoding(0.00) offset(0.00)
571352	573469	single+	1	3	{Augustus_gene695.t1;Augustus}

# EVM prediction: Mode:STANDARD S-ratio: 10000.00 596949-598052 orient(-) score(2208.00) noncoding_equivalent(0.22) raw_noncoding(0.00) offset(0.00)
598052	596949	single-	4	6	{Augustus_gene848.t1;Augustus}

# EVM prediction: Mode:STANDARD S-ratio: 10000.00 598558-599469 orient(+) score(1824.00) noncoding_equivalent(0.18) raw_noncoding(0.00) offset(0.00)
598558	599469	single+	1	3	{Augustus_gene523.t1;Augustus}

# EVM prediction: Mode:STANDARD S-ratio: 10000.00 599815-600930 orient(-) score(2232.00) noncoding_equivalent(0.22) raw_noncoding(0.00) offset(0.00)
600930	599815	single-	4	6	{Augustus_gene468.t1;Augustus}

# EVM prediction: Mode:STANDARD S-ratio: 10000.00 603377-604231 orient(-) score(1710.00) noncoding_equivalent(0.17) raw_noncoding(0.00) offset(0.00)
604231	603377	single-	4	6	{Augustus_gene814.t1;Augustus}

# EVM prediction: Mode:STANDARD S-ratio: 10000.00 612960-613913 orient(-) score(1908.00) noncoding_equivalent(0.19) raw_noncoding(0.00) offset(0.00)
613913	612960	single-	4	6	{Augustus_gene213.t1;Augustus}

# EVM prediction: Mode:STANDARD S-ratio: 10000.00 615776-617692 orient(+) score(3834.00) noncoding_equivalent(0.38) raw_noncoding(0.00) offset(0.00)
615776	617692	single+	1	3	{Augustus_gene28.t1;Augustus}

# EVM prediction: Mode:STANDARD S-ratio: 10000.00 618048-618980 orient(-) score(1866.00) noncoding_equivalent(0.19) raw_noncoding(0.00) offset(0.00)
618980	618048	single-	4	6	{Augustus_gene40.t1;Augustus}

# EVM prediction: Mode:STANDARD S-ratio: 10000.00 619253-621238 orient(+) score(3972.00) noncoding_equivalent(0.40) raw_noncoding(0.00) offset(0.00)
619253	621238	single+	1	3	{Augustus_gene217.t1;Augustus}

# EVM prediction: Mode:STANDARD S-ratio: 10000.00 632410-633241 orient(+) score(1664.00) noncoding_equivalent(0.17) raw_noncoding(0.00) offset(0.00)
632410	633241	initial+	1	1	{Augustus_gene123.t1;Augustus}

# EVM prediction: Mode:STANDARD S-ratio: 10000.00 633756-640457 orient(-) score(13404.00) noncoding_equivalent(1.34) raw_noncoding(0.00) offset(0.00)
640457	633756	single-	4	6	{Augustus_gene825.t1;Augustus}

# EVM prediction: Mode:STANDARD S-ratio: 10000.00 642122-642811 orient(+) score(1380.00) noncoding_equivalent(0.14) raw_noncoding(0.00) offset(0.00)
642122	642811	single+	1	3	{Augustus_gene787.t1;Augustus}

# EVM prediction: Mode:STANDARD S-ratio: 10000.00 673662-674556 orient(-) score(1790.00) noncoding_equivalent(0.18) raw_noncoding(0.00) offset(0.00)
674112	673662	terminal-	6	6	{Augustus_gene1150.t1;Augustus}
674362	674113	INTRON			{Augustus_gene1150.t1;Augustus}
674556	674363	initial-	4	5	{Augustus_gene1150.t1;Augustus}

# EVM prediction: Mode:STANDARD S-ratio: 10000.00 674906-676813 orient(+) score(3816.00) noncoding_equivalent(0.38) raw_noncoding(0.00) offset(0.00)
674906	676813	single+	1	3	{Augustus_gene220.t1;Augustus}

# EVM prediction: Mode:STANDARD S-ratio: 10000.00 681260-682450 orient(+) score(2382.00) noncoding_equivalent(0.24) raw_noncoding(0.00) offset(0.00)
681260	682450	single+	1	3	{Augustus_gene730.t1;Augustus}

# EVM prediction: Mode:STANDARD S-ratio: 10000.00 687324-687731 orient(+) score(816.00) noncoding_equivalent(0.08) raw_noncoding(0.00) offset(0.00)
687324	687731	single+	1	3	{Augustus_gene990.t1;Augustus}

# EVM prediction: Mode:STANDARD S-ratio: 10000.00 698958-700283 orient(-) score(2652.00) noncoding_equivalent(0.27) raw_noncoding(0.00) offset(0.00)
700283	698958	single-	4	6	{Augustus_gene277.t1;Augustus}

