!! Predictions spanning range 270 - 99177 [R1]
# EVM prediction: Mode:STANDARD S-ratio: 6.55 270-1727 orient(-) score(3795.00) noncoding_equivalent(579.00) raw_noncoding(579.00) offset(0.00) 
1727	270	single-	4	6	{GlimmerHMM_glimmerT_2782-T1;GlimmerHMM}

# EVM prediction: Mode:STANDARD S-ratio: 10000.00 2463-4007 orient(+) score(4635.00) noncoding_equivalent(0.46) raw_noncoding(0.00) offset(0.00) 
2463	4007	single+	1	3	{GlimmerHMM_glimmerT_2783-T1;GlimmerHMM},{Augustus_model.g2489.t1;Augustus}

# EVM prediction: Mode:STANDARD S-ratio: 2.00 4515-5765 orient(+) score(2502.00) noncoding_equivalent(1251.00) raw_noncoding(1251.00) offset(0.00) 
4515	5765	single+	1	3	{Augustus_model.g2490.t1;Augustus},{GlimmerHMM_glimmerT_2784-T1;GlimmerHMM}

# EVM prediction: Mode:STANDARD S-ratio: 197.62 5951-6283 orient(-) score(992.00) noncoding_equivalent(5.02) raw_noncoding(5.02) offset(0.00) 
6283	5951	single-	4	6	{GlimmerHMM_glimmerT_2785-T1;GlimmerHMM},{Augustus_model.g2491.t1;Augustus}

# EVM prediction: Mode:STANDARD S-ratio: 8.12 8696-9634 orient(+) score(2508.00) noncoding_equivalent(309.00) raw_noncoding(309.00) offset(0.00) 
8696	9634	single+	1	3	{Augustus_model.g2492.t1;Augustus}

# EVM prediction: Mode:STANDARD S-ratio: 66.88 10382-11722 orient(-) score(3962.00) noncoding_equivalent(59.24) raw_noncoding(59.24) offset(0.00) 
11722	10382	single-	4	6	{GlimmerHMM_glimmerT_2787-T1;GlimmerHMM},{Augustus_model.g2493.t1;Augustus}

# EVM prediction: Mode:STANDARD S-ratio: 46.35 12436-15167 orient(-) score(8083.00) noncoding_equivalent(174.39) raw_noncoding(230.82) offset(56.43) 
15054	12436	terminal-	4	6	{Augustus_model.g2494.t1;Augustus},{GlimmerHMM_glimmerT_2788-T1;GlimmerHMM}
15119	15055	INTRON			{Augustus_model.g2494.t1;Augustus},{GlimmerHMM_glimmerT_2788-T1;GlimmerHMM}
15167	15120	initial-	4	6	{Augustus_model.g2494.t1;Augustus},{GlimmerHMM_glimmerT_2788-T1;GlimmerHMM}

# EVM prediction: Mode:STANDARD S-ratio: 10000.00 15717-17078 orient(-) score(4086.00) noncoding_equivalent(0.41) raw_noncoding(0.00) offset(0.00) 
17078	15717	single-	4	6	{GlimmerHMM_glimmerT_2789-T1;GlimmerHMM},{Augustus_model.g2495.t1;Augustus}

# EVM prediction: Mode:STANDARD S-ratio: 142.71 19182-20819 orient(+) score(4878.00) noncoding_equivalent(34.18) raw_noncoding(34.18) offset(0.00) 
19182	20819	single+	1	3	{Augustus_model.g2496.t1;Augustus},{GlimmerHMM_glimmerT_2790-T1;GlimmerHMM}

# EVM prediction: Mode:STANDARD S-ratio: 238.60 21654-23099 orient(+) score(4318.00) noncoding_equivalent(18.10) raw_noncoding(18.10) offset(0.00) 
21654	23099	single+	1	3	{GlimmerHMM_glimmerT_2791-T1;GlimmerHMM},{Augustus_model.g2497.t1;Augustus}

# EVM prediction: Mode:STANDARD S-ratio: 10000.00 23133-24662 orient(-) score(4590.00) noncoding_equivalent(0.46) raw_noncoding(0.00) offset(0.00) 
24662	23133	single-	4	6	{GlimmerHMM_glimmerT_2792-T1;GlimmerHMM},{Augustus_model.g2498.t1;Augustus}

# EVM prediction: Mode:STANDARD S-ratio: 1.97 24847-26042 orient(+) score(2336.00) noncoding_equivalent(1188.46) raw_noncoding(1244.46) offset(56.00) 
24847	25952	initial+	1	2	{Augustus_model.g2499.t1;Augustus}
25953	26008	INTRON			{Augustus_model.g2499.t1;Augustus}
26009	26042	terminal+	3	3	{Augustus_model.g2499.t1;Augustus}

# EVM prediction: Mode:STANDARD S-ratio: 50.03 26120-28435 orient(-) score(6804.00) noncoding_equivalent(136.00) raw_noncoding(136.00) offset(0.00) 
28435	26120	single-	4	6	{Augustus_model.g2500.t1;Augustus}

# EVM prediction: Mode:STANDARD S-ratio: 4.43 28788-31917 orient(-) score(6499.00) noncoding_equivalent(1466.23) raw_noncoding(4228.74) offset(2762.51) 
30488	28788	terminal-	4	6	{snap_scaffold_3-snap.466-T1;snap}
31911	30489	INTRON			{snap_scaffold_3-snap.466-T1;snap}
31917	31912	initial-	4	6	{snap_scaffold_3-snap.466-T1;snap}

# EVM prediction: Mode:STANDARD S-ratio: 10000.00 34413-35714 orient(-) score(3906.00) noncoding_equivalent(0.39) raw_noncoding(0.00) offset(0.00) 
35714	34413	single-	4	6	{GlimmerHMM_glimmerT_2796-T1;GlimmerHMM},{Augustus_model.g2502.t1;Augustus}

# EVM prediction: Mode:STANDARD S-ratio: 10.93 36425-37523 orient(+) score(2930.00) noncoding_equivalent(268.17) raw_noncoding(394.00) offset(125.83) 
36425	36429	initial+	1	2	{snap_scaffold_3-snap.468-T1;snap}
36430	36529	INTRON			{snap_scaffold_3-snap.468-T1;snap}
36530	37523	terminal+	3	3	{snap_scaffold_3-snap.468-T1;snap}

# EVM prediction: Mode:STANDARD S-ratio: 380.14 38390-40834 orient(+) score(7314.00) noncoding_equivalent(19.24) raw_noncoding(19.24) offset(0.00) 
38390	40834	single+	1	3	{Augustus_model.g2504.t1;Augustus},{GlimmerHMM_glimmerT_2798-T1;GlimmerHMM}

# EVM prediction: Mode:STANDARD S-ratio: 2.37 41100-41876 orient(-) score(1278.00) noncoding_equivalent(540.16) raw_noncoding(1403.20) offset(863.04) 
41365	41100	terminal-	5	6	{snap_scaffold_3-snap.470-T1;snap}
41869	41366	INTRON			{snap_scaffold_3-snap.470-T1;snap}
41876	41870	initial-	4	4	{snap_scaffold_3-snap.470-T1;snap}

# EVM prediction: Mode:STANDARD S-ratio: 39.17 42168-44264 orient(-) score(6135.00) noncoding_equivalent(156.63) raw_noncoding(156.63) offset(0.00) 
44264	42168	single-	4	6	{GlimmerHMM_glimmerT_2801-T1;GlimmerHMM}

# EVM prediction: Mode:STANDARD S-ratio: 26.23 44551-45612 orient(-) score(3069.00) noncoding_equivalent(117.00) raw_noncoding(117.00) offset(0.00) 
45612	44551	single-	4	6	{Augustus_model.g2506.t1;Augustus},{GlimmerHMM_glimmerT_2802-T1;GlimmerHMM}

# EVM prediction: Mode:STANDARD S-ratio: 29.79 45977-46873 orient(-) score(2602.00) noncoding_equivalent(87.35) raw_noncoding(87.35) offset(0.00) 
46873	45977	single-	4	6	{GlimmerHMM_glimmerT_2803-T1;GlimmerHMM},{Augustus_model.g2507.t1;Augustus}

# EVM prediction: Mode:STANDARD S-ratio: 9.28 47596-48749 orient(-) score(2886.00) noncoding_equivalent(311.16) raw_noncoding(828.05) offset(516.89) 
48482	47596	terminal-	5	6	{snap_scaffold_3-snap.474-T1;snap}
48745	48483	INTRON			{snap_scaffold_3-snap.474-T1;snap}
48749	48746	initial-	4	4	{snap_scaffold_3-snap.474-T1;snap}

# EVM prediction: Mode:STANDARD S-ratio: 90.58 49015-49995 orient(-) score(2909.00) noncoding_equivalent(32.12) raw_noncoding(32.12) offset(0.00) 
49995	49015	single-	4	6	{GlimmerHMM_glimmerT_2805-T1;GlimmerHMM}

# EVM prediction: Mode:STANDARD S-ratio: 10000.00 51317-52471 orient(-) score(3465.00) noncoding_equivalent(0.35) raw_noncoding(0.00) offset(0.00) 
52471	51317	single-	4	6	{Augustus_model.g2509.t1;Augustus},{GlimmerHMM_glimmerT_2806-T1;GlimmerHMM}

# EVM prediction: Mode:STANDARD S-ratio: 1.98 53238-54716 orient(+) score(2950.00) noncoding_equivalent(1487.02) raw_noncoding(1487.02) offset(0.00) 
53238	54716	single+	1	3	{GlimmerHMM_glimmerT_2807-T1;GlimmerHMM}

# EVM prediction: Mode:STANDARD S-ratio: 25.05 54756-60872 orient(+) score(17088.00) noncoding_equivalent(682.28) raw_noncoding(1803.87) offset(1121.59) 
54756	54760	initial+	1	2	{snap_scaffold_3-snap.477-T1;snap}
54761	55339	INTRON			{snap_scaffold_3-snap.477-T1;snap}
55340	60872	terminal+	3	3	{snap_scaffold_3-snap.477-T1;snap}

# EVM prediction: Mode:STANDARD S-ratio: 142.83 62702-64528 orient(+) score(5441.00) noncoding_equivalent(38.10) raw_noncoding(38.10) offset(0.00) 
62702	64528	single+	1	3	{Augustus_model.g2511.t1;Augustus},{GlimmerHMM_glimmerT_2809-T1;GlimmerHMM}

# EVM prediction: Mode:STANDARD S-ratio: 526.83 64771-66204 orient(+) score(4292.00) noncoding_equivalent(8.15) raw_noncoding(8.15) offset(0.00) 
64771	66204	single+	1	3	{GlimmerHMM_glimmerT_2810-T1;GlimmerHMM},{Augustus_model.g2512.t1;Augustus}

# EVM prediction: Mode:STANDARD S-ratio: 10000.00 66216-67487 orient(-) score(3816.00) noncoding_equivalent(0.38) raw_noncoding(0.00) offset(0.00) 
67487	66216	single-	4	6	{GlimmerHMM_glimmerT_2811-T1;GlimmerHMM},{Augustus_model.g2513.t1;Augustus}

# EVM prediction: Mode:STANDARD S-ratio: 376.19 68997-71150 orient(+) score(6443.00) noncoding_equivalent(17.13) raw_noncoding(17.13) offset(0.00) 
68997	71150	single+	1	3	{Augustus_model.g2514.t1;Augustus},{GlimmerHMM_glimmerT_2813-T1;GlimmerHMM}

# EVM prediction: Mode:STANDARD S-ratio: 33.00 71414-72331 orient(-) score(2673.00) noncoding_equivalent(81.00) raw_noncoding(81.00) offset(0.00) 
72331	71414	single-	4	6	{GlimmerHMM_glimmerT_2814-T1;GlimmerHMM},{Augustus_model.g2515.t1;Augustus}

# EVM prediction: Mode:STANDARD S-ratio: 10000.00 72516-75644 orient(+) score(9378.00) noncoding_equivalent(0.94) raw_noncoding(0.00) offset(0.00) 
72516	75644	single+	1	3	{GlimmerHMM_glimmerT_2815-T1;GlimmerHMM},{Augustus_model.g2516.t1;Augustus}

# EVM prediction: Mode:STANDARD S-ratio: 37.44 76014-78281 orient(+) score(6627.00) noncoding_equivalent(177.00) raw_noncoding(177.00) offset(0.00) 
76014	78281	single+	1	3	{Augustus_model.g2517.t1;Augustus},{GlimmerHMM_glimmerT_2816-T1;GlimmerHMM}

# EVM prediction: Mode:STANDARD S-ratio: 23.12 78593-79798 orient(+) score(3468.00) noncoding_equivalent(150.00) raw_noncoding(150.00) offset(0.00) 
78593	79798	single+	1	3	{GlimmerHMM_glimmerT_2817-T1;GlimmerHMM},{Augustus_model.g2518.t1;Augustus}

# EVM prediction: Mode:STANDARD S-ratio: 281.48 79804-80850 orient(-) score(3128.00) noncoding_equivalent(11.11) raw_noncoding(11.11) offset(0.00) 
80850	79804	single-	4	6	{GlimmerHMM_glimmerT_2818-T1;GlimmerHMM},{Augustus_model.g2519.t1;Augustus}

# EVM prediction: Mode:STANDARD S-ratio: 2.00 81040-81990 orient(+) score(1902.00) noncoding_equivalent(949.00) raw_noncoding(949.00) offset(0.00) 
81040	81990	single+	1	3	{Augustus_model.g2520.t1;Augustus},{GlimmerHMM_glimmerT_2819-T1;GlimmerHMM}

# EVM prediction: Mode:STANDARD S-ratio: 79.25 82015-83619 orient(-) score(4755.00) noncoding_equivalent(60.00) raw_noncoding(60.00) offset(0.00) 
83619	82015	single-	4	6	{GlimmerHMM_glimmerT_2820-T1;GlimmerHMM},{Augustus_model.g2521.t1;Augustus}

# EVM prediction: Mode:STANDARD S-ratio: 10000.00 83885-84724 orient(-) score(2520.00) noncoding_equivalent(0.25) raw_noncoding(0.00) offset(0.00) 
84724	83885	single-	4	6	{Augustus_model.g2522.t1;Augustus},{GlimmerHMM_glimmerT_2821-T1;GlimmerHMM}

# EVM prediction: Mode:STANDARD S-ratio: 986.94 85583-89896 orient(-) score(12927.00) noncoding_equivalent(13.10) raw_noncoding(13.10) offset(0.00) 
89896	85583	single-	4	6	{GlimmerHMM_glimmerT_2822-T1;GlimmerHMM},{Augustus_model.g2523.t1;Augustus}

# EVM prediction: Mode:STANDARD S-ratio: 44.72 90497-91645 orient(-) score(3368.00) noncoding_equivalent(75.31) raw_noncoding(75.31) offset(0.00) 
91645	90497	single-	4	6	{Augustus_model.g2524.t1;Augustus}

# EVM prediction: Mode:STANDARD S-ratio: 34.69 92842-94551 orient(+) score(4985.00) noncoding_equivalent(143.72) raw_noncoding(143.72) offset(0.00) 
92842	94551	single+	1	3	{Augustus_model.g2525.t1;Augustus},{GlimmerHMM_glimmerT_2824-T1;GlimmerHMM}

# EVM prediction: Mode:STANDARD S-ratio: 10000.00 94660-96525 orient(-) score(5598.00) noncoding_equivalent(0.56) raw_noncoding(0.00) offset(0.00) 
96525	94660	single-	4	6	{GlimmerHMM_glimmerT_2825-T1;GlimmerHMM},{Augustus_model.g2526.t1;Augustus}

# EVM prediction: Mode:STANDARD S-ratio: 18.65 96800-97978 orient(-) score(3357.00) noncoding_equivalent(180.00) raw_noncoding(180.00) offset(0.00) 
97978	96800	single-	4	6	{GlimmerHMM_glimmerT_2826-T1;GlimmerHMM},{Augustus_model.g2527.t1;Augustus}

# EVM prediction: Mode:STANDARD S-ratio: 2.00 98218-99177 orient(-) score(1920.00) noncoding_equivalent(960.00) raw_noncoding(960.00) offset(0.00) 
99177	98218	single-	4	6	{Augustus_model.g2528.t1;Augustus},{GlimmerHMM_glimmerT_2827-T1;GlimmerHMM}

