!! Predictions spanning range 7998 - 99153 [R1]
# EVM prediction: Mode:STANDARD S-ratio: 126.00 7998-10160 orient(-) score(6436.00) noncoding_equivalent(51.08) raw_noncoding(51.08) offset(0.00) 
10160	7998	single-	4	6	{Augustus_model.g4838.t1;Augustus},{GlimmerHMM_glimmerT_5478-T1;GlimmerHMM}

# EVM prediction: Mode:STANDARD S-ratio: 281.00 13551-16088 orient(-) score(7587.00) noncoding_equivalent(27.00) raw_noncoding(27.00) offset(0.00) 
16088	13551	single-	4	6	{GlimmerHMM_glimmerT_5479-T1;GlimmerHMM},{Augustus_model.g4839.t1;Augustus}

# EVM prediction: Mode:STANDARD S-ratio: 11.25 16379-19258 orient(-) score(8640.00) noncoding_equivalent(767.89) raw_noncoding(767.89) offset(0.00) 
19258	16379	single-	4	6	{Augustus_model.g4840.t1;Augustus},{GlimmerHMM_glimmerT_5480-T1;GlimmerHMM}

# EVM prediction: Mode:STANDARD S-ratio: 4.34 20228-23212 orient(+) score(8955.00) noncoding_equivalent(2063.37) raw_noncoding(2063.37) offset(0.00) 
20228	23212	single+	1	3	{Augustus_model.g4841.t1;Augustus},{GlimmerHMM_glimmerT_5481-T1;GlimmerHMM}

# EVM prediction: Mode:STANDARD S-ratio: 1.76 23628-24761 orient(-) score(2168.00) noncoding_equivalent(1232.14) raw_noncoding(1232.14) offset(0.00) 
24761	23628	single-	4	6	{GlimmerHMM_glimmerT_5482-T1;GlimmerHMM}

# EVM prediction: Mode:STANDARD S-ratio: 15.19 28032-30284 orient(-) score(6340.00) noncoding_equivalent(417.32) raw_noncoding(417.32) offset(0.00) 
30284	28032	single-	4	6	{GlimmerHMM_glimmerT_5484-T1;GlimmerHMM}

# EVM prediction: Mode:STANDARD S-ratio: 18.49 30975-32116 orient(-) score(3183.00) noncoding_equivalent(172.16) raw_noncoding(279.00) offset(106.84) 
31567	30975	terminal-	5	6	{Augustus_model.g4843.t1;Augustus}
31638	31568	INTRON			{Augustus_model.g4843.t1;Augustus}
32116	31639	initial-	4	4	{Augustus_model.g4843.t1;Augustus},{GlimmerHMM_glimmerT_5485-T1;GlimmerHMM}

# EVM prediction: Mode:STANDARD S-ratio: 4.58 33945-35499 orient(+) score(3787.00) noncoding_equivalent(826.00) raw_noncoding(878.00) offset(52.00) 
33945	33948	initial+	1	1	{snap_scaffold_7-snap.336-T1;snap}
33949	34000	INTRON			{snap_scaffold_7-snap.336-T1;snap}
34001	35499	terminal+	2	3	{snap_scaffold_7-snap.336-T1;snap}

# EVM prediction: Mode:STANDARD S-ratio: 10000.00 35982-36497 orient(+) score(1548.00) noncoding_equivalent(0.15) raw_noncoding(0.00) offset(0.00) 
35982	36497	single+	1	3	{Augustus_model.g4845.t1;Augustus},{GlimmerHMM_glimmerT_5487-T1;GlimmerHMM}

# EVM prediction: Mode:STANDARD S-ratio: 149.08 36924-37175 orient(+) score(749.00) noncoding_equivalent(5.02) raw_noncoding(5.02) offset(0.00) 
36924	37175	single+	1	3	{GlimmerHMM_glimmerT_5488-T1;GlimmerHMM},{Augustus_model.g4846.t1;Augustus}

# EVM prediction: Mode:STANDARD S-ratio: 10000.00 37516-38199 orient(-) score(2052.00) noncoding_equivalent(0.21) raw_noncoding(0.00) offset(0.00) 
38199	37516	single-	4	6	{Augustus_model.g4847.t1;Augustus},{GlimmerHMM_glimmerT_5489-T1;GlimmerHMM}

# EVM prediction: Mode:STANDARD S-ratio: 17.98 38636-45904 orient(+) score(21211.00) noncoding_equivalent(1180.02) raw_noncoding(1740.55) offset(560.52) 
38636	38643	initial+	1	2	{Augustus_model.g4848.t1;Augustus},{snap_scaffold_7-snap.340-T1;snap}
38644	39231	INTRON			{Augustus_model.g4848.t1;Augustus},{snap_scaffold_7-snap.340-T1;snap}
39232	45904	terminal+	3	3	{Augustus_model.g4848.t1;Augustus},{snap_scaffold_7-snap.340-T1;snap}

# EVM prediction: Mode:STANDARD S-ratio: 54.16 46421-47119 orient(+) score(2059.00) noncoding_equivalent(38.01) raw_noncoding(38.01) offset(0.00) 
46421	47119	single+	1	3	{GlimmerHMM_glimmerT_5491-T1;GlimmerHMM}

# EVM prediction: Mode:STANDARD S-ratio: 19.27 48163-50031 orient(+) score(5329.00) noncoding_equivalent(276.57) raw_noncoding(276.57) offset(0.00) 
48163	50031	single+	1	3	{GlimmerHMM_glimmerT_5492-T1;GlimmerHMM}

# EVM prediction: Mode:STANDARD S-ratio: 14.30 50250-52914 orient(+) score(7038.00) noncoding_equivalent(492.06) raw_noncoding(1369.13) offset(877.07) 
50250	50254	initial+	1	2	{snap_scaffold_7-snap.343-T1;snap}
50255	50717	INTRON			{snap_scaffold_7-snap.343-T1;snap}
50718	52914	terminal+	3	3	{snap_scaffold_7-snap.343-T1;snap}

# EVM prediction: Mode:STANDARD S-ratio: 29.75 53455-54192 orient(+) score(2142.00) noncoding_equivalent(72.00) raw_noncoding(72.00) offset(0.00) 
53455	54192	single+	1	3	{Augustus_model.g4850.t1;Augustus},{GlimmerHMM_glimmerT_5494-T1;GlimmerHMM}

# EVM prediction: Mode:STANDARD S-ratio: 76.10 54954-57020 orient(+) score(6119.00) noncoding_equivalent(80.41) raw_noncoding(80.41) offset(0.00) 
54954	57020	single+	1	3	{Augustus_model.g4851.t1;Augustus},{GlimmerHMM_glimmerT_5496-T1;GlimmerHMM}

# EVM prediction: Mode:STANDARD S-ratio: 88.26 57364-58923 orient(+) score(4623.00) noncoding_equivalent(52.38) raw_noncoding(52.38) offset(0.00) 
57364	58923	single+	1	3	{Augustus_model.g4852.t1;Augustus},{GlimmerHMM_glimmerT_5497-T1;GlimmerHMM}

# EVM prediction: Mode:STANDARD S-ratio: 19.33 59560-61938 orient(-) score(6786.00) noncoding_equivalent(351.00) raw_noncoding(351.00) offset(0.00) 
61938	59560	single-	4	6	{Augustus_model.g4853.t1;Augustus},{GlimmerHMM_glimmerT_5498-T1;GlimmerHMM}

# EVM prediction: Mode:STANDARD S-ratio: 4.89 64395-65546 orient(-) score(3456.00) noncoding_equivalent(707.45) raw_noncoding(707.45) offset(0.00) 
65546	64395	single-	4	6	{GlimmerHMM_glimmerT_5499-T1;GlimmerHMM},{Augustus_model.g4854.t1;Augustus}

# EVM prediction: Mode:STANDARD S-ratio: 3.52 65838-68477 orient(+) score(7774.00) noncoding_equivalent(2211.62) raw_noncoding(2211.62) offset(0.00) 
65838	68477	single+	1	3	{GlimmerHMM_glimmerT_5500-T1;GlimmerHMM},{Augustus_model.g4855.t1;Augustus}

# EVM prediction: Mode:STANDARD S-ratio: 31.92 71215-78806 orient(+) score(21899.00) noncoding_equivalent(686.11) raw_noncoding(688.11) offset(2.00) 
71215	78175	initial+	1	1	{Augustus_model.g4856.t1;Augustus}
78176	78300	INTRON			{Augustus_model.g4856.t1;Augustus}
78301	78806	terminal+	2	3	{Augustus_model.g4856.t1;Augustus}

# EVM prediction: Mode:STANDARD S-ratio: 1.72 83785-84099 orient(+) score(597.00) noncoding_equivalent(346.15) raw_noncoding(346.15) offset(0.00) 
83785	84099	single+	1	3	{GlimmerHMM_glimmerT_5503-T1;GlimmerHMM}

# EVM prediction: Mode:STANDARD S-ratio: 640.24 84319-85389 orient(-) score(3206.00) noncoding_equivalent(5.01) raw_noncoding(5.01) offset(0.00) 
85389	84319	single-	4	6	{Augustus_model.g4857.t1;Augustus},{GlimmerHMM_glimmerT_5504-T1;GlimmerHMM}

# EVM prediction: Mode:STANDARD S-ratio: 2.63 85941-86297 orient(+) score(1035.00) noncoding_equivalent(393.53) raw_noncoding(393.53) offset(0.00) 
85941	86297	single+	1	3	{Augustus_model.g4858.t1;Augustus},{GlimmerHMM_glimmerT_5505-T1;GlimmerHMM}

# EVM prediction: Mode:STANDARD S-ratio: 2.00 87663-88814 orient(+) score(2304.00) noncoding_equivalent(1152.00) raw_noncoding(1152.00) offset(0.00) 
87663	88814	single+	1	3	{Augustus_model.g4859.t1;Augustus},{GlimmerHMM_glimmerT_5506-T1;GlimmerHMM}

# EVM prediction: Mode:STANDARD S-ratio: 1.79 88830-90894 orient(-) score(3942.00) noncoding_equivalent(2204.70) raw_noncoding(2295.00) offset(90.30) 
88874	88830	terminal-	4	6	{Augustus_model.g4860.t1;Augustus}
88926	88875	INTRON			{Augustus_model.g4860.t1;Augustus}
90894	88927	initial-	4	6	{Augustus_model.g4860.t1;Augustus}

# EVM prediction: Mode:STANDARD S-ratio: 25.96 91231-92492 orient(+) score(3542.00) noncoding_equivalent(136.45) raw_noncoding(237.54) offset(101.08) 
91231	91238	initial+	1	2	{snap_scaffold_7-snap.354-T1;snap}
91239	91336	INTRON			{snap_scaffold_7-snap.354-T1;snap}
91337	92492	terminal+	3	3	{snap_scaffold_7-snap.354-T1;snap}

# EVM prediction: Mode:STANDARD S-ratio: 21.76 92873-95203 orient(-) score(6681.00) noncoding_equivalent(307.00) raw_noncoding(307.00) offset(0.00) 
95203	92873	single-	4	6	{Augustus_model.g4862.t1;Augustus},{GlimmerHMM_glimmerT_5509-T1;GlimmerHMM}

# EVM prediction: Mode:STANDARD S-ratio: 18.98 95286-95987 orient(-) score(1999.00) noncoding_equivalent(105.31) raw_noncoding(105.31) offset(0.00) 
95987	95286	single-	4	6	{GlimmerHMM_glimmerT_5510-T1;GlimmerHMM},{Augustus_model.g4863.t1;Augustus}

# EVM prediction: Mode:STANDARD S-ratio: 10000.00 97774-99153 orient(+) score(4140.00) noncoding_equivalent(0.41) raw_noncoding(0.00) offset(0.00) 
97774	99153	single+	1	3	{Augustus_model.g4864.t1;Augustus},{GlimmerHMM_glimmerT_5511-T1;GlimmerHMM}

