!! Predictions spanning range 17427 - 96259 [R1]
# EVM prediction: Mode:STANDARD S-ratio: 10000.00 17427-18074 orient(+) score(1296.00) noncoding_equivalent(0.13) raw_noncoding(0.00) offset(0.00) 
17427	18074	single+	1	3	{Augustus_gene705.t1;Augustus}

# EVM prediction: Mode:STANDARD S-ratio: 10000.00 31162-31921 orient(-) score(1520.00) noncoding_equivalent(0.15) raw_noncoding(0.00) offset(0.00) 
31804	31162	terminal-	6	6	{Augustus_gene1187.t1;Augustus}
31916	31805	INTRON			{Augustus_gene1187.t1;Augustus}
31921	31917	initial-	4	5	{Augustus_gene1187.t1;Augustus}

# EVM prediction: Mode:STANDARD S-ratio: 10000.00 34942-38644 orient(-) score(7406.00) noncoding_equivalent(0.74) raw_noncoding(0.00) offset(0.00) 
36641	34942	terminal-	5	6	{Augustus_gene197.t1;Augustus}
37285	36642	INTRON			{Augustus_gene197.t1;Augustus}
37348	37286	internal-	5	4	{Augustus_gene197.t1;Augustus}
37540	37349	INTRON			{Augustus_gene197.t1;Augustus}
37711	37541	internal-	5	4	{Augustus_gene197.t1;Augustus}
37807	37712	INTRON			{Augustus_gene197.t1;Augustus}
37833	37808	internal-	6	4	{Augustus_gene197.t1;Augustus}
38262	37834	INTRON			{Augustus_gene197.t1;Augustus}
38460	38263	internal-	6	5	{Augustus_gene197.t1;Augustus}
38594	38461	INTRON			{Augustus_gene197.t1;Augustus}
38644	38595	initial-	4	5	{Augustus_gene197.t1;Augustus}

# EVM prediction: Mode:STANDARD S-ratio: 10000.00 47591-47854 orient(-) score(528.00) noncoding_equivalent(0.05) raw_noncoding(0.00) offset(0.00) 
47854	47591	single-	4	6	{Augustus_gene173.t1;Augustus}

# EVM prediction: Mode:STANDARD S-ratio: 10000.00 48095-48898 orient(-) score(1608.00) noncoding_equivalent(0.16) raw_noncoding(0.00) offset(0.00) 
48898	48095	single-	4	6	{Augustus_gene39.t1;Augustus}

# EVM prediction: Mode:STANDARD S-ratio: 10000.00 60174-60613 orient(+) score(878.00) noncoding_equivalent(0.09) raw_noncoding(0.00) offset(0.00) 
60174	60192	initial+	1	1	{Augustus_gene331.t1;Augustus}
60193	60296	INTRON			{Augustus_gene331.t1;Augustus}
60297	60613	terminal+	2	3	{Augustus_gene331.t1;Augustus}

# EVM prediction: Mode:STANDARD S-ratio: 10000.00 76240-77811 orient(+) score(3144.00) noncoding_equivalent(0.31) raw_noncoding(0.00) offset(0.00) 
76240	77811	single+	1	3	{Augustus_gene482.t1;Augustus}

# EVM prediction: Mode:STANDARD S-ratio: 10000.00 77982-78637 orient(-) score(1312.00) noncoding_equivalent(0.13) raw_noncoding(0.00) offset(0.00) 
78516	77982	terminal-	6	6	{Augustus_gene155.t1;Augustus}
78626	78517	INTRON			{Augustus_gene155.t1;Augustus}
78637	78627	initial-	4	5	{Augustus_gene155.t1;Augustus}

# EVM prediction: Mode:STANDARD S-ratio: 10000.00 83826-84203 orient(+) score(756.00) noncoding_equivalent(0.08) raw_noncoding(0.00) offset(0.00) 
83826	84203	single+	1	3	{Augustus_gene1013.t1;Augustus}

# EVM prediction: Mode:STANDARD S-ratio: 10000.00 89806-90402 orient(+) score(1194.00) noncoding_equivalent(0.12) raw_noncoding(0.00) offset(0.00) 
89806	90402	single+	1	3	{Augustus_gene681.t1;Augustus}

# EVM prediction: Mode:STANDARD S-ratio: 10000.00 94640-96259 orient(+) score(3240.00) noncoding_equivalent(0.32) raw_noncoding(0.00) offset(0.00) 
94640	96259	single+	1	3	{Augustus_gene804.t1;Augustus}

