!! Predictions spanning range 2064 - 99037 [R1]
# EVM prediction: Mode:STANDARD S-ratio: 10000.00 2064-3218 orient(-) score(2310.00) noncoding_equivalent(0.23) raw_noncoding(0.00) offset(0.00) 
3218	2064	single-	4	6	{Augustus_gene147.t1;Augustus}

# EVM prediction: Mode:STANDARD S-ratio: 10000.00 7009-8319 orient(-) score(2622.00) noncoding_equivalent(0.26) raw_noncoding(0.00) offset(0.00) 
8319	7009	single-	4	6	{Augustus_gene892.t1;Augustus}

# EVM prediction: Mode:STANDARD S-ratio: 10000.00 22075-23421 orient(-) score(2694.00) noncoding_equivalent(0.27) raw_noncoding(0.00) offset(0.00) 
23421	22075	single-	4	6	{Augustus_gene884.t1;Augustus}

# EVM prediction: Mode:STANDARD S-ratio: 10000.00 29622-31073 orient(-) score(2904.00) noncoding_equivalent(0.29) raw_noncoding(0.00) offset(0.00) 
31073	29622	single-	4	6	{Augustus_gene950.t1;Augustus}

# EVM prediction: Mode:STANDARD S-ratio: 10000.00 31423-33081 orient(-) score(3318.00) noncoding_equivalent(0.33) raw_noncoding(0.00) offset(0.00) 
33081	31423	single-	4	6	{Augustus_gene766.t1;Augustus}

# EVM prediction: Mode:STANDARD S-ratio: 10000.00 38005-38928 orient(+) score(1848.00) noncoding_equivalent(0.18) raw_noncoding(0.00) offset(0.00) 
38005	38928	single+	1	3	{Augustus_gene416.t1;Augustus}

# EVM prediction: Mode:STANDARD S-ratio: 10000.00 40352-40909 orient(-) score(1116.00) noncoding_equivalent(0.11) raw_noncoding(0.00) offset(0.00) 
40909	40352	single-	4	6	{Augustus_gene758.t1;Augustus}

# EVM prediction: Mode:STANDARD S-ratio: 10000.00 45498-46337 orient(+) score(1680.00) noncoding_equivalent(0.17) raw_noncoding(0.00) offset(0.00) 
45498	46337	single+	1	3	{Augustus_gene120.t1;Augustus}

# EVM prediction: Mode:STANDARD S-ratio: 10000.00 49251-51251 orient(-) score(4002.00) noncoding_equivalent(0.40) raw_noncoding(0.00) offset(0.00) 
51251	49251	single-	4	6	{Augustus_gene1023.t1;Augustus}

# EVM prediction: Mode:STANDARD S-ratio: 10000.00 51444-52142 orient(-) score(1398.00) noncoding_equivalent(0.14) raw_noncoding(0.00) offset(0.00) 
52142	51444	single-	4	6	{Augustus_gene175.t1;Augustus}

# EVM prediction: Mode:STANDARD S-ratio: 10000.00 57911-58228 orient(+) score(636.00) noncoding_equivalent(0.06) raw_noncoding(0.00) offset(0.00) 
57911	58228	single+	1	3	{Augustus_gene383.t1;Augustus}

# EVM prediction: Mode:STANDARD S-ratio: 10000.00 58776-59111 orient(-) score(672.00) noncoding_equivalent(0.07) raw_noncoding(0.00) offset(0.00) 
59111	58776	single-	4	6	{Augustus_gene1175.t1;Augustus}

# EVM prediction: Mode:STANDARD S-ratio: 10000.00 77868-79223 orient(+) score(2712.00) noncoding_equivalent(0.27) raw_noncoding(0.00) offset(0.00) 
77868	79223	single+	1	3	{Augustus_gene1180.t1;Augustus}

# EVM prediction: Mode:STANDARD S-ratio: 10000.00 93206-94489 orient(+) score(2568.00) noncoding_equivalent(0.26) raw_noncoding(0.00) offset(0.00) 
93206	94489	single+	1	3	{Augustus_gene1086.t1;Augustus}

# EVM prediction: Mode:STANDARD S-ratio: 10000.00 96383-99037 orient(+) score(5310.00) noncoding_equivalent(0.53) raw_noncoding(0.00) offset(0.00) 
96383	99037	single+	1	3	{Augustus_gene1047.t1;Augustus}

