!! Predictions spanning range 17 - 80591 [R1]
# EVM prediction: Mode:STANDARD S-ratio: 10000.00 17-3741 orient(-) score(7450.00) noncoding_equivalent(0.74) raw_noncoding(0.00) offset(0.00) 
46	17	terminal-	4	6	{Augustus_gene640.t1;Augustus}
105	47	INTRON			{Augustus_gene640.t1;Augustus}
793	106	internal-	6	6	{Augustus_gene640.t1;Augustus}
2371	794	INTRON			{Augustus_gene640.t1;Augustus}
3741	2372	initial-	4	5	{Augustus_gene640.t1;Augustus}

# EVM prediction: Mode:STANDARD S-ratio: 10000.00 35288-38260 orient(+) score(5946.00) noncoding_equivalent(0.59) raw_noncoding(0.00) offset(0.00) 
35288	38260	single+	1	3	{Augustus_gene763.t1;Augustus}

# EVM prediction: Mode:STANDARD S-ratio: 10000.00 38441-40756 orient(+) score(4632.00) noncoding_equivalent(0.46) raw_noncoding(0.00) offset(0.00) 
38441	40756	single+	1	3	{Augustus_gene1054.t1;Augustus}

# EVM prediction: Mode:STANDARD S-ratio: 10000.00 46847-49381 orient(-) score(5070.00) noncoding_equivalent(0.51) raw_noncoding(0.00) offset(0.00) 
49381	46847	single-	4	6	{Augustus_gene208.t1;Augustus}

# EVM prediction: Mode:STANDARD S-ratio: 10000.00 73991-75340 orient(-) score(2700.00) noncoding_equivalent(0.27) raw_noncoding(0.00) offset(0.00) 
75340	73991	single-	4	6	{Augustus_gene260.t1;Augustus}

# EVM prediction: Mode:STANDARD S-ratio: 10000.00 75553-76467 orient(+) score(1830.00) noncoding_equivalent(0.18) raw_noncoding(0.00) offset(0.00) 
75553	76467	single+	1	3	{Augustus_gene725.t1;Augustus}

# EVM prediction: Mode:STANDARD S-ratio: 10000.00 77757-80591 orient(+) score(5670.00) noncoding_equivalent(0.57) raw_noncoding(0.00) offset(0.00) 
77757	77765	initial+	1	3	{Augustus_gene585.t1;Augustus}
77766	77990	INTRON			{Augustus_gene585.t1;Augustus}
77991	78045	internal+	1	1	{Augustus_gene585.t1;Augustus}
78046	79331	INTRON			{Augustus_gene585.t1;Augustus}
79332	79354	internal+	2	3	{Augustus_gene585.t1;Augustus}
79355	80512	INTRON			{Augustus_gene585.t1;Augustus}
80513	80591	internal+	1	1	{Augustus_gene585.t1;Augustus}

!! Predictions spanning range 82496 - 83634 [R2]
# EVM prediction: Mode:STANDARD S-ratio: 10000.00 82496-83634 orient(+) score(2278.00) noncoding_equivalent(0.23) raw_noncoding(0.00) offset(0.00) 
82496	83634	terminal+	2	3	{Augustus_gene585.t1;Augustus}

