!! Predictions spanning range 6381 - 86114 [R1]
# EVM prediction: Mode:STANDARD S-ratio: 10000.00 6381-7911 orient(-) score(3062.00) noncoding_equivalent(0.31) raw_noncoding(0.00) offset(0.00) 
7831	6381	terminal-	5	6	{Augustus_gene1135.t1;Augustus}
7886	7832	INTRON			{Augustus_gene1135.t1;Augustus}
7911	7887	initial-	4	4	{Augustus_gene1135.t1;Augustus}

# EVM prediction: Mode:STANDARD S-ratio: 10000.00 8399-10600 orient(-) score(4404.00) noncoding_equivalent(0.44) raw_noncoding(0.00) offset(0.00) 
10600	8399	single-	4	6	{Augustus_gene409.t1;Augustus}

# EVM prediction: Mode:STANDARD S-ratio: 10000.00 21207-21569 orient(+) score(726.00) noncoding_equivalent(0.07) raw_noncoding(0.00) offset(0.00) 
21207	21569	single+	1	3	{Augustus_gene850.t1;Augustus}

# EVM prediction: Mode:STANDARD S-ratio: 10000.00 21992-24301 orient(+) score(4620.00) noncoding_equivalent(0.46) raw_noncoding(0.00) offset(0.00) 
21992	24301	single+	1	3	{Augustus_gene82.t1;Augustus}

# EVM prediction: Mode:STANDARD S-ratio: 10000.00 28336-29439 orient(-) score(2208.00) noncoding_equivalent(0.22) raw_noncoding(0.00) offset(0.00) 
29439	28336	single-	4	6	{Augustus_gene1078.t1;Augustus}

# EVM prediction: Mode:STANDARD S-ratio: 10000.00 34330-35985 orient(+) score(3312.00) noncoding_equivalent(0.33) raw_noncoding(0.00) offset(0.00) 
34330	35985	single+	1	3	{Augustus_gene872.t1;Augustus}

# EVM prediction: Mode:STANDARD S-ratio: 10000.00 51922-54927 orient(+) score(6012.00) noncoding_equivalent(0.60) raw_noncoding(0.00) offset(0.00) 
51922	54927	single+	1	3	{Augustus_gene564.t1;Augustus}

# EVM prediction: Mode:STANDARD S-ratio: 10000.00 55852-57078 orient(+) score(2454.00) noncoding_equivalent(0.25) raw_noncoding(0.00) offset(0.00) 
55852	57078	single+	1	3	{Augustus_gene290.t1;Augustus}

# EVM prediction: Mode:STANDARD S-ratio: 10000.00 57264-59294 orient(-) score(4062.00) noncoding_equivalent(0.41) raw_noncoding(0.00) offset(0.00) 
59294	57264	single-	4	6	{Augustus_gene268.t1;Augustus}

# EVM prediction: Mode:STANDARD S-ratio: 10000.00 71215-71955 orient(-) score(1482.00) noncoding_equivalent(0.15) raw_noncoding(0.00) offset(0.00) 
71955	71215	single-	4	6	{Augustus_gene1067.t1;Augustus}

# EVM prediction: Mode:STANDARD S-ratio: 10000.00 72299-73903 orient(-) score(3210.00) noncoding_equivalent(0.32) raw_noncoding(0.00) offset(0.00) 
73903	72299	single-	4	6	{Augustus_gene1072.t1;Augustus}

# EVM prediction: Mode:STANDARD S-ratio: 10000.00 74180-77461 orient(-) score(6564.00) noncoding_equivalent(0.66) raw_noncoding(0.00) offset(0.00) 
77461	74180	single-	4	6	{Augustus_gene508.t1;Augustus}

# EVM prediction: Mode:STANDARD S-ratio: 10000.00 83804-84232 orient(+) score(858.00) noncoding_equivalent(0.09) raw_noncoding(0.00) offset(0.00) 
83804	84232	single+	1	3	{Augustus_gene965.t1;Augustus}

# EVM prediction: Mode:STANDARD S-ratio: 10000.00 84735-86114 orient(+) score(2760.00) noncoding_equivalent(0.28) raw_noncoding(0.00) offset(0.00) 
84735	86114	single+	1	3	{Augustus_gene762.t1;Augustus}

