!! Predictions spanning range 2416 - 82378 [R1]
# EVM prediction: Mode:STANDARD S-ratio: 10000.00 2416-7012 orient(+) score(9194.00) noncoding_equivalent(0.92) raw_noncoding(0.00) offset(0.00) 
2416	2965	initial+	1	1	{Augustus_gene947.t1;Augustus}
2966	3019	INTRON			{Augustus_gene947.t1;Augustus}
3020	3087	internal+	2	3	{Augustus_gene947.t1;Augustus}
3088	3133	INTRON			{Augustus_gene947.t1;Augustus}
3134	3160	internal+	1	3	{Augustus_gene947.t1;Augustus}
3161	3270	INTRON			{Augustus_gene947.t1;Augustus}
3271	3355	internal+	1	1	{Augustus_gene947.t1;Augustus}
3356	3586	INTRON			{Augustus_gene947.t1;Augustus}
3587	3698	internal+	2	2	{Augustus_gene947.t1;Augustus}
3699	4141	INTRON			{Augustus_gene947.t1;Augustus}
4142	4201	internal+	3	2	{Augustus_gene947.t1;Augustus}
4202	4666	INTRON			{Augustus_gene947.t1;Augustus}
4667	4680	internal+	3	1	{Augustus_gene947.t1;Augustus}
4681	4800	INTRON			{Augustus_gene947.t1;Augustus}
4801	4816	internal+	2	2	{Augustus_gene947.t1;Augustus}
4817	5710	INTRON			{Augustus_gene947.t1;Augustus}
5711	5725	internal+	3	2	{Augustus_gene947.t1;Augustus}
5726	5776	INTRON			{Augustus_gene947.t1;Augustus}
5777	5964	internal+	3	1	{Augustus_gene947.t1;Augustus}
5965	6657	INTRON			{Augustus_gene947.t1;Augustus}
6658	6776	internal+	2	3	{Augustus_gene947.t1;Augustus}
6777	6979	INTRON			{Augustus_gene947.t1;Augustus}
6980	7012	terminal+	1	3	{Augustus_gene947.t1;Augustus}

# EVM prediction: Mode:STANDARD S-ratio: 10000.00 10057-12759 orient(+) score(5406.00) noncoding_equivalent(0.54) raw_noncoding(0.00) offset(0.00) 
10057	12759	single+	1	3	{Augustus_gene329.t1;Augustus}

# EVM prediction: Mode:STANDARD S-ratio: 10000.00 22329-23075 orient(-) score(1494.00) noncoding_equivalent(0.15) raw_noncoding(0.00) offset(0.00) 
23075	22329	single-	4	6	{Augustus_gene471.t1;Augustus}

# EVM prediction: Mode:STANDARD S-ratio: 10000.00 36483-37367 orient(-) score(1770.00) noncoding_equivalent(0.18) raw_noncoding(0.00) offset(0.00) 
37367	36483	single-	4	6	{Augustus_gene129.t1;Augustus}

# EVM prediction: Mode:STANDARD S-ratio: 10000.00 46008-48251 orient(+) score(4488.00) noncoding_equivalent(0.45) raw_noncoding(0.00) offset(0.00) 
46008	48251	single+	1	3	{Augustus_gene28.t1;Augustus}

# EVM prediction: Mode:STANDARD S-ratio: 10000.00 54159-57502 orient(-) score(6688.00) noncoding_equivalent(0.67) raw_noncoding(0.00) offset(0.00) 
57097	54159	terminal-	5	6	{Augustus_gene507.t1;Augustus}
57426	57098	INTRON			{Augustus_gene507.t1;Augustus}
57502	57427	initial-	4	4	{Augustus_gene507.t1;Augustus}

# EVM prediction: Mode:STANDARD S-ratio: 10000.00 59410-63318 orient(-) score(7818.00) noncoding_equivalent(0.78) raw_noncoding(0.00) offset(0.00) 
63318	59410	single-	4	6	{Augustus_gene19.t1;Augustus}

# EVM prediction: Mode:STANDARD S-ratio: 10000.00 63489-66356 orient(-) score(5736.00) noncoding_equivalent(0.57) raw_noncoding(0.00) offset(0.00) 
66356	63489	single-	4	6	{Augustus_gene714.t1;Augustus}

# EVM prediction: Mode:STANDARD S-ratio: 10000.00 78814-80133 orient(+) score(2640.00) noncoding_equivalent(0.26) raw_noncoding(0.00) offset(0.00) 
78814	80133	single+	1	3	{Augustus_gene733.t1;Augustus}

# EVM prediction: Mode:STANDARD S-ratio: 10000.00 81851-82378 orient(-) score(1056.00) noncoding_equivalent(0.11) raw_noncoding(0.00) offset(0.00) 
82378	81851	single-	4	6	{Augustus_gene249.t1;Augustus}

