!! Predictions spanning range 679 - 98623 [R1]
# EVM prediction: Mode:STANDARD S-ratio: 28.48 679-3744 orient(+) score(8886.00) noncoding_equivalent(312.00) raw_noncoding(312.00) offset(0.00) 
679	3744	single+	1	3	{GlimmerHMM_glimmerT_1075-T1;GlimmerHMM}

# EVM prediction: Mode:STANDARD S-ratio: 651.81 3981-5726 orient(-) score(5228.00) noncoding_equivalent(8.02) raw_noncoding(8.02) offset(0.00) 
5726	3981	single-	4	6	{Augustus_model.g964.t1;Augustus},{GlimmerHMM_glimmerT_1076-T1;GlimmerHMM}

# EVM prediction: Mode:STANDARD S-ratio: 2.00 6918-7940 orient(+) score(2046.00) noncoding_equivalent(1023.00) raw_noncoding(1023.00) offset(0.00) 
6918	7940	single+	1	3	{GlimmerHMM_glimmerT_1077-T1;GlimmerHMM},{Augustus_model.g965.t1;Augustus}

# EVM prediction: Mode:STANDARD S-ratio: 12.66 9019-10410 orient(-) score(3869.00) noncoding_equivalent(305.67) raw_noncoding(305.67) offset(0.00) 
10410	9019	single-	4	6	{GlimmerHMM_glimmerT_1079-T1;GlimmerHMM},{Augustus_model.g966.t1;Augustus}

# EVM prediction: Mode:STANDARD S-ratio: 1.75 10858-11370 orient(+) score(980.00) noncoding_equivalent(559.00) raw_noncoding(559.00) offset(0.00) 
10858	11370	single+	1	3	{GlimmerHMM_glimmerT_1080-T1;GlimmerHMM}

# EVM prediction: Mode:STANDARD S-ratio: 10.05 13918-14403 orient(+) score(1326.00) noncoding_equivalent(132.00) raw_noncoding(132.00) offset(0.00) 
13918	14403	single+	1	3	{GlimmerHMM_glimmerT_1081-T1;GlimmerHMM}

# EVM prediction: Mode:STANDARD S-ratio: 14.21 14649-15958 orient(-) score(3524.00) noncoding_equivalent(248.00) raw_noncoding(406.00) offset(158.00) 
15795	14649	terminal-	6	6	{snap_scaffold_1-snap.938-T1;snap}
15953	15796	INTRON			{snap_scaffold_1-snap.938-T1;snap}
15958	15954	initial-	4	5	{snap_scaffold_1-snap.938-T1;snap}

# EVM prediction: Mode:STANDARD S-ratio: 70.45 16511-19225 orient(-) score(8031.00) noncoding_equivalent(114.00) raw_noncoding(114.00) offset(0.00) 
19225	16511	single-	4	6	{GlimmerHMM_glimmerT_1083-T1;GlimmerHMM},{Augustus_model.g970.t1;Augustus}

# EVM prediction: Mode:STANDARD S-ratio: 33.48 22863-24254 orient(+) score(4055.00) noncoding_equivalent(121.13) raw_noncoding(121.13) offset(0.00) 
22863	24254	single+	1	3	{GlimmerHMM_glimmerT_1084-T1;GlimmerHMM}

# EVM prediction: Mode:STANDARD S-ratio: 2.00 24434-24865 orient(+) score(864.00) noncoding_equivalent(432.00) raw_noncoding(432.00) offset(0.00) 
24434	24865	single+	1	3	{GlimmerHMM_glimmerT_1085-T1;GlimmerHMM}

# EVM prediction: Mode:STANDARD S-ratio: 91.23 25306-28164 orient(+) score(8484.00) noncoding_equivalent(93.00) raw_noncoding(93.00) offset(0.00) 
25306	28164	single+	1	3	{Augustus_model.g972.t1;Augustus},{GlimmerHMM_glimmerT_1086-T1;GlimmerHMM}

# EVM prediction: Mode:STANDARD S-ratio: 48.62 28267-28914 orient(-) score(1896.00) noncoding_equivalent(39.00) raw_noncoding(39.00) offset(0.00) 
28914	28267	single-	4	6	{GlimmerHMM_glimmerT_1087-T1;GlimmerHMM}

# EVM prediction: Mode:STANDARD S-ratio: 27.18 29138-31018 orient(-) score(5442.00) noncoding_equivalent(200.23) raw_noncoding(200.23) offset(0.00) 
31018	29138	single-	4	6	{GlimmerHMM_glimmerT_1088-T1;GlimmerHMM}

# EVM prediction: Mode:STANDARD S-ratio: 2.00 31810-33402 orient(+) score(3186.00) noncoding_equivalent(1590.51) raw_noncoding(1590.51) offset(0.00) 
31810	33402	single+	1	3	{Augustus_model.g974.t1;Augustus},{GlimmerHMM_glimmerT_1089-T1;GlimmerHMM}

# EVM prediction: Mode:STANDARD S-ratio: 805.11 33534-34889 orient(-) score(4061.00) noncoding_equivalent(5.04) raw_noncoding(5.04) offset(0.00) 
34889	33534	single-	4	6	{Augustus_model.g975.t1;Augustus},{GlimmerHMM_glimmerT_1090-T1;GlimmerHMM}

# EVM prediction: Mode:STANDARD S-ratio: 748.36 35318-37321 orient(-) score(6002.00) noncoding_equivalent(8.02) raw_noncoding(8.02) offset(0.00) 
37321	35318	single-	4	6	{Augustus_model.g976.t1;Augustus},{GlimmerHMM_glimmerT_1091-T1;GlimmerHMM}

# EVM prediction: Mode:STANDARD S-ratio: 2.00 38544-40742 orient(+) score(4398.00) noncoding_equivalent(2199.00) raw_noncoding(2199.00) offset(0.00) 
38544	40742	single+	1	3	{Augustus_model.g977.t1;Augustus},{GlimmerHMM_glimmerT_1093-T1;GlimmerHMM}

# EVM prediction: Mode:STANDARD S-ratio: 10000.00 40824-42884 orient(-) score(6183.00) noncoding_equivalent(0.62) raw_noncoding(0.00) offset(0.00) 
42884	40824	single-	4	6	{Augustus_model.g978.t1;Augustus},{GlimmerHMM_glimmerT_1094-T1;GlimmerHMM}

# EVM prediction: Mode:STANDARD S-ratio: 2.00 43555-44043 orient(+) score(978.00) noncoding_equivalent(489.00) raw_noncoding(489.00) offset(0.00) 
43555	44043	single+	1	3	{Augustus_model.g979.t1;Augustus},{GlimmerHMM_glimmerT_1095-T1;GlimmerHMM}

# EVM prediction: Mode:STANDARD S-ratio: 7.16 44122-44799 orient(-) score(1723.00) noncoding_equivalent(240.65) raw_noncoding(378.16) offset(137.51) 
44672	44122	terminal-	5	6	{GlimmerHMM_glimmerT_1096-T1;GlimmerHMM},{snap_scaffold_1-snap.947-T1;snap}
44741	44673	INTRON			{GlimmerHMM_glimmerT_1096-T1;GlimmerHMM}
44799	44742	initial-	4	4	{GlimmerHMM_glimmerT_1096-T1;GlimmerHMM}

# EVM prediction: Mode:STANDARD S-ratio: 22.34 45467-45976 orient(+) score(1463.00) noncoding_equivalent(65.47) raw_noncoding(65.47) offset(0.00) 
45467	45976	single+	1	3	{Augustus_model.g981.t1;Augustus},{GlimmerHMM_glimmerT_1097-T1;GlimmerHMM}

# EVM prediction: Mode:STANDARD S-ratio: 319.25 46050-47330 orient(-) score(3831.00) noncoding_equivalent(12.00) raw_noncoding(12.00) offset(0.00) 
47330	46050	single-	4	6	{GlimmerHMM_glimmerT_1098-T1;GlimmerHMM},{Augustus_model.g982.t1;Augustus}

# EVM prediction: Mode:STANDARD S-ratio: 2.00 47594-48760 orient(-) score(2334.00) noncoding_equivalent(1167.00) raw_noncoding(1167.00) offset(0.00) 
48760	47594	single-	4	6	{GlimmerHMM_glimmerT_1099-T1;GlimmerHMM},{Augustus_model.g983.t1;Augustus}

# EVM prediction: Mode:STANDARD S-ratio: 222.12 49187-51355 orient(+) score(6476.00) noncoding_equivalent(29.16) raw_noncoding(29.16) offset(0.00) 
49187	51355	single+	1	3	{Augustus_model.g984.t1;Augustus},{GlimmerHMM_glimmerT_1100-T1;GlimmerHMM}

# EVM prediction: Mode:STANDARD S-ratio: 24.49 51669-54584 orient(+) score(8400.00) noncoding_equivalent(343.00) raw_noncoding(343.00) offset(0.00) 
51669	54584	single+	1	3	{Augustus_model.g985.t1;Augustus},{GlimmerHMM_glimmerT_1101-T1;GlimmerHMM}

# EVM prediction: Mode:STANDARD S-ratio: 10000.00 54810-56372 orient(+) score(4689.00) noncoding_equivalent(0.47) raw_noncoding(0.00) offset(0.00) 
54810	56372	single+	1	3	{GlimmerHMM_glimmerT_1102-T1;GlimmerHMM},{Augustus_model.g986.t1;Augustus}

# EVM prediction: Mode:STANDARD S-ratio: 45.76 56903-58348 orient(+) score(4244.00) noncoding_equivalent(92.74) raw_noncoding(92.74) offset(0.00) 
56903	58348	single+	1	3	{GlimmerHMM_glimmerT_1103-T1;GlimmerHMM}

# EVM prediction: Mode:STANDARD S-ratio: 14.38 59523-62528 orient(+) score(8429.00) noncoding_equivalent(585.97) raw_noncoding(585.97) offset(0.00) 
59523	62528	single+	1	3	{GlimmerHMM_glimmerT_1104-T1;GlimmerHMM}

# EVM prediction: Mode:STANDARD S-ratio: 10000.00 62727-64139 orient(-) score(4239.00) noncoding_equivalent(0.42) raw_noncoding(0.00) offset(0.00) 
64139	62727	single-	4	6	{GlimmerHMM_glimmerT_1105-T1;GlimmerHMM},{Augustus_model.g988.t1;Augustus}

# EVM prediction: Mode:STANDARD S-ratio: 10000.00 64414-66231 orient(-) score(5454.00) noncoding_equivalent(0.55) raw_noncoding(0.00) offset(0.00) 
66231	64414	single-	4	6	{GlimmerHMM_glimmerT_1106-T1;GlimmerHMM},{Augustus_model.g989.t1;Augustus}

# EVM prediction: Mode:STANDARD S-ratio: 7.13 67427-68068 orient(+) score(1689.00) noncoding_equivalent(237.00) raw_noncoding(237.00) offset(0.00) 
67427	68068	single+	1	3	{GlimmerHMM_glimmerT_1107-T1;GlimmerHMM}

# EVM prediction: Mode:STANDARD S-ratio: 7.28 68223-69232 orient(+) score(2719.00) noncoding_equivalent(373.54) raw_noncoding(441.00) offset(67.46) 
68223	68462	initial+	1	3	{GlimmerHMM_glimmerT_1108-T1;GlimmerHMM},{Augustus_model.g991.t1;Augustus}
68463	68527	INTRON			{GlimmerHMM_glimmerT_1108-T1;GlimmerHMM},{Augustus_model.g991.t1;Augustus}
68528	69232	terminal+	1	3	{GlimmerHMM_glimmerT_1108-T1;GlimmerHMM},{Augustus_model.g991.t1;Augustus}

# EVM prediction: Mode:STANDARD S-ratio: 48.93 69385-70083 orient(-) score(2055.00) noncoding_equivalent(42.00) raw_noncoding(42.00) offset(0.00) 
70083	69385	single-	4	6	{GlimmerHMM_glimmerT_1109-T1;GlimmerHMM},{Augustus_model.g992.t1;Augustus}

# EVM prediction: Mode:STANDARD S-ratio: 10000.00 70478-72487 orient(-) score(6030.00) noncoding_equivalent(0.60) raw_noncoding(0.00) offset(0.00) 
72487	70478	single-	4	6	{Augustus_model.g993.t1;Augustus},{GlimmerHMM_glimmerT_1110-T1;GlimmerHMM}

# EVM prediction: Mode:STANDARD S-ratio: 10000.00 75652-76530 orient(-) score(2637.00) noncoding_equivalent(0.26) raw_noncoding(0.00) offset(0.00) 
76530	75652	single-	4	6	{Augustus_model.g994.t1;Augustus},{GlimmerHMM_glimmerT_1111-T1;GlimmerHMM}

# EVM prediction: Mode:STANDARD S-ratio: 2.00 77249-77452 orient(-) score(408.00) noncoding_equivalent(204.00) raw_noncoding(204.00) offset(0.00) 
77452	77249	single-	4	6	{Augustus_model.g995.t1;Augustus},{GlimmerHMM_glimmerT_1112-T1;GlimmerHMM}

# EVM prediction: Mode:STANDARD S-ratio: 76.25 77808-79043 orient(+) score(3660.00) noncoding_equivalent(48.00) raw_noncoding(48.00) offset(0.00) 
77808	79043	single+	1	3	{Augustus_model.g996.t1;Augustus},{GlimmerHMM_glimmerT_1113-T1;GlimmerHMM}

# EVM prediction: Mode:STANDARD S-ratio: 2.01 79209-80219 orient(-) score(2022.00) noncoding_equivalent(1006.39) raw_noncoding(1006.39) offset(0.00) 
80219	79209	single-	4	6	{Augustus_model.g997.t1;Augustus},{GlimmerHMM_glimmerT_1114-T1;GlimmerHMM}

# EVM prediction: Mode:STANDARD S-ratio: 175.79 80712-83726 orient(+) score(8992.00) noncoding_equivalent(51.15) raw_noncoding(51.15) offset(0.00) 
80712	83726	single+	1	3	{Augustus_model.g998.t1;Augustus},{GlimmerHMM_glimmerT_1115-T1;GlimmerHMM}

# EVM prediction: Mode:STANDARD S-ratio: 47.00 83848-84471 orient(-) score(1833.00) noncoding_equivalent(39.00) raw_noncoding(39.00) offset(0.00) 
84471	83848	single-	4	6	{GlimmerHMM_glimmerT_1116-T1;GlimmerHMM}

# EVM prediction: Mode:STANDARD S-ratio: 73.17 85803-86300 orient(+) score(1472.00) noncoding_equivalent(20.12) raw_noncoding(20.12) offset(0.00) 
85803	86300	single+	1	3	{Augustus_model.g1000.t1;Augustus},{GlimmerHMM_glimmerT_1117-T1;GlimmerHMM}

# EVM prediction: Mode:STANDARD S-ratio: 10000.00 86433-87707 orient(-) score(3825.00) noncoding_equivalent(0.38) raw_noncoding(0.00) offset(0.00) 
87707	86433	single-	4	6	{GlimmerHMM_glimmerT_1118-T1;GlimmerHMM},{Augustus_model.g1001.t1;Augustus}

# EVM prediction: Mode:STANDARD S-ratio: 9.34 88188-93026 orient(-) score(13694.00) noncoding_equivalent(1465.40) raw_noncoding(3415.45) offset(1950.05) 
88567	88188	terminal-	5	6	{Augustus_model.g1002.t1;Augustus}
88983	88568	INTRON			{Augustus_model.g1002.t1;Augustus},{ev_type:exonerate/ID=match.45784.102/Target=YHR010W;exonerate},{ev_type:exonerate/ID=match.45784.31/Target=YDR471W;exonerate}
89023	88984	internal-	4	4	{Augustus_model.g1002.t1;Augustus}
89325	89024	INTRON			{Augustus_model.g1002.t1;Augustus}
89333	89326	internal-	5	6	{Augustus_model.g1002.t1;Augustus}
89668	89334	INTRON			{Augustus_model.g1002.t1;Augustus}
90141	89669	internal-	6	4	{Augustus_model.g1002.t1;Augustus}
90186	90142	INTRON			{GlimmerHMM_glimmerT_1119-T1;GlimmerHMM},{Augustus_model.g1002.t1;Augustus}
93026	90187	initial-	4	5	{GlimmerHMM_glimmerT_1119-T1;GlimmerHMM},{Augustus_model.g1002.t1;Augustus}

# EVM prediction: Mode:STANDARD S-ratio: 14.74 94534-97485 orient(+) score(8294.00) noncoding_equivalent(562.87) raw_noncoding(562.87) offset(0.00) 
94534	97485	single+	1	3	{GlimmerHMM_glimmerT_1120-T1;GlimmerHMM}

# EVM prediction: Mode:STANDARD S-ratio: 16.84 97608-98623 orient(+) score(2745.00) noncoding_equivalent(163.02) raw_noncoding(441.61) offset(278.59) 
97608	97612	initial+	1	2	{snap_scaffold_1-snap.971-T1;snap}
97613	97752	INTRON			{snap_scaffold_1-snap.971-T1;snap}
97753	98623	terminal+	3	3	{Augustus_model.g1003.t1;Augustus},{snap_scaffold_1-snap.971-T1;snap}

