!! Predictions spanning range 5822 - 99920 [R1]
# EVM prediction: Mode:STANDARD S-ratio: 10000.00 5822-6497 orient(-) score(1352.00) noncoding_equivalent(0.14) raw_noncoding(0.00) offset(0.00) 
6313	5822	terminal-	4	6	{Augustus_gene187.t1;Augustus}
6446	6314	INTRON			{Augustus_gene187.t1;Augustus}
6497	6447	initial-	4	6	{Augustus_gene187.t1;Augustus}

# EVM prediction: Mode:STANDARD S-ratio: 10000.00 15506-16633 orient(+) score(2256.00) noncoding_equivalent(0.23) raw_noncoding(0.00) offset(0.00) 
15506	16633	single+	1	3	{Augustus_gene276.t1;Augustus}

# EVM prediction: Mode:STANDARD S-ratio: 10000.00 36916-37653 orient(+) score(1476.00) noncoding_equivalent(0.15) raw_noncoding(0.00) offset(0.00) 
36916	37653	single+	1	3	{Augustus_gene987.t1;Augustus}

# EVM prediction: Mode:STANDARD S-ratio: 10000.00 64957-65994 orient(+) score(2076.00) noncoding_equivalent(0.21) raw_noncoding(0.00) offset(0.00) 
64957	65994	single+	1	3	{Augustus_gene16.t1;Augustus}

# EVM prediction: Mode:STANDARD S-ratio: 10000.00 73940-75064 orient(-) score(2250.00) noncoding_equivalent(0.23) raw_noncoding(0.00) offset(0.00) 
75064	73940	single-	4	6	{Augustus_gene1184.t1;Augustus}

# EVM prediction: Mode:STANDARD S-ratio: 10000.00 75341-76042 orient(+) score(1404.00) noncoding_equivalent(0.14) raw_noncoding(0.00) offset(0.00) 
75341	76042	single+	1	3	{Augustus_gene826.t1;Augustus}

# EVM prediction: Mode:STANDARD S-ratio: 10000.00 76261-77649 orient(-) score(2778.00) noncoding_equivalent(0.28) raw_noncoding(0.00) offset(0.00) 
77649	76261	single-	4	6	{Augustus_gene1071.t1;Augustus}

# EVM prediction: Mode:STANDARD S-ratio: 10000.00 94056-94625 orient(-) score(1140.00) noncoding_equivalent(0.11) raw_noncoding(0.00) offset(0.00) 
94625	94056	single-	4	6	{Augustus_gene554.t1;Augustus}

# EVM prediction: Mode:STANDARD S-ratio: 10000.00 96234-99920 orient(-) score(7374.00) noncoding_equivalent(0.74) raw_noncoding(0.00) offset(0.00) 
99920	96234	single-	4	6	{Augustus_gene1006.t1;Augustus}

