!! Predictions spanning range 1332 - 99900 [R1]
# EVM prediction: Mode:STANDARD S-ratio: 4.43 1332-2090 orient(-) score(2645.00) noncoding_equivalent(596.59) raw_noncoding(919.84) offset(323.25) 
1899	1332	terminal-	6	6	{Augustus_model.g2615.t1;Augustus}
2067	1900	INTRON			{Augustus_model.g2615.t1;Augustus}
2090	2068	initial-	4	5	{Augustus_model.g2615.t1;Augustus}

# EVM prediction: Mode:STANDARD S-ratio: 266.88 3127-4050 orient(+) score(4597.00) noncoding_equivalent(17.23) raw_noncoding(17.23) offset(0.00) 
3127	4050	single+	1	3	{GlimmerHMM_glimmerT_2824-T1;GlimmerHMM},{Augustus_model.g2616.t1;Augustus}

# EVM prediction: Mode:STANDARD S-ratio: 4.12 6051-6308 orient(-) score(1246.00) noncoding_equivalent(302.54) raw_noncoding(302.54) offset(0.00) 
6308	6051	single-	4	6	{GlimmerHMM_glimmerT_2825-T1;GlimmerHMM},{HiQ_model.g2617.t1;HiQ}

# EVM prediction: Mode:STANDARD S-ratio: 179.19 7344-10181 orient(-) score(11289.00) noncoding_equivalent(63.00) raw_noncoding(63.00) offset(0.00) 
10181	7344	single-	4	6	{Augustus_model.g2618.t1;Augustus},{GlimmerHMM_glimmerT_2826-T1;GlimmerHMM}

# EVM prediction: Mode:STANDARD S-ratio: 46.07 10904-11968 orient(+) score(4171.00) noncoding_equivalent(90.53) raw_noncoding(90.53) offset(0.00) 
10904	11968	single+	1	3	{Augustus_model.g2619.t1;Augustus},{GlimmerHMM_glimmerT_2827-T1;GlimmerHMM}

# EVM prediction: Mode:STANDARD S-ratio: 4.63 12130-12906 orient(-) score(3835.00) noncoding_equivalent(827.97) raw_noncoding(827.97) offset(0.00) 
12906	12130	single-	4	6	{HiQ_model.g2620.t1;HiQ},{GlimmerHMM_glimmerT_2828-T1;GlimmerHMM}

# EVM prediction: Mode:STANDARD S-ratio: 6.24 13330-13629 orient(-) score(1922.00) noncoding_equivalent(308.25) raw_noncoding(308.25) offset(0.00) 
13629	13330	single-	4	6	{HiQ_model.g2621.t1;HiQ},{GlimmerHMM_glimmerT_2829-T1;GlimmerHMM}

# EVM prediction: Mode:STANDARD S-ratio: 1.00 14295-14624 orient(-) score(660.00) noncoding_equivalent(660.00) raw_noncoding(660.00) offset(0.00) 
14624	14295	single-	4	6	{GlimmerHMM_glimmerT_2830-T1;GlimmerHMM}

# EVM prediction: Mode:STANDARD S-ratio: 5.00 14838-16241 orient(-) score(7020.00) noncoding_equivalent(1404.00) raw_noncoding(1404.00) offset(0.00) 
16241	14838	single-	4	6	{HiQ_model.g2622.t1;HiQ},{GlimmerHMM_glimmerT_2831-T1;GlimmerHMM}

# EVM prediction: Mode:STANDARD S-ratio: 7.42 16688-18091 orient(-) score(11136.00) noncoding_equivalent(1500.37) raw_noncoding(1500.37) offset(0.00) 
18091	16688	single-	4	6	{HiQ_model.g2623.t1;HiQ},{GlimmerHMM_glimmerT_2832-T1;GlimmerHMM}

# EVM prediction: Mode:STANDARD S-ratio: 10000.00 19176-21437 orient(+) score(9042.00) noncoding_equivalent(0.90) raw_noncoding(0.00) offset(0.00) 
19176	21437	single+	1	3	{GlimmerHMM_glimmerT_2833-T1;GlimmerHMM},{Augustus_model.g2624.t1;Augustus}

# EVM prediction: Mode:STANDARD S-ratio: 4.75 21544-22836 orient(-) score(6408.00) noncoding_equivalent(1350.00) raw_noncoding(1350.00) offset(0.00) 
22836	21544	single-	4	6	{HiQ_model.g2625.t1;HiQ}

# EVM prediction: Mode:STANDARD S-ratio: 18.45 23159-23851 orient(+) score(2630.00) noncoding_equivalent(142.51) raw_noncoding(142.51) offset(0.00) 
23159	23851	single+	1	3	{GlimmerHMM_glimmerT_2835-T1;GlimmerHMM}

# EVM prediction: Mode:STANDARD S-ratio: 10000.00 24088-28452 orient(+) score(17460.00) noncoding_equivalent(1.75) raw_noncoding(0.00) offset(0.00) 
24088	28452	single+	1	3	{GlimmerHMM_glimmerT_2836-T1;GlimmerHMM},{Augustus_model.g2627.t1;Augustus}

# EVM prediction: Mode:STANDARD S-ratio: 4.98 28652-30727 orient(+) score(10371.00) noncoding_equivalent(2083.19) raw_noncoding(2083.19) offset(0.00) 
28652	30727	single+	1	3	{HiQ_model.g2628.t1;HiQ},{GlimmerHMM_glimmerT_2837-T1;GlimmerHMM}

# EVM prediction: Mode:STANDARD S-ratio: 2.00 30958-31830 orient(-) score(3492.00) noncoding_equivalent(1746.00) raw_noncoding(1746.00) offset(0.00) 
31830	30958	single-	4	6	{GlimmerHMM_glimmerT_2838-T1;GlimmerHMM},{HiQ_model.g2629.t1;HiQ}

# EVM prediction: Mode:STANDARD S-ratio: 5.00 32199-34460 orient(-) score(11301.00) noncoding_equivalent(2262.00) raw_noncoding(2262.00) offset(0.00) 
34460	32199	single-	4	6	{GlimmerHMM_glimmerT_2839-T1;GlimmerHMM},{HiQ_model.g2630.t1;HiQ}

# EVM prediction: Mode:STANDARD S-ratio: 425.42 34846-36453 orient(+) score(6417.00) noncoding_equivalent(15.08) raw_noncoding(15.08) offset(0.00) 
34846	36453	single+	1	3	{GlimmerHMM_glimmerT_2840-T1;GlimmerHMM},{Augustus_model.g2631.t1;Augustus}

# EVM prediction: Mode:STANDARD S-ratio: 10000.00 36804-37793 orient(+) score(2970.00) noncoding_equivalent(0.30) raw_noncoding(0.00) offset(0.00) 
36804	37793	single+	1	3	{Augustus_model.g2632.t1;Augustus},{GlimmerHMM_glimmerT_2841-T1;GlimmerHMM}

# EVM prediction: Mode:STANDARD S-ratio: 4.86 38018-39106 orient(-) score(5419.00) noncoding_equivalent(1115.26) raw_noncoding(1115.26) offset(0.00) 
39106	38018	single-	4	6	{HiQ_model.g2633.t1;HiQ},{GlimmerHMM_glimmerT_2842-T1;GlimmerHMM}

# EVM prediction: Mode:STANDARD S-ratio: 17.90 39795-40361 orient(+) score(2148.00) noncoding_equivalent(120.00) raw_noncoding(120.00) offset(0.00) 
39795	40361	single+	1	3	{Augustus_model.g2634.t1;Augustus}

# EVM prediction: Mode:STANDARD S-ratio: 4.55 40929-41666 orient(-) score(3631.00) noncoding_equivalent(797.75) raw_noncoding(797.75) offset(0.00) 
41666	40929	single-	4	6	{HiQ_model.g2635.t1;HiQ},{GlimmerHMM_glimmerT_2844-T1;GlimmerHMM}

# EVM prediction: Mode:STANDARD S-ratio: 10000.00 41960-44797 orient(+) score(11346.00) noncoding_equivalent(1.13) raw_noncoding(0.00) offset(0.00) 
41960	44797	single+	1	3	{GlimmerHMM_glimmerT_2845-T1;GlimmerHMM},{Augustus_model.g2636.t1;Augustus}

# EVM prediction: Mode:STANDARD S-ratio: 4.28 45051-45494 orient(-) score(2160.00) noncoding_equivalent(504.46) raw_noncoding(504.46) offset(0.00) 
45494	45051	single-	4	6	{GlimmerHMM_glimmerT_2846-T1;GlimmerHMM},{HiQ_model.g2637.t1;HiQ}

# EVM prediction: Mode:STANDARD S-ratio: 31.14 46004-47353 orient(+) score(5232.00) noncoding_equivalent(168.00) raw_noncoding(168.00) offset(0.00) 
46004	47353	single+	1	3	{GlimmerHMM_glimmerT_2847-T1;GlimmerHMM},{Augustus_model.g2638.t1;Augustus}

# EVM prediction: Mode:STANDARD S-ratio: 3.94 48310-49005 orient(-) score(3331.00) noncoding_equivalent(845.48) raw_noncoding(845.48) offset(0.00) 
49005	48310	single-	4	6	{HiQ_model.g2639.t1;HiQ}

# EVM prediction: Mode:STANDARD S-ratio: 10000.00 50002-52875 orient(-) score(11490.00) noncoding_equivalent(1.15) raw_noncoding(0.00) offset(0.00) 
52875	50002	single-	4	6	{GlimmerHMM_glimmerT_2850-T1;GlimmerHMM},{Augustus_model.g2640.t1;Augustus}

# EVM prediction: Mode:STANDARD S-ratio: 592.25 54378-56750 orient(+) score(7107.00) noncoding_equivalent(12.00) raw_noncoding(12.00) offset(0.00) 
54378	56750	single+	1	3	{GlimmerHMM_glimmerT_2851-T1;GlimmerHMM},{Augustus_model.g2641.t1;Augustus}

# EVM prediction: Mode:STANDARD S-ratio: 10000.00 56878-61056 orient(-) score(12537.00) noncoding_equivalent(1.25) raw_noncoding(0.00) offset(0.00) 
61056	56878	single-	4	6	{GlimmerHMM_glimmerT_2852-T1;GlimmerHMM},{Augustus_model.g2642.t1;Augustus}

# EVM prediction: Mode:STANDARD S-ratio: 5.07 61522-63567 orient(-) score(10534.00) noncoding_equivalent(2077.13) raw_noncoding(2077.13) offset(0.00) 
63567	61522	single-	4	6	{GlimmerHMM_glimmerT_2853-T1;GlimmerHMM},{HiQ_model.g2643.t1;HiQ}

# EVM prediction: Mode:STANDARD S-ratio: 381.50 64791-66167 orient(+) score(6867.00) noncoding_equivalent(18.00) raw_noncoding(18.00) offset(0.00) 
64791	66167	single+	1	3	{Augustus_model.g2644.t1;Augustus},{GlimmerHMM_glimmerT_2854-T1;GlimmerHMM}

# EVM prediction: Mode:STANDARD S-ratio: 30.45 66458-67443 orient(+) score(3637.00) noncoding_equivalent(119.43) raw_noncoding(282.00) offset(162.57) 
66458	66465	initial+	1	2	{Augustus_model.g2645.t1;Augustus},{snap_scaffold_8-snap.92-T1;snap}
66466	66554	INTRON			{snap_scaffold_8-snap.92-T1;snap}
66555	67443	terminal+	3	3	{snap_scaffold_8-snap.92-T1;snap}

# EVM prediction: Mode:STANDARD S-ratio: 5.00 67555-68043 orient(-) score(2445.00) noncoding_equivalent(489.00) raw_noncoding(489.00) offset(0.00) 
68043	67555	single-	4	6	{HiQ_model.g2646.t1;HiQ},{GlimmerHMM_glimmerT_2856-T1;GlimmerHMM}

# EVM prediction: Mode:STANDARD S-ratio: 4.90 68484-70487 orient(-) score(10120.00) noncoding_equivalent(2063.26) raw_noncoding(2063.26) offset(0.00) 
70487	68484	single-	4	6	{HiQ_model.g2647.t1;HiQ},{GlimmerHMM_glimmerT_2857-T1;GlimmerHMM}

# EVM prediction: Mode:STANDARD S-ratio: 4.41 71090-71680 orient(-) score(2844.00) noncoding_equivalent(645.00) raw_noncoding(645.00) offset(0.00) 
71680	71090	single-	4	6	{HiQ_model.g2648.t1;HiQ},{GlimmerHMM_glimmerT_2858-T1;GlimmerHMM}

# EVM prediction: Mode:STANDARD S-ratio: 5.00 71862-73811 orient(-) score(9750.00) noncoding_equivalent(1950.00) raw_noncoding(1950.00) offset(0.00) 
73811	71862	single-	4	6	{GlimmerHMM_glimmerT_2859-T1;GlimmerHMM},{HiQ_model.g2649.t1;HiQ}

# EVM prediction: Mode:STANDARD S-ratio: 5.00 74331-75512 orient(-) score(5910.00) noncoding_equivalent(1182.00) raw_noncoding(1182.00) offset(0.00) 
75512	74331	single-	4	6	{HiQ_model.g2650.t1;HiQ},{GlimmerHMM_glimmerT_2860-T1;GlimmerHMM}

# EVM prediction: Mode:STANDARD S-ratio: 4.83 76035-77522 orient(-) score(7396.00) noncoding_equivalent(1532.17) raw_noncoding(1532.17) offset(0.00) 
77522	76035	single-	4	6	{HiQ_model.g2651.t1;HiQ},{GlimmerHMM_glimmerT_2861-T1;GlimmerHMM}

# EVM prediction: Mode:STANDARD S-ratio: 5.00 78422-79975 orient(-) score(7770.00) noncoding_equivalent(1554.00) raw_noncoding(1554.00) offset(0.00) 
79975	78422	single-	4	6	{HiQ_model.g2652.t1;HiQ},{GlimmerHMM_glimmerT_2862-T1;GlimmerHMM}

# EVM prediction: Mode:STANDARD S-ratio: 4.91 80233-81267 orient(-) score(5159.00) noncoding_equivalent(1051.15) raw_noncoding(1051.15) offset(0.00) 
81267	80233	single-	4	6	{HiQ_model.g2653.t1;HiQ},{GlimmerHMM_glimmerT_2863-T1;GlimmerHMM}

# EVM prediction: Mode:STANDARD S-ratio: 5.00 81504-82490 orient(-) score(4935.00) noncoding_equivalent(987.00) raw_noncoding(987.00) offset(0.00) 
82490	81504	single-	4	6	{GlimmerHMM_glimmerT_2864-T1;GlimmerHMM},{HiQ_model.g2654.t1;HiQ}

# EVM prediction: Mode:STANDARD S-ratio: 4.87 82743-84020 orient(-) score(6361.00) noncoding_equivalent(1307.26) raw_noncoding(1307.26) offset(0.00) 
84020	82743	single-	4	6	{HiQ_model.g2655.t1;HiQ},{GlimmerHMM_glimmerT_2865-T1;GlimmerHMM}

# EVM prediction: Mode:STANDARD S-ratio: 3.00 84314-86428 orient(+) score(6345.00) noncoding_equivalent(2115.00) raw_noncoding(2115.00) offset(0.00) 
84314	86428	single+	1	3	{GlimmerHMM_glimmerT_2866-T1;GlimmerHMM},{Augustus_model.g2656.t1;Augustus}

# EVM prediction: Mode:STANDARD S-ratio: 10000.00 86780-88570 orient(-) score(5367.00) noncoding_equivalent(0.54) raw_noncoding(0.00) offset(0.00) 
88570	86780	single-	4	6	{GlimmerHMM_glimmerT_2867-T1;GlimmerHMM},{Augustus_model.g2657.t1;Augustus}

# EVM prediction: Mode:STANDARD S-ratio: 5.00 88931-91414 orient(-) score(12420.00) noncoding_equivalent(2484.00) raw_noncoding(2484.00) offset(0.00) 
91414	88931	single-	4	6	{GlimmerHMM_glimmerT_2868-T1;GlimmerHMM},{HiQ_model.g2658.t1;HiQ}

# EVM prediction: Mode:STANDARD S-ratio: 82.58 91981-92433 orient(+) score(1791.00) noncoding_equivalent(21.69) raw_noncoding(21.69) offset(0.00) 
91981	92433	single+	1	3	{GlimmerHMM_glimmerT_2869-T1;GlimmerHMM},{Augustus_model.g2659.t1;Augustus}

# EVM prediction: Mode:STANDARD S-ratio: 237.89 92794-99900 orient(+) score(28309.00) noncoding_equivalent(119.00) raw_noncoding(119.00) offset(0.00) 
92794	99900	single+	1	3	{GlimmerHMM_glimmerT_2870-T1;GlimmerHMM}

