!! Predictions spanning range 1545 - 97259 [R1]
# EVM prediction: Mode:STANDARD S-ratio: 43.74 1545-3371 orient(-) score(5357.00) noncoding_equivalent(122.46) raw_noncoding(122.46) offset(0.00) 
3371	1545	single-	4	6	{GlimmerHMM_glimmerT_1249-T1;GlimmerHMM},{Augustus_model.g1068.t1;Augustus}

# EVM prediction: Mode:STANDARD S-ratio: 90.57 3809-5092 orient(+) score(3804.00) noncoding_equivalent(42.00) raw_noncoding(42.00) offset(0.00) 
3809	5092	single+	1	3	{GlimmerHMM_glimmerT_1250-T1;GlimmerHMM}

# EVM prediction: Mode:STANDARD S-ratio: 1.88 5103-5915 orient(-) score(1626.00) noncoding_equivalent(865.00) raw_noncoding(921.00) offset(56.00) 
5801	5103	terminal-	4	6	{Augustus_model.g1070.t1;Augustus},{GlimmerHMM_glimmerT_1251-T1;GlimmerHMM}
5855	5802	INTRON			{Augustus_model.g1070.t1;Augustus},{GlimmerHMM_glimmerT_1251-T1;GlimmerHMM}
5915	5856	initial-	4	6	{Augustus_model.g1070.t1;Augustus},{GlimmerHMM_glimmerT_1251-T1;GlimmerHMM}

# EVM prediction: Mode:STANDARD S-ratio: 10000.00 6053-7243 orient(+) score(3564.00) noncoding_equivalent(0.36) raw_noncoding(0.00) offset(0.00) 
6053	7243	single+	1	3	{Augustus_model.g1071.t1;Augustus},{GlimmerHMM_glimmerT_1252-T1;GlimmerHMM}

# EVM prediction: Mode:STANDARD S-ratio: 2.00 7253-7819 orient(-) score(1134.00) noncoding_equivalent(567.00) raw_noncoding(567.00) offset(0.00) 
7819	7253	single-	4	6	{GlimmerHMM_glimmerT_1253-T1;GlimmerHMM},{Augustus_model.g1072.t1;Augustus}

# EVM prediction: Mode:STANDARD S-ratio: 30.98 7972-9303 orient(+) score(3996.00) noncoding_equivalent(129.00) raw_noncoding(135.00) offset(6.00) 
7972	7980	initial+	1	3	{Augustus_model.g1073.t1;Augustus},{snap_scaffold_1-snap.800-T1;snap},{GlimmerHMM_glimmerT_1254-T1;GlimmerHMM}
7981	8025	INTRON			{Augustus_model.g1073.t1;Augustus},{snap_scaffold_1-snap.800-T1;snap},{GlimmerHMM_glimmerT_1254-T1;GlimmerHMM}
8026	9303	terminal+	1	3	{Augustus_model.g1073.t1;Augustus},{snap_scaffold_1-snap.800-T1;snap},{GlimmerHMM_glimmerT_1254-T1;GlimmerHMM}

# EVM prediction: Mode:STANDARD S-ratio: 10000.00 9313-10695 orient(-) score(4149.00) noncoding_equivalent(0.41) raw_noncoding(0.00) offset(0.00) 
10695	9313	single-	4	6	{Augustus_model.g1074.t1;Augustus},{GlimmerHMM_glimmerT_1255-T1;GlimmerHMM}

# EVM prediction: Mode:STANDARD S-ratio: 2.01 11005-12288 orient(+) score(2568.00) noncoding_equivalent(1279.51) raw_noncoding(1279.51) offset(0.00) 
11005	12288	single+	1	3	{Augustus_model.g1075.t1;Augustus},{GlimmerHMM_glimmerT_1256-T1;GlimmerHMM}

# EVM prediction: Mode:STANDARD S-ratio: 23.09 12569-13499 orient(+) score(2725.00) noncoding_equivalent(118.00) raw_noncoding(122.00) offset(4.00) 
12569	12621	initial+	1	2	{Augustus_model.g1076.t1;Augustus},{GlimmerHMM_glimmerT_1257-T1;GlimmerHMM}
12622	12682	INTRON			{Augustus_model.g1076.t1;Augustus},{GlimmerHMM_glimmerT_1257-T1;GlimmerHMM}
12683	13499	terminal+	3	3	{Augustus_model.g1076.t1;Augustus},{GlimmerHMM_glimmerT_1257-T1;GlimmerHMM}

# EVM prediction: Mode:STANDARD S-ratio: 77.00 15505-16674 orient(-) score(3465.00) noncoding_equivalent(45.00) raw_noncoding(45.00) offset(0.00) 
16674	15505	single-	4	6	{GlimmerHMM_glimmerT_1258-T1;GlimmerHMM},{Augustus_model.g1077.t1;Augustus}

# EVM prediction: Mode:STANDARD S-ratio: 10.32 16834-18394 orient(+) score(4412.00) noncoding_equivalent(427.54) raw_noncoding(591.00) offset(163.46) 
16834	16891	initial+	1	1	{Augustus_model.g1078.t1;Augustus},{GlimmerHMM_glimmerT_1259-T1;GlimmerHMM}
16892	17051	INTRON			{Augustus_model.g1078.t1;Augustus},{GlimmerHMM_glimmerT_1259-T1;GlimmerHMM}
17052	18394	terminal+	2	3	{Augustus_model.g1078.t1;Augustus},{GlimmerHMM_glimmerT_1259-T1;GlimmerHMM}

# EVM prediction: Mode:STANDARD S-ratio: 36.74 18438-19943 orient(-) score(4299.00) noncoding_equivalent(117.00) raw_noncoding(219.00) offset(102.00) 
19833	18438	terminal-	6	6	{snap_scaffold_1-snap.805-T1;snap}
19935	19834	INTRON			{snap_scaffold_1-snap.805-T1;snap}
19943	19936	initial-	4	5	{snap_scaffold_1-snap.805-T1;snap}

# EVM prediction: Mode:STANDARD S-ratio: 2.00 20125-20469 orient(+) score(690.00) noncoding_equivalent(345.00) raw_noncoding(345.00) offset(0.00) 
20125	20469	single+	1	3	{GlimmerHMM_glimmerT_1261-T1;GlimmerHMM},{Augustus_model.g1080.t1;Augustus}

# EVM prediction: Mode:STANDARD S-ratio: 112.64 20524-22392 orient(-) score(5556.00) noncoding_equivalent(49.33) raw_noncoding(49.33) offset(0.00) 
22392	20524	single-	4	6	{GlimmerHMM_glimmerT_1262-T1;GlimmerHMM},{Augustus_model.g1081.t1;Augustus}

# EVM prediction: Mode:STANDARD S-ratio: 2.00 22671-23462 orient(-) score(1584.00) noncoding_equivalent(792.00) raw_noncoding(792.00) offset(0.00) 
23462	22671	single-	4	6	{GlimmerHMM_glimmerT_1263-T1;GlimmerHMM},{Augustus_model.g1082.t1;Augustus}

# EVM prediction: Mode:STANDARD S-ratio: 1028.56 24063-26477 orient(+) score(7236.00) noncoding_equivalent(7.04) raw_noncoding(7.04) offset(0.00) 
24063	26477	single+	1	3	{GlimmerHMM_glimmerT_1264-T1;GlimmerHMM},{Augustus_model.g1083.t1;Augustus}

# EVM prediction: Mode:STANDARD S-ratio: 6.28 26611-28181 orient(+) score(4112.00) noncoding_equivalent(655.00) raw_noncoding(678.00) offset(23.00) 
26611	27529	initial+	1	1	{Augustus_model.g1084.t1;Augustus}
27530	27585	INTRON			{Augustus_model.g1084.t1;Augustus},{snap_scaffold_1-snap.808-T1;snap}
27586	28181	terminal+	2	3	{Augustus_model.g1084.t1;Augustus},{snap_scaffold_1-snap.808-T1;snap}

# EVM prediction: Mode:STANDARD S-ratio: 2.01 28189-29775 orient(-) score(3174.00) noncoding_equivalent(1581.63) raw_noncoding(1581.63) offset(0.00) 
29775	28189	single-	4	6	{GlimmerHMM_glimmerT_1267-T1;GlimmerHMM},{Augustus_model.g1085.t1;Augustus}

# EVM prediction: Mode:STANDARD S-ratio: 24.17 29990-31474 orient(+) score(4266.00) noncoding_equivalent(176.50) raw_noncoding(176.50) offset(0.00) 
29990	31474	single+	1	3	{Augustus_model.g1086.t1;Augustus}

# EVM prediction: Mode:STANDARD S-ratio: 1.71 31535-32593 orient(-) score(1854.00) noncoding_equivalent(1085.00) raw_noncoding(1379.00) offset(294.00) 
31540	31535	terminal-	4	6	{Augustus_model.g1087.t1;Augustus}
31724	31541	INTRON			{Augustus_model.g1087.t1;Augustus}
32521	31725	internal-	5	6	{Augustus_model.g1087.t1;Augustus}
32577	32522	INTRON			{Augustus_model.g1087.t1;Augustus}
32593	32578	initial-	4	4	{Augustus_model.g1087.t1;Augustus}

# EVM prediction: Mode:STANDARD S-ratio: 2.00 32668-33579 orient(-) score(1824.00) noncoding_equivalent(912.00) raw_noncoding(912.00) offset(0.00) 
33579	32668	single-	4	6	{Augustus_model.g1088.t1;Augustus},{GlimmerHMM_glimmerT_1270-T1;GlimmerHMM}

# EVM prediction: Mode:STANDARD S-ratio: 74.96 33916-34605 orient(+) score(2043.00) noncoding_equivalent(27.26) raw_noncoding(27.26) offset(0.00) 
33916	34605	single+	1	3	{GlimmerHMM_glimmerT_1271-T1;GlimmerHMM},{Augustus_model.g1089.t1;Augustus}

# EVM prediction: Mode:STANDARD S-ratio: 68.67 35006-36736 orient(+) score(5117.00) noncoding_equivalent(74.52) raw_noncoding(74.52) offset(0.00) 
35006	36736	single+	1	3	{Augustus_model.g1090.t1;Augustus},{GlimmerHMM_glimmerT_1272-T1;GlimmerHMM}

# EVM prediction: Mode:STANDARD S-ratio: 10000.00 36983-38401 orient(+) score(4257.00) noncoding_equivalent(0.43) raw_noncoding(0.00) offset(0.00) 
36983	38401	single+	1	3	{Augustus_model.g1091.t1;Augustus},{GlimmerHMM_glimmerT_1273-T1;GlimmerHMM}

# EVM prediction: Mode:STANDARD S-ratio: 2.02 39103-39468 orient(-) score(732.00) noncoding_equivalent(363.20) raw_noncoding(363.20) offset(0.00) 
39468	39103	single-	4	6	{GlimmerHMM_glimmerT_1275-T1;GlimmerHMM},{Augustus_model.g1092.t1;Augustus}

# EVM prediction: Mode:STANDARD S-ratio: 30.77 39677-40261 orient(+) score(1698.00) noncoding_equivalent(55.18) raw_noncoding(55.18) offset(0.00) 
39677	40261	single+	1	3	{Augustus_model.g1093.t1;Augustus},{GlimmerHMM_glimmerT_1276-T1;GlimmerHMM}

# EVM prediction: Mode:STANDARD S-ratio: 1.99 40280-40612 orient(-) score(666.00) noncoding_equivalent(334.05) raw_noncoding(334.05) offset(0.00) 
40612	40280	single-	4	6	{Augustus_model.g1094.t1;Augustus},{GlimmerHMM_glimmerT_1277-T1;GlimmerHMM}

# EVM prediction: Mode:STANDARD S-ratio: 10000.00 40936-41223 orient(+) score(864.00) noncoding_equivalent(0.09) raw_noncoding(0.00) offset(0.00) 
40936	41223	single+	1	3	{GlimmerHMM_glimmerT_1278-T1;GlimmerHMM},{Augustus_model.g1095.t1;Augustus}

# EVM prediction: Mode:STANDARD S-ratio: 9.26 41941-42945 orient(+) score(2721.00) noncoding_equivalent(294.00) raw_noncoding(294.00) offset(0.00) 
41941	42945	single+	1	3	{GlimmerHMM_glimmerT_1279-T1;GlimmerHMM},{Augustus_model.g1096.t1;Augustus}

# EVM prediction: Mode:STANDARD S-ratio: 12.27 43025-43610 orient(-) score(1676.00) noncoding_equivalent(136.60) raw_noncoding(198.00) offset(61.40) 
43521	43025	terminal-	5	6	{snap_scaffold_1-snap.813-T1;snap},{Augustus_model.g1097.t1;Augustus},{GlimmerHMM_glimmerT_1280-T1;GlimmerHMM}
43579	43522	INTRON			{Augustus_model.g1097.t1;Augustus},{GlimmerHMM_glimmerT_1280-T1;GlimmerHMM}
43610	43580	initial-	4	4	{Augustus_model.g1097.t1;Augustus},{GlimmerHMM_glimmerT_1280-T1;GlimmerHMM}

# EVM prediction: Mode:STANDARD S-ratio: 64.89 43918-45762 orient(-) score(5451.00) noncoding_equivalent(84.00) raw_noncoding(84.00) offset(0.00) 
45762	43918	single-	4	6	{Augustus_model.g1098.t1;Augustus},{GlimmerHMM_glimmerT_1281-T1;GlimmerHMM}

# EVM prediction: Mode:STANDARD S-ratio: 10.25 45967-46641 orient(-) score(1845.00) noncoding_equivalent(180.00) raw_noncoding(180.00) offset(0.00) 
46641	45967	single-	4	6	{Augustus_model.g1099.t1;Augustus},{GlimmerHMM_glimmerT_1282-T1;GlimmerHMM}

# EVM prediction: Mode:STANDARD S-ratio: 10000.00 46824-48008 orient(-) score(3555.00) noncoding_equivalent(0.36) raw_noncoding(0.00) offset(0.00) 
48008	46824	single-	4	6	{GlimmerHMM_glimmerT_1283-T1;GlimmerHMM},{Augustus_model.g1100.t1;Augustus}

# EVM prediction: Mode:STANDARD S-ratio: 3.51 48537-49196 orient(-) score(1302.00) noncoding_equivalent(370.94) raw_noncoding(953.06) offset(582.12) 
48862	48537	terminal-	5	6	{Augustus_model.g1101.t1;Augustus}
49168	48863	INTRON			{Augustus_model.g1101.t1;Augustus}
49196	49169	initial-	4	4	{Augustus_model.g1101.t1;Augustus}

# EVM prediction: Mode:STANDARD S-ratio: 1.52 49273-49793 orient(+) score(1042.00) noncoding_equivalent(685.49) raw_noncoding(689.49) offset(4.00) 
49273	49282	initial+	1	1	{Augustus_model.g1102.t1;Augustus},{GlimmerHMM_glimmerT_1285-T1;GlimmerHMM}
49283	49368	INTRON			{Augustus_model.g1102.t1;Augustus},{GlimmerHMM_glimmerT_1285-T1;GlimmerHMM}
49369	49793	terminal+	2	3	{Augustus_model.g1102.t1;Augustus},{GlimmerHMM_glimmerT_1285-T1;GlimmerHMM}

# EVM prediction: Mode:STANDARD S-ratio: 8.61 49840-51363 orient(-) score(4572.00) noncoding_equivalent(531.22) raw_noncoding(531.22) offset(0.00) 
51363	49840	single-	4	6	{GlimmerHMM_glimmerT_1286-T1;GlimmerHMM},{Augustus_model.g1103.t1;Augustus}

# EVM prediction: Mode:STANDARD S-ratio: 10000.00 51743-53080 orient(+) score(4014.00) noncoding_equivalent(0.40) raw_noncoding(0.00) offset(0.00) 
51743	53080	single+	1	3	{GlimmerHMM_glimmerT_1287-T1;GlimmerHMM},{Augustus_model.g1104.t1;Augustus}

# EVM prediction: Mode:STANDARD S-ratio: 80.79 53268-54821 orient(+) score(4605.00) noncoding_equivalent(57.00) raw_noncoding(57.00) offset(0.00) 
53268	54821	single+	1	3	{Augustus_model.g1105.t1;Augustus},{GlimmerHMM_glimmerT_1288-T1;GlimmerHMM}

# EVM prediction: Mode:STANDARD S-ratio: 10000.00 55957-57441 orient(-) score(4455.00) noncoding_equivalent(0.45) raw_noncoding(0.00) offset(0.00) 
57441	55957	single-	4	6	{GlimmerHMM_glimmerT_1290-T1;GlimmerHMM},{Augustus_model.g1106.t1;Augustus}

# EVM prediction: Mode:STANDARD S-ratio: 348.13 57568-59796 orient(-) score(6666.00) noncoding_equivalent(19.15) raw_noncoding(19.15) offset(0.00) 
59796	57568	single-	4	6	{Augustus_model.g1107.t1;Augustus},{GlimmerHMM_glimmerT_1291-T1;GlimmerHMM}

# EVM prediction: Mode:STANDARD S-ratio: 271.05 60011-62569 orient(-) score(7647.00) noncoding_equivalent(28.21) raw_noncoding(28.21) offset(0.00) 
62569	60011	single-	4	6	{GlimmerHMM_glimmerT_1292-T1;GlimmerHMM},{Augustus_model.g1108.t1;Augustus}

# EVM prediction: Mode:STANDARD S-ratio: 16.36 62825-64093 orient(-) score(3588.00) noncoding_equivalent(219.35) raw_noncoding(219.35) offset(0.00) 
64093	62825	single-	4	6	{Augustus_model.g1109.t1;Augustus},{GlimmerHMM_glimmerT_1293-T1;GlimmerHMM}

# EVM prediction: Mode:STANDARD S-ratio: 2.00 64337-65806 orient(+) score(2940.00) noncoding_equivalent(1470.00) raw_noncoding(1470.00) offset(0.00) 
64337	65806	single+	1	3	{Augustus_model.g1110.t1;Augustus},{GlimmerHMM_glimmerT_1294-T1;GlimmerHMM}

# EVM prediction: Mode:STANDARD S-ratio: 2.00 65883-66839 orient(-) score(1914.00) noncoding_equivalent(958.62) raw_noncoding(958.62) offset(0.00) 
66839	65883	single-	4	6	{Augustus_model.g1111.t1;Augustus},{GlimmerHMM_glimmerT_1295-T1;GlimmerHMM}

# EVM prediction: Mode:STANDARD S-ratio: 97.50 67003-68088 orient(+) score(3223.00) noncoding_equivalent(33.06) raw_noncoding(33.06) offset(0.00) 
67003	68088	single+	1	3	{Augustus_model.g1112.t1;Augustus},{GlimmerHMM_glimmerT_1296-T1;GlimmerHMM}

# EVM prediction: Mode:STANDARD S-ratio: 2.01 68782-70047 orient(-) score(2532.00) noncoding_equivalent(1260.31) raw_noncoding(1260.31) offset(0.00) 
70047	68782	single-	4	6	{Augustus_model.g1113.t1;Augustus},{GlimmerHMM_glimmerT_1297-T1;GlimmerHMM}

# EVM prediction: Mode:STANDARD S-ratio: 944.78 70228-72759 orient(+) score(7586.00) noncoding_equivalent(8.03) raw_noncoding(8.03) offset(0.00) 
70228	72759	single+	1	3	{GlimmerHMM_glimmerT_1298-T1;GlimmerHMM},{Augustus_model.g1114.t1;Augustus}

# EVM prediction: Mode:STANDARD S-ratio: 131.20 73529-75832 orient(+) score(6858.00) noncoding_equivalent(52.27) raw_noncoding(52.27) offset(0.00) 
73529	75832	single+	1	3	{GlimmerHMM_glimmerT_1299-T1;GlimmerHMM},{Augustus_model.g1115.t1;Augustus}

# EVM prediction: Mode:STANDARD S-ratio: 441.31 76052-77254 orient(+) score(3599.00) noncoding_equivalent(8.16) raw_noncoding(8.16) offset(0.00) 
76052	77254	single+	1	3	{Augustus_model.g1116.t1;Augustus},{GlimmerHMM_glimmerT_1300-T1;GlimmerHMM}

# EVM prediction: Mode:STANDARD S-ratio: 403.51 77280-79727 orient(-) score(7324.00) noncoding_equivalent(18.15) raw_noncoding(18.15) offset(0.00) 
79727	77280	single-	4	6	{GlimmerHMM_glimmerT_1301-T1;GlimmerHMM},{Augustus_model.g1117.t1;Augustus}

# EVM prediction: Mode:STANDARD S-ratio: 1.00 80172-80525 orient(+) score(354.00) noncoding_equivalent(354.00) raw_noncoding(354.00) offset(0.00) 
80172	80525	single+	1	3	{GlimmerHMM_glimmerT_1302-T1;GlimmerHMM}

# EVM prediction: Mode:STANDARD S-ratio: 941.78 82444-85611 orient(+) score(9492.00) noncoding_equivalent(10.08) raw_noncoding(10.08) offset(0.00) 
82444	85611	single+	1	3	{GlimmerHMM_glimmerT_1303-T1;GlimmerHMM},{Augustus_model.g1118.t1;Augustus}

# EVM prediction: Mode:STANDARD S-ratio: 10000.00 85838-88399 orient(+) score(7686.00) noncoding_equivalent(0.77) raw_noncoding(0.00) offset(0.00) 
85838	88399	single+	1	3	{GlimmerHMM_glimmerT_1304-T1;GlimmerHMM},{Augustus_model.g1119.t1;Augustus}

# EVM prediction: Mode:STANDARD S-ratio: 20.76 88685-92848 orient(-) score(11931.00) noncoding_equivalent(574.74) raw_noncoding(971.38) offset(396.64) 
92633	88685	terminal-	6	6	{Augustus_model.g1120.t1;Augustus}
92831	92634	INTRON			{Augustus_model.g1120.t1;Augustus}
92848	92832	initial-	4	5	{GlimmerHMM_glimmerT_1305-T1;GlimmerHMM}

# EVM prediction: Mode:STANDARD S-ratio: 664.11 92901-95126 orient(+) score(6678.00) noncoding_equivalent(10.06) raw_noncoding(10.06) offset(0.00) 
92901	95126	single+	1	3	{Augustus_model.g1121.t1;Augustus},{GlimmerHMM_glimmerT_1306-T1;GlimmerHMM}

# EVM prediction: Mode:STANDARD S-ratio: 10000.00 95364-97259 orient(+) score(5688.00) noncoding_equivalent(0.57) raw_noncoding(0.00) offset(0.00) 
95364	97259	single+	1	3	{GlimmerHMM_glimmerT_1307-T1;GlimmerHMM},{Augustus_model.g1122.t1;Augustus}

