!! Predictions spanning range 2078 - 98830 [R1]
# EVM prediction: Mode:STANDARD S-ratio: 24.28 2552-4050 orient(+) score(4209.00) noncoding_equivalent(173.36) raw_noncoding(382.07) offset(208.71) 
2552	2557	initial+	1	3	{snap_scaffold_2-snap.73-T1;snap}
2558	2670	INTRON			{snap_scaffold_2-snap.73-T1;snap}
2671	4050	terminal+	1	3	{snap_scaffold_2-snap.73-T1;snap}

# EVM prediction: Mode:STANDARD S-ratio: 376.05 4318-5994 orient(+) score(5014.00) noncoding_equivalent(13.33) raw_noncoding(13.33) offset(0.00) 
4318	5994	single+	1	3	{GlimmerHMM_glimmerT_688-T1;GlimmerHMM},{Augustus_model.g618.t1;Augustus}

# EVM prediction: Mode:STANDARD S-ratio: 10000.00 6154-7371 orient(-) score(3651.00) noncoding_equivalent(0.37) raw_noncoding(0.00) offset(0.00) 
7371	6154	single-	4	6	{GlimmerHMM_glimmerT_689-T1;GlimmerHMM},{Augustus_model.g619.t1;Augustus}

# EVM prediction: Mode:STANDARD S-ratio: 452.88 8076-9329 orient(+) score(5003.00) noncoding_equivalent(11.05) raw_noncoding(11.05) offset(0.00) 
8076	9329	single+	1	3	{GlimmerHMM_glimmerT_690-T1;GlimmerHMM},{Augustus_model.g620.t1;Augustus}

# EVM prediction: Mode:STANDARD S-ratio: 134.86 9622-12474 orient(-) score(8496.00) noncoding_equivalent(63.00) raw_noncoding(63.00) offset(0.00) 
12474	9622	single-	4	6	{GlimmerHMM_glimmerT_691-T1;GlimmerHMM},{Augustus_model.g621.t1;Augustus}

# EVM prediction: Mode:STANDARD S-ratio: 2.00 13153-13851 orient(+) score(1398.00) noncoding_equivalent(699.00) raw_noncoding(699.00) offset(0.00) 
13153	13851	single+	1	3	{GlimmerHMM_glimmerT_692-T1;GlimmerHMM},{Augustus_model.g622.t1;Augustus}

# EVM prediction: Mode:STANDARD S-ratio: 10000.00 13927-15291 orient(-) score(5376.00) noncoding_equivalent(0.54) raw_noncoding(0.00) offset(0.00) 
15291	13927	single-	4	6	{GlimmerHMM_glimmerT_693-T1;GlimmerHMM},{Augustus_model.g623.t1;Augustus}

# EVM prediction: Mode:STANDARD S-ratio: 194.24 15718-18414 orient(-) score(8048.00) noncoding_equivalent(41.43) raw_noncoding(41.43) offset(0.00) 
18414	15718	single-	4	6	{GlimmerHMM_glimmerT_694-T1;GlimmerHMM},{Augustus_model.g624.t1;Augustus}

# EVM prediction: Mode:STANDARD S-ratio: 11.88 20076-21002 orient(+) score(2565.00) noncoding_equivalent(216.00) raw_noncoding(216.00) offset(0.00) 
20076	21002	single+	1	3	{GlimmerHMM_glimmerT_695-T1;GlimmerHMM},{Augustus_model.g625.t1;Augustus}

# EVM prediction: Mode:STANDARD S-ratio: 4.90 21210-22148 orient(-) score(4678.00) noncoding_equivalent(954.02) raw_noncoding(954.02) offset(0.00) 
22148	21210	single-	4	6	{HiQ_model.g626.t1;HiQ},{GlimmerHMM_glimmerT_696-T1;GlimmerHMM}

# EVM prediction: Mode:STANDARD S-ratio: 2.66 22566-24281 orient(+) score(4976.00) noncoding_equivalent(1873.77) raw_noncoding(1873.77) offset(0.00) 
22566	24281	single+	1	3	{GlimmerHMM_glimmerT_697-T1;GlimmerHMM}

# EVM prediction: Mode:STANDARD S-ratio: 10000.00 24716-25840 orient(+) score(3375.00) noncoding_equivalent(0.34) raw_noncoding(0.00) offset(0.00) 
24716	25840	single+	1	3	{GlimmerHMM_glimmerT_698-T1;GlimmerHMM}

# EVM prediction: Mode:STANDARD S-ratio: 42.66 28673-30247 orient(+) score(4615.00) noncoding_equivalent(108.18) raw_noncoding(108.18) offset(0.00) 
28673	30247	single+	1	3	{GlimmerHMM_glimmerT_699-T1;GlimmerHMM},{Augustus_model.g628.t1;Augustus}

# EVM prediction: Mode:STANDARD S-ratio: 10000.00 30736-31782 orient(+) score(4179.00) noncoding_equivalent(0.42) raw_noncoding(0.00) offset(0.00) 
30736	31782	single+	1	3	{GlimmerHMM_glimmerT_700-T1;GlimmerHMM},{Augustus_model.g629.t1;Augustus}

# EVM prediction: Mode:STANDARD S-ratio: 10000.00 32171-35422 orient(+) score(13008.00) noncoding_equivalent(1.30) raw_noncoding(0.00) offset(0.00) 
32171	35422	single+	1	3	{Augustus_model.g630.t1;Augustus},{GlimmerHMM_glimmerT_701-T1;GlimmerHMM}

# EVM prediction: Mode:STANDARD S-ratio: 49.27 35838-36968 orient(+) score(4434.00) noncoding_equivalent(90.00) raw_noncoding(90.00) offset(0.00) 
35838	36968	single+	1	3	{GlimmerHMM_glimmerT_702-T1;GlimmerHMM},{Augustus_model.g631.t1;Augustus}

# EVM prediction: Mode:STANDARD S-ratio: 10000.00 37075-37884 orient(-) score(2430.00) noncoding_equivalent(0.24) raw_noncoding(0.00) offset(0.00) 
37884	37075	single-	4	6	{GlimmerHMM_glimmerT_703-T1;GlimmerHMM},{Augustus_model.g632.t1;Augustus}

# EVM prediction: Mode:STANDARD S-ratio: 10000.00 38071-39096 orient(+) score(3069.00) noncoding_equivalent(0.31) raw_noncoding(0.00) offset(0.00) 
38071	39096	single+	1	3	{GlimmerHMM_glimmerT_704-T1;GlimmerHMM},{Augustus_model.g633.t1;Augustus}

# EVM prediction: Mode:STANDARD S-ratio: 118.16 39342-42737 orient(+) score(13470.00) noncoding_equivalent(114.00) raw_noncoding(114.00) offset(0.00) 
39342	42737	single+	1	3	{GlimmerHMM_glimmerT_705-T1;GlimmerHMM},{Augustus_model.g634.t1;Augustus}

# EVM prediction: Mode:STANDARD S-ratio: 10000.00 42921-47357 orient(-) score(13311.00) noncoding_equivalent(1.33) raw_noncoding(0.00) offset(0.00) 
47357	42921	single-	4	6	{GlimmerHMM_glimmerT_706-T1;GlimmerHMM},{Augustus_model.g635.t1;Augustus}

# EVM prediction: Mode:STANDARD S-ratio: 10000.00 48208-49338 orient(+) score(4524.00) noncoding_equivalent(0.45) raw_noncoding(0.00) offset(0.00) 
48208	49338	single+	1	3	{GlimmerHMM_glimmerT_707-T1;GlimmerHMM},{Augustus_model.g636.t1;Augustus}

# EVM prediction: Mode:STANDARD S-ratio: 6.00 49536-50111 orient(-) score(3456.00) noncoding_equivalent(576.00) raw_noncoding(576.00) offset(0.00) 
50111	49536	single-	4	6	{HiQ_model.g637.t1;HiQ},{GlimmerHMM_glimmerT_708-T1;GlimmerHMM}

# EVM prediction: Mode:STANDARD S-ratio: 29.06 50521-51396 orient(-) score(2539.00) noncoding_equivalent(87.38) raw_noncoding(87.38) offset(0.00) 
51396	50521	single-	4	6	{Augustus_model.g638.t1;Augustus}

# EVM prediction: Mode:STANDARD S-ratio: 10000.00 52002-54119 orient(+) score(6354.00) noncoding_equivalent(0.64) raw_noncoding(0.00) offset(0.00) 
52002	54119	single+	1	3	{Augustus_model.g639.t1;Augustus},{GlimmerHMM_glimmerT_710-T1;GlimmerHMM}

# EVM prediction: Mode:STANDARD S-ratio: 4.21 54211-56301 orient(-) score(10113.00) noncoding_equivalent(2403.00) raw_noncoding(2403.00) offset(0.00) 
56301	54211	single-	4	6	{HiQ_model.g640.t1;HiQ}

# EVM prediction: Mode:STANDARD S-ratio: 5.00 56466-57707 orient(-) score(6210.00) noncoding_equivalent(1242.00) raw_noncoding(1242.00) offset(0.00) 
57707	56466	single-	4	6	{GlimmerHMM_glimmerT_712-T1;GlimmerHMM},{HiQ_model.g641.t1;HiQ}

# EVM prediction: Mode:STANDARD S-ratio: 2.00 58076-59926 orient(-) score(7386.00) noncoding_equivalent(3697.12) raw_noncoding(3697.12) offset(0.00) 
59926	58076	single-	4	6	{GlimmerHMM_glimmerT_713-T1;GlimmerHMM},{HiQ_model.g642.t1;HiQ}

# EVM prediction: Mode:STANDARD S-ratio: 154.98 60163-62901 orient(+) score(10880.00) noncoding_equivalent(70.20) raw_noncoding(70.20) offset(0.00) 
60163	62901	single+	1	3	{Augustus_model.g643.t1;Augustus},{GlimmerHMM_glimmerT_714-T1;GlimmerHMM}

# EVM prediction: Mode:STANDARD S-ratio: 4.77 63205-66861 orient(-) score(18124.00) noncoding_equivalent(3798.51) raw_noncoding(3798.51) offset(0.00) 
66861	63205	single-	4	6	{HiQ_model.g644.t1;HiQ},{GlimmerHMM_glimmerT_715-T1;GlimmerHMM}

# EVM prediction: Mode:STANDARD S-ratio: 3.00 67572-69986 orient(+) score(7242.00) noncoding_equivalent(2414.00) raw_noncoding(2414.00) offset(0.00) 
67572	69986	single+	1	3	{GlimmerHMM_glimmerT_716-T1;GlimmerHMM},{Augustus_model.g645.t1;Augustus}

# EVM prediction: Mode:STANDARD S-ratio: 1.33 70388-71423 orient(-) score(1731.00) noncoding_equivalent(1299.56) raw_noncoding(1450.00) offset(150.44) 
71341	70388	terminal-	4	6	{GlimmerHMM_glimmerT_717-T1;GlimmerHMM}
71417	71342	INTRON			{GlimmerHMM_glimmerT_717-T1;GlimmerHMM}
71423	71418	initial-	4	6	{GlimmerHMM_glimmerT_717-T1;GlimmerHMM},{snap_scaffold_2-snap.99-T1;snap}

# EVM prediction: Mode:STANDARD S-ratio: 23.09 71747-74656 orient(+) score(11113.00) noncoding_equivalent(481.20) raw_noncoding(709.46) offset(228.26) 
71747	71764	initial+	1	3	{Augustus_model.g646.t1;Augustus},{GlimmerHMM_glimmerT_718-T1;GlimmerHMM}
71765	71989	INTRON			{Augustus_model.g646.t1;Augustus},{GlimmerHMM_glimmerT_718-T1;GlimmerHMM}
71990	74656	terminal+	1	3	{Augustus_model.g646.t1;Augustus},{GlimmerHMM_glimmerT_718-T1;GlimmerHMM}

# EVM prediction: Mode:STANDARD S-ratio: 2.00 74805-75764 orient(-) score(3833.00) noncoding_equivalent(1918.00) raw_noncoding(1918.00) offset(0.00) 
75764	74805	single-	4	6	{HiQ_model.g647.t1;HiQ},{GlimmerHMM_glimmerT_719-T1;GlimmerHMM}

# EVM prediction: Mode:STANDARD S-ratio: 119.34 76507-77160 orient(+) score(3241.00) noncoding_equivalent(27.16) raw_noncoding(27.16) offset(0.00) 
76507	77160	single+	1	3	{GlimmerHMM_glimmerT_720-T1;GlimmerHMM},{Augustus_model.g648.t1;Augustus}

# EVM prediction: Mode:STANDARD S-ratio: 9.06 77596-78924 orient(+) score(3591.00) noncoding_equivalent(396.33) raw_noncoding(396.33) offset(0.00) 
77596	78924	single+	1	3	{GlimmerHMM_glimmerT_721-T1;GlimmerHMM}

# EVM prediction: Mode:STANDARD S-ratio: 950.75 79656-83462 orient(+) score(11409.00) noncoding_equivalent(12.00) raw_noncoding(12.00) offset(0.00) 
79656	83462	single+	1	3	{GlimmerHMM_glimmerT_722-T1;GlimmerHMM}

# EVM prediction: Mode:STANDARD S-ratio: 99.19 83615-87823 orient(-) score(12498.00) noncoding_equivalent(126.00) raw_noncoding(126.00) offset(0.00) 
87823	83615	single-	4	6	{GlimmerHMM_glimmerT_723-T1;GlimmerHMM}

# EVM prediction: Mode:STANDARD S-ratio: 2.98 88109-89485 orient(+) score(4119.00) noncoding_equivalent(1380.74) raw_noncoding(1380.74) offset(0.00) 
88109	89485	single+	1	3	{GlimmerHMM_glimmerT_724-T1;GlimmerHMM}

# EVM prediction: Mode:STANDARD S-ratio: 4.61 89670-91022 orient(-) score(6667.00) noncoding_equivalent(1445.00) raw_noncoding(1445.00) offset(0.00) 
91022	89670	single-	4	6	{GlimmerHMM_glimmerT_725-T1;GlimmerHMM},{HiQ_model.g652.t1;HiQ}

# EVM prediction: Mode:STANDARD S-ratio: 10000.00 91232-92086 orient(-) score(2565.00) noncoding_equivalent(0.26) raw_noncoding(0.00) offset(0.00) 
92086	91232	single-	4	6	{GlimmerHMM_glimmerT_726-T1;GlimmerHMM},{Augustus_model.g653.t1;Augustus}

# EVM prediction: Mode:STANDARD S-ratio: 4.87 92311-92703 orient(-) score(1914.00) noncoding_equivalent(393.00) raw_noncoding(393.00) offset(0.00) 
92703	92311	single-	4	6	{HiQ_model.g654.t1;HiQ},{GlimmerHMM_glimmerT_727-T1;GlimmerHMM}

# EVM prediction: Mode:STANDARD S-ratio: 237.36 94652-96454 orient(+) score(7180.00) noncoding_equivalent(30.25) raw_noncoding(30.25) offset(0.00) 
94652	96454	single+	1	3	{GlimmerHMM_glimmerT_729-T1;GlimmerHMM},{Augustus_model.g655.t1;Augustus}

# EVM prediction: Mode:STANDARD S-ratio: 5.00 96896-98830 orient(-) score(9675.00) noncoding_equivalent(1935.00) raw_noncoding(1935.00) offset(0.00) 
98830	96896	single-	4	6	{GlimmerHMM_glimmerT_730-T1;GlimmerHMM},{HiQ_model.g656.t1;HiQ}

