!! Predictions spanning range 38454 - 99393 [R1]
# EVM prediction: Mode:STANDARD S-ratio: 10000.00 38454-40580 orient(+) score(4254.00) noncoding_equivalent(0.43) raw_noncoding(0.00) offset(0.00) 
38454	40580	single+	1	3	{Augustus_gene1032.t1;Augustus}

# EVM prediction: Mode:STANDARD S-ratio: 10000.00 42792-44829 orient(-) score(4076.00) noncoding_equivalent(0.41) raw_noncoding(0.00) offset(0.00) 
43485	42792	terminal-	6	6	{Augustus_gene128.t1;Augustus}
43613	43486	INTRON			{Augustus_gene128.t1;Augustus}
43662	43614	internal-	5	5	{Augustus_gene128.t1;Augustus}
43763	43663	INTRON			{Augustus_gene128.t1;Augustus}
43776	43764	internal-	4	4	{Augustus_gene128.t1;Augustus}
44096	43777	INTRON			{Augustus_gene128.t1;Augustus}
44376	44097	internal-	6	6	{Augustus_gene128.t1;Augustus}
44773	44377	INTRON			{Augustus_gene128.t1;Augustus}
44829	44774	initial-	4	5	{Augustus_gene128.t1;Augustus}

# EVM prediction: Mode:STANDARD S-ratio: 10000.00 45749-47044 orient(+) score(2592.00) noncoding_equivalent(0.26) raw_noncoding(0.00) offset(0.00) 
45749	47044	single+	1	3	{Augustus_gene288.t1;Augustus}

# EVM prediction: Mode:STANDARD S-ratio: 10000.00 58604-61183 orient(+) score(5160.00) noncoding_equivalent(0.52) raw_noncoding(0.00) offset(0.00) 
58604	61183	single+	1	3	{Augustus_gene303.t1;Augustus}

# EVM prediction: Mode:STANDARD S-ratio: 10000.00 71772-72797 orient(+) score(2052.00) noncoding_equivalent(0.21) raw_noncoding(0.00) offset(0.00) 
71772	72797	single+	1	3	{Augustus_gene1122.t1;Augustus}

# EVM prediction: Mode:STANDARD S-ratio: 10000.00 76673-77383 orient(+) score(1422.00) noncoding_equivalent(0.14) raw_noncoding(0.00) offset(0.00) 
76673	77383	single+	1	3	{Augustus_gene1182.t1;Augustus}

# EVM prediction: Mode:STANDARD S-ratio: 10000.00 85133-86833 orient(-) score(3402.00) noncoding_equivalent(0.34) raw_noncoding(0.00) offset(0.00) 
86833	85133	single-	4	6	{Augustus_gene495.t1;Augustus}

# EVM prediction: Mode:STANDARD S-ratio: 10000.00 87085-87831 orient(-) score(1494.00) noncoding_equivalent(0.15) raw_noncoding(0.00) offset(0.00) 
87831	87085	single-	4	6	{Augustus_gene1083.t1;Augustus}

# EVM prediction: Mode:STANDARD S-ratio: 10000.00 93210-94715 orient(-) score(3012.00) noncoding_equivalent(0.30) raw_noncoding(0.00) offset(0.00) 
94715	93210	single-	4	6	{Augustus_gene918.t1;Augustus}

# EVM prediction: Mode:STANDARD S-ratio: 10000.00 95076-99393 orient(-) score(8636.00) noncoding_equivalent(0.86) raw_noncoding(0.00) offset(0.00) 
95266	95076	terminal-	5	6	{Augustus_gene1018.t1;Augustus}
95436	95267	INTRON			{Augustus_gene1018.t1;Augustus}
95617	95437	internal-	4	4	{Augustus_gene1018.t1;Augustus}
95941	95618	INTRON			{Augustus_gene1018.t1;Augustus}
96075	95942	internal-	5	6	{Augustus_gene1018.t1;Augustus}
96429	96076	INTRON			{Augustus_gene1018.t1;Augustus}
96699	96430	internal-	5	4	{Augustus_gene1018.t1;Augustus}
97298	96700	INTRON			{Augustus_gene1018.t1;Augustus}
99393	97299	initial-	4	4	{Augustus_gene1018.t1;Augustus}

