!! Predictions spanning range 656 - 98745 [R1]
# EVM prediction: Mode:STANDARD S-ratio: 379.27 656-3070 orient(-) score(7224.00) noncoding_equivalent(19.05) raw_noncoding(19.05) offset(0.00) 
3070	656	single-	4	6	{GlimmerHMM_glimmerT_1094-T1;GlimmerHMM},{Augustus_model.g934.t1;Augustus}

# EVM prediction: Mode:STANDARD S-ratio: 2.01 3652-5616 orient(+) score(3930.00) noncoding_equivalent(1959.52) raw_noncoding(1959.52) offset(0.00) 
3652	5616	single+	1	3	{GlimmerHMM_glimmerT_1095-T1;GlimmerHMM},{Augustus_model.g935.t1;Augustus}

# EVM prediction: Mode:STANDARD S-ratio: 10000.00 5666-7807 orient(-) score(6426.00) noncoding_equivalent(0.64) raw_noncoding(0.00) offset(0.00) 
7807	5666	single-	4	6	{Augustus_model.g936.t1;Augustus},{GlimmerHMM_glimmerT_1096-T1;GlimmerHMM}

# EVM prediction: Mode:STANDARD S-ratio: 1628.67 7995-10190 orient(-) score(6584.00) noncoding_equivalent(4.04) raw_noncoding(4.04) offset(0.00) 
10190	7995	single-	4	6	{Augustus_model.g937.t1;Augustus},{GlimmerHMM_glimmerT_1097-T1;GlimmerHMM}

# EVM prediction: Mode:STANDARD S-ratio: 2.03 10609-10890 orient(+) score(564.00) noncoding_equivalent(277.33) raw_noncoding(277.33) offset(0.00) 
10609	10890	single+	1	3	{GlimmerHMM_glimmerT_1098-T1;GlimmerHMM}

# EVM prediction: Mode:STANDARD S-ratio: 10000.00 11021-12085 orient(-) score(3195.00) noncoding_equivalent(0.32) raw_noncoding(0.00) offset(0.00) 
12085	11021	single-	4	6	{Augustus_model.g939.t1;Augustus},{GlimmerHMM_glimmerT_1099-T1;GlimmerHMM}

# EVM prediction: Mode:STANDARD S-ratio: 10000.00 12440-13498 orient(-) score(3177.00) noncoding_equivalent(0.32) raw_noncoding(0.00) offset(0.00) 
13498	12440	single-	4	6	{GlimmerHMM_glimmerT_1100-T1;GlimmerHMM},{Augustus_model.g940.t1;Augustus}

# EVM prediction: Mode:STANDARD S-ratio: 10000.00 14031-16961 orient(+) score(8793.00) noncoding_equivalent(0.88) raw_noncoding(0.00) offset(0.00) 
14031	16961	single+	1	3	{Augustus_model.g941.t1;Augustus},{GlimmerHMM_glimmerT_1101-T1;GlimmerHMM}

# EVM prediction: Mode:STANDARD S-ratio: 2.00 17041-17613 orient(-) score(1146.00) noncoding_equivalent(573.00) raw_noncoding(573.00) offset(0.00) 
17613	17041	single-	4	6	{Augustus_model.g942.t1;Augustus},{GlimmerHMM_glimmerT_1102-T1;GlimmerHMM}

# EVM prediction: Mode:STANDARD S-ratio: 25.49 17860-18856 orient(+) score(2818.00) noncoding_equivalent(110.55) raw_noncoding(224.18) offset(113.63) 
17860	17910	initial+	1	3	{Augustus_model.g943.t1;Augustus},{GlimmerHMM_glimmerT_1103-T1;GlimmerHMM}
17911	17971	INTRON			{GlimmerHMM_glimmerT_1103-T1;GlimmerHMM}
17972	18856	terminal+	1	3	{GlimmerHMM_glimmerT_1103-T1;GlimmerHMM},{snap_scaffold_1-snap.707-T1;snap}

# EVM prediction: Mode:STANDARD S-ratio: 10000.00 18904-22518 orient(-) score(10845.00) noncoding_equivalent(1.08) raw_noncoding(0.00) offset(0.00) 
22518	18904	single-	4	6	{Augustus_model.g944.t1;Augustus},{GlimmerHMM_glimmerT_1104-T1;GlimmerHMM}

# EVM prediction: Mode:STANDARD S-ratio: 2.01 23552-24928 orient(+) score(2754.00) noncoding_equivalent(1371.05) raw_noncoding(1371.05) offset(0.00) 
23552	24928	single+	1	3	{Augustus_model.g945.t1;Augustus},{GlimmerHMM_glimmerT_1106-T1;GlimmerHMM}

# EVM prediction: Mode:STANDARD S-ratio: 12.85 25491-26903 orient(+) score(3933.00) noncoding_equivalent(306.00) raw_noncoding(306.00) offset(0.00) 
25491	26903	single+	1	3	{Augustus_model.g946.t1;Augustus}

# EVM prediction: Mode:STANDARD S-ratio: 21.67 26911-27726 orient(-) score(2340.00) noncoding_equivalent(108.00) raw_noncoding(108.00) offset(0.00) 
27726	26911	single-	4	6	{GlimmerHMM_glimmerT_1108-T1;GlimmerHMM},{Augustus_model.g947.t1;Augustus}

# EVM prediction: Mode:STANDARD S-ratio: 2082.38 27927-31424 orient(+) score(10489.00) noncoding_equivalent(5.04) raw_noncoding(5.04) offset(0.00) 
27927	31424	single+	1	3	{Augustus_model.g948.t1;Augustus},{GlimmerHMM_glimmerT_1109-T1;GlimmerHMM}

# EVM prediction: Mode:STANDARD S-ratio: 1651.37 31685-34459 orient(+) score(8318.00) noncoding_equivalent(5.04) raw_noncoding(5.04) offset(0.00) 
31685	34459	single+	1	3	{Augustus_model.g949.t1;Augustus},{GlimmerHMM_glimmerT_1110-T1;GlimmerHMM}

# EVM prediction: Mode:STANDARD S-ratio: 10000.00 34473-35606 orient(-) score(3402.00) noncoding_equivalent(0.34) raw_noncoding(0.00) offset(0.00) 
35606	34473	single-	4	6	{GlimmerHMM_glimmerT_1111-T1;GlimmerHMM},{Augustus_model.g950.t1;Augustus}

# EVM prediction: Mode:STANDARD S-ratio: 13.86 37195-40393 orient(-) score(9246.00) noncoding_equivalent(667.16) raw_noncoding(801.00) offset(133.84) 
37742	37195	terminal-	5	6	{Augustus_model.g951.t1;Augustus},{GlimmerHMM_glimmerT_1113-T1;GlimmerHMM},{snap_scaffold_1-snap.713-T1;snap}
37881	37743	INTRON			{Augustus_model.g951.t1;Augustus},{GlimmerHMM_glimmerT_1113-T1;GlimmerHMM},{snap_scaffold_1-snap.713-T1;snap}
38960	37882	internal-	6	4	{GlimmerHMM_glimmerT_1113-T1;GlimmerHMM}
39056	38961	INTRON			{GlimmerHMM_glimmerT_1113-T1;GlimmerHMM}
40393	39057	initial-	4	5	{GlimmerHMM_glimmerT_1113-T1;GlimmerHMM}

# EVM prediction: Mode:STANDARD S-ratio: 2.00 41033-41461 orient(+) score(858.00) noncoding_equivalent(429.00) raw_noncoding(429.00) offset(0.00) 
41033	41461	single+	1	3	{Augustus_model.g953.t1;Augustus},{GlimmerHMM_glimmerT_1114-T1;GlimmerHMM}

# EVM prediction: Mode:STANDARD S-ratio: 14.43 41468-42205 orient(-) score(2034.00) noncoding_equivalent(141.00) raw_noncoding(180.00) offset(39.00) 
42162	41468	terminal-	5	6	{snap_scaffold_1-snap.714-T1;snap}
42201	42163	INTRON			{snap_scaffold_1-snap.714-T1;snap}
42205	42202	initial-	4	4	{snap_scaffold_1-snap.714-T1;snap}

# EVM prediction: Mode:STANDARD S-ratio: 10000.00 43565-44356 orient(-) score(2376.00) noncoding_equivalent(0.24) raw_noncoding(0.00) offset(0.00) 
44356	43565	single-	4	6	{GlimmerHMM_glimmerT_1116-T1;GlimmerHMM},{Augustus_model.g955.t1;Augustus}

# EVM prediction: Mode:STANDARD S-ratio: 2.01 44691-45890 orient(+) score(2400.00) noncoding_equivalent(1193.74) raw_noncoding(1193.74) offset(0.00) 
44691	45890	single+	1	3	{Augustus_model.g956.t1;Augustus},{GlimmerHMM_glimmerT_1117-T1;GlimmerHMM}

# EVM prediction: Mode:STANDARD S-ratio: 297.02 45899-48196 orient(-) score(6869.00) noncoding_equivalent(23.13) raw_noncoding(23.13) offset(0.00) 
48196	45899	single-	4	6	{GlimmerHMM_glimmerT_1118-T1;GlimmerHMM},{Augustus_model.g957.t1;Augustus}

# EVM prediction: Mode:STANDARD S-ratio: 2.02 48533-49132 orient(+) score(1200.00) noncoding_equivalent(593.03) raw_noncoding(593.03) offset(0.00) 
48533	49132	single+	1	3	{GlimmerHMM_glimmerT_1119-T1;GlimmerHMM},{Augustus_model.g958.t1;Augustus}

# EVM prediction: Mode:STANDARD S-ratio: 10000.00 49163-50962 orient(-) score(5400.00) noncoding_equivalent(0.54) raw_noncoding(0.00) offset(0.00) 
50962	49163	single-	4	6	{GlimmerHMM_glimmerT_1120-T1;GlimmerHMM},{Augustus_model.g959.t1;Augustus}

# EVM prediction: Mode:STANDARD S-ratio: 878.76 51599-53248 orient(+) score(4943.00) noncoding_equivalent(5.62) raw_noncoding(5.62) offset(0.00) 
51599	53248	single+	1	3	{Augustus_model.g960.t1;Augustus},{GlimmerHMM_glimmerT_1121-T1;GlimmerHMM}

# EVM prediction: Mode:STANDARD S-ratio: 10000.00 53480-54271 orient(-) score(2376.00) noncoding_equivalent(0.24) raw_noncoding(0.00) offset(0.00) 
54271	53480	single-	4	6	{GlimmerHMM_glimmerT_1122-T1;GlimmerHMM},{Augustus_model.g961.t1;Augustus}

# EVM prediction: Mode:STANDARD S-ratio: 2.47 55252-55714 orient(-) score(1288.00) noncoding_equivalent(522.01) raw_noncoding(565.01) offset(43.00) 
55667	55252	terminal-	5	6	{snap_scaffold_1-snap.721-T1;snap}
55710	55668	INTRON			{snap_scaffold_1-snap.721-T1;snap}
55714	55711	initial-	4	4	{snap_scaffold_1-snap.721-T1;snap}

# EVM prediction: Mode:STANDARD S-ratio: 3.00 57696-58724 orient(+) score(3087.00) noncoding_equivalent(1029.00) raw_noncoding(1029.00) offset(0.00) 
57696	58724	single+	1	3	{GlimmerHMM_glimmerT_1124-T1;GlimmerHMM}

# EVM prediction: Mode:STANDARD S-ratio: 89.10 58803-59567 orient(-) score(2268.00) noncoding_equivalent(25.45) raw_noncoding(25.45) offset(0.00) 
59567	58803	single-	4	6	{Augustus_model.g964.t1;Augustus},{GlimmerHMM_glimmerT_1125-T1;GlimmerHMM}

# EVM prediction: Mode:STANDARD S-ratio: 121.57 59716-61431 orient(+) score(5106.00) noncoding_equivalent(42.00) raw_noncoding(42.00) offset(0.00) 
59716	61431	single+	1	3	{GlimmerHMM_glimmerT_1126-T1;GlimmerHMM},{Augustus_model.g965.t1;Augustus}

# EVM prediction: Mode:STANDARD S-ratio: 10000.00 61444-63573 orient(-) score(6390.00) noncoding_equivalent(0.64) raw_noncoding(0.00) offset(0.00) 
63573	61444	single-	4	6	{Augustus_model.g966.t1;Augustus},{GlimmerHMM_glimmerT_1127-T1;GlimmerHMM}

# EVM prediction: Mode:STANDARD S-ratio: 1.96 64765-67015 orient(-) score(4407.00) noncoding_equivalent(2251.00) raw_noncoding(2336.00) offset(85.00) 
65322	64765	terminal-	4	6	{Augustus_model.g967.t1;Augustus}
65407	65323	INTRON			{Augustus_model.g967.t1;Augustus}
67015	65408	initial-	4	6	{Augustus_model.g967.t1;Augustus}

# EVM prediction: Mode:STANDARD S-ratio: 96.36 67527-69668 orient(+) score(6360.00) noncoding_equivalent(66.00) raw_noncoding(66.00) offset(0.00) 
67527	69668	single+	1	3	{Augustus_model.g968.t1;Augustus}

# EVM prediction: Mode:STANDARD S-ratio: 1.92 70082-70798 orient(+) score(1380.00) noncoding_equivalent(717.00) raw_noncoding(771.00) offset(54.00) 
70082	70089	initial+	1	2	{snap_scaffold_1-snap.726-T1;snap}
70090	70143	INTRON			{snap_scaffold_1-snap.726-T1;snap}
70144	70798	terminal+	3	3	{snap_scaffold_1-snap.726-T1;snap}

# EVM prediction: Mode:STANDARD S-ratio: 1708.99 70818-73691 orient(-) score(8615.00) noncoding_equivalent(5.04) raw_noncoding(5.04) offset(0.00) 
73691	70818	single-	4	6	{GlimmerHMM_glimmerT_1131-T1;GlimmerHMM},{Augustus_model.g969.t1;Augustus}

# EVM prediction: Mode:STANDARD S-ratio: 42.01 73878-76019 orient(-) score(6277.00) noncoding_equivalent(149.43) raw_noncoding(149.43) offset(0.00) 
76019	73878	single-	4	6	{GlimmerHMM_glimmerT_1132-T1;GlimmerHMM}

# EVM prediction: Mode:STANDARD S-ratio: 2.01 76275-77105 orient(+) score(1662.00) noncoding_equivalent(827.11) raw_noncoding(827.11) offset(0.00) 
76275	77105	single+	1	3	{GlimmerHMM_glimmerT_1133-T1;GlimmerHMM},{Augustus_model.g971.t1;Augustus}

# EVM prediction: Mode:STANDARD S-ratio: 11.60 77159-77799 orient(-) score(1835.00) noncoding_equivalent(158.14) raw_noncoding(234.86) offset(76.72) 
77711	77159	terminal-	6	6	{Augustus_model.g972.t1;Augustus},{GlimmerHMM_glimmerT_1134-T1;GlimmerHMM},{snap_scaffold_1-snap.728-T1;snap}
77785	77712	INTRON			{Augustus_model.g972.t1;Augustus},{GlimmerHMM_glimmerT_1134-T1;GlimmerHMM}
77799	77786	initial-	4	5	{Augustus_model.g972.t1;Augustus},{GlimmerHMM_glimmerT_1134-T1;GlimmerHMM}

# EVM prediction: Mode:STANDARD S-ratio: 3.38 78093-78880 orient(+) score(1997.00) noncoding_equivalent(590.80) raw_noncoding(821.15) offset(230.35) 
78093	78204	initial+	1	1	{Augustus_model.g973.t1;Augustus},{GlimmerHMM_glimmerT_1135-T1;GlimmerHMM}
78205	78431	INTRON			{Augustus_model.g973.t1;Augustus},{GlimmerHMM_glimmerT_1135-T1;GlimmerHMM}
78432	78880	terminal+	2	3	{snap_scaffold_1-snap.729-T1;snap},{GlimmerHMM_glimmerT_1135-T1;GlimmerHMM}

# EVM prediction: Mode:STANDARD S-ratio: 3.37 79374-80084 orient(+) score(1850.00) noncoding_equivalent(549.14) raw_noncoding(732.00) offset(182.86) 
79374	79393	initial+	1	2	{GlimmerHMM_glimmerT_1136-T1;GlimmerHMM}
79394	79663	INTRON			{Augustus_model.g973.t1;Augustus},{GlimmerHMM_glimmerT_1136-T1;GlimmerHMM}
79664	80084	terminal+	3	3	{Augustus_model.g973.t1;Augustus},{GlimmerHMM_glimmerT_1136-T1;GlimmerHMM}

# EVM prediction: Mode:STANDARD S-ratio: 2.01 80125-81441 orient(-) score(2634.00) noncoding_equivalent(1311.18) raw_noncoding(1311.18) offset(0.00) 
81441	80125	single-	4	6	{Augustus_model.g974.t1;Augustus},{GlimmerHMM_glimmerT_1137-T1;GlimmerHMM}

# EVM prediction: Mode:STANDARD S-ratio: 32.28 81676-83064 orient(+) score(4042.00) noncoding_equivalent(125.21) raw_noncoding(125.21) offset(0.00) 
81676	83064	single+	1	3	{GlimmerHMM_glimmerT_1138-T1;GlimmerHMM}

# EVM prediction: Mode:STANDARD S-ratio: 9.67 83188-88686 orient(+) score(14379.00) noncoding_equivalent(1486.86) raw_noncoding(2451.58) offset(964.73) 
83188	83191	initial+	1	1	{snap_scaffold_1-snap.732-T1;snap}
83192	83215	INTRON			{snap_scaffold_1-snap.732-T1;snap}
83216	83370	internal+	2	3	{snap_scaffold_1-snap.732-T1;snap}
83371	83493	INTRON			{snap_scaffold_1-snap.732-T1;snap}
83494	83860	internal+	1	1	{snap_scaffold_1-snap.732-T1;snap}
83861	84098	INTRON			{snap_scaffold_1-snap.732-T1;snap}
84099	86965	internal+	2	3	{snap_scaffold_1-snap.732-T1;snap}
86966	86987	INTRON			{snap_scaffold_1-snap.732-T1;snap}
86988	87113	internal+	1	3	{snap_scaffold_1-snap.732-T1;snap}
87114	87339	INTRON			{snap_scaffold_1-snap.732-T1;snap}
87340	88686	terminal+	1	3	{snap_scaffold_1-snap.732-T1;snap}

# EVM prediction: Mode:STANDARD S-ratio: 1.87 88933-89403 orient(-) score(919.00) noncoding_equivalent(492.71) raw_noncoding(492.71) offset(0.00) 
89403	88933	single-	4	6	{GlimmerHMM_glimmerT_1142-T1;GlimmerHMM}

# EVM prediction: Mode:STANDARD S-ratio: 3.48 89686-90179 orient(+) score(1262.00) noncoding_equivalent(362.47) raw_noncoding(413.94) offset(51.46) 
89686	89714	initial+	1	2	{Augustus_model.g977.t1;Augustus},{GlimmerHMM_glimmerT_1143-T1;GlimmerHMM}
89715	89860	INTRON			{Augustus_model.g977.t1;Augustus},{GlimmerHMM_glimmerT_1143-T1;GlimmerHMM}
89861	90179	terminal+	3	3	{Augustus_model.g977.t1;Augustus},{GlimmerHMM_glimmerT_1143-T1;GlimmerHMM}

# EVM prediction: Mode:STANDARD S-ratio: 10000.00 90609-93389 orient(+) score(8343.00) noncoding_equivalent(0.83) raw_noncoding(0.00) offset(0.00) 
90609	93389	single+	1	3	{GlimmerHMM_glimmerT_1144-T1;GlimmerHMM},{Augustus_model.g978.t1;Augustus}

# EVM prediction: Mode:STANDARD S-ratio: 42.45 93479-94570 orient(-) score(3197.00) noncoding_equivalent(75.32) raw_noncoding(75.32) offset(0.00) 
94570	93479	single-	4	6	{GlimmerHMM_glimmerT_1145-T1;GlimmerHMM}

# EVM prediction: Mode:STANDARD S-ratio: 44.52 95374-97317 orient(-) score(5704.00) noncoding_equivalent(128.11) raw_noncoding(128.11) offset(0.00) 
97317	95374	single-	4	6	{GlimmerHMM_glimmerT_1146-T1;GlimmerHMM}

# EVM prediction: Mode:STANDARD S-ratio: 2.00 97831-98745 orient(-) score(1830.00) noncoding_equivalent(913.00) raw_noncoding(913.00) offset(0.00) 
98745	97831	single-	4	6	{Augustus_model.g980.t1;Augustus},{GlimmerHMM_glimmerT_1148-T1;GlimmerHMM}

