!! Predictions spanning range 136 - 99844 [R1]
# EVM prediction: Mode:STANDARD S-ratio: 2.00 136-864 orient(+) score(1458.00) noncoding_equivalent(729.00) raw_noncoding(729.00) offset(0.00) 
136	864	single+	1	3	{GlimmerHMM_glimmerT_1676-T1;GlimmerHMM},{Augustus_model.g1498.t1;Augustus}

# EVM prediction: Mode:STANDARD S-ratio: 2.00 1285-2727 orient(-) score(2886.00) noncoding_equivalent(1443.00) raw_noncoding(1443.00) offset(0.00) 
2727	1285	single-	4	6	{Augustus_model.g1499.t1;Augustus},{GlimmerHMM_glimmerT_1677-T1;GlimmerHMM}

# EVM prediction: Mode:STANDARD S-ratio: 10000.00 3050-4336 orient(+) score(3861.00) noncoding_equivalent(0.39) raw_noncoding(0.00) offset(0.00) 
3050	4336	single+	1	3	{Augustus_model.g1500.t1;Augustus},{GlimmerHMM_glimmerT_1678-T1;GlimmerHMM}

# EVM prediction: Mode:STANDARD S-ratio: 100.70 4414-5430 orient(-) score(3021.00) noncoding_equivalent(30.00) raw_noncoding(30.00) offset(0.00) 
5430	4414	single-	4	6	{GlimmerHMM_glimmerT_1679-T1;GlimmerHMM},{Augustus_model.g1501.t1;Augustus}

# EVM prediction: Mode:STANDARD S-ratio: 3.23 5753-6449 orient(-) score(1663.00) noncoding_equivalent(515.00) raw_noncoding(519.00) offset(4.00) 
5790	5753	terminal-	5	6	{Augustus_model.g1502.t1;Augustus},{GlimmerHMM_glimmerT_1680-T1;GlimmerHMM}
5881	5791	INTRON			{Augustus_model.g1502.t1;Augustus},{GlimmerHMM_glimmerT_1680-T1;GlimmerHMM}
6449	5882	initial-	4	4	{GlimmerHMM_glimmerT_1680-T1;GlimmerHMM}

# EVM prediction: Mode:STANDARD S-ratio: 210.63 6681-9368 orient(+) score(8004.00) noncoding_equivalent(38.00) raw_noncoding(38.00) offset(0.00) 
6681	9368	single+	1	3	{Augustus_model.g1503.t1;Augustus}

# EVM prediction: Mode:STANDARD S-ratio: 1.93 9486-10683 orient(-) score(2314.00) noncoding_equivalent(1198.00) raw_noncoding(1280.00) offset(82.00) 
9512	9486	terminal-	4	6	{Augustus_model.g1504.t1;Augustus}
9594	9513	INTRON			{Augustus_model.g1504.t1;Augustus}
10683	9595	initial-	4	6	{Augustus_model.g1504.t1;Augustus}

# EVM prediction: Mode:STANDARD S-ratio: 44.15 11098-12951 orient(-) score(5430.00) noncoding_equivalent(123.00) raw_noncoding(123.00) offset(0.00) 
12951	11098	single-	4	6	{GlimmerHMM_glimmerT_1683-T1;GlimmerHMM}

# EVM prediction: Mode:STANDARD S-ratio: 15.14 13389-13856 orient(-) score(1317.00) noncoding_equivalent(87.00) raw_noncoding(87.00) offset(0.00) 
13856	13389	single-	4	6	{GlimmerHMM_glimmerT_1684-T1;GlimmerHMM},{Augustus_model.g1506.t1;Augustus}

# EVM prediction: Mode:STANDARD S-ratio: 91.56 14672-15199 orient(+) score(1565.00) noncoding_equivalent(17.09) raw_noncoding(17.09) offset(0.00) 
14672	15199	single+	1	3	{GlimmerHMM_glimmerT_1685-T1;GlimmerHMM},{Augustus_model.g1507.t1;Augustus}

# EVM prediction: Mode:STANDARD S-ratio: 10000.00 15381-17402 orient(-) score(6057.00) noncoding_equivalent(0.61) raw_noncoding(0.00) offset(0.00) 
17402	15381	single-	4	6	{GlimmerHMM_glimmerT_1686-T1;GlimmerHMM},{Augustus_model.g1508.t1;Augustus}

# EVM prediction: Mode:STANDARD S-ratio: 5.28 17825-19603 orient(-) score(10450.00) noncoding_equivalent(1977.58) raw_noncoding(1977.58) offset(0.00) 
19603	17825	single-	4	6	{HiQ_model.g1509.t1;HiQ},{GlimmerHMM_glimmerT_1687-T1;GlimmerHMM}

# EVM prediction: Mode:STANDARD S-ratio: 6.00 20395-21009 orient(-) score(3690.00) noncoding_equivalent(615.00) raw_noncoding(615.00) offset(0.00) 
21009	20395	single-	4	6	{HiQ_model.g1510.t1;HiQ},{GlimmerHMM_glimmerT_1688-T1;GlimmerHMM}

# EVM prediction: Mode:STANDARD S-ratio: 10000.00 21803-23548 orient(+) score(5238.00) noncoding_equivalent(0.52) raw_noncoding(0.00) offset(0.00) 
21803	23548	single+	1	3	{Augustus_model.g1511.t1;Augustus},{GlimmerHMM_glimmerT_1689-T1;GlimmerHMM}

# EVM prediction: Mode:STANDARD S-ratio: 14.65 23584-27968 orient(-) score(11943.00) noncoding_equivalent(815.18) raw_noncoding(1526.20) offset(711.02) 
26306	23584	terminal-	5	6	{Augustus_model.g1512.t1;Augustus}
26698	26307	INTRON			{Augustus_model.g1512.t1;Augustus}
27968	26699	initial-	4	4	{Augustus_model.g1512.t1;Augustus},{GlimmerHMM_glimmerT_1690-T1;GlimmerHMM}

# EVM prediction: Mode:STANDARD S-ratio: 164.34 28306-29691 orient(+) score(4131.00) noncoding_equivalent(25.14) raw_noncoding(25.14) offset(0.00) 
28306	29691	single+	1	3	{GlimmerHMM_glimmerT_1691-T1;GlimmerHMM}

# EVM prediction: Mode:STANDARD S-ratio: 13.51 29946-30866 orient(+) score(2570.00) noncoding_equivalent(190.26) raw_noncoding(190.26) offset(0.00) 
29946	30866	single+	1	3	{GlimmerHMM_glimmerT_1692-T1;GlimmerHMM}

# EVM prediction: Mode:STANDARD S-ratio: 10000.00 30968-32329 orient(-) score(4086.00) noncoding_equivalent(0.41) raw_noncoding(0.00) offset(0.00) 
32329	30968	single-	4	6	{Augustus_model.g1514.t1;Augustus},{GlimmerHMM_glimmerT_1693-T1;GlimmerHMM}

# EVM prediction: Mode:STANDARD S-ratio: 10000.00 32629-34485 orient(+) score(5562.00) noncoding_equivalent(0.56) raw_noncoding(0.00) offset(0.00) 
32629	34485	single+	1	3	{Augustus_model.g1515.t1;Augustus},{GlimmerHMM_glimmerT_1694-T1;GlimmerHMM}

# EVM prediction: Mode:STANDARD S-ratio: 10000.00 34581-36911 orient(-) score(6993.00) noncoding_equivalent(0.70) raw_noncoding(0.00) offset(0.00) 
36911	34581	single-	4	6	{Augustus_model.g1516.t1;Augustus},{GlimmerHMM_glimmerT_1695-T1;GlimmerHMM}

# EVM prediction: Mode:STANDARD S-ratio: 2.00 37197-38834 orient(+) score(3277.00) noncoding_equivalent(1637.00) raw_noncoding(1637.00) offset(0.00) 
37197	38834	single+	1	3	{Augustus_model.g1517.t1;Augustus},{GlimmerHMM_glimmerT_1696-T1;GlimmerHMM}

# EVM prediction: Mode:STANDARD S-ratio: 10000.00 39255-40436 orient(+) score(3539.00) noncoding_equivalent(0.35) raw_noncoding(0.00) offset(0.00) 
39255	40436	single+	1	3	{GlimmerHMM_glimmerT_1697-T1;GlimmerHMM},{Augustus_model.g1518.t1;Augustus}

# EVM prediction: Mode:STANDARD S-ratio: 10000.00 41149-42678 orient(-) score(4590.00) noncoding_equivalent(0.46) raw_noncoding(0.00) offset(0.00) 
42678	41149	single-	4	6	{Augustus_model.g1519.t1;Augustus},{GlimmerHMM_glimmerT_1698-T1;GlimmerHMM}

# EVM prediction: Mode:STANDARD S-ratio: 10000.00 43890-45383 orient(-) score(4482.00) noncoding_equivalent(0.45) raw_noncoding(0.00) offset(0.00) 
45383	43890	single-	4	6	{Augustus_model.g1520.t1;Augustus},{GlimmerHMM_glimmerT_1699-T1;GlimmerHMM}

# EVM prediction: Mode:STANDARD S-ratio: 107.43 47438-48166 orient(+) score(2165.00) noncoding_equivalent(20.15) raw_noncoding(20.15) offset(0.00) 
47438	48166	single+	1	3	{Augustus_model.g1521.t1;Augustus},{GlimmerHMM_glimmerT_1700-T1;GlimmerHMM}

# EVM prediction: Mode:STANDARD S-ratio: 10000.00 48342-51470 orient(-) score(9378.00) noncoding_equivalent(0.94) raw_noncoding(0.00) offset(0.00) 
51470	48342	single-	4	6	{Augustus_model.g1522.t1;Augustus},{GlimmerHMM_glimmerT_1701-T1;GlimmerHMM}

# EVM prediction: Mode:STANDARD S-ratio: 1.93 52020-53492 orient(+) score(2912.00) noncoding_equivalent(1507.20) raw_noncoding(1507.20) offset(0.00) 
52020	53492	single+	1	3	{Augustus_model.g1523.t1;Augustus}

# EVM prediction: Mode:STANDARD S-ratio: 4.47 53783-54152 orient(+) score(967.00) noncoding_equivalent(216.25) raw_noncoding(250.25) offset(34.00) 
53783	54047	initial+	1	1	{Augustus_model.g1524.t1;Augustus}
54048	54126	INTRON			{GlimmerHMM_glimmerT_1702-T1;GlimmerHMM},{Augustus_model.g1524.t1;Augustus}
54127	54152	terminal+	2	3	{GlimmerHMM_glimmerT_1702-T1;GlimmerHMM},{Augustus_model.g1524.t1;Augustus}

# EVM prediction: Mode:STANDARD S-ratio: 17.69 54290-54736 orient(-) score(1268.00) noncoding_equivalent(71.67) raw_noncoding(71.67) offset(0.00) 
54736	54290	single-	4	6	{GlimmerHMM_glimmerT_1703-T1;GlimmerHMM},{Augustus_model.g1525.t1;Augustus}

# EVM prediction: Mode:STANDARD S-ratio: 23.30 55596-57281 orient(-) score(4849.00) noncoding_equivalent(208.12) raw_noncoding(208.12) offset(0.00) 
57281	55596	single-	4	6	{GlimmerHMM_glimmerT_1704-T1;GlimmerHMM},{Augustus_model.g1526.t1;Augustus}

# EVM prediction: Mode:STANDARD S-ratio: 2.00 57628-57945 orient(+) score(636.00) noncoding_equivalent(318.00) raw_noncoding(318.00) offset(0.00) 
57628	57945	single+	1	3	{Augustus_model.g1527.t1;Augustus},{GlimmerHMM_glimmerT_1705-T1;GlimmerHMM}

# EVM prediction: Mode:STANDARD S-ratio: 10000.00 58491-60608 orient(+) score(6354.00) noncoding_equivalent(0.64) raw_noncoding(0.00) offset(0.00) 
58491	60608	single+	1	3	{Augustus_model.g1528.t1;Augustus},{GlimmerHMM_glimmerT_1706-T1;GlimmerHMM}

# EVM prediction: Mode:STANDARD S-ratio: 13.00 60689-61276 orient(-) score(1638.00) noncoding_equivalent(126.00) raw_noncoding(126.00) offset(0.00) 
61276	60689	single-	4	6	{Augustus_model.g1529.t1;Augustus},{GlimmerHMM_glimmerT_1707-T1;GlimmerHMM}

# EVM prediction: Mode:STANDARD S-ratio: 8.11 61477-63100 orient(+) score(3994.00) noncoding_equivalent(492.30) raw_noncoding(1266.02) offset(773.71) 
61477	61485	initial+	1	3	{snap_scaffold_2-snap.343-T1;snap}
61486	61589	INTRON			{snap_scaffold_2-snap.343-T1;snap}
61590	61598	internal+	1	3	{snap_scaffold_2-snap.343-T1;snap}
61599	61882	INTRON			{snap_scaffold_2-snap.343-T1;snap}
61883	63100	terminal+	1	3	{snap_scaffold_2-snap.343-T1;snap}

# EVM prediction: Mode:STANDARD S-ratio: 68.97 63533-66769 orient(+) score(9569.00) noncoding_equivalent(138.74) raw_noncoding(138.74) offset(0.00) 
63533	66769	single+	1	3	{GlimmerHMM_glimmerT_1709-T1;GlimmerHMM}

# EVM prediction: Mode:STANDARD S-ratio: 10000.00 66882-68228 orient(-) score(4041.00) noncoding_equivalent(0.40) raw_noncoding(0.00) offset(0.00) 
68228	66882	single-	4	6	{Augustus_model.g1531.t1;Augustus},{GlimmerHMM_glimmerT_1710-T1;GlimmerHMM}

# EVM prediction: Mode:STANDARD S-ratio: 10000.00 68673-69152 orient(-) score(1431.00) noncoding_equivalent(0.14) raw_noncoding(0.00) offset(0.00) 
69152	68673	single-	4	6	{Augustus_model.g1532.t1;Augustus},{GlimmerHMM_glimmerT_1711-T1;GlimmerHMM}

# EVM prediction: Mode:STANDARD S-ratio: 1.74 69415-69962 orient(+) score(956.00) noncoding_equivalent(548.00) raw_noncoding(688.00) offset(140.00) 
69415	69812	initial+	1	2	{Augustus_model.g1533.t1;Augustus}
69813	69952	INTRON			{Augustus_model.g1533.t1;Augustus}
69953	69962	terminal+	3	3	{Augustus_model.g1533.t1;Augustus}

# EVM prediction: Mode:STANDARD S-ratio: 10000.00 70313-73171 orient(-) score(8577.00) noncoding_equivalent(0.86) raw_noncoding(0.00) offset(0.00) 
73171	70313	single-	4	6	{Augustus_model.g1534.t1;Augustus},{GlimmerHMM_glimmerT_1713-T1;GlimmerHMM}

# EVM prediction: Mode:STANDARD S-ratio: 17.66 73585-75972 orient(-) score(6780.00) noncoding_equivalent(384.00) raw_noncoding(384.00) offset(0.00) 
75972	73585	single-	4	6	{GlimmerHMM_glimmerT_1714-T1;GlimmerHMM}

# EVM prediction: Mode:STANDARD S-ratio: 15.37 77238-78837 orient(+) score(4277.00) noncoding_equivalent(278.30) raw_noncoding(553.00) offset(274.70) 
77238	77243	initial+	1	3	{snap_scaffold_2-snap.349-T1;snap}
77244	77334	INTRON			{snap_scaffold_2-snap.349-T1;snap}
77335	77342	internal+	1	2	{snap_scaffold_2-snap.349-T1;snap}
77343	77492	INTRON			{snap_scaffold_2-snap.349-T1;snap}
77493	78837	terminal+	3	3	{snap_scaffold_2-snap.349-T1;snap}

# EVM prediction: Mode:STANDARD S-ratio: 10000.00 79245-79751 orient(-) score(1521.00) noncoding_equivalent(0.15) raw_noncoding(0.00) offset(0.00) 
79751	79245	single-	4	6	{GlimmerHMM_glimmerT_1716-T1;GlimmerHMM},{Augustus_model.g1537.t1;Augustus}

# EVM prediction: Mode:STANDARD S-ratio: 10000.00 82073-82408 orient(-) score(1008.00) noncoding_equivalent(0.10) raw_noncoding(0.00) offset(0.00) 
82408	82073	single-	4	6	{Augustus_model.g1538.t1;Augustus},{GlimmerHMM_glimmerT_1717-T1;GlimmerHMM}

# EVM prediction: Mode:STANDARD S-ratio: 1025.57 84184-86580 orient(-) score(7179.00) noncoding_equivalent(7.00) raw_noncoding(7.00) offset(0.00) 
86580	84184	single-	4	6	{GlimmerHMM_glimmerT_1718-T1;GlimmerHMM},{Augustus_model.g1539.t1;Augustus}

# EVM prediction: Mode:STANDARD S-ratio: 9.36 86837-87634 orient(-) score(2163.00) noncoding_equivalent(231.00) raw_noncoding(231.00) offset(0.00) 
87634	86837	single-	4	6	{GlimmerHMM_glimmerT_1719-T1;GlimmerHMM},{Augustus_model.g1540.t1;Augustus}

# EVM prediction: Mode:STANDARD S-ratio: 148.69 88875-90377 orient(-) score(4478.00) noncoding_equivalent(30.12) raw_noncoding(30.12) offset(0.00) 
90377	88875	single-	4	6	{GlimmerHMM_glimmerT_1720-T1;GlimmerHMM},{Augustus_model.g1541.t1;Augustus}

# EVM prediction: Mode:STANDARD S-ratio: 20.52 90786-91736 orient(-) score(2718.00) noncoding_equivalent(132.47) raw_noncoding(132.47) offset(0.00) 
91736	90786	single-	4	6	{GlimmerHMM_glimmerT_1721-T1;GlimmerHMM}

# EVM prediction: Mode:STANDARD S-ratio: 94.52 92082-93203 orient(-) score(3329.00) noncoding_equivalent(35.22) raw_noncoding(35.22) offset(0.00) 
93203	92082	single-	4	6	{Augustus_model.g1543.t1;Augustus},{GlimmerHMM_glimmerT_1722-T1;GlimmerHMM}

# EVM prediction: Mode:STANDARD S-ratio: 130.54 95376-96830 orient(+) score(4330.00) noncoding_equivalent(33.17) raw_noncoding(33.17) offset(0.00) 
95376	96830	single+	1	3	{Augustus_model.g1544.t1;Augustus},{GlimmerHMM_glimmerT_1723-T1;GlimmerHMM}

# EVM prediction: Mode:STANDARD S-ratio: 19.70 97160-97549 orient(+) score(1112.00) noncoding_equivalent(56.43) raw_noncoding(56.43) offset(0.00) 
97160	97549	single+	1	3	{Augustus_model.g1545.t1;Augustus},{GlimmerHMM_glimmerT_1724-T1;GlimmerHMM}

# EVM prediction: Mode:STANDARD S-ratio: 125.27 97809-99197 orient(+) score(4134.00) noncoding_equivalent(33.00) raw_noncoding(33.00) offset(0.00) 
97809	99197	single+	1	3	{GlimmerHMM_glimmerT_1725-T1;GlimmerHMM},{Augustus_model.g1546.t1;Augustus}

