!! Predictions spanning range 5374 - 91969 [R1]
# EVM prediction: Mode:STANDARD S-ratio: 10000.00 5374-5898 orient(+) score(1050.00) noncoding_equivalent(0.11) raw_noncoding(0.00) offset(0.00) 
5374	5898	single+	1	3	{Augustus_gene544.t1;Augustus}

# EVM prediction: Mode:STANDARD S-ratio: 10000.00 7354-7860 orient(+) score(1014.00) noncoding_equivalent(0.10) raw_noncoding(0.00) offset(0.00) 
7354	7860	single+	1	3	{Augustus_gene1066.t1;Augustus}

# EVM prediction: Mode:STANDARD S-ratio: 10000.00 8158-8767 orient(+) score(1220.00) noncoding_equivalent(0.12) raw_noncoding(0.00) offset(0.00) 
8158	8170	initial+	1	1	{Augustus_gene1037.t1;Augustus}
8171	8351	INTRON			{Augustus_gene1037.t1;Augustus}
8352	8767	terminal+	2	3	{Augustus_gene1037.t1;Augustus}

# EVM prediction: Mode:STANDARD S-ratio: 10000.00 10708-13053 orient(-) score(4692.00) noncoding_equivalent(0.47) raw_noncoding(0.00) offset(0.00) 
13053	10708	single-	4	6	{Augustus_gene104.t1;Augustus}

# EVM prediction: Mode:STANDARD S-ratio: 10000.00 13292-13960 orient(+) score(1338.00) noncoding_equivalent(0.13) raw_noncoding(0.00) offset(0.00) 
13292	13960	single+	1	3	{Augustus_gene1142.t1;Augustus}

# EVM prediction: Mode:STANDARD S-ratio: 10000.00 15157-16578 orient(+) score(2844.00) noncoding_equivalent(0.28) raw_noncoding(0.00) offset(0.00) 
15157	16578	single+	1	3	{Augustus_gene73.t1;Augustus}

# EVM prediction: Mode:STANDARD S-ratio: 10000.00 25887-26894 orient(-) score(2016.00) noncoding_equivalent(0.20) raw_noncoding(0.00) offset(0.00) 
26894	25887	single-	4	6	{Augustus_gene1009.t1;Augustus}

# EVM prediction: Mode:STANDARD S-ratio: 10000.00 33689-37258 orient(-) score(7140.00) noncoding_equivalent(0.71) raw_noncoding(0.00) offset(0.00) 
37258	33689	single-	4	6	{Augustus_gene447.t1;Augustus}

# EVM prediction: Mode:STANDARD S-ratio: 10000.00 46944-47858 orient(-) score(1830.00) noncoding_equivalent(0.18) raw_noncoding(0.00) offset(0.00) 
47858	46944	single-	4	6	{Augustus_gene236.t1;Augustus}

# EVM prediction: Mode:STANDARD S-ratio: 10000.00 55740-56879 orient(+) score(2280.00) noncoding_equivalent(0.23) raw_noncoding(0.00) offset(0.00) 
55740	56879	single+	1	3	{Augustus_gene107.t1;Augustus}

# EVM prediction: Mode:STANDARD S-ratio: 10000.00 75216-76124 orient(+) score(1818.00) noncoding_equivalent(0.18) raw_noncoding(0.00) offset(0.00) 
75216	76124	single+	1	3	{Augustus_gene64.t1;Augustus}

# EVM prediction: Mode:STANDARD S-ratio: 10000.00 89258-91969 orient(-) score(5424.00) noncoding_equivalent(0.54) raw_noncoding(0.00) offset(0.00) 
91969	89258	single-	4	6	{Augustus_gene349.t1;Augustus}

