!! Predictions spanning range 70 - 99442 [R1]
# EVM prediction: Mode:STANDARD S-ratio: 24.35 70-2425 orient(-) score(6673.00) noncoding_equivalent(274.00) raw_noncoding(395.00) offset(121.00) 
82	70	terminal-	6	6	{snap_scaffold_17-snap.1-T1;snap}
203	83	INTRON			{snap_scaffold_17-snap.1-T1;snap}
2425	204	initial-	4	5	{snap_scaffold_17-snap.1-T1;snap}

# EVM prediction: Mode:STANDARD S-ratio: 6.22 2499-3371 orient(-) score(3007.00) noncoding_equivalent(483.23) raw_noncoding(483.23) offset(0.00) 
3371	2499	single-	4	6	{GlimmerHMM_glimmerT_4433-T1;GlimmerHMM}

# EVM prediction: Mode:STANDARD S-ratio: 1346.43 4096-5133 orient(+) score(4147.00) noncoding_equivalent(3.08) raw_noncoding(3.08) offset(0.00) 
4096	5133	single+	1	3	{GlimmerHMM_glimmerT_4434-T1;GlimmerHMM},{Augustus_model.g4093.t1;Augustus}

# EVM prediction: Mode:STANDARD S-ratio: 1583.06 5495-7177 orient(+) score(6728.00) noncoding_equivalent(4.25) raw_noncoding(4.25) offset(0.00) 
5495	7177	single+	1	3	{Augustus_model.g4094.t1;Augustus},{GlimmerHMM_glimmerT_4435-T1;GlimmerHMM}

# EVM prediction: Mode:STANDARD S-ratio: 325.85 7436-8143 orient(+) score(2824.00) noncoding_equivalent(8.67) raw_noncoding(8.67) offset(0.00) 
7436	8143	single+	1	3	{GlimmerHMM_glimmerT_4436-T1;GlimmerHMM},{Augustus_model.g4095.t1;Augustus}

# EVM prediction: Mode:STANDARD S-ratio: 4.67 9675-10889 orient(-) score(6004.00) noncoding_equivalent(1284.58) raw_noncoding(1284.58) offset(0.00) 
10889	9675	single-	4	6	{HiQ_model.g4096.t1;HiQ},{GlimmerHMM_glimmerT_4438-T1;GlimmerHMM}

# EVM prediction: Mode:STANDARD S-ratio: 4.60 11374-11652 orient(-) score(1375.00) noncoding_equivalent(299.12) raw_noncoding(299.12) offset(0.00) 
11652	11374	single-	4	6	{HiQ_model.g4097.t1;HiQ},{GlimmerHMM_glimmerT_4439-T1;GlimmerHMM}

# EVM prediction: Mode:STANDARD S-ratio: 349.46 12132-15548 orient(+) score(13629.00) noncoding_equivalent(39.00) raw_noncoding(39.00) offset(0.00) 
12132	15548	single+	1	3	{GlimmerHMM_glimmerT_4440-T1;GlimmerHMM},{Augustus_model.g4098.t1;Augustus}

# EVM prediction: Mode:STANDARD S-ratio: 4.46 15814-17541 orient(-) score(8468.00) noncoding_equivalent(1898.69) raw_noncoding(1898.69) offset(0.00) 
17541	15814	single-	4	6	{HiQ_model.g4099.t1;HiQ},{GlimmerHMM_glimmerT_4441-T1;GlimmerHMM}

# EVM prediction: Mode:STANDARD S-ratio: 4.75 17834-18580 orient(-) score(3703.00) noncoding_equivalent(779.13) raw_noncoding(779.13) offset(0.00) 
18580	17834	single-	4	6	{GlimmerHMM_glimmerT_4442-T1;GlimmerHMM},{HiQ_model.g4100.t1;HiQ}

# EVM prediction: Mode:STANDARD S-ratio: 209.12 18843-19949 orient(+) score(4407.00) noncoding_equivalent(21.07) raw_noncoding(21.07) offset(0.00) 
18843	19949	single+	1	3	{Augustus_model.g4101.t1;Augustus},{GlimmerHMM_glimmerT_4443-T1;GlimmerHMM}

# EVM prediction: Mode:STANDARD S-ratio: 3.72 20878-21390 orient(-) score(2420.00) noncoding_equivalent(651.00) raw_noncoding(651.00) offset(0.00) 
21390	20878	single-	4	6	{HiQ_model.g4102.t1;HiQ}

# EVM prediction: Mode:STANDARD S-ratio: 4.98 21920-23410 orient(-) score(7450.00) noncoding_equivalent(1497.11) raw_noncoding(1497.11) offset(0.00) 
23410	21920	single-	4	6	{HiQ_model.g4103.t1;HiQ},{GlimmerHMM_glimmerT_4445-T1;GlimmerHMM}

# EVM prediction: Mode:STANDARD S-ratio: 5.00 23814-25421 orient(-) score(8040.00) noncoding_equivalent(1608.00) raw_noncoding(1608.00) offset(0.00) 
25421	23814	single-	4	6	{HiQ_model.g4104.t1;HiQ},{GlimmerHMM_glimmerT_4446-T1;GlimmerHMM}

# EVM prediction: Mode:STANDARD S-ratio: 4.59 26031-28199 orient(-) score(10688.00) noncoding_equivalent(2326.41) raw_noncoding(2326.41) offset(0.00) 
28199	26031	single-	4	6	{HiQ_model.g4105.t1;HiQ},{GlimmerHMM_glimmerT_4447-T1;GlimmerHMM}

# EVM prediction: Mode:STANDARD S-ratio: 5.00 28659-29879 orient(-) score(6105.00) noncoding_equivalent(1221.00) raw_noncoding(1221.00) offset(0.00) 
29879	28659	single-	4	6	{HiQ_model.g4106.t1;HiQ},{GlimmerHMM_glimmerT_4448-T1;GlimmerHMM}

# EVM prediction: Mode:STANDARD S-ratio: 4.74 30248-31285 orient(-) score(5144.00) noncoding_equivalent(1084.79) raw_noncoding(1084.79) offset(0.00) 
31285	30248	single-	4	6	{HiQ_model.g4107.t1;HiQ},{GlimmerHMM_glimmerT_4449-T1;GlimmerHMM}

# EVM prediction: Mode:STANDARD S-ratio: 10000.00 33270-33587 orient(+) score(1272.00) noncoding_equivalent(0.13) raw_noncoding(0.00) offset(0.00) 
33270	33587	single+	1	3	{Augustus_model.g4108.t1;Augustus},{GlimmerHMM_glimmerT_4450-T1;GlimmerHMM}

# EVM prediction: Mode:STANDARD S-ratio: 4.54 34885-40737 orient(-) score(28776.00) noncoding_equivalent(6342.00) raw_noncoding(6342.00) offset(0.00) 
40737	34885	single-	4	6	{HiQ_model.g4109.t1;HiQ},{GlimmerHMM_glimmerT_4451-T1;GlimmerHMM}

# EVM prediction: Mode:STANDARD S-ratio: 4.98 41320-42504 orient(-) score(5921.00) noncoding_equivalent(1189.16) raw_noncoding(1189.16) offset(0.00) 
42504	41320	single-	4	6	{HiQ_model.g4110.t1;HiQ},{GlimmerHMM_glimmerT_4452-T1;GlimmerHMM}

# EVM prediction: Mode:STANDARD S-ratio: 326.11 42758-44965 orient(+) score(8805.00) noncoding_equivalent(27.00) raw_noncoding(27.00) offset(0.00) 
42758	44965	single+	1	3	{GlimmerHMM_glimmerT_4453-T1;GlimmerHMM},{Augustus_model.g4111.t1;Augustus}

# EVM prediction: Mode:STANDARD S-ratio: 4.95 45217-46401 orient(-) score(5916.00) noncoding_equivalent(1194.26) raw_noncoding(1194.26) offset(0.00) 
46401	45217	single-	4	6	{HiQ_model.g4112.t1;HiQ},{GlimmerHMM_glimmerT_4454-T1;GlimmerHMM}

# EVM prediction: Mode:STANDARD S-ratio: 5.00 47027-50092 orient(-) score(15330.00) noncoding_equivalent(3066.00) raw_noncoding(3066.00) offset(0.00) 
50092	47027	single-	4	6	{GlimmerHMM_glimmerT_4455-T1;GlimmerHMM},{HiQ_model.g4113.t1;HiQ}

# EVM prediction: Mode:STANDARD S-ratio: 20.64 51650-53173 orient(-) score(5815.00) noncoding_equivalent(281.73) raw_noncoding(281.73) offset(0.00) 
53173	51650	single-	4	6	{GlimmerHMM_glimmerT_4456-T1;GlimmerHMM}

# EVM prediction: Mode:STANDARD S-ratio: 79.53 55404-57215 orient(+) score(7158.00) noncoding_equivalent(90.00) raw_noncoding(90.00) offset(0.00) 
55404	57215	single+	1	3	{Augustus_model.g4115.t1;Augustus},{GlimmerHMM_glimmerT_4457-T1;GlimmerHMM}

# EVM prediction: Mode:STANDARD S-ratio: 6.81 57789-58787 orient(-) score(6969.00) noncoding_equivalent(1023.00) raw_noncoding(1023.00) offset(0.00) 
58787	57789	single-	4	6	{HiQ_model.g4116.t1;HiQ},{GlimmerHMM_glimmerT_4458-T1;GlimmerHMM}

# EVM prediction: Mode:STANDARD S-ratio: 4.88 59486-60718 orient(-) score(6141.00) noncoding_equivalent(1258.12) raw_noncoding(1258.12) offset(0.00) 
60718	59486	single-	4	6	{HiQ_model.g4117.t1;HiQ},{GlimmerHMM_glimmerT_4459-T1;GlimmerHMM}

# EVM prediction: Mode:STANDARD S-ratio: 4.74 61049-62869 orient(-) score(9006.00) noncoding_equivalent(1902.00) raw_noncoding(1902.00) offset(0.00) 
62869	61049	single-	4	6	{HiQ_model.g4118.t1;HiQ}

# EVM prediction: Mode:STANDARD S-ratio: 714.04 63867-64607 orient(+) score(2960.00) noncoding_equivalent(4.15) raw_noncoding(4.15) offset(0.00) 
63867	64607	single+	1	3	{Augustus_model.g4119.t1;Augustus},{GlimmerHMM_glimmerT_4461-T1;GlimmerHMM}

# EVM prediction: Mode:STANDARD S-ratio: 85.11 64718-67171 orient(-) score(9702.00) noncoding_equivalent(114.00) raw_noncoding(114.00) offset(0.00) 
67171	64718	single-	4	6	{GlimmerHMM_glimmerT_4462-T1;GlimmerHMM},{Augustus_model.g4120.t1;Augustus}

# EVM prediction: Mode:STANDARD S-ratio: 4.69 67482-69125 orient(-) score(8130.00) noncoding_equivalent(1734.00) raw_noncoding(1734.00) offset(0.00) 
69125	67482	single-	4	6	{HiQ_model.g4121.t1;HiQ},{GlimmerHMM_glimmerT_4463-T1;GlimmerHMM}

# EVM prediction: Mode:STANDARD S-ratio: 147.73 69677-72130 orient(+) score(9750.00) noncoding_equivalent(66.00) raw_noncoding(66.00) offset(0.00) 
69677	72130	single+	1	3	{GlimmerHMM_glimmerT_4464-T1;GlimmerHMM},{Augustus_model.g4122.t1;Augustus}

# EVM prediction: Mode:STANDARD S-ratio: 91.12 72486-74765 orient(+) score(9021.00) noncoding_equivalent(99.00) raw_noncoding(99.00) offset(0.00) 
72486	74765	single+	1	3	{GlimmerHMM_glimmerT_4465-T1;GlimmerHMM},{Augustus_model.g4123.t1;Augustus}

# EVM prediction: Mode:STANDARD S-ratio: 4.93 74888-77254 orient(-) score(11809.00) noncoding_equivalent(2393.00) raw_noncoding(2393.00) offset(0.00) 
77254	74888	single-	4	6	{GlimmerHMM_glimmerT_4466-T1;GlimmerHMM},{HiQ_model.g4124.t1;HiQ}

# EVM prediction: Mode:STANDARD S-ratio: 4.56 77504-78181 orient(-) score(3336.00) noncoding_equivalent(732.00) raw_noncoding(732.00) offset(0.00) 
78181	77504	single-	4	6	{HiQ_model.g4125.t1;HiQ},{GlimmerHMM_glimmerT_4467-T1;GlimmerHMM}

# EVM prediction: Mode:STANDARD S-ratio: 4.84 78458-79732 orient(-) score(6339.00) noncoding_equivalent(1311.00) raw_noncoding(1311.00) offset(0.00) 
79732	78458	single-	4	6	{GlimmerHMM_glimmerT_4468-T1;GlimmerHMM},{HiQ_model.g4126.t1;HiQ}

# EVM prediction: Mode:STANDARD S-ratio: 1.85 80220-80666 orient(+) score(1162.00) noncoding_equivalent(626.81) raw_noncoding(626.81) offset(0.00) 
80220	80666	single+	1	3	{GlimmerHMM_glimmerT_4469-T1;GlimmerHMM}

# EVM prediction: Mode:STANDARD S-ratio: 324.10 80917-83757 orient(+) score(11328.00) noncoding_equivalent(34.95) raw_noncoding(34.95) offset(0.00) 
80917	83757	single+	1	3	{GlimmerHMM_glimmerT_4470-T1;GlimmerHMM}

# EVM prediction: Mode:STANDARD S-ratio: 103.46 84195-85067 orient(+) score(3459.00) noncoding_equivalent(33.43) raw_noncoding(33.43) offset(0.00) 
84195	85067	single+	1	3	{Augustus_model.g4128.t1;Augustus},{GlimmerHMM_glimmerT_4471-T1;GlimmerHMM}

# EVM prediction: Mode:STANDARD S-ratio: 1.00 85408-85713 orient(+) score(612.00) noncoding_equivalent(612.00) raw_noncoding(612.00) offset(0.00) 
85408	85713	single+	1	3	{GlimmerHMM_glimmerT_4472-T1;GlimmerHMM}

# EVM prediction: Mode:STANDARD S-ratio: 4.91 85819-86604 orient(-) score(3912.00) noncoding_equivalent(796.00) raw_noncoding(796.00) offset(0.00) 
86604	85819	single-	4	6	{HiQ_model.g4129.t1;HiQ},{GlimmerHMM_glimmerT_4473-T1;GlimmerHMM}

# EVM prediction: Mode:STANDARD S-ratio: 49.96 86861-87790 orient(+) score(3647.00) noncoding_equivalent(73.00) raw_noncoding(73.00) offset(0.00) 
86861	87790	single+	1	3	{Augustus_model.g4130.t1;Augustus},{GlimmerHMM_glimmerT_4474-T1;GlimmerHMM}

# EVM prediction: Mode:STANDARD S-ratio: 5.00 87891-88205 orient(-) score(1575.00) noncoding_equivalent(315.00) raw_noncoding(315.00) offset(0.00) 
88205	87891	single-	4	6	{GlimmerHMM_glimmerT_4475-T1;GlimmerHMM},{HiQ_model.g4131.t1;HiQ}

# EVM prediction: Mode:STANDARD S-ratio: 4.78 88481-89716 orient(-) score(6133.00) noncoding_equivalent(1283.33) raw_noncoding(1283.33) offset(0.00) 
89716	88481	single-	4	6	{GlimmerHMM_glimmerT_4476-T1;GlimmerHMM},{HiQ_model.g4132.t1;HiQ}

# EVM prediction: Mode:STANDARD S-ratio: 637.53 90219-91679 orient(+) score(5835.00) noncoding_equivalent(9.15) raw_noncoding(9.15) offset(0.00) 
90219	91679	single+	1	3	{GlimmerHMM_glimmerT_4477-T1;GlimmerHMM},{Augustus_model.g4133.t1;Augustus}

# EVM prediction: Mode:STANDARD S-ratio: 32.50 92018-93424 orient(+) score(5460.00) noncoding_equivalent(168.00) raw_noncoding(168.00) offset(0.00) 
92018	93424	single+	1	3	{Augustus_model.g4134.t1;Augustus},{GlimmerHMM_glimmerT_4478-T1;GlimmerHMM}

# EVM prediction: Mode:STANDARD S-ratio: 3.13 93490-94443 orient(-) score(4338.00) noncoding_equivalent(1386.00) raw_noncoding(1386.00) offset(0.00) 
94443	93490	single-	4	6	{GlimmerHMM_glimmerT_4479-T1;GlimmerHMM},{HiQ_model.g4135.t1;HiQ}

# EVM prediction: Mode:STANDARD S-ratio: 6.19 95555-96769 orient(+) score(5619.00) noncoding_equivalent(908.00) raw_noncoding(1338.00) offset(430.00) 
95555	95644	initial+	1	3	{snap_scaffold_17-snap.42-T1;snap},{Augustus_model.g4136.t1;Augustus}
95645	96100	INTRON			{snap_scaffold_17-snap.42-T1;snap},{Augustus_model.g4136.t1;Augustus},{ev_type:exonerate/ID=match.147026.2951/Target=YGR214W;exonerate},{ev_type:exonerate/ID=match.147026.5253/Target=YLR048W;exonerate}
96101	96769	terminal+	1	3	{snap_scaffold_17-snap.42-T1;snap},{GlimmerHMM_glimmerT_4480-T1;GlimmerHMM},{Augustus_model.g4136.t1;Augustus}

# EVM prediction: Mode:STANDARD S-ratio: 10000.00 97155-97487 orient(+) score(1332.00) noncoding_equivalent(0.13) raw_noncoding(0.00) offset(0.00) 
97155	97487	single+	1	3	{Augustus_model.g4137.t1;Augustus},{GlimmerHMM_glimmerT_4481-T1;GlimmerHMM}

# EVM prediction: Mode:STANDARD S-ratio: 4.67 97613-99442 orient(-) score(9042.00) noncoding_equivalent(1938.00) raw_noncoding(1938.00) offset(0.00) 
99442	97613	single-	4	6	{GlimmerHMM_glimmerT_4482-T1;GlimmerHMM},{HiQ_model.g4138.t1;HiQ}

