!! Predictions spanning range 445 - 97933 [R1]
# EVM prediction: Mode:STANDARD S-ratio: 4.00 445-1308 orient(-) score(3456.00) noncoding_equivalent(864.00) raw_noncoding(864.00) offset(0.00) 
1308	445	single-	4	6	{HiQ_model.g4460.t1;HiQ}

# EVM prediction: Mode:STANDARD S-ratio: 3.26 2243-4540 orient(-) score(12453.00) noncoding_equivalent(3825.71) raw_noncoding(4095.00) offset(269.29) 
3647	2243	terminal-	6	6	{HiQ_model.g4461.t1;HiQ}
3746	3648	INTRON			{HiQ_model.g4461.t1;HiQ},{ev_type:exonerate/ID=match.133146.4827/Target=YBL111C;exonerate},{ev_type:exonerate/ID=match.133146.3077/Target=YHR218W;exonerate}
4540	3747	initial-	4	5	{HiQ_model.g4461.t1;HiQ}

# EVM prediction: Mode:STANDARD S-ratio: 10000.00 8298-10211 orient(-) score(5742.00) noncoding_equivalent(0.57) raw_noncoding(0.00) offset(0.00) 
10211	8298	single-	4	6	{GlimmerHMM_glimmerT_4837-T1;GlimmerHMM},{Augustus_model.g4462.t1;Augustus}

# EVM prediction: Mode:STANDARD S-ratio: 23.83 11921-12283 orient(-) score(8652.00) noncoding_equivalent(363.00) raw_noncoding(363.00) offset(0.00) 
12283	11921	single-	4	6	{HiQ_model.g4463.t1;HiQ},{GlimmerHMM_glimmerT_4838-T1;GlimmerHMM}

# EVM prediction: Mode:STANDARD S-ratio: 3.00 13932-14270 orient(+) score(1017.00) noncoding_equivalent(339.00) raw_noncoding(339.00) offset(0.00) 
13932	14270	single+	1	3	{GlimmerHMM_glimmerT_4840-T1;GlimmerHMM}

# EVM prediction: Mode:STANDARD S-ratio: 3.00 14899-15411 orient(+) score(1539.00) noncoding_equivalent(513.00) raw_noncoding(513.00) offset(0.00) 
14899	15411	single+	1	3	{Augustus_model.g4464.t1;Augustus},{GlimmerHMM_glimmerT_4841-T1;GlimmerHMM}

# EVM prediction: Mode:STANDARD S-ratio: 1.00 17588-17839 orient(+) score(504.00) noncoding_equivalent(504.00) raw_noncoding(504.00) offset(0.00) 
17588	17839	single+	1	3	{GlimmerHMM_glimmerT_4843-T1;GlimmerHMM}

# EVM prediction: Mode:STANDARD S-ratio: 10000.00 19085-20968 orient(-) score(5652.00) noncoding_equivalent(0.57) raw_noncoding(0.00) offset(0.00) 
20968	19085	single-	4	6	{GlimmerHMM_glimmerT_4844-T1;GlimmerHMM},{Augustus_model.g4465.t1;Augustus}

# EVM prediction: Mode:STANDARD S-ratio: 75.28 21780-23537 orient(+) score(6939.00) noncoding_equivalent(92.17) raw_noncoding(92.17) offset(0.00) 
21780	23537	single+	1	3	{GlimmerHMM_glimmerT_4845-T1;GlimmerHMM},{Augustus_model.g4466.t1;Augustus}

# EVM prediction: Mode:STANDARD S-ratio: 4.80 23614-25506 orient(-) score(9400.00) noncoding_equivalent(1956.91) raw_noncoding(1956.91) offset(0.00) 
25506	23614	single-	4	6	{HiQ_model.g4467.t1;HiQ},{GlimmerHMM_glimmerT_4846-T1;GlimmerHMM}

# EVM prediction: Mode:STANDARD S-ratio: 49.82 26239-27879 orient(+) score(6433.00) noncoding_equivalent(129.12) raw_noncoding(129.12) offset(0.00) 
26239	27879	single+	1	3	{GlimmerHMM_glimmerT_4847-T1;GlimmerHMM}

# EVM prediction: Mode:STANDARD S-ratio: 2.05 27976-32754 orient(-) score(19116.00) noncoding_equivalent(9345.00) raw_noncoding(9345.00) offset(0.00) 
32754	27976	single-	4	6	{HiQ_model.g4469.t1;HiQ},{GlimmerHMM_glimmerT_4848-T1;GlimmerHMM}

# EVM prediction: Mode:STANDARD S-ratio: 5.00 33191-34075 orient(-) score(4425.00) noncoding_equivalent(885.00) raw_noncoding(885.00) offset(0.00) 
34075	33191	single-	4	6	{GlimmerHMM_glimmerT_4849-T1;GlimmerHMM},{HiQ_model.g4470.t1;HiQ}

# EVM prediction: Mode:STANDARD S-ratio: 5.88 35253-36023 orient(-) score(4611.00) noncoding_equivalent(784.09) raw_noncoding(784.09) offset(0.00) 
36023	35253	single-	4	6	{GlimmerHMM_glimmerT_4850-T1;GlimmerHMM},{HiQ_model.g4471.t1;HiQ}

# EVM prediction: Mode:STANDARD S-ratio: 47.18 36377-38577 orient(-) score(8306.00) noncoding_equivalent(176.04) raw_noncoding(393.43) offset(217.39) 
38413	36377	terminal-	4	6	{snap_scaffold_12-snap.13-T1;snap}
38571	38414	INTRON			{snap_scaffold_12-snap.13-T1;snap}
38577	38572	initial-	4	6	{snap_scaffold_12-snap.13-T1;snap}

# EVM prediction: Mode:STANDARD S-ratio: 2.98 38813-39484 orient(-) score(2012.00) noncoding_equivalent(676.03) raw_noncoding(676.03) offset(0.00) 
39484	38813	single-	4	6	{GlimmerHMM_glimmerT_4852-T1;GlimmerHMM}

# EVM prediction: Mode:STANDARD S-ratio: 117.67 40082-45688 orient(+) score(22239.00) noncoding_equivalent(189.00) raw_noncoding(189.00) offset(0.00) 
40082	45688	single+	1	3	{Augustus_model.g4473.t1;Augustus},{GlimmerHMM_glimmerT_4853-T1;GlimmerHMM}

# EVM prediction: Mode:STANDARD S-ratio: 5.00 45927-47966 orient(-) score(10200.00) noncoding_equivalent(2040.00) raw_noncoding(2040.00) offset(0.00) 
47966	45927	single-	4	6	{HiQ_model.g4474.t1;HiQ},{GlimmerHMM_glimmerT_4854-T1;GlimmerHMM}

# EVM prediction: Mode:STANDARD S-ratio: 1.98 48761-50578 orient(+) score(4446.00) noncoding_equivalent(2244.00) raw_noncoding(2244.00) offset(0.00) 
48761	50578	single+	1	3	{GlimmerHMM_glimmerT_4855-T1;GlimmerHMM}

# EVM prediction: Mode:STANDARD S-ratio: 13.86 51109-52986 orient(+) score(6999.00) noncoding_equivalent(505.00) raw_noncoding(505.00) offset(0.00) 
51109	52986	single+	1	3	{GlimmerHMM_glimmerT_4856-T1;GlimmerHMM},{Augustus_model.g4476.t1;Augustus}

# EVM prediction: Mode:STANDARD S-ratio: 5.00 53217-54164 orient(-) score(4740.00) noncoding_equivalent(948.00) raw_noncoding(948.00) offset(0.00) 
54164	53217	single-	4	6	{HiQ_model.g4477.t1;HiQ},{GlimmerHMM_glimmerT_4857-T1;GlimmerHMM}

# EVM prediction: Mode:STANDARD S-ratio: 37.25 54742-55847 orient(+) score(4173.00) noncoding_equivalent(112.04) raw_noncoding(174.27) offset(62.23) 
54742	54746	initial+	1	2	{snap_scaffold_12-snap.19-T1;snap}
54747	54778	INTRON			{snap_scaffold_12-snap.19-T1;snap}
54779	55847	terminal+	3	3	{Augustus_model.g4478.t1;Augustus},{snap_scaffold_12-snap.19-T1;snap}

# EVM prediction: Mode:STANDARD S-ratio: 59.30 56647-58788 orient(+) score(8421.00) noncoding_equivalent(142.00) raw_noncoding(142.00) offset(0.00) 
56647	58788	single+	1	3	{Augustus_model.g4479.t1;Augustus},{GlimmerHMM_glimmerT_4859-T1;GlimmerHMM}

# EVM prediction: Mode:STANDARD S-ratio: 4.28 59121-62561 orient(-) score(16736.00) noncoding_equivalent(3909.08) raw_noncoding(3909.08) offset(0.00) 
62561	59121	single-	4	6	{HiQ_model.g4480.t1;HiQ}

# EVM prediction: Mode:STANDARD S-ratio: 4.80 62959-64155 orient(-) score(5943.00) noncoding_equivalent(1237.31) raw_noncoding(1237.31) offset(0.00) 
64155	62959	single-	4	6	{GlimmerHMM_glimmerT_4861-T1;GlimmerHMM},{HiQ_model.g4481.t1;HiQ}

# EVM prediction: Mode:STANDARD S-ratio: 4.91 64459-65856 orient(-) score(6967.00) noncoding_equivalent(1419.20) raw_noncoding(1419.20) offset(0.00) 
65856	64459	single-	4	6	{HiQ_model.g4482.t1;HiQ},{GlimmerHMM_glimmerT_4862-T1;GlimmerHMM}

# EVM prediction: Mode:STANDARD S-ratio: 4.86 66239-67453 orient(-) score(6044.00) noncoding_equivalent(1244.22) raw_noncoding(1244.22) offset(0.00) 
67453	66239	single-	4	6	{GlimmerHMM_glimmerT_4863-T1;GlimmerHMM},{HiQ_model.g4483.t1;HiQ}

# EVM prediction: Mode:STANDARD S-ratio: 4.32 67728-69545 orient(-) score(8856.00) noncoding_equivalent(2052.00) raw_noncoding(2052.00) offset(0.00) 
69545	67728	single-	4	6	{HiQ_model.g4484.t1;HiQ},{GlimmerHMM_glimmerT_4864-T1;GlimmerHMM}

# EVM prediction: Mode:STANDARD S-ratio: 3.00 69705-70067 orient(+) score(1089.00) noncoding_equivalent(363.00) raw_noncoding(363.00) offset(0.00) 
69705	70067	single+	1	3	{Augustus_model.g4485.t1;Augustus},{GlimmerHMM_glimmerT_4865-T1;GlimmerHMM}

# EVM prediction: Mode:STANDARD S-ratio: 56.62 70273-71871 orient(+) score(6285.00) noncoding_equivalent(111.00) raw_noncoding(111.00) offset(0.00) 
70273	71871	single+	1	3	{Augustus_model.g4486.t1;Augustus},{GlimmerHMM_glimmerT_4866-T1;GlimmerHMM}

# EVM prediction: Mode:STANDARD S-ratio: 5.00 72034-74241 orient(-) score(11040.00) noncoding_equivalent(2208.00) raw_noncoding(2208.00) offset(0.00) 
74241	72034	single-	4	6	{HiQ_model.g4487.t1;HiQ},{GlimmerHMM_glimmerT_4867-T1;GlimmerHMM}

# EVM prediction: Mode:STANDARD S-ratio: 10000.00 75409-75774 orient(+) score(1464.00) noncoding_equivalent(0.15) raw_noncoding(0.00) offset(0.00) 
75409	75774	single+	1	3	{Augustus_model.g4488.t1;Augustus},{GlimmerHMM_glimmerT_4868-T1;GlimmerHMM}

# EVM prediction: Mode:STANDARD S-ratio: 4.10 76094-77311 orient(-) score(5874.00) noncoding_equivalent(1434.00) raw_noncoding(1434.00) offset(0.00) 
77311	76094	single-	4	6	{GlimmerHMM_glimmerT_4869-T1;GlimmerHMM},{HiQ_model.g4489.t1;HiQ}

# EVM prediction: Mode:STANDARD S-ratio: 5.00 77427-78350 orient(-) score(4620.00) noncoding_equivalent(924.00) raw_noncoding(924.00) offset(0.00) 
78350	77427	single-	4	6	{GlimmerHMM_glimmerT_4870-T1;GlimmerHMM},{HiQ_model.g4490.t1;HiQ}

# EVM prediction: Mode:STANDARD S-ratio: 3.01 78932-80413 orient(+) score(4446.00) noncoding_equivalent(1478.50) raw_noncoding(1478.50) offset(0.00) 
78932	80413	single+	1	3	{GlimmerHMM_glimmerT_4871-T1;GlimmerHMM},{Augustus_model.g4491.t1;Augustus}

# EVM prediction: Mode:STANDARD S-ratio: 4.84 80650-81612 orient(-) score(4787.00) noncoding_equivalent(989.23) raw_noncoding(989.23) offset(0.00) 
81612	80650	single-	4	6	{GlimmerHMM_glimmerT_4872-T1;GlimmerHMM},{HiQ_model.g4492.t1;HiQ}

# EVM prediction: Mode:STANDARD S-ratio: 3.78 81960-83717 orient(-) score(8343.00) noncoding_equivalent(2205.00) raw_noncoding(2205.00) offset(0.00) 
83717	81960	single-	4	6	{HiQ_model.g4493.t1;HiQ},{GlimmerHMM_glimmerT_4873-T1;GlimmerHMM}

# EVM prediction: Mode:STANDARD S-ratio: 4.91 84064-85056 orient(-) score(4950.00) noncoding_equivalent(1008.00) raw_noncoding(1008.00) offset(0.00) 
85056	84064	single-	4	6	{HiQ_model.g4494.t1;HiQ}

# EVM prediction: Mode:STANDARD S-ratio: 16.62 85905-91314 orient(+) score(15228.00) noncoding_equivalent(916.52) raw_noncoding(1002.00) offset(85.48) 
85905	86831	initial+	1	3	{Augustus_model.g4495.t1;Augustus}
86832	86916	INTRON			{Augustus_model.g4495.t1;Augustus}
86917	91314	terminal+	1	3	{Augustus_model.g4495.t1;Augustus}

# EVM prediction: Mode:STANDARD S-ratio: 5.00 92623-94506 orient(-) score(9420.00) noncoding_equivalent(1884.00) raw_noncoding(1884.00) offset(0.00) 
94506	92623	single-	4	6	{GlimmerHMM_glimmerT_4876-T1;GlimmerHMM},{HiQ_model.g4496.t1;HiQ}

# EVM prediction: Mode:STANDARD S-ratio: 10000.00 95114-97933 orient(-) score(8460.00) noncoding_equivalent(0.85) raw_noncoding(0.00) offset(0.00) 
97933	95114	single-	4	6	{Augustus_model.g4497.t1;Augustus},{GlimmerHMM_glimmerT_4877-T1;GlimmerHMM}

