# EVM prediction: Mode:STANDARD S-ratio: 10000.00 1494-5822 orient(-) score(8658.00) noncoding_equivalent(0.87) raw_noncoding(0.00) offset(0.00)
1924	1494	terminal-	5	6	{Augustus_gene581.t1;Augustus}
1978	1925	INTRON			{Augustus_gene581.t1;Augustus}
5451	1979	internal-	6	4	{Augustus_gene581.t1;Augustus}
5727	5452	INTRON			{Augustus_gene581.t1;Augustus}
5822	5728	initial-	4	5	{Augustus_gene581.t1;Augustus}

# EVM prediction: Mode:STANDARD S-ratio: 10000.00 15440-17146 orient(+) score(3414.00) noncoding_equivalent(0.34) raw_noncoding(0.00) offset(0.00)
15440	17146	single+	1	3	{Augustus_gene3.t1;Augustus}

# EVM prediction: Mode:STANDARD S-ratio: 10000.00 30160-31878 orient(-) score(3438.00) noncoding_equivalent(0.34) raw_noncoding(0.00) offset(0.00)
31878	30160	single-	4	6	{Augustus_gene245.t1;Augustus}

# EVM prediction: Mode:STANDARD S-ratio: 10000.00 35262-35909 orient(-) score(1296.00) noncoding_equivalent(0.13) raw_noncoding(0.00) offset(0.00)
35909	35262	single-	4	6	{Augustus_gene1109.t1;Augustus}

# EVM prediction: Mode:STANDARD S-ratio: 10000.00 47198-47842 orient(+) score(1290.00) noncoding_equivalent(0.13) raw_noncoding(0.00) offset(0.00)
47198	47842	single+	1	3	{Augustus_gene1018.t1;Augustus}

# EVM prediction: Mode:STANDARD S-ratio: 10000.00 50672-54205 orient(-) score(7068.00) noncoding_equivalent(0.71) raw_noncoding(0.00) offset(0.00)
54205	50672	single-	4	6	{Augustus_gene143.t1;Augustus}

# EVM prediction: Mode:STANDARD S-ratio: 10000.00 61362-61784 orient(+) score(846.00) noncoding_equivalent(0.08) raw_noncoding(0.00) offset(0.00)
61362	61366	initial+	1	2	{Augustus_gene1059.t1;Augustus}
61367	61456	INTRON			{Augustus_gene1059.t1;Augustus}
61457	61784	terminal+	3	3	{Augustus_gene1059.t1;Augustus}

# EVM prediction: Mode:STANDARD S-ratio: 10000.00 64155-66494 orient(-) score(4680.00) noncoding_equivalent(0.47) raw_noncoding(0.00) offset(0.00)
66494	64155	single-	4	6	{Augustus_gene513.t1;Augustus}

# EVM prediction: Mode:STANDARD S-ratio: 10000.00 84097-84930 orient(-) score(1668.00) noncoding_equivalent(0.17) raw_noncoding(0.00) offset(0.00)
84930	84097	single-	4	6	{Augustus_gene9.t1;Augustus}

# EVM prediction: Mode:STANDARD S-ratio: 10000.00 110751-111451 orient(+) score(1402.00) noncoding_equivalent(0.14) raw_noncoding(0.00) offset(0.00)
110751	110753	initial+	1	3	{Augustus_gene301.t1;Augustus}
110754	110887	INTRON			{Augustus_gene301.t1;Augustus}
110888	111451	terminal+	1	3	{Augustus_gene301.t1;Augustus}

# EVM prediction: Mode:STANDARD S-ratio: 10000.00 135922-138285 orient(-) score(4728.00) noncoding_equivalent(0.47) raw_noncoding(0.00) offset(0.00)
138285	135922	single-	4	6	{Augustus_gene565.t1;Augustus}

# EVM prediction: Mode:STANDARD S-ratio: 10000.00 147755-147991 orient(-) score(474.00) noncoding_equivalent(0.05) raw_noncoding(0.00) offset(0.00)
147991	147755	single-	4	6	{Augustus_gene697.t1;Augustus}

# EVM prediction: Mode:STANDARD S-ratio: 10000.00 154281-156296 orient(+) score(4032.00) noncoding_equivalent(0.40) raw_noncoding(0.00) offset(0.00)
154281	156296	single+	1	3	{Augustus_gene423.t1;Augustus}

# EVM prediction: Mode:STANDARD S-ratio: 10000.00 166313-169012 orient(-) score(5400.00) noncoding_equivalent(0.54) raw_noncoding(0.00) offset(0.00)
169012	166313	single-	4	6	{Augustus_gene573.t1;Augustus}

# EVM prediction: Mode:STANDARD S-ratio: 10000.00 172503-173441 orient(+) score(1878.00) noncoding_equivalent(0.19) raw_noncoding(0.00) offset(0.00)
172503	173441	single+	1	3	{Augustus_gene313.t1;Augustus}

