!! Predictions spanning range 11622 - 97911 [R1]
# EVM prediction: Mode:STANDARD S-ratio: 10000.00 11622-13070 orient(+) score(2898.00) noncoding_equivalent(0.29) raw_noncoding(0.00) offset(0.00) 
11622	13070	single+	1	3	{Augustus_gene639.t1;Augustus}

# EVM prediction: Mode:STANDARD S-ratio: 10000.00 27424-29793 orient(+) score(4740.00) noncoding_equivalent(0.47) raw_noncoding(0.00) offset(0.00) 
27424	29793	single+	1	3	{Augustus_gene154.t1;Augustus}

# EVM prediction: Mode:STANDARD S-ratio: 10000.00 44833-46602 orient(-) score(3540.00) noncoding_equivalent(0.35) raw_noncoding(0.00) offset(0.00) 
46602	44833	single-	4	6	{Augustus_gene212.t1;Augustus}

# EVM prediction: Mode:STANDARD S-ratio: 10000.00 56813-57133 orient(+) score(642.00) noncoding_equivalent(0.06) raw_noncoding(0.00) offset(0.00) 
56813	57133	single+	1	3	{Augustus_gene685.t1;Augustus}

# EVM prediction: Mode:STANDARD S-ratio: 10000.00 63846-66065 orient(-) score(4440.00) noncoding_equivalent(0.44) raw_noncoding(0.00) offset(0.00) 
65777	63846	terminal-	4	6	{Augustus_gene976.t1;Augustus}
65900	65778	INTRON			{Augustus_gene976.t1;Augustus}
66065	65901	initial-	4	6	{Augustus_gene976.t1;Augustus}

# EVM prediction: Mode:STANDARD S-ratio: 10000.00 67713-69359 orient(-) score(3294.00) noncoding_equivalent(0.33) raw_noncoding(0.00) offset(0.00) 
69359	67713	single-	4	6	{Augustus_gene218.t1;Augustus}

# EVM prediction: Mode:STANDARD S-ratio: 10000.00 88809-89750 orient(+) score(1884.00) noncoding_equivalent(0.19) raw_noncoding(0.00) offset(0.00) 
88809	89750	single+	1	3	{Augustus_gene244.t1;Augustus}

# EVM prediction: Mode:STANDARD S-ratio: 10000.00 96381-97911 orient(-) score(3062.00) noncoding_equivalent(0.31) raw_noncoding(0.00) offset(0.00) 
97831	96381	terminal-	5	6	{Augustus_gene1135.t1;Augustus}
97886	97832	INTRON			{Augustus_gene1135.t1;Augustus}
97911	97887	initial-	4	4	{Augustus_gene1135.t1;Augustus}

