!! Predictions spanning range 99 - 99900 [R1]
# EVM prediction: Mode:STANDARD S-ratio: 269.69 99-1271 orient(+) score(3506.00) noncoding_equivalent(13.00) raw_noncoding(13.00) offset(0.00) 
99	1271	single+	1	3	{GlimmerHMM_glimmerT_43-T1;GlimmerHMM},{Augustus_model.g40.t1;Augustus}

# EVM prediction: Mode:STANDARD S-ratio: 30.38 1310-3694 orient(-) score(6927.00) noncoding_equivalent(228.00) raw_noncoding(228.00) offset(0.00) 
3694	1310	single-	4	6	{Augustus_model.g41.t1;Augustus},{GlimmerHMM_glimmerT_44-T1;GlimmerHMM}

# EVM prediction: Mode:STANDARD S-ratio: 2.00 3970-4899 orient(+) score(1860.00) noncoding_equivalent(930.00) raw_noncoding(930.00) offset(0.00) 
3970	4899	single+	1	3	{GlimmerHMM_glimmerT_45-T1;GlimmerHMM},{Augustus_model.g42.t1;Augustus}

# EVM prediction: Mode:STANDARD S-ratio: 72.39 5214-6494 orient(+) score(3789.00) noncoding_equivalent(52.34) raw_noncoding(52.34) offset(0.00) 
5214	6494	single+	1	3	{Augustus_model.g43.t1;Augustus},{GlimmerHMM_glimmerT_46-T1;GlimmerHMM}

# EVM prediction: Mode:STANDARD S-ratio: 263.34 6816-11423 orient(+) score(13770.00) noncoding_equivalent(52.29) raw_noncoding(52.29) offset(0.00) 
6816	11423	single+	1	3	{GlimmerHMM_glimmerT_47-T1;GlimmerHMM},{Augustus_model.g44.t1;Augustus}

# EVM prediction: Mode:STANDARD S-ratio: 220.14 11976-13523 orient(+) score(4623.00) noncoding_equivalent(21.00) raw_noncoding(21.00) offset(0.00) 
11976	13523	single+	1	3	{GlimmerHMM_glimmerT_48-T1;GlimmerHMM}

# EVM prediction: Mode:STANDARD S-ratio: 10000.00 13868-14809 orient(+) score(2826.00) noncoding_equivalent(0.28) raw_noncoding(0.00) offset(0.00) 
13868	14809	single+	1	3	{GlimmerHMM_glimmerT_49-T1;GlimmerHMM},{Augustus_model.g46.t1;Augustus}

# EVM prediction: Mode:STANDARD S-ratio: 90.27 15179-16924 orient(+) score(5179.00) noncoding_equivalent(57.37) raw_noncoding(57.37) offset(0.00) 
15179	16924	single+	1	3	{Augustus_model.g47.t1;Augustus},{GlimmerHMM_glimmerT_50-T1;GlimmerHMM}

# EVM prediction: Mode:STANDARD S-ratio: 42.37 17125-21027 orient(-) score(11439.00) noncoding_equivalent(270.00) raw_noncoding(270.00) offset(0.00) 
21027	17125	single-	4	6	{GlimmerHMM_glimmerT_51-T1;GlimmerHMM},{Augustus_model.g48.t1;Augustus}

# EVM prediction: Mode:STANDARD S-ratio: 7.62 21571-22251 orient(-) score(1806.00) noncoding_equivalent(237.00) raw_noncoding(237.00) offset(0.00) 
22251	21571	single-	4	6	{GlimmerHMM_glimmerT_52-T1;GlimmerHMM}

# EVM prediction: Mode:STANDARD S-ratio: 5.80 22788-24091 orient(-) score(3029.00) noncoding_equivalent(522.51) raw_noncoding(1166.62) offset(644.11) 
23726	22788	terminal-	4	6	{snap_scaffold_1-snap.47-T1;snap}
24085	23727	INTRON			{snap_scaffold_1-snap.47-T1;snap}
24091	24086	initial-	4	6	{snap_scaffold_1-snap.47-T1;snap}

# EVM prediction: Mode:STANDARD S-ratio: 10.70 24127-25878 orient(-) score(4806.00) noncoding_equivalent(448.98) raw_noncoding(448.98) offset(0.00) 
25878	24127	single-	4	6	{GlimmerHMM_glimmerT_54-T1;GlimmerHMM}

# EVM prediction: Mode:STANDARD S-ratio: 567.29 27319-29442 orient(+) score(6359.00) noncoding_equivalent(11.21) raw_noncoding(11.21) offset(0.00) 
27319	29442	single+	1	3	{Augustus_model.g50.t1;Augustus},{GlimmerHMM_glimmerT_55-T1;GlimmerHMM}

# EVM prediction: Mode:STANDARD S-ratio: 10000.00 29767-32808 orient(+) score(9126.00) noncoding_equivalent(0.91) raw_noncoding(0.00) offset(0.00) 
29767	32808	single+	1	3	{GlimmerHMM_glimmerT_56-T1;GlimmerHMM},{Augustus_model.g51.t1;Augustus}

# EVM prediction: Mode:STANDARD S-ratio: 2.00 33066-33431 orient(+) score(732.00) noncoding_equivalent(366.00) raw_noncoding(366.00) offset(0.00) 
33066	33431	single+	1	3	{Augustus_model.g52.t1;Augustus},{GlimmerHMM_glimmerT_57-T1;GlimmerHMM}

# EVM prediction: Mode:STANDARD S-ratio: 7.76 33869-35597 orient(-) score(6214.00) noncoding_equivalent(800.46) raw_noncoding(1170.00) offset(369.54) 
35170	33869	terminal-	4	6	{Augustus_model.g53.t1;Augustus},{snap_scaffold_1-snap.51-T1;snap},{GlimmerHMM_glimmerT_58-T1;GlimmerHMM}
35334	35171	INTRON			{Augustus_model.g53.t1;Augustus},{GlimmerHMM_glimmerT_58-T1;GlimmerHMM},{ev_type:exonerate/ID=match.45784.34/Target=YFL037W;exonerate}
35370	35335	internal-	4	6	{Augustus_model.g53.t1;Augustus},{GlimmerHMM_glimmerT_58-T1;GlimmerHMM}
35585	35371	INTRON			{Augustus_model.g53.t1;Augustus},{GlimmerHMM_glimmerT_58-T1;GlimmerHMM}
35597	35586	initial-	4	6	{Augustus_model.g53.t1;Augustus},{GlimmerHMM_glimmerT_58-T1;GlimmerHMM}

# EVM prediction: Mode:STANDARD S-ratio: 1091.13 36791-38620 orient(-) score(5483.00) noncoding_equivalent(5.03) raw_noncoding(5.03) offset(0.00) 
38620	36791	single-	4	6	{Augustus_model.g54.t1;Augustus},{GlimmerHMM_glimmerT_59-T1;GlimmerHMM}

# EVM prediction: Mode:STANDARD S-ratio: 145.05 39260-40681 orient(-) score(4235.00) noncoding_equivalent(29.20) raw_noncoding(29.20) offset(0.00) 
40681	39260	single-	4	6	{Augustus_model.g55.t1;Augustus},{GlimmerHMM_glimmerT_60-T1;GlimmerHMM}

# EVM prediction: Mode:STANDARD S-ratio: 10000.00 41413-43938 orient(-) score(7578.00) noncoding_equivalent(0.76) raw_noncoding(0.00) offset(0.00) 
43938	41413	single-	4	6	{Augustus_model.g56.t1;Augustus},{GlimmerHMM_glimmerT_61-T1;GlimmerHMM}

# EVM prediction: Mode:STANDARD S-ratio: 11.55 44269-44913 orient(+) score(1779.00) noncoding_equivalent(154.00) raw_noncoding(154.00) offset(0.00) 
44269	44913	single+	1	3	{GlimmerHMM_glimmerT_62-T1;GlimmerHMM}

# EVM prediction: Mode:STANDARD S-ratio: 191.74 45654-46436 orient(-) score(2335.00) noncoding_equivalent(12.18) raw_noncoding(12.18) offset(0.00) 
46436	45654	single-	4	6	{GlimmerHMM_glimmerT_63-T1;GlimmerHMM},{Augustus_model.g58.t1;Augustus}

# EVM prediction: Mode:STANDARD S-ratio: 5.62 48574-50931 orient(-) score(6006.00) noncoding_equivalent(1068.00) raw_noncoding(1068.00) offset(0.00) 
50931	48574	single-	4	6	{GlimmerHMM_glimmerT_64-T1;GlimmerHMM}

# EVM prediction: Mode:STANDARD S-ratio: 4.09 59579-61707 orient(+) score(4304.00) noncoding_equivalent(1053.01) raw_noncoding(3101.73) offset(2048.71) 
59579	59586	initial+	1	2	{snap_scaffold_1-snap.58-T1;snap}
59587	60614	INTRON			{snap_scaffold_1-snap.58-T1;snap}
60615	61707	terminal+	3	3	{snap_scaffold_1-snap.58-T1;snap}

# EVM prediction: Mode:STANDARD S-ratio: 12.32 64633-65286 orient(-) score(1962.00) noncoding_equivalent(159.27) raw_noncoding(159.27) offset(0.00) 
65286	64633	single-	4	6	{Augustus_model.g61.t1;Augustus},{GlimmerHMM_glimmerT_66-T1;GlimmerHMM}

# EVM prediction: Mode:STANDARD S-ratio: 7.85 65662-66324 orient(+) score(1970.00) noncoding_equivalent(250.91) raw_noncoding(250.91) offset(0.00) 
65662	66324	single+	1	3	{GlimmerHMM_glimmerT_67-T1;GlimmerHMM}

# EVM prediction: Mode:STANDARD S-ratio: 66.81 66643-67689 orient(+) score(3091.00) noncoding_equivalent(46.26) raw_noncoding(46.26) offset(0.00) 
66643	67689	single+	1	3	{GlimmerHMM_glimmerT_68-T1;GlimmerHMM}

# EVM prediction: Mode:STANDARD S-ratio: 10000.00 68725-70524 orient(+) score(5400.00) noncoding_equivalent(0.54) raw_noncoding(0.00) offset(0.00) 
68725	70524	single+	1	3	{Augustus_model.g63.t1;Augustus},{GlimmerHMM_glimmerT_69-T1;GlimmerHMM}

# EVM prediction: Mode:STANDARD S-ratio: 285.64 70942-72672 orient(-) score(5173.00) noncoding_equivalent(18.11) raw_noncoding(18.11) offset(0.00) 
72672	70942	single-	4	6	{Augustus_model.g64.t1;Augustus},{GlimmerHMM_glimmerT_70-T1;GlimmerHMM}

# EVM prediction: Mode:STANDARD S-ratio: 10.86 77077-77823 orient(+) score(2052.00) noncoding_equivalent(189.00) raw_noncoding(189.00) offset(0.00) 
77077	77823	single+	1	3	{GlimmerHMM_glimmerT_71-T1;GlimmerHMM},{Augustus_model.g65.t1;Augustus}

# EVM prediction: Mode:STANDARD S-ratio: 92.31 78533-79534 orient(+) score(2972.00) noncoding_equivalent(32.20) raw_noncoding(32.20) offset(0.00) 
78533	79534	single+	1	3	{GlimmerHMM_glimmerT_72-T1;GlimmerHMM},{Augustus_model.g66.t1;Augustus}

# EVM prediction: Mode:STANDARD S-ratio: 1249.51 80158-82254 orient(+) score(6284.00) noncoding_equivalent(5.03) raw_noncoding(5.03) offset(0.00) 
80158	82254	single+	1	3	{GlimmerHMM_glimmerT_73-T1;GlimmerHMM},{Augustus_model.g67.t1;Augustus}

# EVM prediction: Mode:STANDARD S-ratio: 10000.00 84462-86084 orient(+) score(4869.00) noncoding_equivalent(0.49) raw_noncoding(0.00) offset(0.00) 
84462	86084	single+	1	3	{GlimmerHMM_glimmerT_74-T1;GlimmerHMM},{Augustus_model.g68.t1;Augustus}

# EVM prediction: Mode:STANDARD S-ratio: 129.46 86325-88475 orient(+) score(6402.00) noncoding_equivalent(49.45) raw_noncoding(49.45) offset(0.00) 
86325	88475	single+	1	3	{GlimmerHMM_glimmerT_75-T1;GlimmerHMM}

# EVM prediction: Mode:STANDARD S-ratio: 10.21 88496-89307 orient(+) score(2053.00) noncoding_equivalent(201.06) raw_noncoding(564.51) offset(363.45) 
88496	88502	initial+	1	1	{snap_scaffold_1-snap.69-T1;snap}
88503	88684	INTRON			{snap_scaffold_1-snap.69-T1;snap}
88685	89307	terminal+	2	3	{Augustus_model.g69.t1;Augustus},{snap_scaffold_1-snap.69-T1;snap}

# EVM prediction: Mode:STANDARD S-ratio: 1.47 89823-90829 orient(+) score(1751.00) noncoding_equivalent(1194.32) raw_noncoding(1600.10) offset(405.78) 
89823	89870	initial+	1	3	{GlimmerHMM_glimmerT_77-T1;GlimmerHMM}
89871	89945	INTRON			{GlimmerHMM_glimmerT_77-T1;GlimmerHMM}
89946	90041	internal+	1	3	{Augustus_model.g70.t1;Augustus}
90042	90128	INTRON			{Augustus_model.g70.t1;Augustus}
90129	90558	internal+	1	1	{Augustus_model.g70.t1;Augustus}
90559	90644	INTRON			{Augustus_model.g70.t1;Augustus},{GlimmerHMM_glimmerT_77-T1;GlimmerHMM}
90645	90829	terminal+	2	3	{GlimmerHMM_glimmerT_77-T1;GlimmerHMM}

# EVM prediction: Mode:STANDARD S-ratio: 512.83 91460-95239 orient(+) score(11316.00) noncoding_equivalent(22.07) raw_noncoding(22.07) offset(0.00) 
91460	95239	single+	1	3	{GlimmerHMM_glimmerT_78-T1;GlimmerHMM}

# EVM prediction: Mode:STANDARD S-ratio: 12.58 95507-99900 orient(-) score(12452.00) noncoding_equivalent(990.00) raw_noncoding(1258.00) offset(268.00) 
99170	95507	terminal-	6	6	{Augustus_model.g71.t1;Augustus},{GlimmerHMM_glimmerT_79-T1;GlimmerHMM}
99349	99171	INTRON			{Augustus_model.g71.t1;Augustus},{GlimmerHMM_glimmerT_79-T1;GlimmerHMM}
99693	99350	internal-	4	5	{Augustus_model.g71.t1;Augustus},{GlimmerHMM_glimmerT_79-T1;GlimmerHMM}
99778	99694	INTRON			{Augustus_model.g71.t1;Augustus},{GlimmerHMM_glimmerT_79-T1;GlimmerHMM}
99900	99779	internal-	5	6	{Augustus_model.g71.t1;Augustus},{GlimmerHMM_glimmerT_79-T1;GlimmerHMM}

