# EVM prediction: Mode:STANDARD S-ratio: 10000.00 51856-54790 orient(-) score(5870.00) noncoding_equivalent(0.59) raw_noncoding(0.00) offset(0.00)
52619	51856	terminal-	5	6	{Augustus_gene808.t1;Augustus}
52851	52620	INTRON			{Augustus_gene808.t1;Augustus}
54790	52852	initial-	4	4	{Augustus_gene808.t1;Augustus}

# EVM prediction: Mode:STANDARD S-ratio: 10000.00 57519-57851 orient(+) score(666.00) noncoding_equivalent(0.07) raw_noncoding(0.00) offset(0.00)
57519	57851	single+	1	3	{Augustus_gene527.t1;Augustus}

# EVM prediction: Mode:STANDARD S-ratio: 10000.00 57951-58463 orient(-) score(1026.00) noncoding_equivalent(0.10) raw_noncoding(0.00) offset(0.00)
58463	57951	single-	4	6	{Augustus_gene691.t1;Augustus}

# EVM prediction: Mode:STANDARD S-ratio: 10000.00 58696-61053 orient(-) score(4716.00) noncoding_equivalent(0.47) raw_noncoding(0.00) offset(0.00)
61053	58696	single-	4	6	{Augustus_gene1199.t1;Augustus}

# EVM prediction: Mode:STANDARD S-ratio: 10000.00 76428-79436 orient(+) score(6018.00) noncoding_equivalent(0.60) raw_noncoding(0.00) offset(0.00)
76428	79436	single+	1	3	{Augustus_gene130.t1;Augustus}

# EVM prediction: Mode:STANDARD S-ratio: 10000.00 79719-80588 orient(+) score(1740.00) noncoding_equivalent(0.17) raw_noncoding(0.00) offset(0.00)
79719	80588	single+	1	3	{Augustus_gene1012.t1;Augustus}

# EVM prediction: Mode:STANDARD S-ratio: 10000.00 83336-84475 orient(-) score(2280.00) noncoding_equivalent(0.23) raw_noncoding(0.00) offset(0.00)
84475	83336	single-	4	6	{Augustus_gene512.t1;Augustus}

# EVM prediction: Mode:STANDARD S-ratio: 10000.00 100226-101146 orient(-) score(1842.00) noncoding_equivalent(0.18) raw_noncoding(0.00) offset(0.00)
101146	100226	single-	4	6	{Augustus_gene584.t1;Augustus}

# EVM prediction: Mode:STANDARD S-ratio: 10000.00 110847-113360 orient(-) score(5028.00) noncoding_equivalent(0.50) raw_noncoding(0.00) offset(0.00)
113360	110847	single-	4	6	{Augustus_gene559.t1;Augustus}

# EVM prediction: Mode:STANDARD S-ratio: 10000.00 124880-126787 orient(+) score(3816.00) noncoding_equivalent(0.38) raw_noncoding(0.00) offset(0.00)
124880	126787	single+	1	3	{Augustus_gene913.t1;Augustus}

# EVM prediction: Mode:STANDARD S-ratio: 10000.00 134186-135655 orient(-) score(2940.00) noncoding_equivalent(0.29) raw_noncoding(0.00) offset(0.00)
135655	134186	single-	4	6	{Augustus_gene1159.t1;Augustus}

# EVM prediction: Mode:STANDARD S-ratio: 10000.00 142176-143162 orient(+) score(1974.00) noncoding_equivalent(0.20) raw_noncoding(0.00) offset(0.00)
142176	142255	initial+	1	2	{Augustus_gene580.t1;Augustus}
142256	142621	INTRON			{Augustus_gene580.t1;Augustus}
142622	143162	terminal+	3	3	{Augustus_gene580.t1;Augustus}

# EVM prediction: Mode:STANDARD S-ratio: 10000.00 143709-147533 orient(+) score(7650.00) noncoding_equivalent(0.77) raw_noncoding(0.00) offset(0.00)
143709	147533	single+	1	3	{Augustus_gene804.t1;Augustus}

# EVM prediction: Mode:STANDARD S-ratio: 10000.00 155007-156287 orient(+) score(2562.00) noncoding_equivalent(0.26) raw_noncoding(0.00) offset(0.00)
155007	156287	single+	1	3	{Augustus_gene744.t1;Augustus}

# EVM prediction: Mode:STANDARD S-ratio: 10000.00 156756-158621 orient(-) score(3732.00) noncoding_equivalent(0.37) raw_noncoding(0.00) offset(0.00)
158621	156756	single-	4	6	{Augustus_gene364.t1;Augustus}

# EVM prediction: Mode:STANDARD S-ratio: 10000.00 169370-170290 orient(+) score(1842.00) noncoding_equivalent(0.18) raw_noncoding(0.00) offset(0.00)
169370	170290	single+	1	3	{Augustus_gene843.t1;Augustus}

# EVM prediction: Mode:STANDARD S-ratio: 10000.00 170391-171698 orient(-) score(2616.00) noncoding_equivalent(0.26) raw_noncoding(0.00) offset(0.00)
171698	170391	single-	4	6	{Augustus_gene695.t1;Augustus}

