!! Predictions spanning range 21170 - 99817 [R1]
# EVM prediction: Mode:STANDARD S-ratio: 10000.00 21170-25390 orient(-) score(8442.00) noncoding_equivalent(0.84) raw_noncoding(0.00) offset(0.00) 
25390	21170	single-	4	6	{Augustus_gene877.t1;Augustus}

# EVM prediction: Mode:STANDARD S-ratio: 10000.00 29910-30371 orient(-) score(924.00) noncoding_equivalent(0.09) raw_noncoding(0.00) offset(0.00) 
30371	29910	single-	4	6	{Augustus_gene678.t1;Augustus}

# EVM prediction: Mode:STANDARD S-ratio: 10000.00 30714-31541 orient(-) score(1656.00) noncoding_equivalent(0.17) raw_noncoding(0.00) offset(0.00) 
31541	30714	single-	4	6	{Augustus_gene825.t1;Augustus}

# EVM prediction: Mode:STANDARD S-ratio: 10000.00 34067-34735 orient(+) score(1338.00) noncoding_equivalent(0.13) raw_noncoding(0.00) offset(0.00) 
34067	34735	single+	1	3	{Augustus_gene546.t1;Augustus}

# EVM prediction: Mode:STANDARD S-ratio: 10000.00 34990-36441 orient(+) score(2904.00) noncoding_equivalent(0.29) raw_noncoding(0.00) offset(0.00) 
34990	36441	single+	1	3	{Augustus_gene635.t1;Augustus}

# EVM prediction: Mode:STANDARD S-ratio: 10000.00 36693-38237 orient(+) score(3090.00) noncoding_equivalent(0.31) raw_noncoding(0.00) offset(0.00) 
36693	38237	single+	1	3	{Augustus_gene493.t1;Augustus}

# EVM prediction: Mode:STANDARD S-ratio: 10000.00 40453-43224 orient(-) score(5544.00) noncoding_equivalent(0.55) raw_noncoding(0.00) offset(0.00) 
43224	40453	single-	4	6	{Augustus_gene902.t1;Augustus}

# EVM prediction: Mode:STANDARD S-ratio: 10000.00 48314-48787 orient(+) score(948.00) noncoding_equivalent(0.09) raw_noncoding(0.00) offset(0.00) 
48314	48787	single+	1	3	{Augustus_gene270.t1;Augustus}

# EVM prediction: Mode:STANDARD S-ratio: 10000.00 70235-72625 orient(-) score(4782.00) noncoding_equivalent(0.48) raw_noncoding(0.00) offset(0.00) 
72625	70235	single-	4	6	{Augustus_gene701.t1;Augustus}

# EVM prediction: Mode:STANDARD S-ratio: 10000.00 74368-78651 orient(+) score(8568.00) noncoding_equivalent(0.86) raw_noncoding(0.00) offset(0.00) 
74368	78651	single+	1	3	{Augustus_gene1178.t1;Augustus}

# EVM prediction: Mode:STANDARD S-ratio: 10000.00 90871-92860 orient(-) score(3980.00) noncoding_equivalent(0.40) raw_noncoding(0.00) offset(0.00) 
90878	90871	terminal-	5	6	{Augustus_gene987.t1;Augustus}
91154	90879	INTRON			{Augustus_gene987.t1;Augustus}
91451	91155	internal-	5	4	{Augustus_gene987.t1;Augustus}
92319	91452	INTRON			{Augustus_gene987.t1;Augustus}
92860	92320	initial-	4	4	{Augustus_gene987.t1;Augustus}

# EVM prediction: Mode:STANDARD S-ratio: 10000.00 96761-99817 orient(-) score(6114.00) noncoding_equivalent(0.61) raw_noncoding(0.00) offset(0.00) 
99817	96761	single-	4	6	{Augustus_gene676.t1;Augustus}

