!! Predictions spanning range 1007 - 99910 [R1]
# EVM prediction: Mode:STANDARD S-ratio: 2.23 1007-1566 orient(+) score(1402.00) noncoding_equivalent(628.04) raw_noncoding(762.00) offset(133.96) 
1007	1010	initial+	1	1	{snap_scaffold_11-snap.34-T1;snap}
1011	1081	INTRON			{snap_scaffold_11-snap.34-T1;snap}
1082	1566	terminal+	2	3	{snap_scaffold_11-snap.34-T1;snap}

# EVM prediction: Mode:STANDARD S-ratio: 4.35 1715-3814 orient(-) score(10245.00) noncoding_equivalent(2355.00) raw_noncoding(2355.00) offset(0.00) 
3814	1715	single-	4	6	{HiQ_model.g3472.t1;HiQ}

# EVM prediction: Mode:STANDARD S-ratio: 13.20 4329-5450 orient(-) score(3129.00) noncoding_equivalent(237.00) raw_noncoding(237.00) offset(0.00) 
5450	4329	single-	4	6	{Augustus_model.g3473.t1;Augustus},{GlimmerHMM_glimmerT_3744-T1;GlimmerHMM}

# EVM prediction: Mode:STANDARD S-ratio: 656.54 5856-6518 orient(+) score(2646.00) noncoding_equivalent(4.03) raw_noncoding(4.03) offset(0.00) 
5856	6518	single+	1	3	{GlimmerHMM_glimmerT_3745-T1;GlimmerHMM},{Augustus_model.g3474.t1;Augustus}

# EVM prediction: Mode:STANDARD S-ratio: 3.32 6675-7523 orient(-) score(1785.00) noncoding_equivalent(538.02) raw_noncoding(1562.06) offset(1024.04) 
6992	6675	terminal-	4	6	{snap_scaffold_11-snap.38-T1;snap},{Augustus_model.g3475.t1;Augustus},{GlimmerHMM_glimmerT_3746-T1;GlimmerHMM}
7514	6993	INTRON			{snap_scaffold_11-snap.38-T1;snap}
7523	7515	initial-	4	6	{snap_scaffold_11-snap.38-T1;snap}

# EVM prediction: Mode:STANDARD S-ratio: 5.71 8081-10165 orient(-) score(12420.00) noncoding_equivalent(2175.00) raw_noncoding(2175.00) offset(0.00) 
10165	8081	single-	4	6	{GlimmerHMM_glimmerT_3747-T1;GlimmerHMM},{HiQ_model.g3476.t1;HiQ}

# EVM prediction: Mode:STANDARD S-ratio: 1.00 13400-13681 orient(+) score(564.00) noncoding_equivalent(564.00) raw_noncoding(564.00) offset(0.00) 
13400	13681	single+	1	3	{GlimmerHMM_glimmerT_3748-T1;GlimmerHMM}

# EVM prediction: Mode:STANDARD S-ratio: 5.00 14083-14730 orient(-) score(3240.00) noncoding_equivalent(648.00) raw_noncoding(648.00) offset(0.00) 
14730	14083	single-	4	6	{GlimmerHMM_glimmerT_3749-T1;GlimmerHMM},{HiQ_model.g3477.t1;HiQ}

# EVM prediction: Mode:STANDARD S-ratio: 10000.00 15078-15932 orient(-) score(3330.00) noncoding_equivalent(0.33) raw_noncoding(0.00) offset(0.00) 
15932	15078	single-	4	6	{GlimmerHMM_glimmerT_3750-T1;GlimmerHMM},{Augustus_model.g3478.t1;Augustus}

# EVM prediction: Mode:STANDARD S-ratio: 48.54 17219-21454 orient(+) score(16602.00) noncoding_equivalent(342.00) raw_noncoding(342.00) offset(0.00) 
17219	21454	single+	1	3	{Augustus_model.g3479.t1;Augustus},{GlimmerHMM_glimmerT_3751-T1;GlimmerHMM}

# EVM prediction: Mode:STANDARD S-ratio: 4.86 21665-23557 orient(-) score(9419.00) noncoding_equivalent(1937.87) raw_noncoding(1937.87) offset(0.00) 
23557	21665	single-	4	6	{HiQ_model.g3480.t1;HiQ},{GlimmerHMM_glimmerT_3752-T1;GlimmerHMM}

# EVM prediction: Mode:STANDARD S-ratio: 3.00 24471-24785 orient(+) score(945.00) noncoding_equivalent(315.00) raw_noncoding(315.00) offset(0.00) 
24471	24785	single+	1	3	{GlimmerHMM_glimmerT_3753-T1;GlimmerHMM},{Augustus_model.g3481.t1;Augustus}

# EVM prediction: Mode:STANDARD S-ratio: 10000.00 26230-27993 orient(-) score(5292.00) noncoding_equivalent(0.53) raw_noncoding(0.00) offset(0.00) 
27993	26230	single-	4	6	{GlimmerHMM_glimmerT_3754-T1;GlimmerHMM},{Augustus_model.g3482.t1;Augustus}

# EVM prediction: Mode:STANDARD S-ratio: 2.77 28402-28866 orient(-) score(2049.00) noncoding_equivalent(741.00) raw_noncoding(741.00) offset(0.00) 
28866	28402	single-	4	6	{HiQ_model.g3483.t1;HiQ}

# EVM prediction: Mode:STANDARD S-ratio: 367.80 29370-32135 orient(+) score(11034.00) noncoding_equivalent(30.00) raw_noncoding(30.00) offset(0.00) 
29370	32135	single+	1	3	{GlimmerHMM_glimmerT_3756-T1;GlimmerHMM},{Augustus_model.g3484.t1;Augustus}

# EVM prediction: Mode:STANDARD S-ratio: 2.85 32403-33567 orient(-) score(4008.00) noncoding_equivalent(1407.00) raw_noncoding(1809.00) offset(402.00) 
33163	32403	terminal-	5	6	{snap_scaffold_11-snap.47-T1;snap},{Augustus_model.g3485.t1;Augustus}
33563	33164	INTRON			{snap_scaffold_11-snap.47-T1;snap},{Augustus_model.g3485.t1;Augustus}
33567	33564	initial-	4	4	{snap_scaffold_11-snap.47-T1;snap},{Augustus_model.g3485.t1;Augustus}

# EVM prediction: Mode:STANDARD S-ratio: 5.00 34203-35243 orient(-) score(5205.00) noncoding_equivalent(1041.00) raw_noncoding(1041.00) offset(0.00) 
35243	34203	single-	4	6	{GlimmerHMM_glimmerT_3758-T1;GlimmerHMM},{HiQ_model.g3486.t1;HiQ}

# EVM prediction: Mode:STANDARD S-ratio: 134.18 35516-36301 orient(+) score(3136.00) noncoding_equivalent(23.37) raw_noncoding(23.37) offset(0.00) 
35516	36301	single+	1	3	{Augustus_model.g3487.t1;Augustus},{GlimmerHMM_glimmerT_3759-T1;GlimmerHMM}

# EVM prediction: Mode:STANDARD S-ratio: 4.99 36474-37430 orient(-) score(4779.00) noncoding_equivalent(957.00) raw_noncoding(957.00) offset(0.00) 
37430	36474	single-	4	6	{GlimmerHMM_glimmerT_3760-T1;GlimmerHMM},{HiQ_model.g3488.t1;HiQ}

# EVM prediction: Mode:STANDARD S-ratio: 4.72 37875-39170 orient(-) score(6415.00) noncoding_equivalent(1359.32) raw_noncoding(1359.32) offset(0.00) 
39170	37875	single-	4	6	{GlimmerHMM_glimmerT_3761-T1;GlimmerHMM},{HiQ_model.g3489.t1;HiQ}

# EVM prediction: Mode:STANDARD S-ratio: 13.16 40143-40949 orient(+) score(3000.00) noncoding_equivalent(228.00) raw_noncoding(228.00) offset(0.00) 
40143	40949	single+	1	3	{Augustus_model.g3490.t1;Augustus}

# EVM prediction: Mode:STANDARD S-ratio: 8.50 41164-41733 orient(+) score(2040.00) noncoding_equivalent(240.00) raw_noncoding(240.00) offset(0.00) 
41164	41733	single+	1	3	{Augustus_model.g3491.t1;Augustus},{GlimmerHMM_glimmerT_3763-T1;GlimmerHMM}

# EVM prediction: Mode:STANDARD S-ratio: 305.93 42408-45860 orient(+) score(13767.00) noncoding_equivalent(45.00) raw_noncoding(45.00) offset(0.00) 
42408	45860	single+	1	3	{GlimmerHMM_glimmerT_3764-T1;GlimmerHMM},{Augustus_model.g3492.t1;Augustus}

# EVM prediction: Mode:STANDARD S-ratio: 3.00 46233-46658 orient(+) score(1278.00) noncoding_equivalent(426.00) raw_noncoding(426.00) offset(0.00) 
46233	46658	single+	1	3	{GlimmerHMM_glimmerT_3765-T1;GlimmerHMM}

# EVM prediction: Mode:STANDARD S-ratio: 55.69 50274-51164 orient(+) score(2624.00) noncoding_equivalent(47.12) raw_noncoding(47.12) offset(0.00) 
50274	51164	single+	1	3	{Augustus_model.g3493.t1;Augustus},{GlimmerHMM_glimmerT_3767-T1;GlimmerHMM}

# EVM prediction: Mode:STANDARD S-ratio: 66.69 51926-55885 orient(+) score(15606.00) noncoding_equivalent(234.00) raw_noncoding(234.00) offset(0.00) 
51926	55885	single+	1	3	{GlimmerHMM_glimmerT_3768-T1;GlimmerHMM},{Augustus_model.g3494.t1;Augustus}

# EVM prediction: Mode:STANDARD S-ratio: 5.00 56200-59322 orient(-) score(15759.00) noncoding_equivalent(3150.37) raw_noncoding(3150.37) offset(0.00) 
59322	56200	single-	4	6	{HiQ_model.g3495.t1;HiQ},{GlimmerHMM_glimmerT_3769-T1;GlimmerHMM}

# EVM prediction: Mode:STANDARD S-ratio: 3.00 60287-61537 orient(+) score(3753.00) noncoding_equivalent(1251.00) raw_noncoding(1251.00) offset(0.00) 
60287	61537	single+	1	3	{Augustus_model.g3496.t1;Augustus},{GlimmerHMM_glimmerT_3770-T1;GlimmerHMM}

# EVM prediction: Mode:STANDARD S-ratio: 10000.00 61866-62729 orient(+) score(3456.00) noncoding_equivalent(0.35) raw_noncoding(0.00) offset(0.00) 
61866	62729	single+	1	3	{GlimmerHMM_glimmerT_3771-T1;GlimmerHMM},{Augustus_model.g3497.t1;Augustus}

# EVM prediction: Mode:STANDARD S-ratio: 892.20 63048-64166 orient(+) score(4461.00) noncoding_equivalent(5.00) raw_noncoding(5.00) offset(0.00) 
63048	64166	single+	1	3	{GlimmerHMM_glimmerT_3772-T1;GlimmerHMM},{Augustus_model.g3498.t1;Augustus}

# EVM prediction: Mode:STANDARD S-ratio: 4.95 64527-66290 orient(-) score(8805.00) noncoding_equivalent(1777.04) raw_noncoding(1777.04) offset(0.00) 
66290	64527	single-	4	6	{GlimmerHMM_glimmerT_3773-T1;GlimmerHMM},{HiQ_model.g3499.t1;HiQ}

# EVM prediction: Mode:STANDARD S-ratio: 17.82 67104-68927 orient(+) score(6908.00) noncoding_equivalent(387.55) raw_noncoding(387.55) offset(0.00) 
67104	68927	single+	1	3	{GlimmerHMM_glimmerT_3774-T1;GlimmerHMM}

# EVM prediction: Mode:STANDARD S-ratio: 137.01 69304-71814 orient(+) score(9969.00) noncoding_equivalent(72.76) raw_noncoding(72.76) offset(0.00) 
69304	71814	single+	1	3	{GlimmerHMM_glimmerT_3775-T1;GlimmerHMM}

# EVM prediction: Mode:STANDARD S-ratio: 4.97 72109-73530 orient(-) score(7102.00) noncoding_equivalent(1428.04) raw_noncoding(1428.04) offset(0.00) 
73530	72109	single-	4	6	{GlimmerHMM_glimmerT_3776-T1;GlimmerHMM},{HiQ_model.g3501.t1;HiQ}

# EVM prediction: Mode:STANDARD S-ratio: 2.03 73817-74233 orient(-) score(1676.00) noncoding_equivalent(826.09) raw_noncoding(826.09) offset(0.00) 
74233	73817	single-	4	6	{HiQ_model.g3502.t1;HiQ},{GlimmerHMM_glimmerT_3777-T1;GlimmerHMM}

# EVM prediction: Mode:STANDARD S-ratio: 5.00 74451-75431 orient(-) score(4905.00) noncoding_equivalent(981.00) raw_noncoding(981.00) offset(0.00) 
75431	74451	single-	4	6	{HiQ_model.g3503.t1;HiQ},{GlimmerHMM_glimmerT_3778-T1;GlimmerHMM}

# EVM prediction: Mode:STANDARD S-ratio: 3.00 75664-76848 orient(+) score(3555.00) noncoding_equivalent(1185.00) raw_noncoding(1185.00) offset(0.00) 
75664	76848	single+	1	3	{Augustus_model.g3504.t1;Augustus},{GlimmerHMM_glimmerT_3779-T1;GlimmerHMM}

# EVM prediction: Mode:STANDARD S-ratio: 8.98 77030-77884 orient(+) score(3078.00) noncoding_equivalent(342.75) raw_noncoding(342.75) offset(0.00) 
77030	77884	single+	1	3	{GlimmerHMM_glimmerT_3780-T1;GlimmerHMM}

# EVM prediction: Mode:STANDARD S-ratio: 65.44 78107-79003 orient(+) score(3534.00) noncoding_equivalent(54.00) raw_noncoding(54.00) offset(0.00) 
78107	79003	single+	1	3	{GlimmerHMM_glimmerT_3781-T1;GlimmerHMM}

# EVM prediction: Mode:STANDARD S-ratio: 5.00 79175-80791 orient(-) score(8085.00) noncoding_equivalent(1617.00) raw_noncoding(1617.00) offset(0.00) 
80791	79175	single-	4	6	{GlimmerHMM_glimmerT_3782-T1;GlimmerHMM},{HiQ_model.g3506.t1;HiQ}

# EVM prediction: Mode:STANDARD S-ratio: 4.66 81379-83301 orient(-) score(9501.00) noncoding_equivalent(2037.00) raw_noncoding(2037.00) offset(0.00) 
83301	81379	single-	4	6	{HiQ_model.g3507.t1;HiQ}

# EVM prediction: Mode:STANDARD S-ratio: 10000.00 84128-86836 orient(+) score(11189.00) noncoding_equivalent(1.12) raw_noncoding(0.00) offset(0.00) 
84128	86836	single+	1	3	{GlimmerHMM_glimmerT_3784-T1;GlimmerHMM},{Augustus_model.g3508.t1;Augustus}

# EVM prediction: Mode:STANDARD S-ratio: 4.52 87059-90514 orient(-) score(16980.00) noncoding_equivalent(3756.00) raw_noncoding(3756.00) offset(0.00) 
90514	87059	single-	4	6	{GlimmerHMM_glimmerT_3785-T1;GlimmerHMM},{HiQ_model.g3509.t1;HiQ}

# EVM prediction: Mode:STANDARD S-ratio: 4.65 92182-93039 orient(-) score(4235.00) noncoding_equivalent(911.29) raw_noncoding(911.29) offset(0.00) 
93039	92182	single-	4	6	{GlimmerHMM_glimmerT_3786-T1;GlimmerHMM},{HiQ_model.g3510.t1;HiQ}

# EVM prediction: Mode:STANDARD S-ratio: 17.49 93672-94109 orient(+) score(1656.00) noncoding_equivalent(94.69) raw_noncoding(94.69) offset(0.00) 
93672	94109	single+	1	3	{GlimmerHMM_glimmerT_3787-T1;GlimmerHMM}

# EVM prediction: Mode:STANDARD S-ratio: 5.43 95030-95726 orient(+) score(2009.00) noncoding_equivalent(370.03) raw_noncoding(981.94) offset(611.91) 
95030	95033	initial+	1	1	{snap_scaffold_11-snap.74-T1;snap}
95034	95397	INTRON			{snap_scaffold_11-snap.74-T1;snap}
95398	95726	terminal+	2	3	{snap_scaffold_11-snap.74-T1;snap}

# EVM prediction: Mode:STANDARD S-ratio: 6.00 96086-96838 orient(-) score(4518.00) noncoding_equivalent(753.00) raw_noncoding(753.00) offset(0.00) 
96838	96086	single-	4	6	{HiQ_model.g3512.t1;HiQ},{GlimmerHMM_glimmerT_3789-T1;GlimmerHMM}

# EVM prediction: Mode:STANDARD S-ratio: 934.58 98027-99910 orient(+) score(7526.00) noncoding_equivalent(8.05) raw_noncoding(8.05) offset(0.00) 
98027	99910	single+	1	3	{Augustus_model.g3513.t1;Augustus},{GlimmerHMM_glimmerT_3790-T1;GlimmerHMM}

