# EVM prediction: Mode:STANDARD S-ratio: 10000.00 13778-14917 orient(+) score(2280.00) noncoding_equivalent(0.23) raw_noncoding(0.00) offset(0.00)
13778	13816	initial+	1	3	{Augustus_gene724.t1;Augustus}
13817	13867	INTRON			{Augustus_gene724.t1;Augustus}
13868	14917	terminal+	1	3	{Augustus_gene724.t1;Augustus}

# EVM prediction: Mode:STANDARD S-ratio: 10000.00 19004-21714 orient(-) score(5422.00) noncoding_equivalent(0.54) raw_noncoding(0.00) offset(0.00)
19029	19004	terminal-	5	6	{Augustus_gene861.t1;Augustus}
19087	19030	INTRON			{Augustus_gene861.t1;Augustus}
19631	19088	internal-	4	4	{Augustus_gene861.t1;Augustus}
19689	19632	INTRON			{Augustus_gene861.t1;Augustus}
21714	19690	initial-	4	6	{Augustus_gene861.t1;Augustus}

# EVM prediction: Mode:STANDARD S-ratio: 10000.00 22420-25326 orient(+) score(5814.00) noncoding_equivalent(0.58) raw_noncoding(0.00) offset(0.00)
22420	25326	single+	1	3	{Augustus_gene840.t1;Augustus}

# EVM prediction: Mode:STANDARD S-ratio: 10000.00 48513-49298 orient(+) score(1572.00) noncoding_equivalent(0.16) raw_noncoding(0.00) offset(0.00)
48513	49298	single+	1	3	{Augustus_gene834.t1;Augustus}

# EVM prediction: Mode:STANDARD S-ratio: 10000.00 49997-50743 orient(+) score(1494.00) noncoding_equivalent(0.15) raw_noncoding(0.00) offset(0.00)
49997	50743	single+	1	3	{Augustus_gene622.t1;Augustus}

# EVM prediction: Mode:STANDARD S-ratio: 10000.00 71068-72581 orient(+) score(3028.00) noncoding_equivalent(0.30) raw_noncoding(0.00) offset(0.00)
71068	71080	initial+	1	1	{Augustus_gene487.t1;Augustus}
71081	71157	INTRON			{Augustus_gene487.t1;Augustus}
71158	72581	terminal+	2	3	{Augustus_gene487.t1;Augustus}

# EVM prediction: Mode:STANDARD S-ratio: 10000.00 72741-73283 orient(-) score(1086.00) noncoding_equivalent(0.11) raw_noncoding(0.00) offset(0.00)
73091	72741	terminal-	4	6	{Augustus_gene280.t1;Augustus}
73181	73092	INTRON			{Augustus_gene280.t1;Augustus}
73283	73182	initial-	4	6	{Augustus_gene280.t1;Augustus}

# EVM prediction: Mode:STANDARD S-ratio: 10000.00 73580-73900 orient(+) score(642.00) noncoding_equivalent(0.06) raw_noncoding(0.00) offset(0.00)
73580	73900	single+	1	3	{Augustus_gene985.t1;Augustus}

# EVM prediction: Mode:STANDARD S-ratio: 10000.00 75573-77828 orient(-) score(4512.00) noncoding_equivalent(0.45) raw_noncoding(0.00) offset(0.00)
77828	75573	single-	4	6	{Augustus_gene284.t1;Augustus}

# EVM prediction: Mode:STANDARD S-ratio: 10000.00 80124-81053 orient(+) score(1860.00) noncoding_equivalent(0.19) raw_noncoding(0.00) offset(0.00)
80124	81053	single+	1	3	{Augustus_gene836.t1;Augustus}

# EVM prediction: Mode:STANDARD S-ratio: 10000.00 96816-101423 orient(+) score(9216.00) noncoding_equivalent(0.92) raw_noncoding(0.00) offset(0.00)
96816	101423	single+	1	3	{Augustus_gene551.t1;Augustus}

# EVM prediction: Mode:STANDARD S-ratio: 10000.00 102138-103523 orient(+) score(2772.00) noncoding_equivalent(0.28) raw_noncoding(0.00) offset(0.00)
102138	103523	single+	1	3	{Augustus_gene223.t1;Augustus}

# EVM prediction: Mode:STANDARD S-ratio: 10000.00 111571-112251 orient(-) score(1362.00) noncoding_equivalent(0.14) raw_noncoding(0.00) offset(0.00)
112251	111571	single-	4	6	{Augustus_gene778.t1;Augustus}

# EVM prediction: Mode:STANDARD S-ratio: 10000.00 112788-113801 orient(-) score(2028.00) noncoding_equivalent(0.20) raw_noncoding(0.00) offset(0.00)
113801	112788	single-	4	6	{Augustus_gene466.t1;Augustus}

# EVM prediction: Mode:STANDARD S-ratio: 10000.00 129260-130681 orient(-) score(2844.00) noncoding_equivalent(0.28) raw_noncoding(0.00) offset(0.00)
130681	129260	single-	4	6	{Augustus_gene696.t1;Augustus}

# EVM prediction: Mode:STANDARD S-ratio: 10000.00 155662-156630 orient(+) score(1938.00) noncoding_equivalent(0.19) raw_noncoding(0.00) offset(0.00)
155662	155818	initial+	1	1	{Augustus_gene775.t1;Augustus}
155819	155878	INTRON			{Augustus_gene775.t1;Augustus}
155879	156208	internal+	2	1	{Augustus_gene775.t1;Augustus}
156209	156613	INTRON			{Augustus_gene775.t1;Augustus}
156614	156630	terminal+	2	3	{Augustus_gene775.t1;Augustus}

# EVM prediction: Mode:STANDARD S-ratio: 10000.00 168533-169534 orient(+) score(2004.00) noncoding_equivalent(0.20) raw_noncoding(0.00) offset(0.00)
168533	169534	single+	1	3	{Augustus_gene42.t1;Augustus}

# EVM prediction: Mode:STANDARD S-ratio: 10000.00 170158-172254 orient(+) score(4194.00) noncoding_equivalent(0.42) raw_noncoding(0.00) offset(0.00)
170158	172254	single+	1	3	{Augustus_gene218.t1;Augustus}

# EVM prediction: Mode:STANDARD S-ratio: 10000.00 176325-178475 orient(+) score(4302.00) noncoding_equivalent(0.43) raw_noncoding(0.00) offset(0.00)
176325	178475	single+	1	3	{Augustus_gene780.t1;Augustus}

# EVM prediction: Mode:STANDARD S-ratio: 10000.00 181460-185239 orient(+) score(7560.00) noncoding_equivalent(0.76) raw_noncoding(0.00) offset(0.00)
181460	185239	single+	1	3	{Augustus_gene374.t1;Augustus}

# EVM prediction: Mode:STANDARD S-ratio: 10000.00 190698-191156 orient(+) score(918.00) noncoding_equivalent(0.09) raw_noncoding(0.00) offset(0.00)
190698	190750	initial+	1	2	{Augustus_gene815.t1;Augustus}
190751	190834	INTRON			{Augustus_gene815.t1;Augustus}
190835	191156	terminal+	3	3	{Augustus_gene815.t1;Augustus}

# EVM prediction: Mode:STANDARD S-ratio: 10000.00 206917-207855 orient(-) score(1878.00) noncoding_equivalent(0.19) raw_noncoding(0.00) offset(0.00)
207855	206917	single-	4	6	{Augustus_gene60.t1;Augustus}

# EVM prediction: Mode:STANDARD S-ratio: 10000.00 208285-208740 orient(+) score(912.00) noncoding_equivalent(0.09) raw_noncoding(0.00) offset(0.00)
208285	208740	single+	1	3	{Augustus_gene1028.t1;Augustus}

# EVM prediction: Mode:STANDARD S-ratio: 10000.00 214523-220399 orient(+) score(11754.00) noncoding_equivalent(1.18) raw_noncoding(0.00) offset(0.00)
214523	219893	initial+	1	1	{Augustus_gene125.t1;Augustus}
219894	220307	INTRON			{Augustus_gene125.t1;Augustus}
220308	220399	terminal+	2	3	{Augustus_gene125.t1;Augustus}

# EVM prediction: Mode:STANDARD S-ratio: 10000.00 220539-222014 orient(-) score(2952.00) noncoding_equivalent(0.30) raw_noncoding(0.00) offset(0.00)
222014	220539	single-	4	6	{Augustus_gene1129.t1;Augustus}

# EVM prediction: Mode:STANDARD S-ratio: 10000.00 224689-226874 orient(+) score(4372.00) noncoding_equivalent(0.44) raw_noncoding(0.00) offset(0.00)
224689	224693	initial+	1	2	{Augustus_gene481.t1;Augustus}
224694	224754	INTRON			{Augustus_gene481.t1;Augustus}
224755	224880	internal+	3	2	{Augustus_gene481.t1;Augustus}
224881	225025	INTRON			{Augustus_gene481.t1;Augustus}
225026	226874	terminal+	3	3	{Augustus_gene481.t1;Augustus}

# EVM prediction: Mode:STANDARD S-ratio: 10000.00 235077-235889 orient(-) score(1626.00) noncoding_equivalent(0.16) raw_noncoding(0.00) offset(0.00)
235889	235077	single-	4	6	{Augustus_gene911.t1;Augustus}

# EVM prediction: Mode:STANDARD S-ratio: 10000.00 252036-252488 orient(-) score(906.00) noncoding_equivalent(0.09) raw_noncoding(0.00) offset(0.00)
252488	252036	single-	4	6	{Augustus_gene733.t1;Augustus}

# EVM prediction: Mode:STANDARD S-ratio: 10000.00 282599-284137 orient(+) score(3078.00) noncoding_equivalent(0.31) raw_noncoding(0.00) offset(0.00)
282599	284137	single+	1	3	{Augustus_gene287.t1;Augustus}

# EVM prediction: Mode:STANDARD S-ratio: 10000.00 289699-290448 orient(-) score(1500.00) noncoding_equivalent(0.15) raw_noncoding(0.00) offset(0.00)
290448	289699	single-	4	6	{Augustus_gene950.t1;Augustus}

# EVM prediction: Mode:STANDARD S-ratio: 10000.00 311200-312759 orient(+) score(3120.00) noncoding_equivalent(0.31) raw_noncoding(0.00) offset(0.00)
311200	312759	single+	1	3	{Augustus_gene1032.t1;Augustus}

# EVM prediction: Mode:STANDARD S-ratio: 10000.00 317950-318471 orient(-) score(1044.00) noncoding_equivalent(0.10) raw_noncoding(0.00) offset(0.00)
318471	317950	single-	4	6	{Augustus_gene278.t1;Augustus}

# EVM prediction: Mode:STANDARD S-ratio: 10000.00 318929-319459 orient(+) score(1062.00) noncoding_equivalent(0.11) raw_noncoding(0.00) offset(0.00)
318929	319459	single+	1	3	{Augustus_gene926.t1;Augustus}

# EVM prediction: Mode:STANDARD S-ratio: 10000.00 323908-324531 orient(+) score(1248.00) noncoding_equivalent(0.12) raw_noncoding(0.00) offset(0.00)
323908	324531	single+	1	3	{Augustus_gene953.t1;Augustus}

# EVM prediction: Mode:STANDARD S-ratio: 10000.00 342930-343901 orient(-) score(1944.00) noncoding_equivalent(0.19) raw_noncoding(0.00) offset(0.00)
343901	342930	single-	4	6	{Augustus_gene832.t1;Augustus}

# EVM prediction: Mode:STANDARD S-ratio: 10000.00 345715-348762 orient(+) score(6096.00) noncoding_equivalent(0.61) raw_noncoding(0.00) offset(0.00)
345715	345871	initial+	1	1	{Augustus_gene376.t1;Augustus}
345872	345922	INTRON			{Augustus_gene376.t1;Augustus}
345923	348762	terminal+	2	3	{Augustus_gene376.t1;Augustus}

# EVM prediction: Mode:STANDARD S-ratio: 10000.00 378463-379650 orient(-) score(2376.00) noncoding_equivalent(0.24) raw_noncoding(0.00) offset(0.00)
379650	378463	single-	4	6	{Augustus_gene273.t1;Augustus}

# EVM prediction: Mode:STANDARD S-ratio: 10000.00 380212-380784 orient(-) score(1146.00) noncoding_equivalent(0.11) raw_noncoding(0.00) offset(0.00)
380784	380212	single-	4	6	{Augustus_gene1160.t1;Augustus}

# EVM prediction: Mode:STANDARD S-ratio: 10000.00 381910-384670 orient(+) score(5522.00) noncoding_equivalent(0.55) raw_noncoding(0.00) offset(0.00)
381910	381956	initial+	1	2	{Augustus_gene43.t1;Augustus}
381957	382080	INTRON			{Augustus_gene43.t1;Augustus}
382081	382095	internal+	3	2	{Augustus_gene43.t1;Augustus}
382096	382953	INTRON			{Augustus_gene43.t1;Augustus}
382954	382979	internal+	3	1	{Augustus_gene43.t1;Augustus}
382980	383798	INTRON			{Augustus_gene43.t1;Augustus}
383799	384670	terminal+	2	3	{Augustus_gene43.t1;Augustus}

# EVM prediction: Mode:STANDARD S-ratio: 10000.00 393389-394360 orient(+) score(1944.00) noncoding_equivalent(0.19) raw_noncoding(0.00) offset(0.00)
393389	394360	single+	1	3	{Augustus_gene540.t1;Augustus}

# EVM prediction: Mode:STANDARD S-ratio: 10000.00 403144-403689 orient(-) score(1092.00) noncoding_equivalent(0.11) raw_noncoding(0.00) offset(0.00)
403689	403144	single-	4	6	{Augustus_gene852.t1;Augustus}

# EVM prediction: Mode:STANDARD S-ratio: 10000.00 416452-417075 orient(+) score(1248.00) noncoding_equivalent(0.12) raw_noncoding(0.00) offset(0.00)
416452	417075	single+	1	3	{Augustus_gene364.t1;Augustus}

# EVM prediction: Mode:STANDARD S-ratio: 10000.00 417078-419104 orient(-) score(4036.00) noncoding_equivalent(0.40) raw_noncoding(0.00) offset(0.00)
417447	417078	terminal-	6	6	{Augustus_gene898.t1;Augustus}
417505	417448	INTRON			{Augustus_gene898.t1;Augustus}
417660	417506	internal-	4	5	{Augustus_gene898.t1;Augustus}
418114	417661	INTRON			{Augustus_gene898.t1;Augustus}
418247	418115	internal-	6	6	{Augustus_gene898.t1;Augustus}
418862	418248	INTRON			{Augustus_gene898.t1;Augustus}
419104	418863	initial-	4	5	{Augustus_gene898.t1;Augustus}

# EVM prediction: Mode:STANDARD S-ratio: 10000.00 430507-431994 orient(-) score(2976.00) noncoding_equivalent(0.30) raw_noncoding(0.00) offset(0.00)
431994	430507	single-	4	6	{Augustus_gene797.t1;Augustus}

# EVM prediction: Mode:STANDARD S-ratio: 10000.00 454396-454902 orient(+) score(1014.00) noncoding_equivalent(0.10) raw_noncoding(0.00) offset(0.00)
454396	454902	single+	1	3	{Augustus_gene561.t1;Augustus}

# EVM prediction: Mode:STANDARD S-ratio: 10000.00 458366-459304 orient(+) score(1878.00) noncoding_equivalent(0.19) raw_noncoding(0.00) offset(0.00)
458366	459304	single+	1	3	{Augustus_gene823.t1;Augustus}

# EVM prediction: Mode:STANDARD S-ratio: 10000.00 462849-463625 orient(-) score(1554.00) noncoding_equivalent(0.16) raw_noncoding(0.00) offset(0.00)
463625	462849	single-	4	6	{Augustus_gene342.t1;Augustus}

# EVM prediction: Mode:STANDARD S-ratio: 10000.00 469116-471743 orient(+) score(5256.00) noncoding_equivalent(0.53) raw_noncoding(0.00) offset(0.00)
469116	471743	single+	1	3	{Augustus_gene468.t1;Augustus}

# EVM prediction: Mode:STANDARD S-ratio: 10000.00 475883-481568 orient(-) score(11372.00) noncoding_equivalent(1.14) raw_noncoding(0.00) offset(0.00)
476074	475883	terminal-	4	6	{Augustus_gene951.t1;Augustus}
476137	476075	INTRON			{Augustus_gene951.t1;Augustus}
476224	476138	internal-	4	6	{Augustus_gene951.t1;Augustus}
476449	476225	INTRON			{Augustus_gene951.t1;Augustus}
476496	476450	internal-	5	6	{Augustus_gene951.t1;Augustus}
476800	476497	INTRON			{Augustus_gene951.t1;Augustus}
476811	476801	internal-	6	4	{Augustus_gene951.t1;Augustus}
476891	476812	INTRON			{Augustus_gene951.t1;Augustus}
476902	476892	internal-	4	5	{Augustus_gene951.t1;Augustus}
477375	476903	INTRON			{Augustus_gene951.t1;Augustus}
477384	477376	internal-	4	6	{Augustus_gene951.t1;Augustus}
477457	477385	INTRON			{Augustus_gene951.t1;Augustus}
477491	477458	internal-	6	6	{Augustus_gene951.t1;Augustus}
477573	477492	INTRON			{Augustus_gene951.t1;Augustus}
477593	477574	internal-	4	5	{Augustus_gene951.t1;Augustus}
477712	477594	INTRON			{Augustus_gene951.t1;Augustus}
477723	477713	internal-	5	6	{Augustus_gene951.t1;Augustus}
477858	477724	INTRON			{Augustus_gene951.t1;Augustus}
477882	477859	internal-	5	4	{Augustus_gene951.t1;Augustus}
478047	477883	INTRON			{Augustus_gene951.t1;Augustus}
478062	478048	internal-	5	4	{Augustus_gene951.t1;Augustus}
478247	478063	INTRON			{Augustus_gene951.t1;Augustus}
478355	478248	internal-	5	4	{Augustus_gene951.t1;Augustus}
478532	478356	INTRON			{Augustus_gene951.t1;Augustus}
478551	478533	internal-	4	4	{Augustus_gene951.t1;Augustus}
479074	478552	INTRON			{Augustus_gene951.t1;Augustus}
479085	479075	internal-	5	6	{Augustus_gene951.t1;Augustus}
479254	479086	INTRON			{Augustus_gene951.t1;Augustus}
479266	479255	internal-	5	4	{Augustus_gene951.t1;Augustus}
479596	479267	INTRON			{Augustus_gene951.t1;Augustus}
479794	479597	internal-	5	4	{Augustus_gene951.t1;Augustus}
479944	479795	INTRON			{Augustus_gene951.t1;Augustus}
481568	479945	initial-	4	4	{Augustus_gene951.t1;Augustus}

# EVM prediction: Mode:STANDARD S-ratio: 10000.00 482379-483446 orient(-) score(2136.00) noncoding_equivalent(0.21) raw_noncoding(0.00) offset(0.00)
483446	482379	single-	4	6	{Augustus_gene767.t1;Augustus}

# EVM prediction: Mode:STANDARD S-ratio: 10000.00 487350-488196 orient(-) score(1694.00) noncoding_equivalent(0.17) raw_noncoding(0.00) offset(0.00)
487714	487350	terminal-	5	6	{Augustus_gene615.t1;Augustus}
488177	487715	INTRON			{Augustus_gene615.t1;Augustus}
488196	488178	initial-	4	4	{Augustus_gene615.t1;Augustus}

# EVM prediction: Mode:STANDARD S-ratio: 10000.00 498351-498953 orient(-) score(1206.00) noncoding_equivalent(0.12) raw_noncoding(0.00) offset(0.00)
498953	498351	single-	4	6	{Augustus_gene175.t1;Augustus}

# EVM prediction: Mode:STANDARD S-ratio: 10000.00 499217-501709 orient(+) score(4986.00) noncoding_equivalent(0.50) raw_noncoding(0.00) offset(0.00)
499217	501709	single+	1	3	{Augustus_gene681.t1;Augustus}

# EVM prediction: Mode:STANDARD S-ratio: 10000.00 515594-517525 orient(-) score(3864.00) noncoding_equivalent(0.39) raw_noncoding(0.00) offset(0.00)
517525	515594	single-	4	6	{Augustus_gene545.t1;Augustus}

# EVM prediction: Mode:STANDARD S-ratio: 10000.00 518168-519169 orient(-) score(2004.00) noncoding_equivalent(0.20) raw_noncoding(0.00) offset(0.00)
519169	518168	single-	4	6	{Augustus_gene403.t1;Augustus}

# EVM prediction: Mode:STANDARD S-ratio: 10000.00 521288-521950 orient(+) score(1326.00) noncoding_equivalent(0.13) raw_noncoding(0.00) offset(0.00)
521288	521950	single+	1	3	{Augustus_gene981.t1;Augustus}

# EVM prediction: Mode:STANDARD S-ratio: 10000.00 523976-524734 orient(+) score(1518.00) noncoding_equivalent(0.15) raw_noncoding(0.00) offset(0.00)
523976	524734	single+	1	3	{Augustus_gene749.t1;Augustus}

# EVM prediction: Mode:STANDARD S-ratio: 10000.00 540253-542600 orient(-) score(4696.00) noncoding_equivalent(0.47) raw_noncoding(0.00) offset(0.00)
540262	540253	terminal-	6	6	{Augustus_gene197.t1;Augustus}
540613	540263	INTRON			{Augustus_gene197.t1;Augustus}
540625	540614	internal-	6	5	{Augustus_gene197.t1;Augustus}
541725	540626	INTRON			{Augustus_gene197.t1;Augustus}
542600	541726	initial-	4	5	{Augustus_gene197.t1;Augustus}

# EVM prediction: Mode:STANDARD S-ratio: 10000.00 545238-549395 orient(+) score(8316.00) noncoding_equivalent(0.83) raw_noncoding(0.00) offset(0.00)
545238	549395	single+	1	3	{Augustus_gene1043.t1;Augustus}

# EVM prediction: Mode:STANDARD S-ratio: 10000.00 549494-550573 orient(-) score(2160.00) noncoding_equivalent(0.22) raw_noncoding(0.00) offset(0.00)
550573	549494	single-	4	6	{Augustus_gene64.t1;Augustus}

# EVM prediction: Mode:STANDARD S-ratio: 10000.00 554577-555404 orient(-) score(1656.00) noncoding_equivalent(0.17) raw_noncoding(0.00) offset(0.00)
555404	554577	single-	4	6	{Augustus_gene900.t1;Augustus}

# EVM prediction: Mode:STANDARD S-ratio: 10000.00 565683-567173 orient(+) score(2982.00) noncoding_equivalent(0.30) raw_noncoding(0.00) offset(0.00)
565683	567173	single+	1	3	{Augustus_gene603.t1;Augustus}

# EVM prediction: Mode:STANDARD S-ratio: 10000.00 579750-580802 orient(+) score(2106.00) noncoding_equivalent(0.21) raw_noncoding(0.00) offset(0.00)
579750	580802	single+	1	3	{Augustus_gene63.t1;Augustus}

# EVM prediction: Mode:STANDARD S-ratio: 10000.00 582899-583951 orient(+) score(2106.00) noncoding_equivalent(0.21) raw_noncoding(0.00) offset(0.00)
582899	583951	single+	1	3	{Augustus_gene123.t1;Augustus}

# EVM prediction: Mode:STANDARD S-ratio: 10000.00 585914-588472 orient(+) score(5118.00) noncoding_equivalent(0.51) raw_noncoding(0.00) offset(0.00)
585914	588472	single+	1	3	{Augustus_gene713.t1;Augustus}

# EVM prediction: Mode:STANDARD S-ratio: 10000.00 588902-593116 orient(+) score(8430.00) noncoding_equivalent(0.84) raw_noncoding(0.00) offset(0.00)
588902	593116	single+	1	3	{Augustus_gene1042.t1;Augustus}

# EVM prediction: Mode:STANDARD S-ratio: 10000.00 603130-603732 orient(-) score(1206.00) noncoding_equivalent(0.12) raw_noncoding(0.00) offset(0.00)
603732	603130	single-	4	6	{Augustus_gene892.t1;Augustus}

# EVM prediction: Mode:STANDARD S-ratio: 10000.00 605725-606483 orient(-) score(1518.00) noncoding_equivalent(0.15) raw_noncoding(0.00) offset(0.00)
606483	605725	single-	4	6	{Augustus_gene990.t1;Augustus}

# EVM prediction: Mode:STANDARD S-ratio: 10000.00 611934-613046 orient(+) score(2226.00) noncoding_equivalent(0.22) raw_noncoding(0.00) offset(0.00)
611934	613046	single+	1	3	{Augustus_gene570.t1;Augustus}

# EVM prediction: Mode:STANDARD S-ratio: 10000.00 615939-617726 orient(-) score(3576.00) noncoding_equivalent(0.36) raw_noncoding(0.00) offset(0.00)
617571	615939	terminal-	6	6	{Augustus_gene1126.t1;Augustus}
617673	617572	INTRON			{Augustus_gene1126.t1;Augustus}
617726	617674	initial-	4	5	{Augustus_gene1126.t1;Augustus}

# EVM prediction: Mode:STANDARD S-ratio: 10000.00 638337-638966 orient(-) score(1260.00) noncoding_equivalent(0.13) raw_noncoding(0.00) offset(0.00)
638966	638337	single-	4	6	{Augustus_gene479.t1;Augustus}

# EVM prediction: Mode:STANDARD S-ratio: 10000.00 641962-642642 orient(-) score(1362.00) noncoding_equivalent(0.14) raw_noncoding(0.00) offset(0.00)
642529	641962	terminal-	6	6	{Augustus_gene13.t1;Augustus}
642607	642530	INTRON			{Augustus_gene13.t1;Augustus}
642642	642608	initial-	4	5	{Augustus_gene13.t1;Augustus}

# EVM prediction: Mode:STANDARD S-ratio: 10000.00 653447-655201 orient(-) score(3510.00) noncoding_equivalent(0.35) raw_noncoding(0.00) offset(0.00)
655201	653447	single-	4	6	{Augustus_gene130.t1;Augustus}

# EVM prediction: Mode:STANDARD S-ratio: 10000.00 657572-658405 orient(-) score(1668.00) noncoding_equivalent(0.17) raw_noncoding(0.00) offset(0.00)
658405	657572	single-	4	6	{Augustus_gene220.t1;Augustus}

# EVM prediction: Mode:STANDARD S-ratio: 10000.00 660929-661792 orient(+) score(1728.00) noncoding_equivalent(0.17) raw_noncoding(0.00) offset(0.00)
660929	661792	single+	1	3	{Augustus_gene709.t1;Augustus}

# EVM prediction: Mode:STANDARD S-ratio: 10000.00 681644-683680 orient(+) score(4074.00) noncoding_equivalent(0.41) raw_noncoding(0.00) offset(0.00)
681644	683680	single+	1	3	{Augustus_gene320.t1;Augustus}

# EVM prediction: Mode:STANDARD S-ratio: 10000.00 685472-686344 orient(+) score(1746.00) noncoding_equivalent(0.17) raw_noncoding(0.00) offset(0.00)
685472	686344	single+	1	3	{Augustus_gene517.t1;Augustus}

# EVM prediction: Mode:STANDARD S-ratio: 10000.00 686628-688511 orient(+) score(3768.00) noncoding_equivalent(0.38) raw_noncoding(0.00) offset(0.00)
686628	688511	single+	1	3	{Augustus_gene277.t1;Augustus}

# EVM prediction: Mode:STANDARD S-ratio: 10000.00 691821-693260 orient(-) score(2880.00) noncoding_equivalent(0.29) raw_noncoding(0.00) offset(0.00)
693260	691821	single-	4	6	{Augustus_gene318.t1;Augustus}

# EVM prediction: Mode:STANDARD S-ratio: 10000.00 696019-696900 orient(-) score(1764.00) noncoding_equivalent(0.18) raw_noncoding(0.00) offset(0.00)
696900	696019	single-	4	6	{Augustus_gene638.t1;Augustus}

# EVM prediction: Mode:STANDARD S-ratio: 10000.00 697530-699398 orient(-) score(3738.00) noncoding_equivalent(0.37) raw_noncoding(0.00) offset(0.00)
699398	697530	single-	4	6	{Augustus_gene135.t1;Augustus}

# EVM prediction: Mode:STANDARD S-ratio: 10000.00 701716-705948 orient(+) score(8466.00) noncoding_equivalent(0.85) raw_noncoding(0.00) offset(0.00)
701716	705948	single+	1	3	{Augustus_gene459.t1;Augustus}

# EVM prediction: Mode:STANDARD S-ratio: 10000.00 740612-742033 orient(+) score(2844.00) noncoding_equivalent(0.28) raw_noncoding(0.00) offset(0.00)
740612	742033	single+	1	3	{Augustus_gene46.t1;Augustus}

# EVM prediction: Mode:STANDARD S-ratio: 10000.00 744891-746333 orient(-) score(2886.00) noncoding_equivalent(0.29) raw_noncoding(0.00) offset(0.00)
746333	744891	single-	4	6	{Augustus_gene457.t1;Augustus}

# EVM prediction: Mode:STANDARD S-ratio: 10000.00 746720-747754 orient(-) score(2070.00) noncoding_equivalent(0.21) raw_noncoding(0.00) offset(0.00)
747754	746720	single-	4	6	{Augustus_gene1064.t1;Augustus}

# EVM prediction: Mode:STANDARD S-ratio: 10000.00 752775-756314 orient(+) score(7080.00) noncoding_equivalent(0.71) raw_noncoding(0.00) offset(0.00)
752775	756314	single+	1	3	{Augustus_gene464.t1;Augustus}

# EVM prediction: Mode:STANDARD S-ratio: 10000.00 764257-766517 orient(+) score(4516.00) noncoding_equivalent(0.45) raw_noncoding(0.00) offset(0.00)
764257	764293	initial+	1	1	{Augustus_gene12.t1;Augustus}
764294	764693	INTRON			{Augustus_gene12.t1;Augustus}
764694	764704	internal+	2	3	{Augustus_gene12.t1;Augustus}
764705	764929	INTRON			{Augustus_gene12.t1;Augustus}
764930	764946	internal+	1	2	{Augustus_gene12.t1;Augustus}
764947	765280	INTRON			{Augustus_gene12.t1;Augustus}
765281	766517	terminal+	3	3	{Augustus_gene12.t1;Augustus}

# EVM prediction: Mode:STANDARD S-ratio: 10000.00 790364-793585 orient(-) score(6444.00) noncoding_equivalent(0.64) raw_noncoding(0.00) offset(0.00)
793585	790364	single-	4	6	{Augustus_gene245.t1;Augustus}

# EVM prediction: Mode:STANDARD S-ratio: 10000.00 797157-798089 orient(+) score(1866.00) noncoding_equivalent(0.19) raw_noncoding(0.00) offset(0.00)
797157	798089	single+	1	3	{Augustus_gene190.t1;Augustus}

# EVM prediction: Mode:STANDARD S-ratio: 10000.00 803002-803994 orient(-) score(1986.00) noncoding_equivalent(0.20) raw_noncoding(0.00) offset(0.00)
803994	803002	single-	4	6	{Augustus_gene315.t1;Augustus}

# EVM prediction: Mode:STANDARD S-ratio: 10000.00 827865-829746 orient(-) score(3764.00) noncoding_equivalent(0.38) raw_noncoding(0.00) offset(0.00)
827953	827865	terminal-	5	6	{Augustus_gene35.t1;Augustus}
828668	827954	INTRON			{Augustus_gene35.t1;Augustus}
829746	828669	initial-	4	4	{Augustus_gene35.t1;Augustus}

# EVM prediction: Mode:STANDARD S-ratio: 10000.00 846691-848745 orient(+) score(4110.00) noncoding_equivalent(0.41) raw_noncoding(0.00) offset(0.00)
846691	848745	single+	1	3	{Augustus_gene47.t1;Augustus}

# EVM prediction: Mode:STANDARD S-ratio: 10000.00 848808-850970 orient(-) score(4326.00) noncoding_equivalent(0.43) raw_noncoding(0.00) offset(0.00)
850970	848808	single-	4	6	{Augustus_gene997.t1;Augustus}

# EVM prediction: Mode:STANDARD S-ratio: 10000.00 857251-857895 orient(+) score(1290.00) noncoding_equivalent(0.13) raw_noncoding(0.00) offset(0.00)
857251	857895	single+	1	3	{Augustus_gene679.t1;Augustus}

# EVM prediction: Mode:STANDARD S-ratio: 10000.00 859621-860469 orient(-) score(1698.00) noncoding_equivalent(0.17) raw_noncoding(0.00) offset(0.00)
860469	859621	single-	4	6	{Augustus_gene399.t1;Augustus}

# EVM prediction: Mode:STANDARD S-ratio: 10000.00 864122-866671 orient(+) score(5100.00) noncoding_equivalent(0.51) raw_noncoding(0.00) offset(0.00)
864122	866671	single+	1	3	{Augustus_gene516.t1;Augustus}

# EVM prediction: Mode:STANDARD S-ratio: 10000.00 884550-885734 orient(-) score(2370.00) noncoding_equivalent(0.24) raw_noncoding(0.00) offset(0.00)
885734	884550	single-	4	6	{Augustus_gene406.t1;Augustus}

# EVM prediction: Mode:STANDARD S-ratio: 10000.00 905958-906416 orient(-) score(918.00) noncoding_equivalent(0.09) raw_noncoding(0.00) offset(0.00)
906416	905958	single-	4	6	{Augustus_gene314.t1;Augustus}

# EVM prediction: Mode:STANDARD S-ratio: 10000.00 908570-910795 orient(-) score(4452.00) noncoding_equivalent(0.45) raw_noncoding(0.00) offset(0.00)
910795	908570	single-	4	6	{Augustus_gene1060.t1;Augustus}

# EVM prediction: Mode:STANDARD S-ratio: 10000.00 914539-915072 orient(-) score(1068.00) noncoding_equivalent(0.11) raw_noncoding(0.00) offset(0.00)
915072	914539	single-	4	6	{Augustus_gene944.t1;Augustus}

# EVM prediction: Mode:STANDARD S-ratio: 10000.00 915265-916104 orient(-) score(1680.00) noncoding_equivalent(0.17) raw_noncoding(0.00) offset(0.00)
916104	915265	single-	4	6	{Augustus_gene634.t1;Augustus}

# EVM prediction: Mode:STANDARD S-ratio: 10000.00 934147-935706 orient(-) score(3120.00) noncoding_equivalent(0.31) raw_noncoding(0.00) offset(0.00)
935706	934147	single-	4	6	{Augustus_gene666.t1;Augustus}

# EVM prediction: Mode:STANDARD S-ratio: 10000.00 936078-938918 orient(-) score(5682.00) noncoding_equivalent(0.57) raw_noncoding(0.00) offset(0.00)
938918	936078	single-	4	6	{Augustus_gene1144.t1;Augustus}

# EVM prediction: Mode:STANDARD S-ratio: 10000.00 939165-939467 orient(+) score(606.00) noncoding_equivalent(0.06) raw_noncoding(0.00) offset(0.00)
939165	939467	single+	1	3	{Augustus_gene891.t1;Augustus}

# EVM prediction: Mode:STANDARD S-ratio: 10000.00 954196-957488 orient(-) score(6586.00) noncoding_equivalent(0.66) raw_noncoding(0.00) offset(0.00)
957429	954196	terminal-	4	6	{Augustus_gene598.t1;Augustus}
957479	957430	INTRON			{Augustus_gene598.t1;Augustus}
957488	957480	initial-	4	6	{Augustus_gene598.t1;Augustus}

# EVM prediction: Mode:STANDARD S-ratio: 10000.00 970917-972158 orient(+) score(2484.00) noncoding_equivalent(0.25) raw_noncoding(0.00) offset(0.00)
970917	972158	single+	1	3	{Augustus_gene1136.t1;Augustus}

# EVM prediction: Mode:STANDARD S-ratio: 10000.00 994790-997034 orient(-) score(4490.00) noncoding_equivalent(0.45) raw_noncoding(0.00) offset(0.00)
994797	994790	terminal-	5	6	{Augustus_gene599.t1;Augustus}
994849	994798	INTRON			{Augustus_gene599.t1;Augustus}
997034	994850	initial-	4	4	{Augustus_gene599.t1;Augustus}

# EVM prediction: Mode:STANDARD S-ratio: 10000.00 997297-997971 orient(+) score(1350.00) noncoding_equivalent(0.14) raw_noncoding(0.00) offset(0.00)
997297	997971	single+	1	3	{Augustus_gene667.t1;Augustus}

# EVM prediction: Mode:STANDARD S-ratio: 10000.00 1004469-1007279 orient(+) score(5622.00) noncoding_equivalent(0.56) raw_noncoding(0.00) offset(0.00)
1004469	1007279	single+	1	3	{Augustus_gene577.t1;Augustus}

# EVM prediction: Mode:STANDARD S-ratio: 10000.00 1015097-1015459 orient(-) score(726.00) noncoding_equivalent(0.07) raw_noncoding(0.00) offset(0.00)
1015389	1015097	terminal-	5	6	{Augustus_gene378.t1;Augustus}
1015449	1015390	INTRON			{Augustus_gene378.t1;Augustus}
1015459	1015450	initial-	4	4	{Augustus_gene378.t1;Augustus}

# EVM prediction: Mode:STANDARD S-ratio: 10000.00 1015786-1016976 orient(+) score(2382.00) noncoding_equivalent(0.24) raw_noncoding(0.00) offset(0.00)
1015786	1016976	single+	1	3	{Augustus_gene628.t1;Augustus}

# EVM prediction: Mode:STANDARD S-ratio: 10000.00 1036804-1040895 orient(+) score(8184.00) noncoding_equivalent(0.82) raw_noncoding(0.00) offset(0.00)
1036804	1038571	initial+	1	1	{Augustus_gene470.t1;Augustus}
1038572	1038613	INTRON			{Augustus_gene470.t1;Augustus}
1038614	1040895	terminal+	2	3	{Augustus_gene470.t1;Augustus}

# EVM prediction: Mode:STANDARD S-ratio: 10000.00 1051994-1053736 orient(-) score(3486.00) noncoding_equivalent(0.35) raw_noncoding(0.00) offset(0.00)
1053411	1051994	terminal-	5	6	{Augustus_gene972.t1;Augustus}
1053546	1053412	INTRON			{Augustus_gene972.t1;Augustus}
1053669	1053547	internal-	5	4	{Augustus_gene972.t1;Augustus}
1053732	1053670	INTRON			{Augustus_gene972.t1;Augustus}
1053736	1053733	initial-	4	4	{Augustus_gene972.t1;Augustus}

# EVM prediction: Mode:STANDARD S-ratio: 10000.00 1054104-1054799 orient(-) score(1392.00) noncoding_equivalent(0.14) raw_noncoding(0.00) offset(0.00)
1054595	1054104	terminal-	4	6	{Augustus_gene842.t1;Augustus}
1054679	1054596	INTRON			{Augustus_gene842.t1;Augustus}
1054799	1054680	initial-	4	6	{Augustus_gene842.t1;Augustus}

# EVM prediction: Mode:STANDARD S-ratio: 10000.00 1055313-1057673 orient(-) score(4722.00) noncoding_equivalent(0.47) raw_noncoding(0.00) offset(0.00)
1057673	1055313	single-	4	6	{Augustus_gene85.t1;Augustus}

# EVM prediction: Mode:STANDARD S-ratio: 10000.00 1070515-1071795 orient(+) score(2562.00) noncoding_equivalent(0.26) raw_noncoding(0.00) offset(0.00)
1070515	1071795	single+	1	3	{Augustus_gene475.t1;Augustus}

# EVM prediction: Mode:STANDARD S-ratio: 10000.00 1135748-1136341 orient(-) score(1188.00) noncoding_equivalent(0.12) raw_noncoding(0.00) offset(0.00)
1136341	1135748	single-	4	6	{Augustus_gene756.t1;Augustus}

# EVM prediction: Mode:STANDARD S-ratio: 10000.00 1143981-1148279 orient(+) score(8598.00) noncoding_equivalent(0.86) raw_noncoding(0.00) offset(0.00)
1143981	1148112	initial+	1	1	{Augustus_gene612.t1;Augustus}
1148113	1148265	INTRON			{Augustus_gene612.t1;Augustus}
1148266	1148279	terminal+	2	3	{Augustus_gene612.t1;Augustus}

# EVM prediction: Mode:STANDARD S-ratio: 10000.00 1149147-1150163 orient(+) score(2034.00) noncoding_equivalent(0.20) raw_noncoding(0.00) offset(0.00)
1149147	1150163	single+	1	3	{Augustus_gene805.t1;Augustus}

# EVM prediction: Mode:STANDARD S-ratio: 10000.00 1167003-1169932 orient(+) score(5860.00) noncoding_equivalent(0.59) raw_noncoding(0.00) offset(0.00)
1167003	1167045	initial+	1	1	{Augustus_gene347.t1;Augustus}
1167046	1167128	INTRON			{Augustus_gene347.t1;Augustus}
1167129	1167542	internal+	2	1	{Augustus_gene347.t1;Augustus}
1167543	1168844	INTRON			{Augustus_gene347.t1;Augustus}
1168845	1168857	internal+	2	2	{Augustus_gene347.t1;Augustus}
1168858	1169378	INTRON			{Augustus_gene347.t1;Augustus}
1169379	1169389	internal+	3	1	{Augustus_gene347.t1;Augustus}
1169390	1169441	INTRON			{Augustus_gene347.t1;Augustus}
1169442	1169456	internal+	2	1	{Augustus_gene347.t1;Augustus}
1169457	1169891	INTRON			{Augustus_gene347.t1;Augustus}
1169892	1169932	terminal+	2	3	{Augustus_gene347.t1;Augustus}

# EVM prediction: Mode:STANDARD S-ratio: 10000.00 1174224-1175690 orient(+) score(2934.00) noncoding_equivalent(0.29) raw_noncoding(0.00) offset(0.00)
1174224	1175690	single+	1	3	{Augustus_gene48.t1;Augustus}

# EVM prediction: Mode:STANDARD S-ratio: 10000.00 1183318-1187598 orient(-) score(8562.00) noncoding_equivalent(0.86) raw_noncoding(0.00) offset(0.00)
1187598	1183318	single-	4	6	{Augustus_gene897.t1;Augustus}

# EVM prediction: Mode:STANDARD S-ratio: 10000.00 1191581-1192072 orient(+) score(984.00) noncoding_equivalent(0.10) raw_noncoding(0.00) offset(0.00)
1191581	1191614	initial+	1	1	{Augustus_gene744.t1;Augustus}
1191615	1191698	INTRON			{Augustus_gene744.t1;Augustus}
1191699	1192072	terminal+	2	3	{Augustus_gene744.t1;Augustus}

# EVM prediction: Mode:STANDARD S-ratio: 10000.00 1195171-1196708 orient(+) score(3076.00) noncoding_equivalent(0.31) raw_noncoding(0.00) offset(0.00)
1195171	1195178	initial+	1	2	{Augustus_gene289.t1;Augustus}
1195179	1195766	INTRON			{Augustus_gene289.t1;Augustus}
1195767	1195857	internal+	3	3	{Augustus_gene289.t1;Augustus}
1195858	1196081	INTRON			{Augustus_gene289.t1;Augustus}
1196082	1196708	terminal+	1	3	{Augustus_gene289.t1;Augustus}

# EVM prediction: Mode:STANDARD S-ratio: 10000.00 1208498-1210440 orient(+) score(3886.00) noncoding_equivalent(0.39) raw_noncoding(0.00) offset(0.00)
1208498	1210164	initial+	1	2	{Augustus_gene535.t1;Augustus}
1210165	1210224	INTRON			{Augustus_gene535.t1;Augustus}
1210225	1210364	internal+	3	1	{Augustus_gene535.t1;Augustus}
1210365	1210414	INTRON			{Augustus_gene535.t1;Augustus}
1210415	1210440	terminal+	2	3	{Augustus_gene535.t1;Augustus}

# EVM prediction: Mode:STANDARD S-ratio: 10000.00 1211852-1212328 orient(+) score(954.00) noncoding_equivalent(0.10) raw_noncoding(0.00) offset(0.00)
1211852	1212328	single+	1	3	{Augustus_gene265.t1;Augustus}

# EVM prediction: Mode:STANDARD S-ratio: 10000.00 1212330-1213378 orient(-) score(2098.00) noncoding_equivalent(0.21) raw_noncoding(0.00) offset(0.00)
1212352	1212330	terminal-	5	6	{Augustus_gene904.t1;Augustus}
1212519	1212353	INTRON			{Augustus_gene904.t1;Augustus}
1213378	1212520	initial-	4	4	{Augustus_gene904.t1;Augustus}

# EVM prediction: Mode:STANDARD S-ratio: 10000.00 1231376-1232920 orient(+) score(3090.00) noncoding_equivalent(0.31) raw_noncoding(0.00) offset(0.00)
1231376	1232920	single+	1	3	{Augustus_gene1117.t1;Augustus}

# EVM prediction: Mode:STANDARD S-ratio: 10000.00 1265500-1267533 orient(+) score(4068.00) noncoding_equivalent(0.41) raw_noncoding(0.00) offset(0.00)
1265500	1266466	initial+	1	1	{Augustus_gene746.t1;Augustus}
1266467	1266634	INTRON			{Augustus_gene746.t1;Augustus}
1266635	1267533	terminal+	2	3	{Augustus_gene746.t1;Augustus}

# EVM prediction: Mode:STANDARD S-ratio: 10000.00 1272914-1273369 orient(+) score(912.00) noncoding_equivalent(0.09) raw_noncoding(0.00) offset(0.00)
1272914	1273369	single+	1	3	{Augustus_gene602.t1;Augustus}

# EVM prediction: Mode:STANDARD S-ratio: 10000.00 1278575-1280680 orient(-) score(4212.00) noncoding_equivalent(0.42) raw_noncoding(0.00) offset(0.00)
1280680	1278575	single-	4	6	{Augustus_gene838.t1;Augustus}

# EVM prediction: Mode:STANDARD S-ratio: 10000.00 1281140-1283711 orient(-) score(5144.00) noncoding_equivalent(0.51) raw_noncoding(0.00) offset(0.00)
1282769	1281140	terminal-	6	6	{Augustus_gene295.t1;Augustus}
1283015	1282770	INTRON			{Augustus_gene295.t1;Augustus}
1283079	1283016	internal-	5	5	{Augustus_gene295.t1;Augustus}
1283668	1283080	INTRON			{Augustus_gene295.t1;Augustus}
1283711	1283669	initial-	4	4	{Augustus_gene295.t1;Augustus}

# EVM prediction: Mode:STANDARD S-ratio: 10000.00 1300854-1302570 orient(-) score(3434.00) noncoding_equivalent(0.34) raw_noncoding(0.00) offset(0.00)
1300858	1300854	terminal-	5	6	{Augustus_gene199.t1;Augustus}
1301030	1300859	INTRON			{Augustus_gene199.t1;Augustus}
1301297	1301031	internal-	5	4	{Augustus_gene199.t1;Augustus}
1301363	1301298	INTRON			{Augustus_gene199.t1;Augustus}
1301516	1301364	internal-	5	4	{Augustus_gene199.t1;Augustus}
1301588	1301517	INTRON			{Augustus_gene199.t1;Augustus}
1302570	1301589	initial-	4	4	{Augustus_gene199.t1;Augustus}

# EVM prediction: Mode:STANDARD S-ratio: 10000.00 1359377-1362607 orient(-) score(6462.00) noncoding_equivalent(0.65) raw_noncoding(0.00) offset(0.00)
1359617	1359377	terminal-	6	6	{Augustus_gene390.t1;Augustus}
1361023	1359618	INTRON			{Augustus_gene390.t1;Augustus}
1361037	1361024	internal-	4	5	{Augustus_gene390.t1;Augustus}
1361185	1361038	INTRON			{Augustus_gene390.t1;Augustus}
1362156	1361186	internal-	5	6	{Augustus_gene390.t1;Augustus}
1362426	1362157	INTRON			{Augustus_gene390.t1;Augustus}
1362607	1362427	initial-	4	4	{Augustus_gene390.t1;Augustus}

# EVM prediction: Mode:STANDARD S-ratio: 10000.00 1398176-1404556 orient(+) score(12762.00) noncoding_equivalent(1.28) raw_noncoding(0.00) offset(0.00)
1398176	1398226	initial+	1	3	{Augustus_gene198.t1;Augustus}
1398227	1398311	INTRON			{Augustus_gene198.t1;Augustus}
1398312	1398328	internal+	1	2	{Augustus_gene198.t1;Augustus}
1398329	1398414	INTRON			{Augustus_gene198.t1;Augustus}
1398415	1404556	terminal+	3	3	{Augustus_gene198.t1;Augustus}

# EVM prediction: Mode:STANDARD S-ratio: 10000.00 1409768-1410970 orient(-) score(2406.00) noncoding_equivalent(0.24) raw_noncoding(0.00) offset(0.00)
1410970	1409768	single-	4	6	{Augustus_gene954.t1;Augustus}

# EVM prediction: Mode:STANDARD S-ratio: 10000.00 1421838-1422404 orient(+) score(1134.00) noncoding_equivalent(0.11) raw_noncoding(0.00) offset(0.00)
1421838	1422404	single+	1	3	{Augustus_gene238.t1;Augustus}

# EVM prediction: Mode:STANDARD S-ratio: 10000.00 1427895-1430957 orient(+) score(6126.00) noncoding_equivalent(0.61) raw_noncoding(0.00) offset(0.00)
1427895	1430957	single+	1	3	{Augustus_gene23.t1;Augustus}

# EVM prediction: Mode:STANDARD S-ratio: 10000.00 1441424-1442053 orient(-) score(1260.00) noncoding_equivalent(0.13) raw_noncoding(0.00) offset(0.00)
1442053	1441424	single-	4	6	{Augustus_gene859.t1;Augustus}

# EVM prediction: Mode:STANDARD S-ratio: 10000.00 1457212-1457505 orient(-) score(588.00) noncoding_equivalent(0.06) raw_noncoding(0.00) offset(0.00)
1457505	1457212	single-	4	6	{Augustus_gene437.t1;Augustus}

# EVM prediction: Mode:STANDARD S-ratio: 10000.00 1460321-1461322 orient(+) score(2004.00) noncoding_equivalent(0.20) raw_noncoding(0.00) offset(0.00)
1460321	1461322	single+	1	3	{Augustus_gene441.t1;Augustus}

# EVM prediction: Mode:STANDARD S-ratio: 10000.00 1475649-1479446 orient(+) score(7596.00) noncoding_equivalent(0.76) raw_noncoding(0.00) offset(0.00)
1475649	1479446	single+	1	3	{Augustus_gene1018.t1;Augustus}

# EVM prediction: Mode:STANDARD S-ratio: 10000.00 1484762-1485664 orient(+) score(1806.00) noncoding_equivalent(0.18) raw_noncoding(0.00) offset(0.00)
1484762	1485664	single+	1	3	{Augustus_gene355.t1;Augustus}

# EVM prediction: Mode:STANDARD S-ratio: 10000.00 1504795-1506954 orient(-) score(4320.00) noncoding_equivalent(0.43) raw_noncoding(0.00) offset(0.00)
1506954	1504795	single-	4	6	{Augustus_gene541.t1;Augustus}

# EVM prediction: Mode:STANDARD S-ratio: 10000.00 1518194-1521970 orient(+) score(7554.00) noncoding_equivalent(0.76) raw_noncoding(0.00) offset(0.00)
1518194	1520678	initial+	1	1	{Augustus_gene1157.t1;Augustus}
1520679	1520729	INTRON			{Augustus_gene1157.t1;Augustus}
1520730	1521970	terminal+	2	3	{Augustus_gene1157.t1;Augustus}

# EVM prediction: Mode:STANDARD S-ratio: 10000.00 1531432-1534566 orient(-) score(6270.00) noncoding_equivalent(0.63) raw_noncoding(0.00) offset(0.00)
1534566	1531432	single-	4	6	{Augustus_gene804.t1;Augustus}

# EVM prediction: Mode:STANDARD S-ratio: 10000.00 1553508-1554062 orient(+) score(1110.00) noncoding_equivalent(0.11) raw_noncoding(0.00) offset(0.00)
1553508	1554062	single+	1	3	{Augustus_gene559.t1;Augustus}

# EVM prediction: Mode:STANDARD S-ratio: 10000.00 1554222-1555904 orient(-) score(3366.00) noncoding_equivalent(0.34) raw_noncoding(0.00) offset(0.00)
1555904	1554222	single-	4	6	{Augustus_gene449.t1;Augustus}

# EVM prediction: Mode:STANDARD S-ratio: 10000.00 1556089-1557885 orient(-) score(3594.00) noncoding_equivalent(0.36) raw_noncoding(0.00) offset(0.00)
1557885	1556089	single-	4	6	{Augustus_gene326.t1;Augustus}

# EVM prediction: Mode:STANDARD S-ratio: 10000.00 1558265-1560640 orient(+) score(4752.00) noncoding_equivalent(0.48) raw_noncoding(0.00) offset(0.00)
1558265	1560640	single+	1	3	{Augustus_gene520.t1;Augustus}

# EVM prediction: Mode:STANDARD S-ratio: 10000.00 1582624-1589840 orient(+) score(14434.00) noncoding_equivalent(1.44) raw_noncoding(0.00) offset(0.00)
1582624	1582657	initial+	1	1	{Augustus_gene363.t1;Augustus}
1582658	1582903	INTRON			{Augustus_gene363.t1;Augustus}
1582904	1583146	internal+	2	1	{Augustus_gene363.t1;Augustus}
1583147	1583194	INTRON			{Augustus_gene363.t1;Augustus}
1583195	1583234	internal+	2	2	{Augustus_gene363.t1;Augustus}
1583235	1584195	INTRON			{Augustus_gene363.t1;Augustus}
1584196	1584281	internal+	3	1	{Augustus_gene363.t1;Augustus}
1584282	1586103	INTRON			{Augustus_gene363.t1;Augustus}
1586104	1587657	internal+	2	1	{Augustus_gene363.t1;Augustus}
1587658	1588395	INTRON			{Augustus_gene363.t1;Augustus}
1588396	1588731	internal+	2	1	{Augustus_gene363.t1;Augustus}
1588732	1588785	INTRON			{Augustus_gene363.t1;Augustus}
1588786	1589840	terminal+	2	3	{Augustus_gene363.t1;Augustus}

# EVM prediction: Mode:STANDARD S-ratio: 10000.00 1604432-1604926 orient(-) score(990.00) noncoding_equivalent(0.10) raw_noncoding(0.00) offset(0.00)
1604926	1604432	single-	4	6	{Augustus_gene768.t1;Augustus}

# EVM prediction: Mode:STANDARD S-ratio: 10000.00 1614350-1619065 orient(-) score(9432.00) noncoding_equivalent(0.94) raw_noncoding(0.00) offset(0.00)
1614381	1614350	terminal-	5	6	{Augustus_gene324.t1;Augustus}
1614445	1614382	INTRON			{Augustus_gene324.t1;Augustus}
1614461	1614446	internal-	4	4	{Augustus_gene324.t1;Augustus}
1614819	1614462	INTRON			{Augustus_gene324.t1;Augustus}
1614838	1614820	internal-	6	6	{Augustus_gene324.t1;Augustus}
1615098	1614839	INTRON			{Augustus_gene324.t1;Augustus}
1615140	1615099	internal-	6	5	{Augustus_gene324.t1;Augustus}
1615702	1615141	INTRON			{Augustus_gene324.t1;Augustus}
1615730	1615703	internal-	5	5	{Augustus_gene324.t1;Augustus}
1615991	1615731	INTRON			{Augustus_gene324.t1;Augustus}
1616059	1615992	internal-	6	4	{Augustus_gene324.t1;Augustus}
1616275	1616060	INTRON			{Augustus_gene324.t1;Augustus}
1616357	1616276	internal-	5	5	{Augustus_gene324.t1;Augustus}
1616504	1616358	INTRON			{Augustus_gene324.t1;Augustus}
1616560	1616505	internal-	6	4	{Augustus_gene324.t1;Augustus}
1616636	1616561	INTRON			{Augustus_gene324.t1;Augustus}
1616696	1616637	internal-	6	5	{Augustus_gene324.t1;Augustus}
1617440	1616697	INTRON			{Augustus_gene324.t1;Augustus}
1617508	1617441	internal-	4	5	{Augustus_gene324.t1;Augustus}
1617601	1617509	INTRON			{Augustus_gene324.t1;Augustus}
1617663	1617602	internal-	5	6	{Augustus_gene324.t1;Augustus}
1617771	1617664	INTRON			{Augustus_gene324.t1;Augustus}
1619065	1617772	initial-	4	4	{Augustus_gene324.t1;Augustus}

# EVM prediction: Mode:STANDARD S-ratio: 10000.00 1619972-1623418 orient(-) score(6894.00) noncoding_equivalent(0.69) raw_noncoding(0.00) offset(0.00)
1619989	1619972	terminal-	4	6	{Augustus_gene336.t1;Augustus}
1621444	1619990	INTRON			{Augustus_gene336.t1;Augustus}
1623418	1621445	initial-	4	6	{Augustus_gene336.t1;Augustus}

# EVM prediction: Mode:STANDARD S-ratio: 10000.00 1625237-1626007 orient(+) score(1542.00) noncoding_equivalent(0.15) raw_noncoding(0.00) offset(0.00)
1625237	1626007	single+	1	3	{Augustus_gene81.t1;Augustus}

# EVM prediction: Mode:STANDARD S-ratio: 10000.00 1660186-1665874 orient(+) score(11372.00) noncoding_equivalent(1.14) raw_noncoding(0.00) offset(0.00)
1660186	1661041	initial+	1	1	{Augustus_gene1038.t1;Augustus}
1661042	1661095	INTRON			{Augustus_gene1038.t1;Augustus}
1661096	1662399	internal+	2	3	{Augustus_gene1038.t1;Augustus}
1662400	1663173	INTRON			{Augustus_gene1038.t1;Augustus}
1663174	1663209	internal+	1	3	{Augustus_gene1038.t1;Augustus}
1663210	1663652	INTRON			{Augustus_gene1038.t1;Augustus}
1663653	1663662	internal+	1	1	{Augustus_gene1038.t1;Augustus}
1663663	1664498	INTRON			{Augustus_gene1038.t1;Augustus}
1664499	1664564	internal+	2	1	{Augustus_gene1038.t1;Augustus}
1664565	1664783	INTRON			{Augustus_gene1038.t1;Augustus}
1664784	1665874	terminal+	2	3	{Augustus_gene1038.t1;Augustus}

# EVM prediction: Mode:STANDARD S-ratio: 10000.00 1668397-1669215 orient(+) score(1638.00) noncoding_equivalent(0.16) raw_noncoding(0.00) offset(0.00)
1668397	1669215	single+	1	3	{Augustus_gene482.t1;Augustus}

# EVM prediction: Mode:STANDARD S-ratio: 10000.00 1699242-1700171 orient(-) score(1860.00) noncoding_equivalent(0.19) raw_noncoding(0.00) offset(0.00)
1700171	1699242	single-	4	6	{Augustus_gene735.t1;Augustus}

# EVM prediction: Mode:STANDARD S-ratio: 10000.00 1708672-1709872 orient(-) score(2402.00) noncoding_equivalent(0.24) raw_noncoding(0.00) offset(0.00)
1708685	1708672	terminal-	5	6	{Augustus_gene678.t1;Augustus}
1708749	1708686	INTRON			{Augustus_gene678.t1;Augustus}
1709607	1708750	internal-	5	4	{Augustus_gene678.t1;Augustus}
1709841	1709608	INTRON			{Augustus_gene678.t1;Augustus}
1709872	1709842	initial-	4	4	{Augustus_gene678.t1;Augustus}

# EVM prediction: Mode:STANDARD S-ratio: 10000.00 1723764-1724806 orient(-) score(2086.00) noncoding_equivalent(0.21) raw_noncoding(0.00) offset(0.00)
1724739	1723764	terminal-	6	6	{Augustus_gene338.t1;Augustus}
1724795	1724740	INTRON			{Augustus_gene338.t1;Augustus}
1724806	1724796	initial-	4	5	{Augustus_gene338.t1;Augustus}

# EVM prediction: Mode:STANDARD S-ratio: 10000.00 1731592-1735263 orient(-) score(7344.00) noncoding_equivalent(0.73) raw_noncoding(0.00) offset(0.00)
1735263	1731592	single-	4	6	{Augustus_gene811.t1;Augustus}

# EVM prediction: Mode:STANDARD S-ratio: 10000.00 1750206-1750925 orient(+) score(1440.00) noncoding_equivalent(0.14) raw_noncoding(0.00) offset(0.00)
1750206	1750925	single+	1	3	{Augustus_gene526.t1;Augustus}

# EVM prediction: Mode:STANDARD S-ratio: 10000.00 1763704-1766757 orient(-) score(6108.00) noncoding_equivalent(0.61) raw_noncoding(0.00) offset(0.00)
1766757	1763704	single-	4	6	{Augustus_gene122.t1;Augustus}

# EVM prediction: Mode:STANDARD S-ratio: 10000.00 1772645-1774756 orient(+) score(4224.00) noncoding_equivalent(0.42) raw_noncoding(0.00) offset(0.00)
1772645	1774756	single+	1	3	{Augustus_gene549.t1;Augustus}

# EVM prediction: Mode:STANDARD S-ratio: 10000.00 1794134-1795096 orient(+) score(1926.00) noncoding_equivalent(0.19) raw_noncoding(0.00) offset(0.00)
1794134	1795096	single+	1	3	{Augustus_gene962.t1;Augustus}

# EVM prediction: Mode:STANDARD S-ratio: 10000.00 1802145-1803992 orient(+) score(3696.00) noncoding_equivalent(0.37) raw_noncoding(0.00) offset(0.00)
1802145	1803992	single+	1	3	{Augustus_gene542.t1;Augustus}

# EVM prediction: Mode:STANDARD S-ratio: 10000.00 1808933-1809601 orient(-) score(1338.00) noncoding_equivalent(0.13) raw_noncoding(0.00) offset(0.00)
1809374	1808933	terminal-	6	6	{Augustus_gene571.t1;Augustus}
1809536	1809375	INTRON			{Augustus_gene571.t1;Augustus}
1809601	1809537	initial-	4	5	{Augustus_gene571.t1;Augustus}

# EVM prediction: Mode:STANDARD S-ratio: 10000.00 1816300-1819245 orient(-) score(5892.00) noncoding_equivalent(0.59) raw_noncoding(0.00) offset(0.00)
1819245	1816300	single-	4	6	{Augustus_gene375.t1;Augustus}

# EVM prediction: Mode:STANDARD S-ratio: 10000.00 1844112-1845632 orient(-) score(3042.00) noncoding_equivalent(0.30) raw_noncoding(0.00) offset(0.00)
1845632	1844112	single-	4	6	{Augustus_gene573.t1;Augustus}

# EVM prediction: Mode:STANDARD S-ratio: 10000.00 1846393-1849392 orient(-) score(6000.00) noncoding_equivalent(0.60) raw_noncoding(0.00) offset(0.00)
1849392	1846393	single-	4	6	{Augustus_gene519.t1;Augustus}

# EVM prediction: Mode:STANDARD S-ratio: 10000.00 1851770-1854430 orient(+) score(5322.00) noncoding_equivalent(0.53) raw_noncoding(0.00) offset(0.00)
1851770	1854430	single+	1	3	{Augustus_gene194.t1;Augustus}

# EVM prediction: Mode:STANDARD S-ratio: 10000.00 1854820-1855782 orient(+) score(1926.00) noncoding_equivalent(0.19) raw_noncoding(0.00) offset(0.00)
1854820	1855782	single+	1	3	{Augustus_gene971.t1;Augustus}

# EVM prediction: Mode:STANDARD S-ratio: 10000.00 1861721-1862316 orient(-) score(1192.00) noncoding_equivalent(0.12) raw_noncoding(0.00) offset(0.00)
1862226	1861721	terminal-	5	6	{Augustus_gene387.t1;Augustus}
1862294	1862227	INTRON			{Augustus_gene387.t1;Augustus}
1862316	1862295	initial-	4	4	{Augustus_gene387.t1;Augustus}

# EVM prediction: Mode:STANDARD S-ratio: 10000.00 1866411-1867046 orient(+) score(1272.00) noncoding_equivalent(0.13) raw_noncoding(0.00) offset(0.00)
1866411	1867046	single+	1	3	{Augustus_gene59.t1;Augustus}

# EVM prediction: Mode:STANDARD S-ratio: 10000.00 1880547-1882037 orient(-) score(2982.00) noncoding_equivalent(0.30) raw_noncoding(0.00) offset(0.00)
1882037	1880547	single-	4	6	{Augustus_gene908.t1;Augustus}

# EVM prediction: Mode:STANDARD S-ratio: 10000.00 1882757-1884955 orient(-) score(4398.00) noncoding_equivalent(0.44) raw_noncoding(0.00) offset(0.00)
1884955	1882757	single-	4	6	{Augustus_gene909.t1;Augustus}

# EVM prediction: Mode:STANDARD S-ratio: 10000.00 1891687-1892457 orient(-) score(1542.00) noncoding_equivalent(0.15) raw_noncoding(0.00) offset(0.00)
1892457	1891687	single-	4	6	{Augustus_gene965.t1;Augustus}

# EVM prediction: Mode:STANDARD S-ratio: 10000.00 1895260-1895835 orient(-) score(1152.00) noncoding_equivalent(0.12) raw_noncoding(0.00) offset(0.00)
1895835	1895260	single-	4	6	{Augustus_gene928.t1;Augustus}

# EVM prediction: Mode:STANDARD S-ratio: 10000.00 1926255-1928510 orient(-) score(4512.00) noncoding_equivalent(0.45) raw_noncoding(0.00) offset(0.00)
1926277	1926255	internal-	6	4	{Augustus_gene455.t1;Augustus}
1926468	1926278	INTRON			{Augustus_gene455.t1;Augustus}
1928510	1926469	initial-	4	5	{Augustus_gene455.t1;Augustus}

# EVM prediction: Mode:STANDARD S-ratio: 10000.00 1931304-1932899 orient(+) score(3192.00) noncoding_equivalent(0.32) raw_noncoding(0.00) offset(0.00)
1931304	1932899	single+	1	3	{Augustus_gene792.t1;Augustus}

# EVM prediction: Mode:STANDARD S-ratio: 10000.00 1938480-1939367 orient(+) score(1776.00) noncoding_equivalent(0.18) raw_noncoding(0.00) offset(0.00)
1938480	1938636	initial+	1	1	{Augustus_gene515.t1;Augustus}
1938637	1938735	INTRON			{Augustus_gene515.t1;Augustus}
1938736	1939367	terminal+	2	3	{Augustus_gene515.t1;Augustus}

# EVM prediction: Mode:STANDARD S-ratio: 10000.00 1956445-1959255 orient(-) score(5622.00) noncoding_equivalent(0.56) raw_noncoding(0.00) offset(0.00)
1958948	1956445	terminal-	5	6	{Augustus_gene590.t1;Augustus}
1958993	1958949	INTRON			{Augustus_gene590.t1;Augustus}
1959255	1958994	initial-	4	4	{Augustus_gene590.t1;Augustus}

# EVM prediction: Mode:STANDARD S-ratio: 10000.00 1962465-1964288 orient(+) score(3648.00) noncoding_equivalent(0.36) raw_noncoding(0.00) offset(0.00)
1962465	1964288	single+	1	3	{Augustus_gene833.t1;Augustus}

# EVM prediction: Mode:STANDARD S-ratio: 10000.00 2034691-2035818 orient(-) score(2256.00) noncoding_equivalent(0.23) raw_noncoding(0.00) offset(0.00)
2035818	2034691	single-	4	6	{Augustus_gene1098.t1;Augustus}

# EVM prediction: Mode:STANDARD S-ratio: 10000.00 2065803-2070201 orient(+) score(8798.00) noncoding_equivalent(0.88) raw_noncoding(0.00) offset(0.00)
2065803	2067056	initial+	1	3	{Augustus_gene770.t1;Augustus}
2067057	2067536	INTRON			{Augustus_gene770.t1;Augustus}
2067537	2067591	internal+	1	1	{Augustus_gene770.t1;Augustus}
2067592	2067706	INTRON			{Augustus_gene770.t1;Augustus}
2067707	2067733	internal+	2	1	{Augustus_gene770.t1;Augustus}
2067734	2067786	INTRON			{Augustus_gene770.t1;Augustus}
2067787	2067830	internal+	2	3	{Augustus_gene770.t1;Augustus}
2067831	2068002	INTRON			{Augustus_gene770.t1;Augustus}
2068003	2068011	internal+	1	3	{Augustus_gene770.t1;Augustus}
2068012	2068261	INTRON			{Augustus_gene770.t1;Augustus}
2068262	2068310	internal+	1	1	{Augustus_gene770.t1;Augustus}
2068311	2068675	INTRON			{Augustus_gene770.t1;Augustus}
2068676	2068867	internal+	2	1	{Augustus_gene770.t1;Augustus}
2068868	2068918	INTRON			{Augustus_gene770.t1;Augustus}
2068919	2068956	internal+	2	3	{Augustus_gene770.t1;Augustus}
2068957	2069385	INTRON			{Augustus_gene770.t1;Augustus}
2069386	2069401	internal+	1	1	{Augustus_gene770.t1;Augustus}
2069402	2069977	INTRON			{Augustus_gene770.t1;Augustus}
2069978	2070201	terminal+	2	3	{Augustus_gene770.t1;Augustus}

# EVM prediction: Mode:STANDARD S-ratio: 10000.00 2070453-2071802 orient(+) score(2700.00) noncoding_equivalent(0.27) raw_noncoding(0.00) offset(0.00)
2070453	2071802	single+	1	3	{Augustus_gene1046.t1;Augustus}

# EVM prediction: Mode:STANDARD S-ratio: 10000.00 2096586-2097506 orient(+) score(1842.00) noncoding_equivalent(0.18) raw_noncoding(0.00) offset(0.00)
2096586	2097506	single+	1	3	{Augustus_gene26.t1;Augustus}

# EVM prediction: Mode:STANDARD S-ratio: 10000.00 2107222-2108577 orient(+) score(2712.00) noncoding_equivalent(0.27) raw_noncoding(0.00) offset(0.00)
2107222	2108577	single+	1	3	{Augustus_gene998.t1;Augustus}

# EVM prediction: Mode:STANDARD S-ratio: 10000.00 2126282-2128567 orient(+) score(4572.00) noncoding_equivalent(0.46) raw_noncoding(0.00) offset(0.00)
2126282	2128567	single+	1	3	{Augustus_gene1154.t1;Augustus}

# EVM prediction: Mode:STANDARD S-ratio: 10000.00 2134881-2136446 orient(-) score(3132.00) noncoding_equivalent(0.31) raw_noncoding(0.00) offset(0.00)
2136446	2134881	single-	4	6	{Augustus_gene505.t1;Augustus}

# EVM prediction: Mode:STANDARD S-ratio: 10000.00 2136910-2140094 orient(+) score(6370.00) noncoding_equivalent(0.64) raw_noncoding(0.00) offset(0.00)
2136910	2136922	initial+	1	1	{Augustus_gene651.t1;Augustus}
2136923	2137132	INTRON			{Augustus_gene651.t1;Augustus}
2137133	2137151	internal+	2	2	{Augustus_gene651.t1;Augustus}
2137152	2138146	INTRON			{Augustus_gene651.t1;Augustus}
2138147	2138161	internal+	3	2	{Augustus_gene651.t1;Augustus}
2138162	2138421	INTRON			{Augustus_gene651.t1;Augustus}
2138422	2138519	internal+	3	1	{Augustus_gene651.t1;Augustus}
2138520	2138582	INTRON			{Augustus_gene651.t1;Augustus}
2138583	2138756	internal+	2	1	{Augustus_gene651.t1;Augustus}
2138757	2139009	INTRON			{Augustus_gene651.t1;Augustus}
2139010	2139138	internal+	2	1	{Augustus_gene651.t1;Augustus}
2139139	2139730	INTRON			{Augustus_gene651.t1;Augustus}
2139731	2140021	internal+	2	1	{Augustus_gene651.t1;Augustus}
2140022	2140086	INTRON			{Augustus_gene651.t1;Augustus}
2140087	2140094	terminal+	2	3	{Augustus_gene651.t1;Augustus}

# EVM prediction: Mode:STANDARD S-ratio: 10000.00 2140691-2141770 orient(-) score(2160.00) noncoding_equivalent(0.22) raw_noncoding(0.00) offset(0.00)
2141770	2140691	single-	4	6	{Augustus_gene936.t1;Augustus}

# EVM prediction: Mode:STANDARD S-ratio: 10000.00 2149689-2153891 orient(+) score(8406.00) noncoding_equivalent(0.84) raw_noncoding(0.00) offset(0.00)
2149689	2153891	single+	1	3	{Augustus_gene555.t1;Augustus}

# EVM prediction: Mode:STANDARD S-ratio: 10000.00 2155954-2157804 orient(-) score(3702.00) noncoding_equivalent(0.37) raw_noncoding(0.00) offset(0.00)
2157804	2155954	single-	4	6	{Augustus_gene1141.t1;Augustus}

# EVM prediction: Mode:STANDARD S-ratio: 10000.00 2169696-2172581 orient(+) score(5772.00) noncoding_equivalent(0.58) raw_noncoding(0.00) offset(0.00)
2169696	2172581	single+	1	3	{Augustus_gene807.t1;Augustus}

# EVM prediction: Mode:STANDARD S-ratio: 10000.00 2178865-2179779 orient(-) score(1830.00) noncoding_equivalent(0.18) raw_noncoding(0.00) offset(0.00)
2179779	2178865	single-	4	6	{Augustus_gene1001.t1;Augustus}

# EVM prediction: Mode:STANDARD S-ratio: 10000.00 2189027-2191411 orient(-) score(4770.00) noncoding_equivalent(0.48) raw_noncoding(0.00) offset(0.00)
2191411	2189027	single-	4	6	{Augustus_gene743.t1;Augustus}

# EVM prediction: Mode:STANDARD S-ratio: 10000.00 2197093-2198682 orient(+) score(3180.00) noncoding_equivalent(0.32) raw_noncoding(0.00) offset(0.00)
2197093	2198682	single+	1	3	{Augustus_gene772.t1;Augustus}

# EVM prediction: Mode:STANDARD S-ratio: 10000.00 2199783-2201525 orient(+) score(3486.00) noncoding_equivalent(0.35) raw_noncoding(0.00) offset(0.00)
2199783	2201525	single+	1	3	{Augustus_gene215.t1;Augustus}

# EVM prediction: Mode:STANDARD S-ratio: 10000.00 2212261-2212744 orient(-) score(968.00) noncoding_equivalent(0.10) raw_noncoding(0.00) offset(0.00)
2212628	2212261	terminal-	5	6	{Augustus_gene994.t1;Augustus}
2212737	2212629	INTRON			{Augustus_gene994.t1;Augustus}
2212744	2212738	initial-	4	4	{Augustus_gene994.t1;Augustus}

# EVM prediction: Mode:STANDARD S-ratio: 10000.00 2216358-2217212 orient(-) score(1710.00) noncoding_equivalent(0.17) raw_noncoding(0.00) offset(0.00)
2217212	2216358	single-	4	6	{Augustus_gene105.t1;Augustus}

# EVM prediction: Mode:STANDARD S-ratio: 10000.00 2283308-2284648 orient(-) score(2682.00) noncoding_equivalent(0.27) raw_noncoding(0.00) offset(0.00)
2284298	2283308	terminal-	6	6	{Augustus_gene597.t1;Augustus}
2284343	2284299	INTRON			{Augustus_gene597.t1;Augustus}
2284648	2284344	initial-	4	5	{Augustus_gene597.t1;Augustus}

# EVM prediction: Mode:STANDARD S-ratio: 10000.00 2299892-2300570 orient(-) score(1358.00) noncoding_equivalent(0.14) raw_noncoding(0.00) offset(0.00)
2300208	2299892	terminal-	5	6	{Augustus_gene975.t1;Augustus}
2300566	2300209	INTRON			{Augustus_gene975.t1;Augustus}
2300570	2300567	initial-	4	4	{Augustus_gene975.t1;Augustus}

# EVM prediction: Mode:STANDARD S-ratio: 10000.00 2316584-2317816 orient(+) score(2466.00) noncoding_equivalent(0.25) raw_noncoding(0.00) offset(0.00)
2316584	2317816	single+	1	3	{Augustus_gene291.t1;Augustus}

# EVM prediction: Mode:STANDARD S-ratio: 10000.00 2318202-2319212 orient(+) score(2022.00) noncoding_equivalent(0.20) raw_noncoding(0.00) offset(0.00)
2318202	2319212	single+	1	3	{Augustus_gene407.t1;Augustus}

# EVM prediction: Mode:STANDARD S-ratio: 10000.00 2352465-2353904 orient(+) score(2880.00) noncoding_equivalent(0.29) raw_noncoding(0.00) offset(0.00)
2352465	2353904	single+	1	3	{Augustus_gene589.t1;Augustus}

# EVM prediction: Mode:STANDARD S-ratio: 10000.00 2364210-2369207 orient(-) score(9996.00) noncoding_equivalent(1.00) raw_noncoding(0.00) offset(0.00)
2369207	2364210	single-	4	6	{Augustus_gene397.t1;Augustus}

# EVM prediction: Mode:STANDARD S-ratio: 10000.00 2381446-2383287 orient(+) score(3684.00) noncoding_equivalent(0.37) raw_noncoding(0.00) offset(0.00)
2381446	2383287	single+	1	3	{Augustus_gene419.t1;Augustus}

# EVM prediction: Mode:STANDARD S-ratio: 10000.00 2389133-2389591 orient(-) score(918.00) noncoding_equivalent(0.09) raw_noncoding(0.00) offset(0.00)
2389591	2389133	single-	4	6	{Augustus_gene56.t1;Augustus}

# EVM prediction: Mode:STANDARD S-ratio: 10000.00 2419611-2421629 orient(+) score(4038.00) noncoding_equivalent(0.40) raw_noncoding(0.00) offset(0.00)
2419611	2421629	single+	1	3	{Augustus_gene893.t1;Augustus}

# EVM prediction: Mode:STANDARD S-ratio: 10000.00 2438378-2440174 orient(+) score(3594.00) noncoding_equivalent(0.36) raw_noncoding(0.00) offset(0.00)
2438378	2440174	single+	1	3	{Augustus_gene940.t1;Augustus}

# EVM prediction: Mode:STANDARD S-ratio: 10000.00 2443283-2444914 orient(-) score(3264.00) noncoding_equivalent(0.33) raw_noncoding(0.00) offset(0.00)
2444914	2443283	single-	4	6	{Augustus_gene740.t1;Augustus}

# EVM prediction: Mode:STANDARD S-ratio: 10000.00 2445876-2446473 orient(-) score(1196.00) noncoding_equivalent(0.12) raw_noncoding(0.00) offset(0.00)
2445881	2445876	terminal-	4	6	{Augustus_gene330.t1;Augustus}
2446024	2445882	INTRON			{Augustus_gene330.t1;Augustus}
2446047	2446025	internal-	5	6	{Augustus_gene330.t1;Augustus}
2446103	2446048	INTRON			{Augustus_gene330.t1;Augustus}
2446473	2446104	initial-	4	4	{Augustus_gene330.t1;Augustus}

# EVM prediction: Mode:STANDARD S-ratio: 10000.00 2452098-2452403 orient(-) score(612.00) noncoding_equivalent(0.06) raw_noncoding(0.00) offset(0.00)
2452403	2452098	single-	4	6	{Augustus_gene300.t1;Augustus}

# EVM prediction: Mode:STANDARD S-ratio: 10000.00 2468077-2469303 orient(-) score(2454.00) noncoding_equivalent(0.25) raw_noncoding(0.00) offset(0.00)
2469303	2468077	single-	4	6	{Augustus_gene54.t1;Augustus}

# EVM prediction: Mode:STANDARD S-ratio: 10000.00 2472572-2478383 orient(+) score(11624.00) noncoding_equivalent(1.16) raw_noncoding(0.00) offset(0.00)
2472572	2472895	initial+	1	3	{Augustus_gene65.t1;Augustus}
2472896	2473754	INTRON			{Augustus_gene65.t1;Augustus}
2473755	2473776	internal+	1	1	{Augustus_gene65.t1;Augustus}
2473777	2475758	INTRON			{Augustus_gene65.t1;Augustus}
2475759	2475875	internal+	2	1	{Augustus_gene65.t1;Augustus}
2475876	2475954	INTRON			{Augustus_gene65.t1;Augustus}
2475955	2476003	internal+	2	2	{Augustus_gene65.t1;Augustus}
2476004	2476095	INTRON			{Augustus_gene65.t1;Augustus}
2476096	2476124	internal+	3	1	{Augustus_gene65.t1;Augustus}
2476125	2476172	INTRON			{Augustus_gene65.t1;Augustus}
2476173	2476185	internal+	2	2	{Augustus_gene65.t1;Augustus}
2476186	2476258	INTRON			{Augustus_gene65.t1;Augustus}
2476259	2476269	internal+	3	1	{Augustus_gene65.t1;Augustus}
2476270	2476408	INTRON			{Augustus_gene65.t1;Augustus}
2476409	2476421	internal+	2	2	{Augustus_gene65.t1;Augustus}
2476422	2476577	INTRON			{Augustus_gene65.t1;Augustus}
2476578	2476592	internal+	3	2	{Augustus_gene65.t1;Augustus}
2476593	2477173	INTRON			{Augustus_gene65.t1;Augustus}
2477174	2477184	internal+	3	1	{Augustus_gene65.t1;Augustus}
2477185	2477241	INTRON			{Augustus_gene65.t1;Augustus}
2477242	2477287	internal+	2	2	{Augustus_gene65.t1;Augustus}
2477288	2477393	INTRON			{Augustus_gene65.t1;Augustus}
2477394	2477429	internal+	3	2	{Augustus_gene65.t1;Augustus}
2477430	2477806	INTRON			{Augustus_gene65.t1;Augustus}
2477807	2477820	internal+	3	1	{Augustus_gene65.t1;Augustus}
2477821	2478160	INTRON			{Augustus_gene65.t1;Augustus}
2478161	2478173	internal+	2	2	{Augustus_gene65.t1;Augustus}
2478174	2478322	INTRON			{Augustus_gene65.t1;Augustus}
2478323	2478383	terminal+	3	3	{Augustus_gene65.t1;Augustus}

# EVM prediction: Mode:STANDARD S-ratio: 10000.00 2495591-2496394 orient(+) score(1608.00) noncoding_equivalent(0.16) raw_noncoding(0.00) offset(0.00)
2495591	2496394	single+	1	3	{Augustus_gene1091.t1;Augustus}

# EVM prediction: Mode:STANDARD S-ratio: 10000.00 2504035-2505111 orient(+) score(2154.00) noncoding_equivalent(0.22) raw_noncoding(0.00) offset(0.00)
2504035	2505111	single+	1	3	{Augustus_gene492.t1;Augustus}

# EVM prediction: Mode:STANDARD S-ratio: 10000.00 2513459-2514616 orient(-) score(2316.00) noncoding_equivalent(0.23) raw_noncoding(0.00) offset(0.00)
2514616	2513459	single-	4	6	{Augustus_gene912.t1;Augustus}

# EVM prediction: Mode:STANDARD S-ratio: 10000.00 2528376-2529182 orient(-) score(1614.00) noncoding_equivalent(0.16) raw_noncoding(0.00) offset(0.00)
2529182	2528376	single-	4	6	{Augustus_gene825.t1;Augustus}

# EVM prediction: Mode:STANDARD S-ratio: 10000.00 2554159-2554632 orient(+) score(948.00) noncoding_equivalent(0.09) raw_noncoding(0.00) offset(0.00)
2554159	2554632	single+	1	3	{Augustus_gene1021.t1;Augustus}

# EVM prediction: Mode:STANDARD S-ratio: 10000.00 2584053-2584727 orient(+) score(1350.00) noncoding_equivalent(0.14) raw_noncoding(0.00) offset(0.00)
2584053	2584727	single+	1	3	{Augustus_gene1088.t1;Augustus}

# EVM prediction: Mode:STANDARD S-ratio: 10000.00 2585501-2587973 orient(+) score(4946.00) noncoding_equivalent(0.49) raw_noncoding(0.00) offset(0.00)
2585501	2587907	initial+	1	1	{Augustus_gene268.t1;Augustus}
2587908	2587965	INTRON			{Augustus_gene268.t1;Augustus}
2587966	2587973	terminal+	2	3	{Augustus_gene268.t1;Augustus}

# EVM prediction: Mode:STANDARD S-ratio: 10000.00 2602121-2602543 orient(+) score(846.00) noncoding_equivalent(0.08) raw_noncoding(0.00) offset(0.00)
2602121	2602543	single+	1	3	{Augustus_gene983.t1;Augustus}

# EVM prediction: Mode:STANDARD S-ratio: 10000.00 2620858-2621386 orient(+) score(1058.00) noncoding_equivalent(0.11) raw_noncoding(0.00) offset(0.00)
2620858	2621320	initial+	1	1	{Augustus_gene920.t1;Augustus}
2621321	2621366	INTRON			{Augustus_gene920.t1;Augustus}
2621367	2621386	terminal+	2	3	{Augustus_gene920.t1;Augustus}

# EVM prediction: Mode:STANDARD S-ratio: 10000.00 2632863-2634254 orient(+) score(2784.00) noncoding_equivalent(0.28) raw_noncoding(0.00) offset(0.00)
2632863	2634254	single+	1	3	{Augustus_gene684.t1;Augustus}

# EVM prediction: Mode:STANDARD S-ratio: 10000.00 2661669-2664594 orient(+) score(5852.00) noncoding_equivalent(0.59) raw_noncoding(0.00) offset(0.00)
2661669	2664504	initial+	1	1	{Augustus_gene345.t1;Augustus}
2664505	2664559	INTRON			{Augustus_gene345.t1;Augustus}
2664560	2664594	terminal+	2	3	{Augustus_gene345.t1;Augustus}

# EVM prediction: Mode:STANDARD S-ratio: 10000.00 2664810-2666372 orient(+) score(3126.00) noncoding_equivalent(0.31) raw_noncoding(0.00) offset(0.00)
2664810	2666372	single+	1	3	{Augustus_gene14.t1;Augustus}

# EVM prediction: Mode:STANDARD S-ratio: 10000.00 2689209-2690219 orient(-) score(2022.00) noncoding_equivalent(0.20) raw_noncoding(0.00) offset(0.00)
2690219	2689209	single-	4	6	{Augustus_gene660.t1;Augustus}

# EVM prediction: Mode:STANDARD S-ratio: 10000.00 2690712-2693726 orient(+) score(6030.00) noncoding_equivalent(0.60) raw_noncoding(0.00) offset(0.00)
2690712	2693726	single+	1	3	{Augustus_gene543.t1;Augustus}

# EVM prediction: Mode:STANDARD S-ratio: 10000.00 2693848-2694462 orient(-) score(1230.00) noncoding_equivalent(0.12) raw_noncoding(0.00) offset(0.00)
2694462	2693848	single-	4	6	{Augustus_gene21.t1;Augustus}

# EVM prediction: Mode:STANDARD S-ratio: 10000.00 2696433-2697707 orient(-) score(2550.00) noncoding_equivalent(0.26) raw_noncoding(0.00) offset(0.00)
2697707	2696433	single-	4	6	{Augustus_gene250.t1;Augustus}

# EVM prediction: Mode:STANDARD S-ratio: 10000.00 2707766-2708623 orient(+) score(1716.00) noncoding_equivalent(0.17) raw_noncoding(0.00) offset(0.00)
2707766	2708623	single+	1	3	{Augustus_gene465.t1;Augustus}

# EVM prediction: Mode:STANDARD S-ratio: 10000.00 2725383-2729399 orient(+) score(8034.00) noncoding_equivalent(0.80) raw_noncoding(0.00) offset(0.00)
2725383	2725578	initial+	1	1	{Augustus_gene855.t1;Augustus}
2725579	2725977	INTRON			{Augustus_gene855.t1;Augustus}
2725978	2726064	internal+	2	1	{Augustus_gene855.t1;Augustus}
2726065	2726437	INTRON			{Augustus_gene855.t1;Augustus}
2726438	2726484	internal+	2	3	{Augustus_gene855.t1;Augustus}
2726485	2726664	INTRON			{Augustus_gene855.t1;Augustus}
2726665	2726685	internal+	1	3	{Augustus_gene855.t1;Augustus}
2726686	2726795	INTRON			{Augustus_gene855.t1;Augustus}
2726796	2726865	internal+	1	1	{Augustus_gene855.t1;Augustus}
2726866	2727063	INTRON			{Augustus_gene855.t1;Augustus}
2727064	2727173	internal+	2	3	{Augustus_gene855.t1;Augustus}
2727174	2727600	INTRON			{Augustus_gene855.t1;Augustus}
2727601	2727614	internal+	1	2	{Augustus_gene855.t1;Augustus}
2727615	2727689	INTRON			{Augustus_gene855.t1;Augustus}
2727690	2727701	internal+	3	2	{Augustus_gene855.t1;Augustus}
2727702	2727743	INTRON			{Augustus_gene855.t1;Augustus}
2727744	2727764	internal+	3	2	{Augustus_gene855.t1;Augustus}
2727765	2727977	INTRON			{Augustus_gene855.t1;Augustus}
2727978	2727989	internal+	3	2	{Augustus_gene855.t1;Augustus}
2727990	2728035	INTRON			{Augustus_gene855.t1;Augustus}
2728036	2728086	internal+	3	2	{Augustus_gene855.t1;Augustus}
2728087	2728147	INTRON			{Augustus_gene855.t1;Augustus}
2728148	2728166	internal+	3	3	{Augustus_gene855.t1;Augustus}
2728167	2729356	INTRON			{Augustus_gene855.t1;Augustus}
2729357	2729399	internal+	1	1	{Augustus_gene855.t1;Augustus}

# EVM prediction: Mode:STANDARD S-ratio: 10000.00 2730030-2733526 orient(+) score(6994.00) noncoding_equivalent(0.70) raw_noncoding(0.00) offset(0.00)
2730030	2731445	internal+	2	1	{Augustus_gene855.t1;Augustus}
2731446	2731559	INTRON			{Augustus_gene855.t1;Augustus}
2731560	2733526	terminal+	2	3	{Augustus_gene855.t1;Augustus}

# EVM prediction: Mode:STANDARD S-ratio: 10000.00 2758614-2759110 orient(-) score(994.00) noncoding_equivalent(0.10) raw_noncoding(0.00) offset(0.00)
2759016	2758614	terminal-	6	6	{Augustus_gene196.t1;Augustus}
2759099	2759017	INTRON			{Augustus_gene196.t1;Augustus}
2759110	2759100	initial-	4	5	{Augustus_gene196.t1;Augustus}

# EVM prediction: Mode:STANDARD S-ratio: 10000.00 2759575-2761665 orient(+) score(4182.00) noncoding_equivalent(0.42) raw_noncoding(0.00) offset(0.00)
2759575	2761665	single+	1	3	{Augustus_gene764.t1;Augustus}

# EVM prediction: Mode:STANDARD S-ratio: 10000.00 2764631-2766184 orient(+) score(3108.00) noncoding_equivalent(0.31) raw_noncoding(0.00) offset(0.00)
2764631	2766184	single+	1	3	{Augustus_gene155.t1;Augustus}

# EVM prediction: Mode:STANDARD S-ratio: 10000.00 2779463-2789529 orient(-) score(20134.00) noncoding_equivalent(2.01) raw_noncoding(0.00) offset(0.00)
2780449	2779463	terminal-	4	6	{Augustus_gene341.t1;Augustus}
2781937	2780450	INTRON			{Augustus_gene341.t1;Augustus}
2781988	2781938	internal-	4	6	{Augustus_gene341.t1;Augustus}
2784044	2781989	INTRON			{Augustus_gene341.t1;Augustus}
2784075	2784045	internal-	6	6	{Augustus_gene341.t1;Augustus}
2784456	2784076	INTRON			{Augustus_gene341.t1;Augustus}
2784480	2784457	internal-	6	5	{Augustus_gene341.t1;Augustus}
2786979	2784481	INTRON			{Augustus_gene341.t1;Augustus}
2787039	2786980	internal-	6	5	{Augustus_gene341.t1;Augustus}
2789159	2787040	INTRON			{Augustus_gene341.t1;Augustus}
2789183	2789160	internal-	6	5	{Augustus_gene341.t1;Augustus}
2789270	2789184	INTRON			{Augustus_gene341.t1;Augustus}
2789297	2789271	internal-	6	5	{Augustus_gene341.t1;Augustus}
2789395	2789298	INTRON			{Augustus_gene341.t1;Augustus}
2789529	2789396	initial-	4	5	{Augustus_gene341.t1;Augustus}

# EVM prediction: Mode:STANDARD S-ratio: 10000.00 2791182-2792130 orient(-) score(1898.00) noncoding_equivalent(0.19) raw_noncoding(0.00) offset(0.00)
2791751	2791182	terminal-	4	6	{Augustus_gene270.t1;Augustus}
2792055	2791752	INTRON			{Augustus_gene270.t1;Augustus}
2792130	2792056	initial-	4	6	{Augustus_gene270.t1;Augustus}

# EVM prediction: Mode:STANDARD S-ratio: 10000.00 2835573-2836151 orient(-) score(1158.00) noncoding_equivalent(0.12) raw_noncoding(0.00) offset(0.00)
2836151	2835573	single-	4	6	{Augustus_gene370.t1;Augustus}

# EVM prediction: Mode:STANDARD S-ratio: 10000.00 2836350-2838656 orient(-) score(4614.00) noncoding_equivalent(0.46) raw_noncoding(0.00) offset(0.00)
2838656	2836350	single-	4	6	{Augustus_gene173.t1;Augustus}

# EVM prediction: Mode:STANDARD S-ratio: 10000.00 2839748-2840497 orient(+) score(1500.00) noncoding_equivalent(0.15) raw_noncoding(0.00) offset(0.00)
2839748	2839858	initial+	1	3	{Augustus_gene271.t1;Augustus}
2839859	2840212	INTRON			{Augustus_gene271.t1;Augustus}
2840213	2840497	terminal+	1	3	{Augustus_gene271.t1;Augustus}

# EVM prediction: Mode:STANDARD S-ratio: 10000.00 2861151-2866055 orient(-) score(9810.00) noncoding_equivalent(0.98) raw_noncoding(0.00) offset(0.00)
2866055	2861151	single-	4	6	{Augustus_gene850.t1;Augustus}

# EVM prediction: Mode:STANDARD S-ratio: 10000.00 2875520-2878933 orient(-) score(6828.00) noncoding_equivalent(0.68) raw_noncoding(0.00) offset(0.00)
2878933	2875520	single-	4	6	{Augustus_gene605.t1;Augustus}

# EVM prediction: Mode:STANDARD S-ratio: 10000.00 2895365-2895955 orient(-) score(1182.00) noncoding_equivalent(0.12) raw_noncoding(0.00) offset(0.00)
2895955	2895365	single-	4	6	{Augustus_gene625.t1;Augustus}

# EVM prediction: Mode:STANDARD S-ratio: 10000.00 2898258-2901239 orient(-) score(5964.00) noncoding_equivalent(0.60) raw_noncoding(0.00) offset(0.00)
2901239	2898258	single-	4	6	{Augustus_gene27.t1;Augustus}

# EVM prediction: Mode:STANDARD S-ratio: 10000.00 2966485-2968239 orient(+) score(3510.00) noncoding_equivalent(0.35) raw_noncoding(0.00) offset(0.00)
2966485	2968239	single+	1	3	{Augustus_gene498.t1;Augustus}

# EVM prediction: Mode:STANDARD S-ratio: 10000.00 2981415-2983799 orient(+) score(4770.00) noncoding_equivalent(0.48) raw_noncoding(0.00) offset(0.00)
2981415	2983799	single+	1	3	{Augustus_gene1101.t1;Augustus}

# EVM prediction: Mode:STANDARD S-ratio: 10000.00 3008219-3008819 orient(-) score(1202.00) noncoding_equivalent(0.12) raw_noncoding(0.00) offset(0.00)
3008240	3008219	terminal-	6	6	{Augustus_gene668.t1;Augustus}
3008316	3008241	INTRON			{Augustus_gene668.t1;Augustus}
3008819	3008317	initial-	4	5	{Augustus_gene668.t1;Augustus}

# EVM prediction: Mode:STANDARD S-ratio: 10000.00 3015898-3016878 orient(-) score(1962.00) noncoding_equivalent(0.20) raw_noncoding(0.00) offset(0.00)
3016878	3015898	single-	4	6	{Augustus_gene388.t1;Augustus}

# EVM prediction: Mode:STANDARD S-ratio: 10000.00 3020866-3022500 orient(+) score(3270.00) noncoding_equivalent(0.33) raw_noncoding(0.00) offset(0.00)
3020866	3022500	single+	1	3	{Augustus_gene144.t1;Augustus}

# EVM prediction: Mode:STANDARD S-ratio: 10000.00 3022624-3023331 orient(-) score(1416.00) noncoding_equivalent(0.14) raw_noncoding(0.00) offset(0.00)
3023331	3022624	single-	4	6	{Augustus_gene224.t1;Augustus}

# EVM prediction: Mode:STANDARD S-ratio: 10000.00 3030836-3031177 orient(-) score(684.00) noncoding_equivalent(0.07) raw_noncoding(0.00) offset(0.00)
3031177	3030836	single-	4	6	{Augustus_gene512.t1;Augustus}

# EVM prediction: Mode:STANDARD S-ratio: 10000.00 3045790-3047229 orient(-) score(2880.00) noncoding_equivalent(0.29) raw_noncoding(0.00) offset(0.00)
3047229	3045790	single-	4	6	{Augustus_gene718.t1;Augustus}

# EVM prediction: Mode:STANDARD S-ratio: 10000.00 3061337-3063046 orient(-) score(3420.00) noncoding_equivalent(0.34) raw_noncoding(0.00) offset(0.00)
3063046	3061337	single-	4	6	{Augustus_gene235.t1;Augustus}

# EVM prediction: Mode:STANDARD S-ratio: 10000.00 3063729-3065366 orient(-) score(3276.00) noncoding_equivalent(0.33) raw_noncoding(0.00) offset(0.00)
3065366	3063729	single-	4	6	{Augustus_gene120.t1;Augustus}

# EVM prediction: Mode:STANDARD S-ratio: 10000.00 3067443-3069419 orient(+) score(3954.00) noncoding_equivalent(0.40) raw_noncoding(0.00) offset(0.00)
3067443	3068273	initial+	1	3	{Augustus_gene290.t1;Augustus}
3068274	3068669	INTRON			{Augustus_gene290.t1;Augustus}
3068670	3069419	terminal+	1	3	{Augustus_gene290.t1;Augustus}

# EVM prediction: Mode:STANDARD S-ratio: 10000.00 3075627-3076121 orient(-) score(990.00) noncoding_equivalent(0.10) raw_noncoding(0.00) offset(0.00)
3075950	3075627	terminal-	4	6	{Augustus_gene626.t1;Augustus}
3076079	3075951	INTRON			{Augustus_gene626.t1;Augustus}
3076121	3076080	initial-	4	6	{Augustus_gene626.t1;Augustus}

# EVM prediction: Mode:STANDARD S-ratio: 10000.00 3089848-3090855 orient(+) score(2016.00) noncoding_equivalent(0.20) raw_noncoding(0.00) offset(0.00)
3089848	3090855	single+	1	3	{Augustus_gene1067.t1;Augustus}

# EVM prediction: Mode:STANDARD S-ratio: 10000.00 3093320-3096691 orient(-) score(6744.00) noncoding_equivalent(0.67) raw_noncoding(0.00) offset(0.00)
3096691	3093320	single-	4	6	{Augustus_gene916.t1;Augustus}

# EVM prediction: Mode:STANDARD S-ratio: 10000.00 3099207-3104663 orient(+) score(10914.00) noncoding_equivalent(1.09) raw_noncoding(0.00) offset(0.00)
3099207	3104663	single+	1	3	{Augustus_gene717.t1;Augustus}

# EVM prediction: Mode:STANDARD S-ratio: 10000.00 3104890-3105271 orient(+) score(764.00) noncoding_equivalent(0.08) raw_noncoding(0.00) offset(0.00)
3104890	3104892	initial+	1	3	{Augustus_gene656.t1;Augustus}
3104893	3104953	INTRON			{Augustus_gene656.t1;Augustus}
3104954	3105271	terminal+	1	3	{Augustus_gene656.t1;Augustus}

# EVM prediction: Mode:STANDARD S-ratio: 10000.00 3106574-3107665 orient(-) score(2184.00) noncoding_equivalent(0.22) raw_noncoding(0.00) offset(0.00)
3107665	3106574	single-	4	6	{Augustus_gene700.t1;Augustus}

# EVM prediction: Mode:STANDARD S-ratio: 10000.00 3119756-3120121 orient(-) score(732.00) noncoding_equivalent(0.07) raw_noncoding(0.00) offset(0.00)
3120121	3119756	single-	4	6	{Augustus_gene159.t1;Augustus}

# EVM prediction: Mode:STANDARD S-ratio: 10000.00 3121846-3124726 orient(+) score(5762.00) noncoding_equivalent(0.58) raw_noncoding(0.00) offset(0.00)
3121846	3122389	initial+	1	1	{Augustus_gene802.t1;Augustus}
3122390	3123227	INTRON			{Augustus_gene802.t1;Augustus}
3123228	3124726	terminal+	2	3	{Augustus_gene802.t1;Augustus}

# EVM prediction: Mode:STANDARD S-ratio: 10000.00 3144084-3144923 orient(-) score(1680.00) noncoding_equivalent(0.17) raw_noncoding(0.00) offset(0.00)
3144923	3144084	single-	4	6	{Augustus_gene201.t1;Augustus}

# EVM prediction: Mode:STANDARD S-ratio: 10000.00 3171639-3172988 orient(-) score(2700.00) noncoding_equivalent(0.27) raw_noncoding(0.00) offset(0.00)
3172988	3171639	single-	4	6	{Augustus_gene579.t1;Augustus}

# EVM prediction: Mode:STANDARD S-ratio: 10000.00 3174488-3175426 orient(+) score(1878.00) noncoding_equivalent(0.19) raw_noncoding(0.00) offset(0.00)
3174488	3175426	single+	1	3	{Augustus_gene379.t1;Augustus}

