!! Predictions spanning range 840 - 99450 [R1]
# EVM prediction: Mode:STANDARD S-ratio: 5.00 840-4628 orient(-) score(18939.00) noncoding_equivalent(3789.00) raw_noncoding(3789.00) offset(0.00) 
4628	840	single-	4	6	{GlimmerHMM_glimmerT_4477-T1;GlimmerHMM},{HiQ_model.g3989.t1;HiQ}

# EVM prediction: Mode:STANDARD S-ratio: 10000.00 5940-6827 orient(-) score(2664.00) noncoding_equivalent(0.27) raw_noncoding(0.00) offset(0.00) 
6827	5940	single-	4	6	{GlimmerHMM_glimmerT_4478-T1;GlimmerHMM},{Augustus_model.g3990.t1;Augustus}

# EVM prediction: Mode:STANDARD S-ratio: 607.19 8597-10309 orient(+) score(8549.00) noncoding_equivalent(14.08) raw_noncoding(14.08) offset(0.00) 
8597	10309	single+	1	3	{GlimmerHMM_glimmerT_4479-T1;GlimmerHMM},{Augustus_model.g3991.t1;Augustus}

# EVM prediction: Mode:STANDARD S-ratio: 80.84 10771-12825 orient(+) score(6088.00) noncoding_equivalent(75.31) raw_noncoding(75.31) offset(0.00) 
10771	12825	single+	1	3	{Augustus_model.g3992.t1;Augustus},{GlimmerHMM_glimmerT_4480-T1;GlimmerHMM}

# EVM prediction: Mode:STANDARD S-ratio: 10000.00 13314-15188 orient(+) score(7500.00) noncoding_equivalent(0.75) raw_noncoding(0.00) offset(0.00) 
13314	15188	single+	1	3	{Augustus_model.g3993.t1;Augustus},{GlimmerHMM_glimmerT_4481-T1;GlimmerHMM}

# EVM prediction: Mode:STANDARD S-ratio: 255.00 15652-17379 orient(+) score(6885.00) noncoding_equivalent(27.00) raw_noncoding(27.00) offset(0.00) 
15652	17379	single+	1	3	{GlimmerHMM_glimmerT_4482-T1;GlimmerHMM},{Augustus_model.g3994.t1;Augustus}

# EVM prediction: Mode:STANDARD S-ratio: 5.00 17560-18069 orient(-) score(2550.00) noncoding_equivalent(510.00) raw_noncoding(510.00) offset(0.00) 
18069	17560	single-	4	6	{HiQ_model.g3995.t1;HiQ},{GlimmerHMM_glimmerT_4483-T1;GlimmerHMM}

# EVM prediction: Mode:STANDARD S-ratio: 296.14 19254-21836 orient(+) score(7723.00) noncoding_equivalent(26.08) raw_noncoding(26.08) offset(0.00) 
19254	21836	single+	1	3	{GlimmerHMM_glimmerT_4484-T1;GlimmerHMM}

# EVM prediction: Mode:STANDARD S-ratio: 14.66 22479-23453 orient(+) score(3651.00) noncoding_equivalent(249.00) raw_noncoding(249.00) offset(0.00) 
22479	23453	single+	1	3	{GlimmerHMM_glimmerT_4485-T1;GlimmerHMM}

# EVM prediction: Mode:STANDARD S-ratio: 5.00 23719-24366 orient(-) score(3240.00) noncoding_equivalent(648.00) raw_noncoding(648.00) offset(0.00) 
24366	23719	single-	4	6	{GlimmerHMM_glimmerT_4486-T1;GlimmerHMM},{HiQ_model.g3997.t1;HiQ}

# EVM prediction: Mode:STANDARD S-ratio: 15.49 25112-25870 orient(+) score(2649.00) noncoding_equivalent(171.00) raw_noncoding(171.00) offset(0.00) 
25112	25870	single+	1	3	{GlimmerHMM_glimmerT_4487-T1;GlimmerHMM}

# EVM prediction: Mode:STANDARD S-ratio: 164.00 26231-27778 orient(-) score(4614.00) noncoding_equivalent(28.13) raw_noncoding(28.13) offset(0.00) 
27778	26231	single-	4	6	{Augustus_model.g3999.t1;Augustus},{GlimmerHMM_glimmerT_4488-T1;GlimmerHMM}

# EVM prediction: Mode:STANDARD S-ratio: 4.87 28257-29360 orient(-) score(5494.00) noncoding_equivalent(1128.53) raw_noncoding(1128.53) offset(0.00) 
29360	28257	single-	4	6	{HiQ_model.g4000.t1;HiQ},{GlimmerHMM_glimmerT_4489-T1;GlimmerHMM}

# EVM prediction: Mode:STANDARD S-ratio: 2.00 29615-30763 orient(-) score(4596.00) noncoding_equivalent(2294.49) raw_noncoding(2294.49) offset(0.00) 
30763	29615	single-	4	6	{HiQ_model.g4001.t1;HiQ},{GlimmerHMM_glimmerT_4490-T1;GlimmerHMM}

# EVM prediction: Mode:STANDARD S-ratio: 10000.00 31412-33673 orient(+) score(8988.00) noncoding_equivalent(0.90) raw_noncoding(0.00) offset(0.00) 
31412	33673	single+	1	3	{Augustus_model.g4002.t1;Augustus},{GlimmerHMM_glimmerT_4491-T1;GlimmerHMM}

# EVM prediction: Mode:STANDARD S-ratio: 4.64 33844-34785 orient(-) score(4650.00) noncoding_equivalent(1002.00) raw_noncoding(1002.00) offset(0.00) 
34785	33844	single-	4	6	{HiQ_model.g4003.t1;HiQ},{GlimmerHMM_glimmerT_4492-T1;GlimmerHMM}

# EVM prediction: Mode:STANDARD S-ratio: 8.18 37147-38835 orient(+) score(4515.00) noncoding_equivalent(552.00) raw_noncoding(552.00) offset(0.00) 
37147	38835	single+	1	3	{GlimmerHMM_glimmerT_4493-T1;GlimmerHMM},{Augustus_model.g4004.t1;Augustus}

# EVM prediction: Mode:STANDARD S-ratio: 12.54 39079-40699 orient(+) score(4279.00) noncoding_equivalent(341.28) raw_noncoding(727.16) offset(385.88) 
39079	39127	initial+	1	1	{GlimmerHMM_glimmerT_4494-T1;GlimmerHMM}
39128	39368	INTRON			{GlimmerHMM_glimmerT_4494-T1;GlimmerHMM}
39369	40699	terminal+	2	3	{GlimmerHMM_glimmerT_4494-T1;GlimmerHMM}

# EVM prediction: Mode:STANDARD S-ratio: 57.56 41004-41933 orient(+) score(3655.00) noncoding_equivalent(63.50) raw_noncoding(63.50) offset(0.00) 
41004	41933	single+	1	3	{GlimmerHMM_glimmerT_4495-T1;GlimmerHMM}

# EVM prediction: Mode:STANDARD S-ratio: 83.35 42380-43735 orient(+) score(5358.00) noncoding_equivalent(64.28) raw_noncoding(64.28) offset(0.00) 
42380	43735	single+	1	3	{Augustus_model.g4006.t1;Augustus},{GlimmerHMM_glimmerT_4496-T1;GlimmerHMM}

# EVM prediction: Mode:STANDARD S-ratio: 830.50 44065-47391 orient(-) score(9966.00) noncoding_equivalent(12.00) raw_noncoding(12.00) offset(0.00) 
47391	44065	single-	4	6	{GlimmerHMM_glimmerT_4497-T1;GlimmerHMM}

# EVM prediction: Mode:STANDARD S-ratio: 4.89 47996-50149 orient(-) score(10728.00) noncoding_equivalent(2196.00) raw_noncoding(2196.00) offset(0.00) 
50149	47996	single-	4	6	{HiQ_model.g4008.t1;HiQ},{GlimmerHMM_glimmerT_4498-T1;GlimmerHMM}

# EVM prediction: Mode:STANDARD S-ratio: 5.00 50933-52471 orient(-) score(7695.00) noncoding_equivalent(1539.00) raw_noncoding(1539.00) offset(0.00) 
52471	50933	single-	4	6	{HiQ_model.g4009.t1;HiQ},{GlimmerHMM_glimmerT_4499-T1;GlimmerHMM}

# EVM prediction: Mode:STANDARD S-ratio: 82.35 53696-58279 orient(+) score(13587.00) noncoding_equivalent(165.00) raw_noncoding(165.00) offset(0.00) 
53696	58279	single+	1	3	{GlimmerHMM_glimmerT_4500-T1;GlimmerHMM},{Augustus_model.g4010.t1;Augustus}

# EVM prediction: Mode:STANDARD S-ratio: 4.77 58507-60270 orient(-) score(8751.00) noncoding_equivalent(1833.00) raw_noncoding(1833.00) offset(0.00) 
60270	58507	single-	4	6	{GlimmerHMM_glimmerT_4501-T1;GlimmerHMM},{HiQ_model.g4011.t1;HiQ}

# EVM prediction: Mode:STANDARD S-ratio: 5.00 60532-61284 orient(-) score(3765.00) noncoding_equivalent(753.00) raw_noncoding(753.00) offset(0.00) 
61284	60532	single-	4	6	{GlimmerHMM_glimmerT_4502-T1;GlimmerHMM},{HiQ_model.g4012.t1;HiQ}

# EVM prediction: Mode:STANDARD S-ratio: 19.50 61577-62650 orient(+) score(3062.00) noncoding_equivalent(157.01) raw_noncoding(157.01) offset(0.00) 
61577	62650	single+	1	3	{GlimmerHMM_glimmerT_4503-T1;GlimmerHMM}

# EVM prediction: Mode:STANDARD S-ratio: 2.00 64030-64332 orient(+) score(606.00) noncoding_equivalent(303.00) raw_noncoding(303.00) offset(0.00) 
64030	64332	single+	1	3	{Augustus_model.g4014.t1;Augustus},{GlimmerHMM_glimmerT_4504-T1;GlimmerHMM}

# EVM prediction: Mode:STANDARD S-ratio: 743.08 66119-66865 orient(+) score(2236.00) noncoding_equivalent(3.01) raw_noncoding(3.01) offset(0.00) 
66119	66865	single+	1	3	{GlimmerHMM_glimmerT_4505-T1;GlimmerHMM},{Augustus_model.g4015.t1;Augustus}

# EVM prediction: Mode:STANDARD S-ratio: 15.44 67299-68141 orient(+) score(3150.00) noncoding_equivalent(204.00) raw_noncoding(204.00) offset(0.00) 
67299	68141	single+	1	3	{Augustus_model.g4016.t1;Augustus},{GlimmerHMM_glimmerT_4506-T1;GlimmerHMM}

# EVM prediction: Mode:STANDARD S-ratio: 185.55 68378-69319 orient(+) score(3746.00) noncoding_equivalent(20.19) raw_noncoding(20.19) offset(0.00) 
68378	69319	single+	1	3	{Augustus_model.g4017.t1;Augustus},{GlimmerHMM_glimmerT_4507-T1;GlimmerHMM}

# EVM prediction: Mode:STANDARD S-ratio: 10000.00 69791-70816 orient(+) score(3075.00) noncoding_equivalent(0.31) raw_noncoding(0.00) offset(0.00) 
69791	70816	single+	1	3	{GlimmerHMM_glimmerT_4508-T1;GlimmerHMM},{Augustus_model.g4018.t1;Augustus}

# EVM prediction: Mode:STANDARD S-ratio: 554.00 71155-74484 orient(-) score(9972.00) noncoding_equivalent(18.00) raw_noncoding(18.00) offset(0.00) 
74484	71155	single-	4	6	{GlimmerHMM_glimmerT_4509-T1;GlimmerHMM},{Augustus_model.g4019.t1;Augustus}

# EVM prediction: Mode:STANDARD S-ratio: 4.53 74755-75687 orient(-) score(4584.00) noncoding_equivalent(1012.29) raw_noncoding(1012.29) offset(0.00) 
75687	74755	single-	4	6	{GlimmerHMM_glimmerT_4510-T1;GlimmerHMM},{HiQ_model.g4020.t1;HiQ}

# EVM prediction: Mode:STANDARD S-ratio: 10.98 76967-78489 orient(+) score(4052.00) noncoding_equivalent(369.01) raw_noncoding(666.93) offset(297.92) 
76967	76972	initial+	1	3	{snap_scaffold_11-snap.106-T1;snap}
76973	77121	INTRON			{snap_scaffold_11-snap.106-T1;snap}
77122	78489	terminal+	1	3	{snap_scaffold_11-snap.106-T1;snap}

# EVM prediction: Mode:STANDARD S-ratio: 29.93 78688-80334 orient(+) score(6375.00) noncoding_equivalent(213.00) raw_noncoding(213.00) offset(0.00) 
78688	80334	single+	1	3	{GlimmerHMM_glimmerT_4512-T1;GlimmerHMM}

# EVM prediction: Mode:STANDARD S-ratio: 43.53 80615-82306 orient(+) score(4962.00) noncoding_equivalent(114.00) raw_noncoding(114.00) offset(0.00) 
80615	82306	single+	1	3	{GlimmerHMM_glimmerT_4513-T1;GlimmerHMM},{Augustus_model.g4022.t1;Augustus}

# EVM prediction: Mode:STANDARD S-ratio: 4.83 82512-83183 orient(-) score(3339.00) noncoding_equivalent(691.11) raw_noncoding(691.11) offset(0.00) 
83183	82512	single-	4	6	{GlimmerHMM_glimmerT_4514-T1;GlimmerHMM},{HiQ_model.g4023.t1;HiQ}

# EVM prediction: Mode:STANDARD S-ratio: 2.00 83562-83945 orient(+) score(1024.00) noncoding_equivalent(512.41) raw_noncoding(512.41) offset(0.00) 
83562	83945	single+	1	3	{GlimmerHMM_glimmerT_4515-T1;GlimmerHMM}

# EVM prediction: Mode:STANDARD S-ratio: 2.85 84397-85401 orient(+) score(2975.00) noncoding_equivalent(1043.12) raw_noncoding(1043.12) offset(0.00) 
84397	85401	single+	1	3	{GlimmerHMM_glimmerT_4516-T1;GlimmerHMM}

# EVM prediction: Mode:STANDARD S-ratio: 51.48 86184-87482 orient(-) score(5097.00) noncoding_equivalent(99.00) raw_noncoding(99.00) offset(0.00) 
87482	86184	single-	4	6	{GlimmerHMM_glimmerT_4518-T1;GlimmerHMM},{Augustus_model.g4025.t1;Augustus}

# EVM prediction: Mode:STANDARD S-ratio: 6.39 88050-89634 orient(+) score(5783.00) noncoding_equivalent(905.00) raw_noncoding(1257.00) offset(352.00) 
88050	88254	initial+	1	1	{Augustus_model.g4026.t1;Augustus},{GlimmerHMM_glimmerT_4519-T1;GlimmerHMM}
88255	88606	INTRON			{Augustus_model.g4026.t1;Augustus},{GlimmerHMM_glimmerT_4519-T1;GlimmerHMM},{ev_type:exonerate/ID=match.111469.2766/Target=YKL081W;exonerate}
88607	89634	terminal+	2	3	{Augustus_model.g4026.t1;Augustus},{snap_scaffold_11-snap.111-T1;snap},{GlimmerHMM_glimmerT_4519-T1;GlimmerHMM}

# EVM prediction: Mode:STANDARD S-ratio: 10000.00 90194-91372 orient(+) score(4716.00) noncoding_equivalent(0.47) raw_noncoding(0.00) offset(0.00) 
90194	91372	single+	1	3	{GlimmerHMM_glimmerT_4520-T1;GlimmerHMM},{Augustus_model.g4027.t1;Augustus}

# EVM prediction: Mode:STANDARD S-ratio: 10000.00 91733-93691 orient(+) score(7836.00) noncoding_equivalent(0.78) raw_noncoding(0.00) offset(0.00) 
91733	93691	single+	1	3	{Augustus_model.g4028.t1;Augustus},{GlimmerHMM_glimmerT_4521-T1;GlimmerHMM}

# EVM prediction: Mode:STANDARD S-ratio: 240.83 93966-96176 orient(+) score(6604.00) noncoding_equivalent(27.42) raw_noncoding(27.42) offset(0.00) 
93966	96176	single+	1	3	{GlimmerHMM_glimmerT_4522-T1;GlimmerHMM},{Augustus_model.g4029.t1;Augustus}

# EVM prediction: Mode:STANDARD S-ratio: 10000.00 96641-97723 orient(+) score(3249.00) noncoding_equivalent(0.32) raw_noncoding(0.00) offset(0.00) 
96641	97723	single+	1	3	{Augustus_model.g4030.t1;Augustus},{GlimmerHMM_glimmerT_4523-T1;GlimmerHMM}

# EVM prediction: Mode:STANDARD S-ratio: 5.00 98098-99450 orient(-) score(6765.00) noncoding_equivalent(1353.00) raw_noncoding(1353.00) offset(0.00) 
99450	98098	single-	4	6	{HiQ_model.g4031.t1;HiQ},{GlimmerHMM_glimmerT_4524-T1;GlimmerHMM}

