!! Predictions spanning range 11653 - 99047 [R1]
# EVM prediction: Mode:STANDARD S-ratio: 10000.00 11653-12741 orient(-) score(2178.00) noncoding_equivalent(0.22) raw_noncoding(0.00) offset(0.00) 
12741	11653	single-	4	6	{Augustus_gene349.t1;Augustus}

# EVM prediction: Mode:STANDARD S-ratio: 10000.00 44642-46606 orient(+) score(3928.00) noncoding_equivalent(0.39) raw_noncoding(0.00) offset(0.00) 
44642	46606	single+	1	3	{Augustus_gene73.t1;Augustus}

# EVM prediction: Mode:STANDARD S-ratio: 10000.00 51187-52083 orient(-) score(1792.00) noncoding_equivalent(0.18) raw_noncoding(0.00) offset(0.00) 
52083	51187	single-	4	6	{Augustus_gene721.t1;Augustus}

# EVM prediction: Mode:STANDARD S-ratio: 10000.00 52389-55016 orient(+) score(5254.00) noncoding_equivalent(0.53) raw_noncoding(0.00) offset(0.00) 
52389	55016	single+	1	3	{Augustus_gene22.t1;Augustus}

# EVM prediction: Mode:STANDARD S-ratio: 10000.00 61359-61787 orient(-) score(858.00) noncoding_equivalent(0.09) raw_noncoding(0.00) offset(0.00) 
61787	61359	single-	4	6	{Augustus_gene91.t1;Augustus}

# EVM prediction: Mode:STANDARD S-ratio: 10000.00 61985-63055 orient(+) score(2142.00) noncoding_equivalent(0.21) raw_noncoding(0.00) offset(0.00) 
61985	63055	single+	1	3	{Augustus_gene34.t1;Augustus}

# EVM prediction: Mode:STANDARD S-ratio: 10000.00 63991-68001 orient(-) score(8022.00) noncoding_equivalent(0.80) raw_noncoding(0.00) offset(0.00) 
68001	63991	single-	4	6	{Augustus_gene573.t1;Augustus}

# EVM prediction: Mode:STANDARD S-ratio: 10000.00 77978-79576 orient(+) score(3198.00) noncoding_equivalent(0.32) raw_noncoding(0.00) offset(0.00) 
77978	79576	single+	1	3	{Augustus_gene3.t1;Augustus}

# EVM prediction: Mode:STANDARD S-ratio: 10000.00 92692-94413 orient(-) score(3444.00) noncoding_equivalent(0.34) raw_noncoding(0.00) offset(0.00) 
94413	92692	single-	4	6	{Augustus_gene244.t1;Augustus}

# EVM prediction: Mode:STANDARD S-ratio: 10000.00 97625-99047 orient(-) score(2846.00) noncoding_equivalent(0.28) raw_noncoding(0.00) offset(0.00) 
98285	97625	terminal-	6	6	{Augustus_gene1093.t1;Augustus}
98438	98286	INTRON			{Augustus_gene1093.t1;Augustus}
98460	98439	internal-	5	5	{Augustus_gene1093.t1;Augustus}
98899	98461	INTRON			{Augustus_gene1093.t1;Augustus}
99047	98900	initial-	4	4	{Augustus_gene1093.t1;Augustus}

