!! Predictions spanning range 2052 - 97432 [R1]
# EVM prediction: Mode:STANDARD S-ratio: 9.87 2052-3008 orient(+) score(3476.00) noncoding_equivalent(352.22) raw_noncoding(352.22) offset(0.00) 
2052	3008	single+	1	3	{GlimmerHMM_glimmerT_4083-T1;GlimmerHMM}

# EVM prediction: Mode:STANDARD S-ratio: 4.97 3174-3869 orient(-) score(3476.00) noncoding_equivalent(700.10) raw_noncoding(700.10) offset(0.00) 
3869	3174	single-	4	6	{HiQ_model.g3775.t1;HiQ},{GlimmerHMM_glimmerT_4084-T1;GlimmerHMM}

# EVM prediction: Mode:STANDARD S-ratio: 2.40 5756-6991 orient(+) score(3489.00) noncoding_equivalent(1455.00) raw_noncoding(1455.00) offset(0.00) 
5756	6991	single+	1	3	{GlimmerHMM_glimmerT_4085-T1;GlimmerHMM}

# EVM prediction: Mode:STANDARD S-ratio: 4.90 7536-9227 orient(-) score(8431.00) noncoding_equivalent(1721.41) raw_noncoding(1721.41) offset(0.00) 
9227	7536	single-	4	6	{GlimmerHMM_glimmerT_4086-T1;GlimmerHMM},{HiQ_model.g3776.t1;HiQ}

# EVM prediction: Mode:STANDARD S-ratio: 4.76 9697-11400 orient(-) score(8385.00) noncoding_equivalent(1761.00) raw_noncoding(1761.00) offset(0.00) 
11400	9697	single-	4	6	{GlimmerHMM_glimmerT_4087-T1;GlimmerHMM},{HiQ_model.g3777.t1;HiQ}

# EVM prediction: Mode:STANDARD S-ratio: 4.80 11979-13034 orient(-) score(5244.00) noncoding_equivalent(1092.00) raw_noncoding(1092.00) offset(0.00) 
13034	11979	single-	4	6	{GlimmerHMM_glimmerT_4088-T1;GlimmerHMM},{HiQ_model.g3778.t1;HiQ}

# EVM prediction: Mode:STANDARD S-ratio: 4.88 14062-15483 orient(-) score(7081.00) noncoding_equivalent(1452.00) raw_noncoding(1452.00) offset(0.00) 
15483	14062	single-	4	6	{GlimmerHMM_glimmerT_4089-T1;GlimmerHMM},{HiQ_model.g3779.t1;HiQ}

# EVM prediction: Mode:STANDARD S-ratio: 4.99 16534-17427 orient(-) score(4469.00) noncoding_equivalent(895.04) raw_noncoding(895.04) offset(0.00) 
17427	16534	single-	4	6	{GlimmerHMM_glimmerT_4090-T1;GlimmerHMM},{HiQ_model.g3780.t1;HiQ}

# EVM prediction: Mode:STANDARD S-ratio: 4.99 17892-20936 orient(-) score(15217.00) noncoding_equivalent(3051.02) raw_noncoding(3051.02) offset(0.00) 
20936	17892	single-	4	6	{GlimmerHMM_glimmerT_4091-T1;GlimmerHMM},{HiQ_model.g3781.t1;HiQ}

# EVM prediction: Mode:STANDARD S-ratio: 4.99 21551-25630 orient(-) score(20396.00) noncoding_equivalent(4084.01) raw_noncoding(4084.01) offset(0.00) 
25630	21551	single-	4	6	{GlimmerHMM_glimmerT_4092-T1;GlimmerHMM},{HiQ_model.g3782.t1;HiQ}

# EVM prediction: Mode:STANDARD S-ratio: 206.00 25978-26598 orient(+) score(2472.00) noncoding_equivalent(12.00) raw_noncoding(12.00) offset(0.00) 
25978	26598	single+	1	3	{Augustus_model.g3783.t1;Augustus},{GlimmerHMM_glimmerT_4093-T1;GlimmerHMM}

# EVM prediction: Mode:STANDARD S-ratio: 4.84 26718-29816 orient(-) score(15411.00) noncoding_equivalent(3183.00) raw_noncoding(3183.00) offset(0.00) 
29816	26718	single-	4	6	{GlimmerHMM_glimmerT_4094-T1;GlimmerHMM},{HiQ_model.g3784.t1;HiQ}

# EVM prediction: Mode:STANDARD S-ratio: 558.29 30385-37515 orient(+) score(28473.00) noncoding_equivalent(51.00) raw_noncoding(51.00) offset(0.00) 
30385	37515	single+	1	3	{Augustus_model.g3785.t1;Augustus},{GlimmerHMM_glimmerT_4095-T1;GlimmerHMM}

# EVM prediction: Mode:STANDARD S-ratio: 4.55 37944-40844 orient(-) score(14271.00) noncoding_equivalent(3135.00) raw_noncoding(3135.00) offset(0.00) 
40844	37944	single-	4	6	{GlimmerHMM_glimmerT_4096-T1;GlimmerHMM},{HiQ_model.g3786.t1;HiQ}

# EVM prediction: Mode:STANDARD S-ratio: 239.86 41387-42841 orient(+) score(5796.00) noncoding_equivalent(24.16) raw_noncoding(24.16) offset(0.00) 
41387	42841	single+	1	3	{Augustus_model.g3787.t1;Augustus},{GlimmerHMM_glimmerT_4097-T1;GlimmerHMM}

# EVM prediction: Mode:STANDARD S-ratio: 10000.00 43121-43762 orient(+) score(2568.00) noncoding_equivalent(0.26) raw_noncoding(0.00) offset(0.00) 
43121	43762	single+	1	3	{GlimmerHMM_glimmerT_4098-T1;GlimmerHMM},{Augustus_model.g3788.t1;Augustus}

# EVM prediction: Mode:STANDARD S-ratio: 6.27 44205-45094 orient(+) score(3808.00) noncoding_equivalent(607.00) raw_noncoding(861.00) offset(254.00) 
44205	44235	initial+	1	1	{snap_scaffold_14-snap.92-T1;snap},{Augustus_model.g3789.t1;Augustus}
44236	44525	INTRON			{snap_scaffold_14-snap.92-T1;snap},{Augustus_model.g3789.t1;Augustus},{ev_type:exonerate/ID=match.147026.36/Target=YIL133C;exonerate}
44526	45094	terminal+	2	3	{snap_scaffold_14-snap.92-T1;snap},{Augustus_model.g3789.t1;Augustus}

# EVM prediction: Mode:STANDARD S-ratio: 4.60 45291-46226 orient(-) score(4614.00) noncoding_equivalent(1002.94) raw_noncoding(1002.94) offset(0.00) 
46226	45291	single-	4	6	{GlimmerHMM_glimmerT_4100-T1;GlimmerHMM},{HiQ_model.g3790.t1;HiQ}

# EVM prediction: Mode:STANDARD S-ratio: 115.53 47242-48552 orient(+) score(5199.00) noncoding_equivalent(45.00) raw_noncoding(45.00) offset(0.00) 
47242	48552	single+	1	3	{GlimmerHMM_glimmerT_4101-T1;GlimmerHMM},{Augustus_model.g3791.t1;Augustus}

# EVM prediction: Mode:STANDARD S-ratio: 4.99 48817-49998 orient(-) score(5909.00) noncoding_equivalent(1183.01) raw_noncoding(1183.01) offset(0.00) 
49998	48817	single-	4	6	{HiQ_model.g3792.t1;HiQ},{GlimmerHMM_glimmerT_4102-T1;GlimmerHMM}

# EVM prediction: Mode:STANDARD S-ratio: 1874.71 50829-53669 orient(+) score(11358.00) noncoding_equivalent(6.06) raw_noncoding(6.06) offset(0.00) 
50829	53669	single+	1	3	{GlimmerHMM_glimmerT_4103-T1;GlimmerHMM},{Augustus_model.g3793.t1;Augustus}

# EVM prediction: Mode:STANDARD S-ratio: 10000.00 53904-54389 orient(+) score(1458.00) noncoding_equivalent(0.15) raw_noncoding(0.00) offset(0.00) 
53904	54389	single+	1	3	{GlimmerHMM_glimmerT_4104-T1;GlimmerHMM},{Augustus_model.g3794.t1;Augustus}

# EVM prediction: Mode:STANDARD S-ratio: 391.70 54902-55639 orient(+) score(2945.00) noncoding_equivalent(7.52) raw_noncoding(7.52) offset(0.00) 
54902	55639	single+	1	3	{GlimmerHMM_glimmerT_4105-T1;GlimmerHMM},{Augustus_model.g3795.t1;Augustus}

# EVM prediction: Mode:STANDARD S-ratio: 4.93 55782-58253 orient(-) score(12395.00) noncoding_equivalent(2514.00) raw_noncoding(2514.00) offset(0.00) 
58253	55782	single-	4	6	{GlimmerHMM_glimmerT_4106-T1;GlimmerHMM},{HiQ_model.g3796.t1;HiQ}

# EVM prediction: Mode:STANDARD S-ratio: 4.98 58734-60317 orient(-) score(7916.00) noncoding_equivalent(1588.12) raw_noncoding(1588.12) offset(0.00) 
60317	58734	single-	4	6	{GlimmerHMM_glimmerT_4107-T1;GlimmerHMM},{HiQ_model.g3797.t1;HiQ}

# EVM prediction: Mode:STANDARD S-ratio: 176.68 60578-63109 orient(+) score(10071.00) noncoding_equivalent(57.00) raw_noncoding(57.00) offset(0.00) 
60578	63109	single+	1	3	{GlimmerHMM_glimmerT_4108-T1;GlimmerHMM},{Augustus_model.g3798.t1;Augustus}

# EVM prediction: Mode:STANDARD S-ratio: 4.85 63470-65545 orient(-) score(10326.00) noncoding_equivalent(2130.10) raw_noncoding(2130.10) offset(0.00) 
65545	63470	single-	4	6	{HiQ_model.g3799.t1;HiQ}

# EVM prediction: Mode:STANDARD S-ratio: 10000.00 66336-67265 orient(+) score(3720.00) noncoding_equivalent(0.37) raw_noncoding(0.00) offset(0.00) 
66336	67265	single+	1	3	{Augustus_model.g3800.t1;Augustus},{GlimmerHMM_glimmerT_4110-T1;GlimmerHMM}

# EVM prediction: Mode:STANDARD S-ratio: 44.11 67848-69437 orient(+) score(6219.00) noncoding_equivalent(141.00) raw_noncoding(141.00) offset(0.00) 
67848	69437	single+	1	3	{GlimmerHMM_glimmerT_4111-T1;GlimmerHMM},{Augustus_model.g3801.t1;Augustus}

# EVM prediction: Mode:STANDARD S-ratio: 173.43 70168-73830 orient(+) score(14568.00) noncoding_equivalent(84.00) raw_noncoding(84.00) offset(0.00) 
70168	73830	single+	1	3	{Augustus_model.g3802.t1;Augustus},{GlimmerHMM_glimmerT_4112-T1;GlimmerHMM}

# EVM prediction: Mode:STANDARD S-ratio: 3.18 74092-74912 orient(-) score(2777.00) noncoding_equivalent(872.00) raw_noncoding(1302.00) offset(430.00) 
74470	74092	terminal-	6	6	{Augustus_model.g3803.t1;Augustus},{GlimmerHMM_glimmerT_4113-T1;GlimmerHMM},{snap_scaffold_14-snap.105-T1;snap}
74904	74471	INTRON			{GlimmerHMM_glimmerT_4113-T1;GlimmerHMM},{snap_scaffold_14-snap.105-T1;snap}
74912	74905	initial-	4	5	{GlimmerHMM_glimmerT_4113-T1;GlimmerHMM},{snap_scaffold_14-snap.105-T1;snap}

# EVM prediction: Mode:STANDARD S-ratio: 476.03 75553-80592 orient(+) score(20118.00) noncoding_equivalent(42.26) raw_noncoding(42.26) offset(0.00) 
75553	80592	single+	1	3	{GlimmerHMM_glimmerT_4114-T1;GlimmerHMM},{Augustus_model.g3804.t1;Augustus}

# EVM prediction: Mode:STANDARD S-ratio: 10000.00 80892-82607 orient(+) score(6864.00) noncoding_equivalent(0.69) raw_noncoding(0.00) offset(0.00) 
80892	82607	single+	1	3	{Augustus_model.g3805.t1;Augustus},{GlimmerHMM_glimmerT_4115-T1;GlimmerHMM}

# EVM prediction: Mode:STANDARD S-ratio: 457.30 82926-86282 orient(+) score(13399.00) noncoding_equivalent(29.30) raw_noncoding(29.30) offset(0.00) 
82926	86282	single+	1	3	{GlimmerHMM_glimmerT_4116-T1;GlimmerHMM},{Augustus_model.g3806.t1;Augustus}

# EVM prediction: Mode:STANDARD S-ratio: 2.04 86370-87080 orient(-) score(2844.00) noncoding_equivalent(1391.80) raw_noncoding(1391.80) offset(0.00) 
87080	86370	single-	4	6	{GlimmerHMM_glimmerT_4117-T1;GlimmerHMM},{HiQ_model.g3807.t1;HiQ}

# EVM prediction: Mode:STANDARD S-ratio: 2.00 87246-88427 orient(-) score(4728.00) noncoding_equivalent(2364.00) raw_noncoding(2364.00) offset(0.00) 
88427	87246	single-	4	6	{GlimmerHMM_glimmerT_4118-T1;GlimmerHMM},{HiQ_model.g3808.t1;HiQ}

# EVM prediction: Mode:STANDARD S-ratio: 23.54 88604-89644 orient(+) score(3995.00) noncoding_equivalent(169.74) raw_noncoding(169.74) offset(0.00) 
88604	89644	single+	1	3	{GlimmerHMM_glimmerT_4119-T1;GlimmerHMM},{Augustus_model.g3809.t1;Augustus}

# EVM prediction: Mode:STANDARD S-ratio: 430.35 89917-91866 orient(+) score(7780.00) noncoding_equivalent(18.08) raw_noncoding(18.08) offset(0.00) 
89917	91866	single+	1	3	{Augustus_model.g3810.t1;Augustus},{GlimmerHMM_glimmerT_4120-T1;GlimmerHMM}

# EVM prediction: Mode:STANDARD S-ratio: 61.32 92318-95542 orient(-) score(12693.00) noncoding_equivalent(207.00) raw_noncoding(207.00) offset(0.00) 
95542	92318	single-	4	6	{GlimmerHMM_glimmerT_4121-T1;GlimmerHMM},{Augustus_model.g3811.t1;Augustus}

# EVM prediction: Mode:STANDARD S-ratio: 2.35 95660-95977 orient(-) score(784.00) noncoding_equivalent(333.34) raw_noncoding(483.00) offset(149.66) 
95859	95660	terminal-	5	6	{Augustus_model.g3812.t1;Augustus}
95934	95860	INTRON			{Augustus_model.g3812.t1;Augustus}
95977	95935	initial-	4	4	{Augustus_model.g3812.t1;Augustus},{GlimmerHMM_glimmerT_4122-T1;GlimmerHMM}

# EVM prediction: Mode:STANDARD S-ratio: 196.50 96094-96687 orient(+) score(2358.00) noncoding_equivalent(12.00) raw_noncoding(12.00) offset(0.00) 
96094	96687	single+	1	3	{GlimmerHMM_glimmerT_4123-T1;GlimmerHMM}

# EVM prediction: Mode:STANDARD S-ratio: 5.00 96818-97432 orient(-) score(3075.00) noncoding_equivalent(615.00) raw_noncoding(615.00) offset(0.00) 
97432	96818	single-	4	6	{GlimmerHMM_glimmerT_4124-T1;GlimmerHMM},{HiQ_model.g3814.t1;HiQ}

