!! Predictions spanning range 24551 - 87726 [R1]
# EVM prediction: Mode:STANDARD S-ratio: 10000.00 24551-25708 orient(+) score(2316.00) noncoding_equivalent(0.23) raw_noncoding(0.00) offset(0.00) 
24551	25708	single+	1	3	{Augustus_gene121.t1;Augustus}

# EVM prediction: Mode:STANDARD S-ratio: 10000.00 29463-30554 orient(+) score(2182.00) noncoding_equivalent(0.22) raw_noncoding(0.00) offset(0.00) 
29463	30554	single+	1	3	{Augustus_gene1100.t1;Augustus}

# EVM prediction: Mode:STANDARD S-ratio: 10000.00 36281-38212 orient(+) score(3864.00) noncoding_equivalent(0.39) raw_noncoding(0.00) offset(0.00) 
36281	38212	single+	1	3	{Augustus_gene554.t1;Augustus}

# EVM prediction: Mode:STANDARD S-ratio: 10000.00 51294-55370 orient(-) score(8154.00) noncoding_equivalent(0.82) raw_noncoding(0.00) offset(0.00) 
55370	51294	single-	4	6	{Augustus_gene337.t1;Augustus}

# EVM prediction: Mode:STANDARD S-ratio: 10000.00 56927-57235 orient(-) score(618.00) noncoding_equivalent(0.06) raw_noncoding(0.00) offset(0.00) 
57235	56927	single-	4	6	{Augustus_gene89.t1;Augustus}

# EVM prediction: Mode:STANDARD S-ratio: 10000.00 75244-77082 orient(+) score(3676.00) noncoding_equivalent(0.37) raw_noncoding(0.00) offset(0.00) 
75244	75387	initial+	1	3	{Augustus_gene987.t1;Augustus}
75388	75774	INTRON			{Augustus_gene987.t1;Augustus}
75775	76240	internal+	1	1	{Augustus_gene987.t1;Augustus}
76241	76624	INTRON			{Augustus_gene987.t1;Augustus}
76625	77082	terminal+	2	3	{Augustus_gene987.t1;Augustus}

# EVM prediction: Mode:STANDARD S-ratio: 10000.00 80683-81282 orient(-) score(1200.00) noncoding_equivalent(0.12) raw_noncoding(0.00) offset(0.00) 
81282	80683	single-	4	6	{Augustus_gene428.t1;Augustus}

# EVM prediction: Mode:STANDARD S-ratio: 10000.00 85774-87726 orient(-) score(3906.00) noncoding_equivalent(0.39) raw_noncoding(0.00) offset(0.00) 
87726	85774	single-	4	6	{Augustus_gene87.t1;Augustus}

