!! Predictions spanning range 4027 - 86612 [R1]
# EVM prediction: Mode:STANDARD S-ratio: 10000.00 4027-5691 orient(+) score(3330.00) noncoding_equivalent(0.33) raw_noncoding(0.00) offset(0.00) 
4027	5691	single+	1	3	{Augustus_gene894.t1;Augustus}

# EVM prediction: Mode:STANDARD S-ratio: 10000.00 13767-14516 orient(+) score(1500.00) noncoding_equivalent(0.15) raw_noncoding(0.00) offset(0.00) 
13767	14516	single+	1	3	{Augustus_gene159.t1;Augustus}

# EVM prediction: Mode:STANDARD S-ratio: 10000.00 23882-25978 orient(-) score(4194.00) noncoding_equivalent(0.42) raw_noncoding(0.00) offset(0.00) 
25978	23882	single-	4	6	{Augustus_gene1147.t1;Augustus}

# EVM prediction: Mode:STANDARD S-ratio: 10000.00 46781-50508 orient(+) score(7456.00) noncoding_equivalent(0.75) raw_noncoding(0.00) offset(0.00) 
46781	46891	initial+	1	3	{Augustus_gene628.t1;Augustus}
46892	47042	INTRON			{Augustus_gene628.t1;Augustus}
47043	47062	internal+	1	2	{Augustus_gene628.t1;Augustus}
47063	47118	INTRON			{Augustus_gene628.t1;Augustus}
47119	47384	internal+	3	1	{Augustus_gene628.t1;Augustus}
47385	47428	INTRON			{Augustus_gene628.t1;Augustus}
47429	50508	terminal+	2	3	{Augustus_gene628.t1;Augustus}

# EVM prediction: Mode:STANDARD S-ratio: 10000.00 62084-63910 orient(+) score(3654.00) noncoding_equivalent(0.37) raw_noncoding(0.00) offset(0.00) 
62084	63910	single+	1	3	{Augustus_gene144.t1;Augustus}

# EVM prediction: Mode:STANDARD S-ratio: 10000.00 73442-73684 orient(+) score(486.00) noncoding_equivalent(0.05) raw_noncoding(0.00) offset(0.00) 
73442	73684	single+	1	3	{Augustus_gene486.t1;Augustus}

# EVM prediction: Mode:STANDARD S-ratio: 10000.00 77362-78540 orient(-) score(2358.00) noncoding_equivalent(0.24) raw_noncoding(0.00) offset(0.00) 
78540	77362	single-	4	6	{Augustus_gene33.t1;Augustus}

# EVM prediction: Mode:STANDARD S-ratio: 10000.00 83622-86612 orient(-) score(5982.00) noncoding_equivalent(0.60) raw_noncoding(0.00) offset(0.00) 
86612	83622	single-	4	6	{Augustus_gene833.t1;Augustus}

