!! Predictions spanning range 2604 - 96486 [R1]
# EVM prediction: Mode:STANDARD S-ratio: 38.83 2604-4754 orient(+) score(6291.00) noncoding_equivalent(162.00) raw_noncoding(162.00) offset(0.00) 
2604	4754	single+	1	3	{GlimmerHMM_glimmerT_399-T1;GlimmerHMM}

# EVM prediction: Mode:STANDARD S-ratio: 10000.00 4789-6603 orient(-) score(5445.00) noncoding_equivalent(0.54) raw_noncoding(0.00) offset(0.00) 
6603	4789	single-	4	6	{Augustus_model.g340.t1;Augustus},{GlimmerHMM_glimmerT_400-T1;GlimmerHMM}

# EVM prediction: Mode:STANDARD S-ratio: 2.02 7121-7720 orient(+) score(1200.00) noncoding_equivalent(594.33) raw_noncoding(594.33) offset(0.00) 
7121	7720	single+	1	3	{Augustus_model.g341.t1;Augustus}

# EVM prediction: Mode:STANDARD S-ratio: 956.49 9158-10765 orient(+) score(4817.00) noncoding_equivalent(5.04) raw_noncoding(5.04) offset(0.00) 
9158	10765	single+	1	3	{GlimmerHMM_glimmerT_403-T1;GlimmerHMM},{Augustus_model.g342.t1;Augustus}

# EVM prediction: Mode:STANDARD S-ratio: 10000.00 10793-12250 orient(-) score(4374.00) noncoding_equivalent(0.44) raw_noncoding(0.00) offset(0.00) 
12250	10793	single-	4	6	{Augustus_model.g343.t1;Augustus},{GlimmerHMM_glimmerT_404-T1;GlimmerHMM}

# EVM prediction: Mode:STANDARD S-ratio: 2.01 12675-14528 orient(+) score(3708.00) noncoding_equivalent(1849.23) raw_noncoding(1849.23) offset(0.00) 
12675	14528	single+	1	3	{GlimmerHMM_glimmerT_405-T1;GlimmerHMM},{Augustus_model.g344.t1;Augustus}

# EVM prediction: Mode:STANDARD S-ratio: 34.37 14684-15997 orient(+) score(3831.00) noncoding_equivalent(111.45) raw_noncoding(111.45) offset(0.00) 
14684	15997	single+	1	3	{Augustus_model.g345.t1;Augustus},{GlimmerHMM_glimmerT_406-T1;GlimmerHMM}

# EVM prediction: Mode:STANDARD S-ratio: 115.90 16360-17103 orient(+) score(2211.00) noncoding_equivalent(19.08) raw_noncoding(19.08) offset(0.00) 
16360	17103	single+	1	3	{Augustus_model.g346.t1;Augustus},{GlimmerHMM_glimmerT_407-T1;GlimmerHMM}

# EVM prediction: Mode:STANDARD S-ratio: 13.65 17148-18017 orient(-) score(2326.00) noncoding_equivalent(170.39) raw_noncoding(397.45) offset(227.06) 
17895	17148	terminal-	6	6	{snap_scaffold_1-snap.270-T1;snap}
18009	17896	INTRON			{snap_scaffold_1-snap.270-T1;snap}
18017	18010	initial-	4	5	{snap_scaffold_1-snap.270-T1;snap}

# EVM prediction: Mode:STANDARD S-ratio: 278.36 18072-19382 orient(-) score(3917.00) noncoding_equivalent(14.07) raw_noncoding(14.07) offset(0.00) 
19382	18072	single-	4	6	{GlimmerHMM_glimmerT_409-T1;GlimmerHMM}

# EVM prediction: Mode:STANDARD S-ratio: 2.00 20817-22283 orient(+) score(2934.00) noncoding_equivalent(1467.00) raw_noncoding(1467.00) offset(0.00) 
20817	22283	single+	1	3	{Augustus_model.g348.t1;Augustus},{GlimmerHMM_glimmerT_411-T1;GlimmerHMM}

# EVM prediction: Mode:STANDARD S-ratio: 31.60 23063-24790 orient(+) score(5025.00) noncoding_equivalent(159.00) raw_noncoding(159.00) offset(0.00) 
23063	24790	single+	1	3	{Augustus_model.g349.t1;Augustus}

# EVM prediction: Mode:STANDARD S-ratio: 31.43 26154-26834 orient(-) score(1980.00) noncoding_equivalent(63.00) raw_noncoding(63.00) offset(0.00) 
26834	26154	single-	4	6	{Augustus_model.g350.t1;Augustus},{GlimmerHMM_glimmerT_414-T1;GlimmerHMM}

# EVM prediction: Mode:STANDARD S-ratio: 10000.00 27000-28916 orient(-) score(5751.00) noncoding_equivalent(0.58) raw_noncoding(0.00) offset(0.00) 
28916	27000	single-	4	6	{GlimmerHMM_glimmerT_415-T1;GlimmerHMM}

# EVM prediction: Mode:STANDARD S-ratio: 32.40 29263-32181 orient(-) score(8494.00) noncoding_equivalent(262.16) raw_noncoding(262.16) offset(0.00) 
32181	29263	single-	4	6	{GlimmerHMM_glimmerT_416-T1;GlimmerHMM}

# EVM prediction: Mode:STANDARD S-ratio: 103.60 32478-33851 orient(-) score(4081.00) noncoding_equivalent(39.39) raw_noncoding(39.39) offset(0.00) 
33851	32478	single-	4	6	{Augustus_model.g352.t1;Augustus},{GlimmerHMM_glimmerT_417-T1;GlimmerHMM}

# EVM prediction: Mode:STANDARD S-ratio: 10000.00 34663-35049 orient(-) score(1161.00) noncoding_equivalent(0.12) raw_noncoding(0.00) offset(0.00) 
35049	34663	single-	4	6	{Augustus_model.g353.t1;Augustus},{GlimmerHMM_glimmerT_418-T1;GlimmerHMM}

# EVM prediction: Mode:STANDARD S-ratio: 170.90 35309-36232 orient(-) score(2754.00) noncoding_equivalent(16.11) raw_noncoding(16.11) offset(0.00) 
36232	35309	single-	4	6	{GlimmerHMM_glimmerT_419-T1;GlimmerHMM},{Augustus_model.g354.t1;Augustus}

# EVM prediction: Mode:STANDARD S-ratio: 26.52 36510-39591 orient(-) score(8687.00) noncoding_equivalent(327.58) raw_noncoding(783.04) offset(455.46) 
37231	36510	terminal-	5	6	{Augustus_model.g355.t1;Augustus}
37463	37232	INTRON			{Augustus_model.g355.t1;Augustus}
39591	37464	initial-	4	4	{Augustus_model.g355.t1;Augustus}

# EVM prediction: Mode:STANDARD S-ratio: 47.75 40070-42994 orient(+) score(8595.00) noncoding_equivalent(180.00) raw_noncoding(180.00) offset(0.00) 
40070	42994	single+	1	3	{Augustus_model.g356.t1;Augustus},{GlimmerHMM_glimmerT_422-T1;GlimmerHMM}

# EVM prediction: Mode:STANDARD S-ratio: 10000.00 43054-44919 orient(-) score(5592.00) noncoding_equivalent(0.56) raw_noncoding(0.00) offset(0.00) 
44919	43054	single-	4	6	{GlimmerHMM_glimmerT_423-T1;GlimmerHMM},{Augustus_model.g357.t1;Augustus}

# EVM prediction: Mode:STANDARD S-ratio: 15.03 45099-46246 orient(+) score(3134.00) noncoding_equivalent(208.46) raw_noncoding(311.37) offset(102.91) 
45099	45570	initial+	1	1	{GlimmerHMM_glimmerT_424-T1;GlimmerHMM}
45571	45671	INTRON			{GlimmerHMM_glimmerT_424-T1;GlimmerHMM}
45672	46246	terminal+	2	3	{GlimmerHMM_glimmerT_424-T1;GlimmerHMM}

# EVM prediction: Mode:STANDARD S-ratio: 522.14 46356-47240 orient(+) score(2648.00) noncoding_equivalent(5.07) raw_noncoding(5.07) offset(0.00) 
46356	47240	single+	1	3	{GlimmerHMM_glimmerT_425-T1;GlimmerHMM},{Augustus_model.g359.t1;Augustus}

# EVM prediction: Mode:STANDARD S-ratio: 278.59 47249-50914 orient(-) score(10957.00) noncoding_equivalent(39.33) raw_noncoding(39.33) offset(0.00) 
50914	47249	single-	4	6	{GlimmerHMM_glimmerT_426-T1;GlimmerHMM},{Augustus_model.g360.t1;Augustus}

# EVM prediction: Mode:STANDARD S-ratio: 15.53 51452-52678 orient(+) score(3450.00) noncoding_equivalent(222.09) raw_noncoding(222.09) offset(0.00) 
51452	52678	single+	1	3	{GlimmerHMM_glimmerT_427-T1;GlimmerHMM}

# EVM prediction: Mode:STANDARD S-ratio: 134.04 53188-54231 orient(+) score(3107.00) noncoding_equivalent(23.18) raw_noncoding(23.18) offset(0.00) 
53188	54231	single+	1	3	{Augustus_model.g362.t1;Augustus},{GlimmerHMM_glimmerT_428-T1;GlimmerHMM}

# EVM prediction: Mode:STANDARD S-ratio: 10000.00 54318-56147 orient(+) score(5490.00) noncoding_equivalent(0.55) raw_noncoding(0.00) offset(0.00) 
54318	56147	single+	1	3	{Augustus_model.g363.t1;Augustus},{GlimmerHMM_glimmerT_429-T1;GlimmerHMM}

# EVM prediction: Mode:STANDARD S-ratio: 57.57 56543-60792 orient(-) score(12422.00) noncoding_equivalent(215.77) raw_noncoding(349.99) offset(134.22) 
59458	56543	terminal-	4	6	{snap_scaffold_1-snap.281-T1;snap}
59477	59459	INTRON			{snap_scaffold_1-snap.281-T1;snap}
60692	59478	internal-	4	6	{snap_scaffold_1-snap.281-T1;snap}
60783	60693	INTRON			{Augustus_model.g364.t1;Augustus}
60792	60784	initial-	4	6	{Augustus_model.g364.t1;Augustus}

# EVM prediction: Mode:STANDARD S-ratio: 350.87 61446-62855 orient(-) score(4216.00) noncoding_equivalent(12.02) raw_noncoding(12.02) offset(0.00) 
62855	61446	single-	4	6	{GlimmerHMM_glimmerT_431-T1;GlimmerHMM},{Augustus_model.g365.t1;Augustus}

# EVM prediction: Mode:STANDARD S-ratio: 10000.00 66144-69047 orient(-) score(8712.00) noncoding_equivalent(0.87) raw_noncoding(0.00) offset(0.00) 
69047	66144	single-	4	6	{Augustus_model.g366.t1;Augustus},{GlimmerHMM_glimmerT_433-T1;GlimmerHMM}

# EVM prediction: Mode:STANDARD S-ratio: 1.70 69442-69747 orient(+) score(578.00) noncoding_equivalent(339.03) raw_noncoding(339.03) offset(0.00) 
69442	69747	single+	1	3	{GlimmerHMM_glimmerT_434-T1;GlimmerHMM}

# EVM prediction: Mode:STANDARD S-ratio: 36.25 70739-71632 orient(-) score(2610.00) noncoding_equivalent(72.00) raw_noncoding(72.00) offset(0.00) 
71632	70739	single-	4	6	{Augustus_model.g367.t1;Augustus},{GlimmerHMM_glimmerT_435-T1;GlimmerHMM}

# EVM prediction: Mode:STANDARD S-ratio: 81.43 71900-72985 orient(+) score(3218.00) noncoding_equivalent(39.52) raw_noncoding(39.52) offset(0.00) 
71900	72985	single+	1	3	{GlimmerHMM_glimmerT_436-T1;GlimmerHMM}

# EVM prediction: Mode:STANDARD S-ratio: 10000.00 73399-74463 orient(+) score(3195.00) noncoding_equivalent(0.32) raw_noncoding(0.00) offset(0.00) 
73399	74463	single+	1	3	{Augustus_model.g369.t1;Augustus},{GlimmerHMM_glimmerT_437-T1;GlimmerHMM}

# EVM prediction: Mode:STANDARD S-ratio: 10000.00 74749-78483 orient(+) score(11205.00) noncoding_equivalent(1.12) raw_noncoding(0.00) offset(0.00) 
74749	78483	single+	1	3	{Augustus_model.g370.t1;Augustus},{GlimmerHMM_glimmerT_438-T1;GlimmerHMM}

# EVM prediction: Mode:STANDARD S-ratio: 2.07 78624-79526 orient(+) score(1806.00) noncoding_equivalent(874.00) raw_noncoding(874.00) offset(0.00) 
78624	79526	single+	1	3	{GlimmerHMM_glimmerT_439-T1;GlimmerHMM},{Augustus_model.g371.t1;Augustus}

# EVM prediction: Mode:STANDARD S-ratio: 6.14 79542-80808 orient(-) score(3339.00) noncoding_equivalent(543.48) raw_noncoding(746.00) offset(202.52) 
79549	79542	terminal-	5	6	{Augustus_model.g372.t1;Augustus}
79652	79550	INTRON			{Augustus_model.g372.t1;Augustus}
80535	79653	internal-	4	4	{Augustus_model.g372.t1;Augustus}
80594	80536	INTRON			{Augustus_model.g372.t1;Augustus},{GlimmerHMM_glimmerT_440-T1;GlimmerHMM}
80613	80595	internal-	6	6	{Augustus_model.g372.t1;Augustus},{GlimmerHMM_glimmerT_440-T1;GlimmerHMM}
80749	80614	INTRON			{Augustus_model.g372.t1;Augustus},{GlimmerHMM_glimmerT_440-T1;GlimmerHMM}
80808	80750	initial-	4	5	{Augustus_model.g372.t1;Augustus},{GlimmerHMM_glimmerT_440-T1;GlimmerHMM}

# EVM prediction: Mode:STANDARD S-ratio: 2.00 81087-81668 orient(+) score(1164.00) noncoding_equivalent(582.00) raw_noncoding(582.00) offset(0.00) 
81087	81668	single+	1	3	{GlimmerHMM_glimmerT_441-T1;GlimmerHMM},{Augustus_model.g373.t1;Augustus}

# EVM prediction: Mode:STANDARD S-ratio: 71.75 82100-85153 orient(+) score(9035.00) noncoding_equivalent(125.92) raw_noncoding(125.92) offset(0.00) 
82100	85153	single+	1	3	{GlimmerHMM_glimmerT_442-T1;GlimmerHMM}

# EVM prediction: Mode:STANDARD S-ratio: 10000.00 86430-88640 orient(+) score(6633.00) noncoding_equivalent(0.66) raw_noncoding(0.00) offset(0.00) 
86430	88640	single+	1	3	{Augustus_model.g375.t1;Augustus},{GlimmerHMM_glimmerT_443-T1;GlimmerHMM}

# EVM prediction: Mode:STANDARD S-ratio: 2.00 88686-89609 orient(-) score(1848.00) noncoding_equivalent(922.00) raw_noncoding(922.00) offset(0.00) 
89609	88686	single-	4	6	{GlimmerHMM_glimmerT_444-T1;GlimmerHMM},{Augustus_model.g376.t1;Augustus}

# EVM prediction: Mode:STANDARD S-ratio: 10000.00 89955-90749 orient(+) score(2385.00) noncoding_equivalent(0.24) raw_noncoding(0.00) offset(0.00) 
89955	90749	single+	1	3	{GlimmerHMM_glimmerT_445-T1;GlimmerHMM},{Augustus_model.g377.t1;Augustus}

# EVM prediction: Mode:STANDARD S-ratio: 24.17 90830-92179 orient(-) score(3886.00) noncoding_equivalent(160.75) raw_noncoding(160.75) offset(0.00) 
92179	90830	single-	4	6	{GlimmerHMM_glimmerT_446-T1;GlimmerHMM}

# EVM prediction: Mode:STANDARD S-ratio: 5.32 92397-93197 orient(-) score(2024.00) noncoding_equivalent(380.21) raw_noncoding(380.21) offset(0.00) 
93197	92397	single-	4	6	{GlimmerHMM_glimmerT_447-T1;GlimmerHMM}

# EVM prediction: Mode:STANDARD S-ratio: 36.50 93744-94484 orient(-) score(2162.00) noncoding_equivalent(59.23) raw_noncoding(59.23) offset(0.00) 
94484	93744	single-	4	6	{GlimmerHMM_glimmerT_448-T1;GlimmerHMM},{Augustus_model.g379.t1;Augustus}

# EVM prediction: Mode:STANDARD S-ratio: 2.04 94798-95118 orient(+) score(642.00) noncoding_equivalent(315.22) raw_noncoding(315.22) offset(0.00) 
94798	95118	single+	1	3	{Augustus_model.g380.t1;Augustus},{GlimmerHMM_glimmerT_449-T1;GlimmerHMM}

# EVM prediction: Mode:STANDARD S-ratio: 2.00 95145-96233 orient(-) score(2178.00) noncoding_equivalent(1089.00) raw_noncoding(1089.00) offset(0.00) 
96233	95145	single-	4	6	{Augustus_model.g381.t1;Augustus},{GlimmerHMM_glimmerT_450-T1;GlimmerHMM}

