!! Predictions spanning range 2088 - 98243 [R1]
# EVM prediction: Mode:STANDARD S-ratio: 15.33 2088-4578 orient(+) score(8744.00) noncoding_equivalent(570.53) raw_noncoding(1128.00) offset(557.47) 
2088	3728	initial+	1	3	{Augustus_model.g1245.t1;Augustus}
3729	3877	INTRON			{Augustus_model.g1245.t1;Augustus}
3878	3921	internal+	1	2	{Augustus_model.g1245.t1;Augustus}
3922	4076	INTRON			{Augustus_model.g1245.t1;Augustus}
4077	4578	terminal+	3	3	{Augustus_model.g1245.t1;Augustus}

# EVM prediction: Mode:STANDARD S-ratio: 9.15 5513-6790 orient(+) score(4354.00) noncoding_equivalent(475.66) raw_noncoding(701.97) offset(226.31) 
5513	6634	initial+	1	3	{snap_scaffold_4-snap.2-T1;snap}
6635	6763	INTRON			{snap_scaffold_4-snap.2-T1;snap}
6764	6790	terminal+	1	3	{snap_scaffold_4-snap.2-T1;snap}

# EVM prediction: Mode:STANDARD S-ratio: 60.12 7052-9487 orient(+) score(9583.00) noncoding_equivalent(159.41) raw_noncoding(159.41) offset(0.00) 
7052	9487	single+	1	3	{GlimmerHMM_glimmerT_1352-T1;GlimmerHMM}

# EVM prediction: Mode:STANDARD S-ratio: 10000.00 9821-11305 orient(+) score(5940.00) noncoding_equivalent(0.59) raw_noncoding(0.00) offset(0.00) 
9821	11305	single+	1	3	{Augustus_model.g1247.t1;Augustus},{GlimmerHMM_glimmerT_1353-T1;GlimmerHMM}

# EVM prediction: Mode:STANDARD S-ratio: 358.42 11615-13162 orient(+) score(6175.00) noncoding_equivalent(17.23) raw_noncoding(17.23) offset(0.00) 
11615	13162	single+	1	3	{Augustus_model.g1248.t1;Augustus},{GlimmerHMM_glimmerT_1354-T1;GlimmerHMM}

# EVM prediction: Mode:STANDARD S-ratio: 154.90 13477-14742 orient(+) score(5032.00) noncoding_equivalent(32.48) raw_noncoding(32.48) offset(0.00) 
13477	14742	single+	1	3	{Augustus_model.g1249.t1;Augustus},{GlimmerHMM_glimmerT_1355-T1;GlimmerHMM}

# EVM prediction: Mode:STANDARD S-ratio: 4.36 14839-16215 orient(-) score(6708.00) noncoding_equivalent(1538.06) raw_noncoding(1538.06) offset(0.00) 
16215	14839	single-	4	6	{HiQ_model.g1250.t1;HiQ},{GlimmerHMM_glimmerT_1356-T1;GlimmerHMM}

# EVM prediction: Mode:STANDARD S-ratio: 3.00 16763-17338 orient(+) score(1728.00) noncoding_equivalent(576.00) raw_noncoding(576.00) offset(0.00) 
16763	17338	single+	1	3	{Augustus_model.g1251.t1;Augustus},{GlimmerHMM_glimmerT_1357-T1;GlimmerHMM}

# EVM prediction: Mode:STANDARD S-ratio: 4.89 17467-17916 orient(-) score(2240.00) noncoding_equivalent(458.05) raw_noncoding(458.05) offset(0.00) 
17916	17467	single-	4	6	{GlimmerHMM_glimmerT_1358-T1;GlimmerHMM},{HiQ_model.g1252.t1;HiQ}

# EVM prediction: Mode:STANDARD S-ratio: 4.94 18222-20714 orient(-) score(12439.00) noncoding_equivalent(2519.15) raw_noncoding(2519.15) offset(0.00) 
20714	18222	single-	4	6	{GlimmerHMM_glimmerT_1359-T1;GlimmerHMM},{HiQ_model.g1253.t1;HiQ}

# EVM prediction: Mode:STANDARD S-ratio: 30.30 22045-22644 orient(+) score(2325.00) noncoding_equivalent(76.74) raw_noncoding(76.74) offset(0.00) 
22045	22644	single+	1	3	{Augustus_model.g1254.t1;Augustus}

# EVM prediction: Mode:STANDARD S-ratio: 533.33 23007-23567 orient(+) score(2240.00) noncoding_equivalent(4.20) raw_noncoding(4.20) offset(0.00) 
23007	23567	single+	1	3	{GlimmerHMM_glimmerT_1361-T1;GlimmerHMM},{Augustus_model.g1255.t1;Augustus}

# EVM prediction: Mode:STANDARD S-ratio: 197.00 23927-25312 orient(-) score(4137.00) noncoding_equivalent(21.00) raw_noncoding(21.00) offset(0.00) 
25312	23927	single-	4	6	{GlimmerHMM_glimmerT_1362-T1;GlimmerHMM},{Augustus_model.g1256.t1;Augustus}

# EVM prediction: Mode:STANDARD S-ratio: 4.69 26316-26975 orient(-) score(3263.00) noncoding_equivalent(695.15) raw_noncoding(695.15) offset(0.00) 
26975	26316	single-	4	6	{HiQ_model.g1257.t1;HiQ},{GlimmerHMM_glimmerT_1363-T1;GlimmerHMM}

# EVM prediction: Mode:STANDARD S-ratio: 4.37 27281-28462 orient(-) score(5773.00) noncoding_equivalent(1319.57) raw_noncoding(1319.57) offset(0.00) 
28462	27281	single-	4	6	{GlimmerHMM_glimmerT_1364-T1;GlimmerHMM},{HiQ_model.g1258.t1;HiQ}

# EVM prediction: Mode:STANDARD S-ratio: 4.98 28861-30699 orient(-) score(9188.00) noncoding_equivalent(1846.05) raw_noncoding(1846.05) offset(0.00) 
30699	28861	single-	4	6	{HiQ_model.g1259.t1;HiQ},{GlimmerHMM_glimmerT_1365-T1;GlimmerHMM}

# EVM prediction: Mode:STANDARD S-ratio: 161.82 30979-32745 orient(+) score(5269.00) noncoding_equivalent(32.56) raw_noncoding(32.56) offset(0.00) 
30979	32745	single+	1	3	{GlimmerHMM_glimmerT_1366-T1;GlimmerHMM},{Augustus_model.g1260.t1;Augustus}

# EVM prediction: Mode:STANDARD S-ratio: 2.22 32807-34456 orient(-) score(6600.00) noncoding_equivalent(2966.37) raw_noncoding(2966.37) offset(0.00) 
34456	32807	single-	4	6	{HiQ_model.g1261.t1;HiQ},{GlimmerHMM_glimmerT_1367-T1;GlimmerHMM}

# EVM prediction: Mode:STANDARD S-ratio: 109.89 35765-37243 orient(+) score(5863.00) noncoding_equivalent(53.35) raw_noncoding(53.35) offset(0.00) 
35765	37243	single+	1	3	{Augustus_model.g1262.t1;Augustus},{GlimmerHMM_glimmerT_1368-T1;GlimmerHMM}

# EVM prediction: Mode:STANDARD S-ratio: 10000.00 37497-39860 orient(+) score(9456.00) noncoding_equivalent(0.95) raw_noncoding(0.00) offset(0.00) 
37497	39860	single+	1	3	{GlimmerHMM_glimmerT_1369-T1;GlimmerHMM},{Augustus_model.g1263.t1;Augustus}

# EVM prediction: Mode:STANDARD S-ratio: 1897.71 40100-43021 orient(+) score(11682.00) noncoding_equivalent(6.16) raw_noncoding(6.16) offset(0.00) 
40100	43021	single+	1	3	{Augustus_model.g1264.t1;Augustus},{GlimmerHMM_glimmerT_1370-T1;GlimmerHMM}

# EVM prediction: Mode:STANDARD S-ratio: 4.76 43423-44301 orient(-) score(4359.00) noncoding_equivalent(915.00) raw_noncoding(915.00) offset(0.00) 
44301	43423	single-	4	6	{GlimmerHMM_glimmerT_1371-T1;GlimmerHMM},{HiQ_model.g1265.t1;HiQ}

# EVM prediction: Mode:STANDARD S-ratio: 53.28 45081-45680 orient(+) score(2354.00) noncoding_equivalent(44.18) raw_noncoding(44.18) offset(0.00) 
45081	45680	single+	1	3	{GlimmerHMM_glimmerT_1372-T1;GlimmerHMM},{Augustus_model.g1266.t1;Augustus}

# EVM prediction: Mode:STANDARD S-ratio: 4.62 45778-47412 orient(-) score(8064.00) noncoding_equivalent(1746.00) raw_noncoding(1746.00) offset(0.00) 
47412	45778	single-	4	6	{HiQ_model.g1267.t1;HiQ},{GlimmerHMM_glimmerT_1373-T1;GlimmerHMM}

# EVM prediction: Mode:STANDARD S-ratio: 4.91 47706-49787 orient(-) score(10380.00) noncoding_equivalent(2112.00) raw_noncoding(2112.00) offset(0.00) 
49787	47706	single-	4	6	{HiQ_model.g1268.t1;HiQ},{GlimmerHMM_glimmerT_1374-T1;GlimmerHMM}

# EVM prediction: Mode:STANDARD S-ratio: 59.12 50549-51436 orient(+) score(2620.00) noncoding_equivalent(44.31) raw_noncoding(44.31) offset(0.00) 
50549	51436	single+	1	3	{Augustus_model.g1269.t1;Augustus},{GlimmerHMM_glimmerT_1375-T1;GlimmerHMM}

# EVM prediction: Mode:STANDARD S-ratio: 10000.00 51806-53482 orient(-) score(5025.00) noncoding_equivalent(0.50) raw_noncoding(0.00) offset(0.00) 
53482	51806	single-	4	6	{Augustus_model.g1270.t1;Augustus},{GlimmerHMM_glimmerT_1376-T1;GlimmerHMM}

# EVM prediction: Mode:STANDARD S-ratio: 47.47 54026-54643 orient(+) score(2421.00) noncoding_equivalent(51.00) raw_noncoding(51.00) offset(0.00) 
54026	54643	single+	1	3	{Augustus_model.g1271.t1;Augustus},{GlimmerHMM_glimmerT_1377-T1;GlimmerHMM}

# EVM prediction: Mode:STANDARD S-ratio: 4.95 54790-56151 orient(-) score(6799.00) noncoding_equivalent(1373.54) raw_noncoding(1373.54) offset(0.00) 
56151	54790	single-	4	6	{HiQ_model.g1272.t1;HiQ},{GlimmerHMM_glimmerT_1378-T1;GlimmerHMM}

# EVM prediction: Mode:STANDARD S-ratio: 415.67 57131-59005 orient(+) score(7482.00) noncoding_equivalent(18.00) raw_noncoding(18.00) offset(0.00) 
57131	59005	single+	1	3	{Augustus_model.g1273.t1;Augustus},{GlimmerHMM_glimmerT_1379-T1;GlimmerHMM}

# EVM prediction: Mode:STANDARD S-ratio: 4.96 59285-63361 orient(-) score(20358.00) noncoding_equivalent(4104.00) raw_noncoding(4104.00) offset(0.00) 
63361	59285	single-	4	6	{GlimmerHMM_glimmerT_1380-T1;GlimmerHMM},{HiQ_model.g1274.t1;HiQ}

# EVM prediction: Mode:STANDARD S-ratio: 4.90 63779-64447 orient(-) score(3334.00) noncoding_equivalent(680.08) raw_noncoding(680.08) offset(0.00) 
64447	63779	single-	4	6	{GlimmerHMM_glimmerT_1381-T1;GlimmerHMM},{HiQ_model.g1275.t1;HiQ}

# EVM prediction: Mode:STANDARD S-ratio: 5.98 65005-65403 orient(-) score(2388.00) noncoding_equivalent(399.00) raw_noncoding(399.00) offset(0.00) 
65403	65005	single-	4	6	{HiQ_model.g1276.t1;HiQ},{GlimmerHMM_glimmerT_1382-T1;GlimmerHMM}

# EVM prediction: Mode:STANDARD S-ratio: 43.17 66220-66615 orient(+) score(1936.00) noncoding_equivalent(44.85) raw_noncoding(44.85) offset(0.00) 
66220	66615	single+	1	3	{GlimmerHMM_glimmerT_1383-T1;GlimmerHMM},{Augustus_model.g1277.t1;Augustus}

# EVM prediction: Mode:STANDARD S-ratio: 8.23 67430-70877 orient(-) score(10266.00) noncoding_equivalent(1248.00) raw_noncoding(3500.00) offset(2252.00) 
68502	67430	terminal-	5	6	{Augustus_model.g1278.t1;Augustus}
69634	68503	INTRON			{Augustus_model.g1278.t1;Augustus}
70877	69635	initial-	4	4	{Augustus_model.g1278.t1;Augustus}

# EVM prediction: Mode:STANDARD S-ratio: 5.00 71494-73593 orient(-) score(10500.00) noncoding_equivalent(2100.00) raw_noncoding(2100.00) offset(0.00) 
73593	71494	single-	4	6	{HiQ_model.g1279.t1;HiQ}

# EVM prediction: Mode:STANDARD S-ratio: 128.97 74107-75477 orient(+) score(5442.00) noncoding_equivalent(42.20) raw_noncoding(42.20) offset(0.00) 
74107	75477	single+	1	3	{Augustus_model.g1280.t1;Augustus},{GlimmerHMM_glimmerT_1387-T1;GlimmerHMM}

# EVM prediction: Mode:STANDARD S-ratio: 10000.00 75879-77150 orient(+) score(3816.00) noncoding_equivalent(0.38) raw_noncoding(0.00) offset(0.00) 
75879	77150	single+	1	3	{Augustus_model.g1281.t1;Augustus},{GlimmerHMM_glimmerT_1388-T1;GlimmerHMM}

# EVM prediction: Mode:STANDARD S-ratio: 1662.54 77451-81380 orient(+) score(15711.00) noncoding_equivalent(9.45) raw_noncoding(9.45) offset(0.00) 
77451	81380	single+	1	3	{GlimmerHMM_glimmerT_1389-T1;GlimmerHMM},{Augustus_model.g1282.t1;Augustus}

# EVM prediction: Mode:STANDARD S-ratio: 4.97 81925-85896 orient(-) score(19842.00) noncoding_equivalent(3990.00) raw_noncoding(3990.00) offset(0.00) 
85896	81925	single-	4	6	{GlimmerHMM_glimmerT_1390-T1;GlimmerHMM},{HiQ_model.g1283.t1;HiQ}

# EVM prediction: Mode:STANDARD S-ratio: 4.92 87003-88055 orient(-) score(5251.00) noncoding_equivalent(1067.37) raw_noncoding(1067.37) offset(0.00) 
88055	87003	single-	4	6	{HiQ_model.g1284.t1;HiQ},{GlimmerHMM_glimmerT_1391-T1;GlimmerHMM}

# EVM prediction: Mode:STANDARD S-ratio: 5.00 88715-91456 orient(-) score(13710.00) noncoding_equivalent(2742.00) raw_noncoding(2742.00) offset(0.00) 
91456	88715	single-	4	6	{GlimmerHMM_glimmerT_1392-T1;GlimmerHMM},{HiQ_model.g1285.t1;HiQ}

# EVM prediction: Mode:STANDARD S-ratio: 5.00 92296-93975 orient(-) score(8400.00) noncoding_equivalent(1680.00) raw_noncoding(1680.00) offset(0.00) 
93975	92296	single-	4	6	{GlimmerHMM_glimmerT_1393-T1;GlimmerHMM},{HiQ_model.g1286.t1;HiQ}

# EVM prediction: Mode:STANDARD S-ratio: 4.78 94342-96480 orient(-) score(10614.00) noncoding_equivalent(2220.00) raw_noncoding(2220.00) offset(0.00) 
96480	94342	single-	4	6	{GlimmerHMM_glimmerT_1394-T1;GlimmerHMM},{HiQ_model.g1287.t1;HiQ}

# EVM prediction: Mode:STANDARD S-ratio: 1.00 98016-98243 orient(-) score(456.00) noncoding_equivalent(456.00) raw_noncoding(456.00) offset(0.00) 
98243	98016	single-	4	6	{GlimmerHMM_glimmerT_1395-T1;GlimmerHMM}

