!! Predictions spanning range 2310 - 99182 [R1]
# EVM prediction: Mode:STANDARD S-ratio: 7.46 2310-3429 orient(+) score(2664.00) noncoding_equivalent(357.15) raw_noncoding(1014.64) offset(657.49) 
2310	2312	initial+	1	3	{Augustus_model.g895.t1;Augustus}
2313	2649	INTRON			{Augustus_model.g895.t1;Augustus}
2650	3429	terminal+	1	3	{Augustus_model.g895.t1;Augustus}

# EVM prediction: Mode:STANDARD S-ratio: 2.91 3984-4175 orient(+) score(558.00) noncoding_equivalent(192.00) raw_noncoding(192.00) offset(0.00) 
3984	4175	single+	1	3	{GlimmerHMM_glimmerT_995-T1;GlimmerHMM}

# EVM prediction: Mode:STANDARD S-ratio: 35.56 4644-5489 orient(+) score(2467.00) noncoding_equivalent(69.38) raw_noncoding(69.38) offset(0.00) 
4644	5489	single+	1	3	{Augustus_model.g897.t1;Augustus},{GlimmerHMM_glimmerT_996-T1;GlimmerHMM}

# EVM prediction: Mode:STANDARD S-ratio: 5.69 5729-6897 orient(-) score(4617.00) noncoding_equivalent(812.02) raw_noncoding(1219.06) offset(407.04) 
6489	5729	terminal-	5	6	{Augustus_model.g898.t1;Augustus},{snap_scaffold_1-snap.867-T1;snap}
6893	6490	INTRON			{Augustus_model.g898.t1;Augustus},{snap_scaffold_1-snap.867-T1;snap}
6897	6894	initial-	4	4	{Augustus_model.g898.t1;Augustus},{snap_scaffold_1-snap.867-T1;snap}

# EVM prediction: Mode:STANDARD S-ratio: 1049.37 8057-10174 orient(+) score(6346.00) noncoding_equivalent(6.05) raw_noncoding(6.05) offset(0.00) 
8057	10174	single+	1	3	{GlimmerHMM_glimmerT_998-T1;GlimmerHMM},{Augustus_model.g899.t1;Augustus}

# EVM prediction: Mode:STANDARD S-ratio: 44.81 11889-12974 orient(+) score(3185.00) noncoding_equivalent(71.08) raw_noncoding(71.08) offset(0.00) 
11889	12974	single+	1	3	{GlimmerHMM_glimmerT_999-T1;GlimmerHMM}

# EVM prediction: Mode:STANDARD S-ratio: 807.73 13283-14914 orient(-) score(4888.00) noncoding_equivalent(6.05) raw_noncoding(6.05) offset(0.00) 
14914	13283	single-	4	6	{Augustus_model.g901.t1;Augustus},{GlimmerHMM_glimmerT_1000-T1;GlimmerHMM}

# EVM prediction: Mode:STANDARD S-ratio: 2.00 15467-16003 orient(+) score(1074.00) noncoding_equivalent(537.00) raw_noncoding(537.00) offset(0.00) 
15467	16003	single+	1	3	{GlimmerHMM_glimmerT_1001-T1;GlimmerHMM},{Augustus_model.g902.t1;Augustus}

# EVM prediction: Mode:STANDARD S-ratio: 10000.00 16099-16473 orient(-) score(1125.00) noncoding_equivalent(0.11) raw_noncoding(0.00) offset(0.00) 
16473	16099	single-	4	6	{Augustus_model.g903.t1;Augustus},{GlimmerHMM_glimmerT_1002-T1;GlimmerHMM}

# EVM prediction: Mode:STANDARD S-ratio: 304.69 16811-17839 orient(-) score(3075.00) noncoding_equivalent(10.09) raw_noncoding(10.09) offset(0.00) 
17839	16811	single-	4	6	{Augustus_model.g904.t1;Augustus},{GlimmerHMM_glimmerT_1003-T1;GlimmerHMM}

# EVM prediction: Mode:STANDARD S-ratio: 2.02 18571-19272 orient(+) score(1408.00) noncoding_equivalent(698.43) raw_noncoding(698.43) offset(0.00) 
18571	19272	single+	1	3	{Augustus_model.g905.t1;Augustus},{GlimmerHMM_glimmerT_1004-T1;GlimmerHMM}

# EVM prediction: Mode:STANDARD S-ratio: 19.16 19842-21047 orient(+) score(3437.00) noncoding_equivalent(179.38) raw_noncoding(179.38) offset(0.00) 
19842	21047	single+	1	3	{Augustus_model.g906.t1;Augustus}

# EVM prediction: Mode:STANDARD S-ratio: 10000.00 21373-22068 orient(+) score(2079.00) noncoding_equivalent(0.21) raw_noncoding(0.00) offset(0.00) 
21373	22068	single+	1	3	{Augustus_model.g907.t1;Augustus},{GlimmerHMM_glimmerT_1006-T1;GlimmerHMM}

# EVM prediction: Mode:STANDARD S-ratio: 2.04 22098-22403 orient(-) score(612.00) noncoding_equivalent(300.16) raw_noncoding(300.16) offset(0.00) 
22403	22098	single-	4	6	{GlimmerHMM_glimmerT_1007-T1;GlimmerHMM},{Augustus_model.g908.t1;Augustus}

# EVM prediction: Mode:STANDARD S-ratio: 6.94 22925-25636 orient(+) score(6448.00) noncoding_equivalent(928.50) raw_noncoding(2291.16) offset(1362.66) 
22925	24156	initial+	1	2	{GlimmerHMM_glimmerT_1008-T1;GlimmerHMM}
24157	24912	INTRON			{GlimmerHMM_glimmerT_1008-T1;GlimmerHMM}
24913	25636	terminal+	3	3	{GlimmerHMM_glimmerT_1008-T1;GlimmerHMM}

# EVM prediction: Mode:STANDARD S-ratio: 603.22 26985-34640 orient(+) score(22928.00) noncoding_equivalent(38.01) raw_noncoding(38.01) offset(0.00) 
26985	34640	single+	1	3	{GlimmerHMM_glimmerT_1009-T1;GlimmerHMM},{Augustus_model.g910.t1;Augustus}

# EVM prediction: Mode:STANDARD S-ratio: 34.28 34977-36881 orient(-) score(5553.00) noncoding_equivalent(162.00) raw_noncoding(162.00) offset(0.00) 
36881	34977	single-	4	6	{GlimmerHMM_glimmerT_1010-T1;GlimmerHMM}

# EVM prediction: Mode:STANDARD S-ratio: 38.60 38077-39486 orient(-) score(4122.00) noncoding_equivalent(106.79) raw_noncoding(106.79) offset(0.00) 
39486	38077	single-	4	6	{Augustus_model.g912.t1;Augustus},{GlimmerHMM_glimmerT_1011-T1;GlimmerHMM}

# EVM prediction: Mode:STANDARD S-ratio: 2.00 39709-40272 orient(+) score(1128.00) noncoding_equivalent(564.00) raw_noncoding(564.00) offset(0.00) 
39709	40272	single+	1	3	{GlimmerHMM_glimmerT_1012-T1;GlimmerHMM},{Augustus_model.g913.t1;Augustus}

# EVM prediction: Mode:STANDARD S-ratio: 490.48 40408-41229 orient(-) score(2459.00) noncoding_equivalent(5.01) raw_noncoding(5.01) offset(0.00) 
41229	40408	single-	4	6	{Augustus_model.g914.t1;Augustus},{GlimmerHMM_glimmerT_1013-T1;GlimmerHMM}

# EVM prediction: Mode:STANDARD S-ratio: 28.52 42572-43468 orient(+) score(2600.00) noncoding_equivalent(91.16) raw_noncoding(91.16) offset(0.00) 
42572	43468	single+	1	3	{Augustus_model.g915.t1;Augustus}

# EVM prediction: Mode:STANDARD S-ratio: 13.63 45446-46084 orient(+) score(1786.00) noncoding_equivalent(131.04) raw_noncoding(131.04) offset(0.00) 
45446	46084	single+	1	3	{GlimmerHMM_glimmerT_1015-T1;GlimmerHMM}

# EVM prediction: Mode:STANDARD S-ratio: 81.03 46659-47750 orient(+) score(3235.00) noncoding_equivalent(39.93) raw_noncoding(39.93) offset(0.00) 
46659	47750	single+	1	3	{GlimmerHMM_glimmerT_1016-T1;GlimmerHMM}

# EVM prediction: Mode:STANDARD S-ratio: 13.02 47968-49077 orient(+) score(3091.00) noncoding_equivalent(237.49) raw_noncoding(237.49) offset(0.00) 
47968	49077	single+	1	3	{GlimmerHMM_glimmerT_1017-T1;GlimmerHMM}

# EVM prediction: Mode:STANDARD S-ratio: 161.41 49082-50827 orient(-) score(5204.00) noncoding_equivalent(32.24) raw_noncoding(32.24) offset(0.00) 
50827	49082	single-	4	6	{GlimmerHMM_glimmerT_1018-T1;GlimmerHMM},{Augustus_model.g917.t1;Augustus}

# EVM prediction: Mode:STANDARD S-ratio: 10000.00 51346-53355 orient(-) score(6030.00) noncoding_equivalent(0.60) raw_noncoding(0.00) offset(0.00) 
53355	51346	single-	4	6	{Augustus_model.g918.t1;Augustus},{GlimmerHMM_glimmerT_1019-T1;GlimmerHMM}

# EVM prediction: Mode:STANDARD S-ratio: 1.47 55116-56570 orient(-) score(1855.00) noncoding_equivalent(1260.01) raw_noncoding(3699.48) offset(2439.47) 
55315	55116	terminal-	5	6	{Augustus_model.g919.t1;Augustus},{snap_scaffold_1-snap.887-T1;snap},{GlimmerHMM_glimmerT_1020-T1;GlimmerHMM}
56563	55316	INTRON			{snap_scaffold_1-snap.887-T1;snap}
56570	56564	initial-	4	4	{snap_scaffold_1-snap.887-T1;snap}

# EVM prediction: Mode:STANDARD S-ratio: 1.76 56989-57297 orient(-) score(592.00) noncoding_equivalent(335.65) raw_noncoding(335.65) offset(0.00) 
57297	56989	single-	4	6	{GlimmerHMM_glimmerT_1021-T1;GlimmerHMM}

# EVM prediction: Mode:STANDARD S-ratio: 27.36 57814-59685 orient(+) score(5418.00) noncoding_equivalent(198.00) raw_noncoding(198.00) offset(0.00) 
57814	59685	single+	1	3	{GlimmerHMM_glimmerT_1022-T1;GlimmerHMM}

# EVM prediction: Mode:STANDARD S-ratio: 10000.00 59747-61225 orient(-) score(4437.00) noncoding_equivalent(0.44) raw_noncoding(0.00) offset(0.00) 
61225	59747	single-	4	6	{GlimmerHMM_glimmerT_1023-T1;GlimmerHMM},{Augustus_model.g921.t1;Augustus}

# EVM prediction: Mode:STANDARD S-ratio: 2.87 61976-62601 orient(+) score(2015.00) noncoding_equivalent(702.00) raw_noncoding(1026.00) offset(324.00) 
61976	61982	initial+	1	1	{GlimmerHMM_glimmerT_1024-T1;GlimmerHMM},{Augustus_model.g922.t1;Augustus},{snap_scaffold_1-snap.890-T1;snap}
61983	62335	INTRON			{GlimmerHMM_glimmerT_1024-T1;GlimmerHMM},{snap_scaffold_1-snap.890-T1;snap}
62336	62601	terminal+	2	3	{GlimmerHMM_glimmerT_1024-T1;GlimmerHMM},{snap_scaffold_1-snap.890-T1;snap}

# EVM prediction: Mode:STANDARD S-ratio: 10000.00 62859-65039 orient(-) score(6543.00) noncoding_equivalent(0.65) raw_noncoding(0.00) offset(0.00) 
65039	62859	single-	4	6	{Augustus_model.g923.t1;Augustus},{GlimmerHMM_glimmerT_1025-T1;GlimmerHMM}

# EVM prediction: Mode:STANDARD S-ratio: 1.91 65591-66394 orient(+) score(1582.00) noncoding_equivalent(830.34) raw_noncoding(830.34) offset(0.00) 
65591	66394	single+	1	3	{GlimmerHMM_glimmerT_1026-T1;GlimmerHMM}

# EVM prediction: Mode:STANDARD S-ratio: 67.49 66926-67660 orient(+) score(2171.00) noncoding_equivalent(32.17) raw_noncoding(32.17) offset(0.00) 
66926	67660	single+	1	3	{GlimmerHMM_glimmerT_1027-T1;GlimmerHMM}

# EVM prediction: Mode:STANDARD S-ratio: 171.15 67783-71832 orient(-) score(12078.00) noncoding_equivalent(70.57) raw_noncoding(70.57) offset(0.00) 
71832	67783	single-	4	6	{Augustus_model.g925.t1;Augustus},{GlimmerHMM_glimmerT_1028-T1;GlimmerHMM}

# EVM prediction: Mode:STANDARD S-ratio: 10000.00 74035-75111 orient(+) score(4167.00) noncoding_equivalent(0.42) raw_noncoding(0.00) offset(0.00) 
74035	75111	single+	1	3	{Augustus_model.g926.t1;Augustus},{GlimmerHMM_glimmerT_1030-T1;GlimmerHMM}

# EVM prediction: Mode:STANDARD S-ratio: 29.42 76060-78006 orient(+) score(5649.00) noncoding_equivalent(192.00) raw_noncoding(192.00) offset(0.00) 
76060	78006	single+	1	3	{Augustus_model.g927.t1;Augustus},{GlimmerHMM_glimmerT_1031-T1;GlimmerHMM}

# EVM prediction: Mode:STANDARD S-ratio: 10000.00 78110-81814 orient(-) score(11115.00) noncoding_equivalent(1.11) raw_noncoding(0.00) offset(0.00) 
81814	78110	single-	4	6	{GlimmerHMM_glimmerT_1032-T1;GlimmerHMM},{Augustus_model.g928.t1;Augustus}

# EVM prediction: Mode:STANDARD S-ratio: 4.82 83459-84616 orient(-) score(5747.00) noncoding_equivalent(1193.10) raw_noncoding(1193.10) offset(0.00) 
84616	83459	single-	4	6	{HiQ_model.g929.t1;HiQ},{GlimmerHMM_glimmerT_1033-T1;GlimmerHMM}

# EVM prediction: Mode:STANDARD S-ratio: 70.12 87426-88211 orient(-) score(2323.00) noncoding_equivalent(33.13) raw_noncoding(33.13) offset(0.00) 
88211	87426	single-	4	6	{GlimmerHMM_glimmerT_1034-T1;GlimmerHMM},{Augustus_model.g930.t1;Augustus}

# EVM prediction: Mode:STANDARD S-ratio: 58.85 92233-93870 orient(+) score(4826.00) noncoding_equivalent(82.00) raw_noncoding(82.00) offset(0.00) 
92233	93870	single+	1	3	{Augustus_model.g931.t1;Augustus},{GlimmerHMM_glimmerT_1035-T1;GlimmerHMM}

# EVM prediction: Mode:STANDARD S-ratio: 38.32 94641-96899 orient(-) score(6603.00) noncoding_equivalent(172.29) raw_noncoding(172.29) offset(0.00) 
96899	94641	single-	4	6	{Augustus_model.g932.t1;Augustus},{GlimmerHMM_glimmerT_1036-T1;GlimmerHMM}

# EVM prediction: Mode:STANDARD S-ratio: 10000.00 98376-99182 orient(-) score(2421.00) noncoding_equivalent(0.24) raw_noncoding(0.00) offset(0.00) 
99182	98376	single-	4	6	{Augustus_model.g933.t1;Augustus},{GlimmerHMM_glimmerT_1037-T1;GlimmerHMM}

