!! Predictions spanning range 1 - 96982 [R1]
# EVM prediction: Mode:STANDARD S-ratio: 227.43 1-1599 orient(+) score(6368.00) noncoding_equivalent(28.00) raw_noncoding(28.00) offset(0.00) 
1	1599	single+	1	3	{Augustus_model.g3130.t1;Augustus},{GlimmerHMM_glimmerT_3500-T1;GlimmerHMM}

# EVM prediction: Mode:STANDARD S-ratio: 4.65 1882-3342 orient(-) score(7212.00) noncoding_equivalent(1552.55) raw_noncoding(1552.55) offset(0.00) 
3342	1882	single-	4	6	{HiQ_model.g3131.t1;HiQ},{GlimmerHMM_glimmerT_3501-T1;GlimmerHMM}

# EVM prediction: Mode:STANDARD S-ratio: 168.29 3754-4938 orient(+) score(3534.00) noncoding_equivalent(21.00) raw_noncoding(21.00) offset(0.00) 
3754	4938	single+	1	3	{Augustus_model.g3132.t1;Augustus}

# EVM prediction: Mode:STANDARD S-ratio: 4.07 5189-5533 orient(-) score(1662.00) noncoding_equivalent(408.00) raw_noncoding(408.00) offset(0.00) 
5533	5189	single-	4	6	{GlimmerHMM_glimmerT_3503-T1;GlimmerHMM},{HiQ_model.g3133.t1;HiQ}

# EVM prediction: Mode:STANDARD S-ratio: 4.71 5775-6905 orient(-) score(5593.00) noncoding_equivalent(1187.00) raw_noncoding(1187.00) offset(0.00) 
6905	5775	single-	4	6	{GlimmerHMM_glimmerT_3504-T1;GlimmerHMM},{HiQ_model.g3134.t1;HiQ}

# EVM prediction: Mode:STANDARD S-ratio: 6.15 7494-8015 orient(-) score(1347.00) noncoding_equivalent(219.00) raw_noncoding(219.00) offset(0.00) 
8015	7494	single-	4	6	{Augustus_model.g3135.t1;Augustus},{GlimmerHMM_glimmerT_3505-T1;GlimmerHMM}

# EVM prediction: Mode:STANDARD S-ratio: 520.45 8646-11816 orient(+) score(12650.00) noncoding_equivalent(24.31) raw_noncoding(24.31) offset(0.00) 
8646	11816	single+	1	3	{GlimmerHMM_glimmerT_3506-T1;GlimmerHMM},{Augustus_model.g3136.t1;Augustus}

# EVM prediction: Mode:STANDARD S-ratio: 10000.00 12113-12571 orient(+) score(1836.00) noncoding_equivalent(0.18) raw_noncoding(0.00) offset(0.00) 
12113	12571	single+	1	3	{GlimmerHMM_glimmerT_3507-T1;GlimmerHMM},{Augustus_model.g3137.t1;Augustus}

# EVM prediction: Mode:STANDARD S-ratio: 3.15 12903-14178 orient(-) score(5595.00) noncoding_equivalent(1779.00) raw_noncoding(2055.00) offset(276.00) 
14034	12903	terminal-	6	6	{HiQ_model.g3138.t1;HiQ}
14128	14035	INTRON			{HiQ_model.g3138.t1;HiQ},{ev_type:exonerate/ID=match.111469.1701/Target=YNL130C;exonerate}
14178	14129	initial-	4	5	{HiQ_model.g3138.t1;HiQ}

# EVM prediction: Mode:STANDARD S-ratio: 30.58 14806-15528 orient(+) score(2799.00) noncoding_equivalent(91.52) raw_noncoding(91.52) offset(0.00) 
14806	15528	single+	1	3	{Augustus_model.g3139.t1;Augustus},{GlimmerHMM_glimmerT_3509-T1;GlimmerHMM}

# EVM prediction: Mode:STANDARD S-ratio: 11.60 15687-16964 orient(+) score(4695.00) noncoding_equivalent(404.68) raw_noncoding(404.68) offset(0.00) 
15687	16964	single+	1	3	{GlimmerHMM_glimmerT_3510-T1;GlimmerHMM}

# EVM prediction: Mode:STANDARD S-ratio: 242.46 17287-20187 orient(+) score(11477.00) noncoding_equivalent(47.34) raw_noncoding(47.34) offset(0.00) 
17287	20187	single+	1	3	{GlimmerHMM_glimmerT_3511-T1;GlimmerHMM}

# EVM prediction: Mode:STANDARD S-ratio: 314.27 20692-23229 orient(+) score(10118.00) noncoding_equivalent(32.20) raw_noncoding(32.20) offset(0.00) 
20692	23229	single+	1	3	{Augustus_model.g3141.t1;Augustus},{GlimmerHMM_glimmerT_3512-T1;GlimmerHMM}

# EVM prediction: Mode:STANDARD S-ratio: 5.00 23589-25601 orient(-) score(10065.00) noncoding_equivalent(2013.00) raw_noncoding(2013.00) offset(0.00) 
25601	23589	single-	4	6	{HiQ_model.g3142.t1;HiQ},{GlimmerHMM_glimmerT_3513-T1;GlimmerHMM}

# EVM prediction: Mode:STANDARD S-ratio: 10000.00 26414-27907 orient(+) score(4479.00) noncoding_equivalent(0.45) raw_noncoding(0.00) offset(0.00) 
26414	27907	single+	1	3	{GlimmerHMM_glimmerT_3514-T1;GlimmerHMM},{Augustus_model.g3143.t1;Augustus}

# EVM prediction: Mode:STANDARD S-ratio: 393.31 28184-31177 orient(+) score(11944.00) noncoding_equivalent(30.37) raw_noncoding(30.37) offset(0.00) 
28184	31177	single+	1	3	{GlimmerHMM_glimmerT_3515-T1;GlimmerHMM},{Augustus_model.g3144.t1;Augustus}

# EVM prediction: Mode:STANDARD S-ratio: 5.00 32195-34048 orient(-) score(9270.00) noncoding_equivalent(1854.00) raw_noncoding(1854.00) offset(0.00) 
34048	32195	single-	4	6	{HiQ_model.g3145.t1;HiQ},{GlimmerHMM_glimmerT_3517-T1;GlimmerHMM}

# EVM prediction: Mode:STANDARD S-ratio: 2.00 34520-36004 orient(+) score(2970.00) noncoding_equivalent(1485.00) raw_noncoding(1485.00) offset(0.00) 
34520	36004	single+	1	3	{GlimmerHMM_glimmerT_3518-T1;GlimmerHMM},{Augustus_model.g3146.t1;Augustus}

# EVM prediction: Mode:STANDARD S-ratio: 10000.00 36134-39121 orient(-) score(8964.00) noncoding_equivalent(0.90) raw_noncoding(0.00) offset(0.00) 
39121	36134	single-	4	6	{Augustus_model.g3147.t1;Augustus},{GlimmerHMM_glimmerT_3519-T1;GlimmerHMM}

# EVM prediction: Mode:STANDARD S-ratio: 392.98 39932-41596 orient(+) score(8302.00) noncoding_equivalent(21.13) raw_noncoding(21.13) offset(0.00) 
39932	41596	single+	1	3	{GlimmerHMM_glimmerT_3520-T1;GlimmerHMM}

# EVM prediction: Mode:STANDARD S-ratio: 60.24 41835-43544 orient(+) score(5002.00) noncoding_equivalent(83.03) raw_noncoding(171.33) offset(88.30) 
41835	41839	initial+	1	2	{snap_scaffold_8-snap.166-T1;snap}
41840	41884	INTRON			{snap_scaffold_8-snap.166-T1;snap}
41885	43544	terminal+	3	3	{Augustus_model.g3148.t1;Augustus},{snap_scaffold_8-snap.166-T1;snap}

# EVM prediction: Mode:STANDARD S-ratio: 5.00 43800-45755 orient(-) score(9780.00) noncoding_equivalent(1956.00) raw_noncoding(1956.00) offset(0.00) 
45755	43800	single-	4	6	{GlimmerHMM_glimmerT_3522-T1;GlimmerHMM},{HiQ_model.g3149.t1;HiQ}

# EVM prediction: Mode:STANDARD S-ratio: 3.00 46423-46851 orient(+) score(1287.00) noncoding_equivalent(429.00) raw_noncoding(429.00) offset(0.00) 
46423	46851	single+	1	3	{Augustus_model.g3150.t1;Augustus},{GlimmerHMM_glimmerT_3523-T1;GlimmerHMM}

# EVM prediction: Mode:STANDARD S-ratio: 3.42 47284-49944 orient(+) score(6963.00) noncoding_equivalent(2036.00) raw_noncoding(2955.00) offset(919.00) 
47284	48559	initial+	1	1	{GlimmerHMM_glimmerT_3524-T1;GlimmerHMM},{Augustus_model.g3151.t1;Augustus}
48560	49579	INTRON			{GlimmerHMM_glimmerT_3524-T1;GlimmerHMM},{Augustus_model.g3151.t1;Augustus}
49580	49944	terminal+	2	3	{GlimmerHMM_glimmerT_3524-T1;GlimmerHMM},{Augustus_model.g3151.t1;Augustus}

# EVM prediction: Mode:STANDARD S-ratio: 5.00 50614-50976 orient(-) score(1815.00) noncoding_equivalent(363.00) raw_noncoding(363.00) offset(0.00) 
50976	50614	single-	4	6	{GlimmerHMM_glimmerT_3525-T1;GlimmerHMM},{HiQ_model.g3152.t1;HiQ}

# EVM prediction: Mode:STANDARD S-ratio: 4.87 51500-52165 orient(-) score(3315.00) noncoding_equivalent(681.00) raw_noncoding(681.00) offset(0.00) 
52165	51500	single-	4	6	{GlimmerHMM_glimmerT_3526-T1;GlimmerHMM},{HiQ_model.g3153.t1;HiQ}

# EVM prediction: Mode:STANDARD S-ratio: 4.94 52664-53476 orient(-) score(4055.00) noncoding_equivalent(821.04) raw_noncoding(821.04) offset(0.00) 
53476	52664	single-	4	6	{HiQ_model.g3154.t1;HiQ},{GlimmerHMM_glimmerT_3527-T1;GlimmerHMM}

# EVM prediction: Mode:STANDARD S-ratio: 3.00 53776-54450 orient(+) score(2016.00) noncoding_equivalent(671.56) raw_noncoding(671.56) offset(0.00) 
53776	54450	single+	1	3	{Augustus_model.g3155.t1;Augustus},{GlimmerHMM_glimmerT_3528-T1;GlimmerHMM}

# EVM prediction: Mode:STANDARD S-ratio: 164.86 54651-58208 orient(-) score(10603.00) noncoding_equivalent(64.31) raw_noncoding(64.31) offset(0.00) 
58208	54651	single-	4	6	{GlimmerHMM_glimmerT_3529-T1;GlimmerHMM}

# EVM prediction: Mode:STANDARD S-ratio: 353.07 58603-60468 orient(-) score(9221.00) noncoding_equivalent(26.12) raw_noncoding(26.12) offset(0.00) 
60468	58603	single-	4	6	{GlimmerHMM_glimmerT_3530-T1;GlimmerHMM}

# EVM prediction: Mode:STANDARD S-ratio: 866.90 61373-63412 orient(+) score(6111.00) noncoding_equivalent(7.05) raw_noncoding(7.05) offset(0.00) 
61373	63412	single+	1	3	{Augustus_model.g3157.t1;Augustus},{GlimmerHMM_glimmerT_3531-T1;GlimmerHMM}

# EVM prediction: Mode:STANDARD S-ratio: 10000.00 63725-68131 orient(+) score(17619.00) noncoding_equivalent(1.76) raw_noncoding(0.00) offset(0.00) 
63725	68131	single+	1	3	{Augustus_model.g3158.t1;Augustus},{GlimmerHMM_glimmerT_3532-T1;GlimmerHMM}

# EVM prediction: Mode:STANDARD S-ratio: 17.67 68705-70930 orient(+) score(7960.00) noncoding_equivalent(450.46) raw_noncoding(662.05) offset(211.59) 
68705	70624	initial+	1	3	{GlimmerHMM_glimmerT_3533-T1;GlimmerHMM}
70625	70810	INTRON			{GlimmerHMM_glimmerT_3533-T1;GlimmerHMM}
70811	70930	terminal+	1	3	{GlimmerHMM_glimmerT_3533-T1;GlimmerHMM}

# EVM prediction: Mode:STANDARD S-ratio: 12.18 70998-71951 orient(+) score(3094.00) noncoding_equivalent(254.03) raw_noncoding(696.73) offset(442.71) 
70998	71005	initial+	1	2	{snap_scaffold_8-snap.178-T1;snap}
71006	71227	INTRON			{snap_scaffold_8-snap.178-T1;snap}
71228	71951	terminal+	3	3	{snap_scaffold_8-snap.178-T1;snap},{Augustus_model.g3159.t1;Augustus}

# EVM prediction: Mode:STANDARD S-ratio: 29.10 72250-72963 orient(-) score(2069.00) noncoding_equivalent(71.10) raw_noncoding(71.10) offset(0.00) 
72963	72250	single-	4	6	{GlimmerHMM_glimmerT_3535-T1;GlimmerHMM}

# EVM prediction: Mode:STANDARD S-ratio: 54.67 73277-74245 orient(-) score(2853.00) noncoding_equivalent(52.18) raw_noncoding(52.18) offset(0.00) 
74245	73277	single-	4	6	{GlimmerHMM_glimmerT_3536-T1;GlimmerHMM}

# EVM prediction: Mode:STANDARD S-ratio: 4.99 75000-75986 orient(-) score(4926.00) noncoding_equivalent(987.00) raw_noncoding(987.00) offset(0.00) 
75986	75000	single-	4	6	{GlimmerHMM_glimmerT_3537-T1;GlimmerHMM},{HiQ_model.g3161.t1;HiQ}

# EVM prediction: Mode:STANDARD S-ratio: 2.28 76466-77604 orient(+) score(2776.00) noncoding_equivalent(1218.32) raw_noncoding(1764.00) offset(545.68) 
76466	76650	initial+	1	2	{GlimmerHMM_glimmerT_3538-T1;GlimmerHMM},{Augustus_model.g3162.t1;Augustus}
76651	77231	INTRON			{GlimmerHMM_glimmerT_3538-T1;GlimmerHMM},{Augustus_model.g3162.t1;Augustus}
77232	77604	terminal+	3	3	{GlimmerHMM_glimmerT_3538-T1;GlimmerHMM},{Augustus_model.g3162.t1;Augustus}

# EVM prediction: Mode:STANDARD S-ratio: 4.77 78396-79311 orient(-) score(5018.00) noncoding_equivalent(1051.57) raw_noncoding(1737.00) offset(685.43) 
78824	78396	terminal-	4	6	{GlimmerHMM_glimmerT_3539-T1;GlimmerHMM},{HiQ_model.g3163.t1;HiQ},{snap_scaffold_8-snap.184-T1;snap}
79167	78825	INTRON			{GlimmerHMM_glimmerT_3539-T1;GlimmerHMM},{HiQ_model.g3163.t1;HiQ},{ev_type:exonerate/ID=match.111469.2367/Target=YNL096C;exonerate},{ev_type:exonerate/ID=match.111469.1385/Target=YOR096W;exonerate}
79311	79168	initial-	4	6	{GlimmerHMM_glimmerT_3539-T1;GlimmerHMM},{HiQ_model.g3163.t1;HiQ}

# EVM prediction: Mode:STANDARD S-ratio: 2.77 79837-81729 orient(-) score(3786.00) noncoding_equivalent(1365.72) raw_noncoding(1365.72) offset(0.00) 
81729	79837	single-	4	6	{Augustus_model.g3164.t1;Augustus},{GlimmerHMM_glimmerT_3540-T1;GlimmerHMM}

# EVM prediction: Mode:STANDARD S-ratio: 9.24 81932-84248 orient(+) score(7572.00) noncoding_equivalent(819.21) raw_noncoding(1329.00) offset(509.79) 
81932	81940	initial+	1	3	{snap_scaffold_8-snap.186-T1;snap}
81941	82271	INTRON			{snap_scaffold_8-snap.186-T1;snap}
82272	84248	terminal+	1	3	{snap_scaffold_8-snap.186-T1;snap}

# EVM prediction: Mode:STANDARD S-ratio: 69.01 84798-85454 orient(+) score(1941.00) noncoding_equivalent(28.12) raw_noncoding(28.12) offset(0.00) 
84798	85454	single+	1	3	{GlimmerHMM_glimmerT_3542-T1;GlimmerHMM}

# EVM prediction: Mode:STANDARD S-ratio: 10.21 85572-87041 orient(+) score(3803.00) noncoding_equivalent(372.49) raw_noncoding(843.69) offset(471.20) 
85572	85575	initial+	1	1	{snap_scaffold_8-snap.188-T1;snap}
85576	85709	INTRON			{snap_scaffold_8-snap.188-T1;snap}
85710	85717	internal+	2	3	{snap_scaffold_8-snap.188-T1;snap}
85718	85820	INTRON			{snap_scaffold_8-snap.188-T1;snap}
85821	87041	terminal+	1	3	{snap_scaffold_8-snap.188-T1;snap}

# EVM prediction: Mode:STANDARD S-ratio: 15.26 87384-91118 orient(+) score(10515.00) noncoding_equivalent(689.17) raw_noncoding(689.17) offset(0.00) 
87384	91118	single+	1	3	{GlimmerHMM_glimmerT_3544-T1;GlimmerHMM}

# EVM prediction: Mode:STANDARD S-ratio: 18.27 91615-92150 orient(+) score(1484.00) noncoding_equivalent(81.21) raw_noncoding(122.41) offset(41.20) 
91615	91623	initial+	1	3	{snap_scaffold_8-snap.190-T1;snap}
91624	91664	INTRON			{snap_scaffold_8-snap.190-T1;snap}
91665	92150	terminal+	1	3	{snap_scaffold_8-snap.190-T1;snap}

# EVM prediction: Mode:STANDARD S-ratio: 353.92 92723-96982 orient(+) score(12741.00) noncoding_equivalent(36.00) raw_noncoding(36.00) offset(0.00) 
92723	96982	single+	1	3	{Augustus_model.g3167.t1;Augustus},{GlimmerHMM_glimmerT_3546-T1;GlimmerHMM}

