!! Predictions spanning range 39 - 99951 [R1]
# EVM prediction: Mode:STANDARD S-ratio: 6.24 39-2679 orient(-) score(6510.00) noncoding_equivalent(1043.64) raw_noncoding(1374.00) offset(330.36) 
1246	39	internal-	5	6	{snap_scaffold_11-snap.1-T1;snap}
1616	1247	INTRON			{snap_scaffold_11-snap.1-T1;snap}
2679	1617	initial-	4	4	{snap_scaffold_11-snap.1-T1;snap}

# EVM prediction: Mode:STANDARD S-ratio: 375.48 4415-4900 orient(+) score(1937.00) noncoding_equivalent(5.16) raw_noncoding(5.16) offset(0.00) 
4415	4900	single+	1	3	{GlimmerHMM_glimmerT_3482-T1;GlimmerHMM},{Augustus_model.g3226.t1;Augustus}

# EVM prediction: Mode:STANDARD S-ratio: 71.87 5788-7953 orient(+) score(8546.00) noncoding_equivalent(118.91) raw_noncoding(118.91) offset(0.00) 
5788	7953	single+	1	3	{GlimmerHMM_glimmerT_3483-T1;GlimmerHMM}

# EVM prediction: Mode:STANDARD S-ratio: 383.06 8147-9694 orient(+) score(6174.00) noncoding_equivalent(16.12) raw_noncoding(16.12) offset(0.00) 
8147	9694	single+	1	3	{GlimmerHMM_glimmerT_3484-T1;GlimmerHMM}

# EVM prediction: Mode:STANDARD S-ratio: 4.93 10025-11629 orient(-) score(8007.00) noncoding_equivalent(1623.33) raw_noncoding(1623.33) offset(0.00) 
11629	10025	single-	4	6	{HiQ_model.g3228.t1;HiQ},{GlimmerHMM_glimmerT_3485-T1;GlimmerHMM}

# EVM prediction: Mode:STANDARD S-ratio: 4.93 11914-13599 orient(-) score(8410.00) noncoding_equivalent(1706.51) raw_noncoding(1706.51) offset(0.00) 
13599	11914	single-	4	6	{GlimmerHMM_glimmerT_3486-T1;GlimmerHMM},{HiQ_model.g3229.t1;HiQ}

# EVM prediction: Mode:STANDARD S-ratio: 4.43 14242-16287 orient(-) score(10014.00) noncoding_equivalent(2262.00) raw_noncoding(2262.00) offset(0.00) 
16287	14242	single-	4	6	{HiQ_model.g3230.t1;HiQ},{GlimmerHMM_glimmerT_3487-T1;GlimmerHMM}

# EVM prediction: Mode:STANDARD S-ratio: 492.64 16774-20100 orient(+) score(9961.00) noncoding_equivalent(20.22) raw_noncoding(20.22) offset(0.00) 
16774	20100	single+	1	3	{GlimmerHMM_glimmerT_3488-T1;GlimmerHMM}

# EVM prediction: Mode:STANDARD S-ratio: 14.15 20639-21682 orient(+) score(3899.00) noncoding_equivalent(275.55) raw_noncoding(275.55) offset(0.00) 
20639	21682	single+	1	3	{GlimmerHMM_glimmerT_3489-T1;GlimmerHMM}

# EVM prediction: Mode:STANDARD S-ratio: 14.27 22444-23105 orient(+) score(2543.00) noncoding_equivalent(178.20) raw_noncoding(255.00) offset(76.80) 
22444	22465	initial+	1	1	{GlimmerHMM_glimmerT_3490-T1;GlimmerHMM},{Augustus_model.g3232.t1;Augustus}
22466	22542	INTRON			{GlimmerHMM_glimmerT_3490-T1;GlimmerHMM},{Augustus_model.g3232.t1;Augustus},{ev_type:exonerate/ID=match.147026.3701/Target=YJL024C;exonerate}
22543	23105	terminal+	2	3	{GlimmerHMM_glimmerT_3490-T1;GlimmerHMM},{Augustus_model.g3232.t1;Augustus}

# EVM prediction: Mode:STANDARD S-ratio: 4.73 23526-25070 orient(-) score(7653.00) noncoding_equivalent(1617.00) raw_noncoding(1617.00) offset(0.00) 
25070	23526	single-	4	6	{HiQ_model.g3233.t1;HiQ},{GlimmerHMM_glimmerT_3491-T1;GlimmerHMM}

# EVM prediction: Mode:STANDARD S-ratio: 4.17 25434-26633 orient(-) score(5808.00) noncoding_equivalent(1392.00) raw_noncoding(1392.00) offset(0.00) 
26633	25434	single-	4	6	{HiQ_model.g3234.t1;HiQ},{GlimmerHMM_glimmerT_3492-T1;GlimmerHMM}

# EVM prediction: Mode:STANDARD S-ratio: 181.89 28181-30649 orient(+) score(9822.00) noncoding_equivalent(54.00) raw_noncoding(54.00) offset(0.00) 
28181	30649	single+	1	3	{GlimmerHMM_glimmerT_3493-T1;GlimmerHMM},{Augustus_model.g3235.t1;Augustus}

# EVM prediction: Mode:STANDARD S-ratio: 4.70 30788-31378 orient(-) score(2925.00) noncoding_equivalent(622.03) raw_noncoding(622.03) offset(0.00) 
31378	30788	single-	4	6	{HiQ_model.g3236.t1;HiQ},{GlimmerHMM_glimmerT_3494-T1;GlimmerHMM}

# EVM prediction: Mode:STANDARD S-ratio: 18.89 31597-32667 orient(+) score(4062.00) noncoding_equivalent(215.03) raw_noncoding(304.92) offset(89.89) 
31597	31599	initial+	1	3	{GlimmerHMM_glimmerT_3495-T1;GlimmerHMM},{Augustus_model.g3237.t1;Augustus}
31600	31707	INTRON			{GlimmerHMM_glimmerT_3495-T1;GlimmerHMM},{Augustus_model.g3237.t1;Augustus}
31708	32667	terminal+	1	3	{GlimmerHMM_glimmerT_3495-T1;GlimmerHMM},{Augustus_model.g3237.t1;Augustus}

# EVM prediction: Mode:STANDARD S-ratio: 329.43 32888-35200 orient(-) score(6918.00) noncoding_equivalent(21.00) raw_noncoding(21.00) offset(0.00) 
35200	32888	single-	4	6	{GlimmerHMM_glimmerT_3496-T1;GlimmerHMM},{Augustus_model.g3238.t1;Augustus}

# EVM prediction: Mode:STANDARD S-ratio: 4.96 35662-37710 orient(-) score(10231.00) noncoding_equivalent(2061.24) raw_noncoding(2061.24) offset(0.00) 
37710	35662	single-	4	6	{HiQ_model.g3239.t1;HiQ},{GlimmerHMM_glimmerT_3497-T1;GlimmerHMM}

# EVM prediction: Mode:STANDARD S-ratio: 462.57 38054-38788 orient(+) score(2934.00) noncoding_equivalent(6.34) raw_noncoding(6.34) offset(0.00) 
38054	38788	single+	1	3	{Augustus_model.g3240.t1;Augustus},{GlimmerHMM_glimmerT_3498-T1;GlimmerHMM}

# EVM prediction: Mode:STANDARD S-ratio: 4.83 38941-40212 orient(-) score(6324.00) noncoding_equivalent(1308.00) raw_noncoding(1308.00) offset(0.00) 
40212	38941	single-	4	6	{GlimmerHMM_glimmerT_3499-T1;GlimmerHMM},{HiQ_model.g3241.t1;HiQ}

# EVM prediction: Mode:STANDARD S-ratio: 4.31 41704-42378 orient(-) score(3288.00) noncoding_equivalent(762.00) raw_noncoding(762.00) offset(0.00) 
42378	41704	single-	4	6	{HiQ_model.g3242.t1;HiQ},{GlimmerHMM_glimmerT_3500-T1;GlimmerHMM}

# EVM prediction: Mode:STANDARD S-ratio: 32.94 43266-43925 orient(+) score(2564.00) noncoding_equivalent(77.83) raw_noncoding(77.83) offset(0.00) 
43266	43925	single+	1	3	{GlimmerHMM_glimmerT_3501-T1;GlimmerHMM},{Augustus_model.g3243.t1;Augustus}

# EVM prediction: Mode:STANDARD S-ratio: 611.36 45617-50668 orient(+) score(20175.00) noncoding_equivalent(33.00) raw_noncoding(33.00) offset(0.00) 
45617	50668	single+	1	3	{GlimmerHMM_glimmerT_3502-T1;GlimmerHMM},{Augustus_model.g3244.t1;Augustus}

# EVM prediction: Mode:STANDARD S-ratio: 13.66 51043-58110 orient(-) score(24091.00) noncoding_equivalent(1763.00) raw_noncoding(2235.00) offset(472.00) 
53456	51043	terminal-	5	6	{GlimmerHMM_glimmerT_3503-T1;GlimmerHMM},{snap_scaffold_11-snap.22-T1;snap}
53927	53457	INTRON			{Augustus_model.g3245.t1;Augustus},{snap_scaffold_11-snap.22-T1;snap}
58110	53928	initial-	4	4	{Augustus_model.g3245.t1;Augustus},{snap_scaffold_11-snap.22-T1;snap}

# EVM prediction: Mode:STANDARD S-ratio: 2.00 58456-59229 orient(-) score(3096.00) noncoding_equivalent(1548.00) raw_noncoding(1548.00) offset(0.00) 
59229	58456	single-	4	6	{GlimmerHMM_glimmerT_3504-T1;GlimmerHMM},{HiQ_model.g3246.t1;HiQ}

# EVM prediction: Mode:STANDARD S-ratio: 182.60 59681-61057 orient(+) score(5478.00) noncoding_equivalent(30.00) raw_noncoding(30.00) offset(0.00) 
59681	61057	single+	1	3	{Augustus_model.g3247.t1;Augustus},{GlimmerHMM_glimmerT_3505-T1;GlimmerHMM}

# EVM prediction: Mode:STANDARD S-ratio: 5.73 61426-63330 orient(-) score(11316.00) noncoding_equivalent(1974.00) raw_noncoding(1974.00) offset(0.00) 
63330	61426	single-	4	6	{HiQ_model.g3248.t1;HiQ},{GlimmerHMM_glimmerT_3506-T1;GlimmerHMM}

# EVM prediction: Mode:STANDARD S-ratio: 11.37 64462-69915 orient(-) score(13165.00) noncoding_equivalent(1157.64) raw_noncoding(1536.52) offset(378.88) 
64482	64462	terminal-	4	6	{snap_scaffold_11-snap.25-T1;snap}
65261	64483	INTRON			{snap_scaffold_11-snap.25-T1;snap}
68914	65262	internal-	5	6	{snap_scaffold_11-snap.25-T1;snap}
68996	68915	INTRON			{snap_scaffold_11-snap.25-T1;snap}
69915	68997	initial-	4	4	{snap_scaffold_11-snap.25-T1;snap}

# EVM prediction: Mode:STANDARD S-ratio: 98.23 71341-72432 orient(-) score(4324.00) noncoding_equivalent(44.02) raw_noncoding(44.02) offset(0.00) 
72432	71341	single-	4	6	{GlimmerHMM_glimmerT_3509-T1;GlimmerHMM}

# EVM prediction: Mode:STANDARD S-ratio: 63.85 72848-75376 orient(+) score(9960.00) noncoding_equivalent(156.00) raw_noncoding(156.00) offset(0.00) 
72848	75376	single+	1	3	{GlimmerHMM_glimmerT_3510-T1;GlimmerHMM}

# EVM prediction: Mode:STANDARD S-ratio: 3.09 76328-77509 orient(+) score(3546.00) noncoding_equivalent(1148.41) raw_noncoding(1148.41) offset(0.00) 
76328	77509	single+	1	3	{Augustus_model.g3251.t1;Augustus},{GlimmerHMM_glimmerT_3511-T1;GlimmerHMM}

# EVM prediction: Mode:STANDARD S-ratio: 4.98 77631-78983 orient(-) score(6760.00) noncoding_equivalent(1358.14) raw_noncoding(1358.14) offset(0.00) 
78983	77631	single-	4	6	{HiQ_model.g3252.t1;HiQ},{GlimmerHMM_glimmerT_3512-T1;GlimmerHMM}

# EVM prediction: Mode:STANDARD S-ratio: 4.95 79213-82434 orient(-) score(16083.00) noncoding_equivalent(3249.71) raw_noncoding(3249.71) offset(0.00) 
82434	79213	single-	4	6	{HiQ_model.g3253.t1;HiQ},{GlimmerHMM_glimmerT_3513-T1;GlimmerHMM}

# EVM prediction: Mode:STANDARD S-ratio: 5.00 82696-85164 orient(-) score(12345.00) noncoding_equivalent(2469.00) raw_noncoding(2469.00) offset(0.00) 
85164	82696	single-	4	6	{GlimmerHMM_glimmerT_3514-T1;GlimmerHMM},{HiQ_model.g3254.t1;HiQ}

# EVM prediction: Mode:STANDARD S-ratio: 34.47 85682-86692 orient(-) score(2656.00) noncoding_equivalent(77.06) raw_noncoding(77.06) offset(0.00) 
86692	85682	single-	4	6	{Augustus_model.g3255.t1;Augustus},{GlimmerHMM_glimmerT_3515-T1;GlimmerHMM}

# EVM prediction: Mode:STANDARD S-ratio: 5.00 87926-89065 orient(-) score(5700.00) noncoding_equivalent(1140.00) raw_noncoding(1140.00) offset(0.00) 
89065	87926	single-	4	6	{HiQ_model.g3256.t1;HiQ},{GlimmerHMM_glimmerT_3516-T1;GlimmerHMM}

# EVM prediction: Mode:STANDARD S-ratio: 4.69 89262-90698 orient(-) score(7107.00) noncoding_equivalent(1515.64) raw_noncoding(1515.64) offset(0.00) 
90698	89262	single-	4	6	{HiQ_model.g3257.t1;HiQ},{GlimmerHMM_glimmerT_3517-T1;GlimmerHMM}

# EVM prediction: Mode:STANDARD S-ratio: 4.83 90869-91600 orient(-) score(3637.00) noncoding_equivalent(753.38) raw_noncoding(753.38) offset(0.00) 
91600	90869	single-	4	6	{HiQ_model.g3258.t1;HiQ}

# EVM prediction: Mode:STANDARD S-ratio: 19.63 91890-94484 orient(+) score(9544.00) noncoding_equivalent(486.10) raw_noncoding(486.10) offset(0.00) 
91890	94484	single+	1	3	{GlimmerHMM_glimmerT_3519-T1;GlimmerHMM}

# EVM prediction: Mode:STANDARD S-ratio: 36.01 94794-96797 orient(+) score(7799.00) noncoding_equivalent(216.59) raw_noncoding(216.59) offset(0.00) 
94794	96797	single+	1	3	{GlimmerHMM_glimmerT_3520-T1;GlimmerHMM}

# EVM prediction: Mode:STANDARD S-ratio: 40.06 97042-98673 orient(+) score(6369.00) noncoding_equivalent(159.00) raw_noncoding(159.00) offset(0.00) 
97042	98673	single+	1	3	{Augustus_model.g3260.t1;Augustus},{GlimmerHMM_glimmerT_3521-T1;GlimmerHMM}

# EVM prediction: Mode:STANDARD S-ratio: 4.90 98725-99951 orient(-) score(6114.00) noncoding_equivalent(1248.00) raw_noncoding(1248.00) offset(0.00) 
99951	98725	single-	4	6	{GlimmerHMM_glimmerT_3522-T1;GlimmerHMM},{HiQ_model.g3261.t1;HiQ}

