!! Predictions spanning range 39877 - 76250 [R1]
# EVM prediction: Mode:STANDARD S-ratio: 10000.00 39877-41054 orient(+) score(2356.00) noncoding_equivalent(0.24) raw_noncoding(0.00) offset(0.00) 
39877	39887	initial+	1	2	{Augustus_gene279.t1;Augustus}
39888	40109	INTRON			{Augustus_gene279.t1;Augustus}
40110	40200	internal+	3	3	{Augustus_gene279.t1;Augustus}
40201	40424	INTRON			{Augustus_gene279.t1;Augustus}
40425	41054	terminal+	1	3	{Augustus_gene279.t1;Augustus}

# EVM prediction: Mode:STANDARD S-ratio: 10000.00 41115-41558 orient(-) score(888.00) noncoding_equivalent(0.09) raw_noncoding(0.00) offset(0.00) 
41558	41115	single-	4	6	{Augustus_gene695.t1;Augustus}

# EVM prediction: Mode:STANDARD S-ratio: 10000.00 59146-61336 orient(+) score(4382.00) noncoding_equivalent(0.44) raw_noncoding(0.00) offset(0.00) 
59146	59181	initial+	1	3	{Augustus_gene662.t1;Augustus}
59182	59661	INTRON			{Augustus_gene662.t1;Augustus}
59662	59689	internal+	1	1	{Augustus_gene662.t1;Augustus}
59690	59754	INTRON			{Augustus_gene662.t1;Augustus}
59755	60455	internal+	2	3	{Augustus_gene662.t1;Augustus}
60456	60914	INTRON			{Augustus_gene662.t1;Augustus}
60915	60930	internal+	1	1	{Augustus_gene662.t1;Augustus}
60931	60973	INTRON			{Augustus_gene662.t1;Augustus}
60974	60997	internal+	2	1	{Augustus_gene662.t1;Augustus}
60998	61221	INTRON			{Augustus_gene662.t1;Augustus}
61222	61233	internal+	2	1	{Augustus_gene662.t1;Augustus}
61234	61319	INTRON			{Augustus_gene662.t1;Augustus}
61320	61336	terminal+	2	3	{Augustus_gene662.t1;Augustus}

# EVM prediction: Mode:STANDARD S-ratio: 10000.00 67060-67641 orient(+) score(1164.00) noncoding_equivalent(0.12) raw_noncoding(0.00) offset(0.00) 
67060	67641	single+	1	3	{Augustus_gene131.t1;Augustus}

# EVM prediction: Mode:STANDARD S-ratio: 10000.00 70761-72305 orient(-) score(3090.00) noncoding_equivalent(0.31) raw_noncoding(0.00) offset(0.00) 
72305	70761	single-	4	6	{Augustus_gene117.t1;Augustus}

# EVM prediction: Mode:STANDARD S-ratio: 10000.00 74120-74983 orient(-) score(1728.00) noncoding_equivalent(0.17) raw_noncoding(0.00) offset(0.00) 
74983	74120	single-	4	6	{Augustus_gene124.t1;Augustus}

# EVM prediction: Mode:STANDARD S-ratio: 10000.00 75124-76250 orient(+) score(2254.00) noncoding_equivalent(0.23) raw_noncoding(0.00) offset(0.00) 
75124	75178	initial+	1	1	{Augustus_gene813.t1;Augustus}
75179	75318	INTRON			{Augustus_gene813.t1;Augustus}
75319	76250	terminal+	2	3	{Augustus_gene813.t1;Augustus}

