!! Predictions spanning range 64 - 92787 [R1]
# EVM prediction: Mode:STANDARD S-ratio: 10000.00 64-7205 orient(-) score(14284.00) noncoding_equivalent(1.43) raw_noncoding(0.00) offset(0.00) 
82	64	internal-	5	5	{Augustus_gene784.t1;Augustus}
180	83	INTRON			{Augustus_gene784.t1;Augustus}
325	181	internal-	4	4	{Augustus_gene784.t1;Augustus}
720	326	INTRON			{Augustus_gene784.t1;Augustus}
733	721	internal-	6	6	{Augustus_gene784.t1;Augustus}
941	734	INTRON			{Augustus_gene784.t1;Augustus}
999	942	internal-	5	5	{Augustus_gene784.t1;Augustus}
1056	1000	INTRON			{Augustus_gene784.t1;Augustus}
1176	1057	internal-	5	4	{Augustus_gene784.t1;Augustus}
1224	1177	INTRON			{Augustus_gene784.t1;Augustus}
1235	1225	internal-	6	4	{Augustus_gene784.t1;Augustus}
1309	1236	INTRON			{Augustus_gene784.t1;Augustus}
1328	1310	internal-	5	5	{Augustus_gene784.t1;Augustus}
1422	1329	INTRON			{Augustus_gene784.t1;Augustus}
1564	1423	internal-	4	4	{Augustus_gene784.t1;Augustus}
1635	1565	INTRON			{Augustus_gene784.t1;Augustus}
1656	1636	internal-	4	6	{Augustus_gene784.t1;Augustus}
1705	1657	INTRON			{Augustus_gene784.t1;Augustus}
1787	1706	internal-	6	6	{Augustus_gene784.t1;Augustus}
2095	1788	INTRON			{Augustus_gene784.t1;Augustus}
2112	2096	internal-	4	5	{Augustus_gene784.t1;Augustus}
3513	2113	INTRON			{Augustus_gene784.t1;Augustus}
4323	3514	internal-	4	6	{Augustus_gene784.t1;Augustus}
5200	4324	INTRON			{Augustus_gene784.t1;Augustus}
5212	5201	internal-	4	6	{Augustus_gene784.t1;Augustus}
6134	5213	INTRON			{Augustus_gene784.t1;Augustus}
6145	6135	internal-	5	6	{Augustus_gene784.t1;Augustus}
6863	6146	INTRON			{Augustus_gene784.t1;Augustus}
6876	6864	internal-	4	4	{Augustus_gene784.t1;Augustus}
7095	6877	INTRON			{Augustus_gene784.t1;Augustus}
7123	7096	internal-	6	6	{Augustus_gene784.t1;Augustus}
7188	7124	INTRON			{Augustus_gene784.t1;Augustus}
7205	7189	initial-	4	5	{Augustus_gene784.t1;Augustus}

# EVM prediction: Mode:STANDARD S-ratio: 10000.00 7436-10654 orient(+) score(6438.00) noncoding_equivalent(0.64) raw_noncoding(0.00) offset(0.00) 
7436	10654	single+	1	3	{Augustus_gene226.t1;Augustus}

# EVM prediction: Mode:STANDARD S-ratio: 10000.00 19782-21533 orient(+) score(3504.00) noncoding_equivalent(0.35) raw_noncoding(0.00) offset(0.00) 
19782	21533	single+	1	3	{Augustus_gene523.t1;Augustus}

# EVM prediction: Mode:STANDARD S-ratio: 10000.00 25367-26629 orient(-) score(2526.00) noncoding_equivalent(0.25) raw_noncoding(0.00) offset(0.00) 
26629	25367	single-	4	6	{Augustus_gene1160.t1;Augustus}

# EVM prediction: Mode:STANDARD S-ratio: 10000.00 26908-27363 orient(-) score(912.00) noncoding_equivalent(0.09) raw_noncoding(0.00) offset(0.00) 
27363	26908	single-	4	6	{Augustus_gene1022.t1;Augustus}

# EVM prediction: Mode:STANDARD S-ratio: 10000.00 33555-34313 orient(-) score(1518.00) noncoding_equivalent(0.15) raw_noncoding(0.00) offset(0.00) 
34313	33555	single-	4	6	{Augustus_gene863.t1;Augustus}

# EVM prediction: Mode:STANDARD S-ratio: 10000.00 36761-38077 orient(+) score(2634.00) noncoding_equivalent(0.26) raw_noncoding(0.00) offset(0.00) 
36761	38077	single+	1	3	{Augustus_gene588.t1;Augustus}

# EVM prediction: Mode:STANDARD S-ratio: 10000.00 40524-41495 orient(+) score(1944.00) noncoding_equivalent(0.19) raw_noncoding(0.00) offset(0.00) 
40524	41495	single+	1	3	{Augustus_gene730.t1;Augustus}

# EVM prediction: Mode:STANDARD S-ratio: 10000.00 44525-45715 orient(+) score(2382.00) noncoding_equivalent(0.24) raw_noncoding(0.00) offset(0.00) 
44525	45715	single+	1	3	{Augustus_gene1088.t1;Augustus}

# EVM prediction: Mode:STANDARD S-ratio: 10000.00 56638-58005 orient(-) score(2736.00) noncoding_equivalent(0.27) raw_noncoding(0.00) offset(0.00) 
58005	56638	single-	4	6	{Augustus_gene451.t1;Augustus}

# EVM prediction: Mode:STANDARD S-ratio: 10000.00 59454-60455 orient(+) score(2004.00) noncoding_equivalent(0.20) raw_noncoding(0.00) offset(0.00) 
59454	60455	single+	1	3	{Augustus_gene742.t1;Augustus}

# EVM prediction: Mode:STANDARD S-ratio: 10000.00 63819-65756 orient(+) score(3876.00) noncoding_equivalent(0.39) raw_noncoding(0.00) offset(0.00) 
63819	65756	single+	1	3	{Augustus_gene990.t1;Augustus}

# EVM prediction: Mode:STANDARD S-ratio: 10000.00 67522-68007 orient(-) score(972.00) noncoding_equivalent(0.10) raw_noncoding(0.00) offset(0.00) 
68007	67522	single-	4	6	{Augustus_gene545.t1;Augustus}

# EVM prediction: Mode:STANDARD S-ratio: 10000.00 68261-70066 orient(+) score(3612.00) noncoding_equivalent(0.36) raw_noncoding(0.00) offset(0.00) 
68261	70066	single+	1	3	{Augustus_gene178.t1;Augustus}

# EVM prediction: Mode:STANDARD S-ratio: 10000.00 74823-76913 orient(-) score(4182.00) noncoding_equivalent(0.42) raw_noncoding(0.00) offset(0.00) 
76913	74823	single-	4	6	{Augustus_gene1064.t1;Augustus}

# EVM prediction: Mode:STANDARD S-ratio: 10000.00 91051-92787 orient(-) score(3474.00) noncoding_equivalent(0.35) raw_noncoding(0.00) offset(0.00) 
92787	91051	single-	4	6	{Augustus_gene665.t1;Augustus}

