!! Predictions spanning range 193 - 96743 [R1]
# EVM prediction: Mode:STANDARD S-ratio: 21.40 193-513 orient(+) score(920.00) noncoding_equivalent(43.00) raw_noncoding(43.00) offset(0.00) 
193	513	single+	1	3	{GlimmerHMM_glimmerT_268-T1;GlimmerHMM},{Augustus_model.g244.t1;Augustus}

# EVM prediction: Mode:STANDARD S-ratio: 38.40 1014-1622 orient(-) score(1779.00) noncoding_equivalent(46.33) raw_noncoding(46.33) offset(0.00) 
1622	1014	single-	4	6	{Augustus_model.g245.t1;Augustus},{GlimmerHMM_glimmerT_269-T1;GlimmerHMM}

# EVM prediction: Mode:STANDARD S-ratio: 2.15 2083-2838 orient(+) score(2328.00) noncoding_equivalent(1081.00) raw_noncoding(1410.00) offset(329.00) 
2083	2103	initial+	1	3	{GlimmerHMM_glimmerT_270-T1;GlimmerHMM},{Augustus_model.g246.t1;Augustus}
2104	2430	INTRON			{GlimmerHMM_glimmerT_270-T1;GlimmerHMM},{Augustus_model.g246.t1;Augustus}
2431	2838	terminal+	1	3	{GlimmerHMM_glimmerT_270-T1;GlimmerHMM},{Augustus_model.g246.t1;Augustus}

# EVM prediction: Mode:STANDARD S-ratio: 10000.00 3766-4317 orient(+) score(1656.00) noncoding_equivalent(0.17) raw_noncoding(0.00) offset(0.00) 
3766	4317	single+	1	3	{GlimmerHMM_glimmerT_271-T1;GlimmerHMM},{Augustus_model.g247.t1;Augustus}

# EVM prediction: Mode:STANDARD S-ratio: 2359.00 5104-8259 orient(+) score(9462.00) noncoding_equivalent(4.01) raw_noncoding(4.01) offset(0.00) 
5104	8259	single+	1	3	{GlimmerHMM_glimmerT_272-T1;GlimmerHMM},{Augustus_model.g248.t1;Augustus}

# EVM prediction: Mode:STANDARD S-ratio: 2.00 8337-8966 orient(-) score(1260.00) noncoding_equivalent(630.00) raw_noncoding(630.00) offset(0.00) 
8966	8337	single-	4	6	{Augustus_model.g249.t1;Augustus},{GlimmerHMM_glimmerT_273-T1;GlimmerHMM}

# EVM prediction: Mode:STANDARD S-ratio: 31.53 9143-11744 orient(-) score(7382.00) noncoding_equivalent(234.12) raw_noncoding(593.78) offset(359.67) 
11541	9143	terminal-	5	6	{snap_scaffold_1-snap.237-T1;snap}
11642	11542	INTRON			{snap_scaffold_1-snap.237-T1;snap}
11650	11643	internal-	6	4	{snap_scaffold_1-snap.237-T1;snap}
11739	11651	INTRON			{snap_scaffold_1-snap.237-T1;snap}
11744	11740	initial-	4	5	{snap_scaffold_1-snap.237-T1;snap}

# EVM prediction: Mode:STANDARD S-ratio: 4.34 11962-12642 orient(-) score(1721.00) noncoding_equivalent(396.85) raw_noncoding(477.53) offset(80.68) 
12529	11962	terminal-	6	6	{GlimmerHMM_glimmerT_275-T1;GlimmerHMM},{snap_scaffold_1-snap.238-T1;snap}
12607	12530	INTRON			{Augustus_model.g250.t1;Augustus},{GlimmerHMM_glimmerT_275-T1;GlimmerHMM}
12642	12608	initial-	4	5	{Augustus_model.g250.t1;Augustus},{GlimmerHMM_glimmerT_275-T1;GlimmerHMM}

# EVM prediction: Mode:STANDARD S-ratio: 74.59 13226-13996 orient(+) score(3804.00) noncoding_equivalent(51.00) raw_noncoding(51.00) offset(0.00) 
13226	13996	single+	1	3	{GlimmerHMM_glimmerT_276-T1;GlimmerHMM},{Augustus_model.g251.t1;Augustus}

# EVM prediction: Mode:STANDARD S-ratio: 30.89 15104-19550 orient(+) score(13099.00) noncoding_equivalent(424.09) raw_noncoding(617.09) offset(193.00) 
15104	15118	initial+	1	3	{GlimmerHMM_glimmerT_277-T1;GlimmerHMM},{Augustus_model.g252.t1;Augustus}
15119	15311	INTRON			{GlimmerHMM_glimmerT_277-T1;GlimmerHMM},{Augustus_model.g252.t1;Augustus}
15312	19550	terminal+	1	3	{snap_scaffold_1-snap.240-T1;snap}

# EVM prediction: Mode:STANDARD S-ratio: 5.07 20064-20956 orient(+) score(1931.00) noncoding_equivalent(381.04) raw_noncoding(1110.64) offset(729.60) 
20064	20072	initial+	1	3	{snap_scaffold_1-snap.241-T1;snap}
20073	20437	INTRON			{snap_scaffold_1-snap.241-T1;snap}
20438	20956	terminal+	1	3	{GlimmerHMM_glimmerT_277-T1;GlimmerHMM},{Augustus_model.g252.t1;Augustus},{snap_scaffold_1-snap.241-T1;snap}

# EVM prediction: Mode:STANDARD S-ratio: 139.20 21902-23134 orient(+) score(3671.00) noncoding_equivalent(26.37) raw_noncoding(26.37) offset(0.00) 
21902	23134	single+	1	3	{Augustus_model.g253.t1;Augustus},{GlimmerHMM_glimmerT_278-T1;GlimmerHMM}

# EVM prediction: Mode:STANDARD S-ratio: 116.00 23447-25201 orient(-) score(5220.00) noncoding_equivalent(45.00) raw_noncoding(45.00) offset(0.00) 
25201	23447	single-	4	6	{Augustus_model.g254.t1;Augustus},{GlimmerHMM_glimmerT_279-T1;GlimmerHMM}

# EVM prediction: Mode:STANDARD S-ratio: 94.40 25798-26274 orient(+) score(1416.00) noncoding_equivalent(15.00) raw_noncoding(15.00) offset(0.00) 
25798	26274	single+	1	3	{GlimmerHMM_glimmerT_280-T1;GlimmerHMM},{Augustus_model.g255.t1;Augustus}

# EVM prediction: Mode:STANDARD S-ratio: 2.83 26446-28543 orient(-) score(4442.00) noncoding_equivalent(1567.51) raw_noncoding(2400.36) offset(832.85) 
27075	26446	terminal-	4	6	{GlimmerHMM_glimmerT_281-T1;GlimmerHMM},{Augustus_model.g256.t1;Augustus}
27165	27076	INTRON			{GlimmerHMM_glimmerT_281-T1;GlimmerHMM},{Augustus_model.g256.t1;Augustus}
27202	27166	internal-	6	6	{Augustus_model.g256.t1;Augustus}
27575	27203	INTRON			{Augustus_model.g256.t1;Augustus}
28543	27576	initial-	4	5	{Augustus_model.g256.t1;Augustus}

# EVM prediction: Mode:STANDARD S-ratio: 10000.00 28804-30771 orient(-) score(5904.00) noncoding_equivalent(0.59) raw_noncoding(0.00) offset(0.00) 
30771	28804	single-	4	6	{Augustus_model.g257.t1;Augustus},{GlimmerHMM_glimmerT_283-T1;GlimmerHMM}

# EVM prediction: Mode:STANDARD S-ratio: 2.00 30929-31792 orient(+) score(1728.00) noncoding_equivalent(864.00) raw_noncoding(864.00) offset(0.00) 
30929	31792	single+	1	3	{Augustus_model.g258.t1;Augustus},{GlimmerHMM_glimmerT_284-T1;GlimmerHMM}

# EVM prediction: Mode:STANDARD S-ratio: 6.59 32177-34031 orient(-) score(4277.00) noncoding_equivalent(649.01) raw_noncoding(1847.68) offset(1198.68) 
33387	32177	terminal-	5	6	{snap_scaffold_1-snap.247-T1;snap},{GlimmerHMM_glimmerT_285-T1;GlimmerHMM}
34024	33388	INTRON			{snap_scaffold_1-snap.247-T1;snap}
34031	34025	initial-	4	4	{snap_scaffold_1-snap.247-T1;snap}

# EVM prediction: Mode:STANDARD S-ratio: 10000.00 38763-41960 orient(-) score(9594.00) noncoding_equivalent(0.96) raw_noncoding(0.00) offset(0.00) 
41960	38763	single-	4	6	{GlimmerHMM_glimmerT_286-T1;GlimmerHMM},{Augustus_model.g260.t1;Augustus}

# EVM prediction: Mode:STANDARD S-ratio: 1.80 42483-43838 orient(-) score(2712.00) noncoding_equivalent(1505.32) raw_noncoding(1650.43) offset(145.11) 
43647	42483	terminal-	6	6	{Augustus_model.g261.t1;Augustus},{GlimmerHMM_glimmerT_287-T1;GlimmerHMM}
43797	43648	INTRON			{Augustus_model.g261.t1;Augustus},{GlimmerHMM_glimmerT_287-T1;GlimmerHMM}
43838	43798	initial-	4	5	{Augustus_model.g261.t1;Augustus},{GlimmerHMM_glimmerT_287-T1;GlimmerHMM}

# EVM prediction: Mode:STANDARD S-ratio: 10000.00 45074-45868 orient(-) score(2385.00) noncoding_equivalent(0.24) raw_noncoding(0.00) offset(0.00) 
45868	45074	single-	4	6	{GlimmerHMM_glimmerT_288-T1;GlimmerHMM},{Augustus_model.g262.t1;Augustus}

# EVM prediction: Mode:STANDARD S-ratio: 10000.00 47396-49090 orient(-) score(5085.00) noncoding_equivalent(0.51) raw_noncoding(0.00) offset(0.00) 
49090	47396	single-	4	6	{GlimmerHMM_glimmerT_289-T1;GlimmerHMM},{Augustus_model.g263.t1;Augustus}

# EVM prediction: Mode:STANDARD S-ratio: 18.84 49785-50210 orient(+) score(1206.00) noncoding_equivalent(64.00) raw_noncoding(64.00) offset(0.00) 
49785	50210	single+	1	3	{GlimmerHMM_glimmerT_290-T1;GlimmerHMM},{Augustus_model.g264.t1;Augustus}

# EVM prediction: Mode:STANDARD S-ratio: 14.26 50242-51462 orient(-) score(3423.00) noncoding_equivalent(240.00) raw_noncoding(240.00) offset(0.00) 
51462	50242	single-	4	6	{Augustus_model.g265.t1;Augustus},{GlimmerHMM_glimmerT_291-T1;GlimmerHMM}

# EVM prediction: Mode:STANDARD S-ratio: 60.17 51644-53680 orient(+) score(6010.00) noncoding_equivalent(99.88) raw_noncoding(99.88) offset(0.00) 
51644	53680	single+	1	3	{Augustus_model.g266.t1;Augustus},{GlimmerHMM_glimmerT_292-T1;GlimmerHMM}

# EVM prediction: Mode:STANDARD S-ratio: 10.31 53901-55105 orient(+) score(3235.00) noncoding_equivalent(313.86) raw_noncoding(443.97) offset(130.11) 
53901	53936	initial+	1	3	{Augustus_model.g267.t1;Augustus}
53937	54001	INTRON			{Augustus_model.g267.t1;Augustus}
54002	55105	terminal+	1	3	{GlimmerHMM_glimmerT_293-T1;GlimmerHMM}

# EVM prediction: Mode:STANDARD S-ratio: 648.76 55472-56344 orient(+) score(2613.00) noncoding_equivalent(4.03) raw_noncoding(4.03) offset(0.00) 
55472	56344	single+	1	3	{GlimmerHMM_glimmerT_294-T1;GlimmerHMM},{Augustus_model.g268.t1;Augustus}

# EVM prediction: Mode:STANDARD S-ratio: 28.92 56628-58511 orient(+) score(5462.00) noncoding_equivalent(188.90) raw_noncoding(188.90) offset(0.00) 
56628	58511	single+	1	3	{GlimmerHMM_glimmerT_295-T1;GlimmerHMM},{Augustus_model.g269.t1;Augustus}

# EVM prediction: Mode:STANDARD S-ratio: 2.01 58617-60020 orient(-) score(2808.00) noncoding_equivalent(1399.41) raw_noncoding(1399.41) offset(0.00) 
60020	58617	single-	4	6	{GlimmerHMM_glimmerT_296-T1;GlimmerHMM},{Augustus_model.g270.t1;Augustus}

# EVM prediction: Mode:STANDARD S-ratio: 10000.00 60330-61616 orient(+) score(3861.00) noncoding_equivalent(0.39) raw_noncoding(0.00) offset(0.00) 
60330	61616	single+	1	3	{GlimmerHMM_glimmerT_297-T1;GlimmerHMM},{Augustus_model.g271.t1;Augustus}

# EVM prediction: Mode:STANDARD S-ratio: 10000.00 61821-63260 orient(-) score(4320.00) noncoding_equivalent(0.43) raw_noncoding(0.00) offset(0.00) 
63260	61821	single-	4	6	{Augustus_model.g272.t1;Augustus},{GlimmerHMM_glimmerT_298-T1;GlimmerHMM}

# EVM prediction: Mode:STANDARD S-ratio: 22.73 64143-65732 orient(-) score(4569.00) noncoding_equivalent(201.00) raw_noncoding(201.00) offset(0.00) 
65732	64143	single-	4	6	{Augustus_model.g273.t1;Augustus},{GlimmerHMM_glimmerT_299-T1;GlimmerHMM}

# EVM prediction: Mode:STANDARD S-ratio: 10000.00 66019-66900 orient(-) score(2646.00) noncoding_equivalent(0.26) raw_noncoding(0.00) offset(0.00) 
66900	66019	single-	4	6	{Augustus_model.g274.t1;Augustus},{GlimmerHMM_glimmerT_300-T1;GlimmerHMM}

# EVM prediction: Mode:STANDARD S-ratio: 4.97 67530-69398 orient(-) score(9282.00) noncoding_equivalent(1869.00) raw_noncoding(1869.00) offset(0.00) 
69398	67530	single-	4	6	{HiQ_model.g275.t1;HiQ},{GlimmerHMM_glimmerT_301-T1;GlimmerHMM}

# EVM prediction: Mode:STANDARD S-ratio: 221.10 71716-75948 orient(+) score(12640.00) noncoding_equivalent(57.17) raw_noncoding(57.17) offset(0.00) 
71716	75948	single+	1	3	{GlimmerHMM_glimmerT_302-T1;GlimmerHMM}

# EVM prediction: Mode:STANDARD S-ratio: 11.54 76004-78377 orient(+) score(6092.00) noncoding_equivalent(528.05) raw_noncoding(1500.67) offset(972.62) 
76004	76008	initial+	1	2	{snap_scaffold_1-snap.263-T1;snap}
76009	76101	INTRON			{snap_scaffold_1-snap.263-T1;snap}
76102	76109	internal+	3	1	{snap_scaffold_1-snap.263-T1;snap}
76110	76518	INTRON			{snap_scaffold_1-snap.263-T1;snap}
76519	78377	terminal+	2	3	{Augustus_model.g276.t1;Augustus},{snap_scaffold_1-snap.263-T1;snap}

# EVM prediction: Mode:STANDARD S-ratio: 10000.00 79461-82127 orient(+) score(8001.00) noncoding_equivalent(0.80) raw_noncoding(0.00) offset(0.00) 
79461	82127	single+	1	3	{GlimmerHMM_glimmerT_304-T1;GlimmerHMM},{Augustus_model.g277.t1;Augustus}

# EVM prediction: Mode:STANDARD S-ratio: 341.32 82967-84244 orient(+) score(3821.00) noncoding_equivalent(11.19) raw_noncoding(11.19) offset(0.00) 
82967	84244	single+	1	3	{GlimmerHMM_glimmerT_305-T1;GlimmerHMM},{Augustus_model.g278.t1;Augustus}

# EVM prediction: Mode:STANDARD S-ratio: 10000.00 85541-87490 orient(+) score(5850.00) noncoding_equivalent(0.59) raw_noncoding(0.00) offset(0.00) 
85541	87490	single+	1	3	{GlimmerHMM_glimmerT_306-T1;GlimmerHMM},{Augustus_model.g279.t1;Augustus}

# EVM prediction: Mode:STANDARD S-ratio: 218.67 87686-88510 orient(+) score(2462.00) noncoding_equivalent(11.26) raw_noncoding(11.26) offset(0.00) 
87686	88510	single+	1	3	{GlimmerHMM_glimmerT_307-T1;GlimmerHMM},{Augustus_model.g280.t1;Augustus}

# EVM prediction: Mode:STANDARD S-ratio: 107.74 89613-90668 orient(+) score(3137.00) noncoding_equivalent(29.12) raw_noncoding(29.12) offset(0.00) 
89613	90668	single+	1	3	{GlimmerHMM_glimmerT_308-T1;GlimmerHMM},{Augustus_model.g281.t1;Augustus}

# EVM prediction: Mode:STANDARD S-ratio: 10000.00 91115-92551 orient(-) score(4311.00) noncoding_equivalent(0.43) raw_noncoding(0.00) offset(0.00) 
92551	91115	single-	4	6	{Augustus_model.g282.t1;Augustus},{GlimmerHMM_glimmerT_309-T1;GlimmerHMM}

# EVM prediction: Mode:STANDARD S-ratio: 52.61 93114-96743 orient(-) score(10685.00) noncoding_equivalent(203.09) raw_noncoding(203.09) offset(0.00) 
96743	93114	single-	4	6	{GlimmerHMM_glimmerT_310-T1;GlimmerHMM}

