!! Predictions spanning range 3997 - 99535 [R1]
# EVM prediction: Mode:STANDARD S-ratio: 2.00 3997-4674 orient(-) score(2712.00) noncoding_equivalent(1356.00) raw_noncoding(1356.00) offset(0.00) 
4674	3997	single-	4	6	{HiQ_model.g738.t1;HiQ},{GlimmerHMM_glimmerT_825-T1;GlimmerHMM}

# EVM prediction: Mode:STANDARD S-ratio: 10000.00 5366-6889 orient(+) score(6096.00) noncoding_equivalent(0.61) raw_noncoding(0.00) offset(0.00) 
5366	6889	single+	1	3	{Augustus_model.g739.t1;Augustus},{GlimmerHMM_glimmerT_826-T1;GlimmerHMM}

# EVM prediction: Mode:STANDARD S-ratio: 2.01 7177-8109 orient(-) score(3732.00) noncoding_equivalent(1853.83) raw_noncoding(1853.83) offset(0.00) 
8109	7177	single-	4	6	{HiQ_model.g740.t1;HiQ},{GlimmerHMM_glimmerT_827-T1;GlimmerHMM}

# EVM prediction: Mode:STANDARD S-ratio: 10000.00 8549-9559 orient(+) score(3984.00) noncoding_equivalent(0.40) raw_noncoding(0.00) offset(0.00) 
8549	9559	single+	1	3	{Augustus_model.g741.t1;Augustus},{GlimmerHMM_glimmerT_828-T1;GlimmerHMM}

# EVM prediction: Mode:STANDARD S-ratio: 91.26 10244-12103 orient(+) score(7358.00) noncoding_equivalent(80.62) raw_noncoding(80.62) offset(0.00) 
10244	12103	single+	1	3	{Augustus_model.g742.t1;Augustus},{GlimmerHMM_glimmerT_829-T1;GlimmerHMM}

# EVM prediction: Mode:STANDARD S-ratio: 10000.00 13630-14235 orient(+) score(1818.00) noncoding_equivalent(0.18) raw_noncoding(0.00) offset(0.00) 
13630	14235	single+	1	3	{Augustus_model.g743.t1;Augustus},{GlimmerHMM_glimmerT_831-T1;GlimmerHMM}

# EVM prediction: Mode:STANDARD S-ratio: 2.84 14707-15204 orient(+) score(1472.00) noncoding_equivalent(518.41) raw_noncoding(518.41) offset(0.00) 
14707	15204	single+	1	3	{GlimmerHMM_glimmerT_832-T1;GlimmerHMM}

# EVM prediction: Mode:STANDARD S-ratio: 10000.00 18044-19357 orient(+) score(3936.00) noncoding_equivalent(0.39) raw_noncoding(0.00) offset(0.00) 
18044	19357	single+	1	3	{Augustus_model.g744.t1;Augustus},{GlimmerHMM_glimmerT_833-T1;GlimmerHMM}

# EVM prediction: Mode:STANDARD S-ratio: 10000.00 19906-20751 orient(+) score(3384.00) noncoding_equivalent(0.34) raw_noncoding(0.00) offset(0.00) 
19906	20751	single+	1	3	{Augustus_model.g745.t1;Augustus},{GlimmerHMM_glimmerT_834-T1;GlimmerHMM}

# EVM prediction: Mode:STANDARD S-ratio: 21.67 21040-22263 orient(-) score(3510.00) noncoding_equivalent(162.00) raw_noncoding(162.00) offset(0.00) 
22263	21040	single-	4	6	{GlimmerHMM_glimmerT_835-T1;GlimmerHMM},{Augustus_model.g746.t1;Augustus}

# EVM prediction: Mode:STANDARD S-ratio: 28.27 22961-23443 orient(+) score(1866.00) noncoding_equivalent(66.00) raw_noncoding(66.00) offset(0.00) 
22961	23443	single+	1	3	{Augustus_model.g747.t1;Augustus},{GlimmerHMM_glimmerT_836-T1;GlimmerHMM}

# EVM prediction: Mode:STANDARD S-ratio: 636.15 24607-26310 orient(+) score(5102.00) noncoding_equivalent(8.02) raw_noncoding(8.02) offset(0.00) 
24607	26310	single+	1	3	{GlimmerHMM_glimmerT_837-T1;GlimmerHMM},{Augustus_model.g748.t1;Augustus}

# EVM prediction: Mode:STANDARD S-ratio: 21.40 26898-27485 orient(-) score(2247.00) noncoding_equivalent(105.00) raw_noncoding(105.00) offset(0.00) 
27485	26898	single-	4	6	{GlimmerHMM_glimmerT_838-T1;GlimmerHMM},{Augustus_model.g749.t1;Augustus}

# EVM prediction: Mode:STANDARD S-ratio: 10000.00 27901-29193 orient(+) score(5172.00) noncoding_equivalent(0.52) raw_noncoding(0.00) offset(0.00) 
27901	29193	single+	1	3	{GlimmerHMM_glimmerT_839-T1;GlimmerHMM},{Augustus_model.g750.t1;Augustus}

# EVM prediction: Mode:STANDARD S-ratio: 5.00 30071-32326 orient(-) score(11274.00) noncoding_equivalent(2256.00) raw_noncoding(2256.00) offset(0.00) 
32326	30071	single-	4	6	{GlimmerHMM_glimmerT_840-T1;GlimmerHMM},{HiQ_model.g751.t1;HiQ}

# EVM prediction: Mode:STANDARD S-ratio: 3.00 32903-33508 orient(+) score(1818.00) noncoding_equivalent(606.00) raw_noncoding(606.00) offset(0.00) 
32903	33508	single+	1	3	{Augustus_model.g752.t1;Augustus},{GlimmerHMM_glimmerT_841-T1;GlimmerHMM}

# EVM prediction: Mode:STANDARD S-ratio: 10000.00 34199-34624 orient(+) score(1704.00) noncoding_equivalent(0.17) raw_noncoding(0.00) offset(0.00) 
34199	34624	single+	1	3	{Augustus_model.g753.t1;Augustus},{GlimmerHMM_glimmerT_842-T1;GlimmerHMM}

# EVM prediction: Mode:STANDARD S-ratio: 10000.00 35132-36481 orient(+) score(5391.00) noncoding_equivalent(0.54) raw_noncoding(0.00) offset(0.00) 
35132	36481	single+	1	3	{GlimmerHMM_glimmerT_843-T1;GlimmerHMM},{Augustus_model.g754.t1;Augustus}

# EVM prediction: Mode:STANDARD S-ratio: 19.90 36750-41203 orient(-) score(13280.00) noncoding_equivalent(667.29) raw_noncoding(1804.04) offset(1136.75) 
37919	36750	terminal-	4	6	{snap_scaffold_2-snap.202-T1;snap},{GlimmerHMM_glimmerT_844-T1;GlimmerHMM},{Augustus_model.g755.t1;Augustus}
38500	37920	INTRON			{Augustus_model.g755.t1;Augustus}
41203	38501	initial-	4	6	{Augustus_model.g755.t1;Augustus}

# EVM prediction: Mode:STANDARD S-ratio: 2.00 41788-42468 orient(+) score(1362.00) noncoding_equivalent(681.00) raw_noncoding(681.00) offset(0.00) 
41788	42468	single+	1	3	{GlimmerHMM_glimmerT_845-T1;GlimmerHMM},{Augustus_model.g756.t1;Augustus}

# EVM prediction: Mode:STANDARD S-ratio: 10000.00 43756-45318 orient(+) score(6252.00) noncoding_equivalent(0.63) raw_noncoding(0.00) offset(0.00) 
43756	45318	single+	1	3	{Augustus_model.g757.t1;Augustus},{GlimmerHMM_glimmerT_846-T1;GlimmerHMM}

# EVM prediction: Mode:STANDARD S-ratio: 812.91 46224-50714 orient(+) score(17937.00) noncoding_equivalent(22.07) raw_noncoding(22.07) offset(0.00) 
46224	50714	single+	1	3	{GlimmerHMM_glimmerT_847-T1;GlimmerHMM},{Augustus_model.g758.t1;Augustus}

# EVM prediction: Mode:STANDARD S-ratio: 10000.00 54043-54669 orient(+) score(2508.00) noncoding_equivalent(0.25) raw_noncoding(0.00) offset(0.00) 
54043	54669	single+	1	3	{Augustus_model.g759.t1;Augustus},{GlimmerHMM_glimmerT_848-T1;GlimmerHMM}

# EVM prediction: Mode:STANDARD S-ratio: 106.47 54928-56877 orient(+) score(5794.00) noncoding_equivalent(54.42) raw_noncoding(54.42) offset(0.00) 
54928	56877	single+	1	3	{GlimmerHMM_glimmerT_849-T1;GlimmerHMM},{Augustus_model.g760.t1;Augustus}

# EVM prediction: Mode:STANDARD S-ratio: 10000.00 57840-58337 orient(+) score(1494.00) noncoding_equivalent(0.15) raw_noncoding(0.00) offset(0.00) 
57840	58337	single+	1	3	{Augustus_model.g761.t1;Augustus},{GlimmerHMM_glimmerT_850-T1;GlimmerHMM}

# EVM prediction: Mode:STANDARD S-ratio: 3.74 58526-58816 orient(-) score(1368.00) noncoding_equivalent(366.00) raw_noncoding(366.00) offset(0.00) 
58816	58526	single-	4	6	{HiQ_model.g762.t1;HiQ}

# EVM prediction: Mode:STANDARD S-ratio: 92.79 59171-62359 orient(-) score(9465.00) noncoding_equivalent(102.00) raw_noncoding(102.00) offset(0.00) 
62359	59171	single-	4	6	{Augustus_model.g763.t1;Augustus},{GlimmerHMM_glimmerT_852-T1;GlimmerHMM}

# EVM prediction: Mode:STANDARD S-ratio: 1.90 62844-63973 orient(-) score(2183.00) noncoding_equivalent(1151.00) raw_noncoding(1207.00) offset(56.00) 
62859	62844	terminal-	6	6	{Augustus_model.g764.t1;Augustus}
62915	62860	INTRON			{Augustus_model.g764.t1;Augustus}
63973	62916	initial-	4	5	{Augustus_model.g764.t1;Augustus}

# EVM prediction: Mode:STANDARD S-ratio: 4.86 64283-65485 orient(-) score(5985.00) noncoding_equivalent(1231.13) raw_noncoding(1231.13) offset(0.00) 
65485	64283	single-	4	6	{HiQ_model.g765.t1;HiQ},{GlimmerHMM_glimmerT_854-T1;GlimmerHMM}

# EVM prediction: Mode:STANDARD S-ratio: 4.85 65991-66704 orient(-) score(3540.00) noncoding_equivalent(730.10) raw_noncoding(730.10) offset(0.00) 
66704	65991	single-	4	6	{GlimmerHMM_glimmerT_855-T1;GlimmerHMM},{HiQ_model.g766.t1;HiQ}

# EVM prediction: Mode:STANDARD S-ratio: 19.00 67031-68230 orient(+) score(3420.00) noncoding_equivalent(180.00) raw_noncoding(180.00) offset(0.00) 
67031	68230	single+	1	3	{Augustus_model.g767.t1;Augustus},{GlimmerHMM_glimmerT_856-T1;GlimmerHMM}

# EVM prediction: Mode:STANDARD S-ratio: 10000.00 68305-68892 orient(-) score(1764.00) noncoding_equivalent(0.18) raw_noncoding(0.00) offset(0.00) 
68892	68305	single-	4	6	{Augustus_model.g768.t1;Augustus},{GlimmerHMM_glimmerT_857-T1;GlimmerHMM}

# EVM prediction: Mode:STANDARD S-ratio: 211.46 69865-71253 orient(+) score(5528.00) noncoding_equivalent(26.14) raw_noncoding(26.14) offset(0.00) 
69865	71253	single+	1	3	{GlimmerHMM_glimmerT_858-T1;GlimmerHMM},{Augustus_model.g769.t1;Augustus}

# EVM prediction: Mode:STANDARD S-ratio: 4.28 71865-72710 orient(+) score(3732.00) noncoding_equivalent(871.00) raw_noncoding(1248.00) offset(377.00) 
71865	71909	initial+	1	3	{Augustus_model.g770.t1;Augustus},{GlimmerHMM_glimmerT_859-T1;GlimmerHMM}
71910	72284	INTRON			{Augustus_model.g770.t1;Augustus},{GlimmerHMM_glimmerT_859-T1;GlimmerHMM},{ev_type:exonerate/ID=match.177006.378/Target=YBR048W;exonerate},{ev_type:exonerate/ID=match.177006.2383/Target=YDR025W;exonerate}
72285	72710	terminal+	1	3	{Augustus_model.g770.t1;Augustus},{GlimmerHMM_glimmerT_859-T1;GlimmerHMM}

# EVM prediction: Mode:STANDARD S-ratio: 113.40 72952-74667 orient(-) score(5103.00) noncoding_equivalent(45.00) raw_noncoding(45.00) offset(0.00) 
74667	72952	single-	4	6	{GlimmerHMM_glimmerT_860-T1;GlimmerHMM},{Augustus_model.g771.t1;Augustus}

# EVM prediction: Mode:STANDARD S-ratio: 4.97 75017-77701 orient(-) score(13409.00) noncoding_equivalent(2699.09) raw_noncoding(2699.09) offset(0.00) 
77701	75017	single-	4	6	{HiQ_model.g772.t1;HiQ},{GlimmerHMM_glimmerT_861-T1;GlimmerHMM}

# EVM prediction: Mode:STANDARD S-ratio: 657.59 78205-81285 orient(-) score(9227.00) noncoding_equivalent(14.03) raw_noncoding(14.03) offset(0.00) 
81285	78205	single-	4	6	{GlimmerHMM_glimmerT_862-T1;GlimmerHMM},{Augustus_model.g773.t1;Augustus}

# EVM prediction: Mode:STANDARD S-ratio: 10000.00 82186-83706 orient(-) score(4563.00) noncoding_equivalent(0.46) raw_noncoding(0.00) offset(0.00) 
83706	82186	single-	4	6	{GlimmerHMM_glimmerT_863-T1;GlimmerHMM},{Augustus_model.g774.t1;Augustus}

# EVM prediction: Mode:STANDARD S-ratio: 3.76 83919-84284 orient(+) score(1380.00) noncoding_equivalent(367.28) raw_noncoding(367.28) offset(0.00) 
83919	84284	single+	1	3	{Augustus_model.g775.t1;Augustus},{GlimmerHMM_glimmerT_864-T1;GlimmerHMM}

# EVM prediction: Mode:STANDARD S-ratio: 4.94 84536-85132 orient(-) score(2977.00) noncoding_equivalent(603.02) raw_noncoding(603.02) offset(0.00) 
85132	84536	single-	4	6	{GlimmerHMM_glimmerT_865-T1;GlimmerHMM},{HiQ_model.g776.t1;HiQ}

# EVM prediction: Mode:STANDARD S-ratio: 23.45 88465-89439 orient(+) score(3729.00) noncoding_equivalent(159.00) raw_noncoding(159.00) offset(0.00) 
88465	89439	single+	1	3	{Augustus_model.g777.t1;Augustus},{GlimmerHMM_glimmerT_866-T1;GlimmerHMM}

# EVM prediction: Mode:STANDARD S-ratio: 10000.00 90057-92411 orient(-) score(7065.00) noncoding_equivalent(0.71) raw_noncoding(0.00) offset(0.00) 
92411	90057	single-	4	6	{Augustus_model.g778.t1;Augustus},{GlimmerHMM_glimmerT_867-T1;GlimmerHMM}

# EVM prediction: Mode:STANDARD S-ratio: 146.59 98423-99535 orient(+) score(4420.00) noncoding_equivalent(30.15) raw_noncoding(30.15) offset(0.00) 
98423	99535	single+	1	3	{GlimmerHMM_glimmerT_869-T1;GlimmerHMM},{Augustus_model.g779.t1;Augustus}

