!! Predictions spanning range 3064 - 98449 [R1]
# EVM prediction: Mode:STANDARD S-ratio: 4.96 3064-3657 orient(-) score(2966.00) noncoding_equivalent(598.03) raw_noncoding(598.03) offset(0.00) 
3657	3064	single-	4	6	{GlimmerHMM_glimmerT_1476-T1;GlimmerHMM},{HiQ_model.g1363.t1;HiQ}

# EVM prediction: Mode:STANDARD S-ratio: 99.91 4027-5691 orient(+) score(6594.00) noncoding_equivalent(66.00) raw_noncoding(66.00) offset(0.00) 
4027	5691	single+	1	3	{GlimmerHMM_glimmerT_1477-T1;GlimmerHMM},{Augustus_model.g1364.t1;Augustus}

# EVM prediction: Mode:STANDARD S-ratio: 38.20 6734-9010 orient(-) score(8876.00) noncoding_equivalent(232.38) raw_noncoding(232.38) offset(0.00) 
9010	6734	single-	4	6	{GlimmerHMM_glimmerT_1478-T1;GlimmerHMM}

# EVM prediction: Mode:STANDARD S-ratio: 4.83 9398-11356 orient(-) score(9741.00) noncoding_equivalent(2014.83) raw_noncoding(2014.83) offset(0.00) 
11356	9398	single-	4	6	{HiQ_model.g1366.t1;HiQ},{GlimmerHMM_glimmerT_1479-T1;GlimmerHMM}

# EVM prediction: Mode:STANDARD S-ratio: 1687.08 11595-13292 orient(+) score(6788.00) noncoding_equivalent(4.02) raw_noncoding(4.02) offset(0.00) 
11595	13292	single+	1	3	{Augustus_model.g1367.t1;Augustus},{GlimmerHMM_glimmerT_1480-T1;GlimmerHMM}

# EVM prediction: Mode:STANDARD S-ratio: 10000.00 13659-14516 orient(+) score(3432.00) noncoding_equivalent(0.34) raw_noncoding(0.00) offset(0.00) 
13659	14516	single+	1	3	{GlimmerHMM_glimmerT_1481-T1;GlimmerHMM},{Augustus_model.g1368.t1;Augustus}

# EVM prediction: Mode:STANDARD S-ratio: 1.00 14748-15065 orient(-) score(636.00) noncoding_equivalent(636.00) raw_noncoding(636.00) offset(0.00) 
15065	14748	single-	4	6	{GlimmerHMM_glimmerT_1482-T1;GlimmerHMM}

# EVM prediction: Mode:STANDARD S-ratio: 478.92 15643-16761 orient(+) score(4467.00) noncoding_equivalent(9.33) raw_noncoding(9.33) offset(0.00) 
15643	16761	single+	1	3	{GlimmerHMM_glimmerT_1483-T1;GlimmerHMM},{Augustus_model.g1369.t1;Augustus}

# EVM prediction: Mode:STANDARD S-ratio: 432.25 17492-19015 orient(+) score(6082.00) noncoding_equivalent(14.07) raw_noncoding(14.07) offset(0.00) 
17492	19015	single+	1	3	{GlimmerHMM_glimmerT_1484-T1;GlimmerHMM},{Augustus_model.g1370.t1;Augustus}

# EVM prediction: Mode:STANDARD S-ratio: 4.83 19445-21145 orient(-) score(8454.00) noncoding_equivalent(1752.00) raw_noncoding(1752.00) offset(0.00) 
21145	19445	single-	4	6	{HiQ_model.g1371.t1;HiQ},{GlimmerHMM_glimmerT_1485-T1;GlimmerHMM}

# EVM prediction: Mode:STANDARD S-ratio: 3.00 21607-23727 orient(+) score(6363.00) noncoding_equivalent(2121.00) raw_noncoding(2121.00) offset(0.00) 
21607	23727	single+	1	3	{Augustus_model.g1372.t1;Augustus},{GlimmerHMM_glimmerT_1486-T1;GlimmerHMM}

# EVM prediction: Mode:STANDARD S-ratio: 4.94 23882-25978 orient(-) score(10465.00) noncoding_equivalent(2117.27) raw_noncoding(2117.27) offset(0.00) 
25978	23882	single-	4	6	{HiQ_model.g1373.t1;HiQ},{GlimmerHMM_glimmerT_1487-T1;GlimmerHMM}

# EVM prediction: Mode:STANDARD S-ratio: 18.65 26214-28232 orient(+) score(7665.00) noncoding_equivalent(411.00) raw_noncoding(411.00) offset(0.00) 
26214	28232	single+	1	3	{GlimmerHMM_glimmerT_1488-T1;GlimmerHMM},{Augustus_model.g1374.t1;Augustus}

# EVM prediction: Mode:STANDARD S-ratio: 4.71 29042-29896 orient(-) score(4232.00) noncoding_equivalent(898.47) raw_noncoding(898.47) offset(0.00) 
29896	29042	single-	4	6	{HiQ_model.g1375.t1;HiQ},{GlimmerHMM_glimmerT_1489-T1;GlimmerHMM}

# EVM prediction: Mode:STANDARD S-ratio: 6.36 30130-31551 orient(+) score(4917.00) noncoding_equivalent(772.96) raw_noncoding(772.96) offset(0.00) 
30130	31551	single+	1	3	{GlimmerHMM_glimmerT_1490-T1;GlimmerHMM},{Augustus_model.g1376.t1;Augustus}

# EVM prediction: Mode:STANDARD S-ratio: 3727.09 31988-35725 orient(+) score(14948.00) noncoding_equivalent(4.01) raw_noncoding(4.01) offset(0.00) 
31988	35725	single+	1	3	{Augustus_model.g1377.t1;Augustus},{GlimmerHMM_glimmerT_1491-T1;GlimmerHMM}

# EVM prediction: Mode:STANDARD S-ratio: 2.04 35795-38548 orient(-) score(11016.00) noncoding_equivalent(5404.81) raw_noncoding(5404.81) offset(0.00) 
38548	35795	single-	4	6	{GlimmerHMM_glimmerT_1492-T1;GlimmerHMM},{HiQ_model.g1378.t1;HiQ}

# EVM prediction: Mode:STANDARD S-ratio: 1728.62 39427-41208 orient(+) score(7124.00) noncoding_equivalent(4.12) raw_noncoding(4.12) offset(0.00) 
39427	41208	single+	1	3	{GlimmerHMM_glimmerT_1493-T1;GlimmerHMM},{Augustus_model.g1379.t1;Augustus}

# EVM prediction: Mode:STANDARD S-ratio: 4.17 41450-41881 orient(-) score(2091.00) noncoding_equivalent(501.00) raw_noncoding(501.00) offset(0.00) 
41881	41450	single-	4	6	{GlimmerHMM_glimmerT_1494-T1;GlimmerHMM},{HiQ_model.g1380.t1;HiQ}

# EVM prediction: Mode:STANDARD S-ratio: 5.84 42461-43279 orient(-) score(4872.00) noncoding_equivalent(834.00) raw_noncoding(834.00) offset(0.00) 
43279	42461	single-	4	6	{GlimmerHMM_glimmerT_1495-T1;GlimmerHMM},{HiQ_model.g1381.t1;HiQ}

# EVM prediction: Mode:STANDARD S-ratio: 10000.00 45687-46439 orient(+) score(3003.00) noncoding_equivalent(0.30) raw_noncoding(0.00) offset(0.00) 
45687	46439	single+	1	3	{GlimmerHMM_glimmerT_1496-T1;GlimmerHMM},{Augustus_model.g1382.t1;Augustus}

# EVM prediction: Mode:STANDARD S-ratio: 146.54 46781-50508 orient(+) score(14801.00) noncoding_equivalent(101.00) raw_noncoding(105.00) offset(4.00) 
46781	47384	initial+	1	1	{GlimmerHMM_glimmerT_1497-T1;GlimmerHMM},{Augustus_model.g1383.t1;Augustus}
47385	47428	INTRON			{GlimmerHMM_glimmerT_1497-T1;GlimmerHMM},{Augustus_model.g1383.t1;Augustus}
47429	50508	terminal+	2	3	{GlimmerHMM_glimmerT_1497-T1;GlimmerHMM},{Augustus_model.g1383.t1;Augustus}

# EVM prediction: Mode:STANDARD S-ratio: 4.62 50794-53478 orient(-) score(13245.00) noncoding_equivalent(2865.00) raw_noncoding(2865.00) offset(0.00) 
53478	50794	single-	4	6	{HiQ_model.g1384.t1;HiQ},{GlimmerHMM_glimmerT_1498-T1;GlimmerHMM}

# EVM prediction: Mode:STANDARD S-ratio: 5.00 54495-59333 orient(-) score(24426.00) noncoding_equivalent(4889.97) raw_noncoding(4889.97) offset(0.00) 
59333	54495	single-	4	6	{HiQ_model.g1385.t1;HiQ},{GlimmerHMM_glimmerT_1499-T1;GlimmerHMM}

# EVM prediction: Mode:STANDARD S-ratio: 2.35 60014-60742 orient(-) score(2091.00) noncoding_equivalent(891.00) raw_noncoding(897.00) offset(6.00) 
60445	60014	terminal-	4	6	{GlimmerHMM_glimmerT_1500-T1;GlimmerHMM},{snap_scaffold_4-snap.126-T1;snap}
60712	60446	INTRON			{GlimmerHMM_glimmerT_1500-T1;GlimmerHMM},{snap_scaffold_4-snap.126-T1;snap},{Augustus_model.g1386.t1;Augustus}
60742	60713	initial-	4	6	{GlimmerHMM_glimmerT_1500-T1;GlimmerHMM},{snap_scaffold_4-snap.126-T1;snap},{Augustus_model.g1386.t1;Augustus}

# EVM prediction: Mode:STANDARD S-ratio: 10000.00 62084-63910 orient(+) score(7300.00) noncoding_equivalent(0.73) raw_noncoding(0.00) offset(0.00) 
62084	63910	single+	1	3	{Augustus_model.g1387.t1;Augustus},{GlimmerHMM_glimmerT_1501-T1;GlimmerHMM}

# EVM prediction: Mode:STANDARD S-ratio: 89.80 64892-65551 orient(+) score(2611.00) noncoding_equivalent(29.07) raw_noncoding(29.07) offset(0.00) 
64892	65551	single+	1	3	{GlimmerHMM_glimmerT_1502-T1;GlimmerHMM},{Augustus_model.g1388.t1;Augustus}

# EVM prediction: Mode:STANDARD S-ratio: 4.47 65897-68506 orient(-) score(12796.00) noncoding_equivalent(2865.77) raw_noncoding(2865.77) offset(0.00) 
68506	65897	single-	4	6	{GlimmerHMM_glimmerT_1503-T1;GlimmerHMM},{HiQ_model.g1389.t1;HiQ}

# EVM prediction: Mode:STANDARD S-ratio: 28.95 70971-72119 orient(+) score(4441.00) noncoding_equivalent(153.39) raw_noncoding(153.39) offset(0.00) 
70971	72119	single+	1	3	{GlimmerHMM_glimmerT_1504-T1;GlimmerHMM}

# EVM prediction: Mode:STANDARD S-ratio: 9.31 72311-73684 orient(+) score(4876.00) noncoding_equivalent(524.00) raw_noncoding(726.00) offset(202.00) 
72311	73131	initial+	1	2	{snap_scaffold_4-snap.131-T1;snap},{Augustus_model.g1391.t1;Augustus}
73132	73347	INTRON			{snap_scaffold_4-snap.131-T1;snap},{Augustus_model.g1391.t1;Augustus}
73348	73684	terminal+	3	3	{snap_scaffold_4-snap.131-T1;snap},{Augustus_model.g1391.t1;Augustus}

# EVM prediction: Mode:STANDARD S-ratio: 18.52 74462-76324 orient(+) score(7071.00) noncoding_equivalent(381.73) raw_noncoding(381.73) offset(0.00) 
74462	76324	single+	1	3	{GlimmerHMM_glimmerT_1507-T1;GlimmerHMM}

# EVM prediction: Mode:STANDARD S-ratio: 8.58 76608-77207 orient(+) score(2149.00) noncoding_equivalent(250.53) raw_noncoding(250.53) offset(0.00) 
76608	77207	single+	1	3	{GlimmerHMM_glimmerT_1508-T1;GlimmerHMM}

# EVM prediction: Mode:STANDARD S-ratio: 4.91 77362-78540 orient(-) score(5876.00) noncoding_equivalent(1196.17) raw_noncoding(1196.17) offset(0.00) 
78540	77362	single-	4	6	{HiQ_model.g1393.t1;HiQ},{GlimmerHMM_glimmerT_1509-T1;GlimmerHMM}

# EVM prediction: Mode:STANDARD S-ratio: 4.83 78688-80169 orient(-) score(7360.00) noncoding_equivalent(1523.40) raw_noncoding(1523.40) offset(0.00) 
80169	78688	single-	4	6	{HiQ_model.g1394.t1;HiQ},{GlimmerHMM_glimmerT_1510-T1;GlimmerHMM}

# EVM prediction: Mode:STANDARD S-ratio: 235.02 80529-83306 orient(+) score(11065.00) noncoding_equivalent(47.08) raw_noncoding(47.08) offset(0.00) 
80529	83306	single+	1	3	{GlimmerHMM_glimmerT_1511-T1;GlimmerHMM}

# EVM prediction: Mode:STANDARD S-ratio: 4.85 83622-86612 orient(-) score(14880.00) noncoding_equivalent(3066.00) raw_noncoding(3066.00) offset(0.00) 
86612	83622	single-	4	6	{HiQ_model.g1396.t1;HiQ},{GlimmerHMM_glimmerT_1512-T1;GlimmerHMM}

# EVM prediction: Mode:STANDARD S-ratio: 207.62 86809-87027 orient(+) score(872.00) noncoding_equivalent(4.20) raw_noncoding(4.20) offset(0.00) 
86809	87027	single+	1	3	{Augustus_model.g1397.t1;Augustus},{GlimmerHMM_glimmerT_1513-T1;GlimmerHMM}

# EVM prediction: Mode:STANDARD S-ratio: 3.91 87221-87556 orient(-) score(1605.00) noncoding_equivalent(411.00) raw_noncoding(411.00) offset(0.00) 
87556	87221	single-	4	6	{HiQ_model.g1398.t1;HiQ},{GlimmerHMM_glimmerT_1514-T1;GlimmerHMM}

# EVM prediction: Mode:STANDARD S-ratio: 660.83 87751-88422 orient(+) score(2684.00) noncoding_equivalent(4.06) raw_noncoding(4.06) offset(0.00) 
87751	88422	single+	1	3	{Augustus_model.g1399.t1;Augustus},{GlimmerHMM_glimmerT_1515-T1;GlimmerHMM}

# EVM prediction: Mode:STANDARD S-ratio: 6.19 88811-90116 orient(-) score(3719.00) noncoding_equivalent(600.94) raw_noncoding(785.78) offset(184.83) 
89622	88811	terminal-	5	6	{snap_scaffold_4-snap.140-T1;snap}
89815	89623	INTRON			{snap_scaffold_4-snap.140-T1;snap}
90116	89816	initial-	4	4	{snap_scaffold_4-snap.140-T1;snap},{Augustus_model.g1400.t1;Augustus}

# EVM prediction: Mode:STANDARD S-ratio: 4.80 91221-92441 orient(-) score(6063.00) noncoding_equivalent(1263.00) raw_noncoding(1263.00) offset(0.00) 
92441	91221	single-	4	6	{GlimmerHMM_glimmerT_1517-T1;GlimmerHMM},{HiQ_model.g1401.t1;HiQ}

# EVM prediction: Mode:STANDARD S-ratio: 926.00 92827-93753 orient(-) score(2778.00) noncoding_equivalent(3.00) raw_noncoding(3.00) offset(0.00) 
93753	92827	single-	4	6	{Augustus_model.g1402.t1;Augustus}

# EVM prediction: Mode:STANDARD S-ratio: 4.99 94330-97020 orient(-) score(13449.00) noncoding_equivalent(2697.12) raw_noncoding(2697.12) offset(0.00) 
97020	94330	single-	4	6	{HiQ_model.g1403.t1;HiQ},{GlimmerHMM_glimmerT_1519-T1;GlimmerHMM}

# EVM prediction: Mode:STANDARD S-ratio: 2.97 97964-98449 orient(-) score(1454.00) noncoding_equivalent(490.10) raw_noncoding(490.10) offset(0.00) 
98449	97964	single-	4	6	{GlimmerHMM_glimmerT_1520-T1;GlimmerHMM}

