!! Predictions spanning range 6641 - 88532 [R1]
# EVM prediction: Mode:STANDARD S-ratio: 10000.00 6641-7627 orient(+) score(3890.00) noncoding_equivalent(0.39) raw_noncoding(0.00) offset(0.00) 
6641	7627	single+	1	3	{Augustus_gene528.t1;Augustus}

# EVM prediction: Mode:STANDARD S-ratio: 10000.00 7977-8309 orient(-) score(1501.00) noncoding_equivalent(0.15) raw_noncoding(0.00) offset(0.00) 
8309	7977	single-	4	6	{Augustus_gene241.t1;Augustus}

# EVM prediction: Mode:STANDARD S-ratio: 10000.00 11859-12947 orient(+) score(4624.00) noncoding_equivalent(0.46) raw_noncoding(0.00) offset(0.00) 
11859	12947	single+	1	3	{Augustus_gene85.t1;Augustus}

# EVM prediction: Mode:STANDARD S-ratio: 10000.00 13277-15151 orient(+) score(9435.00) noncoding_equivalent(0.94) raw_noncoding(0.00) offset(0.00) 
13277	15151	single+	1	3	{Augustus_gene814.t1;Augustus}

# EVM prediction: Mode:STANDARD S-ratio: 10000.00 15725-16471 orient(-) score(5249.00) noncoding_equivalent(0.52) raw_noncoding(0.00) offset(0.00) 
16471	15725	single-	4	6	{Augustus_gene147.t1;Augustus}

# EVM prediction: Mode:STANDARD S-ratio: 10000.00 25926-27554 orient(+) score(5254.00) noncoding_equivalent(0.53) raw_noncoding(0.00) offset(0.00) 
25926	27554	single+	1	3	{Augustus_gene1154.t1;Augustus}

# EVM prediction: Mode:STANDARD S-ratio: 10000.00 30647-33724 orient(+) score(16115.00) noncoding_equivalent(1.61) raw_noncoding(0.00) offset(0.00) 
30647	33724	single+	1	3	{Augustus_gene1075.t1;Augustus}

# EVM prediction: Mode:STANDARD S-ratio: 10000.00 34162-35781 orient(+) score(6876.00) noncoding_equivalent(0.69) raw_noncoding(0.00) offset(0.00) 
34162	35781	single+	1	3	{Augustus_gene126.t1;Augustus}

# EVM prediction: Mode:STANDARD S-ratio: 10000.00 36472-38157 orient(+) score(3372.00) noncoding_equivalent(0.34) raw_noncoding(0.00) offset(0.00) 
36472	38157	single+	1	3	{Augustus_gene242.t1;Augustus}

# EVM prediction: Mode:STANDARD S-ratio: 10000.00 38662-39111 orient(+) score(1768.00) noncoding_equivalent(0.18) raw_noncoding(0.00) offset(0.00) 
38662	39111	single+	1	3	{Augustus_gene54.t1;Augustus}

# EVM prediction: Mode:STANDARD S-ratio: 10000.00 39457-40451 orient(+) score(2985.00) noncoding_equivalent(0.30) raw_noncoding(0.00) offset(0.00) 
39457	39477	initial+	1	3	{Augustus_gene401.t1;Augustus}
39478	40016	INTRON			{Augustus_gene401.t1;Augustus},{ev_type:exonerate/ID=match.133146.6378/Target=YDR064W;exonerate}
40017	40451	terminal+	1	3	{Augustus_gene401.t1;Augustus}

# EVM prediction: Mode:STANDARD S-ratio: 10000.00 64006-66984 orient(+) score(9227.00) noncoding_equivalent(0.92) raw_noncoding(0.00) offset(0.00) 
64006	66984	single+	1	3	{Augustus_gene837.t1;Augustus}

# EVM prediction: Mode:STANDARD S-ratio: 10000.00 72071-73249 orient(+) score(6355.00) noncoding_equivalent(0.64) raw_noncoding(0.00) offset(0.00) 
72071	73249	single+	1	3	{Augustus_gene33.t1;Augustus}

# EVM prediction: Mode:STANDARD S-ratio: 10000.00 76926-77168 orient(-) score(972.00) noncoding_equivalent(0.10) raw_noncoding(0.00) offset(0.00) 
77168	76926	single-	4	6	{Augustus_gene487.t1;Augustus}

# EVM prediction: Mode:STANDARD S-ratio: 10000.00 86706-88532 orient(-) score(8260.00) noncoding_equivalent(0.83) raw_noncoding(0.00) offset(0.00) 
88532	86706	single-	4	6	{Augustus_gene145.t1;Augustus}

!! Predictions spanning range 94248 - 95400 [R2]
# EVM prediction: Mode:STANDARD S-ratio: 10000.00 94248-95400 orient(+) score(4612.00) noncoding_equivalent(0.46) raw_noncoding(0.00) offset(0.00) 
94248	95400	internal+	2	2	{ev_type:exonerate/ID=match.133146.324/Target=YDR093W;exonerate}

