!! Predictions spanning range 3272 - 98888 [R1]
# EVM prediction: Mode:STANDARD S-ratio: 69.56 3272-5107 orient(+) score(5429.00) noncoding_equivalent(78.05) raw_noncoding(78.05) offset(0.00) 
3272	5107	single+	1	3	{Augustus_model.g3407.t1;Augustus},{GlimmerHMM_glimmerT_3821-T1;GlimmerHMM}

# EVM prediction: Mode:STANDARD S-ratio: 107.44 5646-7841 orient(+) score(8703.00) noncoding_equivalent(81.00) raw_noncoding(81.00) offset(0.00) 
5646	7841	single+	1	3	{Augustus_model.g3408.t1;Augustus},{GlimmerHMM_glimmerT_3822-T1;GlimmerHMM}

# EVM prediction: Mode:STANDARD S-ratio: 4.60 8254-9723 orient(-) score(7245.00) noncoding_equivalent(1575.00) raw_noncoding(1575.00) offset(0.00) 
9723	8254	single-	4	6	{HiQ_model.g3409.t1;HiQ},{GlimmerHMM_glimmerT_3823-T1;GlimmerHMM}

# EVM prediction: Mode:STANDARD S-ratio: 4.49 10041-13703 orient(-) score(17971.00) noncoding_equivalent(4001.00) raw_noncoding(4001.00) offset(0.00) 
13703	10041	single-	4	6	{HiQ_model.g3410.t1;HiQ},{GlimmerHMM_glimmerT_3824-T1;GlimmerHMM}

# EVM prediction: Mode:STANDARD S-ratio: 17.02 14377-15234 orient(-) score(2427.00) noncoding_equivalent(142.57) raw_noncoding(142.57) offset(0.00) 
15234	14377	single-	4	6	{GlimmerHMM_glimmerT_3825-T1;GlimmerHMM},{Augustus_model.g3411.t1;Augustus}

# EVM prediction: Mode:STANDARD S-ratio: 2.80 15727-18222 orient(-) score(4432.00) noncoding_equivalent(1581.00) raw_noncoding(1581.00) offset(0.00) 
18222	15727	single-	4	6	{GlimmerHMM_glimmerT_3826-T1;GlimmerHMM}

# EVM prediction: Mode:STANDARD S-ratio: 768.28 19581-23228 orient(+) score(10928.00) noncoding_equivalent(14.22) raw_noncoding(14.22) offset(0.00) 
19581	23228	single+	1	3	{Augustus_model.g3413.t1;Augustus},{GlimmerHMM_glimmerT_3827-T1;GlimmerHMM}

# EVM prediction: Mode:STANDARD S-ratio: 4.85 23606-27298 orient(-) score(18371.00) noncoding_equivalent(3786.04) raw_noncoding(3786.04) offset(0.00) 
27298	23606	single-	4	6	{HiQ_model.g3414.t1;HiQ},{GlimmerHMM_glimmerT_3828-T1;GlimmerHMM}

# EVM prediction: Mode:STANDARD S-ratio: 3.00 27640-29577 orient(+) score(5814.00) noncoding_equivalent(1938.00) raw_noncoding(1938.00) offset(0.00) 
27640	29577	single+	1	3	{Augustus_model.g3415.t1;Augustus},{GlimmerHMM_glimmerT_3829-T1;GlimmerHMM}

# EVM prediction: Mode:STANDARD S-ratio: 2.01 29697-30344 orient(-) score(2592.00) noncoding_equivalent(1291.38) raw_noncoding(1291.38) offset(0.00) 
30344	29697	single-	4	6	{HiQ_model.g3416.t1;HiQ},{GlimmerHMM_glimmerT_3830-T1;GlimmerHMM}

# EVM prediction: Mode:STANDARD S-ratio: 10000.00 30616-32325 orient(+) score(6831.00) noncoding_equivalent(0.68) raw_noncoding(0.00) offset(0.00) 
30616	32325	single+	1	3	{GlimmerHMM_glimmerT_3831-T1;GlimmerHMM},{Augustus_model.g3417.t1;Augustus}

# EVM prediction: Mode:STANDARD S-ratio: 5.00 32486-35137 orient(-) score(13260.00) noncoding_equivalent(2652.00) raw_noncoding(2652.00) offset(0.00) 
35137	32486	single-	4	6	{GlimmerHMM_glimmerT_3832-T1;GlimmerHMM},{HiQ_model.g3418.t1;HiQ}

# EVM prediction: Mode:STANDARD S-ratio: 4.76 35428-37200 orient(-) score(8790.00) noncoding_equivalent(1848.00) raw_noncoding(1848.00) offset(0.00) 
37200	35428	single-	4	6	{HiQ_model.g3419.t1;HiQ}

# EVM prediction: Mode:STANDARD S-ratio: 45.18 37514-38409 orient(-) score(3479.00) noncoding_equivalent(77.00) raw_noncoding(91.00) offset(14.00) 
38390	37514	terminal-	6	6	{snap_scaffold_9-snap.110-T1;snap}
38404	38391	INTRON			{snap_scaffold_9-snap.110-T1;snap}
38409	38405	initial-	4	5	{snap_scaffold_9-snap.110-T1;snap}

# EVM prediction: Mode:STANDARD S-ratio: 5.00 38592-39347 orient(-) score(3780.00) noncoding_equivalent(756.00) raw_noncoding(756.00) offset(0.00) 
39347	38592	single-	4	6	{HiQ_model.g3421.t1;HiQ},{GlimmerHMM_glimmerT_3835-T1;GlimmerHMM}

# EVM prediction: Mode:STANDARD S-ratio: 2.03 39531-40025 orient(-) score(995.00) noncoding_equivalent(490.92) raw_noncoding(490.92) offset(0.00) 
40025	39531	single-	4	6	{Augustus_model.g3422.t1;Augustus},{GlimmerHMM_glimmerT_3836-T1;GlimmerHMM}

# EVM prediction: Mode:STANDARD S-ratio: 5.00 40207-40923 orient(-) score(3585.00) noncoding_equivalent(717.00) raw_noncoding(717.00) offset(0.00) 
40923	40207	single-	4	6	{HiQ_model.g3423.t1;HiQ},{GlimmerHMM_glimmerT_3837-T1;GlimmerHMM}

# EVM prediction: Mode:STANDARD S-ratio: 3.02 41179-41436 orient(+) score(771.00) noncoding_equivalent(255.00) raw_noncoding(255.00) offset(0.00) 
41179	41436	single+	1	3	{GlimmerHMM_glimmerT_3838-T1;GlimmerHMM},{Augustus_model.g3424.t1;Augustus}

# EVM prediction: Mode:STANDARD S-ratio: 2.72 41728-44214 orient(+) score(7272.00) noncoding_equivalent(2677.88) raw_noncoding(2677.88) offset(0.00) 
41728	44214	single+	1	3	{GlimmerHMM_glimmerT_3839-T1;GlimmerHMM}

# EVM prediction: Mode:STANDARD S-ratio: 39.81 44430-46586 orient(+) score(6309.00) noncoding_equivalent(158.49) raw_noncoding(158.49) offset(0.00) 
44430	46586	single+	1	3	{GlimmerHMM_glimmerT_3840-T1;GlimmerHMM}

# EVM prediction: Mode:STANDARD S-ratio: 3.01 46879-48177 orient(+) score(3901.00) noncoding_equivalent(1295.81) raw_noncoding(1295.81) offset(0.00) 
46879	48177	single+	1	3	{GlimmerHMM_glimmerT_3841-T1;GlimmerHMM},{Augustus_model.g3426.t1;Augustus}

# EVM prediction: Mode:STANDARD S-ratio: 22.46 48453-49676 orient(+) score(4687.00) noncoding_equivalent(208.65) raw_noncoding(208.65) offset(0.00) 
48453	49676	single+	1	3	{GlimmerHMM_glimmerT_3842-T1;GlimmerHMM},{Augustus_model.g3427.t1;Augustus}

# EVM prediction: Mode:STANDARD S-ratio: 4.83 49732-51360 orient(-) score(8096.00) noncoding_equivalent(1676.11) raw_noncoding(1676.11) offset(0.00) 
51360	49732	single-	4	6	{HiQ_model.g3428.t1;HiQ}

# EVM prediction: Mode:STANDARD S-ratio: 444.33 51595-53598 orient(-) score(7998.00) noncoding_equivalent(18.00) raw_noncoding(18.00) offset(0.00) 
53598	51595	single-	4	6	{GlimmerHMM_glimmerT_3844-T1;GlimmerHMM}

# EVM prediction: Mode:STANDARD S-ratio: 68.83 53920-56526 orient(-) score(7708.00) noncoding_equivalent(111.99) raw_noncoding(111.99) offset(0.00) 
56526	53920	single-	4	6	{GlimmerHMM_glimmerT_3845-T1;GlimmerHMM}

# EVM prediction: Mode:STANDARD S-ratio: 2.98 56814-57560 orient(+) score(2229.00) noncoding_equivalent(747.00) raw_noncoding(747.00) offset(0.00) 
56814	57560	single+	1	3	{Augustus_model.g3430.t1;Augustus},{GlimmerHMM_glimmerT_3846-T1;GlimmerHMM}

# EVM prediction: Mode:STANDARD S-ratio: 10000.00 57729-59177 orient(+) score(4347.00) noncoding_equivalent(0.43) raw_noncoding(0.00) offset(0.00) 
57729	59177	single+	1	3	{GlimmerHMM_glimmerT_3847-T1;GlimmerHMM},{Augustus_model.g3431.t1;Augustus}

# EVM prediction: Mode:STANDARD S-ratio: 7.35 59377-60522 orient(+) score(4035.00) noncoding_equivalent(549.00) raw_noncoding(549.00) offset(0.00) 
59377	60522	single+	1	3	{GlimmerHMM_glimmerT_3848-T1;GlimmerHMM},{Augustus_model.g3432.t1;Augustus}

# EVM prediction: Mode:STANDARD S-ratio: 824.96 61622-62620 orient(+) score(4987.00) noncoding_equivalent(6.05) raw_noncoding(6.05) offset(0.00) 
61622	62620	single+	1	3	{GlimmerHMM_glimmerT_3849-T1;GlimmerHMM},{Augustus_model.g3433.t1;Augustus}

# EVM prediction: Mode:STANDARD S-ratio: 10000.00 63129-65585 orient(+) score(7371.00) noncoding_equivalent(0.74) raw_noncoding(0.00) offset(0.00) 
63129	65585	single+	1	3	{Augustus_model.g3434.t1;Augustus},{GlimmerHMM_glimmerT_3850-T1;GlimmerHMM}

# EVM prediction: Mode:STANDARD S-ratio: 1275.25 65887-69096 orient(+) score(12830.00) noncoding_equivalent(10.06) raw_noncoding(10.06) offset(0.00) 
65887	69096	single+	1	3	{GlimmerHMM_glimmerT_3851-T1;GlimmerHMM}

# EVM prediction: Mode:STANDARD S-ratio: 35.77 69309-70714 orient(+) score(4009.00) noncoding_equivalent(112.09) raw_noncoding(258.65) offset(146.57) 
69309	69313	initial+	1	2	{snap_scaffold_9-snap.123-T1;snap}
69314	69408	INTRON			{snap_scaffold_9-snap.123-T1;snap}
69409	70714	terminal+	3	3	{snap_scaffold_9-snap.123-T1;snap}

# EVM prediction: Mode:STANDARD S-ratio: 169.14 70817-72007 orient(-) score(3552.00) noncoding_equivalent(21.00) raw_noncoding(21.00) offset(0.00) 
72007	70817	single-	4	6	{Augustus_model.g3436.t1;Augustus},{GlimmerHMM_glimmerT_3853-T1;GlimmerHMM}

# EVM prediction: Mode:STANDARD S-ratio: 10000.00 72992-75544 orient(-) score(7659.00) noncoding_equivalent(0.77) raw_noncoding(0.00) offset(0.00) 
75544	72992	single-	4	6	{GlimmerHMM_glimmerT_3854-T1;GlimmerHMM},{Augustus_model.g3437.t1;Augustus}

# EVM prediction: Mode:STANDARD S-ratio: 22.74 75790-77013 orient(+) score(3517.00) noncoding_equivalent(154.67) raw_noncoding(154.67) offset(0.00) 
75790	77013	single+	1	3	{GlimmerHMM_glimmerT_3855-T1;GlimmerHMM}

# EVM prediction: Mode:STANDARD S-ratio: 135.07 79488-81392 orient(+) score(5673.00) noncoding_equivalent(42.00) raw_noncoding(42.00) offset(0.00) 
79488	81392	single+	1	3	{GlimmerHMM_glimmerT_3856-T1;GlimmerHMM},{Augustus_model.g3439.t1;Augustus}

# EVM prediction: Mode:STANDARD S-ratio: 80.35 81710-83092 orient(-) score(4098.00) noncoding_equivalent(51.00) raw_noncoding(51.00) offset(0.00) 
83092	81710	single-	4	6	{Augustus_model.g3440.t1;Augustus},{GlimmerHMM_glimmerT_3857-T1;GlimmerHMM}

# EVM prediction: Mode:STANDARD S-ratio: 23.05 84051-88802 orient(+) score(13163.00) noncoding_equivalent(571.09) raw_noncoding(1563.09) offset(992.00) 
84051	84056	initial+	1	3	{snap_scaffold_9-snap.129-T1;snap}
84057	84578	INTRON			{snap_scaffold_9-snap.129-T1;snap}
84579	88802	terminal+	1	3	{snap_scaffold_9-snap.129-T1;snap}

# EVM prediction: Mode:STANDARD S-ratio: 4.75 89032-91608 orient(+) score(6184.00) noncoding_equivalent(1302.94) raw_noncoding(1788.46) offset(485.52) 
89032	89038	initial+	1	1	{snap_scaffold_9-snap.130-T1;snap}
89039	89281	INTRON			{snap_scaffold_9-snap.130-T1;snap}
89282	91608	terminal+	2	3	{snap_scaffold_9-snap.130-T1;snap},{GlimmerHMM_glimmerT_3858-T1;GlimmerHMM}

# EVM prediction: Mode:STANDARD S-ratio: 5.00 91957-97008 orient(-) score(25260.00) noncoding_equivalent(5052.00) raw_noncoding(5052.00) offset(0.00) 
97008	91957	single-	4	6	{GlimmerHMM_glimmerT_3859-T1;GlimmerHMM},{HiQ_model.g3442.t1;HiQ}

# EVM prediction: Mode:STANDARD S-ratio: 22.69 98223-98888 orient(-) score(1913.00) noncoding_equivalent(84.32) raw_noncoding(84.32) offset(0.00) 
98888	98223	single-	4	6	{Augustus_model.g3443.t1;Augustus},{GlimmerHMM_glimmerT_3860-T1;GlimmerHMM}

