!! Predictions spanning range 916 - 97952 [R1]
# EVM prediction: Mode:STANDARD S-ratio: 10000.00 916-1647 orient(+) score(2928.00) noncoding_equivalent(0.29) raw_noncoding(0.00) offset(0.00) 
916	1647	single+	1	3	{GlimmerHMM_glimmerT_5004-T1;GlimmerHMM},{Augustus_model.g4620.t1;Augustus}

# EVM prediction: Mode:STANDARD S-ratio: 26.70 2118-2768 orient(+) score(2509.00) noncoding_equivalent(93.98) raw_noncoding(93.98) offset(0.00) 
2118	2768	single+	1	3	{Augustus_model.g4621.t1;Augustus},{GlimmerHMM_glimmerT_5005-T1;GlimmerHMM}

# EVM prediction: Mode:STANDARD S-ratio: 5.00 3002-4156 orient(-) score(5775.00) noncoding_equivalent(1155.00) raw_noncoding(1155.00) offset(0.00) 
4156	3002	single-	4	6	{GlimmerHMM_glimmerT_5006-T1;GlimmerHMM},{HiQ_model.g4622.t1;HiQ}

# EVM prediction: Mode:STANDARD S-ratio: 4.71 5343-7895 orient(-) score(12633.00) noncoding_equivalent(2685.00) raw_noncoding(2685.00) offset(0.00) 
7895	5343	single-	4	6	{HiQ_model.g4623.t1;HiQ},{GlimmerHMM_glimmerT_5007-T1;GlimmerHMM}

# EVM prediction: Mode:STANDARD S-ratio: 4.26 8505-9797 orient(-) score(6282.00) noncoding_equivalent(1476.00) raw_noncoding(1476.00) offset(0.00) 
9797	8505	single-	4	6	{GlimmerHMM_glimmerT_5008-T1;GlimmerHMM},{HiQ_model.g4624.t1;HiQ}

# EVM prediction: Mode:STANDARD S-ratio: 24.14 10057-10452 orient(+) score(1521.00) noncoding_equivalent(63.00) raw_noncoding(63.00) offset(0.00) 
10057	10452	single+	1	3	{GlimmerHMM_glimmerT_5009-T1;GlimmerHMM},{Augustus_model.g4625.t1;Augustus}

# EVM prediction: Mode:STANDARD S-ratio: 5.00 10725-11600 orient(-) score(4380.00) noncoding_equivalent(876.00) raw_noncoding(876.00) offset(0.00) 
11600	10725	single-	4	6	{GlimmerHMM_glimmerT_5010-T1;GlimmerHMM},{HiQ_model.g4626.t1;HiQ}

# EVM prediction: Mode:STANDARD S-ratio: 3.00 11797-12561 orient(+) score(2295.00) noncoding_equivalent(765.00) raw_noncoding(765.00) offset(0.00) 
11797	12561	single+	1	3	{GlimmerHMM_glimmerT_5011-T1;GlimmerHMM}

# EVM prediction: Mode:STANDARD S-ratio: 29.40 12697-14313 orient(-) score(6254.00) noncoding_equivalent(212.69) raw_noncoding(212.69) offset(0.00) 
14313	12697	single-	4	6	{GlimmerHMM_glimmerT_5012-T1;GlimmerHMM}

# EVM prediction: Mode:STANDARD S-ratio: 3.48 14657-15103 orient(-) score(2076.00) noncoding_equivalent(596.00) raw_noncoding(596.00) offset(0.00) 
15103	14657	single-	4	6	{HiQ_model.g4629.t1;HiQ}

# EVM prediction: Mode:STANDARD S-ratio: 4.65 15712-17253 orient(+) score(7612.00) noncoding_equivalent(1638.44) raw_noncoding(1638.44) offset(0.00) 
15712	17253	single+	1	3	{GlimmerHMM_glimmerT_5014-T1;GlimmerHMM},{HiQ_model.g4630.t1;HiQ}

# EVM prediction: Mode:STANDARD S-ratio: 4.31 17358-17702 orient(-) score(1680.00) noncoding_equivalent(390.00) raw_noncoding(390.00) offset(0.00) 
17702	17358	single-	4	6	{HiQ_model.g4631.t1;HiQ}

# EVM prediction: Mode:STANDARD S-ratio: 5.00 18222-19202 orient(-) score(4905.00) noncoding_equivalent(981.00) raw_noncoding(981.00) offset(0.00) 
19202	18222	single-	4	6	{HiQ_model.g4632.t1;HiQ},{GlimmerHMM_glimmerT_5016-T1;GlimmerHMM}

# EVM prediction: Mode:STANDARD S-ratio: 2.00 20511-20762 orient(-) score(504.00) noncoding_equivalent(252.00) raw_noncoding(252.00) offset(0.00) 
20762	20511	single-	4	6	{GlimmerHMM_glimmerT_5017-T1;GlimmerHMM}

# EVM prediction: Mode:STANDARD S-ratio: 1.00 20794-21294 orient(+) score(1002.00) noncoding_equivalent(1002.95) raw_noncoding(1002.95) offset(0.00) 
20794	21294	single+	1	3	{GlimmerHMM_glimmerT_5018-T1;GlimmerHMM}

# EVM prediction: Mode:STANDARD S-ratio: 1.80 21993-22754 orient(-) score(2158.00) noncoding_equivalent(1201.00) raw_noncoding(1644.00) offset(443.00) 
22309	21993	terminal-	5	6	{snap_scaffold_12-snap.164-T1;snap},{Augustus_model.g4633.t1;Augustus}
22750	22310	INTRON			{snap_scaffold_12-snap.164-T1;snap},{Augustus_model.g4633.t1;Augustus}
22754	22751	initial-	4	4	{snap_scaffold_12-snap.164-T1;snap},{Augustus_model.g4633.t1;Augustus}

# EVM prediction: Mode:STANDARD S-ratio: 419.52 23541-24491 orient(+) score(3793.00) noncoding_equivalent(9.04) raw_noncoding(9.04) offset(0.00) 
23541	24491	single+	1	3	{GlimmerHMM_glimmerT_5019-T1;GlimmerHMM},{Augustus_model.g4634.t1;Augustus}

# EVM prediction: Mode:STANDARD S-ratio: 17.63 25513-26490 orient(+) score(3702.00) noncoding_equivalent(210.00) raw_noncoding(210.00) offset(0.00) 
25513	26490	single+	1	3	{GlimmerHMM_glimmerT_5020-T1;GlimmerHMM}

# EVM prediction: Mode:STANDARD S-ratio: 10000.00 27236-27448 orient(+) score(852.00) noncoding_equivalent(0.09) raw_noncoding(0.00) offset(0.00) 
27236	27448	single+	1	3	{Augustus_model.g4636.t1;Augustus},{GlimmerHMM_glimmerT_5021-T1;GlimmerHMM}

# EVM prediction: Mode:STANDARD S-ratio: 5.00 27791-28729 orient(-) score(4695.00) noncoding_equivalent(939.00) raw_noncoding(939.00) offset(0.00) 
28729	27791	single-	4	6	{GlimmerHMM_glimmerT_5022-T1;GlimmerHMM},{HiQ_model.g4637.t1;HiQ}

# EVM prediction: Mode:STANDARD S-ratio: 83.73 30303-31700 orient(+) score(5526.00) noncoding_equivalent(66.00) raw_noncoding(66.00) offset(0.00) 
30303	31700	single+	1	3	{GlimmerHMM_glimmerT_5023-T1;GlimmerHMM},{Augustus_model.g4638.t1;Augustus}

# EVM prediction: Mode:STANDARD S-ratio: 2.09 32642-33286 orient(-) score(3053.00) noncoding_equivalent(1462.18) raw_noncoding(1462.18) offset(0.00) 
33286	32642	single-	4	6	{GlimmerHMM_glimmerT_5024-T1;GlimmerHMM},{HiQ_model.g4639.t1;HiQ}

# EVM prediction: Mode:STANDARD S-ratio: 3.60 33537-34088 orient(+) score(2159.00) noncoding_equivalent(599.10) raw_noncoding(599.10) offset(0.00) 
33537	34088	single+	1	3	{Augustus_model.g4640.t1;Augustus},{GlimmerHMM_glimmerT_5025-T1;GlimmerHMM}

# EVM prediction: Mode:STANDARD S-ratio: 4.56 34458-36662 orient(-) score(10851.00) noncoding_equivalent(2379.00) raw_noncoding(2379.00) offset(0.00) 
36662	34458	single-	4	6	{HiQ_model.g4641.t1;HiQ}

# EVM prediction: Mode:STANDARD S-ratio: 192.33 37254-38993 orient(+) score(6924.00) noncoding_equivalent(36.00) raw_noncoding(36.00) offset(0.00) 
37254	38993	single+	1	3	{Augustus_model.g4642.t1;Augustus},{GlimmerHMM_glimmerT_5027-T1;GlimmerHMM}

# EVM prediction: Mode:STANDARD S-ratio: 4.31 39271-40851 orient(-) score(7700.00) noncoding_equivalent(1784.58) raw_noncoding(1784.58) offset(0.00) 
40851	39271	single-	4	6	{HiQ_model.g4643.t1;HiQ}

# EVM prediction: Mode:STANDARD S-ratio: 3.05 41437-41958 orient(+) score(1573.00) noncoding_equivalent(515.05) raw_noncoding(515.05) offset(0.00) 
41437	41958	single+	1	3	{GlimmerHMM_glimmerT_5029-T1;GlimmerHMM},{Augustus_model.g4644.t1;Augustus}

# EVM prediction: Mode:STANDARD S-ratio: 2.01 42089-42685 orient(-) score(2388.00) noncoding_equivalent(1186.43) raw_noncoding(1186.43) offset(0.00) 
42685	42089	single-	4	6	{HiQ_model.g4645.t1;HiQ},{GlimmerHMM_glimmerT_5030-T1;GlimmerHMM}

# EVM prediction: Mode:STANDARD S-ratio: 10000.00 42969-46181 orient(+) score(12852.00) noncoding_equivalent(1.29) raw_noncoding(0.00) offset(0.00) 
42969	46181	single+	1	3	{GlimmerHMM_glimmerT_5031-T1;GlimmerHMM},{Augustus_model.g4646.t1;Augustus}

# EVM prediction: Mode:STANDARD S-ratio: 60.17 47106-50792 orient(+) score(14502.00) noncoding_equivalent(241.00) raw_noncoding(241.00) offset(0.00) 
47106	50792	single+	1	3	{Augustus_model.g4647.t1;Augustus},{GlimmerHMM_glimmerT_5032-T1;GlimmerHMM}

# EVM prediction: Mode:STANDARD S-ratio: 4.41 51387-52409 orient(-) score(5003.00) noncoding_equivalent(1133.91) raw_noncoding(1133.91) offset(0.00) 
52409	51387	single-	4	6	{GlimmerHMM_glimmerT_5033-T1;GlimmerHMM},{HiQ_model.g4648.t1;HiQ}

# EVM prediction: Mode:STANDARD S-ratio: 10000.00 52910-53458 orient(+) score(2196.00) noncoding_equivalent(0.22) raw_noncoding(0.00) offset(0.00) 
52910	53458	single+	1	3	{Augustus_model.g4649.t1;Augustus},{GlimmerHMM_glimmerT_5034-T1;GlimmerHMM}

# EVM prediction: Mode:STANDARD S-ratio: 5.00 53688-57182 orient(-) score(17475.00) noncoding_equivalent(3495.00) raw_noncoding(3495.00) offset(0.00) 
57182	53688	single-	4	6	{HiQ_model.g4650.t1;HiQ},{GlimmerHMM_glimmerT_5035-T1;GlimmerHMM}

# EVM prediction: Mode:STANDARD S-ratio: 3.01 57552-59066 orient(+) score(4545.00) noncoding_equivalent(1512.03) raw_noncoding(1512.03) offset(0.00) 
57552	59066	single+	1	3	{GlimmerHMM_glimmerT_5036-T1;GlimmerHMM},{Augustus_model.g4651.t1;Augustus}

# EVM prediction: Mode:STANDARD S-ratio: 4.68 59224-60075 orient(-) score(4212.00) noncoding_equivalent(900.00) raw_noncoding(900.00) offset(0.00) 
60075	59224	single-	4	6	{HiQ_model.g4652.t1;HiQ},{GlimmerHMM_glimmerT_5037-T1;GlimmerHMM}

# EVM prediction: Mode:STANDARD S-ratio: 4.92 60376-62289 orient(-) score(9542.00) noncoding_equivalent(1940.11) raw_noncoding(1940.11) offset(0.00) 
62289	60376	single-	4	6	{HiQ_model.g4653.t1;HiQ},{GlimmerHMM_glimmerT_5038-T1;GlimmerHMM}

# EVM prediction: Mode:STANDARD S-ratio: 3.00 63075-63464 orient(+) score(1170.00) noncoding_equivalent(390.00) raw_noncoding(390.00) offset(0.00) 
63075	63464	single+	1	3	{Augustus_model.g4654.t1;Augustus},{GlimmerHMM_glimmerT_5039-T1;GlimmerHMM}

# EVM prediction: Mode:STANDARD S-ratio: 10000.00 63726-64475 orient(+) score(3000.00) noncoding_equivalent(0.30) raw_noncoding(0.00) offset(0.00) 
63726	64475	single+	1	3	{GlimmerHMM_glimmerT_5040-T1;GlimmerHMM},{Augustus_model.g4655.t1;Augustus}

# EVM prediction: Mode:STANDARD S-ratio: 5.00 64612-69180 orient(-) score(22845.00) noncoding_equivalent(4569.00) raw_noncoding(4569.00) offset(0.00) 
69180	64612	single-	4	6	{HiQ_model.g4656.t1;HiQ},{GlimmerHMM_glimmerT_5041-T1;GlimmerHMM}

# EVM prediction: Mode:STANDARD S-ratio: 602.50 69709-76950 orient(-) score(28920.00) noncoding_equivalent(48.00) raw_noncoding(48.00) offset(0.00) 
76950	69709	single-	4	6	{Augustus_model.g4657.t1;Augustus},{GlimmerHMM_glimmerT_5042-T1;GlimmerHMM}

# EVM prediction: Mode:STANDARD S-ratio: 4.90 77172-79052 orient(-) score(9366.00) noncoding_equivalent(1912.00) raw_noncoding(1912.00) offset(0.00) 
79052	77172	single-	4	6	{GlimmerHMM_glimmerT_5043-T1;GlimmerHMM},{HiQ_model.g4658.t1;HiQ}

# EVM prediction: Mode:STANDARD S-ratio: 10000.00 79344-80129 orient(+) score(3144.00) noncoding_equivalent(0.31) raw_noncoding(0.00) offset(0.00) 
79344	80129	single+	1	3	{Augustus_model.g4659.t1;Augustus},{GlimmerHMM_glimmerT_5044-T1;GlimmerHMM}

# EVM prediction: Mode:STANDARD S-ratio: 3.02 80379-81878 orient(+) score(4508.00) noncoding_equivalent(1493.81) raw_noncoding(1493.81) offset(0.00) 
80379	81878	single+	1	3	{Augustus_model.g4660.t1;Augustus},{GlimmerHMM_glimmerT_5045-T1;GlimmerHMM}

# EVM prediction: Mode:STANDARD S-ratio: 10000.00 82182-83477 orient(+) score(3888.00) noncoding_equivalent(0.39) raw_noncoding(0.00) offset(0.00) 
82182	83477	single+	1	3	{GlimmerHMM_glimmerT_5046-T1;GlimmerHMM},{Augustus_model.g4661.t1;Augustus}

# EVM prediction: Mode:STANDARD S-ratio: 10000.00 83829-85385 orient(+) score(6228.00) noncoding_equivalent(0.62) raw_noncoding(0.00) offset(0.00) 
83829	85385	single+	1	3	{Augustus_model.g4662.t1;Augustus},{GlimmerHMM_glimmerT_5047-T1;GlimmerHMM}

# EVM prediction: Mode:STANDARD S-ratio: 10000.00 85713-87605 orient(+) score(7572.00) noncoding_equivalent(0.76) raw_noncoding(0.00) offset(0.00) 
85713	87605	single+	1	3	{GlimmerHMM_glimmerT_5048-T1;GlimmerHMM},{Augustus_model.g4663.t1;Augustus}

# EVM prediction: Mode:STANDARD S-ratio: 10000.00 88335-90806 orient(+) score(9888.00) noncoding_equivalent(0.99) raw_noncoding(0.00) offset(0.00) 
88335	90806	single+	1	3	{GlimmerHMM_glimmerT_5049-T1;GlimmerHMM},{Augustus_model.g4664.t1;Augustus}

# EVM prediction: Mode:STANDARD S-ratio: 83.23 91327-92640 orient(+) score(6492.00) noncoding_equivalent(78.00) raw_noncoding(78.00) offset(0.00) 
91327	92640	single+	1	3	{Augustus_model.g4665.t1;Augustus},{GlimmerHMM_glimmerT_5050-T1;GlimmerHMM}

# EVM prediction: Mode:STANDARD S-ratio: 2.44 92872-93441 orient(+) score(1617.00) noncoding_equivalent(663.00) raw_noncoding(663.00) offset(0.00) 
92872	93441	single+	1	3	{GlimmerHMM_glimmerT_5051-T1;GlimmerHMM}

# EVM prediction: Mode:STANDARD S-ratio: 45.81 94229-95527 orient(+) score(5085.00) noncoding_equivalent(111.00) raw_noncoding(111.00) offset(0.00) 
94229	95527	single+	1	3	{Augustus_model.g4667.t1;Augustus},{GlimmerHMM_glimmerT_5052-T1;GlimmerHMM}

# EVM prediction: Mode:STANDARD S-ratio: 112.25 96594-97952 orient(+) score(5388.00) noncoding_equivalent(48.00) raw_noncoding(48.00) offset(0.00) 
96594	97952	single+	1	3	{GlimmerHMM_glimmerT_5053-T1;GlimmerHMM},{Augustus_model.g4668.t1;Augustus}

