# EVM prediction: Mode:STANDARD S-ratio: 10000.00 23991-25094 orient(-) score(2208.00) noncoding_equivalent(0.22) raw_noncoding(0.00) offset(0.00)
25094	23991	single-	4	6	{Augustus_gene765.t1;Augustus}

# EVM prediction: Mode:STANDARD S-ratio: 10000.00 26755-27138 orient(+) score(768.00) noncoding_equivalent(0.08) raw_noncoding(0.00) offset(0.00)
26755	27138	single+	1	3	{Augustus_gene214.t1;Augustus}

# EVM prediction: Mode:STANDARD S-ratio: 10000.00 30886-32205 orient(-) score(2640.00) noncoding_equivalent(0.26) raw_noncoding(0.00) offset(0.00)
32205	30886	single-	4	6	{Augustus_gene183.t1;Augustus}

# EVM prediction: Mode:STANDARD S-ratio: 10000.00 44959-46083 orient(-) score(2250.00) noncoding_equivalent(0.23) raw_noncoding(0.00) offset(0.00)
46083	44959	single-	4	6	{Augustus_gene11.t1;Augustus}

# EVM prediction: Mode:STANDARD S-ratio: 10000.00 52382-52822 orient(+) score(882.00) noncoding_equivalent(0.09) raw_noncoding(0.00) offset(0.00)
52382	52822	single+	1	3	{Augustus_gene277.t1;Augustus}

# EVM prediction: Mode:STANDARD S-ratio: 10000.00 52904-53305 orient(-) score(804.00) noncoding_equivalent(0.08) raw_noncoding(0.00) offset(0.00)
53305	52904	single-	4	6	{Augustus_gene1197.t1;Augustus}

# EVM prediction: Mode:STANDARD S-ratio: 10000.00 82172-85207 orient(+) score(6072.00) noncoding_equivalent(0.61) raw_noncoding(0.00) offset(0.00)
82172	85207	single+	1	3	{Augustus_gene802.t1;Augustus}

# EVM prediction: Mode:STANDARD S-ratio: 10000.00 91436-92320 orient(-) score(1770.00) noncoding_equivalent(0.18) raw_noncoding(0.00) offset(0.00)
92320	91436	single-	4	6	{Augustus_gene402.t1;Augustus}

# EVM prediction: Mode:STANDARD S-ratio: 10000.00 94349-94975 orient(+) score(1254.00) noncoding_equivalent(0.13) raw_noncoding(0.00) offset(0.00)
94349	94975	single+	1	3	{Augustus_gene21.t1;Augustus}

# EVM prediction: Mode:STANDARD S-ratio: 10000.00 95217-95906 orient(+) score(1380.00) noncoding_equivalent(0.14) raw_noncoding(0.00) offset(0.00)
95217	95906	single+	1	3	{Augustus_gene659.t1;Augustus}

# EVM prediction: Mode:STANDARD S-ratio: 10000.00 98651-100576 orient(-) score(3852.00) noncoding_equivalent(0.39) raw_noncoding(0.00) offset(0.00)
100576	98651	single-	4	6	{Augustus_gene1170.t1;Augustus}

# EVM prediction: Mode:STANDARD S-ratio: 10000.00 109059-110960 orient(-) score(3804.00) noncoding_equivalent(0.38) raw_noncoding(0.00) offset(0.00)
110960	109059	single-	4	6	{Augustus_gene858.t1;Augustus}

# EVM prediction: Mode:STANDARD S-ratio: 10000.00 117480-118889 orient(+) score(2820.00) noncoding_equivalent(0.28) raw_noncoding(0.00) offset(0.00)
117480	118889	single+	1	3	{Augustus_gene1104.t1;Augustus}

# EVM prediction: Mode:STANDARD S-ratio: 10000.00 119161-120012 orient(-) score(1704.00) noncoding_equivalent(0.17) raw_noncoding(0.00) offset(0.00)
120012	119161	single-	4	6	{Augustus_gene661.t1;Augustus}

# EVM prediction: Mode:STANDARD S-ratio: 10000.00 124639-125313 orient(+) score(1350.00) noncoding_equivalent(0.14) raw_noncoding(0.00) offset(0.00)
124639	125313	single+	1	3	{Augustus_gene1069.t1;Augustus}

# EVM prediction: Mode:STANDARD S-ratio: 10000.00 128765-130003 orient(+) score(2478.00) noncoding_equivalent(0.25) raw_noncoding(0.00) offset(0.00)
128765	130003	single+	1	3	{Augustus_gene891.t1;Augustus}

# EVM prediction: Mode:STANDARD S-ratio: 10000.00 138562-139527 orient(-) score(1932.00) noncoding_equivalent(0.19) raw_noncoding(0.00) offset(0.00)
139527	138562	single-	4	6	{Augustus_gene608.t1;Augustus}

# EVM prediction: Mode:STANDARD S-ratio: 10000.00 158441-160414 orient(-) score(3948.00) noncoding_equivalent(0.39) raw_noncoding(0.00) offset(0.00)
160414	158441	single-	4	6	{Augustus_gene864.t1;Augustus}

# EVM prediction: Mode:STANDARD S-ratio: 10000.00 190132-191736 orient(-) score(3210.00) noncoding_equivalent(0.32) raw_noncoding(0.00) offset(0.00)
191736	190132	single-	4	6	{Augustus_gene1058.t1;Augustus}

# EVM prediction: Mode:STANDARD S-ratio: 10000.00 197674-198498 orient(+) score(1650.00) noncoding_equivalent(0.17) raw_noncoding(0.00) offset(0.00)
197674	198498	single+	1	3	{Augustus_gene204.t1;Augustus}

# EVM prediction: Mode:STANDARD S-ratio: 10000.00 218419-220317 orient(-) score(3798.00) noncoding_equivalent(0.38) raw_noncoding(0.00) offset(0.00)
220317	218419	single-	4	6	{Augustus_gene177.t1;Augustus}

# EVM prediction: Mode:STANDARD S-ratio: 10000.00 222479-225040 orient(-) score(5124.00) noncoding_equivalent(0.51) raw_noncoding(0.00) offset(0.00)
225040	222479	single-	4	6	{Augustus_gene355.t1;Augustus}

# EVM prediction: Mode:STANDARD S-ratio: 10000.00 234596-235240 orient(+) score(1290.00) noncoding_equivalent(0.13) raw_noncoding(0.00) offset(0.00)
234596	235240	single+	1	3	{Augustus_gene698.t1;Augustus}

# EVM prediction: Mode:STANDARD S-ratio: 10000.00 235517-239386 orient(+) score(7740.00) noncoding_equivalent(0.77) raw_noncoding(0.00) offset(0.00)
235517	239386	single+	1	3	{Augustus_gene747.t1;Augustus}

# EVM prediction: Mode:STANDARD S-ratio: 10000.00 245021-245812 orient(-) score(1584.00) noncoding_equivalent(0.16) raw_noncoding(0.00) offset(0.00)
245812	245021	single-	4	6	{Augustus_gene984.t1;Augustus}

# EVM prediction: Mode:STANDARD S-ratio: 10000.00 246288-246803 orient(+) score(1032.00) noncoding_equivalent(0.10) raw_noncoding(0.00) offset(0.00)
246288	246803	single+	1	3	{Augustus_gene282.t1;Augustus}

# EVM prediction: Mode:STANDARD S-ratio: 10000.00 251372-252394 orient(-) score(2046.00) noncoding_equivalent(0.20) raw_noncoding(0.00) offset(0.00)
252394	251372	single-	4	6	{Augustus_gene669.t1;Augustus}

# EVM prediction: Mode:STANDARD S-ratio: 10000.00 254060-255061 orient(-) score(2004.00) noncoding_equivalent(0.20) raw_noncoding(0.00) offset(0.00)
255061	254060	single-	4	6	{Augustus_gene886.t1;Augustus}

# EVM prediction: Mode:STANDARD S-ratio: 10000.00 262192-264767 orient(-) score(5152.00) noncoding_equivalent(0.52) raw_noncoding(0.00) offset(0.00)
263314	262192	terminal-	6	6	{Augustus_gene952.t1;Augustus}
264192	263315	INTRON			{Augustus_gene952.t1;Augustus}
264767	264193	initial-	4	5	{Augustus_gene952.t1;Augustus}

# EVM prediction: Mode:STANDARD S-ratio: 10000.00 271829-273277 orient(-) score(2898.00) noncoding_equivalent(0.29) raw_noncoding(0.00) offset(0.00)
273277	271829	single-	4	6	{Augustus_gene150.t1;Augustus}

# EVM prediction: Mode:STANDARD S-ratio: 10000.00 294553-294858 orient(-) score(612.00) noncoding_equivalent(0.06) raw_noncoding(0.00) offset(0.00)
294858	294553	single-	4	6	{Augustus_gene721.t1;Augustus}

# EVM prediction: Mode:STANDARD S-ratio: 10000.00 295166-296647 orient(-) score(2964.00) noncoding_equivalent(0.30) raw_noncoding(0.00) offset(0.00)
296647	295166	single-	4	6	{Augustus_gene57.t1;Augustus}

# EVM prediction: Mode:STANDARD S-ratio: 10000.00 300141-300713 orient(-) score(1146.00) noncoding_equivalent(0.11) raw_noncoding(0.00) offset(0.00)
300713	300141	single-	4	6	{Augustus_gene956.t1;Augustus}

# EVM prediction: Mode:STANDARD S-ratio: 10000.00 301322-302359 orient(+) score(2076.00) noncoding_equivalent(0.21) raw_noncoding(0.00) offset(0.00)
301322	302359	single+	1	3	{Augustus_gene420.t1;Augustus}

# EVM prediction: Mode:STANDARD S-ratio: 10000.00 311165-313051 orient(+) score(3774.00) noncoding_equivalent(0.38) raw_noncoding(0.00) offset(0.00)
311165	313051	single+	1	3	{Augustus_gene923.t1;Augustus}

# EVM prediction: Mode:STANDARD S-ratio: 10000.00 313338-314705 orient(+) score(2736.00) noncoding_equivalent(0.27) raw_noncoding(0.00) offset(0.00)
313338	314705	single+	1	3	{Augustus_gene344.t1;Augustus}

# EVM prediction: Mode:STANDARD S-ratio: 10000.00 321289-322140 orient(+) score(1704.00) noncoding_equivalent(0.17) raw_noncoding(0.00) offset(0.00)
321289	322140	single+	1	3	{Augustus_gene1142.t1;Augustus}

# EVM prediction: Mode:STANDARD S-ratio: 10000.00 322668-325616 orient(+) score(5898.00) noncoding_equivalent(0.59) raw_noncoding(0.00) offset(0.00)
322668	325616	single+	1	3	{Augustus_gene845.t1;Augustus}

# EVM prediction: Mode:STANDARD S-ratio: 10000.00 331661-332803 orient(-) score(2286.00) noncoding_equivalent(0.23) raw_noncoding(0.00) offset(0.00)
332803	331661	single-	4	6	{Augustus_gene1084.t1;Augustus}

# EVM prediction: Mode:STANDARD S-ratio: 10000.00 366736-367305 orient(+) score(1140.00) noncoding_equivalent(0.11) raw_noncoding(0.00) offset(0.00)
366736	367305	single+	1	3	{Augustus_gene1063.t1;Augustus}

# EVM prediction: Mode:STANDARD S-ratio: 10000.00 370079-370879 orient(-) score(1602.00) noncoding_equivalent(0.16) raw_noncoding(0.00) offset(0.00)
370879	370079	single-	4	6	{Augustus_gene209.t1;Augustus}

# EVM prediction: Mode:STANDARD S-ratio: 10000.00 381824-383995 orient(+) score(4344.00) noncoding_equivalent(0.43) raw_noncoding(0.00) offset(0.00)
381824	383995	single+	1	3	{Augustus_gene1062.t1;Augustus}

# EVM prediction: Mode:STANDARD S-ratio: 10000.00 384185-386254 orient(-) score(4140.00) noncoding_equivalent(0.41) raw_noncoding(0.00) offset(0.00)
386254	384185	single-	4	6	{Augustus_gene837.t1;Augustus}

# EVM prediction: Mode:STANDARD S-ratio: 10000.00 386432-387667 orient(-) score(2472.00) noncoding_equivalent(0.25) raw_noncoding(0.00) offset(0.00)
387667	386432	single-	4	6	{Augustus_gene1074.t1;Augustus}

# EVM prediction: Mode:STANDARD S-ratio: 10000.00 391233-391817 orient(+) score(1170.00) noncoding_equivalent(0.12) raw_noncoding(0.00) offset(0.00)
391233	391817	single+	1	3	{Augustus_gene791.t1;Augustus}

# EVM prediction: Mode:STANDARD S-ratio: 10000.00 397033-400140 orient(-) score(6216.00) noncoding_equivalent(0.62) raw_noncoding(0.00) offset(0.00)
400140	397033	single-	4	6	{Augustus_gene474.t1;Augustus}

# EVM prediction: Mode:STANDARD S-ratio: 10000.00 400575-402833 orient(+) score(4518.00) noncoding_equivalent(0.45) raw_noncoding(0.00) offset(0.00)
400575	402833	single+	1	3	{Augustus_gene728.t1;Augustus}

# EVM prediction: Mode:STANDARD S-ratio: 10000.00 403240-404787 orient(+) score(3096.00) noncoding_equivalent(0.31) raw_noncoding(0.00) offset(0.00)
403240	404787	single+	1	3	{Augustus_gene279.t1;Augustus}

# EVM prediction: Mode:STANDARD S-ratio: 10000.00 405556-406659 orient(-) score(2208.00) noncoding_equivalent(0.22) raw_noncoding(0.00) offset(0.00)
406659	405556	single-	4	6	{Augustus_gene536.t1;Augustus}

# EVM prediction: Mode:STANDARD S-ratio: 10000.00 424311-426239 orient(-) score(3858.00) noncoding_equivalent(0.39) raw_noncoding(0.00) offset(0.00)
426239	424311	single-	4	6	{Augustus_gene189.t1;Augustus}

# EVM prediction: Mode:STANDARD S-ratio: 10000.00 432828-433250 orient(+) score(846.00) noncoding_equivalent(0.08) raw_noncoding(0.00) offset(0.00)
432828	433250	single+	1	3	{Augustus_gene29.t1;Augustus}

# EVM prediction: Mode:STANDARD S-ratio: 10000.00 443855-447928 orient(-) score(8148.00) noncoding_equivalent(0.81) raw_noncoding(0.00) offset(0.00)
447928	443855	single-	4	6	{Augustus_gene82.t1;Augustus}

# EVM prediction: Mode:STANDARD S-ratio: 10000.00 450049-451689 orient(-) score(3282.00) noncoding_equivalent(0.33) raw_noncoding(0.00) offset(0.00)
451689	450049	single-	4	6	{Augustus_gene327.t1;Augustus}

# EVM prediction: Mode:STANDARD S-ratio: 10000.00 452502-453140 orient(+) score(1278.00) noncoding_equivalent(0.13) raw_noncoding(0.00) offset(0.00)
452502	453140	single+	1	3	{Augustus_gene208.t1;Augustus}

# EVM prediction: Mode:STANDARD S-ratio: 10000.00 453716-454765 orient(-) score(2100.00) noncoding_equivalent(0.21) raw_noncoding(0.00) offset(0.00)
454765	453716	single-	4	6	{Augustus_gene1189.t1;Augustus}

# EVM prediction: Mode:STANDARD S-ratio: 10000.00 468362-471595 orient(-) score(6468.00) noncoding_equivalent(0.65) raw_noncoding(0.00) offset(0.00)
471595	468362	single-	4	6	{Augustus_gene945.t1;Augustus}

# EVM prediction: Mode:STANDARD S-ratio: 10000.00 489296-490213 orient(-) score(1836.00) noncoding_equivalent(0.18) raw_noncoding(0.00) offset(0.00)
490213	489296	single-	4	6	{Augustus_gene252.t1;Augustus}

# EVM prediction: Mode:STANDARD S-ratio: 10000.00 502306-505056 orient(-) score(5502.00) noncoding_equivalent(0.55) raw_noncoding(0.00) offset(0.00)
505056	502306	single-	4	6	{Augustus_gene711.t1;Augustus}

# EVM prediction: Mode:STANDARD S-ratio: 10000.00 508974-510893 orient(+) score(3840.00) noncoding_equivalent(0.38) raw_noncoding(0.00) offset(0.00)
508974	510893	single+	1	3	{Augustus_gene844.t1;Augustus}

# EVM prediction: Mode:STANDARD S-ratio: 10000.00 511120-512133 orient(-) score(2028.00) noncoding_equivalent(0.20) raw_noncoding(0.00) offset(0.00)
512133	511120	single-	4	6	{Augustus_gene217.t1;Augustus}

