!! Predictions spanning range 2389 - 81037 [R1]
# EVM prediction: Mode:STANDARD S-ratio: 10000.00 2389-3597 orient(+) score(5641.00) noncoding_equivalent(0.56) raw_noncoding(0.00) offset(0.00) 
2389	3597	single+	1	3	{Augustus_gene631.t1;Augustus}

# EVM prediction: Mode:STANDARD S-ratio: 10000.00 5148-6581 orient(-) score(7690.00) noncoding_equivalent(0.77) raw_noncoding(0.00) offset(0.00) 
6581	5148	single-	4	6	{Augustus_gene17.t1;Augustus}

# EVM prediction: Mode:STANDARD S-ratio: 10000.00 12112-13176 orient(-) score(5462.00) noncoding_equivalent(0.55) raw_noncoding(0.00) offset(0.00) 
13176	12112	single-	4	6	{Augustus_gene355.t1;Augustus}

# EVM prediction: Mode:STANDARD S-ratio: 10000.00 15391-16695 orient(-) score(7026.00) noncoding_equivalent(0.70) raw_noncoding(0.00) offset(0.00) 
16695	15391	single-	4	6	{Augustus_gene607.t1;Augustus}

# EVM prediction: Mode:STANDARD S-ratio: 10000.00 23392-24759 orient(-) score(6840.00) noncoding_equivalent(0.68) raw_noncoding(0.00) offset(0.00) 
24759	23392	single-	4	6	{Augustus_gene432.t1;Augustus}

# EVM prediction: Mode:STANDARD S-ratio: 10000.00 30214-30990 orient(-) score(2664.00) noncoding_equivalent(0.27) raw_noncoding(0.00) offset(0.00) 
30990	30214	single-	4	6	{Augustus_gene336.t1;Augustus}

# EVM prediction: Mode:STANDARD S-ratio: 10000.00 33265-36577 orient(+) score(9289.00) noncoding_equivalent(0.93) raw_noncoding(0.00) offset(0.00) 
33265	34723	initial+	1	1	{Augustus_gene431.t1;Augustus}
34724	35231	INTRON			{Augustus_gene431.t1;Augustus}
35232	36577	terminal+	2	3	{Augustus_gene431.t1;Augustus}

# EVM prediction: Mode:STANDARD S-ratio: 10000.00 46971-50120 orient(-) score(12972.00) noncoding_equivalent(1.30) raw_noncoding(0.00) offset(0.00) 
49537	46971	terminal-	5	6	{Augustus_gene918.t1;Augustus}
49582	49538	INTRON			{Augustus_gene918.t1;Augustus}
50120	49583	initial-	4	4	{Augustus_gene918.t1;Augustus}

# EVM prediction: Mode:STANDARD S-ratio: 10000.00 59836-60447 orient(-) score(3699.00) noncoding_equivalent(0.37) raw_noncoding(0.00) offset(0.00) 
60447	59836	single-	4	6	{Augustus_gene838.t1;Augustus}

# EVM prediction: Mode:STANDARD S-ratio: 10000.00 71619-73985 orient(+) score(11528.00) noncoding_equivalent(1.15) raw_noncoding(0.00) offset(0.00) 
71619	73985	single+	1	3	{Augustus_gene604.t1;Augustus}

# EVM prediction: Mode:STANDARD S-ratio: 10000.00 75665-81037 orient(+) score(31921.00) noncoding_equivalent(3.19) raw_noncoding(0.00) offset(0.00) 
75665	81037	single+	1	3	{Augustus_gene449.t1;Augustus}

