!! Predictions spanning range 2957 - 96809 [R1]
# EVM prediction: Mode:STANDARD S-ratio: 2.02 2957-3880 orient(+) score(1848.00) noncoding_equivalent(915.00) raw_noncoding(915.00) offset(0.00) 
2957	3880	single+	1	3	{Augustus_model.g1340.t1;Augustus},{GlimmerHMM_glimmerT_1496-T1;GlimmerHMM}

# EVM prediction: Mode:STANDARD S-ratio: 72.78 4017-5027 orient(-) score(2990.00) noncoding_equivalent(41.09) raw_noncoding(41.09) offset(0.00) 
5027	4017	single-	4	6	{GlimmerHMM_glimmerT_1497-T1;GlimmerHMM},{Augustus_model.g1341.t1;Augustus}

# EVM prediction: Mode:STANDARD S-ratio: 66.96 6872-8434 orient(-) score(4620.00) noncoding_equivalent(69.00) raw_noncoding(69.00) offset(0.00) 
8434	6872	single-	4	6	{GlimmerHMM_glimmerT_1499-T1;GlimmerHMM},{Augustus_model.g1342.t1;Augustus}

# EVM prediction: Mode:STANDARD S-ratio: 2.00 8808-9167 orient(-) score(720.00) noncoding_equivalent(360.00) raw_noncoding(360.00) offset(0.00) 
9167	8808	single-	4	6	{Augustus_model.g1343.t1;Augustus}

# EVM prediction: Mode:STANDARD S-ratio: 341.52 9667-12309 orient(+) score(7904.00) noncoding_equivalent(23.14) raw_noncoding(23.14) offset(0.00) 
9667	12309	single+	1	3	{Augustus_model.g1344.t1;Augustus},{GlimmerHMM_glimmerT_1501-T1;GlimmerHMM}

# EVM prediction: Mode:STANDARD S-ratio: 223.01 12365-13117 orient(-) score(2247.00) noncoding_equivalent(10.08) raw_noncoding(10.08) offset(0.00) 
13117	12365	single-	4	6	{GlimmerHMM_glimmerT_1502-T1;GlimmerHMM},{Augustus_model.g1345.t1;Augustus}

# EVM prediction: Mode:STANDARD S-ratio: 32.35 13707-14792 orient(+) score(3080.00) noncoding_equivalent(95.20) raw_noncoding(255.00) offset(159.80) 
13707	13715	initial+	1	3	{snap_scaffold_2-snap.165-T1;snap},{GlimmerHMM_glimmerT_1503-T1;GlimmerHMM}
13716	13796	INTRON			{GlimmerHMM_glimmerT_1503-T1;GlimmerHMM}
13797	14792	terminal+	1	3	{Augustus_model.g1346.t1;Augustus},{GlimmerHMM_glimmerT_1503-T1;GlimmerHMM}

# EVM prediction: Mode:STANDARD S-ratio: 8.23 15453-16273 orient(+) score(2389.00) noncoding_equivalent(290.14) raw_noncoding(296.14) offset(6.00) 
15453	15459	initial+	1	1	{snap_scaffold_2-snap.166-T1;snap},{GlimmerHMM_glimmerT_1504-T1;GlimmerHMM},{Augustus_model.g1347.t1;Augustus}
15460	15533	INTRON			{snap_scaffold_2-snap.166-T1;snap},{GlimmerHMM_glimmerT_1504-T1;GlimmerHMM},{Augustus_model.g1347.t1;Augustus}
15534	16273	terminal+	2	3	{snap_scaffold_2-snap.166-T1;snap}

# EVM prediction: Mode:STANDARD S-ratio: 13.83 16892-19313 orient(+) score(6390.00) noncoding_equivalent(462.09) raw_noncoding(1285.60) offset(823.50) 
16892	16899	initial+	1	2	{snap_scaffold_2-snap.167-T1;snap}
16900	17311	INTRON			{snap_scaffold_2-snap.167-T1;snap}
17312	19313	terminal+	3	3	{Augustus_model.g1347.t1;Augustus},{snap_scaffold_2-snap.167-T1;snap}

# EVM prediction: Mode:STANDARD S-ratio: 204.91 20534-25072 orient(+) score(13549.00) noncoding_equivalent(66.12) raw_noncoding(66.12) offset(0.00) 
20534	25072	single+	1	3	{Augustus_model.g1348.t1;Augustus},{GlimmerHMM_glimmerT_1505-T1;GlimmerHMM}

# EVM prediction: Mode:STANDARD S-ratio: 331.12 25602-26831 orient(+) score(3677.00) noncoding_equivalent(11.10) raw_noncoding(11.10) offset(0.00) 
25602	26831	single+	1	3	{GlimmerHMM_glimmerT_1506-T1;GlimmerHMM},{Augustus_model.g1349.t1;Augustus}

# EVM prediction: Mode:STANDARD S-ratio: 80.46 28027-29415 orient(+) score(4114.00) noncoding_equivalent(51.13) raw_noncoding(51.13) offset(0.00) 
28027	29415	single+	1	3	{GlimmerHMM_glimmerT_1507-T1;GlimmerHMM},{Augustus_model.g1350.t1;Augustus}

# EVM prediction: Mode:STANDARD S-ratio: 2061.25 29677-32430 orient(-) score(8256.00) noncoding_equivalent(4.01) raw_noncoding(4.01) offset(0.00) 
32430	29677	single-	4	6	{Augustus_model.g1351.t1;Augustus},{GlimmerHMM_glimmerT_1508-T1;GlimmerHMM}

# EVM prediction: Mode:STANDARD S-ratio: 294.06 34025-35110 orient(-) score(3245.00) noncoding_equivalent(11.04) raw_noncoding(11.04) offset(0.00) 
35110	34025	single-	4	6	{GlimmerHMM_glimmerT_1509-T1;GlimmerHMM},{Augustus_model.g1352.t1;Augustus}

# EVM prediction: Mode:STANDARD S-ratio: 27.42 40479-43292 orient(+) score(8145.00) noncoding_equivalent(297.00) raw_noncoding(297.00) offset(0.00) 
40479	43292	single+	1	3	{Augustus_model.g1353.t1;Augustus}

# EVM prediction: Mode:STANDARD S-ratio: 265.48 43892-46609 orient(-) score(8122.00) noncoding_equivalent(30.59) raw_noncoding(30.59) offset(0.00) 
46609	43892	single-	4	6	{Augustus_model.g1354.t1;Augustus},{GlimmerHMM_glimmerT_1511-T1;GlimmerHMM}

# EVM prediction: Mode:STANDARD S-ratio: 162.33 49907-52696 orient(-) score(8317.00) noncoding_equivalent(51.24) raw_noncoding(51.24) offset(0.00) 
52696	49907	single-	4	6	{Augustus_model.g1355.t1;Augustus},{GlimmerHMM_glimmerT_1512-T1;GlimmerHMM}

# EVM prediction: Mode:STANDARD S-ratio: 416.09 54777-57014 orient(-) score(6696.00) noncoding_equivalent(16.09) raw_noncoding(16.09) offset(0.00) 
57014	54777	single-	4	6	{GlimmerHMM_glimmerT_1513-T1;GlimmerHMM},{Augustus_model.g1356.t1;Augustus}

# EVM prediction: Mode:STANDARD S-ratio: 112.22 58632-59351 orient(-) score(2139.00) noncoding_equivalent(19.06) raw_noncoding(19.06) offset(0.00) 
59351	58632	single-	4	6	{Augustus_model.g1357.t1;Augustus},{GlimmerHMM_glimmerT_1515-T1;GlimmerHMM}

# EVM prediction: Mode:STANDARD S-ratio: 493.69 60499-61347 orient(+) score(2540.00) noncoding_equivalent(5.14) raw_noncoding(5.14) offset(0.00) 
60499	61347	single+	1	3	{Augustus_model.g1358.t1;Augustus},{GlimmerHMM_glimmerT_1516-T1;GlimmerHMM}

# EVM prediction: Mode:STANDARD S-ratio: 4.63 61771-62280 orient(+) score(1254.00) noncoding_equivalent(271.00) raw_noncoding(271.00) offset(0.00) 
61771	62280	single+	1	3	{Augustus_model.g1359.t1;Augustus},{GlimmerHMM_glimmerT_1517-T1;GlimmerHMM}

# EVM prediction: Mode:STANDARD S-ratio: 63.58 62524-64905 orient(-) score(7034.00) noncoding_equivalent(110.63) raw_noncoding(110.63) offset(0.00) 
64905	62524	single-	4	6	{GlimmerHMM_glimmerT_1518-T1;GlimmerHMM},{Augustus_model.g1360.t1;Augustus}

# EVM prediction: Mode:STANDARD S-ratio: 13.89 66753-67862 orient(-) score(3103.00) noncoding_equivalent(223.39) raw_noncoding(223.39) offset(0.00) 
67862	66753	single-	4	6	{GlimmerHMM_glimmerT_1519-T1;GlimmerHMM}

# EVM prediction: Mode:STANDARD S-ratio: 8.41 70042-72994 orient(-) score(7727.00) noncoding_equivalent(919.10) raw_noncoding(1241.34) offset(322.24) 
72776	70042	terminal-	5	6	{snap_scaffold_2-snap.182-T1;snap}
72987	72777	INTRON			{snap_scaffold_2-snap.182-T1;snap}
72994	72988	initial-	4	4	{snap_scaffold_2-snap.182-T1;snap}

# EVM prediction: Mode:STANDARD S-ratio: 176.00 75541-76779 orient(+) score(3696.00) noncoding_equivalent(21.00) raw_noncoding(21.00) offset(0.00) 
75541	76779	single+	1	3	{GlimmerHMM_glimmerT_1522-T1;GlimmerHMM},{Augustus_model.g1362.t1;Augustus}

# EVM prediction: Mode:STANDARD S-ratio: 11.23 77702-78628 orient(+) score(2552.00) noncoding_equivalent(227.23) raw_noncoding(227.23) offset(0.00) 
77702	78628	single+	1	3	{GlimmerHMM_glimmerT_1523-T1;GlimmerHMM}

# EVM prediction: Mode:STANDARD S-ratio: 10000.00 80045-82714 orient(+) score(8010.00) noncoding_equivalent(0.80) raw_noncoding(0.00) offset(0.00) 
80045	82714	single+	1	3	{Augustus_model.g1364.t1;Augustus},{GlimmerHMM_glimmerT_1525-T1;GlimmerHMM}

# EVM prediction: Mode:STANDARD S-ratio: 10000.00 83719-85104 orient(+) score(4158.00) noncoding_equivalent(0.42) raw_noncoding(0.00) offset(0.00) 
83719	85104	single+	1	3	{GlimmerHMM_glimmerT_1526-T1;GlimmerHMM},{Augustus_model.g1365.t1;Augustus}

# EVM prediction: Mode:STANDARD S-ratio: 10000.00 85397-88387 orient(+) score(8964.00) noncoding_equivalent(0.90) raw_noncoding(0.00) offset(0.00) 
85397	88387	single+	1	3	{GlimmerHMM_glimmerT_1527-T1;GlimmerHMM},{Augustus_model.g1366.t1;Augustus}

# EVM prediction: Mode:STANDARD S-ratio: 27.93 88766-89575 orient(+) score(2346.00) noncoding_equivalent(84.00) raw_noncoding(84.00) offset(0.00) 
88766	89575	single+	1	3	{GlimmerHMM_glimmerT_1528-T1;GlimmerHMM},{Augustus_model.g1367.t1;Augustus}

# EVM prediction: Mode:STANDARD S-ratio: 15.67 89688-92237 orient(-) score(7191.00) noncoding_equivalent(459.00) raw_noncoding(459.00) offset(0.00) 
92237	89688	single-	4	6	{GlimmerHMM_glimmerT_1529-T1;GlimmerHMM}

# EVM prediction: Mode:STANDARD S-ratio: 146.82 94683-96809 orient(+) score(6338.00) noncoding_equivalent(43.17) raw_noncoding(43.17) offset(0.00) 
94683	96809	initial+	1	3	{Augustus_model.g1369.t1;Augustus}

