!! Predictions spanning range 23947 - 95862 [R1]
# EVM prediction: Mode:STANDARD S-ratio: 10000.00 23947-25050 orient(-) score(2208.00) noncoding_equivalent(0.22) raw_noncoding(0.00) offset(0.00) 
25050	23947	single-	4	6	{Augustus_gene772.t1;Augustus}

# EVM prediction: Mode:STANDARD S-ratio: 10000.00 26711-27094 orient(+) score(768.00) noncoding_equivalent(0.08) raw_noncoding(0.00) offset(0.00) 
26711	27094	single+	1	3	{Augustus_gene216.t1;Augustus}

# EVM prediction: Mode:STANDARD S-ratio: 10000.00 30842-32161 orient(-) score(2640.00) noncoding_equivalent(0.26) raw_noncoding(0.00) offset(0.00) 
32161	30842	single-	4	6	{Augustus_gene185.t1;Augustus}

# EVM prediction: Mode:STANDARD S-ratio: 10000.00 44915-46039 orient(-) score(2250.00) noncoding_equivalent(0.23) raw_noncoding(0.00) offset(0.00) 
46039	44915	single-	4	6	{Augustus_gene11.t1;Augustus}

# EVM prediction: Mode:STANDARD S-ratio: 10000.00 52338-52778 orient(+) score(882.00) noncoding_equivalent(0.09) raw_noncoding(0.00) offset(0.00) 
52338	52778	single+	1	3	{Augustus_gene279.t1;Augustus}

# EVM prediction: Mode:STANDARD S-ratio: 10000.00 52860-53261 orient(-) score(804.00) noncoding_equivalent(0.08) raw_noncoding(0.00) offset(0.00) 
53261	52860	single-	4	6	{Augustus_gene1203.t1;Augustus}

# EVM prediction: Mode:STANDARD S-ratio: 10000.00 82128-85163 orient(+) score(6072.00) noncoding_equivalent(0.61) raw_noncoding(0.00) offset(0.00) 
82128	85163	single+	1	3	{Augustus_gene810.t1;Augustus}

# EVM prediction: Mode:STANDARD S-ratio: 10000.00 91392-92276 orient(-) score(1770.00) noncoding_equivalent(0.18) raw_noncoding(0.00) offset(0.00) 
92276	91392	single-	4	6	{Augustus_gene404.t1;Augustus}

# EVM prediction: Mode:STANDARD S-ratio: 10000.00 94305-94931 orient(+) score(1254.00) noncoding_equivalent(0.13) raw_noncoding(0.00) offset(0.00) 
94305	94931	single+	1	3	{Augustus_gene21.t1;Augustus}

# EVM prediction: Mode:STANDARD S-ratio: 10000.00 95173-95862 orient(+) score(1380.00) noncoding_equivalent(0.14) raw_noncoding(0.00) offset(0.00) 
95173	95862	single+	1	3	{Augustus_gene665.t1;Augustus}

