!! Predictions spanning range 92 - 98864 [R1]
# EVM prediction: Mode:STANDARD S-ratio: 5.71 92-769 orient(-) score(1731.00) noncoding_equivalent(303.00) raw_noncoding(303.00) offset(0.00) 
769	92	initial-	4	6	{GlimmerHMM_glimmerT_4087-T1;GlimmerHMM}

# EVM prediction: Mode:STANDARD S-ratio: 10000.00 4931-6505 orient(+) score(4725.00) noncoding_equivalent(0.47) raw_noncoding(0.00) offset(0.00) 
4931	6505	single+	1	3	{GlimmerHMM_glimmerT_4088-T1;GlimmerHMM},{Augustus_model.g3535.t1;Augustus}

# EVM prediction: Mode:STANDARD S-ratio: 444.35 9831-12215 orient(+) score(7137.00) noncoding_equivalent(16.06) raw_noncoding(16.06) offset(0.00) 
9831	12215	single+	1	3	{Augustus_model.g3536.t1;Augustus},{GlimmerHMM_glimmerT_4089-T1;GlimmerHMM}

# EVM prediction: Mode:STANDARD S-ratio: 10000.00 12916-14010 orient(-) score(3285.00) noncoding_equivalent(0.33) raw_noncoding(0.00) offset(0.00) 
14010	12916	single-	4	6	{Augustus_model.g3537.t1;Augustus},{GlimmerHMM_glimmerT_4090-T1;GlimmerHMM}

# EVM prediction: Mode:STANDARD S-ratio: 11.41 14407-16141 orient(-) score(4699.00) noncoding_equivalent(412.01) raw_noncoding(598.16) offset(186.15) 
16041	14407	terminal-	4	6	{snap_scaffold_4-snap.5-T1;snap}
16135	16042	INTRON			{snap_scaffold_4-snap.5-T1;snap}
16141	16136	initial-	4	6	{snap_scaffold_4-snap.5-T1;snap}

# EVM prediction: Mode:STANDARD S-ratio: 18.98 17061-18581 orient(-) score(4335.00) noncoding_equivalent(228.37) raw_noncoding(228.37) offset(0.00) 
18581	17061	single-	4	6	{GlimmerHMM_glimmerT_4092-T1;GlimmerHMM}

# EVM prediction: Mode:STANDARD S-ratio: 10000.00 23397-25043 orient(-) score(4941.00) noncoding_equivalent(0.49) raw_noncoding(0.00) offset(0.00) 
25043	23397	single-	4	6	{Augustus_model.g3539.t1;Augustus},{GlimmerHMM_glimmerT_4094-T1;GlimmerHMM}

# EVM prediction: Mode:STANDARD S-ratio: 103.68 25358-27346 orient(+) score(5910.00) noncoding_equivalent(57.00) raw_noncoding(57.00) offset(0.00) 
25358	27346	single+	1	3	{GlimmerHMM_glimmerT_4095-T1;GlimmerHMM},{Augustus_model.g3540.t1;Augustus}

# EVM prediction: Mode:STANDARD S-ratio: 10000.00 27648-30167 orient(+) score(7560.00) noncoding_equivalent(0.76) raw_noncoding(0.00) offset(0.00) 
27648	30167	single+	1	3	{GlimmerHMM_glimmerT_4096-T1;GlimmerHMM},{Augustus_model.g3541.t1;Augustus}

# EVM prediction: Mode:STANDARD S-ratio: 60.67 30313-32751 orient(+) score(7198.00) noncoding_equivalent(118.64) raw_noncoding(118.64) offset(0.00) 
30313	32751	single+	1	3	{Augustus_model.g3542.t1;Augustus},{GlimmerHMM_glimmerT_4097-T1;GlimmerHMM}

# EVM prediction: Mode:STANDARD S-ratio: 2.24 34792-37155 orient(-) score(4577.00) noncoding_equivalent(2046.78) raw_noncoding(2105.00) offset(58.22) 
34799	34792	terminal-	5	6	{Augustus_model.g3543.t1;Augustus}
34873	34800	INTRON			{Augustus_model.g3543.t1;Augustus}
35214	34874	internal-	6	4	{Augustus_model.g3543.t1;Augustus}
35273	35215	INTRON			{Augustus_model.g3543.t1;Augustus}
35319	35274	internal-	5	5	{Augustus_model.g3543.t1;Augustus}
35426	35320	INTRON			{Augustus_model.g3543.t1;Augustus}
37155	35427	initial-	4	4	{Augustus_model.g3543.t1;Augustus}

# EVM prediction: Mode:STANDARD S-ratio: 10000.00 42361-42693 orient(+) score(999.00) noncoding_equivalent(0.10) raw_noncoding(0.00) offset(0.00) 
42361	42693	single+	1	3	{Augustus_model.g3544.t1;Augustus},{GlimmerHMM_glimmerT_4101-T1;GlimmerHMM}

# EVM prediction: Mode:STANDARD S-ratio: 14.84 43231-45283 orient(+) score(5431.00) noncoding_equivalent(366.05) raw_noncoding(368.05) offset(2.00) 
43231	44865	initial+	1	3	{Augustus_model.g3545.t1;Augustus}
44866	45223	INTRON			{Augustus_model.g3545.t1;Augustus}
45224	45283	terminal+	1	3	{Augustus_model.g3545.t1;Augustus}

# EVM prediction: Mode:STANDARD S-ratio: 2.03 45327-46088 orient(-) score(1524.00) noncoding_equivalent(749.40) raw_noncoding(749.40) offset(0.00) 
46088	45327	single-	4	6	{GlimmerHMM_glimmerT_4103-T1;GlimmerHMM},{Augustus_model.g3546.t1;Augustus}

# EVM prediction: Mode:STANDARD S-ratio: 121.76 46215-47867 orient(+) score(4917.00) noncoding_equivalent(40.38) raw_noncoding(40.38) offset(0.00) 
46215	47867	single+	1	3	{Augustus_model.g3547.t1;Augustus},{GlimmerHMM_glimmerT_4104-T1;GlimmerHMM}

# EVM prediction: Mode:STANDARD S-ratio: 396.71 48112-49848 orient(+) score(5196.00) noncoding_equivalent(13.10) raw_noncoding(13.10) offset(0.00) 
48112	49848	single+	1	3	{Augustus_model.g3548.t1;Augustus},{GlimmerHMM_glimmerT_4105-T1;GlimmerHMM}

# EVM prediction: Mode:STANDARD S-ratio: 10000.00 50272-53898 orient(+) score(10881.00) noncoding_equivalent(1.09) raw_noncoding(0.00) offset(0.00) 
50272	53898	single+	1	3	{Augustus_model.g3549.t1;Augustus},{GlimmerHMM_glimmerT_4106-T1;GlimmerHMM}

# EVM prediction: Mode:STANDARD S-ratio: 62.86 53972-54865 orient(-) score(2640.00) noncoding_equivalent(42.00) raw_noncoding(42.00) offset(0.00) 
54865	53972	single-	4	6	{Augustus_model.g3550.t1;Augustus},{GlimmerHMM_glimmerT_4107-T1;GlimmerHMM}

# EVM prediction: Mode:STANDARD S-ratio: 2.00 55215-55499 orient(+) score(570.00) noncoding_equivalent(285.00) raw_noncoding(285.00) offset(0.00) 
55215	55499	single+	1	3	{Augustus_model.g3551.t1;Augustus},{GlimmerHMM_glimmerT_4108-T1;GlimmerHMM}

# EVM prediction: Mode:STANDARD S-ratio: 10000.00 55807-56787 orient(-) score(2943.00) noncoding_equivalent(0.29) raw_noncoding(0.00) offset(0.00) 
56787	55807	single-	4	6	{GlimmerHMM_glimmerT_4109-T1;GlimmerHMM},{Augustus_model.g3552.t1;Augustus}

# EVM prediction: Mode:STANDARD S-ratio: 433.14 57011-57595 orient(-) score(1751.00) noncoding_equivalent(4.04) raw_noncoding(4.04) offset(0.00) 
57595	57011	single-	4	6	{Augustus_model.g3553.t1;Augustus},{GlimmerHMM_glimmerT_4110-T1;GlimmerHMM}

# EVM prediction: Mode:STANDARD S-ratio: 762.66 57892-59430 orient(-) score(4611.00) noncoding_equivalent(6.05) raw_noncoding(6.05) offset(0.00) 
59430	57892	single-	4	6	{Augustus_model.g3554.t1;Augustus},{GlimmerHMM_glimmerT_4111-T1;GlimmerHMM}

# EVM prediction: Mode:STANDARD S-ratio: 1.33 59734-60096 orient(-) score(589.00) noncoding_equivalent(444.13) raw_noncoding(557.20) offset(113.07) 
60003	59734	terminal-	4	6	{GlimmerHMM_glimmerT_4112-T1;GlimmerHMM}
60060	60004	INTRON			{GlimmerHMM_glimmerT_4112-T1;GlimmerHMM}
60096	60061	initial-	4	6	{GlimmerHMM_glimmerT_4112-T1;GlimmerHMM}

# EVM prediction: Mode:STANDARD S-ratio: 1.91 60172-61138 orient(+) score(1855.00) noncoding_equivalent(973.07) raw_noncoding(1046.07) offset(73.00) 
60172	61059	initial+	1	3	{Augustus_model.g3555.t1;Augustus}
61060	61132	INTRON			{Augustus_model.g3555.t1;Augustus}
61133	61138	terminal+	1	3	{Augustus_model.g3555.t1;Augustus}

# EVM prediction: Mode:STANDARD S-ratio: 2.00 61330-61902 orient(-) score(1146.00) noncoding_equivalent(573.00) raw_noncoding(573.00) offset(0.00) 
61902	61330	single-	4	6	{GlimmerHMM_glimmerT_4114-T1;GlimmerHMM},{Augustus_model.g3556.t1;Augustus}

# EVM prediction: Mode:STANDARD S-ratio: 227.85 62038-63753 orient(+) score(5124.00) noncoding_equivalent(22.49) raw_noncoding(22.49) offset(0.00) 
62038	63753	single+	1	3	{GlimmerHMM_glimmerT_4115-T1;GlimmerHMM},{Augustus_model.g3557.t1;Augustus}

# EVM prediction: Mode:STANDARD S-ratio: 10000.00 63794-65884 orient(-) score(6273.00) noncoding_equivalent(0.63) raw_noncoding(0.00) offset(0.00) 
65884	63794	single-	4	6	{Augustus_model.g3558.t1;Augustus},{GlimmerHMM_glimmerT_4116-T1;GlimmerHMM}

# EVM prediction: Mode:STANDARD S-ratio: 1.68 66039-66802 orient(+) score(1433.00) noncoding_equivalent(851.35) raw_noncoding(853.35) offset(2.00) 
66039	66745	initial+	1	2	{Augustus_model.g3559.t1;Augustus}
66746	66795	INTRON			{Augustus_model.g3559.t1;Augustus}
66796	66802	terminal+	3	3	{Augustus_model.g3559.t1;Augustus}

# EVM prediction: Mode:STANDARD S-ratio: 22.49 66812-67773 orient(-) score(2805.00) noncoding_equivalent(124.74) raw_noncoding(175.04) offset(50.30) 
67716	66812	terminal-	5	6	{Augustus_model.g3560.t1;Augustus},{GlimmerHMM_glimmerT_4118-T1;GlimmerHMM}
67763	67717	INTRON			{Augustus_model.g3560.t1;Augustus},{GlimmerHMM_glimmerT_4118-T1;GlimmerHMM}
67773	67764	initial-	4	4	{Augustus_model.g3560.t1;Augustus},{GlimmerHMM_glimmerT_4118-T1;GlimmerHMM}

# EVM prediction: Mode:STANDARD S-ratio: 2.00 68060-70519 orient(+) score(4920.00) noncoding_equivalent(2460.00) raw_noncoding(2460.00) offset(0.00) 
68060	70519	single+	1	3	{Augustus_model.g3561.t1;Augustus},{GlimmerHMM_glimmerT_4119-T1;GlimmerHMM}

# EVM prediction: Mode:STANDARD S-ratio: 17.09 70728-71483 orient(+) score(2142.00) noncoding_equivalent(125.32) raw_noncoding(125.32) offset(0.00) 
70728	71483	single+	1	3	{Augustus_model.g3562.t1;Augustus},{GlimmerHMM_glimmerT_4120-T1;GlimmerHMM}

# EVM prediction: Mode:STANDARD S-ratio: 579.88 71514-76160 orient(-) score(13917.00) noncoding_equivalent(24.00) raw_noncoding(24.00) offset(0.00) 
76160	71514	single-	4	6	{Augustus_model.g3563.t1;Augustus},{GlimmerHMM_glimmerT_4121-T1;GlimmerHMM}

# EVM prediction: Mode:STANDARD S-ratio: 15.61 78293-79612 orient(+) score(3721.00) noncoding_equivalent(238.41) raw_noncoding(238.41) offset(0.00) 
78293	79612	single+	1	3	{GlimmerHMM_glimmerT_4122-T1;GlimmerHMM}

# EVM prediction: Mode:STANDARD S-ratio: 5.73 79635-79922 orient(+) score(735.00) noncoding_equivalent(128.22) raw_noncoding(128.22) offset(0.00) 
79635	79922	single+	1	3	{GlimmerHMM_glimmerT_4123-T1;GlimmerHMM}

# EVM prediction: Mode:STANDARD S-ratio: 23.99 80071-81623 orient(+) score(4609.00) noncoding_equivalent(192.15) raw_noncoding(198.15) offset(6.00) 
80071	80131	initial+	1	1	{Augustus_model.g3565.t1;Augustus}
80132	80181	INTRON			{snap_scaffold_4-snap.22-T1;snap},{Augustus_model.g3565.t1;Augustus},{GlimmerHMM_glimmerT_4124-T1;GlimmerHMM}
80182	81623	terminal+	2	3	{snap_scaffold_4-snap.22-T1;snap},{Augustus_model.g3565.t1;Augustus},{GlimmerHMM_glimmerT_4124-T1;GlimmerHMM}

# EVM prediction: Mode:STANDARD S-ratio: 1346.12 82481-85636 orient(+) score(9461.00) noncoding_equivalent(7.03) raw_noncoding(7.03) offset(0.00) 
82481	85636	single+	1	3	{GlimmerHMM_glimmerT_4125-T1;GlimmerHMM}

# EVM prediction: Mode:STANDARD S-ratio: 15.29 85911-88196 orient(+) score(6383.00) noncoding_equivalent(417.51) raw_noncoding(529.97) offset(112.46) 
85911	86063	initial+	1	3	{GlimmerHMM_glimmerT_4126-T1;GlimmerHMM}
86064	86120	INTRON			{GlimmerHMM_glimmerT_4126-T1;GlimmerHMM}
86121	88196	terminal+	1	3	{GlimmerHMM_glimmerT_4126-T1;GlimmerHMM}

# EVM prediction: Mode:STANDARD S-ratio: 10000.00 88210-88887 orient(-) score(2034.00) noncoding_equivalent(0.20) raw_noncoding(0.00) offset(0.00) 
88887	88210	single-	4	6	{GlimmerHMM_glimmerT_4127-T1;GlimmerHMM},{Augustus_model.g3567.t1;Augustus}

# EVM prediction: Mode:STANDARD S-ratio: 33.91 89524-89802 orient(+) score(558.00) noncoding_equivalent(16.46) raw_noncoding(16.46) offset(0.00) 
89524	89802	single+	1	3	{Augustus_model.g3568.t1;Augustus},{GlimmerHMM_glimmerT_4128-T1;GlimmerHMM}

# EVM prediction: Mode:STANDARD S-ratio: 30.21 90070-90459 orient(-) score(1131.00) noncoding_equivalent(37.43) raw_noncoding(37.43) offset(0.00) 
90459	90070	single-	4	6	{GlimmerHMM_glimmerT_4129-T1;GlimmerHMM},{Augustus_model.g3569.t1;Augustus}

# EVM prediction: Mode:STANDARD S-ratio: 59.38 92062-92544 orient(-) score(1425.00) noncoding_equivalent(24.00) raw_noncoding(24.00) offset(0.00) 
92544	92062	single-	4	6	{Augustus_model.g3570.t1;Augustus},{GlimmerHMM_glimmerT_4130-T1;GlimmerHMM}

# EVM prediction: Mode:STANDARD S-ratio: 46.06 93081-94586 orient(-) score(4422.00) noncoding_equivalent(96.00) raw_noncoding(96.00) offset(0.00) 
94586	93081	single-	4	6	{Augustus_model.g3571.t1;Augustus},{GlimmerHMM_glimmerT_4131-T1;GlimmerHMM}

# EVM prediction: Mode:STANDARD S-ratio: 10000.00 95236-97077 orient(-) score(5526.00) noncoding_equivalent(0.55) raw_noncoding(0.00) offset(0.00) 
97077	95236	single-	4	6	{Augustus_model.g3572.t1;Augustus},{GlimmerHMM_glimmerT_4132-T1;GlimmerHMM}

# EVM prediction: Mode:STANDARD S-ratio: 10000.00 97836-98864 orient(+) score(3087.00) noncoding_equivalent(0.31) raw_noncoding(0.00) offset(0.00) 
97836	98864	single+	1	3	{GlimmerHMM_glimmerT_4133-T1;GlimmerHMM},{Augustus_model.g3573.t1;Augustus}

