!! Predictions spanning range 1030 - 99201 [R1]
# EVM prediction: Mode:STANDARD S-ratio: 21.91 1030-1647 orient(-) score(1772.00) noncoding_equivalent(80.89) raw_noncoding(80.89) offset(0.00) 
1647	1030	single-	4	6	{GlimmerHMM_glimmerT_1932-T1;GlimmerHMM},{Augustus_model.g1676.t1;Augustus}

# EVM prediction: Mode:STANDARD S-ratio: 38.12 1942-4108 orient(+) score(6259.00) noncoding_equivalent(164.17) raw_noncoding(263.82) offset(99.65) 
1942	1947	initial+	1	3	{snap_scaffold_2-snap.254-T1;snap}
1948	1962	INTRON			{snap_scaffold_2-snap.254-T1;snap}
1963	3167	internal+	1	2	{snap_scaffold_2-snap.254-T1;snap}
3168	3228	INTRON			{Augustus_model.g1677.t1;Augustus}
3229	4108	terminal+	3	3	{Augustus_model.g1677.t1;Augustus}

# EVM prediction: Mode:STANDARD S-ratio: 49.12 4261-4899 orient(+) score(1873.00) noncoding_equivalent(38.13) raw_noncoding(38.13) offset(0.00) 
4261	4899	single+	1	3	{Augustus_model.g1678.t1;Augustus},{GlimmerHMM_glimmerT_1934-T1;GlimmerHMM}

# EVM prediction: Mode:STANDARD S-ratio: 1.52 4955-5304 orient(-) score(700.00) noncoding_equivalent(459.21) raw_noncoding(463.21) offset(4.00) 
5222	4955	terminal-	6	6	{Augustus_model.g1679.t1;Augustus},{GlimmerHMM_glimmerT_1935-T1;GlimmerHMM}
5278	5223	INTRON			{Augustus_model.g1679.t1;Augustus},{GlimmerHMM_glimmerT_1935-T1;GlimmerHMM}
5304	5279	initial-	4	5	{Augustus_model.g1679.t1;Augustus},{GlimmerHMM_glimmerT_1935-T1;GlimmerHMM}

# EVM prediction: Mode:STANDARD S-ratio: 122.72 5446-7152 orient(+) score(5080.00) noncoding_equivalent(41.39) raw_noncoding(41.39) offset(0.00) 
5446	7152	single+	1	3	{GlimmerHMM_glimmerT_1936-T1;GlimmerHMM},{Augustus_model.g1680.t1;Augustus}

# EVM prediction: Mode:STANDARD S-ratio: 371.61 7309-8688 orient(+) score(4127.00) noncoding_equivalent(11.11) raw_noncoding(11.11) offset(0.00) 
7309	8688	single+	1	3	{GlimmerHMM_glimmerT_1937-T1;GlimmerHMM}

# EVM prediction: Mode:STANDARD S-ratio: 10000.00 8709-10352 orient(-) score(4932.00) noncoding_equivalent(0.49) raw_noncoding(0.00) offset(0.00) 
10352	8709	single-	4	6	{Augustus_model.g1682.t1;Augustus},{GlimmerHMM_glimmerT_1938-T1;GlimmerHMM}

# EVM prediction: Mode:STANDARD S-ratio: 8.33 10531-11373 orient(-) score(2258.00) noncoding_equivalent(271.05) raw_noncoding(271.05) offset(0.00) 
11373	10531	single-	4	6	{Augustus_model.g1683.t1;Augustus},{GlimmerHMM_glimmerT_1939-T1;GlimmerHMM}

# EVM prediction: Mode:STANDARD S-ratio: 1.89 11547-12129 orient(+) score(1099.00) noncoding_equivalent(583.00) raw_noncoding(650.00) offset(67.00) 
11547	12046	initial+	1	2	{Augustus_model.g1684.t1;Augustus}
12047	12113	INTRON			{Augustus_model.g1684.t1;Augustus}
12114	12129	terminal+	3	3	{Augustus_model.g1684.t1;Augustus}

# EVM prediction: Mode:STANDARD S-ratio: 46.59 12291-13337 orient(-) score(3075.00) noncoding_equivalent(66.00) raw_noncoding(66.00) offset(0.00) 
13337	12291	single-	4	6	{GlimmerHMM_glimmerT_1941-T1;GlimmerHMM},{Augustus_model.g1685.t1;Augustus}

# EVM prediction: Mode:STANDARD S-ratio: 48.14 13530-14981 orient(+) score(4188.00) noncoding_equivalent(87.00) raw_noncoding(168.00) offset(81.00) 
13530	13533	initial+	1	1	{snap_scaffold_2-snap.258-T1;snap}
13534	13614	INTRON			{snap_scaffold_2-snap.258-T1;snap}
13615	14981	terminal+	2	3	{snap_scaffold_2-snap.258-T1;snap}

# EVM prediction: Mode:STANDARD S-ratio: 10000.00 14985-18857 orient(-) score(11619.00) noncoding_equivalent(1.16) raw_noncoding(0.00) offset(0.00) 
18857	14985	single-	4	6	{Augustus_model.g1687.t1;Augustus},{GlimmerHMM_glimmerT_1943-T1;GlimmerHMM}

# EVM prediction: Mode:STANDARD S-ratio: 10000.00 19529-22498 orient(+) score(8910.00) noncoding_equivalent(0.89) raw_noncoding(0.00) offset(0.00) 
19529	22498	single+	1	3	{Augustus_model.g1688.t1;Augustus},{GlimmerHMM_glimmerT_1944-T1;GlimmerHMM}

# EVM prediction: Mode:STANDARD S-ratio: 5.42 24022-25716 orient(+) score(4293.00) noncoding_equivalent(792.00) raw_noncoding(792.00) offset(0.00) 
24022	25716	single+	1	3	{GlimmerHMM_glimmerT_1945-T1;GlimmerHMM}

# EVM prediction: Mode:STANDARD S-ratio: 10000.00 25815-26777 orient(-) score(2889.00) noncoding_equivalent(0.29) raw_noncoding(0.00) offset(0.00) 
26777	25815	single-	4	6	{Augustus_model.g1690.t1;Augustus},{GlimmerHMM_glimmerT_1946-T1;GlimmerHMM}

# EVM prediction: Mode:STANDARD S-ratio: 2.04 26887-27582 orient(+) score(1392.00) noncoding_equivalent(683.98) raw_noncoding(683.98) offset(0.00) 
26887	27582	single+	1	3	{GlimmerHMM_glimmerT_1947-T1;GlimmerHMM},{Augustus_model.g1691.t1;Augustus}

# EVM prediction: Mode:STANDARD S-ratio: 12.85 27724-29316 orient(-) score(4434.00) noncoding_equivalent(345.00) raw_noncoding(345.00) offset(0.00) 
29316	27724	single-	4	6	{GlimmerHMM_glimmerT_1948-T1;GlimmerHMM}

# EVM prediction: Mode:STANDARD S-ratio: 10000.00 29794-31530 orient(+) score(5211.00) noncoding_equivalent(0.52) raw_noncoding(0.00) offset(0.00) 
29794	31530	single+	1	3	{GlimmerHMM_glimmerT_1949-T1;GlimmerHMM},{Augustus_model.g1693.t1;Augustus}

# EVM prediction: Mode:STANDARD S-ratio: 13.74 31705-32892 orient(-) score(3321.00) noncoding_equivalent(241.70) raw_noncoding(241.70) offset(0.00) 
32892	31705	single-	4	6	{Augustus_model.g1694.t1;Augustus}

# EVM prediction: Mode:STANDARD S-ratio: 2.96 33020-33427 orient(+) score(816.00) noncoding_equivalent(275.54) raw_noncoding(275.54) offset(0.00) 
33020	33427	single+	1	3	{Augustus_model.g1695.t1;Augustus},{GlimmerHMM_glimmerT_1951-T1;GlimmerHMM}

# EVM prediction: Mode:STANDARD S-ratio: 2.00 33433-34164 orient(-) score(1464.00) noncoding_equivalent(732.00) raw_noncoding(732.00) offset(0.00) 
34164	33433	single-	4	6	{GlimmerHMM_glimmerT_1952-T1;GlimmerHMM},{Augustus_model.g1696.t1;Augustus}

# EVM prediction: Mode:STANDARD S-ratio: 3.23 34716-36200 orient(+) score(3401.00) noncoding_equivalent(1053.53) raw_noncoding(1053.53) offset(0.00) 
34716	36200	single+	1	3	{Augustus_model.g1697.t1;Augustus}

# EVM prediction: Mode:STANDARD S-ratio: 10000.00 36448-37545 orient(+) score(3294.00) noncoding_equivalent(0.33) raw_noncoding(0.00) offset(0.00) 
36448	37545	single+	1	3	{GlimmerHMM_glimmerT_1954-T1;GlimmerHMM},{Augustus_model.g1698.t1;Augustus}

# EVM prediction: Mode:STANDARD S-ratio: 10000.00 37616-40132 orient(-) score(7551.00) noncoding_equivalent(0.76) raw_noncoding(0.00) offset(0.00) 
40132	37616	single-	4	6	{Augustus_model.g1699.t1;Augustus},{GlimmerHMM_glimmerT_1955-T1;GlimmerHMM}

# EVM prediction: Mode:STANDARD S-ratio: 1.55 40366-40995 orient(+) score(1143.00) noncoding_equivalent(737.00) raw_noncoding(737.00) offset(0.00) 
40366	40995	single+	1	3	{GlimmerHMM_glimmerT_1956-T1;GlimmerHMM}

# EVM prediction: Mode:STANDARD S-ratio: 14.85 41083-44070 orient(-) score(8603.00) noncoding_equivalent(579.32) raw_noncoding(726.32) offset(147.00) 
42815	41083	terminal-	5	6	{snap_scaffold_2-snap.268-T1;snap},{Augustus_model.g1701.t1;Augustus}
43037	42816	INTRON			{snap_scaffold_2-snap.268-T1;snap},{Augustus_model.g1701.t1;Augustus}
44070	43038	initial-	4	4	{Augustus_model.g1701.t1;Augustus}

# EVM prediction: Mode:STANDARD S-ratio: 2.03 44399-46474 orient(+) score(4152.00) noncoding_equivalent(2044.79) raw_noncoding(2044.79) offset(0.00) 
44399	46474	single+	1	3	{GlimmerHMM_glimmerT_1959-T1;GlimmerHMM},{Augustus_model.g1702.t1;Augustus}

# EVM prediction: Mode:STANDARD S-ratio: 2.03 46515-48335 orient(-) score(3642.00) noncoding_equivalent(1792.00) raw_noncoding(1792.00) offset(0.00) 
48335	46515	single-	4	6	{Augustus_model.g1703.t1;Augustus},{GlimmerHMM_glimmerT_1960-T1;GlimmerHMM}

# EVM prediction: Mode:STANDARD S-ratio: 1547.61 48523-51636 orient(+) score(9336.00) noncoding_equivalent(6.03) raw_noncoding(6.03) offset(0.00) 
48523	51636	single+	1	3	{Augustus_model.g1704.t1;Augustus},{GlimmerHMM_glimmerT_1961-T1;GlimmerHMM}

# EVM prediction: Mode:STANDARD S-ratio: 42.21 51924-53024 orient(+) score(3225.00) noncoding_equivalent(76.41) raw_noncoding(76.41) offset(0.00) 
51924	53024	single+	1	3	{GlimmerHMM_glimmerT_1962-T1;GlimmerHMM},{Augustus_model.g1705.t1;Augustus}

# EVM prediction: Mode:STANDARD S-ratio: 5618.77 53845-55749 orient(+) score(5714.00) noncoding_equivalent(1.02) raw_noncoding(1.02) offset(0.00) 
53845	55749	single+	1	3	{GlimmerHMM_glimmerT_1963-T1;GlimmerHMM}

# EVM prediction: Mode:STANDARD S-ratio: 111.59 55912-56439 orient(+) score(1570.00) noncoding_equivalent(14.07) raw_noncoding(14.07) offset(0.00) 
55912	56439	single+	1	3	{GlimmerHMM_glimmerT_1964-T1;GlimmerHMM}

# EVM prediction: Mode:STANDARD S-ratio: 8.29 56747-57157 orient(+) score(1145.00) noncoding_equivalent(138.17) raw_noncoding(194.42) offset(56.26) 
56747	56780	initial+	1	1	{Augustus_model.g1707.t1;Augustus},{GlimmerHMM_glimmerT_1965-T1;GlimmerHMM}
56781	56834	INTRON			{Augustus_model.g1707.t1;Augustus},{GlimmerHMM_glimmerT_1965-T1;GlimmerHMM}
56835	57157	terminal+	2	3	{Augustus_model.g1707.t1;Augustus},{GlimmerHMM_glimmerT_1965-T1;GlimmerHMM},{snap_scaffold_2-snap.271-T1;snap}

# EVM prediction: Mode:STANDARD S-ratio: 71.00 57240-58535 orient(-) score(3834.00) noncoding_equivalent(54.00) raw_noncoding(54.00) offset(0.00) 
58535	57240	single-	4	6	{Augustus_model.g1708.t1;Augustus}

# EVM prediction: Mode:STANDARD S-ratio: 591.20 58979-61939 orient(-) score(8868.00) noncoding_equivalent(15.00) raw_noncoding(15.00) offset(0.00) 
61939	58979	single-	4	6	{GlimmerHMM_glimmerT_1968-T1;GlimmerHMM},{Augustus_model.g1709.t1;Augustus}

# EVM prediction: Mode:STANDARD S-ratio: 2.00 62340-63869 orient(+) score(3060.00) noncoding_equivalent(1530.00) raw_noncoding(1530.00) offset(0.00) 
62340	63869	single+	1	3	{GlimmerHMM_glimmerT_1969-T1;GlimmerHMM},{Augustus_model.g1710.t1;Augustus}

# EVM prediction: Mode:STANDARD S-ratio: 61.61 63887-64558 orient(-) score(1982.00) noncoding_equivalent(32.17) raw_noncoding(32.17) offset(0.00) 
64558	63887	single-	4	6	{GlimmerHMM_glimmerT_1970-T1;GlimmerHMM},{Augustus_model.g1711.t1;Augustus}

# EVM prediction: Mode:STANDARD S-ratio: 2.00 65091-66227 orient(+) score(2274.00) noncoding_equivalent(1137.00) raw_noncoding(1137.00) offset(0.00) 
65091	66227	single+	1	3	{GlimmerHMM_glimmerT_1971-T1;GlimmerHMM},{Augustus_model.g1712.t1;Augustus}

# EVM prediction: Mode:STANDARD S-ratio: 6.00 66382-66780 orient(-) score(2394.00) noncoding_equivalent(399.00) raw_noncoding(399.00) offset(0.00) 
66780	66382	single-	4	6	{GlimmerHMM_glimmerT_1972-T1;GlimmerHMM},{HiQ_model.g1713.t1;HiQ}

# EVM prediction: Mode:STANDARD S-ratio: 4.49 67331-68255 orient(+) score(3185.00) noncoding_equivalent(710.11) raw_noncoding(1042.11) offset(332.00) 
67331	67719	initial+	1	2	{Augustus_model.g1714.t1;Augustus}
67720	68074	INTRON			{snap_scaffold_2-snap.276-T1;snap},{Augustus_model.g1714.t1;Augustus}
68075	68255	terminal+	3	3	{snap_scaffold_2-snap.276-T1;snap},{Augustus_model.g1714.t1;Augustus}

# EVM prediction: Mode:STANDARD S-ratio: 2.01 68398-69351 orient(-) score(1908.00) noncoding_equivalent(948.31) raw_noncoding(948.31) offset(0.00) 
69351	68398	single-	4	6	{GlimmerHMM_glimmerT_1975-T1;GlimmerHMM},{Augustus_model.g1715.t1;Augustus}

# EVM prediction: Mode:STANDARD S-ratio: 4.70 69530-70083 orient(+) score(1544.00) noncoding_equivalent(328.19) raw_noncoding(392.35) offset(64.16) 
69530	69532	initial+	1	3	{Augustus_model.g1716.t1;Augustus},{GlimmerHMM_glimmerT_1976-T1;GlimmerHMM}
69533	69586	INTRON			{Augustus_model.g1716.t1;Augustus},{snap_scaffold_2-snap.277-T1;snap},{GlimmerHMM_glimmerT_1976-T1;GlimmerHMM}
69587	69965	internal+	1	1	{Augustus_model.g1716.t1;Augustus},{snap_scaffold_2-snap.277-T1;snap},{GlimmerHMM_glimmerT_1976-T1;GlimmerHMM}
69966	70021	INTRON			{Augustus_model.g1716.t1;Augustus},{GlimmerHMM_glimmerT_1976-T1;GlimmerHMM}
70022	70083	terminal+	2	3	{Augustus_model.g1716.t1;Augustus},{GlimmerHMM_glimmerT_1976-T1;GlimmerHMM}

# EVM prediction: Mode:STANDARD S-ratio: 87.19 70555-72825 orient(+) score(6734.00) noncoding_equivalent(77.23) raw_noncoding(77.23) offset(0.00) 
70555	72825	single+	1	3	{GlimmerHMM_glimmerT_1977-T1;GlimmerHMM}

# EVM prediction: Mode:STANDARD S-ratio: 10000.00 72882-73460 orient(-) score(1737.00) noncoding_equivalent(0.17) raw_noncoding(0.00) offset(0.00) 
73460	72882	single-	4	6	{GlimmerHMM_glimmerT_1978-T1;GlimmerHMM},{Augustus_model.g1718.t1;Augustus}

# EVM prediction: Mode:STANDARD S-ratio: 14.91 73591-74451 orient(-) score(2418.00) noncoding_equivalent(162.19) raw_noncoding(162.19) offset(0.00) 
74451	73591	single-	4	6	{GlimmerHMM_glimmerT_1979-T1;GlimmerHMM}

# EVM prediction: Mode:STANDARD S-ratio: 12.79 74725-74961 orient(-) score(660.00) noncoding_equivalent(51.59) raw_noncoding(51.59) offset(0.00) 
74961	74725	single-	4	6	{GlimmerHMM_glimmerT_1980-T1;GlimmerHMM}

# EVM prediction: Mode:STANDARD S-ratio: 2.00 75014-75667 orient(+) score(1308.00) noncoding_equivalent(654.00) raw_noncoding(654.00) offset(0.00) 
75014	75667	single+	1	3	{GlimmerHMM_glimmerT_1981-T1;GlimmerHMM},{Augustus_model.g1720.t1;Augustus}

# EVM prediction: Mode:STANDARD S-ratio: 13.58 75783-76550 orient(-) score(2197.00) noncoding_equivalent(161.78) raw_noncoding(225.05) offset(63.27) 
76459	75783	terminal-	5	6	{GlimmerHMM_glimmerT_1982-T1;GlimmerHMM},{Augustus_model.g1721.t1;Augustus}
76519	76460	INTRON			{GlimmerHMM_glimmerT_1982-T1;GlimmerHMM},{Augustus_model.g1721.t1;Augustus}
76550	76520	initial-	4	4	{Augustus_model.g1721.t1;Augustus}

# EVM prediction: Mode:STANDARD S-ratio: 27.94 77118-81073 orient(-) score(11604.00) noncoding_equivalent(415.37) raw_noncoding(557.37) offset(142.00) 
79379	77118	terminal-	4	6	{Augustus_model.g1722.t1;Augustus},{snap_scaffold_2-snap.280-T1;snap}
79534	79380	INTRON			{Augustus_model.g1722.t1;Augustus},{snap_scaffold_2-snap.280-T1;snap}
81073	79535	initial-	4	6	{Augustus_model.g1722.t1;Augustus}

# EVM prediction: Mode:STANDARD S-ratio: 24.83 81278-82485 orient(-) score(3534.00) noncoding_equivalent(142.32) raw_noncoding(200.84) offset(58.52) 
82400	81278	terminal-	6	6	{Augustus_model.g1723.t1;Augustus},{GlimmerHMM_glimmerT_1985-T1;GlimmerHMM}
82456	82401	INTRON			{Augustus_model.g1723.t1;Augustus},{GlimmerHMM_glimmerT_1985-T1;GlimmerHMM}
82485	82457	initial-	4	5	{Augustus_model.g1723.t1;Augustus},{GlimmerHMM_glimmerT_1985-T1;GlimmerHMM}

# EVM prediction: Mode:STANDARD S-ratio: 70.96 82606-84975 orient(-) score(7010.00) noncoding_equivalent(98.79) raw_noncoding(98.79) offset(0.00) 
84975	82606	single-	4	6	{Augustus_model.g1724.t1;Augustus},{GlimmerHMM_glimmerT_1986-T1;GlimmerHMM}

# EVM prediction: Mode:STANDARD S-ratio: 61.90 85214-87100 orient(-) score(5571.00) noncoding_equivalent(90.00) raw_noncoding(90.00) offset(0.00) 
87100	85214	single-	4	6	{GlimmerHMM_glimmerT_1987-T1;GlimmerHMM},{Augustus_model.g1725.t1;Augustus}

# EVM prediction: Mode:STANDARD S-ratio: 5.61 87591-88592 orient(-) score(5942.00) noncoding_equivalent(1058.27) raw_noncoding(1058.27) offset(0.00) 
88592	87591	single-	4	6	{GlimmerHMM_glimmerT_1988-T1;GlimmerHMM},{HiQ_model.g1726.t1;HiQ}

# EVM prediction: Mode:STANDARD S-ratio: 10000.00 90178-92562 orient(+) score(7155.00) noncoding_equivalent(0.72) raw_noncoding(0.00) offset(0.00) 
90178	92562	single+	1	3	{Augustus_model.g1727.t1;Augustus},{GlimmerHMM_glimmerT_1989-T1;GlimmerHMM}

# EVM prediction: Mode:STANDARD S-ratio: 10000.00 92607-95048 orient(-) score(7326.00) noncoding_equivalent(0.73) raw_noncoding(0.00) offset(0.00) 
95048	92607	single-	4	6	{GlimmerHMM_glimmerT_1990-T1;GlimmerHMM},{Augustus_model.g1728.t1;Augustus}

# EVM prediction: Mode:STANDARD S-ratio: 2.02 95178-95870 orient(+) score(1386.00) noncoding_equivalent(685.70) raw_noncoding(685.70) offset(0.00) 
95178	95870	single+	1	3	{Augustus_model.g1729.t1;Augustus},{GlimmerHMM_glimmerT_1991-T1;GlimmerHMM}

# EVM prediction: Mode:STANDARD S-ratio: 47.83 95920-96783 orient(-) score(2537.00) noncoding_equivalent(53.04) raw_noncoding(53.04) offset(0.00) 
96783	95920	single-	4	6	{Augustus_model.g1730.t1;Augustus}

# EVM prediction: Mode:STANDARD S-ratio: 2.03 97167-97610 orient(+) score(888.00) noncoding_equivalent(437.87) raw_noncoding(437.87) offset(0.00) 
97167	97610	single+	1	3	{GlimmerHMM_glimmerT_1993-T1;GlimmerHMM}

# EVM prediction: Mode:STANDARD S-ratio: 211.30 97636-99201 orient(-) score(4674.00) noncoding_equivalent(22.12) raw_noncoding(22.12) offset(0.00) 
99201	97636	single-	4	6	{Augustus_model.g1732.t1;Augustus},{GlimmerHMM_glimmerT_1994-T1;GlimmerHMM}

