!! Predictions spanning range 6645 - 96428 [R1]
# EVM prediction: Mode:STANDARD S-ratio: 10000.00 6645-9878 orient(+) score(9460.00) noncoding_equivalent(0.95) raw_noncoding(0.00) offset(0.00) 
6645	9878	single+	1	3	{Augustus_gene952.t1;Augustus}

# EVM prediction: Mode:STANDARD S-ratio: 10000.00 23475-24524 orient(+) score(3150.00) noncoding_equivalent(0.32) raw_noncoding(0.00) offset(0.00) 
23475	24524	single+	1	3	{Augustus_gene1195.t1;Augustus}

# EVM prediction: Mode:STANDARD S-ratio: 10000.00 25100-25738 orient(-) score(1917.00) noncoding_equivalent(0.19) raw_noncoding(0.00) offset(0.00) 
25738	25100	single-	4	6	{Augustus_gene210.t1;Augustus}

# EVM prediction: Mode:STANDARD S-ratio: 10000.00 26551-28203 orient(+) score(4911.00) noncoding_equivalent(0.49) raw_noncoding(0.00) offset(0.00) 
26551	28203	single+	1	3	{Augustus_gene330.t1;Augustus}

# EVM prediction: Mode:STANDARD S-ratio: 10000.00 30324-34397 orient(+) score(12222.00) noncoding_equivalent(1.22) raw_noncoding(0.00) offset(0.00) 
30324	34397	single+	1	3	{Augustus_gene83.t1;Augustus}

# EVM prediction: Mode:STANDARD S-ratio: 10000.00 45002-45424 orient(-) score(1269.00) noncoding_equivalent(0.13) raw_noncoding(0.00) offset(0.00) 
45424	45002	single-	4	6	{Augustus_gene29.t1;Augustus}

# EVM prediction: Mode:STANDARD S-ratio: 10000.00 52013-53941 orient(+) score(5787.00) noncoding_equivalent(0.58) raw_noncoding(0.00) offset(0.00) 
52013	53941	single+	1	3	{Augustus_gene191.t1;Augustus}

# EVM prediction: Mode:STANDARD S-ratio: 10000.00 71593-72696 orient(+) score(3312.00) noncoding_equivalent(0.33) raw_noncoding(0.00) offset(0.00) 
71593	72696	single+	1	3	{Augustus_gene541.t1;Augustus}

# EVM prediction: Mode:STANDARD S-ratio: 10000.00 73465-75012 orient(-) score(4644.00) noncoding_equivalent(0.46) raw_noncoding(0.00) offset(0.00) 
75012	73465	single-	4	6	{Augustus_gene281.t1;Augustus}

# EVM prediction: Mode:STANDARD S-ratio: 10000.00 75419-77677 orient(-) score(6777.00) noncoding_equivalent(0.68) raw_noncoding(0.00) offset(0.00) 
77677	75419	single-	4	6	{Augustus_gene734.t1;Augustus}

# EVM prediction: Mode:STANDARD S-ratio: 10000.00 78112-81219 orient(+) score(9318.00) noncoding_equivalent(0.93) raw_noncoding(0.00) offset(0.00) 
78112	81219	single+	1	3	{Augustus_gene479.t1;Augustus}

# EVM prediction: Mode:STANDARD S-ratio: 10000.00 86435-87019 orient(-) score(1755.00) noncoding_equivalent(0.18) raw_noncoding(0.00) offset(0.00) 
87019	86435	single-	4	6	{Augustus_gene799.t1;Augustus}

# EVM prediction: Mode:STANDARD S-ratio: 10000.00 90585-91820 orient(+) score(3708.00) noncoding_equivalent(0.37) raw_noncoding(0.00) offset(0.00) 
90585	91820	single+	1	3	{Augustus_gene1080.t1;Augustus}

# EVM prediction: Mode:STANDARD S-ratio: 10000.00 91998-94067 orient(+) score(6210.00) noncoding_equivalent(0.62) raw_noncoding(0.00) offset(0.00) 
91998	94067	single+	1	3	{Augustus_gene845.t1;Augustus}

# EVM prediction: Mode:STANDARD S-ratio: 10000.00 94257-96428 orient(-) score(6516.00) noncoding_equivalent(0.65) raw_noncoding(0.00) offset(0.00) 
96428	94257	single-	4	6	{Augustus_gene1068.t1;Augustus}

