!! Predictions spanning range 7960 - 95073 [R1]
# EVM prediction: Mode:STANDARD S-ratio: 10000.00 7960-9120 orient(+) score(2322.00) noncoding_equivalent(0.23) raw_noncoding(0.00) offset(0.00) 
7960	9120	single+	1	3	{Augustus_gene202.t1;Augustus}

# EVM prediction: Mode:STANDARD S-ratio: 10000.00 11839-12432 orient(-) score(1188.00) noncoding_equivalent(0.12) raw_noncoding(0.00) offset(0.00) 
12432	11839	single-	4	6	{Augustus_gene626.t1;Augustus}

# EVM prediction: Mode:STANDARD S-ratio: 10000.00 16112-17491 orient(+) score(2760.00) noncoding_equivalent(0.28) raw_noncoding(0.00) offset(0.00) 
16112	17491	single+	1	3	{Augustus_gene168.t1;Augustus}

# EVM prediction: Mode:STANDARD S-ratio: 10000.00 29656-31497 orient(-) score(3684.00) noncoding_equivalent(0.37) raw_noncoding(0.00) offset(0.00) 
31497	29656	single-	4	6	{Augustus_gene396.t1;Augustus}

# EVM prediction: Mode:STANDARD S-ratio: 10000.00 33524-36128 orient(+) score(5210.00) noncoding_equivalent(0.52) raw_noncoding(0.00) offset(0.00) 
33524	36062	initial+	1	1	{Augustus_gene971.t1;Augustus}
36063	36117	INTRON			{Augustus_gene971.t1;Augustus}
36118	36128	terminal+	2	3	{Augustus_gene971.t1;Augustus}

# EVM prediction: Mode:STANDARD S-ratio: 10000.00 36619-39051 orient(-) score(4866.00) noncoding_equivalent(0.49) raw_noncoding(0.00) offset(0.00) 
39051	36619	single-	4	6	{Augustus_gene464.t1;Augustus}

# EVM prediction: Mode:STANDARD S-ratio: 10000.00 39401-40738 orient(+) score(2676.00) noncoding_equivalent(0.27) raw_noncoding(0.00) offset(0.00) 
39401	40738	single+	1	3	{Augustus_gene246.t1;Augustus}

# EVM prediction: Mode:STANDARD S-ratio: 10000.00 41268-42737 orient(+) score(2940.00) noncoding_equivalent(0.29) raw_noncoding(0.00) offset(0.00) 
41268	42737	single+	1	3	{Augustus_gene130.t1;Augustus}

# EVM prediction: Mode:STANDARD S-ratio: 10000.00 43071-46553 orient(-) score(6966.00) noncoding_equivalent(0.70) raw_noncoding(0.00) offset(0.00) 
46553	43071	single-	4	6	{Augustus_gene1100.t1;Augustus}

# EVM prediction: Mode:STANDARD S-ratio: 10000.00 48589-50175 orient(+) score(3174.00) noncoding_equivalent(0.32) raw_noncoding(0.00) offset(0.00) 
48589	50175	single+	1	3	{Augustus_gene352.t1;Augustus}

# EVM prediction: Mode:STANDARD S-ratio: 10000.00 51639-53711 orient(+) score(4146.00) noncoding_equivalent(0.41) raw_noncoding(0.00) offset(0.00) 
51639	53711	single+	1	3	{Augustus_gene905.t1;Augustus}

# EVM prediction: Mode:STANDARD S-ratio: 10000.00 67417-68025 orient(-) score(1218.00) noncoding_equivalent(0.12) raw_noncoding(0.00) offset(0.00) 
68025	67417	single-	4	6	{Augustus_gene724.t1;Augustus}

# EVM prediction: Mode:STANDARD S-ratio: 10000.00 87742-88288 orient(-) score(1094.00) noncoding_equivalent(0.11) raw_noncoding(0.00) offset(0.00) 
88121	87742	terminal-	5	6	{Augustus_gene56.t1;Augustus}
88233	88122	INTRON			{Augustus_gene56.t1;Augustus}
88288	88234	initial-	4	4	{Augustus_gene56.t1;Augustus}

# EVM prediction: Mode:STANDARD S-ratio: 10000.00 94624-95073 orient(+) score(900.00) noncoding_equivalent(0.09) raw_noncoding(0.00) offset(0.00) 
94624	95073	single+	1	3	{Augustus_gene827.t1;Augustus}

