!! Predictions spanning range 325 - 98120 [R1]
# EVM prediction: Mode:STANDARD S-ratio: 13.06 325-1266 orient(-) score(2625.00) noncoding_equivalent(200.96) raw_noncoding(200.96) offset(0.00) 
1266	325	single-	4	6	{GlimmerHMM_glimmerT_2604-T1;GlimmerHMM}

# EVM prediction: Mode:STANDARD S-ratio: 5.10 2188-4065 orient(-) score(9674.00) noncoding_equivalent(1895.05) raw_noncoding(1895.05) offset(0.00) 
4065	2188	single-	4	6	{HiQ_model.g2294.t1;HiQ},{GlimmerHMM_glimmerT_2605-T1;GlimmerHMM}

# EVM prediction: Mode:STANDARD S-ratio: 44.27 5280-6410 orient(+) score(4423.00) noncoding_equivalent(99.91) raw_noncoding(99.91) offset(0.00) 
5280	6410	single+	1	3	{GlimmerHMM_glimmerT_2606-T1;GlimmerHMM},{Augustus_model.g2295.t1;Augustus}

# EVM prediction: Mode:STANDARD S-ratio: 1.88 8745-12043 orient(+) score(2559.00) noncoding_equivalent(1359.20) raw_noncoding(1478.50) offset(119.30) 
8745	9972	initial+	1	1	{Augustus_model.g2296.t1;Augustus}
9973	12017	INTRON			{Augustus_model.g2296.t1;Augustus}
12018	12043	terminal+	2	3	{Augustus_model.g2296.t1;Augustus}

# EVM prediction: Mode:STANDARD S-ratio: 5.00 12315-13865 orient(-) score(7749.00) noncoding_equivalent(1551.00) raw_noncoding(1551.00) offset(0.00) 
13865	12315	single-	4	6	{HiQ_model.g2297.t1;HiQ},{GlimmerHMM_glimmerT_2608-T1;GlimmerHMM}

# EVM prediction: Mode:STANDARD S-ratio: 48.88 16168-18438 orient(+) score(6675.00) noncoding_equivalent(136.56) raw_noncoding(136.56) offset(0.00) 
16168	18438	single+	1	3	{GlimmerHMM_glimmerT_2609-T1;GlimmerHMM}

# EVM prediction: Mode:STANDARD S-ratio: 33.05 18647-20590 orient(+) score(5661.00) noncoding_equivalent(171.28) raw_noncoding(171.28) offset(0.00) 
18647	20590	single+	1	3	{GlimmerHMM_glimmerT_2610-T1;GlimmerHMM}

# EVM prediction: Mode:STANDARD S-ratio: 14.77 20872-23478 orient(+) score(9766.00) noncoding_equivalent(661.40) raw_noncoding(661.40) offset(0.00) 
20872	23478	single+	1	3	{GlimmerHMM_glimmerT_2611-T1;GlimmerHMM}

# EVM prediction: Mode:STANDARD S-ratio: 1.51 23803-24432 orient(+) score(1136.00) noncoding_equivalent(754.01) raw_noncoding(754.01) offset(0.00) 
23803	24432	single+	1	3	{GlimmerHMM_glimmerT_2612-T1;GlimmerHMM}

# EVM prediction: Mode:STANDARD S-ratio: 81.77 24735-25691 orient(+) score(3780.00) noncoding_equivalent(46.23) raw_noncoding(46.23) offset(0.00) 
24735	25691	single+	1	3	{GlimmerHMM_glimmerT_2613-T1;GlimmerHMM}

# EVM prediction: Mode:STANDARD S-ratio: 2426.00 26565-28385 orient(+) score(7278.00) noncoding_equivalent(3.00) raw_noncoding(3.00) offset(0.00) 
26565	28385	single+	1	3	{Augustus_model.g2300.t1;Augustus}

# EVM prediction: Mode:STANDARD S-ratio: 2.62 28924-29985 orient(-) score(4611.00) noncoding_equivalent(1761.00) raw_noncoding(1761.00) offset(0.00) 
29985	28924	single-	4	6	{HiQ_model.g2301.t1;HiQ}

# EVM prediction: Mode:STANDARD S-ratio: 1114.35 30181-32139 orient(-) score(7827.00) noncoding_equivalent(7.02) raw_noncoding(7.02) offset(0.00) 
32139	30181	single-	4	6	{Augustus_model.g2302.t1;Augustus},{GlimmerHMM_glimmerT_2616-T1;GlimmerHMM}

# EVM prediction: Mode:STANDARD S-ratio: 3.00 33008-34405 orient(+) score(4194.00) noncoding_equivalent(1398.00) raw_noncoding(1398.00) offset(0.00) 
33008	34405	single+	1	3	{Augustus_model.g2303.t1;Augustus},{GlimmerHMM_glimmerT_2617-T1;GlimmerHMM}

# EVM prediction: Mode:STANDARD S-ratio: 10000.00 34926-36572 orient(+) score(6588.00) noncoding_equivalent(0.66) raw_noncoding(0.00) offset(0.00) 
34926	36572	single+	1	3	{GlimmerHMM_glimmerT_2618-T1;GlimmerHMM},{Augustus_model.g2304.t1;Augustus}

# EVM prediction: Mode:STANDARD S-ratio: 5.00 36861-38291 orient(-) score(7155.00) noncoding_equivalent(1431.00) raw_noncoding(1431.00) offset(0.00) 
38291	36861	single-	4	6	{HiQ_model.g2305.t1;HiQ},{GlimmerHMM_glimmerT_2619-T1;GlimmerHMM}

# EVM prediction: Mode:STANDARD S-ratio: 6.00 39530-41185 orient(-) score(9936.00) noncoding_equivalent(1656.00) raw_noncoding(1656.00) offset(0.00) 
41185	39530	single-	4	6	{GlimmerHMM_glimmerT_2620-T1;GlimmerHMM},{HiQ_model.g2306.t1;HiQ}

# EVM prediction: Mode:STANDARD S-ratio: 5.00 44808-46451 orient(-) score(8214.00) noncoding_equivalent(1644.00) raw_noncoding(1644.00) offset(0.00) 
46451	44808	single-	4	6	{HiQ_model.g2307.t1;HiQ},{GlimmerHMM_glimmerT_2621-T1;GlimmerHMM}

# EVM prediction: Mode:STANDARD S-ratio: 2.91 47583-48845 orient(+) score(3681.00) noncoding_equivalent(1263.00) raw_noncoding(1263.00) offset(0.00) 
47583	48845	single+	1	3	{GlimmerHMM_glimmerT_2622-T1;GlimmerHMM}

# EVM prediction: Mode:STANDARD S-ratio: 33.32 49333-50799 orient(+) score(5697.00) noncoding_equivalent(171.00) raw_noncoding(171.00) offset(0.00) 
49333	50799	single+	1	3	{Augustus_model.g2309.t1;Augustus},{GlimmerHMM_glimmerT_2623-T1;GlimmerHMM}

# EVM prediction: Mode:STANDARD S-ratio: 47.16 50913-52742 orient(-) score(5376.00) noncoding_equivalent(114.00) raw_noncoding(114.00) offset(0.00) 
52742	50913	single-	4	6	{Augustus_model.g2310.t1;Augustus},{GlimmerHMM_glimmerT_2624-T1;GlimmerHMM}

# EVM prediction: Mode:STANDARD S-ratio: 3.04 53166-53699 orient(-) score(2388.00) noncoding_equivalent(786.00) raw_noncoding(786.00) offset(0.00) 
53699	53166	single-	4	6	{HiQ_model.g2311.t1;HiQ},{GlimmerHMM_glimmerT_2625-T1;GlimmerHMM}

# EVM prediction: Mode:STANDARD S-ratio: 16.13 54118-54528 orient(-) score(1161.00) noncoding_equivalent(72.00) raw_noncoding(72.00) offset(0.00) 
54528	54118	single-	4	6	{Augustus_model.g2312.t1;Augustus},{GlimmerHMM_glimmerT_2626-T1;GlimmerHMM}

# EVM prediction: Mode:STANDARD S-ratio: 4.91 55553-56096 orient(-) score(2750.00) noncoding_equivalent(560.00) raw_noncoding(1038.00) offset(478.00) 
55839	55553	terminal-	5	6	{snap_scaffold_6-snap.20-T1;snap},{HiQ_model.g2313.t1;HiQ},{GlimmerHMM_glimmerT_2628-T1;GlimmerHMM}
56080	55840	INTRON			{HiQ_model.g2313.t1;HiQ},{GlimmerHMM_glimmerT_2628-T1;GlimmerHMM},{ev_type:exonerate/ID=match.177006.3571/Target=YPL249C-A;exonerate}
56096	56081	initial-	4	4	{HiQ_model.g2313.t1;HiQ},{GlimmerHMM_glimmerT_2628-T1;GlimmerHMM}

# EVM prediction: Mode:STANDARD S-ratio: 1064.74 56517-59375 orient(-) score(8567.00) noncoding_equivalent(8.05) raw_noncoding(8.05) offset(0.00) 
59375	56517	single-	4	6	{GlimmerHMM_glimmerT_2629-T1;GlimmerHMM},{Augustus_model.g2314.t1;Augustus}

# EVM prediction: Mode:STANDARD S-ratio: 10000.00 59752-62385 orient(-) score(7902.00) noncoding_equivalent(0.79) raw_noncoding(0.00) offset(0.00) 
62385	59752	single-	4	6	{Augustus_model.g2315.t1;Augustus},{GlimmerHMM_glimmerT_2630-T1;GlimmerHMM}

# EVM prediction: Mode:STANDARD S-ratio: 5.00 62642-64216 orient(-) score(7875.00) noncoding_equivalent(1575.00) raw_noncoding(1575.00) offset(0.00) 
64216	62642	single-	4	6	{HiQ_model.g2316.t1;HiQ},{GlimmerHMM_glimmerT_2631-T1;GlimmerHMM}

# EVM prediction: Mode:STANDARD S-ratio: 5.00 64507-65295 orient(-) score(3945.00) noncoding_equivalent(789.00) raw_noncoding(789.00) offset(0.00) 
65295	64507	single-	4	6	{HiQ_model.g2317.t1;HiQ},{GlimmerHMM_glimmerT_2632-T1;GlimmerHMM}

# EVM prediction: Mode:STANDARD S-ratio: 24.96 65592-66956 orient(+) score(5241.00) noncoding_equivalent(210.00) raw_noncoding(210.00) offset(0.00) 
65592	66956	single+	1	3	{GlimmerHMM_glimmerT_2633-T1;GlimmerHMM},{Augustus_model.g2318.t1;Augustus}

# EVM prediction: Mode:STANDARD S-ratio: 2.00 67023-68042 orient(-) score(4080.00) noncoding_equivalent(2034.93) raw_noncoding(2034.93) offset(0.00) 
68042	67023	single-	4	6	{GlimmerHMM_glimmerT_2634-T1;GlimmerHMM},{HiQ_model.g2319.t1;HiQ}

# EVM prediction: Mode:STANDARD S-ratio: 10000.00 68525-70324 orient(+) score(7200.00) noncoding_equivalent(0.72) raw_noncoding(0.00) offset(0.00) 
68525	70324	single+	1	3	{Augustus_model.g2320.t1;Augustus},{GlimmerHMM_glimmerT_2635-T1;GlimmerHMM}

# EVM prediction: Mode:STANDARD S-ratio: 66.21 70550-75036 orient(-) score(17679.00) noncoding_equivalent(267.00) raw_noncoding(282.00) offset(15.00) 
74114	70550	terminal-	6	6	{GlimmerHMM_glimmerT_2636-T1;GlimmerHMM},{Augustus_model.g2321.t1;Augustus}
74185	74115	INTRON			{GlimmerHMM_glimmerT_2636-T1;GlimmerHMM},{Augustus_model.g2321.t1;Augustus}
75036	74186	initial-	4	5	{GlimmerHMM_glimmerT_2636-T1;GlimmerHMM},{Augustus_model.g2321.t1;Augustus}

# EVM prediction: Mode:STANDARD S-ratio: 2.75 75311-78905 orient(-) score(5534.00) noncoding_equivalent(2008.92) raw_noncoding(2693.94) offset(685.02) 
76089	75311	terminal-	5	6	{GlimmerHMM_glimmerT_2637-T1;GlimmerHMM}
76163	76090	INTRON			{GlimmerHMM_glimmerT_2637-T1;GlimmerHMM}
76212	76164	internal-	4	4	{Augustus_model.g2322.t1;Augustus}
77453	76213	INTRON			{Augustus_model.g2322.t1;Augustus}
78905	77454	initial-	4	6	{Augustus_model.g2322.t1;Augustus}

# EVM prediction: Mode:STANDARD S-ratio: 10000.00 79599-80198 orient(+) score(2400.00) noncoding_equivalent(0.24) raw_noncoding(0.00) offset(0.00) 
79599	80198	single+	1	3	{Augustus_model.g2323.t1;Augustus},{GlimmerHMM_glimmerT_2638-T1;GlimmerHMM}

# EVM prediction: Mode:STANDARD S-ratio: 10000.00 80602-81459 orient(+) score(3432.00) noncoding_equivalent(0.34) raw_noncoding(0.00) offset(0.00) 
80602	81459	single+	1	3	{GlimmerHMM_glimmerT_2639-T1;GlimmerHMM},{Augustus_model.g2324.t1;Augustus}

# EVM prediction: Mode:STANDARD S-ratio: 2.00 81754-82848 orient(-) score(4380.00) noncoding_equivalent(2186.03) raw_noncoding(2186.03) offset(0.00) 
82848	81754	single-	4	6	{GlimmerHMM_glimmerT_2640-T1;GlimmerHMM},{HiQ_model.g2325.t1;HiQ}

# EVM prediction: Mode:STANDARD S-ratio: 10000.00 83404-84819 orient(+) score(5664.00) noncoding_equivalent(0.57) raw_noncoding(0.00) offset(0.00) 
83404	84819	single+	1	3	{Augustus_model.g2326.t1;Augustus},{GlimmerHMM_glimmerT_2641-T1;GlimmerHMM}

# EVM prediction: Mode:STANDARD S-ratio: 2.00 85169-85663 orient(-) score(1980.00) noncoding_equivalent(990.00) raw_noncoding(990.00) offset(0.00) 
85663	85169	single-	4	6	{HiQ_model.g2327.t1;HiQ},{GlimmerHMM_glimmerT_2642-T1;GlimmerHMM}

# EVM prediction: Mode:STANDARD S-ratio: 19.83 86327-87076 orient(+) score(2142.00) noncoding_equivalent(108.00) raw_noncoding(108.00) offset(0.00) 
86327	87076	single+	1	3	{GlimmerHMM_glimmerT_2643-T1;GlimmerHMM}

# EVM prediction: Mode:STANDARD S-ratio: 3.04 87530-88402 orient(+) score(2627.00) noncoding_equivalent(865.55) raw_noncoding(865.55) offset(0.00) 
87530	88402	single+	1	3	{Augustus_model.g2329.t1;Augustus},{GlimmerHMM_glimmerT_2644-T1;GlimmerHMM}

# EVM prediction: Mode:STANDARD S-ratio: 10000.00 88923-94598 orient(+) score(22698.00) noncoding_equivalent(2.27) raw_noncoding(0.00) offset(0.00) 
88923	94598	single+	1	3	{GlimmerHMM_glimmerT_2645-T1;GlimmerHMM},{Augustus_model.g2330.t1;Augustus}

# EVM prediction: Mode:STANDARD S-ratio: 1.00 96079-96300 orient(-) score(222.00) noncoding_equivalent(222.00) raw_noncoding(243.00) offset(21.00) 
96275	96079	terminal-	5	6	{snap_scaffold_6-snap.35-T1;snap}
96296	96276	INTRON			{snap_scaffold_6-snap.35-T1;snap}
96300	96297	initial-	4	4	{snap_scaffold_6-snap.35-T1;snap}

# EVM prediction: Mode:STANDARD S-ratio: 1.92 96530-97042 orient(+) score(987.00) noncoding_equivalent(513.00) raw_noncoding(552.00) offset(39.00) 
96530	96537	initial+	1	2	{snap_scaffold_6-snap.36-T1;snap}
96538	96576	INTRON			{snap_scaffold_6-snap.36-T1;snap}
96577	97042	terminal+	3	3	{snap_scaffold_6-snap.36-T1;snap}

# EVM prediction: Mode:STANDARD S-ratio: 13.07 97521-98120 orient(+) score(1671.00) noncoding_equivalent(127.89) raw_noncoding(127.89) offset(0.00) 
97521	98120	single+	1	3	{GlimmerHMM_glimmerT_2647-T1;GlimmerHMM},{Augustus_model.g2331.t1;Augustus}

