# EVM prediction: Mode:STANDARD S-ratio: 10000.00 56175-56972 orient(-) score(1596.00) noncoding_equivalent(0.16) raw_noncoding(0.00) offset(0.00)
56972	56175	single-	4	6	{Augustus_gene576.t1;Augustus}

# EVM prediction: Mode:STANDARD S-ratio: 10000.00 65974-71307 orient(-) score(8868.00) noncoding_equivalent(0.89) raw_noncoding(0.00) offset(0.00)
66100	65974	terminal-	6	6	{Augustus_gene782.t1;Augustus}
66243	66101	INTRON			{Augustus_gene782.t1;Augustus}
66308	66244	internal-	4	5	{Augustus_gene782.t1;Augustus}
66473	66309	INTRON			{Augustus_gene782.t1;Augustus}
66523	66474	internal-	5	6	{Augustus_gene782.t1;Augustus}
66672	66524	INTRON			{Augustus_gene782.t1;Augustus}
66689	66673	internal-	6	4	{Augustus_gene782.t1;Augustus}
66830	66690	INTRON			{Augustus_gene782.t1;Augustus}
66847	66831	internal-	4	5	{Augustus_gene782.t1;Augustus}
66953	66848	INTRON			{Augustus_gene782.t1;Augustus}
66974	66954	internal-	4	6	{Augustus_gene782.t1;Augustus}
67134	66975	INTRON			{Augustus_gene782.t1;Augustus}
67144	67135	internal-	6	6	{Augustus_gene782.t1;Augustus}
67188	67145	INTRON			{Augustus_gene782.t1;Augustus}
67204	67189	internal-	5	5	{Augustus_gene782.t1;Augustus}
68185	67205	INTRON			{Augustus_gene782.t1;Augustus}
68282	68186	internal-	4	4	{Augustus_gene782.t1;Augustus}
68352	68283	INTRON			{Augustus_gene782.t1;Augustus}
68364	68353	internal-	4	6	{Augustus_gene782.t1;Augustus}
68472	68365	INTRON			{Augustus_gene782.t1;Augustus}
68507	68473	internal-	5	6	{Augustus_gene782.t1;Augustus}
68591	68508	INTRON			{Augustus_gene782.t1;Augustus}
68608	68592	internal-	6	4	{Augustus_gene782.t1;Augustus}
69290	68609	INTRON			{Augustus_gene782.t1;Augustus}
69362	69291	internal-	6	5	{Augustus_gene782.t1;Augustus}
69433	69363	INTRON			{Augustus_gene782.t1;Augustus}
69443	69434	internal-	5	5	{Augustus_gene782.t1;Augustus}
69799	69444	INTRON			{Augustus_gene782.t1;Augustus}
69834	69800	internal-	6	4	{Augustus_gene782.t1;Augustus}
69979	69835	INTRON			{Augustus_gene782.t1;Augustus}
70324	69980	internal-	6	5	{Augustus_gene782.t1;Augustus}
70441	70325	INTRON			{Augustus_gene782.t1;Augustus}
70629	70442	internal-	4	5	{Augustus_gene782.t1;Augustus}
70872	70630	INTRON			{Augustus_gene782.t1;Augustus}
71307	70873	initial-	4	6	{Augustus_gene782.t1;Augustus}

# EVM prediction: Mode:STANDARD S-ratio: 10000.00 71622-73514 orient(+) score(3786.00) noncoding_equivalent(0.38) raw_noncoding(0.00) offset(0.00)
71622	73514	single+	1	3	{Augustus_gene794.t1;Augustus}

# EVM prediction: Mode:STANDARD S-ratio: 10000.00 75524-80125 orient(-) score(9204.00) noncoding_equivalent(0.92) raw_noncoding(0.00) offset(0.00)
75565	75524	terminal-	4	6	{Augustus_gene897.t1;Augustus}
75626	75566	INTRON			{Augustus_gene897.t1;Augustus}
75810	75627	internal-	6	6	{Augustus_gene897.t1;Augustus}
76909	75811	INTRON			{Augustus_gene897.t1;Augustus}
76970	76910	internal-	5	5	{Augustus_gene897.t1;Augustus}
77745	76971	INTRON			{Augustus_gene897.t1;Augustus}
79617	77746	internal-	5	4	{Augustus_gene897.t1;Augustus}
80073	79618	INTRON			{Augustus_gene897.t1;Augustus}
80125	80074	initial-	4	4	{Augustus_gene897.t1;Augustus}

# EVM prediction: Mode:STANDARD S-ratio: 10000.00 80207-83260 orient(-) score(6108.00) noncoding_equivalent(0.61) raw_noncoding(0.00) offset(0.00)
83260	80207	single-	4	6	{Augustus_gene60.t1;Augustus}

# EVM prediction: Mode:STANDARD S-ratio: 10000.00 140700-141881 orient(+) score(2364.00) noncoding_equivalent(0.24) raw_noncoding(0.00) offset(0.00)
140700	141881	single+	1	3	{Augustus_gene671.t1;Augustus}

# EVM prediction: Mode:STANDARD S-ratio: 10000.00 150321-151640 orient(+) score(2640.00) noncoding_equivalent(0.26) raw_noncoding(0.00) offset(0.00)
150321	151640	single+	1	3	{Augustus_gene802.t1;Augustus}

# EVM prediction: Mode:STANDARD S-ratio: 10000.00 158355-160337 orient(-) score(3966.00) noncoding_equivalent(0.40) raw_noncoding(0.00) offset(0.00)
160337	158355	single-	4	6	{Augustus_gene185.t1;Augustus}

# EVM prediction: Mode:STANDARD S-ratio: 10000.00 160971-161819 orient(-) score(1698.00) noncoding_equivalent(0.17) raw_noncoding(0.00) offset(0.00)
161819	160971	single-	4	6	{Augustus_gene749.t1;Augustus}

# EVM prediction: Mode:STANDARD S-ratio: 10000.00 164103-165503 orient(+) score(2802.00) noncoding_equivalent(0.28) raw_noncoding(0.00) offset(0.00)
164103	165503	single+	1	3	{Augustus_gene561.t1;Augustus}

# EVM prediction: Mode:STANDARD S-ratio: 10000.00 165825-167906 orient(-) score(4162.00) noncoding_equivalent(0.42) raw_noncoding(0.00) offset(0.00)
167906	165825	single-	4	6	{Augustus_gene293.t1;Augustus}

# EVM prediction: Mode:STANDARD S-ratio: 10000.00 179255-180745 orient(+) score(2982.00) noncoding_equivalent(0.30) raw_noncoding(0.00) offset(0.00)
179255	180745	single+	1	3	{Augustus_gene787.t1;Augustus}

# EVM prediction: Mode:STANDARD S-ratio: 10000.00 181615-182628 orient(+) score(2028.00) noncoding_equivalent(0.20) raw_noncoding(0.00) offset(0.00)
181615	182628	single+	1	3	{Augustus_gene659.t1;Augustus}

# EVM prediction: Mode:STANDARD S-ratio: 10000.00 188128-188880 orient(-) score(1506.00) noncoding_equivalent(0.15) raw_noncoding(0.00) offset(0.00)
188880	188128	single-	4	6	{Augustus_gene304.t1;Augustus}

# EVM prediction: Mode:STANDARD S-ratio: 10000.00 198288-199220 orient(+) score(1866.00) noncoding_equivalent(0.19) raw_noncoding(0.00) offset(0.00)
198288	198293	initial+	1	3	{Augustus_gene791.t1;Augustus}
198294	198341	INTRON			{Augustus_gene791.t1;Augustus}
198342	198377	internal+	1	3	{Augustus_gene791.t1;Augustus}
198378	198494	INTRON			{Augustus_gene791.t1;Augustus}
198495	199220	terminal+	1	3	{Augustus_gene791.t1;Augustus}

# EVM prediction: Mode:STANDARD S-ratio: 10000.00 199504-200526 orient(-) score(2046.00) noncoding_equivalent(0.20) raw_noncoding(0.00) offset(0.00)
200526	199504	single-	4	6	{Augustus_gene471.t1;Augustus}

# EVM prediction: Mode:STANDARD S-ratio: 10000.00 205593-206933 orient(-) score(2682.00) noncoding_equivalent(0.27) raw_noncoding(0.00) offset(0.00)
205601	205593	terminal-	4	6	{Augustus_gene712.t1;Augustus}
205713	205602	INTRON			{Augustus_gene712.t1;Augustus}
205723	205714	internal-	6	6	{Augustus_gene712.t1;Augustus}
206343	205724	INTRON			{Augustus_gene712.t1;Augustus}
206933	206344	initial-	4	5	{Augustus_gene712.t1;Augustus}

# EVM prediction: Mode:STANDARD S-ratio: 10000.00 224097-224348 orient(-) score(504.00) noncoding_equivalent(0.05) raw_noncoding(0.00) offset(0.00)
224348	224097	single-	4	6	{Augustus_gene857.t1;Augustus}

# EVM prediction: Mode:STANDARD S-ratio: 10000.00 234129-236792 orient(-) score(5328.00) noncoding_equivalent(0.53) raw_noncoding(0.00) offset(0.00)
236792	234129	single-	4	6	{Augustus_gene36.t1;Augustus}

# EVM prediction: Mode:STANDARD S-ratio: 10000.00 245745-246395 orient(-) score(1302.00) noncoding_equivalent(0.13) raw_noncoding(0.00) offset(0.00)
246395	245745	single-	4	6	{Augustus_gene512.t1;Augustus}

# EVM prediction: Mode:STANDARD S-ratio: 10000.00 250692-252485 orient(-) score(3586.00) noncoding_equivalent(0.36) raw_noncoding(0.00) offset(0.00)
252485	250692	single-	4	6	{Augustus_gene537.t1;Augustus}

# EVM prediction: Mode:STANDARD S-ratio: 10000.00 259081-259770 orient(-) score(1380.00) noncoding_equivalent(0.14) raw_noncoding(0.00) offset(0.00)
259770	259081	single-	4	6	{Augustus_gene648.t1;Augustus}

# EVM prediction: Mode:STANDARD S-ratio: 10000.00 260318-262105 orient(+) score(3576.00) noncoding_equivalent(0.36) raw_noncoding(0.00) offset(0.00)
260318	262105	single+	1	3	{Augustus_gene350.t1;Augustus}

# EVM prediction: Mode:STANDARD S-ratio: 10000.00 265645-266193 orient(-) score(1098.00) noncoding_equivalent(0.11) raw_noncoding(0.00) offset(0.00)
266193	265645	single-	4	6	{Augustus_gene813.t1;Augustus}

# EVM prediction: Mode:STANDARD S-ratio: 10000.00 266450-267004 orient(+) score(1110.00) noncoding_equivalent(0.11) raw_noncoding(0.00) offset(0.00)
266450	267004	single+	1	3	{Augustus_gene371.t1;Augustus}

# EVM prediction: Mode:STANDARD S-ratio: 10000.00 273399-277834 orient(-) score(8872.00) noncoding_equivalent(0.89) raw_noncoding(0.00) offset(0.00)
274483	273399	terminal-	5	6	{Augustus_gene448.t1;Augustus}
274656	274484	INTRON			{Augustus_gene448.t1;Augustus}
274771	274657	internal-	4	4	{Augustus_gene448.t1;Augustus}
274831	274772	INTRON			{Augustus_gene448.t1;Augustus}
277834	274832	initial-	4	6	{Augustus_gene448.t1;Augustus}

# EVM prediction: Mode:STANDARD S-ratio: 10000.00 282164-282829 orient(+) score(1332.00) noncoding_equivalent(0.13) raw_noncoding(0.00) offset(0.00)
282164	282829	single+	1	3	{Augustus_gene998.t1;Augustus}

# EVM prediction: Mode:STANDARD S-ratio: 10000.00 299357-303019 orient(-) score(7326.00) noncoding_equivalent(0.73) raw_noncoding(0.00) offset(0.00)
303019	299357	single-	4	6	{Augustus_gene866.t1;Augustus}

# EVM prediction: Mode:STANDARD S-ratio: 10000.00 303460-304776 orient(-) score(2634.00) noncoding_equivalent(0.26) raw_noncoding(0.00) offset(0.00)
304776	303460	single-	4	6	{Augustus_gene611.t1;Augustus}

# EVM prediction: Mode:STANDARD S-ratio: 10000.00 318649-320493 orient(+) score(3688.00) noncoding_equivalent(0.37) raw_noncoding(0.00) offset(0.00)
318649	320493	single+	1	3	{Augustus_gene542.t1;Augustus}

# EVM prediction: Mode:STANDARD S-ratio: 10000.00 338822-339865 orient(-) score(2088.00) noncoding_equivalent(0.21) raw_noncoding(0.00) offset(0.00)
339865	338822	single-	4	6	{Augustus_gene902.t1;Augustus}

# EVM prediction: Mode:STANDARD S-ratio: 10000.00 344337-345383 orient(+) score(2094.00) noncoding_equivalent(0.21) raw_noncoding(0.00) offset(0.00)
344337	345383	single+	1	3	{Augustus_gene668.t1;Augustus}

# EVM prediction: Mode:STANDARD S-ratio: 10000.00 346475-348448 orient(-) score(3946.00) noncoding_equivalent(0.39) raw_noncoding(0.00) offset(0.00)
348448	346475	single-	4	6	{Augustus_gene604.t1;Augustus}

# EVM prediction: Mode:STANDARD S-ratio: 10000.00 349533-350666 orient(-) score(2268.00) noncoding_equivalent(0.23) raw_noncoding(0.00) offset(0.00)
350666	349533	single-	4	6	{Augustus_gene230.t1;Augustus}

# EVM prediction: Mode:STANDARD S-ratio: 10000.00 380226-382445 orient(-) score(4440.00) noncoding_equivalent(0.44) raw_noncoding(0.00) offset(0.00)
382445	380226	single-	4	6	{Augustus_gene527.t1;Augustus}

# EVM prediction: Mode:STANDARD S-ratio: 10000.00 383159-385747 orient(+) score(5178.00) noncoding_equivalent(0.52) raw_noncoding(0.00) offset(0.00)
383159	384598	initial+	1	3	{Augustus_gene741.t1;Augustus}
384599	384715	INTRON			{Augustus_gene741.t1;Augustus}
384716	384976	internal+	1	3	{Augustus_gene741.t1;Augustus}
384977	385078	INTRON			{Augustus_gene741.t1;Augustus}
385079	385747	terminal+	1	3	{Augustus_gene741.t1;Augustus}

# EVM prediction: Mode:STANDARD S-ratio: 10000.00 386058-387470 orient(+) score(2826.00) noncoding_equivalent(0.28) raw_noncoding(0.00) offset(0.00)
386058	387470	single+	1	3	{Augustus_gene593.t1;Augustus}

# EVM prediction: Mode:STANDARD S-ratio: 10000.00 401252-403261 orient(-) score(4020.00) noncoding_equivalent(0.40) raw_noncoding(0.00) offset(0.00)
403261	401252	single-	4	6	{Augustus_gene891.t1;Augustus}

# EVM prediction: Mode:STANDARD S-ratio: 10000.00 405177-408008 orient(+) score(5664.00) noncoding_equivalent(0.57) raw_noncoding(0.00) offset(0.00)
405177	408008	single+	1	3	{Augustus_gene376.t1;Augustus}

# EVM prediction: Mode:STANDARD S-ratio: 10000.00 441622-444381 orient(+) score(5520.00) noncoding_equivalent(0.55) raw_noncoding(0.00) offset(0.00)
441622	444381	single+	1	3	{Augustus_gene599.t1;Augustus}

# EVM prediction: Mode:STANDARD S-ratio: 10000.00 472599-475214 orient(-) score(5232.00) noncoding_equivalent(0.52) raw_noncoding(0.00) offset(0.00)
475214	472599	single-	4	6	{Augustus_gene889.t1;Augustus}

# EVM prediction: Mode:STANDARD S-ratio: 10000.00 478484-479386 orient(-) score(1806.00) noncoding_equivalent(0.18) raw_noncoding(0.00) offset(0.00)
479386	478484	single-	4	6	{Augustus_gene724.t1;Augustus}

# EVM prediction: Mode:STANDARD S-ratio: 10000.00 483342-484787 orient(+) score(2890.00) noncoding_equivalent(0.29) raw_noncoding(0.00) offset(0.00)
483342	484787	single+	1	3	{Augustus_gene602.t1;Augustus}

# EVM prediction: Mode:STANDARD S-ratio: 10000.00 501071-501829 orient(+) score(1518.00) noncoding_equivalent(0.15) raw_noncoding(0.00) offset(0.00)
501071	501829	single+	1	3	{Augustus_gene1114.t1;Augustus}

# EVM prediction: Mode:STANDARD S-ratio: 10000.00 519467-520834 orient(-) score(2736.00) noncoding_equivalent(0.27) raw_noncoding(0.00) offset(0.00)
520834	519467	single-	4	6	{Augustus_gene1109.t1;Augustus}

# EVM prediction: Mode:STANDARD S-ratio: 10000.00 521510-523270 orient(+) score(3522.00) noncoding_equivalent(0.35) raw_noncoding(0.00) offset(0.00)
521510	523270	single+	1	3	{Augustus_gene269.t1;Augustus}

# EVM prediction: Mode:STANDARD S-ratio: 10000.00 526628-526972 orient(+) score(690.00) noncoding_equivalent(0.07) raw_noncoding(0.00) offset(0.00)
526628	526972	single+	1	3	{Augustus_gene517.t1;Augustus}

# EVM prediction: Mode:STANDARD S-ratio: 10000.00 528307-530165 orient(-) score(3718.00) noncoding_equivalent(0.37) raw_noncoding(0.00) offset(0.00)
529548	528307	terminal-	4	6	{Augustus_gene786.t1;Augustus}
529982	529549	INTRON			{Augustus_gene786.t1;Augustus}
530165	529983	initial-	4	6	{Augustus_gene786.t1;Augustus}

# EVM prediction: Mode:STANDARD S-ratio: 10000.00 551653-552741 orient(-) score(2178.00) noncoding_equivalent(0.22) raw_noncoding(0.00) offset(0.00)
552741	551653	single-	4	6	{Augustus_gene349.t1;Augustus}

# EVM prediction: Mode:STANDARD S-ratio: 10000.00 584642-586606 orient(+) score(3928.00) noncoding_equivalent(0.39) raw_noncoding(0.00) offset(0.00)
584642	586606	single+	1	3	{Augustus_gene73.t1;Augustus}

# EVM prediction: Mode:STANDARD S-ratio: 10000.00 591187-592083 orient(-) score(1792.00) noncoding_equivalent(0.18) raw_noncoding(0.00) offset(0.00)
592083	591187	single-	4	6	{Augustus_gene721.t1;Augustus}

# EVM prediction: Mode:STANDARD S-ratio: 10000.00 592389-595016 orient(+) score(5254.00) noncoding_equivalent(0.53) raw_noncoding(0.00) offset(0.00)
592389	595016	single+	1	3	{Augustus_gene22.t1;Augustus}

# EVM prediction: Mode:STANDARD S-ratio: 10000.00 601359-601787 orient(-) score(858.00) noncoding_equivalent(0.09) raw_noncoding(0.00) offset(0.00)
601787	601359	single-	4	6	{Augustus_gene91.t1;Augustus}

# EVM prediction: Mode:STANDARD S-ratio: 10000.00 601985-603055 orient(+) score(2142.00) noncoding_equivalent(0.21) raw_noncoding(0.00) offset(0.00)
601985	603055	single+	1	3	{Augustus_gene34.t1;Augustus}

# EVM prediction: Mode:STANDARD S-ratio: 10000.00 603991-608001 orient(-) score(8022.00) noncoding_equivalent(0.80) raw_noncoding(0.00) offset(0.00)
608001	603991	single-	4	6	{Augustus_gene573.t1;Augustus}

# EVM prediction: Mode:STANDARD S-ratio: 10000.00 617978-619576 orient(+) score(3198.00) noncoding_equivalent(0.32) raw_noncoding(0.00) offset(0.00)
617978	619576	single+	1	3	{Augustus_gene3.t1;Augustus}

# EVM prediction: Mode:STANDARD S-ratio: 10000.00 632692-634413 orient(-) score(3444.00) noncoding_equivalent(0.34) raw_noncoding(0.00) offset(0.00)
634413	632692	single-	4	6	{Augustus_gene244.t1;Augustus}

# EVM prediction: Mode:STANDARD S-ratio: 10000.00 637625-639047 orient(-) score(2846.00) noncoding_equivalent(0.28) raw_noncoding(0.00) offset(0.00)
638285	637625	terminal-	6	6	{Augustus_gene1093.t1;Augustus}
638438	638286	INTRON			{Augustus_gene1093.t1;Augustus}
638460	638439	internal-	5	5	{Augustus_gene1093.t1;Augustus}
638899	638461	INTRON			{Augustus_gene1093.t1;Augustus}
639047	638900	initial-	4	4	{Augustus_gene1093.t1;Augustus}

# EVM prediction: Mode:STANDARD S-ratio: 10000.00 649813-650457 orient(+) score(1290.00) noncoding_equivalent(0.13) raw_noncoding(0.00) offset(0.00)
649813	650457	single+	1	3	{Augustus_gene1003.t1;Augustus}

# EVM prediction: Mode:STANDARD S-ratio: 10000.00 653217-656765 orient(-) score(7098.00) noncoding_equivalent(0.71) raw_noncoding(0.00) offset(0.00)
654653	653217	terminal-	4	6	{Augustus_gene143.t1;Augustus}
654707	654654	INTRON			{Augustus_gene143.t1;Augustus}
656765	654708	initial-	4	6	{Augustus_gene143.t1;Augustus}

# EVM prediction: Mode:STANDARD S-ratio: 10000.00 663316-663746 orient(+) score(862.00) noncoding_equivalent(0.09) raw_noncoding(0.00) offset(0.00)
663316	663320	initial+	1	2	{Augustus_gene1044.t1;Augustus}
663321	663418	INTRON			{Augustus_gene1044.t1;Augustus}
663419	663746	terminal+	3	3	{Augustus_gene1044.t1;Augustus}

# EVM prediction: Mode:STANDARD S-ratio: 10000.00 666110-668449 orient(-) score(4680.00) noncoding_equivalent(0.47) raw_noncoding(0.00) offset(0.00)
668449	666110	single-	4	6	{Augustus_gene506.t1;Augustus}

# EVM prediction: Mode:STANDARD S-ratio: 10000.00 686081-686914 orient(-) score(1668.00) noncoding_equivalent(0.17) raw_noncoding(0.00) offset(0.00)
686914	686081	single-	4	6	{Augustus_gene8.t1;Augustus}

# EVM prediction: Mode:STANDARD S-ratio: 10000.00 713108-713809 orient(+) score(1404.00) noncoding_equivalent(0.14) raw_noncoding(0.00) offset(0.00)
713108	713110	initial+	1	3	{Augustus_gene32.t1;Augustus}
713111	713245	INTRON			{Augustus_gene32.t1;Augustus}
713246	713809	terminal+	1	3	{Augustus_gene32.t1;Augustus}

# EVM prediction: Mode:STANDARD S-ratio: 10000.00 738390-740768 orient(-) score(4758.00) noncoding_equivalent(0.48) raw_noncoding(0.00) offset(0.00)
740170	738390	terminal-	5	6	{Augustus_gene558.t1;Augustus}
740284	740171	INTRON			{Augustus_gene558.t1;Augustus}
740293	740285	internal-	5	4	{Augustus_gene558.t1;Augustus}
740347	740294	INTRON			{Augustus_gene558.t1;Augustus}
740768	740348	initial-	4	4	{Augustus_gene558.t1;Augustus}

# EVM prediction: Mode:STANDARD S-ratio: 10000.00 750369-750605 orient(-) score(474.00) noncoding_equivalent(0.05) raw_noncoding(0.00) offset(0.00)
750605	750369	single-	4	6	{Augustus_gene687.t1;Augustus}

# EVM prediction: Mode:STANDARD S-ratio: 10000.00 756842-758737 orient(+) score(3792.00) noncoding_equivalent(0.38) raw_noncoding(0.00) offset(0.00)
756842	758737	single+	1	3	{Augustus_gene418.t1;Augustus}

# EVM prediction: Mode:STANDARD S-ratio: 10000.00 768567-771311 orient(-) score(5490.00) noncoding_equivalent(0.55) raw_noncoding(0.00) offset(0.00)
771311	768567	single-	4	6	{Augustus_gene565.t1;Augustus}

# EVM prediction: Mode:STANDARD S-ratio: 10000.00 774713-775651 orient(+) score(1878.00) noncoding_equivalent(0.19) raw_noncoding(0.00) offset(0.00)
774713	775651	single+	1	3	{Augustus_gene312.t1;Augustus}

# EVM prediction: Mode:STANDARD S-ratio: 10000.00 792724-795309 orient(-) score(5172.00) noncoding_equivalent(0.52) raw_noncoding(0.00) offset(0.00)
795309	792724	single-	4	6	{Augustus_gene474.t1;Augustus}

# EVM prediction: Mode:STANDARD S-ratio: 10000.00 806912-808099 orient(-) score(2376.00) noncoding_equivalent(0.24) raw_noncoding(0.00) offset(0.00)
808099	806912	single-	4	6	{Augustus_gene401.t1;Augustus}

# EVM prediction: Mode:STANDARD S-ratio: 10000.00 813131-814579 orient(+) score(2898.00) noncoding_equivalent(0.29) raw_noncoding(0.00) offset(0.00)
813131	814579	single+	1	3	{Augustus_gene995.t1;Augustus}

# EVM prediction: Mode:STANDARD S-ratio: 10000.00 816202-817947 orient(-) score(3490.00) noncoding_equivalent(0.35) raw_noncoding(0.00) offset(0.00)
817947	816202	single-	4	6	{Augustus_gene447.t1;Augustus}

# EVM prediction: Mode:STANDARD S-ratio: 10000.00 835068-836205 orient(-) score(2276.00) noncoding_equivalent(0.23) raw_noncoding(0.00) offset(0.00)
835667	835068	terminal-	4	6	{Augustus_gene18.t1;Augustus}
836142	835668	INTRON			{Augustus_gene18.t1;Augustus}
836205	836143	initial-	4	6	{Augustus_gene18.t1;Augustus}

# EVM prediction: Mode:STANDARD S-ratio: 10000.00 847077-848123 orient(-) score(2094.00) noncoding_equivalent(0.21) raw_noncoding(0.00) offset(0.00)
848123	847077	single-	4	6	{Augustus_gene1015.t1;Augustus}

# EVM prediction: Mode:STANDARD S-ratio: 10000.00 849056-850521 orient(-) score(2932.00) noncoding_equivalent(0.29) raw_noncoding(0.00) offset(0.00)
849064	849056	terminal-	4	6	{Augustus_gene252.t1;Augustus}
849105	849065	INTRON			{Augustus_gene252.t1;Augustus}
850521	849106	initial-	4	6	{Augustus_gene252.t1;Augustus}

# EVM prediction: Mode:STANDARD S-ratio: 10000.00 858550-861897 orient(+) score(6694.00) noncoding_equivalent(0.67) raw_noncoding(0.00) offset(0.00)
858550	861897	single+	1	3	{Augustus_gene951.t1;Augustus}

# EVM prediction: Mode:STANDARD S-ratio: 10000.00 862111-866109 orient(-) score(7998.00) noncoding_equivalent(0.80) raw_noncoding(0.00) offset(0.00)
866109	862111	single-	4	6	{Augustus_gene1083.t1;Augustus}

# EVM prediction: Mode:STANDARD S-ratio: 10000.00 866927-869566 orient(+) score(5280.00) noncoding_equivalent(0.53) raw_noncoding(0.00) offset(0.00)
866927	869566	single+	1	3	{Augustus_gene880.t1;Augustus}

# EVM prediction: Mode:STANDARD S-ratio: 10000.00 895816-897840 orient(-) score(4050.00) noncoding_equivalent(0.41) raw_noncoding(0.00) offset(0.00)
897840	895816	single-	4	6	{Augustus_gene311.t1;Augustus}

# EVM prediction: Mode:STANDARD S-ratio: 10000.00 907874-910693 orient(-) score(5640.00) noncoding_equivalent(0.56) raw_noncoding(0.00) offset(0.00)
910693	907874	single-	4	6	{Augustus_gene77.t1;Augustus}

# EVM prediction: Mode:STANDARD S-ratio: 10000.00 911095-914439 orient(+) score(6690.00) noncoding_equivalent(0.67) raw_noncoding(0.00) offset(0.00)
911095	914439	single+	1	3	{Augustus_gene361.t1;Augustus}

# EVM prediction: Mode:STANDARD S-ratio: 10000.00 922541-924277 orient(+) score(3474.00) noncoding_equivalent(0.35) raw_noncoding(0.00) offset(0.00)
922541	924277	single+	1	3	{Augustus_gene778.t1;Augustus}

# EVM prediction: Mode:STANDARD S-ratio: 10000.00 924479-925669 orient(-) score(2382.00) noncoding_equivalent(0.24) raw_noncoding(0.00) offset(0.00)
925669	924479	single-	4	6	{Augustus_gene581.t1;Augustus}

# EVM prediction: Mode:STANDARD S-ratio: 10000.00 931987-933081 orient(+) score(2190.00) noncoding_equivalent(0.22) raw_noncoding(0.00) offset(0.00)
931987	933081	single+	1	3	{Augustus_gene916.t1;Augustus}

# EVM prediction: Mode:STANDARD S-ratio: 10000.00 954191-956110 orient(+) score(3838.00) noncoding_equivalent(0.38) raw_noncoding(0.00) offset(0.00)
954191	956110	single+	1	3	{Augustus_gene882.t1;Augustus}

# EVM prediction: Mode:STANDARD S-ratio: 10000.00 956821-962404 orient(+) score(11166.00) noncoding_equivalent(1.12) raw_noncoding(0.00) offset(0.00)
956821	956941	initial+	1	1	{Augustus_gene524.t1;Augustus}
956942	956998	INTRON			{Augustus_gene524.t1;Augustus}
956999	962296	internal+	2	1	{Augustus_gene524.t1;Augustus}
962297	962378	INTRON			{Augustus_gene524.t1;Augustus}
962379	962404	terminal+	2	3	{Augustus_gene524.t1;Augustus}

# EVM prediction: Mode:STANDARD S-ratio: 10000.00 969789-970406 orient(+) score(1236.00) noncoding_equivalent(0.12) raw_noncoding(0.00) offset(0.00)
969789	970406	single+	1	3	{Augustus_gene485.t1;Augustus}

# EVM prediction: Mode:STANDARD S-ratio: 10000.00 977873-978832 orient(+) score(1920.00) noncoding_equivalent(0.19) raw_noncoding(0.00) offset(0.00)
977873	978832	single+	1	3	{Augustus_gene245.t1;Augustus}

# EVM prediction: Mode:STANDARD S-ratio: 10000.00 990313-991350 orient(-) score(2076.00) noncoding_equivalent(0.21) raw_noncoding(0.00) offset(0.00)
991350	990313	single-	4	6	{Augustus_gene316.t1;Augustus}

# EVM prediction: Mode:STANDARD S-ratio: 10000.00 1002700-1004802 orient(-) score(4206.00) noncoding_equivalent(0.42) raw_noncoding(0.00) offset(0.00)
1004802	1002700	single-	4	6	{Augustus_gene292.t1;Augustus}

# EVM prediction: Mode:STANDARD S-ratio: 10000.00 1021116-1022300 orient(+) score(2370.00) noncoding_equivalent(0.24) raw_noncoding(0.00) offset(0.00)
1021116	1022300	single+	1	3	{Augustus_gene296.t1;Augustus}

