# EVM prediction: Mode:STANDARD S-ratio: 1108.85 4325-5455 orient(+) score(5624.00) noncoding_equivalent(5.07) raw_noncoding(5.07) offset(0.00)
4325	5455	single+	1	3	{GlimmerHMM_glimmerT_4548-T1;GlimmerHMM},{Augustus_model.g4198.t1;Augustus}

# EVM prediction: Mode:STANDARD S-ratio: 2.00 6695-7879 orient(-) score(4740.00) noncoding_equivalent(2370.00) raw_noncoding(2370.00) offset(0.00)
7879	6695	single-	4	6	{GlimmerHMM_glimmerT_4549-T1;GlimmerHMM},{HiQ_model.g4199.t1;HiQ}

# EVM prediction: Mode:STANDARD S-ratio: 10000.00 8442-9401 orient(+) score(3840.00) noncoding_equivalent(0.38) raw_noncoding(0.00) offset(0.00)
8442	9401	single+	1	3	{GlimmerHMM_glimmerT_4550-T1;GlimmerHMM},{Augustus_model.g4200.t1;Augustus}

# EVM prediction: Mode:STANDARD S-ratio: 2.99 9529-10143 orient(-) score(2766.00) noncoding_equivalent(925.29) raw_noncoding(925.29) offset(0.00)
10143	9529	single-	4	6	{HiQ_model.g4201.t1;HiQ}

# EVM prediction: Mode:STANDARD S-ratio: 4.68 10670-11584 orient(-) score(4524.00) noncoding_equivalent(966.00) raw_noncoding(966.00) offset(0.00)
11584	10670	single-	4	6	{HiQ_model.g4202.t1;HiQ},{GlimmerHMM_glimmerT_4552-T1;GlimmerHMM}

# EVM prediction: Mode:STANDARD S-ratio: 4.98 13323-21206 orient(-) score(39393.00) noncoding_equivalent(7911.00) raw_noncoding(7911.00) offset(0.00)
21206	13323	single-	4	6	{HiQ_model.g4203.t1;HiQ},{GlimmerHMM_glimmerT_4553-T1;GlimmerHMM}

# EVM prediction: Mode:STANDARD S-ratio: 25.85 22222-23409 orient(+) score(4575.00) noncoding_equivalent(177.00) raw_noncoding(177.00) offset(0.00)
22222	23409	single+	1	3	{Augustus_model.g4204.t1;Augustus},{GlimmerHMM_glimmerT_4554-T1;GlimmerHMM}

# EVM prediction: Mode:STANDARD S-ratio: 3.19 23842-25938 orient(+) score(6291.00) noncoding_equivalent(1969.90) raw_noncoding(1969.90) offset(0.00)
23842	25938	single+	1	3	{Augustus_model.g4205.t1;Augustus},{GlimmerHMM_glimmerT_4555-T1;GlimmerHMM}

# EVM prediction: Mode:STANDARD S-ratio: 4.99 26454-29114 orient(-) score(13299.00) noncoding_equivalent(2667.05) raw_noncoding(2667.05) offset(0.00)
29114	26454	single-	4	6	{HiQ_model.g4206.t1;HiQ},{GlimmerHMM_glimmerT_4556-T1;GlimmerHMM}

# EVM prediction: Mode:STANDARD S-ratio: 4.93 29443-32580 orient(-) score(15651.00) noncoding_equivalent(3175.11) raw_noncoding(3175.11) offset(0.00)
32580	29443	single-	4	6	{GlimmerHMM_glimmerT_4557-T1;GlimmerHMM},{HiQ_model.g4207.t1;HiQ}

# EVM prediction: Mode:STANDARD S-ratio: 4.93 33196-34386 orient(-) score(5940.00) noncoding_equivalent(1206.04) raw_noncoding(1206.04) offset(0.00)
34386	33196	single-	4	6	{HiQ_model.g4208.t1;HiQ},{GlimmerHMM_glimmerT_4558-T1;GlimmerHMM}

# EVM prediction: Mode:STANDARD S-ratio: 4.33 35454-36369 orient(-) score(3380.00) noncoding_equivalent(781.06) raw_noncoding(1169.48) offset(388.42)
35969	35454	terminal-	4	6	{GlimmerHMM_glimmerT_4559-T1;GlimmerHMM},{Augustus_model.g4209.t1;Augustus},{snap_scaffold_18-snap.9-T1;snap}
36354	35970	INTRON			{Augustus_model.g4209.t1;Augustus},{snap_scaffold_18-snap.9-T1;snap}
36369	36355	initial-	4	6	{Augustus_model.g4209.t1;Augustus},{snap_scaffold_18-snap.9-T1;snap}

# EVM prediction: Mode:STANDARD S-ratio: 196.71 37332-38369 orient(+) score(4131.00) noncoding_equivalent(21.00) raw_noncoding(21.00) offset(0.00)
37332	38369	single+	1	3	{Augustus_model.g4210.t1;Augustus},{GlimmerHMM_glimmerT_4560-T1;GlimmerHMM}

# EVM prediction: Mode:STANDARD S-ratio: 4.07 38711-40012 orient(-) score(6270.00) noncoding_equivalent(1542.00) raw_noncoding(1542.00) offset(0.00)
40012	38711	single-	4	6	{HiQ_model.g4211.t1;HiQ},{GlimmerHMM_glimmerT_4561-T1;GlimmerHMM}

# EVM prediction: Mode:STANDARD S-ratio: 3.57 40389-41037 orient(-) score(2980.00) noncoding_equivalent(834.00) raw_noncoding(975.00) offset(141.00)
40571	40389	terminal-	4	6	{snap_scaffold_18-snap.12-T1;snap},{HiQ_model.g4212.t1;HiQ}
40653	40572	INTRON			{snap_scaffold_18-snap.12-T1;snap},{HiQ_model.g4212.t1;HiQ},{ev_type:exonerate/ID=match.147026.6120/Target=YLR445W;exonerate}
41037	40654	initial-	4	6	{snap_scaffold_18-snap.12-T1;snap},{HiQ_model.g4212.t1;HiQ}

# EVM prediction: Mode:STANDARD S-ratio: 4.19 41255-42601 orient(-) score(6525.00) noncoding_equivalent(1557.00) raw_noncoding(1557.00) offset(0.00)
42601	41255	single-	4	6	{HiQ_model.g4213.t1;HiQ}

# EVM prediction: Mode:STANDARD S-ratio: 129.08 42975-45911 orient(+) score(11658.00) noncoding_equivalent(90.31) raw_noncoding(90.31) offset(0.00)
42975	45911	single+	1	3	{GlimmerHMM_glimmerT_4564-T1;GlimmerHMM}

# EVM prediction: Mode:STANDARD S-ratio: 219.40 46318-47085 orient(+) score(3821.00) noncoding_equivalent(17.42) raw_noncoding(17.42) offset(0.00)
46318	47085	single+	1	3	{GlimmerHMM_glimmerT_4565-T1;GlimmerHMM}

# EVM prediction: Mode:STANDARD S-ratio: 174.00 47529-49658 orient(+) score(8472.00) noncoding_equivalent(48.69) raw_noncoding(48.69) offset(0.00)
47529	49658	single+	1	3	{GlimmerHMM_glimmerT_4566-T1;GlimmerHMM},{Augustus_model.g4215.t1;Augustus}

# EVM prediction: Mode:STANDARD S-ratio: 4.63 49778-50737 orient(-) score(4737.00) noncoding_equivalent(1023.00) raw_noncoding(1023.00) offset(0.00)
50737	49778	single-	4	6	{GlimmerHMM_glimmerT_4567-T1;GlimmerHMM},{HiQ_model.g4216.t1;HiQ}

# EVM prediction: Mode:STANDARD S-ratio: 1.00 51052-51321 orient(+) score(540.00) noncoding_equivalent(540.00) raw_noncoding(540.00) offset(0.00)
51052	51321	single+	1	3	{GlimmerHMM_glimmerT_4568-T1;GlimmerHMM}

# EVM prediction: Mode:STANDARD S-ratio: 4.92 51455-52729 orient(-) score(6358.00) noncoding_equivalent(1292.35) raw_noncoding(1292.35) offset(0.00)
52729	51455	single-	4	6	{HiQ_model.g4217.t1;HiQ},{GlimmerHMM_glimmerT_4569-T1;GlimmerHMM}

# EVM prediction: Mode:STANDARD S-ratio: 56.85 53214-53609 orient(+) score(1557.00) noncoding_equivalent(27.39) raw_noncoding(27.39) offset(0.00)
53214	53609	single+	1	3	{Augustus_model.g4218.t1;Augustus},{GlimmerHMM_glimmerT_4570-T1;GlimmerHMM}

# EVM prediction: Mode:STANDARD S-ratio: 203.00 53986-57810 orient(+) score(15225.00) noncoding_equivalent(75.00) raw_noncoding(75.00) offset(0.00)
53986	57810	single+	1	3	{GlimmerHMM_glimmerT_4571-T1;GlimmerHMM},{Augustus_model.g4219.t1;Augustus}

# EVM prediction: Mode:STANDARD S-ratio: 4.09 58236-58961 orient(-) score(3414.00) noncoding_equivalent(834.00) raw_noncoding(834.00) offset(0.00)
58961	58236	single-	4	6	{HiQ_model.g4220.t1;HiQ}

# EVM prediction: Mode:STANDARD S-ratio: 245.22 59224-60885 orient(+) score(6621.00) noncoding_equivalent(27.00) raw_noncoding(27.00) offset(0.00)
59224	60885	single+	1	3	{Augustus_model.g4221.t1;Augustus},{GlimmerHMM_glimmerT_4573-T1;GlimmerHMM}

# EVM prediction: Mode:STANDARD S-ratio: 7.84 61104-62675 orient(-) score(12629.00) noncoding_equivalent(1611.00) raw_noncoding(1611.00) offset(0.00)
62675	61104	single-	4	6	{HiQ_model.g4222.t1;HiQ},{GlimmerHMM_glimmerT_4574-T1;GlimmerHMM}

# EVM prediction: Mode:STANDARD S-ratio: 3.94 63526-64887 orient(+) score(4086.00) noncoding_equivalent(1037.34) raw_noncoding(1037.34) offset(0.00)
63526	64887	single+	1	3	{GlimmerHMM_glimmerT_4575-T1;GlimmerHMM},{Augustus_model.g4223.t1;Augustus}

# EVM prediction: Mode:STANDARD S-ratio: 428.72 65093-71794 orient(-) score(26746.00) noncoding_equivalent(62.39) raw_noncoding(62.39) offset(0.00)
71794	65093	single-	4	6	{Augustus_model.g4224.t1;Augustus},{GlimmerHMM_glimmerT_4576-T1;GlimmerHMM}

# EVM prediction: Mode:STANDARD S-ratio: 5.00 72496-74451 orient(-) score(9780.00) noncoding_equivalent(1956.00) raw_noncoding(1956.00) offset(0.00)
74451	72496	single-	4	6	{HiQ_model.g4225.t1;HiQ},{GlimmerHMM_glimmerT_4577-T1;GlimmerHMM}

# EVM prediction: Mode:STANDARD S-ratio: 4.94 74788-76800 orient(-) score(10045.00) noncoding_equivalent(2033.03) raw_noncoding(2033.03) offset(0.00)
76800	74788	single-	4	6	{HiQ_model.g4226.t1;HiQ}

# EVM prediction: Mode:STANDARD S-ratio: 2.86 77115-78166 orient(-) score(4524.00) noncoding_equivalent(1580.66) raw_noncoding(1788.70) offset(208.04)
78015	77115	terminal-	6	6	{HiQ_model.g4227.t1;HiQ}
78086	78016	INTRON			{HiQ_model.g4227.t1;HiQ},{ev_type:exonerate/ID=match.147026.1355/Target=YLR426W;exonerate}
78166	78087	initial-	4	5	{HiQ_model.g4227.t1;HiQ}

# EVM prediction: Mode:STANDARD S-ratio: 4.89 78411-82334 orient(-) score(19549.00) noncoding_equivalent(3995.21) raw_noncoding(3995.21) offset(0.00)
82334	78411	single-	4	6	{GlimmerHMM_glimmerT_4580-T1;GlimmerHMM},{HiQ_model.g4228.t1;HiQ}

# EVM prediction: Mode:STANDARD S-ratio: 4.52 84794-86920 orient(-) score(10452.00) noncoding_equivalent(2310.00) raw_noncoding(2310.00) offset(0.00)
86920	84794	single-	4	6	{HiQ_model.g4229.t1;HiQ},{GlimmerHMM_glimmerT_4581-T1;GlimmerHMM}

# EVM prediction: Mode:STANDARD S-ratio: 333.40 87145-88398 orient(+) score(5001.00) noncoding_equivalent(15.00) raw_noncoding(15.00) offset(0.00)
87145	88398	single+	1	3	{GlimmerHMM_glimmerT_4582-T1;GlimmerHMM},{Augustus_model.g4230.t1;Augustus}

# EVM prediction: Mode:STANDARD S-ratio: 4.94 88620-94418 orient(-) score(28941.00) noncoding_equivalent(5853.00) raw_noncoding(5853.00) offset(0.00)
94418	88620	single-	4	6	{GlimmerHMM_glimmerT_4583-T1;GlimmerHMM},{HiQ_model.g4231.t1;HiQ}

# EVM prediction: Mode:STANDARD S-ratio: 3.00 94761-95225 orient(+) score(1395.00) noncoding_equivalent(465.00) raw_noncoding(465.00) offset(0.00)
94761	95225	single+	1	3	{Augustus_model.g4232.t1;Augustus}

# EVM prediction: Mode:STANDARD S-ratio: 4.88 95436-96530 orient(-) score(5454.00) noncoding_equivalent(1117.17) raw_noncoding(1117.17) offset(0.00)
96530	95436	single-	4	6	{HiQ_model.g4233.t1;HiQ},{GlimmerHMM_glimmerT_4585-T1;GlimmerHMM}

# EVM prediction: Mode:STANDARD S-ratio: 126.64 97885-102192 orient(-) score(17097.00) noncoding_equivalent(135.00) raw_noncoding(135.00) offset(0.00)
102192	97885	single-	4	6	{GlimmerHMM_glimmerT_4586-T1;GlimmerHMM},{Augustus_model.g4234.t1;Augustus}

# EVM prediction: Mode:STANDARD S-ratio: 87.11 102525-103706 orient(+) score(4675.00) noncoding_equivalent(53.67) raw_noncoding(53.67) offset(0.00)
102525	103706	single+	1	3	{Augustus_model.g4235.t1;Augustus},{GlimmerHMM_glimmerT_4587-T1;GlimmerHMM}

# EVM prediction: Mode:STANDARD S-ratio: 4.84 103910-105610 orient(-) score(8458.00) noncoding_equivalent(1748.91) raw_noncoding(1748.91) offset(0.00)
105610	103910	single-	4	6	{HiQ_model.g4236.t1;HiQ},{GlimmerHMM_glimmerT_4588-T1;GlimmerHMM}

# EVM prediction: Mode:STANDARD S-ratio: 3.00 106617-107267 orient(+) score(1953.00) noncoding_equivalent(651.00) raw_noncoding(651.00) offset(0.00)
106617	107267	single+	1	3	{Augustus_model.g4237.t1;Augustus}

# EVM prediction: Mode:STANDARD S-ratio: 4.18 107437-109464 orient(-) score(9818.00) noncoding_equivalent(2350.57) raw_noncoding(2350.57) offset(0.00)
109464	107437	single-	4	6	{HiQ_model.g4238.t1;HiQ}

# EVM prediction: Mode:STANDARD S-ratio: 4.95 111429-112253 orient(-) score(4118.00) noncoding_equivalent(832.05) raw_noncoding(832.05) offset(0.00)
112253	111429	single-	4	6	{HiQ_model.g4239.t1;HiQ},{GlimmerHMM_glimmerT_4591-T1;GlimmerHMM}

# EVM prediction: Mode:STANDARD S-ratio: 4.64 112644-113363 orient(-) score(3555.00) noncoding_equivalent(765.48) raw_noncoding(765.48) offset(0.00)
113363	112644	single-	4	6	{HiQ_model.g4240.t1;HiQ}

# EVM prediction: Mode:STANDARD S-ratio: 4.92 113676-117116 orient(-) score(17157.00) noncoding_equivalent(3489.00) raw_noncoding(3489.00) offset(0.00)
117116	113676	single-	4	6	{HiQ_model.g4241.t1;HiQ},{GlimmerHMM_glimmerT_4593-T1;GlimmerHMM}

# EVM prediction: Mode:STANDARD S-ratio: 2793.37 117424-120243 orient(+) score(11276.00) noncoding_equivalent(4.04) raw_noncoding(4.04) offset(0.00)
117424	120243	single+	1	3	{GlimmerHMM_glimmerT_4594-T1;GlimmerHMM},{Augustus_model.g4242.t1;Augustus}

# EVM prediction: Mode:STANDARD S-ratio: 2.89 120449-120772 orient(+) score(961.00) noncoding_equivalent(333.08) raw_noncoding(333.08) offset(0.00)
120449	120772	single+	1	3	{GlimmerHMM_glimmerT_4595-T1;GlimmerHMM}

# EVM prediction: Mode:STANDARD S-ratio: 4.97 121003-121689 orient(-) score(3414.00) noncoding_equivalent(687.00) raw_noncoding(687.00) offset(0.00)
121689	121003	single-	4	6	{GlimmerHMM_glimmerT_4596-T1;GlimmerHMM},{HiQ_model.g4243.t1;HiQ}

# EVM prediction: Mode:STANDARD S-ratio: 3.32 122885-123575 orient(+) score(3455.00) noncoding_equivalent(1041.00) raw_noncoding(1047.00) offset(6.00)
122885	122941	initial+	1	3	{GlimmerHMM_glimmerT_4597-T1;GlimmerHMM},{snap_scaffold_18-snap.40-T1;snap},{Augustus_model.g4244.t1;Augustus}
122942	123290	INTRON			{GlimmerHMM_glimmerT_4597-T1;GlimmerHMM},{snap_scaffold_18-snap.40-T1;snap},{Augustus_model.g4244.t1;Augustus},{ev_type:exonerate/ID=match.147026.5137/Target=YLR406C;exonerate},{ev_type:exonerate/ID=match.147026.2942/Target=YDL075W;exonerate}
123291	123575	terminal+	1	3	{GlimmerHMM_glimmerT_4597-T1;GlimmerHMM},{snap_scaffold_18-snap.40-T1;snap},{Augustus_model.g4244.t1;Augustus}

# EVM prediction: Mode:STANDARD S-ratio: 4.95 123748-124851 orient(-) score(5511.00) noncoding_equivalent(1113.00) raw_noncoding(1113.00) offset(0.00)
124851	123748	single-	4	6	{HiQ_model.g4245.t1;HiQ}

# EVM prediction: Mode:STANDARD S-ratio: 3.97 125040-125897 orient(-) score(4112.00) noncoding_equivalent(1037.03) raw_noncoding(1037.03) offset(0.00)
125897	125040	single-	4	6	{GlimmerHMM_glimmerT_4599-T1;GlimmerHMM},{HiQ_model.g4246.t1;HiQ}

# EVM prediction: Mode:STANDARD S-ratio: 4.85 127021-129072 orient(-) score(10209.00) noncoding_equivalent(2103.00) raw_noncoding(2103.00) offset(0.00)
129072	127021	single-	4	6	{HiQ_model.g4247.t1;HiQ}

# EVM prediction: Mode:STANDARD S-ratio: 154.82 130192-132198 orient(+) score(7977.00) noncoding_equivalent(51.52) raw_noncoding(51.52) offset(0.00)
130192	132198	single+	1	3	{Augustus_model.g4248.t1;Augustus},{GlimmerHMM_glimmerT_4601-T1;GlimmerHMM}

# EVM prediction: Mode:STANDARD S-ratio: 585.85 133044-135104 orient(+) score(8230.00) noncoding_equivalent(14.05) raw_noncoding(14.05) offset(0.00)
133044	135104	single+	1	3	{GlimmerHMM_glimmerT_4602-T1;GlimmerHMM},{Augustus_model.g4249.t1;Augustus}

# EVM prediction: Mode:STANDARD S-ratio: 289.59 135621-139484 orient(+) score(15401.00) noncoding_equivalent(53.18) raw_noncoding(53.18) offset(0.00)
135621	139484	single+	1	3	{Augustus_model.g4250.t1;Augustus},{GlimmerHMM_glimmerT_4603-T1;GlimmerHMM}

# EVM prediction: Mode:STANDARD S-ratio: 2323.34 139746-142088 orient(+) score(9368.00) noncoding_equivalent(4.03) raw_noncoding(4.03) offset(0.00)
139746	142088	single+	1	3	{Augustus_model.g4251.t1;Augustus},{GlimmerHMM_glimmerT_4604-T1;GlimmerHMM}

# EVM prediction: Mode:STANDARD S-ratio: 1371.65 142328-144403 orient(+) score(8296.00) noncoding_equivalent(6.05) raw_noncoding(6.05) offset(0.00)
142328	144403	single+	1	3	{Augustus_model.g4252.t1;Augustus},{GlimmerHMM_glimmerT_4605-T1;GlimmerHMM}

# EVM prediction: Mode:STANDARD S-ratio: 1.00 144673-144909 orient(+) score(474.00) noncoding_equivalent(474.00) raw_noncoding(474.00) offset(0.00)
144673	144909	single+	1	3	{GlimmerHMM_glimmerT_4606-T1;GlimmerHMM}

# EVM prediction: Mode:STANDARD S-ratio: 4.13 145240-146688 orient(-) score(6995.00) noncoding_equivalent(1695.00) raw_noncoding(1695.00) offset(0.00)
146688	145240	single-	4	6	{HiQ_model.g4253.t1;HiQ}

# EVM prediction: Mode:STANDARD S-ratio: 4.27 146720-147559 orient(-) score(4083.00) noncoding_equivalent(956.25) raw_noncoding(956.25) offset(0.00)
147559	146720	single-	4	6	{HiQ_model.g4254.t1;HiQ}

# EVM prediction: Mode:STANDARD S-ratio: 1239.80 148333-149889 orient(+) score(6223.00) noncoding_equivalent(5.02) raw_noncoding(5.02) offset(0.00)
148333	149889	single+	1	3	{GlimmerHMM_glimmerT_4610-T1;GlimmerHMM},{Augustus_model.g4255.t1;Augustus}

# EVM prediction: Mode:STANDARD S-ratio: 2.50 150198-150914 orient(-) score(2868.00) noncoding_equivalent(1145.79) raw_noncoding(1145.79) offset(0.00)
150914	150198	single-	4	6	{GlimmerHMM_glimmerT_4611-T1;GlimmerHMM},{HiQ_model.g4256.t1;HiQ}

# EVM prediction: Mode:STANDARD S-ratio: 5.00 151234-151572 orient(-) score(1695.00) noncoding_equivalent(339.00) raw_noncoding(339.00) offset(0.00)
151572	151234	single-	4	6	{HiQ_model.g4257.t1;HiQ},{GlimmerHMM_glimmerT_4612-T1;GlimmerHMM}

# EVM prediction: Mode:STANDARD S-ratio: 10000.00 152134-155061 orient(+) score(11708.00) noncoding_equivalent(1.17) raw_noncoding(0.00) offset(0.00)
152134	155061	single+	1	3	{GlimmerHMM_glimmerT_4613-T1;GlimmerHMM},{Augustus_model.g4258.t1;Augustus}

# EVM prediction: Mode:STANDARD S-ratio: 71.17 156965-158263 orient(+) score(5124.00) noncoding_equivalent(72.00) raw_noncoding(72.00) offset(0.00)
156965	158263	single+	1	3	{GlimmerHMM_glimmerT_4614-T1;GlimmerHMM}

# EVM prediction: Mode:STANDARD S-ratio: 4.87 158367-161009 orient(-) score(13155.00) noncoding_equivalent(2703.00) raw_noncoding(2703.00) offset(0.00)
161009	158367	single-	4	6	{HiQ_model.g4260.t1;HiQ},{GlimmerHMM_glimmerT_4615-T1;GlimmerHMM}

# EVM prediction: Mode:STANDARD S-ratio: 3.00 161247-161645 orient(+) score(1197.00) noncoding_equivalent(399.00) raw_noncoding(399.00) offset(0.00)
161247	161645	single+	1	3	{Augustus_model.g4261.t1;Augustus},{GlimmerHMM_glimmerT_4616-T1;GlimmerHMM}

# EVM prediction: Mode:STANDARD S-ratio: 784.14 161789-165787 orient(+) score(15976.00) noncoding_equivalent(20.37) raw_noncoding(20.37) offset(0.00)
161789	165787	single+	1	3	{Augustus_model.g4262.t1;Augustus}

# EVM prediction: Mode:STANDARD S-ratio: 4.77 166006-169350 orient(-) score(16593.00) noncoding_equivalent(3477.00) raw_noncoding(3477.00) offset(0.00)
169350	166006	single-	4	6	{HiQ_model.g4263.t1;HiQ}

# EVM prediction: Mode:STANDARD S-ratio: 36.42 169886-172570 orient(+) score(10453.00) noncoding_equivalent(287.00) raw_noncoding(287.00) offset(0.00)
169886	172570	single+	1	3	{GlimmerHMM_glimmerT_4619-T1;GlimmerHMM}

# EVM prediction: Mode:STANDARD S-ratio: 4.94 172717-174918 orient(-) score(10988.00) noncoding_equivalent(2224.52) raw_noncoding(2224.52) offset(0.00)
174918	172717	single-	4	6	{HiQ_model.g4265.t1;HiQ},{GlimmerHMM_glimmerT_4620-T1;GlimmerHMM}

# EVM prediction: Mode:STANDARD S-ratio: 5.00 175132-176358 orient(-) score(6135.00) noncoding_equivalent(1227.00) raw_noncoding(1227.00) offset(0.00)
176358	175132	single-	4	6	{HiQ_model.g4266.t1;HiQ},{GlimmerHMM_glimmerT_4621-T1;GlimmerHMM}

# EVM prediction: Mode:STANDARD S-ratio: 1.58 176764-177165 orient(-) score(738.00) noncoding_equivalent(468.14) raw_noncoding(468.14) offset(0.00)
177165	176764	single-	4	6	{GlimmerHMM_glimmerT_4622-T1;GlimmerHMM}

# EVM prediction: Mode:STANDARD S-ratio: 120.91 177432-178874 orient(+) score(5725.00) noncoding_equivalent(47.35) raw_noncoding(47.35) offset(0.00)
177432	178874	single+	1	3	{GlimmerHMM_glimmerT_4623-T1;GlimmerHMM},{Augustus_model.g4267.t1;Augustus}

# EVM prediction: Mode:STANDARD S-ratio: 517.86 180164-181210 orient(+) score(4180.00) noncoding_equivalent(8.07) raw_noncoding(8.07) offset(0.00)
180164	181210	single+	1	3	{GlimmerHMM_glimmerT_4624-T1;GlimmerHMM}

# EVM prediction: Mode:STANDARD S-ratio: 28.24 181404-182132 orient(+) score(2815.00) noncoding_equivalent(99.67) raw_noncoding(99.67) offset(0.00)
181404	182132	single+	1	3	{GlimmerHMM_glimmerT_4625-T1;GlimmerHMM}

# EVM prediction: Mode:STANDARD S-ratio: 4.83 182231-183262 orient(-) score(5131.00) noncoding_equivalent(1061.77) raw_noncoding(1061.77) offset(0.00)
183262	182231	single-	4	6	{GlimmerHMM_glimmerT_4626-T1;GlimmerHMM},{HiQ_model.g4269.t1;HiQ}

# EVM prediction: Mode:STANDARD S-ratio: 33.29 183601-186297 orient(+) score(10474.00) noncoding_equivalent(314.62) raw_noncoding(314.62) offset(0.00)
183601	186297	single+	1	3	{GlimmerHMM_glimmerT_4627-T1;GlimmerHMM}

# EVM prediction: Mode:STANDARD S-ratio: 2.00 186568-187605 orient(-) score(4152.00) noncoding_equivalent(2076.00) raw_noncoding(2076.00) offset(0.00)
187605	186568	single-	4	6	{GlimmerHMM_glimmerT_4628-T1;GlimmerHMM},{HiQ_model.g4271.t1;HiQ}

# EVM prediction: Mode:STANDARD S-ratio: 4.95 188175-192254 orient(-) score(20363.00) noncoding_equivalent(4117.73) raw_noncoding(4117.73) offset(0.00)
192254	188175	single-	4	6	{HiQ_model.g4272.t1;HiQ},{GlimmerHMM_glimmerT_4629-T1;GlimmerHMM}

# EVM prediction: Mode:STANDARD S-ratio: 46.78 192714-193250 orient(+) score(2105.00) noncoding_equivalent(45.00) raw_noncoding(45.00) offset(0.00)
192714	193250	single+	1	3	{GlimmerHMM_glimmerT_4630-T1;GlimmerHMM},{Augustus_model.g4273.t1;Augustus}

# EVM prediction: Mode:STANDARD S-ratio: 4.97 193443-195416 orient(-) score(9862.00) noncoding_equivalent(1982.62) raw_noncoding(1982.62) offset(0.00)
195416	193443	single-	4	6	{HiQ_model.g4274.t1;HiQ},{GlimmerHMM_glimmerT_4631-T1;GlimmerHMM}

# EVM prediction: Mode:STANDARD S-ratio: 4.75 195632-197428 orient(-) score(8907.00) noncoding_equivalent(1875.00) raw_noncoding(1875.00) offset(0.00)
197428	195632	single-	4	6	{HiQ_model.g4275.t1;HiQ}

# EVM prediction: Mode:STANDARD S-ratio: 5.45 197651-198526 orient(-) score(4773.00) noncoding_equivalent(876.00) raw_noncoding(1809.00) offset(933.00)
197910	197651	terminal-	5	6	{snap_scaffold_18-snap.66-T1;snap},{HiQ_model.g4276.t1;HiQ}
198393	197911	INTRON			{snap_scaffold_18-snap.66-T1;snap},{HiQ_model.g4276.t1;HiQ},{ev_type:exonerate/ID=match.147026.22/Target=YJL190C;exonerate},{ev_type:exonerate/ID=match.147026.5377/Target=YLR367W;exonerate}
198526	198394	initial-	4	4	{GlimmerHMM_glimmerT_4633-T1;GlimmerHMM},{snap_scaffold_18-snap.66-T1;snap},{HiQ_model.g4276.t1;HiQ}

# EVM prediction: Mode:STANDARD S-ratio: 5.00 200577-200906 orient(-) score(1650.00) noncoding_equivalent(330.00) raw_noncoding(330.00) offset(0.00)
200906	200577	single-	4	6	{GlimmerHMM_glimmerT_4634-T1;GlimmerHMM},{HiQ_model.g4277.t1;HiQ}

# EVM prediction: Mode:STANDARD S-ratio: 4.57 201250-201507 orient(-) score(1270.00) noncoding_equivalent(278.12) raw_noncoding(278.12) offset(0.00)
201507	201250	single-	4	6	{HiQ_model.g4278.t1;HiQ},{GlimmerHMM_glimmerT_4635-T1;GlimmerHMM}

# EVM prediction: Mode:STANDARD S-ratio: 60.09 201817-202473 orient(+) score(2586.00) noncoding_equivalent(43.04) raw_noncoding(43.04) offset(0.00)
201817	202473	single+	1	3	{Augustus_model.g4279.t1;Augustus},{GlimmerHMM_glimmerT_4636-T1;GlimmerHMM}

# EVM prediction: Mode:STANDARD S-ratio: 4.70 202949-205165 orient(-) score(10917.00) noncoding_equivalent(2322.00) raw_noncoding(2322.00) offset(0.00)
205165	202949	single-	4	6	{HiQ_model.g4280.t1;HiQ}

# EVM prediction: Mode:STANDARD S-ratio: 2.63 205289-205585 orient(+) score(861.00) noncoding_equivalent(327.00) raw_noncoding(327.00) offset(0.00)
205289	205585	single+	1	3	{GlimmerHMM_glimmerT_4638-T1;GlimmerHMM}

# EVM prediction: Mode:STANDARD S-ratio: 2.94 205844-207512 orient(+) score(4909.00) noncoding_equivalent(1669.00) raw_noncoding(1718.00) offset(49.00)
205844	207458	initial+	1	1	{Augustus_model.g4281.t1;Augustus}
207459	207507	INTRON			{Augustus_model.g4281.t1;Augustus}
207508	207512	terminal+	2	3	{Augustus_model.g4281.t1;Augustus}

# EVM prediction: Mode:STANDARD S-ratio: 4.04 207546-208865 orient(-) score(6321.00) noncoding_equivalent(1564.00) raw_noncoding(1564.00) offset(0.00)
208865	207546	single-	4	6	{HiQ_model.g4282.t1;HiQ}

# EVM prediction: Mode:STANDARD S-ratio: 4.89 209238-210686 orient(-) score(7218.00) noncoding_equivalent(1476.00) raw_noncoding(1476.00) offset(0.00)
210686	209238	single-	4	6	{GlimmerHMM_glimmerT_4641-T1;GlimmerHMM},{HiQ_model.g4283.t1;HiQ}

# EVM prediction: Mode:STANDARD S-ratio: 4.99 210968-213637 orient(-) score(13347.00) noncoding_equivalent(2673.00) raw_noncoding(2673.00) offset(0.00)
213637	210968	single-	4	6	{HiQ_model.g4284.t1;HiQ}

# EVM prediction: Mode:STANDARD S-ratio: 4.74 214054-214647 orient(-) score(2943.00) noncoding_equivalent(621.12) raw_noncoding(621.12) offset(0.00)
214647	214054	single-	4	6	{HiQ_model.g4285.t1;HiQ},{GlimmerHMM_glimmerT_4643-T1;GlimmerHMM}

# EVM prediction: Mode:STANDARD S-ratio: 121.64 215715-216902 orient(+) score(4714.00) noncoding_equivalent(38.75) raw_noncoding(38.75) offset(0.00)
215715	216902	single+	1	3	{GlimmerHMM_glimmerT_4644-T1;GlimmerHMM},{Augustus_model.g4286.t1;Augustus}

# EVM prediction: Mode:STANDARD S-ratio: 129.06 217610-218617 orient(+) score(4001.00) noncoding_equivalent(31.00) raw_noncoding(31.00) offset(0.00)
217610	218617	single+	1	3	{GlimmerHMM_glimmerT_4645-T1;GlimmerHMM},{Augustus_model.g4287.t1;Augustus}

# EVM prediction: Mode:STANDARD S-ratio: 4.94 218804-220612 orient(-) score(9028.00) noncoding_equivalent(1827.00) raw_noncoding(1827.00) offset(0.00)
220612	218804	single-	4	6	{GlimmerHMM_glimmerT_4646-T1;GlimmerHMM},{HiQ_model.g4288.t1;HiQ}

# EVM prediction: Mode:STANDARD S-ratio: 5.00 221425-223848 orient(-) score(12120.00) noncoding_equivalent(2424.00) raw_noncoding(2424.00) offset(0.00)
223848	221425	single-	4	6	{HiQ_model.g4289.t1;HiQ},{GlimmerHMM_glimmerT_4647-T1;GlimmerHMM}

# EVM prediction: Mode:STANDARD S-ratio: 227.99 224599-225474 orient(+) score(3489.00) noncoding_equivalent(15.30) raw_noncoding(15.30) offset(0.00)
224599	225474	single+	1	3	{GlimmerHMM_glimmerT_4648-T1;GlimmerHMM},{Augustus_model.g4290.t1;Augustus}

# EVM prediction: Mode:STANDARD S-ratio: 2.01 225571-226221 orient(-) score(2604.00) noncoding_equivalent(1294.00) raw_noncoding(1294.00) offset(0.00)
226221	225571	single-	4	6	{HiQ_model.g4291.t1;HiQ},{GlimmerHMM_glimmerT_4649-T1;GlimmerHMM}

# EVM prediction: Mode:STANDARD S-ratio: 851.20 227079-227975 orient(+) score(3584.00) noncoding_equivalent(4.21) raw_noncoding(4.21) offset(0.00)
227079	227975	single+	1	3	{GlimmerHMM_glimmerT_4651-T1;GlimmerHMM},{Augustus_model.g4292.t1;Augustus}

# EVM prediction: Mode:STANDARD S-ratio: 592.65 228539-231124 orient(+) score(10327.00) noncoding_equivalent(17.43) raw_noncoding(17.43) offset(0.00)
228539	231124	single+	1	3	{GlimmerHMM_glimmerT_4652-T1;GlimmerHMM},{Augustus_model.g4293.t1;Augustus}

# EVM prediction: Mode:STANDARD S-ratio: 1.00 232347-232652 orient(+) score(612.00) noncoding_equivalent(612.00) raw_noncoding(612.00) offset(0.00)
232347	232652	single+	1	3	{GlimmerHMM_glimmerT_4653-T1;GlimmerHMM}

# EVM prediction: Mode:STANDARD S-ratio: 4.75 232900-234429 orient(-) score(7584.00) noncoding_equivalent(1597.03) raw_noncoding(1597.03) offset(0.00)
234429	232900	single-	4	6	{GlimmerHMM_glimmerT_4654-T1;GlimmerHMM},{HiQ_model.g4294.t1;HiQ}

# EVM prediction: Mode:STANDARD S-ratio: 4.45 234798-235628 orient(-) score(4387.00) noncoding_equivalent(985.00) raw_noncoding(1877.00) offset(892.00)
235162	234798	terminal-	5	6	{HiQ_model.g4295.t1;HiQ},{snap_scaffold_18-snap.82-T1;snap}
235609	235163	INTRON			{HiQ_model.g4295.t1;HiQ},{snap_scaffold_18-snap.82-T1;snap},{ev_type:exonerate/ID=match.147026.1467/Target=YLR344W;exonerate},{ev_type:exonerate/ID=match.147026.5261/Target=YGR034W;exonerate}
235628	235610	initial-	4	4	{HiQ_model.g4295.t1;HiQ},{snap_scaffold_18-snap.82-T1;snap}

