!! Predictions spanning range 914 - 96994 [R1]
# EVM prediction: Mode:STANDARD S-ratio: 15.12 914-1672 orient(-) score(2134.00) noncoding_equivalent(141.12) raw_noncoding(141.12) offset(0.00) 
1672	914	single-	4	6	{GlimmerHMM_glimmerT_2656-T1;GlimmerHMM},{Augustus_model.g2373.t1;Augustus}

# EVM prediction: Mode:STANDARD S-ratio: 3.00 2492-3700 orient(+) score(3627.00) noncoding_equivalent(1210.06) raw_noncoding(1210.06) offset(0.00) 
2492	3700	single+	1	3	{Augustus_model.g2374.t1;Augustus},{GlimmerHMM_glimmerT_2657-T1;GlimmerHMM}

# EVM prediction: Mode:STANDARD S-ratio: 3.59 3918-5699 orient(+) score(4683.00) noncoding_equivalent(1302.75) raw_noncoding(1302.75) offset(0.00) 
3918	5699	single+	1	3	{GlimmerHMM_glimmerT_2658-T1;GlimmerHMM},{Augustus_model.g2375.t1;Augustus}

# EVM prediction: Mode:STANDARD S-ratio: 54.90 5838-6848 orient(-) score(2977.00) noncoding_equivalent(54.22) raw_noncoding(54.22) offset(0.00) 
6848	5838	single-	4	6	{GlimmerHMM_glimmerT_2659-T1;GlimmerHMM},{Augustus_model.g2376.t1;Augustus}

# EVM prediction: Mode:STANDARD S-ratio: 1.84 7655-8230 orient(-) score(1118.00) noncoding_equivalent(608.13) raw_noncoding(608.13) offset(0.00) 
8230	7655	single-	4	6	{GlimmerHMM_glimmerT_2660-T1;GlimmerHMM}

# EVM prediction: Mode:STANDARD S-ratio: 10.63 8645-10807 orient(-) score(6376.00) noncoding_equivalent(600.04) raw_noncoding(600.04) offset(0.00) 
10807	8645	single-	4	6	{GlimmerHMM_glimmerT_2661-T1;GlimmerHMM}

# EVM prediction: Mode:STANDARD S-ratio: 91.29 11437-14340 orient(+) score(8616.00) noncoding_equivalent(94.38) raw_noncoding(94.38) offset(0.00) 
11437	14340	single+	1	3	{GlimmerHMM_glimmerT_2662-T1;GlimmerHMM}

# EVM prediction: Mode:STANDARD S-ratio: 11.89 14388-15937 orient(+) score(3984.00) noncoding_equivalent(335.02) raw_noncoding(978.44) offset(643.42) 
14388	14391	initial+	1	1	{snap_scaffold_3-snap.350-T1;snap}
14392	14720	INTRON			{snap_scaffold_3-snap.350-T1;snap}
14721	15937	terminal+	2	3	{Augustus_model.g2378.t1;Augustus},{snap_scaffold_3-snap.350-T1;snap}

# EVM prediction: Mode:STANDARD S-ratio: 153.02 16040-17584 orient(-) score(4603.00) noncoding_equivalent(30.08) raw_noncoding(30.08) offset(0.00) 
17584	16040	single-	4	6	{GlimmerHMM_glimmerT_2664-T1;GlimmerHMM},{Augustus_model.g2379.t1;Augustus}

# EVM prediction: Mode:STANDARD S-ratio: 34.11 18662-19405 orient(+) score(2167.00) noncoding_equivalent(63.52) raw_noncoding(63.52) offset(0.00) 
18662	19405	single+	1	3	{GlimmerHMM_glimmerT_2665-T1;GlimmerHMM},{Augustus_model.g2380.t1;Augustus}

# EVM prediction: Mode:STANDARD S-ratio: 157.81 20773-21963 orient(+) score(3549.00) noncoding_equivalent(22.49) raw_noncoding(22.49) offset(0.00) 
20773	21963	single+	1	3	{GlimmerHMM_glimmerT_2666-T1;GlimmerHMM},{Augustus_model.g2381.t1;Augustus}

# EVM prediction: Mode:STANDARD S-ratio: 140.78 22531-23259 orient(+) score(2172.00) noncoding_equivalent(15.43) raw_noncoding(15.43) offset(0.00) 
22531	23259	single+	1	3	{GlimmerHMM_glimmerT_2667-T1;GlimmerHMM}

# EVM prediction: Mode:STANDARD S-ratio: 4.55 23287-24594 orient(+) score(3216.00) noncoding_equivalent(706.80) raw_noncoding(706.80) offset(0.00) 
23287	24594	single+	1	3	{GlimmerHMM_glimmerT_2668-T1;GlimmerHMM}

# EVM prediction: Mode:STANDARD S-ratio: 38.58 25532-27565 orient(+) score(5946.00) noncoding_equivalent(154.11) raw_noncoding(154.11) offset(0.00) 
25532	27565	single+	1	3	{Augustus_model.g2383.t1;Augustus}

# EVM prediction: Mode:STANDARD S-ratio: 17.86 28590-30708 orient(+) score(5919.00) noncoding_equivalent(331.43) raw_noncoding(486.13) offset(154.70) 
28590	28800	initial+	1	1	{GlimmerHMM_glimmerT_2670-T1;GlimmerHMM},{Augustus_model.g2384.t1;Augustus}
28801	28906	INTRON			{Augustus_model.g2384.t1;Augustus}
28907	30708	terminal+	2	3	{Augustus_model.g2384.t1;Augustus}

# EVM prediction: Mode:STANDARD S-ratio: 5.57 31947-33200 orient(+) score(7361.00) noncoding_equivalent(1322.28) raw_noncoding(1322.28) offset(0.00) 
31947	33200	single+	1	3	{HiQ_model.g2385.t1;HiQ},{GlimmerHMM_glimmerT_2671-T1;GlimmerHMM}

# EVM prediction: Mode:STANDARD S-ratio: 10000.00 35501-36349 orient(+) score(2547.00) noncoding_equivalent(0.25) raw_noncoding(0.00) offset(0.00) 
35501	36349	single+	1	3	{GlimmerHMM_glimmerT_2672-T1;GlimmerHMM},{Augustus_model.g2386.t1;Augustus}

# EVM prediction: Mode:STANDARD S-ratio: 222.82 37444-38493 orient(+) score(3134.00) noncoding_equivalent(14.07) raw_noncoding(14.07) offset(0.00) 
37444	38493	single+	1	3	{Augustus_model.g2387.t1;Augustus},{GlimmerHMM_glimmerT_2673-T1;GlimmerHMM}

# EVM prediction: Mode:STANDARD S-ratio: 27.25 38705-39382 orient(+) score(1962.00) noncoding_equivalent(72.00) raw_noncoding(72.00) offset(0.00) 
38705	39382	single+	1	3	{GlimmerHMM_glimmerT_2674-T1;GlimmerHMM},{Augustus_model.g2388.t1;Augustus}

# EVM prediction: Mode:STANDARD S-ratio: 1563.88 40654-46401 orient(+) score(17231.00) noncoding_equivalent(11.02) raw_noncoding(11.02) offset(0.00) 
40654	46401	single+	1	3	{GlimmerHMM_glimmerT_2675-T1;GlimmerHMM},{Augustus_model.g2389.t1;Augustus}

# EVM prediction: Mode:STANDARD S-ratio: 10000.00 46908-48107 orient(+) score(3600.00) noncoding_equivalent(0.36) raw_noncoding(0.00) offset(0.00) 
46908	48107	single+	1	3	{Augustus_model.g2390.t1;Augustus},{GlimmerHMM_glimmerT_2676-T1;GlimmerHMM}

# EVM prediction: Mode:STANDARD S-ratio: 29.19 48352-49059 orient(-) score(2052.00) noncoding_equivalent(70.29) raw_noncoding(70.29) offset(0.00) 
49059	48352	single-	4	6	{Augustus_model.g2391.t1;Augustus},{GlimmerHMM_glimmerT_2677-T1;GlimmerHMM}

# EVM prediction: Mode:STANDARD S-ratio: 2.01 49282-50001 orient(+) score(1440.00) noncoding_equivalent(714.80) raw_noncoding(714.80) offset(0.00) 
49282	50001	single+	1	3	{Augustus_model.g2392.t1;Augustus},{GlimmerHMM_glimmerT_2678-T1;GlimmerHMM}

# EVM prediction: Mode:STANDARD S-ratio: 783.54 50284-51336 orient(-) score(3153.00) noncoding_equivalent(4.02) raw_noncoding(4.02) offset(0.00) 
51336	50284	single-	4	6	{GlimmerHMM_glimmerT_2679-T1;GlimmerHMM},{Augustus_model.g2393.t1;Augustus}

# EVM prediction: Mode:STANDARD S-ratio: 733.37 52424-53896 orient(-) score(4411.00) noncoding_equivalent(6.01) raw_noncoding(6.01) offset(0.00) 
53896	52424	single-	4	6	{Augustus_model.g2394.t1;Augustus},{GlimmerHMM_glimmerT_2680-T1;GlimmerHMM}

# EVM prediction: Mode:STANDARD S-ratio: 29.21 55247-56479 orient(+) score(3575.00) noncoding_equivalent(122.41) raw_noncoding(122.41) offset(0.00) 
55247	56479	single+	1	3	{Augustus_model.g2395.t1;Augustus},{GlimmerHMM_glimmerT_2681-T1;GlimmerHMM}

# EVM prediction: Mode:STANDARD S-ratio: 630.89 56813-58096 orient(+) score(3844.00) noncoding_equivalent(6.09) raw_noncoding(6.09) offset(0.00) 
56813	58096	single+	1	3	{Augustus_model.g2396.t1;Augustus},{GlimmerHMM_glimmerT_2682-T1;GlimmerHMM}

# EVM prediction: Mode:STANDARD S-ratio: 148.79 58569-59624 orient(+) score(3145.00) noncoding_equivalent(21.14) raw_noncoding(21.14) offset(0.00) 
58569	59624	single+	1	3	{GlimmerHMM_glimmerT_2683-T1;GlimmerHMM},{Augustus_model.g2397.t1;Augustus}

# EVM prediction: Mode:STANDARD S-ratio: 169.95 59841-60128 orient(-) score(857.00) noncoding_equivalent(5.04) raw_noncoding(5.04) offset(0.00) 
60128	59841	single-	4	6	{Augustus_model.g2398.t1;Augustus},{GlimmerHMM_glimmerT_2684-T1;GlimmerHMM}

# EVM prediction: Mode:STANDARD S-ratio: 5.56 61320-61877 orient(-) score(3300.00) noncoding_equivalent(594.00) raw_noncoding(594.00) offset(0.00) 
61877	61320	single-	4	6	{HiQ_model.g2399.t1;HiQ},{GlimmerHMM_glimmerT_2685-T1;GlimmerHMM}

# EVM prediction: Mode:STANDARD S-ratio: 10000.00 65382-68297 orient(+) score(8748.00) noncoding_equivalent(0.87) raw_noncoding(0.00) offset(0.00) 
65382	68297	single+	1	3	{GlimmerHMM_glimmerT_2686-T1;GlimmerHMM},{Augustus_model.g2400.t1;Augustus}

# EVM prediction: Mode:STANDARD S-ratio: 51.02 71681-74749 orient(-) score(9030.00) noncoding_equivalent(177.00) raw_noncoding(177.00) offset(0.00) 
74749	71681	single-	4	6	{GlimmerHMM_glimmerT_2687-T1;GlimmerHMM},{Augustus_model.g2401.t1;Augustus}

# EVM prediction: Mode:STANDARD S-ratio: 3.79 75240-76517 orient(-) score(2675.00) noncoding_equivalent(706.26) raw_noncoding(1611.62) offset(905.36) 
76058	75240	terminal-	4	6	{snap_scaffold_3-snap.374-T1;snap}
76511	76059	INTRON			{snap_scaffold_3-snap.374-T1;snap}
76517	76512	initial-	4	6	{snap_scaffold_3-snap.374-T1;snap}

# EVM prediction: Mode:STANDARD S-ratio: 11.10 76775-79204 orient(-) score(6687.00) noncoding_equivalent(602.33) raw_noncoding(602.33) offset(0.00) 
79204	76775	single-	4	6	{GlimmerHMM_glimmerT_2689-T1;GlimmerHMM}

# EVM prediction: Mode:STANDARD S-ratio: 276.26 81049-81513 orient(+) score(1388.00) noncoding_equivalent(5.02) raw_noncoding(5.02) offset(0.00) 
81049	81513	single+	1	3	{GlimmerHMM_glimmerT_2690-T1;GlimmerHMM},{Augustus_model.g2403.t1;Augustus}

# EVM prediction: Mode:STANDARD S-ratio: 175.79 82318-84330 orient(-) score(6003.00) noncoding_equivalent(34.15) raw_noncoding(34.15) offset(0.00) 
84330	82318	single-	4	6	{GlimmerHMM_glimmerT_2691-T1;GlimmerHMM},{Augustus_model.g2404.t1;Augustus}

# EVM prediction: Mode:STANDARD S-ratio: 291.22 84870-85955 orient(-) score(3245.00) noncoding_equivalent(11.14) raw_noncoding(11.14) offset(0.00) 
85955	84870	single-	4	6	{GlimmerHMM_glimmerT_2692-T1;GlimmerHMM},{Augustus_model.g2405.t1;Augustus}

# EVM prediction: Mode:STANDARD S-ratio: 2.14 86357-90613 orient(-) score(7743.00) noncoding_equivalent(3613.07) raw_noncoding(6175.07) offset(2562.00) 
87289	86357	terminal-	4	6	{Augustus_model.g2406.t1;Augustus},{snap_scaffold_3-snap.379-T1;snap}
88614	87290	INTRON			{Augustus_model.g2406.t1;Augustus}
90029	88615	internal-	5	6	{Augustus_model.g2406.t1;Augustus}
90402	90030	INTRON			{Augustus_model.g2406.t1;Augustus}
90613	90403	initial-	4	4	{Augustus_model.g2406.t1;Augustus}

# EVM prediction: Mode:STANDARD S-ratio: 10000.00 91582-93189 orient(+) score(4824.00) noncoding_equivalent(0.48) raw_noncoding(0.00) offset(0.00) 
91582	93189	single+	1	3	{GlimmerHMM_glimmerT_2695-T1;GlimmerHMM},{Augustus_model.g2407.t1;Augustus}

# EVM prediction: Mode:STANDARD S-ratio: 31.34 93261-94097 orient(-) score(2511.00) noncoding_equivalent(80.12) raw_noncoding(80.12) offset(0.00) 
94097	93261	single-	4	6	{GlimmerHMM_glimmerT_2696-T1;GlimmerHMM},{Augustus_model.g2408.t1;Augustus}

# EVM prediction: Mode:STANDARD S-ratio: 158.44 95291-96994 orient(+) score(5078.00) noncoding_equivalent(32.05) raw_noncoding(32.05) offset(0.00) 
95291	96994	single+	1	3	{GlimmerHMM_glimmerT_2697-T1;GlimmerHMM},{Augustus_model.g2409.t1;Augustus}

