!! Predictions spanning range 255 - 99639 [R1]
# EVM prediction: Mode:STANDARD S-ratio: 3.05 255-695 orient(-) score(1273.00) noncoding_equivalent(416.75) raw_noncoding(561.27) offset(144.52) 
485	255	terminal-	4	6	{Augustus_model.g450.t1;Augustus},{snap_scaffold_1-snap.414-T1;snap}
626	486	INTRON			{GlimmerHMM_glimmerT_501-T1;GlimmerHMM},{Augustus_model.g450.t1;Augustus}
695	627	initial-	4	6	{GlimmerHMM_glimmerT_501-T1;GlimmerHMM}

# EVM prediction: Mode:STANDARD S-ratio: 3.02 916-2808 orient(+) score(5688.00) noncoding_equivalent(1885.39) raw_noncoding(1885.39) offset(0.00) 
916	2808	single+	1	3	{Augustus_model.g451.t1;Augustus},{GlimmerHMM_glimmerT_502-T1;GlimmerHMM}

# EVM prediction: Mode:STANDARD S-ratio: 27.96 3048-4229 orient(+) score(4563.00) noncoding_equivalent(163.20) raw_noncoding(163.20) offset(0.00) 
3048	4229	single+	1	3	{GlimmerHMM_glimmerT_503-T1;GlimmerHMM}

# EVM prediction: Mode:STANDARD S-ratio: 5.00 4279-5064 orient(-) score(3930.00) noncoding_equivalent(786.00) raw_noncoding(786.00) offset(0.00) 
5064	4279	single-	4	6	{HiQ_model.g453.t1;HiQ},{GlimmerHMM_glimmerT_504-T1;GlimmerHMM}

# EVM prediction: Mode:STANDARD S-ratio: 4.99 5308-6135 orient(-) score(4128.00) noncoding_equivalent(828.00) raw_noncoding(828.00) offset(0.00) 
6135	5308	single-	4	6	{HiQ_model.g454.t1;HiQ},{GlimmerHMM_glimmerT_505-T1;GlimmerHMM}

# EVM prediction: Mode:STANDARD S-ratio: 4.97 6339-9308 orient(-) score(14835.00) noncoding_equivalent(2983.04) raw_noncoding(2983.04) offset(0.00) 
9308	6339	single-	4	6	{HiQ_model.g455.t1;HiQ},{GlimmerHMM_glimmerT_506-T1;GlimmerHMM}

# EVM prediction: Mode:STANDARD S-ratio: 2.03 9627-10973 orient(+) score(3472.00) noncoding_equivalent(1710.47) raw_noncoding(1710.47) offset(0.00) 
9627	10973	single+	1	3	{GlimmerHMM_glimmerT_507-T1;GlimmerHMM}

# EVM prediction: Mode:STANDARD S-ratio: 26.48 12181-13785 orient(+) score(6176.00) noncoding_equivalent(233.20) raw_noncoding(233.20) offset(0.00) 
12181	13785	single+	1	3	{GlimmerHMM_glimmerT_508-T1;GlimmerHMM}

# EVM prediction: Mode:STANDARD S-ratio: 4.86 13970-14956 orient(-) score(4910.00) noncoding_equivalent(1011.18) raw_noncoding(1011.18) offset(0.00) 
14956	13970	single-	4	6	{HiQ_model.g457.t1;HiQ},{GlimmerHMM_glimmerT_509-T1;GlimmerHMM}

# EVM prediction: Mode:STANDARD S-ratio: 141.60 15809-17947 orient(+) score(6372.00) noncoding_equivalent(45.00) raw_noncoding(45.00) offset(0.00) 
15809	17947	single+	1	3	{Augustus_model.g458.t1;Augustus},{GlimmerHMM_glimmerT_510-T1;GlimmerHMM}

# EVM prediction: Mode:STANDARD S-ratio: 3.00 18391-18813 orient(+) score(1269.00) noncoding_equivalent(423.00) raw_noncoding(423.00) offset(0.00) 
18391	18813	single+	1	3	{Augustus_model.g459.t1;Augustus},{GlimmerHMM_glimmerT_511-T1;GlimmerHMM}

# EVM prediction: Mode:STANDARD S-ratio: 2.83 19213-20424 orient(+) score(2397.00) noncoding_equivalent(846.00) raw_noncoding(873.00) offset(27.00) 
19213	19216	initial+	1	1	{snap_scaffold_1-snap.422-T1;snap}
19217	19243	INTRON			{snap_scaffold_1-snap.422-T1;snap}
19244	20424	terminal+	2	3	{snap_scaffold_1-snap.422-T1;snap}

# EVM prediction: Mode:STANDARD S-ratio: 24.61 20704-21753 orient(+) score(3027.00) noncoding_equivalent(123.00) raw_noncoding(123.00) offset(0.00) 
20704	21753	single+	1	3	{GlimmerHMM_glimmerT_513-T1;GlimmerHMM},{Augustus_model.g461.t1;Augustus}

# EVM prediction: Mode:STANDARD S-ratio: 318.42 23751-25520 orient(+) score(5292.00) noncoding_equivalent(16.62) raw_noncoding(16.62) offset(0.00) 
23751	25520	single+	1	3	{Augustus_model.g462.t1;Augustus}

# EVM prediction: Mode:STANDARD S-ratio: 5.00 25776-26321 orient(-) score(2730.00) noncoding_equivalent(546.00) raw_noncoding(546.00) offset(0.00) 
26321	25776	single-	4	6	{GlimmerHMM_glimmerT_515-T1;GlimmerHMM},{HiQ_model.g463.t1;HiQ}

# EVM prediction: Mode:STANDARD S-ratio: 131.74 26914-31212 orient(-) score(16995.00) noncoding_equivalent(129.00) raw_noncoding(129.00) offset(0.00) 
31212	26914	single-	4	6	{GlimmerHMM_glimmerT_516-T1;GlimmerHMM},{Augustus_model.g464.t1;Augustus}

# EVM prediction: Mode:STANDARD S-ratio: 2.97 31595-33625 orient(+) score(6062.00) noncoding_equivalent(2038.01) raw_noncoding(2038.01) offset(0.00) 
31595	33625	single+	1	3	{Augustus_model.g465.t1;Augustus}

# EVM prediction: Mode:STANDARD S-ratio: 20.79 35673-36587 orient(+) score(2619.00) noncoding_equivalent(126.00) raw_noncoding(126.00) offset(0.00) 
35673	36587	single+	1	3	{GlimmerHMM_glimmerT_518-T1;GlimmerHMM},{Augustus_model.g466.t1;Augustus}

# EVM prediction: Mode:STANDARD S-ratio: 4.08 36797-37536 orient(-) score(2700.00) noncoding_equivalent(661.04) raw_noncoding(990.00) offset(328.96) 
37204	36797	terminal-	4	6	{Augustus_model.g467.t1;Augustus},{GlimmerHMM_glimmerT_519-T1;GlimmerHMM}
37533	37205	INTRON			{Augustus_model.g467.t1;Augustus},{GlimmerHMM_glimmerT_519-T1;GlimmerHMM}
37536	37534	initial-	4	6	{Augustus_model.g467.t1;Augustus},{GlimmerHMM_glimmerT_519-T1;GlimmerHMM}

# EVM prediction: Mode:STANDARD S-ratio: 15.62 38049-39353 orient(+) score(4905.00) noncoding_equivalent(313.96) raw_noncoding(313.96) offset(0.00) 
38049	39353	single+	1	3	{GlimmerHMM_glimmerT_520-T1;GlimmerHMM}

# EVM prediction: Mode:STANDARD S-ratio: 4.94 39524-40846 orient(-) score(6601.00) noncoding_equivalent(1335.16) raw_noncoding(1335.16) offset(0.00) 
40846	39524	single-	4	6	{HiQ_model.g469.t1;HiQ},{GlimmerHMM_glimmerT_521-T1;GlimmerHMM}

# EVM prediction: Mode:STANDARD S-ratio: 6.40 41843-42730 orient(+) score(3452.00) noncoding_equivalent(539.19) raw_noncoding(1349.78) offset(810.60) 
41843	41889	initial+	1	2	{GlimmerHMM_glimmerT_522-T1;GlimmerHMM}
41890	42336	INTRON			{GlimmerHMM_glimmerT_522-T1;GlimmerHMM},{ev_type:exonerate/ID=match.111469.242/Target=YDR450W;exonerate},{ev_type:exonerate/ID=match.111469.7/Target=YML026C;exonerate}
42337	42730	terminal+	3	3	{GlimmerHMM_glimmerT_522-T1;GlimmerHMM}

# EVM prediction: Mode:STANDARD S-ratio: 1.85 43041-44099 orient(-) score(2064.00) noncoding_equivalent(1113.00) raw_noncoding(1113.00) offset(0.00) 
44099	43041	single-	4	6	{GlimmerHMM_glimmerT_523-T1;GlimmerHMM}

# EVM prediction: Mode:STANDARD S-ratio: 10000.00 44831-46843 orient(+) score(6039.00) noncoding_equivalent(0.60) raw_noncoding(0.00) offset(0.00) 
44831	46843	single+	1	3	{GlimmerHMM_glimmerT_524-T1;GlimmerHMM},{Augustus_model.g473.t1;Augustus}

# EVM prediction: Mode:STANDARD S-ratio: 6.00 47013-47603 orient(-) score(3546.00) noncoding_equivalent(591.00) raw_noncoding(591.00) offset(0.00) 
47603	47013	single-	4	6	{GlimmerHMM_glimmerT_525-T1;GlimmerHMM},{HiQ_model.g474.t1;HiQ}

# EVM prediction: Mode:STANDARD S-ratio: 4.67 48240-48803 orient(-) score(2787.00) noncoding_equivalent(597.00) raw_noncoding(597.00) offset(0.00) 
48803	48240	single-	4	6	{HiQ_model.g475.t1;HiQ},{GlimmerHMM_glimmerT_526-T1;GlimmerHMM}

# EVM prediction: Mode:STANDARD S-ratio: 759.04 49437-51350 orient(+) score(7640.00) noncoding_equivalent(10.07) raw_noncoding(10.07) offset(0.00) 
49437	51350	single+	1	3	{Augustus_model.g476.t1;Augustus},{GlimmerHMM_glimmerT_527-T1;GlimmerHMM}

# EVM prediction: Mode:STANDARD S-ratio: 180.50 51761-61561 orient(+) score(38988.00) noncoding_equivalent(216.00) raw_noncoding(216.00) offset(0.00) 
51761	61561	single+	1	3	{Augustus_model.g477.t1;Augustus},{GlimmerHMM_glimmerT_528-T1;GlimmerHMM}

# EVM prediction: Mode:STANDARD S-ratio: 10000.00 61947-63935 orient(-) score(5967.00) noncoding_equivalent(0.60) raw_noncoding(0.00) offset(0.00) 
63935	61947	single-	4	6	{Augustus_model.g478.t1;Augustus},{GlimmerHMM_glimmerT_529-T1;GlimmerHMM}

# EVM prediction: Mode:STANDARD S-ratio: 6.44 64213-64800 orient(-) score(1527.00) noncoding_equivalent(237.00) raw_noncoding(237.00) offset(0.00) 
64800	64213	single-	4	6	{Augustus_model.g479.t1;Augustus}

# EVM prediction: Mode:STANDARD S-ratio: 294.83 65723-66688 orient(+) score(3849.00) noncoding_equivalent(13.05) raw_noncoding(13.05) offset(0.00) 
65723	66688	single+	1	3	{Augustus_model.g480.t1;Augustus},{GlimmerHMM_glimmerT_531-T1;GlimmerHMM}

# EVM prediction: Mode:STANDARD S-ratio: 2.23 67948-68391 orient(+) score(1226.00) noncoding_equivalent(550.02) raw_noncoding(550.02) offset(0.00) 
67948	68391	single+	1	3	{GlimmerHMM_glimmerT_533-T1;GlimmerHMM}

# EVM prediction: Mode:STANDARD S-ratio: 35.23 68697-70262 orient(+) score(4558.00) noncoding_equivalent(129.38) raw_noncoding(129.38) offset(0.00) 
68697	70262	single+	1	3	{GlimmerHMM_glimmerT_534-T1;GlimmerHMM}

# EVM prediction: Mode:STANDARD S-ratio: 222.20 70771-75234 orient(+) score(13332.00) noncoding_equivalent(60.00) raw_noncoding(60.00) offset(0.00) 
70771	75234	single+	1	3	{GlimmerHMM_glimmerT_535-T1;GlimmerHMM},{Augustus_model.g482.t1;Augustus}

# EVM prediction: Mode:STANDARD S-ratio: 5.00 75440-76672 orient(-) score(6165.00) noncoding_equivalent(1233.00) raw_noncoding(1233.00) offset(0.00) 
76672	75440	single-	4	6	{HiQ_model.g483.t1;HiQ},{GlimmerHMM_glimmerT_536-T1;GlimmerHMM}

# EVM prediction: Mode:STANDARD S-ratio: 1.88 77215-80151 orient(+) score(5490.00) noncoding_equivalent(2926.10) raw_noncoding(3304.10) offset(378.00) 
77215	78534	initial+	1	3	{Augustus_model.g484.t1;Augustus}
78535	78915	INTRON			{Augustus_model.g484.t1;Augustus}
78916	80151	terminal+	1	3	{Augustus_model.g484.t1;Augustus}

# EVM prediction: Mode:STANDARD S-ratio: 5.00 80361-81026 orient(-) score(3330.00) noncoding_equivalent(666.00) raw_noncoding(666.00) offset(0.00) 
81026	80361	single-	4	6	{HiQ_model.g485.t1;HiQ},{GlimmerHMM_glimmerT_538-T1;GlimmerHMM}

# EVM prediction: Mode:STANDARD S-ratio: 2.00 81332-81859 orient(+) score(1056.00) noncoding_equivalent(528.00) raw_noncoding(528.00) offset(0.00) 
81332	81859	single+	1	3	{GlimmerHMM_glimmerT_539-T1;GlimmerHMM},{Augustus_model.g486.t1;Augustus}

# EVM prediction: Mode:STANDARD S-ratio: 4.95 82004-83503 orient(-) score(7486.00) noncoding_equivalent(1512.24) raw_noncoding(1512.24) offset(0.00) 
83503	82004	single-	4	6	{GlimmerHMM_glimmerT_540-T1;GlimmerHMM},{HiQ_model.g487.t1;HiQ}

# EVM prediction: Mode:STANDARD S-ratio: 2.70 84065-84859 orient(+) score(3180.00) noncoding_equivalent(1177.00) raw_noncoding(1563.00) offset(386.00) 
84065	84095	initial+	1	1	{Augustus_model.g488.t1;Augustus},{GlimmerHMM_glimmerT_541-T1;GlimmerHMM}
84096	84479	INTRON			{Augustus_model.g488.t1;Augustus},{GlimmerHMM_glimmerT_541-T1;GlimmerHMM},{ev_type:exonerate/ID=match.111469.1048/Target=YHR010W;exonerate},{ev_type:exonerate/ID=match.111469.2764/Target=YDR471W;exonerate}
84480	84859	terminal+	2	3	{Augustus_model.g488.t1;Augustus},{GlimmerHMM_glimmerT_541-T1;GlimmerHMM}

# EVM prediction: Mode:STANDARD S-ratio: 10000.00 85629-86483 orient(+) score(3410.00) noncoding_equivalent(0.34) raw_noncoding(0.00) offset(0.00) 
85629	86483	single+	1	3	{GlimmerHMM_glimmerT_542-T1;GlimmerHMM},{Augustus_model.g489.t1;Augustus}

# EVM prediction: Mode:STANDARD S-ratio: 10000.00 86681-88078 orient(-) score(4194.00) noncoding_equivalent(0.42) raw_noncoding(0.00) offset(0.00) 
88078	86681	single-	4	6	{Augustus_model.g490.t1;Augustus},{GlimmerHMM_glimmerT_543-T1;GlimmerHMM}

# EVM prediction: Mode:STANDARD S-ratio: 10000.00 88426-91050 orient(-) score(7875.00) noncoding_equivalent(0.79) raw_noncoding(0.00) offset(0.00) 
91050	88426	single-	4	6	{GlimmerHMM_glimmerT_544-T1;GlimmerHMM},{Augustus_model.g491.t1;Augustus}

# EVM prediction: Mode:STANDARD S-ratio: 2.00 91399-92073 orient(-) score(2694.00) noncoding_equivalent(1350.00) raw_noncoding(1350.00) offset(0.00) 
92073	91399	single-	4	6	{HiQ_model.g492.t1;HiQ},{GlimmerHMM_glimmerT_545-T1;GlimmerHMM}

# EVM prediction: Mode:STANDARD S-ratio: 22.67 93582-95486 orient(+) score(5470.00) noncoding_equivalent(241.30) raw_noncoding(241.30) offset(0.00) 
93582	95486	single+	1	3	{GlimmerHMM_glimmerT_546-T1;GlimmerHMM}

# EVM prediction: Mode:STANDARD S-ratio: 5.13 95845-96396 orient(+) score(1386.00) noncoding_equivalent(270.00) raw_noncoding(270.00) offset(0.00) 
95845	96396	single+	1	3	{Augustus_model.g494.t1;Augustus}

# EVM prediction: Mode:STANDARD S-ratio: 4.97 96467-98116 orient(-) score(8240.00) noncoding_equivalent(1658.04) raw_noncoding(1658.04) offset(0.00) 
98116	96467	single-	4	6	{GlimmerHMM_glimmerT_548-T1;GlimmerHMM},{HiQ_model.g495.t1;HiQ}

# EVM prediction: Mode:STANDARD S-ratio: 17.87 98647-99639 orient(+) score(2820.00) noncoding_equivalent(157.78) raw_noncoding(157.78) offset(0.00) 
98647	99639	single+	1	3	{GlimmerHMM_glimmerT_549-T1;GlimmerHMM}

