!! Predictions spanning range 2123 - 98958 [R1]
# EVM prediction: Mode:STANDARD S-ratio: 5.00 2123-2830 orient(-) score(3540.00) noncoding_equivalent(708.00) raw_noncoding(708.00) offset(0.00) 
2830	2123	single-	4	6	{HiQ_model.g733.t1;HiQ},{GlimmerHMM_glimmerT_820-T1;GlimmerHMM}

# EVM prediction: Mode:STANDARD S-ratio: 3.02 3115-3954 orient(+) score(2520.00) noncoding_equivalent(833.20) raw_noncoding(833.20) offset(0.00) 
3115	3954	single+	1	3	{GlimmerHMM_glimmerT_821-T1;GlimmerHMM},{Augustus_model.g734.t1;Augustus}

# EVM prediction: Mode:STANDARD S-ratio: 2.01 4071-4625 orient(-) score(2220.00) noncoding_equivalent(1102.95) raw_noncoding(1102.95) offset(0.00) 
4625	4071	single-	4	6	{HiQ_model.g735.t1;HiQ},{GlimmerHMM_glimmerT_822-T1;GlimmerHMM}

# EVM prediction: Mode:STANDARD S-ratio: 10000.00 4798-6309 orient(+) score(6048.00) noncoding_equivalent(0.60) raw_noncoding(0.00) offset(0.00) 
4798	6309	single+	1	3	{GlimmerHMM_glimmerT_823-T1;GlimmerHMM},{Augustus_model.g736.t1;Augustus}

# EVM prediction: Mode:STANDARD S-ratio: 159.25 6622-9867 orient(+) score(12899.00) noncoding_equivalent(81.00) raw_noncoding(81.00) offset(0.00) 
6622	9867	single+	1	3	{GlimmerHMM_glimmerT_824-T1;GlimmerHMM},{Augustus_model.g737.t1;Augustus}

# EVM prediction: Mode:STANDARD S-ratio: 44.48 11133-13862 orient(+) score(8007.00) noncoding_equivalent(180.00) raw_noncoding(180.00) offset(0.00) 
11133	13862	single+	1	3	{GlimmerHMM_glimmerT_825-T1;GlimmerHMM}

# EVM prediction: Mode:STANDARD S-ratio: 18.32 14095-17340 orient(-) score(9231.00) noncoding_equivalent(504.00) raw_noncoding(504.00) offset(0.00) 
17340	14095	single-	4	6	{GlimmerHMM_glimmerT_826-T1;GlimmerHMM}

# EVM prediction: Mode:STANDARD S-ratio: 209.67 17950-19371 orient(+) score(5661.00) noncoding_equivalent(27.00) raw_noncoding(27.00) offset(0.00) 
17950	19371	single+	1	3	{GlimmerHMM_glimmerT_827-T1;GlimmerHMM},{Augustus_model.g740.t1;Augustus}

# EVM prediction: Mode:STANDARD S-ratio: 15.76 19584-20342 orient(-) score(2140.00) noncoding_equivalent(135.74) raw_noncoding(135.74) offset(0.00) 
20342	19584	single-	4	6	{GlimmerHMM_glimmerT_828-T1;GlimmerHMM},{Augustus_model.g741.t1;Augustus}

# EVM prediction: Mode:STANDARD S-ratio: 4.76 21433-23772 orient(-) score(11601.00) noncoding_equivalent(2439.00) raw_noncoding(2439.00) offset(0.00) 
23772	21433	single-	4	6	{HiQ_model.g742.t1;HiQ},{GlimmerHMM_glimmerT_830-T1;GlimmerHMM}

# EVM prediction: Mode:STANDARD S-ratio: 10000.00 24970-27720 orient(-) score(8253.00) noncoding_equivalent(0.83) raw_noncoding(0.00) offset(0.00) 
27720	24970	single-	4	6	{Augustus_model.g743.t1;Augustus},{GlimmerHMM_glimmerT_831-T1;GlimmerHMM}

# EVM prediction: Mode:STANDARD S-ratio: 32.98 31282-34815 orient(+) score(10290.00) noncoding_equivalent(312.00) raw_noncoding(312.00) offset(0.00) 
31282	34815	single+	1	3	{GlimmerHMM_glimmerT_832-T1;GlimmerHMM},{Augustus_model.g744.t1;Augustus}

# EVM prediction: Mode:STANDARD S-ratio: 10000.00 35064-35903 orient(-) score(2520.00) noncoding_equivalent(0.25) raw_noncoding(0.00) offset(0.00) 
35903	35064	single-	4	6	{GlimmerHMM_glimmerT_833-T1;GlimmerHMM},{Augustus_model.g745.t1;Augustus}

# EVM prediction: Mode:STANDARD S-ratio: 251.60 36049-37311 orient(-) score(3774.00) noncoding_equivalent(15.00) raw_noncoding(15.00) offset(0.00) 
37311	36049	single-	4	6	{GlimmerHMM_glimmerT_834-T1;GlimmerHMM},{Augustus_model.g746.t1;Augustus}

# EVM prediction: Mode:STANDARD S-ratio: 2.01 37735-39435 orient(-) score(3402.00) noncoding_equivalent(1693.10) raw_noncoding(1693.10) offset(0.00) 
39435	37735	single-	4	6	{Augustus_model.g747.t1;Augustus},{GlimmerHMM_glimmerT_835-T1;GlimmerHMM}

# EVM prediction: Mode:STANDARD S-ratio: 10000.00 39778-40428 orient(+) score(2604.00) noncoding_equivalent(0.26) raw_noncoding(0.00) offset(0.00) 
39778	40428	single+	1	3	{Augustus_model.g748.t1;Augustus},{GlimmerHMM_glimmerT_836-T1;GlimmerHMM}

# EVM prediction: Mode:STANDARD S-ratio: 5.00 40758-41807 orient(-) score(5250.00) noncoding_equivalent(1050.00) raw_noncoding(1050.00) offset(0.00) 
41807	40758	single-	4	6	{HiQ_model.g749.t1;HiQ},{GlimmerHMM_glimmerT_837-T1;GlimmerHMM}

# EVM prediction: Mode:STANDARD S-ratio: 3.44 42411-43310 orient(-) score(4064.00) noncoding_equivalent(1182.33) raw_noncoding(1446.88) offset(264.55) 
42655	42411	terminal-	5	6	{GlimmerHMM_glimmerT_838-T1;GlimmerHMM},{HiQ_model.g750.t1;HiQ}
42735	42656	INTRON			{GlimmerHMM_glimmerT_838-T1;GlimmerHMM},{HiQ_model.g750.t1;HiQ},{ev_type:exonerate/ID=match.111469.2284/Target=YGR001C;exonerate}
43214	42736	internal-	6	4	{GlimmerHMM_glimmerT_838-T1;GlimmerHMM},{HiQ_model.g750.t1;HiQ},{ev_type:exonerate/ID=match.111469.2284/Target=YGR001C;exonerate}
43275	43215	INTRON			{GlimmerHMM_glimmerT_838-T1;GlimmerHMM},{HiQ_model.g750.t1;HiQ},{ev_type:exonerate/ID=match.111469.2284/Target=YGR001C;exonerate}
43310	43276	initial-	4	5	{GlimmerHMM_glimmerT_838-T1;GlimmerHMM},{HiQ_model.g750.t1;HiQ}

# EVM prediction: Mode:STANDARD S-ratio: 2.00 43768-45192 orient(-) score(5700.00) noncoding_equivalent(2850.00) raw_noncoding(2850.00) offset(0.00) 
45192	43768	single-	4	6	{GlimmerHMM_glimmerT_839-T1;GlimmerHMM},{HiQ_model.g751.t1;HiQ}

# EVM prediction: Mode:STANDARD S-ratio: 5.84 45537-49680 orient(+) score(12397.00) noncoding_equivalent(2122.34) raw_noncoding(2727.00) offset(604.66) 
45537	47565	initial+	1	1	{GlimmerHMM_glimmerT_840-T1;GlimmerHMM}
47566	48262	INTRON			{GlimmerHMM_glimmerT_840-T1;GlimmerHMM},{Augustus_model.g752.t1;Augustus}
48263	48908	internal+	2	2	{GlimmerHMM_glimmerT_840-T1;GlimmerHMM},{Augustus_model.g752.t1;Augustus}
48909	49034	INTRON			{GlimmerHMM_glimmerT_840-T1;GlimmerHMM},{Augustus_model.g752.t1;Augustus}
49035	49680	terminal+	3	3	{GlimmerHMM_glimmerT_840-T1;GlimmerHMM},{Augustus_model.g752.t1;Augustus}

# EVM prediction: Mode:STANDARD S-ratio: 4.93 50019-51221 orient(-) score(5985.00) noncoding_equivalent(1215.00) raw_noncoding(1215.00) offset(0.00) 
51221	50019	single-	4	6	{HiQ_model.g753.t1;HiQ},{GlimmerHMM_glimmerT_841-T1;GlimmerHMM}

# EVM prediction: Mode:STANDARD S-ratio: 122.92 51430-52182 orient(+) score(2236.00) noncoding_equivalent(18.19) raw_noncoding(18.19) offset(0.00) 
51430	52182	single+	1	3	{GlimmerHMM_glimmerT_842-T1;GlimmerHMM},{Augustus_model.g754.t1;Augustus}

# EVM prediction: Mode:STANDARD S-ratio: 6.04 52343-53314 orient(+) score(2502.00) noncoding_equivalent(414.00) raw_noncoding(414.00) offset(0.00) 
52343	53314	single+	1	3	{GlimmerHMM_glimmerT_843-T1;GlimmerHMM},{Augustus_model.g755.t1;Augustus}

# EVM prediction: Mode:STANDARD S-ratio: 4.85 53448-53702 orient(-) score(1267.00) noncoding_equivalent(261.03) raw_noncoding(261.03) offset(0.00) 
53702	53448	single-	4	6	{HiQ_model.g756.t1;HiQ},{GlimmerHMM_glimmerT_844-T1;GlimmerHMM}

# EVM prediction: Mode:STANDARD S-ratio: 262.67 54368-56326 orient(-) score(5850.00) noncoding_equivalent(22.27) raw_noncoding(22.27) offset(0.00) 
56326	54368	single-	4	6	{Augustus_model.g757.t1;Augustus},{GlimmerHMM_glimmerT_845-T1;GlimmerHMM}

# EVM prediction: Mode:STANDARD S-ratio: 3.00 56866-58053 orient(+) score(3564.00) noncoding_equivalent(1188.00) raw_noncoding(1188.00) offset(0.00) 
56866	58053	single+	1	3	{GlimmerHMM_glimmerT_846-T1;GlimmerHMM},{Augustus_model.g758.t1;Augustus}

# EVM prediction: Mode:STANDARD S-ratio: 10000.00 58571-59755 orient(+) score(3546.00) noncoding_equivalent(0.35) raw_noncoding(0.00) offset(0.00) 
58571	59755	single+	1	3	{GlimmerHMM_glimmerT_847-T1;GlimmerHMM},{Augustus_model.g759.t1;Augustus}

# EVM prediction: Mode:STANDARD S-ratio: 99.88 59994-61826 orient(+) score(5443.00) noncoding_equivalent(54.49) raw_noncoding(54.49) offset(0.00) 
59994	61826	single+	1	3	{GlimmerHMM_glimmerT_848-T1;GlimmerHMM}

# EVM prediction: Mode:STANDARD S-ratio: 16.42 62413-65736 orient(+) score(9398.00) noncoding_equivalent(572.45) raw_noncoding(572.45) offset(0.00) 
62413	65736	single+	1	3	{GlimmerHMM_glimmerT_849-T1;GlimmerHMM}

# EVM prediction: Mode:STANDARD S-ratio: 8.20 65974-67090 orient(-) score(2808.00) noncoding_equivalent(342.32) raw_noncoding(643.84) offset(301.52) 
66866	65974	terminal-	5	6	{Augustus_model.g761.t1;Augustus}
67065	66867	INTRON			{Augustus_model.g761.t1;Augustus}
67090	67066	initial-	4	4	{Augustus_model.g761.t1;Augustus}

# EVM prediction: Mode:STANDARD S-ratio: 1.01 67155-67727 orient(+) score(1146.00) noncoding_equivalent(1137.99) raw_noncoding(1137.99) offset(0.00) 
67155	67727	single+	1	3	{GlimmerHMM_glimmerT_851-T1;GlimmerHMM}

# EVM prediction: Mode:STANDARD S-ratio: 4.00 68717-69616 orient(+) score(3600.00) noncoding_equivalent(900.00) raw_noncoding(900.00) offset(0.00) 
68717	69616	single+	1	3	{GlimmerHMM_glimmerT_852-T1;GlimmerHMM},{HiQ_model.g762.t1;HiQ}

# EVM prediction: Mode:STANDARD S-ratio: 10000.00 70163-71578 orient(+) score(5664.00) noncoding_equivalent(0.57) raw_noncoding(0.00) offset(0.00) 
70163	71578	single+	1	3	{GlimmerHMM_glimmerT_853-T1;GlimmerHMM},{Augustus_model.g763.t1;Augustus}

# EVM prediction: Mode:STANDARD S-ratio: 4.63 71891-72247 orient(-) score(1760.00) noncoding_equivalent(380.20) raw_noncoding(380.20) offset(0.00) 
72247	71891	single-	4	6	{GlimmerHMM_glimmerT_854-T1;GlimmerHMM},{HiQ_model.g764.t1;HiQ}

# EVM prediction: Mode:STANDARD S-ratio: 104.82 72557-73429 orient(+) score(3459.00) noncoding_equivalent(33.00) raw_noncoding(33.00) offset(0.00) 
72557	73429	single+	1	3	{Augustus_model.g765.t1;Augustus},{GlimmerHMM_glimmerT_855-T1;GlimmerHMM}

# EVM prediction: Mode:STANDARD S-ratio: 168.00 74189-75202 orient(-) score(3024.00) noncoding_equivalent(18.00) raw_noncoding(18.00) offset(0.00) 
75202	74189	single-	4	6	{GlimmerHMM_glimmerT_856-T1;GlimmerHMM},{Augustus_model.g766.t1;Augustus}

# EVM prediction: Mode:STANDARD S-ratio: 18.27 75387-75887 orient(+) score(1425.00) noncoding_equivalent(78.00) raw_noncoding(78.00) offset(0.00) 
75387	75887	single+	1	3	{Augustus_model.g767.t1;Augustus},{GlimmerHMM_glimmerT_857-T1;GlimmerHMM}

# EVM prediction: Mode:STANDARD S-ratio: 4.54 77057-77851 orient(-) score(3843.00) noncoding_equivalent(846.00) raw_noncoding(846.00) offset(0.00) 
77851	77057	single-	4	6	{GlimmerHMM_glimmerT_858-T1;GlimmerHMM},{HiQ_model.g768.t1;HiQ}

# EVM prediction: Mode:STANDARD S-ratio: 10000.00 78167-79003 orient(+) score(3348.00) noncoding_equivalent(0.33) raw_noncoding(0.00) offset(0.00) 
78167	79003	single+	1	3	{GlimmerHMM_glimmerT_859-T1;GlimmerHMM},{Augustus_model.g769.t1;Augustus}

# EVM prediction: Mode:STANDARD S-ratio: 5.78 79361-79687 orient(-) score(1950.00) noncoding_equivalent(337.08) raw_noncoding(337.08) offset(0.00) 
79687	79361	single-	4	6	{HiQ_model.g770.t1;HiQ},{GlimmerHMM_glimmerT_860-T1;GlimmerHMM}

# EVM prediction: Mode:STANDARD S-ratio: 67.81 81064-82152 orient(+) score(3218.00) noncoding_equivalent(47.46) raw_noncoding(47.46) offset(0.00) 
81064	82152	single+	1	3	{Augustus_model.g771.t1;Augustus},{GlimmerHMM_glimmerT_861-T1;GlimmerHMM}

# EVM prediction: Mode:STANDARD S-ratio: 2.23 82480-83107 orient(+) score(1681.00) noncoding_equivalent(752.63) raw_noncoding(857.00) offset(104.37) 
82480	82547	initial+	1	2	{Augustus_model.g772.t1;Augustus}
82548	82623	INTRON			{Augustus_model.g772.t1;Augustus},{ev_type:exonerate/ID=match.111469.3237/Target=YGR029W;exonerate}
82624	83107	terminal+	3	3	{Augustus_model.g772.t1;Augustus}

# EVM prediction: Mode:STANDARD S-ratio: 10000.00 85724-86203 orient(-) score(1440.00) noncoding_equivalent(0.14) raw_noncoding(0.00) offset(0.00) 
86203	85724	single-	4	6	{GlimmerHMM_glimmerT_863-T1;GlimmerHMM},{Augustus_model.g773.t1;Augustus}

# EVM prediction: Mode:STANDARD S-ratio: 2.01 86475-87497 orient(+) score(2046.00) noncoding_equivalent(1019.35) raw_noncoding(1019.35) offset(0.00) 
86475	87497	single+	1	3	{Augustus_model.g774.t1;Augustus},{GlimmerHMM_glimmerT_864-T1;GlimmerHMM}

# EVM prediction: Mode:STANDARD S-ratio: 208.07 88301-93988 orient(+) score(28090.00) noncoding_equivalent(135.00) raw_noncoding(135.00) offset(0.00) 
88301	93988	single+	1	3	{GlimmerHMM_glimmerT_865-T1;GlimmerHMM},{Augustus_model.g775.t1;Augustus}

# EVM prediction: Mode:STANDARD S-ratio: 18.85 94278-95015 orient(-) score(2101.00) noncoding_equivalent(111.48) raw_noncoding(111.48) offset(0.00) 
95015	94278	single-	4	6	{Augustus_model.g776.t1;Augustus},{GlimmerHMM_glimmerT_866-T1;GlimmerHMM}

# EVM prediction: Mode:STANDARD S-ratio: 2.83 95892-96773 orient(+) score(2859.00) noncoding_equivalent(1011.00) raw_noncoding(1506.00) offset(495.00) 
95892	95910	initial+	1	1	{Augustus_model.g777.t1;Augustus},{GlimmerHMM_glimmerT_867-T1;GlimmerHMM}
95911	96408	INTRON			{Augustus_model.g777.t1;Augustus},{GlimmerHMM_glimmerT_867-T1;GlimmerHMM}
96409	96773	terminal+	2	3	{snap_scaffold_2-snap.226-T1;snap},{Augustus_model.g777.t1;Augustus},{GlimmerHMM_glimmerT_867-T1;GlimmerHMM}

# EVM prediction: Mode:STANDARD S-ratio: 50.37 97154-97516 orient(-) score(710.00) noncoding_equivalent(14.09) raw_noncoding(14.09) offset(0.00) 
97516	97154	single-	4	6	{Augustus_model.g778.t1;Augustus}

# EVM prediction: Mode:STANDARD S-ratio: 5.00 98239-98958 orient(-) score(3600.00) noncoding_equivalent(720.00) raw_noncoding(720.00) offset(0.00) 
98958	98239	single-	4	6	{GlimmerHMM_glimmerT_869-T1;GlimmerHMM},{HiQ_model.g779.t1;HiQ}

