!! Predictions spanning range 10621 - 92273 [R1]
# EVM prediction: Mode:STANDARD S-ratio: 10000.00 10621-11970 orient(+) score(2700.00) noncoding_equivalent(0.27) raw_noncoding(0.00) offset(0.00) 
10621	11970	single+	1	3	{Augustus_gene886.t1;Augustus}

# EVM prediction: Mode:STANDARD S-ratio: 10000.00 22526-26320 orient(+) score(7590.00) noncoding_equivalent(0.76) raw_noncoding(0.00) offset(0.00) 
22526	26320	single+	1	3	{Augustus_gene984.t1;Augustus}

# EVM prediction: Mode:STANDARD S-ratio: 10000.00 49161-52463 orient(-) score(6606.00) noncoding_equivalent(0.66) raw_noncoding(0.00) offset(0.00) 
52463	49161	single-	4	6	{Augustus_gene1145.t1;Augustus}

# EVM prediction: Mode:STANDARD S-ratio: 10000.00 65490-66404 orient(+) score(1830.00) noncoding_equivalent(0.18) raw_noncoding(0.00) offset(0.00) 
65490	65526	initial+	1	1	{Augustus_gene798.t1;Augustus}
65527	65598	INTRON			{Augustus_gene798.t1;Augustus}
65599	66404	terminal+	2	3	{Augustus_gene798.t1;Augustus}

# EVM prediction: Mode:STANDARD S-ratio: 10000.00 69067-71142 orient(-) score(4152.00) noncoding_equivalent(0.42) raw_noncoding(0.00) offset(0.00) 
70714	69067	terminal-	6	6	{Augustus_gene1071.t1;Augustus}
70978	70715	INTRON			{Augustus_gene1071.t1;Augustus}
71142	70979	initial-	4	5	{Augustus_gene1071.t1;Augustus}

# EVM prediction: Mode:STANDARD S-ratio: 10000.00 71281-73082 orient(+) score(3604.00) noncoding_equivalent(0.36) raw_noncoding(0.00) offset(0.00) 
71281	71330	initial+	1	2	{Augustus_gene456.t1;Augustus}
71331	71851	INTRON			{Augustus_gene456.t1;Augustus}
71852	73082	terminal+	3	3	{Augustus_gene456.t1;Augustus}

# EVM prediction: Mode:STANDARD S-ratio: 10000.00 74460-77639 orient(-) score(6360.00) noncoding_equivalent(0.64) raw_noncoding(0.00) offset(0.00) 
77639	74460	single-	4	6	{Augustus_gene304.t1;Augustus}

# EVM prediction: Mode:STANDARD S-ratio: 10000.00 91194-92273 orient(-) score(2160.00) noncoding_equivalent(0.22) raw_noncoding(0.00) offset(0.00) 
92273	91194	single-	4	6	{Augustus_gene373.t1;Augustus}

