!! Predictions spanning range 3746 - 99448 [R1]
# EVM prediction: Mode:STANDARD S-ratio: 118.82 4059-5504 orient(+) score(4300.00) noncoding_equivalent(36.19) raw_noncoding(36.19) offset(0.00) 
4059	5504	single+	1	3	{Augustus_model.g4611.t1;Augustus},{GlimmerHMM_glimmerT_5231-T1;GlimmerHMM}

# EVM prediction: Mode:STANDARD S-ratio: 228.87 5554-6168 orient(-) score(1835.00) noncoding_equivalent(8.02) raw_noncoding(8.02) offset(0.00) 
6168	5554	single-	4	6	{GlimmerHMM_glimmerT_5232-T1;GlimmerHMM},{Augustus_model.g4612.t1;Augustus}

# EVM prediction: Mode:STANDARD S-ratio: 2.64 6517-7704 orient(+) score(3440.00) noncoding_equivalent(1303.11) raw_noncoding(1303.11) offset(0.00) 
6517	7704	single+	1	3	{Augustus_model.g4613.t1;Augustus},{GlimmerHMM_glimmerT_5233-T1;GlimmerHMM}

# EVM prediction: Mode:STANDARD S-ratio: 60.33 8810-10840 orient(+) score(5992.00) noncoding_equivalent(99.33) raw_noncoding(99.33) offset(0.00) 
8810	10840	single+	1	3	{Augustus_model.g4614.t1;Augustus},{GlimmerHMM_glimmerT_5234-T1;GlimmerHMM}

# EVM prediction: Mode:STANDARD S-ratio: 11.73 11102-12313 orient(-) score(3350.00) noncoding_equivalent(285.49) raw_noncoding(285.49) offset(0.00) 
12313	11102	single-	4	6	{Augustus_model.g4615.t1;Augustus},{GlimmerHMM_glimmerT_5235-T1;GlimmerHMM}

# EVM prediction: Mode:STANDARD S-ratio: 160.48 12711-13952 orient(-) score(3701.00) noncoding_equivalent(23.06) raw_noncoding(23.06) offset(0.00) 
13952	12711	single-	4	6	{GlimmerHMM_glimmerT_5236-T1;GlimmerHMM},{Augustus_model.g4616.t1;Augustus}

# EVM prediction: Mode:STANDARD S-ratio: 10000.00 14857-15648 orient(-) score(2376.00) noncoding_equivalent(0.24) raw_noncoding(0.00) offset(0.00) 
15648	14857	single-	4	6	{Augustus_model.g4617.t1;Augustus},{GlimmerHMM_glimmerT_5237-T1;GlimmerHMM}

# EVM prediction: Mode:STANDARD S-ratio: 26.03 17462-18292 orient(-) score(2401.00) noncoding_equivalent(92.23) raw_noncoding(92.23) offset(0.00) 
18292	17462	single-	4	6	{Augustus_model.g4618.t1;Augustus}

# EVM prediction: Mode:STANDARD S-ratio: 15.98 19441-20394 orient(-) score(2692.00) noncoding_equivalent(168.43) raw_noncoding(168.43) offset(0.00) 
20394	19441	single-	4	6	{GlimmerHMM_glimmerT_5239-T1;GlimmerHMM}

# EVM prediction: Mode:STANDARD S-ratio: 3.27 22746-24445 orient(-) score(3927.00) noncoding_equivalent(1201.29) raw_noncoding(2318.24) offset(1116.95) 
23842	22746	terminal-	5	6	{Augustus_model.g4620.t1;Augustus},{GlimmerHMM_glimmerT_5240-T1;GlimmerHMM},{snap_scaffold_7-snap.111-T1;snap}
24402	23843	INTRON			{GlimmerHMM_glimmerT_5240-T1;GlimmerHMM}
24445	24403	initial-	4	4	{GlimmerHMM_glimmerT_5240-T1;GlimmerHMM}

# EVM prediction: Mode:STANDARD S-ratio: 8.16 24635-26263 orient(+) score(4693.00) noncoding_equivalent(575.05) raw_noncoding(575.05) offset(0.00) 
24635	26263	single+	1	3	{Augustus_model.g4621.t1;Augustus},{GlimmerHMM_glimmerT_5241-T1;GlimmerHMM}

# EVM prediction: Mode:STANDARD S-ratio: 29.75 26921-27466 orient(+) score(1583.00) noncoding_equivalent(53.22) raw_noncoding(53.22) offset(0.00) 
26921	27466	single+	1	3	{GlimmerHMM_glimmerT_5242-T1;GlimmerHMM},{Augustus_model.g4622.t1;Augustus}

# EVM prediction: Mode:STANDARD S-ratio: 13.02 28201-31176 orient(-) score(8280.00) noncoding_equivalent(636.00) raw_noncoding(636.00) offset(0.00) 
31176	28201	single-	4	6	{GlimmerHMM_glimmerT_5244-T1;GlimmerHMM}

# EVM prediction: Mode:STANDARD S-ratio: 10000.00 34773-35993 orient(+) score(3663.00) noncoding_equivalent(0.37) raw_noncoding(0.00) offset(0.00) 
34773	35993	single+	1	3	{Augustus_model.g4624.t1;Augustus},{GlimmerHMM_glimmerT_5245-T1;GlimmerHMM}

# EVM prediction: Mode:STANDARD S-ratio: 14.14 36695-38335 orient(+) score(4597.00) noncoding_equivalent(325.14) raw_noncoding(325.14) offset(0.00) 
36695	38335	single+	1	3	{GlimmerHMM_glimmerT_5246-T1;GlimmerHMM},{Augustus_model.g4625.t1;Augustus}

# EVM prediction: Mode:STANDARD S-ratio: 45.77 43691-47713 orient(-) score(11809.00) noncoding_equivalent(258.03) raw_noncoding(258.03) offset(0.00) 
47713	43691	single-	4	6	{GlimmerHMM_glimmerT_5247-T1;GlimmerHMM}

# EVM prediction: Mode:STANDARD S-ratio: 10000.00 49706-50740 orient(+) score(3096.00) noncoding_equivalent(0.31) raw_noncoding(0.00) offset(0.00) 
49706	50740	single+	1	3	{GlimmerHMM_glimmerT_5248-T1;GlimmerHMM},{Augustus_model.g4627.t1;Augustus}

# EVM prediction: Mode:STANDARD S-ratio: 624.60 51477-54401 orient(-) score(8759.00) noncoding_equivalent(14.02) raw_noncoding(14.02) offset(0.00) 
54401	51477	single-	4	6	{Augustus_model.g4628.t1;Augustus},{GlimmerHMM_glimmerT_5249-T1;GlimmerHMM}

# EVM prediction: Mode:STANDARD S-ratio: 53.74 58457-59938 orient(+) score(4363.00) noncoding_equivalent(81.18) raw_noncoding(81.18) offset(0.00) 
58457	59938	single+	1	3	{GlimmerHMM_glimmerT_5250-T1;GlimmerHMM}

# EVM prediction: Mode:STANDARD S-ratio: 9.74 61666-62384 orient(+) score(2543.00) noncoding_equivalent(261.03) raw_noncoding(762.17) offset(501.14) 
61666	61671	initial+	1	3	{snap_scaffold_7-snap.121-T1;snap}
61672	61922	INTRON			{snap_scaffold_7-snap.121-T1;snap}
61923	62384	terminal+	1	3	{GlimmerHMM_glimmerT_5251-T1;GlimmerHMM},{snap_scaffold_7-snap.121-T1;snap},{Augustus_model.g4629.t1;Augustus}

# EVM prediction: Mode:STANDARD S-ratio: 20.43 64854-66653 orient(+) score(5148.00) noncoding_equivalent(252.00) raw_noncoding(252.00) offset(0.00) 
64854	66653	single+	1	3	{GlimmerHMM_glimmerT_5252-T1;GlimmerHMM},{Augustus_model.g4630.t1;Augustus}

# EVM prediction: Mode:STANDARD S-ratio: 30.67 67224-68591 orient(+) score(3973.00) noncoding_equivalent(129.53) raw_noncoding(129.53) offset(0.00) 
67224	68591	single+	1	3	{Augustus_model.g4631.t1;Augustus},{GlimmerHMM_glimmerT_5253-T1;GlimmerHMM}

# EVM prediction: Mode:STANDARD S-ratio: 7.70 69591-70175 orient(+) score(1619.00) noncoding_equivalent(210.29) raw_noncoding(290.68) offset(80.39) 
69591	69648	initial+	1	1	{Augustus_model.g4632.t1;Augustus},{GlimmerHMM_glimmerT_5254-T1;GlimmerHMM}
69649	69726	INTRON			{Augustus_model.g4632.t1;Augustus},{GlimmerHMM_glimmerT_5254-T1;GlimmerHMM}
69727	70175	terminal+	2	3	{Augustus_model.g4632.t1;Augustus},{GlimmerHMM_glimmerT_5254-T1;GlimmerHMM},{snap_scaffold_7-snap.124-T1;snap}

# EVM prediction: Mode:STANDARD S-ratio: 10000.00 70292-77773 orient(-) score(22446.00) noncoding_equivalent(2.24) raw_noncoding(0.00) offset(0.00) 
77773	70292	single-	4	6	{Augustus_model.g4633.t1;Augustus},{GlimmerHMM_glimmerT_5255-T1;GlimmerHMM}

# EVM prediction: Mode:STANDARD S-ratio: 803.52 80639-82531 orient(+) score(5670.00) noncoding_equivalent(7.06) raw_noncoding(7.06) offset(0.00) 
80639	82531	single+	1	3	{Augustus_model.g4634.t1;Augustus},{GlimmerHMM_glimmerT_5256-T1;GlimmerHMM}

# EVM prediction: Mode:STANDARD S-ratio: 1.65 82702-83955 orient(-) score(2340.00) noncoding_equivalent(1414.03) raw_noncoding(1489.03) offset(75.00) 
83793	82702	terminal-	4	6	{GlimmerHMM_glimmerT_5257-T1;GlimmerHMM}
83868	83794	INTRON			{GlimmerHMM_glimmerT_5257-T1;GlimmerHMM}
83955	83869	initial-	4	6	{GlimmerHMM_glimmerT_5257-T1;GlimmerHMM}

# EVM prediction: Mode:STANDARD S-ratio: 4.39 84147-87782 orient(+) score(9766.00) noncoding_equivalent(2224.16) raw_noncoding(3258.00) offset(1033.84) 
84147	86301	initial+	1	1	{Augustus_model.g4636.t1;Augustus},{GlimmerHMM_glimmerT_5258-T1;GlimmerHMM}
86302	87387	INTRON			{Augustus_model.g4636.t1;Augustus},{GlimmerHMM_glimmerT_5258-T1;GlimmerHMM}
87388	87782	terminal+	2	3	{Augustus_model.g4636.t1;Augustus},{GlimmerHMM_glimmerT_5258-T1;GlimmerHMM}

# EVM prediction: Mode:STANDARD S-ratio: 84.28 88106-90403 orient(-) score(6814.00) noncoding_equivalent(80.85) raw_noncoding(80.85) offset(0.00) 
90403	88106	single-	4	6	{Augustus_model.g4637.t1;Augustus}

# EVM prediction: Mode:STANDARD S-ratio: 605.24 94197-95009 orient(-) score(2433.00) noncoding_equivalent(4.02) raw_noncoding(4.02) offset(0.00) 
95009	94197	single-	4	6	{Augustus_model.g4638.t1;Augustus},{GlimmerHMM_glimmerT_5260-T1;GlimmerHMM}

# EVM prediction: Mode:STANDARD S-ratio: 357.80 96437-98230 orient(-) score(5367.00) noncoding_equivalent(15.00) raw_noncoding(15.00) offset(0.00) 
98230	96437	single-	4	6	{Augustus_model.g4639.t1;Augustus},{GlimmerHMM_glimmerT_5261-T1;GlimmerHMM}

# EVM prediction: Mode:STANDARD S-ratio: 2.01 98561-99448 orient(-) score(1776.00) noncoding_equivalent(883.00) raw_noncoding(883.00) offset(0.00) 
99448	98561	single-	4	6	{Augustus_model.g4640.t1;Augustus},{GlimmerHMM_glimmerT_5262-T1;GlimmerHMM}

