!! Predictions spanning range 1266 - 99010 [R1]
# EVM prediction: Mode:STANDARD S-ratio: 2.03 1266-2600 orient(-) score(5340.00) noncoding_equivalent(2636.10) raw_noncoding(2636.10) offset(0.00) 
2600	1266	single-	4	6	{HiQ_model.g1327.t1;HiQ},{GlimmerHMM_glimmerT_1437-T1;GlimmerHMM}

# EVM prediction: Mode:STANDARD S-ratio: 10000.00 3256-5430 orient(+) score(8700.00) noncoding_equivalent(0.87) raw_noncoding(0.00) offset(0.00) 
3256	5430	single+	1	3	{GlimmerHMM_glimmerT_1438-T1;GlimmerHMM},{Augustus_model.g1328.t1;Augustus}

# EVM prediction: Mode:STANDARD S-ratio: 4.83 5521-6048 orient(-) score(2623.00) noncoding_equivalent(543.10) raw_noncoding(543.10) offset(0.00) 
6048	5521	single-	4	6	{GlimmerHMM_glimmerT_1439-T1;GlimmerHMM},{HiQ_model.g1329.t1;HiQ}

# EVM prediction: Mode:STANDARD S-ratio: 186.20 6380-7081 orient(+) score(2793.00) noncoding_equivalent(15.00) raw_noncoding(15.00) offset(0.00) 
6380	7081	single+	1	3	{GlimmerHMM_glimmerT_1440-T1;GlimmerHMM}

# EVM prediction: Mode:STANDARD S-ratio: 10000.00 7265-8428 orient(-) score(4647.00) noncoding_equivalent(0.46) raw_noncoding(0.00) offset(0.00) 
8428	7265	single-	4	6	{GlimmerHMM_glimmerT_1441-T1;GlimmerHMM}

# EVM prediction: Mode:STANDARD S-ratio: 44.28 8724-11282 orient(-) score(7508.00) noncoding_equivalent(169.57) raw_noncoding(169.57) offset(0.00) 
11282	8724	single-	4	6	{GlimmerHMM_glimmerT_1442-T1;GlimmerHMM}

# EVM prediction: Mode:STANDARD S-ratio: 743.00 11663-15568 orient(-) score(15603.00) noncoding_equivalent(21.00) raw_noncoding(21.00) offset(0.00) 
15568	11663	single-	4	6	{GlimmerHMM_glimmerT_1443-T1;GlimmerHMM},{Augustus_model.g1332.t1;Augustus}

# EVM prediction: Mode:STANDARD S-ratio: 5.00 15991-17088 orient(-) score(5490.00) noncoding_equivalent(1098.00) raw_noncoding(1098.00) offset(0.00) 
17088	15991	single-	4	6	{GlimmerHMM_glimmerT_1444-T1;GlimmerHMM},{HiQ_model.g1333.t1;HiQ}

# EVM prediction: Mode:STANDARD S-ratio: 4.40 17507-17917 orient(-) score(2016.00) noncoding_equivalent(458.21) raw_noncoding(458.21) offset(0.00) 
17917	17507	single-	4	6	{HiQ_model.g1334.t1;HiQ}

# EVM prediction: Mode:STANDARD S-ratio: 194.08 18445-18933 orient(+) score(2187.00) noncoding_equivalent(11.27) raw_noncoding(11.27) offset(0.00) 
18445	18933	single+	1	3	{GlimmerHMM_glimmerT_1446-T1;GlimmerHMM}

# EVM prediction: Mode:STANDARD S-ratio: 489.16 19474-20712 orient(+) score(4946.00) noncoding_equivalent(10.11) raw_noncoding(10.11) offset(0.00) 
19474	20712	single+	1	3	{Augustus_model.g1336.t1;Augustus},{GlimmerHMM_glimmerT_1447-T1;GlimmerHMM}

# EVM prediction: Mode:STANDARD S-ratio: 4.72 20949-21746 orient(-) score(3951.00) noncoding_equivalent(837.00) raw_noncoding(837.00) offset(0.00) 
21746	20949	single-	4	6	{GlimmerHMM_glimmerT_1448-T1;GlimmerHMM},{HiQ_model.g1337.t1;HiQ}

# EVM prediction: Mode:STANDARD S-ratio: 67.71 22300-23274 orient(+) score(3844.00) noncoding_equivalent(56.77) raw_noncoding(56.77) offset(0.00) 
22300	23274	single+	1	3	{GlimmerHMM_glimmerT_1449-T1;GlimmerHMM}

# EVM prediction: Mode:STANDARD S-ratio: 35.12 23578-31614 orient(-) score(18130.00) noncoding_equivalent(516.20) raw_noncoding(687.00) offset(170.80) 
27714	23578	terminal-	4	6	{Augustus_model.g1339.t1;Augustus}
29607	27715	INTRON			{Augustus_model.g1339.t1;Augustus}
31614	29608	initial-	4	6	{Augustus_model.g1339.t1;Augustus}

# EVM prediction: Mode:STANDARD S-ratio: 424.15 32176-33567 orient(+) score(5555.00) noncoding_equivalent(13.10) raw_noncoding(13.10) offset(0.00) 
32176	33567	single+	1	3	{Augustus_model.g1340.t1;Augustus},{GlimmerHMM_glimmerT_1452-T1;GlimmerHMM}

# EVM prediction: Mode:STANDARD S-ratio: 4.28 34007-35611 orient(-) score(7806.00) noncoding_equivalent(1824.00) raw_noncoding(1824.00) offset(0.00) 
35611	34007	single-	4	6	{HiQ_model.g1341.t1;HiQ}

# EVM prediction: Mode:STANDARD S-ratio: 2093.52 36500-38629 orient(+) score(8516.00) noncoding_equivalent(4.07) raw_noncoding(4.07) offset(0.00) 
36500	38629	single+	1	3	{GlimmerHMM_glimmerT_1454-T1;GlimmerHMM},{Augustus_model.g1342.t1;Augustus}

# EVM prediction: Mode:STANDARD S-ratio: 4.92 38883-40514 orient(-) score(8139.00) noncoding_equivalent(1653.00) raw_noncoding(1653.00) offset(0.00) 
40514	38883	single-	4	6	{GlimmerHMM_glimmerT_1455-T1;GlimmerHMM},{HiQ_model.g1343.t1;HiQ}

# EVM prediction: Mode:STANDARD S-ratio: 24.93 41152-42942 orient(+) score(6889.00) noncoding_equivalent(276.28) raw_noncoding(276.28) offset(0.00) 
41152	42942	single+	1	3	{GlimmerHMM_glimmerT_1456-T1;GlimmerHMM},{Augustus_model.g1344.t1;Augustus}

# EVM prediction: Mode:STANDARD S-ratio: 221.18 43379-45211 orient(+) score(7299.00) noncoding_equivalent(33.00) raw_noncoding(33.00) offset(0.00) 
43379	45211	single+	1	3	{Augustus_model.g1345.t1;Augustus},{GlimmerHMM_glimmerT_1457-T1;GlimmerHMM}

# EVM prediction: Mode:STANDARD S-ratio: 224.10 45653-46780 orient(+) score(4492.00) noncoding_equivalent(20.04) raw_noncoding(20.04) offset(0.00) 
45653	46780	single+	1	3	{GlimmerHMM_glimmerT_1458-T1;GlimmerHMM}

# EVM prediction: Mode:STANDARD S-ratio: 250.70 47256-52352 orient(+) score(20307.00) noncoding_equivalent(81.00) raw_noncoding(81.00) offset(0.00) 
47256	52352	single+	1	3	{GlimmerHMM_glimmerT_1459-T1;GlimmerHMM},{Augustus_model.g1347.t1;Augustus}

# EVM prediction: Mode:STANDARD S-ratio: 2.00 52450-53115 orient(-) score(2664.00) noncoding_equivalent(1332.00) raw_noncoding(1332.00) offset(0.00) 
53115	52450	single-	4	6	{GlimmerHMM_glimmerT_1460-T1;GlimmerHMM},{HiQ_model.g1348.t1;HiQ}

# EVM prediction: Mode:STANDARD S-ratio: 4.93 54416-56674 orient(-) score(11269.00) noncoding_equivalent(2285.25) raw_noncoding(2285.25) offset(0.00) 
56674	54416	single-	4	6	{HiQ_model.g1349.t1;HiQ},{GlimmerHMM_glimmerT_1461-T1;GlimmerHMM}

# EVM prediction: Mode:STANDARD S-ratio: 4.99 57002-58993 orient(-) score(9956.00) noncoding_equivalent(1996.03) raw_noncoding(1996.03) offset(0.00) 
58993	57002	single-	4	6	{HiQ_model.g1350.t1;HiQ},{GlimmerHMM_glimmerT_1462-T1;GlimmerHMM}

# EVM prediction: Mode:STANDARD S-ratio: 1199.86 59702-64249 orient(+) score(18177.00) noncoding_equivalent(15.15) raw_noncoding(15.15) offset(0.00) 
59702	64249	single+	1	3	{Augustus_model.g1351.t1;Augustus},{GlimmerHMM_glimmerT_1463-T1;GlimmerHMM}

# EVM prediction: Mode:STANDARD S-ratio: 343.78 65773-66183 orient(+) score(1456.00) noncoding_equivalent(4.24) raw_noncoding(4.24) offset(0.00) 
65773	66183	single+	1	3	{Augustus_model.g1352.t1;Augustus},{GlimmerHMM_glimmerT_1464-T1;GlimmerHMM}

# EVM prediction: Mode:STANDARD S-ratio: 151.62 66951-68438 orient(+) score(5913.00) noncoding_equivalent(39.00) raw_noncoding(39.00) offset(0.00) 
66951	68438	single+	1	3	{Augustus_model.g1353.t1;Augustus},{GlimmerHMM_glimmerT_1465-T1;GlimmerHMM}

# EVM prediction: Mode:STANDARD S-ratio: 201.55 68791-70461 orient(+) score(6651.00) noncoding_equivalent(33.00) raw_noncoding(33.00) offset(0.00) 
68791	70461	single+	1	3	{GlimmerHMM_glimmerT_1466-T1;GlimmerHMM},{Augustus_model.g1354.t1;Augustus}

# EVM prediction: Mode:STANDARD S-ratio: 20.89 70629-71504 orient(+) score(3344.00) noncoding_equivalent(160.10) raw_noncoding(160.10) offset(0.00) 
70629	71504	single+	1	3	{Augustus_model.g1355.t1;Augustus}

# EVM prediction: Mode:STANDARD S-ratio: 24.95 71872-73911 orient(+) score(8160.00) noncoding_equivalent(327.00) raw_noncoding(333.00) offset(6.00) 
71872	71892	initial+	1	3	{snap_scaffold_4-snap.100-T1;snap},{GlimmerHMM_glimmerT_1468-T1;GlimmerHMM},{Augustus_model.g1356.t1;Augustus}
71893	72003	INTRON			{snap_scaffold_4-snap.100-T1;snap},{GlimmerHMM_glimmerT_1468-T1;GlimmerHMM},{Augustus_model.g1356.t1;Augustus},{ev_type:exonerate/ID=match.147026.674/Target=YDR129C;exonerate}
72004	73911	terminal+	1	3	{snap_scaffold_4-snap.100-T1;snap},{GlimmerHMM_glimmerT_1468-T1;GlimmerHMM},{Augustus_model.g1356.t1;Augustus}

# EVM prediction: Mode:STANDARD S-ratio: 4.45 74256-77702 orient(-) score(16887.00) noncoding_equivalent(3795.00) raw_noncoding(3795.00) offset(0.00) 
77702	74256	single-	4	6	{GlimmerHMM_glimmerT_1469-T1;GlimmerHMM},{HiQ_model.g1357.t1;HiQ}

# EVM prediction: Mode:STANDARD S-ratio: 4.97 78001-82767 orient(-) score(23808.00) noncoding_equivalent(4794.00) raw_noncoding(4794.00) offset(0.00) 
82767	78001	single-	4	6	{GlimmerHMM_glimmerT_1470-T1;GlimmerHMM},{HiQ_model.g1358.t1;HiQ}

# EVM prediction: Mode:STANDARD S-ratio: 1.00 83008-83808 orient(-) score(1602.00) noncoding_equivalent(1602.00) raw_noncoding(1602.00) offset(0.00) 
83808	83008	single-	4	6	{GlimmerHMM_glimmerT_1471-T1;GlimmerHMM}

# EVM prediction: Mode:STANDARD S-ratio: 94.58 84494-85855 orient(+) score(5391.00) noncoding_equivalent(57.00) raw_noncoding(57.00) offset(0.00) 
84494	85855	single+	1	3	{GlimmerHMM_glimmerT_1472-T1;GlimmerHMM}

# EVM prediction: Mode:STANDARD S-ratio: 2.00 85962-86909 orient(-) score(3792.00) noncoding_equivalent(1896.00) raw_noncoding(1896.00) offset(0.00) 
86909	85962	single-	4	6	{HiQ_model.g1360.t1;HiQ},{GlimmerHMM_glimmerT_1473-T1;GlimmerHMM}

# EVM prediction: Mode:STANDARD S-ratio: 51.67 87768-88682 orient(+) score(3591.00) noncoding_equivalent(69.50) raw_noncoding(69.50) offset(0.00) 
87768	88682	single+	1	3	{GlimmerHMM_glimmerT_1474-T1;GlimmerHMM},{Augustus_model.g1361.t1;Augustus}

# EVM prediction: Mode:STANDARD S-ratio: 244.77 89342-92536 orient(-) score(9546.00) noncoding_equivalent(39.00) raw_noncoding(39.00) offset(0.00) 
92536	89342	single-	4	6	{Augustus_model.g1362.t1;Augustus},{GlimmerHMM_glimmerT_1475-T1;GlimmerHMM}

# EVM prediction: Mode:STANDARD S-ratio: 4.96 93064-93657 orient(-) score(2966.00) noncoding_equivalent(598.03) raw_noncoding(598.03) offset(0.00) 
93657	93064	single-	4	6	{GlimmerHMM_glimmerT_1476-T1;GlimmerHMM},{HiQ_model.g1363.t1;HiQ}

# EVM prediction: Mode:STANDARD S-ratio: 99.91 94027-95691 orient(+) score(6594.00) noncoding_equivalent(66.00) raw_noncoding(66.00) offset(0.00) 
94027	95691	single+	1	3	{GlimmerHMM_glimmerT_1477-T1;GlimmerHMM},{Augustus_model.g1364.t1;Augustus}

# EVM prediction: Mode:STANDARD S-ratio: 38.20 96734-99010 orient(-) score(8876.00) noncoding_equivalent(232.38) raw_noncoding(232.38) offset(0.00) 
99010	96734	single-	4	6	{GlimmerHMM_glimmerT_1478-T1;GlimmerHMM}

