!! Predictions spanning range 1781 - 99795 [R1]
# EVM prediction: Mode:STANDARD S-ratio: 4.61 2052-3683 orient(-) score(4850.00) noncoding_equivalent(1052.68) raw_noncoding(1052.68) offset(0.00) 
3683	2052	single-	4	6	{Augustus_model.g4021.t1;Augustus}

# EVM prediction: Mode:STANDARD S-ratio: 6.33 4145-7327 orient(+) score(9549.00) noncoding_equivalent(1508.66) raw_noncoding(1508.66) offset(0.00) 
4145	7327	single+	1	3	{Augustus_model.g4022.t1;Augustus},{GlimmerHMM_glimmerT_4545-T1;GlimmerHMM}

# EVM prediction: Mode:STANDARD S-ratio: 3.89 7546-8538 orient(-) score(2370.00) noncoding_equivalent(609.00) raw_noncoding(609.00) offset(0.00) 
8538	7546	single-	4	6	{GlimmerHMM_glimmerT_4546-T1;GlimmerHMM}

# EVM prediction: Mode:STANDARD S-ratio: 56.29 9989-11764 orient(-) score(5235.00) noncoding_equivalent(93.00) raw_noncoding(93.00) offset(0.00) 
11764	9989	single-	4	6	{GlimmerHMM_glimmerT_4547-T1;GlimmerHMM},{Augustus_model.g4024.t1;Augustus}

# EVM prediction: Mode:STANDARD S-ratio: 155.03 17328-20318 orient(+) score(8914.00) noncoding_equivalent(57.50) raw_noncoding(57.50) offset(0.00) 
17328	20318	single+	1	3	{GlimmerHMM_glimmerT_4548-T1;GlimmerHMM},{Augustus_model.g4025.t1;Augustus}

# EVM prediction: Mode:STANDARD S-ratio: 10000.00 21105-25031 orient(-) score(11781.00) noncoding_equivalent(1.18) raw_noncoding(0.00) offset(0.00) 
25031	21105	single-	4	6	{GlimmerHMM_glimmerT_4549-T1;GlimmerHMM},{Augustus_model.g4026.t1;Augustus}

# EVM prediction: Mode:STANDARD S-ratio: 4.34 26220-27071 orient(+) score(1756.00) noncoding_equivalent(405.03) raw_noncoding(1146.50) offset(741.47) 
26220	26226	initial+	1	1	{snap_scaffold_5-snap.498-T1;snap}
26227	26619	INTRON			{snap_scaffold_5-snap.498-T1;snap}
26620	27071	terminal+	2	3	{snap_scaffold_5-snap.498-T1;snap},{Augustus_model.g4027.t1;Augustus}

# EVM prediction: Mode:STANDARD S-ratio: 39.57 28068-29771 orient(-) score(4986.00) noncoding_equivalent(126.00) raw_noncoding(126.00) offset(0.00) 
29771	28068	single-	4	6	{GlimmerHMM_glimmerT_4551-T1;GlimmerHMM},{Augustus_model.g4028.t1;Augustus}

# EVM prediction: Mode:STANDARD S-ratio: 3.74 31030-32064 orient(+) score(3105.00) noncoding_equivalent(831.00) raw_noncoding(837.00) offset(6.00) 
31030	31038	initial+	1	3	{snap_scaffold_5-snap.500-T1;snap},{Augustus_model.g4029.t1;Augustus},{GlimmerHMM_glimmerT_4552-T1;GlimmerHMM}
31039	31317	INTRON			{snap_scaffold_5-snap.500-T1;snap},{Augustus_model.g4029.t1;Augustus},{GlimmerHMM_glimmerT_4552-T1;GlimmerHMM}
31318	32064	terminal+	1	3	{snap_scaffold_5-snap.500-T1;snap},{Augustus_model.g4029.t1;Augustus},{GlimmerHMM_glimmerT_4552-T1;GlimmerHMM}

# EVM prediction: Mode:STANDARD S-ratio: 62.46 32403-33227 orient(+) score(2436.00) noncoding_equivalent(39.00) raw_noncoding(39.00) offset(0.00) 
32403	33227	single+	1	3	{Augustus_model.g4030.t1;Augustus},{GlimmerHMM_glimmerT_4553-T1;GlimmerHMM}

# EVM prediction: Mode:STANDARD S-ratio: 423.29 33575-37960 orient(+) score(13122.00) noncoding_equivalent(31.00) raw_noncoding(31.00) offset(0.00) 
33575	37960	single+	1	3	{GlimmerHMM_glimmerT_4554-T1;GlimmerHMM},{Augustus_model.g4031.t1;Augustus}

# EVM prediction: Mode:STANDARD S-ratio: 150.45 38187-40112 orient(-) score(5738.00) noncoding_equivalent(38.14) raw_noncoding(38.14) offset(0.00) 
40112	38187	single-	4	6	{Augustus_model.g4032.t1;Augustus},{GlimmerHMM_glimmerT_4555-T1;GlimmerHMM}

# EVM prediction: Mode:STANDARD S-ratio: 21.20 41276-41707 orient(-) score(1236.00) noncoding_equivalent(58.29) raw_noncoding(58.29) offset(0.00) 
41707	41276	single-	4	6	{Augustus_model.g4033.t1;Augustus},{GlimmerHMM_glimmerT_4556-T1;GlimmerHMM}

# EVM prediction: Mode:STANDARD S-ratio: 1.98 42851-43333 orient(-) score(962.00) noncoding_equivalent(487.02) raw_noncoding(487.02) offset(0.00) 
43333	42851	single-	4	6	{Augustus_model.g4034.t1;Augustus}

# EVM prediction: Mode:STANDARD S-ratio: 1005.44 44245-46263 orient(+) score(6051.00) noncoding_equivalent(6.02) raw_noncoding(6.02) offset(0.00) 
44245	46263	single+	1	3	{GlimmerHMM_glimmerT_4558-T1;GlimmerHMM}

# EVM prediction: Mode:STANDARD S-ratio: 16.18 46636-48489 orient(+) score(4967.00) noncoding_equivalent(307.01) raw_noncoding(865.85) offset(558.84) 
46636	46639	initial+	1	1	{snap_scaffold_5-snap.506-T1;snap}
46640	46921	INTRON			{snap_scaffold_5-snap.506-T1;snap}
46922	48489	terminal+	2	3	{snap_scaffold_5-snap.506-T1;snap}

# EVM prediction: Mode:STANDARD S-ratio: 33.29 49544-50743 orient(+) score(3495.00) noncoding_equivalent(105.00) raw_noncoding(105.00) offset(0.00) 
49544	50743	single+	1	3	{Augustus_model.g4036.t1;Augustus},{GlimmerHMM_glimmerT_4560-T1;GlimmerHMM}

# EVM prediction: Mode:STANDARD S-ratio: 439.44 50891-53398 orient(-) score(7505.00) noncoding_equivalent(17.08) raw_noncoding(17.08) offset(0.00) 
53398	50891	single-	4	6	{GlimmerHMM_glimmerT_4561-T1;GlimmerHMM},{Augustus_model.g4037.t1;Augustus}

# EVM prediction: Mode:STANDARD S-ratio: 1.77 54219-54736 orient(-) score(1036.00) noncoding_equivalent(584.00) raw_noncoding(654.00) offset(70.00) 
54665	54219	terminal-	4	6	{Augustus_model.g4038.t1;Augustus},{GlimmerHMM_glimmerT_4562-T1;GlimmerHMM}
54733	54666	INTRON			{Augustus_model.g4038.t1;Augustus},{GlimmerHMM_glimmerT_4562-T1;GlimmerHMM}
54736	54734	initial-	4	6	{Augustus_model.g4038.t1;Augustus},{GlimmerHMM_glimmerT_4562-T1;GlimmerHMM}

# EVM prediction: Mode:STANDARD S-ratio: 42.75 55684-56802 orient(+) score(3279.00) noncoding_equivalent(76.71) raw_noncoding(76.71) offset(0.00) 
55684	56802	single+	1	3	{Augustus_model.g4039.t1;Augustus},{GlimmerHMM_glimmerT_4563-T1;GlimmerHMM}

# EVM prediction: Mode:STANDARD S-ratio: 343.06 57789-58739 orient(+) score(3782.00) noncoding_equivalent(11.02) raw_noncoding(11.02) offset(0.00) 
57789	58739	single+	1	3	{Augustus_model.g4040.t1;Augustus},{GlimmerHMM_glimmerT_4564-T1;GlimmerHMM}

# EVM prediction: Mode:STANDARD S-ratio: 228.50 58921-60297 orient(-) score(4113.00) noncoding_equivalent(18.00) raw_noncoding(18.00) offset(0.00) 
60297	58921	single-	4	6	{GlimmerHMM_glimmerT_4565-T1;GlimmerHMM},{Augustus_model.g4041.t1;Augustus}

# EVM prediction: Mode:STANDARD S-ratio: 312.47 60722-62503 orient(-) score(5327.00) noncoding_equivalent(17.05) raw_noncoding(17.05) offset(0.00) 
62503	60722	single-	4	6	{GlimmerHMM_glimmerT_4566-T1;GlimmerHMM},{Augustus_model.g4042.t1;Augustus}

# EVM prediction: Mode:STANDARD S-ratio: 970.27 67097-69049 orient(+) score(5851.00) noncoding_equivalent(6.03) raw_noncoding(6.03) offset(0.00) 
67097	69049	single+	1	3	{GlimmerHMM_glimmerT_4567-T1;GlimmerHMM},{Augustus_model.g4043.t1;Augustus}

# EVM prediction: Mode:STANDARD S-ratio: 20.12 69593-71473 orient(+) score(5374.00) noncoding_equivalent(267.04) raw_noncoding(267.04) offset(0.00) 
69593	71473	single+	1	3	{Augustus_model.g4044.t1;Augustus}

# EVM prediction: Mode:STANDARD S-ratio: 766.81 71588-72886 orient(-) score(3890.00) noncoding_equivalent(5.07) raw_noncoding(5.07) offset(0.00) 
72886	71588	single-	4	6	{GlimmerHMM_glimmerT_4569-T1;GlimmerHMM},{Augustus_model.g4045.t1;Augustus}

# EVM prediction: Mode:STANDARD S-ratio: 2.00 73766-74587 orient(+) score(1644.00) noncoding_equivalent(822.00) raw_noncoding(822.00) offset(0.00) 
73766	74587	single+	1	3	{GlimmerHMM_glimmerT_4570-T1;GlimmerHMM},{Augustus_model.g4046.t1;Augustus}

# EVM prediction: Mode:STANDARD S-ratio: 20.83 74782-76158 orient(+) score(3936.00) noncoding_equivalent(189.00) raw_noncoding(189.00) offset(0.00) 
74782	76158	single+	1	3	{Augustus_model.g4047.t1;Augustus},{GlimmerHMM_glimmerT_4571-T1;GlimmerHMM}

# EVM prediction: Mode:STANDARD S-ratio: 10000.00 76294-78216 orient(-) score(5769.00) noncoding_equivalent(0.58) raw_noncoding(0.00) offset(0.00) 
78216	76294	single-	4	6	{Augustus_model.g4048.t1;Augustus},{GlimmerHMM_glimmerT_4572-T1;GlimmerHMM}

# EVM prediction: Mode:STANDARD S-ratio: 28.69 78979-80136 orient(-) score(3357.00) noncoding_equivalent(117.00) raw_noncoding(117.00) offset(0.00) 
80136	78979	single-	4	6	{GlimmerHMM_glimmerT_4573-T1;GlimmerHMM},{Augustus_model.g4049.t1;Augustus}

# EVM prediction: Mode:STANDARD S-ratio: 128.23 87753-89432 orient(-) score(5001.00) noncoding_equivalent(39.00) raw_noncoding(39.00) offset(0.00) 
89432	87753	single-	4	6	{Augustus_model.g4050.t1;Augustus},{GlimmerHMM_glimmerT_4575-T1;GlimmerHMM}

# EVM prediction: Mode:STANDARD S-ratio: 2.00 89634-90410 orient(+) score(1554.00) noncoding_equivalent(777.00) raw_noncoding(777.00) offset(0.00) 
89634	90410	single+	1	3	{Augustus_model.g4051.t1;Augustus},{GlimmerHMM_glimmerT_4576-T1;GlimmerHMM}

# EVM prediction: Mode:STANDARD S-ratio: 2.00 90448-91563 orient(-) score(2232.00) noncoding_equivalent(1116.00) raw_noncoding(1116.00) offset(0.00) 
91563	90448	single-	4	6	{GlimmerHMM_glimmerT_4577-T1;GlimmerHMM},{Augustus_model.g4052.t1;Augustus}

# EVM prediction: Mode:STANDARD S-ratio: 1.55 91811-92457 orient(-) score(1294.00) noncoding_equivalent(837.14) raw_noncoding(1046.14) offset(209.00) 
92023	91811	terminal-	4	6	{GlimmerHMM_glimmerT_4578-T1;GlimmerHMM},{Augustus_model.g4053.t1;Augustus}
92090	92024	INTRON			{GlimmerHMM_glimmerT_4578-T1;GlimmerHMM},{Augustus_model.g4053.t1;Augustus}
92205	92091	internal-	6	6	{GlimmerHMM_glimmerT_4578-T1;GlimmerHMM},{Augustus_model.g4053.t1;Augustus}
92271	92206	INTRON			{GlimmerHMM_glimmerT_4578-T1;GlimmerHMM},{Augustus_model.g4053.t1;Augustus}
92308	92272	internal-	5	5	{GlimmerHMM_glimmerT_4578-T1;GlimmerHMM},{Augustus_model.g4053.t1;Augustus}
92378	92309	INTRON			{GlimmerHMM_glimmerT_4578-T1;GlimmerHMM},{Augustus_model.g4053.t1;Augustus}
92457	92379	initial-	4	4	{GlimmerHMM_glimmerT_4578-T1;GlimmerHMM},{Augustus_model.g4053.t1;Augustus}

# EVM prediction: Mode:STANDARD S-ratio: 71.67 92681-93973 orient(+) score(3824.00) noncoding_equivalent(53.36) raw_noncoding(53.36) offset(0.00) 
92681	93973	single+	1	3	{Augustus_model.g4054.t1;Augustus},{GlimmerHMM_glimmerT_4579-T1;GlimmerHMM}

# EVM prediction: Mode:STANDARD S-ratio: 161.09 94066-94347 orient(-) score(839.00) noncoding_equivalent(5.21) raw_noncoding(5.21) offset(0.00) 
94347	94066	single-	4	6	{Augustus_model.g4055.t1;Augustus},{GlimmerHMM_glimmerT_4580-T1;GlimmerHMM}

# EVM prediction: Mode:STANDARD S-ratio: 10000.00 95338-96519 orient(+) score(3546.00) noncoding_equivalent(0.35) raw_noncoding(0.00) offset(0.00) 
95338	96519	single+	1	3	{GlimmerHMM_glimmerT_4581-T1;GlimmerHMM},{Augustus_model.g4056.t1;Augustus}

# EVM prediction: Mode:STANDARD S-ratio: 10000.00 96936-97565 orient(+) score(1890.00) noncoding_equivalent(0.19) raw_noncoding(0.00) offset(0.00) 
96936	97565	single+	1	3	{GlimmerHMM_glimmerT_4582-T1;GlimmerHMM},{Augustus_model.g4057.t1;Augustus}

# EVM prediction: Mode:STANDARD S-ratio: 10000.00 98056-99795 orient(+) score(5220.00) noncoding_equivalent(0.52) raw_noncoding(0.00) offset(0.00) 
98056	99795	single+	1	3	{GlimmerHMM_glimmerT_4583-T1;GlimmerHMM},{Augustus_model.g4058.t1;Augustus}

