!! Predictions spanning range 15814 - 66907 [R1]
# EVM prediction: Mode:STANDARD S-ratio: 10000.00 15814-19102 orient(-) score(6578.00) noncoding_equivalent(0.66) raw_noncoding(0.00) offset(0.00) 
17444	15814	terminal-	5	6	{Augustus_gene75.t1;Augustus}
17778	17445	INTRON			{Augustus_gene75.t1;Augustus}
18010	17779	internal-	4	4	{Augustus_gene75.t1;Augustus}
18054	18011	INTRON			{Augustus_gene75.t1;Augustus}
18428	18055	internal-	5	6	{Augustus_gene75.t1;Augustus}
18468	18429	INTRON			{Augustus_gene75.t1;Augustus}
19102	18469	initial-	4	4	{Augustus_gene75.t1;Augustus}

# EVM prediction: Mode:STANDARD S-ratio: 10000.00 25467-25814 orient(-) score(696.00) noncoding_equivalent(0.07) raw_noncoding(0.00) offset(0.00) 
25814	25467	single-	4	6	{Augustus_gene407.t1;Augustus}

# EVM prediction: Mode:STANDARD S-ratio: 10000.00 26061-26846 orient(-) score(1572.00) noncoding_equivalent(0.16) raw_noncoding(0.00) offset(0.00) 
26846	26061	single-	4	6	{Augustus_gene569.t1;Augustus}

# EVM prediction: Mode:STANDARD S-ratio: 10000.00 27281-27757 orient(+) score(954.00) noncoding_equivalent(0.10) raw_noncoding(0.00) offset(0.00) 
27281	27757	single+	1	3	{Augustus_gene934.t1;Augustus}

# EVM prediction: Mode:STANDARD S-ratio: 10000.00 39136-40113 orient(-) score(1956.00) noncoding_equivalent(0.20) raw_noncoding(0.00) offset(0.00) 
40113	39136	single-	4	6	{Augustus_gene887.t1;Augustus}

# EVM prediction: Mode:STANDARD S-ratio: 10000.00 40346-41743 orient(+) score(2796.00) noncoding_equivalent(0.28) raw_noncoding(0.00) offset(0.00) 
40346	41743	single+	1	3	{Augustus_gene772.t1;Augustus}

# EVM prediction: Mode:STANDARD S-ratio: 10000.00 48678-49481 orient(+) score(1608.00) noncoding_equivalent(0.16) raw_noncoding(0.00) offset(0.00) 
48678	49481	single+	1	3	{Augustus_gene533.t1;Augustus}

# EVM prediction: Mode:STANDARD S-ratio: 10000.00 55141-57288 orient(+) score(4296.00) noncoding_equivalent(0.43) raw_noncoding(0.00) offset(0.00) 
55141	56655	initial+	1	3	{Augustus_gene195.t1;Augustus}
56656	56862	INTRON			{Augustus_gene195.t1;Augustus}
56863	57288	terminal+	1	3	{Augustus_gene195.t1;Augustus}

# EVM prediction: Mode:STANDARD S-ratio: 10000.00 59071-59613 orient(+) score(1086.00) noncoding_equivalent(0.11) raw_noncoding(0.00) offset(0.00) 
59071	59090	initial+	1	2	{Augustus_gene510.t1;Augustus}
59091	59165	INTRON			{Augustus_gene510.t1;Augustus}
59166	59613	terminal+	3	3	{Augustus_gene510.t1;Augustus}

# EVM prediction: Mode:STANDARD S-ratio: 10000.00 60504-64754 orient(+) score(8502.00) noncoding_equivalent(0.85) raw_noncoding(0.00) offset(0.00) 
60504	64754	single+	1	3	{Augustus_gene564.t1;Augustus}

# EVM prediction: Mode:STANDARD S-ratio: 10000.00 64937-66907 orient(-) score(3942.00) noncoding_equivalent(0.39) raw_noncoding(0.00) offset(0.00) 
66907	64937	single-	4	6	{Augustus_gene1112.t1;Augustus}

