!! Predictions spanning range 622 - 98512 [R1]
# EVM prediction: Mode:STANDARD S-ratio: 4.59 622-5109 orient(-) score(22107.00) noncoding_equivalent(4821.00) raw_noncoding(4821.00) offset(0.00) 
5109	622	single-	4	6	{GlimmerHMM_glimmerT_2290-T1;GlimmerHMM},{HiQ_model.g2107.t1;HiQ}

# EVM prediction: Mode:STANDARD S-ratio: 2.10 5372-6258 orient(-) score(3443.00) noncoding_equivalent(1643.00) raw_noncoding(1875.00) offset(232.00) 
6153	5372	terminal-	5	6	{HiQ_model.g2108.t1;HiQ},{snap_scaffold_5-snap.39-T1;snap}
6233	6154	INTRON			{HiQ_model.g2108.t1;HiQ},{ev_type:exonerate/ID=match.133146.6614/Target=YPL241C;exonerate}
6258	6234	initial-	4	4	{HiQ_model.g2108.t1;HiQ}

# EVM prediction: Mode:STANDARD S-ratio: 6.00 6496-8625 orient(-) score(12780.00) noncoding_equivalent(2130.00) raw_noncoding(2130.00) offset(0.00) 
8625	6496	single-	4	6	{GlimmerHMM_glimmerT_2291-T1;GlimmerHMM},{HiQ_model.g2109.t1;HiQ}

# EVM prediction: Mode:STANDARD S-ratio: 10000.00 9484-10086 orient(+) score(2412.00) noncoding_equivalent(0.24) raw_noncoding(0.00) offset(0.00) 
9484	10086	single+	1	3	{Augustus_model.g2110.t1;Augustus},{GlimmerHMM_glimmerT_2292-T1;GlimmerHMM}

# EVM prediction: Mode:STANDARD S-ratio: 20.19 10496-11353 orient(+) score(3270.00) noncoding_equivalent(162.00) raw_noncoding(162.00) offset(0.00) 
10496	11353	single+	1	3	{Augustus_model.g2111.t1;Augustus},{GlimmerHMM_glimmerT_2293-T1;GlimmerHMM}

# EVM prediction: Mode:STANDARD S-ratio: 3.49 11608-12702 orient(-) score(5106.00) noncoding_equivalent(1464.00) raw_noncoding(1464.00) offset(0.00) 
12702	11608	single-	4	6	{HiQ_model.g2112.t1;HiQ},{GlimmerHMM_glimmerT_2294-T1;GlimmerHMM}

# EVM prediction: Mode:STANDARD S-ratio: 129.04 13232-14647 orient(+) score(5619.00) noncoding_equivalent(43.54) raw_noncoding(43.54) offset(0.00) 
13232	14647	single+	1	3	{Augustus_model.g2113.t1;Augustus},{GlimmerHMM_glimmerT_2295-T1;GlimmerHMM}

# EVM prediction: Mode:STANDARD S-ratio: 2.00 14946-15440 orient(-) score(1980.00) noncoding_equivalent(990.00) raw_noncoding(990.00) offset(0.00) 
15440	14946	single-	4	6	{HiQ_model.g2114.t1;HiQ},{GlimmerHMM_glimmerT_2296-T1;GlimmerHMM}

# EVM prediction: Mode:STANDARD S-ratio: 10000.00 16172-16822 orient(+) score(2604.00) noncoding_equivalent(0.26) raw_noncoding(0.00) offset(0.00) 
16172	16822	single+	1	3	{Augustus_model.g2115.t1;Augustus},{GlimmerHMM_glimmerT_2297-T1;GlimmerHMM}

# EVM prediction: Mode:STANDARD S-ratio: 88.54 17275-18147 orient(+) score(3453.00) noncoding_equivalent(39.00) raw_noncoding(39.00) offset(0.00) 
17275	18147	single+	1	3	{Augustus_model.g2116.t1;Augustus},{GlimmerHMM_glimmerT_2298-T1;GlimmerHMM}

# EVM prediction: Mode:STANDARD S-ratio: 5631.22 18652-24315 orient(+) score(22650.00) noncoding_equivalent(4.02) raw_noncoding(4.02) offset(0.00) 
18652	24315	single+	1	3	{Augustus_model.g2117.t1;Augustus},{GlimmerHMM_glimmerT_2299-T1;GlimmerHMM}

# EVM prediction: Mode:STANDARD S-ratio: 3.00 25312-26487 orient(+) score(3528.00) noncoding_equivalent(1176.00) raw_noncoding(1176.00) offset(0.00) 
25312	26487	single+	1	3	{GlimmerHMM_glimmerT_2300-T1;GlimmerHMM}

# EVM prediction: Mode:STANDARD S-ratio: 33.63 27106-27687 orient(+) score(2253.00) noncoding_equivalent(67.00) raw_noncoding(67.00) offset(0.00) 
27106	27687	single+	1	3	{Augustus_model.g2118.t1;Augustus}

# EVM prediction: Mode:STANDARD S-ratio: 10000.00 28382-30031 orient(+) score(6600.00) noncoding_equivalent(0.66) raw_noncoding(0.00) offset(0.00) 
28382	30031	single+	1	3	{GlimmerHMM_glimmerT_2302-T1;GlimmerHMM},{Augustus_model.g2119.t1;Augustus}

# EVM prediction: Mode:STANDARD S-ratio: 4.16 30163-31167 orient(-) score(4857.00) noncoding_equivalent(1168.00) raw_noncoding(1168.00) offset(0.00) 
31167	30163	single-	4	6	{GlimmerHMM_glimmerT_2303-T1;GlimmerHMM},{HiQ_model.g2120.t1;HiQ}

# EVM prediction: Mode:STANDARD S-ratio: 348.35 31767-35357 orient(+) score(14323.00) noncoding_equivalent(41.12) raw_noncoding(41.12) offset(0.00) 
31767	35357	single+	1	3	{GlimmerHMM_glimmerT_2304-T1;GlimmerHMM}

# EVM prediction: Mode:STANDARD S-ratio: 50.58 36006-36446 orient(+) score(1726.00) noncoding_equivalent(34.12) raw_noncoding(34.12) offset(0.00) 
36006	36446	single+	1	3	{GlimmerHMM_glimmerT_2305-T1;GlimmerHMM}

# EVM prediction: Mode:STANDARD S-ratio: 5.00 36738-38087 orient(-) score(6750.00) noncoding_equivalent(1350.00) raw_noncoding(1350.00) offset(0.00) 
38087	36738	single-	4	6	{GlimmerHMM_glimmerT_2306-T1;GlimmerHMM},{HiQ_model.g2122.t1;HiQ}

# EVM prediction: Mode:STANDARD S-ratio: 5.00 38631-39137 orient(-) score(2535.00) noncoding_equivalent(507.00) raw_noncoding(507.00) offset(0.00) 
39137	38631	single-	4	6	{HiQ_model.g2123.t1;HiQ},{GlimmerHMM_glimmerT_2307-T1;GlimmerHMM}

# EVM prediction: Mode:STANDARD S-ratio: 5.00 40161-42227 orient(+) score(10335.00) noncoding_equivalent(2067.00) raw_noncoding(2067.00) offset(0.00) 
40161	42227	single+	1	3	{GlimmerHMM_glimmerT_2308-T1;GlimmerHMM},{HiQ_model.g2124.t1;HiQ}

# EVM prediction: Mode:STANDARD S-ratio: 66.99 43042-45423 orient(+) score(9378.00) noncoding_equivalent(140.00) raw_noncoding(140.00) offset(0.00) 
43042	45423	single+	1	3	{GlimmerHMM_glimmerT_2309-T1;GlimmerHMM}

# EVM prediction: Mode:STANDARD S-ratio: 10.72 45789-46442 orient(+) score(2991.00) noncoding_equivalent(279.00) raw_noncoding(279.00) offset(0.00) 
45789	46442	single+	1	3	{GlimmerHMM_glimmerT_2310-T1;GlimmerHMM},{Augustus_model.g2126.t1;Augustus}

# EVM prediction: Mode:STANDARD S-ratio: 27.58 46749-48227 orient(+) score(5709.00) noncoding_equivalent(207.00) raw_noncoding(207.00) offset(0.00) 
46749	48227	single+	1	3	{Augustus_model.g2127.t1;Augustus},{GlimmerHMM_glimmerT_2311-T1;GlimmerHMM}

# EVM prediction: Mode:STANDARD S-ratio: 6.54 48697-49408 orient(+) score(1714.00) noncoding_equivalent(262.00) raw_noncoding(561.00) offset(299.00) 
48697	48703	initial+	1	1	{snap_scaffold_5-snap.60-T1;snap}
48704	48863	INTRON			{snap_scaffold_5-snap.60-T1;snap}
48864	49408	terminal+	2	3	{GlimmerHMM_glimmerT_2312-T1;GlimmerHMM},{snap_scaffold_5-snap.60-T1;snap}

# EVM prediction: Mode:STANDARD S-ratio: 5.00 49619-53170 orient(-) score(17760.00) noncoding_equivalent(3552.00) raw_noncoding(3552.00) offset(0.00) 
53170	49619	single-	4	6	{GlimmerHMM_glimmerT_2313-T1;GlimmerHMM},{HiQ_model.g2129.t1;HiQ}

# EVM prediction: Mode:STANDARD S-ratio: 201.56 53820-57128 orient(+) score(13171.00) noncoding_equivalent(65.34) raw_noncoding(65.34) offset(0.00) 
53820	57128	single+	1	3	{GlimmerHMM_glimmerT_2314-T1;GlimmerHMM}

# EVM prediction: Mode:STANDARD S-ratio: 32.73 57418-58422 orient(+) score(3899.00) noncoding_equivalent(119.12) raw_noncoding(119.12) offset(0.00) 
57418	58422	single+	1	3	{GlimmerHMM_glimmerT_2315-T1;GlimmerHMM}

# EVM prediction: Mode:STANDARD S-ratio: 5.00 58568-60190 orient(-) score(8115.00) noncoding_equivalent(1623.00) raw_noncoding(1623.00) offset(0.00) 
60190	58568	single-	4	6	{GlimmerHMM_glimmerT_2316-T1;GlimmerHMM},{HiQ_model.g2131.t1;HiQ}

# EVM prediction: Mode:STANDARD S-ratio: 3.04 60613-61329 orient(+) score(2151.00) noncoding_equivalent(708.07) raw_noncoding(708.07) offset(0.00) 
60613	61329	single+	1	3	{GlimmerHMM_glimmerT_2317-T1;GlimmerHMM},{Augustus_model.g2132.t1;Augustus}

# EVM prediction: Mode:STANDARD S-ratio: 5.00 61514-63148 orient(-) score(8175.00) noncoding_equivalent(1635.00) raw_noncoding(1635.00) offset(0.00) 
63148	61514	single-	4	6	{HiQ_model.g2133.t1;HiQ},{GlimmerHMM_glimmerT_2318-T1;GlimmerHMM}

# EVM prediction: Mode:STANDARD S-ratio: 3.04 63494-64039 orient(+) score(1638.00) noncoding_equivalent(538.59) raw_noncoding(538.59) offset(0.00) 
63494	64039	single+	1	3	{Augustus_model.g2134.t1;Augustus},{GlimmerHMM_glimmerT_2319-T1;GlimmerHMM}

# EVM prediction: Mode:STANDARD S-ratio: 4.17 64289-66229 orient(-) score(9381.00) noncoding_equivalent(2247.00) raw_noncoding(2247.00) offset(0.00) 
66229	64289	single-	4	6	{HiQ_model.g2135.t1;HiQ}

# EVM prediction: Mode:STANDARD S-ratio: 10000.00 66489-67592 orient(-) score(3312.00) noncoding_equivalent(0.33) raw_noncoding(0.00) offset(0.00) 
67592	66489	single-	4	6	{Augustus_model.g2136.t1;Augustus},{GlimmerHMM_glimmerT_2321-T1;GlimmerHMM}

# EVM prediction: Mode:STANDARD S-ratio: 51.66 67841-69592 orient(+) score(6873.00) noncoding_equivalent(133.03) raw_noncoding(133.03) offset(0.00) 
67841	69592	single+	1	3	{GlimmerHMM_glimmerT_2322-T1;GlimmerHMM}

# EVM prediction: Mode:STANDARD S-ratio: 25.02 69908-72340 orient(+) score(9357.00) noncoding_equivalent(374.05) raw_noncoding(374.05) offset(0.00) 
69908	72340	single+	1	3	{GlimmerHMM_glimmerT_2323-T1;GlimmerHMM}

# EVM prediction: Mode:STANDARD S-ratio: 2.00 72631-73596 orient(-) score(3864.00) noncoding_equivalent(1932.00) raw_noncoding(1932.00) offset(0.00) 
73596	72631	single-	4	6	{HiQ_model.g2138.t1;HiQ},{GlimmerHMM_glimmerT_2324-T1;GlimmerHMM}

# EVM prediction: Mode:STANDARD S-ratio: 10000.00 74275-75759 orient(+) score(5940.00) noncoding_equivalent(0.59) raw_noncoding(0.00) offset(0.00) 
74275	75759	single+	1	3	{GlimmerHMM_glimmerT_2325-T1;GlimmerHMM},{Augustus_model.g2139.t1;Augustus}

# EVM prediction: Mode:STANDARD S-ratio: 10.78 76255-77397 orient(+) score(3138.00) noncoding_equivalent(291.00) raw_noncoding(291.00) offset(0.00) 
76255	77397	single+	1	3	{GlimmerHMM_glimmerT_2326-T1;GlimmerHMM},{Augustus_model.g2140.t1;Augustus}

# EVM prediction: Mode:STANDARD S-ratio: 3.74 78087-79337 orient(-) score(5922.00) noncoding_equivalent(1584.00) raw_noncoding(1584.00) offset(0.00) 
79337	78087	single-	4	6	{HiQ_model.g2141.t1;HiQ}

# EVM prediction: Mode:STANDARD S-ratio: 4.48 79769-81154 orient(-) score(6798.00) noncoding_equivalent(1518.00) raw_noncoding(1518.00) offset(0.00) 
81154	79769	single-	4	6	{HiQ_model.g2142.t1;HiQ},{GlimmerHMM_glimmerT_2328-T1;GlimmerHMM}

# EVM prediction: Mode:STANDARD S-ratio: 1.00 81486-81953 orient(+) score(936.00) noncoding_equivalent(936.00) raw_noncoding(936.00) offset(0.00) 
81486	81953	single+	1	3	{GlimmerHMM_glimmerT_2329-T1;GlimmerHMM}

# EVM prediction: Mode:STANDARD S-ratio: 4.95 82032-82754 orient(-) score(3608.00) noncoding_equivalent(728.26) raw_noncoding(728.26) offset(0.00) 
82754	82032	single-	4	6	{GlimmerHMM_glimmerT_2330-T1;GlimmerHMM},{HiQ_model.g2143.t1;HiQ}

# EVM prediction: Mode:STANDARD S-ratio: 8.10 83533-84701 orient(+) score(4778.00) noncoding_equivalent(589.62) raw_noncoding(1326.00) offset(736.38) 
83533	83664	initial+	1	3	{GlimmerHMM_glimmerT_2331-T1;GlimmerHMM}
83665	84071	INTRON			{GlimmerHMM_glimmerT_2331-T1;GlimmerHMM},{ev_type:exonerate/ID=match.133146.835/Target=YPL198W;exonerate},{ev_type:exonerate/ID=match.133146.2505/Target=YGL076C;exonerate}
84072	84701	terminal+	1	3	{GlimmerHMM_glimmerT_2331-T1;GlimmerHMM}

# EVM prediction: Mode:STANDARD S-ratio: 247.93 85042-85863 orient(+) score(3273.00) noncoding_equivalent(13.20) raw_noncoding(13.20) offset(0.00) 
85042	85863	single+	1	3	{Augustus_model.g2145.t1;Augustus},{GlimmerHMM_glimmerT_2332-T1;GlimmerHMM}

# EVM prediction: Mode:STANDARD S-ratio: 39.75 86222-89020 orient(+) score(8190.00) noncoding_equivalent(206.03) raw_noncoding(206.03) offset(0.00) 
86222	89020	single+	1	3	{GlimmerHMM_glimmerT_2333-T1;GlimmerHMM}

# EVM prediction: Mode:STANDARD S-ratio: 37.04 89276-91114 orient(+) score(7161.00) noncoding_equivalent(193.33) raw_noncoding(193.33) offset(0.00) 
89276	91114	single+	1	3	{GlimmerHMM_glimmerT_2334-T1;GlimmerHMM}

# EVM prediction: Mode:STANDARD S-ratio: 100.12 91402-92547 orient(+) score(4537.00) noncoding_equivalent(45.31) raw_noncoding(45.31) offset(0.00) 
91402	92547	single+	1	3	{GlimmerHMM_glimmerT_2335-T1;GlimmerHMM}

# EVM prediction: Mode:STANDARD S-ratio: 3.49 92654-93055 orient(-) score(1875.00) noncoding_equivalent(537.00) raw_noncoding(537.00) offset(0.00) 
93055	92654	single-	4	6	{HiQ_model.g2147.t1;HiQ}

# EVM prediction: Mode:STANDARD S-ratio: 4.07 93596-94678 orient(-) score(5217.00) noncoding_equivalent(1281.00) raw_noncoding(1281.00) offset(0.00) 
94678	93596	single-	4	6	{HiQ_model.g2148.t1;HiQ},{GlimmerHMM_glimmerT_2337-T1;GlimmerHMM}

# EVM prediction: Mode:STANDARD S-ratio: 10000.00 95316-97724 orient(-) score(9636.00) noncoding_equivalent(0.96) raw_noncoding(0.00) offset(0.00) 
97724	95316	single-	4	6	{GlimmerHMM_glimmerT_2338-T1;GlimmerHMM},{Augustus_model.g2149.t1;Augustus}

# EVM prediction: Mode:STANDARD S-ratio: 2.00 98306-98512 orient(-) score(828.00) noncoding_equivalent(414.00) raw_noncoding(414.00) offset(0.00) 
98512	98306	single-	4	6	{HiQ_model.g2150.t1;HiQ},{GlimmerHMM_glimmerT_2339-T1;GlimmerHMM}

