!! Predictions spanning range 2063 - 99588 [R1]
# EVM prediction: Mode:STANDARD S-ratio: 96.25 2063-5710 orient(+) score(14438.00) noncoding_equivalent(150.00) raw_noncoding(150.00) offset(0.00) 
2063	5710	single+	1	3	{GlimmerHMM_glimmerT_4730-T1;GlimmerHMM},{Augustus_model.g4221.t1;Augustus}

# EVM prediction: Mode:STANDARD S-ratio: 93.61 6500-8440 orient(+) score(5760.00) noncoding_equivalent(61.53) raw_noncoding(61.53) offset(0.00) 
6500	8440	single+	1	3	{Augustus_model.g4222.t1;Augustus},{GlimmerHMM_glimmerT_4731-T1;GlimmerHMM}

# EVM prediction: Mode:STANDARD S-ratio: 4.41 8743-9681 orient(-) score(4593.00) noncoding_equivalent(1041.00) raw_noncoding(1041.00) offset(0.00) 
9681	8743	single-	4	6	{HiQ_model.g4223.t1;HiQ},{GlimmerHMM_glimmerT_4732-T1;GlimmerHMM}

# EVM prediction: Mode:STANDARD S-ratio: 10000.00 10858-11340 orient(+) score(1932.00) noncoding_equivalent(0.19) raw_noncoding(0.00) offset(0.00) 
10858	11340	single+	1	3	{Augustus_model.g4224.t1;Augustus},{GlimmerHMM_glimmerT_4733-T1;GlimmerHMM}

# EVM prediction: Mode:STANDARD S-ratio: 46.15 12055-12435 orient(+) score(1490.00) noncoding_equivalent(32.29) raw_noncoding(32.29) offset(0.00) 
12055	12435	single+	1	3	{GlimmerHMM_glimmerT_4734-T1;GlimmerHMM},{Augustus_model.g4225.t1;Augustus}

# EVM prediction: Mode:STANDARD S-ratio: 10000.00 12634-16248 orient(-) score(10842.00) noncoding_equivalent(1.08) raw_noncoding(0.00) offset(0.00) 
16248	12634	single-	4	6	{GlimmerHMM_glimmerT_4735-T1;GlimmerHMM},{Augustus_model.g4226.t1;Augustus}

# EVM prediction: Mode:STANDARD S-ratio: 3.00 17427-18074 orient(+) score(1944.00) noncoding_equivalent(648.00) raw_noncoding(648.00) offset(0.00) 
17427	18074	single+	1	3	{GlimmerHMM_glimmerT_4736-T1;GlimmerHMM},{Augustus_model.g4227.t1;Augustus}

# EVM prediction: Mode:STANDARD S-ratio: 11.65 18668-20713 orient(-) score(5651.00) noncoding_equivalent(485.23) raw_noncoding(485.23) offset(0.00) 
20713	18668	single-	4	6	{GlimmerHMM_glimmerT_4737-T1;GlimmerHMM}

# EVM prediction: Mode:STANDARD S-ratio: 1748.40 21738-26150 orient(+) score(17595.00) noncoding_equivalent(10.06) raw_noncoding(10.06) offset(0.00) 
21738	26150	single+	1	3	{Augustus_model.g4229.t1;Augustus},{GlimmerHMM_glimmerT_4738-T1;GlimmerHMM}

# EVM prediction: Mode:STANDARD S-ratio: 4.80 28502-30616 orient(-) score(10503.00) noncoding_equivalent(2187.00) raw_noncoding(2187.00) offset(0.00) 
30616	28502	single-	4	6	{GlimmerHMM_glimmerT_4739-T1;GlimmerHMM},{HiQ_model.g4230.t1;HiQ}

# EVM prediction: Mode:STANDARD S-ratio: 12.42 31162-31921 orient(-) score(2794.00) noncoding_equivalent(225.01) raw_noncoding(339.19) offset(114.18) 
31804	31162	terminal-	6	6	{snap_scaffold_12-snap.43-T1;snap},{GlimmerHMM_glimmerT_4740-T1;GlimmerHMM},{Augustus_model.g4231.t1;Augustus}
31916	31805	INTRON			{snap_scaffold_12-snap.43-T1;snap},{Augustus_model.g4231.t1;Augustus}
31921	31917	initial-	4	5	{snap_scaffold_12-snap.43-T1;snap},{Augustus_model.g4231.t1;Augustus}

# EVM prediction: Mode:STANDARD S-ratio: 4.81 34942-36678 orient(-) score(8628.00) noncoding_equivalent(1792.12) raw_noncoding(1792.12) offset(0.00) 
36678	34942	single-	4	6	{HiQ_model.g4232.t1;HiQ}

# EVM prediction: Mode:STANDARD S-ratio: 5.00 37227-38900 orient(-) score(8370.00) noncoding_equivalent(1674.00) raw_noncoding(1674.00) offset(0.00) 
38900	37227	single-	4	6	{GlimmerHMM_glimmerT_4742-T1;GlimmerHMM},{HiQ_model.g4233.t1;HiQ}

# EVM prediction: Mode:STANDARD S-ratio: 2.00 39639-40727 orient(+) score(2178.00) noncoding_equivalent(1089.00) raw_noncoding(1089.00) offset(0.00) 
39639	40727	single+	1	3	{Augustus_model.g4234.t1;Augustus}

# EVM prediction: Mode:STANDARD S-ratio: 84.50 40801-41778 orient(-) score(2898.00) noncoding_equivalent(34.30) raw_noncoding(34.30) offset(0.00) 
41778	40801	single-	4	6	{GlimmerHMM_glimmerT_4744-T1;GlimmerHMM},{Augustus_model.g4235.t1;Augustus}

# EVM prediction: Mode:STANDARD S-ratio: 5.00 43216-44049 orient(-) score(4170.00) noncoding_equivalent(834.00) raw_noncoding(834.00) offset(0.00) 
44049	43216	single-	4	6	{HiQ_model.g4236.t1;HiQ},{GlimmerHMM_glimmerT_4745-T1;GlimmerHMM}

# EVM prediction: Mode:STANDARD S-ratio: 10000.00 44215-45018 orient(+) score(3216.00) noncoding_equivalent(0.32) raw_noncoding(0.00) offset(0.00) 
44215	45018	single+	1	3	{Augustus_model.g4237.t1;Augustus},{GlimmerHMM_glimmerT_4746-T1;GlimmerHMM}

# EVM prediction: Mode:STANDARD S-ratio: 214.06 45206-46888 orient(+) score(6699.00) noncoding_equivalent(31.30) raw_noncoding(31.30) offset(0.00) 
45206	46888	single+	1	3	{Augustus_model.g4238.t1;Augustus},{GlimmerHMM_glimmerT_4747-T1;GlimmerHMM}

# EVM prediction: Mode:STANDARD S-ratio: 5.00 47591-47854 orient(-) score(1320.00) noncoding_equivalent(264.00) raw_noncoding(264.00) offset(0.00) 
47854	47591	single-	4	6	{GlimmerHMM_glimmerT_4748-T1;GlimmerHMM},{HiQ_model.g4239.t1;HiQ}

# EVM prediction: Mode:STANDARD S-ratio: 5.00 48095-48898 orient(-) score(4020.00) noncoding_equivalent(804.00) raw_noncoding(804.00) offset(0.00) 
48898	48095	single-	4	6	{HiQ_model.g4240.t1;HiQ},{GlimmerHMM_glimmerT_4749-T1;GlimmerHMM}

# EVM prediction: Mode:STANDARD S-ratio: 10000.00 50776-51651 orient(-) score(2628.00) noncoding_equivalent(0.26) raw_noncoding(0.00) offset(0.00) 
51651	50776	single-	4	6	{Augustus_model.g4241.t1;Augustus},{GlimmerHMM_glimmerT_4751-T1;GlimmerHMM}

# EVM prediction: Mode:STANDARD S-ratio: 25.03 53760-55808 orient(+) score(5909.00) noncoding_equivalent(236.07) raw_noncoding(236.07) offset(0.00) 
53760	55808	single+	1	3	{GlimmerHMM_glimmerT_4752-T1;GlimmerHMM}

# EVM prediction: Mode:STANDARD S-ratio: 6.07 56293-57303 orient(+) score(3456.00) noncoding_equivalent(569.00) raw_noncoding(569.00) offset(0.00) 
56293	57303	single+	1	3	{Augustus_model.g4243.t1;Augustus},{GlimmerHMM_glimmerT_4753-T1;GlimmerHMM}

# EVM prediction: Mode:STANDARD S-ratio: 26.88 57890-58738 orient(-) score(2454.00) noncoding_equivalent(91.29) raw_noncoding(91.29) offset(0.00) 
58738	57890	single-	4	6	{Augustus_model.g4244.t1;Augustus},{GlimmerHMM_glimmerT_4754-T1;GlimmerHMM}

# EVM prediction: Mode:STANDARD S-ratio: 9.23 60174-60613 orient(+) score(1489.00) noncoding_equivalent(161.38) raw_noncoding(266.03) offset(104.65) 
60174	60192	initial+	1	1	{GlimmerHMM_glimmerT_4755-T1;GlimmerHMM}
60193	60296	INTRON			{GlimmerHMM_glimmerT_4755-T1;GlimmerHMM},{ev_type:exonerate/ID=match.111469.2396/Target=YEL003W;exonerate}
60297	60613	terminal+	2	3	{GlimmerHMM_glimmerT_4755-T1;GlimmerHMM}

# EVM prediction: Mode:STANDARD S-ratio: 4.38 60742-62034 orient(-) score(6316.00) noncoding_equivalent(1441.28) raw_noncoding(1441.28) offset(0.00) 
62034	60742	single-	4	6	{GlimmerHMM_glimmerT_4756-T1;GlimmerHMM},{HiQ_model.g4246.t1;HiQ}

# EVM prediction: Mode:STANDARD S-ratio: 5.52 62352-63402 orient(-) score(2447.00) noncoding_equivalent(443.68) raw_noncoding(944.68) offset(501.00) 
63065	62352	terminal-	4	6	{Augustus_model.g4247.t1;Augustus}
63327	63066	INTRON			{Augustus_model.g4247.t1;Augustus}
63402	63328	initial-	4	6	{Augustus_model.g4247.t1;Augustus}

# EVM prediction: Mode:STANDARD S-ratio: 62.75 65653-67947 orient(+) score(6777.00) noncoding_equivalent(108.00) raw_noncoding(108.00) offset(0.00) 
65653	67947	single+	1	3	{Augustus_model.g4248.t1;Augustus}

# EVM prediction: Mode:STANDARD S-ratio: 51.41 68598-69263 orient(+) score(2598.00) noncoding_equivalent(50.53) raw_noncoding(50.53) offset(0.00) 
68598	69263	single+	1	3	{Augustus_model.g4249.t1;Augustus},{GlimmerHMM_glimmerT_4759-T1;GlimmerHMM}

# EVM prediction: Mode:STANDARD S-ratio: 4.37 69491-70854 orient(-) score(6593.00) noncoding_equivalent(1509.00) raw_noncoding(1655.00) offset(146.00) 
70749	69491	terminal-	5	6	{HiQ_model.g4250.t1;HiQ},{GlimmerHMM_glimmerT_4760-T1;GlimmerHMM}
70823	70750	INTRON			{HiQ_model.g4250.t1;HiQ},{GlimmerHMM_glimmerT_4760-T1;GlimmerHMM},{ev_type:exonerate/ID=match.111469.2128/Target=YER003C;exonerate}
70854	70824	initial-	4	4	{HiQ_model.g4250.t1;HiQ},{GlimmerHMM_glimmerT_4760-T1;GlimmerHMM}

# EVM prediction: Mode:STANDARD S-ratio: 94.40 71280-72005 orient(+) score(2832.00) noncoding_equivalent(30.00) raw_noncoding(30.00) offset(0.00) 
71280	72005	single+	1	3	{Augustus_model.g4251.t1;Augustus}

# EVM prediction: Mode:STANDARD S-ratio: 209.67 72269-74164 orient(+) score(7548.00) noncoding_equivalent(36.00) raw_noncoding(36.00) offset(0.00) 
72269	74164	single+	1	3	{Augustus_model.g4252.t1;Augustus},{GlimmerHMM_glimmerT_4762-T1;GlimmerHMM}

# EVM prediction: Mode:STANDARD S-ratio: 10000.00 74483-76027 orient(+) score(6171.00) noncoding_equivalent(0.62) raw_noncoding(0.00) offset(0.00) 
74483	76027	single+	1	3	{Augustus_model.g4253.t1;Augustus},{GlimmerHMM_glimmerT_4763-T1;GlimmerHMM}

# EVM prediction: Mode:STANDARD S-ratio: 19.55 76252-77811 orient(+) score(4454.00) noncoding_equivalent(227.85) raw_noncoding(227.85) offset(0.00) 
76252	77811	single+	1	3	{GlimmerHMM_glimmerT_4764-T1;GlimmerHMM}

# EVM prediction: Mode:STANDARD S-ratio: 8.33 77982-78637 orient(-) score(2330.00) noncoding_equivalent(279.70) raw_noncoding(384.00) offset(104.30) 
78516	77982	terminal-	6	6	{GlimmerHMM_glimmerT_4765-T1;GlimmerHMM},{Augustus_model.g4255.t1;Augustus}
78626	78517	INTRON			{GlimmerHMM_glimmerT_4765-T1;GlimmerHMM},{Augustus_model.g4255.t1;Augustus}
78637	78627	initial-	4	5	{GlimmerHMM_glimmerT_4765-T1;GlimmerHMM},{Augustus_model.g4255.t1;Augustus}

# EVM prediction: Mode:STANDARD S-ratio: 10000.00 79565-83533 orient(-) score(11904.00) noncoding_equivalent(1.19) raw_noncoding(0.00) offset(0.00) 
83533	79565	single-	4	6	{GlimmerHMM_glimmerT_4766-T1;GlimmerHMM},{Augustus_model.g4256.t1;Augustus}

# EVM prediction: Mode:STANDARD S-ratio: 10000.00 83826-84203 orient(+) score(1512.00) noncoding_equivalent(0.15) raw_noncoding(0.00) offset(0.00) 
83826	84203	single+	1	3	{GlimmerHMM_glimmerT_4767-T1;GlimmerHMM},{Augustus_model.g4257.t1;Augustus}

# EVM prediction: Mode:STANDARD S-ratio: 4.98 84337-85053 orient(-) score(3573.00) noncoding_equivalent(717.00) raw_noncoding(717.00) offset(0.00) 
85053	84337	single-	4	6	{GlimmerHMM_glimmerT_4768-T1;GlimmerHMM},{HiQ_model.g4258.t1;HiQ}

# EVM prediction: Mode:STANDARD S-ratio: 16.07 87043-87810 orient(+) score(2169.00) noncoding_equivalent(135.00) raw_noncoding(135.00) offset(0.00) 
87043	87810	single+	1	3	{GlimmerHMM_glimmerT_4769-T1;GlimmerHMM},{Augustus_model.g4259.t1;Augustus}

# EVM prediction: Mode:STANDARD S-ratio: 168.38 89806-90402 orient(+) score(2372.00) noncoding_equivalent(14.09) raw_noncoding(14.09) offset(0.00) 
89806	90402	single+	1	3	{Augustus_model.g4260.t1;Augustus},{GlimmerHMM_glimmerT_4770-T1;GlimmerHMM}

# EVM prediction: Mode:STANDARD S-ratio: 10000.00 90866-94309 orient(+) score(13768.00) noncoding_equivalent(1.38) raw_noncoding(0.00) offset(0.00) 
90866	94309	single+	1	3	{Augustus_model.g4261.t1;Augustus},{GlimmerHMM_glimmerT_4771-T1;GlimmerHMM}

# EVM prediction: Mode:STANDARD S-ratio: 68.68 94640-96259 orient(+) score(6387.00) noncoding_equivalent(93.00) raw_noncoding(93.00) offset(0.00) 
94640	96259	single+	1	3	{Augustus_model.g4262.t1;Augustus},{GlimmerHMM_glimmerT_4772-T1;GlimmerHMM}

# EVM prediction: Mode:STANDARD S-ratio: 10000.00 96588-98822 orient(+) score(8940.00) noncoding_equivalent(0.89) raw_noncoding(0.00) offset(0.00) 
96588	98822	single+	1	3	{GlimmerHMM_glimmerT_4773-T1;GlimmerHMM},{Augustus_model.g4263.t1;Augustus}

# EVM prediction: Mode:STANDARD S-ratio: 4.96 99214-99588 orient(-) score(1860.00) noncoding_equivalent(375.00) raw_noncoding(375.00) offset(0.00) 
99588	99214	single-	4	6	{GlimmerHMM_glimmerT_4774-T1;GlimmerHMM},{HiQ_model.g4264.t1;HiQ}

