!! Predictions spanning range 28403 - 92883 [R1]
# EVM prediction: Mode:STANDARD S-ratio: 10000.00 28403-31216 orient(-) score(5628.00) noncoding_equivalent(0.56) raw_noncoding(0.00) offset(0.00) 
29614	28403	terminal-	4	6	{Augustus_gene624.t1;Augustus}
29669	29615	INTRON			{Augustus_gene624.t1;Augustus}
29717	29670	internal-	4	6	{Augustus_gene624.t1;Augustus}
29770	29718	INTRON			{Augustus_gene624.t1;Augustus}
30343	29771	internal-	4	6	{Augustus_gene624.t1;Augustus}
31213	30344	INTRON			{Augustus_gene624.t1;Augustus}
31216	31214	initial-	4	6	{Augustus_gene624.t1;Augustus}

# EVM prediction: Mode:STANDARD S-ratio: 10000.00 35825-37297 orient(+) score(2946.00) noncoding_equivalent(0.29) raw_noncoding(0.00) offset(0.00) 
35825	37297	single+	1	3	{Augustus_gene234.t1;Augustus}

# EVM prediction: Mode:STANDARD S-ratio: 10000.00 50431-51831 orient(+) score(2802.00) noncoding_equivalent(0.28) raw_noncoding(0.00) offset(0.00) 
50431	51831	single+	1	3	{Augustus_gene868.t1;Augustus}

# EVM prediction: Mode:STANDARD S-ratio: 10000.00 71640-73373 orient(+) score(3468.00) noncoding_equivalent(0.35) raw_noncoding(0.00) offset(0.00) 
71640	73373	single+	1	3	{Augustus_gene879.t1;Augustus}

# EVM prediction: Mode:STANDARD S-ratio: 10000.00 74828-75814 orient(+) score(1974.00) noncoding_equivalent(0.20) raw_noncoding(0.00) offset(0.00) 
74828	75814	single+	1	3	{Augustus_gene385.t1;Augustus}

# EVM prediction: Mode:STANDARD S-ratio: 10000.00 87802-88329 orient(+) score(1056.00) noncoding_equivalent(0.11) raw_noncoding(0.00) offset(0.00) 
87802	88329	single+	1	3	{Augustus_gene862.t1;Augustus}

# EVM prediction: Mode:STANDARD S-ratio: 10000.00 91840-92883 orient(-) score(2088.00) noncoding_equivalent(0.21) raw_noncoding(0.00) offset(0.00) 
92883	91840	single-	4	6	{Augustus_gene690.t1;Augustus}

