!! Predictions spanning range 1839 - 85258 [R1]
# EVM prediction: Mode:STANDARD S-ratio: 10000.00 1839-6167 orient(-) score(8658.00) noncoding_equivalent(0.87) raw_noncoding(0.00) offset(0.00) 
2269	1839	terminal-	5	6	{Augustus_gene586.t1;Augustus}
2323	2270	INTRON			{Augustus_gene586.t1;Augustus}
5796	2324	internal-	6	4	{Augustus_gene586.t1;Augustus}
6072	5797	INTRON			{Augustus_gene586.t1;Augustus}
6167	6073	initial-	4	5	{Augustus_gene586.t1;Augustus}

# EVM prediction: Mode:STANDARD S-ratio: 10000.00 15785-17491 orient(+) score(3414.00) noncoding_equivalent(0.34) raw_noncoding(0.00) offset(0.00) 
15785	17491	single+	1	3	{Augustus_gene3.t1;Augustus}

# EVM prediction: Mode:STANDARD S-ratio: 10000.00 30505-32223 orient(-) score(3438.00) noncoding_equivalent(0.34) raw_noncoding(0.00) offset(0.00) 
32223	30505	single-	4	6	{Augustus_gene247.t1;Augustus}

# EVM prediction: Mode:STANDARD S-ratio: 10000.00 35522-36169 orient(-) score(1296.00) noncoding_equivalent(0.13) raw_noncoding(0.00) offset(0.00) 
36169	35522	single-	4	6	{Augustus_gene1115.t1;Augustus}

# EVM prediction: Mode:STANDARD S-ratio: 10000.00 47458-48102 orient(+) score(1290.00) noncoding_equivalent(0.13) raw_noncoding(0.00) offset(0.00) 
47458	48102	single+	1	3	{Augustus_gene1025.t1;Augustus}

# EVM prediction: Mode:STANDARD S-ratio: 10000.00 50932-54465 orient(-) score(7068.00) noncoding_equivalent(0.71) raw_noncoding(0.00) offset(0.00) 
54465	50932	single-	4	6	{Augustus_gene326.t1;Augustus}

# EVM prediction: Mode:STANDARD S-ratio: 10000.00 61690-62112 orient(+) score(846.00) noncoding_equivalent(0.08) raw_noncoding(0.00) offset(0.00) 
61690	61694	initial+	1	2	{Augustus_gene1065.t1;Augustus}
61695	61784	INTRON			{Augustus_gene1065.t1;Augustus}
61785	62112	terminal+	3	3	{Augustus_gene1065.t1;Augustus}

# EVM prediction: Mode:STANDARD S-ratio: 10000.00 64483-66822 orient(-) score(4680.00) noncoding_equivalent(0.47) raw_noncoding(0.00) offset(0.00) 
66822	64483	single-	4	6	{Augustus_gene518.t1;Augustus}

# EVM prediction: Mode:STANDARD S-ratio: 10000.00 84425-85258 orient(-) score(1668.00) noncoding_equivalent(0.17) raw_noncoding(0.00) offset(0.00) 
85258	84425	single-	4	6	{Augustus_gene9.t1;Augustus}

