!! Predictions spanning range 4057 - 98965 [R1]
# EVM prediction: Mode:STANDARD S-ratio: 10000.00 4057-4704 orient(+) score(1296.00) noncoding_equivalent(0.13) raw_noncoding(0.00) offset(0.00) 
4057	4704	single+	1	3	{Augustus_gene1128.t1;Augustus}

# EVM prediction: Mode:STANDARD S-ratio: 10000.00 8751-9806 orient(+) score(2112.00) noncoding_equivalent(0.21) raw_noncoding(0.00) offset(0.00) 
8751	9806	single+	1	3	{Augustus_gene1005.t1;Augustus}

# EVM prediction: Mode:STANDARD S-ratio: 10000.00 15906-17594 orient(+) score(3378.00) noncoding_equivalent(0.34) raw_noncoding(0.00) offset(0.00) 
15906	17594	single+	1	3	{Augustus_gene567.t1;Augustus}

# EVM prediction: Mode:STANDARD S-ratio: 10000.00 28798-29391 orient(-) score(1188.00) noncoding_equivalent(0.12) raw_noncoding(0.00) offset(0.00) 
29391	28798	single-	4	6	{Augustus_gene502.t1;Augustus}

# EVM prediction: Mode:STANDARD S-ratio: 10000.00 29613-30590 orient(-) score(1956.00) noncoding_equivalent(0.20) raw_noncoding(0.00) offset(0.00) 
30590	29613	single-	4	6	{Augustus_gene640.t1;Augustus}

# EVM prediction: Mode:STANDARD S-ratio: 10000.00 30959-32927 orient(-) score(3938.00) noncoding_equivalent(0.39) raw_noncoding(0.00) offset(0.00) 
32158	30959	terminal-	4	6	{Augustus_gene156.t1;Augustus}
32220	32159	INTRON			{Augustus_gene156.t1;Augustus}
32245	32221	internal-	6	6	{Augustus_gene156.t1;Augustus}
32310	32246	INTRON			{Augustus_gene156.t1;Augustus}
32927	32311	initial-	4	5	{Augustus_gene156.t1;Augustus}

# EVM prediction: Mode:STANDARD S-ratio: 10000.00 33177-33743 orient(+) score(1134.00) noncoding_equivalent(0.11) raw_noncoding(0.00) offset(0.00) 
33177	33743	single+	1	3	{Augustus_gene934.t1;Augustus}

# EVM prediction: Mode:STANDARD S-ratio: 10000.00 41906-42247 orient(-) score(684.00) noncoding_equivalent(0.07) raw_noncoding(0.00) offset(0.00) 
42247	41906	single-	4	6	{Augustus_gene61.t1;Augustus}

# EVM prediction: Mode:STANDARD S-ratio: 10000.00 46487-47365 orient(-) score(1758.00) noncoding_equivalent(0.18) raw_noncoding(0.00) offset(0.00) 
47365	46487	single-	4	6	{Augustus_gene939.t1;Augustus}

# EVM prediction: Mode:STANDARD S-ratio: 10000.00 51882-54319 orient(-) score(4876.00) noncoding_equivalent(0.49) raw_noncoding(0.00) offset(0.00) 
51902	51882	terminal-	4	6	{Augustus_gene822.t1;Augustus}
51970	51903	INTRON			{Augustus_gene822.t1;Augustus}
53613	51971	internal-	5	6	{Augustus_gene822.t1;Augustus}
53793	53614	INTRON			{Augustus_gene822.t1;Augustus}
54319	53794	initial-	4	4	{Augustus_gene822.t1;Augustus}

# EVM prediction: Mode:STANDARD S-ratio: 10000.00 63212-64195 orient(-) score(1968.00) noncoding_equivalent(0.20) raw_noncoding(0.00) offset(0.00) 
64195	63212	single-	4	6	{Augustus_gene653.t1;Augustus}

# EVM prediction: Mode:STANDARD S-ratio: 10000.00 83569-84591 orient(+) score(2046.00) noncoding_equivalent(0.20) raw_noncoding(0.00) offset(0.00) 
83569	84591	single+	1	3	{Augustus_gene857.t1;Augustus}

# EVM prediction: Mode:STANDARD S-ratio: 10000.00 93605-95699 orient(+) score(4190.00) noncoding_equivalent(0.42) raw_noncoding(0.00) offset(0.00) 
93605	95618	initial+	1	1	{Augustus_gene467.t1;Augustus}
95619	95664	INTRON			{Augustus_gene467.t1;Augustus}
95665	95699	terminal+	2	3	{Augustus_gene467.t1;Augustus}

# EVM prediction: Mode:STANDARD S-ratio: 10000.00 98222-98965 orient(-) score(1488.00) noncoding_equivalent(0.15) raw_noncoding(0.00) offset(0.00) 
98965	98222	single-	4	6	{Augustus_gene897.t1;Augustus}

