!! Predictions spanning range 1012 - 99806 [R1]
# EVM prediction: Mode:STANDARD S-ratio: 10000.00 1012-1926 orient(+) score(1830.00) noncoding_equivalent(0.18) raw_noncoding(0.00) offset(0.00) 
1012	1926	single+	1	3	{Augustus_gene362.t1;Augustus}

# EVM prediction: Mode:STANDARD S-ratio: 10000.00 2422-3438 orient(+) score(2034.00) noncoding_equivalent(0.20) raw_noncoding(0.00) offset(0.00) 
2422	3438	single+	1	3	{Augustus_gene1107.t1;Augustus}

# EVM prediction: Mode:STANDARD S-ratio: 10000.00 10374-11585 orient(+) score(2424.00) noncoding_equivalent(0.24) raw_noncoding(0.00) offset(0.00) 
10374	11585	single+	1	3	{Augustus_gene166.t1;Augustus}

# EVM prediction: Mode:STANDARD S-ratio: 10000.00 11821-12417 orient(+) score(1194.00) noncoding_equivalent(0.12) raw_noncoding(0.00) offset(0.00) 
11821	12417	single+	1	3	{Augustus_gene274.t1;Augustus}

# EVM prediction: Mode:STANDARD S-ratio: 10000.00 16513-17025 orient(-) score(1026.00) noncoding_equivalent(0.10) raw_noncoding(0.00) offset(0.00) 
17025	16513	single-	4	6	{Augustus_gene979.t1;Augustus}

# EVM prediction: Mode:STANDARD S-ratio: 10000.00 42370-46443 orient(-) score(8148.00) noncoding_equivalent(0.81) raw_noncoding(0.00) offset(0.00) 
46443	42370	single-	4	6	{Augustus_gene320.t1;Augustus}

# EVM prediction: Mode:STANDARD S-ratio: 10000.00 46675-47001 orient(+) score(654.00) noncoding_equivalent(0.07) raw_noncoding(0.00) offset(0.00) 
46675	47001	single+	1	3	{Augustus_gene1123.t1;Augustus}

# EVM prediction: Mode:STANDARD S-ratio: 10000.00 78689-79396 orient(+) score(1416.00) noncoding_equivalent(0.14) raw_noncoding(0.00) offset(0.00) 
78689	79396	single+	1	3	{Augustus_gene687.t1;Augustus}

# EVM prediction: Mode:STANDARD S-ratio: 10000.00 82054-83751 orient(+) score(3396.00) noncoding_equivalent(0.34) raw_noncoding(0.00) offset(0.00) 
82054	83751	single+	1	3	{Augustus_gene105.t1;Augustus}

# EVM prediction: Mode:STANDARD S-ratio: 10000.00 94057-94704 orient(+) score(1296.00) noncoding_equivalent(0.13) raw_noncoding(0.00) offset(0.00) 
94057	94704	single+	1	3	{Augustus_gene1128.t1;Augustus}

# EVM prediction: Mode:STANDARD S-ratio: 10000.00 98751-99806 orient(+) score(2112.00) noncoding_equivalent(0.21) raw_noncoding(0.00) offset(0.00) 
98751	99806	single+	1	3	{Augustus_gene1005.t1;Augustus}

