!! Predictions spanning range 2207 - 99517 [R1]
# EVM prediction: Mode:STANDARD S-ratio: 10000.00 2207-3295 orient(+) score(3267.00) noncoding_equivalent(0.33) raw_noncoding(0.00) offset(0.00) 
2207	3295	single+	1	3	{GlimmerHMM_glimmerT_1503-T1;GlimmerHMM},{Augustus_model.g1386.t1;Augustus}

# EVM prediction: Mode:STANDARD S-ratio: 6.03 3575-4209 orient(+) score(2108.00) noncoding_equivalent(349.41) raw_noncoding(513.89) offset(164.48) 
3575	3642	initial+	1	2	{Augustus_model.g1387.t1;Augustus}
3643	3725	INTRON			{Augustus_model.g1387.t1;Augustus},{ev_type:exonerate/ID=match.133146.1610/Target=YGR029W;exonerate}
3726	4209	terminal+	3	3	{snap_scaffold_3-snap.217-T1;snap},{Augustus_model.g1387.t1;Augustus}

# EVM prediction: Mode:STANDARD S-ratio: 3.75 5685-6161 orient(-) score(2259.00) noncoding_equivalent(603.00) raw_noncoding(603.00) offset(0.00) 
6161	5685	single-	4	6	{GlimmerHMM_glimmerT_1505-T1;GlimmerHMM},{HiQ_model.g1388.t1;HiQ}

# EVM prediction: Mode:STANDARD S-ratio: 1.50 6445-7473 orient(+) score(3087.00) noncoding_equivalent(2058.00) raw_noncoding(2058.00) offset(0.00) 
6445	7473	single+	1	3	{HiQ_model.g1389.t1;HiQ},{GlimmerHMM_glimmerT_1506-T1;GlimmerHMM}

# EVM prediction: Mode:STANDARD S-ratio: 721.70 8268-13955 orient(+) score(28243.00) noncoding_equivalent(39.13) raw_noncoding(39.13) offset(0.00) 
8268	13955	single+	1	3	{GlimmerHMM_glimmerT_1507-T1;GlimmerHMM},{Augustus_model.g1390.t1;Augustus}

# EVM prediction: Mode:STANDARD S-ratio: 4.10 14252-14971 orient(-) score(3472.00) noncoding_equivalent(847.45) raw_noncoding(847.45) offset(0.00) 
14971	14252	single-	4	6	{GlimmerHMM_glimmerT_1508-T1;GlimmerHMM},{HiQ_model.g1391.t1;HiQ}

# EVM prediction: Mode:STANDARD S-ratio: 2.34 15869-16676 orient(+) score(1903.00) noncoding_equivalent(812.02) raw_noncoding(1689.86) offset(877.84) 
15869	15872	initial+	1	1	{snap_scaffold_3-snap.221-T1;snap}
15873	16311	INTRON			{snap_scaffold_3-snap.221-T1;snap}
16312	16676	terminal+	2	3	{Augustus_model.g1392.t1;Augustus},{snap_scaffold_3-snap.221-T1;snap}

# EVM prediction: Mode:STANDARD S-ratio: 2.00 17076-17426 orient(-) score(1404.00) noncoding_equivalent(702.00) raw_noncoding(702.00) offset(0.00) 
17426	17076	single-	4	6	{GlimmerHMM_glimmerT_1509-T1;GlimmerHMM},{HiQ_model.g1393.t1;HiQ}

# EVM prediction: Mode:STANDARD S-ratio: 2.00 18153-18872 orient(-) score(2880.00) noncoding_equivalent(1440.00) raw_noncoding(1440.00) offset(0.00) 
18872	18153	single-	4	6	{HiQ_model.g1394.t1;HiQ},{GlimmerHMM_glimmerT_1510-T1;GlimmerHMM}

# EVM prediction: Mode:STANDARD S-ratio: 5.00 19735-19998 orient(-) score(1320.00) noncoding_equivalent(264.00) raw_noncoding(264.00) offset(0.00) 
19998	19735	single-	4	6	{HiQ_model.g1395.t1;HiQ},{GlimmerHMM_glimmerT_1511-T1;GlimmerHMM}

# EVM prediction: Mode:STANDARD S-ratio: 240.78 20686-21354 orient(+) score(2663.00) noncoding_equivalent(11.06) raw_noncoding(11.06) offset(0.00) 
20686	21354	single+	1	3	{Augustus_model.g1396.t1;Augustus},{GlimmerHMM_glimmerT_1512-T1;GlimmerHMM}

# EVM prediction: Mode:STANDARD S-ratio: 20.67 22203-25670 orient(-) score(9924.00) noncoding_equivalent(480.00) raw_noncoding(480.00) offset(0.00) 
25670	22203	single-	4	6	{GlimmerHMM_glimmerT_1513-T1;GlimmerHMM},{Augustus_model.g1397.t1;Augustus}

# EVM prediction: Mode:STANDARD S-ratio: 10000.00 26149-27471 orient(-) score(3969.00) noncoding_equivalent(0.40) raw_noncoding(0.00) offset(0.00) 
27471	26149	single-	4	6	{GlimmerHMM_glimmerT_1514-T1;GlimmerHMM},{Augustus_model.g1398.t1;Augustus}

# EVM prediction: Mode:STANDARD S-ratio: 14.11 29099-31959 orient(-) score(7859.00) noncoding_equivalent(557.00) raw_noncoding(724.00) offset(167.00) 
31786	29099	terminal-	4	6	{snap_scaffold_3-snap.226-T1;snap}
31953	31787	INTRON			{snap_scaffold_3-snap.226-T1;snap}
31959	31954	initial-	4	6	{snap_scaffold_3-snap.226-T1;snap}

# EVM prediction: Mode:STANDARD S-ratio: 5.58 31974-32935 orient(-) score(2428.00) noncoding_equivalent(435.00) raw_noncoding(458.00) offset(23.00) 
32903	31974	terminal-	4	6	{snap_scaffold_3-snap.227-T1;snap}
32926	32904	INTRON			{snap_scaffold_3-snap.227-T1;snap}
32935	32927	initial-	4	6	{snap_scaffold_3-snap.227-T1;snap}

# EVM prediction: Mode:STANDARD S-ratio: 9.77 33097-34413 orient(-) score(3534.00) noncoding_equivalent(361.57) raw_noncoding(473.88) offset(112.32) 
34313	33097	terminal-	5	6	{snap_scaffold_3-snap.228-T1;snap}
34370	34314	INTRON			{Augustus_model.g1399.t1;Augustus}
34413	34371	initial-	4	4	{Augustus_model.g1399.t1;Augustus}

# EVM prediction: Mode:STANDARD S-ratio: 13.21 35402-36508 orient(+) score(3086.00) noncoding_equivalent(233.60) raw_noncoding(233.60) offset(0.00) 
35402	36508	single+	1	3	{Augustus_model.g1400.t1;Augustus},{GlimmerHMM_glimmerT_1518-T1;GlimmerHMM}

# EVM prediction: Mode:STANDARD S-ratio: 12.19 37491-39134 orient(+) score(6069.00) noncoding_equivalent(498.00) raw_noncoding(498.00) offset(0.00) 
37491	39134	single+	1	3	{GlimmerHMM_glimmerT_1519-T1;GlimmerHMM},{Augustus_model.g1401.t1;Augustus}

# EVM prediction: Mode:STANDARD S-ratio: 29.51 39480-40295 orient(+) score(3157.00) noncoding_equivalent(106.96) raw_noncoding(106.96) offset(0.00) 
39480	40295	single+	1	3	{GlimmerHMM_glimmerT_1520-T1;GlimmerHMM},{Augustus_model.g1402.t1;Augustus}

# EVM prediction: Mode:STANDARD S-ratio: 4.97 40439-41440 orient(-) score(5003.00) noncoding_equivalent(1007.13) raw_noncoding(1007.13) offset(0.00) 
41440	40439	single-	4	6	{HiQ_model.g1403.t1;HiQ},{GlimmerHMM_glimmerT_1521-T1;GlimmerHMM}

# EVM prediction: Mode:STANDARD S-ratio: 5.00 42994-43896 orient(-) score(4515.00) noncoding_equivalent(903.00) raw_noncoding(903.00) offset(0.00) 
43896	42994	single-	4	6	{GlimmerHMM_glimmerT_1523-T1;GlimmerHMM},{HiQ_model.g1404.t1;HiQ}

# EVM prediction: Mode:STANDARD S-ratio: 10000.00 44962-46056 orient(+) score(4380.00) noncoding_equivalent(0.44) raw_noncoding(0.00) offset(0.00) 
44962	46056	single+	1	3	{GlimmerHMM_glimmerT_1524-T1;GlimmerHMM},{Augustus_model.g1405.t1;Augustus}

# EVM prediction: Mode:STANDARD S-ratio: 4.99 46396-49473 orient(-) score(15383.00) noncoding_equivalent(3083.02) raw_noncoding(3083.02) offset(0.00) 
49473	46396	single-	4	6	{HiQ_model.g1406.t1;HiQ},{GlimmerHMM_glimmerT_1525-T1;GlimmerHMM}

# EVM prediction: Mode:STANDARD S-ratio: 3.02 49830-50915 orient(+) score(3258.00) noncoding_equivalent(1079.65) raw_noncoding(1079.65) offset(0.00) 
49830	50915	single+	1	3	{Augustus_model.g1407.t1;Augustus},{GlimmerHMM_glimmerT_1526-T1;GlimmerHMM}

# EVM prediction: Mode:STANDARD S-ratio: 10000.00 51318-51881 orient(+) score(2256.00) noncoding_equivalent(0.23) raw_noncoding(0.00) offset(0.00) 
51318	51881	single+	1	3	{Augustus_model.g1408.t1;Augustus},{GlimmerHMM_glimmerT_1527-T1;GlimmerHMM}

# EVM prediction: Mode:STANDARD S-ratio: 54.27 53600-54709 orient(+) score(3268.00) noncoding_equivalent(60.21) raw_noncoding(60.21) offset(0.00) 
53600	54709	single+	1	3	{GlimmerHMM_glimmerT_1528-T1;GlimmerHMM},{Augustus_model.g1409.t1;Augustus}

# EVM prediction: Mode:STANDARD S-ratio: 4.24 54990-55841 orient(-) score(4136.00) noncoding_equivalent(975.11) raw_noncoding(975.11) offset(0.00) 
55841	54990	single-	4	6	{HiQ_model.g1410.t1;HiQ},{GlimmerHMM_glimmerT_1529-T1;GlimmerHMM}

# EVM prediction: Mode:STANDARD S-ratio: 201.40 56697-58625 orient(+) score(7676.00) noncoding_equivalent(38.11) raw_noncoding(38.11) offset(0.00) 
56697	58625	single+	1	3	{GlimmerHMM_glimmerT_1530-T1;GlimmerHMM},{Augustus_model.g1411.t1;Augustus}

# EVM prediction: Mode:STANDARD S-ratio: 74.99 59421-61145 orient(+) score(6808.00) noncoding_equivalent(90.78) raw_noncoding(90.78) offset(0.00) 
59421	61145	single+	1	3	{Augustus_model.g1412.t1;Augustus},{GlimmerHMM_glimmerT_1531-T1;GlimmerHMM}

# EVM prediction: Mode:STANDARD S-ratio: 131.71 61665-64451 orient(+) score(11064.00) noncoding_equivalent(84.00) raw_noncoding(84.00) offset(0.00) 
61665	64451	single+	1	3	{Augustus_model.g1413.t1;Augustus},{GlimmerHMM_glimmerT_1532-T1;GlimmerHMM}

# EVM prediction: Mode:STANDARD S-ratio: 3.42 64777-65505 orient(-) score(3384.00) noncoding_equivalent(990.00) raw_noncoding(990.00) offset(0.00) 
65505	64777	single-	4	6	{HiQ_model.g1414.t1;HiQ},{GlimmerHMM_glimmerT_1533-T1;GlimmerHMM}

# EVM prediction: Mode:STANDARD S-ratio: 388.60 66140-67147 orient(+) score(4020.00) noncoding_equivalent(10.34) raw_noncoding(10.34) offset(0.00) 
66140	67147	single+	1	3	{GlimmerHMM_glimmerT_1534-T1;GlimmerHMM},{Augustus_model.g1415.t1;Augustus}

# EVM prediction: Mode:STANDARD S-ratio: 552.38 67567-69105 orient(+) score(6143.00) noncoding_equivalent(11.12) raw_noncoding(11.12) offset(0.00) 
67567	69105	single+	1	3	{GlimmerHMM_glimmerT_1535-T1;GlimmerHMM},{Augustus_model.g1416.t1;Augustus}

# EVM prediction: Mode:STANDARD S-ratio: 10000.00 70568-71497 orient(+) score(3720.00) noncoding_equivalent(0.37) raw_noncoding(0.00) offset(0.00) 
70568	71497	single+	1	3	{GlimmerHMM_glimmerT_1536-T1;GlimmerHMM},{Augustus_model.g1417.t1;Augustus}

# EVM prediction: Mode:STANDARD S-ratio: 4.87 71893-75969 orient(-) score(20296.00) noncoding_equivalent(4164.66) raw_noncoding(4164.66) offset(0.00) 
75969	71893	single-	4	6	{HiQ_model.g1418.t1;HiQ},{GlimmerHMM_glimmerT_1537-T1;GlimmerHMM}

# EVM prediction: Mode:STANDARD S-ratio: 2.00 76332-77282 orient(-) score(3804.00) noncoding_equivalent(1902.00) raw_noncoding(1902.00) offset(0.00) 
77282	76332	single-	4	6	{HiQ_model.g1419.t1;HiQ},{GlimmerHMM_glimmerT_1538-T1;GlimmerHMM}

# EVM prediction: Mode:STANDARD S-ratio: 4.97 77520-77828 orient(-) score(1536.00) noncoding_equivalent(309.00) raw_noncoding(309.00) offset(0.00) 
77828	77520	single-	4	6	{GlimmerHMM_glimmerT_1539-T1;GlimmerHMM},{HiQ_model.g1420.t1;HiQ}

# EVM prediction: Mode:STANDARD S-ratio: 5.00 78081-79862 orient(-) score(8910.00) noncoding_equivalent(1782.00) raw_noncoding(1782.00) offset(0.00) 
79862	78081	single-	4	6	{HiQ_model.g1421.t1;HiQ},{GlimmerHMM_glimmerT_1540-T1;GlimmerHMM}

# EVM prediction: Mode:STANDARD S-ratio: 4.67 80925-81803 orient(-) score(4342.00) noncoding_equivalent(930.55) raw_noncoding(930.55) offset(0.00) 
81803	80925	single-	4	6	{GlimmerHMM_glimmerT_1541-T1;GlimmerHMM},{HiQ_model.g1422.t1;HiQ}

# EVM prediction: Mode:STANDARD S-ratio: 3.50 82406-84790 orient(-) score(11133.00) noncoding_equivalent(3177.00) raw_noncoding(3177.00) offset(0.00) 
84790	82406	single-	4	6	{HiQ_model.g1423.t1;HiQ}

# EVM prediction: Mode:STANDARD S-ratio: 4.62 85328-87088 orient(-) score(8684.00) noncoding_equivalent(1881.29) raw_noncoding(1881.29) offset(0.00) 
87088	85328	single-	4	6	{GlimmerHMM_glimmerT_1543-T1;GlimmerHMM},{HiQ_model.g1424.t1;HiQ}

# EVM prediction: Mode:STANDARD S-ratio: 200.30 87810-91277 orient(+) score(13802.00) noncoding_equivalent(68.91) raw_noncoding(68.91) offset(0.00) 
87810	91277	single+	1	3	{GlimmerHMM_glimmerT_1544-T1;GlimmerHMM},{Augustus_model.g1425.t1;Augustus}

# EVM prediction: Mode:STANDARD S-ratio: 5.00 91485-94067 orient(-) score(12915.00) noncoding_equivalent(2583.00) raw_noncoding(2583.00) offset(0.00) 
94067	91485	single-	4	6	{GlimmerHMM_glimmerT_1545-T1;GlimmerHMM},{HiQ_model.g1426.t1;HiQ}

# EVM prediction: Mode:STANDARD S-ratio: 3.01 94308-95471 orient(+) score(3492.00) noncoding_equivalent(1158.34) raw_noncoding(1158.34) offset(0.00) 
94308	95471	single+	1	3	{GlimmerHMM_glimmerT_1546-T1;GlimmerHMM},{Augustus_model.g1427.t1;Augustus}

# EVM prediction: Mode:STANDARD S-ratio: 4.59 96151-96879 orient(-) score(3591.00) noncoding_equivalent(783.00) raw_noncoding(783.00) offset(0.00) 
96879	96151	single-	4	6	{GlimmerHMM_glimmerT_1547-T1;GlimmerHMM},{HiQ_model.g1428.t1;HiQ}

# EVM prediction: Mode:STANDARD S-ratio: 3.30 97108-97581 orient(-) score(2175.00) noncoding_equivalent(660.00) raw_noncoding(660.00) offset(0.00) 
97581	97108	single-	4	6	{GlimmerHMM_glimmerT_1548-T1;GlimmerHMM},{HiQ_model.g1429.t1;HiQ}

# EVM prediction: Mode:STANDARD S-ratio: 4.83 97748-99517 orient(-) score(8797.00) noncoding_equivalent(1821.34) raw_noncoding(1821.34) offset(0.00) 
99517	97748	single-	4	6	{HiQ_model.g1430.t1;HiQ},{GlimmerHMM_glimmerT_1549-T1;GlimmerHMM}

