!! Predictions spanning range 1676 - 98198 [R1]
# EVM prediction: Mode:STANDARD S-ratio: 10000.00 1676-2161 orient(+) score(1935.00) noncoding_equivalent(0.19) raw_noncoding(0.00) offset(0.00) 
1676	2161	single+	1	3	{Augustus_model.g3612.t1;Augustus},{GlimmerHMM_glimmerT_3897-T1;GlimmerHMM}

# EVM prediction: Mode:STANDARD S-ratio: 70.93 3049-5214 orient(+) score(8544.00) noncoding_equivalent(120.46) raw_noncoding(120.46) offset(0.00) 
3049	5214	single+	1	3	{GlimmerHMM_glimmerT_3898-T1;GlimmerHMM}

# EVM prediction: Mode:STANDARD S-ratio: 14.02 5408-6955 orient(+) score(5778.00) noncoding_equivalent(412.12) raw_noncoding(412.12) offset(0.00) 
5408	6955	single+	1	3	{GlimmerHMM_glimmerT_3899-T1;GlimmerHMM}

# EVM prediction: Mode:STANDARD S-ratio: 21.61 7286-8890 orient(-) score(4602.00) noncoding_equivalent(213.00) raw_noncoding(213.00) offset(0.00) 
8890	7286	single-	4	6	{Augustus_model.g3614.t1;Augustus},{GlimmerHMM_glimmerT_3900-T1;GlimmerHMM}

# EVM prediction: Mode:STANDARD S-ratio: 5.00 9175-10860 orient(-) score(8430.00) noncoding_equivalent(1686.00) raw_noncoding(1686.00) offset(0.00) 
10860	9175	single-	4	6	{HiQ_model.g3615.t1;HiQ},{GlimmerHMM_glimmerT_3901-T1;GlimmerHMM}

# EVM prediction: Mode:STANDARD S-ratio: 2.00 11503-13548 orient(-) score(8184.00) noncoding_equivalent(4092.00) raw_noncoding(4092.00) offset(0.00) 
13548	11503	single-	4	6	{HiQ_model.g3616.t1;HiQ},{GlimmerHMM_glimmerT_3902-T1;GlimmerHMM}

# EVM prediction: Mode:STANDARD S-ratio: 1243.32 14035-17361 orient(+) score(9973.00) noncoding_equivalent(8.02) raw_noncoding(8.02) offset(0.00) 
14035	17361	single+	1	3	{GlimmerHMM_glimmerT_3903-T1;GlimmerHMM}

# EVM prediction: Mode:STANDARD S-ratio: 5.00 17900-18943 orient(+) score(3479.00) noncoding_equivalent(695.55) raw_noncoding(695.55) offset(0.00) 
17900	18943	single+	1	3	{GlimmerHMM_glimmerT_3904-T1;GlimmerHMM}

# EVM prediction: Mode:STANDARD S-ratio: 14.27 19705-20366 orient(+) score(2543.00) noncoding_equivalent(178.20) raw_noncoding(255.00) offset(76.80) 
19705	19726	initial+	1	1	{Augustus_model.g3618.t1;Augustus},{GlimmerHMM_glimmerT_3905-T1;GlimmerHMM}
19727	19803	INTRON			{Augustus_model.g3618.t1;Augustus},{GlimmerHMM_glimmerT_3905-T1;GlimmerHMM},{ev_type:exonerate/ID=match.160399.3626/Target=YJL024C;exonerate}
19804	20366	terminal+	2	3	{Augustus_model.g3618.t1;Augustus},{GlimmerHMM_glimmerT_3905-T1;GlimmerHMM}

# EVM prediction: Mode:STANDARD S-ratio: 4.61 20787-22331 orient(-) score(7616.00) noncoding_equivalent(1652.24) raw_noncoding(1652.24) offset(0.00) 
22331	20787	single-	4	6	{GlimmerHMM_glimmerT_3906-T1;GlimmerHMM},{HiQ_model.g3619.t1;HiQ}

# EVM prediction: Mode:STANDARD S-ratio: 2.01 22695-23894 orient(-) score(4807.00) noncoding_equivalent(2393.94) raw_noncoding(2393.94) offset(0.00) 
23894	22695	single-	4	6	{HiQ_model.g3620.t1;HiQ},{GlimmerHMM_glimmerT_3907-T1;GlimmerHMM}

# EVM prediction: Mode:STANDARD S-ratio: 157.71 25442-27910 orient(+) score(9812.00) noncoding_equivalent(62.22) raw_noncoding(62.22) offset(0.00) 
25442	27910	single+	1	3	{Augustus_model.g3621.t1;Augustus},{GlimmerHMM_glimmerT_3908-T1;GlimmerHMM}

# EVM prediction: Mode:STANDARD S-ratio: 5.00 28049-28639 orient(-) score(2955.00) noncoding_equivalent(591.00) raw_noncoding(591.00) offset(0.00) 
28639	28049	single-	4	6	{HiQ_model.g3622.t1;HiQ},{GlimmerHMM_glimmerT_3909-T1;GlimmerHMM}

# EVM prediction: Mode:STANDARD S-ratio: 18.89 28858-29928 orient(+) score(4062.00) noncoding_equivalent(215.00) raw_noncoding(300.00) offset(85.00) 
28858	28860	initial+	1	3	{GlimmerHMM_glimmerT_3910-T1;GlimmerHMM},{Augustus_model.g3623.t1;Augustus}
28861	28968	INTRON			{GlimmerHMM_glimmerT_3910-T1;GlimmerHMM},{Augustus_model.g3623.t1;Augustus}
28969	29928	terminal+	1	3	{GlimmerHMM_glimmerT_3910-T1;GlimmerHMM},{Augustus_model.g3623.t1;Augustus}

# EVM prediction: Mode:STANDARD S-ratio: 52.79 30149-32461 orient(-) score(6810.00) noncoding_equivalent(129.00) raw_noncoding(129.00) offset(0.00) 
32461	30149	single-	4	6	{Augustus_model.g3624.t1;Augustus},{GlimmerHMM_glimmerT_3911-T1;GlimmerHMM}

# EVM prediction: Mode:STANDARD S-ratio: 4.96 32923-34971 orient(-) score(10231.00) noncoding_equivalent(2061.24) raw_noncoding(2061.24) offset(0.00) 
34971	32923	single-	4	6	{HiQ_model.g3625.t1;HiQ},{GlimmerHMM_glimmerT_3912-T1;GlimmerHMM}

# EVM prediction: Mode:STANDARD S-ratio: 358.78 35315-36049 orient(+) score(2930.00) noncoding_equivalent(8.17) raw_noncoding(8.17) offset(0.00) 
35315	36049	single+	1	3	{Augustus_model.g3626.t1;Augustus},{GlimmerHMM_glimmerT_3913-T1;GlimmerHMM}

# EVM prediction: Mode:STANDARD S-ratio: 4.97 36202-37473 orient(-) score(6353.00) noncoding_equivalent(1277.06) raw_noncoding(1277.06) offset(0.00) 
37473	36202	single-	4	6	{HiQ_model.g3627.t1;HiQ},{GlimmerHMM_glimmerT_3914-T1;GlimmerHMM}

# EVM prediction: Mode:STANDARD S-ratio: 4.72 38964-39638 orient(-) score(3342.00) noncoding_equivalent(708.00) raw_noncoding(708.00) offset(0.00) 
39638	38964	single-	4	6	{GlimmerHMM_glimmerT_3915-T1;GlimmerHMM},{HiQ_model.g3628.t1;HiQ}

# EVM prediction: Mode:STANDARD S-ratio: 35.67 40526-41185 orient(+) score(2568.00) noncoding_equivalent(72.00) raw_noncoding(72.00) offset(0.00) 
40526	41185	single+	1	3	{GlimmerHMM_glimmerT_3916-T1;GlimmerHMM},{Augustus_model.g3629.t1;Augustus}

# EVM prediction: Mode:STANDARD S-ratio: 433.50 42681-47732 orient(+) score(20160.00) noncoding_equivalent(46.51) raw_noncoding(46.51) offset(0.00) 
42681	47732	single+	1	3	{Augustus_model.g3630.t1;Augustus},{GlimmerHMM_glimmerT_3917-T1;GlimmerHMM}

# EVM prediction: Mode:STANDARD S-ratio: 14.99 48107-54889 orient(-) score(22555.00) noncoding_equivalent(1504.78) raw_noncoding(2427.00) offset(922.22) 
50235	48107	terminal-	5	6	{snap_scaffold_12-snap.20-T1;snap}
50706	50236	INTRON			{Augustus_model.g3631.t1;Augustus}
54889	50707	initial-	4	4	{Augustus_model.g3631.t1;Augustus}

# EVM prediction: Mode:STANDARD S-ratio: 5.00 55235-56008 orient(-) score(3870.00) noncoding_equivalent(774.00) raw_noncoding(774.00) offset(0.00) 
56008	55235	single-	4	6	{HiQ_model.g3632.t1;HiQ},{GlimmerHMM_glimmerT_3919-T1;GlimmerHMM}

# EVM prediction: Mode:STANDARD S-ratio: 19.18 56460-57836 orient(+) score(5235.00) noncoding_equivalent(273.00) raw_noncoding(273.00) offset(0.00) 
56460	57836	single+	1	3	{Augustus_model.g3633.t1;Augustus},{GlimmerHMM_glimmerT_3920-T1;GlimmerHMM}

# EVM prediction: Mode:STANDARD S-ratio: 5.91 58205-60109 orient(-) score(11366.00) noncoding_equivalent(1922.05) raw_noncoding(1922.05) offset(0.00) 
60109	58205	single-	4	6	{GlimmerHMM_glimmerT_3921-T1;GlimmerHMM},{HiQ_model.g3634.t1;HiQ}

# EVM prediction: Mode:STANDARD S-ratio: 74.00 61578-65102 orient(-) score(10434.00) noncoding_equivalent(141.00) raw_noncoding(141.00) offset(0.00) 
65102	61578	single-	4	6	{GlimmerHMM_glimmerT_3922-T1;GlimmerHMM},{Augustus_model.g3635.t1;Augustus}

# EVM prediction: Mode:STANDARD S-ratio: 1.70 67931-69286 orient(-) score(5034.00) noncoding_equivalent(2968.06) raw_noncoding(2968.06) offset(0.00) 
69286	67931	single-	4	6	{HiQ_model.g3636.t1;HiQ}

# EVM prediction: Mode:STANDARD S-ratio: 73.34 69438-71966 orient(+) score(9978.00) noncoding_equivalent(136.06) raw_noncoding(136.06) offset(0.00) 
69438	71966	single+	1	3	{GlimmerHMM_glimmerT_3924-T1;GlimmerHMM}

# EVM prediction: Mode:STANDARD S-ratio: 10000.00 72918-74099 orient(+) score(4722.00) noncoding_equivalent(0.47) raw_noncoding(0.00) offset(0.00) 
72918	74099	single+	1	3	{Augustus_model.g3638.t1;Augustus}

# EVM prediction: Mode:STANDARD S-ratio: 4.37 74221-75573 orient(-) score(6606.00) noncoding_equivalent(1512.00) raw_noncoding(1512.00) offset(0.00) 
75573	74221	single-	4	6	{GlimmerHMM_glimmerT_3926-T1;GlimmerHMM},{HiQ_model.g3639.t1;HiQ}

# EVM prediction: Mode:STANDARD S-ratio: 5.00 75803-79024 orient(-) score(16110.00) noncoding_equivalent(3222.00) raw_noncoding(3222.00) offset(0.00) 
79024	75803	single-	4	6	{HiQ_model.g3640.t1;HiQ},{GlimmerHMM_glimmerT_3927-T1;GlimmerHMM}

# EVM prediction: Mode:STANDARD S-ratio: 4.74 79287-81755 orient(-) score(12231.00) noncoding_equivalent(2581.20) raw_noncoding(2581.20) offset(0.00) 
81755	79287	single-	4	6	{HiQ_model.g3641.t1;HiQ},{GlimmerHMM_glimmerT_3928-T1;GlimmerHMM}

# EVM prediction: Mode:STANDARD S-ratio: 3.02 82273-83271 orient(-) score(6003.00) noncoding_equivalent(1989.89) raw_noncoding(1989.89) offset(0.00) 
83271	82273	single-	4	6	{HiQ_model.g3642.t1;HiQ},{GlimmerHMM_glimmerT_3929-T1;GlimmerHMM}

# EVM prediction: Mode:STANDARD S-ratio: 4.66 84505-85644 orient(-) score(5631.00) noncoding_equivalent(1209.00) raw_noncoding(1209.00) offset(0.00) 
85644	84505	single-	4	6	{GlimmerHMM_glimmerT_3930-T1;GlimmerHMM},{HiQ_model.g3643.t1;HiQ}

# EVM prediction: Mode:STANDARD S-ratio: 5.00 85841-87277 orient(-) score(7185.00) noncoding_equivalent(1437.00) raw_noncoding(1437.00) offset(0.00) 
87277	85841	single-	4	6	{HiQ_model.g3644.t1;HiQ},{GlimmerHMM_glimmerT_3931-T1;GlimmerHMM}

# EVM prediction: Mode:STANDARD S-ratio: 4.38 87448-88179 orient(-) score(3576.00) noncoding_equivalent(816.00) raw_noncoding(816.00) offset(0.00) 
88179	87448	single-	4	6	{HiQ_model.g3645.t1;HiQ},{GlimmerHMM_glimmerT_3932-T1;GlimmerHMM}

# EVM prediction: Mode:STANDARD S-ratio: 23.05 88469-91063 orient(+) score(9613.00) noncoding_equivalent(417.10) raw_noncoding(417.10) offset(0.00) 
88469	91063	single+	1	3	{GlimmerHMM_glimmerT_3933-T1;GlimmerHMM}

# EVM prediction: Mode:STANDARD S-ratio: 398.31 91373-93376 orient(+) score(7988.00) noncoding_equivalent(20.05) raw_noncoding(20.05) offset(0.00) 
91373	93376	single+	1	3	{GlimmerHMM_glimmerT_3934-T1;GlimmerHMM}

# EVM prediction: Mode:STANDARD S-ratio: 1276.15 93621-95252 orient(+) score(6521.00) noncoding_equivalent(5.11) raw_noncoding(5.11) offset(0.00) 
93621	95252	single+	1	3	{Augustus_model.g3647.t1;Augustus},{GlimmerHMM_glimmerT_3935-T1;GlimmerHMM}

# EVM prediction: Mode:STANDARD S-ratio: 4.63 95304-96530 orient(-) score(6054.00) noncoding_equivalent(1308.00) raw_noncoding(1308.00) offset(0.00) 
96530	95304	single-	4	6	{HiQ_model.g3648.t1;HiQ},{GlimmerHMM_glimmerT_3936-T1;GlimmerHMM}

# EVM prediction: Mode:STANDARD S-ratio: 37.81 96774-98198 orient(-) score(5416.00) noncoding_equivalent(143.25) raw_noncoding(243.96) offset(100.71) 
98130	96774	terminal-	6	6	{snap_scaffold_12-snap.38-T1;snap},{Augustus_model.g3649.t1;Augustus}
98181	98131	INTRON			{Augustus_model.g3649.t1;Augustus}
98198	98182	initial-	4	5	{Augustus_model.g3649.t1;Augustus}

