!! Predictions spanning range 6935 - 71406 [R1]
# EVM prediction: Mode:STANDARD S-ratio: 10000.00 6935-8866 orient(+) score(5899.00) noncoding_equivalent(0.59) raw_noncoding(0.00) offset(0.00) 
6935	8866	single+	1	3	{Augustus_gene865.t1;Augustus}

# EVM prediction: Mode:STANDARD S-ratio: 10000.00 10506-11528 orient(+) score(4796.00) noncoding_equivalent(0.48) raw_noncoding(0.00) offset(0.00) 
10506	11528	single+	1	3	{Augustus_gene1054.t1;Augustus}

# EVM prediction: Mode:STANDARD S-ratio: 10000.00 16304-16819 orient(-) score(2136.00) noncoding_equivalent(0.21) raw_noncoding(0.00) offset(0.00) 
16819	16304	single-	4	6	{Augustus_gene276.t1;Augustus}

# EVM prediction: Mode:STANDARD S-ratio: 10000.00 17139-18200 orient(+) score(3200.00) noncoding_equivalent(0.32) raw_noncoding(0.00) offset(0.00) 
17139	17181	initial+	1	1	{Augustus_gene963.t1;Augustus}
17182	17330	INTRON			{Augustus_gene963.t1;Augustus}
17331	17536	internal+	2	3	{Augustus_gene963.t1;Augustus}
17537	17599	INTRON			{Augustus_gene963.t1;Augustus}
17600	18072	internal+	1	2	{Augustus_gene963.t1;Augustus}
18073	18190	INTRON			{Augustus_gene963.t1;Augustus}
18191	18200	terminal+	3	3	{Augustus_gene963.t1;Augustus}

# EVM prediction: Mode:STANDARD S-ratio: 10000.00 23773-27648 orient(-) score(11628.00) noncoding_equivalent(1.16) raw_noncoding(0.00) offset(0.00) 
27648	23773	single-	4	6	{Augustus_gene727.t1;Augustus}

# EVM prediction: Mode:STANDARD S-ratio: 10000.00 27914-28558 orient(-) score(1935.00) noncoding_equivalent(0.19) raw_noncoding(0.00) offset(0.00) 
28558	27914	single-	4	6	{Augustus_gene679.t1;Augustus}

# EVM prediction: Mode:STANDARD S-ratio: 10000.00 38196-40757 orient(+) score(5124.00) noncoding_equivalent(0.51) raw_noncoding(0.00) offset(0.00) 
38196	40757	single+	1	3	{Augustus_gene345.t1;Augustus}

# EVM prediction: Mode:STANDARD S-ratio: 10000.00 42999-44900 orient(+) score(6179.00) noncoding_equivalent(0.62) raw_noncoding(0.00) offset(0.00) 
42999	44900	single+	1	3	{Augustus_gene172.t1;Augustus}

# EVM prediction: Mode:STANDARD S-ratio: 10000.00 63085-63909 orient(-) score(3195.00) noncoding_equivalent(0.32) raw_noncoding(0.00) offset(0.00) 
63909	63085	single-	4	6	{Augustus_gene199.t1;Augustus}

# EVM prediction: Mode:STANDARD S-ratio: 10000.00 69802-71406 orient(+) score(5277.00) noncoding_equivalent(0.53) raw_noncoding(0.00) offset(0.00) 
69802	71406	single+	1	3	{Augustus_gene1036.t1;Augustus}

