!! Predictions spanning range 3489 - 99329 [R1]
# EVM prediction: Mode:STANDARD S-ratio: 10000.00 3489-4568 orient(+) score(2160.00) noncoding_equivalent(0.22) raw_noncoding(0.00) offset(0.00) 
3489	4568	single+	1	3	{Augustus_gene286.t1;Augustus}

# EVM prediction: Mode:STANDARD S-ratio: 10000.00 10072-13182 orient(+) score(6222.00) noncoding_equivalent(0.62) raw_noncoding(0.00) offset(0.00) 
10072	13182	single+	1	3	{Augustus_gene1029.t1;Augustus}

# EVM prediction: Mode:STANDARD S-ratio: 10000.00 13673-18631 orient(-) score(9918.00) noncoding_equivalent(0.99) raw_noncoding(0.00) offset(0.00) 
18631	13673	single-	4	6	{Augustus_gene226.t1;Augustus}

# EVM prediction: Mode:STANDARD S-ratio: 10000.00 23229-25562 orient(-) score(4668.00) noncoding_equivalent(0.47) raw_noncoding(0.00) offset(0.00) 
25562	23229	single-	4	6	{Augustus_gene1151.t1;Augustus}

# EVM prediction: Mode:STANDARD S-ratio: 10000.00 29004-32075 orient(-) score(6144.00) noncoding_equivalent(0.61) raw_noncoding(0.00) offset(0.00) 
32075	29004	single-	4	6	{Augustus_gene347.t1;Augustus}

# EVM prediction: Mode:STANDARD S-ratio: 10000.00 33612-34223 orient(-) score(1222.00) noncoding_equivalent(0.12) raw_noncoding(0.00) offset(0.00) 
34223	33612	single-	4	6	{Augustus_gene55.t1;Augustus}

# EVM prediction: Mode:STANDARD S-ratio: 10000.00 55746-56135 orient(+) score(780.00) noncoding_equivalent(0.08) raw_noncoding(0.00) offset(0.00) 
55746	56135	single+	1	3	{Augustus_gene945.t1;Augustus}

# EVM prediction: Mode:STANDARD S-ratio: 10000.00 56773-58371 orient(-) score(3198.00) noncoding_equivalent(0.32) raw_noncoding(0.00) offset(0.00) 
58371	56773	single-	4	6	{Augustus_gene1167.t1;Augustus}

# EVM prediction: Mode:STANDARD S-ratio: 10000.00 60680-61147 orient(-) score(936.00) noncoding_equivalent(0.09) raw_noncoding(0.00) offset(0.00) 
61147	60680	single-	4	6	{Augustus_gene467.t1;Augustus}

# EVM prediction: Mode:STANDARD S-ratio: 10000.00 98076-99329 orient(+) score(2508.00) noncoding_equivalent(0.25) raw_noncoding(0.00) offset(0.00) 
98076	99329	single+	1	3	{Augustus_gene30.t1;Augustus}

