!! Predictions spanning range 7642 - 97039 [R1]
# EVM prediction: Mode:STANDARD S-ratio: 10000.00 7642-9627 orient(+) score(3972.00) noncoding_equivalent(0.40) raw_noncoding(0.00) offset(0.00) 
7642	9627	single+	1	3	{Augustus_gene42.t1;Augustus}

# EVM prediction: Mode:STANDARD S-ratio: 10000.00 19853-23566 orient(+) score(7428.00) noncoding_equivalent(0.74) raw_noncoding(0.00) offset(0.00) 
19853	23566	single+	1	3	{Augustus_gene437.t1;Augustus}

# EVM prediction: Mode:STANDARD S-ratio: 10000.00 41239-42243 orient(-) score(2010.00) noncoding_equivalent(0.20) raw_noncoding(0.00) offset(0.00) 
42108	41239	terminal-	4	6	{Augustus_gene512.t1;Augustus}
42216	42109	INTRON			{Augustus_gene512.t1;Augustus}
42243	42217	initial-	4	6	{Augustus_gene512.t1;Augustus}

# EVM prediction: Mode:STANDARD S-ratio: 10000.00 43880-44848 orient(-) score(1938.00) noncoding_equivalent(0.19) raw_noncoding(0.00) offset(0.00) 
44848	43880	single-	4	6	{Augustus_gene494.t1;Augustus}

# EVM prediction: Mode:STANDARD S-ratio: 10000.00 45234-51899 orient(+) score(13332.00) noncoding_equivalent(1.33) raw_noncoding(0.00) offset(0.00) 
45234	51899	single+	1	3	{Augustus_gene487.t1;Augustus}

# EVM prediction: Mode:STANDARD S-ratio: 10000.00 62165-64183 orient(+) score(4038.00) noncoding_equivalent(0.40) raw_noncoding(0.00) offset(0.00) 
62165	64183	single+	1	3	{Augustus_gene780.t1;Augustus}

# EVM prediction: Mode:STANDARD S-ratio: 10000.00 68535-69374 orient(-) score(1680.00) noncoding_equivalent(0.17) raw_noncoding(0.00) offset(0.00) 
69374	68535	single-	4	6	{Augustus_gene737.t1;Augustus}

# EVM prediction: Mode:STANDARD S-ratio: 10000.00 69700-71439 orient(-) score(3480.00) noncoding_equivalent(0.35) raw_noncoding(0.00) offset(0.00) 
71439	69700	single-	4	6	{Augustus_gene210.t1;Augustus}

# EVM prediction: Mode:STANDARD S-ratio: 10000.00 78472-79719 orient(-) score(2496.00) noncoding_equivalent(0.25) raw_noncoding(0.00) offset(0.00) 
79719	78472	single-	4	6	{Augustus_gene841.t1;Augustus}

# EVM prediction: Mode:STANDARD S-ratio: 10000.00 80029-82293 orient(+) score(4530.00) noncoding_equivalent(0.45) raw_noncoding(0.00) offset(0.00) 
80029	82293	single+	1	3	{Augustus_gene174.t1;Augustus}

# EVM prediction: Mode:STANDARD S-ratio: 10000.00 85131-88037 orient(+) score(5814.00) noncoding_equivalent(0.58) raw_noncoding(0.00) offset(0.00) 
85131	88037	single+	1	3	{Augustus_gene618.t1;Augustus}

# EVM prediction: Mode:STANDARD S-ratio: 10000.00 88410-93182 orient(+) score(9546.00) noncoding_equivalent(0.95) raw_noncoding(0.00) offset(0.00) 
88410	90264	initial+	1	1	{Augustus_gene609.t1;Augustus}
90265	90519	INTRON			{Augustus_gene609.t1;Augustus}
90520	90535	internal+	2	2	{Augustus_gene609.t1;Augustus}
90536	90586	INTRON			{Augustus_gene609.t1;Augustus}
90587	93182	terminal+	3	3	{Augustus_gene609.t1;Augustus}

# EVM prediction: Mode:STANDARD S-ratio: 10000.00 93487-95001 orient(-) score(3030.00) noncoding_equivalent(0.30) raw_noncoding(0.00) offset(0.00) 
95001	93487	single-	4	6	{Augustus_gene443.t1;Augustus}

# EVM prediction: Mode:STANDARD S-ratio: 10000.00 95555-97039 orient(-) score(2970.00) noncoding_equivalent(0.30) raw_noncoding(0.00) offset(0.00) 
97039	95555	single-	4	6	{Augustus_gene328.t1;Augustus}

