# EVM prediction: Mode:STANDARD S-ratio: 10000.00 19541-22633 orient(-) score(6186.00) noncoding_equivalent(0.62) raw_noncoding(0.00) offset(0.00)
22633	19541	single-	4	6	{Augustus_gene983.t1;Augustus}

# EVM prediction: Mode:STANDARD S-ratio: 10000.00 34695-37421 orient(+) score(5454.00) noncoding_equivalent(0.55) raw_noncoding(0.00) offset(0.00)
34695	37421	single+	1	3	{Augustus_gene1182.t1;Augustus}

# EVM prediction: Mode:STANDARD S-ratio: 10000.00 40618-42015 orient(+) score(2796.00) noncoding_equivalent(0.28) raw_noncoding(0.00) offset(0.00)
40618	42015	single+	1	3	{Augustus_gene766.t1;Augustus}

# EVM prediction: Mode:STANDARD S-ratio: 10000.00 43323-44279 orient(-) score(1914.00) noncoding_equivalent(0.19) raw_noncoding(0.00) offset(0.00)
44279	43323	single-	4	6	{Augustus_gene263.t1;Augustus}

# EVM prediction: Mode:STANDARD S-ratio: 10000.00 45307-48021 orient(-) score(5430.00) noncoding_equivalent(0.54) raw_noncoding(0.00) offset(0.00)
48021	45307	single-	4	6	{Augustus_gene977.t1;Augustus}

# EVM prediction: Mode:STANDARD S-ratio: 10000.00 51906-52523 orient(-) score(1236.00) noncoding_equivalent(0.12) raw_noncoding(0.00) offset(0.00)
52523	51906	single-	4	6	{Augustus_gene311.t1;Augustus}

# EVM prediction: Mode:STANDARD S-ratio: 10000.00 54121-55896 orient(-) score(3552.00) noncoding_equivalent(0.36) raw_noncoding(0.00) offset(0.00)
55896	54121	single-	4	6	{Augustus_gene1058.t1;Augustus}

# EVM prediction: Mode:STANDARD S-ratio: 10000.00 58155-58808 orient(+) score(1308.00) noncoding_equivalent(0.13) raw_noncoding(0.00) offset(0.00)
58155	58808	single+	1	3	{Augustus_gene1116.t1;Augustus}

# EVM prediction: Mode:STANDARD S-ratio: 10000.00 58898-59791 orient(-) score(1788.00) noncoding_equivalent(0.18) raw_noncoding(0.00) offset(0.00)
59791	58898	single-	4	6	{Augustus_gene905.t1;Augustus}

# EVM prediction: Mode:STANDARD S-ratio: 10000.00 71673-76583 orient(-) score(9822.00) noncoding_equivalent(0.98) raw_noncoding(0.00) offset(0.00)
76583	71673	single-	4	6	{Augustus_gene879.t1;Augustus}

# EVM prediction: Mode:STANDARD S-ratio: 10000.00 82806-84017 orient(+) score(2424.00) noncoding_equivalent(0.24) raw_noncoding(0.00) offset(0.00)
82806	84017	single+	1	3	{Augustus_gene244.t1;Augustus}

# EVM prediction: Mode:STANDARD S-ratio: 10000.00 84169-85815 orient(-) score(3294.00) noncoding_equivalent(0.33) raw_noncoding(0.00) offset(0.00)
85815	84169	single-	4	6	{Augustus_gene864.t1;Augustus}

# EVM prediction: Mode:STANDARD S-ratio: 10000.00 90303-91424 orient(+) score(2244.00) noncoding_equivalent(0.22) raw_noncoding(0.00) offset(0.00)
90303	91424	single+	1	3	{Augustus_gene778.t1;Augustus}

# EVM prediction: Mode:STANDARD S-ratio: 10000.00 91994-94801 orient(+) score(5616.00) noncoding_equivalent(0.56) raw_noncoding(0.00) offset(0.00)
91994	94801	single+	1	3	{Augustus_gene598.t1;Augustus}

# EVM prediction: Mode:STANDARD S-ratio: 10000.00 103134-104015 orient(-) score(1764.00) noncoding_equivalent(0.18) raw_noncoding(0.00) offset(0.00)
104015	103134	single-	4	6	{Augustus_gene980.t1;Augustus}

# EVM prediction: Mode:STANDARD S-ratio: 10000.00 110917-112902 orient(+) score(3972.00) noncoding_equivalent(0.40) raw_noncoding(0.00) offset(0.00)
110917	112902	single+	1	3	{Augustus_gene44.t1;Augustus}

# EVM prediction: Mode:STANDARD S-ratio: 10000.00 122883-126599 orient(+) score(7434.00) noncoding_equivalent(0.74) raw_noncoding(0.00) offset(0.00)
122883	126599	single+	1	3	{Augustus_gene454.t1;Augustus}

# EVM prediction: Mode:STANDARD S-ratio: 10000.00 144281-145282 orient(-) score(2004.00) noncoding_equivalent(0.20) raw_noncoding(0.00) offset(0.00)
145150	144281	terminal-	4	6	{Augustus_gene529.t1;Augustus}
145255	145151	INTRON			{Augustus_gene529.t1;Augustus}
145282	145256	initial-	4	6	{Augustus_gene529.t1;Augustus}

# EVM prediction: Mode:STANDARD S-ratio: 10000.00 146897-147841 orient(-) score(1890.00) noncoding_equivalent(0.19) raw_noncoding(0.00) offset(0.00)
147841	146897	single-	4	6	{Augustus_gene510.t1;Augustus}

# EVM prediction: Mode:STANDARD S-ratio: 10000.00 148216-154881 orient(+) score(13332.00) noncoding_equivalent(1.33) raw_noncoding(0.00) offset(0.00)
148216	154881	single+	1	3	{Augustus_gene503.t1;Augustus}

# EVM prediction: Mode:STANDARD S-ratio: 10000.00 165089-167098 orient(+) score(4020.00) noncoding_equivalent(0.40) raw_noncoding(0.00) offset(0.00)
165089	167098	single+	1	3	{Augustus_gene803.t1;Augustus}

# EVM prediction: Mode:STANDARD S-ratio: 10000.00 171442-172287 orient(-) score(1692.00) noncoding_equivalent(0.17) raw_noncoding(0.00) offset(0.00)
172287	171442	single-	4	6	{Augustus_gene759.t1;Augustus}

# EVM prediction: Mode:STANDARD S-ratio: 10000.00 172589-174316 orient(-) score(3456.00) noncoding_equivalent(0.35) raw_noncoding(0.00) offset(0.00)
174316	172589	single-	4	6	{Augustus_gene217.t1;Augustus}

# EVM prediction: Mode:STANDARD S-ratio: 10000.00 175411-179349 orient(+) score(7878.00) noncoding_equivalent(0.79) raw_noncoding(0.00) offset(0.00)
175411	179349	single+	1	3	{Augustus_gene371.t1;Augustus}

# EVM prediction: Mode:STANDARD S-ratio: 10000.00 181362-182609 orient(-) score(2496.00) noncoding_equivalent(0.25) raw_noncoding(0.00) offset(0.00)
182609	181362	single-	4	6	{Augustus_gene866.t1;Augustus}

# EVM prediction: Mode:STANDARD S-ratio: 10000.00 182915-185179 orient(+) score(4530.00) noncoding_equivalent(0.45) raw_noncoding(0.00) offset(0.00)
182915	185179	single+	1	3	{Augustus_gene180.t1;Augustus}

# EVM prediction: Mode:STANDARD S-ratio: 10000.00 188052-190958 orient(+) score(5814.00) noncoding_equivalent(0.58) raw_noncoding(0.00) offset(0.00)
188052	190958	single+	1	3	{Augustus_gene637.t1;Augustus}

# EVM prediction: Mode:STANDARD S-ratio: 10000.00 191325-196103 orient(+) score(9558.00) noncoding_equivalent(0.96) raw_noncoding(0.00) offset(0.00)
191325	192494	initial+	1	3	{Augustus_gene628.t1;Augustus}
192495	192863	INTRON			{Augustus_gene628.t1;Augustus}
192864	196103	terminal+	1	3	{Augustus_gene628.t1;Augustus}

# EVM prediction: Mode:STANDARD S-ratio: 10000.00 196427-197944 orient(-) score(3036.00) noncoding_equivalent(0.30) raw_noncoding(0.00) offset(0.00)
197944	196427	single-	4	6	{Augustus_gene460.t1;Augustus}

# EVM prediction: Mode:STANDARD S-ratio: 10000.00 198503-199978 orient(-) score(2952.00) noncoding_equivalent(0.30) raw_noncoding(0.00) offset(0.00)
199978	198503	single-	4	6	{Augustus_gene339.t1;Augustus}

# EVM prediction: Mode:STANDARD S-ratio: 10000.00 202429-204873 orient(+) score(4890.00) noncoding_equivalent(0.49) raw_noncoding(0.00) offset(0.00)
202429	204873	single+	1	3	{Augustus_gene612.t1;Augustus}

# EVM prediction: Mode:STANDARD S-ratio: 10000.00 214924-215802 orient(+) score(1758.00) noncoding_equivalent(0.18) raw_noncoding(0.00) offset(0.00)
214924	215802	single+	1	3	{Augustus_gene321.t1;Augustus}

# EVM prediction: Mode:STANDARD S-ratio: 10000.00 227371-228855 orient(+) score(2970.00) noncoding_equivalent(0.30) raw_noncoding(0.00) offset(0.00)
227371	228855	single+	1	3	{Augustus_gene1144.t1;Augustus}

# EVM prediction: Mode:STANDARD S-ratio: 10000.00 229095-229715 orient(+) score(1242.00) noncoding_equivalent(0.12) raw_noncoding(0.00) offset(0.00)
229095	229715	single+	1	3	{Augustus_gene774.t1;Augustus}

# EVM prediction: Mode:STANDARD S-ratio: 10000.00 230985-233696 orient(-) score(5424.00) noncoding_equivalent(0.54) raw_noncoding(0.00) offset(0.00)
231014	230985	terminal-	4	6	{Augustus_gene666.t1;Augustus}
231119	231015	INTRON			{Augustus_gene666.t1;Augustus}
233696	231120	initial-	4	6	{Augustus_gene666.t1;Augustus}

# EVM prediction: Mode:STANDARD S-ratio: 10000.00 235997-237664 orient(-) score(3336.00) noncoding_equivalent(0.33) raw_noncoding(0.00) offset(0.00)
237664	235997	single-	4	6	{Augustus_gene462.t1;Augustus}

# EVM prediction: Mode:STANDARD S-ratio: 10000.00 238239-240002 orient(+) score(3528.00) noncoding_equivalent(0.35) raw_noncoding(0.00) offset(0.00)
238239	240002	single+	1	3	{Augustus_gene325.t1;Augustus}

# EVM prediction: Mode:STANDARD S-ratio: 10000.00 247462-249810 orient(+) score(4698.00) noncoding_equivalent(0.47) raw_noncoding(0.00) offset(0.00)
247462	249810	single+	1	3	{Augustus_gene539.t1;Augustus}

# EVM prediction: Mode:STANDARD S-ratio: 10000.00 255354-256631 orient(+) score(2556.00) noncoding_equivalent(0.26) raw_noncoding(0.00) offset(0.00)
255354	256631	single+	1	3	{Augustus_gene177.t1;Augustus}

# EVM prediction: Mode:STANDARD S-ratio: 10000.00 260628-263165 orient(-) score(5076.00) noncoding_equivalent(0.51) raw_noncoding(0.00) offset(0.00)
263165	260628	single-	4	6	{Augustus_gene986.t1;Augustus}

# EVM prediction: Mode:STANDARD S-ratio: 10000.00 263714-264454 orient(-) score(1482.00) noncoding_equivalent(0.15) raw_noncoding(0.00) offset(0.00)
264454	263714	single-	4	6	{Augustus_gene346.t1;Augustus}

# EVM prediction: Mode:STANDARD S-ratio: 10000.00 284261-285889 orient(+) score(3258.00) noncoding_equivalent(0.33) raw_noncoding(0.00) offset(0.00)
284261	285889	single+	1	3	{Augustus_gene1003.t1;Augustus}

# EVM prediction: Mode:STANDARD S-ratio: 10000.00 302682-303404 orient(+) score(1446.00) noncoding_equivalent(0.14) raw_noncoding(0.00) offset(0.00)
302682	303404	single+	1	3	{Augustus_gene76.t1;Augustus}

# EVM prediction: Mode:STANDARD S-ratio: 10000.00 307403-308614 orient(-) score(2424.00) noncoding_equivalent(0.24) raw_noncoding(0.00) offset(0.00)
308614	307403	single-	4	6	{Augustus_gene1040.t1;Augustus}

# EVM prediction: Mode:STANDARD S-ratio: 10000.00 310249-315918 orient(+) score(11340.00) noncoding_equivalent(1.13) raw_noncoding(0.00) offset(0.00)
310249	310366	initial+	1	1	{Augustus_gene568.t1;Augustus}
310367	310752	INTRON			{Augustus_gene568.t1;Augustus}
310753	311409	internal+	2	1	{Augustus_gene568.t1;Augustus}
311410	311475	INTRON			{Augustus_gene568.t1;Augustus}
311476	315795	internal+	2	1	{Augustus_gene568.t1;Augustus}
315796	315862	INTRON			{Augustus_gene568.t1;Augustus}
315863	315918	terminal+	2	3	{Augustus_gene568.t1;Augustus}

# EVM prediction: Mode:STANDARD S-ratio: 10000.00 316171-317586 orient(-) score(2832.00) noncoding_equivalent(0.28) raw_noncoding(0.00) offset(0.00)
317586	316171	single-	4	6	{Augustus_gene228.t1;Augustus}

# EVM prediction: Mode:STANDARD S-ratio: 10000.00 326743-330075 orient(-) score(6666.00) noncoding_equivalent(0.67) raw_noncoding(0.00) offset(0.00)
330075	326743	single-	4	6	{Augustus_gene833.t1;Augustus}

# EVM prediction: Mode:STANDARD S-ratio: 10000.00 346315-347595 orient(+) score(2562.00) noncoding_equivalent(0.26) raw_noncoding(0.00) offset(0.00)
346315	347367	initial+	1	3	{Augustus_gene586.t1;Augustus}
347368	347589	INTRON			{Augustus_gene586.t1;Augustus}
347590	347595	terminal+	1	3	{Augustus_gene586.t1;Augustus}

# EVM prediction: Mode:STANDARD S-ratio: 10000.00 349647-350673 orient(-) score(2054.00) noncoding_equivalent(0.21) raw_noncoding(0.00) offset(0.00)
349664	349647	terminal-	4	6	{Augustus_gene442.t1;Augustus}
349953	349665	INTRON			{Augustus_gene442.t1;Augustus}
350673	349954	initial-	4	6	{Augustus_gene442.t1;Augustus}

# EVM prediction: Mode:STANDARD S-ratio: 10000.00 361653-365719 orient(-) score(8134.00) noncoding_equivalent(0.81) raw_noncoding(0.00) offset(0.00)
361688	361653	terminal-	4	6	{Augustus_gene430.t1;Augustus}
361873	361689	INTRON			{Augustus_gene430.t1;Augustus}
365719	361874	initial-	4	6	{Augustus_gene430.t1;Augustus}

# EVM prediction: Mode:STANDARD S-ratio: 10000.00 366764-368323 orient(+) score(3120.00) noncoding_equivalent(0.31) raw_noncoding(0.00) offset(0.00)
366764	368323	single+	1	3	{Augustus_gene333.t1;Augustus}

# EVM prediction: Mode:STANDARD S-ratio: 10000.00 368530-370057 orient(-) score(3056.00) noncoding_equivalent(0.31) raw_noncoding(0.00) offset(0.00)
368555	368530	terminal-	5	6	{Augustus_gene1136.t1;Augustus}
368604	368556	INTRON			{Augustus_gene1136.t1;Augustus}
368811	368605	internal-	5	4	{Augustus_gene1136.t1;Augustus}
369291	368812	INTRON			{Augustus_gene1136.t1;Augustus}
369964	369292	internal-	4	4	{Augustus_gene1136.t1;Augustus}
370012	369965	INTRON			{Augustus_gene1136.t1;Augustus}
370057	370013	initial-	4	6	{Augustus_gene1136.t1;Augustus}

# EVM prediction: Mode:STANDARD S-ratio: 10000.00 375323-378493 orient(+) score(6342.00) noncoding_equivalent(0.63) raw_noncoding(0.00) offset(0.00)
375323	378493	single+	1	3	{Augustus_gene195.t1;Augustus}

# EVM prediction: Mode:STANDARD S-ratio: 10000.00 381482-382204 orient(+) score(1446.00) noncoding_equivalent(0.14) raw_noncoding(0.00) offset(0.00)
381482	382204	single+	1	3	{Augustus_gene92.t1;Augustus}

# EVM prediction: Mode:STANDARD S-ratio: 10000.00 382388-383665 orient(+) score(2556.00) noncoding_equivalent(0.26) raw_noncoding(0.00) offset(0.00)
382388	383665	single+	1	3	{Augustus_gene1029.t1;Augustus}

# EVM prediction: Mode:STANDARD S-ratio: 10000.00 383989-386850 orient(+) score(5724.00) noncoding_equivalent(0.57) raw_noncoding(0.00) offset(0.00)
383989	386850	single+	1	3	{Augustus_gene425.t1;Augustus}

# EVM prediction: Mode:STANDARD S-ratio: 10000.00 392894-394372 orient(+) score(2958.00) noncoding_equivalent(0.30) raw_noncoding(0.00) offset(0.00)
392894	394372	single+	1	3	{Augustus_gene860.t1;Augustus}

# EVM prediction: Mode:STANDARD S-ratio: 10000.00 410121-412055 orient(-) score(3870.00) noncoding_equivalent(0.39) raw_noncoding(0.00) offset(0.00)
412055	410121	single-	4	6	{Augustus_gene709.t1;Augustus}

# EVM prediction: Mode:STANDARD S-ratio: 10000.00 417828-418490 orient(-) score(1326.00) noncoding_equivalent(0.13) raw_noncoding(0.00) offset(0.00)
418490	417828	single-	4	6	{Augustus_gene633.t1;Augustus}

# EVM prediction: Mode:STANDARD S-ratio: 10000.00 420100-420780 orient(+) score(1362.00) noncoding_equivalent(0.14) raw_noncoding(0.00) offset(0.00)
420100	420780	single+	1	3	{Augustus_gene235.t1;Augustus}

# EVM prediction: Mode:STANDARD S-ratio: 10000.00 430089-434495 orient(+) score(8814.00) noncoding_equivalent(0.88) raw_noncoding(0.00) offset(0.00)
430089	434495	single+	1	3	{Augustus_gene1180.t1;Augustus}

# EVM prediction: Mode:STANDARD S-ratio: 10000.00 447613-449376 orient(+) score(3528.00) noncoding_equivalent(0.35) raw_noncoding(0.00) offset(0.00)
447613	449376	single+	1	3	{Augustus_gene642.t1;Augustus}

# EVM prediction: Mode:STANDARD S-ratio: 10000.00 457706-461992 orient(+) score(8574.00) noncoding_equivalent(0.86) raw_noncoding(0.00) offset(0.00)
457706	461992	single+	1	3	{Augustus_gene1190.t1;Augustus}

# EVM prediction: Mode:STANDARD S-ratio: 10000.00 467133-469625 orient(+) score(4986.00) noncoding_equivalent(0.50) raw_noncoding(0.00) offset(0.00)
467133	469625	single+	1	3	{Augustus_gene924.t1;Augustus}

# EVM prediction: Mode:STANDARD S-ratio: 10000.00 473393-476014 orient(+) score(5244.00) noncoding_equivalent(0.52) raw_noncoding(0.00) offset(0.00)
473393	476014	single+	1	3	{Augustus_gene776.t1;Augustus}

# EVM prediction: Mode:STANDARD S-ratio: 10000.00 485609-486481 orient(+) score(1746.00) noncoding_equivalent(0.17) raw_noncoding(0.00) offset(0.00)
485609	486481	single+	1	3	{Augustus_gene497.t1;Augustus}

# EVM prediction: Mode:STANDARD S-ratio: 10000.00 490319-491242 orient(+) score(1848.00) noncoding_equivalent(0.18) raw_noncoding(0.00) offset(0.00)
490319	491242	single+	1	3	{Augustus_gene1155.t1;Augustus}

# EVM prediction: Mode:STANDARD S-ratio: 10000.00 508778-510214 orient(-) score(2874.00) noncoding_equivalent(0.29) raw_noncoding(0.00) offset(0.00)
510214	508778	single-	4	6	{Augustus_gene167.t1;Augustus}

# EVM prediction: Mode:STANDARD S-ratio: 10000.00 512670-514937 orient(-) score(4536.00) noncoding_equivalent(0.45) raw_noncoding(0.00) offset(0.00)
514937	512670	single-	4	6	{Augustus_gene272.t1;Augustus}

# EVM prediction: Mode:STANDARD S-ratio: 10000.00 538175-539821 orient(+) score(3294.00) noncoding_equivalent(0.33) raw_noncoding(0.00) offset(0.00)
538175	539821	single+	1	3	{Augustus_gene337.t1;Augustus}

# EVM prediction: Mode:STANDARD S-ratio: 10000.00 549470-551989 orient(-) score(5040.00) noncoding_equivalent(0.50) raw_noncoding(0.00) offset(0.00)
551989	549470	single-	4	6	{Augustus_gene618.t1;Augustus}

# EVM prediction: Mode:STANDARD S-ratio: 10000.00 555050-556834 orient(+) score(3570.00) noncoding_equivalent(0.36) raw_noncoding(0.00) offset(0.00)
555050	556834	single+	1	3	{Augustus_gene1165.t1;Augustus}

# EVM prediction: Mode:STANDARD S-ratio: 10000.00 581922-583376 orient(+) score(2910.00) noncoding_equivalent(0.29) raw_noncoding(0.00) offset(0.00)
581922	583376	single+	1	3	{Augustus_gene967.t1;Augustus}

# EVM prediction: Mode:STANDARD S-ratio: 10000.00 584322-585293 orient(-) score(1944.00) noncoding_equivalent(0.19) raw_noncoding(0.00) offset(0.00)
585293	584322	single-	4	6	{Augustus_gene914.t1;Augustus}

# EVM prediction: Mode:STANDARD S-ratio: 10000.00 588265-591162 orient(-) score(5796.00) noncoding_equivalent(0.58) raw_noncoding(0.00) offset(0.00)
591162	588265	single-	4	6	{Augustus_gene99.t1;Augustus}

# EVM prediction: Mode:STANDARD S-ratio: 10000.00 593229-595349 orient(+) score(4242.00) noncoding_equivalent(0.42) raw_noncoding(0.00) offset(0.00)
593229	595349	single+	1	3	{Augustus_gene717.t1;Augustus}

# EVM prediction: Mode:STANDARD S-ratio: 10000.00 618510-619568 orient(-) score(2118.00) noncoding_equivalent(0.21) raw_noncoding(0.00) offset(0.00)
619568	618510	single-	4	6	{Augustus_gene873.t1;Augustus}

# EVM prediction: Mode:STANDARD S-ratio: 10000.00 620070-620981 orient(+) score(1824.00) noncoding_equivalent(0.18) raw_noncoding(0.00) offset(0.00)
620070	620981	single+	1	3	{Augustus_gene540.t1;Augustus}

# EVM prediction: Mode:STANDARD S-ratio: 10000.00 621816-622431 orient(-) score(1232.00) noncoding_equivalent(0.12) raw_noncoding(0.00) offset(0.00)
621826	621816	terminal-	5	6	{Augustus_gene484.t1;Augustus}
621902	621827	INTRON			{Augustus_gene484.t1;Augustus}
622431	621903	initial-	4	4	{Augustus_gene484.t1;Augustus}

# EVM prediction: Mode:STANDARD S-ratio: 10000.00 624978-625832 orient(-) score(1710.00) noncoding_equivalent(0.17) raw_noncoding(0.00) offset(0.00)
625832	624978	single-	4	6	{Augustus_gene839.t1;Augustus}

# EVM prediction: Mode:STANDARD S-ratio: 10000.00 627459-628619 orient(+) score(2322.00) noncoding_equivalent(0.23) raw_noncoding(0.00) offset(0.00)
627459	628619	single+	1	3	{Augustus_gene1162.t1;Augustus}

# EVM prediction: Mode:STANDARD S-ratio: 10000.00 634347-635300 orient(-) score(1908.00) noncoding_equivalent(0.19) raw_noncoding(0.00) offset(0.00)
635300	634347	single-	4	6	{Augustus_gene220.t1;Augustus}

# EVM prediction: Mode:STANDARD S-ratio: 10000.00 636989-638857 orient(+) score(3738.00) noncoding_equivalent(0.37) raw_noncoding(0.00) offset(0.00)
636989	638857	single+	1	3	{Augustus_gene30.t1;Augustus}

# EVM prediction: Mode:STANDARD S-ratio: 10000.00 639185-640117 orient(-) score(1866.00) noncoding_equivalent(0.19) raw_noncoding(0.00) offset(0.00)
640117	639185	single-	4	6	{Augustus_gene42.t1;Augustus}

# EVM prediction: Mode:STANDARD S-ratio: 10000.00 640399-642384 orient(+) score(3972.00) noncoding_equivalent(0.40) raw_noncoding(0.00) offset(0.00)
640399	642384	single+	1	3	{Augustus_gene224.t1;Augustus}

# EVM prediction: Mode:STANDARD S-ratio: 10000.00 653390-654544 orient(+) score(2310.00) noncoding_equivalent(0.23) raw_noncoding(0.00) offset(0.00)
653390	654544	single+	1	3	{Augustus_gene127.t1;Augustus}

# EVM prediction: Mode:STANDARD S-ratio: 10000.00 654676-661377 orient(-) score(13404.00) noncoding_equivalent(1.34) raw_noncoding(0.00) offset(0.00)
661377	654676	single-	4	6	{Augustus_gene850.t1;Augustus}

# EVM prediction: Mode:STANDARD S-ratio: 10000.00 662916-663584 orient(+) score(1338.00) noncoding_equivalent(0.13) raw_noncoding(0.00) offset(0.00)
662916	663584	single+	1	3	{Augustus_gene810.t1;Augustus}

# EVM prediction: Mode:STANDARD S-ratio: 10000.00 693022-694050 orient(-) score(2058.00) noncoding_equivalent(0.21) raw_noncoding(0.00) offset(0.00)
694050	693022	single-	4	6	{Augustus_gene1146.t1;Augustus}

# EVM prediction: Mode:STANDARD S-ratio: 10000.00 694364-694825 orient(-) score(924.00) noncoding_equivalent(0.09) raw_noncoding(0.00) offset(0.00)
694825	694364	single-	4	6	{Augustus_gene1179.t1;Augustus}

# EVM prediction: Mode:STANDARD S-ratio: 10000.00 695598-697487 orient(+) score(3780.00) noncoding_equivalent(0.38) raw_noncoding(0.00) offset(0.00)
695598	697487	single+	1	3	{Augustus_gene226.t1;Augustus}

# EVM prediction: Mode:STANDARD S-ratio: 10000.00 701898-703088 orient(+) score(2382.00) noncoding_equivalent(0.24) raw_noncoding(0.00) offset(0.00)
701898	703088	single+	1	3	{Augustus_gene752.t1;Augustus}

# EVM prediction: Mode:STANDARD S-ratio: 10000.00 707791-708198 orient(+) score(816.00) noncoding_equivalent(0.08) raw_noncoding(0.00) offset(0.00)
707791	708198	single+	1	3	{Augustus_gene1015.t1;Augustus}

# EVM prediction: Mode:STANDARD S-ratio: 10000.00 719349-720512 orient(-) score(2328.00) noncoding_equivalent(0.23) raw_noncoding(0.00) offset(0.00)
720512	719349	single-	4	6	{Augustus_gene285.t1;Augustus}

