!! Predictions spanning range 8445 - 99430 [R1]
# EVM prediction: Mode:STANDARD S-ratio: 10000.00 8445-9071 orient(+) score(1254.00) noncoding_equivalent(0.13) raw_noncoding(0.00) offset(0.00) 
8445	9071	single+	1	3	{Augustus_gene348.t1;Augustus}

# EVM prediction: Mode:STANDARD S-ratio: 10000.00 9761-11419 orient(-) score(3318.00) noncoding_equivalent(0.33) raw_noncoding(0.00) offset(0.00) 
11419	9761	single-	4	6	{Augustus_gene118.t1;Augustus}

# EVM prediction: Mode:STANDARD S-ratio: 10000.00 24904-28888 orient(-) score(7970.00) noncoding_equivalent(0.80) raw_noncoding(0.00) offset(0.00) 
25117	24904	terminal-	6	6	{Augustus_gene647.t1;Augustus}
25574	25118	INTRON			{Augustus_gene647.t1;Augustus}
26789	25575	internal-	6	5	{Augustus_gene647.t1;Augustus}
26855	26790	INTRON			{Augustus_gene647.t1;Augustus}
27151	26856	internal-	4	5	{Augustus_gene647.t1;Augustus}
27301	27152	INTRON			{Augustus_gene647.t1;Augustus}
27354	27302	internal-	5	6	{Augustus_gene647.t1;Augustus}
28191	27355	INTRON			{Augustus_gene647.t1;Augustus}
28536	28192	internal-	5	4	{Augustus_gene647.t1;Augustus}
28581	28537	INTRON			{Augustus_gene647.t1;Augustus}
28888	28582	initial-	4	4	{Augustus_gene647.t1;Augustus}

# EVM prediction: Mode:STANDARD S-ratio: 10000.00 56711-59951 orient(-) score(6482.00) noncoding_equivalent(0.65) raw_noncoding(0.00) offset(0.00) 
58170	56711	terminal-	5	6	{Augustus_gene75.t1;Augustus}
58651	58171	INTRON			{Augustus_gene75.t1;Augustus}
58844	58652	internal-	4	4	{Augustus_gene75.t1;Augustus}
58900	58845	INTRON			{Augustus_gene75.t1;Augustus}
59400	58901	internal-	5	6	{Augustus_gene75.t1;Augustus}
59449	59401	INTRON			{Augustus_gene75.t1;Augustus}
59951	59450	initial-	4	4	{Augustus_gene75.t1;Augustus}

# EVM prediction: Mode:STANDARD S-ratio: 10000.00 66278-66625 orient(-) score(696.00) noncoding_equivalent(0.07) raw_noncoding(0.00) offset(0.00) 
66625	66278	single-	4	6	{Augustus_gene414.t1;Augustus}

# EVM prediction: Mode:STANDARD S-ratio: 10000.00 66843-67628 orient(-) score(1572.00) noncoding_equivalent(0.16) raw_noncoding(0.00) offset(0.00) 
67628	66843	single-	4	6	{Augustus_gene578.t1;Augustus}

# EVM prediction: Mode:STANDARD S-ratio: 10000.00 68072-68545 orient(+) score(948.00) noncoding_equivalent(0.09) raw_noncoding(0.00) offset(0.00) 
68072	68545	single+	1	3	{Augustus_gene953.t1;Augustus}

# EVM prediction: Mode:STANDARD S-ratio: 10000.00 81097-82074 orient(-) score(1956.00) noncoding_equivalent(0.20) raw_noncoding(0.00) offset(0.00) 
82074	81097	single-	4	6	{Augustus_gene906.t1;Augustus}

# EVM prediction: Mode:STANDARD S-ratio: 10000.00 82328-83725 orient(+) score(2796.00) noncoding_equivalent(0.28) raw_noncoding(0.00) offset(0.00) 
82328	83725	single+	1	3	{Augustus_gene786.t1;Augustus}

# EVM prediction: Mode:STANDARD S-ratio: 10000.00 90751-91554 orient(+) score(1608.00) noncoding_equivalent(0.16) raw_noncoding(0.00) offset(0.00) 
90751	91554	single+	1	3	{Augustus_gene541.t1;Augustus}

# EVM prediction: Mode:STANDARD S-ratio: 10000.00 97214-99430 orient(+) score(4434.00) noncoding_equivalent(0.44) raw_noncoding(0.00) offset(0.00) 
97214	99140	initial+	1	1	{Augustus_gene197.t1;Augustus}
99141	99344	INTRON			{Augustus_gene197.t1;Augustus}
99345	99430	terminal+	2	3	{Augustus_gene197.t1;Augustus}

