!! Predictions spanning range 107 - 98846 [R1]
# EVM prediction: Mode:STANDARD S-ratio: 2.00 107-1143 orient(-) score(2074.00) noncoding_equivalent(1037.00) raw_noncoding(1037.00) offset(0.00) 
1143	107	initial-	4	5	{GlimmerHMM_glimmerT_3505-T1;GlimmerHMM}

# EVM prediction: Mode:STANDARD S-ratio: 5.00 1839-6509 orient(-) score(23355.00) noncoding_equivalent(4671.00) raw_noncoding(4671.00) offset(0.00) 
6509	1839	single-	4	6	{GlimmerHMM_glimmerT_3506-T1;GlimmerHMM},{HiQ_model.g3257.t1;HiQ}

# EVM prediction: Mode:STANDARD S-ratio: 10000.00 7407-9239 orient(+) score(5499.00) noncoding_equivalent(0.55) raw_noncoding(0.00) offset(0.00) 
7407	9239	single+	1	3	{GlimmerHMM_glimmerT_3507-T1;GlimmerHMM},{Augustus_model.g3258.t1;Augustus}

# EVM prediction: Mode:STANDARD S-ratio: 51.78 9934-13068 orient(+) score(15378.00) noncoding_equivalent(297.00) raw_noncoding(297.00) offset(0.00) 
9934	13068	single+	1	3	{Augustus_model.g3259.t1;Augustus},{GlimmerHMM_glimmerT_3508-T1;GlimmerHMM}

# EVM prediction: Mode:STANDARD S-ratio: 10000.00 13472-14176 orient(+) score(2811.00) noncoding_equivalent(0.28) raw_noncoding(0.00) offset(0.00) 
13472	14176	single+	1	3	{Augustus_model.g3260.t1;Augustus},{GlimmerHMM_glimmerT_3509-T1;GlimmerHMM}

# EVM prediction: Mode:STANDARD S-ratio: 614.60 14619-15212 orient(+) score(2471.00) noncoding_equivalent(4.02) raw_noncoding(4.02) offset(0.00) 
14619	15212	single+	1	3	{Augustus_model.g3261.t1;Augustus},{GlimmerHMM_glimmerT_3510-T1;GlimmerHMM}

# EVM prediction: Mode:STANDARD S-ratio: 34.56 15785-17491 orient(+) score(6636.00) noncoding_equivalent(192.00) raw_noncoding(192.00) offset(0.00) 
15785	17491	single+	1	3	{Augustus_model.g3262.t1;Augustus},{GlimmerHMM_glimmerT_3511-T1;GlimmerHMM}

# EVM prediction: Mode:STANDARD S-ratio: 4.66 17560-18129 orient(-) score(2814.00) noncoding_equivalent(604.38) raw_noncoding(604.38) offset(0.00) 
18129	17560	single-	4	6	{HiQ_model.g3263.t1;HiQ},{GlimmerHMM_glimmerT_3512-T1;GlimmerHMM}

# EVM prediction: Mode:STANDARD S-ratio: 107.96 19663-24012 orient(+) score(17165.00) noncoding_equivalent(159.00) raw_noncoding(159.00) offset(0.00) 
19663	24012	single+	1	3	{GlimmerHMM_glimmerT_3513-T1;GlimmerHMM}

# EVM prediction: Mode:STANDARD S-ratio: 10000.00 26047-27012 orient(+) score(3864.00) noncoding_equivalent(0.39) raw_noncoding(0.00) offset(0.00) 
26047	27012	single+	1	3	{Augustus_model.g3265.t1;Augustus},{GlimmerHMM_glimmerT_3514-T1;GlimmerHMM}

# EVM prediction: Mode:STANDARD S-ratio: 302.75 27937-30054 orient(+) score(10530.00) noncoding_equivalent(34.78) raw_noncoding(34.78) offset(0.00) 
27937	30054	single+	1	3	{Augustus_model.g3266.t1;Augustus},{GlimmerHMM_glimmerT_3515-T1;GlimmerHMM}

# EVM prediction: Mode:STANDARD S-ratio: 5.00 30505-32223 orient(-) score(8595.00) noncoding_equivalent(1719.00) raw_noncoding(1719.00) offset(0.00) 
32223	30505	single-	4	6	{HiQ_model.g3267.t1;HiQ},{GlimmerHMM_glimmerT_3516-T1;GlimmerHMM}

# EVM prediction: Mode:STANDARD S-ratio: 3.00 33203-35128 orient(+) score(5778.00) noncoding_equivalent(1926.00) raw_noncoding(1926.00) offset(0.00) 
33203	35128	single+	1	3	{Augustus_model.g3268.t1;Augustus},{GlimmerHMM_glimmerT_3517-T1;GlimmerHMM}

# EVM prediction: Mode:STANDARD S-ratio: 8.45 35522-36276 orient(-) score(2235.00) noncoding_equivalent(264.44) raw_noncoding(434.67) offset(170.23) 
36181	35522	terminal-	4	6	{snap_scaffold_10-snap.12-T1;snap}
36267	36182	INTRON			{snap_scaffold_10-snap.12-T1;snap}
36276	36268	initial-	4	6	{snap_scaffold_10-snap.12-T1;snap}

# EVM prediction: Mode:STANDARD S-ratio: 68.90 36746-36940 orient(-) score(760.00) noncoding_equivalent(11.03) raw_noncoding(11.03) offset(0.00) 
36940	36746	single-	4	6	{GlimmerHMM_glimmerT_3520-T1;GlimmerHMM}

# EVM prediction: Mode:STANDARD S-ratio: 10000.00 37598-40081 orient(+) score(9936.00) noncoding_equivalent(0.99) raw_noncoding(0.00) offset(0.00) 
37598	40081	single+	1	3	{GlimmerHMM_glimmerT_3521-T1;GlimmerHMM},{Augustus_model.g3270.t1;Augustus}

# EVM prediction: Mode:STANDARD S-ratio: 4.00 40388-40591 orient(+) score(816.00) noncoding_equivalent(204.00) raw_noncoding(204.00) offset(0.00) 
40388	40591	single+	1	3	{Augustus_model.g3271.t1;Augustus},{GlimmerHMM_glimmerT_3522-T1;GlimmerHMM}

# EVM prediction: Mode:STANDARD S-ratio: 4.85 41684-42712 orient(-) score(5118.00) noncoding_equivalent(1054.29) raw_noncoding(1054.29) offset(0.00) 
42712	41684	single-	4	6	{HiQ_model.g3272.t1;HiQ},{GlimmerHMM_glimmerT_3523-T1;GlimmerHMM}

# EVM prediction: Mode:STANDARD S-ratio: 4.68 42876-44981 orient(-) score(10412.00) noncoding_equivalent(2223.04) raw_noncoding(2223.04) offset(0.00) 
44981	42876	single-	4	6	{GlimmerHMM_glimmerT_3524-T1;GlimmerHMM},{HiQ_model.g3273.t1;HiQ}

# EVM prediction: Mode:STANDARD S-ratio: 3.00 45469-47181 orient(+) score(5139.00) noncoding_equivalent(1713.00) raw_noncoding(1713.00) offset(0.00) 
45469	47181	single+	1	3	{Augustus_model.g3274.t1;Augustus},{GlimmerHMM_glimmerT_3525-T1;GlimmerHMM}

# EVM prediction: Mode:STANDARD S-ratio: 2.62 47458-48102 orient(+) score(1868.00) noncoding_equivalent(713.00) raw_noncoding(713.00) offset(0.00) 
47458	48102	single+	1	3	{GlimmerHMM_glimmerT_3526-T1;GlimmerHMM}

# EVM prediction: Mode:STANDARD S-ratio: 10000.00 48445-49497 orient(+) score(4212.00) noncoding_equivalent(0.42) raw_noncoding(0.00) offset(0.00) 
48445	49497	single+	1	3	{GlimmerHMM_glimmerT_3527-T1;GlimmerHMM}

# EVM prediction: Mode:STANDARD S-ratio: 25.83 49997-50821 orient(+) score(3177.00) noncoding_equivalent(123.00) raw_noncoding(123.00) offset(0.00) 
49997	50821	single+	1	3	{Augustus_model.g3276.t1;Augustus}

# EVM prediction: Mode:STANDARD S-ratio: 5.00 50932-54465 orient(-) score(17670.00) noncoding_equivalent(3534.00) raw_noncoding(3534.00) offset(0.00) 
54465	50932	single-	4	6	{GlimmerHMM_glimmerT_3529-T1;GlimmerHMM},{HiQ_model.g3277.t1;HiQ}

# EVM prediction: Mode:STANDARD S-ratio: 2.16 56394-58340 orient(-) score(7788.00) noncoding_equivalent(3604.00) raw_noncoding(3604.00) offset(0.00) 
58340	56394	single-	4	6	{HiQ_model.g3278.t1;HiQ},{GlimmerHMM_glimmerT_3530-T1;GlimmerHMM}

# EVM prediction: Mode:STANDARD S-ratio: 754.44 58867-61194 orient(+) score(9298.00) noncoding_equivalent(12.32) raw_noncoding(12.32) offset(0.00) 
58867	61194	single+	1	3	{Augustus_model.g3279.t1;Augustus},{GlimmerHMM_glimmerT_3531-T1;GlimmerHMM}

# EVM prediction: Mode:STANDARD S-ratio: 6.05 61690-62112 orient(+) score(1597.00) noncoding_equivalent(264.00) raw_noncoding(270.00) offset(6.00) 
61690	61694	initial+	1	2	{snap_scaffold_10-snap.22-T1;snap},{Augustus_model.g3280.t1;Augustus},{GlimmerHMM_glimmerT_3532-T1;GlimmerHMM}
61695	61784	INTRON			{snap_scaffold_10-snap.22-T1;snap},{Augustus_model.g3280.t1;Augustus},{GlimmerHMM_glimmerT_3532-T1;GlimmerHMM}
61785	62112	terminal+	3	3	{snap_scaffold_10-snap.22-T1;snap},{Augustus_model.g3280.t1;Augustus},{GlimmerHMM_glimmerT_3532-T1;GlimmerHMM}

# EVM prediction: Mode:STANDARD S-ratio: 3.43 62358-64142 orient(-) score(8295.00) noncoding_equivalent(2415.00) raw_noncoding(2415.00) offset(0.00) 
64142	62358	single-	4	6	{HiQ_model.g3281.t1;HiQ},{GlimmerHMM_glimmerT_3533-T1;GlimmerHMM}

# EVM prediction: Mode:STANDARD S-ratio: 4.53 64483-66822 orient(-) score(11498.00) noncoding_equivalent(2540.40) raw_noncoding(2540.40) offset(0.00) 
66822	64483	single-	4	6	{HiQ_model.g3282.t1;HiQ}

# EVM prediction: Mode:STANDARD S-ratio: 37.37 67323-71351 orient(-) score(15696.00) noncoding_equivalent(420.00) raw_noncoding(420.00) offset(0.00) 
71351	67323	single-	4	6	{GlimmerHMM_glimmerT_3535-T1;GlimmerHMM}

# EVM prediction: Mode:STANDARD S-ratio: 1.24 71820-72287 orient(-) score(1745.00) noncoding_equivalent(1404.00) raw_noncoding(1404.00) offset(0.00) 
72287	71820	single-	4	6	{HiQ_model.g3284.t1;HiQ}

# EVM prediction: Mode:STANDARD S-ratio: 10000.00 72633-73457 orient(+) score(3300.00) noncoding_equivalent(0.33) raw_noncoding(0.00) offset(0.00) 
72633	73457	single+	1	3	{Augustus_model.g3285.t1;Augustus},{GlimmerHMM_glimmerT_3536-T1;GlimmerHMM}

# EVM prediction: Mode:STANDARD S-ratio: 5.00 73507-74349 orient(-) score(4215.00) noncoding_equivalent(843.00) raw_noncoding(843.00) offset(0.00) 
74349	73507	single-	4	6	{GlimmerHMM_glimmerT_3537-T1;GlimmerHMM},{HiQ_model.g3286.t1;HiQ}

# EVM prediction: Mode:STANDARD S-ratio: 10000.00 74669-75454 orient(+) score(3144.00) noncoding_equivalent(0.31) raw_noncoding(0.00) offset(0.00) 
74669	75454	single+	1	3	{GlimmerHMM_glimmerT_3538-T1;GlimmerHMM},{Augustus_model.g3287.t1;Augustus}

# EVM prediction: Mode:STANDARD S-ratio: 5.00 75757-77415 orient(-) score(8295.00) noncoding_equivalent(1659.00) raw_noncoding(1659.00) offset(0.00) 
77415	75757	single-	4	6	{HiQ_model.g3288.t1;HiQ},{GlimmerHMM_glimmerT_3539-T1;GlimmerHMM}

# EVM prediction: Mode:STANDARD S-ratio: 4.65 78272-79339 orient(-) score(5268.00) noncoding_equivalent(1132.00) raw_noncoding(1132.00) offset(0.00) 
79339	78272	single-	4	6	{GlimmerHMM_glimmerT_3540-T1;GlimmerHMM},{HiQ_model.g3289.t1;HiQ}

# EVM prediction: Mode:STANDARD S-ratio: 1.96 79820-80399 orient(-) score(1147.00) noncoding_equivalent(586.02) raw_noncoding(1355.20) offset(769.18) 
80008	79820	terminal-	4	6	{snap_scaffold_10-snap.31-T1;snap},{GlimmerHMM_glimmerT_3541-T1;GlimmerHMM}
80393	80009	INTRON			{snap_scaffold_10-snap.31-T1;snap}
80399	80394	initial-	4	6	{snap_scaffold_10-snap.31-T1;snap}

# EVM prediction: Mode:STANDARD S-ratio: 2.00 80760-82184 orient(-) score(5700.00) noncoding_equivalent(2850.00) raw_noncoding(2850.00) offset(0.00) 
82184	80760	single-	4	6	{GlimmerHMM_glimmerT_3542-T1;GlimmerHMM},{HiQ_model.g3290.t1;HiQ}

# EVM prediction: Mode:STANDARD S-ratio: 423.55 82369-84306 orient(+) score(7732.00) noncoding_equivalent(18.26) raw_noncoding(18.26) offset(0.00) 
82369	84306	single+	1	3	{GlimmerHMM_glimmerT_3543-T1;GlimmerHMM},{Augustus_model.g3291.t1;Augustus}

# EVM prediction: Mode:STANDARD S-ratio: 4.87 84425-85258 orient(-) score(4151.00) noncoding_equivalent(851.60) raw_noncoding(851.60) offset(0.00) 
85258	84425	single-	4	6	{GlimmerHMM_glimmerT_3544-T1;GlimmerHMM},{HiQ_model.g3292.t1;HiQ}

# EVM prediction: Mode:STANDARD S-ratio: 3.73 85600-86745 orient(-) score(5421.00) noncoding_equivalent(1455.00) raw_noncoding(1455.00) offset(0.00) 
86745	85600	single-	4	6	{GlimmerHMM_glimmerT_3545-T1;GlimmerHMM},{HiQ_model.g3293.t1;HiQ}

# EVM prediction: Mode:STANDARD S-ratio: 5.00 87072-87653 orient(-) score(2910.00) noncoding_equivalent(582.00) raw_noncoding(582.00) offset(0.00) 
87653	87072	single-	4	6	{GlimmerHMM_glimmerT_3546-T1;GlimmerHMM},{HiQ_model.g3294.t1;HiQ}

# EVM prediction: Mode:STANDARD S-ratio: 177.53 88054-88713 orient(-) score(1967.00) noncoding_equivalent(11.08) raw_noncoding(11.08) offset(0.00) 
88713	88054	single-	4	6	{GlimmerHMM_glimmerT_3547-T1;GlimmerHMM},{Augustus_model.g3295.t1;Augustus}

# EVM prediction: Mode:STANDARD S-ratio: 4.25 89282-89656 orient(-) score(1847.00) noncoding_equivalent(435.00) raw_noncoding(435.00) offset(0.00) 
89656	89282	single-	4	6	{HiQ_model.g3296.t1;HiQ},{GlimmerHMM_glimmerT_3548-T1;GlimmerHMM}

# EVM prediction: Mode:STANDARD S-ratio: 3.00 91330-91719 orient(+) score(1170.00) noncoding_equivalent(390.00) raw_noncoding(390.00) offset(0.00) 
91330	91719	single+	1	3	{GlimmerHMM_glimmerT_3549-T1;GlimmerHMM},{Augustus_model.g3297.t1;Augustus}

# EVM prediction: Mode:STANDARD S-ratio: 3.90 92007-92702 orient(-) score(3322.00) noncoding_equivalent(852.55) raw_noncoding(852.55) offset(0.00) 
92702	92007	single-	4	6	{GlimmerHMM_glimmerT_3550-T1;GlimmerHMM},{HiQ_model.g3298.t1;HiQ}

# EVM prediction: Mode:STANDARD S-ratio: 50.73 93355-95337 orient(+) score(7770.00) noncoding_equivalent(153.17) raw_noncoding(153.17) offset(0.00) 
93355	95337	single+	1	3	{GlimmerHMM_glimmerT_3551-T1;GlimmerHMM}

# EVM prediction: Mode:STANDARD S-ratio: 55.96 96242-97588 orient(+) score(5290.00) noncoding_equivalent(94.53) raw_noncoding(94.53) offset(0.00) 
96242	97588	single+	1	3	{GlimmerHMM_glimmerT_3552-T1;GlimmerHMM}

# EVM prediction: Mode:STANDARD S-ratio: 15.07 98112-98846 orient(+) score(2757.00) noncoding_equivalent(183.00) raw_noncoding(183.00) offset(0.00) 
98112	98846	single+	1	3	{Augustus_model.g3300.t1;Augustus},{GlimmerHMM_glimmerT_3553-T1;GlimmerHMM}

