!! Predictions spanning range 520 - 94484 [R1]
# EVM prediction: Mode:STANDARD S-ratio: 10000.00 520-3182 orient(+) score(5326.00) noncoding_equivalent(0.53) raw_noncoding(0.00) offset(0.00) 
520	535	internal+	2	2	{Augustus_gene609.t1;Augustus}
536	586	INTRON			{Augustus_gene609.t1;Augustus}
587	3182	terminal+	3	3	{Augustus_gene609.t1;Augustus}

# EVM prediction: Mode:STANDARD S-ratio: 10000.00 3487-5001 orient(-) score(3030.00) noncoding_equivalent(0.30) raw_noncoding(0.00) offset(0.00) 
5001	3487	single-	4	6	{Augustus_gene443.t1;Augustus}

# EVM prediction: Mode:STANDARD S-ratio: 10000.00 5555-7039 orient(-) score(2970.00) noncoding_equivalent(0.30) raw_noncoding(0.00) offset(0.00) 
7039	5555	single-	4	6	{Augustus_gene328.t1;Augustus}

# EVM prediction: Mode:STANDARD S-ratio: 10000.00 9586-12054 orient(+) score(4938.00) noncoding_equivalent(0.49) raw_noncoding(0.00) offset(0.00) 
9586	12054	single+	1	3	{Augustus_gene593.t1;Augustus}

# EVM prediction: Mode:STANDARD S-ratio: 10000.00 22138-23016 orient(+) score(1758.00) noncoding_equivalent(0.18) raw_noncoding(0.00) offset(0.00) 
22138	23016	single+	1	3	{Augustus_gene311.t1;Augustus}

# EVM prediction: Mode:STANDARD S-ratio: 10000.00 34789-36273 orient(+) score(2970.00) noncoding_equivalent(0.30) raw_noncoding(0.00) offset(0.00) 
34789	36273	single+	1	3	{Augustus_gene1119.t1;Augustus}

# EVM prediction: Mode:STANDARD S-ratio: 10000.00 38510-41315 orient(-) score(5612.00) noncoding_equivalent(0.56) raw_noncoding(0.00) offset(0.00) 
40493	38510	terminal-	6	6	{Augustus_gene647.t1;Augustus}
40670	40494	INTRON			{Augustus_gene647.t1;Augustus}
41022	40671	internal-	5	5	{Augustus_gene647.t1;Augustus}
41086	41023	INTRON			{Augustus_gene647.t1;Augustus}
41149	41087	internal-	5	4	{Augustus_gene647.t1;Augustus}
41302	41150	INTRON			{Augustus_gene647.t1;Augustus}
41315	41303	initial-	4	4	{Augustus_gene647.t1;Augustus}

# EVM prediction: Mode:STANDARD S-ratio: 10000.00 43404-45071 orient(-) score(3336.00) noncoding_equivalent(0.33) raw_noncoding(0.00) offset(0.00) 
45071	43404	single-	4	6	{Augustus_gene445.t1;Augustus}

# EVM prediction: Mode:STANDARD S-ratio: 10000.00 45622-47382 orient(+) score(3522.00) noncoding_equivalent(0.35) raw_noncoding(0.00) offset(0.00) 
45622	47382	single+	1	3	{Augustus_gene314.t1;Augustus}

# EVM prediction: Mode:STANDARD S-ratio: 10000.00 54848-57202 orient(+) score(4710.00) noncoding_equivalent(0.47) raw_noncoding(0.00) offset(0.00) 
54848	57202	single+	1	3	{Augustus_gene522.t1;Augustus}

# EVM prediction: Mode:STANDARD S-ratio: 10000.00 62761-64041 orient(+) score(2562.00) noncoding_equivalent(0.26) raw_noncoding(0.00) offset(0.00) 
62761	64041	single+	1	3	{Augustus_gene171.t1;Augustus}

# EVM prediction: Mode:STANDARD S-ratio: 10000.00 68102-70648 orient(-) score(5094.00) noncoding_equivalent(0.51) raw_noncoding(0.00) offset(0.00) 
70648	68102	single-	4	6	{Augustus_gene961.t1;Augustus}

# EVM prediction: Mode:STANDARD S-ratio: 10000.00 71214-71951 orient(-) score(1476.00) noncoding_equivalent(0.15) raw_noncoding(0.00) offset(0.00) 
71951	71214	single-	4	6	{Augustus_gene335.t1;Augustus}

# EVM prediction: Mode:STANDARD S-ratio: 10000.00 92856-94484 orient(+) score(3258.00) noncoding_equivalent(0.33) raw_noncoding(0.00) offset(0.00) 
92856	94484	single+	1	3	{Augustus_gene977.t1;Augustus}

