# EVM prediction: Mode:STANDARD S-ratio: 10000.00 11580-11948 orient(+) score(738.00) noncoding_equivalent(0.07) raw_noncoding(0.00) offset(0.00)
11580	11948	single+	1	3	{Augustus_gene1150.t1;Augustus}

# EVM prediction: Mode:STANDARD S-ratio: 10000.00 11950-16587 orient(-) score(9276.00) noncoding_equivalent(0.93) raw_noncoding(0.00) offset(0.00)
12490	11950	terminal-	6	6	{Augustus_gene524.t1;Augustus}
12651	12491	INTRON			{Augustus_gene524.t1;Augustus}
13354	12652	internal-	5	5	{Augustus_gene524.t1;Augustus}
13675	13355	INTRON			{Augustus_gene524.t1;Augustus}
13742	13676	internal-	4	4	{Augustus_gene524.t1;Augustus}
13836	13743	INTRON			{Augustus_gene524.t1;Augustus}
16031	13837	internal-	5	6	{Augustus_gene524.t1;Augustus}
16394	16032	INTRON			{Augustus_gene524.t1;Augustus}
16587	16395	initial-	4	4	{Augustus_gene524.t1;Augustus}

# EVM prediction: Mode:STANDARD S-ratio: 10000.00 26954-28600 orient(+) score(3294.00) noncoding_equivalent(0.33) raw_noncoding(0.00) offset(0.00)
26954	28600	single+	1	3	{Augustus_gene683.t1;Augustus}

# EVM prediction: Mode:STANDARD S-ratio: 10000.00 57603-59954 orient(-) score(4704.00) noncoding_equivalent(0.47) raw_noncoding(0.00) offset(0.00)
59954	57603	single-	4	6	{Augustus_gene813.t1;Augustus}

# EVM prediction: Mode:STANDARD S-ratio: 10000.00 70595-73825 orient(-) score(6462.00) noncoding_equivalent(0.65) raw_noncoding(0.00) offset(0.00)
73825	70595	single-	4	6	{Augustus_gene1033.t1;Augustus}

# EVM prediction: Mode:STANDARD S-ratio: 10000.00 95673-97367 orient(-) score(3390.00) noncoding_equivalent(0.34) raw_noncoding(0.00) offset(0.00)
97367	95673	single-	4	6	{Augustus_gene1104.t1;Augustus}

# EVM prediction: Mode:STANDARD S-ratio: 10000.00 98053-98313 orient(-) score(522.00) noncoding_equivalent(0.05) raw_noncoding(0.00) offset(0.00)
98313	98053	single-	4	6	{Augustus_gene710.t1;Augustus}

# EVM prediction: Mode:STANDARD S-ratio: 10000.00 109686-110591 orient(-) score(1812.00) noncoding_equivalent(0.18) raw_noncoding(0.00) offset(0.00)
110591	109686	single-	4	6	{Augustus_gene412.t1;Augustus}

# EVM prediction: Mode:STANDARD S-ratio: 10000.00 113323-114414 orient(-) score(2184.00) noncoding_equivalent(0.22) raw_noncoding(0.00) offset(0.00)
114414	113323	single-	4	6	{Augustus_gene820.t1;Augustus}

# EVM prediction: Mode:STANDARD S-ratio: 10000.00 114676-115535 orient(-) score(1720.00) noncoding_equivalent(0.17) raw_noncoding(0.00) offset(0.00)
115110	114676	terminal-	4	6	{Augustus_gene392.t1;Augustus}
115514	115111	INTRON			{Augustus_gene392.t1;Augustus}
115535	115515	initial-	4	6	{Augustus_gene392.t1;Augustus}

# EVM prediction: Mode:STANDARD S-ratio: 10000.00 115818-116422 orient(-) score(1210.00) noncoding_equivalent(0.12) raw_noncoding(0.00) offset(0.00)
115875	115818	terminal-	6	6	{Augustus_gene52.t1;Augustus}
115937	115876	INTRON			{Augustus_gene52.t1;Augustus}
116190	115938	internal-	5	5	{Augustus_gene52.t1;Augustus}
116258	116191	INTRON			{Augustus_gene52.t1;Augustus}
116355	116259	internal-	4	4	{Augustus_gene52.t1;Augustus}
116419	116356	INTRON			{Augustus_gene52.t1;Augustus}
116422	116420	initial-	4	6	{Augustus_gene52.t1;Augustus}

# EVM prediction: Mode:STANDARD S-ratio: 10000.00 116838-118946 orient(+) score(4218.00) noncoding_equivalent(0.42) raw_noncoding(0.00) offset(0.00)
116838	116883	initial+	1	1	{Augustus_gene527.t1;Augustus}
116884	116958	INTRON			{Augustus_gene527.t1;Augustus}
116959	118261	internal+	2	2	{Augustus_gene527.t1;Augustus}
118262	118342	INTRON			{Augustus_gene527.t1;Augustus}
118343	118413	internal+	3	1	{Augustus_gene527.t1;Augustus}
118414	118854	INTRON			{Augustus_gene527.t1;Augustus}
118855	118946	terminal+	2	3	{Augustus_gene527.t1;Augustus}

# EVM prediction: Mode:STANDARD S-ratio: 10000.00 122466-124409 orient(+) score(3888.00) noncoding_equivalent(0.39) raw_noncoding(0.00) offset(0.00)
122466	124409	single+	1	3	{Augustus_gene675.t1;Augustus}

# EVM prediction: Mode:STANDARD S-ratio: 10000.00 131977-133230 orient(-) score(2508.00) noncoding_equivalent(0.25) raw_noncoding(0.00) offset(0.00)
133230	131977	single-	4	6	{Augustus_gene627.t1;Augustus}

# EVM prediction: Mode:STANDARD S-ratio: 10000.00 170116-171318 orient(-) score(2406.00) noncoding_equivalent(0.24) raw_noncoding(0.00) offset(0.00)
171318	170116	single-	4	6	{Augustus_gene398.t1;Augustus}

# EVM prediction: Mode:STANDARD S-ratio: 10000.00 172250-173392 orient(+) score(2286.00) noncoding_equivalent(0.23) raw_noncoding(0.00) offset(0.00)
172250	173392	single+	1	3	{Augustus_gene755.t1;Augustus}

# EVM prediction: Mode:STANDARD S-ratio: 10000.00 182690-183145 orient(+) score(912.00) noncoding_equivalent(0.09) raw_noncoding(0.00) offset(0.00)
182690	183145	single+	1	3	{Augustus_gene906.t1;Augustus}

# EVM prediction: Mode:STANDARD S-ratio: 10000.00 186531-188873 orient(-) score(4686.00) noncoding_equivalent(0.47) raw_noncoding(0.00) offset(0.00)
188873	186531	single-	4	6	{Augustus_gene79.t1;Augustus}

# EVM prediction: Mode:STANDARD S-ratio: 10000.00 204300-205872 orient(+) score(3146.00) noncoding_equivalent(0.31) raw_noncoding(0.00) offset(0.00)
204300	204361	initial+	1	2	{Augustus_gene395.t1;Augustus}
204362	204437	INTRON			{Augustus_gene395.t1;Augustus}
204438	205872	terminal+	3	3	{Augustus_gene395.t1;Augustus}

# EVM prediction: Mode:STANDARD S-ratio: 10000.00 221639-222187 orient(-) score(1098.00) noncoding_equivalent(0.11) raw_noncoding(0.00) offset(0.00)
222187	221639	single-	4	6	{Augustus_gene19.t1;Augustus}

# EVM prediction: Mode:STANDARD S-ratio: 10000.00 231035-236857 orient(-) score(11646.00) noncoding_equivalent(1.16) raw_noncoding(0.00) offset(0.00)
231129	231035	terminal-	5	6	{Augustus_gene94.t1;Augustus}
231404	231130	INTRON			{Augustus_gene94.t1;Augustus}
231421	231405	internal-	6	4	{Augustus_gene94.t1;Augustus}
231912	231422	INTRON			{Augustus_gene94.t1;Augustus}
231972	231913	internal-	6	5	{Augustus_gene94.t1;Augustus}
232349	231973	INTRON			{Augustus_gene94.t1;Augustus}
236857	232350	initial-	4	5	{Augustus_gene94.t1;Augustus}

# EVM prediction: Mode:STANDARD S-ratio: 10000.00 267237-267944 orient(-) score(1416.00) noncoding_equivalent(0.14) raw_noncoding(0.00) offset(0.00)
267638	267237	terminal-	4	6	{Augustus_gene62.t1;Augustus}
267728	267639	INTRON			{Augustus_gene62.t1;Augustus}
267944	267729	initial-	4	6	{Augustus_gene62.t1;Augustus}

# EVM prediction: Mode:STANDARD S-ratio: 10000.00 268142-270265 orient(+) score(4248.00) noncoding_equivalent(0.42) raw_noncoding(0.00) offset(0.00)
268142	269587	initial+	1	3	{Augustus_gene817.t1;Augustus}
269588	269809	INTRON			{Augustus_gene817.t1;Augustus}
269810	270265	terminal+	1	3	{Augustus_gene817.t1;Augustus}

# EVM prediction: Mode:STANDARD S-ratio: 10000.00 275554-276168 orient(-) score(1230.00) noncoding_equivalent(0.12) raw_noncoding(0.00) offset(0.00)
276168	275554	single-	4	6	{Augustus_gene901.t1;Augustus}

# EVM prediction: Mode:STANDARD S-ratio: 10000.00 313717-317713 orient(-) score(7994.00) noncoding_equivalent(0.80) raw_noncoding(0.00) offset(0.00)
313781	313717	terminal-	5	6	{Augustus_gene919.t1;Augustus}
313950	313782	INTRON			{Augustus_gene919.t1;Augustus}
317713	313951	initial-	4	4	{Augustus_gene919.t1;Augustus}

# EVM prediction: Mode:STANDARD S-ratio: 10000.00 381840-382496 orient(+) score(1314.00) noncoding_equivalent(0.13) raw_noncoding(0.00) offset(0.00)
381840	382496	single+	1	3	{Augustus_gene637.t1;Augustus}

# EVM prediction: Mode:STANDARD S-ratio: 10000.00 382542-383525 orient(-) score(1968.00) noncoding_equivalent(0.20) raw_noncoding(0.00) offset(0.00)
383525	382542	single-	4	6	{Augustus_gene913.t1;Augustus}

# EVM prediction: Mode:STANDARD S-ratio: 10000.00 397028-397942 orient(+) score(1830.00) noncoding_equivalent(0.18) raw_noncoding(0.00) offset(0.00)
397028	397942	single+	1	3	{Augustus_gene563.t1;Augustus}

# EVM prediction: Mode:STANDARD S-ratio: 10000.00 402753-403626 orient(-) score(1748.00) noncoding_equivalent(0.17) raw_noncoding(0.00) offset(0.00)
403174	402753	terminal-	5	6	{Augustus_gene1045.t1;Augustus}
403619	403175	INTRON			{Augustus_gene1045.t1;Augustus}
403626	403620	initial-	4	4	{Augustus_gene1045.t1;Augustus}

# EVM prediction: Mode:STANDARD S-ratio: 10000.00 403985-404479 orient(-) score(990.00) noncoding_equivalent(0.10) raw_noncoding(0.00) offset(0.00)
404479	403985	single-	4	6	{Augustus_gene1075.t1;Augustus}

# EVM prediction: Mode:STANDARD S-ratio: 10000.00 416245-417378 orient(-) score(2268.00) noncoding_equivalent(0.23) raw_noncoding(0.00) offset(0.00)
417378	416245	single-	4	6	{Augustus_gene747.t1;Augustus}

# EVM prediction: Mode:STANDARD S-ratio: 10000.00 419022-420419 orient(+) score(2796.00) noncoding_equivalent(0.28) raw_noncoding(0.00) offset(0.00)
419022	420419	single+	1	3	{Augustus_gene448.t1;Augustus}

# EVM prediction: Mode:STANDARD S-ratio: 10000.00 437978-442984 orient(+) score(10012.00) noncoding_equivalent(1.00) raw_noncoding(0.00) offset(0.00)
437978	442984	single+	1	3	{Augustus_gene222.t1;Augustus}

# EVM prediction: Mode:STANDARD S-ratio: 10000.00 453038-453583 orient(+) score(1092.00) noncoding_equivalent(0.11) raw_noncoding(0.00) offset(0.00)
453038	453583	single+	1	3	{Augustus_gene553.t1;Augustus}

# EVM prediction: Mode:STANDARD S-ratio: 10000.00 463058-465112 orient(+) score(4110.00) noncoding_equivalent(0.41) raw_noncoding(0.00) offset(0.00)
463058	465112	single+	1	3	{Augustus_gene7.t1;Augustus}

# EVM prediction: Mode:STANDARD S-ratio: 10000.00 470964-472505 orient(-) score(3084.00) noncoding_equivalent(0.31) raw_noncoding(0.00) offset(0.00)
472505	470964	single-	4	6	{Augustus_gene333.t1;Augustus}

# EVM prediction: Mode:STANDARD S-ratio: 10000.00 493517-494062 orient(+) score(1092.00) noncoding_equivalent(0.11) raw_noncoding(0.00) offset(0.00)
493517	494062	single+	1	3	{Augustus_gene1163.t1;Augustus}

# EVM prediction: Mode:STANDARD S-ratio: 10000.00 494226-496515 orient(-) score(4580.00) noncoding_equivalent(0.46) raw_noncoding(0.00) offset(0.00)
494232	494226	terminal-	6	6	{Augustus_gene635.t1;Augustus}
494286	494233	INTRON			{Augustus_gene635.t1;Augustus}
495441	494287	internal-	6	5	{Augustus_gene635.t1;Augustus}
496465	495442	INTRON			{Augustus_gene635.t1;Augustus}
496515	496466	initial-	4	5	{Augustus_gene635.t1;Augustus}

# EVM prediction: Mode:STANDARD S-ratio: 10000.00 517713-518804 orient(-) score(2184.00) noncoding_equivalent(0.22) raw_noncoding(0.00) offset(0.00)
518804	517713	single-	4	6	{Augustus_gene964.t1;Augustus}

# EVM prediction: Mode:STANDARD S-ratio: 10000.00 532206-533732 orient(-) score(3054.00) noncoding_equivalent(0.31) raw_noncoding(0.00) offset(0.00)
533732	532206	single-	4	6	{Augustus_gene117.t1;Augustus}

# EVM prediction: Mode:STANDARD S-ratio: 10000.00 534981-536810 orient(-) score(3660.00) noncoding_equivalent(0.37) raw_noncoding(0.00) offset(0.00)
536810	534981	single-	4	6	{Augustus_gene275.t1;Augustus}

# EVM prediction: Mode:STANDARD S-ratio: 10000.00 553947-555881 orient(-) score(3870.00) noncoding_equivalent(0.39) raw_noncoding(0.00) offset(0.00)
555881	553947	single-	4	6	{Augustus_gene652.t1;Augustus}

# EVM prediction: Mode:STANDARD S-ratio: 10000.00 564311-566254 orient(+) score(3888.00) noncoding_equivalent(0.39) raw_noncoding(0.00) offset(0.00)
564311	566254	single+	1	3	{Augustus_gene1003.t1;Augustus}

# EVM prediction: Mode:STANDARD S-ratio: 10000.00 570239-572147 orient(+) score(3818.00) noncoding_equivalent(0.38) raw_noncoding(0.00) offset(0.00)
570239	570910	initial+	1	3	{Augustus_gene582.t1;Augustus}
570911	572108	INTRON			{Augustus_gene582.t1;Augustus}
572109	572147	terminal+	1	3	{Augustus_gene582.t1;Augustus}

# EVM prediction: Mode:STANDARD S-ratio: 10000.00 599811-601172 orient(-) score(2724.00) noncoding_equivalent(0.27) raw_noncoding(0.00) offset(0.00)
601172	599811	single-	4	6	{Augustus_gene87.t1;Augustus}

# EVM prediction: Mode:STANDARD S-ratio: 10000.00 601321-602160 orient(+) score(1680.00) noncoding_equivalent(0.17) raw_noncoding(0.00) offset(0.00)
601321	602160	single+	1	3	{Augustus_gene115.t1;Augustus}

# EVM prediction: Mode:STANDARD S-ratio: 10000.00 614384-616048 orient(-) score(3330.00) noncoding_equivalent(0.33) raw_noncoding(0.00) offset(0.00)
616048	614384	single-	4	6	{Augustus_gene742.t1;Augustus}

# EVM prediction: Mode:STANDARD S-ratio: 10000.00 621127-629748 orient(+) score(17244.00) noncoding_equivalent(1.72) raw_noncoding(0.00) offset(0.00)
621127	623233	initial+	1	1	{Augustus_gene356.t1;Augustus}
623234	623557	INTRON			{Augustus_gene356.t1;Augustus}
623558	624190	internal+	2	1	{Augustus_gene356.t1;Augustus}
624191	624274	INTRON			{Augustus_gene356.t1;Augustus}
624275	625405	internal+	2	1	{Augustus_gene356.t1;Augustus}
625406	625648	INTRON			{Augustus_gene356.t1;Augustus}
625649	629748	terminal+	2	3	{Augustus_gene356.t1;Augustus}

# EVM prediction: Mode:STANDARD S-ratio: 10000.00 646612-647655 orient(-) score(2088.00) noncoding_equivalent(0.21) raw_noncoding(0.00) offset(0.00)
647655	646612	single-	4	6	{Augustus_gene826.t1;Augustus}

# EVM prediction: Mode:STANDARD S-ratio: 10000.00 675261-676253 orient(-) score(1986.00) noncoding_equivalent(0.20) raw_noncoding(0.00) offset(0.00)
676253	675261	single-	4	6	{Augustus_gene214.t1;Augustus}

# EVM prediction: Mode:STANDARD S-ratio: 10000.00 677964-678998 orient(+) score(2070.00) noncoding_equivalent(0.21) raw_noncoding(0.00) offset(0.00)
677964	678998	single+	1	3	{Augustus_gene1044.t1;Augustus}

# EVM prediction: Mode:STANDARD S-ratio: 10000.00 689317-690756 orient(+) score(2880.00) noncoding_equivalent(0.29) raw_noncoding(0.00) offset(0.00)
689317	690756	single+	1	3	{Augustus_gene642.t1;Augustus}

# EVM prediction: Mode:STANDARD S-ratio: 10000.00 715854-716237 orient(-) score(768.00) noncoding_equivalent(0.08) raw_noncoding(0.00) offset(0.00)
716237	715854	single-	4	6	{Augustus_gene210.t1;Augustus}

# EVM prediction: Mode:STANDARD S-ratio: 10000.00 775110-776588 orient(-) score(2958.00) noncoding_equivalent(0.30) raw_noncoding(0.00) offset(0.00)
776588	775110	single-	4	6	{Augustus_gene279.t1;Augustus}

# EVM prediction: Mode:STANDARD S-ratio: 10000.00 804222-807107 orient(+) score(5772.00) noncoding_equivalent(0.58) raw_noncoding(0.00) offset(0.00)
804222	807107	single+	1	3	{Augustus_gene905.t1;Augustus}

# EVM prediction: Mode:STANDARD S-ratio: 10000.00 807280-808281 orient(-) score(2004.00) noncoding_equivalent(0.20) raw_noncoding(0.00) offset(0.00)
808022	807280	terminal-	5	6	{Augustus_gene703.t1;Augustus}
808196	808023	INTRON			{Augustus_gene703.t1;Augustus}
808281	808197	initial-	4	4	{Augustus_gene703.t1;Augustus}

# EVM prediction: Mode:STANDARD S-ratio: 10000.00 809483-810148 orient(-) score(1332.00) noncoding_equivalent(0.13) raw_noncoding(0.00) offset(0.00)
810148	809483	single-	4	6	{Augustus_gene179.t1;Augustus}

# EVM prediction: Mode:STANDARD S-ratio: 10000.00 813339-814145 orient(-) score(1614.00) noncoding_equivalent(0.16) raw_noncoding(0.00) offset(0.00)
814145	813339	single-	4	6	{Augustus_gene30.t1;Augustus}

# EVM prediction: Mode:STANDARD S-ratio: 10000.00 849768-850778 orient(+) score(2022.00) noncoding_equivalent(0.20) raw_noncoding(0.00) offset(0.00)
849768	850778	single+	1	3	{Augustus_gene686.t1;Augustus}

# EVM prediction: Mode:STANDARD S-ratio: 10000.00 876301-877858 orient(+) score(3116.00) noncoding_equivalent(0.31) raw_noncoding(0.00) offset(0.00)
876301	877050	initial+	1	3	{Augustus_gene1159.t1;Augustus}
877051	877107	INTRON			{Augustus_gene1159.t1;Augustus}
877108	877609	internal+	1	1	{Augustus_gene1159.t1;Augustus}
877610	877808	INTRON			{Augustus_gene1159.t1;Augustus}
877809	877858	terminal+	2	3	{Augustus_gene1159.t1;Augustus}

# EVM prediction: Mode:STANDARD S-ratio: 10000.00 893864-897546 orient(-) score(7362.00) noncoding_equivalent(0.74) raw_noncoding(0.00) offset(0.00)
893947	893864	terminal-	4	6	{Augustus_gene384.t1;Augustus}
894495	893948	INTRON			{Augustus_gene384.t1;Augustus}
897546	894496	initial-	4	6	{Augustus_gene384.t1;Augustus}

# EVM prediction: Mode:STANDARD S-ratio: 10000.00 913551-916088 orient(-) score(5076.00) noncoding_equivalent(0.51) raw_noncoding(0.00) offset(0.00)
916088	913551	single-	4	6	{Augustus_gene447.t1;Augustus}

# EVM prediction: Mode:STANDARD S-ratio: 10000.00 936924-937175 orient(+) score(504.00) noncoding_equivalent(0.05) raw_noncoding(0.00) offset(0.00)
936924	937175	single+	1	3	{Augustus_gene847.t1;Augustus}

# EVM prediction: Mode:STANDARD S-ratio: 10000.00 937516-938199 orient(-) score(1368.00) noncoding_equivalent(0.14) raw_noncoding(0.00) offset(0.00)
938199	937516	single-	4	6	{Augustus_gene18.t1;Augustus}

# EVM prediction: Mode:STANDARD S-ratio: 10000.00 939854-945904 orient(+) score(12102.00) noncoding_equivalent(1.21) raw_noncoding(0.00) offset(0.00)
939854	944879	initial+	1	1	{Augustus_gene648.t1;Augustus}
944880	944936	INTRON			{Augustus_gene648.t1;Augustus}
944937	945904	terminal+	2	3	{Augustus_gene648.t1;Augustus}

# EVM prediction: Mode:STANDARD S-ratio: 10000.00 953455-954192 orient(+) score(1476.00) noncoding_equivalent(0.15) raw_noncoding(0.00) offset(0.00)
953455	954192	single+	1	3	{Augustus_gene1138.t1;Augustus}

# EVM prediction: Mode:STANDARD S-ratio: 10000.00 992873-995203 orient(-) score(4662.00) noncoding_equivalent(0.47) raw_noncoding(0.00) offset(0.00)
995203	992873	single-	4	6	{Augustus_gene688.t1;Augustus}

# EVM prediction: Mode:STANDARD S-ratio: 10000.00 999224-1003501 orient(-) score(8556.00) noncoding_equivalent(0.86) raw_noncoding(0.00) offset(0.00)
1003501	999224	single-	4	6	{Augustus_gene104.t1;Augustus}

# EVM prediction: Mode:STANDARD S-ratio: 10000.00 1005227-1008493 orient(+) score(6534.00) noncoding_equivalent(0.65) raw_noncoding(0.00) offset(0.00)
1005227	1008493	single+	1	3	{Augustus_gene233.t1;Augustus}

# EVM prediction: Mode:STANDARD S-ratio: 10000.00 1015669-1016658 orient(+) score(1980.00) noncoding_equivalent(0.20) raw_noncoding(0.00) offset(0.00)
1015669	1016658	single+	1	3	{Augustus_gene16.t1;Augustus}

# EVM prediction: Mode:STANDARD S-ratio: 10000.00 1016757-1019129 orient(+) score(4746.00) noncoding_equivalent(0.47) raw_noncoding(0.00) offset(0.00)
1016757	1019129	single+	1	3	{Augustus_gene317.t1;Augustus}

