!! Predictions spanning range 337 - 99927 [R1]
# EVM prediction: Mode:STANDARD S-ratio: 66.85 337-1218 orient(-) score(2607.00) noncoding_equivalent(39.00) raw_noncoding(39.00) offset(0.00) 
1218	337	single-	4	6	{Augustus_model.g80.t1;Augustus},{GlimmerHMM_glimmerT_95-T1;GlimmerHMM}

# EVM prediction: Mode:STANDARD S-ratio: 159.08 1424-3949 orient(-) score(7530.00) noncoding_equivalent(47.33) raw_noncoding(47.33) offset(0.00) 
3949	1424	single-	4	6	{Augustus_model.g81.t1;Augustus}

# EVM prediction: Mode:STANDARD S-ratio: 1.71 4470-5345 orient(+) score(1657.00) noncoding_equivalent(969.78) raw_noncoding(969.78) offset(0.00) 
4470	5345	single+	1	3	{GlimmerHMM_glimmerT_97-T1;GlimmerHMM}

# EVM prediction: Mode:STANDARD S-ratio: 112.16 5647-7506 orient(+) score(5529.00) noncoding_equivalent(49.30) raw_noncoding(49.30) offset(0.00) 
5647	7506	single+	1	3	{GlimmerHMM_glimmerT_98-T1;GlimmerHMM},{Augustus_model.g82.t1;Augustus}

# EVM prediction: Mode:STANDARD S-ratio: 122.26 7594-13159 orient(-) score(16628.00) noncoding_equivalent(136.00) raw_noncoding(202.00) offset(66.00) 
13085	7594	terminal-	5	6	{snap_scaffold_1-snap.66-T1;snap},{GlimmerHMM_glimmerT_99-T1;GlimmerHMM}
13155	13086	INTRON			{snap_scaffold_1-snap.66-T1;snap},{GlimmerHMM_glimmerT_99-T1;GlimmerHMM}
13159	13156	initial-	4	4	{snap_scaffold_1-snap.66-T1;snap},{GlimmerHMM_glimmerT_99-T1;GlimmerHMM}

# EVM prediction: Mode:STANDARD S-ratio: 15.63 13424-14230 orient(-) score(3141.00) noncoding_equivalent(201.00) raw_noncoding(207.00) offset(6.00) 
14143	13424	terminal-	4	6	{GlimmerHMM_glimmerT_100-T1;GlimmerHMM},{snap_scaffold_1-snap.67-T1;snap},{Augustus_model.g84.t1;Augustus}
14212	14144	INTRON			{GlimmerHMM_glimmerT_100-T1;GlimmerHMM},{snap_scaffold_1-snap.67-T1;snap},{Augustus_model.g84.t1;Augustus}
14230	14213	initial-	4	6	{GlimmerHMM_glimmerT_100-T1;GlimmerHMM},{Augustus_model.g84.t1;Augustus}

# EVM prediction: Mode:STANDARD S-ratio: 10000.00 14413-17124 orient(-) score(8136.00) noncoding_equivalent(0.81) raw_noncoding(0.00) offset(0.00) 
17124	14413	single-	4	6	{GlimmerHMM_glimmerT_101-T1;GlimmerHMM},{Augustus_model.g85.t1;Augustus}

# EVM prediction: Mode:STANDARD S-ratio: 10000.00 18799-21141 orient(+) score(9354.00) noncoding_equivalent(0.94) raw_noncoding(0.00) offset(0.00) 
18799	21141	single+	1	3	{GlimmerHMM_glimmerT_102-T1;GlimmerHMM},{Augustus_model.g86.t1;Augustus}

# EVM prediction: Mode:STANDARD S-ratio: 19.32 21485-23490 orient(+) score(5783.00) noncoding_equivalent(299.33) raw_noncoding(333.20) offset(33.87) 
21485	21710	initial+	1	1	{Augustus_model.g87.t1;Augustus},{GlimmerHMM_glimmerT_103-T1;GlimmerHMM}
21711	21778	INTRON			{Augustus_model.g87.t1;Augustus},{GlimmerHMM_glimmerT_103-T1;GlimmerHMM}
21779	23490	terminal+	2	3	{GlimmerHMM_glimmerT_103-T1;GlimmerHMM}

# EVM prediction: Mode:STANDARD S-ratio: 76.65 23763-25481 orient(+) score(5089.00) noncoding_equivalent(66.39) raw_noncoding(66.39) offset(0.00) 
23763	25481	single+	1	3	{GlimmerHMM_glimmerT_104-T1;GlimmerHMM}

# EVM prediction: Mode:STANDARD S-ratio: 10000.00 25797-27935 orient(+) score(6417.00) noncoding_equivalent(0.64) raw_noncoding(0.00) offset(0.00) 
25797	27935	single+	1	3	{Augustus_model.g88.t1;Augustus},{GlimmerHMM_glimmerT_105-T1;GlimmerHMM}

# EVM prediction: Mode:STANDARD S-ratio: 10000.00 28001-28438 orient(-) score(1314.00) noncoding_equivalent(0.13) raw_noncoding(0.00) offset(0.00) 
28438	28001	single-	4	6	{GlimmerHMM_glimmerT_106-T1;GlimmerHMM},{Augustus_model.g89.t1;Augustus}

# EVM prediction: Mode:STANDARD S-ratio: 46.11 28598-30637 orient(-) score(5991.00) noncoding_equivalent(129.94) raw_noncoding(129.94) offset(0.00) 
30637	28598	single-	4	6	{GlimmerHMM_glimmerT_107-T1;GlimmerHMM},{Augustus_model.g90.t1;Augustus}

# EVM prediction: Mode:STANDARD S-ratio: 2.00 30784-32109 orient(-) score(2652.00) noncoding_equivalent(1324.00) raw_noncoding(1324.00) offset(0.00) 
32109	30784	single-	4	6	{Augustus_model.g91.t1;Augustus},{GlimmerHMM_glimmerT_108-T1;GlimmerHMM}

# EVM prediction: Mode:STANDARD S-ratio: 10000.00 32238-33680 orient(+) score(4329.00) noncoding_equivalent(0.43) raw_noncoding(0.00) offset(0.00) 
32238	33680	single+	1	3	{GlimmerHMM_glimmerT_109-T1;GlimmerHMM},{Augustus_model.g92.t1;Augustus}

# EVM prediction: Mode:STANDARD S-ratio: 205.24 33708-34097 orient(-) score(1163.00) noncoding_equivalent(5.67) raw_noncoding(5.67) offset(0.00) 
34097	33708	single-	4	6	{GlimmerHMM_glimmerT_110-T1;GlimmerHMM},{Augustus_model.g93.t1;Augustus}

# EVM prediction: Mode:STANDARD S-ratio: 10000.00 34185-34829 orient(+) score(1929.00) noncoding_equivalent(0.19) raw_noncoding(0.00) offset(0.00) 
34185	34829	single+	1	3	{Augustus_model.g94.t1;Augustus},{GlimmerHMM_glimmerT_111-T1;GlimmerHMM}

# EVM prediction: Mode:STANDARD S-ratio: 28.56 34954-35715 orient(-) score(2199.00) noncoding_equivalent(77.00) raw_noncoding(77.00) offset(0.00) 
35715	34954	single-	4	6	{GlimmerHMM_glimmerT_112-T1;GlimmerHMM},{Augustus_model.g95.t1;Augustus}

# EVM prediction: Mode:STANDARD S-ratio: 208.35 37078-37359 orient(+) score(842.00) noncoding_equivalent(4.04) raw_noncoding(4.04) offset(0.00) 
37078	37359	single+	1	3	{GlimmerHMM_glimmerT_113-T1;GlimmerHMM},{Augustus_model.g96.t1;Augustus}

# EVM prediction: Mode:STANDARD S-ratio: 28.80 37553-41934 orient(+) score(12521.00) noncoding_equivalent(434.73) raw_noncoding(588.00) offset(153.27) 
37553	41559	initial+	1	2	{GlimmerHMM_glimmerT_114-T1;GlimmerHMM}
41560	41750	INTRON			{GlimmerHMM_glimmerT_114-T1;GlimmerHMM}
41751	41934	terminal+	3	3	{GlimmerHMM_glimmerT_114-T1;GlimmerHMM}

# EVM prediction: Mode:STANDARD S-ratio: 31.85 42375-43106 orient(+) score(2130.00) noncoding_equivalent(66.88) raw_noncoding(66.88) offset(0.00) 
42375	43106	single+	1	3	{Augustus_model.g98.t1;Augustus},{GlimmerHMM_glimmerT_115-T1;GlimmerHMM}

# EVM prediction: Mode:STANDARD S-ratio: 12.72 43276-44018 orient(+) score(2118.00) noncoding_equivalent(166.53) raw_noncoding(228.11) offset(61.58) 
43276	43327	initial+	1	1	{GlimmerHMM_glimmerT_116-T1;GlimmerHMM},{Augustus_model.g99.t1;Augustus}
43328	43386	INTRON			{GlimmerHMM_glimmerT_116-T1;GlimmerHMM},{Augustus_model.g99.t1;Augustus}
43387	44018	terminal+	2	3	{GlimmerHMM_glimmerT_116-T1;GlimmerHMM},{Augustus_model.g99.t1;Augustus},{snap_scaffold_1-snap.77-T1;snap}

# EVM prediction: Mode:STANDARD S-ratio: 10000.00 44540-45406 orient(-) score(2601.00) noncoding_equivalent(0.26) raw_noncoding(0.00) offset(0.00) 
45406	44540	single-	4	6	{Augustus_model.g100.t1;Augustus},{GlimmerHMM_glimmerT_118-T1;GlimmerHMM}

# EVM prediction: Mode:STANDARD S-ratio: 62.71 46504-47586 orient(-) score(3198.00) noncoding_equivalent(51.00) raw_noncoding(51.00) offset(0.00) 
47586	46504	single-	4	6	{GlimmerHMM_glimmerT_120-T1;GlimmerHMM}

# EVM prediction: Mode:STANDARD S-ratio: 10000.00 47926-49083 orient(-) score(3474.00) noncoding_equivalent(0.35) raw_noncoding(0.00) offset(0.00) 
49083	47926	single-	4	6	{GlimmerHMM_glimmerT_121-T1;GlimmerHMM},{Augustus_model.g102.t1;Augustus}

# EVM prediction: Mode:STANDARD S-ratio: 2.00 49631-51142 orient(+) score(3024.00) noncoding_equivalent(1512.00) raw_noncoding(1512.00) offset(0.00) 
49631	51142	single+	1	3	{GlimmerHMM_glimmerT_122-T1;GlimmerHMM},{Augustus_model.g103.t1;Augustus}

# EVM prediction: Mode:STANDARD S-ratio: 8.69 51199-52383 orient(-) score(2913.00) noncoding_equivalent(335.38) raw_noncoding(662.79) offset(327.42) 
52076	51199	terminal-	5	6	{snap_scaffold_1-snap.81-T1;snap}
52376	52077	INTRON			{snap_scaffold_1-snap.81-T1;snap}
52383	52377	initial-	4	4	{snap_scaffold_1-snap.81-T1;snap}

# EVM prediction: Mode:STANDARD S-ratio: 1.69 52600-53496 orient(-) score(1687.00) noncoding_equivalent(1000.01) raw_noncoding(1000.01) offset(0.00) 
53496	52600	single-	4	6	{GlimmerHMM_glimmerT_125-T1;GlimmerHMM}

# EVM prediction: Mode:STANDARD S-ratio: 10000.00 53895-55595 orient(+) score(5103.00) noncoding_equivalent(0.51) raw_noncoding(0.00) offset(0.00) 
53895	55595	single+	1	3	{Augustus_model.g105.t1;Augustus},{GlimmerHMM_glimmerT_126-T1;GlimmerHMM}

# EVM prediction: Mode:STANDARD S-ratio: 18.10 55795-57021 orient(+) score(3490.00) noncoding_equivalent(192.80) raw_noncoding(192.80) offset(0.00) 
55795	57021	single+	1	3	{GlimmerHMM_glimmerT_127-T1;GlimmerHMM},{Augustus_model.g106.t1;Augustus}

# EVM prediction: Mode:STANDARD S-ratio: 385.99 57237-58673 orient(+) score(4300.00) noncoding_equivalent(11.14) raw_noncoding(11.14) offset(0.00) 
57237	58673	single+	1	3	{GlimmerHMM_glimmerT_128-T1;GlimmerHMM}

# EVM prediction: Mode:STANDARD S-ratio: 1.83 58764-59690 orient(+) score(1796.00) noncoding_equivalent(983.71) raw_noncoding(983.71) offset(0.00) 
58764	59690	single+	1	3	{GlimmerHMM_glimmerT_129-T1;GlimmerHMM}

# EVM prediction: Mode:STANDARD S-ratio: 2.85 60682-63734 orient(-) score(6144.00) noncoding_equivalent(2154.03) raw_noncoding(3611.00) offset(1456.97) 
62007	60682	terminal-	4	6	{snap_scaffold_1-snap.84-T1;snap}
62315	62008	INTRON			{snap_scaffold_1-snap.84-T1;snap}
62715	62316	internal-	6	6	{snap_scaffold_1-snap.84-T1;snap}
63052	62716	INTRON			{snap_scaffold_1-snap.84-T1;snap}
63517	63053	internal-	6	5	{snap_scaffold_1-snap.84-T1;snap}
63726	63518	INTRON			{snap_scaffold_1-snap.84-T1;snap}
63734	63727	initial-	4	5	{snap_scaffold_1-snap.84-T1;snap}

# EVM prediction: Mode:STANDARD S-ratio: 34.22 63974-64873 orient(+) score(2622.00) noncoding_equivalent(76.63) raw_noncoding(76.63) offset(0.00) 
63974	64873	single+	1	3	{Augustus_model.g110.t1;Augustus},{GlimmerHMM_glimmerT_133-T1;GlimmerHMM}

# EVM prediction: Mode:STANDARD S-ratio: 340.66 64941-67916 orient(-) score(8900.00) noncoding_equivalent(26.13) raw_noncoding(26.13) offset(0.00) 
67916	64941	single-	4	6	{GlimmerHMM_glimmerT_134-T1;GlimmerHMM},{Augustus_model.g111.t1;Augustus}

# EVM prediction: Mode:STANDARD S-ratio: 10.72 68010-70629 orient(+) score(7170.00) noncoding_equivalent(668.71) raw_noncoding(1251.43) offset(582.71) 
68010	68017	initial+	1	2	{snap_scaffold_1-snap.87-T1;snap}
68018	68333	INTRON			{snap_scaffold_1-snap.87-T1;snap}
68334	70629	terminal+	3	3	{snap_scaffold_1-snap.87-T1;snap},{Augustus_model.g112.t1;Augustus}

# EVM prediction: Mode:STANDARD S-ratio: 27.27 70709-71641 orient(-) score(2700.00) noncoding_equivalent(99.00) raw_noncoding(99.00) offset(0.00) 
71641	70709	single-	4	6	{Augustus_model.g113.t1;Augustus},{GlimmerHMM_glimmerT_136-T1;GlimmerHMM}

# EVM prediction: Mode:STANDARD S-ratio: 5.02 72073-73855 orient(+) score(4212.00) noncoding_equivalent(839.47) raw_noncoding(1517.26) offset(677.79) 
72073	72547	initial+	1	1	{GlimmerHMM_glimmerT_137-T1;GlimmerHMM}
72548	72576	INTRON			{GlimmerHMM_glimmerT_137-T1;GlimmerHMM},{snap_scaffold_1-snap.89-T1;snap}
72577	72974	internal+	2	3	{GlimmerHMM_glimmerT_137-T1;GlimmerHMM},{snap_scaffold_1-snap.89-T1;snap}
72975	73261	INTRON			{snap_scaffold_1-snap.89-T1;snap}
73262	73513	internal+	1	3	{snap_scaffold_1-snap.89-T1;snap}
73514	73549	INTRON			{snap_scaffold_1-snap.89-T1;snap}
73550	73855	terminal+	1	3	{snap_scaffold_1-snap.89-T1;snap},{Augustus_model.g114.t1;Augustus}

# EVM prediction: Mode:STANDARD S-ratio: 33.13 74890-76872 orient(+) score(5773.00) noncoding_equivalent(174.25) raw_noncoding(174.25) offset(0.00) 
74890	76872	single+	1	3	{GlimmerHMM_glimmerT_138-T1;GlimmerHMM}

# EVM prediction: Mode:STANDARD S-ratio: 126.60 77546-86370 orient(-) score(26109.00) noncoding_equivalent(206.24) raw_noncoding(492.73) offset(286.49) 
86187	77546	terminal-	5	6	{snap_scaffold_1-snap.91-T1;snap},{Augustus_model.g116.t1;Augustus},{GlimmerHMM_glimmerT_140-T1;GlimmerHMM}
86345	86188	INTRON			{Augustus_model.g116.t1;Augustus}
86370	86346	initial-	4	4	{Augustus_model.g116.t1;Augustus}

# EVM prediction: Mode:STANDARD S-ratio: 3.34 86471-87147 orient(-) score(2739.00) noncoding_equivalent(819.00) raw_noncoding(825.00) offset(6.00) 
86842	86471	terminal-	4	6	{Augustus_model.g117.t1;Augustus},{GlimmerHMM_glimmerT_141-T1;GlimmerHMM},{snap_scaffold_1-snap.92-T1;snap}
87105	86843	INTRON			{Augustus_model.g117.t1;Augustus},{GlimmerHMM_glimmerT_141-T1;GlimmerHMM},{snap_scaffold_1-snap.92-T1;snap}
87147	87106	initial-	4	6	{Augustus_model.g117.t1;Augustus},{GlimmerHMM_glimmerT_141-T1;GlimmerHMM}

# EVM prediction: Mode:STANDARD S-ratio: 22.46 87473-88054 orient(+) score(1671.00) noncoding_equivalent(74.39) raw_noncoding(74.39) offset(0.00) 
87473	88054	single+	1	3	{Augustus_model.g118.t1;Augustus},{GlimmerHMM_glimmerT_142-T1;GlimmerHMM}

# EVM prediction: Mode:STANDARD S-ratio: 322.13 89012-90202 orient(+) score(3562.00) noncoding_equivalent(11.06) raw_noncoding(11.06) offset(0.00) 
89012	90202	single+	1	3	{Augustus_model.g119.t1;Augustus},{GlimmerHMM_glimmerT_143-T1;GlimmerHMM}

# EVM prediction: Mode:STANDARD S-ratio: 204.66 90532-93357 orient(+) score(8435.00) noncoding_equivalent(41.22) raw_noncoding(41.22) offset(0.00) 
90532	93357	single+	1	3	{GlimmerHMM_glimmerT_144-T1;GlimmerHMM},{Augustus_model.g120.t1;Augustus}

# EVM prediction: Mode:STANDARD S-ratio: 10000.00 93407-95488 orient(-) score(6246.00) noncoding_equivalent(0.62) raw_noncoding(0.00) offset(0.00) 
95488	93407	single-	4	6	{Augustus_model.g121.t1;Augustus},{GlimmerHMM_glimmerT_145-T1;GlimmerHMM}

# EVM prediction: Mode:STANDARD S-ratio: 3.13 95739-96505 orient(-) score(1677.00) noncoding_equivalent(535.45) raw_noncoding(692.37) offset(156.91) 
96101	95739	terminal-	4	6	{GlimmerHMM_glimmerT_146-T1;GlimmerHMM}
96169	96102	INTRON			{GlimmerHMM_glimmerT_146-T1;GlimmerHMM}
96479	96170	internal-	6	6	{snap_scaffold_1-snap.94-T1;snap}
96500	96480	INTRON			{snap_scaffold_1-snap.94-T1;snap}
96505	96501	initial-	4	5	{snap_scaffold_1-snap.94-T1;snap}

# EVM prediction: Mode:STANDARD S-ratio: 425.00 96804-99927 orient(+) score(9350.00) noncoding_equivalent(22.00) raw_noncoding(22.00) offset(0.00) 
96804	99927	initial+	1	1	{GlimmerHMM_glimmerT_147-T1;GlimmerHMM}

