!! Predictions spanning range 461 - 97822 [R1]
# EVM prediction: Mode:STANDARD S-ratio: 2.00 461-1084 orient(-) score(2496.00) noncoding_equivalent(1248.00) raw_noncoding(1248.00) offset(0.00) 
1084	461	single-	4	6	{HiQ_model.g838.t1;HiQ},{GlimmerHMM_glimmerT_902-T1;GlimmerHMM}

# EVM prediction: Mode:STANDARD S-ratio: 19.37 1595-3814 orient(+) score(8444.00) noncoding_equivalent(436.04) raw_noncoding(436.04) offset(0.00) 
1595	3814	single+	1	3	{GlimmerHMM_glimmerT_903-T1;GlimmerHMM}

# EVM prediction: Mode:STANDARD S-ratio: 124.18 4369-6882 orient(+) score(9972.00) noncoding_equivalent(80.30) raw_noncoding(80.30) offset(0.00) 
4369	6882	single+	1	3	{GlimmerHMM_glimmerT_904-T1;GlimmerHMM}

# EVM prediction: Mode:STANDARD S-ratio: 78.03 8127-10319 orient(+) score(8661.00) noncoding_equivalent(111.00) raw_noncoding(111.00) offset(0.00) 
8127	10319	single+	1	3	{GlimmerHMM_glimmerT_905-T1;GlimmerHMM},{Augustus_model.g840.t1;Augustus}

# EVM prediction: Mode:STANDARD S-ratio: 4.71 10524-10844 orient(-) score(1587.00) noncoding_equivalent(337.09) raw_noncoding(337.09) offset(0.00) 
10844	10524	single-	4	6	{HiQ_model.g841.t1;HiQ},{GlimmerHMM_glimmerT_906-T1;GlimmerHMM}

# EVM prediction: Mode:STANDARD S-ratio: 10000.00 11685-11957 orient(+) score(1092.00) noncoding_equivalent(0.11) raw_noncoding(0.00) offset(0.00) 
11685	11957	single+	1	3	{GlimmerHMM_glimmerT_907-T1;GlimmerHMM},{Augustus_model.g842.t1;Augustus}

# EVM prediction: Mode:STANDARD S-ratio: 4.12 12798-13439 orient(-) score(3099.00) noncoding_equivalent(753.00) raw_noncoding(753.00) offset(0.00) 
13439	12798	single-	4	6	{GlimmerHMM_glimmerT_908-T1;GlimmerHMM},{HiQ_model.g843.t1;HiQ}

# EVM prediction: Mode:STANDARD S-ratio: 4.89 13710-15857 orient(-) score(10701.00) noncoding_equivalent(2187.00) raw_noncoding(2187.00) offset(0.00) 
15857	13710	single-	4	6	{HiQ_model.g844.t1;HiQ},{GlimmerHMM_glimmerT_909-T1;GlimmerHMM}

# EVM prediction: Mode:STANDARD S-ratio: 4.75 16012-17709 orient(-) score(8409.00) noncoding_equivalent(1770.00) raw_noncoding(1770.00) offset(0.00) 
17709	16012	single-	4	6	{GlimmerHMM_glimmerT_910-T1;GlimmerHMM},{HiQ_model.g845.t1;HiQ}

# EVM prediction: Mode:STANDARD S-ratio: 60.09 18219-19562 orient(+) score(3966.00) noncoding_equivalent(66.00) raw_noncoding(66.00) offset(0.00) 
18219	19562	single+	1	3	{Augustus_model.g846.t1;Augustus},{GlimmerHMM_glimmerT_911-T1;GlimmerHMM}

# EVM prediction: Mode:STANDARD S-ratio: 272.60 19781-20806 orient(+) score(4089.00) noncoding_equivalent(15.00) raw_noncoding(15.00) offset(0.00) 
19781	20806	single+	1	3	{GlimmerHMM_glimmerT_912-T1;GlimmerHMM},{Augustus_model.g847.t1;Augustus}

# EVM prediction: Mode:STANDARD S-ratio: 22.29 21053-22822 orient(+) score(5082.00) noncoding_equivalent(228.00) raw_noncoding(228.00) offset(0.00) 
21053	22822	single+	1	3	{GlimmerHMM_glimmerT_913-T1;GlimmerHMM},{Augustus_model.g848.t1;Augustus}

# EVM prediction: Mode:STANDARD S-ratio: 4.41 23533-24420 orient(-) score(4344.00) noncoding_equivalent(984.00) raw_noncoding(984.00) offset(0.00) 
24420	23533	single-	4	6	{HiQ_model.g849.t1;HiQ}

# EVM prediction: Mode:STANDARD S-ratio: 823.90 26825-28684 orient(+) score(7429.00) noncoding_equivalent(9.02) raw_noncoding(9.02) offset(0.00) 
26825	28684	single+	1	3	{GlimmerHMM_glimmerT_915-T1;GlimmerHMM},{Augustus_model.g850.t1;Augustus}

# EVM prediction: Mode:STANDARD S-ratio: 3.26 29771-31075 orient(-) score(5991.00) noncoding_equivalent(1839.00) raw_noncoding(1839.00) offset(0.00) 
31075	29771	single-	4	6	{HiQ_model.g851.t1;HiQ},{GlimmerHMM_glimmerT_916-T1;GlimmerHMM}

# EVM prediction: Mode:STANDARD S-ratio: 4.70 32416-34524 orient(-) score(10434.00) noncoding_equivalent(2220.00) raw_noncoding(2220.00) offset(0.00) 
34524	32416	single-	4	6	{GlimmerHMM_glimmerT_917-T1;GlimmerHMM},{HiQ_model.g852.t1;HiQ}

# EVM prediction: Mode:STANDARD S-ratio: 4.84 34837-37086 orient(-) score(11190.00) noncoding_equivalent(2310.00) raw_noncoding(2310.00) offset(0.00) 
37086	34837	single-	4	6	{HiQ_model.g853.t1;HiQ}

# EVM prediction: Mode:STANDARD S-ratio: 4.89 37735-40104 orient(-) score(11805.00) noncoding_equivalent(2415.00) raw_noncoding(2415.00) offset(0.00) 
40104	37735	single-	4	6	{GlimmerHMM_glimmerT_919-T1;GlimmerHMM},{HiQ_model.g854.t1;HiQ}

# EVM prediction: Mode:STANDARD S-ratio: 2.62 40348-41214 orient(+) score(2510.00) noncoding_equivalent(958.32) raw_noncoding(958.32) offset(0.00) 
40348	41214	single+	1	3	{GlimmerHMM_glimmerT_920-T1;GlimmerHMM}

# EVM prediction: Mode:STANDARD S-ratio: 28.20 41727-42655 orient(+) score(3440.00) noncoding_equivalent(122.00) raw_noncoding(199.00) offset(77.00) 
41727	41730	initial+	1	1	{snap_scaffold_2-snap.158-T1;snap}
41731	41807	INTRON			{snap_scaffold_2-snap.158-T1;snap}
41808	42655	terminal+	2	3	{snap_scaffold_2-snap.158-T1;snap}

# EVM prediction: Mode:STANDARD S-ratio: 5.00 42761-45388 orient(-) score(13140.00) noncoding_equivalent(2628.00) raw_noncoding(2628.00) offset(0.00) 
45388	42761	single-	4	6	{GlimmerHMM_glimmerT_922-T1;GlimmerHMM},{HiQ_model.g856.t1;HiQ}

# EVM prediction: Mode:STANDARD S-ratio: 10000.00 45768-46544 orient(+) score(3108.00) noncoding_equivalent(0.31) raw_noncoding(0.00) offset(0.00) 
45768	46544	single+	1	3	{GlimmerHMM_glimmerT_923-T1;GlimmerHMM},{Augustus_model.g857.t1;Augustus}

# EVM prediction: Mode:STANDARD S-ratio: 10000.00 47094-47921 orient(+) score(3306.00) noncoding_equivalent(0.33) raw_noncoding(0.00) offset(0.00) 
47094	47921	single+	1	3	{GlimmerHMM_glimmerT_924-T1;GlimmerHMM},{Augustus_model.g858.t1;Augustus}

# EVM prediction: Mode:STANDARD S-ratio: 10000.00 48425-49660 orient(+) score(4944.00) noncoding_equivalent(0.49) raw_noncoding(0.00) offset(0.00) 
48425	49660	single+	1	3	{GlimmerHMM_glimmerT_925-T1;GlimmerHMM},{Augustus_model.g859.t1;Augustus}

# EVM prediction: Mode:STANDARD S-ratio: 175.56 50870-52330 orient(+) score(5809.00) noncoding_equivalent(33.09) raw_noncoding(33.09) offset(0.00) 
50870	52330	single+	1	3	{GlimmerHMM_glimmerT_926-T1;GlimmerHMM}

# EVM prediction: Mode:STANDARD S-ratio: 3.00 53256-53480 orient(+) score(675.00) noncoding_equivalent(225.00) raw_noncoding(225.00) offset(0.00) 
53256	53480	single+	1	3	{GlimmerHMM_glimmerT_927-T1;GlimmerHMM}

# EVM prediction: Mode:STANDARD S-ratio: 1.00 53852-54037 orient(+) score(372.00) noncoding_equivalent(372.00) raw_noncoding(372.00) offset(0.00) 
53852	54037	single+	1	3	{GlimmerHMM_glimmerT_928-T1;GlimmerHMM}

# EVM prediction: Mode:STANDARD S-ratio: 288.80 54460-55908 orient(-) score(4332.00) noncoding_equivalent(15.00) raw_noncoding(15.00) offset(0.00) 
55908	54460	single-	4	6	{GlimmerHMM_glimmerT_929-T1;GlimmerHMM},{Augustus_model.g861.t1;Augustus}

# EVM prediction: Mode:STANDARD S-ratio: 4.67 56348-57682 orient(-) score(6597.00) noncoding_equivalent(1413.00) raw_noncoding(1413.00) offset(0.00) 
57682	56348	single-	4	6	{GlimmerHMM_glimmerT_930-T1;GlimmerHMM},{HiQ_model.g862.t1;HiQ}

# EVM prediction: Mode:STANDARD S-ratio: 4.89 58631-61651 orient(-) score(15048.00) noncoding_equivalent(3078.00) raw_noncoding(3078.00) offset(0.00) 
61651	58631	single-	4	6	{GlimmerHMM_glimmerT_931-T1;GlimmerHMM},{HiQ_model.g863.t1;HiQ}

# EVM prediction: Mode:STANDARD S-ratio: 3.23 62669-63733 orient(-) score(4881.00) noncoding_equivalent(1509.00) raw_noncoding(1509.00) offset(0.00) 
63733	62669	single-	4	6	{HiQ_model.g864.t1;HiQ}

# EVM prediction: Mode:STANDARD S-ratio: 5.00 64848-66086 orient(-) score(6195.00) noncoding_equivalent(1239.00) raw_noncoding(1239.00) offset(0.00) 
66086	64848	single-	4	6	{GlimmerHMM_glimmerT_933-T1;GlimmerHMM},{HiQ_model.g865.t1;HiQ}

# EVM prediction: Mode:STANDARD S-ratio: 2.00 66774-67226 orient(-) score(1812.00) noncoding_equivalent(906.00) raw_noncoding(906.00) offset(0.00) 
67226	66774	single-	4	6	{HiQ_model.g866.t1;HiQ},{GlimmerHMM_glimmerT_934-T1;GlimmerHMM}

# EVM prediction: Mode:STANDARD S-ratio: 4.90 67835-69859 orient(-) score(10088.00) noncoding_equivalent(2060.37) raw_noncoding(2060.37) offset(0.00) 
69859	67835	single-	4	6	{GlimmerHMM_glimmerT_935-T1;GlimmerHMM},{HiQ_model.g867.t1;HiQ}

# EVM prediction: Mode:STANDARD S-ratio: 5.00 70249-71628 orient(-) score(6900.00) noncoding_equivalent(1380.00) raw_noncoding(1380.00) offset(0.00) 
71628	70249	single-	4	6	{HiQ_model.g868.t1;HiQ},{GlimmerHMM_glimmerT_936-T1;GlimmerHMM}

# EVM prediction: Mode:STANDARD S-ratio: 333.24 72188-73375 orient(+) score(4736.00) noncoding_equivalent(14.21) raw_noncoding(14.21) offset(0.00) 
72188	73375	single+	1	3	{Augustus_model.g869.t1;Augustus},{GlimmerHMM_glimmerT_937-T1;GlimmerHMM}

# EVM prediction: Mode:STANDARD S-ratio: 19.19 73690-76832 orient(-) score(11090.00) noncoding_equivalent(578.02) raw_noncoding(1415.05) offset(837.03) 
76404	73690	terminal-	4	6	{Augustus_model.g870.t1;Augustus},{snap_scaffold_2-snap.172-T1;snap}
76823	76405	INTRON			{Augustus_model.g870.t1;Augustus}
76832	76824	initial-	4	6	{Augustus_model.g870.t1;Augustus}

# EVM prediction: Mode:STANDARD S-ratio: 4.48 78908-80260 orient(-) score(6636.00) noncoding_equivalent(1482.00) raw_noncoding(1482.00) offset(0.00) 
80260	78908	single-	4	6	{HiQ_model.g871.t1;HiQ}

# EVM prediction: Mode:STANDARD S-ratio: 2.00 80392-81165 orient(-) score(3096.00) noncoding_equivalent(1548.00) raw_noncoding(1548.00) offset(0.00) 
81165	80392	single-	4	6	{GlimmerHMM_glimmerT_940-T1;GlimmerHMM},{HiQ_model.g872.t1;HiQ}

# EVM prediction: Mode:STANDARD S-ratio: 10000.00 81536-82555 orient(+) score(3060.00) noncoding_equivalent(0.31) raw_noncoding(0.00) offset(0.00) 
81536	82555	single+	1	3	{Augustus_model.g873.t1;Augustus},{GlimmerHMM_glimmerT_941-T1;GlimmerHMM}

# EVM prediction: Mode:STANDARD S-ratio: 4.68 82727-83533 orient(-) score(3990.00) noncoding_equivalent(852.00) raw_noncoding(852.00) offset(0.00) 
83533	82727	single-	4	6	{HiQ_model.g874.t1;HiQ},{GlimmerHMM_glimmerT_942-T1;GlimmerHMM}

# EVM prediction: Mode:STANDARD S-ratio: 514.45 84688-85851 orient(+) score(4645.00) noncoding_equivalent(9.03) raw_noncoding(9.03) offset(0.00) 
84688	85851	single+	1	3	{Augustus_model.g875.t1;Augustus},{GlimmerHMM_glimmerT_943-T1;GlimmerHMM}

# EVM prediction: Mode:STANDARD S-ratio: 3.58 86081-86740 orient(-) score(3096.00) noncoding_equivalent(864.00) raw_noncoding(864.00) offset(0.00) 
86740	86081	single-	4	6	{GlimmerHMM_glimmerT_944-T1;GlimmerHMM},{HiQ_model.g876.t1;HiQ}

# EVM prediction: Mode:STANDARD S-ratio: 10000.00 87441-88370 orient(+) score(3720.00) noncoding_equivalent(0.37) raw_noncoding(0.00) offset(0.00) 
87441	88370	single+	1	3	{Augustus_model.g877.t1;Augustus},{GlimmerHMM_glimmerT_945-T1;GlimmerHMM}

# EVM prediction: Mode:STANDARD S-ratio: 95.23 89450-91327 orient(+) score(7428.00) noncoding_equivalent(78.00) raw_noncoding(78.00) offset(0.00) 
89450	91327	single+	1	3	{Augustus_model.g878.t1;Augustus}

# EVM prediction: Mode:STANDARD S-ratio: 112.80 91731-93437 orient(-) score(5076.00) noncoding_equivalent(45.00) raw_noncoding(45.00) offset(0.00) 
93437	91731	single-	4	6	{GlimmerHMM_glimmerT_947-T1;GlimmerHMM}

# EVM prediction: Mode:STANDARD S-ratio: 5.00 93770-95797 orient(+) score(10140.00) noncoding_equivalent(2028.00) raw_noncoding(2028.00) offset(0.00) 
93770	95797	single+	1	3	{GlimmerHMM_glimmerT_948-T1;GlimmerHMM},{HiQ_model.g880.t1;HiQ}

# EVM prediction: Mode:STANDARD S-ratio: 3.91 95909-97822 orient(-) score(9144.00) noncoding_equivalent(2340.00) raw_noncoding(2340.00) offset(0.00) 
97822	95909	single-	4	6	{HiQ_model.g881.t1;HiQ},{GlimmerHMM_glimmerT_949-T1;GlimmerHMM}

