!! Predictions spanning range 72 - 43523 [R1]
# EVM prediction: Mode:STANDARD S-ratio: 746.00 72-2312 orient(+) score(6714.00) noncoding_equivalent(9.00) raw_noncoding(9.00) offset(0.00) 
72	2312	single+	1	3	{GlimmerHMM_glimmerT_5908-T1;GlimmerHMM},{Augustus_model.g5206.t1;Augustus}

# EVM prediction: Mode:STANDARD S-ratio: 30.06 2362-4020 orient(-) score(4809.00) noncoding_equivalent(160.00) raw_noncoding(160.00) offset(0.00) 
4020	2362	single-	4	6	{GlimmerHMM_glimmerT_5909-T1;GlimmerHMM},{Augustus_model.g5207.t1;Augustus}

# EVM prediction: Mode:STANDARD S-ratio: 31.06 4199-7276 orient(-) score(8946.00) noncoding_equivalent(288.00) raw_noncoding(288.00) offset(0.00) 
7276	4199	single-	4	6	{GlimmerHMM_glimmerT_5910-T1;GlimmerHMM},{Augustus_model.g5208.t1;Augustus}

# EVM prediction: Mode:STANDARD S-ratio: 43.27 7552-8649 orient(-) score(3218.00) noncoding_equivalent(74.37) raw_noncoding(74.37) offset(0.00) 
8649	7552	single-	4	6	{GlimmerHMM_glimmerT_5911-T1;GlimmerHMM},{Augustus_model.g5209.t1;Augustus}

# EVM prediction: Mode:STANDARD S-ratio: 81.12 18812-19744 orient(+) score(2763.00) noncoding_equivalent(34.06) raw_noncoding(34.06) offset(0.00) 
18812	19744	single+	1	3	{GlimmerHMM_glimmerT_5913-T1;GlimmerHMM},{Augustus_model.g5210.t1;Augustus}

# EVM prediction: Mode:STANDARD S-ratio: 49.82 24629-26377 orient(-) score(5142.00) noncoding_equivalent(103.22) raw_noncoding(103.22) offset(0.00) 
26377	24629	single-	4	6	{Augustus_model.g5211.t1;Augustus},{GlimmerHMM_glimmerT_5914-T1;GlimmerHMM}

# EVM prediction: Mode:STANDARD S-ratio: 310.28 28797-30488 orient(+) score(5060.00) noncoding_equivalent(16.31) raw_noncoding(16.31) offset(0.00) 
28797	30488	single+	1	3	{GlimmerHMM_glimmerT_5915-T1;GlimmerHMM}

# EVM prediction: Mode:STANDARD S-ratio: 12.94 30547-32679 orient(+) score(6034.00) noncoding_equivalent(466.42) raw_noncoding(483.58) offset(17.15) 
30547	30781	initial+	1	1	{GlimmerHMM_glimmerT_5916-T1;GlimmerHMM}
30782	30886	INTRON			{Augustus_model.g5212.t1;Augustus},{GlimmerHMM_glimmerT_5916-T1;GlimmerHMM}
30887	32679	terminal+	2	3	{Augustus_model.g5212.t1;Augustus},{GlimmerHMM_glimmerT_5916-T1;GlimmerHMM}

# EVM prediction: Mode:STANDARD S-ratio: 2.00 33644-34270 orient(-) score(1254.00) noncoding_equivalent(627.00) raw_noncoding(627.00) offset(0.00) 
34270	33644	single-	4	6	{GlimmerHMM_glimmerT_5918-T1;GlimmerHMM},{Augustus_model.g5213.t1;Augustus}

# EVM prediction: Mode:STANDARD S-ratio: 10000.00 34562-34858 orient(+) score(891.00) noncoding_equivalent(0.09) raw_noncoding(0.00) offset(0.00) 
34562	34858	single+	1	3	{Augustus_model.g5214.t1;Augustus},{GlimmerHMM_glimmerT_5919-T1;GlimmerHMM}

# EVM prediction: Mode:STANDARD S-ratio: 194.22 34944-39067 orient(+) score(12236.00) noncoding_equivalent(63.00) raw_noncoding(65.00) offset(2.00) 
34944	38985	initial+	1	1	{Augustus_model.g5215.t1;Augustus}
38986	39050	INTRON			{Augustus_model.g5215.t1;Augustus}
39051	39067	terminal+	2	3	{Augustus_model.g5215.t1;Augustus}

# EVM prediction: Mode:STANDARD S-ratio: 2.01 39080-40303 orient(-) score(2448.00) noncoding_equivalent(1220.00) raw_noncoding(1220.00) offset(0.00) 
40303	39080	single-	4	6	{Augustus_model.g5216.t1;Augustus},{GlimmerHMM_glimmerT_5921-T1;GlimmerHMM}

# EVM prediction: Mode:STANDARD S-ratio: 1.19 42019-43523 orient(-) score(1808.00) noncoding_equivalent(1524.05) raw_noncoding(3707.47) offset(2183.42) 
42327	42019	terminal-	4	6	{snap_scaffold_8-snap.330-T1;snap}
42719	42328	INTRON			{snap_scaffold_8-snap.330-T1;snap}
42726	42720	internal-	6	6	{snap_scaffold_8-snap.330-T1;snap}
43515	42727	INTRON			{snap_scaffold_8-snap.330-T1;snap}
43523	43516	initial-	4	5	{snap_scaffold_8-snap.330-T1;snap}

