!! Predictions spanning range 8484 - 99912 [R1]
# EVM prediction: Mode:STANDARD S-ratio: 86.49 8484-8747 orient(+) score(781.00) noncoding_equivalent(9.03) raw_noncoding(9.03) offset(0.00) 
8484	8747	single+	1	3	{GlimmerHMM_glimmerT_2083-T1;GlimmerHMM},{Augustus_model.g1864.t1;Augustus}

# EVM prediction: Mode:STANDARD S-ratio: 47.87 9386-10285 orient(-) score(2643.00) noncoding_equivalent(55.21) raw_noncoding(55.21) offset(0.00) 
10285	9386	single-	4	6	{GlimmerHMM_glimmerT_2084-T1;GlimmerHMM},{Augustus_model.g1865.t1;Augustus}

# EVM prediction: Mode:STANDARD S-ratio: 19.44 10984-11238 orient(-) score(726.00) noncoding_equivalent(37.34) raw_noncoding(37.34) offset(0.00) 
11238	10984	single-	4	6	{Augustus_model.g1866.t1;Augustus},{GlimmerHMM_glimmerT_2085-T1;GlimmerHMM}

# EVM prediction: Mode:STANDARD S-ratio: 10000.00 12380-13915 orient(+) score(4602.00) noncoding_equivalent(0.46) raw_noncoding(0.00) offset(0.00) 
12380	13915	single+	1	3	{GlimmerHMM_glimmerT_2086-T1;GlimmerHMM},{Augustus_model.g1867.t1;Augustus}

# EVM prediction: Mode:STANDARD S-ratio: 252.59 14766-15881 orient(+) score(3333.00) noncoding_equivalent(13.20) raw_noncoding(13.20) offset(0.00) 
14766	15881	single+	1	3	{Augustus_model.g1868.t1;Augustus},{GlimmerHMM_glimmerT_2087-T1;GlimmerHMM}

# EVM prediction: Mode:STANDARD S-ratio: 11.69 16305-16673 orient(-) score(1019.00) noncoding_equivalent(87.13) raw_noncoding(87.13) offset(0.00) 
16673	16305	single-	4	6	{Augustus_model.g1869.t1;Augustus},{GlimmerHMM_glimmerT_2088-T1;GlimmerHMM}

# EVM prediction: Mode:STANDARD S-ratio: 10000.00 17038-17814 orient(-) score(2331.00) noncoding_equivalent(0.23) raw_noncoding(0.00) offset(0.00) 
17814	17038	single-	4	6	{Augustus_model.g1870.t1;Augustus},{GlimmerHMM_glimmerT_2089-T1;GlimmerHMM}

# EVM prediction: Mode:STANDARD S-ratio: 10000.00 18216-19313 orient(-) score(3294.00) noncoding_equivalent(0.33) raw_noncoding(0.00) offset(0.00) 
19313	18216	single-	4	6	{Augustus_model.g1871.t1;Augustus},{GlimmerHMM_glimmerT_2090-T1;GlimmerHMM}

# EVM prediction: Mode:STANDARD S-ratio: 254.81 20065-21267 orient(-) score(3593.00) noncoding_equivalent(14.10) raw_noncoding(14.10) offset(0.00) 
21267	20065	single-	4	6	{GlimmerHMM_glimmerT_2091-T1;GlimmerHMM},{Augustus_model.g1872.t1;Augustus}

# EVM prediction: Mode:STANDARD S-ratio: 2.01 21649-22971 orient(+) score(2646.00) noncoding_equivalent(1317.14) raw_noncoding(1317.14) offset(0.00) 
21649	22971	single+	1	3	{Augustus_model.g1873.t1;Augustus},{GlimmerHMM_glimmerT_2092-T1;GlimmerHMM}

# EVM prediction: Mode:STANDARD S-ratio: 83.00 23084-23587 orient(-) score(1494.00) noncoding_equivalent(18.00) raw_noncoding(18.00) offset(0.00) 
23587	23084	single-	4	6	{Augustus_model.g1874.t1;Augustus},{GlimmerHMM_glimmerT_2093-T1;GlimmerHMM}

# EVM prediction: Mode:STANDARD S-ratio: 230.52 24210-25217 orient(+) score(3009.00) noncoding_equivalent(13.05) raw_noncoding(13.05) offset(0.00) 
24210	25217	single+	1	3	{Augustus_model.g1875.t1;Augustus},{GlimmerHMM_glimmerT_2094-T1;GlimmerHMM}

# EVM prediction: Mode:STANDARD S-ratio: 11.35 25454-26695 orient(+) score(3483.00) noncoding_equivalent(307.00) raw_noncoding(375.00) offset(68.00) 
25454	25469	initial+	1	1	{GlimmerHMM_glimmerT_2095-T1;GlimmerHMM},{Augustus_model.g1876.t1;Augustus}
25470	25535	INTRON			{GlimmerHMM_glimmerT_2095-T1;GlimmerHMM},{Augustus_model.g1876.t1;Augustus}
25536	26695	terminal+	2	3	{GlimmerHMM_glimmerT_2095-T1;GlimmerHMM},{Augustus_model.g1876.t1;Augustus}

# EVM prediction: Mode:STANDARD S-ratio: 29.76 26751-28823 orient(-) score(6012.00) noncoding_equivalent(202.00) raw_noncoding(202.00) offset(0.00) 
28823	26751	single-	4	6	{GlimmerHMM_glimmerT_2096-T1;GlimmerHMM},{Augustus_model.g1877.t1;Augustus}

# EVM prediction: Mode:STANDARD S-ratio: 30.90 29749-31311 orient(-) score(4542.00) noncoding_equivalent(147.00) raw_noncoding(147.00) offset(0.00) 
31311	29749	single-	4	6	{GlimmerHMM_glimmerT_2097-T1;GlimmerHMM}

# EVM prediction: Mode:STANDARD S-ratio: 611.58 32057-33109 orient(-) score(3152.00) noncoding_equivalent(5.15) raw_noncoding(5.15) offset(0.00) 
33109	32057	single-	4	6	{GlimmerHMM_glimmerT_2098-T1;GlimmerHMM},{Augustus_model.g1879.t1;Augustus}

# EVM prediction: Mode:STANDARD S-ratio: 27.82 34790-35941 orient(-) score(3335.00) noncoding_equivalent(119.89) raw_noncoding(119.89) offset(0.00) 
35941	34790	single-	4	6	{Augustus_model.g1880.t1;Augustus},{GlimmerHMM_glimmerT_2099-T1;GlimmerHMM}

# EVM prediction: Mode:STANDARD S-ratio: 300.80 36708-39737 orient(-) score(9058.00) noncoding_equivalent(30.11) raw_noncoding(30.11) offset(0.00) 
39737	36708	single-	4	6	{GlimmerHMM_glimmerT_2100-T1;GlimmerHMM},{Augustus_model.g1881.t1;Augustus}

# EVM prediction: Mode:STANDARD S-ratio: 10000.00 41725-42549 orient(+) score(2466.00) noncoding_equivalent(0.25) raw_noncoding(0.00) offset(0.00) 
41725	42549	single+	1	3	{Augustus_model.g1882.t1;Augustus},{GlimmerHMM_glimmerT_2101-T1;GlimmerHMM}

# EVM prediction: Mode:STANDARD S-ratio: 1.86 42933-43676 orient(-) score(1450.00) noncoding_equivalent(780.47) raw_noncoding(780.47) offset(0.00) 
43676	42933	single-	4	6	{GlimmerHMM_glimmerT_2102-T1;GlimmerHMM}

# EVM prediction: Mode:STANDARD S-ratio: 28.80 43740-44513 orient(-) score(2243.00) noncoding_equivalent(77.88) raw_noncoding(77.88) offset(0.00) 
44513	43740	single-	4	6	{GlimmerHMM_glimmerT_2103-T1;GlimmerHMM}

# EVM prediction: Mode:STANDARD S-ratio: 39.70 45842-46579 orient(+) score(2158.00) noncoding_equivalent(54.35) raw_noncoding(54.35) offset(0.00) 
45842	46579	single+	1	3	{Augustus_model.g1884.t1;Augustus},{GlimmerHMM_glimmerT_2104-T1;GlimmerHMM}

# EVM prediction: Mode:STANDARD S-ratio: 27.94 46663-48141 orient(-) score(4285.00) noncoding_equivalent(153.34) raw_noncoding(153.34) offset(0.00) 
48141	46663	single-	4	6	{Augustus_model.g1885.t1;Augustus}

# EVM prediction: Mode:STANDARD S-ratio: 1231.04 50339-51622 orient(-) score(3847.00) noncoding_equivalent(3.12) raw_noncoding(3.12) offset(0.00) 
51622	50339	single-	4	6	{Augustus_model.g1886.t1;Augustus},{GlimmerHMM_glimmerT_2106-T1;GlimmerHMM}

# EVM prediction: Mode:STANDARD S-ratio: 100.19 52195-53244 orient(-) score(3117.00) noncoding_equivalent(31.11) raw_noncoding(31.11) offset(0.00) 
53244	52195	single-	4	6	{Augustus_model.g1887.t1;Augustus},{GlimmerHMM_glimmerT_2107-T1;GlimmerHMM}

# EVM prediction: Mode:STANDARD S-ratio: 11.43 53868-54725 orient(-) score(2367.00) noncoding_equivalent(207.00) raw_noncoding(207.00) offset(0.00) 
54725	53868	single-	4	6	{GlimmerHMM_glimmerT_2108-T1;GlimmerHMM},{Augustus_model.g1888.t1;Augustus}

# EVM prediction: Mode:STANDARD S-ratio: 5.22 55291-56851 orient(-) score(9325.00) noncoding_equivalent(1788.08) raw_noncoding(2004.08) offset(216.00) 
56612	55291	terminal-	5	6	{snap_scaffold_2-snap.677-T1;snap},{GlimmerHMM_glimmerT_2109-T1;GlimmerHMM},{HiQ_model.g1889.t1;HiQ}
56826	56613	INTRON			{snap_scaffold_2-snap.677-T1;snap},{GlimmerHMM_glimmerT_2109-T1;GlimmerHMM},{HiQ_model.g1889.t1;HiQ},{ev_type:exonerate/ID=match.45784.94/Target=YML085C;exonerate},{ev_type:exonerate/ID=match.45784.120/Target=YML124C;exonerate}
56851	56827	initial-	4	4	{GlimmerHMM_glimmerT_2109-T1;GlimmerHMM},{HiQ_model.g1889.t1;HiQ}

# EVM prediction: Mode:STANDARD S-ratio: 66.99 57500-59866 orient(-) score(6995.00) noncoding_equivalent(104.42) raw_noncoding(104.42) offset(0.00) 
59866	57500	single-	4	6	{GlimmerHMM_glimmerT_2110-T1;GlimmerHMM},{Augustus_model.g1890.t1;Augustus}

# EVM prediction: Mode:STANDARD S-ratio: 677.00 61279-62634 orient(-) score(4062.00) noncoding_equivalent(6.00) raw_noncoding(6.00) offset(0.00) 
62634	61279	single-	4	6	{Augustus_model.g1891.t1;Augustus}

# EVM prediction: Mode:STANDARD S-ratio: 7.82 63918-65363 orient(-) score(3846.00) noncoding_equivalent(492.00) raw_noncoding(492.00) offset(0.00) 
65363	63918	single-	4	6	{GlimmerHMM_glimmerT_2113-T1;GlimmerHMM}

# EVM prediction: Mode:STANDARD S-ratio: 10.91 67742-68539 orient(+) score(2193.00) noncoding_equivalent(201.00) raw_noncoding(201.00) offset(0.00) 
67742	68539	single+	1	3	{Augustus_model.g1893.t1;Augustus},{GlimmerHMM_glimmerT_2114-T1;GlimmerHMM}

# EVM prediction: Mode:STANDARD S-ratio: 225.50 68669-69574 orient(-) score(2706.00) noncoding_equivalent(12.00) raw_noncoding(12.00) offset(0.00) 
69574	68669	single-	4	6	{GlimmerHMM_glimmerT_2115-T1;GlimmerHMM},{Augustus_model.g1894.t1;Augustus}

# EVM prediction: Mode:STANDARD S-ratio: 10000.00 69810-71258 orient(-) score(4347.00) noncoding_equivalent(0.43) raw_noncoding(0.00) offset(0.00) 
71258	69810	single-	4	6	{Augustus_model.g1895.t1;Augustus},{GlimmerHMM_glimmerT_2116-T1;GlimmerHMM}

# EVM prediction: Mode:STANDARD S-ratio: 2.00 71748-73181 orient(+) score(2868.00) noncoding_equivalent(1434.00) raw_noncoding(1434.00) offset(0.00) 
71748	73181	single+	1	3	{Augustus_model.g1896.t1;Augustus}

# EVM prediction: Mode:STANDARD S-ratio: 36.19 73272-74552 orient(-) score(3739.00) noncoding_equivalent(103.31) raw_noncoding(103.31) offset(0.00) 
74552	73272	single-	4	6	{Augustus_model.g1897.t1;Augustus},{GlimmerHMM_glimmerT_2118-T1;GlimmerHMM}

# EVM prediction: Mode:STANDARD S-ratio: 39.12 74921-76645 orient(-) score(5046.00) noncoding_equivalent(129.00) raw_noncoding(129.00) offset(0.00) 
76645	74921	single-	4	6	{GlimmerHMM_glimmerT_2119-T1;GlimmerHMM}

# EVM prediction: Mode:STANDARD S-ratio: 10000.00 77127-77570 orient(-) score(1332.00) noncoding_equivalent(0.13) raw_noncoding(0.00) offset(0.00) 
77570	77127	single-	4	6	{Augustus_model.g1899.t1;Augustus},{GlimmerHMM_glimmerT_2120-T1;GlimmerHMM}

# EVM prediction: Mode:STANDARD S-ratio: 729.30 78719-80188 orient(-) score(4402.00) noncoding_equivalent(6.04) raw_noncoding(6.04) offset(0.00) 
80188	78719	single-	4	6	{GlimmerHMM_glimmerT_2121-T1;GlimmerHMM},{Augustus_model.g1900.t1;Augustus}

# EVM prediction: Mode:STANDARD S-ratio: 10000.00 82214-83233 orient(+) score(3060.00) noncoding_equivalent(0.31) raw_noncoding(0.00) offset(0.00) 
82214	83233	single+	1	3	{Augustus_model.g1901.t1;Augustus},{GlimmerHMM_glimmerT_2122-T1;GlimmerHMM}

# EVM prediction: Mode:STANDARD S-ratio: 2.01 83390-84295 orient(-) score(1812.00) noncoding_equivalent(903.01) raw_noncoding(903.01) offset(0.00) 
84295	83390	single-	4	6	{Augustus_model.g1902.t1;Augustus},{GlimmerHMM_glimmerT_2123-T1;GlimmerHMM}

# EVM prediction: Mode:STANDARD S-ratio: 472.33 84738-86477 orient(+) score(5207.00) noncoding_equivalent(11.02) raw_noncoding(11.02) offset(0.00) 
84738	86477	single+	1	3	{GlimmerHMM_glimmerT_2124-T1;GlimmerHMM},{Augustus_model.g1903.t1;Augustus}

# EVM prediction: Mode:STANDARD S-ratio: 10.29 86705-87280 orient(-) score(1575.00) noncoding_equivalent(153.00) raw_noncoding(153.00) offset(0.00) 
87280	86705	single-	4	6	{GlimmerHMM_glimmerT_2125-T1;GlimmerHMM},{Augustus_model.g1904.t1;Augustus}

# EVM prediction: Mode:STANDARD S-ratio: 385.57 87674-90379 orient(-) score(8097.00) noncoding_equivalent(21.00) raw_noncoding(21.00) offset(0.00) 
90379	87674	single-	4	6	{GlimmerHMM_glimmerT_2126-T1;GlimmerHMM},{Augustus_model.g1905.t1;Augustus}

# EVM prediction: Mode:STANDARD S-ratio: 38.60 91012-91515 orient(+) score(1472.00) noncoding_equivalent(38.13) raw_noncoding(38.13) offset(0.00) 
91012	91515	single+	1	3	{Augustus_model.g1906.t1;Augustus},{GlimmerHMM_glimmerT_2127-T1;GlimmerHMM}

# EVM prediction: Mode:STANDARD S-ratio: 2.00 92021-92734 orient(-) score(1428.00) noncoding_equivalent(714.90) raw_noncoding(714.90) offset(0.00) 
92734	92021	single-	4	6	{GlimmerHMM_glimmerT_2128-T1;GlimmerHMM},{Augustus_model.g1907.t1;Augustus}

# EVM prediction: Mode:STANDARD S-ratio: 124.08 93094-94680 orient(+) score(4721.00) noncoding_equivalent(38.05) raw_noncoding(38.05) offset(0.00) 
93094	94680	single+	1	3	{Augustus_model.g1908.t1;Augustus},{GlimmerHMM_glimmerT_2129-T1;GlimmerHMM}

# EVM prediction: Mode:STANDARD S-ratio: 162.09 95044-98631 orient(+) score(10698.00) noncoding_equivalent(66.00) raw_noncoding(66.00) offset(0.00) 
95044	98631	single+	1	3	{Augustus_model.g1909.t1;Augustus},{GlimmerHMM_glimmerT_2130-T1;GlimmerHMM}

# EVM prediction: Mode:STANDARD S-ratio: 7.53 99010-99912 orient(+) score(2518.00) noncoding_equivalent(334.21) raw_noncoding(448.73) offset(114.52) 
99010	99053	initial+	1	2	{Augustus_model.g1910.t1;Augustus},{GlimmerHMM_glimmerT_2131-T1;GlimmerHMM}
99054	99200	INTRON			{Augustus_model.g1910.t1;Augustus},{GlimmerHMM_glimmerT_2131-T1;GlimmerHMM}
99201	99912	terminal+	3	3	{Augustus_model.g1910.t1;Augustus},{GlimmerHMM_glimmerT_2131-T1;GlimmerHMM}

