!! Predictions spanning range 1802 - 99225 [R1]
# EVM prediction: Mode:STANDARD S-ratio: 339.22 1802-2953 orient(+) score(9159.00) noncoding_equivalent(27.00) raw_noncoding(27.00) offset(0.00) 
1802	2953	single+	1	3	{Augustus_model.g1.t1;Augustus},{GlimmerHMM_glimmerT_1-T1;GlimmerHMM}

# EVM prediction: Mode:STANDARD S-ratio: 10000.00 5985-7814 orient(+) score(5490.00) noncoding_equivalent(0.55) raw_noncoding(0.00) offset(0.00) 
5985	7814	single+	1	3	{GlimmerHMM_glimmerT_2-T1;GlimmerHMM},{Augustus_model.g2.t1;Augustus}

# EVM prediction: Mode:STANDARD S-ratio: 266.03 8683-9756 orient(-) score(3208.00) noncoding_equivalent(12.06) raw_noncoding(12.06) offset(0.00) 
9756	8683	single-	4	6	{GlimmerHMM_glimmerT_3-T1;GlimmerHMM},{Augustus_model.g3.t1;Augustus}

# EVM prediction: Mode:STANDARD S-ratio: 105.05 11657-13360 orient(-) score(5062.00) noncoding_equivalent(48.19) raw_noncoding(48.19) offset(0.00) 
13360	11657	single-	4	6	{Augustus_model.g4.t1;Augustus},{GlimmerHMM_glimmerT_4-T1;GlimmerHMM}

# EVM prediction: Mode:STANDARD S-ratio: 891.57 16204-17226 orient(+) score(7151.00) noncoding_equivalent(8.02) raw_noncoding(8.02) offset(0.00) 
16204	17226	single+	1	3	{GlimmerHMM_glimmerT_5-T1;GlimmerHMM},{Augustus_model.g5.t1;Augustus}

# EVM prediction: Mode:STANDARD S-ratio: 13.58 17577-19149 orient(-) score(7797.00) noncoding_equivalent(574.05) raw_noncoding(1111.00) offset(536.95) 
18726	17577	terminal-	6	6	{Augustus_model.g6.t1;Augustus}
19120	18727	INTRON			{Augustus_model.g6.t1;Augustus}
19149	19121	initial-	4	5	{Augustus_model.g6.t1;Augustus}

# EVM prediction: Mode:STANDARD S-ratio: 1.00 20635-21006 orient(+) score(744.00) noncoding_equivalent(744.00) raw_noncoding(744.00) offset(0.00) 
20635	21006	single+	1	3	{GlimmerHMM_glimmerT_8-T1;GlimmerHMM}

# EVM prediction: Mode:STANDARD S-ratio: 26.51 22823-25876 orient(+) score(11772.00) noncoding_equivalent(444.00) raw_noncoding(444.00) offset(0.00) 
22823	25876	single+	1	3	{Augustus_model.g7.t1;Augustus},{GlimmerHMM_glimmerT_9-T1;GlimmerHMM}

# EVM prediction: Mode:STANDARD S-ratio: 4.96 26403-28775 orient(-) score(11849.00) noncoding_equivalent(2387.16) raw_noncoding(2387.16) offset(0.00) 
28775	26403	single-	4	6	{HiQ_model.g8.t1;HiQ},{GlimmerHMM_glimmerT_10-T1;GlimmerHMM}

# EVM prediction: Mode:STANDARD S-ratio: 4.72 28985-30454 orient(-) score(7278.00) noncoding_equivalent(1542.00) raw_noncoding(1542.00) offset(0.00) 
30454	28985	single-	4	6	{GlimmerHMM_glimmerT_11-T1;GlimmerHMM},{HiQ_model.g9.t1;HiQ}

# EVM prediction: Mode:STANDARD S-ratio: 66.37 30657-31829 orient(+) score(4621.00) noncoding_equivalent(69.62) raw_noncoding(69.62) offset(0.00) 
30657	31829	single+	1	3	{Augustus_model.g10.t1;Augustus},{GlimmerHMM_glimmerT_12-T1;GlimmerHMM}

# EVM prediction: Mode:STANDARD S-ratio: 34.77 32296-33234 orient(+) score(3651.00) noncoding_equivalent(105.00) raw_noncoding(105.00) offset(0.00) 
32296	33234	single+	1	3	{Augustus_model.g11.t1;Augustus},{GlimmerHMM_glimmerT_13-T1;GlimmerHMM}

# EVM prediction: Mode:STANDARD S-ratio: 2.00 33415-33918 orient(-) score(2016.00) noncoding_equivalent(1008.00) raw_noncoding(1008.00) offset(0.00) 
33918	33415	single-	4	6	{HiQ_model.g12.t1;HiQ},{GlimmerHMM_glimmerT_14-T1;GlimmerHMM}

# EVM prediction: Mode:STANDARD S-ratio: 4.93 34238-36478 orient(-) score(11178.00) noncoding_equivalent(2268.00) raw_noncoding(2268.00) offset(0.00) 
36478	34238	single-	4	6	{GlimmerHMM_glimmerT_15-T1;GlimmerHMM},{HiQ_model.g13.t1;HiQ}

# EVM prediction: Mode:STANDARD S-ratio: 10000.00 36798-38174 orient(+) score(5508.00) noncoding_equivalent(0.55) raw_noncoding(0.00) offset(0.00) 
36798	38174	single+	1	3	{Augustus_model.g14.t1;Augustus},{GlimmerHMM_glimmerT_16-T1;GlimmerHMM}

# EVM prediction: Mode:STANDARD S-ratio: 4.99 38868-42245 orient(-) score(16882.00) noncoding_equivalent(3384.08) raw_noncoding(3384.08) offset(0.00) 
42245	38868	single-	4	6	{GlimmerHMM_glimmerT_17-T1;GlimmerHMM},{HiQ_model.g15.t1;HiQ}

# EVM prediction: Mode:STANDARD S-ratio: 3.06 42701-43708 orient(+) score(3040.00) noncoding_equivalent(992.06) raw_noncoding(992.06) offset(0.00) 
42701	43708	single+	1	3	{Augustus_model.g16.t1;Augustus},{GlimmerHMM_glimmerT_18-T1;GlimmerHMM}

# EVM prediction: Mode:STANDARD S-ratio: 5.97 44066-45907 orient(+) score(11042.00) noncoding_equivalent(1850.04) raw_noncoding(1850.04) offset(0.00) 
44066	45907	single+	1	3	{GlimmerHMM_glimmerT_19-T1;GlimmerHMM},{HiQ_model.g17.t1;HiQ}

# EVM prediction: Mode:STANDARD S-ratio: 10000.00 46272-48032 orient(-) score(5283.00) noncoding_equivalent(0.53) raw_noncoding(0.00) offset(0.00) 
48032	46272	single-	4	6	{GlimmerHMM_glimmerT_20-T1;GlimmerHMM},{Augustus_model.g18.t1;Augustus}

# EVM prediction: Mode:STANDARD S-ratio: 5.00 51116-52174 orient(-) score(5295.00) noncoding_equivalent(1059.00) raw_noncoding(1059.00) offset(0.00) 
52174	51116	single-	4	6	{HiQ_model.g19.t1;HiQ},{GlimmerHMM_glimmerT_21-T1;GlimmerHMM}

# EVM prediction: Mode:STANDARD S-ratio: 16.00 52521-54101 orient(+) score(4464.00) noncoding_equivalent(279.00) raw_noncoding(279.00) offset(0.00) 
52521	54101	single+	1	3	{Augustus_model.g20.t1;Augustus},{GlimmerHMM_glimmerT_22-T1;GlimmerHMM}

# EVM prediction: Mode:STANDARD S-ratio: 4.96 54398-56347 orient(-) score(9738.00) noncoding_equivalent(1962.00) raw_noncoding(1962.00) offset(0.00) 
56347	54398	single-	4	6	{HiQ_model.g21.t1;HiQ},{GlimmerHMM_glimmerT_23-T1;GlimmerHMM}

# EVM prediction: Mode:STANDARD S-ratio: 40.80 57266-60400 orient(-) score(12240.00) noncoding_equivalent(300.00) raw_noncoding(300.00) offset(0.00) 
60400	57266	single-	4	6	{GlimmerHMM_glimmerT_24-T1;GlimmerHMM}

# EVM prediction: Mode:STANDARD S-ratio: 2.00 60873-61802 orient(-) score(3720.00) noncoding_equivalent(1860.00) raw_noncoding(1860.00) offset(0.00) 
61802	60873	single-	4	6	{HiQ_model.g23.t1;HiQ},{GlimmerHMM_glimmerT_25-T1;GlimmerHMM}

# EVM prediction: Mode:STANDARD S-ratio: 4.96 62245-65019 orient(-) score(13857.00) noncoding_equivalent(2791.89) raw_noncoding(2791.89) offset(0.00) 
65019	62245	single-	4	6	{HiQ_model.g24.t1;HiQ},{GlimmerHMM_glimmerT_26-T1;GlimmerHMM}

# EVM prediction: Mode:STANDARD S-ratio: 9.63 65243-65766 orient(+) score(1960.00) noncoding_equivalent(203.55) raw_noncoding(277.13) offset(73.58) 
65243	65307	initial+	1	2	{GlimmerHMM_glimmerT_27-T1;GlimmerHMM},{Augustus_model.g25.t1;Augustus}
65308	65378	INTRON			{GlimmerHMM_glimmerT_27-T1;GlimmerHMM},{Augustus_model.g25.t1;Augustus},{ev_type:exonerate/ID=match.133146.6333/Target=YDL219W;exonerate}
65379	65766	terminal+	3	3	{snap_scaffold_1-snap.22-T1;snap},{GlimmerHMM_glimmerT_27-T1;GlimmerHMM},{Augustus_model.g25.t1;Augustus}

# EVM prediction: Mode:STANDARD S-ratio: 10000.00 66494-67447 orient(+) score(3816.00) noncoding_equivalent(0.38) raw_noncoding(0.00) offset(0.00) 
66494	67447	single+	1	3	{Augustus_model.g26.t1;Augustus},{GlimmerHMM_glimmerT_28-T1;GlimmerHMM}

# EVM prediction: Mode:STANDARD S-ratio: 4.72 67984-68607 orient(-) score(3090.00) noncoding_equivalent(654.00) raw_noncoding(654.00) offset(0.00) 
68607	67984	single-	4	6	{HiQ_model.g27.t1;HiQ},{GlimmerHMM_glimmerT_29-T1;GlimmerHMM}

# EVM prediction: Mode:STANDARD S-ratio: 5.00 68998-70320 orient(-) score(6615.00) noncoding_equivalent(1323.00) raw_noncoding(1323.00) offset(0.00) 
70320	68998	single-	4	6	{HiQ_model.g28.t1;HiQ},{GlimmerHMM_glimmerT_30-T1;GlimmerHMM}

# EVM prediction: Mode:STANDARD S-ratio: 5.00 70641-73919 orient(-) score(16395.00) noncoding_equivalent(3279.00) raw_noncoding(3279.00) offset(0.00) 
73919	70641	single-	4	6	{GlimmerHMM_glimmerT_31-T1;GlimmerHMM},{HiQ_model.g29.t1;HiQ}

# EVM prediction: Mode:STANDARD S-ratio: 51.17 74447-76546 orient(-) score(6171.00) noncoding_equivalent(120.59) raw_noncoding(120.59) offset(0.00) 
76546	74447	single-	4	6	{GlimmerHMM_glimmerT_32-T1;GlimmerHMM}

# EVM prediction: Mode:STANDARD S-ratio: 5.00 77290-77967 orient(-) score(3390.00) noncoding_equivalent(678.00) raw_noncoding(678.00) offset(0.00) 
77967	77290	single-	4	6	{GlimmerHMM_glimmerT_33-T1;GlimmerHMM},{HiQ_model.g31.t1;HiQ}

# EVM prediction: Mode:STANDARD S-ratio: 175.68 78427-79059 orient(+) score(2516.00) noncoding_equivalent(14.32) raw_noncoding(14.32) offset(0.00) 
78427	79059	single+	1	3	{GlimmerHMM_glimmerT_34-T1;GlimmerHMM},{Augustus_model.g32.t1;Augustus}

# EVM prediction: Mode:STANDARD S-ratio: 2.00 79295-80413 orient(-) score(4476.00) noncoding_equivalent(2238.00) raw_noncoding(2238.00) offset(0.00) 
80413	79295	single-	4	6	{HiQ_model.g33.t1;HiQ},{GlimmerHMM_glimmerT_35-T1;GlimmerHMM}

# EVM prediction: Mode:STANDARD S-ratio: 189.67 84271-85986 orient(+) score(6828.00) noncoding_equivalent(36.00) raw_noncoding(36.00) offset(0.00) 
84271	85986	single+	1	3	{Augustus_model.g34.t1;Augustus},{GlimmerHMM_glimmerT_36-T1;GlimmerHMM}

# EVM prediction: Mode:STANDARD S-ratio: 3.72 86208-87227 orient(-) score(4824.00) noncoding_equivalent(1296.00) raw_noncoding(1296.00) offset(0.00) 
87227	86208	single-	4	6	{GlimmerHMM_glimmerT_37-T1;GlimmerHMM},{HiQ_model.g35.t1;HiQ}

# EVM prediction: Mode:STANDARD S-ratio: 10000.00 87513-87983 orient(+) score(1878.00) noncoding_equivalent(0.19) raw_noncoding(0.00) offset(0.00) 
87513	87983	single+	1	3	{Augustus_model.g36.t1;Augustus},{GlimmerHMM_glimmerT_38-T1;GlimmerHMM}

# EVM prediction: Mode:STANDARD S-ratio: 10000.00 88249-89865 orient(+) score(6468.00) noncoding_equivalent(0.65) raw_noncoding(0.00) offset(0.00) 
88249	89865	single+	1	3	{Augustus_model.g37.t1;Augustus},{GlimmerHMM_glimmerT_39-T1;GlimmerHMM}

# EVM prediction: Mode:STANDARD S-ratio: 42.62 90405-92465 orient(+) score(8055.00) noncoding_equivalent(189.00) raw_noncoding(189.00) offset(0.00) 
90405	92465	single+	1	3	{GlimmerHMM_glimmerT_40-T1;GlimmerHMM}

# EVM prediction: Mode:STANDARD S-ratio: 5.00 92763-93746 orient(-) score(4920.00) noncoding_equivalent(984.00) raw_noncoding(984.00) offset(0.00) 
93746	92763	single-	4	6	{HiQ_model.g39.t1;HiQ},{GlimmerHMM_glimmerT_41-T1;GlimmerHMM}

# EVM prediction: Mode:STANDARD S-ratio: 585.66 94606-95787 orient(+) score(3538.00) noncoding_equivalent(6.04) raw_noncoding(6.04) offset(0.00) 
94606	95787	single+	1	3	{GlimmerHMM_glimmerT_42-T1;GlimmerHMM},{Augustus_model.g40.t1;Augustus}

# EVM prediction: Mode:STANDARD S-ratio: 5.00 96083-97954 orient(-) score(9360.00) noncoding_equivalent(1872.00) raw_noncoding(1872.00) offset(0.00) 
97954	96083	single-	4	6	{HiQ_model.g41.t1;HiQ},{GlimmerHMM_glimmerT_43-T1;GlimmerHMM}

# EVM prediction: Mode:STANDARD S-ratio: 11.99 98476-99225 orient(+) score(2769.00) noncoding_equivalent(231.00) raw_noncoding(231.00) offset(0.00) 
98476	99225	single+	1	3	{GlimmerHMM_glimmerT_44-T1;GlimmerHMM},{Augustus_model.g42.t1;Augustus}

