!! Predictions spanning range 18 - 62098 [R1]
# EVM prediction: Mode:STANDARD S-ratio: 2.01 18-617 orient(-) score(2400.00) noncoding_equivalent(1194.65) raw_noncoding(1194.65) offset(0.00) 
617	18	single-	4	6	{GlimmerHMM_glimmerT_3375-T1;GlimmerHMM},{HiQ_model.g2973.t1;HiQ}

# EVM prediction: Mode:STANDARD S-ratio: 10000.00 826-1788 orient(+) score(3852.00) noncoding_equivalent(0.39) raw_noncoding(0.00) offset(0.00) 
826	1788	single+	1	3	{Augustus_model.g2974.t1;Augustus},{GlimmerHMM_glimmerT_3376-T1;GlimmerHMM}

# EVM prediction: Mode:STANDARD S-ratio: 58.01 2098-3294 orient(+) score(4705.00) noncoding_equivalent(81.11) raw_noncoding(81.11) offset(0.00) 
2098	3294	single+	1	3	{GlimmerHMM_glimmerT_3377-T1;GlimmerHMM}

# EVM prediction: Mode:STANDARD S-ratio: 3.00 3587-3904 orient(+) score(954.00) noncoding_equivalent(318.00) raw_noncoding(318.00) offset(0.00) 
3587	3904	single+	1	3	{Augustus_model.g2976.t1;Augustus},{GlimmerHMM_glimmerT_3378-T1;GlimmerHMM}

# EVM prediction: Mode:STANDARD S-ratio: 6.45 4440-4856 orient(-) score(1082.00) noncoding_equivalent(167.62) raw_noncoding(167.62) offset(0.00) 
4856	4440	single-	4	6	{GlimmerHMM_glimmerT_3379-T1;GlimmerHMM}

# EVM prediction: Mode:STANDARD S-ratio: 2.98 5039-6676 orient(-) score(4906.00) noncoding_equivalent(1646.06) raw_noncoding(1646.06) offset(0.00) 
6676	5039	single-	4	6	{GlimmerHMM_glimmerT_3380-T1;GlimmerHMM}

# EVM prediction: Mode:STANDARD S-ratio: 10000.00 7140-8381 orient(+) score(3726.00) noncoding_equivalent(0.37) raw_noncoding(0.00) offset(0.00) 
7140	8381	single+	1	3	{GlimmerHMM_glimmerT_3381-T1;GlimmerHMM},{Augustus_model.g2978.t1;Augustus}

# EVM prediction: Mode:STANDARD S-ratio: 6.99 8625-10073 orient(-) score(3798.00) noncoding_equivalent(543.00) raw_noncoding(543.00) offset(0.00) 
10073	8625	single-	4	6	{Augustus_model.g2979.t1;Augustus},{GlimmerHMM_glimmerT_3382-T1;GlimmerHMM}

# EVM prediction: Mode:STANDARD S-ratio: 2.01 10318-11631 orient(-) score(2628.00) noncoding_equivalent(1308.12) raw_noncoding(1308.12) offset(0.00) 
11631	10318	single-	4	6	{GlimmerHMM_glimmerT_3383-T1;GlimmerHMM},{Augustus_model.g2980.t1;Augustus}

# EVM prediction: Mode:STANDARD S-ratio: 10000.00 11860-13443 orient(+) score(4752.00) noncoding_equivalent(0.48) raw_noncoding(0.00) offset(0.00) 
11860	13443	single+	1	3	{GlimmerHMM_glimmerT_3384-T1;GlimmerHMM},{Augustus_model.g2981.t1;Augustus}

# EVM prediction: Mode:STANDARD S-ratio: 14.12 13614-19404 orient(-) score(15975.00) noncoding_equivalent(1131.71) raw_noncoding(1372.32) offset(240.61) 
16849	13614	terminal-	5	6	{GlimmerHMM_glimmerT_3385-T1;GlimmerHMM}
17114	16850	INTRON			{GlimmerHMM_glimmerT_3385-T1;GlimmerHMM}
19404	17115	initial-	4	4	{GlimmerHMM_glimmerT_3385-T1;GlimmerHMM}

# EVM prediction: Mode:STANDARD S-ratio: 10000.00 19913-22333 orient(-) score(7263.00) noncoding_equivalent(0.73) raw_noncoding(0.00) offset(0.00) 
22333	19913	single-	4	6	{GlimmerHMM_glimmerT_3386-T1;GlimmerHMM},{Augustus_model.g2983.t1;Augustus}

# EVM prediction: Mode:STANDARD S-ratio: 2.01 22575-23198 orient(+) score(1248.00) noncoding_equivalent(619.57) raw_noncoding(619.57) offset(0.00) 
22575	23198	single+	1	3	{GlimmerHMM_glimmerT_3387-T1;GlimmerHMM},{Augustus_model.g2984.t1;Augustus}

# EVM prediction: Mode:STANDARD S-ratio: 85.26 23595-24896 orient(+) score(3859.00) noncoding_equivalent(45.26) raw_noncoding(45.26) offset(0.00) 
23595	24896	single+	1	3	{Augustus_model.g2985.t1;Augustus},{GlimmerHMM_glimmerT_3388-T1;GlimmerHMM}

# EVM prediction: Mode:STANDARD S-ratio: 4.99 25073-26995 orient(-) score(9609.00) noncoding_equivalent(1926.00) raw_noncoding(1926.00) offset(0.00) 
26995	25073	single-	4	6	{HiQ_model.g2986.t1;HiQ}

# EVM prediction: Mode:STANDARD S-ratio: 4.98 27261-29897 orient(-) score(13174.00) noncoding_equivalent(2646.33) raw_noncoding(2646.33) offset(0.00) 
29897	27261	single-	4	6	{HiQ_model.g2987.t1;HiQ},{GlimmerHMM_glimmerT_3390-T1;GlimmerHMM}

# EVM prediction: Mode:STANDARD S-ratio: 3.00 30537-30977 orient(+) score(1323.00) noncoding_equivalent(441.00) raw_noncoding(441.00) offset(0.00) 
30537	30977	single+	1	3	{GlimmerHMM_glimmerT_3391-T1;GlimmerHMM},{Augustus_model.g2988.t1;Augustus}

# EVM prediction: Mode:STANDARD S-ratio: 4.80 31216-32688 orient(-) score(7314.00) noncoding_equivalent(1524.00) raw_noncoding(1524.00) offset(0.00) 
32688	31216	single-	4	6	{GlimmerHMM_glimmerT_3392-T1;GlimmerHMM},{HiQ_model.g2989.t1;HiQ}

# EVM prediction: Mode:STANDARD S-ratio: 62.39 33533-35929 orient(+) score(7076.00) noncoding_equivalent(113.41) raw_noncoding(113.41) offset(0.00) 
33533	35929	single+	1	3	{GlimmerHMM_glimmerT_3393-T1;GlimmerHMM}

# EVM prediction: Mode:STANDARD S-ratio: 13.30 36305-36642 orient(+) score(906.00) noncoding_equivalent(68.12) raw_noncoding(106.25) offset(38.13) 
36305	36312	initial+	1	2	{snap_scaffold_7-snap.301-T1;snap}
36313	36350	INTRON			{snap_scaffold_7-snap.301-T1;snap}
36351	36642	terminal+	3	3	{snap_scaffold_7-snap.301-T1;snap}

# EVM prediction: Mode:STANDARD S-ratio: 106.89 36989-38608 orient(+) score(6419.00) noncoding_equivalent(60.05) raw_noncoding(60.05) offset(0.00) 
36989	38608	single+	1	3	{GlimmerHMM_glimmerT_3395-T1;GlimmerHMM},{Augustus_model.g2991.t1;Augustus}

# EVM prediction: Mode:STANDARD S-ratio: 10000.00 38877-40160 orient(+) score(5136.00) noncoding_equivalent(0.51) raw_noncoding(0.00) offset(0.00) 
38877	40160	single+	1	3	{Augustus_model.g2992.t1;Augustus},{GlimmerHMM_glimmerT_3396-T1;GlimmerHMM}

# EVM prediction: Mode:STANDARD S-ratio: 2.00 40322-41773 orient(-) score(5808.00) noncoding_equivalent(2897.10) raw_noncoding(2897.10) offset(0.00) 
41773	40322	single-	4	6	{HiQ_model.g2993.t1;HiQ},{GlimmerHMM_glimmerT_3397-T1;GlimmerHMM}

# EVM prediction: Mode:STANDARD S-ratio: 19.45 41967-44621 orient(+) score(7576.00) noncoding_equivalent(389.57) raw_noncoding(389.57) offset(0.00) 
41967	44621	single+	1	3	{GlimmerHMM_glimmerT_3398-T1;GlimmerHMM}

# EVM prediction: Mode:STANDARD S-ratio: 12.15 44828-45805 orient(+) score(3609.00) noncoding_equivalent(297.00) raw_noncoding(297.00) offset(0.00) 
44828	45805	single+	1	3	{GlimmerHMM_glimmerT_3399-T1;GlimmerHMM}

# EVM prediction: Mode:STANDARD S-ratio: 49.77 45937-46836 orient(-) score(2645.00) noncoding_equivalent(53.14) raw_noncoding(53.14) offset(0.00) 
46836	45937	single-	4	6	{GlimmerHMM_glimmerT_3400-T1;GlimmerHMM},{Augustus_model.g2995.t1;Augustus}

# EVM prediction: Mode:STANDARD S-ratio: 1.65 47681-47998 orient(+) score(594.00) noncoding_equivalent(360.07) raw_noncoding(360.07) offset(0.00) 
47681	47998	single+	1	3	{GlimmerHMM_glimmerT_3401-T1;GlimmerHMM}

# EVM prediction: Mode:STANDARD S-ratio: 56.90 49131-50856 orient(+) score(6457.00) noncoding_equivalent(113.49) raw_noncoding(168.00) offset(54.51) 
49131	49138	initial+	1	2	{snap_scaffold_7-snap.307-T1;snap}
49139	49166	INTRON			{snap_scaffold_7-snap.307-T1;snap}
49167	50856	terminal+	3	3	{snap_scaffold_7-snap.307-T1;snap}

# EVM prediction: Mode:STANDARD S-ratio: 928.98 51635-54229 orient(+) score(10349.00) noncoding_equivalent(11.14) raw_noncoding(11.14) offset(0.00) 
51635	54229	single+	1	3	{GlimmerHMM_glimmerT_3403-T1;GlimmerHMM},{Augustus_model.g2997.t1;Augustus}

# EVM prediction: Mode:STANDARD S-ratio: 4.95 54842-56560 orient(-) score(8580.00) noncoding_equivalent(1732.13) raw_noncoding(1732.13) offset(0.00) 
56560	54842	single-	4	6	{GlimmerHMM_glimmerT_3404-T1;GlimmerHMM},{HiQ_model.g2998.t1;HiQ}

# EVM prediction: Mode:STANDARD S-ratio: 325.43 60218-62098 orient(+) score(6834.00) noncoding_equivalent(21.00) raw_noncoding(21.00) offset(0.00) 
60218	62098	single+	1	3	{Augustus_model.g2999.t1;Augustus},{GlimmerHMM_glimmerT_3405-T1;GlimmerHMM}

