!! Predictions spanning range 18489 - 92918 [R1]
# EVM prediction: Mode:STANDARD S-ratio: 10000.00 18489-20051 orient(-) score(3126.00) noncoding_equivalent(0.31) raw_noncoding(0.00) offset(0.00) 
20051	18489	single-	4	6	{Augustus_gene567.t1;Augustus}

# EVM prediction: Mode:STANDARD S-ratio: 10000.00 28450-29193 orient(+) score(1488.00) noncoding_equivalent(0.15) raw_noncoding(0.00) offset(0.00) 
28450	29193	single+	1	3	{Augustus_gene28.t1;Augustus}

# EVM prediction: Mode:STANDARD S-ratio: 10000.00 29202-30068 orient(-) score(1734.00) noncoding_equivalent(0.17) raw_noncoding(0.00) offset(0.00) 
30068	29202	single-	4	6	{Augustus_gene1009.t1;Augustus}

# EVM prediction: Mode:STANDARD S-ratio: 10000.00 30308-31414 orient(+) score(2214.00) noncoding_equivalent(0.22) raw_noncoding(0.00) offset(0.00) 
30308	31414	single+	1	3	{Augustus_gene872.t1;Augustus}

# EVM prediction: Mode:STANDARD S-ratio: 10000.00 33492-36413 orient(+) score(5844.00) noncoding_equivalent(0.58) raw_noncoding(0.00) offset(0.00) 
33492	36413	single+	1	3	{Augustus_gene943.t1;Augustus}

# EVM prediction: Mode:STANDARD S-ratio: 10000.00 37890-39538 orient(-) score(3298.00) noncoding_equivalent(0.33) raw_noncoding(0.00) offset(0.00) 
38138	37890	terminal-	4	6	{Augustus_gene875.t1;Augustus}
38184	38139	INTRON			{Augustus_gene875.t1;Augustus}
39406	38185	internal-	6	6	{Augustus_gene875.t1;Augustus}
39488	39407	INTRON			{Augustus_gene875.t1;Augustus}
39538	39489	initial-	4	5	{Augustus_gene875.t1;Augustus}

# EVM prediction: Mode:STANDARD S-ratio: 10000.00 62046-63887 orient(-) score(3684.00) noncoding_equivalent(0.37) raw_noncoding(0.00) offset(0.00) 
63887	62046	single-	4	6	{Augustus_gene29.t1;Augustus}

# EVM prediction: Mode:STANDARD S-ratio: 10000.00 75625-76227 orient(-) score(1206.00) noncoding_equivalent(0.12) raw_noncoding(0.00) offset(0.00) 
76227	75625	single-	4	6	{Augustus_gene538.t1;Augustus}

# EVM prediction: Mode:STANDARD S-ratio: 10000.00 89883-92918 orient(+) score(6072.00) noncoding_equivalent(0.61) raw_noncoding(0.00) offset(0.00) 
89883	92918	single+	1	3	{Augustus_gene556.t1;Augustus}

