!! Predictions spanning range 512 - 99412 [R1]
# EVM prediction: Mode:STANDARD S-ratio: 2.82 512-2584 orient(-) score(3981.00) noncoding_equivalent(1413.00) raw_noncoding(3732.00) offset(2319.00) 
913	512	internal-	5	4	{GlimmerHMM_glimmerT_1546-T1;GlimmerHMM}
2160	914	INTRON			{GlimmerHMM_glimmerT_1546-T1;GlimmerHMM}
2584	2161	initial-	4	4	{GlimmerHMM_glimmerT_1546-T1;GlimmerHMM}

# EVM prediction: Mode:STANDARD S-ratio: 13.06 3210-6712 orient(-) score(10662.00) noncoding_equivalent(816.28) raw_noncoding(1728.00) offset(911.72) 
4703	3210	terminal-	4	6	{Augustus_model.g1363.t1;Augustus},{snap_scaffold_3-snap.329-T1;snap}
5144	4704	INTRON			{Augustus_model.g1363.t1;Augustus}
5356	5145	internal-	5	6	{Augustus_model.g1363.t1;Augustus}
5436	5357	INTRON			{Augustus_model.g1363.t1;Augustus}
6712	5437	initial-	4	4	{GlimmerHMM_glimmerT_1548-T1;GlimmerHMM},{Augustus_model.g1363.t1;Augustus}

# EVM prediction: Mode:STANDARD S-ratio: 5.00 7234-9393 orient(-) score(10800.00) noncoding_equivalent(2160.00) raw_noncoding(2160.00) offset(0.00) 
9393	7234	single-	4	6	{GlimmerHMM_glimmerT_1549-T1;GlimmerHMM},{HiQ_model.g1364.t1;HiQ}

# EVM prediction: Mode:STANDARD S-ratio: 56.74 9859-11058 orient(-) score(3536.00) noncoding_equivalent(62.32) raw_noncoding(62.32) offset(0.00) 
11058	9859	single-	4	6	{Augustus_model.g1365.t1;Augustus},{GlimmerHMM_glimmerT_1550-T1;GlimmerHMM}

# EVM prediction: Mode:STANDARD S-ratio: 4.66 11405-12445 orient(-) score(5142.00) noncoding_equivalent(1104.00) raw_noncoding(1104.00) offset(0.00) 
12445	11405	single-	4	6	{HiQ_model.g1366.t1;HiQ},{GlimmerHMM_glimmerT_1551-T1;GlimmerHMM}

# EVM prediction: Mode:STANDARD S-ratio: 2.00 14276-14593 orient(+) score(636.00) noncoding_equivalent(318.00) raw_noncoding(318.00) offset(0.00) 
14276	14593	single+	1	3	{GlimmerHMM_glimmerT_1552-T1;GlimmerHMM},{Augustus_model.g1367.t1;Augustus}

# EVM prediction: Mode:STANDARD S-ratio: 5.00 15921-21773 orient(-) score(29265.00) noncoding_equivalent(5853.00) raw_noncoding(5853.00) offset(0.00) 
21773	15921	single-	4	6	{GlimmerHMM_glimmerT_1554-T1;GlimmerHMM},{HiQ_model.g1368.t1;HiQ}

# EVM prediction: Mode:STANDARD S-ratio: 2.00 22357-23541 orient(-) score(4740.00) noncoding_equivalent(2370.00) raw_noncoding(2370.00) offset(0.00) 
23541	22357	single-	4	6	{HiQ_model.g1369.t1;HiQ},{GlimmerHMM_glimmerT_1555-T1;GlimmerHMM}

# EVM prediction: Mode:STANDARD S-ratio: 1422.26 23795-26008 orient(+) score(8833.00) noncoding_equivalent(6.21) raw_noncoding(6.21) offset(0.00) 
23795	26008	single+	1	3	{Augustus_model.g1370.t1;Augustus},{GlimmerHMM_glimmerT_1556-T1;GlimmerHMM}

# EVM prediction: Mode:STANDARD S-ratio: 4.55 26236-27405 orient(-) score(5740.00) noncoding_equivalent(1260.45) raw_noncoding(1260.45) offset(0.00) 
27405	26236	single-	4	6	{HiQ_model.g1371.t1;HiQ},{GlimmerHMM_glimmerT_1557-T1;GlimmerHMM}

# EVM prediction: Mode:STANDARD S-ratio: 99.00 28015-31083 orient(-) score(9114.00) noncoding_equivalent(92.06) raw_noncoding(92.06) offset(0.00) 
31083	28015	single-	4	6	{Augustus_model.g1372.t1;Augustus},{GlimmerHMM_glimmerT_1558-T1;GlimmerHMM}

# EVM prediction: Mode:STANDARD S-ratio: 12.65 32066-33619 orient(-) score(4319.00) noncoding_equivalent(341.32) raw_noncoding(341.32) offset(0.00) 
33619	32066	single-	4	6	{GlimmerHMM_glimmerT_1559-T1;GlimmerHMM}

# EVM prediction: Mode:STANDARD S-ratio: 1026.51 35228-37039 orient(+) score(7239.00) noncoding_equivalent(7.05) raw_noncoding(7.05) offset(0.00) 
35228	37039	single+	1	3	{Augustus_model.g1374.t1;Augustus},{GlimmerHMM_glimmerT_1560-T1;GlimmerHMM}

# EVM prediction: Mode:STANDARD S-ratio: 6.95 37585-38583 orient(-) score(6985.00) noncoding_equivalent(1005.04) raw_noncoding(1005.04) offset(0.00) 
38583	37585	single-	4	6	{HiQ_model.g1375.t1;HiQ},{GlimmerHMM_glimmerT_1561-T1;GlimmerHMM}

# EVM prediction: Mode:STANDARD S-ratio: 246.80 39299-40537 orient(-) score(3702.00) noncoding_equivalent(15.00) raw_noncoding(15.00) offset(0.00) 
40537	39299	single-	4	6	{GlimmerHMM_glimmerT_1562-T1;GlimmerHMM},{Augustus_model.g1376.t1;Augustus}

# EVM prediction: Mode:STANDARD S-ratio: 873.55 40868-42622 orient(-) score(7004.00) noncoding_equivalent(8.02) raw_noncoding(8.02) offset(0.00) 
42622	40868	single-	4	6	{Augustus_model.g1377.t1;Augustus},{GlimmerHMM_glimmerT_1563-T1;GlimmerHMM}

# EVM prediction: Mode:STANDARD S-ratio: 3.00 43584-44324 orient(+) score(2223.00) noncoding_equivalent(741.00) raw_noncoding(741.00) offset(0.00) 
43584	44324	single+	1	3	{GlimmerHMM_glimmerT_1564-T1;GlimmerHMM},{Augustus_model.g1378.t1;Augustus}

# EVM prediction: Mode:STANDARD S-ratio: 134.16 44398-46989 orient(-) score(7715.00) noncoding_equivalent(57.51) raw_noncoding(57.51) offset(0.00) 
46989	44398	single-	4	6	{GlimmerHMM_glimmerT_1565-T1;GlimmerHMM}

# EVM prediction: Mode:STANDARD S-ratio: 35.83 47376-48995 orient(-) score(4729.00) noncoding_equivalent(131.99) raw_noncoding(131.99) offset(0.00) 
48995	47376	single-	4	6	{GlimmerHMM_glimmerT_1566-T1;GlimmerHMM}

# EVM prediction: Mode:STANDARD S-ratio: 817.25 49510-51972 orient(+) score(9807.00) noncoding_equivalent(12.00) raw_noncoding(12.00) offset(0.00) 
49510	51972	single+	1	3	{GlimmerHMM_glimmerT_1567-T1;GlimmerHMM},{Augustus_model.g1380.t1;Augustus}

# EVM prediction: Mode:STANDARD S-ratio: 3012.04 52282-54561 orient(+) score(9109.00) noncoding_equivalent(3.02) raw_noncoding(3.02) offset(0.00) 
52282	54561	single+	1	3	{Augustus_model.g1381.t1;Augustus},{GlimmerHMM_glimmerT_1568-T1;GlimmerHMM}

# EVM prediction: Mode:STANDARD S-ratio: 5.00 54676-57039 orient(-) score(11820.00) noncoding_equivalent(2364.00) raw_noncoding(2364.00) offset(0.00) 
57039	54676	single-	4	6	{HiQ_model.g1382.t1;HiQ},{GlimmerHMM_glimmerT_1569-T1;GlimmerHMM}

# EVM prediction: Mode:STANDARD S-ratio: 2.00 57319-57996 orient(-) score(2707.00) noncoding_equivalent(1352.67) raw_noncoding(1352.67) offset(0.00) 
57996	57319	single-	4	6	{GlimmerHMM_glimmerT_1570-T1;GlimmerHMM},{HiQ_model.g1383.t1;HiQ}

# EVM prediction: Mode:STANDARD S-ratio: 38.45 58291-59559 orient(-) score(3709.00) noncoding_equivalent(96.46) raw_noncoding(96.46) offset(0.00) 
59559	58291	single-	4	6	{Augustus_model.g1384.t1;Augustus},{GlimmerHMM_glimmerT_1571-T1;GlimmerHMM}

# EVM prediction: Mode:STANDARD S-ratio: 1.00 60035-60481 orient(+) score(894.00) noncoding_equivalent(894.00) raw_noncoding(894.00) offset(0.00) 
60035	60481	single+	1	3	{GlimmerHMM_glimmerT_1572-T1;GlimmerHMM}

# EVM prediction: Mode:STANDARD S-ratio: 10000.00 60717-63557 orient(+) score(11358.00) noncoding_equivalent(1.14) raw_noncoding(0.00) offset(0.00) 
60717	63557	single+	1	3	{GlimmerHMM_glimmerT_1573-T1;GlimmerHMM},{Augustus_model.g1385.t1;Augustus}

# EVM prediction: Mode:STANDARD S-ratio: 10000.00 63979-64851 orient(+) score(3492.00) noncoding_equivalent(0.35) raw_noncoding(0.00) offset(0.00) 
63979	64851	single+	1	3	{Augustus_model.g1386.t1;Augustus},{GlimmerHMM_glimmerT_1574-T1;GlimmerHMM}

# EVM prediction: Mode:STANDARD S-ratio: 2.92 65169-65474 orient(+) score(910.00) noncoding_equivalent(312.05) raw_noncoding(312.05) offset(0.00) 
65169	65474	single+	1	3	{GlimmerHMM_glimmerT_1575-T1;GlimmerHMM}

# EVM prediction: Mode:STANDARD S-ratio: 5.00 65587-66372 orient(-) score(3930.00) noncoding_equivalent(786.00) raw_noncoding(786.00) offset(0.00) 
66372	65587	single-	4	6	{GlimmerHMM_glimmerT_1576-T1;GlimmerHMM},{HiQ_model.g1387.t1;HiQ}

# EVM prediction: Mode:STANDARD S-ratio: 3.02 66603-67532 orient(+) score(2790.00) noncoding_equivalent(924.79) raw_noncoding(924.79) offset(0.00) 
66603	67532	single+	1	3	{GlimmerHMM_glimmerT_1577-T1;GlimmerHMM},{Augustus_model.g1388.t1;Augustus}

# EVM prediction: Mode:STANDARD S-ratio: 5.00 67626-67940 orient(-) score(1575.00) noncoding_equivalent(315.00) raw_noncoding(315.00) offset(0.00) 
67940	67626	single-	4	6	{HiQ_model.g1389.t1;HiQ},{GlimmerHMM_glimmerT_1578-T1;GlimmerHMM}

# EVM prediction: Mode:STANDARD S-ratio: 2.00 68209-69444 orient(-) score(4944.00) noncoding_equivalent(2472.00) raw_noncoding(2472.00) offset(0.00) 
69444	68209	single-	4	6	{GlimmerHMM_glimmerT_1579-T1;GlimmerHMM},{HiQ_model.g1390.t1;HiQ}

# EVM prediction: Mode:STANDARD S-ratio: 10000.00 69957-71417 orient(+) score(5844.00) noncoding_equivalent(0.58) raw_noncoding(0.00) offset(0.00) 
69957	71417	single+	1	3	{Augustus_model.g1391.t1;Augustus},{GlimmerHMM_glimmerT_1580-T1;GlimmerHMM}

# EVM prediction: Mode:STANDARD S-ratio: 22.35 71788-73188 orient(+) score(4023.00) noncoding_equivalent(180.00) raw_noncoding(180.00) offset(0.00) 
71788	73188	single+	1	3	{GlimmerHMM_glimmerT_1581-T1;GlimmerHMM},{Augustus_model.g1392.t1;Augustus}

# EVM prediction: Mode:STANDARD S-ratio: 8.50 73258-74217 orient(-) score(2577.00) noncoding_equivalent(303.00) raw_noncoding(303.00) offset(0.00) 
74217	73258	single-	4	6	{Augustus_model.g1393.t1;Augustus},{GlimmerHMM_glimmerT_1582-T1;GlimmerHMM}

# EVM prediction: Mode:STANDARD S-ratio: 3.49 75347-77388 orient(+) score(7107.00) noncoding_equivalent(2037.33) raw_noncoding(3176.00) offset(1138.67) 
75347	75436	initial+	1	3	{Augustus_model.g1394.t1;Augustus},{GlimmerHMM_glimmerT_1583-T1;GlimmerHMM}
75437	75940	INTRON			{Augustus_model.g1394.t1;Augustus},{GlimmerHMM_glimmerT_1583-T1;GlimmerHMM},{ev_type:exonerate/ID=match.177006.3636/Target=YGR214W;exonerate},{ev_type:exonerate/ID=match.177006.1020/Target=YLR048W;exonerate}
75941	76605	internal+	1	2	{Augustus_model.g1394.t1;Augustus},{GlimmerHMM_glimmerT_1583-T1;GlimmerHMM}
76606	76854	INTRON			{Augustus_model.g1394.t1;Augustus}
76855	76873	internal+	3	3	{Augustus_model.g1394.t1;Augustus}
76874	76947	INTRON			{Augustus_model.g1394.t1;Augustus}
76948	77388	terminal+	1	3	{Augustus_model.g1394.t1;Augustus}

# EVM prediction: Mode:STANDARD S-ratio: 2.00 77432-79258 orient(-) score(3654.00) noncoding_equivalent(1823.47) raw_noncoding(1823.47) offset(0.00) 
79258	77432	single-	4	6	{Augustus_model.g1395.t1;Augustus},{GlimmerHMM_glimmerT_1584-T1;GlimmerHMM}

# EVM prediction: Mode:STANDARD S-ratio: 90.93 79501-81762 orient(+) score(8948.00) noncoding_equivalent(98.41) raw_noncoding(98.41) offset(0.00) 
79501	81762	single+	1	3	{GlimmerHMM_glimmerT_1585-T1;GlimmerHMM}

# EVM prediction: Mode:STANDARD S-ratio: 9.50 81869-85639 orient(+) score(13626.00) noncoding_equivalent(1433.68) raw_noncoding(1433.68) offset(0.00) 
81869	85639	single+	1	3	{GlimmerHMM_glimmerT_1586-T1;GlimmerHMM}

# EVM prediction: Mode:STANDARD S-ratio: 2523.73 87013-90267 orient(+) score(13013.00) noncoding_equivalent(5.16) raw_noncoding(5.16) offset(0.00) 
87013	90267	single+	1	3	{Augustus_model.g1397.t1;Augustus},{GlimmerHMM_glimmerT_1587-T1;GlimmerHMM}

# EVM prediction: Mode:STANDARD S-ratio: 4.54 90532-91341 orient(-) score(3982.00) noncoding_equivalent(876.81) raw_noncoding(876.81) offset(0.00) 
91341	90532	single-	4	6	{GlimmerHMM_glimmerT_1588-T1;GlimmerHMM},{HiQ_model.g1398.t1;HiQ}

# EVM prediction: Mode:STANDARD S-ratio: 105.00 91610-93517 orient(-) score(5670.00) noncoding_equivalent(54.00) raw_noncoding(54.00) offset(0.00) 
93517	91610	single-	4	6	{GlimmerHMM_glimmerT_1589-T1;GlimmerHMM},{Augustus_model.g1399.t1;Augustus}

# EVM prediction: Mode:STANDARD S-ratio: 10000.00 94480-95373 orient(+) score(2682.00) noncoding_equivalent(0.27) raw_noncoding(0.00) offset(0.00) 
94480	95373	single+	1	3	{GlimmerHMM_glimmerT_1590-T1;GlimmerHMM},{Augustus_model.g1400.t1;Augustus}

# EVM prediction: Mode:STANDARD S-ratio: 5.00 95457-96806 orient(-) score(6750.00) noncoding_equivalent(1350.00) raw_noncoding(1350.00) offset(0.00) 
96806	95457	single-	4	6	{HiQ_model.g1401.t1;HiQ},{GlimmerHMM_glimmerT_1591-T1;GlimmerHMM}

# EVM prediction: Mode:STANDARD S-ratio: 1.47 98230-99412 orient(+) score(2061.00) noncoding_equivalent(1405.41) raw_noncoding(1489.41) offset(84.00) 
98230	99054	initial+	1	3	{GlimmerHMM_glimmerT_1592-T1;GlimmerHMM}
99055	99138	INTRON			{GlimmerHMM_glimmerT_1592-T1;GlimmerHMM}
99139	99412	internal+	1	1	{GlimmerHMM_glimmerT_1592-T1;GlimmerHMM}

