!! Predictions spanning range 304 - 97911 [R1]
# EVM prediction: Mode:STANDARD S-ratio: 3.05 304-756 orient(+) score(1365.00) noncoding_equivalent(447.27) raw_noncoding(447.27) offset(0.00) 
304	756	single+	1	3	{GlimmerHMM_glimmerT_831-T1;GlimmerHMM},{Augustus_model.g777.t1;Augustus}

# EVM prediction: Mode:STANDARD S-ratio: 10000.00 1443-2681 orient(+) score(4956.00) noncoding_equivalent(0.50) raw_noncoding(0.00) offset(0.00) 
1443	2681	single+	1	3	{Augustus_model.g778.t1;Augustus},{GlimmerHMM_glimmerT_832-T1;GlimmerHMM}

# EVM prediction: Mode:STANDARD S-ratio: 11.97 3711-4859 orient(+) score(4164.00) noncoding_equivalent(348.00) raw_noncoding(348.00) offset(0.00) 
3711	4859	single+	1	3	{GlimmerHMM_glimmerT_833-T1;GlimmerHMM},{Augustus_model.g779.t1;Augustus}

# EVM prediction: Mode:STANDARD S-ratio: 10000.00 5877-8897 orient(+) score(12084.00) noncoding_equivalent(1.21) raw_noncoding(0.00) offset(0.00) 
5877	8897	single+	1	3	{GlimmerHMM_glimmerT_834-T1;GlimmerHMM},{Augustus_model.g780.t1;Augustus}

# EVM prediction: Mode:STANDARD S-ratio: 67.46 9848-11182 orient(+) score(5262.00) noncoding_equivalent(78.00) raw_noncoding(78.00) offset(0.00) 
9848	11182	single+	1	3	{Augustus_model.g781.t1;Augustus},{GlimmerHMM_glimmerT_835-T1;GlimmerHMM}

# EVM prediction: Mode:STANDARD S-ratio: 288.80 11622-13070 orient(+) score(4332.00) noncoding_equivalent(15.00) raw_noncoding(15.00) offset(0.00) 
11622	13070	single+	1	3	{Augustus_model.g782.t1;Augustus},{GlimmerHMM_glimmerT_836-T1;GlimmerHMM}

# EVM prediction: Mode:STANDARD S-ratio: 1.00 13493-13678 orient(-) score(372.00) noncoding_equivalent(372.00) raw_noncoding(372.00) offset(0.00) 
13678	13493	single-	4	6	{GlimmerHMM_glimmerT_837-T1;GlimmerHMM}

# EVM prediction: Mode:STANDARD S-ratio: 2.50 14050-14367 orient(-) score(907.00) noncoding_equivalent(363.10) raw_noncoding(363.10) offset(0.00) 
14367	14050	single-	4	6	{GlimmerHMM_glimmerT_838-T1;GlimmerHMM}

# EVM prediction: Mode:STANDARD S-ratio: 175.56 15198-16658 orient(-) score(5809.00) noncoding_equivalent(33.09) raw_noncoding(33.09) offset(0.00) 
16658	15198	single-	4	6	{GlimmerHMM_glimmerT_839-T1;GlimmerHMM}

# EVM prediction: Mode:STANDARD S-ratio: 5.00 17869-19104 orient(-) score(6180.00) noncoding_equivalent(1236.00) raw_noncoding(1236.00) offset(0.00) 
19104	17869	single-	4	6	{GlimmerHMM_glimmerT_840-T1;GlimmerHMM},{HiQ_model.g784.t1;HiQ}

# EVM prediction: Mode:STANDARD S-ratio: 4.60 19607-20464 orient(-) score(4224.00) noncoding_equivalent(918.00) raw_noncoding(918.00) offset(0.00) 
20464	19607	single-	4	6	{HiQ_model.g785.t1;HiQ}

# EVM prediction: Mode:STANDARD S-ratio: 5.00 20984-21760 orient(-) score(3885.00) noncoding_equivalent(777.00) raw_noncoding(777.00) offset(0.00) 
21760	20984	single-	4	6	{HiQ_model.g786.t1;HiQ},{GlimmerHMM_glimmerT_842-T1;GlimmerHMM}

# EVM prediction: Mode:STANDARD S-ratio: 10000.00 22140-24767 orient(+) score(10512.00) noncoding_equivalent(1.05) raw_noncoding(0.00) offset(0.00) 
22140	24767	single+	1	3	{Augustus_model.g787.t1;Augustus},{GlimmerHMM_glimmerT_843-T1;GlimmerHMM}

# EVM prediction: Mode:STANDARD S-ratio: 3.02 24873-25973 orient(-) score(4962.00) noncoding_equivalent(1644.00) raw_noncoding(1644.00) offset(0.00) 
25973	24873	single-	4	6	{HiQ_model.g788.t1;HiQ}

# EVM prediction: Mode:STANDARD S-ratio: 2.00 26314-27180 orient(-) score(3468.00) noncoding_equivalent(1734.00) raw_noncoding(1734.00) offset(0.00) 
27180	26314	single-	4	6	{GlimmerHMM_glimmerT_845-T1;GlimmerHMM},{HiQ_model.g789.t1;HiQ}

# EVM prediction: Mode:STANDARD S-ratio: 209.67 27424-29793 orient(+) score(9435.00) noncoding_equivalent(45.00) raw_noncoding(45.00) offset(0.00) 
27424	29793	single+	1	3	{GlimmerHMM_glimmerT_846-T1;GlimmerHMM},{Augustus_model.g790.t1;Augustus}

# EVM prediction: Mode:STANDARD S-ratio: 149.00 30439-32688 orient(+) score(8940.00) noncoding_equivalent(60.00) raw_noncoding(60.00) offset(0.00) 
30439	32688	single+	1	3	{Augustus_model.g791.t1;Augustus}

# EVM prediction: Mode:STANDARD S-ratio: 186.47 33001-35109 orient(+) score(8391.00) noncoding_equivalent(45.00) raw_noncoding(45.00) offset(0.00) 
33001	35109	single+	1	3	{Augustus_model.g792.t1;Augustus},{GlimmerHMM_glimmerT_848-T1;GlimmerHMM}

# EVM prediction: Mode:STANDARD S-ratio: 8.78 36450-37754 orient(+) score(4686.00) noncoding_equivalent(534.00) raw_noncoding(534.00) offset(0.00) 
36450	37754	single+	1	3	{GlimmerHMM_glimmerT_849-T1;GlimmerHMM},{Augustus_model.g793.t1;Augustus}

# EVM prediction: Mode:STANDARD S-ratio: 4.97 38841-40700 orient(-) score(9289.00) noncoding_equivalent(1869.02) raw_noncoding(1869.02) offset(0.00) 
40700	38841	single-	4	6	{GlimmerHMM_glimmerT_850-T1;GlimmerHMM},{HiQ_model.g794.t1;HiQ}

# EVM prediction: Mode:STANDARD S-ratio: 43.62 43253-44122 orient(+) score(3402.00) noncoding_equivalent(78.00) raw_noncoding(78.00) offset(0.00) 
43253	44122	single+	1	3	{GlimmerHMM_glimmerT_851-T1;GlimmerHMM}

# EVM prediction: Mode:STANDARD S-ratio: 22.29 44833-46602 orient(-) score(5082.00) noncoding_equivalent(228.00) raw_noncoding(228.00) offset(0.00) 
46602	44833	single-	4	6	{Augustus_model.g796.t1;Augustus},{GlimmerHMM_glimmerT_852-T1;GlimmerHMM}

# EVM prediction: Mode:STANDARD S-ratio: 4.91 46849-47874 orient(-) score(5115.00) noncoding_equivalent(1041.00) raw_noncoding(1041.00) offset(0.00) 
47874	46849	single-	4	6	{GlimmerHMM_glimmerT_853-T1;GlimmerHMM},{HiQ_model.g797.t1;HiQ}

# EVM prediction: Mode:STANDARD S-ratio: 14.81 48093-49436 orient(-) score(3777.00) noncoding_equivalent(255.00) raw_noncoding(255.00) offset(0.00) 
49436	48093	single-	4	6	{GlimmerHMM_glimmerT_854-T1;GlimmerHMM},{Augustus_model.g798.t1;Augustus}

# EVM prediction: Mode:STANDARD S-ratio: 32.75 49946-51643 orient(+) score(6582.00) noncoding_equivalent(201.00) raw_noncoding(201.00) offset(0.00) 
49946	51643	single+	1	3	{GlimmerHMM_glimmerT_855-T1;GlimmerHMM}

# EVM prediction: Mode:STANDARD S-ratio: 158.11 51798-53945 orient(+) score(8538.00) noncoding_equivalent(54.00) raw_noncoding(54.00) offset(0.00) 
51798	53945	single+	1	3	{GlimmerHMM_glimmerT_856-T1;GlimmerHMM},{Augustus_model.g800.t1;Augustus}

# EVM prediction: Mode:STANDARD S-ratio: 44.05 54216-54857 orient(+) score(2511.00) noncoding_equivalent(57.00) raw_noncoding(57.00) offset(0.00) 
54216	54857	single+	1	3	{GlimmerHMM_glimmerT_857-T1;GlimmerHMM},{Augustus_model.g801.t1;Augustus}

# EVM prediction: Mode:STANDARD S-ratio: 5.00 55699-55971 orient(-) score(1365.00) noncoding_equivalent(273.00) raw_noncoding(273.00) offset(0.00) 
55971	55699	single-	4	6	{HiQ_model.g802.t1;HiQ},{GlimmerHMM_glimmerT_858-T1;GlimmerHMM}

# EVM prediction: Mode:STANDARD S-ratio: 78.67 56813-57133 orient(+) score(1266.00) noncoding_equivalent(16.09) raw_noncoding(16.09) offset(0.00) 
56813	57133	single+	1	3	{GlimmerHMM_glimmerT_859-T1;GlimmerHMM},{Augustus_model.g803.t1;Augustus}

# EVM prediction: Mode:STANDARD S-ratio: 4.71 57339-59531 orient(-) score(10854.00) noncoding_equivalent(2304.00) raw_noncoding(2304.00) offset(0.00) 
59531	57339	single-	4	6	{HiQ_model.g804.t1;HiQ},{GlimmerHMM_glimmerT_860-T1;GlimmerHMM}

# EVM prediction: Mode:STANDARD S-ratio: 4.93 60778-63291 orient(-) score(12539.00) noncoding_equivalent(2543.14) raw_noncoding(2543.14) offset(0.00) 
63291	60778	single-	4	6	{GlimmerHMM_glimmerT_861-T1;GlimmerHMM},{HiQ_model.g805.t1;HiQ}

# EVM prediction: Mode:STANDARD S-ratio: 19.99 63846-66065 orient(-) score(8457.00) noncoding_equivalent(423.00) raw_noncoding(423.00) offset(0.00) 
66065	63846	single-	4	6	{GlimmerHMM_glimmerT_862-T1;GlimmerHMM}

# EVM prediction: Mode:STANDARD S-ratio: 15.64 66576-67199 orient(+) score(2346.00) noncoding_equivalent(150.00) raw_noncoding(150.00) offset(0.00) 
66576	67199	single+	1	3	{GlimmerHMM_glimmerT_863-T1;GlimmerHMM},{Augustus_model.g807.t1;Augustus}

# EVM prediction: Mode:STANDARD S-ratio: 16.01 67713-69983 orient(-) score(8550.00) noncoding_equivalent(534.00) raw_noncoding(534.00) offset(0.00) 
69983	67713	single-	4	6	{GlimmerHMM_glimmerT_864-T1;GlimmerHMM}

# EVM prediction: Mode:STANDARD S-ratio: 5.30 70440-71117 orient(-) score(3595.00) noncoding_equivalent(678.00) raw_noncoding(678.00) offset(0.00) 
71117	70440	single-	4	6	{HiQ_model.g809.t1;HiQ},{GlimmerHMM_glimmerT_865-T1;GlimmerHMM}

# EVM prediction: Mode:STANDARD S-ratio: 10000.00 73784-77968 orient(-) score(12555.00) noncoding_equivalent(1.26) raw_noncoding(0.00) offset(0.00) 
77968	73784	single-	4	6	{Augustus_model.g810.t1;Augustus},{GlimmerHMM_glimmerT_866-T1;GlimmerHMM}

# EVM prediction: Mode:STANDARD S-ratio: 23.59 80697-81452 orient(+) score(2901.00) noncoding_equivalent(123.00) raw_noncoding(123.00) offset(0.00) 
80697	81452	single+	1	3	{Augustus_model.g811.t1;Augustus},{GlimmerHMM_glimmerT_867-T1;GlimmerHMM}

# EVM prediction: Mode:STANDARD S-ratio: 1.67 81849-83093 orient(-) score(2007.00) noncoding_equivalent(1198.74) raw_noncoding(1200.74) offset(2.00) 
82317	81849	terminal-	6	6	{Augustus_model.g812.t1;Augustus}
82800	82318	INTRON			{Augustus_model.g812.t1;Augustus}
83093	82801	initial-	4	5	{Augustus_model.g812.t1;Augustus}

# EVM prediction: Mode:STANDARD S-ratio: 5.14 85013-86149 orient(+) score(3807.00) noncoding_equivalent(741.00) raw_noncoding(741.00) offset(0.00) 
85013	86149	single+	1	3	{GlimmerHMM_glimmerT_869-T1;GlimmerHMM}

# EVM prediction: Mode:STANDARD S-ratio: 608.36 87452-88492 orient(+) score(3116.00) noncoding_equivalent(5.12) raw_noncoding(5.12) offset(0.00) 
87452	88492	single+	1	3	{GlimmerHMM_glimmerT_870-T1;GlimmerHMM},{Augustus_model.g814.t1;Augustus}

# EVM prediction: Mode:STANDARD S-ratio: 191.66 88809-89750 orient(+) score(3747.00) noncoding_equivalent(19.55) raw_noncoding(19.55) offset(0.00) 
88809	89750	single+	1	3	{GlimmerHMM_glimmerT_871-T1;GlimmerHMM},{Augustus_model.g815.t1;Augustus}

# EVM prediction: Mode:STANDARD S-ratio: 40.09 90087-92921 orient(+) score(11064.00) noncoding_equivalent(276.00) raw_noncoding(276.00) offset(0.00) 
90087	92921	single+	1	3	{GlimmerHMM_glimmerT_872-T1;GlimmerHMM},{Augustus_model.g816.t1;Augustus}

# EVM prediction: Mode:STANDARD S-ratio: 4.64 93074-93838 orient(-) score(3775.00) noncoding_equivalent(813.52) raw_noncoding(813.52) offset(0.00) 
93838	93074	single-	4	6	{HiQ_model.g817.t1;HiQ},{GlimmerHMM_glimmerT_873-T1;GlimmerHMM}

# EVM prediction: Mode:STANDARD S-ratio: 4.20 94541-97911 orient(-) score(8228.00) noncoding_equivalent(1957.21) raw_noncoding(3656.00) offset(1698.79) 
96013	94541	terminal-	4	6	{snap_scaffold_2-snap.298-T1;snap},{Augustus_model.g818.t1;Augustus}
96211	96014	INTRON			{Augustus_model.g818.t1;Augustus}
96232	96212	internal-	4	6	{Augustus_model.g818.t1;Augustus}
97346	96233	INTRON			{Augustus_model.g818.t1;Augustus}
97831	97347	internal-	5	6	{Augustus_model.g818.t1;Augustus}
97886	97832	INTRON			{Augustus_model.g818.t1;Augustus}
97911	97887	initial-	4	4	{Augustus_model.g818.t1;Augustus}

