# EVM prediction: Mode:STANDARD S-ratio: 10000.00 48593-49582 orient(-) score(1980.00) noncoding_equivalent(0.20) raw_noncoding(0.00) offset(0.00)
49582	48593	single-	4	6	{Augustus_gene1089.t1;Augustus}

# EVM prediction: Mode:STANDARD S-ratio: 10000.00 55032-57874 orient(+) score(5686.00) noncoding_equivalent(0.57) raw_noncoding(0.00) offset(0.00)
55032	55149	initial+	1	1	{Augustus_gene1120.t1;Augustus}
55150	55403	INTRON			{Augustus_gene1120.t1;Augustus}
55404	55447	internal+	2	3	{Augustus_gene1120.t1;Augustus}
55448	55541	INTRON			{Augustus_gene1120.t1;Augustus}
55542	55838	internal+	1	3	{Augustus_gene1120.t1;Augustus}
55839	56209	INTRON			{Augustus_gene1120.t1;Augustus}
56210	57874	terminal+	1	3	{Augustus_gene1120.t1;Augustus}

# EVM prediction: Mode:STANDARD S-ratio: 10000.00 61003-62022 orient(-) score(2040.00) noncoding_equivalent(0.20) raw_noncoding(0.00) offset(0.00)
62022	61003	single-	4	6	{Augustus_gene693.t1;Augustus}

# EVM prediction: Mode:STANDARD S-ratio: 10000.00 69612-70063 orient(+) score(904.00) noncoding_equivalent(0.09) raw_noncoding(0.00) offset(0.00)
69612	69614	initial+	1	3	{Augustus_gene155.t1;Augustus}
69615	69679	INTRON			{Augustus_gene155.t1;Augustus}
69680	70063	terminal+	1	3	{Augustus_gene155.t1;Augustus}

# EVM prediction: Mode:STANDARD S-ratio: 10000.00 73492-75627 orient(-) score(4272.00) noncoding_equivalent(0.43) raw_noncoding(0.00) offset(0.00)
75627	73492	single-	4	6	{Augustus_gene558.t1;Augustus}

# EVM prediction: Mode:STANDARD S-ratio: 10000.00 115746-118430 orient(-) score(5370.00) noncoding_equivalent(0.54) raw_noncoding(0.00) offset(0.00)
118430	115746	single-	4	6	{Augustus_gene422.t1;Augustus}

# EVM prediction: Mode:STANDARD S-ratio: 10000.00 120474-121475 orient(-) score(2004.00) noncoding_equivalent(0.20) raw_noncoding(0.00) offset(0.00)
121475	120474	single-	4	6	{Augustus_gene196.t1;Augustus}

# EVM prediction: Mode:STANDARD S-ratio: 10000.00 126349-127287 orient(-) score(1878.00) noncoding_equivalent(0.19) raw_noncoding(0.00) offset(0.00)
127287	126349	single-	4	6	{Augustus_gene300.t1;Augustus}

# EVM prediction: Mode:STANDARD S-ratio: 10000.00 140637-142182 orient(+) score(3092.00) noncoding_equivalent(0.31) raw_noncoding(0.00) offset(0.00)
140637	140646	initial+	1	1	{Augustus_gene875.t1;Augustus}
140647	140740	INTRON			{Augustus_gene875.t1;Augustus}
140741	142182	terminal+	2	3	{Augustus_gene875.t1;Augustus}

# EVM prediction: Mode:STANDARD S-ratio: 10000.00 149341-149974 orient(+) score(1268.00) noncoding_equivalent(0.13) raw_noncoding(0.00) offset(0.00)
149341	149400	initial+	1	3	{Augustus_gene750.t1;Augustus}
149401	149461	INTRON			{Augustus_gene750.t1;Augustus}
149462	149974	terminal+	1	3	{Augustus_gene750.t1;Augustus}

# EVM prediction: Mode:STANDARD S-ratio: 10000.00 152732-153763 orient(-) score(2064.00) noncoding_equivalent(0.21) raw_noncoding(0.00) offset(0.00)
153763	152732	single-	4	6	{Augustus_gene484.t1;Augustus}

# EVM prediction: Mode:STANDARD S-ratio: 10000.00 154035-160655 orient(+) score(13242.00) noncoding_equivalent(1.32) raw_noncoding(0.00) offset(0.00)
154035	160655	single+	1	3	{Augustus_gene478.t1;Augustus}

# EVM prediction: Mode:STANDARD S-ratio: 10000.00 176666-177124 orient(-) score(918.00) noncoding_equivalent(0.09) raw_noncoding(0.00) offset(0.00)
177124	176666	single-	4	6	{Augustus_gene586.t1;Augustus}

# EVM prediction: Mode:STANDARD S-ratio: 10000.00 177343-178668 orient(-) score(2652.00) noncoding_equivalent(0.27) raw_noncoding(0.00) offset(0.00)
178668	177343	single-	4	6	{Augustus_gene600.t1;Augustus}

# EVM prediction: Mode:STANDARD S-ratio: 10000.00 193424-194230 orient(-) score(2334.00) noncoding_equivalent(0.23) raw_noncoding(0.00) offset(0.00)
194143	193424	terminal-	4	6	{Augustus_gene948.t1;Augustus}
194212	194144	INTRON			{Augustus_gene948.t1;Augustus}
194230	194213	initial-	4	6	{Augustus_gene948.t1;Augustus}

# EVM prediction: Mode:STANDARD S-ratio: 10000.00 203082-205060 orient(+) score(3958.00) noncoding_equivalent(0.40) raw_noncoding(0.00) offset(0.00)
203082	203111	initial+	1	3	{Augustus_gene634.t1;Augustus}
203112	203214	INTRON			{Augustus_gene634.t1;Augustus}
203215	203475	internal+	1	3	{Augustus_gene634.t1;Augustus}
203476	203822	INTRON			{Augustus_gene634.t1;Augustus}
203823	204543	internal+	1	1	{Augustus_gene634.t1;Augustus}
204544	204657	INTRON			{Augustus_gene634.t1;Augustus}
204658	204988	internal+	2	2	{Augustus_gene634.t1;Augustus}
204989	205044	INTRON			{Augustus_gene634.t1;Augustus}
205045	205060	terminal+	3	3	{Augustus_gene634.t1;Augustus}

# EVM prediction: Mode:STANDARD S-ratio: 10000.00 214185-214829 orient(+) score(1290.00) noncoding_equivalent(0.13) raw_noncoding(0.00) offset(0.00)
214185	214829	single+	1	3	{Augustus_gene849.t1;Augustus}

# EVM prediction: Mode:STANDARD S-ratio: 10000.00 222375-223106 orient(+) score(1464.00) noncoding_equivalent(0.15) raw_noncoding(0.00) offset(0.00)
222375	223106	single+	1	3	{Augustus_gene72.t1;Augustus}

# EVM prediction: Mode:STANDARD S-ratio: 10000.00 227926-229083 orient(-) score(2316.00) noncoding_equivalent(0.23) raw_noncoding(0.00) offset(0.00)
229083	227926	single-	4	6	{Augustus_gene995.t1;Augustus}

# EVM prediction: Mode:STANDARD S-ratio: 10000.00 231199-232068 orient(-) score(1740.00) noncoding_equivalent(0.17) raw_noncoding(0.00) offset(0.00)
232068	231199	single-	4	6	{Augustus_gene1073.t1;Augustus}

# EVM prediction: Mode:STANDARD S-ratio: 10000.00 237237-239690 orient(+) score(4908.00) noncoding_equivalent(0.49) raw_noncoding(0.00) offset(0.00)
237237	238662	initial+	1	1	{Augustus_gene256.t1;Augustus}
238663	238917	INTRON			{Augustus_gene256.t1;Augustus}
238918	239690	terminal+	2	3	{Augustus_gene256.t1;Augustus}

# EVM prediction: Mode:STANDARD S-ratio: 10000.00 250709-251641 orient(-) score(1866.00) noncoding_equivalent(0.19) raw_noncoding(0.00) offset(0.00)
251641	250709	single-	4	6	{Augustus_gene250.t1;Augustus}

# EVM prediction: Mode:STANDARD S-ratio: 10000.00 291287-292912 orient(-) score(3252.00) noncoding_equivalent(0.33) raw_noncoding(0.00) offset(0.00)
292912	291287	single-	4	6	{Augustus_gene393.t1;Augustus}

# EVM prediction: Mode:STANDARD S-ratio: 10000.00 300275-302074 orient(+) score(3600.00) noncoding_equivalent(0.36) raw_noncoding(0.00) offset(0.00)
300275	302074	single+	1	3	{Augustus_gene405.t1;Augustus}

# EVM prediction: Mode:STANDARD S-ratio: 10000.00 311162-313192 orient(+) score(4062.00) noncoding_equivalent(0.41) raw_noncoding(0.00) offset(0.00)
311162	313192	single+	1	3	{Augustus_gene932.t1;Augustus}

# EVM prediction: Mode:STANDARD S-ratio: 10000.00 313396-318975 orient(+) score(11160.00) noncoding_equivalent(1.12) raw_noncoding(0.00) offset(0.00)
313396	314931	initial+	1	3	{Augustus_gene598.t1;Augustus}
314932	315486	INTRON			{Augustus_gene598.t1;Augustus}
315487	318975	terminal+	1	3	{Augustus_gene598.t1;Augustus}

# EVM prediction: Mode:STANDARD S-ratio: 10000.00 324475-324960 orient(+) score(972.00) noncoding_equivalent(0.10) raw_noncoding(0.00) offset(0.00)
324475	324960	single+	1	3	{Augustus_gene1015.t1;Augustus}

# EVM prediction: Mode:STANDARD S-ratio: 10000.00 330636-331979 orient(+) score(2688.00) noncoding_equivalent(0.27) raw_noncoding(0.00) offset(0.00)
330636	331979	single+	1	3	{Augustus_gene576.t1;Augustus}

# EVM prediction: Mode:STANDARD S-ratio: 10000.00 337444-341790 orient(-) score(8694.00) noncoding_equivalent(0.87) raw_noncoding(0.00) offset(0.00)
341790	337444	single-	4	6	{Augustus_gene1035.t1;Augustus}

# EVM prediction: Mode:STANDARD S-ratio: 10000.00 341956-343878 orient(+) score(3846.00) noncoding_equivalent(0.38) raw_noncoding(0.00) offset(0.00)
341956	343878	single+	1	3	{Augustus_gene764.t1;Augustus}

# EVM prediction: Mode:STANDARD S-ratio: 10000.00 350617-351963 orient(-) score(2694.00) noncoding_equivalent(0.27) raw_noncoding(0.00) offset(0.00)
351963	350617	single-	4	6	{Augustus_gene1038.t1;Augustus}

# EVM prediction: Mode:STANDARD S-ratio: 10000.00 359951-360889 orient(+) score(1878.00) noncoding_equivalent(0.19) raw_noncoding(0.00) offset(0.00)
359951	360889	single+	1	3	{Augustus_gene569.t1;Augustus}

# EVM prediction: Mode:STANDARD S-ratio: 10000.00 364618-365625 orient(-) score(2016.00) noncoding_equivalent(0.20) raw_noncoding(0.00) offset(0.00)
365625	364618	single-	4	6	{Augustus_gene47.t1;Augustus}

# EVM prediction: Mode:STANDARD S-ratio: 10000.00 376933-378369 orient(+) score(2874.00) noncoding_equivalent(0.29) raw_noncoding(0.00) offset(0.00)
376933	378369	single+	1	3	{Augustus_gene242.t1;Augustus}

# EVM prediction: Mode:STANDARD S-ratio: 10000.00 389860-390987 orient(-) score(2256.00) noncoding_equivalent(0.23) raw_noncoding(0.00) offset(0.00)
390987	389860	single-	4	6	{Augustus_gene566.t1;Augustus}

# EVM prediction: Mode:STANDARD S-ratio: 10000.00 402413-403687 orient(-) score(2550.00) noncoding_equivalent(0.26) raw_noncoding(0.00) offset(0.00)
403687	402413	single-	4	6	{Augustus_gene1152.t1;Augustus}

# EVM prediction: Mode:STANDARD S-ratio: 10000.00 404337-405281 orient(+) score(1890.00) noncoding_equivalent(0.19) raw_noncoding(0.00) offset(0.00)
404337	405281	single+	1	3	{Augustus_gene148.t1;Augustus}

# EVM prediction: Mode:STANDARD S-ratio: 10000.00 431103-433937 orient(+) score(5670.00) noncoding_equivalent(0.57) raw_noncoding(0.00) offset(0.00)
431103	433937	single+	1	3	{Augustus_gene1141.t1;Augustus}

# EVM prediction: Mode:STANDARD S-ratio: 10000.00 442490-443059 orient(-) score(1140.00) noncoding_equivalent(0.11) raw_noncoding(0.00) offset(0.00)
443059	442490	single-	4	6	{Augustus_gene774.t1;Augustus}

# EVM prediction: Mode:STANDARD S-ratio: 10000.00 446912-448387 orient(-) score(2952.00) noncoding_equivalent(0.30) raw_noncoding(0.00) offset(0.00)
448387	446912	single-	4	6	{Augustus_gene355.t1;Augustus}

# EVM prediction: Mode:STANDARD S-ratio: 10000.00 451229-451885 orient(-) score(1314.00) noncoding_equivalent(0.13) raw_noncoding(0.00) offset(0.00)
451885	451229	single-	4	6	{Augustus_gene1103.t1;Augustus}

# EVM prediction: Mode:STANDARD S-ratio: 10000.00 460227-460973 orient(-) score(1494.00) noncoding_equivalent(0.15) raw_noncoding(0.00) offset(0.00)
460973	460227	single-	4	6	{Augustus_gene317.t1;Augustus}

# EVM prediction: Mode:STANDARD S-ratio: 10000.00 470731-472842 orient(-) score(4224.00) noncoding_equivalent(0.42) raw_noncoding(0.00) offset(0.00)
472842	470731	single-	4	6	{Augustus_gene1164.t1;Augustus}

# EVM prediction: Mode:STANDARD S-ratio: 10000.00 492550-493818 orient(-) score(2538.00) noncoding_equivalent(0.25) raw_noncoding(0.00) offset(0.00)
493818	492550	single-	4	6	{Augustus_gene179.t1;Augustus}

# EVM prediction: Mode:STANDARD S-ratio: 10000.00 509630-510661 orient(-) score(2064.00) noncoding_equivalent(0.21) raw_noncoding(0.00) offset(0.00)
510661	509630	single-	4	6	{Augustus_gene122.t1;Augustus}

# EVM prediction: Mode:STANDARD S-ratio: 10000.00 531902-532684 orient(+) score(1566.00) noncoding_equivalent(0.16) raw_noncoding(0.00) offset(0.00)
531902	532684	single+	1	3	{Augustus_gene514.t1;Augustus}

# EVM prediction: Mode:STANDARD S-ratio: 10000.00 536447-539260 orient(-) score(5628.00) noncoding_equivalent(0.56) raw_noncoding(0.00) offset(0.00)
539260	536447	single-	4	6	{Augustus_gene74.t1;Augustus}

# EVM prediction: Mode:STANDARD S-ratio: 10000.00 539584-542739 orient(+) score(6312.00) noncoding_equivalent(0.63) raw_noncoding(0.00) offset(0.00)
539584	542739	single+	1	3	{Augustus_gene346.t1;Augustus}

# EVM prediction: Mode:STANDARD S-ratio: 10000.00 552345-556775 orient(+) score(8862.00) noncoding_equivalent(0.89) raw_noncoding(0.00) offset(0.00)
552345	556775	single+	1	3	{Augustus_gene181.t1;Augustus}

# EVM prediction: Mode:STANDARD S-ratio: 10000.00 560545-562128 orient(+) score(3168.00) noncoding_equivalent(0.32) raw_noncoding(0.00) offset(0.00)
560545	562128	single+	1	3	{Augustus_gene209.t1;Augustus}

# EVM prediction: Mode:STANDARD S-ratio: 10000.00 571153-572739 orient(-) score(3174.00) noncoding_equivalent(0.32) raw_noncoding(0.00) offset(0.00)
572739	571153	single-	4	6	{Augustus_gene526.t1;Augustus}

# EVM prediction: Mode:STANDARD S-ratio: 10000.00 572961-574425 orient(+) score(2930.00) noncoding_equivalent(0.29) raw_noncoding(0.00) offset(0.00)
572961	573189	initial+	1	1	{Augustus_gene407.t1;Augustus}
573190	573343	INTRON			{Augustus_gene407.t1;Augustus}
573344	574425	terminal+	2	3	{Augustus_gene407.t1;Augustus}

# EVM prediction: Mode:STANDARD S-ratio: 10000.00 574516-575778 orient(-) score(2526.00) noncoding_equivalent(0.25) raw_noncoding(0.00) offset(0.00)
575778	574516	single-	4	6	{Augustus_gene472.t1;Augustus}

# EVM prediction: Mode:STANDARD S-ratio: 10000.00 580017-581136 orient(+) score(2240.00) noncoding_equivalent(0.22) raw_noncoding(0.00) offset(0.00)
580017	580026	initial+	1	1	{Augustus_gene462.t1;Augustus}
580027	580305	INTRON			{Augustus_gene462.t1;Augustus}
580306	580356	internal+	2	1	{Augustus_gene462.t1;Augustus}
580357	580954	INTRON			{Augustus_gene462.t1;Augustus}
580955	581136	terminal+	2	3	{Augustus_gene462.t1;Augustus}

# EVM prediction: Mode:STANDARD S-ratio: 10000.00 603055-604419 orient(-) score(2730.00) noncoding_equivalent(0.27) raw_noncoding(0.00) offset(0.00)
604419	603055	single-	4	6	{Augustus_gene282.t1;Augustus}

# EVM prediction: Mode:STANDARD S-ratio: 10000.00 604554-605780 orient(-) score(2454.00) noncoding_equivalent(0.25) raw_noncoding(0.00) offset(0.00)
605780	604554	single-	4	6	{Augustus_gene735.t1;Augustus}

# EVM prediction: Mode:STANDARD S-ratio: 10000.00 607555-608285 orient(-) score(1462.00) noncoding_equivalent(0.15) raw_noncoding(0.00) offset(0.00)
608184	607555	terminal-	4	6	{Augustus_gene133.t1;Augustus}
608237	608185	INTRON			{Augustus_gene133.t1;Augustus}
608285	608238	initial-	4	6	{Augustus_gene133.t1;Augustus}

# EVM prediction: Mode:STANDARD S-ratio: 10000.00 608498-610264 orient(-) score(3534.00) noncoding_equivalent(0.35) raw_noncoding(0.00) offset(0.00)
610264	608498	single-	4	6	{Augustus_gene908.t1;Augustus}

# EVM prediction: Mode:STANDARD S-ratio: 10000.00 632519-633376 orient(-) score(1716.00) noncoding_equivalent(0.17) raw_noncoding(0.00) offset(0.00)
633376	632519	single-	4	6	{Augustus_gene442.t1;Augustus}

# EVM prediction: Mode:STANDARD S-ratio: 10000.00 637826-638731 orient(+) score(1812.00) noncoding_equivalent(0.18) raw_noncoding(0.00) offset(0.00)
637826	638731	single+	1	3	{Augustus_gene1104.t1;Augustus}

# EVM prediction: Mode:STANDARD S-ratio: 10000.00 658387-659415 orient(+) score(2058.00) noncoding_equivalent(0.21) raw_noncoding(0.00) offset(0.00)
658387	659415	single+	1	3	{Augustus_gene1055.t1;Augustus}

# EVM prediction: Mode:STANDARD S-ratio: 10000.00 660014-661654 orient(+) score(3282.00) noncoding_equivalent(0.33) raw_noncoding(0.00) offset(0.00)
660014	661654	single+	1	3	{Augustus_gene722.t1;Augustus}

# EVM prediction: Mode:STANDARD S-ratio: 10000.00 665542-666084 orient(+) score(1086.00) noncoding_equivalent(0.11) raw_noncoding(0.00) offset(0.00)
665542	666084	single+	1	3	{Augustus_gene145.t1;Augustus}

# EVM prediction: Mode:STANDARD S-ratio: 10000.00 671278-672870 orient(-) score(3186.00) noncoding_equivalent(0.32) raw_noncoding(0.00) offset(0.00)
672870	671278	single-	4	6	{Augustus_gene141.t1;Augustus}

# EVM prediction: Mode:STANDARD S-ratio: 10000.00 673016-673702 orient(+) score(1374.00) noncoding_equivalent(0.14) raw_noncoding(0.00) offset(0.00)
673016	673702	single+	1	3	{Augustus_gene217.t1;Augustus}

# EVM prediction: Mode:STANDARD S-ratio: 10000.00 673772-675481 orient(-) score(3420.00) noncoding_equivalent(0.34) raw_noncoding(0.00) offset(0.00)
675481	673772	single-	4	6	{Augustus_gene485.t1;Augustus}

# EVM prediction: Mode:STANDARD S-ratio: 10000.00 680765-681850 orient(+) score(2172.00) noncoding_equivalent(0.22) raw_noncoding(0.00) offset(0.00)
680765	681850	single+	1	3	{Augustus_gene653.t1;Augustus}

# EVM prediction: Mode:STANDARD S-ratio: 10000.00 698538-700364 orient(+) score(3654.00) noncoding_equivalent(0.37) raw_noncoding(0.00) offset(0.00)
698538	698973	initial+	1	1	{Augustus_gene221.t1;Augustus}
698974	699093	INTRON			{Augustus_gene221.t1;Augustus}
699094	699132	internal+	2	1	{Augustus_gene221.t1;Augustus}
699133	699243	INTRON			{Augustus_gene221.t1;Augustus}
699244	699762	internal+	2	1	{Augustus_gene221.t1;Augustus}
699763	699967	INTRON			{Augustus_gene221.t1;Augustus}
699968	700297	internal+	2	1	{Augustus_gene221.t1;Augustus}
700298	700359	INTRON			{Augustus_gene221.t1;Augustus}
700360	700364	terminal+	2	3	{Augustus_gene221.t1;Augustus}

# EVM prediction: Mode:STANDARD S-ratio: 10000.00 700965-701930 orient(-) score(1932.00) noncoding_equivalent(0.19) raw_noncoding(0.00) offset(0.00)
701930	700965	single-	4	6	{Augustus_gene717.t1;Augustus}

# EVM prediction: Mode:STANDARD S-ratio: 10000.00 718681-722394 orient(+) score(7428.00) noncoding_equivalent(0.74) raw_noncoding(0.00) offset(0.00)
718681	722394	single+	1	3	{Augustus_gene360.t1;Augustus}

# EVM prediction: Mode:STANDARD S-ratio: 10000.00 730793-732250 orient(-) score(2916.00) noncoding_equivalent(0.29) raw_noncoding(0.00) offset(0.00)
732250	730793	single-	4	6	{Augustus_gene713.t1;Augustus}

# EVM prediction: Mode:STANDARD S-ratio: 10000.00 737148-737888 orient(-) score(1482.00) noncoding_equivalent(0.15) raw_noncoding(0.00) offset(0.00)
737888	737148	single-	4	6	{Augustus_gene854.t1;Augustus}

# EVM prediction: Mode:STANDARD S-ratio: 10000.00 739779-740126 orient(+) score(696.00) noncoding_equivalent(0.07) raw_noncoding(0.00) offset(0.00)
739779	740126	single+	1	3	{Augustus_gene391.t1;Augustus}

# EVM prediction: Mode:STANDARD S-ratio: 10000.00 763054-764919 orient(-) score(3732.00) noncoding_equivalent(0.37) raw_noncoding(0.00) offset(0.00)
764919	763054	single-	4	6	{Augustus_gene345.t1;Augustus}

# EVM prediction: Mode:STANDARD S-ratio: 10000.00 774318-776147 orient(+) score(3660.00) noncoding_equivalent(0.37) raw_noncoding(0.00) offset(0.00)
774318	776147	single+	1	3	{Augustus_gene780.t1;Augustus}

# EVM prediction: Mode:STANDARD S-ratio: 10000.00 786144-789047 orient(-) score(5808.00) noncoding_equivalent(0.58) raw_noncoding(0.00) offset(0.00)
789047	786144	single-	4	6	{Augustus_gene1046.t1;Augustus}

# EVM prediction: Mode:STANDARD S-ratio: 10000.00 793399-794463 orient(+) score(2130.00) noncoding_equivalent(0.21) raw_noncoding(0.00) offset(0.00)
793399	794463	single+	1	3	{Augustus_gene437.t1;Augustus}

# EVM prediction: Mode:STANDARD S-ratio: 10000.00 825477-827111 orient(+) score(3270.00) noncoding_equivalent(0.33) raw_noncoding(0.00) offset(0.00)
825477	827111	single+	1	3	{Augustus_gene248.t1;Augustus}

# EVM prediction: Mode:STANDARD S-ratio: 10000.00 841716-842888 orient(-) score(2346.00) noncoding_equivalent(0.23) raw_noncoding(0.00) offset(0.00)
842888	841716	single-	4	6	{Augustus_gene636.t1;Augustus}

# EVM prediction: Mode:STANDARD S-ratio: 10000.00 846328-847173 orient(+) score(1692.00) noncoding_equivalent(0.17) raw_noncoding(0.00) offset(0.00)
846328	847173	single+	1	3	{Augustus_gene658.t1;Augustus}

# EVM prediction: Mode:STANDARD S-ratio: 10000.00 847178-847840 orient(-) score(1326.00) noncoding_equivalent(0.13) raw_noncoding(0.00) offset(0.00)
847840	847178	single-	4	6	{Augustus_gene843.t1;Augustus}

# EVM prediction: Mode:STANDARD S-ratio: 10000.00 858046-861792 orient(+) score(7494.00) noncoding_equivalent(0.75) raw_noncoding(0.00) offset(0.00)
858046	861792	single+	1	3	{Augustus_gene845.t1;Augustus}

# EVM prediction: Mode:STANDARD S-ratio: 10000.00 874716-875288 orient(-) score(1146.00) noncoding_equivalent(0.11) raw_noncoding(0.00) offset(0.00)
875288	874716	single-	4	6	{Augustus_gene919.t1;Augustus}

# EVM prediction: Mode:STANDARD S-ratio: 10000.00 889222-892794 orient(+) score(7146.00) noncoding_equivalent(0.71) raw_noncoding(0.00) offset(0.00)
889222	892794	single+	1	3	{Augustus_gene720.t1;Augustus}

# EVM prediction: Mode:STANDARD S-ratio: 10000.00 897993-898646 orient(+) score(2642.00) noncoding_equivalent(0.26) raw_noncoding(0.00) offset(0.00)
897993	898646	single+	1	3	{Augustus_gene858.t1;Augustus}

# EVM prediction: Mode:STANDARD S-ratio: 10000.00 900834-902810 orient(+) score(3954.00) noncoding_equivalent(0.40) raw_noncoding(0.00) offset(0.00)
900834	902810	single+	1	3	{Augustus_gene867.t1;Augustus}

# EVM prediction: Mode:STANDARD S-ratio: 10000.00 904477-906480 orient(+) score(4008.00) noncoding_equivalent(0.40) raw_noncoding(0.00) offset(0.00)
904477	906480	single+	1	3	{Augustus_gene7.t1;Augustus}

# EVM prediction: Mode:STANDARD S-ratio: 10000.00 908450-921687 orient(-) score(26476.00) noncoding_equivalent(2.65) raw_noncoding(0.00) offset(0.00)
908475	908450	terminal-	5	6	{Augustus_gene43.t1;Augustus}
908531	908476	INTRON			{Augustus_gene43.t1;Augustus}
920580	908532	internal-	4	4	{Augustus_gene43.t1;Augustus}
920643	920581	INTRON			{Augustus_gene43.t1;Augustus}
920729	920644	internal-	5	6	{Augustus_gene43.t1;Augustus}
921620	920730	INTRON			{Augustus_gene43.t1;Augustus}
921687	921621	initial-	4	4	{Augustus_gene43.t1;Augustus}

# EVM prediction: Mode:STANDARD S-ratio: 10000.00 923508-924005 orient(-) score(2988.00) noncoding_equivalent(0.30) raw_noncoding(0.00) offset(0.00)
924005	923508	single-	4	6	{Augustus_gene435.t1;Augustus}

# EVM prediction: Mode:STANDARD S-ratio: 10000.00 927249-927866 orient(-) score(1236.00) noncoding_equivalent(0.12) raw_noncoding(0.00) offset(0.00)
927866	927249	single-	4	6	{Augustus_gene198.t1;Augustus}

# EVM prediction: Mode:STANDARD S-ratio: 10000.00 928103-929236 orient(+) score(2268.00) noncoding_equivalent(0.23) raw_noncoding(0.00) offset(0.00)
928103	929236	single+	1	3	{Augustus_gene497.t1;Augustus}

# EVM prediction: Mode:STANDARD S-ratio: 10000.00 931372-932326 orient(-) score(1910.00) noncoding_equivalent(0.19) raw_noncoding(0.00) offset(0.00)
932227	931372	terminal-	6	6	{Augustus_gene610.t1;Augustus}
932306	932228	INTRON			{Augustus_gene610.t1;Augustus}
932326	932307	initial-	4	5	{Augustus_gene610.t1;Augustus}

# EVM prediction: Mode:STANDARD S-ratio: 10000.00 932568-934997 orient(+) score(4860.00) noncoding_equivalent(0.49) raw_noncoding(0.00) offset(0.00)
932568	934997	single+	1	3	{Augustus_gene338.t1;Augustus}

# EVM prediction: Mode:STANDARD S-ratio: 10000.00 935036-936487 orient(-) score(2904.00) noncoding_equivalent(0.29) raw_noncoding(0.00) offset(0.00)
936487	935036	single-	4	6	{Augustus_gene9.t1;Augustus}

# EVM prediction: Mode:STANDARD S-ratio: 10000.00 938670-940766 orient(+) score(4194.00) noncoding_equivalent(0.42) raw_noncoding(0.00) offset(0.00)
938670	940766	single+	1	3	{Augustus_gene698.t1;Augustus}

# EVM prediction: Mode:STANDARD S-ratio: 10000.00 943802-944914 orient(-) score(2226.00) noncoding_equivalent(0.22) raw_noncoding(0.00) offset(0.00)
944914	943802	single-	4	6	{Augustus_gene263.t1;Augustus}

# EVM prediction: Mode:STANDARD S-ratio: 10000.00 945238-949854 orient(-) score(9234.00) noncoding_equivalent(0.92) raw_noncoding(0.00) offset(0.00)
949854	945238	single-	4	6	{Augustus_gene1127.t1;Augustus}

# EVM prediction: Mode:STANDARD S-ratio: 10000.00 956552-958732 orient(-) score(4362.00) noncoding_equivalent(0.44) raw_noncoding(0.00) offset(0.00)
958732	956552	single-	4	6	{Augustus_gene531.t1;Augustus}

# EVM prediction: Mode:STANDARD S-ratio: 10000.00 965178-974313 orient(+) score(18272.00) noncoding_equivalent(1.83) raw_noncoding(0.00) offset(0.00)
965178	969963	initial+	1	1	{Augustus_gene489.t1;Augustus}
969964	970152	INTRON			{Augustus_gene489.t1;Augustus}
970153	970737	internal+	2	1	{Augustus_gene489.t1;Augustus}
970738	970788	INTRON			{Augustus_gene489.t1;Augustus}
970789	971010	internal+	2	1	{Augustus_gene489.t1;Augustus}
971011	971088	INTRON			{Augustus_gene489.t1;Augustus}
971089	971265	internal+	2	1	{Augustus_gene489.t1;Augustus}
971266	971958	INTRON			{Augustus_gene489.t1;Augustus}
971959	972188	internal+	2	3	{Augustus_gene489.t1;Augustus}
972189	972245	INTRON			{Augustus_gene489.t1;Augustus}
972246	974150	internal+	1	3	{Augustus_gene489.t1;Augustus}
974151	974283	INTRON			{Augustus_gene489.t1;Augustus}
974284	974313	terminal+	1	3	{Augustus_gene489.t1;Augustus}

# EVM prediction: Mode:STANDARD S-ratio: 10000.00 974559-975581 orient(-) score(2046.00) noncoding_equivalent(0.20) raw_noncoding(0.00) offset(0.00)
975581	974559	single-	4	6	{Augustus_gene359.t1;Augustus}

# EVM prediction: Mode:STANDARD S-ratio: 10000.00 1004912-1006174 orient(-) score(2526.00) noncoding_equivalent(0.25) raw_noncoding(0.00) offset(0.00)
1004987	1004912	terminal-	6	6	{Augustus_gene1147.t1;Augustus}
1005245	1004988	INTRON			{Augustus_gene1147.t1;Augustus}
1006174	1005246	initial-	4	5	{Augustus_gene1147.t1;Augustus}

# EVM prediction: Mode:STANDARD S-ratio: 10000.00 1021517-1022125 orient(+) score(1218.00) noncoding_equivalent(0.12) raw_noncoding(0.00) offset(0.00)
1021517	1022125	single+	1	3	{Augustus_gene1019.t1;Augustus}

# EVM prediction: Mode:STANDARD S-ratio: 10000.00 1022923-1024443 orient(+) score(3042.00) noncoding_equivalent(0.30) raw_noncoding(0.00) offset(0.00)
1022923	1024443	single+	1	3	{Augustus_gene1023.t1;Augustus}

# EVM prediction: Mode:STANDARD S-ratio: 10000.00 1024469-1026355 orient(-) score(3774.00) noncoding_equivalent(0.38) raw_noncoding(0.00) offset(0.00)
1026355	1024469	single-	4	6	{Augustus_gene68.t1;Augustus}

# EVM prediction: Mode:STANDARD S-ratio: 10000.00 1026666-1027490 orient(+) score(1650.00) noncoding_equivalent(0.17) raw_noncoding(0.00) offset(0.00)
1026666	1027490	single+	1	3	{Augustus_gene701.t1;Augustus}

# EVM prediction: Mode:STANDARD S-ratio: 10000.00 1030218-1033514 orient(+) score(6594.00) noncoding_equivalent(0.66) raw_noncoding(0.00) offset(0.00)
1030218	1033514	single+	1	3	{Augustus_gene479.t1;Augustus}

# EVM prediction: Mode:STANDARD S-ratio: 10000.00 1034404-1035892 orient(-) score(2978.00) noncoding_equivalent(0.30) raw_noncoding(0.00) offset(0.00)
1035819	1034404	terminal-	4	6	{Augustus_gene1108.t1;Augustus}
1035874	1035820	INTRON			{Augustus_gene1108.t1;Augustus}
1035892	1035875	initial-	4	6	{Augustus_gene1108.t1;Augustus}

# EVM prediction: Mode:STANDARD S-ratio: 10000.00 1037536-1038318 orient(+) score(1566.00) noncoding_equivalent(0.16) raw_noncoding(0.00) offset(0.00)
1037536	1038318	single+	1	3	{Augustus_gene930.t1;Augustus}

# EVM prediction: Mode:STANDARD S-ratio: 10000.00 1044418-1047540 orient(+) score(6246.00) noncoding_equivalent(0.62) raw_noncoding(0.00) offset(0.00)
1044418	1047540	single+	1	3	{Augustus_gene121.t1;Augustus}

# EVM prediction: Mode:STANDARD S-ratio: 10000.00 1047573-1052490 orient(-) score(9836.00) noncoding_equivalent(0.98) raw_noncoding(0.00) offset(0.00)
1047874	1047573	terminal-	5	6	{Augustus_gene406.t1;Augustus}
1048049	1047875	INTRON			{Augustus_gene406.t1;Augustus}
1052490	1048050	initial-	4	4	{Augustus_gene406.t1;Augustus}

# EVM prediction: Mode:STANDARD S-ratio: 10000.00 1054564-1055997 orient(+) score(2868.00) noncoding_equivalent(0.29) raw_noncoding(0.00) offset(0.00)
1054564	1055997	single+	1	3	{Augustus_gene557.t1;Augustus}

# EVM prediction: Mode:STANDARD S-ratio: 10000.00 1057386-1058108 orient(-) score(1446.00) noncoding_equivalent(0.14) raw_noncoding(0.00) offset(0.00)
1058108	1057386	single-	4	6	{Augustus_gene418.t1;Augustus}

# EVM prediction: Mode:STANDARD S-ratio: 10000.00 1064854-1067763 orient(-) score(5820.00) noncoding_equivalent(0.58) raw_noncoding(0.00) offset(0.00)
1067763	1064854	single-	4	6	{Augustus_gene460.t1;Augustus}

# EVM prediction: Mode:STANDARD S-ratio: 10000.00 1076151-1076864 orient(-) score(1428.00) noncoding_equivalent(0.14) raw_noncoding(0.00) offset(0.00)
1076864	1076151	single-	4	6	{Augustus_gene1033.t1;Augustus}

# EVM prediction: Mode:STANDARD S-ratio: 10000.00 1079757-1081058 orient(+) score(2604.00) noncoding_equivalent(0.26) raw_noncoding(0.00) offset(0.00)
1079757	1081058	single+	1	3	{Augustus_gene138.t1;Augustus}

# EVM prediction: Mode:STANDARD S-ratio: 10000.00 1091193-1093046 orient(+) score(3708.00) noncoding_equivalent(0.37) raw_noncoding(0.00) offset(0.00)
1091193	1093046	single+	1	3	{Augustus_gene651.t1;Augustus}

# EVM prediction: Mode:STANDARD S-ratio: 10000.00 1108093-1108509 orient(-) score(834.00) noncoding_equivalent(0.08) raw_noncoding(0.00) offset(0.00)
1108509	1108093	single-	4	6	{Augustus_gene746.t1;Augustus}

# EVM prediction: Mode:STANDARD S-ratio: 10000.00 1111535-1112761 orient(-) score(2454.00) noncoding_equivalent(0.25) raw_noncoding(0.00) offset(0.00)
1112761	1111535	single-	4	6	{Augustus_gene223.t1;Augustus}

# EVM prediction: Mode:STANDARD S-ratio: 10000.00 1116529-1120149 orient(+) score(7242.00) noncoding_equivalent(0.72) raw_noncoding(0.00) offset(0.00)
1116529	1120149	single+	1	3	{Augustus_gene595.t1;Augustus}

# EVM prediction: Mode:STANDARD S-ratio: 10000.00 1122127-1122582 orient(+) score(912.00) noncoding_equivalent(0.09) raw_noncoding(0.00) offset(0.00)
1122127	1122582	single+	1	3	{Augustus_gene837.t1;Augustus}

# EVM prediction: Mode:STANDARD S-ratio: 10000.00 1124333-1128225 orient(-) score(7786.00) noncoding_equivalent(0.78) raw_noncoding(0.00) offset(0.00)
1125165	1124333	terminal-	5	6	{Augustus_gene392.t1;Augustus}
1125240	1125166	INTRON			{Augustus_gene392.t1;Augustus}
1125250	1125241	internal-	4	4	{Augustus_gene392.t1;Augustus}
1125462	1125251	INTRON			{Augustus_gene392.t1;Augustus}
1125484	1125463	internal-	6	6	{Augustus_gene392.t1;Augustus}
1125558	1125485	INTRON			{Augustus_gene392.t1;Augustus}
1125574	1125559	internal-	5	5	{Augustus_gene392.t1;Augustus}
1125758	1125575	INTRON			{Augustus_gene392.t1;Augustus}
1125779	1125759	internal-	5	4	{Augustus_gene392.t1;Augustus}
1126356	1125780	INTRON			{Augustus_gene392.t1;Augustus}
1126409	1126357	internal-	6	4	{Augustus_gene392.t1;Augustus}
1126465	1126410	INTRON			{Augustus_gene392.t1;Augustus}
1126564	1126466	internal-	6	5	{Augustus_gene392.t1;Augustus}
1126643	1126565	INTRON			{Augustus_gene392.t1;Augustus}
1126702	1126644	internal-	4	5	{Augustus_gene392.t1;Augustus}
1126938	1126703	INTRON			{Augustus_gene392.t1;Augustus}
1127108	1126939	internal-	5	6	{Augustus_gene392.t1;Augustus}
1127750	1127109	INTRON			{Augustus_gene392.t1;Augustus}
1127832	1127751	internal-	4	4	{Augustus_gene392.t1;Augustus}
1128039	1127833	INTRON			{Augustus_gene392.t1;Augustus}
1128225	1128040	initial-	4	6	{Augustus_gene392.t1;Augustus}

# EVM prediction: Mode:STANDARD S-ratio: 10000.00 1131117-1132145 orient(+) score(2058.00) noncoding_equivalent(0.21) raw_noncoding(0.00) offset(0.00)
1131117	1132145	single+	1	3	{Augustus_gene751.t1;Augustus}

# EVM prediction: Mode:STANDARD S-ratio: 10000.00 1133222-1136086 orient(-) score(5730.00) noncoding_equivalent(0.57) raw_noncoding(0.00) offset(0.00)
1136086	1133222	single-	4	6	{Augustus_gene711.t1;Augustus}

# EVM prediction: Mode:STANDARD S-ratio: 10000.00 1137949-1138548 orient(-) score(1200.00) noncoding_equivalent(0.12) raw_noncoding(0.00) offset(0.00)
1138548	1137949	single-	4	6	{Augustus_gene712.t1;Augustus}

# EVM prediction: Mode:STANDARD S-ratio: 10000.00 1142705-1144609 orient(-) score(3810.00) noncoding_equivalent(0.38) raw_noncoding(0.00) offset(0.00)
1144552	1142705	terminal-	4	6	{Augustus_gene170.t1;Augustus}
1144606	1144553	INTRON			{Augustus_gene170.t1;Augustus}
1144609	1144607	initial-	4	6	{Augustus_gene170.t1;Augustus}

# EVM prediction: Mode:STANDARD S-ratio: 10000.00 1145599-1146510 orient(-) score(1824.00) noncoding_equivalent(0.18) raw_noncoding(0.00) offset(0.00)
1146510	1145599	single-	4	6	{Augustus_gene1012.t1;Augustus}

# EVM prediction: Mode:STANDARD S-ratio: 10000.00 1151978-1156054 orient(-) score(8154.00) noncoding_equivalent(0.82) raw_noncoding(0.00) offset(0.00)
1156054	1151978	single-	4	6	{Augustus_gene382.t1;Augustus}

# EVM prediction: Mode:STANDARD S-ratio: 10000.00 1168399-1168782 orient(+) score(768.00) noncoding_equivalent(0.08) raw_noncoding(0.00) offset(0.00)
1168399	1168782	single+	1	3	{Augustus_gene204.t1;Augustus}

# EVM prediction: Mode:STANDARD S-ratio: 10000.00 1170247-1171416 orient(+) score(2340.00) noncoding_equivalent(0.23) raw_noncoding(0.00) offset(0.00)
1170247	1171416	single+	1	3	{Augustus_gene45.t1;Augustus}

# EVM prediction: Mode:STANDARD S-ratio: 10000.00 1183139-1183390 orient(+) score(504.00) noncoding_equivalent(0.05) raw_noncoding(0.00) offset(0.00)
1183139	1183390	single+	1	3	{Augustus_gene237.t1;Augustus}

# EVM prediction: Mode:STANDARD S-ratio: 10000.00 1183406-1185106 orient(+) score(3402.00) noncoding_equivalent(0.34) raw_noncoding(0.00) offset(0.00)
1183406	1183414	initial+	1	3	{Augustus_gene480.t1;Augustus}
1183415	1183692	INTRON			{Augustus_gene480.t1;Augustus}
1183693	1183708	internal+	1	1	{Augustus_gene480.t1;Augustus}
1183709	1184180	INTRON			{Augustus_gene480.t1;Augustus}
1184181	1185106	terminal+	2	3	{Augustus_gene480.t1;Augustus}

# EVM prediction: Mode:STANDARD S-ratio: 10000.00 1204380-1205273 orient(+) score(3576.00) noncoding_equivalent(0.36) raw_noncoding(0.00) offset(0.00)
1204380	1205273	single+	1	3	{Augustus_gene177.t1;Augustus}

# EVM prediction: Mode:STANDARD S-ratio: 10000.00 1210530-1211597 orient(+) score(2136.00) noncoding_equivalent(0.21) raw_noncoding(0.00) offset(0.00)
1210530	1211597	single+	1	3	{Augustus_gene804.t1;Augustus}

# EVM prediction: Mode:STANDARD S-ratio: 10000.00 1211695-1212543 orient(-) score(1698.00) noncoding_equivalent(0.17) raw_noncoding(0.00) offset(0.00)
1212543	1211695	single-	4	6	{Augustus_gene729.t1;Augustus}

# EVM prediction: Mode:STANDARD S-ratio: 10000.00 1237027-1237737 orient(+) score(1422.00) noncoding_equivalent(0.14) raw_noncoding(0.00) offset(0.00)
1237027	1237737	single+	1	3	{Augustus_gene574.t1;Augustus}

# EVM prediction: Mode:STANDARD S-ratio: 10000.00 1242653-1243806 orient(-) score(2308.00) noncoding_equivalent(0.23) raw_noncoding(0.00) offset(0.00)
1243705	1242653	terminal-	4	6	{Augustus_gene1070.t1;Augustus}
1243803	1243706	INTRON			{Augustus_gene1070.t1;Augustus}
1243806	1243804	initial-	4	6	{Augustus_gene1070.t1;Augustus}

# EVM prediction: Mode:STANDARD S-ratio: 10000.00 1244048-1247071 orient(+) score(6048.00) noncoding_equivalent(0.60) raw_noncoding(0.00) offset(0.00)
1244048	1247071	single+	1	3	{Augustus_gene252.t1;Augustus}

# EVM prediction: Mode:STANDARD S-ratio: 10000.00 1247171-1247918 orient(+) score(1496.00) noncoding_equivalent(0.15) raw_noncoding(0.00) offset(0.00)
1247171	1247203	initial+	1	3	{Augustus_gene503.t1;Augustus}
1247204	1247243	INTRON			{Augustus_gene503.t1;Augustus}
1247244	1247918	terminal+	1	3	{Augustus_gene503.t1;Augustus}

# EVM prediction: Mode:STANDARD S-ratio: 10000.00 1251678-1253903 orient(-) score(4452.00) noncoding_equivalent(0.45) raw_noncoding(0.00) offset(0.00)
1253903	1251678	single-	4	6	{Augustus_gene966.t1;Augustus}

# EVM prediction: Mode:STANDARD S-ratio: 10000.00 1257760-1259835 orient(+) score(4152.00) noncoding_equivalent(0.42) raw_noncoding(0.00) offset(0.00)
1257760	1259835	single+	1	3	{Augustus_gene584.t1;Augustus}

# EVM prediction: Mode:STANDARD S-ratio: 10000.00 1274048-1274521 orient(+) score(948.00) noncoding_equivalent(0.09) raw_noncoding(0.00) offset(0.00)
1274048	1274521	single+	1	3	{Augustus_gene649.t1;Augustus}

# EVM prediction: Mode:STANDARD S-ratio: 10000.00 1279048-1282265 orient(-) score(6436.00) noncoding_equivalent(0.64) raw_noncoding(0.00) offset(0.00)
1280404	1279048	terminal-	6	6	{Augustus_gene156.t1;Augustus}
1280676	1280405	INTRON			{Augustus_gene156.t1;Augustus}
1282265	1280677	initial-	4	5	{Augustus_gene156.t1;Augustus}

# EVM prediction: Mode:STANDARD S-ratio: 10000.00 1282721-1284754 orient(+) score(4068.00) noncoding_equivalent(0.41) raw_noncoding(0.00) offset(0.00)
1282721	1284754	single+	1	3	{Augustus_gene1136.t1;Augustus}

# EVM prediction: Mode:STANDARD S-ratio: 10000.00 1291703-1293676 orient(-) score(3948.00) noncoding_equivalent(0.39) raw_noncoding(0.00) offset(0.00)
1293676	1291703	single-	4	6	{Augustus_gene1061.t1;Augustus}

# EVM prediction: Mode:STANDARD S-ratio: 10000.00 1296297-1297223 orient(-) score(1854.00) noncoding_equivalent(0.19) raw_noncoding(0.00) offset(0.00)
1297223	1296297	single-	4	6	{Augustus_gene738.t1;Augustus}

# EVM prediction: Mode:STANDARD S-ratio: 10000.00 1331237-1332274 orient(+) score(2076.00) noncoding_equivalent(0.21) raw_noncoding(0.00) offset(0.00)
1331237	1332274	single+	1	3	{Augustus_gene1051.t1;Augustus}

# EVM prediction: Mode:STANDARD S-ratio: 10000.00 1337162-1337983 orient(+) score(1644.00) noncoding_equivalent(0.16) raw_noncoding(0.00) offset(0.00)
1337162	1337983	single+	1	3	{Augustus_gene88.t1;Augustus}

# EVM prediction: Mode:STANDARD S-ratio: 10000.00 1338068-1339186 orient(-) score(2238.00) noncoding_equivalent(0.22) raw_noncoding(0.00) offset(0.00)
1339186	1338068	single-	4	6	{Augustus_gene928.t1;Augustus}

# EVM prediction: Mode:STANDARD S-ratio: 10000.00 1354701-1355897 orient(+) score(2394.00) noncoding_equivalent(0.24) raw_noncoding(0.00) offset(0.00)
1354701	1355897	single+	1	3	{Augustus_gene384.t1;Augustus}

# EVM prediction: Mode:STANDARD S-ratio: 10000.00 1384076-1385179 orient(-) score(2208.00) noncoding_equivalent(0.22) raw_noncoding(0.00) offset(0.00)
1385179	1384076	single-	4	6	{Augustus_gene1043.t1;Augustus}

# EVM prediction: Mode:STANDARD S-ratio: 10000.00 1387695-1388372 orient(+) score(1356.00) noncoding_equivalent(0.14) raw_noncoding(0.00) offset(0.00)
1387695	1388372	single+	1	3	{Augustus_gene756.t1;Augustus}

# EVM prediction: Mode:STANDARD S-ratio: 10000.00 1395870-1396574 orient(-) score(1410.00) noncoding_equivalent(0.14) raw_noncoding(0.00) offset(0.00)
1396574	1395870	single-	4	6	{Augustus_gene271.t1;Augustus}

# EVM prediction: Mode:STANDARD S-ratio: 10000.00 1396933-1398060 orient(+) score(2256.00) noncoding_equivalent(0.23) raw_noncoding(0.00) offset(0.00)
1396933	1398060	single+	1	3	{Augustus_gene459.t1;Augustus}

# EVM prediction: Mode:STANDARD S-ratio: 10000.00 1410023-1411221 orient(+) score(2398.00) noncoding_equivalent(0.24) raw_noncoding(0.00) offset(0.00)
1410023	1410070	initial+	1	3	{Augustus_gene718.t1;Augustus}
1410071	1410117	INTRON			{Augustus_gene718.t1;Augustus}
1410118	1411221	terminal+	1	3	{Augustus_gene718.t1;Augustus}

# EVM prediction: Mode:STANDARD S-ratio: 10000.00 1418972-1420222 orient(-) score(2502.00) noncoding_equivalent(0.25) raw_noncoding(0.00) offset(0.00)
1420222	1418972	single-	4	6	{Augustus_gene243.t1;Augustus}

# EVM prediction: Mode:STANDARD S-ratio: 10000.00 1428052-1431084 orient(+) score(6066.00) noncoding_equivalent(0.61) raw_noncoding(0.00) offset(0.00)
1428052	1431084	single+	1	3	{Augustus_gene1153.t1;Augustus}

# EVM prediction: Mode:STANDARD S-ratio: 10000.00 1434346-1437462 orient(+) score(6234.00) noncoding_equivalent(0.62) raw_noncoding(0.00) offset(0.00)
1434346	1437462	single+	1	3	{Augustus_gene799.t1;Augustus}

# EVM prediction: Mode:STANDARD S-ratio: 10000.00 1439265-1441080 orient(-) score(3632.00) noncoding_equivalent(0.36) raw_noncoding(0.00) offset(0.00)
1440938	1439265	terminal-	4	6	{Augustus_gene829.t1;Augustus}
1441053	1440939	INTRON			{Augustus_gene829.t1;Augustus}
1441080	1441054	initial-	4	6	{Augustus_gene829.t1;Augustus}

# EVM prediction: Mode:STANDARD S-ratio: 10000.00 1441496-1441813 orient(+) score(636.00) noncoding_equivalent(0.06) raw_noncoding(0.00) offset(0.00)
1441496	1441813	single+	1	3	{Augustus_gene949.t1;Augustus}

# EVM prediction: Mode:STANDARD S-ratio: 10000.00 1442321-1443895 orient(+) score(3150.00) noncoding_equivalent(0.32) raw_noncoding(0.00) offset(0.00)
1442321	1442348	initial+	1	1	{Augustus_gene216.t1;Augustus}
1442349	1442666	INTRON			{Augustus_gene216.t1;Augustus}
1442667	1443895	terminal+	2	3	{Augustus_gene216.t1;Augustus}

# EVM prediction: Mode:STANDARD S-ratio: 10000.00 1443917-1448479 orient(-) score(9126.00) noncoding_equivalent(0.91) raw_noncoding(0.00) offset(0.00)
1448352	1443917	terminal-	5	6	{Augustus_gene541.t1;Augustus}
1448403	1448353	INTRON			{Augustus_gene541.t1;Augustus}
1448479	1448404	initial-	4	4	{Augustus_gene541.t1;Augustus}

# EVM prediction: Mode:STANDARD S-ratio: 10000.00 1454341-1455039 orient(+) score(1398.00) noncoding_equivalent(0.14) raw_noncoding(0.00) offset(0.00)
1454341	1455039	single+	1	3	{Augustus_gene772.t1;Augustus}

# EVM prediction: Mode:STANDARD S-ratio: 10000.00 1455303-1456202 orient(-) score(1800.00) noncoding_equivalent(0.18) raw_noncoding(0.00) offset(0.00)
1456202	1455303	single-	4	6	{Augustus_gene453.t1;Augustus}

# EVM prediction: Mode:STANDARD S-ratio: 10000.00 1456479-1459114 orient(-) score(5272.00) noncoding_equivalent(0.53) raw_noncoding(0.00) offset(0.00)
1456923	1456479	terminal-	6	6	{Augustus_gene1081.t1;Augustus}
1458821	1456924	INTRON			{Augustus_gene1081.t1;Augustus}
1458995	1458822	internal-	6	5	{Augustus_gene1081.t1;Augustus}
1459047	1458996	INTRON			{Augustus_gene1081.t1;Augustus}
1459058	1459048	internal-	4	5	{Augustus_gene1081.t1;Augustus}
1459111	1459059	INTRON			{Augustus_gene1081.t1;Augustus}
1459114	1459112	initial-	4	6	{Augustus_gene1081.t1;Augustus}

# EVM prediction: Mode:STANDARD S-ratio: 10000.00 1471726-1472436 orient(-) score(1422.00) noncoding_equivalent(0.14) raw_noncoding(0.00) offset(0.00)
1472436	1471726	single-	4	6	{Augustus_gene891.t1;Augustus}

# EVM prediction: Mode:STANDARD S-ratio: 10000.00 1490397-1491148 orient(-) score(1504.00) noncoding_equivalent(0.15) raw_noncoding(0.00) offset(0.00)
1490980	1490397	terminal-	5	6	{Augustus_gene173.t1;Augustus}
1491129	1490981	INTRON			{Augustus_gene173.t1;Augustus}
1491148	1491130	initial-	4	4	{Augustus_gene173.t1;Augustus}

# EVM prediction: Mode:STANDARD S-ratio: 10000.00 1500282-1501370 orient(-) score(2178.00) noncoding_equivalent(0.22) raw_noncoding(0.00) offset(0.00)
1501370	1500282	single-	4	6	{Augustus_gene63.t1;Augustus}

# EVM prediction: Mode:STANDARD S-ratio: 10000.00 1509860-1510822 orient(+) score(1926.00) noncoding_equivalent(0.19) raw_noncoding(0.00) offset(0.00)
1509860	1510822	single+	1	3	{Augustus_gene1056.t1;Augustus}

# EVM prediction: Mode:STANDARD S-ratio: 10000.00 1521569-1523359 orient(+) score(3582.00) noncoding_equivalent(0.36) raw_noncoding(0.00) offset(0.00)
1521569	1523359	single+	1	3	{Augustus_gene32.t1;Augustus}

# EVM prediction: Mode:STANDARD S-ratio: 10000.00 1527588-1529067 orient(-) score(2960.00) noncoding_equivalent(0.30) raw_noncoding(0.00) offset(0.00)
1527592	1527588	terminal-	5	6	{Augustus_gene188.t1;Augustus}
1527789	1527593	INTRON			{Augustus_gene188.t1;Augustus}
1528210	1527790	internal-	4	4	{Augustus_gene188.t1;Augustus}
1528461	1528211	INTRON			{Augustus_gene188.t1;Augustus}
1528937	1528462	internal-	5	6	{Augustus_gene188.t1;Augustus}
1529021	1528938	INTRON			{Augustus_gene188.t1;Augustus}
1529067	1529022	initial-	4	4	{Augustus_gene188.t1;Augustus}

# EVM prediction: Mode:STANDARD S-ratio: 10000.00 1532069-1535155 orient(+) score(6174.00) noncoding_equivalent(0.62) raw_noncoding(0.00) offset(0.00)
1532069	1535155	single+	1	3	{Augustus_gene1026.t1;Augustus}

# EVM prediction: Mode:STANDARD S-ratio: 10000.00 1557889-1559372 orient(+) score(2968.00) noncoding_equivalent(0.30) raw_noncoding(0.00) offset(0.00)
1557889	1559241	initial+	1	3	{Augustus_gene515.t1;Augustus}
1559242	1559285	INTRON			{Augustus_gene515.t1;Augustus}
1559286	1559372	terminal+	1	3	{Augustus_gene515.t1;Augustus}

# EVM prediction: Mode:STANDARD S-ratio: 10000.00 1562958-1563383 orient(-) score(852.00) noncoding_equivalent(0.09) raw_noncoding(0.00) offset(0.00)
1563383	1562958	single-	4	6	{Augustus_gene57.t1;Augustus}

# EVM prediction: Mode:STANDARD S-ratio: 10000.00 1576159-1578831 orient(-) score(5346.00) noncoding_equivalent(0.53) raw_noncoding(0.00) offset(0.00)
1578831	1576159	single-	4	6	{Augustus_gene298.t1;Augustus}

# EVM prediction: Mode:STANDARD S-ratio: 10000.00 1579107-1580184 orient(-) score(2156.00) noncoding_equivalent(0.22) raw_noncoding(0.00) offset(0.00)
1580028	1579107	terminal-	6	6	{Augustus_gene1098.t1;Augustus}
1580116	1580029	INTRON			{Augustus_gene1098.t1;Augustus}
1580184	1580117	initial-	4	5	{Augustus_gene1098.t1;Augustus}

# EVM prediction: Mode:STANDARD S-ratio: 10000.00 1587945-1589618 orient(+) score(3348.00) noncoding_equivalent(0.33) raw_noncoding(0.00) offset(0.00)
1587945	1589618	single+	1	3	{Augustus_gene1013.t1;Augustus}

# EVM prediction: Mode:STANDARD S-ratio: 10000.00 1593329-1594999 orient(+) score(3342.00) noncoding_equivalent(0.33) raw_noncoding(0.00) offset(0.00)
1593329	1594999	single+	1	3	{Augustus_gene186.t1;Augustus}

# EVM prediction: Mode:STANDARD S-ratio: 10000.00 1603488-1605273 orient(-) score(3572.00) noncoding_equivalent(0.36) raw_noncoding(0.00) offset(0.00)
1604703	1603488	terminal-	6	6	{Augustus_gene853.t1;Augustus}
1604913	1604704	INTRON			{Augustus_gene853.t1;Augustus}
1604925	1604914	internal-	6	5	{Augustus_gene853.t1;Augustus}
1605001	1604926	INTRON			{Augustus_gene853.t1;Augustus}
1605273	1605002	initial-	4	5	{Augustus_gene853.t1;Augustus}

# EVM prediction: Mode:STANDARD S-ratio: 10000.00 1609599-1611752 orient(+) score(4308.00) noncoding_equivalent(0.43) raw_noncoding(0.00) offset(0.00)
1609599	1611752	single+	1	3	{Augustus_gene83.t1;Augustus}

# EVM prediction: Mode:STANDARD S-ratio: 10000.00 1619958-1620821 orient(+) score(1728.00) noncoding_equivalent(0.17) raw_noncoding(0.00) offset(0.00)
1619958	1620821	single+	1	3	{Augustus_gene230.t1;Augustus}

# EVM prediction: Mode:STANDARD S-ratio: 10000.00 1622183-1622773 orient(+) score(1182.00) noncoding_equivalent(0.12) raw_noncoding(0.00) offset(0.00)
1622183	1622773	single+	1	3	{Augustus_gene488.t1;Augustus}

# EVM prediction: Mode:STANDARD S-ratio: 10000.00 1626518-1628899 orient(-) score(5644.00) noncoding_equivalent(0.56) raw_noncoding(0.00) offset(0.00)
1627449	1626518	terminal-	5	6	{Augustus_gene732.t1;Augustus}
1628459	1627450	INTRON			{Augustus_gene732.t1;Augustus}
1628701	1628460	internal-	6	4	{Augustus_gene732.t1;Augustus},{Augustus_gene846.t1;Augustus}
1628758	1628702	INTRON			{Augustus_gene732.t1;Augustus},{Augustus_gene846.t1;Augustus}
1628800	1628759	internal-	6	5	{Augustus_gene732.t1;Augustus},{Augustus_gene846.t1;Augustus}
1628858	1628801	INTRON			{Augustus_gene732.t1;Augustus},{Augustus_gene846.t1;Augustus}
1628899	1628859	initial-	4	5	{Augustus_gene732.t1;Augustus},{Augustus_gene846.t1;Augustus}

# EVM prediction: Mode:STANDARD S-ratio: 10000.00 1629128-1630288 orient(+) score(2322.00) noncoding_equivalent(0.23) raw_noncoding(0.00) offset(0.00)
1629128	1630288	single+	1	3	{Augustus_gene1045.t1;Augustus}

# EVM prediction: Mode:STANDARD S-ratio: 10000.00 1631996-1633365 orient(+) score(2740.00) noncoding_equivalent(0.27) raw_noncoding(0.00) offset(0.00)
1631996	1632036	initial+	1	2	{Augustus_gene262.t1;Augustus}
1632037	1632173	INTRON			{Augustus_gene262.t1;Augustus}
1632174	1633365	terminal+	3	3	{Augustus_gene262.t1;Augustus}

# EVM prediction: Mode:STANDARD S-ratio: 10000.00 1636335-1640841 orient(-) score(9014.00) noncoding_equivalent(0.90) raw_noncoding(0.00) offset(0.00)
1636708	1636335	terminal-	5	6	{Augustus_gene96.t1;Augustus}
1636754	1636709	INTRON			{Augustus_gene96.t1;Augustus}
1640841	1636755	initial-	4	4	{Augustus_gene96.t1;Augustus}

# EVM prediction: Mode:STANDARD S-ratio: 10000.00 1644458-1646578 orient(+) score(11168.00) noncoding_equivalent(1.12) raw_noncoding(0.00) offset(0.00)
1644458	1646578	single+	1	3	{Augustus_gene2.t1;Augustus}

# EVM prediction: Mode:STANDARD S-ratio: 10000.00 1649133-1653758 orient(+) score(9252.00) noncoding_equivalent(0.93) raw_noncoding(0.00) offset(0.00)
1649133	1649374	initial+	1	2	{Augustus_gene941.t1;Augustus}
1649375	1650280	INTRON			{Augustus_gene941.t1;Augustus}
1650281	1653758	terminal+	3	3	{Augustus_gene941.t1;Augustus}

# EVM prediction: Mode:STANDARD S-ratio: 10000.00 1655916-1656767 orient(+) score(1704.00) noncoding_equivalent(0.17) raw_noncoding(0.00) offset(0.00)
1655916	1656767	single+	1	3	{Augustus_gene1143.t1;Augustus}

# EVM prediction: Mode:STANDARD S-ratio: 10000.00 1659603-1662047 orient(+) score(4890.00) noncoding_equivalent(0.49) raw_noncoding(0.00) offset(0.00)
1659603	1662047	single+	1	3	{Augustus_gene652.t1;Augustus}

# EVM prediction: Mode:STANDARD S-ratio: 10000.00 1679485-1680123 orient(-) score(1278.00) noncoding_equivalent(0.13) raw_noncoding(0.00) offset(0.00)
1680123	1679485	single-	4	6	{Augustus_gene1116.t1;Augustus}

# EVM prediction: Mode:STANDARD S-ratio: 10000.00 1684500-1684970 orient(+) score(942.00) noncoding_equivalent(0.09) raw_noncoding(0.00) offset(0.00)
1684500	1684970	single+	1	3	{Augustus_gene562.t1;Augustus}

# EVM prediction: Mode:STANDARD S-ratio: 10000.00 1687273-1691475 orient(+) score(8406.00) noncoding_equivalent(0.84) raw_noncoding(0.00) offset(0.00)
1687273	1691475	single+	1	3	{Augustus_gene1034.t1;Augustus}

# EVM prediction: Mode:STANDARD S-ratio: 10000.00 1691500-1693950 orient(-) score(4902.00) noncoding_equivalent(0.49) raw_noncoding(0.00) offset(0.00)
1693950	1691500	single-	4	6	{Augustus_gene705.t1;Augustus}

# EVM prediction: Mode:STANDARD S-ratio: 10000.00 1699476-1700129 orient(-) score(1308.00) noncoding_equivalent(0.13) raw_noncoding(0.00) offset(0.00)
1700129	1699476	single-	4	6	{Augustus_gene1161.t1;Augustus}

# EVM prediction: Mode:STANDARD S-ratio: 10000.00 1701657-1704188 orient(+) score(5064.00) noncoding_equivalent(0.51) raw_noncoding(0.00) offset(0.00)
1701657	1704188	single+	1	3	{Augustus_gene1065.t1;Augustus}

# EVM prediction: Mode:STANDARD S-ratio: 10000.00 1706479-1706852 orient(-) score(748.00) noncoding_equivalent(0.07) raw_noncoding(0.00) offset(0.00)
1706796	1706479	terminal-	4	6	{Augustus_gene648.t1;Augustus}
1706849	1706797	INTRON			{Augustus_gene648.t1;Augustus}
1706852	1706850	initial-	4	6	{Augustus_gene648.t1;Augustus}

# EVM prediction: Mode:STANDARD S-ratio: 10000.00 1711537-1712310 orient(-) score(1548.00) noncoding_equivalent(0.15) raw_noncoding(0.00) offset(0.00)
1712121	1711537	terminal-	4	6	{Augustus_gene67.t1;Augustus}
1712181	1712122	INTRON			{Augustus_gene67.t1;Augustus}
1712201	1712182	internal-	5	6	{Augustus_gene67.t1;Augustus}
1712294	1712202	INTRON			{Augustus_gene67.t1;Augustus}
1712310	1712295	initial-	4	4	{Augustus_gene67.t1;Augustus}

# EVM prediction: Mode:STANDARD S-ratio: 10000.00 1717389-1718795 orient(-) score(2814.00) noncoding_equivalent(0.28) raw_noncoding(0.00) offset(0.00)
1718795	1717389	single-	4	6	{Augustus_gene687.t1;Augustus}

# EVM prediction: Mode:STANDARD S-ratio: 10000.00 1719878-1720300 orient(+) score(846.00) noncoding_equivalent(0.08) raw_noncoding(0.00) offset(0.00)
1719878	1720300	single+	1	3	{Augustus_gene452.t1;Augustus}

# EVM prediction: Mode:STANDARD S-ratio: 10000.00 1722149-1723666 orient(-) score(3036.00) noncoding_equivalent(0.30) raw_noncoding(0.00) offset(0.00)
1723666	1722149	single-	4	6	{Augustus_gene796.t1;Augustus}

# EVM prediction: Mode:STANDARD S-ratio: 10000.00 1739483-1740214 orient(+) score(1464.00) noncoding_equivalent(0.15) raw_noncoding(0.00) offset(0.00)
1739483	1740214	single+	1	3	{Augustus_gene1018.t1;Augustus}

# EVM prediction: Mode:STANDARD S-ratio: 10000.00 1744056-1744624 orient(-) score(1138.00) noncoding_equivalent(0.11) raw_noncoding(0.00) offset(0.00)
1744562	1744056	terminal-	4	6	{Augustus_gene895.t1;Augustus}
1744621	1744563	INTRON			{Augustus_gene895.t1;Augustus}
1744624	1744622	initial-	4	6	{Augustus_gene895.t1;Augustus}

# EVM prediction: Mode:STANDARD S-ratio: 10000.00 1745035-1746432 orient(+) score(2796.00) noncoding_equivalent(0.28) raw_noncoding(0.00) offset(0.00)
1745035	1746432	single+	1	3	{Augustus_gene137.t1;Augustus}

# EVM prediction: Mode:STANDARD S-ratio: 10000.00 1752262-1755350 orient(+) score(6178.00) noncoding_equivalent(0.62) raw_noncoding(0.00) offset(0.00)
1752262	1752391	initial+	1	1	{Augustus_gene988.t1;Augustus}
1752392	1752442	INTRON			{Augustus_gene988.t1;Augustus}
1752443	1752725	internal+	2	2	{Augustus_gene988.t1;Augustus}
1752726	1752973	INTRON			{Augustus_gene988.t1;Augustus}
1752974	1753391	internal+	3	3	{Augustus_gene988.t1;Augustus}
1753392	1753652	INTRON			{Augustus_gene988.t1;Augustus}
1753653	1755350	terminal+	1	3	{Augustus_gene988.t1;Augustus}

# EVM prediction: Mode:STANDARD S-ratio: 10000.00 1755407-1759320 orient(-) score(7828.00) noncoding_equivalent(0.78) raw_noncoding(0.00) offset(0.00)
1757406	1755407	terminal-	5	6	{Augustus_gene996.t1;Augustus}
1757897	1757407	INTRON			{Augustus_gene996.t1;Augustus}
1759320	1757898	initial-	4	4	{Augustus_gene996.t1;Augustus}

# EVM prediction: Mode:STANDARD S-ratio: 10000.00 1765625-1768505 orient(-) score(5762.00) noncoding_equivalent(0.58) raw_noncoding(0.00) offset(0.00)
1767463	1765625	terminal-	4	6	{Augustus_gene6.t1;Augustus}
1767667	1767464	INTRON			{Augustus_gene6.t1;Augustus}
1767676	1767668	internal-	4	6	{Augustus_gene6.t1;Augustus}
1767728	1767677	INTRON			{Augustus_gene6.t1;Augustus}
1767934	1767729	internal-	5	6	{Augustus_gene6.t1;Augustus}
1768033	1767935	INTRON			{Augustus_gene6.t1;Augustus}
1768505	1768034	initial-	4	4	{Augustus_gene6.t1;Augustus}

# EVM prediction: Mode:STANDARD S-ratio: 10000.00 1772224-1773690 orient(-) score(2934.00) noncoding_equivalent(0.29) raw_noncoding(0.00) offset(0.00)
1773690	1772224	single-	4	6	{Augustus_gene113.t1;Augustus}

# EVM prediction: Mode:STANDARD S-ratio: 10000.00 1774277-1776319 orient(+) score(4086.00) noncoding_equivalent(0.41) raw_noncoding(0.00) offset(0.00)
1774277	1776319	single+	1	3	{Augustus_gene897.t1;Augustus}

# EVM prediction: Mode:STANDARD S-ratio: 10000.00 1776374-1778836 orient(-) score(4926.00) noncoding_equivalent(0.49) raw_noncoding(0.00) offset(0.00)
1778836	1776374	single-	4	6	{Augustus_gene639.t1;Augustus}

# EVM prediction: Mode:STANDARD S-ratio: 10000.00 1792566-1793111 orient(-) score(1638.00) noncoding_equivalent(0.16) raw_noncoding(0.00) offset(0.00)
1793111	1792566	single-	4	6	{Augustus_gene1159.t1;Augustus}

# EVM prediction: Mode:STANDARD S-ratio: 10000.00 1798404-1800176 orient(-) score(3546.00) noncoding_equivalent(0.35) raw_noncoding(0.00) offset(0.00)
1800176	1798404	single-	4	6	{Augustus_gene965.t1;Augustus}

# EVM prediction: Mode:STANDARD S-ratio: 10000.00 1800473-1801134 orient(-) score(1324.00) noncoding_equivalent(0.13) raw_noncoding(0.00) offset(0.00)
1800952	1800473	terminal-	4	6	{Augustus_gene833.t1;Augustus}
1801014	1800953	INTRON			{Augustus_gene833.t1;Augustus}
1801134	1801015	initial-	4	6	{Augustus_gene833.t1;Augustus}

# EVM prediction: Mode:STANDARD S-ratio: 10000.00 1819544-1819924 orient(+) score(762.00) noncoding_equivalent(0.08) raw_noncoding(0.00) offset(0.00)
1819544	1819548	initial+	1	2	{Augustus_gene1017.t1;Augustus}
1819549	1819602	INTRON			{Augustus_gene1017.t1;Augustus}
1819603	1819924	terminal+	3	3	{Augustus_gene1017.t1;Augustus}

# EVM prediction: Mode:STANDARD S-ratio: 10000.00 1823999-1827994 orient(+) score(7992.00) noncoding_equivalent(0.80) raw_noncoding(0.00) offset(0.00)
1823999	1827994	single+	1	3	{Augustus_gene1010.t1;Augustus}

# EVM prediction: Mode:STANDARD S-ratio: 10000.00 1831236-1834538 orient(-) score(6606.00) noncoding_equivalent(0.66) raw_noncoding(0.00) offset(0.00)
1834538	1831236	single-	4	6	{Augustus_gene592.t1;Augustus}

# EVM prediction: Mode:STANDARD S-ratio: 10000.00 1834756-1835730 orient(-) score(1950.00) noncoding_equivalent(0.20) raw_noncoding(0.00) offset(0.00)
1835597	1834756	terminal-	5	6	{Augustus_gene577.t1;Augustus}
1835678	1835598	INTRON			{Augustus_gene577.t1;Augustus}
1835730	1835679	initial-	4	4	{Augustus_gene577.t1;Augustus}

# EVM prediction: Mode:STANDARD S-ratio: 10000.00 1836338-1837387 orient(-) score(2100.00) noncoding_equivalent(0.21) raw_noncoding(0.00) offset(0.00)
1837387	1836338	single-	4	6	{Augustus_gene426.t1;Augustus}

# EVM prediction: Mode:STANDARD S-ratio: 10000.00 1838322-1838668 orient(-) score(694.00) noncoding_equivalent(0.07) raw_noncoding(0.00) offset(0.00)
1838501	1838322	terminal-	4	6	{Augustus_gene423.t1;Augustus}
1838572	1838502	INTRON			{Augustus_gene423.t1;Augustus}
1838668	1838573	initial-	4	6	{Augustus_gene423.t1;Augustus}

# EVM prediction: Mode:STANDARD S-ratio: 10000.00 1843266-1844933 orient(+) score(3336.00) noncoding_equivalent(0.33) raw_noncoding(0.00) offset(0.00)
1843266	1844933	single+	1	3	{Augustus_gene475.t1;Augustus}

# EVM prediction: Mode:STANDARD S-ratio: 10000.00 1844997-1846511 orient(-) score(3030.00) noncoding_equivalent(0.30) raw_noncoding(0.00) offset(0.00)
1846511	1844997	single-	4	6	{Augustus_gene161.t1;Augustus}

# EVM prediction: Mode:STANDARD S-ratio: 10000.00 1846957-1848300 orient(-) score(2688.00) noncoding_equivalent(0.27) raw_noncoding(0.00) offset(0.00)
1848300	1846957	single-	4	6	{Augustus_gene543.t1;Augustus}

# EVM prediction: Mode:STANDARD S-ratio: 10000.00 1850446-1851546 orient(+) score(2202.00) noncoding_equivalent(0.22) raw_noncoding(0.00) offset(0.00)
1850446	1851546	single+	1	3	{Augustus_gene118.t1;Augustus}

# EVM prediction: Mode:STANDARD S-ratio: 10000.00 1851598-1852248 orient(-) score(1302.00) noncoding_equivalent(0.13) raw_noncoding(0.00) offset(0.00)
1852248	1851598	single-	4	6	{Augustus_gene777.t1;Augustus}

# EVM prediction: Mode:STANDARD S-ratio: 10000.00 1853491-1860196 orient(+) score(13412.00) noncoding_equivalent(1.34) raw_noncoding(0.00) offset(0.00)
1853491	1855200	initial+	1	3	{Augustus_gene812.t1;Augustus}
1855201	1855258	INTRON			{Augustus_gene812.t1;Augustus}
1855259	1860196	terminal+	1	3	{Augustus_gene812.t1;Augustus}

# EVM prediction: Mode:STANDARD S-ratio: 10000.00 1881445-1883904 orient(+) score(4920.00) noncoding_equivalent(0.49) raw_noncoding(0.00) offset(0.00)
1881445	1883904	single+	1	3	{Augustus_gene872.t1;Augustus}

# EVM prediction: Mode:STANDARD S-ratio: 10000.00 1890268-1893982 orient(-) score(7430.00) noncoding_equivalent(0.74) raw_noncoding(0.00) offset(0.00)
1890830	1890268	terminal-	5	6	{Augustus_gene369.t1;Augustus}
1890896	1890831	INTRON			{Augustus_gene369.t1;Augustus}
1890928	1890897	internal-	6	4	{Augustus_gene369.t1;Augustus}
1890988	1890929	INTRON			{Augustus_gene369.t1;Augustus}
1891109	1890989	internal-	5	5	{Augustus_gene369.t1;Augustus}
1891390	1891110	INTRON			{Augustus_gene369.t1;Augustus}
1891418	1891391	internal-	4	4	{Augustus_gene369.t1;Augustus}
1891614	1891419	INTRON			{Augustus_gene369.t1;Augustus}
1891824	1891615	internal-	4	6	{Augustus_gene369.t1;Augustus}
1891932	1891825	INTRON			{Augustus_gene369.t1;Augustus}
1891943	1891933	internal-	5	6	{Augustus_gene369.t1;Augustus}
1892186	1891944	INTRON			{Augustus_gene369.t1;Augustus}
1892197	1892187	internal-	6	4	{Augustus_gene369.t1;Augustus}
1892398	1892198	INTRON			{Augustus_gene369.t1;Augustus}
1892413	1892399	internal-	6	5	{Augustus_gene369.t1;Augustus}
1892455	1892414	INTRON			{Augustus_gene369.t1;Augustus}
1892461	1892456	internal-	6	5	{Augustus_gene369.t1;Augustus}
1892653	1892462	INTRON			{Augustus_gene369.t1;Augustus}
1892682	1892654	internal-	4	5	{Augustus_gene369.t1;Augustus}
1893031	1892683	INTRON			{Augustus_gene369.t1;Augustus}
1893042	1893032	internal-	5	6	{Augustus_gene369.t1;Augustus}
1893202	1893043	INTRON			{Augustus_gene369.t1;Augustus}
1893225	1893203	internal-	6	4	{Augustus_gene369.t1;Augustus}
1893319	1893226	INTRON			{Augustus_gene369.t1;Augustus}
1893369	1893320	internal-	4	5	{Augustus_gene369.t1;Augustus}
1893943	1893370	INTRON			{Augustus_gene369.t1;Augustus}
1893982	1893944	initial-	4	6	{Augustus_gene369.t1;Augustus}

# EVM prediction: Mode:STANDARD S-ratio: 10000.00 1897524-1898225 orient(+) score(1404.00) noncoding_equivalent(0.14) raw_noncoding(0.00) offset(0.00)
1897524	1898225	single+	1	3	{Augustus_gene645.t1;Augustus}

# EVM prediction: Mode:STANDARD S-ratio: 10000.00 1908400-1912917 orient(-) score(9036.00) noncoding_equivalent(0.90) raw_noncoding(0.00) offset(0.00)
1912917	1908400	single-	4	6	{Augustus_gene956.t1;Augustus}

# EVM prediction: Mode:STANDARD S-ratio: 10000.00 1923601-1928451 orient(+) score(9702.00) noncoding_equivalent(0.97) raw_noncoding(0.00) offset(0.00)
1923601	1928451	single+	1	3	{Augustus_gene465.t1;Augustus}

# EVM prediction: Mode:STANDARD S-ratio: 10000.00 1930483-1932651 orient(-) score(4338.00) noncoding_equivalent(0.43) raw_noncoding(0.00) offset(0.00)
1932651	1930483	single-	4	6	{Augustus_gene431.t1;Augustus}

# EVM prediction: Mode:STANDARD S-ratio: 10000.00 1943024-1944274 orient(+) score(2502.00) noncoding_equivalent(0.25) raw_noncoding(0.00) offset(0.00)
1943024	1944274	single+	1	3	{Augustus_gene620.t1;Augustus}

# EVM prediction: Mode:STANDARD S-ratio: 10000.00 1956310-1961628 orient(-) score(10638.00) noncoding_equivalent(1.06) raw_noncoding(0.00) offset(0.00)
1961628	1956310	single-	4	6	{Augustus_gene1110.t1;Augustus}

# EVM prediction: Mode:STANDARD S-ratio: 10000.00 1968112-1969137 orient(-) score(2052.00) noncoding_equivalent(0.21) raw_noncoding(0.00) offset(0.00)
1969137	1968112	single-	4	6	{Augustus_gene315.t1;Augustus}

# EVM prediction: Mode:STANDARD S-ratio: 10000.00 1971897-1972931 orient(+) score(2070.00) noncoding_equivalent(0.21) raw_noncoding(0.00) offset(0.00)
1971897	1972931	single+	1	3	{Augustus_gene409.t1;Augustus}

# EVM prediction: Mode:STANDARD S-ratio: 10000.00 1985666-1987807 orient(-) score(4284.00) noncoding_equivalent(0.43) raw_noncoding(0.00) offset(0.00)
1987807	1985666	single-	4	6	{Augustus_gene168.t1;Augustus}

# EVM prediction: Mode:STANDARD S-ratio: 10000.00 1990609-1990890 orient(+) score(564.00) noncoding_equivalent(0.06) raw_noncoding(0.00) offset(0.00)
1990609	1990890	single+	1	3	{Augustus_gene404.t1;Augustus}

# EVM prediction: Mode:STANDARD S-ratio: 10000.00 1991021-1992085 orient(-) score(2130.00) noncoding_equivalent(0.21) raw_noncoding(0.00) offset(0.00)
1992085	1991021	single-	4	6	{Augustus_gene126.t1;Augustus}

# EVM prediction: Mode:STANDARD S-ratio: 10000.00 1997041-1997613 orient(-) score(1146.00) noncoding_equivalent(0.11) raw_noncoding(0.00) offset(0.00)
1997613	1997041	single-	4	6	{Augustus_gene528.t1;Augustus}

# EVM prediction: Mode:STANDARD S-ratio: 10000.00 1998904-2002518 orient(-) score(7230.00) noncoding_equivalent(0.72) raw_noncoding(0.00) offset(0.00)
2002518	1998904	single-	4	6	{Augustus_gene967.t1;Augustus}

# EVM prediction: Mode:STANDARD S-ratio: 10000.00 2002759-2003121 orient(+) score(726.00) noncoding_equivalent(0.07) raw_noncoding(0.00) offset(0.00)
2002759	2003121	single+	1	3	{Augustus_gene1091.t1;Augustus}

# EVM prediction: Mode:STANDARD S-ratio: 10000.00 2006911-2007726 orient(-) score(1632.00) noncoding_equivalent(0.16) raw_noncoding(0.00) offset(0.00)
2007726	2006911	single-	4	6	{Augustus_gene613.t1;Augustus}

# EVM prediction: Mode:STANDARD S-ratio: 10000.00 2014473-2015606 orient(-) score(2268.00) noncoding_equivalent(0.23) raw_noncoding(0.00) offset(0.00)
2015606	2014473	single-	4	6	{Augustus_gene29.t1;Augustus}

# EVM prediction: Mode:STANDARD S-ratio: 10000.00 2017195-2017737 orient(-) score(1086.00) noncoding_equivalent(0.11) raw_noncoding(0.00) offset(0.00)
2017737	2017195	single-	4	6	{Augustus_gene288.t1;Augustus}

# EVM prediction: Mode:STANDARD S-ratio: 10000.00 2017841-2018950 orient(-) score(2220.00) noncoding_equivalent(0.22) raw_noncoding(0.00) offset(0.00)
2018950	2017841	single-	4	6	{Augustus_gene31.t1;Augustus}

# EVM prediction: Mode:STANDARD S-ratio: 10000.00 2032766-2038724 orient(+) score(11918.00) noncoding_equivalent(1.19) raw_noncoding(0.00) offset(0.00)
2032766	2033210	initial+	1	1	{Augustus_gene440.t1;Augustus}
2033211	2033296	INTRON			{Augustus_gene440.t1;Augustus}
2033297	2033308	internal+	2	1	{Augustus_gene440.t1;Augustus}
2033309	2034233	INTRON			{Augustus_gene440.t1;Augustus}
2034234	2034253	internal+	2	3	{Augustus_gene440.t1;Augustus}
2034254	2034333	INTRON			{Augustus_gene440.t1;Augustus}
2034334	2034413	internal+	1	2	{Augustus_gene440.t1;Augustus}
2034414	2034714	INTRON			{Augustus_gene440.t1;Augustus}
2034715	2034736	internal+	3	3	{Augustus_gene440.t1;Augustus}
2034737	2034945	INTRON			{Augustus_gene440.t1;Augustus}
2034946	2034968	internal+	1	2	{Augustus_gene440.t1;Augustus}
2034969	2035042	INTRON			{Augustus_gene440.t1;Augustus}
2035043	2035058	internal+	3	3	{Augustus_gene440.t1;Augustus}
2035059	2035123	INTRON			{Augustus_gene440.t1;Augustus}
2035124	2035184	internal+	1	1	{Augustus_gene440.t1;Augustus}
2035185	2035381	INTRON			{Augustus_gene440.t1;Augustus}
2035382	2035400	internal+	2	2	{Augustus_gene440.t1;Augustus}
2035401	2036188	INTRON			{Augustus_gene440.t1;Augustus}
2036189	2036199	internal+	3	1	{Augustus_gene440.t1;Augustus}
2036200	2036524	INTRON			{Augustus_gene440.t1;Augustus}
2036525	2036539	internal+	2	1	{Augustus_gene440.t1;Augustus}
2036540	2036654	INTRON			{Augustus_gene440.t1;Augustus}
2036655	2036672	internal+	2	1	{Augustus_gene440.t1;Augustus}
2036673	2036830	INTRON			{Augustus_gene440.t1;Augustus}
2036831	2036846	internal+	2	2	{Augustus_gene440.t1;Augustus}
2036847	2037187	INTRON			{Augustus_gene440.t1;Augustus}
2037188	2037207	internal+	3	1	{Augustus_gene440.t1;Augustus}
2037208	2037389	INTRON			{Augustus_gene440.t1;Augustus}
2037390	2037399	internal+	2	2	{Augustus_gene440.t1;Augustus}
2037400	2037805	INTRON			{Augustus_gene440.t1;Augustus}
2037806	2038724	terminal+	3	3	{Augustus_gene440.t1;Augustus}

# EVM prediction: Mode:STANDARD S-ratio: 10000.00 2038803-2039567 orient(-) score(1530.00) noncoding_equivalent(0.15) raw_noncoding(0.00) offset(0.00)
2039567	2038803	single-	4	6	{Augustus_gene1145.t1;Augustus}

# EVM prediction: Mode:STANDARD S-ratio: 10000.00 2039716-2041431 orient(+) score(3432.00) noncoding_equivalent(0.34) raw_noncoding(0.00) offset(0.00)
2039716	2041431	single+	1	3	{Augustus_gene201.t1;Augustus}

# EVM prediction: Mode:STANDARD S-ratio: 10000.00 2041444-2043573 orient(-) score(4260.00) noncoding_equivalent(0.43) raw_noncoding(0.00) offset(0.00)
2043573	2041444	single-	4	6	{Augustus_gene1011.t1;Augustus}

# EVM prediction: Mode:STANDARD S-ratio: 10000.00 2050818-2053436 orient(-) score(5238.00) noncoding_equivalent(0.52) raw_noncoding(0.00) offset(0.00)
2053436	2050818	single-	4	6	{Augustus_gene935.t1;Augustus}

# EVM prediction: Mode:STANDARD S-ratio: 10000.00 2056275-2057299 orient(+) score(2050.00) noncoding_equivalent(0.21) raw_noncoding(0.00) offset(0.00)
2056275	2056888	initial+	1	2	{Augustus_gene368.t1;Augustus}
2056889	2057073	INTRON			{Augustus_gene368.t1;Augustus}
2057074	2057136	internal+	3	2	{Augustus_gene368.t1;Augustus}
2057137	2057232	INTRON			{Augustus_gene368.t1;Augustus}
2057233	2057299	terminal+	3	3	{Augustus_gene368.t1;Augustus}

# EVM prediction: Mode:STANDARD S-ratio: 10000.00 2060125-2061441 orient(-) score(2634.00) noncoding_equivalent(0.26) raw_noncoding(0.00) offset(0.00)
2061441	2060125	single-	4	6	{Augustus_gene509.t1;Augustus}

# EVM prediction: Mode:STANDARD S-ratio: 10000.00 2068933-2069455 orient(-) score(1046.00) noncoding_equivalent(0.10) raw_noncoding(0.00) offset(0.00)
2069380	2068933	terminal-	6	6	{Augustus_gene943.t1;Augustus}
2069441	2069381	INTRON			{Augustus_gene943.t1;Augustus}
2069455	2069442	initial-	4	5	{Augustus_gene943.t1;Augustus}

# EVM prediction: Mode:STANDARD S-ratio: 10000.00 2069686-2070179 orient(+) score(988.00) noncoding_equivalent(0.10) raw_noncoding(0.00) offset(0.00)
2069686	2069714	initial+	1	2	{Augustus_gene109.t1;Augustus}
2069715	2069860	INTRON			{Augustus_gene109.t1;Augustus}
2069861	2070179	terminal+	3	3	{Augustus_gene109.t1;Augustus}

# EVM prediction: Mode:STANDARD S-ratio: 10000.00 2070609-2073389 orient(+) score(5562.00) noncoding_equivalent(0.56) raw_noncoding(0.00) offset(0.00)
2070609	2073389	single+	1	3	{Augustus_gene333.t1;Augustus}

# EVM prediction: Mode:STANDARD S-ratio: 10000.00 2080197-2081750 orient(-) score(3108.00) noncoding_equivalent(0.31) raw_noncoding(0.00) offset(0.00)
2081750	2080197	single-	4	6	{Augustus_gene518.t1;Augustus}

# EVM prediction: Mode:STANDARD S-ratio: 10000.00 2081950-2082882 orient(+) score(1866.00) noncoding_equivalent(0.19) raw_noncoding(0.00) offset(0.00)
2081950	2082882	single+	1	3	{Augustus_gene964.t1;Augustus}

# EVM prediction: Mode:STANDARD S-ratio: 10000.00 2084592-2085779 orient(-) score(2376.00) noncoding_equivalent(0.24) raw_noncoding(0.00) offset(0.00)
2085779	2084592	single-	4	6	{Augustus_gene820.t1;Augustus}

# EVM prediction: Mode:STANDARD S-ratio: 10000.00 2091389-2091856 orient(-) score(936.00) noncoding_equivalent(0.09) raw_noncoding(0.00) offset(0.00)
2091856	2091389	single-	4	6	{Augustus_gene944.t1;Augustus}

# EVM prediction: Mode:STANDARD S-ratio: 10000.00 2093844-2094233 orient(+) score(780.00) noncoding_equivalent(0.08) raw_noncoding(0.00) offset(0.00)
2093844	2094233	single+	1	3	{Augustus_gene972.t1;Augustus}

# EVM prediction: Mode:STANDARD S-ratio: 10000.00 2096785-2099799 orient(-) score(6030.00) noncoding_equivalent(0.60) raw_noncoding(0.00) offset(0.00)
2099799	2096785	single-	4	6	{Augustus_gene644.t1;Augustus}

# EVM prediction: Mode:STANDARD S-ratio: 10000.00 2109364-2112384 orient(+) score(6042.00) noncoding_equivalent(0.60) raw_noncoding(0.00) offset(0.00)
2109364	2112384	single+	1	3	{Augustus_gene56.t1;Augustus}

# EVM prediction: Mode:STANDARD S-ratio: 10000.00 2125133-2127682 orient(-) score(5100.00) noncoding_equivalent(0.51) raw_noncoding(0.00) offset(0.00)
2127682	2125133	single-	4	6	{Augustus_gene873.t1;Augustus}

# EVM prediction: Mode:STANDARD S-ratio: 10000.00 2133204-2134094 orient(+) score(1782.00) noncoding_equivalent(0.18) raw_noncoding(0.00) offset(0.00)
2133204	2134094	single+	1	3	{Augustus_gene190.t1;Augustus}

# EVM prediction: Mode:STANDARD S-ratio: 10000.00 2143993-2144693 orient(-) score(1402.00) noncoding_equivalent(0.14) raw_noncoding(0.00) offset(0.00)
2144543	2143993	terminal-	5	6	{Augustus_gene41.t1;Augustus}
2144596	2144544	INTRON			{Augustus_gene41.t1;Augustus}
2144693	2144597	initial-	4	4	{Augustus_gene41.t1;Augustus}

# EVM prediction: Mode:STANDARD S-ratio: 10000.00 2153586-2153933 orient(+) score(696.00) noncoding_equivalent(0.07) raw_noncoding(0.00) offset(0.00)
2153586	2153933	single+	1	3	{Augustus_gene500.t1;Augustus}

# EVM prediction: Mode:STANDARD S-ratio: 10000.00 2154944-2155771 orient(+) score(1656.00) noncoding_equivalent(0.17) raw_noncoding(0.00) offset(0.00)
2154944	2155771	single+	1	3	{Augustus_gene962.t1;Augustus}

# EVM prediction: Mode:STANDARD S-ratio: 10000.00 2163764-2164000 orient(+) score(474.00) noncoding_equivalent(0.05) raw_noncoding(0.00) offset(0.00)
2163764	2164000	single+	1	3	{Augustus_gene666.t1;Augustus}

# EVM prediction: Mode:STANDARD S-ratio: 10000.00 2165858-2166976 orient(-) score(2238.00) noncoding_equivalent(0.22) raw_noncoding(0.00) offset(0.00)
2166976	2165858	single-	4	6	{Augustus_gene235.t1;Augustus}

# EVM prediction: Mode:STANDARD S-ratio: 10000.00 2181382-2182479 orient(+) score(2196.00) noncoding_equivalent(0.22) raw_noncoding(0.00) offset(0.00)
2181382	2182479	single+	1	3	{Augustus_gene125.t1;Augustus}

# EVM prediction: Mode:STANDARD S-ratio: 10000.00 2185784-2188215 orient(-) score(4864.00) noncoding_equivalent(0.49) raw_noncoding(0.00) offset(0.00)
2187018	2185784	terminal-	5	6	{Augustus_gene251.t1;Augustus}
2187299	2187019	INTRON			{Augustus_gene251.t1;Augustus}
2187796	2187300	internal-	6	4	{Augustus_gene251.t1;Augustus}
2187862	2187797	INTRON			{Augustus_gene251.t1;Augustus}
2188215	2187863	initial-	4	5	{Augustus_gene251.t1;Augustus}

# EVM prediction: Mode:STANDARD S-ratio: 10000.00 2189985-2191325 orient(-) score(2682.00) noncoding_equivalent(0.27) raw_noncoding(0.00) offset(0.00)
2191325	2189985	single-	4	6	{Augustus_gene954.t1;Augustus}

# EVM prediction: Mode:STANDARD S-ratio: 10000.00 2191724-2192572 orient(+) score(1698.00) noncoding_equivalent(0.17) raw_noncoding(0.00) offset(0.00)
2191724	2192572	single+	1	3	{Augustus_gene781.t1;Augustus}

# EVM prediction: Mode:STANDARD S-ratio: 10000.00 2229704-2230387 orient(+) score(1368.00) noncoding_equivalent(0.14) raw_noncoding(0.00) offset(0.00)
2229704	2230387	single+	1	3	{Augustus_gene380.t1;Augustus}

# EVM prediction: Mode:STANDARD S-ratio: 10000.00 2230529-2231014 orient(-) score(972.00) noncoding_equivalent(0.10) raw_noncoding(0.00) offset(0.00)
2231014	2230529	single-	4	6	{Augustus_gene1069.t1;Augustus}

# EVM prediction: Mode:STANDARD S-ratio: 10000.00 2232912-2234537 orient(+) score(3252.00) noncoding_equivalent(0.33) raw_noncoding(0.00) offset(0.00)
2232912	2233190	initial+	1	3	{Augustus_gene769.t1;Augustus}
2233191	2233421	INTRON			{Augustus_gene769.t1;Augustus}
2233422	2233580	internal+	1	3	{Augustus_gene769.t1;Augustus}
2233581	2233684	INTRON			{Augustus_gene769.t1;Augustus}
2233685	2233711	internal+	1	3	{Augustus_gene769.t1;Augustus}
2233712	2233937	INTRON			{Augustus_gene769.t1;Augustus}
2233938	2234537	terminal+	1	3	{Augustus_gene769.t1;Augustus}

# EVM prediction: Mode:STANDARD S-ratio: 10000.00 2236866-2237780 orient(+) score(1830.00) noncoding_equivalent(0.18) raw_noncoding(0.00) offset(0.00)
2236866	2237780	single+	1	3	{Augustus_gene806.t1;Augustus}

# EVM prediction: Mode:STANDARD S-ratio: 10000.00 2237939-2239306 orient(+) score(2736.00) noncoding_equivalent(0.27) raw_noncoding(0.00) offset(0.00)
2237939	2239306	single+	1	3	{Augustus_gene663.t1;Augustus}

# EVM prediction: Mode:STANDARD S-ratio: 10000.00 2239344-2241716 orient(-) score(4746.00) noncoding_equivalent(0.47) raw_noncoding(0.00) offset(0.00)
2241716	2239344	single-	4	6	{Augustus_gene602.t1;Augustus}

# EVM prediction: Mode:STANDARD S-ratio: 10000.00 2245796-2246494 orient(+) score(1398.00) noncoding_equivalent(0.14) raw_noncoding(0.00) offset(0.00)
2245796	2246494	single+	1	3	{Augustus_gene904.t1;Augustus}

# EVM prediction: Mode:STANDARD S-ratio: 10000.00 2262569-2263499 orient(+) score(1862.00) noncoding_equivalent(0.19) raw_noncoding(0.00) offset(0.00)
2262569	2262621	initial+	1	2	{Augustus_gene403.t1;Augustus}
2262622	2262682	INTRON			{Augustus_gene403.t1;Augustus}
2262683	2263499	terminal+	3	3	{Augustus_gene403.t1;Augustus}

# EVM prediction: Mode:STANDARD S-ratio: 10000.00 2268438-2269943 orient(-) score(3012.00) noncoding_equivalent(0.30) raw_noncoding(0.00) offset(0.00)
2269943	2268438	single-	4	6	{Augustus_gene227.t1;Augustus}

# EVM prediction: Mode:STANDARD S-ratio: 10000.00 2279990-2281474 orient(+) score(2970.00) noncoding_equivalent(0.30) raw_noncoding(0.00) offset(0.00)
2279990	2281474	single+	1	3	{Augustus_gene17.t1;Augustus}

# EVM prediction: Mode:STANDARD S-ratio: 10000.00 2286983-2288401 orient(+) score(2838.00) noncoding_equivalent(0.28) raw_noncoding(0.00) offset(0.00)
2286983	2288401	single+	1	3	{Augustus_gene1124.t1;Augustus}

# EVM prediction: Mode:STANDARD S-ratio: 10000.00 2299273-2299793 orient(+) score(1042.00) noncoding_equivalent(0.10) raw_noncoding(0.00) offset(0.00)
2299273	2299282	initial+	1	1	{Augustus_gene921.t1;Augustus}
2299283	2299368	INTRON			{Augustus_gene921.t1;Augustus}
2299369	2299793	terminal+	2	3	{Augustus_gene921.t1;Augustus}

# EVM prediction: Mode:STANDARD S-ratio: 10000.00 2301743-2303080 orient(+) score(2676.00) noncoding_equivalent(0.27) raw_noncoding(0.00) offset(0.00)
2301743	2303080	single+	1	3	{Augustus_gene724.t1;Augustus}

# EVM prediction: Mode:STANDARD S-ratio: 10000.00 2307568-2309796 orient(-) score(4458.00) noncoding_equivalent(0.45) raw_noncoding(0.00) offset(0.00)
2309796	2307568	single-	4	6	{Augustus_gene1004.t1;Augustus}

# EVM prediction: Mode:STANDARD S-ratio: 10000.00 2310011-2312569 orient(-) score(5118.00) noncoding_equivalent(0.51) raw_noncoding(0.00) offset(0.00)
2312569	2310011	single-	4	6	{Augustus_gene538.t1;Augustus}

# EVM prediction: Mode:STANDARD S-ratio: 10000.00 2312675-2318088 orient(+) score(10828.00) noncoding_equivalent(1.08) raw_noncoding(0.00) offset(0.00)
2312675	2312690	initial+	1	1	{Augustus_gene192.t1;Augustus}
2312691	2313327	INTRON			{Augustus_gene192.t1;Augustus}
2313328	2313341	internal+	2	3	{Augustus_gene192.t1;Augustus}
2313342	2313537	INTRON			{Augustus_gene192.t1;Augustus}
2313538	2313575	internal+	1	2	{Augustus_gene192.t1;Augustus}
2313576	2313711	INTRON			{Augustus_gene192.t1;Augustus}
2313712	2313724	internal+	3	3	{Augustus_gene192.t1;Augustus}
2313725	2313897	INTRON			{Augustus_gene192.t1;Augustus}
2313898	2313908	internal+	1	2	{Augustus_gene192.t1;Augustus}
2313909	2313982	INTRON			{Augustus_gene192.t1;Augustus}
2313983	2314010	internal+	3	3	{Augustus_gene192.t1;Augustus}
2314011	2314089	INTRON			{Augustus_gene192.t1;Augustus}
2314090	2314110	internal+	1	3	{Augustus_gene192.t1;Augustus}
2314111	2314170	INTRON			{Augustus_gene192.t1;Augustus}
2314171	2314180	internal+	1	1	{Augustus_gene192.t1;Augustus}
2314181	2314463	INTRON			{Augustus_gene192.t1;Augustus}
2314464	2315147	internal+	2	1	{Augustus_gene192.t1;Augustus}
2315148	2315891	INTRON			{Augustus_gene192.t1;Augustus}
2315892	2315918	internal+	2	1	{Augustus_gene192.t1;Augustus}
2315919	2316260	INTRON			{Augustus_gene192.t1;Augustus}
2316261	2316337	internal+	2	3	{Augustus_gene192.t1;Augustus}
2316338	2316679	INTRON			{Augustus_gene192.t1;Augustus}
2316680	2316744	internal+	1	2	{Augustus_gene192.t1;Augustus}
2316745	2317076	INTRON			{Augustus_gene192.t1;Augustus}
2317077	2318088	terminal+	3	3	{Augustus_gene192.t1;Augustus}

# EVM prediction: Mode:STANDARD S-ratio: 10000.00 2320228-2322759 orient(+) score(5064.00) noncoding_equivalent(0.51) raw_noncoding(0.00) offset(0.00)
2320228	2322759	single+	1	3	{Augustus_gene981.t1;Augustus}

# EVM prediction: Mode:STANDARD S-ratio: 10000.00 2323529-2325832 orient(+) score(4608.00) noncoding_equivalent(0.46) raw_noncoding(0.00) offset(0.00)
2323529	2325832	single+	1	3	{Augustus_gene387.t1;Augustus}

# EVM prediction: Mode:STANDARD S-ratio: 10000.00 2327280-2329727 orient(-) score(4896.00) noncoding_equivalent(0.49) raw_noncoding(0.00) offset(0.00)
2329727	2327280	single-	4	6	{Augustus_gene247.t1;Augustus}

# EVM prediction: Mode:STANDARD S-ratio: 10000.00 2338685-2342842 orient(-) score(8316.00) noncoding_equivalent(0.83) raw_noncoding(0.00) offset(0.00)
2342548	2338685	terminal-	4	6	{Augustus_gene352.t1;Augustus}
2342629	2342549	INTRON			{Augustus_gene352.t1;Augustus}
2342633	2342630	internal-	6	6	{Augustus_gene352.t1;Augustus}
2342831	2342634	INTRON			{Augustus_gene352.t1;Augustus}
2342842	2342832	initial-	4	5	{Augustus_gene352.t1;Augustus}

# EVM prediction: Mode:STANDARD S-ratio: 10000.00 2342901-2345126 orient(+) score(4452.00) noncoding_equivalent(0.45) raw_noncoding(0.00) offset(0.00)
2342901	2345126	single+	1	3	{Augustus_gene167.t1;Augustus}

# EVM prediction: Mode:STANDARD S-ratio: 10000.00 2360487-2362928 orient(+) score(4884.00) noncoding_equivalent(0.49) raw_noncoding(0.00) offset(0.00)
2360487	2362078	initial+	1	2	{Augustus_gene1094.t1;Augustus}
2362079	2362696	INTRON			{Augustus_gene1094.t1;Augustus}
2362697	2362928	terminal+	3	3	{Augustus_gene1094.t1;Augustus}

# EVM prediction: Mode:STANDARD S-ratio: 10000.00 2369186-2369848 orient(-) score(1326.00) noncoding_equivalent(0.13) raw_noncoding(0.00) offset(0.00)
2369848	2369186	single-	4	6	{Augustus_gene318.t1;Augustus}

# EVM prediction: Mode:STANDARD S-ratio: 10000.00 2370291-2373308 orient(+) score(6036.00) noncoding_equivalent(0.60) raw_noncoding(0.00) offset(0.00)
2370291	2373308	single+	1	3	{Augustus_gene1002.t1;Augustus}

# EVM prediction: Mode:STANDARD S-ratio: 10000.00 2385319-2388549 orient(+) score(6462.00) noncoding_equivalent(0.65) raw_noncoding(0.00) offset(0.00)
2385319	2388549	single+	1	3	{Augustus_gene929.t1;Augustus}

# EVM prediction: Mode:STANDARD S-ratio: 10000.00 2391204-2392043 orient(+) score(1680.00) noncoding_equivalent(0.17) raw_noncoding(0.00) offset(0.00)
2391204	2392043	single+	1	3	{Augustus_gene791.t1;Augustus}

# EVM prediction: Mode:STANDARD S-ratio: 10000.00 2412412-2417382 orient(-) score(9942.00) noncoding_equivalent(0.99) raw_noncoding(0.00) offset(0.00)
2417382	2412412	single-	4	6	{Augustus_gene215.t1;Augustus}

# EVM prediction: Mode:STANDARD S-ratio: 10000.00 2420134-2423089 orient(-) score(5912.00) noncoding_equivalent(0.59) raw_noncoding(0.00) offset(0.00)
2420168	2420134	terminal-	5	6	{Augustus_gene835.t1;Augustus}
2420532	2420169	INTRON			{Augustus_gene835.t1;Augustus}
2423089	2420533	initial-	4	4	{Augustus_gene835.t1;Augustus}

# EVM prediction: Mode:STANDARD S-ratio: 10000.00 2424867-2428913 orient(-) score(8094.00) noncoding_equivalent(0.81) raw_noncoding(0.00) offset(0.00)
2428913	2424867	single-	4	6	{Augustus_gene323.t1;Augustus}

# EVM prediction: Mode:STANDARD S-ratio: 10000.00 2436199-2437308 orient(+) score(2220.00) noncoding_equivalent(0.22) raw_noncoding(0.00) offset(0.00)
2436199	2437308	single+	1	3	{Augustus_gene98.t1;Augustus}

# EVM prediction: Mode:STANDARD S-ratio: 10000.00 2437344-2438012 orient(-) score(1338.00) noncoding_equivalent(0.13) raw_noncoding(0.00) offset(0.00)
2438012	2437344	single-	4	6	{Augustus_gene69.t1;Augustus}

# EVM prediction: Mode:STANDARD S-ratio: 10000.00 2438198-2439532 orient(+) score(2670.00) noncoding_equivalent(0.27) raw_noncoding(0.00) offset(0.00)
2438198	2439532	single+	1	3	{Augustus_gene656.t1;Augustus}

# EVM prediction: Mode:STANDARD S-ratio: 10000.00 2439667-2441391 orient(+) score(3450.00) noncoding_equivalent(0.35) raw_noncoding(0.00) offset(0.00)
2439667	2441391	single+	1	3	{Augustus_gene445.t1;Augustus}

# EVM prediction: Mode:STANDARD S-ratio: 10000.00 2454404-2455549 orient(-) score(2292.00) noncoding_equivalent(0.23) raw_noncoding(0.00) offset(0.00)
2455549	2454404	single-	4	6	{Augustus_gene568.t1;Augustus}

# EVM prediction: Mode:STANDARD S-ratio: 10000.00 2455809-2456606 orient(-) score(1596.00) noncoding_equivalent(0.16) raw_noncoding(0.00) offset(0.00)
2456606	2455809	single-	4	6	{Augustus_gene438.t1;Augustus}

# EVM prediction: Mode:STANDARD S-ratio: 10000.00 2474359-2474964 orient(-) score(1212.00) noncoding_equivalent(0.12) raw_noncoding(0.00) offset(0.00)
2474964	2474359	single-	4	6	{Augustus_gene61.t1;Augustus}

# EVM prediction: Mode:STANDARD S-ratio: 10000.00 2475150-2476895 orient(+) score(3492.00) noncoding_equivalent(0.35) raw_noncoding(0.00) offset(0.00)
2475150	2476895	single+	1	3	{Augustus_gene810.t1;Augustus}

# EVM prediction: Mode:STANDARD S-ratio: 10000.00 2478163-2480007 orient(-) score(3690.00) noncoding_equivalent(0.37) raw_noncoding(0.00) offset(0.00)
2480007	2478163	single-	4	6	{Augustus_gene754.t1;Augustus}

# EVM prediction: Mode:STANDARD S-ratio: 10000.00 2506190-2506981 orient(+) score(1584.00) noncoding_equivalent(0.16) raw_noncoding(0.00) offset(0.00)
2506190	2506981	single+	1	3	{Augustus_gene942.t1;Augustus}

# EVM prediction: Mode:STANDARD S-ratio: 10000.00 2511896-2513659 orient(-) score(3528.00) noncoding_equivalent(0.35) raw_noncoding(0.00) offset(0.00)
2513659	2511896	single-	4	6	{Augustus_gene277.t1;Augustus}

# EVM prediction: Mode:STANDARD S-ratio: 10000.00 2516145-2519622 orient(-) score(6956.00) noncoding_equivalent(0.70) raw_noncoding(0.00) offset(0.00)
2517109	2516145	terminal-	5	6	{Augustus_gene865.t1;Augustus}
2517182	2517110	INTRON			{Augustus_gene865.t1;Augustus}
2517284	2517183	internal-	5	4	{Augustus_gene865.t1;Augustus}
2517338	2517285	INTRON			{Augustus_gene865.t1;Augustus}
2517381	2517339	internal-	4	4	{Augustus_gene865.t1;Augustus}
2517767	2517382	INTRON			{Augustus_gene865.t1;Augustus}
2518145	2517768	internal-	4	6	{Augustus_gene865.t1;Augustus}
2518376	2518146	INTRON			{Augustus_gene865.t1;Augustus}
2519466	2518377	internal-	6	6	{Augustus_gene865.t1;Augustus}
2519572	2519467	INTRON			{Augustus_gene865.t1;Augustus}
2519622	2519573	initial-	4	5	{Augustus_gene865.t1;Augustus}

# EVM prediction: Mode:STANDARD S-ratio: 10000.00 2519824-2523057 orient(+) score(6468.00) noncoding_equivalent(0.65) raw_noncoding(0.00) offset(0.00)
2519824	2523057	single+	1	3	{Augustus_gene1032.t1;Augustus}

# EVM prediction: Mode:STANDARD S-ratio: 10000.00 2537542-2541597 orient(-) score(8112.00) noncoding_equivalent(0.81) raw_noncoding(0.00) offset(0.00)
2541597	2537542	single-	4	6	{Augustus_gene771.t1;Augustus}

# EVM prediction: Mode:STANDARD S-ratio: 10000.00 2541745-2542986 orient(+) score(2484.00) noncoding_equivalent(0.25) raw_noncoding(0.00) offset(0.00)
2541745	2542986	single+	1	3	{Augustus_gene710.t1;Augustus}

# EVM prediction: Mode:STANDARD S-ratio: 10000.00 2559718-2561850 orient(+) score(4266.00) noncoding_equivalent(0.43) raw_noncoding(0.00) offset(0.00)
2559718	2561850	single+	1	3	{Augustus_gene1150.t1;Augustus}

# EVM prediction: Mode:STANDARD S-ratio: 10000.00 2575815-2577866 orient(-) score(4104.00) noncoding_equivalent(0.41) raw_noncoding(0.00) offset(0.00)
2577866	2575815	single-	4	6	{Augustus_gene149.t1;Augustus}

# EVM prediction: Mode:STANDARD S-ratio: 10000.00 2583713-2587577 orient(+) score(7730.00) noncoding_equivalent(0.77) raw_noncoding(0.00) offset(0.00)
2583713	2583775	initial+	1	3	{Augustus_gene275.t1;Augustus}
2583776	2583814	INTRON			{Augustus_gene275.t1;Augustus}
2583815	2584261	internal+	1	3	{Augustus_gene275.t1;Augustus}
2584262	2584308	INTRON			{Augustus_gene275.t1;Augustus}
2584309	2584667	internal+	1	2	{Augustus_gene275.t1;Augustus}
2584668	2584851	INTRON			{Augustus_gene275.t1;Augustus}
2584852	2584861	internal+	3	3	{Augustus_gene275.t1;Augustus}
2584862	2585440	INTRON			{Augustus_gene275.t1;Augustus}
2585441	2585460	internal+	1	2	{Augustus_gene275.t1;Augustus}
2585461	2585508	INTRON			{Augustus_gene275.t1;Augustus}
2585509	2585520	internal+	3	2	{Augustus_gene275.t1;Augustus}
2585521	2585828	INTRON			{Augustus_gene275.t1;Augustus}
2585829	2585861	internal+	3	2	{Augustus_gene275.t1;Augustus}
2585862	2585933	INTRON			{Augustus_gene275.t1;Augustus}
2585934	2585955	internal+	3	3	{Augustus_gene275.t1;Augustus}
2585956	2586020	INTRON			{Augustus_gene275.t1;Augustus}
2586021	2586036	internal+	1	1	{Augustus_gene275.t1;Augustus}
2586037	2586080	INTRON			{Augustus_gene275.t1;Augustus}
2586081	2586106	internal+	2	3	{Augustus_gene275.t1;Augustus}
2586107	2586845	INTRON			{Augustus_gene275.t1;Augustus}
2586846	2586870	internal+	1	1	{Augustus_gene275.t1;Augustus}
2586871	2587365	INTRON			{Augustus_gene275.t1;Augustus}
2587366	2587385	internal+	2	3	{Augustus_gene275.t1;Augustus}
2587386	2587541	INTRON			{Augustus_gene275.t1;Augustus}
2587542	2587577	terminal+	1	3	{Augustus_gene275.t1;Augustus}

# EVM prediction: Mode:STANDARD S-ratio: 10000.00 2595585-2596706 orient(-) score(2244.00) noncoding_equivalent(0.22) raw_noncoding(0.00) offset(0.00)
2596706	2595585	single-	4	6	{Augustus_gene622.t1;Augustus}

# EVM prediction: Mode:STANDARD S-ratio: 10000.00 2596878-2599673 orient(+) score(5592.00) noncoding_equivalent(0.56) raw_noncoding(0.00) offset(0.00)
2596878	2599673	single+	1	3	{Augustus_gene40.t1;Augustus}

# EVM prediction: Mode:STANDARD S-ratio: 10000.00 2603381-2604253 orient(+) score(1746.00) noncoding_equivalent(0.17) raw_noncoding(0.00) offset(0.00)
2603381	2604253	single+	1	3	{Augustus_gene1001.t1;Augustus}

# EVM prediction: Mode:STANDARD S-ratio: 10000.00 2607038-2608531 orient(-) score(2988.00) noncoding_equivalent(0.30) raw_noncoding(0.00) offset(0.00)
2608531	2607038	single-	4	6	{Augustus_gene152.t1;Augustus}

# EVM prediction: Mode:STANDARD S-ratio: 10000.00 2608861-2610639 orient(+) score(3558.00) noncoding_equivalent(0.36) raw_noncoding(0.00) offset(0.00)
2608861	2608876	initial+	1	1	{Augustus_gene26.t1;Augustus}
2608877	2608939	INTRON			{Augustus_gene26.t1;Augustus}
2608940	2610639	terminal+	2	3	{Augustus_gene26.t1;Augustus}

# EVM prediction: Mode:STANDARD S-ratio: 10000.00 2610658-2611398 orient(-) score(1482.00) noncoding_equivalent(0.15) raw_noncoding(0.00) offset(0.00)
2611398	2610658	single-	4	6	{Augustus_gene25.t1;Augustus}

# EVM prediction: Mode:STANDARD S-ratio: 10000.00 2616966-2618621 orient(+) score(3312.00) noncoding_equivalent(0.33) raw_noncoding(0.00) offset(0.00)
2616966	2618621	single+	1	3	{Augustus_gene1075.t1;Augustus}

# EVM prediction: Mode:STANDARD S-ratio: 10000.00 2618824-2620122 orient(+) score(2598.00) noncoding_equivalent(0.26) raw_noncoding(0.00) offset(0.00)
2618824	2620122	single+	1	3	{Augustus_gene367.t1;Augustus}

# EVM prediction: Mode:STANDARD S-ratio: 10000.00 2628351-2630864 orient(-) score(5024.00) noncoding_equivalent(0.50) raw_noncoding(0.00) offset(0.00)
2628703	2628351	terminal-	5	6	{Augustus_gene1155.t1;Augustus}
2628766	2628704	INTRON			{Augustus_gene1155.t1;Augustus}
2628892	2628767	internal-	5	4	{Augustus_gene1155.t1;Augustus}
2629522	2628893	INTRON			{Augustus_gene1155.t1;Augustus}
2630770	2629523	internal-	5	4	{Augustus_gene1155.t1;Augustus}
2630827	2630771	INTRON			{Augustus_gene1155.t1;Augustus}
2630864	2630828	initial-	4	4	{Augustus_gene1155.t1;Augustus}

# EVM prediction: Mode:STANDARD S-ratio: 10000.00 2639026-2639358 orient(+) score(666.00) noncoding_equivalent(0.07) raw_noncoding(0.00) offset(0.00)
2639026	2639358	single+	1	3	{Augustus_gene23.t1;Augustus}

# EVM prediction: Mode:STANDARD S-ratio: 10000.00 2639704-2644320 orient(+) score(9234.00) noncoding_equivalent(0.92) raw_noncoding(0.00) offset(0.00)
2639704	2644320	single+	1	3	{Augustus_gene110.t1;Augustus}

# EVM prediction: Mode:STANDARD S-ratio: 10000.00 2647156-2649561 orient(+) score(4812.00) noncoding_equivalent(0.48) raw_noncoding(0.00) offset(0.00)
2647156	2649561	single+	1	3	{Augustus_gene1085.t1;Augustus}

# EVM prediction: Mode:STANDARD S-ratio: 10000.00 2661852-2664955 orient(-) score(6208.00) noncoding_equivalent(0.62) raw_noncoding(0.00) offset(0.00)
2663592	2661852	terminal-	6	6	{Augustus_gene522.t1;Augustus}
2664158	2663593	INTRON			{Augustus_gene522.t1;Augustus}
2664531	2664159	internal-	5	5	{Augustus_gene522.t1;Augustus}
2664624	2664532	INTRON			{Augustus_gene522.t1;Augustus}
2664955	2664625	initial-	4	4	{Augustus_gene522.t1;Augustus}

# EVM prediction: Mode:STANDARD S-ratio: 10000.00 2678067-2678669 orient(+) score(1206.00) noncoding_equivalent(0.12) raw_noncoding(0.00) offset(0.00)
2678067	2678669	single+	1	3	{Augustus_gene883.t1;Augustus}

# EVM prediction: Mode:STANDARD S-ratio: 10000.00 2682761-2683288 orient(+) score(1056.00) noncoding_equivalent(0.11) raw_noncoding(0.00) offset(0.00)
2682761	2683288	single+	1	3	{Augustus_gene659.t1;Augustus}

# EVM prediction: Mode:STANDARD S-ratio: 10000.00 2683342-2683662 orient(-) score(642.00) noncoding_equivalent(0.06) raw_noncoding(0.00) offset(0.00)
2683662	2683342	single-	4	6	{Augustus_gene502.t1;Augustus}

# EVM prediction: Mode:STANDARD S-ratio: 10000.00 2693651-2694629 orient(-) score(1958.00) noncoding_equivalent(0.20) raw_noncoding(0.00) offset(0.00)
2694500	2693651	terminal-	6	6	{Augustus_gene399.t1;Augustus}
2694549	2694501	INTRON			{Augustus_gene399.t1;Augustus}
2694629	2694550	initial-	4	5	{Augustus_gene399.t1;Augustus}

# EVM prediction: Mode:STANDARD S-ratio: 10000.00 2697827-2699050 orient(+) score(2448.00) noncoding_equivalent(0.24) raw_noncoding(0.00) offset(0.00)
2697827	2699050	single+	1	3	{Augustus_gene427.t1;Augustus}

# EVM prediction: Mode:STANDARD S-ratio: 10000.00 2702416-2707012 orient(+) score(9194.00) noncoding_equivalent(0.92) raw_noncoding(0.00) offset(0.00)
2702416	2702965	initial+	1	1	{Augustus_gene947.t1;Augustus}
2702966	2703019	INTRON			{Augustus_gene947.t1;Augustus}
2703020	2703087	internal+	2	3	{Augustus_gene947.t1;Augustus}
2703088	2703133	INTRON			{Augustus_gene947.t1;Augustus}
2703134	2703160	internal+	1	3	{Augustus_gene947.t1;Augustus}
2703161	2703270	INTRON			{Augustus_gene947.t1;Augustus}
2703271	2703355	internal+	1	1	{Augustus_gene947.t1;Augustus}
2703356	2703586	INTRON			{Augustus_gene947.t1;Augustus}
2703587	2703698	internal+	2	2	{Augustus_gene947.t1;Augustus}
2703699	2704141	INTRON			{Augustus_gene947.t1;Augustus}
2704142	2704201	internal+	3	2	{Augustus_gene947.t1;Augustus}
2704202	2704666	INTRON			{Augustus_gene947.t1;Augustus}
2704667	2704680	internal+	3	1	{Augustus_gene947.t1;Augustus}
2704681	2704800	INTRON			{Augustus_gene947.t1;Augustus}
2704801	2704816	internal+	2	2	{Augustus_gene947.t1;Augustus}
2704817	2705710	INTRON			{Augustus_gene947.t1;Augustus}
2705711	2705725	internal+	3	2	{Augustus_gene947.t1;Augustus}
2705726	2705776	INTRON			{Augustus_gene947.t1;Augustus}
2705777	2705964	internal+	3	1	{Augustus_gene947.t1;Augustus}
2705965	2706657	INTRON			{Augustus_gene947.t1;Augustus}
2706658	2706776	internal+	2	3	{Augustus_gene947.t1;Augustus}
2706777	2706979	INTRON			{Augustus_gene947.t1;Augustus}
2706980	2707012	terminal+	1	3	{Augustus_gene947.t1;Augustus}

# EVM prediction: Mode:STANDARD S-ratio: 10000.00 2710057-2712759 orient(+) score(5406.00) noncoding_equivalent(0.54) raw_noncoding(0.00) offset(0.00)
2710057	2712759	single+	1	3	{Augustus_gene329.t1;Augustus}

# EVM prediction: Mode:STANDARD S-ratio: 10000.00 2722329-2723075 orient(-) score(1494.00) noncoding_equivalent(0.15) raw_noncoding(0.00) offset(0.00)
2723075	2722329	single-	4	6	{Augustus_gene471.t1;Augustus}

# EVM prediction: Mode:STANDARD S-ratio: 10000.00 2736483-2737367 orient(-) score(1770.00) noncoding_equivalent(0.18) raw_noncoding(0.00) offset(0.00)
2737367	2736483	single-	4	6	{Augustus_gene129.t1;Augustus}

# EVM prediction: Mode:STANDARD S-ratio: 10000.00 2746008-2748251 orient(+) score(4488.00) noncoding_equivalent(0.45) raw_noncoding(0.00) offset(0.00)
2746008	2748251	single+	1	3	{Augustus_gene28.t1;Augustus}

# EVM prediction: Mode:STANDARD S-ratio: 10000.00 2754159-2757502 orient(-) score(6688.00) noncoding_equivalent(0.67) raw_noncoding(0.00) offset(0.00)
2757097	2754159	terminal-	5	6	{Augustus_gene507.t1;Augustus}
2757426	2757098	INTRON			{Augustus_gene507.t1;Augustus}
2757502	2757427	initial-	4	4	{Augustus_gene507.t1;Augustus}

# EVM prediction: Mode:STANDARD S-ratio: 10000.00 2759410-2763318 orient(-) score(7818.00) noncoding_equivalent(0.78) raw_noncoding(0.00) offset(0.00)
2763318	2759410	single-	4	6	{Augustus_gene19.t1;Augustus}

# EVM prediction: Mode:STANDARD S-ratio: 10000.00 2763489-2766356 orient(-) score(5736.00) noncoding_equivalent(0.57) raw_noncoding(0.00) offset(0.00)
2766356	2763489	single-	4	6	{Augustus_gene714.t1;Augustus}

# EVM prediction: Mode:STANDARD S-ratio: 10000.00 2778814-2780133 orient(+) score(2640.00) noncoding_equivalent(0.26) raw_noncoding(0.00) offset(0.00)
2778814	2780133	single+	1	3	{Augustus_gene733.t1;Augustus}

# EVM prediction: Mode:STANDARD S-ratio: 10000.00 2781851-2782378 orient(-) score(1056.00) noncoding_equivalent(0.11) raw_noncoding(0.00) offset(0.00)
2782378	2781851	single-	4	6	{Augustus_gene249.t1;Augustus}

