!! Predictions spanning range 1309 - 99438 [R1]
# EVM prediction: Mode:STANDARD S-ratio: 13.34 1309-2193 orient(+) score(3292.00) noncoding_equivalent(246.78) raw_noncoding(246.78) offset(0.00) 
1309	2193	single+	1	3	{GlimmerHMM_glimmerT_2378-T1;GlimmerHMM}

# EVM prediction: Mode:STANDARD S-ratio: 1.96 2293-2826 orient(-) score(2112.00) noncoding_equivalent(1080.00) raw_noncoding(1080.00) offset(0.00) 
2826	2293	single-	4	6	{HiQ_model.g2188.t1;HiQ}

# EVM prediction: Mode:STANDARD S-ratio: 76.69 3254-5866 orient(+) score(10317.00) noncoding_equivalent(134.53) raw_noncoding(134.53) offset(0.00) 
3254	5866	single+	1	3	{Augustus_model.g2189.t1;Augustus},{GlimmerHMM_glimmerT_2380-T1;GlimmerHMM}

# EVM prediction: Mode:STANDARD S-ratio: 4.81 6161-7528 orient(-) score(6795.00) noncoding_equivalent(1411.87) raw_noncoding(1411.87) offset(0.00) 
7528	6161	single-	4	6	{HiQ_model.g2190.t1;HiQ},{GlimmerHMM_glimmerT_2381-T1;GlimmerHMM}

# EVM prediction: Mode:STANDARD S-ratio: 5.00 8394-9698 orient(-) score(6525.00) noncoding_equivalent(1305.00) raw_noncoding(1305.00) offset(0.00) 
9698	8394	single-	4	6	{GlimmerHMM_glimmerT_2382-T1;GlimmerHMM},{HiQ_model.g2191.t1;HiQ}

# EVM prediction: Mode:STANDARD S-ratio: 3.47 10479-10925 orient(+) score(1734.00) noncoding_equivalent(500.39) raw_noncoding(500.39) offset(0.00) 
10479	10925	single+	1	3	{Augustus_model.g2192.t1;Augustus},{GlimmerHMM_glimmerT_2383-T1;GlimmerHMM}

# EVM prediction: Mode:STANDARD S-ratio: 2.00 12685-13002 orient(-) score(1272.00) noncoding_equivalent(636.00) raw_noncoding(636.00) offset(0.00) 
13002	12685	single-	4	6	{GlimmerHMM_glimmerT_2384-T1;GlimmerHMM},{HiQ_model.g2193.t1;HiQ}

# EVM prediction: Mode:STANDARD S-ratio: 10000.00 13463-16060 orient(-) score(7794.00) noncoding_equivalent(0.78) raw_noncoding(0.00) offset(0.00) 
16060	13463	single-	4	6	{GlimmerHMM_glimmerT_2385-T1;GlimmerHMM},{Augustus_model.g2194.t1;Augustus}

# EVM prediction: Mode:STANDARD S-ratio: 10000.00 17513-19033 orient(-) score(4563.00) noncoding_equivalent(0.46) raw_noncoding(0.00) offset(0.00) 
19033	17513	single-	4	6	{Augustus_model.g2195.t1;Augustus},{GlimmerHMM_glimmerT_2386-T1;GlimmerHMM}

# EVM prediction: Mode:STANDARD S-ratio: 3.59 19668-21050 orient(-) score(6492.00) noncoding_equivalent(1806.00) raw_noncoding(1806.00) offset(0.00) 
21050	19668	single-	4	6	{HiQ_model.g2196.t1;HiQ},{GlimmerHMM_glimmerT_2387-T1;GlimmerHMM}

# EVM prediction: Mode:STANDARD S-ratio: 4.03 21365-22426 orient(-) score(5106.00) noncoding_equivalent(1266.00) raw_noncoding(1266.00) offset(0.00) 
22426	21365	single-	4	6	{HiQ_model.g2197.t1;HiQ},{GlimmerHMM_glimmerT_2388-T1;GlimmerHMM}

# EVM prediction: Mode:STANDARD S-ratio: 4.92 22816-26646 orient(-) score(19104.00) noncoding_equivalent(3882.00) raw_noncoding(3882.00) offset(0.00) 
26646	22816	single-	4	6	{GlimmerHMM_glimmerT_2389-T1;GlimmerHMM},{HiQ_model.g2198.t1;HiQ}

# EVM prediction: Mode:STANDARD S-ratio: 3.93 27552-28049 orient(+) score(2382.00) noncoding_equivalent(606.00) raw_noncoding(606.00) offset(0.00) 
27552	28049	single+	1	3	{HiQ_model.g2199.t1;HiQ},{GlimmerHMM_glimmerT_2390-T1;GlimmerHMM}

# EVM prediction: Mode:STANDARD S-ratio: 2.64 28570-29502 orient(-) score(4062.00) noncoding_equivalent(1536.00) raw_noncoding(1536.00) offset(0.00) 
29502	28570	single-	4	6	{HiQ_model.g2200.t1;HiQ},{GlimmerHMM_glimmerT_2391-T1;GlimmerHMM}

# EVM prediction: Mode:STANDARD S-ratio: 2.00 29887-31227 orient(-) score(5364.00) noncoding_equivalent(2676.33) raw_noncoding(2676.33) offset(0.00) 
31227	29887	single-	4	6	{HiQ_model.g2201.t1;HiQ},{GlimmerHMM_glimmerT_2392-T1;GlimmerHMM}

# EVM prediction: Mode:STANDARD S-ratio: 10000.00 31715-32617 orient(+) score(3612.00) noncoding_equivalent(0.36) raw_noncoding(0.00) offset(0.00) 
31715	32617	single+	1	3	{Augustus_model.g2202.t1;Augustus},{GlimmerHMM_glimmerT_2393-T1;GlimmerHMM}

# EVM prediction: Mode:STANDARD S-ratio: 13.36 33120-34013 orient(+) score(3327.00) noncoding_equivalent(249.00) raw_noncoding(249.00) offset(0.00) 
33120	34013	single+	1	3	{Augustus_model.g2203.t1;Augustus},{GlimmerHMM_glimmerT_2394-T1;GlimmerHMM}

# EVM prediction: Mode:STANDARD S-ratio: 3.55 34386-35057 orient(+) score(2098.00) noncoding_equivalent(590.86) raw_noncoding(590.86) offset(0.00) 
34386	35057	single+	1	3	{GlimmerHMM_glimmerT_2395-T1;GlimmerHMM}

# EVM prediction: Mode:STANDARD S-ratio: 14.28 35297-36136 orient(+) score(3128.00) noncoding_equivalent(219.04) raw_noncoding(326.37) offset(107.33) 
35297	35305	initial+	1	3	{snap_scaffold_5-snap.130-T1;snap},{GlimmerHMM_glimmerT_2396-T1;GlimmerHMM}
35306	35410	INTRON			{snap_scaffold_5-snap.130-T1;snap},{GlimmerHMM_glimmerT_2396-T1;GlimmerHMM}
35411	36136	terminal+	1	3	{snap_scaffold_5-snap.130-T1;snap},{GlimmerHMM_glimmerT_2396-T1;GlimmerHMM}

# EVM prediction: Mode:STANDARD S-ratio: 2.00 36532-38220 orient(-) score(6756.00) noncoding_equivalent(3378.00) raw_noncoding(3378.00) offset(0.00) 
38220	36532	single-	4	6	{GlimmerHMM_glimmerT_2397-T1;GlimmerHMM},{HiQ_model.g2205.t1;HiQ}

# EVM prediction: Mode:STANDARD S-ratio: 2.48 38827-39603 orient(-) score(3873.00) noncoding_equivalent(1564.81) raw_noncoding(1564.81) offset(0.00) 
39603	38827	single-	4	6	{HiQ_model.g2206.t1;HiQ},{GlimmerHMM_glimmerT_2398-T1;GlimmerHMM}

# EVM prediction: Mode:STANDARD S-ratio: 3.66 40209-42899 orient(+) score(10569.00) noncoding_equivalent(2884.15) raw_noncoding(2884.15) offset(0.00) 
40209	42899	single+	1	3	{GlimmerHMM_glimmerT_2399-T1;GlimmerHMM},{Augustus_model.g2207.t1;Augustus}

# EVM prediction: Mode:STANDARD S-ratio: 195.76 43387-46485 orient(+) score(12333.00) noncoding_equivalent(63.00) raw_noncoding(63.00) offset(0.00) 
43387	46485	single+	1	3	{GlimmerHMM_glimmerT_2400-T1;GlimmerHMM},{Augustus_model.g2208.t1;Augustus}

# EVM prediction: Mode:STANDARD S-ratio: 10000.00 46754-47515 orient(+) score(3048.00) noncoding_equivalent(0.30) raw_noncoding(0.00) offset(0.00) 
46754	47515	single+	1	3	{GlimmerHMM_glimmerT_2401-T1;GlimmerHMM},{Augustus_model.g2209.t1;Augustus}

# EVM prediction: Mode:STANDARD S-ratio: 3.34 47640-48944 orient(-) score(6024.00) noncoding_equivalent(1806.00) raw_noncoding(1806.00) offset(0.00) 
48944	47640	single-	4	6	{GlimmerHMM_glimmerT_2402-T1;GlimmerHMM},{HiQ_model.g2210.t1;HiQ}

# EVM prediction: Mode:STANDARD S-ratio: 5.00 49225-50766 orient(-) score(7710.00) noncoding_equivalent(1542.00) raw_noncoding(1542.00) offset(0.00) 
50766	49225	single-	4	6	{GlimmerHMM_glimmerT_2403-T1;GlimmerHMM},{HiQ_model.g2211.t1;HiQ}

# EVM prediction: Mode:STANDARD S-ratio: 2.00 50961-51629 orient(-) score(2676.00) noncoding_equivalent(1338.00) raw_noncoding(1338.00) offset(0.00) 
51629	50961	single-	4	6	{HiQ_model.g2212.t1;HiQ},{GlimmerHMM_glimmerT_2404-T1;GlimmerHMM}

# EVM prediction: Mode:STANDARD S-ratio: 10000.00 52070-53743 orient(+) score(6696.00) noncoding_equivalent(0.67) raw_noncoding(0.00) offset(0.00) 
52070	53743	single+	1	3	{GlimmerHMM_glimmerT_2405-T1;GlimmerHMM},{Augustus_model.g2213.t1;Augustus}

# EVM prediction: Mode:STANDARD S-ratio: 2.00 54410-56263 orient(-) score(7416.00) noncoding_equivalent(3702.49) raw_noncoding(3702.49) offset(0.00) 
56263	54410	single-	4	6	{HiQ_model.g2214.t1;HiQ},{GlimmerHMM_glimmerT_2406-T1;GlimmerHMM}

# EVM prediction: Mode:STANDARD S-ratio: 10000.00 56627-57661 orient(+) score(4140.00) noncoding_equivalent(0.41) raw_noncoding(0.00) offset(0.00) 
56627	57661	single+	1	3	{GlimmerHMM_glimmerT_2407-T1;GlimmerHMM},{Augustus_model.g2215.t1;Augustus}

# EVM prediction: Mode:STANDARD S-ratio: 2.00 57863-58729 orient(-) score(3468.00) noncoding_equivalent(1734.00) raw_noncoding(1734.00) offset(0.00) 
58729	57863	single-	4	6	{HiQ_model.g2216.t1;HiQ},{GlimmerHMM_glimmerT_2408-T1;GlimmerHMM}

# EVM prediction: Mode:STANDARD S-ratio: 10000.00 59605-61698 orient(+) score(8376.00) noncoding_equivalent(0.84) raw_noncoding(0.00) offset(0.00) 
59605	61698	single+	1	3	{GlimmerHMM_glimmerT_2409-T1;GlimmerHMM},{Augustus_model.g2217.t1;Augustus}

# EVM prediction: Mode:STANDARD S-ratio: 5.00 62099-65485 orient(-) score(16935.00) noncoding_equivalent(3387.00) raw_noncoding(3387.00) offset(0.00) 
65485	62099	single-	4	6	{GlimmerHMM_glimmerT_2410-T1;GlimmerHMM},{HiQ_model.g2218.t1;HiQ}

# EVM prediction: Mode:STANDARD S-ratio: 4.21 65952-67142 orient(-) score(5775.00) noncoding_equivalent(1371.00) raw_noncoding(1371.00) offset(0.00) 
67142	65952	single-	4	6	{GlimmerHMM_glimmerT_2411-T1;GlimmerHMM},{HiQ_model.g2219.t1;HiQ}

# EVM prediction: Mode:STANDARD S-ratio: 4.91 67435-68619 orient(-) score(5907.00) noncoding_equivalent(1203.00) raw_noncoding(1203.00) offset(0.00) 
68619	67435	single-	4	6	{GlimmerHMM_glimmerT_2412-T1;GlimmerHMM},{HiQ_model.g2220.t1;HiQ}

# EVM prediction: Mode:STANDARD S-ratio: 10000.00 69943-70944 orient(+) score(4008.00) noncoding_equivalent(0.40) raw_noncoding(0.00) offset(0.00) 
69943	70944	single+	1	3	{Augustus_model.g2221.t1;Augustus},{GlimmerHMM_glimmerT_2413-T1;GlimmerHMM}

# EVM prediction: Mode:STANDARD S-ratio: 4.85 71067-74738 orient(-) score(18264.00) noncoding_equivalent(3768.00) raw_noncoding(3768.00) offset(0.00) 
74738	71067	single-	4	6	{HiQ_model.g2222.t1;HiQ},{GlimmerHMM_glimmerT_2414-T1;GlimmerHMM}

# EVM prediction: Mode:STANDARD S-ratio: 4.07 75263-77388 orient(-) score(9877.00) noncoding_equivalent(2427.95) raw_noncoding(2797.95) offset(370.00) 
75443	75263	terminal-	6	6	{HiQ_model.g2223.t1;HiQ}
75595	75444	INTRON			{HiQ_model.g2223.t1;HiQ},{ev_type:exonerate/ID=match.133146.273/Target=YPL109C;exonerate}
77388	75596	initial-	4	5	{HiQ_model.g2223.t1;HiQ}

# EVM prediction: Mode:STANDARD S-ratio: 1.61 78479-78949 orient(+) score(1163.00) noncoding_equivalent(723.65) raw_noncoding(723.65) offset(0.00) 
78479	78949	single+	1	3	{GlimmerHMM_glimmerT_2416-T1;GlimmerHMM}

# EVM prediction: Mode:STANDARD S-ratio: 61.51 79116-79862 orient(+) score(2938.00) noncoding_equivalent(47.77) raw_noncoding(47.77) offset(0.00) 
79116	79862	single+	1	3	{GlimmerHMM_glimmerT_2417-T1;GlimmerHMM}

# EVM prediction: Mode:STANDARD S-ratio: 4.95 80191-82272 orient(-) score(10392.00) noncoding_equivalent(2100.00) raw_noncoding(2100.00) offset(0.00) 
82272	80191	single-	4	6	{HiQ_model.g2225.t1;HiQ},{GlimmerHMM_glimmerT_2418-T1;GlimmerHMM}

# EVM prediction: Mode:STANDARD S-ratio: 4.88 82860-85409 orient(-) score(12698.00) noncoding_equivalent(2600.32) raw_noncoding(2600.32) offset(0.00) 
85409	82860	single-	4	6	{HiQ_model.g2226.t1;HiQ},{GlimmerHMM_glimmerT_2419-T1;GlimmerHMM}

# EVM prediction: Mode:STANDARD S-ratio: 3.00 85697-87673 orient(+) score(5931.00) noncoding_equivalent(1977.00) raw_noncoding(1977.00) offset(0.00) 
85697	87673	single+	1	3	{Augustus_model.g2227.t1;Augustus},{GlimmerHMM_glimmerT_2420-T1;GlimmerHMM}

# EVM prediction: Mode:STANDARD S-ratio: 3.46 87997-89403 orient(-) score(6549.00) noncoding_equivalent(1893.00) raw_noncoding(1893.00) offset(0.00) 
89403	87997	single-	4	6	{HiQ_model.g2228.t1;HiQ}

# EVM prediction: Mode:STANDARD S-ratio: 354.05 90206-91576 orient(+) score(5467.00) noncoding_equivalent(15.44) raw_noncoding(15.44) offset(0.00) 
90206	91576	single+	1	3	{Augustus_model.g2229.t1;Augustus},{GlimmerHMM_glimmerT_2422-T1;GlimmerHMM}

# EVM prediction: Mode:STANDARD S-ratio: 10000.00 91869-93359 orient(+) score(5964.00) noncoding_equivalent(0.60) raw_noncoding(0.00) offset(0.00) 
91869	93359	single+	1	3	{Augustus_model.g2230.t1;Augustus},{GlimmerHMM_glimmerT_2423-T1;GlimmerHMM}

# EVM prediction: Mode:STANDARD S-ratio: 4.90 93517-94065 orient(-) score(2734.00) noncoding_equivalent(558.03) raw_noncoding(558.03) offset(0.00) 
94065	93517	single-	4	6	{GlimmerHMM_glimmerT_2424-T1;GlimmerHMM},{HiQ_model.g2231.t1;HiQ}

# EVM prediction: Mode:STANDARD S-ratio: 2.02 94383-94724 orient(-) score(1373.00) noncoding_equivalent(679.92) raw_noncoding(679.92) offset(0.00) 
94724	94383	single-	4	6	{GlimmerHMM_glimmerT_2425-T1;GlimmerHMM},{HiQ_model.g2232.t1;HiQ}

# EVM prediction: Mode:STANDARD S-ratio: 24.04 94949-96427 orient(+) score(5679.00) noncoding_equivalent(236.22) raw_noncoding(236.22) offset(0.00) 
94949	96427	single+	1	3	{GlimmerHMM_glimmerT_2426-T1;GlimmerHMM}

# EVM prediction: Mode:STANDARD S-ratio: 96.36 96924-98015 orient(+) score(4322.00) noncoding_equivalent(44.85) raw_noncoding(44.85) offset(0.00) 
96924	98015	single+	1	3	{GlimmerHMM_glimmerT_2427-T1;GlimmerHMM}

# EVM prediction: Mode:STANDARD S-ratio: 4.28 98068-99438 orient(-) score(6669.00) noncoding_equivalent(1557.00) raw_noncoding(1557.00) offset(0.00) 
99438	98068	single-	4	6	{GlimmerHMM_glimmerT_2428-T1;GlimmerHMM},{HiQ_model.g2234.t1;HiQ}

