!! Predictions spanning range 15174 - 98608 [R1]
# EVM prediction: Mode:STANDARD S-ratio: 10000.00 15174-16907 orient(+) score(5202.00) noncoding_equivalent(0.52) raw_noncoding(0.00) offset(0.00) 
15174	16907	single+	1	3	{GlimmerHMM_glimmerT_4053-T1;GlimmerHMM},{Augustus_model.g3582.t1;Augustus}

# EVM prediction: Mode:STANDARD S-ratio: 1.72 17113-17757 orient(-) score(1223.00) noncoding_equivalent(710.16) raw_noncoding(710.16) offset(0.00) 
17757	17113	single-	4	6	{GlimmerHMM_glimmerT_4054-T1;GlimmerHMM}

# EVM prediction: Mode:STANDARD S-ratio: 160.32 19443-20198 orient(-) score(2252.00) noncoding_equivalent(14.05) raw_noncoding(14.05) offset(0.00) 
20198	19443	single-	4	6	{GlimmerHMM_glimmerT_4055-T1;GlimmerHMM},{Augustus_model.g3583.t1;Augustus}

# EVM prediction: Mode:STANDARD S-ratio: 11.00 22398-27003 orient(-) score(11714.00) noncoding_equivalent(1065.01) raw_noncoding(3092.82) offset(2027.81) 
25951	22398	terminal-	5	6	{snap_scaffold_5-snap.79-T1;snap},{GlimmerHMM_glimmerT_4056-T1;GlimmerHMM}
26141	25952	INTRON			{snap_scaffold_5-snap.79-T1;snap}
26148	26142	internal-	4	4	{snap_scaffold_5-snap.79-T1;snap}
26997	26149	INTRON			{snap_scaffold_5-snap.79-T1;snap}
27003	26998	initial-	4	6	{snap_scaffold_5-snap.79-T1;snap}

# EVM prediction: Mode:STANDARD S-ratio: 784.57 29074-34572 orient(+) score(16476.00) noncoding_equivalent(21.00) raw_noncoding(21.00) offset(0.00) 
29074	34572	single+	1	3	{GlimmerHMM_glimmerT_4057-T1;GlimmerHMM},{Augustus_model.g3585.t1;Augustus}

# EVM prediction: Mode:STANDARD S-ratio: 1099.80 37108-38946 orient(+) score(5510.00) noncoding_equivalent(5.01) raw_noncoding(5.01) offset(0.00) 
37108	38946	single+	1	3	{GlimmerHMM_glimmerT_4058-T1;GlimmerHMM},{Augustus_model.g3586.t1;Augustus}

# EVM prediction: Mode:STANDARD S-ratio: 144.35 39421-42327 orient(+) score(8661.00) noncoding_equivalent(60.00) raw_noncoding(60.00) offset(0.00) 
39421	42327	single+	1	3	{Augustus_model.g3587.t1;Augustus},{GlimmerHMM_glimmerT_4059-T1;GlimmerHMM}

# EVM prediction: Mode:STANDARD S-ratio: 10000.00 42373-43518 orient(-) score(3438.00) noncoding_equivalent(0.34) raw_noncoding(0.00) offset(0.00) 
43518	42373	single-	4	6	{Augustus_model.g3588.t1;Augustus},{GlimmerHMM_glimmerT_4060-T1;GlimmerHMM}

# EVM prediction: Mode:STANDARD S-ratio: 10000.00 43819-45525 orient(-) score(5121.00) noncoding_equivalent(0.51) raw_noncoding(0.00) offset(0.00) 
45525	43819	single-	4	6	{Augustus_model.g3589.t1;Augustus},{GlimmerHMM_glimmerT_4061-T1;GlimmerHMM}

# EVM prediction: Mode:STANDARD S-ratio: 7.36 47963-48964 orient(-) score(2645.00) noncoding_equivalent(359.23) raw_noncoding(359.23) offset(0.00) 
48964	47963	single-	4	6	{GlimmerHMM_glimmerT_4062-T1;GlimmerHMM}

# EVM prediction: Mode:STANDARD S-ratio: 16.98 49219-49929 orient(-) score(2013.00) noncoding_equivalent(118.57) raw_noncoding(118.57) offset(0.00) 
49929	49219	single-	4	6	{GlimmerHMM_glimmerT_4063-T1;GlimmerHMM}

# EVM prediction: Mode:STANDARD S-ratio: 2.00 50555-50812 orient(-) score(516.00) noncoding_equivalent(258.00) raw_noncoding(258.00) offset(0.00) 
50812	50555	single-	4	6	{GlimmerHMM_glimmerT_4064-T1;GlimmerHMM}

# EVM prediction: Mode:STANDARD S-ratio: 10000.00 51131-52915 orient(+) score(5355.00) noncoding_equivalent(0.54) raw_noncoding(0.00) offset(0.00) 
51131	52915	single+	1	3	{GlimmerHMM_glimmerT_4065-T1;GlimmerHMM},{Augustus_model.g3592.t1;Augustus}

# EVM prediction: Mode:STANDARD S-ratio: 2.00 53630-53860 orient(+) score(462.00) noncoding_equivalent(231.00) raw_noncoding(231.00) offset(0.00) 
53630	53860	single+	1	3	{Augustus_model.g3593.t1;Augustus},{GlimmerHMM_glimmerT_4066-T1;GlimmerHMM}

# EVM prediction: Mode:STANDARD S-ratio: 8.76 54375-57333 orient(-) score(7299.00) noncoding_equivalent(833.00) raw_noncoding(2321.39) offset(1488.39) 
56584	54375	terminal-	5	6	{GlimmerHMM_glimmerT_4067-T1;GlimmerHMM},{snap_scaffold_5-snap.88-T1;snap}
57329	56585	INTRON			{snap_scaffold_5-snap.88-T1;snap}
57333	57330	initial-	4	4	{snap_scaffold_5-snap.88-T1;snap}

# EVM prediction: Mode:STANDARD S-ratio: 22.59 61408-63827 orient(+) score(6878.00) noncoding_equivalent(304.50) raw_noncoding(382.00) offset(77.50) 
61408	61416	initial+	1	3	{Augustus_model.g3595.t1;Augustus}
61417	61493	INTRON			{snap_scaffold_5-snap.89-T1;snap}
61494	63827	terminal+	1	3	{snap_scaffold_5-snap.89-T1;snap}

# EVM prediction: Mode:STANDARD S-ratio: 30.51 64110-65339 orient(-) score(3572.00) noncoding_equivalent(117.06) raw_noncoding(117.06) offset(0.00) 
65339	64110	single-	4	6	{Augustus_model.g3596.t1;Augustus},{GlimmerHMM_glimmerT_4069-T1;GlimmerHMM}

# EVM prediction: Mode:STANDARD S-ratio: 22.35 66083-68236 orient(-) score(6183.00) noncoding_equivalent(276.59) raw_noncoding(276.59) offset(0.00) 
68236	66083	single-	4	6	{GlimmerHMM_glimmerT_4070-T1;GlimmerHMM}

# EVM prediction: Mode:STANDARD S-ratio: 24.05 68784-69194 orient(-) score(1182.00) noncoding_equivalent(49.14) raw_noncoding(49.14) offset(0.00) 
69194	68784	single-	4	6	{GlimmerHMM_glimmerT_4071-T1;GlimmerHMM}

# EVM prediction: Mode:STANDARD S-ratio: 1.57 69999-70601 orient(-) score(1101.00) noncoding_equivalent(701.09) raw_noncoding(701.09) offset(0.00) 
70601	69999	single-	4	6	{Augustus_model.g3598.t1;Augustus}

# EVM prediction: Mode:STANDARD S-ratio: 50.94 70841-71518 orient(+) score(1993.00) noncoding_equivalent(39.13) raw_noncoding(39.13) offset(0.00) 
70841	71518	single+	1	3	{GlimmerHMM_glimmerT_4073-T1;GlimmerHMM},{Augustus_model.g3599.t1;Augustus}

# EVM prediction: Mode:STANDARD S-ratio: 257.00 73002-74807 orient(+) score(5397.00) noncoding_equivalent(21.00) raw_noncoding(21.00) offset(0.00) 
73002	74807	single+	1	3	{Augustus_model.g3600.t1;Augustus},{GlimmerHMM_glimmerT_4074-T1;GlimmerHMM}

# EVM prediction: Mode:STANDARD S-ratio: 3.79 75598-76733 orient(+) score(4806.00) noncoding_equivalent(1269.00) raw_noncoding(1275.00) offset(6.00) 
75598	75603	initial+	1	3	{Augustus_model.g3601.t1;Augustus},{snap_scaffold_5-snap.95-T1;snap},{GlimmerHMM_glimmerT_4075-T1;GlimmerHMM}
75604	76028	INTRON			{Augustus_model.g3601.t1;Augustus},{snap_scaffold_5-snap.95-T1;snap},{GlimmerHMM_glimmerT_4075-T1;GlimmerHMM}
76029	76733	terminal+	1	3	{Augustus_model.g3601.t1;Augustus},{snap_scaffold_5-snap.95-T1;snap},{GlimmerHMM_glimmerT_4075-T1;GlimmerHMM}

# EVM prediction: Mode:STANDARD S-ratio: 57.74 76997-78274 orient(-) score(3767.00) noncoding_equivalent(65.24) raw_noncoding(65.24) offset(0.00) 
78274	76997	single-	4	6	{GlimmerHMM_glimmerT_4076-T1;GlimmerHMM},{Augustus_model.g3602.t1;Augustus}

# EVM prediction: Mode:STANDARD S-ratio: 94.64 78895-81285 orient(+) score(7098.00) noncoding_equivalent(75.00) raw_noncoding(75.00) offset(0.00) 
78895	81285	single+	1	3	{Augustus_model.g3603.t1;Augustus},{GlimmerHMM_glimmerT_4077-T1;GlimmerHMM}

# EVM prediction: Mode:STANDARD S-ratio: 223.53 83831-85333 orient(+) score(4487.00) noncoding_equivalent(20.07) raw_noncoding(20.07) offset(0.00) 
83831	85333	single+	1	3	{Augustus_model.g3604.t1;Augustus},{GlimmerHMM_glimmerT_4078-T1;GlimmerHMM}

# EVM prediction: Mode:STANDARD S-ratio: 213.19 86046-87944 orient(+) score(5669.00) noncoding_equivalent(26.59) raw_noncoding(26.59) offset(0.00) 
86046	87944	single+	1	3	{Augustus_model.g3605.t1;Augustus},{GlimmerHMM_glimmerT_4079-T1;GlimmerHMM}

# EVM prediction: Mode:STANDARD S-ratio: 189.47 87976-90813 orient(-) score(8468.00) noncoding_equivalent(44.69) raw_noncoding(44.69) offset(0.00) 
90813	87976	single-	4	6	{Augustus_model.g3606.t1;Augustus},{GlimmerHMM_glimmerT_4080-T1;GlimmerHMM}

# EVM prediction: Mode:STANDARD S-ratio: 2.00 92019-92348 orient(+) score(660.00) noncoding_equivalent(330.00) raw_noncoding(330.00) offset(0.00) 
92019	92348	single+	1	3	{Augustus_model.g3607.t1;Augustus},{GlimmerHMM_glimmerT_4081-T1;GlimmerHMM}

# EVM prediction: Mode:STANDARD S-ratio: 85.21 93215-93544 orient(+) score(979.00) noncoding_equivalent(11.49) raw_noncoding(11.49) offset(0.00) 
93215	93544	single+	1	3	{GlimmerHMM_glimmerT_4082-T1;GlimmerHMM}

# EVM prediction: Mode:STANDARD S-ratio: 2.30 94357-94952 orient(+) score(974.00) noncoding_equivalent(423.05) raw_noncoding(1092.72) offset(669.66) 
94357	94360	initial+	1	1	{snap_scaffold_5-snap.102-T1;snap}
94361	94749	INTRON			{snap_scaffold_5-snap.102-T1;snap}
94750	94952	terminal+	2	3	{snap_scaffold_5-snap.102-T1;snap}

# EVM prediction: Mode:STANDARD S-ratio: 1.29 95138-95915 orient(-) score(1006.00) noncoding_equivalent(780.01) raw_noncoding(1809.62) offset(1029.61) 
95367	95138	terminal-	5	6	{snap_scaffold_5-snap.103-T1;snap}
95911	95368	INTRON			{snap_scaffold_5-snap.103-T1;snap}
95915	95912	initial-	4	4	{snap_scaffold_5-snap.103-T1;snap}

# EVM prediction: Mode:STANDARD S-ratio: 53.44 98189-98608 orient(+) score(1235.00) noncoding_equivalent(23.11) raw_noncoding(23.11) offset(0.00) 
98189	98608	single+	1	3	{Augustus_model.g3609.t1;Augustus},{GlimmerHMM_glimmerT_4085-T1;GlimmerHMM}

