!! Predictions spanning range 6859 - 93635 [R1]
# EVM prediction: Mode:STANDARD S-ratio: 10000.00 6859-7329 orient(-) score(942.00) noncoding_equivalent(0.09) raw_noncoding(0.00) offset(0.00) 
7329	6859	single-	4	6	{Augustus_gene943.t1;Augustus}

# EVM prediction: Mode:STANDARD S-ratio: 10000.00 28679-31840 orient(-) score(6324.00) noncoding_equivalent(0.63) raw_noncoding(0.00) offset(0.00) 
31840	28679	single-	4	6	{Augustus_gene373.t1;Augustus}

# EVM prediction: Mode:STANDARD S-ratio: 10000.00 35481-36320 orient(-) score(1680.00) noncoding_equivalent(0.17) raw_noncoding(0.00) offset(0.00) 
36320	35481	single-	4	6	{Augustus_gene141.t1;Augustus}

# EVM prediction: Mode:STANDARD S-ratio: 10000.00 36516-37556 orient(+) score(2082.00) noncoding_equivalent(0.21) raw_noncoding(0.00) offset(0.00) 
36516	37556	single+	1	3	{Augustus_gene744.t1;Augustus}

# EVM prediction: Mode:STANDARD S-ratio: 10000.00 43607-44788 orient(+) score(2364.00) noncoding_equivalent(0.24) raw_noncoding(0.00) offset(0.00) 
43607	44788	single+	1	3	{Augustus_gene445.t1;Augustus}

# EVM prediction: Mode:STANDARD S-ratio: 10000.00 48780-49823 orient(+) score(2088.00) noncoding_equivalent(0.21) raw_noncoding(0.00) offset(0.00) 
48780	49823	single+	1	3	{Augustus_gene67.t1;Augustus}

# EVM prediction: Mode:STANDARD S-ratio: 10000.00 50058-50621 orient(-) score(1128.00) noncoding_equivalent(0.11) raw_noncoding(0.00) offset(0.00) 
50621	50058	single-	4	6	{Augustus_gene1133.t1;Augustus}

# EVM prediction: Mode:STANDARD S-ratio: 10000.00 54191-55150 orient(+) score(1920.00) noncoding_equivalent(0.19) raw_noncoding(0.00) offset(0.00) 
54191	54217	initial+	1	3	{Augustus_gene701.t1;Augustus}
54218	54316	INTRON			{Augustus_gene701.t1;Augustus}
54317	55150	terminal+	1	3	{Augustus_gene701.t1;Augustus}

# EVM prediction: Mode:STANDARD S-ratio: 10000.00 62641-63120 orient(-) score(960.00) noncoding_equivalent(0.10) raw_noncoding(0.00) offset(0.00) 
63120	62641	single-	4	6	{Augustus_gene620.t1;Augustus}

# EVM prediction: Mode:STANDARD S-ratio: 10000.00 65644-67041 orient(+) score(2796.00) noncoding_equivalent(0.28) raw_noncoding(0.00) offset(0.00) 
65644	67041	single+	1	3	{Augustus_gene1150.t1;Augustus}

# EVM prediction: Mode:STANDARD S-ratio: 10000.00 70698-73130 orient(+) score(4866.00) noncoding_equivalent(0.49) raw_noncoding(0.00) offset(0.00) 
70698	73130	single+	1	3	{Augustus_gene1138.t1;Augustus}

# EVM prediction: Mode:STANDARD S-ratio: 10000.00 75455-76783 orient(+) score(2658.00) noncoding_equivalent(0.27) raw_noncoding(0.00) offset(0.00) 
75455	76783	single+	1	3	{Augustus_gene754.t1;Augustus}

# EVM prediction: Mode:STANDARD S-ratio: 10000.00 89715-93635 orient(+) score(7842.00) noncoding_equivalent(0.78) raw_noncoding(0.00) offset(0.00) 
89715	93635	single+	1	3	{Augustus_gene414.t1;Augustus}

