!! Predictions spanning range 36947 - 86825 [R1]
# EVM prediction: Mode:STANDARD S-ratio: 10000.00 36947-37933 orient(-) score(1974.00) noncoding_equivalent(0.20) raw_noncoding(0.00) offset(0.00) 
37933	36947	single-	4	6	{Augustus_gene805.t1;Augustus}

# EVM prediction: Mode:STANDARD S-ratio: 10000.00 38135-45129 orient(-) score(13990.00) noncoding_equivalent(1.40) raw_noncoding(0.00) offset(0.00) 
43952	38135	terminal-	6	6	{Augustus_gene104.t1;Augustus}
44397	43953	INTRON			{Augustus_gene104.t1;Augustus}
44443	44398	internal-	5	5	{Augustus_gene104.t1;Augustus}
44783	44444	INTRON			{Augustus_gene104.t1;Augustus}
44891	44784	internal-	5	4	{Augustus_gene104.t1;Augustus}
44945	44892	INTRON			{Augustus_gene104.t1;Augustus}
45129	44946	initial-	4	4	{Augustus_gene104.t1;Augustus}

# EVM prediction: Mode:STANDARD S-ratio: 10000.00 47435-49960 orient(-) score(5052.00) noncoding_equivalent(0.51) raw_noncoding(0.00) offset(0.00) 
49960	47435	single-	4	6	{Augustus_gene364.t1;Augustus}

# EVM prediction: Mode:STANDARD S-ratio: 10000.00 73688-76240 orient(-) score(5106.00) noncoding_equivalent(0.51) raw_noncoding(0.00) offset(0.00) 
76240	73688	single-	4	6	{Augustus_gene982.t1;Augustus}

# EVM prediction: Mode:STANDARD S-ratio: 10000.00 84562-86825 orient(-) score(4526.00) noncoding_equivalent(0.45) raw_noncoding(0.00) offset(0.00) 
85415	84562	terminal-	5	6	{Augustus_gene780.t1;Augustus}
85909	85416	INTRON			{Augustus_gene780.t1;Augustus}
85932	85910	internal-	6	4	{Augustus_gene780.t1;Augustus}
86487	85933	INTRON			{Augustus_gene780.t1;Augustus}
86825	86488	initial-	4	5	{Augustus_gene780.t1;Augustus}

