!! Predictions spanning range 1508 - 93241 [R1]
# EVM prediction: Mode:STANDARD S-ratio: 10000.00 1508-3274 orient(-) score(3534.00) noncoding_equivalent(0.35) raw_noncoding(0.00) offset(0.00) 
3274	1508	single-	4	6	{Augustus_gene1138.t1;Augustus}

# EVM prediction: Mode:STANDARD S-ratio: 10000.00 22373-23344 orient(-) score(1944.00) noncoding_equivalent(0.19) raw_noncoding(0.00) offset(0.00) 
23344	22373	single-	4	6	{Augustus_gene888.t1;Augustus}

# EVM prediction: Mode:STANDARD S-ratio: 10000.00 26371-30149 orient(-) score(7558.00) noncoding_equivalent(0.76) raw_noncoding(0.00) offset(0.00) 
29241	26371	terminal-	4	6	{Augustus_gene96.t1;Augustus}
29564	29242	INTRON			{Augustus_gene96.t1;Augustus}
30149	29565	initial-	4	6	{Augustus_gene96.t1;Augustus}

# EVM prediction: Mode:STANDARD S-ratio: 10000.00 31352-33469 orient(+) score(4236.00) noncoding_equivalent(0.42) raw_noncoding(0.00) offset(0.00) 
31352	33469	single+	1	3	{Augustus_gene695.t1;Augustus}

# EVM prediction: Mode:STANDARD S-ratio: 10000.00 56949-58052 orient(-) score(2208.00) noncoding_equivalent(0.22) raw_noncoding(0.00) offset(0.00) 
58052	56949	single-	4	6	{Augustus_gene848.t1;Augustus}

# EVM prediction: Mode:STANDARD S-ratio: 10000.00 58558-59469 orient(+) score(1824.00) noncoding_equivalent(0.18) raw_noncoding(0.00) offset(0.00) 
58558	59469	single+	1	3	{Augustus_gene523.t1;Augustus}

# EVM prediction: Mode:STANDARD S-ratio: 10000.00 59815-60930 orient(-) score(2232.00) noncoding_equivalent(0.22) raw_noncoding(0.00) offset(0.00) 
60930	59815	single-	4	6	{Augustus_gene468.t1;Augustus}

# EVM prediction: Mode:STANDARD S-ratio: 10000.00 63377-64231 orient(-) score(1710.00) noncoding_equivalent(0.17) raw_noncoding(0.00) offset(0.00) 
64231	63377	single-	4	6	{Augustus_gene814.t1;Augustus}

# EVM prediction: Mode:STANDARD S-ratio: 10000.00 72960-73913 orient(-) score(1908.00) noncoding_equivalent(0.19) raw_noncoding(0.00) offset(0.00) 
73913	72960	single-	4	6	{Augustus_gene213.t1;Augustus}

# EVM prediction: Mode:STANDARD S-ratio: 10000.00 75776-77692 orient(+) score(3834.00) noncoding_equivalent(0.38) raw_noncoding(0.00) offset(0.00) 
75776	77692	single+	1	3	{Augustus_gene28.t1;Augustus}

# EVM prediction: Mode:STANDARD S-ratio: 10000.00 78048-78980 orient(-) score(1866.00) noncoding_equivalent(0.19) raw_noncoding(0.00) offset(0.00) 
78980	78048	single-	4	6	{Augustus_gene40.t1;Augustus}

# EVM prediction: Mode:STANDARD S-ratio: 10000.00 79253-81238 orient(+) score(3972.00) noncoding_equivalent(0.40) raw_noncoding(0.00) offset(0.00) 
79253	81238	single+	1	3	{Augustus_gene217.t1;Augustus}

# EVM prediction: Mode:STANDARD S-ratio: 10000.00 92410-93241 orient(+) score(1664.00) noncoding_equivalent(0.17) raw_noncoding(0.00) offset(0.00) 
92410	93241	initial+	1	1	{Augustus_gene123.t1;Augustus}

