!! Predictions spanning range 10864 - 97140 [R1]
# EVM prediction: Mode:STANDARD S-ratio: 10000.00 10864-15069 orient(-) score(8412.00) noncoding_equivalent(0.84) raw_noncoding(0.00) offset(0.00) 
15069	10864	single-	4	6	{Augustus_gene853.t1;Augustus}

# EVM prediction: Mode:STANDARD S-ratio: 10000.00 19544-20032 orient(-) score(978.00) noncoding_equivalent(0.10) raw_noncoding(0.00) offset(0.00) 
20032	19544	single-	4	6	{Augustus_gene659.t1;Augustus}

# EVM prediction: Mode:STANDARD S-ratio: 10000.00 20286-21116 orient(-) score(1662.00) noncoding_equivalent(0.17) raw_noncoding(0.00) offset(0.00) 
21116	20286	single-	4	6	{Augustus_gene801.t1;Augustus}

# EVM prediction: Mode:STANDARD S-ratio: 10000.00 23710-24384 orient(+) score(1350.00) noncoding_equivalent(0.14) raw_noncoding(0.00) offset(0.00) 
23710	24384	single+	1	3	{Augustus_gene529.t1;Augustus}

# EVM prediction: Mode:STANDARD S-ratio: 10000.00 24649-26127 orient(+) score(2958.00) noncoding_equivalent(0.30) raw_noncoding(0.00) offset(0.00) 
24649	26127	single+	1	3	{Augustus_gene616.t1;Augustus}

# EVM prediction: Mode:STANDARD S-ratio: 10000.00 26364-27908 orient(+) score(3090.00) noncoding_equivalent(0.31) raw_noncoding(0.00) offset(0.00) 
26364	27908	single+	1	3	{Augustus_gene477.t1;Augustus}

# EVM prediction: Mode:STANDARD S-ratio: 10000.00 30175-32931 orient(-) score(5514.00) noncoding_equivalent(0.55) raw_noncoding(0.00) offset(0.00) 
32931	30175	single-	4	6	{Augustus_gene876.t1;Augustus}

# EVM prediction: Mode:STANDARD S-ratio: 10000.00 38423-38896 orient(+) score(948.00) noncoding_equivalent(0.09) raw_noncoding(0.00) offset(0.00) 
38423	38896	single+	1	3	{Augustus_gene263.t1;Augustus}

# EVM prediction: Mode:STANDARD S-ratio: 10000.00 60323-63047 orient(-) score(5450.00) noncoding_equivalent(0.55) raw_noncoding(0.00) offset(0.00) 
62774	60323	terminal-	6	6	{Augustus_gene681.t1;Augustus}
62985	62775	INTRON			{Augustus_gene681.t1;Augustus}
63047	62986	initial-	4	5	{Augustus_gene681.t1;Augustus}

# EVM prediction: Mode:STANDARD S-ratio: 10000.00 64493-68797 orient(+) score(8610.00) noncoding_equivalent(0.86) raw_noncoding(0.00) offset(0.00) 
64493	68797	single+	1	3	{Augustus_gene1149.t1;Augustus}

# EVM prediction: Mode:STANDARD S-ratio: 10000.00 81308-83473 orient(-) score(3446.00) noncoding_equivalent(0.34) raw_noncoding(0.00) offset(0.00) 
81325	81308	terminal-	4	6	{Augustus_gene962.t1;Augustus}
81383	81326	INTRON			{Augustus_gene962.t1;Augustus}
81607	81384	internal-	5	6	{Augustus_gene962.t1;Augustus}
82932	81608	INTRON			{Augustus_gene962.t1;Augustus}
83473	82933	initial-	4	4	{Augustus_gene962.t1;Augustus}

# EVM prediction: Mode:STANDARD S-ratio: 10000.00 87397-90447 orient(-) score(6102.00) noncoding_equivalent(0.61) raw_noncoding(0.00) offset(0.00) 
90447	87397	single-	4	6	{Augustus_gene657.t1;Augustus}

# EVM prediction: Mode:STANDARD S-ratio: 10000.00 91228-97140 orient(+) score(11826.00) noncoding_equivalent(1.18) raw_noncoding(0.00) offset(0.00) 
91228	97140	single+	1	3	{Augustus_gene653.t1;Augustus}

