!! Predictions spanning range 1424 - 96962 [R1]
# EVM prediction: Mode:STANDARD S-ratio: 37.90 1424-3418 orient(-) score(5832.00) noncoding_equivalent(153.87) raw_noncoding(153.87) offset(0.00) 
3418	1424	single-	4	6	{GlimmerHMM_glimmerT_667-T1;GlimmerHMM}

# EVM prediction: Mode:STANDARD S-ratio: 144.20 3838-4812 orient(-) score(2903.00) noncoding_equivalent(20.13) raw_noncoding(20.13) offset(0.00) 
4812	3838	single-	4	6	{GlimmerHMM_glimmerT_668-T1;GlimmerHMM},{Augustus_model.g597.t1;Augustus}

# EVM prediction: Mode:STANDARD S-ratio: 2.00 5237-6007 orient(+) score(1542.00) noncoding_equivalent(771.70) raw_noncoding(771.70) offset(0.00) 
5237	6007	single+	1	3	{Augustus_model.g598.t1;Augustus},{GlimmerHMM_glimmerT_669-T1;GlimmerHMM}

# EVM prediction: Mode:STANDARD S-ratio: 2.00 6202-9063 orient(-) score(5728.00) noncoding_equivalent(2859.00) raw_noncoding(2859.00) offset(0.00) 
9063	6202	single-	4	6	{Augustus_model.g599.t1;Augustus},{GlimmerHMM_glimmerT_670-T1;GlimmerHMM}

# EVM prediction: Mode:STANDARD S-ratio: 1071.76 11817-14681 orient(-) score(8581.00) noncoding_equivalent(8.01) raw_noncoding(8.01) offset(0.00) 
14681	11817	single-	4	6	{Augustus_model.g600.t1;Augustus}

# EVM prediction: Mode:STANDARD S-ratio: 1.84 15159-16253 orient(+) score(2129.00) noncoding_equivalent(1156.17) raw_noncoding(1156.17) offset(0.00) 
15159	16253	single+	1	3	{GlimmerHMM_glimmerT_672-T1;GlimmerHMM}

# EVM prediction: Mode:STANDARD S-ratio: 49.36 16861-17820 orient(+) score(2821.00) noncoding_equivalent(57.16) raw_noncoding(57.16) offset(0.00) 
16861	17820	single+	1	3	{GlimmerHMM_glimmerT_673-T1;GlimmerHMM}

# EVM prediction: Mode:STANDARD S-ratio: 6.05 17846-19054 orient(-) score(3108.00) noncoding_equivalent(514.00) raw_noncoding(514.00) offset(0.00) 
19054	17846	single-	4	6	{GlimmerHMM_glimmerT_674-T1;GlimmerHMM},{Augustus_model.g602.t1;Augustus}

# EVM prediction: Mode:STANDARD S-ratio: 523.91 19501-20733 orient(-) score(3690.00) noncoding_equivalent(7.04) raw_noncoding(7.04) offset(0.00) 
20733	19501	single-	4	6	{GlimmerHMM_glimmerT_675-T1;GlimmerHMM},{Augustus_model.g603.t1;Augustus}

# EVM prediction: Mode:STANDARD S-ratio: 10000.00 21986-25111 orient(-) score(9378.00) noncoding_equivalent(0.94) raw_noncoding(0.00) offset(0.00) 
25111	21986	single-	4	6	{Augustus_model.g604.t1;Augustus},{GlimmerHMM_glimmerT_676-T1;GlimmerHMM}

# EVM prediction: Mode:STANDARD S-ratio: 2.00 25623-26147 orient(+) score(1050.00) noncoding_equivalent(525.00) raw_noncoding(525.00) offset(0.00) 
25623	26147	single+	1	3	{Augustus_model.g605.t1;Augustus},{GlimmerHMM_glimmerT_677-T1;GlimmerHMM}

# EVM prediction: Mode:STANDARD S-ratio: 22.47 26303-27247 orient(-) score(2713.00) noncoding_equivalent(120.71) raw_noncoding(120.71) offset(0.00) 
27247	26303	single-	4	6	{GlimmerHMM_glimmerT_678-T1;GlimmerHMM},{Augustus_model.g606.t1;Augustus}

# EVM prediction: Mode:STANDARD S-ratio: 65.37 27560-28828 orient(-) score(3748.00) noncoding_equivalent(57.34) raw_noncoding(57.34) offset(0.00) 
28828	27560	single-	4	6	{Augustus_model.g607.t1;Augustus},{GlimmerHMM_glimmerT_679-T1;GlimmerHMM}

# EVM prediction: Mode:STANDARD S-ratio: 10000.00 29647-30174 orient(+) score(1584.00) noncoding_equivalent(0.16) raw_noncoding(0.00) offset(0.00) 
29647	30174	single+	1	3	{Augustus_model.g608.t1;Augustus},{GlimmerHMM_glimmerT_680-T1;GlimmerHMM}

# EVM prediction: Mode:STANDARD S-ratio: 13.47 31145-33661 orient(-) score(7029.00) noncoding_equivalent(522.00) raw_noncoding(522.00) offset(0.00) 
33661	31145	single-	4	6	{GlimmerHMM_glimmerT_681-T1;GlimmerHMM}

# EVM prediction: Mode:STANDARD S-ratio: 170.00 38863-39375 orient(+) score(1530.00) noncoding_equivalent(9.00) raw_noncoding(9.00) offset(0.00) 
38863	39375	single+	1	3	{GlimmerHMM_glimmerT_683-T1;GlimmerHMM}

# EVM prediction: Mode:STANDARD S-ratio: 20.01 40186-43772 orient(+) score(10184.00) noncoding_equivalent(509.00) raw_noncoding(559.00) offset(50.00) 
40186	42399	initial+	1	3	{GlimmerHMM_glimmerT_684-T1;GlimmerHMM},{Augustus_model.g611.t1;Augustus}
42400	42464	INTRON			{Augustus_model.g611.t1;Augustus}
42465	43772	terminal+	1	3	{Augustus_model.g611.t1;Augustus}

# EVM prediction: Mode:STANDARD S-ratio: 10000.00 44360-45874 orient(+) score(4545.00) noncoding_equivalent(0.45) raw_noncoding(0.00) offset(0.00) 
44360	45874	single+	1	3	{GlimmerHMM_glimmerT_685-T1;GlimmerHMM},{Augustus_model.g612.t1;Augustus}

# EVM prediction: Mode:STANDARD S-ratio: 4.44 47347-49215 orient(+) score(3962.00) noncoding_equivalent(891.67) raw_noncoding(2363.67) offset(1472.00) 
47347	47351	initial+	1	2	{snap_scaffold_1-snap.602-T1;snap}
47352	48104	INTRON			{snap_scaffold_1-snap.602-T1;snap}
48105	49215	terminal+	3	3	{snap_scaffold_1-snap.602-T1;snap}

# EVM prediction: Mode:STANDARD S-ratio: 551.39 49743-52880 orient(-) score(9395.00) noncoding_equivalent(17.04) raw_noncoding(17.04) offset(0.00) 
52880	49743	single-	4	6	{GlimmerHMM_glimmerT_687-T1;GlimmerHMM},{Augustus_model.g614.t1;Augustus}

# EVM prediction: Mode:STANDARD S-ratio: 10000.00 54155-55171 orient(-) score(3051.00) noncoding_equivalent(0.31) raw_noncoding(0.00) offset(0.00) 
55171	54155	single-	4	6	{Augustus_model.g615.t1;Augustus},{GlimmerHMM_glimmerT_688-T1;GlimmerHMM}

# EVM prediction: Mode:STANDARD S-ratio: 346.25 57049-58674 orient(-) score(4862.00) noncoding_equivalent(14.04) raw_noncoding(14.04) offset(0.00) 
58674	57049	single-	4	6	{GlimmerHMM_glimmerT_689-T1;GlimmerHMM},{Augustus_model.g616.t1;Augustus}

# EVM prediction: Mode:STANDARD S-ratio: 1.41 65575-66018 orient(-) score(632.00) noncoding_equivalent(448.00) raw_noncoding(950.10) offset(502.10) 
65762	65575	terminal-	5	6	{snap_scaffold_1-snap.606-T1;snap},{GlimmerHMM_glimmerT_690-T1;GlimmerHMM}
66014	65763	INTRON			{snap_scaffold_1-snap.606-T1;snap}
66018	66015	initial-	4	4	{snap_scaffold_1-snap.606-T1;snap}

# EVM prediction: Mode:STANDARD S-ratio: 3.77 71292-72819 orient(+) score(3126.00) noncoding_equivalent(830.18) raw_noncoding(1970.01) offset(1139.83) 
71292	71300	initial+	1	3	{snap_scaffold_1-snap.607-T1;snap}
71301	71928	INTRON			{snap_scaffold_1-snap.607-T1;snap}
71929	72819	terminal+	1	3	{snap_scaffold_1-snap.607-T1;snap}

# EVM prediction: Mode:STANDARD S-ratio: 10000.00 76296-79202 orient(+) score(8721.00) noncoding_equivalent(0.87) raw_noncoding(0.00) offset(0.00) 
76296	79202	single+	1	3	{Augustus_model.g618.t1;Augustus},{GlimmerHMM_glimmerT_692-T1;GlimmerHMM}

# EVM prediction: Mode:STANDARD S-ratio: 2.00 79242-80171 orient(-) score(1860.00) noncoding_equivalent(930.00) raw_noncoding(930.00) offset(0.00) 
80171	79242	single-	4	6	{Augustus_model.g619.t1;Augustus},{GlimmerHMM_glimmerT_693-T1;GlimmerHMM}

# EVM prediction: Mode:STANDARD S-ratio: 117.97 80387-82474 orient(+) score(6210.00) noncoding_equivalent(52.64) raw_noncoding(52.64) offset(0.00) 
80387	82474	single+	1	3	{Augustus_model.g620.t1;Augustus},{GlimmerHMM_glimmerT_694-T1;GlimmerHMM}

# EVM prediction: Mode:STANDARD S-ratio: 10000.00 82555-84825 orient(-) score(6813.00) noncoding_equivalent(0.68) raw_noncoding(0.00) offset(0.00) 
84825	82555	single-	4	6	{Augustus_model.g621.t1;Augustus},{GlimmerHMM_glimmerT_695-T1;GlimmerHMM}

# EVM prediction: Mode:STANDARD S-ratio: 13.57 85110-86270 orient(+) score(3237.00) noncoding_equivalent(238.54) raw_noncoding(238.54) offset(0.00) 
85110	86270	single+	1	3	{Augustus_model.g622.t1;Augustus},{GlimmerHMM_glimmerT_696-T1;GlimmerHMM}

# EVM prediction: Mode:STANDARD S-ratio: 2.00 86353-87042 orient(-) score(1380.00) noncoding_equivalent(690.00) raw_noncoding(690.00) offset(0.00) 
87042	86353	single-	4	6	{Augustus_model.g623.t1;Augustus}

# EVM prediction: Mode:STANDARD S-ratio: 10000.00 87470-88372 orient(+) score(2709.00) noncoding_equivalent(0.27) raw_noncoding(0.00) offset(0.00) 
87470	88372	single+	1	3	{GlimmerHMM_glimmerT_698-T1;GlimmerHMM},{Augustus_model.g624.t1;Augustus}

# EVM prediction: Mode:STANDARD S-ratio: 6.96 88433-89872 orient(-) score(3867.00) noncoding_equivalent(555.79) raw_noncoding(555.79) offset(0.00) 
89872	88433	single-	4	6	{GlimmerHMM_glimmerT_699-T1;GlimmerHMM}

# EVM prediction: Mode:STANDARD S-ratio: 10000.00 90121-91374 orient(+) score(3762.00) noncoding_equivalent(0.38) raw_noncoding(0.00) offset(0.00) 
90121	91374	single+	1	3	{GlimmerHMM_glimmerT_700-T1;GlimmerHMM},{Augustus_model.g626.t1;Augustus}

# EVM prediction: Mode:STANDARD S-ratio: 10000.00 91666-93528 orient(-) score(5589.00) noncoding_equivalent(0.56) raw_noncoding(0.00) offset(0.00) 
93528	91666	single-	4	6	{Augustus_model.g627.t1;Augustus},{GlimmerHMM_glimmerT_701-T1;GlimmerHMM}

# EVM prediction: Mode:STANDARD S-ratio: 12.23 94644-96962 orient(-) score(6322.00) noncoding_equivalent(517.00) raw_noncoding(517.00) offset(0.00) 
96962	94644	single-	4	6	{Augustus_model.g628.t1;Augustus}

