!! Predictions spanning range 219 - 99022 [R1]
# EVM prediction: Mode:STANDARD S-ratio: 637.53 219-1679 orient(+) score(5835.00) noncoding_equivalent(9.15) raw_noncoding(9.15) offset(0.00) 
219	1679	single+	1	3	{GlimmerHMM_glimmerT_4477-T1;GlimmerHMM},{Augustus_model.g4133.t1;Augustus}

# EVM prediction: Mode:STANDARD S-ratio: 32.50 2018-3424 orient(+) score(5460.00) noncoding_equivalent(168.00) raw_noncoding(168.00) offset(0.00) 
2018	3424	single+	1	3	{Augustus_model.g4134.t1;Augustus},{GlimmerHMM_glimmerT_4478-T1;GlimmerHMM}

# EVM prediction: Mode:STANDARD S-ratio: 3.13 3490-4443 orient(-) score(4338.00) noncoding_equivalent(1386.00) raw_noncoding(1386.00) offset(0.00) 
4443	3490	single-	4	6	{HiQ_model.g4135.t1;HiQ},{GlimmerHMM_glimmerT_4479-T1;GlimmerHMM}

# EVM prediction: Mode:STANDARD S-ratio: 6.19 5555-6769 orient(+) score(5619.00) noncoding_equivalent(908.00) raw_noncoding(1338.00) offset(430.00) 
5555	5644	initial+	1	3	{Augustus_model.g4136.t1;Augustus},{snap_scaffold_17-snap.42-T1;snap}
5645	6100	INTRON			{Augustus_model.g4136.t1;Augustus},{snap_scaffold_17-snap.42-T1;snap},{ev_type:exonerate/ID=match.147026.2951/Target=YGR214W;exonerate},{ev_type:exonerate/ID=match.147026.5253/Target=YLR048W;exonerate}
6101	6769	terminal+	1	3	{Augustus_model.g4136.t1;Augustus},{snap_scaffold_17-snap.42-T1;snap},{GlimmerHMM_glimmerT_4480-T1;GlimmerHMM}

# EVM prediction: Mode:STANDARD S-ratio: 10000.00 7155-7487 orient(+) score(1332.00) noncoding_equivalent(0.13) raw_noncoding(0.00) offset(0.00) 
7155	7487	single+	1	3	{Augustus_model.g4137.t1;Augustus},{GlimmerHMM_glimmerT_4481-T1;GlimmerHMM}

# EVM prediction: Mode:STANDARD S-ratio: 4.67 7613-9442 orient(-) score(9042.00) noncoding_equivalent(1938.00) raw_noncoding(1938.00) offset(0.00) 
9442	7613	single-	4	6	{HiQ_model.g4138.t1;HiQ},{GlimmerHMM_glimmerT_4482-T1;GlimmerHMM}

# EVM prediction: Mode:STANDARD S-ratio: 157.04 9751-15795 orient(+) score(24027.00) noncoding_equivalent(153.00) raw_noncoding(153.00) offset(0.00) 
9751	15795	single+	1	3	{GlimmerHMM_glimmerT_4483-T1;GlimmerHMM}

# EVM prediction: Mode:STANDARD S-ratio: 619.00 16815-20069 orient(+) score(12999.00) noncoding_equivalent(21.00) raw_noncoding(21.00) offset(0.00) 
16815	20069	single+	1	3	{GlimmerHMM_glimmerT_4484-T1;GlimmerHMM},{Augustus_model.g4140.t1;Augustus}

# EVM prediction: Mode:STANDARD S-ratio: 4.88 20348-21157 orient(-) score(4032.00) noncoding_equivalent(826.12) raw_noncoding(826.12) offset(0.00) 
21157	20348	single-	4	6	{GlimmerHMM_glimmerT_4485-T1;GlimmerHMM},{HiQ_model.g4141.t1;HiQ}

# EVM prediction: Mode:STANDARD S-ratio: 4.96 21398-23266 orient(-) score(9333.00) noncoding_equivalent(1881.09) raw_noncoding(1881.09) offset(0.00) 
23266	21398	single-	4	6	{GlimmerHMM_glimmerT_4486-T1;GlimmerHMM},{HiQ_model.g4142.t1;HiQ}

# EVM prediction: Mode:STANDARD S-ratio: 3.20 24195-25076 orient(+) score(2646.00) noncoding_equivalent(827.00) raw_noncoding(827.00) offset(0.00) 
24195	25076	single+	1	3	{GlimmerHMM_glimmerT_4487-T1;GlimmerHMM},{Augustus_model.g4143.t1;Augustus}

# EVM prediction: Mode:STANDARD S-ratio: 4.88 25141-26487 orient(-) score(6708.00) noncoding_equivalent(1375.00) raw_noncoding(1375.00) offset(0.00) 
26487	25141	single-	4	6	{GlimmerHMM_glimmerT_4488-T1;GlimmerHMM},{HiQ_model.g4144.t1;HiQ}

# EVM prediction: Mode:STANDARD S-ratio: 271.89 27078-28919 orient(+) score(7341.00) noncoding_equivalent(27.00) raw_noncoding(27.00) offset(0.00) 
27078	28919	single+	1	3	{Augustus_model.g4145.t1;Augustus}

# EVM prediction: Mode:STANDARD S-ratio: 27.06 29417-31291 orient(+) score(7496.00) noncoding_equivalent(277.02) raw_noncoding(283.02) offset(6.00) 
29417	30599	initial+	1	1	{GlimmerHMM_glimmerT_4490-T1;GlimmerHMM},{snap_scaffold_17-snap.50-T1;snap},{Augustus_model.g4146.t1;Augustus}
30600	30692	INTRON			{GlimmerHMM_glimmerT_4490-T1;GlimmerHMM},{snap_scaffold_17-snap.50-T1;snap},{Augustus_model.g4146.t1;Augustus},{ev_type:exonerate/ID=match.147026.3866/Target=YGR225W;exonerate}
30693	31291	terminal+	2	3	{GlimmerHMM_glimmerT_4490-T1;GlimmerHMM},{snap_scaffold_17-snap.50-T1;snap}

# EVM prediction: Mode:STANDARD S-ratio: 4.13 31694-33271 orient(+) score(5082.00) noncoding_equivalent(1230.00) raw_noncoding(1230.00) offset(0.00) 
31694	33271	single+	1	3	{GlimmerHMM_glimmerT_4491-T1;GlimmerHMM}

# EVM prediction: Mode:STANDARD S-ratio: 4.59 33671-35185 orient(-) score(7464.00) noncoding_equivalent(1626.00) raw_noncoding(1626.00) offset(0.00) 
35185	33671	single-	4	6	{GlimmerHMM_glimmerT_4492-T1;GlimmerHMM},{HiQ_model.g4147.t1;HiQ}

# EVM prediction: Mode:STANDARD S-ratio: 4.96 36834-37766 orient(-) score(4657.00) noncoding_equivalent(939.04) raw_noncoding(939.04) offset(0.00) 
37766	36834	single-	4	6	{HiQ_model.g4148.t1;HiQ},{GlimmerHMM_glimmerT_4493-T1;GlimmerHMM}

# EVM prediction: Mode:STANDARD S-ratio: 3.00 38249-38935 orient(+) score(2061.00) noncoding_equivalent(687.00) raw_noncoding(687.00) offset(0.00) 
38249	38935	single+	1	3	{GlimmerHMM_glimmerT_4494-T1;GlimmerHMM},{Augustus_model.g4149.t1;Augustus}

# EVM prediction: Mode:STANDARD S-ratio: 4.80 38963-42502 orient(-) score(17580.00) noncoding_equivalent(3660.00) raw_noncoding(3660.00) offset(0.00) 
42502	38963	single-	4	6	{GlimmerHMM_glimmerT_4495-T1;GlimmerHMM},{HiQ_model.g4150.t1;HiQ}

# EVM prediction: Mode:STANDARD S-ratio: 159.00 44207-45406 orient(+) score(4770.00) noncoding_equivalent(30.00) raw_noncoding(30.00) offset(0.00) 
44207	45406	single+	1	3	{GlimmerHMM_glimmerT_4496-T1;GlimmerHMM},{Augustus_model.g4151.t1;Augustus}

# EVM prediction: Mode:STANDARD S-ratio: 694.88 45663-46364 orient(-) score(2804.00) noncoding_equivalent(4.04) raw_noncoding(4.04) offset(0.00) 
46364	45663	single-	4	6	{GlimmerHMM_glimmerT_4497-T1;GlimmerHMM}

# EVM prediction: Mode:STANDARD S-ratio: 285.76 46833-47120 orient(-) score(1148.00) noncoding_equivalent(4.02) raw_noncoding(4.02) offset(0.00) 
47120	46833	single-	4	6	{GlimmerHMM_glimmerT_4498-T1;GlimmerHMM}

# EVM prediction: Mode:STANDARD S-ratio: 246.20 47601-49958 orient(-) score(9394.00) noncoding_equivalent(38.16) raw_noncoding(38.16) offset(0.00) 
49958	47601	single-	4	6	{GlimmerHMM_glimmerT_4499-T1;GlimmerHMM}

# EVM prediction: Mode:STANDARD S-ratio: 42.29 50342-52990 orient(-) score(10351.00) noncoding_equivalent(244.76) raw_noncoding(244.76) offset(0.00) 
52990	50342	single-	4	6	{GlimmerHMM_glimmerT_4500-T1;GlimmerHMM}

# EVM prediction: Mode:STANDARD S-ratio: 4.60 53485-54351 orient(-) score(4272.00) noncoding_equivalent(928.15) raw_noncoding(928.15) offset(0.00) 
54351	53485	single-	4	6	{GlimmerHMM_glimmerT_4501-T1;GlimmerHMM},{HiQ_model.g4154.t1;HiQ}

# EVM prediction: Mode:STANDARD S-ratio: 4.94 55070-58033 orient(-) score(14790.00) noncoding_equivalent(2994.07) raw_noncoding(2994.07) offset(0.00) 
58033	55070	single-	4	6	{HiQ_model.g4155.t1;HiQ},{GlimmerHMM_glimmerT_4502-T1;GlimmerHMM}

# EVM prediction: Mode:STANDARD S-ratio: 4.40 59175-60881 orient(-) score(8345.00) noncoding_equivalent(1898.47) raw_noncoding(1898.47) offset(0.00) 
60881	59175	single-	4	6	{HiQ_model.g4156.t1;HiQ}

# EVM prediction: Mode:STANDARD S-ratio: 65.80 61637-62077 orient(+) score(1738.00) noncoding_equivalent(26.41) raw_noncoding(26.41) offset(0.00) 
61637	62077	single+	1	3	{GlimmerHMM_glimmerT_4504-T1;GlimmerHMM},{Augustus_model.g4157.t1;Augustus}

# EVM prediction: Mode:STANDARD S-ratio: 10000.00 62335-63618 orient(-) score(5136.00) noncoding_equivalent(0.51) raw_noncoding(0.00) offset(0.00) 
63618	62335	single-	4	6	{GlimmerHMM_glimmerT_4505-T1;GlimmerHMM}

# EVM prediction: Mode:STANDARD S-ratio: 35.73 64069-66372 orient(-) score(8966.00) noncoding_equivalent(250.91) raw_noncoding(250.91) offset(0.00) 
66372	64069	single-	4	6	{GlimmerHMM_glimmerT_4506-T1;GlimmerHMM}

# EVM prediction: Mode:STANDARD S-ratio: 4.95 66790-68580 orient(-) score(8941.00) noncoding_equivalent(1805.30) raw_noncoding(1805.30) offset(0.00) 
68580	66790	single-	4	6	{GlimmerHMM_glimmerT_4507-T1;GlimmerHMM},{HiQ_model.g4159.t1;HiQ}

# EVM prediction: Mode:STANDARD S-ratio: 20.75 69274-69993 orient(+) score(2739.00) noncoding_equivalent(132.00) raw_noncoding(132.00) offset(0.00) 
69274	69993	single+	1	3	{GlimmerHMM_glimmerT_4508-T1;GlimmerHMM}

# EVM prediction: Mode:STANDARD S-ratio: 55.16 70284-71051 orient(+) score(3018.00) noncoding_equivalent(54.72) raw_noncoding(54.72) offset(0.00) 
70284	71051	single+	1	3	{GlimmerHMM_glimmerT_4509-T1;GlimmerHMM},{Augustus_model.g4161.t1;Augustus}

# EVM prediction: Mode:STANDARD S-ratio: 235.74 72427-73617 orient(+) score(4744.00) noncoding_equivalent(20.12) raw_noncoding(20.12) offset(0.00) 
72427	73617	single+	1	3	{Augustus_model.g4162.t1;Augustus}

# EVM prediction: Mode:STANDARD S-ratio: 4.92 75514-77859 orient(-) score(11700.00) noncoding_equivalent(2376.00) raw_noncoding(2376.00) offset(0.00) 
77859	75514	single-	4	6	{HiQ_model.g4163.t1;HiQ},{GlimmerHMM_glimmerT_4511-T1;GlimmerHMM}

# EVM prediction: Mode:STANDARD S-ratio: 34.55 79976-80566 orient(+) score(2298.00) noncoding_equivalent(66.50) raw_noncoding(66.50) offset(0.00) 
79976	80566	single+	1	3	{GlimmerHMM_glimmerT_4512-T1;GlimmerHMM}

# EVM prediction: Mode:STANDARD S-ratio: 10000.00 81207-82526 orient(+) score(5280.00) noncoding_equivalent(0.53) raw_noncoding(0.00) offset(0.00) 
81207	82526	single+	1	3	{GlimmerHMM_glimmerT_4513-T1;GlimmerHMM}

# EVM prediction: Mode:STANDARD S-ratio: 5.00 82696-83478 orient(-) score(3915.00) noncoding_equivalent(783.00) raw_noncoding(783.00) offset(0.00) 
83478	82696	single-	4	6	{HiQ_model.g4165.t1;HiQ},{GlimmerHMM_glimmerT_4514-T1;GlimmerHMM}

# EVM prediction: Mode:STANDARD S-ratio: 47.36 85265-87173 orient(+) score(7341.00) noncoding_equivalent(155.00) raw_noncoding(229.00) offset(74.00) 
85265	85748	initial+	1	1	{Augustus_model.g4166.t1;Augustus}
85749	85923	INTRON			{Augustus_model.g4166.t1;Augustus}
85924	87173	terminal+	2	3	{Augustus_model.g4166.t1;Augustus}

# EVM prediction: Mode:STANDARD S-ratio: 1.98 87456-88895 orient(-) score(5742.00) noncoding_equivalent(2898.00) raw_noncoding(2898.00) offset(0.00) 
88895	87456	single-	4	6	{HiQ_model.g4167.t1;HiQ}

# EVM prediction: Mode:STANDARD S-ratio: 222.10 89559-91037 orient(+) score(7348.00) noncoding_equivalent(33.08) raw_noncoding(33.08) offset(0.00) 
89559	91037	single+	1	3	{GlimmerHMM_glimmerT_4518-T1;GlimmerHMM},{Augustus_model.g4168.t1;Augustus}

# EVM prediction: Mode:STANDARD S-ratio: 4.87 91139-92239 orient(-) score(5479.00) noncoding_equivalent(1125.12) raw_noncoding(1125.12) offset(0.00) 
92239	91139	single-	4	6	{GlimmerHMM_glimmerT_4519-T1;GlimmerHMM},{HiQ_model.g4169.t1;HiQ}

# EVM prediction: Mode:STANDARD S-ratio: 4.99 92605-95700 orient(-) score(15476.00) noncoding_equivalent(3100.02) raw_noncoding(3100.02) offset(0.00) 
95700	92605	single-	4	6	{HiQ_model.g4170.t1;HiQ},{GlimmerHMM_glimmerT_4520-T1;GlimmerHMM}

# EVM prediction: Mode:STANDARD S-ratio: 3.00 97436-99022 orient(+) score(4761.00) noncoding_equivalent(1587.00) raw_noncoding(1587.00) offset(0.00) 
97436	99022	single+	1	3	{GlimmerHMM_glimmerT_4521-T1;GlimmerHMM},{Augustus_model.g4171.t1;Augustus}

