!! Predictions spanning range 8742 - 93438 [R1]
# EVM prediction: Mode:STANDARD S-ratio: 10000.00 8742-13793 orient(-) score(10104.00) noncoding_equivalent(1.01) raw_noncoding(0.00) offset(0.00) 
13793	8742	single-	4	6	{Augustus_gene884.t1;Augustus}

# EVM prediction: Mode:STANDARD S-ratio: 10000.00 18819-20090 orient(+) score(2544.00) noncoding_equivalent(0.25) raw_noncoding(0.00) offset(0.00) 
18819	20090	single+	1	3	{Augustus_gene95.t1;Augustus}

# EVM prediction: Mode:STANDARD S-ratio: 10000.00 23831-26143 orient(+) score(4626.00) noncoding_equivalent(0.46) raw_noncoding(0.00) offset(0.00) 
23831	26143	single+	1	3	{Augustus_gene402.t1;Augustus}

# EVM prediction: Mode:STANDARD S-ratio: 10000.00 27651-28241 orient(+) score(1182.00) noncoding_equivalent(0.12) raw_noncoding(0.00) offset(0.00) 
27651	28241	single+	1	3	{Augustus_gene704.t1;Augustus}

# EVM prediction: Mode:STANDARD S-ratio: 10000.00 28379-30847 orient(-) score(4938.00) noncoding_equivalent(0.49) raw_noncoding(0.00) offset(0.00) 
30847	28379	single-	4	6	{Augustus_gene891.t1;Augustus}

# EVM prediction: Mode:STANDARD S-ratio: 10000.00 35925-36586 orient(-) score(1324.00) noncoding_equivalent(0.13) raw_noncoding(0.00) offset(0.00) 
36487	35925	terminal-	5	6	{Augustus_gene396.t1;Augustus}
36564	36488	INTRON			{Augustus_gene396.t1;Augustus}
36586	36565	initial-	4	4	{Augustus_gene396.t1;Augustus}

# EVM prediction: Mode:STANDARD S-ratio: 10000.00 51227-53392 orient(-) score(4332.00) noncoding_equivalent(0.43) raw_noncoding(0.00) offset(0.00) 
53392	51227	single-	4	6	{Augustus_gene625.t1;Augustus}

# EVM prediction: Mode:STANDARD S-ratio: 10000.00 57555-59555 orient(-) score(4002.00) noncoding_equivalent(0.40) raw_noncoding(0.00) offset(0.00) 
59555	57555	single-	4	6	{Augustus_gene1035.t1;Augustus}

# EVM prediction: Mode:STANDARD S-ratio: 10000.00 73214-74644 orient(-) score(2862.00) noncoding_equivalent(0.29) raw_noncoding(0.00) offset(0.00) 
74644	73214	single-	4	6	{Augustus_gene912.t1;Augustus}

# EVM prediction: Mode:STANDARD S-ratio: 10000.00 78857-80638 orient(+) score(3564.00) noncoding_equivalent(0.36) raw_noncoding(0.00) offset(0.00) 
78857	80638	single+	1	3	{Augustus_gene1093.t1;Augustus}

# EVM prediction: Mode:STANDARD S-ratio: 10000.00 89194-90657 orient(+) score(2928.00) noncoding_equivalent(0.29) raw_noncoding(0.00) offset(0.00) 
89194	90657	single+	1	3	{Augustus_gene386.t1;Augustus}

# EVM prediction: Mode:STANDARD S-ratio: 10000.00 91012-91926 orient(+) score(1830.00) noncoding_equivalent(0.18) raw_noncoding(0.00) offset(0.00) 
91012	91926	single+	1	3	{Augustus_gene362.t1;Augustus}

# EVM prediction: Mode:STANDARD S-ratio: 10000.00 92422-93438 orient(+) score(2034.00) noncoding_equivalent(0.20) raw_noncoding(0.00) offset(0.00) 
92422	93438	single+	1	3	{Augustus_gene1107.t1;Augustus}

