# EVM prediction: Mode:STANDARD S-ratio: 2.00 782-1471 orient(+) score(1364.00) noncoding_equivalent(682.00) raw_noncoding(682.00) offset(0.00)
782	1471	single+	1	3	{GlimmerHMM_glimmerT_3702-T1;GlimmerHMM},{Augustus_model.g3305.t1;Augustus}

# EVM prediction: Mode:STANDARD S-ratio: 293.26 3757-5637 orient(-) score(5610.00) noncoding_equivalent(19.13) raw_noncoding(19.13) offset(0.00)
5637	3757	single-	4	6	{GlimmerHMM_glimmerT_3704-T1;GlimmerHMM},{Augustus_model.g3306.t1;Augustus}

# EVM prediction: Mode:STANDARD S-ratio: 5.00 10613-11326 orient(-) score(3570.00) noncoding_equivalent(714.00) raw_noncoding(714.00) offset(0.00)
11326	10613	single-	4	6	{HiQ_model.g3307.t1;HiQ},{GlimmerHMM_glimmerT_3706-T1;GlimmerHMM}

# EVM prediction: Mode:STANDARD S-ratio: 2.86 18098-22332 orient(-) score(3375.00) noncoding_equivalent(1178.77) raw_noncoding(1827.00) offset(648.23)
18609	18098	terminal-	5	6	{snap_scaffold_9-snap.3-T1;snap},{Augustus_model.g3308.t1;Augustus},{GlimmerHMM_glimmerT_3707-T1;GlimmerHMM}
21668	18610	INTRON			{GlimmerHMM_glimmerT_3707-T1;GlimmerHMM}
22332	21669	initial-	4	4	{GlimmerHMM_glimmerT_3707-T1;GlimmerHMM}

# EVM prediction: Mode:STANDARD S-ratio: 4.96 30592-32997 orient(-) score(12013.00) noncoding_equivalent(2421.27) raw_noncoding(2421.27) offset(0.00)
32997	30592	single-	4	6	{HiQ_model.g3309.t1;HiQ},{GlimmerHMM_glimmerT_3709-T1;GlimmerHMM}

# EVM prediction: Mode:STANDARD S-ratio: 1.46 33654-34469 orient(+) score(1454.00) noncoding_equivalent(994.66) raw_noncoding(994.66) offset(0.00)
33654	34469	single+	1	3	{GlimmerHMM_glimmerT_3710-T1;GlimmerHMM}

# EVM prediction: Mode:STANDARD S-ratio: 25.86 34652-36711 orient(+) score(7499.00) noncoding_equivalent(290.03) raw_noncoding(684.67) offset(394.64)
34652	34660	initial+	1	3	{snap_scaffold_9-snap.5-T1;snap}
34661	34881	INTRON			{snap_scaffold_9-snap.5-T1;snap}
34882	36711	terminal+	1	3	{snap_scaffold_9-snap.5-T1;snap}

# EVM prediction: Mode:STANDARD S-ratio: 4.83 36947-37933 orient(-) score(4902.00) noncoding_equivalent(1014.00) raw_noncoding(1014.00) offset(0.00)
37933	36947	single-	4	6	{HiQ_model.g3311.t1;HiQ},{GlimmerHMM_glimmerT_3712-T1;GlimmerHMM}

# EVM prediction: Mode:STANDARD S-ratio: 4.63 38135-44179 orient(-) score(29829.00) noncoding_equivalent(6441.00) raw_noncoding(6441.00) offset(0.00)
44179	38135	single-	4	6	{HiQ_model.g3312.t1;HiQ},{GlimmerHMM_glimmerT_3713-T1;GlimmerHMM}

# EVM prediction: Mode:STANDARD S-ratio: 77.16 44410-46704 orient(-) score(8954.00) noncoding_equivalent(116.05) raw_noncoding(116.05) offset(0.00)
46704	44410	single-	4	6	{GlimmerHMM_glimmerT_3714-T1;GlimmerHMM}

# EVM prediction: Mode:STANDARD S-ratio: 5.00 47435-49960 orient(-) score(12630.00) noncoding_equivalent(2526.00) raw_noncoding(2526.00) offset(0.00)
49960	47435	single-	4	6	{GlimmerHMM_glimmerT_3715-T1;GlimmerHMM},{HiQ_model.g3314.t1;HiQ}

# EVM prediction: Mode:STANDARD S-ratio: 2.00 50141-50983 orient(+) score(1686.00) noncoding_equivalent(843.00) raw_noncoding(843.00) offset(0.00)
50141	50983	single+	1	3	{GlimmerHMM_glimmerT_3716-T1;GlimmerHMM},{Augustus_model.g3315.t1;Augustus}

# EVM prediction: Mode:STANDARD S-ratio: 20.83 51128-52972 orient(+) score(6999.00) noncoding_equivalent(336.00) raw_noncoding(336.00) offset(0.00)
51128	52972	single+	1	3	{Augustus_model.g3316.t1;Augustus},{GlimmerHMM_glimmerT_3717-T1;GlimmerHMM}

# EVM prediction: Mode:STANDARD S-ratio: 4.78 53229-55598 orient(-) score(11760.00) noncoding_equivalent(2458.30) raw_noncoding(2458.30) offset(0.00)
55598	53229	single-	4	6	{HiQ_model.g3317.t1;HiQ}

# EVM prediction: Mode:STANDARD S-ratio: 67.96 57634-60294 orient(+) score(10488.00) noncoding_equivalent(154.32) raw_noncoding(154.32) offset(0.00)
57634	60294	single+	1	3	{Augustus_model.g3318.t1;Augustus}

# EVM prediction: Mode:STANDARD S-ratio: 10000.00 60618-64385 orient(+) score(11304.00) noncoding_equivalent(1.13) raw_noncoding(0.00) offset(0.00)
60618	64385	single+	1	3	{GlimmerHMM_glimmerT_3720-T1;GlimmerHMM},{Augustus_model.g3319.t1;Augustus}

# EVM prediction: Mode:STANDARD S-ratio: 2.02 64679-65623 orient(-) score(1890.00) noncoding_equivalent(937.05) raw_noncoding(937.05) offset(0.00)
65623	64679	single-	4	6	{Augustus_model.g3320.t1;Augustus},{GlimmerHMM_glimmerT_3721-T1;GlimmerHMM}

# EVM prediction: Mode:STANDARD S-ratio: 10000.00 66150-67691 orient(+) score(6168.00) noncoding_equivalent(0.62) raw_noncoding(0.00) offset(0.00)
66150	67691	single+	1	3	{GlimmerHMM_glimmerT_3722-T1;GlimmerHMM},{Augustus_model.g3321.t1;Augustus}

# EVM prediction: Mode:STANDARD S-ratio: 1.00 68326-69369 orient(+) score(2088.00) noncoding_equivalent(2088.00) raw_noncoding(2088.00) offset(0.00)
68326	69369	single+	1	3	{GlimmerHMM_glimmerT_3723-T1;GlimmerHMM}

# EVM prediction: Mode:STANDARD S-ratio: 4.57 69508-70209 orient(-) score(3456.00) noncoding_equivalent(756.00) raw_noncoding(756.00) offset(0.00)
70209	69508	single-	4	6	{GlimmerHMM_glimmerT_3724-T1;GlimmerHMM},{HiQ_model.g3322.t1;HiQ}

# EVM prediction: Mode:STANDARD S-ratio: 3.42 70588-71424 orient(+) score(2895.00) noncoding_equivalent(846.03) raw_noncoding(1269.13) offset(423.11)
70588	70597	initial+	1	1	{GlimmerHMM_glimmerT_3725-T1;GlimmerHMM},{Augustus_model.g3323.t1;Augustus}
70598	71017	INTRON			{GlimmerHMM_glimmerT_3725-T1;GlimmerHMM},{Augustus_model.g3323.t1;Augustus}
71018	71424	terminal+	2	3	{GlimmerHMM_glimmerT_3725-T1;GlimmerHMM},{snap_scaffold_9-snap.16-T1;snap},{Augustus_model.g3323.t1;Augustus}

# EVM prediction: Mode:STANDARD S-ratio: 5.65 71727-72119 orient(-) score(2336.00) noncoding_equivalent(413.13) raw_noncoding(413.13) offset(0.00)
72119	71727	single-	4	6	{GlimmerHMM_glimmerT_3726-T1;GlimmerHMM},{HiQ_model.g3324.t1;HiQ}

# EVM prediction: Mode:STANDARD S-ratio: 10000.00 73688-76240 orient(-) score(7659.00) noncoding_equivalent(0.77) raw_noncoding(0.00) offset(0.00)
76240	73688	single-	4	6	{Augustus_model.g3325.t1;Augustus},{GlimmerHMM_glimmerT_3728-T1;GlimmerHMM}

# EVM prediction: Mode:STANDARD S-ratio: 151.90 77129-78889 orient(+) score(5244.00) noncoding_equivalent(34.52) raw_noncoding(34.52) offset(0.00)
77129	78889	single+	1	3	{GlimmerHMM_glimmerT_3729-T1;GlimmerHMM},{Augustus_model.g3326.t1;Augustus}

# EVM prediction: Mode:STANDARD S-ratio: 2.64 79061-79840 orient(-) score(1560.00) noncoding_equivalent(590.00) raw_noncoding(590.00) offset(0.00)
79840	79061	single-	4	6	{Augustus_model.g3327.t1;Augustus}

# EVM prediction: Mode:STANDARD S-ratio: 60.87 80439-80813 orient(+) score(1468.00) noncoding_equivalent(24.12) raw_noncoding(24.12) offset(0.00)
80439	80813	single+	1	3	{GlimmerHMM_glimmerT_3731-T1;GlimmerHMM}

# EVM prediction: Mode:STANDARD S-ratio: 33.23 81235-82332 orient(+) score(4263.00) noncoding_equivalent(128.30) raw_noncoding(128.30) offset(0.00)
81235	82332	single+	1	3	{GlimmerHMM_glimmerT_3732-T1;GlimmerHMM},{Augustus_model.g3329.t1;Augustus}

# EVM prediction: Mode:STANDARD S-ratio: 49.25 82643-84451 orient(+) score(5319.00) noncoding_equivalent(108.00) raw_noncoding(108.00) offset(0.00)
82643	84451	single+	1	3	{Augustus_model.g3330.t1;Augustus},{GlimmerHMM_glimmerT_3733-T1;GlimmerHMM}

# EVM prediction: Mode:STANDARD S-ratio: 4.32 84562-85542 orient(-) score(4773.00) noncoding_equivalent(1105.61) raw_noncoding(1105.61) offset(0.00)
85542	84562	single-	4	6	{HiQ_model.g3331.t1;HiQ},{GlimmerHMM_glimmerT_3734-T1;GlimmerHMM}

# EVM prediction: Mode:STANDARD S-ratio: 2.81 85772-86101 orient(+) score(969.00) noncoding_equivalent(344.27) raw_noncoding(344.27) offset(0.00)
85772	86101	single+	1	3	{GlimmerHMM_glimmerT_3735-T1;GlimmerHMM}

# EVM prediction: Mode:STANDARD S-ratio: 10000.00 86277-87074 orient(-) score(2394.00) noncoding_equivalent(0.24) raw_noncoding(0.00) offset(0.00)
87074	86277	single-	4	6	{Augustus_model.g3333.t1;Augustus},{GlimmerHMM_glimmerT_3736-T1;GlimmerHMM}

# EVM prediction: Mode:STANDARD S-ratio: 6.46 87808-88676 orient(+) score(4031.00) noncoding_equivalent(624.00) raw_noncoding(882.00) offset(258.00)
87808	88116	initial+	1	3	{Augustus_model.g3334.t1;Augustus},{GlimmerHMM_glimmerT_3737-T1;GlimmerHMM}
88117	88430	INTRON			{Augustus_model.g3334.t1;Augustus},{GlimmerHMM_glimmerT_3737-T1;GlimmerHMM},{ev_type:exonerate/ID=match.111469.2448/Target=YKL180W;exonerate},{ev_type:exonerate/ID=match.111469.1016/Target=YJL177W;exonerate}
88431	88676	terminal+	1	3	{Augustus_model.g3334.t1;Augustus},{GlimmerHMM_glimmerT_3737-T1;GlimmerHMM}

# EVM prediction: Mode:STANDARD S-ratio: 63.50 89091-91541 orient(-) score(7239.00) noncoding_equivalent(114.00) raw_noncoding(114.00) offset(0.00)
91541	89091	single-	4	6	{GlimmerHMM_glimmerT_3738-T1;GlimmerHMM},{Augustus_model.g3335.t1;Augustus}

# EVM prediction: Mode:STANDARD S-ratio: 207.50 92110-92943 orient(+) score(2490.00) noncoding_equivalent(12.00) raw_noncoding(12.00) offset(0.00)
92110	92943	single+	1	3	{Augustus_model.g3336.t1;Augustus},{GlimmerHMM_glimmerT_3739-T1;GlimmerHMM}

# EVM prediction: Mode:STANDARD S-ratio: 4.09 93208-93576 orient(-) score(1779.00) noncoding_equivalent(435.00) raw_noncoding(435.00) offset(0.00)
93576	93208	single-	4	6	{HiQ_model.g3337.t1;HiQ},{GlimmerHMM_glimmerT_3740-T1;GlimmerHMM}

# EVM prediction: Mode:STANDARD S-ratio: 10000.00 95047-96783 orient(+) score(6944.00) noncoding_equivalent(0.69) raw_noncoding(0.00) offset(0.00)
95047	96783	single+	1	3	{Augustus_model.g3338.t1;Augustus},{GlimmerHMM_glimmerT_3741-T1;GlimmerHMM}

# EVM prediction: Mode:STANDARD S-ratio: 18.60 96988-98178 orient(-) score(4521.00) noncoding_equivalent(243.00) raw_noncoding(243.00) offset(0.00)
98178	96988	single-	4	6	{GlimmerHMM_glimmerT_3742-T1;GlimmerHMM}

# EVM prediction: Mode:STANDARD S-ratio: 18.86 98416-99048 orient(-) score(1804.00) noncoding_equivalent(95.64) raw_noncoding(95.64) offset(0.00)
99048	98416	single-	4	6	{GlimmerHMM_glimmerT_3743-T1;GlimmerHMM}

# EVM prediction: Mode:STANDARD S-ratio: 5.00 99482-101692 orient(-) score(11049.00) noncoding_equivalent(2211.00) raw_noncoding(2211.00) offset(0.00)
101692	99482	single-	4	6	{GlimmerHMM_glimmerT_3744-T1;GlimmerHMM},{HiQ_model.g3340.t1;HiQ}

# EVM prediction: Mode:STANDARD S-ratio: 10000.00 102273-103331 orient(+) score(4236.00) noncoding_equivalent(0.42) raw_noncoding(0.00) offset(0.00)
102273	103331	single+	1	3	{GlimmerHMM_glimmerT_3745-T1;GlimmerHMM},{Augustus_model.g3341.t1;Augustus}

# EVM prediction: Mode:STANDARD S-ratio: 10000.00 103725-104009 orient(+) score(1140.00) noncoding_equivalent(0.11) raw_noncoding(0.00) offset(0.00)
103725	104009	single+	1	3	{Augustus_model.g3342.t1;Augustus},{GlimmerHMM_glimmerT_3746-T1;GlimmerHMM}

# EVM prediction: Mode:STANDARD S-ratio: 758.44 104162-106708 orient(-) score(7629.00) noncoding_equivalent(10.06) raw_noncoding(10.06) offset(0.00)
106708	104162	single-	4	6	{GlimmerHMM_glimmerT_3747-T1;GlimmerHMM},{Augustus_model.g3343.t1;Augustus}

# EVM prediction: Mode:STANDARD S-ratio: 107.46 107210-108403 orient(-) score(3548.00) noncoding_equivalent(33.02) raw_noncoding(33.02) offset(0.00)
108403	107210	single-	4	6	{GlimmerHMM_glimmerT_3748-T1;GlimmerHMM},{Augustus_model.g3344.t1;Augustus}

# EVM prediction: Mode:STANDARD S-ratio: 5.00 108922-110589 orient(-) score(8340.00) noncoding_equivalent(1668.00) raw_noncoding(1668.00) offset(0.00)
110589	108922	single-	4	6	{HiQ_model.g3345.t1;HiQ},{GlimmerHMM_glimmerT_3749-T1;GlimmerHMM}

# EVM prediction: Mode:STANDARD S-ratio: 10.26 111135-112832 orient(-) score(4640.00) noncoding_equivalent(452.13) raw_noncoding(452.13) offset(0.00)
112832	111135	single-	4	6	{GlimmerHMM_glimmerT_3750-T1;GlimmerHMM}

# EVM prediction: Mode:STANDARD S-ratio: 10.47 114947-115783 orient(-) score(2292.00) noncoding_equivalent(219.00) raw_noncoding(219.00) offset(0.00)
115783	114947	single-	4	6	{GlimmerHMM_glimmerT_3752-T1;GlimmerHMM}

# EVM prediction: Mode:STANDARD S-ratio: 3.36 117443-118713 orient(+) score(2876.00) noncoding_equivalent(856.80) raw_noncoding(930.07) offset(73.27)
117443	118007	initial+	1	1	{GlimmerHMM_glimmerT_3754-T1;GlimmerHMM}
118008	118081	INTRON			{GlimmerHMM_glimmerT_3754-T1;GlimmerHMM}
118082	118713	terminal+	2	3	{GlimmerHMM_glimmerT_3754-T1;GlimmerHMM}

# EVM prediction: Mode:STANDARD S-ratio: 5.00 119295-119987 orient(-) score(3465.00) noncoding_equivalent(693.00) raw_noncoding(693.00) offset(0.00)
119987	119295	single-	4	6	{HiQ_model.g3349.t1;HiQ},{GlimmerHMM_glimmerT_3755-T1;GlimmerHMM}

# EVM prediction: Mode:STANDARD S-ratio: 19.61 120847-123755 orient(-) score(7946.00) noncoding_equivalent(405.10) raw_noncoding(1142.49) offset(737.39)
123375	120847	terminal-	4	6	{snap_scaffold_9-snap.45-T1;snap}
123749	123376	INTRON			{snap_scaffold_9-snap.45-T1;snap}
123755	123750	initial-	4	6	{snap_scaffold_9-snap.45-T1;snap}

# EVM prediction: Mode:STANDARD S-ratio: 193.52 123880-125991 orient(-) score(8367.00) noncoding_equivalent(43.24) raw_noncoding(43.24) offset(0.00)
125991	123880	single-	4	6	{GlimmerHMM_glimmerT_3757-T1;GlimmerHMM}

# EVM prediction: Mode:STANDARD S-ratio: 4.96 126314-127672 orient(-) score(6784.00) noncoding_equivalent(1368.05) raw_noncoding(1368.05) offset(0.00)
127672	126314	single-	4	6	{GlimmerHMM_glimmerT_3758-T1;GlimmerHMM},{HiQ_model.g3351.t1;HiQ}

# EVM prediction: Mode:STANDARD S-ratio: 4.74 128167-131004 orient(-) score(14064.00) noncoding_equivalent(2964.00) raw_noncoding(2964.00) offset(0.00)
131004	128167	single-	4	6	{GlimmerHMM_glimmerT_3759-T1;GlimmerHMM},{HiQ_model.g3352.t1;HiQ}

# EVM prediction: Mode:STANDARD S-ratio: 5.00 131350-132951 orient(-) score(8004.00) noncoding_equivalent(1602.00) raw_noncoding(1602.00) offset(0.00)
132951	131350	single-	4	6	{HiQ_model.g3353.t1;HiQ},{GlimmerHMM_glimmerT_3760-T1;GlimmerHMM}

# EVM prediction: Mode:STANDARD S-ratio: 10000.00 133410-133817 orient(-) score(1224.00) noncoding_equivalent(0.12) raw_noncoding(0.00) offset(0.00)
133817	133410	single-	4	6	{Augustus_model.g3354.t1;Augustus},{GlimmerHMM_glimmerT_3761-T1;GlimmerHMM}

# EVM prediction: Mode:STANDARD S-ratio: 131.35 134447-136465 orient(+) score(7881.00) noncoding_equivalent(60.00) raw_noncoding(60.00) offset(0.00)
134447	136465	single+	1	3	{Augustus_model.g3355.t1;Augustus},{GlimmerHMM_glimmerT_3762-T1;GlimmerHMM}

# EVM prediction: Mode:STANDARD S-ratio: 117.39 137552-138235 orient(+) score(2033.00) noncoding_equivalent(17.32) raw_noncoding(17.32) offset(0.00)
137552	138235	single+	1	3	{GlimmerHMM_glimmerT_3763-T1;GlimmerHMM},{Augustus_model.g3356.t1;Augustus}

# EVM prediction: Mode:STANDARD S-ratio: 2.00 138522-139670 orient(-) score(2298.00) noncoding_equivalent(1149.00) raw_noncoding(1149.00) offset(0.00)
139670	138522	single-	4	6	{Augustus_model.g3357.t1;Augustus},{GlimmerHMM_glimmerT_3764-T1;GlimmerHMM}

# EVM prediction: Mode:STANDARD S-ratio: 560.33 140402-141811 orient(+) score(5628.00) noncoding_equivalent(10.04) raw_noncoding(10.04) offset(0.00)
140402	141811	single+	1	3	{GlimmerHMM_glimmerT_3765-T1;GlimmerHMM},{Augustus_model.g3358.t1;Augustus}

# EVM prediction: Mode:STANDARD S-ratio: 10000.00 142250-143140 orient(+) score(3551.00) noncoding_equivalent(0.36) raw_noncoding(0.00) offset(0.00)
142250	143140	single+	1	3	{GlimmerHMM_glimmerT_3766-T1;GlimmerHMM},{Augustus_model.g3359.t1;Augustus}

# EVM prediction: Mode:STANDARD S-ratio: 10000.00 144203-144679 orient(+) score(1908.00) noncoding_equivalent(0.19) raw_noncoding(0.00) offset(0.00)
144203	144679	single+	1	3	{Augustus_model.g3360.t1;Augustus},{GlimmerHMM_glimmerT_3768-T1;GlimmerHMM}

# EVM prediction: Mode:STANDARD S-ratio: 64.15 145061-147673 orient(-) score(7717.00) noncoding_equivalent(120.30) raw_noncoding(120.30) offset(0.00)
147673	145061	single-	4	6	{GlimmerHMM_glimmerT_3769-T1;GlimmerHMM}

# EVM prediction: Mode:STANDARD S-ratio: 61.86 148218-148877 orient(+) score(2598.00) noncoding_equivalent(42.00) raw_noncoding(42.00) offset(0.00)
148218	148877	single+	1	3	{Augustus_model.g3362.t1;Augustus},{GlimmerHMM_glimmerT_3770-T1;GlimmerHMM}

# EVM prediction: Mode:STANDARD S-ratio: 4.63 148945-150246 orient(-) score(6402.00) noncoding_equivalent(1381.53) raw_noncoding(1381.53) offset(0.00)
150246	148945	single-	4	6	{GlimmerHMM_glimmerT_3771-T1;GlimmerHMM},{HiQ_model.g3363.t1;HiQ}

# EVM prediction: Mode:STANDARD S-ratio: 2.36 150739-151935 orient(-) score(2153.00) noncoding_equivalent(913.00) raw_noncoding(913.00) offset(0.00)
151935	150739	single-	4	6	{Augustus_model.g3364.t1;Augustus}

# EVM prediction: Mode:STANDARD S-ratio: 49.20 152217-153359 orient(-) score(3359.00) noncoding_equivalent(68.27) raw_noncoding(68.27) offset(0.00)
153359	152217	single-	4	6	{GlimmerHMM_glimmerT_3773-T1;GlimmerHMM}

# EVM prediction: Mode:STANDARD S-ratio: 2.46 153792-154521 orient(-) score(2923.00) noncoding_equivalent(1189.54) raw_noncoding(1658.07) offset(468.53)
154031	153792	terminal-	4	6	{GlimmerHMM_glimmerT_3774-T1;GlimmerHMM}
154497	154032	INTRON			{Augustus_model.g3365.t1;Augustus},{GlimmerHMM_glimmerT_3774-T1;GlimmerHMM},{ev_type:exonerate/ID=match.111469.2223/Target=YJL136C;exonerate},{ev_type:exonerate/ID=match.111469.2582/Target=YKR057W;exonerate}
154521	154498	initial-	4	6	{Augustus_model.g3365.t1;Augustus},{GlimmerHMM_glimmerT_3774-T1;GlimmerHMM}

# EVM prediction: Mode:STANDARD S-ratio: 0.99 155381-156633 orient(+) score(2412.00) noncoding_equivalent(2430.29) raw_noncoding(2576.29) offset(146.00)
155381	156534	initial+	1	2	{GlimmerHMM_glimmerT_3775-T1;GlimmerHMM}
156535	156608	INTRON			{GlimmerHMM_glimmerT_3775-T1;GlimmerHMM}
156609	156633	terminal+	3	3	{GlimmerHMM_glimmerT_3775-T1;GlimmerHMM}

# EVM prediction: Mode:STANDARD S-ratio: 2.00 156819-157043 orient(-) score(900.00) noncoding_equivalent(450.00) raw_noncoding(450.00) offset(0.00)
157043	156819	single-	4	6	{GlimmerHMM_glimmerT_3776-T1;GlimmerHMM},{HiQ_model.g3366.t1;HiQ}

# EVM prediction: Mode:STANDARD S-ratio: 14.00 157840-158784 orient(+) score(2646.00) noncoding_equivalent(189.00) raw_noncoding(189.00) offset(0.00)
157840	158784	single+	1	3	{Augustus_model.g3367.t1;Augustus},{GlimmerHMM_glimmerT_3777-T1;GlimmerHMM}

# EVM prediction: Mode:STANDARD S-ratio: 10000.00 159112-161358 orient(+) score(6741.00) noncoding_equivalent(0.67) raw_noncoding(0.00) offset(0.00)
159112	161358	single+	1	3	{Augustus_model.g3368.t1;Augustus},{GlimmerHMM_glimmerT_3778-T1;GlimmerHMM}

# EVM prediction: Mode:STANDARD S-ratio: 10000.00 161476-162414 orient(-) score(2817.00) noncoding_equivalent(0.28) raw_noncoding(0.00) offset(0.00)
162414	161476	single-	4	6	{Augustus_model.g3369.t1;Augustus},{GlimmerHMM_glimmerT_3779-T1;GlimmerHMM}

# EVM prediction: Mode:STANDARD S-ratio: 5.00 162910-169554 orient(-) score(33225.00) noncoding_equivalent(6645.00) raw_noncoding(6645.00) offset(0.00)
169554	162910	single-	4	6	{GlimmerHMM_glimmerT_3780-T1;GlimmerHMM},{HiQ_model.g3370.t1;HiQ}

# EVM prediction: Mode:STANDARD S-ratio: 28.61 170827-174528 orient(-) score(10728.00) noncoding_equivalent(375.00) raw_noncoding(375.00) offset(0.00)
174528	170827	single-	4	6	{GlimmerHMM_glimmerT_3781-T1;GlimmerHMM}

# EVM prediction: Mode:STANDARD S-ratio: 10000.00 175347-177368 orient(-) score(6066.00) noncoding_equivalent(0.61) raw_noncoding(0.00) offset(0.00)
177368	175347	single-	4	6	{Augustus_model.g3372.t1;Augustus},{GlimmerHMM_glimmerT_3782-T1;GlimmerHMM}

# EVM prediction: Mode:STANDARD S-ratio: 70.44 179566-181494 orient(-) score(5706.00) noncoding_equivalent(81.00) raw_noncoding(81.00) offset(0.00)
181494	179566	single-	4	6	{GlimmerHMM_glimmerT_3783-T1;GlimmerHMM},{Augustus_model.g3374.t1;Augustus}

# EVM prediction: Mode:STANDARD S-ratio: 38.04 181801-182724 orient(+) score(3601.00) noncoding_equivalent(94.66) raw_noncoding(94.66) offset(0.00)
181801	182724	single+	1	3	{GlimmerHMM_glimmerT_3784-T1;GlimmerHMM},{Augustus_model.g3375.t1;Augustus}

# EVM prediction: Mode:STANDARD S-ratio: 4.98 182824-183987 orient(-) score(5796.00) noncoding_equivalent(1164.00) raw_noncoding(1164.00) offset(0.00)
183987	182824	single-	4	6	{HiQ_model.g3376.t1;HiQ},{GlimmerHMM_glimmerT_3785-T1;GlimmerHMM}

# EVM prediction: Mode:STANDARD S-ratio: 411.73 184414-184932 orient(-) score(2069.00) noncoding_equivalent(5.03) raw_noncoding(5.03) offset(0.00)
184932	184414	single-	4	6	{GlimmerHMM_glimmerT_3786-T1;GlimmerHMM}

# EVM prediction: Mode:STANDARD S-ratio: 309.23 185312-186766 orient(-) score(4351.00) noncoding_equivalent(14.07) raw_noncoding(14.07) offset(0.00)
186766	185312	single-	4	6	{GlimmerHMM_glimmerT_3787-T1;GlimmerHMM}

# EVM prediction: Mode:STANDARD S-ratio: 3.00 187044-187574 orient(+) score(1593.00) noncoding_equivalent(531.00) raw_noncoding(531.00) offset(0.00)
187044	187574	single+	1	3	{Augustus_model.g3378.t1;Augustus},{GlimmerHMM_glimmerT_3788-T1;GlimmerHMM}

# EVM prediction: Mode:STANDARD S-ratio: 5.00 187717-188433 orient(-) score(3585.00) noncoding_equivalent(717.00) raw_noncoding(717.00) offset(0.00)
188433	187717	single-	4	6	{GlimmerHMM_glimmerT_3789-T1;GlimmerHMM},{HiQ_model.g3379.t1;HiQ}

# EVM prediction: Mode:STANDARD S-ratio: 10000.00 189871-190806 orient(+) score(3744.00) noncoding_equivalent(0.37) raw_noncoding(0.00) offset(0.00)
189871	190806	single+	1	3	{Augustus_model.g3380.t1;Augustus},{GlimmerHMM_glimmerT_3790-T1;GlimmerHMM}

# EVM prediction: Mode:STANDARD S-ratio: 5.00 191174-192169 orient(-) score(4980.00) noncoding_equivalent(996.00) raw_noncoding(996.00) offset(0.00)
192169	191174	single-	4	6	{GlimmerHMM_glimmerT_3791-T1;GlimmerHMM},{HiQ_model.g3381.t1;HiQ}

# EVM prediction: Mode:STANDARD S-ratio: 34.50 193537-194388 orient(+) score(3312.00) noncoding_equivalent(96.00) raw_noncoding(96.00) offset(0.00)
193537	194388	single+	1	3	{GlimmerHMM_glimmerT_3792-T1;GlimmerHMM},{Augustus_model.g3382.t1;Augustus}

# EVM prediction: Mode:STANDARD S-ratio: 10000.00 195066-197792 orient(-) score(8181.00) noncoding_equivalent(0.82) raw_noncoding(0.00) offset(0.00)
197792	195066	single-	4	6	{GlimmerHMM_glimmerT_3793-T1;GlimmerHMM},{Augustus_model.g3383.t1;Augustus}

# EVM prediction: Mode:STANDARD S-ratio: 19.20 199464-201599 orient(+) score(6088.00) noncoding_equivalent(317.13) raw_noncoding(317.13) offset(0.00)
199464	201599	single+	1	3	{GlimmerHMM_glimmerT_3794-T1;GlimmerHMM}

# EVM prediction: Mode:STANDARD S-ratio: 119.66 202043-203698 orient(+) score(4925.00) noncoding_equivalent(41.16) raw_noncoding(41.16) offset(0.00)
202043	203698	single+	1	3	{GlimmerHMM_glimmerT_3795-T1;GlimmerHMM}

# EVM prediction: Mode:STANDARD S-ratio: 107.53 204070-205725 orient(-) score(4921.00) noncoding_equivalent(45.76) raw_noncoding(45.76) offset(0.00)
205725	204070	single-	4	6	{GlimmerHMM_glimmerT_3796-T1;GlimmerHMM},{Augustus_model.g3385.t1;Augustus}

# EVM prediction: Mode:STANDARD S-ratio: 4.87 206151-211460 orient(-) score(26432.00) noncoding_equivalent(5426.62) raw_noncoding(5426.62) offset(0.00)
211460	206151	single-	4	6	{HiQ_model.g3386.t1;HiQ},{GlimmerHMM_glimmerT_3797-T1;GlimmerHMM}

# EVM prediction: Mode:STANDARD S-ratio: 4.50 211890-214220 orient(-) score(10474.00) noncoding_equivalent(2330.00) raw_noncoding(2330.00) offset(0.00)
214220	211890	single-	4	6	{HiQ_model.g3387.t1;HiQ},{GlimmerHMM_glimmerT_3798-T1;GlimmerHMM}

# EVM prediction: Mode:STANDARD S-ratio: 140.31 215700-217643 orient(+) score(5789.00) noncoding_equivalent(41.26) raw_noncoding(41.26) offset(0.00)
215700	217643	single+	1	3	{GlimmerHMM_glimmerT_3799-T1;GlimmerHMM},{Augustus_model.g3388.t1;Augustus}

# EVM prediction: Mode:STANDARD S-ratio: 4.39 219338-221047 orient(+) score(4179.00) noncoding_equivalent(951.00) raw_noncoding(951.00) offset(0.00)
219338	221047	single+	1	3	{GlimmerHMM_glimmerT_3800-T1;GlimmerHMM},{Augustus_model.g3389.t1;Augustus}

# EVM prediction: Mode:STANDARD S-ratio: 3.00 221581-222030 orient(+) score(1350.00) noncoding_equivalent(450.00) raw_noncoding(450.00) offset(0.00)
221581	222030	single+	1	3	{Augustus_model.g3390.t1;Augustus},{GlimmerHMM_glimmerT_3801-T1;GlimmerHMM}

# EVM prediction: Mode:STANDARD S-ratio: 2.01 223333-225195 orient(-) score(3726.00) noncoding_equivalent(1856.57) raw_noncoding(1856.57) offset(0.00)
225195	223333	single-	4	6	{Augustus_model.g3391.t1;Augustus},{GlimmerHMM_glimmerT_3802-T1;GlimmerHMM}

# EVM prediction: Mode:STANDARD S-ratio: 21.51 225619-228090 orient(+) score(7085.00) noncoding_equivalent(329.36) raw_noncoding(329.36) offset(0.00)
225619	228090	single+	1	3	{GlimmerHMM_glimmerT_3803-T1;GlimmerHMM}

# EVM prediction: Mode:STANDARD S-ratio: 4.89 228688-230724 orient(-) score(10146.00) noncoding_equivalent(2076.00) raw_noncoding(2076.00) offset(0.00)
230724	228688	single-	4	6	{GlimmerHMM_glimmerT_3804-T1;GlimmerHMM},{HiQ_model.g3393.t1;HiQ}

# EVM prediction: Mode:STANDARD S-ratio: 32.04 231659-233482 orient(+) score(5307.00) noncoding_equivalent(165.65) raw_noncoding(165.65) offset(0.00)
231659	233482	single+	1	3	{GlimmerHMM_glimmerT_3805-T1;GlimmerHMM}

# EVM prediction: Mode:STANDARD S-ratio: 33.04 233796-236021 orient(+) score(6480.00) noncoding_equivalent(196.12) raw_noncoding(196.12) offset(0.00)
233796	236021	single+	1	3	{GlimmerHMM_glimmerT_3806-T1;GlimmerHMM}

# EVM prediction: Mode:STANDARD S-ratio: 10000.00 236487-239681 orient(+) score(9585.00) noncoding_equivalent(0.96) raw_noncoding(0.00) offset(0.00)
236487	239681	single+	1	3	{GlimmerHMM_glimmerT_3807-T1;GlimmerHMM},{Augustus_model.g3395.t1;Augustus}

# EVM prediction: Mode:STANDARD S-ratio: 1.02 240902-241387 orient(+) score(981.00) noncoding_equivalent(963.67) raw_noncoding(963.67) offset(0.00)
240902	241387	single+	1	3	{GlimmerHMM_glimmerT_3809-T1;GlimmerHMM}

# EVM prediction: Mode:STANDARD S-ratio: 74.31 241678-246156 orient(+) score(13257.00) noncoding_equivalent(178.40) raw_noncoding(178.40) offset(0.00)
241678	246156	single+	1	3	{Augustus_model.g3396.t1;Augustus},{GlimmerHMM_glimmerT_3810-T1;GlimmerHMM}

# EVM prediction: Mode:STANDARD S-ratio: 5.00 246257-248884 orient(-) score(13131.00) noncoding_equivalent(2628.00) raw_noncoding(2628.00) offset(0.00)
248884	246257	single-	4	6	{GlimmerHMM_glimmerT_3811-T1;GlimmerHMM},{HiQ_model.g3397.t1;HiQ}

# EVM prediction: Mode:STANDARD S-ratio: 157.64 249169-251193 orient(-) score(8048.00) noncoding_equivalent(51.05) raw_noncoding(51.05) offset(0.00)
251193	249169	single-	4	6	{GlimmerHMM_glimmerT_3812-T1;GlimmerHMM},{Augustus_model.g3398.t1;Augustus}

# EVM prediction: Mode:STANDARD S-ratio: 43.29 251850-255371 orient(+) score(13766.00) noncoding_equivalent(318.00) raw_noncoding(318.00) offset(0.00)
251850	255371	single+	1	3	{GlimmerHMM_glimmerT_3813-T1;GlimmerHMM},{Augustus_model.g3399.t1;Augustus}

# EVM prediction: Mode:STANDARD S-ratio: 4.95 255508-256980 orient(-) score(7353.00) noncoding_equivalent(1485.00) raw_noncoding(1485.00) offset(0.00)
256980	255508	single-	4	6	{GlimmerHMM_glimmerT_3814-T1;GlimmerHMM},{HiQ_model.g3400.t1;HiQ}

# EVM prediction: Mode:STANDARD S-ratio: 104.67 257190-259469 orient(-) score(6774.00) noncoding_equivalent(64.72) raw_noncoding(64.72) offset(0.00)
259469	257190	single-	4	6	{GlimmerHMM_glimmerT_3815-T1;GlimmerHMM},{Augustus_model.g3401.t1;Augustus}

# EVM prediction: Mode:STANDARD S-ratio: 116.14 260257-262833 orient(+) score(7665.00) noncoding_equivalent(66.00) raw_noncoding(66.00) offset(0.00)
260257	262833	single+	1	3	{Augustus_model.g3402.t1;Augustus},{GlimmerHMM_glimmerT_3816-T1;GlimmerHMM}

# EVM prediction: Mode:STANDARD S-ratio: 31.36 263204-264217 orient(+) score(3927.00) noncoding_equivalent(125.21) raw_noncoding(125.21) offset(0.00)
263204	264217	single+	1	3	{Augustus_model.g3403.t1;Augustus},{GlimmerHMM_glimmerT_3817-T1;GlimmerHMM}

# EVM prediction: Mode:STANDARD S-ratio: 5.00 264381-266861 orient(-) score(12400.00) noncoding_equivalent(2480.00) raw_noncoding(2480.00) offset(0.00)
266861	264381	single-	4	6	{GlimmerHMM_glimmerT_3818-T1;GlimmerHMM},{HiQ_model.g3404.t1;HiQ}

# EVM prediction: Mode:STANDARD S-ratio: 3.01 267218-269089 orient(+) score(5616.00) noncoding_equivalent(1868.17) raw_noncoding(1868.17) offset(0.00)
267218	269089	single+	1	3	{GlimmerHMM_glimmerT_3819-T1;GlimmerHMM},{Augustus_model.g3405.t1;Augustus}

# EVM prediction: Mode:STANDARD S-ratio: 5.00 269285-272437 orient(-) score(15755.00) noncoding_equivalent(3151.00) raw_noncoding(3151.00) offset(0.00)
272437	269285	single-	4	6	{HiQ_model.g3406.t1;HiQ},{GlimmerHMM_glimmerT_3820-T1;GlimmerHMM}

# EVM prediction: Mode:STANDARD S-ratio: 69.56 273272-275107 orient(+) score(5429.00) noncoding_equivalent(78.05) raw_noncoding(78.05) offset(0.00)
273272	275107	single+	1	3	{GlimmerHMM_glimmerT_3821-T1;GlimmerHMM},{Augustus_model.g3407.t1;Augustus}

# EVM prediction: Mode:STANDARD S-ratio: 107.44 275646-277841 orient(+) score(8703.00) noncoding_equivalent(81.00) raw_noncoding(81.00) offset(0.00)
275646	277841	single+	1	3	{Augustus_model.g3408.t1;Augustus},{GlimmerHMM_glimmerT_3822-T1;GlimmerHMM}

# EVM prediction: Mode:STANDARD S-ratio: 4.60 278254-279723 orient(-) score(7245.00) noncoding_equivalent(1575.00) raw_noncoding(1575.00) offset(0.00)
279723	278254	single-	4	6	{GlimmerHMM_glimmerT_3823-T1;GlimmerHMM},{HiQ_model.g3409.t1;HiQ}

# EVM prediction: Mode:STANDARD S-ratio: 4.49 280041-283703 orient(-) score(17971.00) noncoding_equivalent(4001.00) raw_noncoding(4001.00) offset(0.00)
283703	280041	single-	4	6	{HiQ_model.g3410.t1;HiQ},{GlimmerHMM_glimmerT_3824-T1;GlimmerHMM}

# EVM prediction: Mode:STANDARD S-ratio: 17.02 284377-285234 orient(-) score(2427.00) noncoding_equivalent(142.57) raw_noncoding(142.57) offset(0.00)
285234	284377	single-	4	6	{GlimmerHMM_glimmerT_3825-T1;GlimmerHMM},{Augustus_model.g3411.t1;Augustus}

# EVM prediction: Mode:STANDARD S-ratio: 2.80 285727-288222 orient(-) score(4432.00) noncoding_equivalent(1581.00) raw_noncoding(1581.00) offset(0.00)
288222	285727	single-	4	6	{GlimmerHMM_glimmerT_3826-T1;GlimmerHMM}

# EVM prediction: Mode:STANDARD S-ratio: 768.28 289581-293228 orient(+) score(10928.00) noncoding_equivalent(14.22) raw_noncoding(14.22) offset(0.00)
289581	293228	single+	1	3	{Augustus_model.g3413.t1;Augustus},{GlimmerHMM_glimmerT_3827-T1;GlimmerHMM}

# EVM prediction: Mode:STANDARD S-ratio: 4.85 293606-297298 orient(-) score(18371.00) noncoding_equivalent(3786.04) raw_noncoding(3786.04) offset(0.00)
297298	293606	single-	4	6	{HiQ_model.g3414.t1;HiQ},{GlimmerHMM_glimmerT_3828-T1;GlimmerHMM}

# EVM prediction: Mode:STANDARD S-ratio: 3.00 297640-299577 orient(+) score(5814.00) noncoding_equivalent(1938.00) raw_noncoding(1938.00) offset(0.00)
297640	299577	single+	1	3	{Augustus_model.g3415.t1;Augustus},{GlimmerHMM_glimmerT_3829-T1;GlimmerHMM}

# EVM prediction: Mode:STANDARD S-ratio: 2.01 299697-300344 orient(-) score(2592.00) noncoding_equivalent(1291.38) raw_noncoding(1291.38) offset(0.00)
300344	299697	single-	4	6	{HiQ_model.g3416.t1;HiQ},{GlimmerHMM_glimmerT_3830-T1;GlimmerHMM}

# EVM prediction: Mode:STANDARD S-ratio: 10000.00 300616-302325 orient(+) score(6831.00) noncoding_equivalent(0.68) raw_noncoding(0.00) offset(0.00)
300616	302325	single+	1	3	{GlimmerHMM_glimmerT_3831-T1;GlimmerHMM},{Augustus_model.g3417.t1;Augustus}

# EVM prediction: Mode:STANDARD S-ratio: 5.00 302486-305137 orient(-) score(13260.00) noncoding_equivalent(2652.00) raw_noncoding(2652.00) offset(0.00)
305137	302486	single-	4	6	{GlimmerHMM_glimmerT_3832-T1;GlimmerHMM},{HiQ_model.g3418.t1;HiQ}

# EVM prediction: Mode:STANDARD S-ratio: 4.76 305428-307200 orient(-) score(8790.00) noncoding_equivalent(1848.00) raw_noncoding(1848.00) offset(0.00)
307200	305428	single-	4	6	{HiQ_model.g3419.t1;HiQ}

# EVM prediction: Mode:STANDARD S-ratio: 45.18 307514-308409 orient(-) score(3479.00) noncoding_equivalent(77.00) raw_noncoding(91.00) offset(14.00)
308390	307514	terminal-	6	6	{snap_scaffold_9-snap.110-T1;snap}
308404	308391	INTRON			{snap_scaffold_9-snap.110-T1;snap}
308409	308405	initial-	4	5	{snap_scaffold_9-snap.110-T1;snap}

# EVM prediction: Mode:STANDARD S-ratio: 5.00 308592-309347 orient(-) score(3780.00) noncoding_equivalent(756.00) raw_noncoding(756.00) offset(0.00)
309347	308592	single-	4	6	{HiQ_model.g3421.t1;HiQ},{GlimmerHMM_glimmerT_3835-T1;GlimmerHMM}

# EVM prediction: Mode:STANDARD S-ratio: 2.03 309531-310025 orient(-) score(995.00) noncoding_equivalent(490.92) raw_noncoding(490.92) offset(0.00)
310025	309531	single-	4	6	{Augustus_model.g3422.t1;Augustus},{GlimmerHMM_glimmerT_3836-T1;GlimmerHMM}

# EVM prediction: Mode:STANDARD S-ratio: 5.00 310207-310923 orient(-) score(3585.00) noncoding_equivalent(717.00) raw_noncoding(717.00) offset(0.00)
310923	310207	single-	4	6	{HiQ_model.g3423.t1;HiQ},{GlimmerHMM_glimmerT_3837-T1;GlimmerHMM}

# EVM prediction: Mode:STANDARD S-ratio: 3.02 311179-311436 orient(+) score(771.00) noncoding_equivalent(255.00) raw_noncoding(255.00) offset(0.00)
311179	311436	single+	1	3	{GlimmerHMM_glimmerT_3838-T1;GlimmerHMM},{Augustus_model.g3424.t1;Augustus}

# EVM prediction: Mode:STANDARD S-ratio: 2.72 311728-314214 orient(+) score(7272.00) noncoding_equivalent(2677.88) raw_noncoding(2677.88) offset(0.00)
311728	314214	single+	1	3	{GlimmerHMM_glimmerT_3839-T1;GlimmerHMM}

# EVM prediction: Mode:STANDARD S-ratio: 39.81 314430-316586 orient(+) score(6309.00) noncoding_equivalent(158.49) raw_noncoding(158.49) offset(0.00)
314430	316586	single+	1	3	{GlimmerHMM_glimmerT_3840-T1;GlimmerHMM}

# EVM prediction: Mode:STANDARD S-ratio: 3.01 316879-318177 orient(+) score(3901.00) noncoding_equivalent(1295.81) raw_noncoding(1295.81) offset(0.00)
316879	318177	single+	1	3	{GlimmerHMM_glimmerT_3841-T1;GlimmerHMM},{Augustus_model.g3426.t1;Augustus}

# EVM prediction: Mode:STANDARD S-ratio: 22.46 318453-319676 orient(+) score(4687.00) noncoding_equivalent(208.65) raw_noncoding(208.65) offset(0.00)
318453	319676	single+	1	3	{GlimmerHMM_glimmerT_3842-T1;GlimmerHMM},{Augustus_model.g3427.t1;Augustus}

# EVM prediction: Mode:STANDARD S-ratio: 4.83 319732-321360 orient(-) score(8096.00) noncoding_equivalent(1676.11) raw_noncoding(1676.11) offset(0.00)
321360	319732	single-	4	6	{HiQ_model.g3428.t1;HiQ}

# EVM prediction: Mode:STANDARD S-ratio: 444.33 321595-323598 orient(-) score(7998.00) noncoding_equivalent(18.00) raw_noncoding(18.00) offset(0.00)
323598	321595	single-	4	6	{GlimmerHMM_glimmerT_3844-T1;GlimmerHMM}

# EVM prediction: Mode:STANDARD S-ratio: 68.83 323920-326526 orient(-) score(7708.00) noncoding_equivalent(111.99) raw_noncoding(111.99) offset(0.00)
326526	323920	single-	4	6	{GlimmerHMM_glimmerT_3845-T1;GlimmerHMM}

# EVM prediction: Mode:STANDARD S-ratio: 2.98 326814-327560 orient(+) score(2229.00) noncoding_equivalent(747.00) raw_noncoding(747.00) offset(0.00)
326814	327560	single+	1	3	{Augustus_model.g3430.t1;Augustus},{GlimmerHMM_glimmerT_3846-T1;GlimmerHMM}

# EVM prediction: Mode:STANDARD S-ratio: 10000.00 327729-329177 orient(+) score(4347.00) noncoding_equivalent(0.43) raw_noncoding(0.00) offset(0.00)
327729	329177	single+	1	3	{GlimmerHMM_glimmerT_3847-T1;GlimmerHMM},{Augustus_model.g3431.t1;Augustus}

# EVM prediction: Mode:STANDARD S-ratio: 7.35 329377-330522 orient(+) score(4035.00) noncoding_equivalent(549.00) raw_noncoding(549.00) offset(0.00)
329377	330522	single+	1	3	{GlimmerHMM_glimmerT_3848-T1;GlimmerHMM},{Augustus_model.g3432.t1;Augustus}

# EVM prediction: Mode:STANDARD S-ratio: 824.96 331622-332620 orient(+) score(4987.00) noncoding_equivalent(6.05) raw_noncoding(6.05) offset(0.00)
331622	332620	single+	1	3	{GlimmerHMM_glimmerT_3849-T1;GlimmerHMM},{Augustus_model.g3433.t1;Augustus}

# EVM prediction: Mode:STANDARD S-ratio: 10000.00 333129-335585 orient(+) score(7371.00) noncoding_equivalent(0.74) raw_noncoding(0.00) offset(0.00)
333129	335585	single+	1	3	{Augustus_model.g3434.t1;Augustus},{GlimmerHMM_glimmerT_3850-T1;GlimmerHMM}

# EVM prediction: Mode:STANDARD S-ratio: 1275.25 335887-339096 orient(+) score(12830.00) noncoding_equivalent(10.06) raw_noncoding(10.06) offset(0.00)
335887	339096	single+	1	3	{GlimmerHMM_glimmerT_3851-T1;GlimmerHMM}

# EVM prediction: Mode:STANDARD S-ratio: 35.77 339309-340714 orient(+) score(4009.00) noncoding_equivalent(112.09) raw_noncoding(258.65) offset(146.57)
339309	339313	initial+	1	2	{snap_scaffold_9-snap.123-T1;snap}
339314	339408	INTRON			{snap_scaffold_9-snap.123-T1;snap}
339409	340714	terminal+	3	3	{snap_scaffold_9-snap.123-T1;snap}

# EVM prediction: Mode:STANDARD S-ratio: 169.14 340817-342007 orient(-) score(3552.00) noncoding_equivalent(21.00) raw_noncoding(21.00) offset(0.00)
342007	340817	single-	4	6	{Augustus_model.g3436.t1;Augustus},{GlimmerHMM_glimmerT_3853-T1;GlimmerHMM}

# EVM prediction: Mode:STANDARD S-ratio: 10000.00 342992-345544 orient(-) score(7659.00) noncoding_equivalent(0.77) raw_noncoding(0.00) offset(0.00)
345544	342992	single-	4	6	{GlimmerHMM_glimmerT_3854-T1;GlimmerHMM},{Augustus_model.g3437.t1;Augustus}

# EVM prediction: Mode:STANDARD S-ratio: 22.74 345790-347013 orient(+) score(3517.00) noncoding_equivalent(154.67) raw_noncoding(154.67) offset(0.00)
345790	347013	single+	1	3	{GlimmerHMM_glimmerT_3855-T1;GlimmerHMM}

# EVM prediction: Mode:STANDARD S-ratio: 135.07 349488-351392 orient(+) score(5673.00) noncoding_equivalent(42.00) raw_noncoding(42.00) offset(0.00)
349488	351392	single+	1	3	{GlimmerHMM_glimmerT_3856-T1;GlimmerHMM},{Augustus_model.g3439.t1;Augustus}

# EVM prediction: Mode:STANDARD S-ratio: 80.35 351710-353092 orient(-) score(4098.00) noncoding_equivalent(51.00) raw_noncoding(51.00) offset(0.00)
353092	351710	single-	4	6	{Augustus_model.g3440.t1;Augustus},{GlimmerHMM_glimmerT_3857-T1;GlimmerHMM}

# EVM prediction: Mode:STANDARD S-ratio: 23.05 354051-358802 orient(+) score(13163.00) noncoding_equivalent(571.09) raw_noncoding(1563.09) offset(992.00)
354051	354056	initial+	1	3	{snap_scaffold_9-snap.129-T1;snap}
354057	354578	INTRON			{snap_scaffold_9-snap.129-T1;snap}
354579	358802	terminal+	1	3	{snap_scaffold_9-snap.129-T1;snap}

# EVM prediction: Mode:STANDARD S-ratio: 4.75 359032-361608 orient(+) score(6184.00) noncoding_equivalent(1302.94) raw_noncoding(1788.46) offset(485.52)
359032	359038	initial+	1	1	{snap_scaffold_9-snap.130-T1;snap}
359039	359281	INTRON			{snap_scaffold_9-snap.130-T1;snap}
359282	361608	terminal+	2	3	{snap_scaffold_9-snap.130-T1;snap},{GlimmerHMM_glimmerT_3858-T1;GlimmerHMM}

# EVM prediction: Mode:STANDARD S-ratio: 5.00 361957-367008 orient(-) score(25260.00) noncoding_equivalent(5052.00) raw_noncoding(5052.00) offset(0.00)
367008	361957	single-	4	6	{GlimmerHMM_glimmerT_3859-T1;GlimmerHMM},{HiQ_model.g3442.t1;HiQ}

# EVM prediction: Mode:STANDARD S-ratio: 22.69 368223-368888 orient(-) score(1913.00) noncoding_equivalent(84.32) raw_noncoding(84.32) offset(0.00)
368888	368223	single-	4	6	{GlimmerHMM_glimmerT_3860-T1;GlimmerHMM},{Augustus_model.g3443.t1;Augustus}

# EVM prediction: Mode:STANDARD S-ratio: 9.00 369770-370447 orient(+) score(1828.00) noncoding_equivalent(203.00) raw_noncoding(203.00) offset(0.00)
369770	370447	single+	1	3	{Augustus_model.g3444.t1;Augustus},{GlimmerHMM_glimmerT_3861-T1;GlimmerHMM}

# EVM prediction: Mode:STANDARD S-ratio: 12.89 370640-371875 orient(-) score(3328.00) noncoding_equivalent(258.21) raw_noncoding(437.57) offset(179.36)
371685	370640	terminal-	5	6	{GlimmerHMM_glimmerT_3862-T1;GlimmerHMM},{snap_scaffold_9-snap.134-T1;snap}
371805	371686	INTRON			{GlimmerHMM_glimmerT_3862-T1;GlimmerHMM}
371875	371806	initial-	4	4	{GlimmerHMM_glimmerT_3862-T1;GlimmerHMM}

# EVM prediction: Mode:STANDARD S-ratio: 10000.00 373517-374788 orient(+) score(5088.00) noncoding_equivalent(0.51) raw_noncoding(0.00) offset(0.00)
373517	374788	single+	1	3	{GlimmerHMM_glimmerT_3863-T1;GlimmerHMM},{Augustus_model.g3446.t1;Augustus}

# EVM prediction: Mode:STANDARD S-ratio: 2.01 374964-375716 orient(-) score(3012.00) noncoding_equivalent(1501.52) raw_noncoding(1501.52) offset(0.00)
375716	374964	single-	4	6	{HiQ_model.g3447.t1;HiQ},{GlimmerHMM_glimmerT_3864-T1;GlimmerHMM}

# EVM prediction: Mode:STANDARD S-ratio: 509.62 376046-378097 orient(+) score(6142.00) noncoding_equivalent(12.05) raw_noncoding(12.05) offset(0.00)
376046	378097	single+	1	3	{GlimmerHMM_glimmerT_3865-T1;GlimmerHMM},{Augustus_model.g3448.t1;Augustus}

# EVM prediction: Mode:STANDARD S-ratio: 456.50 378562-380871 orient(+) score(6913.00) noncoding_equivalent(15.14) raw_noncoding(15.14) offset(0.00)
378562	380871	single+	1	3	{GlimmerHMM_glimmerT_3866-T1;GlimmerHMM},{Augustus_model.g3449.t1;Augustus}

# EVM prediction: Mode:STANDARD S-ratio: 22.25 381080-382156 orient(-) score(4116.00) noncoding_equivalent(185.01) raw_noncoding(280.22) offset(95.21)
382060	381080	terminal-	4	6	{Augustus_model.g3450.t1;Augustus},{GlimmerHMM_glimmerT_3867-T1;GlimmerHMM},{snap_scaffold_9-snap.138-T1;snap}
382153	382061	INTRON			{Augustus_model.g3450.t1;Augustus},{GlimmerHMM_glimmerT_3867-T1;GlimmerHMM}
382156	382154	initial-	4	6	{Augustus_model.g3450.t1;Augustus},{GlimmerHMM_glimmerT_3867-T1;GlimmerHMM}

# EVM prediction: Mode:STANDARD S-ratio: 3.02 382370-382960 orient(+) score(1773.00) noncoding_equivalent(586.29) raw_noncoding(586.29) offset(0.00)
382370	382960	single+	1	3	{GlimmerHMM_glimmerT_3868-T1;GlimmerHMM},{Augustus_model.g3451.t1;Augustus}

# EVM prediction: Mode:STANDARD S-ratio: 2.00 383080-385542 orient(-) score(9852.00) noncoding_equivalent(4926.00) raw_noncoding(4926.00) offset(0.00)
385542	383080	single-	4	6	{HiQ_model.g3452.t1;HiQ},{GlimmerHMM_glimmerT_3869-T1;GlimmerHMM}

# EVM prediction: Mode:STANDARD S-ratio: 4.95 386767-387966 orient(+) score(5988.00) noncoding_equivalent(1210.04) raw_noncoding(1210.04) offset(0.00)
386767	387966	single+	1	3	{HiQ_model.g3453.t1;HiQ},{GlimmerHMM_glimmerT_3870-T1;GlimmerHMM}

# EVM prediction: Mode:STANDARD S-ratio: 34.52 388350-389894 orient(+) score(6006.00) noncoding_equivalent(174.00) raw_noncoding(174.00) offset(0.00)
388350	389894	single+	1	3	{Augustus_model.g3454.t1;Augustus}

# EVM prediction: Mode:STANDARD S-ratio: 11.36 390371-391030 orient(-) score(1885.00) noncoding_equivalent(166.00) raw_noncoding(222.00) offset(56.00)
390933	390371	terminal-	5	6	{GlimmerHMM_glimmerT_3872-T1;GlimmerHMM},{Augustus_model.g3455.t1;Augustus}
391008	390934	INTRON			{GlimmerHMM_glimmerT_3872-T1;GlimmerHMM},{Augustus_model.g3455.t1;Augustus}
391030	391009	initial-	4	4	{GlimmerHMM_glimmerT_3872-T1;GlimmerHMM},{Augustus_model.g3455.t1;Augustus}

# EVM prediction: Mode:STANDARD S-ratio: 4.14 391532-392563 orient(-) score(2492.00) noncoding_equivalent(602.36) raw_noncoding(602.36) offset(0.00)
392563	391532	single-	4	6	{GlimmerHMM_glimmerT_3873-T1;GlimmerHMM}

# EVM prediction: Mode:STANDARD S-ratio: 27.08 393141-396554 orient(-) score(9876.00) noncoding_equivalent(364.73) raw_noncoding(364.73) offset(0.00)
396554	393141	single-	4	6	{GlimmerHMM_glimmerT_3874-T1;GlimmerHMM}

# EVM prediction: Mode:STANDARD S-ratio: 2.00 397049-399103 orient(+) score(4110.00) noncoding_equivalent(2055.00) raw_noncoding(2055.00) offset(0.00)
397049	399103	single+	1	3	{Augustus_model.g3457.t1;Augustus},{GlimmerHMM_glimmerT_3875-T1;GlimmerHMM}

# EVM prediction: Mode:STANDARD S-ratio: 10000.00 399721-401397 orient(+) score(6708.00) noncoding_equivalent(0.67) raw_noncoding(0.00) offset(0.00)
399721	401397	single+	1	3	{GlimmerHMM_glimmerT_3876-T1;GlimmerHMM},{Augustus_model.g3458.t1;Augustus}

# EVM prediction: Mode:STANDARD S-ratio: 164.96 401680-403287 orient(+) score(4793.00) noncoding_equivalent(29.05) raw_noncoding(29.05) offset(0.00)
401680	403287	single+	1	3	{GlimmerHMM_glimmerT_3877-T1;GlimmerHMM},{Augustus_model.g3459.t1;Augustus}

# EVM prediction: Mode:STANDARD S-ratio: 29.86 403542-405053 orient(-) score(4389.00) noncoding_equivalent(147.00) raw_noncoding(147.00) offset(0.00)
405053	403542	single-	4	6	{Augustus_model.g3460.t1;Augustus},{GlimmerHMM_glimmerT_3878-T1;GlimmerHMM}

# EVM prediction: Mode:STANDARD S-ratio: 5.00 405314-407476 orient(-) score(10807.00) noncoding_equivalent(2162.00) raw_noncoding(2162.00) offset(0.00)
407476	405314	single-	4	6	{HiQ_model.g3461.t1;HiQ},{GlimmerHMM_glimmerT_3879-T1;GlimmerHMM}

# EVM prediction: Mode:STANDARD S-ratio: 5.00 408541-409026 orient(-) score(2430.00) noncoding_equivalent(486.00) raw_noncoding(486.00) offset(0.00)
409026	408541	single-	4	6	{HiQ_model.g3462.t1;HiQ},{GlimmerHMM_glimmerT_3880-T1;GlimmerHMM}

# EVM prediction: Mode:STANDARD S-ratio: 4.86 411619-413619 orient(-) score(9957.00) noncoding_equivalent(2047.40) raw_noncoding(2047.40) offset(0.00)
413619	411619	single-	4	6	{HiQ_model.g3463.t1;HiQ},{GlimmerHMM_glimmerT_3881-T1;GlimmerHMM}

# EVM prediction: Mode:STANDARD S-ratio: 553.58 414050-415756 orient(-) score(5110.00) noncoding_equivalent(9.23) raw_noncoding(9.23) offset(0.00)
415756	414050	single-	4	6	{Augustus_model.g3464.t1;Augustus},{GlimmerHMM_glimmerT_3882-T1;GlimmerHMM}

# EVM prediction: Mode:STANDARD S-ratio: 3.34 417476-418447 orient(-) score(4488.00) noncoding_equivalent(1344.00) raw_noncoding(1344.00) offset(0.00)
418447	417476	single-	4	6	{GlimmerHMM_glimmerT_3883-T1;GlimmerHMM},{HiQ_model.g3465.t1;HiQ}

# EVM prediction: Mode:STANDARD S-ratio: 10000.00 419567-425641 orient(+) score(24297.00) noncoding_equivalent(2.43) raw_noncoding(0.00) offset(0.00)
419567	425641	single+	1	3	{Augustus_model.g3466.t1;Augustus},{GlimmerHMM_glimmerT_3884-T1;GlimmerHMM}

# EVM prediction: Mode:STANDARD S-ratio: 1.00 425981-426592 orient(-) score(1836.00) noncoding_equivalent(1836.00) raw_noncoding(1836.00) offset(0.00)
426592	425981	single-	4	6	{HiQ_model.g3467.t1;HiQ}

# EVM prediction: Mode:STANDARD S-ratio: 1.00 427053-427409 orient(+) score(714.00) noncoding_equivalent(714.00) raw_noncoding(714.00) offset(0.00)
427053	427409	single+	1	3	{GlimmerHMM_glimmerT_3885-T1;GlimmerHMM}

# EVM prediction: Mode:STANDARD S-ratio: 4.90 427641-429068 orient(-) score(7116.00) noncoding_equivalent(1452.00) raw_noncoding(1452.00) offset(0.00)
429068	427641	single-	4	6	{HiQ_model.g3468.t1;HiQ},{GlimmerHMM_glimmerT_3886-T1;GlimmerHMM}

# EVM prediction: Mode:STANDARD S-ratio: 10.84 429579-430343 orient(+) score(2695.00) noncoding_equivalent(248.57) raw_noncoding(481.57) offset(233.00)
429579	429643	initial+	1	2	{Augustus_model.g3469.t1;Augustus}
429644	429760	INTRON			{Augustus_model.g3469.t1;Augustus},{ev_type:exonerate/ID=match.111469.2562/Target=YJL001W;exonerate}
429761	430343	terminal+	3	3	{snap_scaffold_9-snap.154-T1;snap},{Augustus_model.g3469.t1;Augustus}

# EVM prediction: Mode:STANDARD S-ratio: 94.38 431338-433149 orient(+) score(7171.00) noncoding_equivalent(75.98) raw_noncoding(75.98) offset(0.00)
431338	433149	single+	1	3	{GlimmerHMM_glimmerT_3888-T1;GlimmerHMM},{Augustus_model.g3470.t1;Augustus}

# EVM prediction: Mode:STANDARD S-ratio: 1015.63 433373-435145 orient(+) score(5309.00) noncoding_equivalent(5.23) raw_noncoding(5.23) offset(0.00)
433373	435145	single+	1	3	{Augustus_model.g3471.t1;Augustus},{GlimmerHMM_glimmerT_3889-T1;GlimmerHMM}

# EVM prediction: Mode:STANDARD S-ratio: 30.89 435519-437078 orient(-) score(4517.00) noncoding_equivalent(146.23) raw_noncoding(161.25) offset(15.02)
437056	435519	terminal-	5	6	{snap_scaffold_9-snap.157-T1;snap}
437071	437057	INTRON			{snap_scaffold_9-snap.157-T1;snap}
437078	437072	initial-	4	4	{snap_scaffold_9-snap.157-T1;snap}

# EVM prediction: Mode:STANDARD S-ratio: 1.33 437551-438097 orient(+) score(936.00) noncoding_equivalent(703.98) raw_noncoding(855.82) offset(151.84)
437551	437557	initial+	1	1	{snap_scaffold_9-snap.158-T1;snap}
437558	437708	INTRON			{snap_scaffold_9-snap.158-T1;snap}
437709	438097	terminal+	2	3	{GlimmerHMM_glimmerT_3891-T1;GlimmerHMM},{snap_scaffold_9-snap.158-T1;snap}

# EVM prediction: Mode:STANDARD S-ratio: 0.94 438122-440703 orient(-) score(3146.00) noncoding_equivalent(3351.92) raw_noncoding(5137.92) offset(1786.00)
438139	438122	terminal-	4	6	{GlimmerHMM_glimmerT_3892-T1;GlimmerHMM}
438807	438140	INTRON			{GlimmerHMM_glimmerT_3892-T1;GlimmerHMM}
439568	438808	internal-	5	6	{GlimmerHMM_glimmerT_3892-T1;GlimmerHMM}
440648	439569	INTRON			{GlimmerHMM_glimmerT_3892-T1;GlimmerHMM}
440703	440649	initial-	4	4	{GlimmerHMM_glimmerT_3892-T1;GlimmerHMM}

# EVM prediction: Mode:STANDARD S-ratio: 261.30 440714-442816 orient(+) score(8378.00) noncoding_equivalent(32.06) raw_noncoding(32.06) offset(0.00)
440714	442816	single+	1	3	{GlimmerHMM_glimmerT_3893-T1;GlimmerHMM},{Augustus_model.g3473.t1;Augustus}

# EVM prediction: Mode:STANDARD S-ratio: 2.00 443383-443664 orient(-) score(1128.00) noncoding_equivalent(564.00) raw_noncoding(564.00) offset(0.00)
443664	443383	single-	4	6	{GlimmerHMM_glimmerT_3894-T1;GlimmerHMM},{HiQ_model.g3474.t1;HiQ}

# EVM prediction: Mode:STANDARD S-ratio: 10000.00 444120-445589 orient(+) score(5876.00) noncoding_equivalent(0.59) raw_noncoding(0.00) offset(0.00)
444120	445589	single+	1	3	{GlimmerHMM_glimmerT_3895-T1;GlimmerHMM},{Augustus_model.g3475.t1;Augustus}

# EVM prediction: Mode:STANDARD S-ratio: 59.85 445988-446902 orient(+) score(3591.00) noncoding_equivalent(60.00) raw_noncoding(60.00) offset(0.00)
445988	446902	single+	1	3	{Augustus_model.g3476.t1;Augustus},{GlimmerHMM_glimmerT_3896-T1;GlimmerHMM}

# EVM prediction: Mode:STANDARD S-ratio: 14.39 447408-448424 orient(+) score(3798.00) noncoding_equivalent(264.00) raw_noncoding(264.00) offset(0.00)
447408	448424	single+	1	3	{Augustus_model.g3477.t1;Augustus},{GlimmerHMM_glimmerT_3897-T1;GlimmerHMM}

# EVM prediction: Mode:STANDARD S-ratio: 4.96 448658-449656 orient(-) score(4987.00) noncoding_equivalent(1005.01) raw_noncoding(1005.01) offset(0.00)
449656	448658	single-	4	6	{HiQ_model.g3478.t1;HiQ},{GlimmerHMM_glimmerT_3898-T1;GlimmerHMM}

# EVM prediction: Mode:STANDARD S-ratio: 3.00 451364-452899 orient(+) score(4605.00) noncoding_equivalent(1535.00) raw_noncoding(1535.00) offset(0.00)
451364	452899	single+	1	3	{Augustus_model.g3479.t1;Augustus},{GlimmerHMM_glimmerT_3899-T1;GlimmerHMM}

# EVM prediction: Mode:STANDARD S-ratio: 2.00 453163-453447 orient(-) score(1140.00) noncoding_equivalent(570.00) raw_noncoding(570.00) offset(0.00)
453447	453163	single-	4	6	{HiQ_model.g3480.t1;HiQ},{GlimmerHMM_glimmerT_3900-T1;GlimmerHMM}

# EVM prediction: Mode:STANDARD S-ratio: 4.97 453715-454497 orient(-) score(3894.00) noncoding_equivalent(783.00) raw_noncoding(783.00) offset(0.00)
454497	453715	single-	4	6	{GlimmerHMM_glimmerT_3901-T1;GlimmerHMM},{HiQ_model.g3481.t1;HiQ}

# EVM prediction: Mode:STANDARD S-ratio: 10000.00 454844-455200 orient(-) score(1071.00) noncoding_equivalent(0.11) raw_noncoding(0.00) offset(0.00)
455200	454844	single-	4	6	{Augustus_model.g3482.t1;Augustus},{GlimmerHMM_glimmerT_3902-T1;GlimmerHMM}

# EVM prediction: Mode:STANDARD S-ratio: 3.03 455412-456623 orient(+) score(3643.00) noncoding_equivalent(1200.87) raw_noncoding(1200.87) offset(0.00)
455412	456623	single+	1	3	{GlimmerHMM_glimmerT_3903-T1;GlimmerHMM},{Augustus_model.g3483.t1;Augustus}

# EVM prediction: Mode:STANDARD S-ratio: 598.09 456833-457432 orient(+) score(2396.00) noncoding_equivalent(4.01) raw_noncoding(4.01) offset(0.00)
456833	457432	single+	1	3	{GlimmerHMM_glimmerT_3904-T1;GlimmerHMM}

# EVM prediction: Mode:STANDARD S-ratio: 42.56 458665-460365 orient(+) score(4895.00) noncoding_equivalent(115.01) raw_noncoding(282.12) offset(167.11)
458665	458668	initial+	1	1	{snap_scaffold_9-snap.167-T1;snap}
458669	458761	INTRON			{snap_scaffold_9-snap.167-T1;snap}
458762	460365	terminal+	2	3	{snap_scaffold_9-snap.167-T1;snap}

# EVM prediction: Mode:STANDARD S-ratio: 4.86 460544-462301 orient(-) score(8748.00) noncoding_equivalent(1800.00) raw_noncoding(1800.00) offset(0.00)
462301	460544	single-	4	6	{HiQ_model.g3485.t1;HiQ},{GlimmerHMM_glimmerT_3906-T1;GlimmerHMM}

# EVM prediction: Mode:STANDARD S-ratio: 3.29 462604-463116 orient(-) score(2361.00) noncoding_equivalent(717.00) raw_noncoding(717.00) offset(0.00)
463116	462604	single-	4	6	{GlimmerHMM_glimmerT_3907-T1;GlimmerHMM},{HiQ_model.g3486.t1;HiQ}

# EVM prediction: Mode:STANDARD S-ratio: 4.99 463308-464357 orient(-) score(5236.00) noncoding_equivalent(1049.00) raw_noncoding(1049.00) offset(0.00)
464357	463308	single-	4	6	{GlimmerHMM_glimmerT_3908-T1;GlimmerHMM},{HiQ_model.g3487.t1;HiQ}

# EVM prediction: Mode:STANDARD S-ratio: 5.81 464619-465667 orient(-) score(2751.00) noncoding_equivalent(473.29) raw_noncoding(555.61) offset(82.32)
465271	464619	terminal-	5	6	{GlimmerHMM_glimmerT_3909-T1;GlimmerHMM},{Augustus_model.g3488.t1;Augustus},{snap_scaffold_9-snap.171-T1;snap}
465351	465272	INTRON			{GlimmerHMM_glimmerT_3909-T1;GlimmerHMM},{Augustus_model.g3488.t1;Augustus}
465667	465352	initial-	4	4	{GlimmerHMM_glimmerT_3909-T1;GlimmerHMM},{Augustus_model.g3488.t1;Augustus}

# EVM prediction: Mode:STANDARD S-ratio: 1.00 465873-466202 orient(+) score(660.00) noncoding_equivalent(660.00) raw_noncoding(660.00) offset(0.00)
465873	466202	single+	1	3	{GlimmerHMM_glimmerT_3910-T1;GlimmerHMM}

# EVM prediction: Mode:STANDARD S-ratio: 4.01 466270-466998 orient(-) score(3490.00) noncoding_equivalent(871.20) raw_noncoding(871.20) offset(0.00)
466998	466270	single-	4	6	{HiQ_model.g3489.t1;HiQ},{GlimmerHMM_glimmerT_3911-T1;GlimmerHMM}

# EVM prediction: Mode:STANDARD S-ratio: 5.00 467164-467697 orient(-) score(2670.00) noncoding_equivalent(534.00) raw_noncoding(534.00) offset(0.00)
467697	467164	single-	4	6	{HiQ_model.g3490.t1;HiQ},{GlimmerHMM_glimmerT_3912-T1;GlimmerHMM}

# EVM prediction: Mode:STANDARD S-ratio: 28.45 468190-470604 orient(-) score(6999.00) noncoding_equivalent(246.00) raw_noncoding(246.00) offset(0.00)
470604	468190	single-	4	6	{GlimmerHMM_glimmerT_3913-T1;GlimmerHMM}

# EVM prediction: Mode:STANDARD S-ratio: 1415.95 471062-475324 orient(-) score(12778.00) noncoding_equivalent(9.02) raw_noncoding(9.02) offset(0.00)
475324	471062	single-	4	6	{Augustus_model.g3492.t1;Augustus},{GlimmerHMM_glimmerT_3914-T1;GlimmerHMM}

# EVM prediction: Mode:STANDARD S-ratio: 3.01 475601-476782 orient(+) score(3543.00) noncoding_equivalent(1177.23) raw_noncoding(1177.23) offset(0.00)
475601	476782	single+	1	3	{Augustus_model.g3493.t1;Augustus},{GlimmerHMM_glimmerT_3915-T1;GlimmerHMM}

# EVM prediction: Mode:STANDARD S-ratio: 4.65 476909-480979 orient(-) score(20091.00) noncoding_equivalent(4325.00) raw_noncoding(4325.00) offset(0.00)
480979	476909	single-	4	6	{GlimmerHMM_glimmerT_3916-T1;GlimmerHMM},{HiQ_model.g3494.t1;HiQ}

# EVM prediction: Mode:STANDARD S-ratio: 2.99 481213-481539 orient(+) score(981.00) noncoding_equivalent(327.94) raw_noncoding(327.94) offset(0.00)
481213	481539	single+	1	3	{GlimmerHMM_glimmerT_3917-T1;GlimmerHMM},{Augustus_model.g3495.t1;Augustus}

# EVM prediction: Mode:STANDARD S-ratio: 10000.00 481843-485115 orient(+) score(13070.00) noncoding_equivalent(1.31) raw_noncoding(0.00) offset(0.00)
481843	485115	single+	1	3	{Augustus_model.g3496.t1;Augustus},{GlimmerHMM_glimmerT_3918-T1;GlimmerHMM}

# EVM prediction: Mode:STANDARD S-ratio: 6.32 485232-487910 orient(-) score(9252.00) noncoding_equivalent(1464.00) raw_noncoding(1464.00) offset(0.00)
487910	485232	single-	4	6	{GlimmerHMM_glimmerT_3919-T1;GlimmerHMM}

# EVM prediction: Mode:STANDARD S-ratio: 835.25 488485-491829 orient(+) score(10023.00) noncoding_equivalent(12.00) raw_noncoding(12.00) offset(0.00)
488485	491829	single+	1	3	{Augustus_model.g3498.t1;Augustus},{GlimmerHMM_glimmerT_3920-T1;GlimmerHMM}

# EVM prediction: Mode:STANDARD S-ratio: 11.48 492261-494591 orient(+) score(8577.00) noncoding_equivalent(747.00) raw_noncoding(747.00) offset(0.00)
492261	494591	single+	1	3	{GlimmerHMM_glimmerT_3921-T1;GlimmerHMM},{Augustus_model.g3499.t1;Augustus}

# EVM prediction: Mode:STANDARD S-ratio: 327.31 494747-498265 orient(-) score(10548.00) noncoding_equivalent(32.23) raw_noncoding(32.23) offset(0.00)
498265	494747	single-	4	6	{GlimmerHMM_glimmerT_3922-T1;GlimmerHMM},{Augustus_model.g3500.t1;Augustus}

# EVM prediction: Mode:STANDARD S-ratio: 10000.00 498550-500787 orient(+) score(8952.00) noncoding_equivalent(0.90) raw_noncoding(0.00) offset(0.00)
498550	500787	single+	1	3	{Augustus_model.g3501.t1;Augustus},{GlimmerHMM_glimmerT_3923-T1;GlimmerHMM}

# EVM prediction: Mode:STANDARD S-ratio: 10000.00 500947-501996 orient(-) score(3150.00) noncoding_equivalent(0.32) raw_noncoding(0.00) offset(0.00)
501996	500947	single-	4	6	{Augustus_model.g3502.t1;Augustus},{GlimmerHMM_glimmerT_3924-T1;GlimmerHMM}

# EVM prediction: Mode:STANDARD S-ratio: 2.00 502879-503301 orient(-) score(1692.00) noncoding_equivalent(846.00) raw_noncoding(846.00) offset(0.00)
503301	502879	single-	4	6	{GlimmerHMM_glimmerT_3925-T1;GlimmerHMM},{HiQ_model.g3503.t1;HiQ}

# EVM prediction: Mode:STANDARD S-ratio: 216.99 503718-505685 orient(-) score(5872.00) noncoding_equivalent(27.06) raw_noncoding(27.06) offset(0.00)
505685	503718	single-	4	6	{Augustus_model.g3504.t1;Augustus},{GlimmerHMM_glimmerT_3926-T1;GlimmerHMM}

# EVM prediction: Mode:STANDARD S-ratio: 2.97 506055-507935 orient(+) score(5559.00) noncoding_equivalent(1874.10) raw_noncoding(1874.10) offset(0.00)
506055	507935	single+	1	3	{Augustus_model.g3505.t1;Augustus},{GlimmerHMM_glimmerT_3927-T1;GlimmerHMM}

# EVM prediction: Mode:STANDARD S-ratio: 6.00 511821-512294 orient(-) score(2844.00) noncoding_equivalent(474.00) raw_noncoding(474.00) offset(0.00)
512294	511821	single-	4	6	{HiQ_model.g3506.t1;HiQ},{GlimmerHMM_glimmerT_3929-T1;GlimmerHMM}

# EVM prediction: Mode:STANDARD S-ratio: 10000.00 513293-513622 orient(+) score(1647.00) noncoding_equivalent(0.16) raw_noncoding(0.00) offset(0.00)
513293	513622	single+	1	3	{Augustus_model.g3507.t1;Augustus},{GlimmerHMM_glimmerT_3930-T1;GlimmerHMM}

# EVM prediction: Mode:STANDARD S-ratio: 4.70 513849-515438 orient(-) score(7861.00) noncoding_equivalent(1673.00) raw_noncoding(1673.00) offset(0.00)
515438	513849	single-	4	6	{HiQ_model.g3508.t1;HiQ},{GlimmerHMM_glimmerT_3931-T1;GlimmerHMM}

# EVM prediction: Mode:STANDARD S-ratio: 6.64 515661-516386 orient(+) score(1893.00) noncoding_equivalent(285.00) raw_noncoding(285.00) offset(0.00)
515661	516386	single+	1	3	{GlimmerHMM_glimmerT_3932-T1;GlimmerHMM}

# EVM prediction: Mode:STANDARD S-ratio: 40.60 516988-518493 orient(+) score(4348.00) noncoding_equivalent(107.10) raw_noncoding(225.46) offset(118.35)
516988	516995	initial+	1	2	{snap_scaffold_9-snap.189-T1;snap}
516996	517055	INTRON			{snap_scaffold_9-snap.189-T1;snap}
517056	518493	terminal+	3	3	{snap_scaffold_9-snap.189-T1;snap}

# EVM prediction: Mode:STANDARD S-ratio: 757.55 520031-521743 orient(+) score(6841.00) noncoding_equivalent(9.03) raw_noncoding(9.03) offset(0.00)
520031	521743	single+	1	3	{GlimmerHMM_glimmerT_3934-T1;GlimmerHMM},{Augustus_model.g3510.t1;Augustus}

# EVM prediction: Mode:STANDARD S-ratio: 10000.00 522004-523737 orient(+) score(5202.00) noncoding_equivalent(0.52) raw_noncoding(0.00) offset(0.00)
522004	523737	single+	1	3	{GlimmerHMM_glimmerT_3935-T1;GlimmerHMM},{Augustus_model.g3511.t1;Augustus}

# EVM prediction: Mode:STANDARD S-ratio: 8.67 524041-525540 orient(+) score(4034.00) noncoding_equivalent(465.37) raw_noncoding(465.37) offset(0.00)
524041	525540	single+	1	3	{GlimmerHMM_glimmerT_3936-T1;GlimmerHMM},{Augustus_model.g3512.t1;Augustus}

# EVM prediction: Mode:STANDARD S-ratio: 10000.00 526249-526734 orient(+) score(1458.00) noncoding_equivalent(0.15) raw_noncoding(0.00) offset(0.00)
526249	526734	single+	1	3	{GlimmerHMM_glimmerT_3937-T1;GlimmerHMM},{Augustus_model.g3513.t1;Augustus}

# EVM prediction: Mode:STANDARD S-ratio: 10000.00 526857-528152 orient(-) score(3888.00) noncoding_equivalent(0.39) raw_noncoding(0.00) offset(0.00)
528152	526857	single-	4	6	{GlimmerHMM_glimmerT_3938-T1;GlimmerHMM},{Augustus_model.g3514.t1;Augustus}

# EVM prediction: Mode:STANDARD S-ratio: 103.13 529750-530445 orient(-) score(2066.00) noncoding_equivalent(20.03) raw_noncoding(20.03) offset(0.00)
530445	529750	single-	4	6	{Augustus_model.g3515.t1;Augustus},{GlimmerHMM_glimmerT_3939-T1;GlimmerHMM}

# EVM prediction: Mode:STANDARD S-ratio: 10.05 532296-533194 orient(+) score(2879.00) noncoding_equivalent(286.41) raw_noncoding(639.00) offset(352.59)
532296	532301	initial+	1	3	{snap_scaffold_9-snap.196-T1;snap},{Augustus_model.g3516.t1;Augustus}
532302	532363	INTRON			{Augustus_model.g3516.t1;Augustus}
532364	532405	internal+	1	3	{Augustus_model.g3516.t1;Augustus}
532406	532522	INTRON			{Augustus_model.g3516.t1;Augustus}
532523	533194	terminal+	1	3	{Augustus_model.g3516.t1;Augustus}

# EVM prediction: Mode:STANDARD S-ratio: 2.00 533205-533648 orient(-) score(1776.00) noncoding_equivalent(888.00) raw_noncoding(888.00) offset(0.00)
533648	533205	single-	4	6	{GlimmerHMM_glimmerT_3941-T1;GlimmerHMM},{HiQ_model.g3517.t1;HiQ}

# EVM prediction: Mode:STANDARD S-ratio: 316.75 534258-536717 orient(+) score(7355.00) noncoding_equivalent(23.22) raw_noncoding(23.22) offset(0.00)
534258	536717	single+	1	3	{Augustus_model.g3518.t1;Augustus},{GlimmerHMM_glimmerT_3942-T1;GlimmerHMM}

# EVM prediction: Mode:STANDARD S-ratio: 8.40 537236-538306 orient(+) score(2870.00) noncoding_equivalent(341.69) raw_noncoding(341.69) offset(0.00)
537236	538306	single+	1	3	{GlimmerHMM_glimmerT_3943-T1;GlimmerHMM},{Augustus_model.g3519.t1;Augustus}

# EVM prediction: Mode:STANDARD S-ratio: 49.20 539018-541828 orient(+) score(8265.00) noncoding_equivalent(168.00) raw_noncoding(168.00) offset(0.00)
539018	541828	single+	1	3	{Augustus_model.g3520.t1;Augustus},{GlimmerHMM_glimmerT_3944-T1;GlimmerHMM}

# EVM prediction: Mode:STANDARD S-ratio: 42.25 541943-543286 orient(-) score(3937.00) noncoding_equivalent(93.19) raw_noncoding(93.19) offset(0.00)
543286	541943	single-	4	6	{GlimmerHMM_glimmerT_3945-T1;GlimmerHMM},{Augustus_model.g3521.t1;Augustus}

# EVM prediction: Mode:STANDARD S-ratio: 3.99 543659-544036 orient(+) score(1512.00) noncoding_equivalent(378.76) raw_noncoding(378.76) offset(0.00)
543659	544036	single+	1	3	{Augustus_model.g3522.t1;Augustus},{GlimmerHMM_glimmerT_3946-T1;GlimmerHMM}

# EVM prediction: Mode:STANDARD S-ratio: 10000.00 544370-546058 orient(+) score(5067.00) noncoding_equivalent(0.51) raw_noncoding(0.00) offset(0.00)
544370	546058	single+	1	3	{Augustus_model.g3523.t1;Augustus},{GlimmerHMM_glimmerT_3947-T1;GlimmerHMM}

# EVM prediction: Mode:STANDARD S-ratio: 2.00 546299-547648 orient(-) score(5400.00) noncoding_equivalent(2700.00) raw_noncoding(2700.00) offset(0.00)
547648	546299	single-	4	6	{HiQ_model.g3524.t1;HiQ},{GlimmerHMM_glimmerT_3948-T1;GlimmerHMM}

# EVM prediction: Mode:STANDARD S-ratio: 469.38 547899-555311 orient(+) score(29587.00) noncoding_equivalent(63.03) raw_noncoding(63.03) offset(0.00)
547899	555311	single+	1	3	{Augustus_model.g3525.t1;Augustus}

# EVM prediction: Mode:STANDARD S-ratio: 2.49 555504-555926 orient(-) score(2112.00) noncoding_equivalent(847.19) raw_noncoding(847.19) offset(0.00)
555926	555504	single-	4	6	{GlimmerHMM_glimmerT_3950-T1;GlimmerHMM},{HiQ_model.g3526.t1;HiQ}

# EVM prediction: Mode:STANDARD S-ratio: 3.76 556128-557189 orient(+) score(4193.00) noncoding_equivalent(1115.15) raw_noncoding(1115.15) offset(0.00)
556128	557189	single+	1	3	{Augustus_model.g3527.t1;Augustus},{GlimmerHMM_glimmerT_3951-T1;GlimmerHMM}

# EVM prediction: Mode:STANDARD S-ratio: 4.45 557290-557883 orient(-) score(2910.00) noncoding_equivalent(653.33) raw_noncoding(653.33) offset(0.00)
557883	557290	single-	4	6	{GlimmerHMM_glimmerT_3952-T1;GlimmerHMM},{HiQ_model.g3528.t1;HiQ}

# EVM prediction: Mode:STANDARD S-ratio: 4.51 558110-559084 orient(-) score(4785.00) noncoding_equivalent(1062.00) raw_noncoding(1062.00) offset(0.00)
559084	558110	single-	4	6	{HiQ_model.g3529.t1;HiQ},{GlimmerHMM_glimmerT_3953-T1;GlimmerHMM}

# EVM prediction: Mode:STANDARD S-ratio: 4.47 559445-560614 orient(-) score(5736.00) noncoding_equivalent(1284.00) raw_noncoding(1284.00) offset(0.00)
560614	559445	single-	4	6	{HiQ_model.g3530.t1;HiQ},{GlimmerHMM_glimmerT_3954-T1;GlimmerHMM}

# EVM prediction: Mode:STANDARD S-ratio: 3.50 560851-561471 orient(-) score(2893.00) noncoding_equivalent(825.43) raw_noncoding(825.43) offset(0.00)
561471	560851	single-	4	6	{HiQ_model.g3531.t1;HiQ},{GlimmerHMM_glimmerT_3955-T1;GlimmerHMM}

# EVM prediction: Mode:STANDARD S-ratio: 158.46 561722-562288 orient(+) score(2252.00) noncoding_equivalent(14.21) raw_noncoding(14.21) offset(0.00)
561722	562288	single+	1	3	{GlimmerHMM_glimmerT_3956-T1;GlimmerHMM}

# EVM prediction: Mode:STANDARD S-ratio: 187.62 562488-563678 orient(+) score(4735.00) noncoding_equivalent(25.24) raw_noncoding(25.24) offset(0.00)
562488	563678	single+	1	3	{GlimmerHMM_glimmerT_3957-T1;GlimmerHMM}

# EVM prediction: Mode:STANDARD S-ratio: 5.00 563886-565133 orient(-) score(6240.00) noncoding_equivalent(1248.00) raw_noncoding(1248.00) offset(0.00)
565133	563886	single-	4	6	{HiQ_model.g3533.t1;HiQ},{GlimmerHMM_glimmerT_3958-T1;GlimmerHMM}

# EVM prediction: Mode:STANDARD S-ratio: 10000.00 565738-566673 orient(-) score(2808.00) noncoding_equivalent(0.28) raw_noncoding(0.00) offset(0.00)
566673	565738	single-	4	6	{GlimmerHMM_glimmerT_3959-T1;GlimmerHMM},{Augustus_model.g3534.t1;Augustus}

# EVM prediction: Mode:STANDARD S-ratio: 2.00 567350-568681 orient(+) score(2664.00) noncoding_equivalent(1332.00) raw_noncoding(1332.00) offset(0.00)
567350	568681	single+	1	3	{Augustus_model.g3535.t1;Augustus},{GlimmerHMM_glimmerT_3960-T1;GlimmerHMM}

# EVM prediction: Mode:STANDARD S-ratio: 4.72 568869-570047 orient(-) score(5838.00) noncoding_equivalent(1236.00) raw_noncoding(1236.00) offset(0.00)
570047	568869	single-	4	6	{GlimmerHMM_glimmerT_3961-T1;GlimmerHMM},{HiQ_model.g3536.t1;HiQ}

# EVM prediction: Mode:STANDARD S-ratio: 2.00 570340-570681 orient(-) score(1368.00) noncoding_equivalent(684.00) raw_noncoding(684.00) offset(0.00)
570681	570340	single-	4	6	{GlimmerHMM_glimmerT_3962-T1;GlimmerHMM},{HiQ_model.g3537.t1;HiQ}

# EVM prediction: Mode:STANDARD S-ratio: 10000.00 571063-572004 orient(-) score(2823.00) noncoding_equivalent(0.28) raw_noncoding(0.00) offset(0.00)
572004	571063	single-	4	6	{GlimmerHMM_glimmerT_3963-T1;GlimmerHMM},{Augustus_model.g3538.t1;Augustus}

# EVM prediction: Mode:STANDARD S-ratio: 3.03 572187-573458 orient(+) score(3816.00) noncoding_equivalent(1258.26) raw_noncoding(1258.26) offset(0.00)
572187	573458	single+	1	3	{Augustus_model.g3539.t1;Augustus},{GlimmerHMM_glimmerT_3964-T1;GlimmerHMM}

# EVM prediction: Mode:STANDARD S-ratio: 113.95 573552-573869 orient(-) score(1259.00) noncoding_equivalent(11.05) raw_noncoding(11.05) offset(0.00)
573869	573552	single-	4	6	{GlimmerHMM_glimmerT_3965-T1;GlimmerHMM}

# EVM prediction: Mode:STANDARD S-ratio: 1.00 574493-574819 orient(+) score(654.00) noncoding_equivalent(654.66) raw_noncoding(654.66) offset(0.00)
574493	574819	single+	1	3	{GlimmerHMM_glimmerT_3966-T1;GlimmerHMM}

# EVM prediction: Mode:STANDARD S-ratio: 102.80 574904-575938 orient(-) score(3941.00) noncoding_equivalent(38.34) raw_noncoding(38.34) offset(0.00)
575938	574904	single-	4	6	{GlimmerHMM_glimmerT_3967-T1;GlimmerHMM}

# EVM prediction: Mode:STANDARD S-ratio: 222.31 576134-579040 orient(+) score(8670.00) noncoding_equivalent(39.00) raw_noncoding(39.00) offset(0.00)
576134	579040	single+	1	3	{Augustus_model.g3541.t1;Augustus}

# EVM prediction: Mode:STANDARD S-ratio: 167.46 579345-582629 orient(-) score(13062.00) noncoding_equivalent(78.00) raw_noncoding(78.00) offset(0.00)
582629	579345	single-	4	6	{Augustus_model.g3542.t1;Augustus}

# EVM prediction: Mode:STANDARD S-ratio: 5.00 583595-586864 orient(-) score(16350.00) noncoding_equivalent(3270.00) raw_noncoding(3270.00) offset(0.00)
586864	583595	single-	4	6	{HiQ_model.g3543.t1;HiQ},{GlimmerHMM_glimmerT_3970-T1;GlimmerHMM}

# EVM prediction: Mode:STANDARD S-ratio: 10000.00 587221-591633 orient(+) score(13239.00) noncoding_equivalent(1.32) raw_noncoding(0.00) offset(0.00)
587221	591633	single+	1	3	{GlimmerHMM_glimmerT_3971-T1;GlimmerHMM},{Augustus_model.g3544.t1;Augustus}

# EVM prediction: Mode:STANDARD S-ratio: 32.47 591840-592832 orient(-) score(2890.00) noncoding_equivalent(89.00) raw_noncoding(89.00) offset(0.00)
592832	591840	single-	4	6	{GlimmerHMM_glimmerT_3972-T1;GlimmerHMM}

# EVM prediction: Mode:STANDARD S-ratio: 10000.00 593204-594316 orient(-) score(3339.00) noncoding_equivalent(0.33) raw_noncoding(0.00) offset(0.00)
594316	593204	single-	4	6	{GlimmerHMM_glimmerT_3973-T1;GlimmerHMM},{Augustus_model.g3546.t1;Augustus}

# EVM prediction: Mode:STANDARD S-ratio: 5.34 596976-597516 orient(+) score(1615.00) noncoding_equivalent(302.30) raw_noncoding(795.30) offset(493.00)
596976	596983	initial+	1	2	{snap_scaffold_9-snap.224-T1;snap}
596984	597239	INTRON			{snap_scaffold_9-snap.224-T1;snap}
597240	597516	terminal+	3	3	{GlimmerHMM_glimmerT_3974-T1;GlimmerHMM},{snap_scaffold_9-snap.224-T1;snap}

# EVM prediction: Mode:STANDARD S-ratio: 221.01 598490-599458 orient(+) score(2892.00) noncoding_equivalent(13.09) raw_noncoding(13.09) offset(0.00)
598490	599458	single+	1	3	{GlimmerHMM_glimmerT_3975-T1;GlimmerHMM},{Augustus_model.g3548.t1;Augustus}

# EVM prediction: Mode:STANDARD S-ratio: 32.88 599917-600765 orient(+) score(3288.00) noncoding_equivalent(100.00) raw_noncoding(100.00) offset(0.00)
599917	600765	single+	1	3	{GlimmerHMM_glimmerT_3976-T1;GlimmerHMM},{Augustus_model.g3549.t1;Augustus}

# EVM prediction: Mode:STANDARD S-ratio: 10000.00 601137-601643 orient(+) score(2025.00) noncoding_equivalent(0.20) raw_noncoding(0.00) offset(0.00)
601137	601643	single+	1	3	{GlimmerHMM_glimmerT_3977-T1;GlimmerHMM},{Augustus_model.g3550.t1;Augustus}

# EVM prediction: Mode:STANDARD S-ratio: 64.09 601909-603873 orient(-) score(5803.00) noncoding_equivalent(90.55) raw_noncoding(90.55) offset(0.00)
603873	601909	single-	4	6	{Augustus_model.g3551.t1;Augustus},{GlimmerHMM_glimmerT_3978-T1;GlimmerHMM}

# EVM prediction: Mode:STANDARD S-ratio: 2.00 604265-604981 orient(+) score(1434.00) noncoding_equivalent(717.00) raw_noncoding(717.00) offset(0.00)
604265	604981	single+	1	3	{GlimmerHMM_glimmerT_3979-T1;GlimmerHMM},{Augustus_model.g3552.t1;Augustus}

# EVM prediction: Mode:STANDARD S-ratio: 4.18 605060-606028 orient(-) score(4690.00) noncoding_equivalent(1122.92) raw_noncoding(1122.92) offset(0.00)
606028	605060	single-	4	6	{GlimmerHMM_glimmerT_3980-T1;GlimmerHMM},{HiQ_model.g3553.t1;HiQ}

# EVM prediction: Mode:STANDARD S-ratio: 25.79 606629-607426 orient(+) score(3069.00) noncoding_equivalent(119.00) raw_noncoding(119.00) offset(0.00)
606629	607426	single+	1	3	{Augustus_model.g3554.t1;Augustus},{GlimmerHMM_glimmerT_3981-T1;GlimmerHMM}

# EVM prediction: Mode:STANDARD S-ratio: 4.03 607551-608159 orient(-) score(2926.00) noncoding_equivalent(726.37) raw_noncoding(726.37) offset(0.00)
608159	607551	single-	4	6	{HiQ_model.g3555.t1;HiQ},{GlimmerHMM_glimmerT_3982-T1;GlimmerHMM}

# EVM prediction: Mode:STANDARD S-ratio: 174.92 609156-610880 orient(+) score(6822.00) noncoding_equivalent(39.00) raw_noncoding(39.00) offset(0.00)
609156	610880	single+	1	3	{GlimmerHMM_glimmerT_3983-T1;GlimmerHMM},{Augustus_model.g3556.t1;Augustus}

# EVM prediction: Mode:STANDARD S-ratio: 2.00 610942-611406 orient(-) score(1860.00) noncoding_equivalent(930.00) raw_noncoding(930.00) offset(0.00)
611406	610942	single-	4	6	{GlimmerHMM_glimmerT_3984-T1;GlimmerHMM},{HiQ_model.g3557.t1;HiQ}

# EVM prediction: Mode:STANDARD S-ratio: 10000.00 611965-612987 orient(+) score(4092.00) noncoding_equivalent(0.41) raw_noncoding(0.00) offset(0.00)
611965	612987	single+	1	3	{GlimmerHMM_glimmerT_3985-T1;GlimmerHMM},{Augustus_model.g3558.t1;Augustus}

# EVM prediction: Mode:STANDARD S-ratio: 34.17 613250-615421 orient(+) score(8437.00) noncoding_equivalent(246.93) raw_noncoding(246.93) offset(0.00)
613250	615421	single+	1	3	{GlimmerHMM_glimmerT_3986-T1;GlimmerHMM}

# EVM prediction: Mode:STANDARD S-ratio: 7.90 615941-616723 orient(+) score(2779.00) noncoding_equivalent(351.73) raw_noncoding(351.73) offset(0.00)
615941	616723	single+	1	3	{GlimmerHMM_glimmerT_3987-T1;GlimmerHMM}

# EVM prediction: Mode:STANDARD S-ratio: 4.93 619810-623166 orient(-) score(16740.00) noncoding_equivalent(3393.00) raw_noncoding(3393.00) offset(0.00)
623166	619810	single-	4	6	{GlimmerHMM_glimmerT_3990-T1;GlimmerHMM},{HiQ_model.g3560.t1;HiQ}

# EVM prediction: Mode:STANDARD S-ratio: 194.43 623853-625904 orient(+) score(8166.00) noncoding_equivalent(42.00) raw_noncoding(42.00) offset(0.00)
623853	625904	single+	1	3	{GlimmerHMM_glimmerT_3991-T1;GlimmerHMM},{Augustus_model.g3561.t1;Augustus}

# EVM prediction: Mode:STANDARD S-ratio: 2.01 626095-626946 orient(-) score(3408.00) noncoding_equivalent(1696.60) raw_noncoding(1696.60) offset(0.00)
626946	626095	single-	4	6	{HiQ_model.g3562.t1;HiQ},{GlimmerHMM_glimmerT_3992-T1;GlimmerHMM}

# EVM prediction: Mode:STANDARD S-ratio: 10000.00 627259-627864 orient(+) score(2424.00) noncoding_equivalent(0.24) raw_noncoding(0.00) offset(0.00)
627259	627864	single+	1	3	{Augustus_model.g3563.t1;Augustus},{GlimmerHMM_glimmerT_3993-T1;GlimmerHMM}

# EVM prediction: Mode:STANDARD S-ratio: 3.00 628248-628460 orient(+) score(639.00) noncoding_equivalent(213.00) raw_noncoding(213.00) offset(0.00)
628248	628460	single+	1	3	{GlimmerHMM_glimmerT_3994-T1;GlimmerHMM}

# EVM prediction: Mode:STANDARD S-ratio: 5.00 628517-629260 orient(-) score(3715.00) noncoding_equivalent(743.00) raw_noncoding(743.00) offset(0.00)
629260	628517	single-	4	6	{GlimmerHMM_glimmerT_3995-T1;GlimmerHMM},{HiQ_model.g3564.t1;HiQ}

# EVM prediction: Mode:STANDARD S-ratio: 1.07 630227-630490 orient(+) score(410.00) noncoding_equivalent(382.02) raw_noncoding(382.02) offset(0.00)
630227	630490	single+	1	3	{GlimmerHMM_glimmerT_3996-T1;GlimmerHMM}

# EVM prediction: Mode:STANDARD S-ratio: 3.01 630866-631702 orient(+) score(2495.00) noncoding_equivalent(829.37) raw_noncoding(829.37) offset(0.00)
630866	631702	single+	1	3	{GlimmerHMM_glimmerT_3997-T1;GlimmerHMM}

# EVM prediction: Mode:STANDARD S-ratio: 10000.00 631950-633311 orient(+) score(5448.00) noncoding_equivalent(0.54) raw_noncoding(0.00) offset(0.00)
631950	633311	single+	1	3	{Augustus_model.g3566.t1;Augustus},{GlimmerHMM_glimmerT_3998-T1;GlimmerHMM}

# EVM prediction: Mode:STANDARD S-ratio: 2.00 633442-634032 orient(-) score(1182.00) noncoding_equivalent(591.00) raw_noncoding(591.00) offset(0.00)
634032	633442	single-	4	6	{Augustus_model.g3567.t1;Augustus},{GlimmerHMM_glimmerT_3999-T1;GlimmerHMM}

# EVM prediction: Mode:STANDARD S-ratio: 5.00 634247-636442 orient(-) score(10980.00) noncoding_equivalent(2196.00) raw_noncoding(2196.00) offset(0.00)
636442	634247	single-	4	6	{HiQ_model.g3568.t1;HiQ},{GlimmerHMM_glimmerT_4000-T1;GlimmerHMM}

# EVM prediction: Mode:STANDARD S-ratio: 501.63 637516-639051 orient(+) score(6130.00) noncoding_equivalent(12.22) raw_noncoding(12.22) offset(0.00)
637516	639051	single+	1	3	{GlimmerHMM_glimmerT_4001-T1;GlimmerHMM},{Augustus_model.g3569.t1;Augustus}

# EVM prediction: Mode:STANDARD S-ratio: 32.13 639633-641135 orient(+) score(4372.00) noncoding_equivalent(136.06) raw_noncoding(136.06) offset(0.00)
639633	641135	single+	1	3	{Augustus_model.g3570.t1;Augustus},{GlimmerHMM_glimmerT_4002-T1;GlimmerHMM}

# EVM prediction: Mode:STANDARD S-ratio: 7.79 641784-642461 orient(+) score(2400.00) noncoding_equivalent(308.00) raw_noncoding(308.00) offset(0.00)
641784	642461	single+	1	3	{GlimmerHMM_glimmerT_4003-T1;GlimmerHMM},{Augustus_model.g3571.t1;Augustus}

# EVM prediction: Mode:STANDARD S-ratio: 5.00 642784-644133 orient(-) score(6745.00) noncoding_equivalent(1349.00) raw_noncoding(1349.00) offset(0.00)
644133	642784	single-	4	6	{GlimmerHMM_glimmerT_4004-T1;GlimmerHMM},{HiQ_model.g3572.t1;HiQ}

# EVM prediction: Mode:STANDARD S-ratio: 134.33 644650-645867 orient(-) score(3627.00) noncoding_equivalent(27.00) raw_noncoding(27.00) offset(0.00)
645867	644650	single-	4	6	{Augustus_model.g3573.t1;Augustus}

# EVM prediction: Mode:STANDARD S-ratio: 4.30 646227-648590 orient(-) score(11497.00) noncoding_equivalent(2673.00) raw_noncoding(2673.00) offset(0.00)
648590	646227	single-	4	6	{GlimmerHMM_glimmerT_4006-T1;GlimmerHMM},{HiQ_model.g3574.t1;HiQ}

# EVM prediction: Mode:STANDARD S-ratio: 10000.00 648858-652658 orient(-) score(11403.00) noncoding_equivalent(1.14) raw_noncoding(0.00) offset(0.00)
652658	648858	single-	4	6	{GlimmerHMM_glimmerT_4007-T1;GlimmerHMM},{Augustus_model.g3575.t1;Augustus}

# EVM prediction: Mode:STANDARD S-ratio: 10000.00 653967-654983 orient(-) score(3051.00) noncoding_equivalent(0.31) raw_noncoding(0.00) offset(0.00)
654983	653967	single-	4	6	{Augustus_model.g3576.t1;Augustus},{GlimmerHMM_glimmerT_4008-T1;GlimmerHMM}

# EVM prediction: Mode:STANDARD S-ratio: 4.96 655150-657069 orient(-) score(9584.00) noncoding_equivalent(1934.05) raw_noncoding(1934.05) offset(0.00)
657069	655150	single-	4	6	{HiQ_model.g3577.t1;HiQ},{GlimmerHMM_glimmerT_4009-T1;GlimmerHMM}

# EVM prediction: Mode:STANDARD S-ratio: 3.00 657662-659173 orient(+) score(4536.00) noncoding_equivalent(1512.00) raw_noncoding(1512.00) offset(0.00)
657662	659173	single+	1	3	{GlimmerHMM_glimmerT_4010-T1;GlimmerHMM}

# EVM prediction: Mode:STANDARD S-ratio: 206.93 659466-662612 orient(+) score(12526.00) noncoding_equivalent(60.53) raw_noncoding(60.53) offset(0.00)
659466	662612	single+	1	3	{Augustus_model.g3579.t1;Augustus},{GlimmerHMM_glimmerT_4011-T1;GlimmerHMM}

# EVM prediction: Mode:STANDARD S-ratio: 3.00 662958-663587 orient(+) score(1890.00) noncoding_equivalent(630.00) raw_noncoding(630.00) offset(0.00)
662958	663587	single+	1	3	{Augustus_model.g3580.t1;Augustus},{GlimmerHMM_glimmerT_4012-T1;GlimmerHMM}

# EVM prediction: Mode:STANDARD S-ratio: 302.86 663688-665814 orient(-) score(6360.00) noncoding_equivalent(21.00) raw_noncoding(21.00) offset(0.00)
665814	663688	single-	4	6	{GlimmerHMM_glimmerT_4013-T1;GlimmerHMM}

# EVM prediction: Mode:STANDARD S-ratio: 6.32 666020-666739 orient(-) score(1866.00) noncoding_equivalent(295.28) raw_noncoding(295.28) offset(0.00)
666739	666020	single-	4	6	{GlimmerHMM_glimmerT_4014-T1;GlimmerHMM}

# EVM prediction: Mode:STANDARD S-ratio: 2.99 666940-667203 orient(+) score(792.00) noncoding_equivalent(265.16) raw_noncoding(265.16) offset(0.00)
666940	667203	single+	1	3	{Augustus_model.g3582.t1;Augustus},{GlimmerHMM_glimmerT_4015-T1;GlimmerHMM}

# EVM prediction: Mode:STANDARD S-ratio: 10000.00 667375-668634 orient(-) score(3780.00) noncoding_equivalent(0.38) raw_noncoding(0.00) offset(0.00)
668634	667375	single-	4	6	{GlimmerHMM_glimmerT_4016-T1;GlimmerHMM},{Augustus_model.g3583.t1;Augustus}

# EVM prediction: Mode:STANDARD S-ratio: 4.86 668899-673227 orient(-) score(21544.00) noncoding_equivalent(4428.54) raw_noncoding(4428.54) offset(0.00)
673227	668899	single-	4	6	{HiQ_model.g3584.t1;HiQ},{GlimmerHMM_glimmerT_4017-T1;GlimmerHMM}

# EVM prediction: Mode:STANDARD S-ratio: 10000.00 674537-679291 orient(+) score(19020.00) noncoding_equivalent(1.90) raw_noncoding(0.00) offset(0.00)
674537	679291	single+	1	3	{GlimmerHMM_glimmerT_4018-T1;GlimmerHMM},{Augustus_model.g3585.t1;Augustus}

# EVM prediction: Mode:STANDARD S-ratio: 33.85 679412-680586 orient(-) score(4402.00) noncoding_equivalent(130.03) raw_noncoding(243.24) offset(113.20)
680503	679412	terminal-	4	6	{snap_scaffold_9-snap.258-T1;snap}
680577	680504	INTRON			{snap_scaffold_9-snap.258-T1;snap}
680586	680578	initial-	4	6	{snap_scaffold_9-snap.258-T1;snap}

# EVM prediction: Mode:STANDARD S-ratio: 4877.26 680710-685656 orient(-) score(19780.00) noncoding_equivalent(4.06) raw_noncoding(4.06) offset(0.00)
685656	680710	single-	4	6	{GlimmerHMM_glimmerT_4020-T1;GlimmerHMM}

# EVM prediction: Mode:STANDARD S-ratio: 2.02 685867-686916 orient(+) score(2106.00) noncoding_equivalent(1044.38) raw_noncoding(1044.38) offset(0.00)
685867	686916	single+	1	3	{GlimmerHMM_glimmerT_4021-T1;GlimmerHMM},{Augustus_model.g3587.t1;Augustus}

# EVM prediction: Mode:STANDARD S-ratio: 1018.94 687106-688134 orient(+) score(4110.00) noncoding_equivalent(4.03) raw_noncoding(4.03) offset(0.00)
687106	688134	single+	1	3	{GlimmerHMM_glimmerT_4022-T1;GlimmerHMM},{Augustus_model.g3588.t1;Augustus}

# EVM prediction: Mode:STANDARD S-ratio: 4.93 688313-690601 orient(-) score(11418.00) noncoding_equivalent(2316.00) raw_noncoding(2316.00) offset(0.00)
690601	688313	single-	4	6	{HiQ_model.g3589.t1;HiQ},{GlimmerHMM_glimmerT_4023-T1;GlimmerHMM}

# EVM prediction: Mode:STANDARD S-ratio: 3.00 690852-691667 orient(+) score(2442.00) noncoding_equivalent(815.00) raw_noncoding(815.00) offset(0.00)
690852	691667	single+	1	3	{Augustus_model.g3590.t1;Augustus},{GlimmerHMM_glimmerT_4024-T1;GlimmerHMM}

# EVM prediction: Mode:STANDARD S-ratio: 6.79 691909-693024 orient(-) score(4546.00) noncoding_equivalent(670.00) raw_noncoding(996.00) offset(326.00)
692680	691909	terminal-	6	6	{Augustus_model.g3591.t1;Augustus},{snap_scaffold_9-snap.262-T1;snap},{GlimmerHMM_glimmerT_4025-T1;GlimmerHMM}
693010	692681	INTRON			{Augustus_model.g3591.t1;Augustus},{GlimmerHMM_glimmerT_4025-T1;GlimmerHMM}
693024	693011	initial-	4	5	{Augustus_model.g3591.t1;Augustus},{GlimmerHMM_glimmerT_4025-T1;GlimmerHMM}

# EVM prediction: Mode:STANDARD S-ratio: 12.83 695803-696933 orient(+) score(4197.00) noncoding_equivalent(327.00) raw_noncoding(327.00) offset(0.00)
695803	696933	single+	1	3	{Augustus_model.g3592.t1;Augustus},{GlimmerHMM_glimmerT_4027-T1;GlimmerHMM}

# EVM prediction: Mode:STANDARD S-ratio: 10000.00 697435-698373 orient(-) score(2817.00) noncoding_equivalent(0.28) raw_noncoding(0.00) offset(0.00)
698373	697435	single-	4	6	{Augustus_model.g3593.t1;Augustus},{GlimmerHMM_glimmerT_4028-T1;GlimmerHMM}

# EVM prediction: Mode:STANDARD S-ratio: 10000.00 701640-703418 orient(+) score(7107.00) noncoding_equivalent(0.71) raw_noncoding(0.00) offset(0.00)
701640	703418	single+	1	3	{Augustus_model.g3594.t1;Augustus},{GlimmerHMM_glimmerT_4030-T1;GlimmerHMM}

# EVM prediction: Mode:STANDARD S-ratio: 67.34 705937-707079 orient(+) score(3377.00) noncoding_equivalent(50.15) raw_noncoding(50.15) offset(0.00)
705937	707079	single+	1	3	{Augustus_model.g3595.t1;Augustus},{GlimmerHMM_glimmerT_4031-T1;GlimmerHMM}

# EVM prediction: Mode:STANDARD S-ratio: 2.60 707366-710599 orient(-) score(6204.00) noncoding_equivalent(2390.67) raw_noncoding(3017.54) offset(626.86)
708993	707366	terminal-	5	6	{GlimmerHMM_glimmerT_4032-T1;GlimmerHMM}
709683	708994	INTRON			{GlimmerHMM_glimmerT_4032-T1;GlimmerHMM}
710599	709684	initial-	4	4	{GlimmerHMM_glimmerT_4032-T1;GlimmerHMM}

# EVM prediction: Mode:STANDARD S-ratio: 10000.00 714682-716313 orient(+) score(4896.00) noncoding_equivalent(0.49) raw_noncoding(0.00) offset(0.00)
714682	716313	single+	1	3	{Augustus_model.g3597.t1;Augustus},{GlimmerHMM_glimmerT_4033-T1;GlimmerHMM}

# EVM prediction: Mode:STANDARD S-ratio: 32.36 717678-718763 orient(+) score(4213.00) noncoding_equivalent(130.20) raw_noncoding(130.20) offset(0.00)
717678	718763	single+	1	3	{Augustus_model.g3598.t1;Augustus},{GlimmerHMM_glimmerT_4034-T1;GlimmerHMM}

# EVM prediction: Mode:STANDARD S-ratio: 197.78 723406-724821 orient(+) score(4225.00) noncoding_equivalent(21.36) raw_noncoding(21.36) offset(0.00)
723406	724821	single+	1	3	{GlimmerHMM_glimmerT_4036-T1;GlimmerHMM},{Augustus_model.g3599.t1;Augustus}

# EVM prediction: Mode:STANDARD S-ratio: 16.06 727770-729932 orient(+) score(8142.00) noncoding_equivalent(507.00) raw_noncoding(507.00) offset(0.00)
727770	729932	single+	1	3	{GlimmerHMM_glimmerT_4037-T1;GlimmerHMM}

# EVM prediction: Mode:STANDARD S-ratio: 4.81 732789-733823 orient(-) score(5132.00) noncoding_equivalent(1067.84) raw_noncoding(1067.84) offset(0.00)
733823	732789	single-	4	6	{GlimmerHMM_glimmerT_4038-T1;GlimmerHMM},{HiQ_model.g3601.t1;HiQ}

# EVM prediction: Mode:STANDARD S-ratio: 19.74 734609-735962 orient(+) score(5628.00) noncoding_equivalent(285.12) raw_noncoding(806.55) offset(521.43)
734609	734615	initial+	1	1	{snap_scaffold_9-snap.273-T1;snap}
734616	734880	INTRON			{snap_scaffold_9-snap.273-T1;snap}
734881	735962	terminal+	2	3	{snap_scaffold_9-snap.273-T1;snap}

# EVM prediction: Mode:STANDARD S-ratio: 10000.00 743586-745337 orient(-) score(5256.00) noncoding_equivalent(0.53) raw_noncoding(0.00) offset(0.00)
745337	743586	single-	4	6	{GlimmerHMM_glimmerT_4040-T1;GlimmerHMM},{Augustus_model.g3603.t1;Augustus}

