!! Predictions spanning range 14674 - 90460 [R1]
# EVM prediction: Mode:STANDARD S-ratio: 10000.00 14674-15852 orient(+) score(2358.00) noncoding_equivalent(0.24) raw_noncoding(0.00) offset(0.00) 
14674	15852	single+	1	3	{Augustus_gene375.t1;Augustus}

# EVM prediction: Mode:STANDARD S-ratio: 10000.00 26074-28719 orient(+) score(5292.00) noncoding_equivalent(0.53) raw_noncoding(0.00) offset(0.00) 
26074	28719	single+	1	3	{Augustus_gene447.t1;Augustus}

# EVM prediction: Mode:STANDARD S-ratio: 10000.00 44456-44917 orient(+) score(924.00) noncoding_equivalent(0.09) raw_noncoding(0.00) offset(0.00) 
44456	44917	single+	1	3	{Augustus_gene779.t1;Augustus}

# EVM prediction: Mode:STANDARD S-ratio: 10000.00 56052-57131 orient(-) score(2160.00) noncoding_equivalent(0.22) raw_noncoding(0.00) offset(0.00) 
57131	56052	single-	4	6	{Augustus_gene963.t1;Augustus}

# EVM prediction: Mode:STANDARD S-ratio: 10000.00 57762-59087 orient(-) score(2652.00) noncoding_equivalent(0.27) raw_noncoding(0.00) offset(0.00) 
59087	57762	single-	4	6	{Augustus_gene1094.t1;Augustus}

# EVM prediction: Mode:STANDARD S-ratio: 10000.00 59810-60178 orient(+) score(738.00) noncoding_equivalent(0.07) raw_noncoding(0.00) offset(0.00) 
59810	60178	single+	1	3	{Augustus_gene886.t1;Augustus}

# EVM prediction: Mode:STANDARD S-ratio: 10000.00 64056-64559 orient(-) score(1008.00) noncoding_equivalent(0.10) raw_noncoding(0.00) offset(0.00) 
64559	64056	single-	4	6	{Augustus_gene326.t1;Augustus}

# EVM prediction: Mode:STANDARD S-ratio: 10000.00 79107-80657 orient(+) score(3102.00) noncoding_equivalent(0.31) raw_noncoding(0.00) offset(0.00) 
79107	80657	single+	1	3	{Augustus_gene261.t1;Augustus}

# EVM prediction: Mode:STANDARD S-ratio: 10000.00 83137-84723 orient(+) score(3174.00) noncoding_equivalent(0.32) raw_noncoding(0.00) offset(0.00) 
83137	84723	single+	1	3	{Augustus_gene881.t1;Augustus}

# EVM prediction: Mode:STANDARD S-ratio: 10000.00 89786-90460 orient(+) score(1350.00) noncoding_equivalent(0.14) raw_noncoding(0.00) offset(0.00) 
89786	90460	single+	1	3	{Augustus_gene1036.t1;Augustus}

