# EVM prediction: Mode:STANDARD S-ratio: 10000.00 17769-18719 orient(-) score(1902.00) noncoding_equivalent(0.19) raw_noncoding(0.00) offset(0.00)
18719	17769	single-	4	6	{Augustus_gene498.t1;Augustus}

# EVM prediction: Mode:STANDARD S-ratio: 10000.00 26729-29257 orient(+) score(5058.00) noncoding_equivalent(0.51) raw_noncoding(0.00) offset(0.00)
26729	29257	single+	1	3	{Augustus_gene451.t1;Augustus}

# EVM prediction: Mode:STANDARD S-ratio: 10000.00 39971-42220 orient(-) score(4500.00) noncoding_equivalent(0.45) raw_noncoding(0.00) offset(0.00)
42220	39971	single-	4	6	{Augustus_gene567.t1;Augustus}

# EVM prediction: Mode:STANDARD S-ratio: 10000.00 47704-49962 orient(+) score(4514.00) noncoding_equivalent(0.45) raw_noncoding(0.00) offset(0.00)
47704	49962	single+	1	3	{Augustus_gene914.t1;Augustus}

# EVM prediction: Mode:STANDARD S-ratio: 10000.00 56725-57789 orient(+) score(2130.00) noncoding_equivalent(0.21) raw_noncoding(0.00) offset(0.00)
56725	57185	initial+	1	2	{Augustus_gene114.t1;Augustus}
57186	57224	INTRON			{Augustus_gene114.t1;Augustus}
57225	57789	terminal+	3	3	{Augustus_gene114.t1;Augustus}

# EVM prediction: Mode:STANDARD S-ratio: 10000.00 57846-58253 orient(-) score(816.00) noncoding_equivalent(0.08) raw_noncoding(0.00) offset(0.00)
58253	57846	single-	4	6	{Augustus_gene35.t1;Augustus}

# EVM prediction: Mode:STANDARD S-ratio: 10000.00 58518-59558 orient(+) score(2082.00) noncoding_equivalent(0.21) raw_noncoding(0.00) offset(0.00)
58518	59558	single+	1	3	{Augustus_gene821.t1;Augustus}

# EVM prediction: Mode:STANDARD S-ratio: 10000.00 60975-63374 orient(-) score(4798.00) noncoding_equivalent(0.48) raw_noncoding(0.00) offset(0.00)
63374	60975	single-	4	6	{Augustus_gene1095.t1;Augustus}

# EVM prediction: Mode:STANDARD S-ratio: 10000.00 84338-87320 orient(-) score(5964.00) noncoding_equivalent(0.60) raw_noncoding(0.00) offset(0.00)
85683	84338	terminal-	5	6	{Augustus_gene150.t1;Augustus}
86257	85684	INTRON			{Augustus_gene150.t1;Augustus}
87320	86258	initial-	4	4	{Augustus_gene150.t1;Augustus}

# EVM prediction: Mode:STANDARD S-ratio: 10000.00 92857-93247 orient(-) score(782.00) noncoding_equivalent(0.08) raw_noncoding(0.00) offset(0.00)
93109	92857	terminal-	6	6	{Augustus_gene429.t1;Augustus}
93155	93110	INTRON			{Augustus_gene429.t1;Augustus}
93167	93156	internal-	6	5	{Augustus_gene429.t1;Augustus}
93239	93168	INTRON			{Augustus_gene429.t1;Augustus}
93247	93240	initial-	4	5	{Augustus_gene429.t1;Augustus}

# EVM prediction: Mode:STANDARD S-ratio: 10000.00 95138-96013 orient(-) score(1752.00) noncoding_equivalent(0.18) raw_noncoding(0.00) offset(0.00)
96013	95138	single-	4	6	{Augustus_gene285.t1;Augustus}

# EVM prediction: Mode:STANDARD S-ratio: 10000.00 96285-97154 orient(-) score(1740.00) noncoding_equivalent(0.17) raw_noncoding(0.00) offset(0.00)
97154	96285	single-	4	6	{Augustus_gene412.t1;Augustus}

# EVM prediction: Mode:STANDARD S-ratio: 10000.00 100833-102311 orient(+) score(2956.00) noncoding_equivalent(0.30) raw_noncoding(0.00) offset(0.00)
100833	102311	single+	1	3	{Augustus_gene369.t1;Augustus}

# EVM prediction: Mode:STANDARD S-ratio: 10000.00 103561-104127 orient(+) score(1134.00) noncoding_equivalent(0.11) raw_noncoding(0.00) offset(0.00)
103561	104127	single+	1	3	{Augustus_gene792.t1;Augustus}

# EVM prediction: Mode:STANDARD S-ratio: 10000.00 132192-133442 orient(+) score(2502.00) noncoding_equivalent(0.25) raw_noncoding(0.00) offset(0.00)
132192	133442	single+	1	3	{Augustus_gene639.t1;Augustus}

# EVM prediction: Mode:STANDARD S-ratio: 10000.00 139719-142586 orient(-) score(5736.00) noncoding_equivalent(0.57) raw_noncoding(0.00) offset(0.00)
142586	139719	single-	4	6	{Augustus_gene1075.t1;Augustus}

# EVM prediction: Mode:STANDARD S-ratio: 10000.00 159171-160826 orient(-) score(3312.00) noncoding_equivalent(0.33) raw_noncoding(0.00) offset(0.00)
160826	159171	single-	4	6	{Augustus_gene1091.t1;Augustus}

# EVM prediction: Mode:STANDARD S-ratio: 10000.00 167017-167509 orient(-) score(986.00) noncoding_equivalent(0.10) raw_noncoding(0.00) offset(0.00)
167182	167017	terminal-	6	6	{Augustus_gene595.t1;Augustus}
167267	167183	INTRON			{Augustus_gene595.t1;Augustus}
167509	167268	initial-	4	5	{Augustus_gene595.t1;Augustus}

# EVM prediction: Mode:STANDARD S-ratio: 10000.00 195796-200010 orient(-) score(8428.00) noncoding_equivalent(0.84) raw_noncoding(0.00) offset(0.00)
200010	195796	single-	4	6	{Augustus_gene858.t1;Augustus}

# EVM prediction: Mode:STANDARD S-ratio: 10000.00 204457-204966 orient(-) score(1020.00) noncoding_equivalent(0.10) raw_noncoding(0.00) offset(0.00)
204966	204457	single-	4	6	{Augustus_gene667.t1;Augustus}

# EVM prediction: Mode:STANDARD S-ratio: 10000.00 205214-206041 orient(-) score(1656.00) noncoding_equivalent(0.17) raw_noncoding(0.00) offset(0.00)
206041	205214	single-	4	6	{Augustus_gene809.t1;Augustus}

# EVM prediction: Mode:STANDARD S-ratio: 10000.00 208399-209067 orient(+) score(1338.00) noncoding_equivalent(0.13) raw_noncoding(0.00) offset(0.00)
208399	209067	single+	1	3	{Augustus_gene538.t1;Augustus}

# EVM prediction: Mode:STANDARD S-ratio: 10000.00 210948-212492 orient(+) score(3090.00) noncoding_equivalent(0.31) raw_noncoding(0.00) offset(0.00)
210948	212492	single+	1	3	{Augustus_gene486.t1;Augustus}

# EVM prediction: Mode:STANDARD S-ratio: 10000.00 214729-217485 orient(-) score(5514.00) noncoding_equivalent(0.55) raw_noncoding(0.00) offset(0.00)
217485	214729	single-	4	6	{Augustus_gene883.t1;Augustus}

# EVM prediction: Mode:STANDARD S-ratio: 10000.00 224518-224991 orient(+) score(948.00) noncoding_equivalent(0.09) raw_noncoding(0.00) offset(0.00)
224518	224991	single+	1	3	{Augustus_gene268.t1;Augustus}

# EVM prediction: Mode:STANDARD S-ratio: 10000.00 246443-248806 orient(-) score(4728.00) noncoding_equivalent(0.47) raw_noncoding(0.00) offset(0.00)
248806	246443	single-	4	6	{Augustus_gene690.t1;Augustus}

# EVM prediction: Mode:STANDARD S-ratio: 10000.00 250519-254826 orient(+) score(8616.00) noncoding_equivalent(0.86) raw_noncoding(0.00) offset(0.00)
250519	254826	single+	1	3	{Augustus_gene1158.t1;Augustus}

# EVM prediction: Mode:STANDARD S-ratio: 10000.00 269815-270363 orient(-) score(1098.00) noncoding_equivalent(0.11) raw_noncoding(0.00) offset(0.00)
270363	269815	single-	4	6	{Augustus_gene968.t1;Augustus}

# EVM prediction: Mode:STANDARD S-ratio: 10000.00 274013-277057 orient(-) score(6090.00) noncoding_equivalent(0.61) raw_noncoding(0.00) offset(0.00)
277057	274013	single-	4	6	{Augustus_gene665.t1;Augustus}

# EVM prediction: Mode:STANDARD S-ratio: 10000.00 277840-283881 orient(+) score(12084.00) noncoding_equivalent(1.21) raw_noncoding(0.00) offset(0.00)
277840	283881	single+	1	3	{Augustus_gene661.t1;Augustus}

