!! Predictions spanning range 3038 - 86810 [R1]
# EVM prediction: Mode:STANDARD S-ratio: 10000.00 3038-3583 orient(+) score(1092.00) noncoding_equivalent(0.11) raw_noncoding(0.00) offset(0.00) 
3038	3583	single+	1	3	{Augustus_gene553.t1;Augustus}

# EVM prediction: Mode:STANDARD S-ratio: 10000.00 13058-15112 orient(+) score(4110.00) noncoding_equivalent(0.41) raw_noncoding(0.00) offset(0.00) 
13058	15112	single+	1	3	{Augustus_gene7.t1;Augustus}

# EVM prediction: Mode:STANDARD S-ratio: 10000.00 20964-22505 orient(-) score(3084.00) noncoding_equivalent(0.31) raw_noncoding(0.00) offset(0.00) 
22505	20964	single-	4	6	{Augustus_gene333.t1;Augustus}

# EVM prediction: Mode:STANDARD S-ratio: 10000.00 43517-44062 orient(+) score(1092.00) noncoding_equivalent(0.11) raw_noncoding(0.00) offset(0.00) 
43517	44062	single+	1	3	{Augustus_gene1163.t1;Augustus}

# EVM prediction: Mode:STANDARD S-ratio: 10000.00 44226-46515 orient(-) score(4580.00) noncoding_equivalent(0.46) raw_noncoding(0.00) offset(0.00) 
44232	44226	terminal-	6	6	{Augustus_gene635.t1;Augustus}
44286	44233	INTRON			{Augustus_gene635.t1;Augustus}
45441	44287	internal-	6	5	{Augustus_gene635.t1;Augustus}
46465	45442	INTRON			{Augustus_gene635.t1;Augustus}
46515	46466	initial-	4	5	{Augustus_gene635.t1;Augustus}

# EVM prediction: Mode:STANDARD S-ratio: 10000.00 67713-68804 orient(-) score(2184.00) noncoding_equivalent(0.22) raw_noncoding(0.00) offset(0.00) 
68804	67713	single-	4	6	{Augustus_gene964.t1;Augustus}

# EVM prediction: Mode:STANDARD S-ratio: 10000.00 82206-83732 orient(-) score(3054.00) noncoding_equivalent(0.31) raw_noncoding(0.00) offset(0.00) 
83732	82206	single-	4	6	{Augustus_gene117.t1;Augustus}

# EVM prediction: Mode:STANDARD S-ratio: 10000.00 84981-86810 orient(-) score(3660.00) noncoding_equivalent(0.37) raw_noncoding(0.00) offset(0.00) 
86810	84981	single-	4	6	{Augustus_gene275.t1;Augustus}

