!! Predictions spanning range 791 - 67451 [R1]
# EVM prediction: Mode:STANDARD S-ratio: 24.99 791-3421 orient(+) score(10119.00) noncoding_equivalent(405.00) raw_noncoding(405.00) offset(0.00) 
791	3421	single+	1	3	{GlimmerHMM_glimmerT_1854-T1;GlimmerHMM},{Augustus_model.g1718.t1;Augustus}

# EVM prediction: Mode:STANDARD S-ratio: 333.93 3779-6472 orient(+) score(10742.00) noncoding_equivalent(32.17) raw_noncoding(32.17) offset(0.00) 
3779	6472	single+	1	3	{Augustus_model.g1719.t1;Augustus},{GlimmerHMM_glimmerT_1855-T1;GlimmerHMM}

# EVM prediction: Mode:STANDARD S-ratio: 4.57 6902-7442 orient(+) score(2203.00) noncoding_equivalent(482.09) raw_noncoding(702.00) offset(219.91) 
6902	6917	initial+	1	1	{GlimmerHMM_glimmerT_1856-T1;GlimmerHMM},{Augustus_model.g1720.t1;Augustus}
6918	7155	INTRON			{GlimmerHMM_glimmerT_1856-T1;GlimmerHMM},{Augustus_model.g1720.t1;Augustus},{ev_type:exonerate/ID=match.160399.5994/Target=YPL249C-A;exonerate}
7156	7442	terminal+	2	3	{GlimmerHMM_glimmerT_1856-T1;GlimmerHMM},{Augustus_model.g1720.t1;Augustus}

# EVM prediction: Mode:STANDARD S-ratio: 21.83 8423-8833 orient(+) score(1572.00) noncoding_equivalent(72.00) raw_noncoding(72.00) offset(0.00) 
8423	8833	single+	1	3	{GlimmerHMM_glimmerT_1857-T1;GlimmerHMM},{Augustus_model.g1721.t1;Augustus}

# EVM prediction: Mode:STANDARD S-ratio: 18.04 9261-9779 orient(+) score(1966.00) noncoding_equivalent(109.00) raw_noncoding(109.00) offset(0.00) 
9261	9779	single+	1	3	{GlimmerHMM_glimmerT_1858-T1;GlimmerHMM},{Augustus_model.g1722.t1;Augustus}

# EVM prediction: Mode:STANDARD S-ratio: 273.22 10230-12080 orient(+) score(7377.00) noncoding_equivalent(27.00) raw_noncoding(27.00) offset(0.00) 
10230	12080	single+	1	3	{GlimmerHMM_glimmerT_1859-T1;GlimmerHMM}

# EVM prediction: Mode:STANDARD S-ratio: 5.00 12192-13658 orient(-) score(7335.00) noncoding_equivalent(1467.00) raw_noncoding(1467.00) offset(0.00) 
13658	12192	single-	4	6	{GlimmerHMM_glimmerT_1860-T1;GlimmerHMM},{HiQ_model.g1724.t1;HiQ}

# EVM prediction: Mode:STANDARD S-ratio: 4.17 14159-15418 orient(-) score(6012.00) noncoding_equivalent(1443.00) raw_noncoding(1443.00) offset(0.00) 
15418	14159	single-	4	6	{HiQ_model.g1725.t1;HiQ},{GlimmerHMM_glimmerT_1861-T1;GlimmerHMM}

# EVM prediction: Mode:STANDARD S-ratio: 83.00 16528-18165 orient(+) score(6474.00) noncoding_equivalent(78.00) raw_noncoding(78.00) offset(0.00) 
16528	18165	single+	1	3	{Augustus_model.g1726.t1;Augustus},{GlimmerHMM_glimmerT_1862-T1;GlimmerHMM}

# EVM prediction: Mode:STANDARD S-ratio: 2.00 19258-19839 orient(-) score(2328.00) noncoding_equivalent(1164.00) raw_noncoding(1164.00) offset(0.00) 
19839	19258	single-	4	6	{HiQ_model.g1727.t1;HiQ},{GlimmerHMM_glimmerT_1863-T1;GlimmerHMM}

# EVM prediction: Mode:STANDARD S-ratio: 10000.00 21790-23445 orient(+) score(8280.00) noncoding_equivalent(0.83) raw_noncoding(0.00) offset(0.00) 
21790	23445	single+	1	3	{Augustus_model.g1728.t1;Augustus},{GlimmerHMM_glimmerT_1864-T1;GlimmerHMM}

# EVM prediction: Mode:STANDARD S-ratio: 10000.00 24284-25711 orient(+) score(5712.00) noncoding_equivalent(0.57) raw_noncoding(0.00) offset(0.00) 
24284	25711	single+	1	3	{GlimmerHMM_glimmerT_1865-T1;GlimmerHMM},{Augustus_model.g1729.t1;Augustus}

# EVM prediction: Mode:STANDARD S-ratio: 5.00 25997-27652 orient(-) score(8280.00) noncoding_equivalent(1656.00) raw_noncoding(1656.00) offset(0.00) 
27652	25997	single-	4	6	{GlimmerHMM_glimmerT_1866-T1;GlimmerHMM},{HiQ_model.g1730.t1;HiQ}

# EVM prediction: Mode:STANDARD S-ratio: 4.17 28156-29622 orient(-) score(7101.00) noncoding_equivalent(1701.00) raw_noncoding(1701.00) offset(0.00) 
29622	28156	single-	4	6	{HiQ_model.g1731.t1;HiQ}

# EVM prediction: Mode:STANDARD S-ratio: 64.36 30447-32402 orient(+) score(7703.00) noncoding_equivalent(119.69) raw_noncoding(119.69) offset(0.00) 
30447	32402	single+	1	3	{GlimmerHMM_glimmerT_1868-T1;GlimmerHMM}

# EVM prediction: Mode:STANDARD S-ratio: 14.85 32693-33667 orient(+) score(3654.00) noncoding_equivalent(246.00) raw_noncoding(246.00) offset(0.00) 
32693	33667	single+	1	3	{GlimmerHMM_glimmerT_1869-T1;GlimmerHMM}

# EVM prediction: Mode:STANDARD S-ratio: 4.99 34082-35908 orient(-) score(9129.00) noncoding_equivalent(1831.01) raw_noncoding(1831.01) offset(0.00) 
35908	34082	single-	4	6	{HiQ_model.g1733.t1;HiQ},{GlimmerHMM_glimmerT_1870-T1;GlimmerHMM}

# EVM prediction: Mode:STANDARD S-ratio: 4.95 36879-37835 orient(-) score(4776.00) noncoding_equivalent(964.04) raw_noncoding(964.04) offset(0.00) 
37835	36879	single-	4	6	{HiQ_model.g1734.t1;HiQ},{GlimmerHMM_glimmerT_1871-T1;GlimmerHMM}

# EVM prediction: Mode:STANDARD S-ratio: 3.88 38170-38799 orient(-) score(3006.00) noncoding_equivalent(774.00) raw_noncoding(774.00) offset(0.00) 
38799	38170	single-	4	6	{GlimmerHMM_glimmerT_1872-T1;GlimmerHMM},{HiQ_model.g1735.t1;HiQ}

# EVM prediction: Mode:STANDARD S-ratio: 3.87 39123-41732 orient(-) score(12444.00) noncoding_equivalent(3216.00) raw_noncoding(3216.00) offset(0.00) 
41732	39123	single-	4	6	{HiQ_model.g1736.t1;HiQ}

# EVM prediction: Mode:STANDARD S-ratio: 4.60 42021-43955 orient(-) score(9537.00) noncoding_equivalent(2073.00) raw_noncoding(2073.00) offset(0.00) 
43955	42021	single-	4	6	{HiQ_model.g1737.t1;HiQ},{GlimmerHMM_glimmerT_1874-T1;GlimmerHMM}

# EVM prediction: Mode:STANDARD S-ratio: 4.33 44165-46582 orient(-) score(11709.00) noncoding_equivalent(2703.00) raw_noncoding(2703.00) offset(0.00) 
46582	44165	single-	4	6	{HiQ_model.g1738.t1;HiQ}

# EVM prediction: Mode:STANDARD S-ratio: 3.76 46701-47149 orient(-) score(1041.00) noncoding_equivalent(277.07) raw_noncoding(637.62) offset(360.56) 
46914	46701	terminal-	6	6	{Augustus_model.g1739.t1;Augustus}
47132	46915	INTRON			{Augustus_model.g1739.t1;Augustus}
47149	47133	initial-	4	5	{Augustus_model.g1739.t1;Augustus}

# EVM prediction: Mode:STANDARD S-ratio: 10000.00 48801-50354 orient(+) score(6210.00) noncoding_equivalent(0.62) raw_noncoding(0.00) offset(0.00) 
48801	50354	single+	1	3	{GlimmerHMM_glimmerT_1877-T1;GlimmerHMM},{Augustus_model.g1740.t1;Augustus}

# EVM prediction: Mode:STANDARD S-ratio: 5.33 50902-51879 orient(-) score(5208.00) noncoding_equivalent(978.00) raw_noncoding(978.00) offset(0.00) 
51879	50902	single-	4	6	{HiQ_model.g1741.t1;HiQ},{GlimmerHMM_glimmerT_1878-T1;GlimmerHMM}

# EVM prediction: Mode:STANDARD S-ratio: 4.82 52265-54028 orient(-) score(8765.00) noncoding_equivalent(1817.26) raw_noncoding(1817.26) offset(0.00) 
54028	52265	single-	4	6	{HiQ_model.g1742.t1;HiQ},{GlimmerHMM_glimmerT_1879-T1;GlimmerHMM}

# EVM prediction: Mode:STANDARD S-ratio: 5.00 57902-59032 orient(-) score(5655.00) noncoding_equivalent(1131.00) raw_noncoding(1131.00) offset(0.00) 
59032	57902	single-	4	6	{HiQ_model.g1743.t1;HiQ},{GlimmerHMM_glimmerT_1880-T1;GlimmerHMM}

# EVM prediction: Mode:STANDARD S-ratio: 27.44 60108-61343 orient(+) score(5964.00) noncoding_equivalent(217.35) raw_noncoding(217.35) offset(0.00) 
60108	61343	single+	1	3	{GlimmerHMM_glimmerT_1881-T1;GlimmerHMM}

# EVM prediction: Mode:STANDARD S-ratio: 8.40 61429-61982 orient(+) score(2259.00) noncoding_equivalent(269.04) raw_noncoding(292.04) offset(23.00) 
61429	61432	initial+	1	1	{snap_scaffold_4-snap.362-T1;snap}
61433	61455	INTRON			{snap_scaffold_4-snap.362-T1;snap}
61456	61982	terminal+	2	3	{snap_scaffold_4-snap.362-T1;snap}

# EVM prediction: Mode:STANDARD S-ratio: 36.59 62717-63795 orient(+) score(5123.00) noncoding_equivalent(140.02) raw_noncoding(226.13) offset(86.10) 
62717	62725	initial+	1	3	{snap_scaffold_4-snap.363-T1;snap}
62726	62769	INTRON			{snap_scaffold_4-snap.363-T1;snap}
62770	63795	terminal+	1	3	{snap_scaffold_4-snap.363-T1;snap},{Augustus_model.g1744.t1;Augustus}

# EVM prediction: Mode:STANDARD S-ratio: 7.00 64416-65129 orient(-) score(4998.00) noncoding_equivalent(714.00) raw_noncoding(714.00) offset(0.00) 
65129	64416	single-	4	6	{GlimmerHMM_glimmerT_1884-T1;GlimmerHMM},{HiQ_model.g1745.t1;HiQ}

# EVM prediction: Mode:STANDARD S-ratio: 10000.00 66138-67451 orient(+) score(7884.00) noncoding_equivalent(0.79) raw_noncoding(0.00) offset(0.00) 
66138	67451	single+	1	3	{Augustus_model.g1746.t1;Augustus},{GlimmerHMM_glimmerT_1885-T1;GlimmerHMM}

