!! Predictions spanning range 567 - 97218 [R1]
# EVM prediction: Mode:STANDARD S-ratio: 8.77 567-5709 orient(-) score(17057.00) noncoding_equivalent(1944.55) raw_noncoding(3202.44) offset(1257.89) 
4566	567	terminal-	6	6	{Augustus_model.g4469.t1;Augustus},{snap_scaffold_13-snap.113-T1;snap}
5663	4567	INTRON			{snap_scaffold_13-snap.113-T1;snap}
5670	5664	internal-	5	5	{snap_scaffold_13-snap.113-T1;snap}
5705	5671	INTRON			{snap_scaffold_13-snap.113-T1;snap}
5709	5706	initial-	4	4	{snap_scaffold_13-snap.113-T1;snap}

# EVM prediction: Mode:STANDARD S-ratio: 4.88 6382-6899 orient(-) score(1237.00) noncoding_equivalent(253.57) raw_noncoding(348.36) offset(94.78) 
6827	6382	terminal-	5	6	{snap_scaffold_13-snap.114-T1;snap}
6892	6828	INTRON			{snap_scaffold_13-snap.114-T1;snap}
6899	6893	initial-	4	4	{snap_scaffold_13-snap.114-T1;snap}

# EVM prediction: Mode:STANDARD S-ratio: 5.00 7133-10591 orient(-) score(17295.00) noncoding_equivalent(3459.00) raw_noncoding(3459.00) offset(0.00) 
10591	7133	single-	4	6	{GlimmerHMM_glimmerT_5052-T1;GlimmerHMM},{HiQ_model.g4470.t1;HiQ}

# EVM prediction: Mode:STANDARD S-ratio: 4.76 11268-11837 orient(-) score(2826.00) noncoding_equivalent(594.00) raw_noncoding(594.00) offset(0.00) 
11837	11268	single-	4	6	{GlimmerHMM_glimmerT_5053-T1;GlimmerHMM},{HiQ_model.g4471.t1;HiQ}

# EVM prediction: Mode:STANDARD S-ratio: 2.01 12071-13120 orient(-) score(2100.00) noncoding_equivalent(1043.95) raw_noncoding(1043.95) offset(0.00) 
13120	12071	single-	4	6	{Augustus_model.g4472.t1;Augustus},{GlimmerHMM_glimmerT_5054-T1;GlimmerHMM}

# EVM prediction: Mode:STANDARD S-ratio: 20.77 13845-15143 orient(+) score(4956.00) noncoding_equivalent(238.60) raw_noncoding(238.60) offset(0.00) 
13845	15143	single+	1	3	{GlimmerHMM_glimmerT_5055-T1;GlimmerHMM}

# EVM prediction: Mode:STANDARD S-ratio: 10000.00 15621-16577 orient(+) score(3822.00) noncoding_equivalent(0.38) raw_noncoding(0.00) offset(0.00) 
15621	16577	single+	1	3	{GlimmerHMM_glimmerT_5056-T1;GlimmerHMM},{Augustus_model.g4474.t1;Augustus}

# EVM prediction: Mode:STANDARD S-ratio: 2.00 16753-17538 orient(-) score(3138.00) noncoding_equivalent(1572.00) raw_noncoding(1572.00) offset(0.00) 
17538	16753	single-	4	6	{GlimmerHMM_glimmerT_5057-T1;GlimmerHMM},{HiQ_model.g4475.t1;HiQ}

# EVM prediction: Mode:STANDARD S-ratio: 86.66 17834-18874 orient(+) score(3086.00) noncoding_equivalent(35.61) raw_noncoding(35.61) offset(0.00) 
17834	18874	single+	1	3	{GlimmerHMM_glimmerT_5058-T1;GlimmerHMM},{Augustus_model.g4476.t1;Augustus}

# EVM prediction: Mode:STANDARD S-ratio: 1.91 21701-23786 orient(-) score(4012.00) noncoding_equivalent(2104.07) raw_noncoding(2303.07) offset(199.00) 
21745	21701	terminal-	4	6	{Augustus_model.g4477.t1;Augustus}
21860	21746	INTRON			{Augustus_model.g4477.t1;Augustus}
23786	21861	initial-	4	6	{Augustus_model.g4477.t1;Augustus}

# EVM prediction: Mode:STANDARD S-ratio: 127.00 24270-24749 orient(+) score(1905.00) noncoding_equivalent(15.00) raw_noncoding(15.00) offset(0.00) 
24270	24749	single+	1	3	{Augustus_model.g4478.t1;Augustus}

# EVM prediction: Mode:STANDARD S-ratio: 25.23 28356-30242 orient(+) score(5373.00) noncoding_equivalent(213.00) raw_noncoding(288.00) offset(75.00) 
28356	28396	initial+	1	2	{Augustus_model.g4479.t1;Augustus}
28397	28471	INTRON			{Augustus_model.g4479.t1;Augustus}
28472	30242	terminal+	3	3	{Augustus_model.g4479.t1;Augustus}

# EVM prediction: Mode:STANDARD S-ratio: 4.99 30453-34688 orient(-) score(21147.00) noncoding_equivalent(4236.00) raw_noncoding(4236.00) offset(0.00) 
34688	30453	single-	4	6	{GlimmerHMM_glimmerT_5064-T1;GlimmerHMM},{HiQ_model.g4480.t1;HiQ}

# EVM prediction: Mode:STANDARD S-ratio: 5.37 36015-36905 orient(+) score(2252.00) noncoding_equivalent(419.15) raw_noncoding(419.15) offset(0.00) 
36015	36905	single+	1	3	{GlimmerHMM_glimmerT_5065-T1;GlimmerHMM}

# EVM prediction: Mode:STANDARD S-ratio: 10000.00 37258-37893 orient(+) score(1908.00) noncoding_equivalent(0.19) raw_noncoding(0.00) offset(0.00) 
37258	37893	single+	1	3	{Augustus_model.g4482.t1;Augustus},{GlimmerHMM_glimmerT_5066-T1;GlimmerHMM}

# EVM prediction: Mode:STANDARD S-ratio: 323.94 43127-45211 orient(+) score(10391.00) noncoding_equivalent(32.08) raw_noncoding(32.08) offset(0.00) 
43127	45211	single+	1	3	{Augustus_model.g4483.t1;Augustus},{GlimmerHMM_glimmerT_5068-T1;GlimmerHMM}

# EVM prediction: Mode:STANDARD S-ratio: 12.72 46894-47287 orient(+) score(1298.00) noncoding_equivalent(102.03) raw_noncoding(264.28) offset(162.26) 
46894	46901	initial+	1	2	{snap_scaffold_13-snap.126-T1;snap}
46902	46983	INTRON			{snap_scaffold_13-snap.126-T1;snap}
46984	47287	terminal+	3	3	{Augustus_model.g4484.t1;Augustus},{snap_scaffold_13-snap.126-T1;snap}

# EVM prediction: Mode:STANDARD S-ratio: 5.00 47461-48132 orient(-) score(3360.00) noncoding_equivalent(672.00) raw_noncoding(672.00) offset(0.00) 
48132	47461	single-	4	6	{HiQ_model.g4485.t1;HiQ},{GlimmerHMM_glimmerT_5070-T1;GlimmerHMM}

# EVM prediction: Mode:STANDARD S-ratio: 198.19 48591-49676 orient(+) score(3240.00) noncoding_equivalent(16.35) raw_noncoding(16.35) offset(0.00) 
48591	49676	single+	1	3	{Augustus_model.g4486.t1;Augustus}

# EVM prediction: Mode:STANDARD S-ratio: 10000.00 50268-52373 orient(+) score(6318.00) noncoding_equivalent(0.63) raw_noncoding(0.00) offset(0.00) 
50268	52373	single+	1	3	{GlimmerHMM_glimmerT_5072-T1;GlimmerHMM},{Augustus_model.g4487.t1;Augustus}

# EVM prediction: Mode:STANDARD S-ratio: 1.92 52520-53081 orient(-) score(1542.00) noncoding_equivalent(803.31) raw_noncoding(821.31) offset(18.00) 
52937	52520	terminal-	6	6	{Augustus_model.g4488.t1;Augustus},{GlimmerHMM_glimmerT_5073-T1;GlimmerHMM}
53070	52938	INTRON			{Augustus_model.g4488.t1;Augustus},{GlimmerHMM_glimmerT_5073-T1;GlimmerHMM}
53081	53071	initial-	4	5	{Augustus_model.g4488.t1;Augustus},{GlimmerHMM_glimmerT_5073-T1;GlimmerHMM}

# EVM prediction: Mode:STANDARD S-ratio: 200.07 53719-54576 orient(+) score(3410.00) noncoding_equivalent(17.04) raw_noncoding(17.04) offset(0.00) 
53719	54576	single+	1	3	{GlimmerHMM_glimmerT_5074-T1;GlimmerHMM},{Augustus_model.g4489.t1;Augustus}

# EVM prediction: Mode:STANDARD S-ratio: 14.55 54767-55108 orient(+) score(960.00) noncoding_equivalent(66.00) raw_noncoding(66.00) offset(0.00) 
54767	55108	single+	1	3	{Augustus_model.g4490.t1;Augustus}

# EVM prediction: Mode:STANDARD S-ratio: 5.00 55198-58038 orient(-) score(14205.00) noncoding_equivalent(2841.00) raw_noncoding(2841.00) offset(0.00) 
58038	55198	single-	4	6	{GlimmerHMM_glimmerT_5076-T1;GlimmerHMM},{HiQ_model.g4491.t1;HiQ}

# EVM prediction: Mode:STANDARD S-ratio: 145.86 58508-60049 orient(+) score(6126.00) noncoding_equivalent(42.00) raw_noncoding(42.00) offset(0.00) 
58508	60049	single+	1	3	{Augustus_model.g4492.t1;Augustus}

# EVM prediction: Mode:STANDARD S-ratio: 2.00 60706-61458 orient(-) score(1506.00) noncoding_equivalent(753.00) raw_noncoding(753.00) offset(0.00) 
61458	60706	single-	4	6	{Augustus_model.g4493.t1;Augustus},{GlimmerHMM_glimmerT_5078-T1;GlimmerHMM}

# EVM prediction: Mode:STANDARD S-ratio: 4.97 61958-64930 orient(-) score(14850.00) noncoding_equivalent(2986.14) raw_noncoding(2986.14) offset(0.00) 
64930	61958	single-	4	6	{GlimmerHMM_glimmerT_5079-T1;GlimmerHMM},{HiQ_model.g4494.t1;HiQ}

# EVM prediction: Mode:STANDARD S-ratio: 2.00 65435-67465 orient(+) score(4062.00) noncoding_equivalent(2031.00) raw_noncoding(2031.00) offset(0.00) 
65435	67465	single+	1	3	{Augustus_model.g4495.t1;Augustus},{GlimmerHMM_glimmerT_5080-T1;GlimmerHMM}

# EVM prediction: Mode:STANDARD S-ratio: 17.57 67776-69078 orient(+) score(4872.00) noncoding_equivalent(277.22) raw_noncoding(309.00) offset(31.78) 
67776	68331	initial+	1	1	{GlimmerHMM_glimmerT_5081-T1;GlimmerHMM}
68332	68362	INTRON			{GlimmerHMM_glimmerT_5081-T1;GlimmerHMM}
68363	69078	terminal+	2	3	{Augustus_model.g4496.t1;Augustus},{GlimmerHMM_glimmerT_5081-T1;GlimmerHMM}

# EVM prediction: Mode:STANDARD S-ratio: 8.65 69460-69909 orient(+) score(1608.00) noncoding_equivalent(186.00) raw_noncoding(186.00) offset(0.00) 
69460	69909	single+	1	3	{GlimmerHMM_glimmerT_5082-T1;GlimmerHMM},{Augustus_model.g4497.t1;Augustus}

# EVM prediction: Mode:STANDARD S-ratio: 10000.00 70040-74416 orient(-) score(13131.00) noncoding_equivalent(1.31) raw_noncoding(0.00) offset(0.00) 
74416	70040	single-	4	6	{Augustus_model.g4498.t1;Augustus},{GlimmerHMM_glimmerT_5083-T1;GlimmerHMM}

# EVM prediction: Mode:STANDARD S-ratio: 824.69 75201-77498 orient(+) score(9173.00) noncoding_equivalent(11.12) raw_noncoding(11.12) offset(0.00) 
75201	77498	single+	1	3	{Augustus_model.g4499.t1;Augustus},{GlimmerHMM_glimmerT_5084-T1;GlimmerHMM}

# EVM prediction: Mode:STANDARD S-ratio: 4.99 77578-78813 orient(-) score(6165.00) noncoding_equivalent(1236.00) raw_noncoding(1236.00) offset(0.00) 
78813	77578	single-	4	6	{GlimmerHMM_glimmerT_5085-T1;GlimmerHMM},{HiQ_model.g4500.t1;HiQ}

# EVM prediction: Mode:STANDARD S-ratio: 25.62 79940-81643 orient(+) score(4920.00) noncoding_equivalent(192.00) raw_noncoding(192.00) offset(0.00) 
79940	81643	single+	1	3	{GlimmerHMM_glimmerT_5087-T1;GlimmerHMM}

# EVM prediction: Mode:STANDARD S-ratio: 2.00 81749-82711 orient(-) score(3852.00) noncoding_equivalent(1921.41) raw_noncoding(1921.41) offset(0.00) 
82711	81749	single-	4	6	{GlimmerHMM_glimmerT_5088-T1;GlimmerHMM},{HiQ_model.g4502.t1;HiQ}

# EVM prediction: Mode:STANDARD S-ratio: 244.80 82950-84242 orient(+) score(5151.00) noncoding_equivalent(21.04) raw_noncoding(21.04) offset(0.00) 
82950	84242	single+	1	3	{GlimmerHMM_glimmerT_5089-T1;GlimmerHMM}

# EVM prediction: Mode:STANDARD S-ratio: 14.65 85242-86278 orient(+) score(3386.00) noncoding_equivalent(231.15) raw_noncoding(645.00) offset(413.85) 
85242	85255	initial+	1	2	{GlimmerHMM_glimmerT_5091-T1;GlimmerHMM}
85256	85464	INTRON			{GlimmerHMM_glimmerT_5091-T1;GlimmerHMM}
85465	86278	terminal+	3	3	{GlimmerHMM_glimmerT_5091-T1;GlimmerHMM}

# EVM prediction: Mode:STANDARD S-ratio: 5.00 87912-88415 orient(-) score(2520.00) noncoding_equivalent(504.00) raw_noncoding(504.00) offset(0.00) 
88415	87912	single-	4	6	{GlimmerHMM_glimmerT_5094-T1;GlimmerHMM},{HiQ_model.g4504.t1;HiQ}

# EVM prediction: Mode:STANDARD S-ratio: 2.00 88957-89697 orient(+) score(1482.00) noncoding_equivalent(741.00) raw_noncoding(741.00) offset(0.00) 
88957	89697	single+	1	3	{GlimmerHMM_glimmerT_5095-T1;GlimmerHMM},{Augustus_model.g4505.t1;Augustus}

# EVM prediction: Mode:STANDARD S-ratio: 4.44 93267-97218 orient(-) score(4942.00) noncoding_equivalent(1111.90) raw_noncoding(1746.34) offset(634.44) 
94342	93267	terminal-	5	6	{GlimmerHMM_glimmerT_5096-T1;GlimmerHMM},{Augustus_model.g4506.t1;Augustus}
96617	94343	INTRON			{Augustus_model.g4506.t1;Augustus}
97218	96618	initial-	4	4	{Augustus_model.g4506.t1;Augustus}

