!! Predictions spanning range 2247 - 98737 [R1]
# EVM prediction: Mode:STANDARD S-ratio: 157.00 2247-3194 orient(+) score(2826.00) noncoding_equivalent(18.00) raw_noncoding(18.00) offset(0.00) 
2247	3194	single+	1	3	{Augustus_model.g2446.t1;Augustus},{GlimmerHMM_glimmerT_2734-T1;GlimmerHMM}

# EVM prediction: Mode:STANDARD S-ratio: 2.00 3594-4103 orient(+) score(1020.00) noncoding_equivalent(510.00) raw_noncoding(510.00) offset(0.00) 
3594	4103	single+	1	3	{GlimmerHMM_glimmerT_2735-T1;GlimmerHMM}

# EVM prediction: Mode:STANDARD S-ratio: 4.82 4455-4928 orient(-) score(2354.00) noncoding_equivalent(488.06) raw_noncoding(488.06) offset(0.00) 
4928	4455	single-	4	6	{HiQ_model.g2447.t1;HiQ},{GlimmerHMM_glimmerT_2736-T1;GlimmerHMM}

# EVM prediction: Mode:STANDARD S-ratio: 1515.86 5823-8630 orient(+) score(13933.00) noncoding_equivalent(9.19) raw_noncoding(9.19) offset(0.00) 
5823	8630	single+	1	3	{Augustus_model.g2448.t1;Augustus},{GlimmerHMM_glimmerT_2737-T1;GlimmerHMM}

# EVM prediction: Mode:STANDARD S-ratio: 2.00 9567-10133 orient(+) score(1134.00) noncoding_equivalent(567.00) raw_noncoding(567.00) offset(0.00) 
9567	10133	single+	1	3	{GlimmerHMM_glimmerT_2738-T1;GlimmerHMM}

# EVM prediction: Mode:STANDARD S-ratio: 7.73 10267-11362 orient(-) score(2709.00) noncoding_equivalent(350.25) raw_noncoding(806.79) offset(456.53) 
11129	10267	terminal-	5	6	{snap_scaffold_6-snap.198-T1;snap}
11358	11130	INTRON			{snap_scaffold_6-snap.198-T1;snap}
11362	11359	initial-	4	4	{snap_scaffold_6-snap.198-T1;snap}

# EVM prediction: Mode:STANDARD S-ratio: 56.53 11829-14417 orient(-) score(10045.00) noncoding_equivalent(177.69) raw_noncoding(177.69) offset(0.00) 
14417	11829	single-	4	6	{GlimmerHMM_glimmerT_2740-T1;GlimmerHMM}

# EVM prediction: Mode:STANDARD S-ratio: 13.50 15039-16050 orient(-) score(2911.00) noncoding_equivalent(215.65) raw_noncoding(305.53) offset(89.88) 
15939	15039	terminal-	6	6	{GlimmerHMM_glimmerT_2741-T1;GlimmerHMM},{Augustus_model.g2450.t1;Augustus}
16033	15940	INTRON			{GlimmerHMM_glimmerT_2741-T1;GlimmerHMM},{Augustus_model.g2450.t1;Augustus}
16050	16034	initial-	4	5	{GlimmerHMM_glimmerT_2741-T1;GlimmerHMM},{Augustus_model.g2450.t1;Augustus}

# EVM prediction: Mode:STANDARD S-ratio: 60.41 16545-18248 orient(+) score(6705.00) noncoding_equivalent(111.00) raw_noncoding(111.00) offset(0.00) 
16545	18248	single+	1	3	{GlimmerHMM_glimmerT_2742-T1;GlimmerHMM},{Augustus_model.g2451.t1;Augustus}

# EVM prediction: Mode:STANDARD S-ratio: 56.32 18505-20715 orient(+) score(8686.00) noncoding_equivalent(154.24) raw_noncoding(154.24) offset(0.00) 
18505	20715	single+	1	3	{GlimmerHMM_glimmerT_2743-T1;GlimmerHMM}

# EVM prediction: Mode:STANDARD S-ratio: 16.05 20913-22290 orient(+) score(4970.00) noncoding_equivalent(309.60) raw_noncoding(411.83) offset(102.23) 
20913	20918	initial+	1	3	{snap_scaffold_6-snap.203-T1;snap}
20919	20970	INTRON			{snap_scaffold_6-snap.203-T1;snap}
20971	22290	terminal+	1	3	{snap_scaffold_6-snap.203-T1;snap}

# EVM prediction: Mode:STANDARD S-ratio: 157.67 23706-25133 orient(-) score(4257.00) noncoding_equivalent(27.00) raw_noncoding(27.00) offset(0.00) 
25133	23706	single-	4	6	{GlimmerHMM_glimmerT_2746-T1;GlimmerHMM},{Augustus_model.g2453.t1;Augustus}

# EVM prediction: Mode:STANDARD S-ratio: 10000.00 26413-27147 orient(+) score(2940.00) noncoding_equivalent(0.29) raw_noncoding(0.00) offset(0.00) 
26413	27147	single+	1	3	{Augustus_model.g2454.t1;Augustus},{GlimmerHMM_glimmerT_2747-T1;GlimmerHMM}

# EVM prediction: Mode:STANDARD S-ratio: 2.00 27265-29238 orient(-) score(7896.00) noncoding_equivalent(3948.00) raw_noncoding(3948.00) offset(0.00) 
29238	27265	single-	4	6	{GlimmerHMM_glimmerT_2748-T1;GlimmerHMM},{HiQ_model.g2455.t1;HiQ}

# EVM prediction: Mode:STANDARD S-ratio: 10000.00 29613-32951 orient(+) score(13269.00) noncoding_equivalent(1.33) raw_noncoding(0.00) offset(0.00) 
29613	32951	single+	1	3	{Augustus_model.g2456.t1;Augustus},{GlimmerHMM_glimmerT_2749-T1;GlimmerHMM}

# EVM prediction: Mode:STANDARD S-ratio: 23.48 35353-37230 orient(-) score(5402.00) noncoding_equivalent(230.05) raw_noncoding(230.05) offset(0.00) 
37230	35353	single-	4	6	{GlimmerHMM_glimmerT_2751-T1;GlimmerHMM}

# EVM prediction: Mode:STANDARD S-ratio: 4.81 37583-40096 orient(-) score(12486.00) noncoding_equivalent(2598.00) raw_noncoding(2598.00) offset(0.00) 
40096	37583	single-	4	6	{HiQ_model.g2458.t1;HiQ},{GlimmerHMM_glimmerT_2752-T1;GlimmerHMM}

# EVM prediction: Mode:STANDARD S-ratio: 10000.00 40762-41868 orient(+) score(4428.00) noncoding_equivalent(0.44) raw_noncoding(0.00) offset(0.00) 
40762	41868	single+	1	3	{GlimmerHMM_glimmerT_2753-T1;GlimmerHMM},{Augustus_model.g2459.t1;Augustus}

# EVM prediction: Mode:STANDARD S-ratio: 1.93 42002-43308 orient(-) score(2555.00) noncoding_equivalent(1321.42) raw_noncoding(1410.67) offset(89.24) 
42013	42002	terminal-	4	6	{GlimmerHMM_glimmerT_2754-T1;GlimmerHMM}
42060	42014	INTRON			{GlimmerHMM_glimmerT_2754-T1;GlimmerHMM}
43308	42061	initial-	4	6	{GlimmerHMM_glimmerT_2754-T1;GlimmerHMM}

# EVM prediction: Mode:STANDARD S-ratio: 47.93 44065-48027 orient(+) score(11646.00) noncoding_equivalent(243.00) raw_noncoding(243.00) offset(0.00) 
44065	48027	single+	1	3	{GlimmerHMM_glimmerT_2755-T1;GlimmerHMM}

# EVM prediction: Mode:STANDARD S-ratio: 77.21 49292-50389 orient(-) score(3243.00) noncoding_equivalent(42.00) raw_noncoding(42.00) offset(0.00) 
50389	49292	single-	4	6	{Augustus_model.g2462.t1;Augustus},{GlimmerHMM_glimmerT_2756-T1;GlimmerHMM}

# EVM prediction: Mode:STANDARD S-ratio: 10000.00 51040-52182 orient(+) score(4563.00) noncoding_equivalent(0.46) raw_noncoding(0.00) offset(0.00) 
51040	52182	single+	1	3	{GlimmerHMM_glimmerT_2757-T1;GlimmerHMM},{Augustus_model.g2463.t1;Augustus}

# EVM prediction: Mode:STANDARD S-ratio: 2.00 52449-52814 orient(-) score(1464.00) noncoding_equivalent(732.00) raw_noncoding(732.00) offset(0.00) 
52814	52449	single-	4	6	{HiQ_model.g2464.t1;HiQ},{GlimmerHMM_glimmerT_2758-T1;GlimmerHMM}

# EVM prediction: Mode:STANDARD S-ratio: 10000.00 53180-56866 orient(+) score(14748.00) noncoding_equivalent(1.47) raw_noncoding(0.00) offset(0.00) 
53180	56866	single+	1	3	{GlimmerHMM_glimmerT_2759-T1;GlimmerHMM},{Augustus_model.g2465.t1;Augustus}

# EVM prediction: Mode:STANDARD S-ratio: 5.00 57097-58155 orient(-) score(5295.00) noncoding_equivalent(1059.00) raw_noncoding(1059.00) offset(0.00) 
58155	57097	single-	4	6	{HiQ_model.g2466.t1;HiQ},{GlimmerHMM_glimmerT_2760-T1;GlimmerHMM}

# EVM prediction: Mode:STANDARD S-ratio: 3.00 58477-59046 orient(+) score(1710.00) noncoding_equivalent(570.00) raw_noncoding(570.00) offset(0.00) 
58477	59046	single+	1	3	{Augustus_model.g2467.t1;Augustus},{GlimmerHMM_glimmerT_2761-T1;GlimmerHMM}

# EVM prediction: Mode:STANDARD S-ratio: 636.56 59228-62467 orient(-) score(9700.00) noncoding_equivalent(15.24) raw_noncoding(15.24) offset(0.00) 
62467	59228	single-	4	6	{GlimmerHMM_glimmerT_2762-T1;GlimmerHMM},{Augustus_model.g2468.t1;Augustus}

# EVM prediction: Mode:STANDARD S-ratio: 347.11 62929-65502 orient(+) score(7698.00) noncoding_equivalent(22.18) raw_noncoding(22.18) offset(0.00) 
62929	65502	single+	1	3	{Augustus_model.g2469.t1;Augustus},{GlimmerHMM_glimmerT_2763-T1;GlimmerHMM}

# EVM prediction: Mode:STANDARD S-ratio: 1.99 65651-67435 orient(-) score(7122.00) noncoding_equivalent(3570.00) raw_noncoding(3570.00) offset(0.00) 
67435	65651	single-	4	6	{HiQ_model.g2470.t1;HiQ},{GlimmerHMM_glimmerT_2764-T1;GlimmerHMM}

# EVM prediction: Mode:STANDARD S-ratio: 194.17 68206-71718 orient(+) score(13980.00) noncoding_equivalent(72.00) raw_noncoding(72.00) offset(0.00) 
68206	71718	single+	1	3	{GlimmerHMM_glimmerT_2765-T1;GlimmerHMM}

# EVM prediction: Mode:STANDARD S-ratio: 25.58 72078-73898 orient(+) score(5256.00) noncoding_equivalent(205.45) raw_noncoding(205.45) offset(0.00) 
72078	73898	single+	1	3	{GlimmerHMM_glimmerT_2766-T1;GlimmerHMM}

# EVM prediction: Mode:STANDARD S-ratio: 5.00 74287-75318 orient(-) score(5160.00) noncoding_equivalent(1032.00) raw_noncoding(1032.00) offset(0.00) 
75318	74287	single-	4	6	{GlimmerHMM_glimmerT_2767-T1;GlimmerHMM},{HiQ_model.g2473.t1;HiQ}

# EVM prediction: Mode:STANDARD S-ratio: 2.02 75684-77072 orient(+) score(2778.00) noncoding_equivalent(1378.21) raw_noncoding(1378.21) offset(0.00) 
75684	77072	single+	1	3	{Augustus_model.g2474.t1;Augustus},{GlimmerHMM_glimmerT_2768-T1;GlimmerHMM}

# EVM prediction: Mode:STANDARD S-ratio: 2.00 77266-77967 orient(-) score(2808.00) noncoding_equivalent(1404.00) raw_noncoding(1404.00) offset(0.00) 
77967	77266	single-	4	6	{HiQ_model.g2475.t1;HiQ},{GlimmerHMM_glimmerT_2769-T1;GlimmerHMM}

# EVM prediction: Mode:STANDARD S-ratio: 10000.00 78244-79362 orient(+) score(4458.00) noncoding_equivalent(0.45) raw_noncoding(0.00) offset(0.00) 
78244	79362	single+	1	3	{GlimmerHMM_glimmerT_2770-T1;GlimmerHMM},{Augustus_model.g2476.t1;Augustus}

# EVM prediction: Mode:STANDARD S-ratio: 10.50 79942-81387 orient(+) score(5272.00) noncoding_equivalent(501.91) raw_noncoding(501.91) offset(0.00) 
79942	81387	single+	1	3	{GlimmerHMM_glimmerT_2771-T1;GlimmerHMM}

# EVM prediction: Mode:STANDARD S-ratio: 6.66 81903-83459 orient(+) score(5408.00) noncoding_equivalent(812.29) raw_noncoding(812.29) offset(0.00) 
81903	83459	single+	1	3	{GlimmerHMM_glimmerT_2772-T1;GlimmerHMM}

# EVM prediction: Mode:STANDARD S-ratio: 1.79 84411-89469 orient(-) score(9548.00) noncoding_equivalent(5346.00) raw_noncoding(5526.00) offset(180.00) 
88287	84411	terminal-	6	6	{Augustus_model.g2478.t1;Augustus}
88381	88288	INTRON			{Augustus_model.g2478.t1;Augustus}
89469	88382	initial-	4	5	{Augustus_model.g2478.t1;Augustus}

# EVM prediction: Mode:STANDARD S-ratio: 6.28 91372-93498 orient(-) score(5505.00) noncoding_equivalent(876.00) raw_noncoding(876.00) offset(0.00) 
93498	91372	single-	4	6	{GlimmerHMM_glimmerT_2776-T1;GlimmerHMM},{Augustus_model.g2479.t1;Augustus}

# EVM prediction: Mode:STANDARD S-ratio: 4.47 93760-94788 orient(-) score(5028.00) noncoding_equivalent(1126.00) raw_noncoding(1126.00) offset(0.00) 
94788	93760	single-	4	6	{GlimmerHMM_glimmerT_2777-T1;GlimmerHMM},{HiQ_model.g2480.t1;HiQ}

# EVM prediction: Mode:STANDARD S-ratio: 2.00 95556-96425 orient(-) score(1740.00) noncoding_equivalent(870.00) raw_noncoding(870.00) offset(0.00) 
96425	95556	single-	4	6	{GlimmerHMM_glimmerT_2778-T1;GlimmerHMM}

# EVM prediction: Mode:STANDARD S-ratio: 4.99 97031-98737 orient(-) score(8526.00) noncoding_equivalent(1707.00) raw_noncoding(1707.00) offset(0.00) 
98737	97031	single-	4	6	{HiQ_model.g2481.t1;HiQ},{GlimmerHMM_glimmerT_2779-T1;GlimmerHMM}

