!! Predictions spanning range 2856 - 97032 [R1]
# EVM prediction: Mode:STANDARD S-ratio: 10000.00 2856-4484 orient(+) score(3258.00) noncoding_equivalent(0.33) raw_noncoding(0.00) offset(0.00) 
2856	4484	single+	1	3	{Augustus_gene977.t1;Augustus}

# EVM prediction: Mode:STANDARD S-ratio: 10000.00 21513-22235 orient(+) score(1446.00) noncoding_equivalent(0.14) raw_noncoding(0.00) offset(0.00) 
21513	22235	single+	1	3	{Augustus_gene73.t1;Augustus}

# EVM prediction: Mode:STANDARD S-ratio: 10000.00 26240-27445 orient(-) score(2412.00) noncoding_equivalent(0.24) raw_noncoding(0.00) offset(0.00) 
27445	26240	single-	4	6	{Augustus_gene1015.t1;Augustus}

# EVM prediction: Mode:STANDARD S-ratio: 10000.00 29513-34690 orient(+) score(10356.00) noncoding_equivalent(1.04) raw_noncoding(0.00) offset(0.00) 
29513	34690	single+	1	3	{Augustus_gene550.t1;Augustus}

# EVM prediction: Mode:STANDARD S-ratio: 10000.00 34972-36468 orient(-) score(2994.00) noncoding_equivalent(0.30) raw_noncoding(0.00) offset(0.00) 
36468	34972	single-	4	6	{Augustus_gene222.t1;Augustus}

# EVM prediction: Mode:STANDARD S-ratio: 10000.00 65392-66632 orient(+) score(2482.00) noncoding_equivalent(0.25) raw_noncoding(0.00) offset(0.00) 
65392	66246	initial+	1	3	{Augustus_gene568.t1;Augustus}
66247	66362	INTRON			{Augustus_gene568.t1;Augustus}
66363	66632	terminal+	1	3	{Augustus_gene568.t1;Augustus}

# EVM prediction: Mode:STANDARD S-ratio: 10000.00 68677-70159 orient(-) score(2966.00) noncoding_equivalent(0.30) raw_noncoding(0.00) offset(0.00) 
68732	68677	terminal-	5	6	{Augustus_gene426.t1;Augustus}
69168	68733	INTRON			{Augustus_gene426.t1;Augustus}
69181	69169	internal-	4	4	{Augustus_gene426.t1;Augustus}
69469	69182	INTRON			{Augustus_gene426.t1;Augustus}
70159	69470	initial-	4	6	{Augustus_gene426.t1;Augustus}

# EVM prediction: Mode:STANDARD S-ratio: 10000.00 80198-84066 orient(-) score(7738.00) noncoding_equivalent(0.77) raw_noncoding(0.00) offset(0.00) 
80223	80198	terminal-	5	6	{Augustus_gene415.t1;Augustus}
80276	80224	INTRON			{Augustus_gene415.t1;Augustus}
84066	80277	initial-	4	4	{Augustus_gene415.t1;Augustus}

# EVM prediction: Mode:STANDARD S-ratio: 10000.00 85145-86716 orient(+) score(3144.00) noncoding_equivalent(0.31) raw_noncoding(0.00) offset(0.00) 
85145	86716	single+	1	3	{Augustus_gene322.t1;Augustus}

# EVM prediction: Mode:STANDARD S-ratio: 10000.00 86984-88444 orient(-) score(2922.00) noncoding_equivalent(0.29) raw_noncoding(0.00) offset(0.00) 
88444	86984	single-	4	6	{Augustus_gene1111.t1;Augustus}

# EVM prediction: Mode:STANDARD S-ratio: 10000.00 93862-97032 orient(+) score(6342.00) noncoding_equivalent(0.63) raw_noncoding(0.00) offset(0.00) 
93862	97032	single+	1	3	{Augustus_gene189.t1;Augustus}

