!! Predictions spanning range 1845 - 99620 [R1]
# EVM prediction: Mode:STANDARD S-ratio: 10000.00 1845-2828 orient(-) score(9062.00) noncoding_equivalent(0.91) raw_noncoding(0.00) offset(0.00) 
2828	1845	single-	4	6	{Augustus_gene435.t1;Augustus}

# EVM prediction: Mode:STANDARD S-ratio: 10000.00 12734-13636 orient(-) score(5718.00) noncoding_equivalent(0.57) raw_noncoding(0.00) offset(0.00) 
13636	12734	single-	4	6	{Augustus_gene587.t1;Augustus}

# EVM prediction: Mode:STANDARD S-ratio: 10000.00 16296-20117 orient(+) score(25722.00) noncoding_equivalent(2.57) raw_noncoding(0.00) offset(0.00) 
16296	20117	single+	1	3	{Augustus_gene1058.t1;Augustus}

# EVM prediction: Mode:STANDARD S-ratio: 10000.00 23769-24887 orient(+) score(5168.00) noncoding_equivalent(0.52) raw_noncoding(0.00) offset(0.00) 
23769	24887	single+	1	3	{Augustus_gene788.t1;Augustus}

# EVM prediction: Mode:STANDARD S-ratio: 10000.00 26750-27603 orient(+) score(1708.00) noncoding_equivalent(0.17) raw_noncoding(0.00) offset(0.00) 
26750	26752	initial+	1	3	{Augustus_gene764.t1;Augustus}
26753	27243	INTRON			{Augustus_gene764.t1;Augustus}
27244	27603	terminal+	1	3	{Augustus_gene764.t1;Augustus}

# EVM prediction: Mode:STANDARD S-ratio: 10000.00 27793-30678 orient(-) score(23197.00) noncoding_equivalent(2.32) raw_noncoding(0.00) offset(0.00) 
30678	27793	single-	4	6	{Augustus_gene749.t1;Augustus}

# EVM prediction: Mode:STANDARD S-ratio: 10000.00 35092-39091 orient(+) score(9810.00) noncoding_equivalent(0.98) raw_noncoding(0.00) offset(0.00) 
35092	35456	initial+	1	2	{Augustus_gene183.t1;Augustus}
35457	35916	INTRON			{Augustus_gene183.t1;Augustus}
35917	36832	internal+	3	3	{Augustus_gene183.t1;Augustus}
36833	36880	INTRON			{Augustus_gene183.t1;Augustus}
36881	37310	internal+	1	1	{Augustus_gene183.t1;Augustus}
37311	37454	INTRON			{Augustus_gene183.t1;Augustus}
37455	39091	terminal+	2	3	{Augustus_gene183.t1;Augustus}

# EVM prediction: Mode:STANDARD S-ratio: 10000.00 58205-64642 orient(-) score(49594.00) noncoding_equivalent(4.96) raw_noncoding(0.00) offset(0.00) 
64642	58205	single-	4	6	{Augustus_gene203.t1;Augustus}

# EVM prediction: Mode:STANDARD S-ratio: 10000.00 68655-69815 orient(+) score(2322.00) noncoding_equivalent(0.23) raw_noncoding(0.00) offset(0.00) 
68655	69815	single+	1	3	{Augustus_gene209.t1;Augustus}

# EVM prediction: Mode:STANDARD S-ratio: 10000.00 72499-73092 orient(-) score(4209.00) noncoding_equivalent(0.42) raw_noncoding(0.00) offset(0.00) 
73092	72499	single-	4	6	{Augustus_gene650.t1;Augustus}

# EVM prediction: Mode:STANDARD S-ratio: 10000.00 90221-92053 orient(-) score(13936.00) noncoding_equivalent(1.39) raw_noncoding(0.00) offset(0.00) 
92053	90221	single-	4	6	{Augustus_gene412.t1;Augustus}

# EVM prediction: Mode:STANDARD S-ratio: 10000.00 93724-96952 orient(+) score(16480.00) noncoding_equivalent(1.65) raw_noncoding(0.00) offset(0.00) 
93724	93746	initial+	1	2	{Augustus_gene447.t1;Augustus}
93747	94134	INTRON			{Augustus_gene447.t1;Augustus}
94135	96952	terminal+	3	3	{Augustus_gene447.t1;Augustus}

# EVM prediction: Mode:STANDARD S-ratio: 10000.00 97188-99620 orient(-) score(20596.00) noncoding_equivalent(2.06) raw_noncoding(0.00) offset(0.00) 
99620	97188	single-	4	6	{Augustus_gene484.t1;Augustus}

