!! Predictions spanning range 75 - 97986 [R1]
# EVM prediction: Mode:STANDARD S-ratio: 7.80 75-734 orient(+) score(2340.00) noncoding_equivalent(300.00) raw_noncoding(300.00) offset(0.00) 
75	734	single+	1	3	{Augustus_model.g349.t1;Augustus},{GlimmerHMM_glimmerT_391-T1;GlimmerHMM}

# EVM prediction: Mode:STANDARD S-ratio: 4.75 1070-3721 orient(-) score(13143.00) noncoding_equivalent(2769.00) raw_noncoding(2769.00) offset(0.00) 
3721	1070	single-	4	6	{HiQ_model.g350.t1;HiQ}

# EVM prediction: Mode:STANDARD S-ratio: 10000.00 4217-4894 orient(-) score(2034.00) noncoding_equivalent(0.20) raw_noncoding(0.00) offset(0.00) 
4894	4217	single-	4	6	{GlimmerHMM_glimmerT_393-T1;GlimmerHMM},{Augustus_model.g351.t1;Augustus}

# EVM prediction: Mode:STANDARD S-ratio: 11.91 5094-5796 orient(-) score(2517.00) noncoding_equivalent(211.34) raw_noncoding(371.68) offset(160.34) 
5660	5094	terminal-	4	6	{snap_scaffold_1-snap.326-T1;snap},{Augustus_model.g352.t1;Augustus}
5742	5661	INTRON			{Augustus_model.g352.t1;Augustus},{ev_type:exonerate/ID=match.177006.516/Target=YDR305C;exonerate}
5796	5743	initial-	4	6	{Augustus_model.g352.t1;Augustus}

# EVM prediction: Mode:STANDARD S-ratio: 4.75 6085-7521 orient(-) score(7121.00) noncoding_equivalent(1499.16) raw_noncoding(1499.16) offset(0.00) 
7521	6085	single-	4	6	{HiQ_model.g353.t1;HiQ}

# EVM prediction: Mode:STANDARD S-ratio: 2.01 8140-10206 orient(+) score(4134.00) noncoding_equivalent(2059.87) raw_noncoding(2059.87) offset(0.00) 
8140	10206	single+	1	3	{GlimmerHMM_glimmerT_395-T1;GlimmerHMM}

# EVM prediction: Mode:STANDARD S-ratio: 4.87 10303-10725 orient(-) score(2104.00) noncoding_equivalent(432.06) raw_noncoding(432.06) offset(0.00) 
10725	10303	single-	4	6	{GlimmerHMM_glimmerT_396-T1;GlimmerHMM},{HiQ_model.g355.t1;HiQ}

# EVM prediction: Mode:STANDARD S-ratio: 159.71 11326-12450 orient(-) score(3354.00) noncoding_equivalent(21.00) raw_noncoding(21.00) offset(0.00) 
12450	11326	single-	4	6	{GlimmerHMM_glimmerT_397-T1;GlimmerHMM},{Augustus_model.g356.t1;Augustus}

# EVM prediction: Mode:STANDARD S-ratio: 10000.00 13356-16571 orient(-) score(9648.00) noncoding_equivalent(0.96) raw_noncoding(0.00) offset(0.00) 
16571	13356	single-	4	6	{GlimmerHMM_glimmerT_398-T1;GlimmerHMM},{Augustus_model.g357.t1;Augustus}

# EVM prediction: Mode:STANDARD S-ratio: 3.01 17313-19247 orient(+) score(5793.00) noncoding_equivalent(1927.53) raw_noncoding(1927.53) offset(0.00) 
17313	19247	single+	1	3	{Augustus_model.g358.t1;Augustus},{GlimmerHMM_glimmerT_399-T1;GlimmerHMM}

# EVM prediction: Mode:STANDARD S-ratio: 5.34 19878-20323 orient(+) score(1004.00) noncoding_equivalent(188.00) raw_noncoding(445.00) offset(257.00) 
19878	19881	initial+	1	1	{snap_scaffold_1-snap.331-T1;snap}
19882	20027	INTRON			{snap_scaffold_1-snap.331-T1;snap}
20028	20323	terminal+	2	3	{snap_scaffold_1-snap.331-T1;snap}

# EVM prediction: Mode:STANDARD S-ratio: 4.68 20734-21912 orient(-) score(2567.00) noncoding_equivalent(548.39) raw_noncoding(1270.74) offset(722.35) 
21484	20734	terminal-	6	6	{snap_scaffold_1-snap.332-T1;snap}
21904	21485	INTRON			{snap_scaffold_1-snap.332-T1;snap}
21912	21905	initial-	4	5	{snap_scaffold_1-snap.332-T1;snap}

# EVM prediction: Mode:STANDARD S-ratio: 36.45 21977-24049 orient(-) score(6053.00) noncoding_equivalent(166.05) raw_noncoding(166.05) offset(0.00) 
24049	21977	single-	4	6	{GlimmerHMM_glimmerT_402-T1;GlimmerHMM}

# EVM prediction: Mode:STANDARD S-ratio: 2.01 24283-25131 orient(-) score(1698.00) noncoding_equivalent(843.97) raw_noncoding(843.97) offset(0.00) 
25131	24283	single-	4	6	{Augustus_model.g361.t1;Augustus},{GlimmerHMM_glimmerT_403-T1;GlimmerHMM}

# EVM prediction: Mode:STANDARD S-ratio: 90.45 25313-26713 orient(+) score(5541.00) noncoding_equivalent(61.26) raw_noncoding(61.26) offset(0.00) 
25313	26713	single+	1	3	{Augustus_model.g362.t1;Augustus},{GlimmerHMM_glimmerT_404-T1;GlimmerHMM}

# EVM prediction: Mode:STANDARD S-ratio: 9.72 27932-30704 orient(+) score(8305.00) noncoding_equivalent(854.77) raw_noncoding(1389.03) offset(534.26) 
27932	29086	initial+	1	3	{Augustus_model.g363.t1;Augustus}
29087	29221	INTRON			{Augustus_model.g363.t1;Augustus}
29222	29262	internal+	1	2	{Augustus_model.g363.t1;Augustus}
29263	29501	INTRON			{Augustus_model.g363.t1;Augustus}
29502	29545	internal+	3	1	{Augustus_model.g363.t1;Augustus}
29546	29619	INTRON			{GlimmerHMM_glimmerT_406-T1;GlimmerHMM},{Augustus_model.g363.t1;Augustus},{ev_type:exonerate/ID=match.177006.3707/Target=YDR318W;exonerate}
29620	30704	terminal+	2	3	{GlimmerHMM_glimmerT_406-T1;GlimmerHMM},{snap_scaffold_1-snap.336-T1;snap},{Augustus_model.g363.t1;Augustus}

# EVM prediction: Mode:STANDARD S-ratio: 10000.00 31880-33859 orient(-) score(5940.00) noncoding_equivalent(0.59) raw_noncoding(0.00) offset(0.00) 
33859	31880	single-	4	6	{GlimmerHMM_glimmerT_407-T1;GlimmerHMM},{Augustus_model.g364.t1;Augustus}

# EVM prediction: Mode:STANDARD S-ratio: 2.02 34053-34271 orient(-) score(880.00) noncoding_equivalent(434.63) raw_noncoding(434.63) offset(0.00) 
34271	34053	single-	4	6	{HiQ_model.g365.t1;HiQ},{GlimmerHMM_glimmerT_408-T1;GlimmerHMM}

# EVM prediction: Mode:STANDARD S-ratio: 31.51 34481-35626 orient(+) score(4443.00) noncoding_equivalent(141.00) raw_noncoding(141.00) offset(0.00) 
34481	35626	single+	1	3	{GlimmerHMM_glimmerT_409-T1;GlimmerHMM},{Augustus_model.g366.t1;Augustus}

# EVM prediction: Mode:STANDARD S-ratio: 10000.00 36343-37446 orient(+) score(4416.00) noncoding_equivalent(0.44) raw_noncoding(0.00) offset(0.00) 
36343	37446	single+	1	3	{GlimmerHMM_glimmerT_410-T1;GlimmerHMM},{Augustus_model.g367.t1;Augustus}

# EVM prediction: Mode:STANDARD S-ratio: 5.00 37751-38041 orient(-) score(1455.00) noncoding_equivalent(291.00) raw_noncoding(291.00) offset(0.00) 
38041	37751	single-	4	6	{HiQ_model.g368.t1;HiQ},{GlimmerHMM_glimmerT_411-T1;GlimmerHMM}

# EVM prediction: Mode:STANDARD S-ratio: 4.68 38249-39844 orient(-) score(7851.00) noncoding_equivalent(1677.00) raw_noncoding(1677.00) offset(0.00) 
39844	38249	single-	4	6	{HiQ_model.g369.t1;HiQ},{GlimmerHMM_glimmerT_412-T1;GlimmerHMM}

# EVM prediction: Mode:STANDARD S-ratio: 76.23 40216-42474 orient(-) score(8919.00) noncoding_equivalent(117.00) raw_noncoding(117.00) offset(0.00) 
42474	40216	single-	4	6	{GlimmerHMM_glimmerT_413-T1;GlimmerHMM}

# EVM prediction: Mode:STANDARD S-ratio: 10000.00 42905-46009 orient(+) score(12414.00) noncoding_equivalent(1.24) raw_noncoding(0.00) offset(0.00) 
42905	46009	single+	1	3	{GlimmerHMM_glimmerT_414-T1;GlimmerHMM},{Augustus_model.g371.t1;Augustus}

# EVM prediction: Mode:STANDARD S-ratio: 10000.00 46340-50770 orient(-) score(17352.00) noncoding_equivalent(1.74) raw_noncoding(0.00) offset(0.00) 
50770	46340	single-	4	6	{Augustus_model.g372.t1;Augustus},{GlimmerHMM_glimmerT_415-T1;GlimmerHMM}

# EVM prediction: Mode:STANDARD S-ratio: 3.13 51269-51859 orient(-) score(2688.00) noncoding_equivalent(858.00) raw_noncoding(858.00) offset(0.00) 
51859	51269	single-	4	6	{GlimmerHMM_glimmerT_416-T1;GlimmerHMM},{HiQ_model.g373.t1;HiQ}

# EVM prediction: Mode:STANDARD S-ratio: 4.21 52112-53437 orient(-) score(6416.00) noncoding_equivalent(1522.46) raw_noncoding(1522.46) offset(0.00) 
53437	52112	single-	4	6	{HiQ_model.g374.t1;HiQ}

# EVM prediction: Mode:STANDARD S-ratio: 10000.00 53717-55213 orient(+) score(5985.00) noncoding_equivalent(0.60) raw_noncoding(0.00) offset(0.00) 
53717	55213	single+	1	3	{Augustus_model.g375.t1;Augustus},{GlimmerHMM_glimmerT_418-T1;GlimmerHMM}

# EVM prediction: Mode:STANDARD S-ratio: 21.58 55434-56669 orient(+) score(4725.00) noncoding_equivalent(219.00) raw_noncoding(219.00) offset(0.00) 
55434	56669	single+	1	3	{Augustus_model.g376.t1;Augustus}

# EVM prediction: Mode:STANDARD S-ratio: 96.56 56840-58906 orient(+) score(8183.00) noncoding_equivalent(84.75) raw_noncoding(84.75) offset(0.00) 
56840	58906	single+	1	3	{Augustus_model.g377.t1;Augustus},{GlimmerHMM_glimmerT_420-T1;GlimmerHMM}

# EVM prediction: Mode:STANDARD S-ratio: 4.99 59097-61262 orient(-) score(10812.00) noncoding_equivalent(2166.00) raw_noncoding(2166.00) offset(0.00) 
61262	59097	single-	4	6	{HiQ_model.g378.t1;HiQ},{GlimmerHMM_glimmerT_421-T1;GlimmerHMM}

# EVM prediction: Mode:STANDARD S-ratio: 180.06 61768-66318 orient(+) score(18102.00) noncoding_equivalent(100.53) raw_noncoding(100.53) offset(0.00) 
61768	66318	single+	1	3	{GlimmerHMM_glimmerT_422-T1;GlimmerHMM}

# EVM prediction: Mode:STANDARD S-ratio: 45.79 67014-70688 orient(+) score(14386.00) noncoding_equivalent(314.17) raw_noncoding(314.17) offset(0.00) 
67014	70688	single+	1	3	{GlimmerHMM_glimmerT_423-T1;GlimmerHMM}

# EVM prediction: Mode:STANDARD S-ratio: 1.98 70922-71902 orient(+) score(1955.00) noncoding_equivalent(986.80) raw_noncoding(986.80) offset(0.00) 
70922	71902	single+	1	3	{GlimmerHMM_glimmerT_424-T1;GlimmerHMM}

# EVM prediction: Mode:STANDARD S-ratio: 213.27 72214-73074 orient(+) score(3426.00) noncoding_equivalent(16.06) raw_noncoding(16.06) offset(0.00) 
72214	73074	single+	1	3	{Augustus_model.g380.t1;Augustus},{GlimmerHMM_glimmerT_425-T1;GlimmerHMM}

# EVM prediction: Mode:STANDARD S-ratio: 4.51 73290-75368 orient(-) score(10209.00) noncoding_equivalent(2265.00) raw_noncoding(2265.00) offset(0.00) 
75368	73290	single-	4	6	{HiQ_model.g381.t1;HiQ},{GlimmerHMM_glimmerT_426-T1;GlimmerHMM}

# EVM prediction: Mode:STANDARD S-ratio: 4.99 75877-76446 orient(-) score(2844.00) noncoding_equivalent(570.00) raw_noncoding(570.00) offset(0.00) 
76446	75877	single-	4	6	{GlimmerHMM_glimmerT_427-T1;GlimmerHMM},{HiQ_model.g382.t1;HiQ}

# EVM prediction: Mode:STANDARD S-ratio: 5.00 77341-79164 orient(-) score(9120.00) noncoding_equivalent(1824.00) raw_noncoding(1824.00) offset(0.00) 
79164	77341	single-	4	6	{HiQ_model.g383.t1;HiQ},{GlimmerHMM_glimmerT_428-T1;GlimmerHMM}

# EVM prediction: Mode:STANDARD S-ratio: 4.89 79740-81844 orient(-) score(3271.00) noncoding_equivalent(668.84) raw_noncoding(825.00) offset(156.16) 
80575	79740	terminal-	5	6	{Augustus_model.g384.t1;Augustus}
81420	80576	INTRON			{Augustus_model.g384.t1;Augustus}
81844	81421	initial-	4	4	{GlimmerHMM_glimmerT_429-T1;GlimmerHMM},{Augustus_model.g384.t1;Augustus}

# EVM prediction: Mode:STANDARD S-ratio: 5.54 85515-87550 orient(-) score(3337.00) noncoding_equivalent(602.51) raw_noncoding(759.00) offset(156.49) 
86350	85515	terminal-	5	6	{Augustus_model.g385.t1;Augustus}
87126	86351	INTRON			{Augustus_model.g385.t1;Augustus}
87550	87127	initial-	4	4	{Augustus_model.g385.t1;Augustus},{GlimmerHMM_glimmerT_431-T1;GlimmerHMM}

# EVM prediction: Mode:STANDARD S-ratio: 361.12 89260-90963 orient(-) score(5096.00) noncoding_equivalent(14.11) raw_noncoding(14.11) offset(0.00) 
90963	89260	single-	4	6	{Augustus_model.g386.t1;Augustus},{GlimmerHMM_glimmerT_432-T1;GlimmerHMM}

# EVM prediction: Mode:STANDARD S-ratio: 564.83 93257-94732 orient(-) score(4419.00) noncoding_equivalent(7.82) raw_noncoding(7.82) offset(0.00) 
94732	93257	single-	4	6	{Augustus_model.g387.t1;Augustus},{GlimmerHMM_glimmerT_433-T1;GlimmerHMM}

# EVM prediction: Mode:STANDARD S-ratio: 10000.00 95249-96214 orient(+) score(3864.00) noncoding_equivalent(0.39) raw_noncoding(0.00) offset(0.00) 
95249	96214	single+	1	3	{GlimmerHMM_glimmerT_434-T1;GlimmerHMM},{Augustus_model.g388.t1;Augustus}

# EVM prediction: Mode:STANDARD S-ratio: 11.79 96478-97986 orient(-) score(4173.00) noncoding_equivalent(354.00) raw_noncoding(354.00) offset(0.00) 
97986	96478	single-	4	6	{GlimmerHMM_glimmerT_435-T1;GlimmerHMM}

