!! Predictions spanning range 9377 - 92053 [R1]
# EVM prediction: Mode:STANDARD S-ratio: 10000.00 9377-12607 orient(-) score(6462.00) noncoding_equivalent(0.65) raw_noncoding(0.00) offset(0.00) 
9617	9377	terminal-	6	6	{Augustus_gene390.t1;Augustus}
11023	9618	INTRON			{Augustus_gene390.t1;Augustus}
11037	11024	internal-	4	5	{Augustus_gene390.t1;Augustus}
11185	11038	INTRON			{Augustus_gene390.t1;Augustus}
12156	11186	internal-	5	6	{Augustus_gene390.t1;Augustus}
12426	12157	INTRON			{Augustus_gene390.t1;Augustus}
12607	12427	initial-	4	4	{Augustus_gene390.t1;Augustus}

# EVM prediction: Mode:STANDARD S-ratio: 10000.00 48176-54556 orient(+) score(12762.00) noncoding_equivalent(1.28) raw_noncoding(0.00) offset(0.00) 
48176	48226	initial+	1	3	{Augustus_gene198.t1;Augustus}
48227	48311	INTRON			{Augustus_gene198.t1;Augustus}
48312	48328	internal+	1	2	{Augustus_gene198.t1;Augustus}
48329	48414	INTRON			{Augustus_gene198.t1;Augustus}
48415	54556	terminal+	3	3	{Augustus_gene198.t1;Augustus}

# EVM prediction: Mode:STANDARD S-ratio: 10000.00 59768-60970 orient(-) score(2406.00) noncoding_equivalent(0.24) raw_noncoding(0.00) offset(0.00) 
60970	59768	single-	4	6	{Augustus_gene954.t1;Augustus}

# EVM prediction: Mode:STANDARD S-ratio: 10000.00 71838-72404 orient(+) score(1134.00) noncoding_equivalent(0.11) raw_noncoding(0.00) offset(0.00) 
71838	72404	single+	1	3	{Augustus_gene238.t1;Augustus}

# EVM prediction: Mode:STANDARD S-ratio: 10000.00 77895-80957 orient(+) score(6126.00) noncoding_equivalent(0.61) raw_noncoding(0.00) offset(0.00) 
77895	80957	single+	1	3	{Augustus_gene23.t1;Augustus}

# EVM prediction: Mode:STANDARD S-ratio: 10000.00 91424-92053 orient(-) score(1260.00) noncoding_equivalent(0.13) raw_noncoding(0.00) offset(0.00) 
92053	91424	single-	4	6	{Augustus_gene859.t1;Augustus}

