!! Predictions spanning range 2797 - 99921 [R1]
# EVM prediction: Mode:STANDARD S-ratio: 60.70 2797-3261 orient(+) score(1821.00) noncoding_equivalent(30.00) raw_noncoding(30.00) offset(0.00) 
2797	3261	single+	1	3	{Augustus_model.g1969.t1;Augustus}

# EVM prediction: Mode:STANDARD S-ratio: 10000.00 4621-6159 orient(+) score(6156.00) noncoding_equivalent(0.62) raw_noncoding(0.00) offset(0.00) 
4621	6159	single+	1	3	{Augustus_model.g1970.t1;Augustus},{GlimmerHMM_glimmerT_2196-T1;GlimmerHMM}

# EVM prediction: Mode:STANDARD S-ratio: 17.10 6868-8037 orient(+) score(4413.00) noncoding_equivalent(258.00) raw_noncoding(258.00) offset(0.00) 
6868	8037	single+	1	3	{Augustus_model.g1971.t1;Augustus},{GlimmerHMM_glimmerT_2197-T1;GlimmerHMM}

# EVM prediction: Mode:STANDARD S-ratio: 4.50 8361-10472 orient(-) score(10368.00) noncoding_equivalent(2304.00) raw_noncoding(2304.00) offset(0.00) 
10472	8361	single-	4	6	{GlimmerHMM_glimmerT_2198-T1;GlimmerHMM},{HiQ_model.g1972.t1;HiQ}

# EVM prediction: Mode:STANDARD S-ratio: 4.96 11458-13422 orient(-) score(9744.00) noncoding_equivalent(1965.00) raw_noncoding(1965.00) offset(0.00) 
13422	11458	single-	4	6	{GlimmerHMM_glimmerT_2199-T1;GlimmerHMM},{HiQ_model.g1973.t1;HiQ}

# EVM prediction: Mode:STANDARD S-ratio: 101.86 15090-15629 orient(+) score(2139.00) noncoding_equivalent(21.00) raw_noncoding(21.00) offset(0.00) 
15090	15629	single+	1	3	{GlimmerHMM_glimmerT_2200-T1;GlimmerHMM},{Augustus_model.g1974.t1;Augustus}

# EVM prediction: Mode:STANDARD S-ratio: 10000.00 16095-17318 orient(+) score(4890.00) noncoding_equivalent(0.49) raw_noncoding(0.00) offset(0.00) 
16095	17318	single+	1	3	{Augustus_model.g1975.t1;Augustus},{GlimmerHMM_glimmerT_2201-T1;GlimmerHMM}

# EVM prediction: Mode:STANDARD S-ratio: 10000.00 19115-20740 orient(+) score(4878.00) noncoding_equivalent(0.49) raw_noncoding(0.00) offset(0.00) 
19115	20740	single+	1	3	{Augustus_model.g1976.t1;Augustus},{GlimmerHMM_glimmerT_2202-T1;GlimmerHMM}

# EVM prediction: Mode:STANDARD S-ratio: 10000.00 21860-25702 orient(+) score(15366.00) noncoding_equivalent(1.54) raw_noncoding(0.00) offset(0.00) 
21860	25702	single+	1	3	{GlimmerHMM_glimmerT_2203-T1;GlimmerHMM},{Augustus_model.g1977.t1;Augustus}

# EVM prediction: Mode:STANDARD S-ratio: 10000.00 25921-27480 orient(-) score(4680.00) noncoding_equivalent(0.47) raw_noncoding(0.00) offset(0.00) 
27480	25921	single-	4	6	{Augustus_model.g1978.t1;Augustus},{GlimmerHMM_glimmerT_2204-T1;GlimmerHMM}

# EVM prediction: Mode:STANDARD S-ratio: 10000.00 29650-31206 orient(+) score(4671.00) noncoding_equivalent(0.47) raw_noncoding(0.00) offset(0.00) 
29650	31206	single+	1	3	{GlimmerHMM_glimmerT_2205-T1;GlimmerHMM},{Augustus_model.g1979.t1;Augustus}

# EVM prediction: Mode:STANDARD S-ratio: 4.91 31606-33222 orient(-) score(8056.00) noncoding_equivalent(1640.00) raw_noncoding(1640.00) offset(0.00) 
33222	31606	single-	4	6	{HiQ_model.g1980.t1;HiQ},{GlimmerHMM_glimmerT_2206-T1;GlimmerHMM}

# EVM prediction: Mode:STANDARD S-ratio: 28.59 33936-36254 orient(-) score(6690.00) noncoding_equivalent(234.00) raw_noncoding(267.00) offset(33.00) 
36215	33936	terminal-	4	6	{snap_scaffold_5-snap.126-T1;snap}
36248	36216	INTRON			{snap_scaffold_5-snap.126-T1;snap}
36254	36249	initial-	4	6	{snap_scaffold_5-snap.126-T1;snap}

# EVM prediction: Mode:STANDARD S-ratio: 13.61 38305-39528 orient(+) score(3267.00) noncoding_equivalent(240.00) raw_noncoding(405.00) offset(165.00) 
38305	38309	initial+	1	2	{snap_scaffold_5-snap.127-T1;snap}
38310	38474	INTRON			{snap_scaffold_5-snap.127-T1;snap}
38475	39528	terminal+	3	3	{snap_scaffold_5-snap.127-T1;snap}

# EVM prediction: Mode:STANDARD S-ratio: 10000.00 41180-42745 orient(+) score(4695.00) noncoding_equivalent(0.47) raw_noncoding(0.00) offset(0.00) 
41180	42745	single+	1	3	{Augustus_model.g1983.t1;Augustus},{GlimmerHMM_glimmerT_2209-T1;GlimmerHMM}

# EVM prediction: Mode:STANDARD S-ratio: 10000.00 43196-45880 orient(+) score(8055.00) noncoding_equivalent(0.81) raw_noncoding(0.00) offset(0.00) 
43196	45880	single+	1	3	{Augustus_model.g1984.t1;Augustus},{GlimmerHMM_glimmerT_2210-T1;GlimmerHMM}

# EVM prediction: Mode:STANDARD S-ratio: 16.75 45928-47797 orient(+) score(6400.00) noncoding_equivalent(382.16) raw_noncoding(1068.00) offset(685.84) 
45928	45933	initial+	1	3	{snap_scaffold_5-snap.130-T1;snap},{Augustus_model.g1985.t1;Augustus}
45934	46276	INTRON			{Augustus_model.g1985.t1;Augustus}
46277	47797	terminal+	1	3	{Augustus_model.g1985.t1;Augustus}

# EVM prediction: Mode:STANDARD S-ratio: 4.54 48050-49291 orient(-) score(6108.00) noncoding_equivalent(1344.00) raw_noncoding(1344.00) offset(0.00) 
49291	48050	single-	4	6	{HiQ_model.g1986.t1;HiQ}

# EVM prediction: Mode:STANDARD S-ratio: 3.00 49554-50051 orient(+) score(1494.00) noncoding_equivalent(498.00) raw_noncoding(498.00) offset(0.00) 
49554	50051	single+	1	3	{Augustus_model.g1987.t1;Augustus},{GlimmerHMM_glimmerT_2213-T1;GlimmerHMM}

# EVM prediction: Mode:STANDARD S-ratio: 6.64 50353-51942 orient(-) score(4145.00) noncoding_equivalent(624.59) raw_noncoding(624.59) offset(0.00) 
51942	50353	single-	4	6	{GlimmerHMM_glimmerT_2214-T1;GlimmerHMM}

# EVM prediction: Mode:STANDARD S-ratio: 1.97 51983-53761 orient(+) score(3830.00) noncoding_equivalent(1947.34) raw_noncoding(3251.17) offset(1303.84) 
51983	51997	initial+	1	3	{GlimmerHMM_glimmerT_2215-T1;GlimmerHMM},{Augustus_model.g1989.t1;Augustus}
51998	52711	INTRON			{GlimmerHMM_glimmerT_2215-T1;GlimmerHMM}
52712	53761	terminal+	1	3	{GlimmerHMM_glimmerT_2215-T1;GlimmerHMM}

# EVM prediction: Mode:STANDARD S-ratio: 26.53 53983-54918 orient(+) score(2706.00) noncoding_equivalent(102.00) raw_noncoding(102.00) offset(0.00) 
53983	54918	single+	1	3	{Augustus_model.g1990.t1;Augustus},{GlimmerHMM_glimmerT_2216-T1;GlimmerHMM}

# EVM prediction: Mode:STANDARD S-ratio: 32.50 54968-56173 orient(-) score(3510.00) noncoding_equivalent(108.00) raw_noncoding(108.00) offset(0.00) 
56173	54968	single-	4	6	{GlimmerHMM_glimmerT_2217-T1;GlimmerHMM},{Augustus_model.g1991.t1;Augustus}

# EVM prediction: Mode:STANDARD S-ratio: 10000.00 56555-57973 orient(+) score(5658.00) noncoding_equivalent(0.57) raw_noncoding(0.00) offset(0.00) 
56555	57973	single+	1	3	{GlimmerHMM_glimmerT_2218-T1;GlimmerHMM},{Augustus_model.g1992.t1;Augustus}

# EVM prediction: Mode:STANDARD S-ratio: 12.98 58183-59283 orient(+) score(4089.00) noncoding_equivalent(315.00) raw_noncoding(315.00) offset(0.00) 
58183	59283	single+	1	3	{GlimmerHMM_glimmerT_2219-T1;GlimmerHMM},{Augustus_model.g1993.t1;Augustus}

# EVM prediction: Mode:STANDARD S-ratio: 10000.00 59351-60919 orient(-) score(4707.00) noncoding_equivalent(0.47) raw_noncoding(0.00) offset(0.00) 
60919	59351	single-	4	6	{Augustus_model.g1994.t1;Augustus},{GlimmerHMM_glimmerT_2220-T1;GlimmerHMM}

# EVM prediction: Mode:STANDARD S-ratio: 10000.00 61473-62615 orient(+) score(3429.00) noncoding_equivalent(0.34) raw_noncoding(0.00) offset(0.00) 
61473	62615	single+	1	3	{GlimmerHMM_glimmerT_2221-T1;GlimmerHMM},{Augustus_model.g1995.t1;Augustus}

# EVM prediction: Mode:STANDARD S-ratio: 149.98 62919-65438 orient(-) score(7509.00) noncoding_equivalent(50.07) raw_noncoding(50.07) offset(0.00) 
65438	62919	single-	4	6	{GlimmerHMM_glimmerT_2222-T1;GlimmerHMM},{Augustus_model.g1996.t1;Augustus}

# EVM prediction: Mode:STANDARD S-ratio: 65.55 65992-67989 orient(+) score(7866.00) noncoding_equivalent(120.00) raw_noncoding(120.00) offset(0.00) 
65992	67989	single+	1	3	{Augustus_model.g1997.t1;Augustus},{GlimmerHMM_glimmerT_2223-T1;GlimmerHMM}

# EVM prediction: Mode:STANDARD S-ratio: 29.74 68459-69944 orient(+) score(5829.00) noncoding_equivalent(196.00) raw_noncoding(276.00) offset(80.00) 
68459	68488	initial+	1	3	{Augustus_model.g1998.t1;Augustus}
68489	68573	INTRON			{GlimmerHMM_glimmerT_2224-T1;GlimmerHMM},{Augustus_model.g1998.t1;Augustus},{ev_type:exonerate/ID=match.111469.2499/Target=YMR033W;exonerate}
68574	69944	terminal+	1	3	{GlimmerHMM_glimmerT_2224-T1;GlimmerHMM},{snap_scaffold_5-snap.141-T1;snap},{Augustus_model.g1998.t1;Augustus}

# EVM prediction: Mode:STANDARD S-ratio: 4.87 70100-71404 orient(-) score(6495.00) noncoding_equivalent(1333.20) raw_noncoding(1333.20) offset(0.00) 
71404	70100	single-	4	6	{GlimmerHMM_glimmerT_2225-T1;GlimmerHMM},{HiQ_model.g1999.t1;HiQ}

# EVM prediction: Mode:STANDARD S-ratio: 28.21 72528-74192 orient(-) score(4824.00) noncoding_equivalent(171.00) raw_noncoding(171.00) offset(0.00) 
74192	72528	single-	4	6	{GlimmerHMM_glimmerT_2227-T1;GlimmerHMM}

# EVM prediction: Mode:STANDARD S-ratio: 26.15 75083-77143 orient(-) score(5955.00) noncoding_equivalent(227.75) raw_noncoding(227.75) offset(0.00) 
77143	75083	single-	4	6	{GlimmerHMM_glimmerT_2228-T1;GlimmerHMM}

# EVM prediction: Mode:STANDARD S-ratio: 4.49 78166-78915 orient(-) score(3681.00) noncoding_equivalent(819.00) raw_noncoding(819.00) offset(0.00) 
78915	78166	single-	4	6	{GlimmerHMM_glimmerT_2229-T1;GlimmerHMM},{HiQ_model.g2002.t1;HiQ}

# EVM prediction: Mode:STANDARD S-ratio: 97.69 79296-80219 orient(-) score(2742.00) noncoding_equivalent(28.07) raw_noncoding(28.07) offset(0.00) 
80219	79296	single-	4	6	{Augustus_model.g2003.t1;Augustus},{GlimmerHMM_glimmerT_2230-T1;GlimmerHMM}

# EVM prediction: Mode:STANDARD S-ratio: 1.68 81058-81537 orient(+) score(804.00) noncoding_equivalent(480.00) raw_noncoding(636.00) offset(156.00) 
81058	81061	initial+	1	1	{snap_scaffold_5-snap.147-T1;snap}
81062	81217	INTRON			{snap_scaffold_5-snap.147-T1;snap}
81218	81537	terminal+	2	3	{snap_scaffold_5-snap.147-T1;snap}

# EVM prediction: Mode:STANDARD S-ratio: 4.83 81606-82661 orient(-) score(5203.00) noncoding_equivalent(1077.38) raw_noncoding(1077.38) offset(0.00) 
82661	81606	single-	4	6	{GlimmerHMM_glimmerT_2232-T1;GlimmerHMM},{HiQ_model.g2004.t1;HiQ}

# EVM prediction: Mode:STANDARD S-ratio: 60.00 83245-83793 orient(+) score(1620.00) noncoding_equivalent(27.00) raw_noncoding(27.00) offset(0.00) 
83245	83793	single+	1	3	{GlimmerHMM_glimmerT_2233-T1;GlimmerHMM},{Augustus_model.g2005.t1;Augustus}

# EVM prediction: Mode:STANDARD S-ratio: 10000.00 84535-85383 orient(+) score(2547.00) noncoding_equivalent(0.25) raw_noncoding(0.00) offset(0.00) 
84535	85383	single+	1	3	{Augustus_model.g2006.t1;Augustus},{GlimmerHMM_glimmerT_2234-T1;GlimmerHMM}

# EVM prediction: Mode:STANDARD S-ratio: 355.25 86025-87449 orient(+) score(4263.00) noncoding_equivalent(12.00) raw_noncoding(12.00) offset(0.00) 
86025	87449	single+	1	3	{Augustus_model.g2007.t1;Augustus},{GlimmerHMM_glimmerT_2235-T1;GlimmerHMM}

# EVM prediction: Mode:STANDARD S-ratio: 276.92 88196-91531 orient(-) score(9969.00) noncoding_equivalent(36.00) raw_noncoding(36.00) offset(0.00) 
91531	88196	single-	4	6	{Augustus_model.g2008.t1;Augustus},{GlimmerHMM_glimmerT_2236-T1;GlimmerHMM}

# EVM prediction: Mode:STANDARD S-ratio: 10000.00 91828-92799 orient(+) score(2916.00) noncoding_equivalent(0.29) raw_noncoding(0.00) offset(0.00) 
91828	92799	single+	1	3	{Augustus_model.g2009.t1;Augustus},{GlimmerHMM_glimmerT_2237-T1;GlimmerHMM}

# EVM prediction: Mode:STANDARD S-ratio: 4.98 92951-95362 orient(-) score(12051.00) noncoding_equivalent(2419.02) raw_noncoding(2419.02) offset(0.00) 
95362	92951	single-	4	6	{GlimmerHMM_glimmerT_2238-T1;GlimmerHMM},{HiQ_model.g2010.t1;HiQ}

# EVM prediction: Mode:STANDARD S-ratio: 1.78 96373-97083 orient(+) score(1269.00) noncoding_equivalent(711.00) raw_noncoding(864.00) offset(153.00) 
96373	96550	initial+	1	1	{Augustus_model.g2011.t1;Augustus}
96551	96703	INTRON			{Augustus_model.g2011.t1;Augustus}
96704	97083	terminal+	2	3	{Augustus_model.g2011.t1;Augustus}

# EVM prediction: Mode:STANDARD S-ratio: 6.92 98729-99921 orient(+) score(2942.00) noncoding_equivalent(425.06) raw_noncoding(848.39) offset(423.33) 
98729	98737	initial+	1	3	{snap_scaffold_5-snap.155-T1;snap}
98738	98949	INTRON			{snap_scaffold_5-snap.155-T1;snap}
98950	99921	terminal+	1	3	{snap_scaffold_5-snap.155-T1;snap}

