!! Predictions spanning range 1090 - 97756 [R1]
# EVM prediction: Mode:STANDARD S-ratio: 4.64 1090-2549 orient(-) score(7300.00) noncoding_equivalent(1574.00) raw_noncoding(1692.00) offset(118.00) 
2408	1090	terminal-	5	6	{snap_scaffold_2-snap.38-T1;snap},{GlimmerHMM_glimmerT_533-T1;GlimmerHMM},{HiQ_model.g496.t1;HiQ}
2524	2409	INTRON			{snap_scaffold_2-snap.38-T1;snap},{GlimmerHMM_glimmerT_533-T1;GlimmerHMM},{HiQ_model.g496.t1;HiQ},{ev_type:exonerate/ID=match.147026.3403/Target=YML085C;exonerate}
2549	2525	initial-	4	4	{snap_scaffold_2-snap.38-T1;snap},{GlimmerHMM_glimmerT_533-T1;GlimmerHMM},{HiQ_model.g496.t1;HiQ}

# EVM prediction: Mode:STANDARD S-ratio: 4.66 2943-4199 orient(-) score(6210.00) noncoding_equivalent(1332.81) raw_noncoding(1332.81) offset(0.00) 
4199	2943	single-	4	6	{GlimmerHMM_glimmerT_534-T1;GlimmerHMM},{HiQ_model.g497.t1;HiQ}

# EVM prediction: Mode:STANDARD S-ratio: 576.89 5011-6960 orient(+) score(7788.00) noncoding_equivalent(13.50) raw_noncoding(13.50) offset(0.00) 
5011	6960	single+	1	3	{Augustus_model.g498.t1;Augustus},{GlimmerHMM_glimmerT_535-T1;GlimmerHMM}

# EVM prediction: Mode:STANDARD S-ratio: 989.03 7926-11681 orient(+) score(15009.00) noncoding_equivalent(15.18) raw_noncoding(15.18) offset(0.00) 
7926	11681	single+	1	3	{GlimmerHMM_glimmerT_536-T1;GlimmerHMM},{Augustus_model.g499.t1;Augustus}

# EVM prediction: Mode:STANDARD S-ratio: 129.46 11957-13228 orient(+) score(5049.00) noncoding_equivalent(39.00) raw_noncoding(39.00) offset(0.00) 
11957	13228	single+	1	3	{GlimmerHMM_glimmerT_537-T1;GlimmerHMM}

# EVM prediction: Mode:STANDARD S-ratio: 122.06 13398-14003 orient(+) score(2405.00) noncoding_equivalent(19.70) raw_noncoding(19.70) offset(0.00) 
13398	14003	single+	1	3	{GlimmerHMM_glimmerT_538-T1;GlimmerHMM},{Augustus_model.g501.t1;Augustus}

# EVM prediction: Mode:STANDARD S-ratio: 195.15 14163-14711 orient(+) score(2185.00) noncoding_equivalent(11.20) raw_noncoding(11.20) offset(0.00) 
14163	14711	single+	1	3	{Augustus_model.g502.t1;Augustus},{GlimmerHMM_glimmerT_539-T1;GlimmerHMM}

# EVM prediction: Mode:STANDARD S-ratio: 2.76 15024-15503 orient(+) score(1408.00) noncoding_equivalent(510.82) raw_noncoding(510.82) offset(0.00) 
15024	15503	single+	1	3	{GlimmerHMM_glimmerT_540-T1;GlimmerHMM}

# EVM prediction: Mode:STANDARD S-ratio: 4.93 15672-18506 orient(-) score(14142.00) noncoding_equivalent(2868.00) raw_noncoding(2868.00) offset(0.00) 
18506	15672	single-	4	6	{GlimmerHMM_glimmerT_541-T1;GlimmerHMM},{HiQ_model.g503.t1;HiQ}

# EVM prediction: Mode:STANDARD S-ratio: 4.95 18893-22057 orient(-) score(15801.00) noncoding_equivalent(3189.00) raw_noncoding(3189.00) offset(0.00) 
22057	18893	single-	4	6	{HiQ_model.g504.t1;HiQ},{GlimmerHMM_glimmerT_542-T1;GlimmerHMM}

# EVM prediction: Mode:STANDARD S-ratio: 271.90 23248-24483 orient(-) score(4926.00) noncoding_equivalent(18.12) raw_noncoding(18.12) offset(0.00) 
24483	23248	single-	4	6	{Augustus_model.g505.t1;Augustus},{GlimmerHMM_glimmerT_543-T1;GlimmerHMM}

# EVM prediction: Mode:STANDARD S-ratio: 4.13 26386-27331 orient(-) score(3446.00) noncoding_equivalent(835.04) raw_noncoding(1254.00) offset(418.96) 
26901	26386	terminal-	4	6	{snap_scaffold_2-snap.47-T1;snap},{GlimmerHMM_glimmerT_544-T1;GlimmerHMM}
27316	26902	INTRON			{snap_scaffold_2-snap.47-T1;snap},{GlimmerHMM_glimmerT_544-T1;GlimmerHMM}
27331	27317	initial-	4	6	{snap_scaffold_2-snap.47-T1;snap},{GlimmerHMM_glimmerT_544-T1;GlimmerHMM}

# EVM prediction: Mode:STANDARD S-ratio: 2254.55 27889-32526 orient(-) score(18544.00) noncoding_equivalent(8.23) raw_noncoding(8.23) offset(0.00) 
32526	27889	single-	4	6	{GlimmerHMM_glimmerT_545-T1;GlimmerHMM}

# EVM prediction: Mode:STANDARD S-ratio: 4.38 32908-34731 orient(-) score(8910.00) noncoding_equivalent(2034.00) raw_noncoding(2034.00) offset(0.00) 
34731	32908	single-	4	6	{HiQ_model.g507.t1;HiQ},{GlimmerHMM_glimmerT_546-T1;GlimmerHMM}

# EVM prediction: Mode:STANDARD S-ratio: 1640.84 36634-38388 orient(+) score(7016.00) noncoding_equivalent(4.28) raw_noncoding(4.28) offset(0.00) 
36634	38388	single+	1	3	{GlimmerHMM_glimmerT_547-T1;GlimmerHMM},{Augustus_model.g508.t1;Augustus}

# EVM prediction: Mode:STANDARD S-ratio: 732.11 38661-40319 orient(+) score(6627.00) noncoding_equivalent(9.05) raw_noncoding(9.05) offset(0.00) 
38661	40319	single+	1	3	{Augustus_model.g509.t1;Augustus},{GlimmerHMM_glimmerT_548-T1;GlimmerHMM}

# EVM prediction: Mode:STANDARD S-ratio: 10000.00 40711-42105 orient(+) score(5580.00) noncoding_equivalent(0.56) raw_noncoding(0.00) offset(0.00) 
40711	42105	single+	1	3	{Augustus_model.g510.t1;Augustus},{GlimmerHMM_glimmerT_549-T1;GlimmerHMM}

# EVM prediction: Mode:STANDARD S-ratio: 16.88 42224-43375 orient(-) score(4608.00) noncoding_equivalent(273.00) raw_noncoding(279.00) offset(6.00) 
43251	42224	terminal-	5	6	{GlimmerHMM_glimmerT_550-T1;GlimmerHMM},{Augustus_model.g511.t1;Augustus},{snap_scaffold_2-snap.52-T1;snap}
43344	43252	INTRON			{GlimmerHMM_glimmerT_550-T1;GlimmerHMM},{Augustus_model.g511.t1;Augustus},{snap_scaffold_2-snap.52-T1;snap},{ev_type:exonerate/ID=match.147026.612/Target=YML067C;exonerate}
43375	43345	initial-	4	4	{GlimmerHMM_glimmerT_550-T1;GlimmerHMM},{snap_scaffold_2-snap.52-T1;snap}

# EVM prediction: Mode:STANDARD S-ratio: 23.53 43585-44694 orient(-) score(4259.00) noncoding_equivalent(181.04) raw_noncoding(181.04) offset(0.00) 
44694	43585	single-	4	6	{GlimmerHMM_glimmerT_551-T1;GlimmerHMM}

# EVM prediction: Mode:STANDARD S-ratio: 146.20 45370-48129 orient(+) score(10965.00) noncoding_equivalent(75.00) raw_noncoding(75.00) offset(0.00) 
45370	48129	single+	1	3	{GlimmerHMM_glimmerT_552-T1;GlimmerHMM},{Augustus_model.g512.t1;Augustus}

# EVM prediction: Mode:STANDARD S-ratio: 4.61 48314-49051 orient(-) score(3639.00) noncoding_equivalent(789.00) raw_noncoding(789.00) offset(0.00) 
49051	48314	single-	4	6	{GlimmerHMM_glimmerT_553-T1;GlimmerHMM},{HiQ_model.g513.t1;HiQ}

# EVM prediction: Mode:STANDARD S-ratio: 4.00 49650-50417 orient(+) score(3072.00) noncoding_equivalent(768.00) raw_noncoding(768.00) offset(0.00) 
49650	50417	single+	1	3	{GlimmerHMM_glimmerT_554-T1;GlimmerHMM},{Augustus_model.g514.t1;Augustus}

# EVM prediction: Mode:STANDARD S-ratio: 4.95 50673-51851 orient(-) score(5886.00) noncoding_equivalent(1188.09) raw_noncoding(1188.09) offset(0.00) 
51851	50673	single-	4	6	{GlimmerHMM_glimmerT_555-T1;GlimmerHMM},{HiQ_model.g515.t1;HiQ}

# EVM prediction: Mode:STANDARD S-ratio: 4.65 52122-54701 orient(-) score(12738.00) noncoding_equivalent(2742.00) raw_noncoding(2742.00) offset(0.00) 
54701	52122	single-	4	6	{HiQ_model.g516.t1;HiQ}

# EVM prediction: Mode:STANDARD S-ratio: 34.07 55040-56170 orient(+) score(4395.00) noncoding_equivalent(129.00) raw_noncoding(129.00) offset(0.00) 
55040	56170	single+	1	3	{GlimmerHMM_glimmerT_557-T1;GlimmerHMM},{Augustus_model.g517.t1;Augustus}

# EVM prediction: Mode:STANDARD S-ratio: 4.50 56388-61418 orient(-) score(24693.00) noncoding_equivalent(5493.00) raw_noncoding(5493.00) offset(0.00) 
61418	56388	single-	4	6	{HiQ_model.g518.t1;HiQ}

# EVM prediction: Mode:STANDARD S-ratio: 3.17 61927-62863 orient(+) score(2846.00) noncoding_equivalent(898.00) raw_noncoding(1317.00) offset(419.00) 
61927	62113	initial+	1	1	{snap_scaffold_2-snap.60-T1;snap},{Augustus_model.g519.t1;Augustus}
62114	62564	INTRON			{snap_scaffold_2-snap.60-T1;snap},{Augustus_model.g519.t1;Augustus}
62565	62863	terminal+	2	3	{snap_scaffold_2-snap.60-T1;snap},{Augustus_model.g519.t1;Augustus}

# EVM prediction: Mode:STANDARD S-ratio: 147.30 63346-65160 orient(+) score(5409.00) noncoding_equivalent(36.72) raw_noncoding(36.72) offset(0.00) 
63346	65160	single+	1	3	{GlimmerHMM_glimmerT_561-T1;GlimmerHMM},{Augustus_model.g520.t1;Augustus}

# EVM prediction: Mode:STANDARD S-ratio: 8.03 65360-67341 orient(-) score(13415.00) noncoding_equivalent(1671.00) raw_noncoding(2850.00) offset(1179.00) 
66474	65360	terminal-	5	6	{HiQ_model.g521.t1;HiQ}
66881	66475	INTRON			{HiQ_model.g521.t1;HiQ},{ev_type:exonerate/ID=match.147026.837/Target=YHR216W;exonerate},{ev_type:exonerate/ID=match.147026.207/Target=YML056C;exonerate},{ev_type:exonerate/ID=match.147026.2000/Target=YLR432W;exonerate}
67341	66882	initial-	4	4	{HiQ_model.g521.t1;HiQ},{snap_scaffold_2-snap.62-T1;snap}

# EVM prediction: Mode:STANDARD S-ratio: 10000.00 67959-68495 orient(+) score(2148.00) noncoding_equivalent(0.21) raw_noncoding(0.00) offset(0.00) 
67959	68495	single+	1	3	{Augustus_model.g522.t1;Augustus},{GlimmerHMM_glimmerT_564-T1;GlimmerHMM}

# EVM prediction: Mode:STANDARD S-ratio: 4.67 68700-70475 orient(-) score(8778.00) noncoding_equivalent(1878.00) raw_noncoding(1878.00) offset(0.00) 
70475	68700	single-	4	6	{HiQ_model.g523.t1;HiQ},{GlimmerHMM_glimmerT_565-T1;GlimmerHMM}

# EVM prediction: Mode:STANDARD S-ratio: 1.90 72282-72920 orient(-) score(1674.00) noncoding_equivalent(882.00) raw_noncoding(882.00) offset(0.00) 
72920	72282	single-	4	6	{GlimmerHMM_glimmerT_566-T1;GlimmerHMM}

# EVM prediction: Mode:STANDARD S-ratio: 60.32 73568-74476 orient(+) score(3577.00) noncoding_equivalent(59.30) raw_noncoding(59.30) offset(0.00) 
73568	74476	single+	1	3	{GlimmerHMM_glimmerT_567-T1;GlimmerHMM}

# EVM prediction: Mode:STANDARD S-ratio: 39.77 74760-76067 orient(+) score(5102.00) noncoding_equivalent(128.28) raw_noncoding(128.28) offset(0.00) 
74760	76067	single+	1	3	{GlimmerHMM_glimmerT_568-T1;GlimmerHMM}

# EVM prediction: Mode:STANDARD S-ratio: 127.30 76305-77240 orient(+) score(3716.00) noncoding_equivalent(29.19) raw_noncoding(29.19) offset(0.00) 
76305	77240	single+	1	3	{Augustus_model.g525.t1;Augustus},{GlimmerHMM_glimmerT_569-T1;GlimmerHMM}

# EVM prediction: Mode:STANDARD S-ratio: 4.64 77386-81456 orient(-) score(20097.00) noncoding_equivalent(4329.84) raw_noncoding(4329.84) offset(0.00) 
81456	77386	single-	4	6	{HiQ_model.g526.t1;HiQ}

# EVM prediction: Mode:STANDARD S-ratio: 403.00 81578-82789 orient(+) score(4836.00) noncoding_equivalent(12.00) raw_noncoding(12.00) offset(0.00) 
81578	82789	single+	1	3	{Augustus_model.g527.t1;Augustus},{GlimmerHMM_glimmerT_571-T1;GlimmerHMM}

# EVM prediction: Mode:STANDARD S-ratio: 4.69 83169-84227 orient(-) score(5238.00) noncoding_equivalent(1116.30) raw_noncoding(1116.30) offset(0.00) 
84227	83169	single-	4	6	{HiQ_model.g528.t1;HiQ},{GlimmerHMM_glimmerT_572-T1;GlimmerHMM}

# EVM prediction: Mode:STANDARD S-ratio: 935.46 84626-86515 orient(+) score(7552.00) noncoding_equivalent(8.07) raw_noncoding(8.07) offset(0.00) 
84626	86515	single+	1	3	{GlimmerHMM_glimmerT_573-T1;GlimmerHMM},{Augustus_model.g529.t1;Augustus}

# EVM prediction: Mode:STANDARD S-ratio: 4.97 87476-88999 orient(-) score(7612.00) noncoding_equivalent(1532.10) raw_noncoding(1532.10) offset(0.00) 
88999	87476	single-	4	6	{HiQ_model.g530.t1;HiQ},{GlimmerHMM_glimmerT_574-T1;GlimmerHMM}

# EVM prediction: Mode:STANDARD S-ratio: 1098.42 90096-92042 orient(+) score(7781.00) noncoding_equivalent(7.08) raw_noncoding(7.08) offset(0.00) 
90096	92042	single+	1	3	{Augustus_model.g531.t1;Augustus},{GlimmerHMM_glimmerT_575-T1;GlimmerHMM}

# EVM prediction: Mode:STANDARD S-ratio: 2.04 92155-92997 orient(-) score(3372.00) noncoding_equivalent(1650.57) raw_noncoding(1650.57) offset(0.00) 
92997	92155	single-	4	6	{HiQ_model.g532.t1;HiQ},{GlimmerHMM_glimmerT_576-T1;GlimmerHMM}

# EVM prediction: Mode:STANDARD S-ratio: 4.56 94238-95566 orient(-) score(6540.00) noncoding_equivalent(1434.23) raw_noncoding(1434.23) offset(0.00) 
95566	94238	single-	4	6	{GlimmerHMM_glimmerT_577-T1;GlimmerHMM},{HiQ_model.g533.t1;HiQ}

# EVM prediction: Mode:STANDARD S-ratio: 5.00 95849-96871 orient(-) score(5115.00) noncoding_equivalent(1023.00) raw_noncoding(1023.00) offset(0.00) 
96871	95849	single-	4	6	{HiQ_model.g534.t1;HiQ},{GlimmerHMM_glimmerT_578-T1;GlimmerHMM}

# EVM prediction: Mode:STANDARD S-ratio: 2.64 97105-97756 orient(+) score(1956.00) noncoding_equivalent(740.21) raw_noncoding(848.21) offset(108.00) 
97105	97560	initial+	1	3	{GlimmerHMM_glimmerT_579-T1;GlimmerHMM},{Augustus_model.g535.t1;Augustus}
97561	97666	INTRON			{GlimmerHMM_glimmerT_579-T1;GlimmerHMM},{Augustus_model.g535.t1;Augustus},{ev_type:exonerate/ID=match.147026.4444/Target=YML036W;exonerate}
97667	97756	terminal+	1	3	{GlimmerHMM_glimmerT_579-T1;GlimmerHMM},{Augustus_model.g535.t1;Augustus}

