# EVM prediction: Mode:STANDARD S-ratio: 153.12 2627-3859 orient(-) score(3675.00) noncoding_equivalent(24.00) raw_noncoding(24.00) offset(0.00)
3859	2627	single-	4	6	{Augustus_model.g3016.t1;Augustus}

# EVM prediction: Mode:STANDARD S-ratio: 3.68 6517-6915 orient(+) score(1255.00) noncoding_equivalent(341.00) raw_noncoding(341.00) offset(0.00)
6517	6915	single+	1	3	{GlimmerHMM_glimmerT_3249-T1;GlimmerHMM}

# EVM prediction: Mode:STANDARD S-ratio: 10000.00 6968-7540 orient(+) score(2292.00) noncoding_equivalent(0.23) raw_noncoding(0.00) offset(0.00)
6968	7540	single+	1	3	{GlimmerHMM_glimmerT_3250-T1;GlimmerHMM}

# EVM prediction: Mode:STANDARD S-ratio: 4.88 7940-8830 orient(-) score(4425.00) noncoding_equivalent(906.00) raw_noncoding(906.00) offset(0.00)
8830	7940	single-	4	6	{HiQ_model.g3018.t1;HiQ}

# EVM prediction: Mode:STANDARD S-ratio: 2.00 9538-10719 orient(-) score(4728.00) noncoding_equivalent(2362.00) raw_noncoding(2362.00) offset(0.00)
10719	9538	single-	4	6	{GlimmerHMM_glimmerT_3252-T1;GlimmerHMM},{HiQ_model.g3019.t1;HiQ}

# EVM prediction: Mode:STANDARD S-ratio: 391.75 11764-13344 orient(+) score(6306.00) noncoding_equivalent(16.10) raw_noncoding(16.10) offset(0.00)
11764	13344	single+	1	3	{GlimmerHMM_glimmerT_3253-T1;GlimmerHMM},{Augustus_model.g3020.t1;Augustus}

# EVM prediction: Mode:STANDARD S-ratio: 4.93 13645-15513 orient(-) score(9322.00) noncoding_equivalent(1890.08) raw_noncoding(1890.08) offset(0.00)
15513	13645	single-	4	6	{HiQ_model.g3021.t1;HiQ},{GlimmerHMM_glimmerT_3254-T1;GlimmerHMM}

# EVM prediction: Mode:STANDARD S-ratio: 21.89 16407-18878 orient(-) score(7092.00) noncoding_equivalent(324.00) raw_noncoding(324.00) offset(0.00)
18878	16407	single-	4	6	{GlimmerHMM_glimmerT_3255-T1;GlimmerHMM}

# EVM prediction: Mode:STANDARD S-ratio: 4.87 19540-21930 orient(-) score(11900.00) noncoding_equivalent(2444.48) raw_noncoding(2444.48) offset(0.00)
21930	19540	single-	4	6	{GlimmerHMM_glimmerT_3256-T1;GlimmerHMM},{HiQ_model.g3023.t1;HiQ}

# EVM prediction: Mode:STANDARD S-ratio: 8.07 22719-23773 orient(+) score(4424.00) noncoding_equivalent(548.06) raw_noncoding(820.29) offset(272.23)
22719	22732	initial+	1	2	{Augustus_model.g3024.t1;Augustus},{GlimmerHMM_glimmerT_3257-T1;GlimmerHMM}
22733	23001	INTRON			{Augustus_model.g3024.t1;Augustus},{GlimmerHMM_glimmerT_3257-T1;GlimmerHMM}
23002	23773	terminal+	3	3	{Augustus_model.g3024.t1;Augustus},{snap_scaffold_9-snap.8-T1;snap},{GlimmerHMM_glimmerT_3257-T1;GlimmerHMM}

# EVM prediction: Mode:STANDARD S-ratio: 4.86 24053-25891 orient(-) score(9124.00) noncoding_equivalent(1878.09) raw_noncoding(1878.09) offset(0.00)
25891	24053	single-	4	6	{HiQ_model.g3025.t1;HiQ}

# EVM prediction: Mode:STANDARD S-ratio: 10000.00 27107-28300 orient(+) score(4776.00) noncoding_equivalent(0.48) raw_noncoding(0.00) offset(0.00)
27107	28300	single+	1	3	{GlimmerHMM_glimmerT_3259-T1;GlimmerHMM},{Augustus_model.g3026.t1;Augustus}

# EVM prediction: Mode:STANDARD S-ratio: 5.00 28365-29171 orient(-) score(4035.00) noncoding_equivalent(807.00) raw_noncoding(807.00) offset(0.00)
29171	28365	single-	4	6	{HiQ_model.g3027.t1;HiQ},{GlimmerHMM_glimmerT_3260-T1;GlimmerHMM}

# EVM prediction: Mode:STANDARD S-ratio: 40.47 29823-30755 orient(+) score(3642.00) noncoding_equivalent(90.00) raw_noncoding(90.00) offset(0.00)
29823	30755	single+	1	3	{Augustus_model.g3028.t1;Augustus},{GlimmerHMM_glimmerT_3261-T1;GlimmerHMM}

# EVM prediction: Mode:STANDARD S-ratio: 27.42 30964-31929 orient(+) score(3727.00) noncoding_equivalent(135.91) raw_noncoding(135.91) offset(0.00)
30964	31929	single+	1	3	{GlimmerHMM_glimmerT_3262-T1;GlimmerHMM}

# EVM prediction: Mode:STANDARD S-ratio: 4.76 32057-34348 orient(-) score(11364.00) noncoding_equivalent(2388.00) raw_noncoding(2388.00) offset(0.00)
34348	32057	single-	4	6	{HiQ_model.g3030.t1;HiQ},{GlimmerHMM_glimmerT_3263-T1;GlimmerHMM}

# EVM prediction: Mode:STANDARD S-ratio: 4.32 34586-36313 orient(-) score(8418.00) noncoding_equivalent(1950.00) raw_noncoding(1950.00) offset(0.00)
36313	34586	single-	4	6	{HiQ_model.g3031.t1;HiQ},{GlimmerHMM_glimmerT_3264-T1;GlimmerHMM}

# EVM prediction: Mode:STANDARD S-ratio: 4.21 36532-37497 orient(-) score(4683.00) noncoding_equivalent(1113.00) raw_noncoding(1113.00) offset(0.00)
37497	36532	single-	4	6	{GlimmerHMM_glimmerT_3265-T1;GlimmerHMM},{HiQ_model.g3032.t1;HiQ}

# EVM prediction: Mode:STANDARD S-ratio: 10.15 37848-39587 orient(-) score(6335.00) noncoding_equivalent(624.40) raw_noncoding(624.40) offset(0.00)
39587	37848	single-	4	6	{GlimmerHMM_glimmerT_3266-T1;GlimmerHMM}

# EVM prediction: Mode:STANDARD S-ratio: 10000.00 40007-40531 orient(+) score(2100.00) noncoding_equivalent(0.21) raw_noncoding(0.00) offset(0.00)
40007	40531	single+	1	3	{Augustus_model.g3034.t1;Augustus},{GlimmerHMM_glimmerT_3267-T1;GlimmerHMM}

# EVM prediction: Mode:STANDARD S-ratio: 4.99 40581-41417 orient(-) score(4176.00) noncoding_equivalent(837.00) raw_noncoding(837.00) offset(0.00)
41417	40581	single-	4	6	{GlimmerHMM_glimmerT_3268-T1;GlimmerHMM},{HiQ_model.g3035.t1;HiQ}

# EVM prediction: Mode:STANDARD S-ratio: 10000.00 41612-42013 orient(+) score(1608.00) noncoding_equivalent(0.16) raw_noncoding(0.00) offset(0.00)
41612	42013	single+	1	3	{GlimmerHMM_glimmerT_3269-T1;GlimmerHMM},{Augustus_model.g3036.t1;Augustus}

# EVM prediction: Mode:STANDARD S-ratio: 5.00 42064-43398 orient(-) score(6675.00) noncoding_equivalent(1335.00) raw_noncoding(1335.00) offset(0.00)
43398	42064	single-	4	6	{HiQ_model.g3037.t1;HiQ},{GlimmerHMM_glimmerT_3270-T1;GlimmerHMM}

# EVM prediction: Mode:STANDARD S-ratio: 2.00 43643-44215 orient(-) score(2292.00) noncoding_equivalent(1146.00) raw_noncoding(1146.00) offset(0.00)
44215	43643	single-	4	6	{HiQ_model.g3038.t1;HiQ},{GlimmerHMM_glimmerT_3271-T1;GlimmerHMM}

# EVM prediction: Mode:STANDARD S-ratio: 58.61 44406-46238 orient(+) score(7209.00) noncoding_equivalent(123.00) raw_noncoding(123.00) offset(0.00)
44406	46238	single+	1	3	{GlimmerHMM_glimmerT_3272-T1;GlimmerHMM},{Augustus_model.g3039.t1;Augustus}

# EVM prediction: Mode:STANDARD S-ratio: 2.00 46324-47253 orient(-) score(3720.00) noncoding_equivalent(1860.00) raw_noncoding(1860.00) offset(0.00)
47253	46324	single-	4	6	{HiQ_model.g3040.t1;HiQ},{GlimmerHMM_glimmerT_3273-T1;GlimmerHMM}

# EVM prediction: Mode:STANDARD S-ratio: 10000.00 47571-52244 orient(+) score(18696.00) noncoding_equivalent(1.87) raw_noncoding(0.00) offset(0.00)
47571	52244	single+	1	3	{GlimmerHMM_glimmerT_3274-T1;GlimmerHMM},{Augustus_model.g3041.t1;Augustus}

# EVM prediction: Mode:STANDARD S-ratio: 5.34 52892-53611 orient(+) score(2418.00) noncoding_equivalent(453.00) raw_noncoding(453.00) offset(0.00)
52892	53611	single+	1	3	{GlimmerHMM_glimmerT_3275-T1;GlimmerHMM},{Augustus_model.g3042.t1;Augustus}

# EVM prediction: Mode:STANDARD S-ratio: 5.00 53772-55487 orient(-) score(8580.00) noncoding_equivalent(1716.00) raw_noncoding(1716.00) offset(0.00)
55487	53772	single-	4	6	{HiQ_model.g3043.t1;HiQ},{GlimmerHMM_glimmerT_3276-T1;GlimmerHMM}

# EVM prediction: Mode:STANDARD S-ratio: 5.51 55800-57269 orient(-) score(8709.00) noncoding_equivalent(1579.80) raw_noncoding(1579.80) offset(0.00)
57269	55800	single-	4	6	{GlimmerHMM_glimmerT_3277-T1;GlimmerHMM},{HiQ_model.g3044.t1;HiQ}

# EVM prediction: Mode:STANDARD S-ratio: 5.00 57653-60010 orient(-) score(11781.00) noncoding_equivalent(2358.00) raw_noncoding(2358.00) offset(0.00)
60010	57653	single-	4	6	{GlimmerHMM_glimmerT_3278-T1;GlimmerHMM},{HiQ_model.g3045.t1;HiQ}

# EVM prediction: Mode:STANDARD S-ratio: 3.40 60315-61001 orient(-) score(3186.00) noncoding_equivalent(936.00) raw_noncoding(936.00) offset(0.00)
61001	60315	single-	4	6	{HiQ_model.g3046.t1;HiQ},{GlimmerHMM_glimmerT_3279-T1;GlimmerHMM}

# EVM prediction: Mode:STANDARD S-ratio: 3.49 62541-63032 orient(-) score(2295.00) noncoding_equivalent(657.00) raw_noncoding(657.00) offset(0.00)
63032	62541	single-	4	6	{HiQ_model.g3047.t1;HiQ},{GlimmerHMM_glimmerT_3280-T1;GlimmerHMM}

# EVM prediction: Mode:STANDARD S-ratio: 6.00 64524-65726 orient(-) score(7212.00) noncoding_equivalent(1203.00) raw_noncoding(1203.00) offset(0.00)
65726	64524	single-	4	6	{GlimmerHMM_glimmerT_3281-T1;GlimmerHMM},{HiQ_model.g3048.t1;HiQ}

# EVM prediction: Mode:STANDARD S-ratio: 4.62 66696-68927 orient(-) score(11010.00) noncoding_equivalent(2382.00) raw_noncoding(2382.00) offset(0.00)
68927	66696	single-	4	6	{HiQ_model.g3049.t1;HiQ},{GlimmerHMM_glimmerT_3282-T1;GlimmerHMM}

# EVM prediction: Mode:STANDARD S-ratio: 4.80 70275-71633 orient(-) score(6747.00) noncoding_equivalent(1407.00) raw_noncoding(1407.00) offset(0.00)
71633	70275	single-	4	6	{GlimmerHMM_glimmerT_3283-T1;GlimmerHMM},{HiQ_model.g3050.t1;HiQ}

# EVM prediction: Mode:STANDARD S-ratio: 4.53 72701-73999 orient(-) score(6384.00) noncoding_equivalent(1410.00) raw_noncoding(1410.00) offset(0.00)
73999	72701	single-	4	6	{HiQ_model.g3051.t1;HiQ},{GlimmerHMM_glimmerT_3284-T1;GlimmerHMM}

# EVM prediction: Mode:STANDARD S-ratio: 2.00 74775-75344 orient(-) score(2280.00) noncoding_equivalent(1140.00) raw_noncoding(1140.00) offset(0.00)
75344	74775	single-	4	6	{GlimmerHMM_glimmerT_3285-T1;GlimmerHMM},{HiQ_model.g3052.t1;HiQ}

# EVM prediction: Mode:STANDARD S-ratio: 5.61 75576-76889 orient(-) score(7806.00) noncoding_equivalent(1392.00) raw_noncoding(1392.00) offset(0.00)
76889	75576	single-	4	6	{HiQ_model.g3053.t1;HiQ},{GlimmerHMM_glimmerT_3286-T1;GlimmerHMM}

# EVM prediction: Mode:STANDARD S-ratio: 4.66 77410-79881 orient(-) score(12210.00) noncoding_equivalent(2622.00) raw_noncoding(2622.00) offset(0.00)
79881	77410	single-	4	6	{GlimmerHMM_glimmerT_3287-T1;GlimmerHMM},{HiQ_model.g3054.t1;HiQ}

# EVM prediction: Mode:STANDARD S-ratio: 5.00 80612-82504 orient(-) score(9465.00) noncoding_equivalent(1893.00) raw_noncoding(1893.00) offset(0.00)
82504	80612	single-	4	6	{GlimmerHMM_glimmerT_3288-T1;GlimmerHMM},{HiQ_model.g3055.t1;HiQ}

# EVM prediction: Mode:STANDARD S-ratio: 5.00 82832-84388 orient(-) score(7785.00) noncoding_equivalent(1557.00) raw_noncoding(1557.00) offset(0.00)
84388	82832	single-	4	6	{GlimmerHMM_glimmerT_3289-T1;GlimmerHMM},{HiQ_model.g3056.t1;HiQ}

# EVM prediction: Mode:STANDARD S-ratio: 6.58 84741-86036 orient(-) score(3375.00) noncoding_equivalent(513.00) raw_noncoding(513.00) offset(0.00)
86036	84741	single-	4	6	{GlimmerHMM_glimmerT_3290-T1;GlimmerHMM},{Augustus_model.g3057.t1;Augustus}

# EVM prediction: Mode:STANDARD S-ratio: 4.96 86284-87840 orient(-) score(7722.00) noncoding_equivalent(1557.00) raw_noncoding(1557.00) offset(0.00)
87840	86284	single-	4	6	{HiQ_model.g3058.t1;HiQ},{GlimmerHMM_glimmerT_3291-T1;GlimmerHMM}

# EVM prediction: Mode:STANDARD S-ratio: 5.00 88091-88876 orient(-) score(3930.00) noncoding_equivalent(786.00) raw_noncoding(786.00) offset(0.00)
88876	88091	single-	4	6	{HiQ_model.g3059.t1;HiQ},{GlimmerHMM_glimmerT_3292-T1;GlimmerHMM}

# EVM prediction: Mode:STANDARD S-ratio: 241.45 89168-91048 orient(+) score(7485.00) noncoding_equivalent(31.00) raw_noncoding(31.00) offset(0.00)
89168	91048	single+	1	3	{Augustus_model.g3060.t1;Augustus},{GlimmerHMM_glimmerT_3293-T1;GlimmerHMM}

# EVM prediction: Mode:STANDARD S-ratio: 876.82 91270-98511 orient(+) score(28935.00) noncoding_equivalent(33.00) raw_noncoding(33.00) offset(0.00)
91270	98511	single+	1	3	{Augustus_model.g3061.t1;Augustus},{GlimmerHMM_glimmerT_3294-T1;GlimmerHMM}

# EVM prediction: Mode:STANDARD S-ratio: 10000.00 99040-103608 orient(+) score(18276.00) noncoding_equivalent(1.83) raw_noncoding(0.00) offset(0.00)
99040	103608	single+	1	3	{GlimmerHMM_glimmerT_3295-T1;GlimmerHMM},{Augustus_model.g3062.t1;Augustus}

# EVM prediction: Mode:STANDARD S-ratio: 5.00 103745-104494 orient(-) score(3750.00) noncoding_equivalent(750.00) raw_noncoding(750.00) offset(0.00)
104494	103745	single-	4	6	{HiQ_model.g3063.t1;HiQ},{GlimmerHMM_glimmerT_3296-T1;GlimmerHMM}

# EVM prediction: Mode:STANDARD S-ratio: 2.00 104757-105146 orient(-) score(1560.00) noncoding_equivalent(780.00) raw_noncoding(780.00) offset(0.00)
105146	104757	single-	4	6	{HiQ_model.g3064.t1;HiQ},{GlimmerHMM_glimmerT_3297-T1;GlimmerHMM}

# EVM prediction: Mode:STANDARD S-ratio: 289.89 105940-107838 orient(+) score(7568.00) noncoding_equivalent(26.11) raw_noncoding(26.11) offset(0.00)
105940	107838	single+	1	3	{Augustus_model.g3065.t1;Augustus},{GlimmerHMM_glimmerT_3298-T1;GlimmerHMM}

# EVM prediction: Mode:STANDARD S-ratio: 70.00 108139-108990 orient(+) score(3360.00) noncoding_equivalent(48.00) raw_noncoding(48.00) offset(0.00)
108139	108990	single+	1	3	{Augustus_model.g3066.t1;Augustus},{GlimmerHMM_glimmerT_3299-T1;GlimmerHMM}

# EVM prediction: Mode:STANDARD S-ratio: 2.00 109148-110671 orient(-) score(6096.00) noncoding_equivalent(3045.03) raw_noncoding(3045.03) offset(0.00)
110671	109148	single-	4	6	{HiQ_model.g3067.t1;HiQ},{GlimmerHMM_glimmerT_3300-T1;GlimmerHMM}

# EVM prediction: Mode:STANDARD S-ratio: 10000.00 111041-114535 orient(+) score(13980.00) noncoding_equivalent(1.40) raw_noncoding(0.00) offset(0.00)
111041	114535	single+	1	3	{GlimmerHMM_glimmerT_3301-T1;GlimmerHMM},{Augustus_model.g3068.t1;Augustus}

# EVM prediction: Mode:STANDARD S-ratio: 5.00 114778-115326 orient(-) score(2745.00) noncoding_equivalent(549.00) raw_noncoding(549.00) offset(0.00)
115326	114778	single-	4	6	{HiQ_model.g3069.t1;HiQ},{GlimmerHMM_glimmerT_3302-T1;GlimmerHMM}

# EVM prediction: Mode:STANDARD S-ratio: 167.22 115827-116849 orient(+) score(4066.00) noncoding_equivalent(24.32) raw_noncoding(24.32) offset(0.00)
115827	116849	single+	1	3	{Augustus_model.g3070.t1;Augustus},{GlimmerHMM_glimmerT_3303-T1;GlimmerHMM}

# EVM prediction: Mode:STANDARD S-ratio: 4.98 117444-121130 orient(-) score(18419.00) noncoding_equivalent(3701.12) raw_noncoding(3701.12) offset(0.00)
121130	117444	single-	4	6	{GlimmerHMM_glimmerT_3304-T1;GlimmerHMM},{HiQ_model.g3071.t1;HiQ}

# EVM prediction: Mode:STANDARD S-ratio: 4.57 122055-125267 orient(-) score(15816.00) noncoding_equivalent(3461.62) raw_noncoding(3461.62) offset(0.00)
125267	122055	single-	4	6	{HiQ_model.g3072.t1;HiQ},{GlimmerHMM_glimmerT_3305-T1;GlimmerHMM}

# EVM prediction: Mode:STANDARD S-ratio: 10000.00 125551-126147 orient(+) score(2388.00) noncoding_equivalent(0.24) raw_noncoding(0.00) offset(0.00)
125551	126147	single+	1	3	{GlimmerHMM_glimmerT_3306-T1;GlimmerHMM},{Augustus_model.g3073.t1;Augustus}

# EVM prediction: Mode:STANDARD S-ratio: 5.00 126279-126800 orient(-) score(2610.00) noncoding_equivalent(522.00) raw_noncoding(522.00) offset(0.00)
126800	126279	single-	4	6	{GlimmerHMM_glimmerT_3307-T1;GlimmerHMM},{HiQ_model.g3074.t1;HiQ}

# EVM prediction: Mode:STANDARD S-ratio: 80.49 127386-128966 orient(+) score(6245.00) noncoding_equivalent(77.58) raw_noncoding(77.58) offset(0.00)
127386	128966	single+	1	3	{Augustus_model.g3075.t1;Augustus},{GlimmerHMM_glimmerT_3308-T1;GlimmerHMM}

# EVM prediction: Mode:STANDARD S-ratio: 4.88 129243-130982 orient(-) score(8664.00) noncoding_equivalent(1776.00) raw_noncoding(1776.00) offset(0.00)
130982	129243	single-	4	6	{HiQ_model.g3076.t1;HiQ},{GlimmerHMM_glimmerT_3309-T1;GlimmerHMM}

# EVM prediction: Mode:STANDARD S-ratio: 59.83 131589-133778 orient(+) score(8616.00) noncoding_equivalent(144.00) raw_noncoding(144.00) offset(0.00)
131589	133778	single+	1	3	{GlimmerHMM_glimmerT_3310-T1;GlimmerHMM}

# EVM prediction: Mode:STANDARD S-ratio: 4.53 134148-134699 orient(-) score(2711.00) noncoding_equivalent(599.10) raw_noncoding(599.10) offset(0.00)
134699	134148	single-	4	6	{GlimmerHMM_glimmerT_3311-T1;GlimmerHMM},{HiQ_model.g3078.t1;HiQ}

# EVM prediction: Mode:STANDARD S-ratio: 2.95 134950-135594 orient(+) score(2408.00) noncoding_equivalent(817.18) raw_noncoding(817.18) offset(0.00)
134950	135594	single+	1	3	{Augustus_model.g3079.t1;Augustus},{GlimmerHMM_glimmerT_3312-T1;GlimmerHMM}

# EVM prediction: Mode:STANDARD S-ratio: 4.73 136555-137952 orient(-) score(6924.00) noncoding_equivalent(1464.00) raw_noncoding(1464.00) offset(0.00)
137952	136555	single-	4	6	{HiQ_model.g3080.t1;HiQ},{GlimmerHMM_glimmerT_3313-T1;GlimmerHMM}

# EVM prediction: Mode:STANDARD S-ratio: 10000.00 139526-140464 orient(+) score(3756.00) noncoding_equivalent(0.38) raw_noncoding(0.00) offset(0.00)
139526	140464	single+	1	3	{GlimmerHMM_glimmerT_3314-T1;GlimmerHMM},{Augustus_model.g3081.t1;Augustus}

# EVM prediction: Mode:STANDARD S-ratio: 4.50 140807-141019 orient(-) score(1044.00) noncoding_equivalent(232.12) raw_noncoding(232.12) offset(0.00)
141019	140807	single-	4	6	{GlimmerHMM_glimmerT_3315-T1;GlimmerHMM},{HiQ_model.g3082.t1;HiQ}

# EVM prediction: Mode:STANDARD S-ratio: 13.77 141765-142739 orient(-) score(3636.00) noncoding_equivalent(264.00) raw_noncoding(264.00) offset(0.00)
142739	141765	single-	4	6	{GlimmerHMM_glimmerT_3316-T1;GlimmerHMM}

# EVM prediction: Mode:STANDARD S-ratio: 4.94 143760-144710 orient(-) score(4744.00) noncoding_equivalent(960.04) raw_noncoding(960.04) offset(0.00)
144710	143760	single-	4	6	{GlimmerHMM_glimmerT_3317-T1;GlimmerHMM},{HiQ_model.g3084.t1;HiQ}

# EVM prediction: Mode:STANDARD S-ratio: 2.76 145496-146257 orient(+) score(2465.00) noncoding_equivalent(892.17) raw_noncoding(1314.00) offset(421.83)
145496	145499	initial+	1	1	{snap_scaffold_9-snap.64-T1;snap},{GlimmerHMM_glimmerT_3318-T1;GlimmerHMM},{Augustus_model.g3085.t1;Augustus}
145500	145940	INTRON			{snap_scaffold_9-snap.64-T1;snap},{Augustus_model.g3085.t1;Augustus}
145941	146257	terminal+	2	3	{snap_scaffold_9-snap.64-T1;snap},{Augustus_model.g3085.t1;Augustus}

# EVM prediction: Mode:STANDARD S-ratio: 2.08 146955-147674 orient(-) score(2661.00) noncoding_equivalent(1280.00) raw_noncoding(1280.00) offset(0.00)
147674	146955	single-	4	6	{HiQ_model.g3086.t1;HiQ}

# EVM prediction: Mode:STANDARD S-ratio: 87.82 149047-150027 orient(+) score(3878.00) noncoding_equivalent(44.16) raw_noncoding(44.16) offset(0.00)
149047	150027	single+	1	3	{Augustus_model.g3087.t1;Augustus},{GlimmerHMM_glimmerT_3321-T1;GlimmerHMM}

# EVM prediction: Mode:STANDARD S-ratio: 24.40 150528-150872 orient(+) score(1324.00) noncoding_equivalent(54.25) raw_noncoding(54.25) offset(0.00)
150528	150872	single+	1	3	{Augustus_model.g3088.t1;Augustus}

# EVM prediction: Mode:STANDARD S-ratio: 4.65 150977-152518 orient(-) score(7612.00) noncoding_equivalent(1638.44) raw_noncoding(1638.44) offset(0.00)
152518	150977	single-	4	6	{HiQ_model.g3089.t1;HiQ},{GlimmerHMM_glimmerT_3323-T1;GlimmerHMM}

# EVM prediction: Mode:STANDARD S-ratio: 79.67 153211-153573 orient(+) score(1434.00) noncoding_equivalent(18.00) raw_noncoding(18.00) offset(0.00)
153211	153573	single+	1	3	{Augustus_model.g3090.t1;Augustus}

# EVM prediction: Mode:STANDARD S-ratio: 38.35 153917-155533 orient(+) score(6302.00) noncoding_equivalent(164.35) raw_noncoding(164.35) offset(0.00)
153917	155533	single+	1	3	{GlimmerHMM_glimmerT_3325-T1;GlimmerHMM}

# EVM prediction: Mode:STANDARD S-ratio: 3.31 155668-156477 orient(-) score(3729.00) noncoding_equivalent(1125.00) raw_noncoding(1125.00) offset(0.00)
156477	155668	single-	4	6	{HiQ_model.g3092.t1;HiQ}

# EVM prediction: Mode:STANDARD S-ratio: 10000.00 156629-157504 orient(+) score(3504.00) noncoding_equivalent(0.35) raw_noncoding(0.00) offset(0.00)
156629	157504	single+	1	3	{GlimmerHMM_glimmerT_3327-T1;GlimmerHMM},{Augustus_model.g3093.t1;Augustus}

# EVM prediction: Mode:STANDARD S-ratio: 4.18 157783-158178 orient(-) score(1917.00) noncoding_equivalent(459.00) raw_noncoding(459.00) offset(0.00)
158178	157783	single-	4	6	{GlimmerHMM_glimmerT_3328-T1;GlimmerHMM},{HiQ_model.g3094.t1;HiQ}

# EVM prediction: Mode:STANDARD S-ratio: 27.73 158438-159730 orient(+) score(4992.00) noncoding_equivalent(180.00) raw_noncoding(180.00) offset(0.00)
158438	159730	single+	1	3	{Augustus_model.g3095.t1;Augustus},{GlimmerHMM_glimmerT_3329-T1;GlimmerHMM}

# EVM prediction: Mode:STANDARD S-ratio: 76.55 160339-162897 orient(+) score(10104.00) noncoding_equivalent(132.00) raw_noncoding(132.00) offset(0.00)
160339	162897	single+	1	3	{GlimmerHMM_glimmerT_3330-T1;GlimmerHMM},{Augustus_model.g3096.t1;Augustus}

# EVM prediction: Mode:STANDARD S-ratio: 10000.00 164084-165238 orient(+) score(4620.00) noncoding_equivalent(0.46) raw_noncoding(0.00) offset(0.00)
164084	165238	single+	1	3	{GlimmerHMM_glimmerT_3331-T1;GlimmerHMM},{Augustus_model.g3097.t1;Augustus}

# EVM prediction: Mode:STANDARD S-ratio: 5.00 165472-166122 orient(-) score(3255.00) noncoding_equivalent(651.00) raw_noncoding(651.00) offset(0.00)
166122	165472	single-	4	6	{HiQ_model.g3098.t1;HiQ},{GlimmerHMM_glimmerT_3332-T1;GlimmerHMM}

# EVM prediction: Mode:STANDARD S-ratio: 5.00 166593-167324 orient(-) score(3660.00) noncoding_equivalent(732.00) raw_noncoding(732.00) offset(0.00)
167324	166593	single-	4	6	{HiQ_model.g3099.t1;HiQ},{GlimmerHMM_glimmerT_3333-T1;GlimmerHMM}

# EVM prediction: Mode:STANDARD S-ratio: 17.82 168059-168538 orient(+) score(1818.00) noncoding_equivalent(102.00) raw_noncoding(102.00) offset(0.00)
168059	168538	single+	1	3	{GlimmerHMM_glimmerT_3334-T1;GlimmerHMM},{Augustus_model.g3100.t1;Augustus}

# EVM prediction: Mode:STANDARD S-ratio: 4.83 169794-171677 orient(-) score(9366.00) noncoding_equivalent(1938.00) raw_noncoding(1938.00) offset(0.00)
171677	169794	single-	4	6	{GlimmerHMM_glimmerT_3335-T1;GlimmerHMM},{HiQ_model.g3101.t1;HiQ}

# EVM prediction: Mode:STANDARD S-ratio: 4.37 172157-173423 orient(-) score(5968.00) noncoding_equivalent(1365.53) raw_noncoding(1633.48) offset(267.95)
173282	172157	terminal-	6	6	{snap_scaffold_9-snap.81-T1;snap},{HiQ_model.g3102.t1;HiQ}
173373	173283	INTRON			{HiQ_model.g3102.t1;HiQ},{ev_type:exonerate/ID=match.160399.5587/Target=YHR123W;exonerate}
173423	173374	initial-	4	5	{HiQ_model.g3102.t1;HiQ}

# EVM prediction: Mode:STANDARD S-ratio: 4.59 173918-174613 orient(-) score(3429.00) noncoding_equivalent(747.00) raw_noncoding(747.00) offset(0.00)
174613	173918	single-	4	6	{GlimmerHMM_glimmerT_3337-T1;GlimmerHMM},{HiQ_model.g3103.t1;HiQ}

# EVM prediction: Mode:STANDARD S-ratio: 4.61 174919-175482 orient(-) score(2781.00) noncoding_equivalent(603.00) raw_noncoding(603.00) offset(0.00)
175482	174919	single-	4	6	{GlimmerHMM_glimmerT_3338-T1;GlimmerHMM},{HiQ_model.g3104.t1;HiQ}

# EVM prediction: Mode:STANDARD S-ratio: 4.48 175784-178663 orient(-) score(14124.00) noncoding_equivalent(3156.00) raw_noncoding(3156.00) offset(0.00)
178663	175784	single-	4	6	{HiQ_model.g3105.t1;HiQ},{GlimmerHMM_glimmerT_3339-T1;GlimmerHMM}

# EVM prediction: Mode:STANDARD S-ratio: 4.17 178952-182194 orient(-) score(15693.00) noncoding_equivalent(3765.00) raw_noncoding(3765.00) offset(0.00)
182194	178952	single-	4	6	{HiQ_model.g3106.t1;HiQ}

# EVM prediction: Mode:STANDARD S-ratio: 20.80 182609-183916 orient(+) score(4992.00) noncoding_equivalent(240.00) raw_noncoding(240.00) offset(0.00)
182609	183916	single+	1	3	{GlimmerHMM_glimmerT_3341-T1;GlimmerHMM},{Augustus_model.g3107.t1;Augustus}

# EVM prediction: Mode:STANDARD S-ratio: 4.33 183970-185889 orient(-) score(9357.00) noncoding_equivalent(2163.00) raw_noncoding(2163.00) offset(0.00)
185889	183970	single-	4	6	{HiQ_model.g3108.t1;HiQ},{GlimmerHMM_glimmerT_3342-T1;GlimmerHMM}

# EVM prediction: Mode:STANDARD S-ratio: 2.01 186118-186573 orient(-) score(1824.00) noncoding_equivalent(909.47) raw_noncoding(909.47) offset(0.00)
186573	186118	single-	4	6	{GlimmerHMM_glimmerT_3343-T1;GlimmerHMM},{HiQ_model.g3109.t1;HiQ}

# EVM prediction: Mode:STANDARD S-ratio: 10000.00 186879-188129 orient(+) score(5004.00) noncoding_equivalent(0.50) raw_noncoding(0.00) offset(0.00)
186879	188129	single+	1	3	{GlimmerHMM_glimmerT_3344-T1;GlimmerHMM},{Augustus_model.g3110.t1;Augustus}

# EVM prediction: Mode:STANDARD S-ratio: 5.00 188256-190157 orient(-) score(9504.00) noncoding_equivalent(1902.00) raw_noncoding(1902.00) offset(0.00)
190157	188256	single-	4	6	{GlimmerHMM_glimmerT_3345-T1;GlimmerHMM},{HiQ_model.g3111.t1;HiQ}

# EVM prediction: Mode:STANDARD S-ratio: 4.88 190431-191903 orient(-) score(7333.00) noncoding_equivalent(1503.31) raw_noncoding(1503.31) offset(0.00)
191903	190431	single-	4	6	{HiQ_model.g3112.t1;HiQ}

# EVM prediction: Mode:STANDARD S-ratio: 10000.00 192577-193713 orient(+) score(4548.00) noncoding_equivalent(0.45) raw_noncoding(0.00) offset(0.00)
192577	193713	single+	1	3	{Augustus_model.g3113.t1;Augustus},{GlimmerHMM_glimmerT_3347-T1;GlimmerHMM}

# EVM prediction: Mode:STANDARD S-ratio: 5.00 193847-195169 orient(-) score(6615.00) noncoding_equivalent(1323.00) raw_noncoding(1323.00) offset(0.00)
195169	193847	single-	4	6	{GlimmerHMM_glimmerT_3348-T1;GlimmerHMM},{HiQ_model.g3114.t1;HiQ}

# EVM prediction: Mode:STANDARD S-ratio: 4.87 195321-195959 orient(-) score(3179.00) noncoding_equivalent(653.12) raw_noncoding(653.12) offset(0.00)
195959	195321	single-	4	6	{GlimmerHMM_glimmerT_3349-T1;GlimmerHMM},{HiQ_model.g3115.t1;HiQ}

# EVM prediction: Mode:STANDARD S-ratio: 5.00 196174-197931 orient(-) score(8790.00) noncoding_equivalent(1758.00) raw_noncoding(1758.00) offset(0.00)
197931	196174	single-	4	6	{HiQ_model.g3116.t1;HiQ},{GlimmerHMM_glimmerT_3350-T1;GlimmerHMM}

# EVM prediction: Mode:STANDARD S-ratio: 4.69 198181-199938 orient(-) score(8693.00) noncoding_equivalent(1853.33) raw_noncoding(1853.33) offset(0.00)
199938	198181	single-	4	6	{HiQ_model.g3117.t1;HiQ},{GlimmerHMM_glimmerT_3351-T1;GlimmerHMM}

# EVM prediction: Mode:STANDARD S-ratio: 3.01 200205-201428 orient(+) score(3672.00) noncoding_equivalent(1220.74) raw_noncoding(1220.74) offset(0.00)
200205	201428	single+	1	3	{Augustus_model.g3118.t1;Augustus},{GlimmerHMM_glimmerT_3352-T1;GlimmerHMM}

# EVM prediction: Mode:STANDARD S-ratio: 5.84 201621-202649 orient(-) score(6089.00) noncoding_equivalent(1043.03) raw_noncoding(1043.03) offset(0.00)
202649	201621	single-	4	6	{GlimmerHMM_glimmerT_3353-T1;GlimmerHMM},{HiQ_model.g3119.t1;HiQ}

# EVM prediction: Mode:STANDARD S-ratio: 2.00 202837-203481 orient(-) score(2580.00) noncoding_equivalent(1291.34) raw_noncoding(1291.34) offset(0.00)
203481	202837	single-	4	6	{HiQ_model.g3120.t1;HiQ},{GlimmerHMM_glimmerT_3354-T1;GlimmerHMM}

# EVM prediction: Mode:STANDARD S-ratio: 3.88 203852-204835 orient(-) score(4695.00) noncoding_equivalent(1209.00) raw_noncoding(1209.00) offset(0.00)
204835	203852	single-	4	6	{GlimmerHMM_glimmerT_3355-T1;GlimmerHMM},{HiQ_model.g3121.t1;HiQ}

# EVM prediction: Mode:STANDARD S-ratio: 4.54 205270-207828 orient(-) score(12585.00) noncoding_equivalent(2769.00) raw_noncoding(2769.00) offset(0.00)
207828	205270	single-	4	6	{HiQ_model.g3122.t1;HiQ},{GlimmerHMM_glimmerT_3356-T1;GlimmerHMM}

# EVM prediction: Mode:STANDARD S-ratio: 132.13 208428-211670 orient(-) score(9654.00) noncoding_equivalent(73.06) raw_noncoding(73.06) offset(0.00)
211670	208428	single-	4	6	{Augustus_model.g3123.t1;Augustus}

# EVM prediction: Mode:STANDARD S-ratio: 18.45 212451-213368 orient(+) score(3446.00) noncoding_equivalent(186.74) raw_noncoding(186.74) offset(0.00)
212451	213368	single+	1	3	{GlimmerHMM_glimmerT_3358-T1;GlimmerHMM}

# EVM prediction: Mode:STANDARD S-ratio: 37.27 213573-214130 orient(+) score(2172.00) noncoding_equivalent(58.28) raw_noncoding(58.28) offset(0.00)
213573	214130	single+	1	3	{GlimmerHMM_glimmerT_3359-T1;GlimmerHMM}

# EVM prediction: Mode:STANDARD S-ratio: 10000.00 214250-225484 orient(-) score(44940.00) noncoding_equivalent(4.49) raw_noncoding(0.00) offset(0.00)
225484	214250	single-	4	6	{Augustus_model.g3125.t1;Augustus},{GlimmerHMM_glimmerT_3360-T1;GlimmerHMM}

# EVM prediction: Mode:STANDARD S-ratio: 3.01 226311-229100 orient(+) score(8370.00) noncoding_equivalent(2783.14) raw_noncoding(2783.14) offset(0.00)
226311	229100	single+	1	3	{Augustus_model.g3126.t1;Augustus},{GlimmerHMM_glimmerT_3361-T1;GlimmerHMM}

# EVM prediction: Mode:STANDARD S-ratio: 5.50 229636-230860 orient(+) score(3937.00) noncoding_equivalent(716.45) raw_noncoding(831.00) offset(114.55)
229636	229764	initial+	1	3	{Augustus_model.g3127.t1;Augustus}
229765	229822	INTRON			{Augustus_model.g3127.t1;Augustus}
229823	230860	terminal+	1	3	{Augustus_model.g3127.t1;Augustus}

# EVM prediction: Mode:STANDARD S-ratio: 10000.00 231799-233577 orient(+) score(5337.00) noncoding_equivalent(0.53) raw_noncoding(0.00) offset(0.00)
231799	233577	single+	1	3	{GlimmerHMM_glimmerT_3363-T1;GlimmerHMM},{Augustus_model.g3128.t1;Augustus}

# EVM prediction: Mode:STANDARD S-ratio: 10000.00 235629-237341 orient(+) score(5139.00) noncoding_equivalent(0.51) raw_noncoding(0.00) offset(0.00)
235629	237341	single+	1	3	{Augustus_model.g3129.t1;Augustus},{GlimmerHMM_glimmerT_3364-T1;GlimmerHMM}

# EVM prediction: Mode:STANDARD S-ratio: 424.94 239443-241173 orient(+) score(5179.00) noncoding_equivalent(12.19) raw_noncoding(12.19) offset(0.00)
239443	241173	single+	1	3	{GlimmerHMM_glimmerT_3365-T1;GlimmerHMM}

# EVM prediction: Mode:STANDARD S-ratio: 2.81 241562-243415 orient(+) score(5470.00) noncoding_equivalent(1946.47) raw_noncoding(1946.47) offset(0.00)
241562	243415	single+	1	3	{GlimmerHMM_glimmerT_3366-T1;GlimmerHMM}

# EVM prediction: Mode:STANDARD S-ratio: 8.39 243629-244477 orient(+) score(3034.00) noncoding_equivalent(361.64) raw_noncoding(361.64) offset(0.00)
243629	244477	single+	1	3	{GlimmerHMM_glimmerT_3367-T1;GlimmerHMM}

# EVM prediction: Mode:STANDARD S-ratio: 35.09 244957-245574 orient(+) score(2393.00) noncoding_equivalent(68.20) raw_noncoding(68.20) offset(0.00)
244957	245574	single+	1	3	{GlimmerHMM_glimmerT_3368-T1;GlimmerHMM}

# EVM prediction: Mode:STANDARD S-ratio: 4.74 245873-246760 orient(-) score(4398.00) noncoding_equivalent(928.16) raw_noncoding(928.16) offset(0.00)
246760	245873	single-	4	6	{GlimmerHMM_glimmerT_3369-T1;GlimmerHMM},{HiQ_model.g3131.t1;HiQ}

# EVM prediction: Mode:STANDARD S-ratio: 2.04 247100-247435 orient(-) score(1353.00) noncoding_equivalent(663.48) raw_noncoding(663.48) offset(0.00)
247435	247100	single-	4	6	{GlimmerHMM_glimmerT_3370-T1;GlimmerHMM},{HiQ_model.g3132.t1;HiQ}

# EVM prediction: Mode:STANDARD S-ratio: 3.90 248532-250103 orient(-) score(7506.00) noncoding_equivalent(1926.00) raw_noncoding(1926.00) offset(0.00)
250103	248532	single-	4	6	{HiQ_model.g3133.t1;HiQ},{GlimmerHMM_glimmerT_3371-T1;GlimmerHMM}

# EVM prediction: Mode:STANDARD S-ratio: 4.66 250488-251492 orient(-) score(4964.00) noncoding_equivalent(1064.40) raw_noncoding(1064.40) offset(0.00)
251492	250488	single-	4	6	{GlimmerHMM_glimmerT_3372-T1;GlimmerHMM},{HiQ_model.g3134.t1;HiQ}

# EVM prediction: Mode:STANDARD S-ratio: 4.92 252017-254083 orient(-) score(10308.00) noncoding_equivalent(2094.00) raw_noncoding(2094.00) offset(0.00)
254083	252017	single-	4	6	{GlimmerHMM_glimmerT_3373-T1;GlimmerHMM},{HiQ_model.g3135.t1;HiQ}

# EVM prediction: Mode:STANDARD S-ratio: 4.86 254641-255630 orient(-) score(4926.00) noncoding_equivalent(1014.00) raw_noncoding(1014.00) offset(0.00)
255630	254641	single-	4	6	{GlimmerHMM_glimmerT_3374-T1;GlimmerHMM},{HiQ_model.g3136.t1;HiQ}

# EVM prediction: Mode:STANDARD S-ratio: 38.62 256705-259794 orient(+) score(9036.00) noncoding_equivalent(234.00) raw_noncoding(234.00) offset(0.00)
256705	259794	single+	1	3	{GlimmerHMM_glimmerT_3375-T1;GlimmerHMM}

# EVM prediction: Mode:STANDARD S-ratio: 5.00 260161-260715 orient(-) score(2775.00) noncoding_equivalent(555.00) raw_noncoding(555.00) offset(0.00)
260715	260161	single-	4	6	{GlimmerHMM_glimmerT_3376-T1;GlimmerHMM},{HiQ_model.g3138.t1;HiQ}

# EVM prediction: Mode:STANDARD S-ratio: 147.59 261415-265452 orient(+) score(16043.00) noncoding_equivalent(108.70) raw_noncoding(108.70) offset(0.00)
261415	265452	single+	1	3	{GlimmerHMM_glimmerT_3377-T1;GlimmerHMM},{Augustus_model.g3139.t1;Augustus}

# EVM prediction: Mode:STANDARD S-ratio: 122.22 266681-270007 orient(+) score(9900.00) noncoding_equivalent(81.00) raw_noncoding(81.00) offset(0.00)
266681	270007	single+	1	3	{GlimmerHMM_glimmerT_3379-T1;GlimmerHMM}

# EVM prediction: Mode:STANDARD S-ratio: 4.12 270233-271891 orient(-) score(8010.00) noncoding_equivalent(1944.00) raw_noncoding(1944.00) offset(0.00)
271891	270233	single-	4	6	{HiQ_model.g3141.t1;HiQ},{GlimmerHMM_glimmerT_3380-T1;GlimmerHMM}

# EVM prediction: Mode:STANDARD S-ratio: 40.32 272494-275879 orient(+) score(13425.00) noncoding_equivalent(333.00) raw_noncoding(339.00) offset(6.00)
272494	272499	initial+	1	3	{snap_scaffold_9-snap.119-T1;snap},{GlimmerHMM_glimmerT_3381-T1;GlimmerHMM}
272500	272612	INTRON			{snap_scaffold_9-snap.119-T1;snap},{GlimmerHMM_glimmerT_3381-T1;GlimmerHMM},{Augustus_model.g3142.t1;Augustus}
272613	275879	terminal+	1	3	{snap_scaffold_9-snap.119-T1;snap},{GlimmerHMM_glimmerT_3381-T1;GlimmerHMM},{Augustus_model.g3142.t1;Augustus}

# EVM prediction: Mode:STANDARD S-ratio: 5.26 276028-277152 orient(-) score(5439.00) noncoding_equivalent(1034.00) raw_noncoding(1125.00) offset(91.00)
277004	276028	terminal-	5	6	{HiQ_model.g3143.t1;HiQ}
277097	277005	INTRON			{HiQ_model.g3143.t1;HiQ},{ev_type:exonerate/ID=match.160399.1060/Target=YHR076W;exonerate}
277152	277098	initial-	4	4	{HiQ_model.g3143.t1;HiQ}

# EVM prediction: Mode:STANDARD S-ratio: 10000.00 278612-279814 orient(+) score(4812.00) noncoding_equivalent(0.48) raw_noncoding(0.00) offset(0.00)
278612	279814	single+	1	3	{Augustus_model.g3144.t1;Augustus},{GlimmerHMM_glimmerT_3383-T1;GlimmerHMM}

# EVM prediction: Mode:STANDARD S-ratio: 4.94 279917-282061 orient(-) score(10703.00) noncoding_equivalent(2165.07) raw_noncoding(2165.07) offset(0.00)
282061	279917	single-	4	6	{GlimmerHMM_glimmerT_3384-T1;GlimmerHMM},{HiQ_model.g3145.t1;HiQ}

# EVM prediction: Mode:STANDARD S-ratio: 93.12 282686-285676 orient(-) score(12012.00) noncoding_equivalent(129.00) raw_noncoding(129.00) offset(0.00)
285676	282686	single-	4	6	{GlimmerHMM_glimmerT_3385-T1;GlimmerHMM}

# EVM prediction: Mode:STANDARD S-ratio: 46.07 286419-286595 orient(-) score(693.00) noncoding_equivalent(15.04) raw_noncoding(15.04) offset(0.00)
286595	286419	single-	4	6	{GlimmerHMM_glimmerT_3386-T1;GlimmerHMM}

# EVM prediction: Mode:STANDARD S-ratio: 4.99 286966-289161 orient(-) score(10973.00) noncoding_equivalent(2201.03) raw_noncoding(2201.03) offset(0.00)
289161	286966	single-	4	6	{GlimmerHMM_glimmerT_3387-T1;GlimmerHMM},{HiQ_model.g3147.t1;HiQ}

# EVM prediction: Mode:STANDARD S-ratio: 3.34 290640-291329 orient(-) score(3186.00) noncoding_equivalent(954.00) raw_noncoding(954.00) offset(0.00)
291329	290640	single-	4	6	{HiQ_model.g3148.t1;HiQ},{GlimmerHMM_glimmerT_3388-T1;GlimmerHMM}

# EVM prediction: Mode:STANDARD S-ratio: 4.15 292331-293830 orient(-) score(7251.00) noncoding_equivalent(1749.00) raw_noncoding(1749.00) offset(0.00)
293830	292331	single-	4	6	{HiQ_model.g3149.t1;HiQ}

# EVM prediction: Mode:STANDARD S-ratio: 239.00 294050-295129 orient(+) score(4302.00) noncoding_equivalent(18.00) raw_noncoding(18.00) offset(0.00)
294050	295129	single+	1	3	{Augustus_model.g3150.t1;Augustus},{GlimmerHMM_glimmerT_3390-T1;GlimmerHMM}

# EVM prediction: Mode:STANDARD S-ratio: 5.00 295410-296573 orient(-) score(5820.00) noncoding_equivalent(1164.00) raw_noncoding(1164.00) offset(0.00)
296573	295410	single-	4	6	{HiQ_model.g3151.t1;HiQ},{GlimmerHMM_glimmerT_3391-T1;GlimmerHMM}

# EVM prediction: Mode:STANDARD S-ratio: 2.01 296894-297736 orient(-) score(3378.00) noncoding_equivalent(1680.46) raw_noncoding(1680.46) offset(0.00)
297736	296894	single-	4	6	{GlimmerHMM_glimmerT_3392-T1;GlimmerHMM},{HiQ_model.g3152.t1;HiQ}

# EVM prediction: Mode:STANDARD S-ratio: 5.10 298011-299372 orient(-) score(8172.00) noncoding_equivalent(1602.08) raw_noncoding(1602.08) offset(0.00)
299372	298011	single-	4	6	{HiQ_model.g3153.t1;HiQ},{GlimmerHMM_glimmerT_3393-T1;GlimmerHMM}

# EVM prediction: Mode:STANDARD S-ratio: 14.34 299672-301177 orient(+) score(4518.00) noncoding_equivalent(315.03) raw_noncoding(315.03) offset(0.00)
299672	301177	single+	1	3	{Augustus_model.g3154.t1;Augustus},{GlimmerHMM_glimmerT_3394-T1;GlimmerHMM}

# EVM prediction: Mode:STANDARD S-ratio: 64.26 301475-303184 orient(+) score(6643.00) noncoding_equivalent(103.38) raw_noncoding(103.38) offset(0.00)
301475	303184	single+	1	3	{Augustus_model.g3155.t1;Augustus}

# EVM prediction: Mode:STANDARD S-ratio: 10000.00 303540-304679 orient(+) score(4560.00) noncoding_equivalent(0.46) raw_noncoding(0.00) offset(0.00)
303540	304679	single+	1	3	{GlimmerHMM_glimmerT_3396-T1;GlimmerHMM},{Augustus_model.g3156.t1;Augustus}

# EVM prediction: Mode:STANDARD S-ratio: 55.97 304951-305850 orient(+) score(3453.00) noncoding_equivalent(61.70) raw_noncoding(61.70) offset(0.00)
304951	305850	single+	1	3	{Augustus_model.g3157.t1;Augustus},{GlimmerHMM_glimmerT_3397-T1;GlimmerHMM}

# EVM prediction: Mode:STANDARD S-ratio: 20.00 306250-307194 orient(+) score(3600.00) noncoding_equivalent(180.00) raw_noncoding(180.00) offset(0.00)
306250	307194	single+	1	3	{GlimmerHMM_glimmerT_3398-T1;GlimmerHMM},{Augustus_model.g3158.t1;Augustus}

# EVM prediction: Mode:STANDARD S-ratio: 4.63 307457-308002 orient(-) score(2694.00) noncoding_equivalent(582.00) raw_noncoding(582.00) offset(0.00)
308002	307457	single-	4	6	{GlimmerHMM_glimmerT_3399-T1;GlimmerHMM},{HiQ_model.g3159.t1;HiQ}

# EVM prediction: Mode:STANDARD S-ratio: 2.00 308227-308619 orient(-) score(1572.00) noncoding_equivalent(786.00) raw_noncoding(786.00) offset(0.00)
308619	308227	single-	4	6	{HiQ_model.g3160.t1;HiQ},{GlimmerHMM_glimmerT_3400-T1;GlimmerHMM}

# EVM prediction: Mode:STANDARD S-ratio: 10000.00 308843-309730 orient(+) score(3552.00) noncoding_equivalent(0.36) raw_noncoding(0.00) offset(0.00)
308843	309730	single+	1	3	{Augustus_model.g3161.t1;Augustus},{GlimmerHMM_glimmerT_3401-T1;GlimmerHMM}

# EVM prediction: Mode:STANDARD S-ratio: 18.00 309884-310501 orient(+) score(2342.00) noncoding_equivalent(130.11) raw_noncoding(130.11) offset(0.00)
309884	310501	single+	1	3	{GlimmerHMM_glimmerT_3402-T1;GlimmerHMM}

# EVM prediction: Mode:STANDARD S-ratio: 75.10 310894-313542 orient(+) score(11506.00) noncoding_equivalent(153.22) raw_noncoding(153.22) offset(0.00)
310894	313542	single+	1	3	{GlimmerHMM_glimmerT_3403-T1;GlimmerHMM}

# EVM prediction: Mode:STANDARD S-ratio: 5.00 314746-315876 orient(-) score(5655.00) noncoding_equivalent(1131.00) raw_noncoding(1131.00) offset(0.00)
315876	314746	single-	4	6	{HiQ_model.g3163.t1;HiQ},{GlimmerHMM_glimmerT_3404-T1;GlimmerHMM}

# EVM prediction: Mode:STANDARD S-ratio: 2.00 316572-317018 orient(-) score(1788.00) noncoding_equivalent(894.62) raw_noncoding(894.62) offset(0.00)
317018	316572	single-	4	6	{HiQ_model.g3164.t1;HiQ},{GlimmerHMM_glimmerT_3405-T1;GlimmerHMM}

# EVM prediction: Mode:STANDARD S-ratio: 4.12 317420-319069 orient(-) score(7968.00) noncoding_equivalent(1932.00) raw_noncoding(1932.00) offset(0.00)
319069	317420	single-	4	6	{GlimmerHMM_glimmerT_3406-T1;GlimmerHMM},{HiQ_model.g3165.t1;HiQ}

# EVM prediction: Mode:STANDARD S-ratio: 5.00 319529-320260 orient(-) score(3660.00) noncoding_equivalent(732.00) raw_noncoding(732.00) offset(0.00)
320260	319529	single-	4	6	{GlimmerHMM_glimmerT_3407-T1;GlimmerHMM},{HiQ_model.g3166.t1;HiQ}

# EVM prediction: Mode:STANDARD S-ratio: 2.68 320571-322115 orient(-) score(6750.00) noncoding_equivalent(2520.00) raw_noncoding(2520.00) offset(0.00)
322115	320571	single-	4	6	{HiQ_model.g3167.t1;HiQ},{GlimmerHMM_glimmerT_3408-T1;GlimmerHMM}

# EVM prediction: Mode:STANDARD S-ratio: 10000.00 325408-327978 orient(+) score(10284.00) noncoding_equivalent(1.03) raw_noncoding(0.00) offset(0.00)
325408	327978	single+	1	3	{GlimmerHMM_glimmerT_3409-T1;GlimmerHMM},{Augustus_model.g3168.t1;Augustus}

# EVM prediction: Mode:STANDARD S-ratio: 10000.00 328434-329321 orient(+) score(3552.00) noncoding_equivalent(0.36) raw_noncoding(0.00) offset(0.00)
328434	329321	single+	1	3	{Augustus_model.g3169.t1;Augustus},{GlimmerHMM_glimmerT_3410-T1;GlimmerHMM}

# EVM prediction: Mode:STANDARD S-ratio: 4.67 329486-331168 orient(-) score(8317.00) noncoding_equivalent(1779.68) raw_noncoding(1779.68) offset(0.00)
331168	329486	single-	4	6	{HiQ_model.g3170.t1;HiQ},{GlimmerHMM_glimmerT_3411-T1;GlimmerHMM}

# EVM prediction: Mode:STANDARD S-ratio: 261.24 331906-332646 orient(+) score(3683.00) noncoding_equivalent(14.10) raw_noncoding(14.10) offset(0.00)
331906	332646	single+	1	3	{Augustus_model.g3171.t1;Augustus},{GlimmerHMM_glimmerT_3412-T1;GlimmerHMM}

# EVM prediction: Mode:STANDARD S-ratio: 10000.00 333170-333910 orient(+) score(2964.00) noncoding_equivalent(0.30) raw_noncoding(0.00) offset(0.00)
333170	333910	single+	1	3	{Augustus_model.g3172.t1;Augustus},{GlimmerHMM_glimmerT_3413-T1;GlimmerHMM}

# EVM prediction: Mode:STANDARD S-ratio: 4.80 334098-336173 orient(-) score(10308.00) noncoding_equivalent(2148.00) raw_noncoding(2148.00) offset(0.00)
336173	334098	single-	4	6	{GlimmerHMM_glimmerT_3414-T1;GlimmerHMM},{HiQ_model.g3173.t1;HiQ}

# EVM prediction: Mode:STANDARD S-ratio: 6.44 336851-337583 orient(+) score(2353.00) noncoding_equivalent(365.30) raw_noncoding(564.15) offset(198.85)
336851	336864	initial+	1	2	{GlimmerHMM_glimmerT_3415-T1;GlimmerHMM}
336865	336964	INTRON			{GlimmerHMM_glimmerT_3415-T1;GlimmerHMM}
336965	337583	terminal+	3	3	{GlimmerHMM_glimmerT_3415-T1;GlimmerHMM}

# EVM prediction: Mode:STANDARD S-ratio: 4.71 337692-338792 orient(-) score(5449.00) noncoding_equivalent(1155.88) raw_noncoding(1155.88) offset(0.00)
338792	337692	single-	4	6	{HiQ_model.g3175.t1;HiQ},{GlimmerHMM_glimmerT_3416-T1;GlimmerHMM}

# EVM prediction: Mode:STANDARD S-ratio: 6.16 339040-339546 orient(+) score(1463.00) noncoding_equivalent(237.33) raw_noncoding(552.00) offset(314.67)
339040	339042	initial+	1	3	{GlimmerHMM_glimmerT_3417-T1;GlimmerHMM},{Augustus_model.g3176.t1;Augustus}
339043	339204	INTRON			{GlimmerHMM_glimmerT_3417-T1;GlimmerHMM}
339205	339546	terminal+	1	3	{GlimmerHMM_glimmerT_3417-T1;GlimmerHMM}

# EVM prediction: Mode:STANDARD S-ratio: 10000.00 339909-341843 orient(+) score(7740.00) noncoding_equivalent(0.77) raw_noncoding(0.00) offset(0.00)
339909	341843	single+	1	3	{Augustus_model.g3177.t1;Augustus},{GlimmerHMM_glimmerT_3418-T1;GlimmerHMM}

# EVM prediction: Mode:STANDARD S-ratio: 4.84 341960-342652 orient(-) score(3445.00) noncoding_equivalent(711.11) raw_noncoding(711.11) offset(0.00)
342652	341960	single-	4	6	{GlimmerHMM_glimmerT_3419-T1;GlimmerHMM},{HiQ_model.g3178.t1;HiQ}

# EVM prediction: Mode:STANDARD S-ratio: 4.67 343005-344732 orient(-) score(8538.00) noncoding_equivalent(1830.00) raw_noncoding(1830.00) offset(0.00)
344732	343005	single-	4	6	{HiQ_model.g3179.t1;HiQ},{GlimmerHMM_glimmerT_3420-T1;GlimmerHMM}

# EVM prediction: Mode:STANDARD S-ratio: 4.90 344949-346364 orient(-) score(7056.00) noncoding_equivalent(1440.00) raw_noncoding(1440.00) offset(0.00)
346364	344949	single-	4	6	{HiQ_model.g3180.t1;HiQ},{GlimmerHMM_glimmerT_3421-T1;GlimmerHMM}

# EVM prediction: Mode:STANDARD S-ratio: 4.68 346598-348490 orient(-) score(9360.00) noncoding_equivalent(1998.00) raw_noncoding(1998.00) offset(0.00)
348490	346598	single-	4	6	{HiQ_model.g3181.t1;HiQ}

# EVM prediction: Mode:STANDARD S-ratio: 3.01 348710-349744 orient(+) score(3105.00) noncoding_equivalent(1030.38) raw_noncoding(1030.38) offset(0.00)
348710	349744	single+	1	3	{GlimmerHMM_glimmerT_3423-T1;GlimmerHMM},{Augustus_model.g3182.t1;Augustus}

# EVM prediction: Mode:STANDARD S-ratio: 5.00 349890-351161 orient(-) score(6360.00) noncoding_equivalent(1272.00) raw_noncoding(1272.00) offset(0.00)
351161	349890	single-	4	6	{GlimmerHMM_glimmerT_3424-T1;GlimmerHMM},{HiQ_model.g3183.t1;HiQ}

# EVM prediction: Mode:STANDARD S-ratio: 1.97 351609-353462 orient(-) score(7311.00) noncoding_equivalent(3705.00) raw_noncoding(3705.00) offset(0.00)
353462	351609	single-	4	6	{HiQ_model.g3184.t1;HiQ},{GlimmerHMM_glimmerT_3425-T1;GlimmerHMM}

# EVM prediction: Mode:STANDARD S-ratio: 1438.85 353836-356007 orient(+) score(8680.00) noncoding_equivalent(6.03) raw_noncoding(6.03) offset(0.00)
353836	356007	single+	1	3	{GlimmerHMM_glimmerT_3426-T1;GlimmerHMM},{Augustus_model.g3185.t1;Augustus}

# EVM prediction: Mode:STANDARD S-ratio: 54.55 356461-357951 orient(+) score(4391.00) noncoding_equivalent(80.50) raw_noncoding(80.50) offset(0.00)
356461	357951	single+	1	3	{Augustus_model.g3186.t1;Augustus},{GlimmerHMM_glimmerT_3427-T1;GlimmerHMM}

# EVM prediction: Mode:STANDARD S-ratio: 3.07 358278-359162 orient(+) score(2671.00) noncoding_equivalent(869.65) raw_noncoding(869.65) offset(0.00)
358278	359162	single+	1	3	{Augustus_model.g3187.t1;Augustus},{GlimmerHMM_glimmerT_3428-T1;GlimmerHMM}

# EVM prediction: Mode:STANDARD S-ratio: 1953.20 359398-361854 orient(+) score(9821.00) noncoding_equivalent(5.03) raw_noncoding(5.03) offset(0.00)
359398	361854	single+	1	3	{Augustus_model.g3188.t1;Augustus},{GlimmerHMM_glimmerT_3429-T1;GlimmerHMM}

# EVM prediction: Mode:STANDARD S-ratio: 10000.00 362121-365102 orient(+) score(11928.00) noncoding_equivalent(1.19) raw_noncoding(0.00) offset(0.00)
362121	365102	single+	1	3	{Augustus_model.g3189.t1;Augustus},{GlimmerHMM_glimmerT_3430-T1;GlimmerHMM}

# EVM prediction: Mode:STANDARD S-ratio: 4.26 365349-365990 orient(-) score(3119.00) noncoding_equivalent(731.53) raw_noncoding(731.53) offset(0.00)
365990	365349	single-	4	6	{GlimmerHMM_glimmerT_3431-T1;GlimmerHMM},{HiQ_model.g3190.t1;HiQ}

# EVM prediction: Mode:STANDARD S-ratio: 2.01 366323-367396 orient(-) score(4296.00) noncoding_equivalent(2140.87) raw_noncoding(2140.87) offset(0.00)
367396	366323	single-	4	6	{HiQ_model.g3191.t1;HiQ},{GlimmerHMM_glimmerT_3432-T1;GlimmerHMM}

# EVM prediction: Mode:STANDARD S-ratio: 960.35 367642-369090 orient(+) score(5788.00) noncoding_equivalent(6.03) raw_noncoding(6.03) offset(0.00)
367642	369090	single+	1	3	{Augustus_model.g3192.t1;Augustus},{GlimmerHMM_glimmerT_3433-T1;GlimmerHMM}

# EVM prediction: Mode:STANDARD S-ratio: 4.95 369382-375168 orient(-) score(28887.00) noncoding_equivalent(5835.00) raw_noncoding(5835.00) offset(0.00)
375168	369382	single-	4	6	{GlimmerHMM_glimmerT_3434-T1;GlimmerHMM},{HiQ_model.g3193.t1;HiQ}

# EVM prediction: Mode:STANDARD S-ratio: 10000.00 376487-377257 orient(+) score(3084.00) noncoding_equivalent(0.31) raw_noncoding(0.00) offset(0.00)
376487	377257	single+	1	3	{GlimmerHMM_glimmerT_3435-T1;GlimmerHMM},{Augustus_model.g3194.t1;Augustus}

# EVM prediction: Mode:STANDARD S-ratio: 2.12 378169-378964 orient(+) score(2326.00) noncoding_equivalent(1097.02) raw_noncoding(1576.02) offset(479.00)
378169	378171	initial+	1	3	{Augustus_model.g3195.t1;Augustus},{GlimmerHMM_glimmerT_3436-T1;GlimmerHMM}
378172	378718	INTRON			{Augustus_model.g3195.t1;Augustus},{GlimmerHMM_glimmerT_3436-T1;GlimmerHMM}
378719	378964	terminal+	1	3	{GlimmerHMM_glimmerT_3436-T1;GlimmerHMM}

# EVM prediction: Mode:STANDARD S-ratio: 5.00 380427-382493 orient(-) score(10335.00) noncoding_equivalent(2067.00) raw_noncoding(2067.00) offset(0.00)
382493	380427	single-	4	6	{HiQ_model.g3196.t1;HiQ},{GlimmerHMM_glimmerT_3437-T1;GlimmerHMM}

# EVM prediction: Mode:STANDARD S-ratio: 2.97 382932-384596 orient(+) score(4984.00) noncoding_equivalent(1676.04) raw_noncoding(1676.04) offset(0.00)
382932	384596	single+	1	3	{GlimmerHMM_glimmerT_3438-T1;GlimmerHMM}

# EVM prediction: Mode:STANDARD S-ratio: 551.47 385088-386479 orient(+) score(5554.00) noncoding_equivalent(10.07) raw_noncoding(10.07) offset(0.00)
385088	386479	single+	1	3	{GlimmerHMM_glimmerT_3439-T1;GlimmerHMM}

# EVM prediction: Mode:STANDARD S-ratio: 5.00 386639-387796 orient(-) score(5790.00) noncoding_equivalent(1158.00) raw_noncoding(1158.00) offset(0.00)
387796	386639	single-	4	6	{GlimmerHMM_glimmerT_3440-T1;GlimmerHMM},{HiQ_model.g3198.t1;HiQ}

# EVM prediction: Mode:STANDARD S-ratio: 10.94 388035-389609 orient(+) score(5619.00) noncoding_equivalent(513.69) raw_noncoding(849.00) offset(335.31)
388035	388081	initial+	1	2	{Augustus_model.g3199.t1;Augustus}
388082	388249	INTRON			{Augustus_model.g3199.t1;Augustus},{ev_type:exonerate/ID=match.160399.1374/Target=YHR016C;exonerate}
388250	389609	terminal+	3	3	{Augustus_model.g3199.t1;Augustus}

# EVM prediction: Mode:STANDARD S-ratio: 5.00 389957-391936 orient(-) score(9900.00) noncoding_equivalent(1980.00) raw_noncoding(1980.00) offset(0.00)
391936	389957	single-	4	6	{HiQ_model.g3200.t1;HiQ},{GlimmerHMM_glimmerT_3442-T1;GlimmerHMM}

# EVM prediction: Mode:STANDARD S-ratio: 5.00 393567-394442 orient(-) score(4380.00) noncoding_equivalent(876.00) raw_noncoding(876.00) offset(0.00)
394442	393567	single-	4	6	{GlimmerHMM_glimmerT_3443-T1;GlimmerHMM},{HiQ_model.g3201.t1;HiQ}

# EVM prediction: Mode:STANDARD S-ratio: 3.02 395043-395759 orient(+) score(2151.00) noncoding_equivalent(711.19) raw_noncoding(711.19) offset(0.00)
395043	395759	single+	1	3	{GlimmerHMM_glimmerT_3444-T1;GlimmerHMM},{Augustus_model.g3202.t1;Augustus}

# EVM prediction: Mode:STANDARD S-ratio: 4.60 396041-397008 orient(-) score(4673.00) noncoding_equivalent(1016.22) raw_noncoding(1252.75) offset(236.53)
396841	396041	terminal-	4	6	{GlimmerHMM_glimmerT_3445-T1;GlimmerHMM},{snap_scaffold_9-snap.174-T1;snap},{HiQ_model.g3203.t1;HiQ}
396960	396842	INTRON			{GlimmerHMM_glimmerT_3445-T1;GlimmerHMM},{HiQ_model.g3203.t1;HiQ},{ev_type:exonerate/ID=match.160399.926/Target=YHR012W;exonerate}
397008	396961	initial-	4	6	{GlimmerHMM_glimmerT_3445-T1;GlimmerHMM},{HiQ_model.g3203.t1;HiQ}

# EVM prediction: Mode:STANDARD S-ratio: 4.65 397369-398709 orient(-) score(6621.00) noncoding_equivalent(1423.55) raw_noncoding(1423.55) offset(0.00)
398709	397369	single-	4	6	{GlimmerHMM_glimmerT_3446-T1;GlimmerHMM},{HiQ_model.g3204.t1;HiQ}

# EVM prediction: Mode:STANDARD S-ratio: 10.75 398997-399968 orient(-) score(4687.00) noncoding_equivalent(436.10) raw_noncoding(1887.00) offset(1450.90)
399376	398997	terminal-	5	6	{HiQ_model.g3205.t1;HiQ}
399937	399377	INTRON			{HiQ_model.g3205.t1;HiQ},{ev_type:exonerate/ID=match.160399.4643/Target=YDR471W;exonerate},{ev_type:exonerate/ID=match.160399.1774/Target=YHR010W;exonerate}
399968	399938	initial-	4	4	{GlimmerHMM_glimmerT_3447-T1;GlimmerHMM},{HiQ_model.g3205.t1;HiQ}

# EVM prediction: Mode:STANDARD S-ratio: 10000.00 400805-402376 orient(+) score(6282.00) noncoding_equivalent(0.63) raw_noncoding(0.00) offset(0.00)
400805	402376	single+	1	3	{GlimmerHMM_glimmerT_3448-T1;GlimmerHMM},{Augustus_model.g3206.t1;Augustus}

# EVM prediction: Mode:STANDARD S-ratio: 10000.00 402893-403594 orient(+) score(2808.00) noncoding_equivalent(0.28) raw_noncoding(0.00) offset(0.00)
402893	403594	single+	1	3	{Augustus_model.g3207.t1;Augustus},{GlimmerHMM_glimmerT_3449-T1;GlimmerHMM}

# EVM prediction: Mode:STANDARD S-ratio: 10000.00 404803-406395 orient(+) score(6372.00) noncoding_equivalent(0.64) raw_noncoding(0.00) offset(0.00)
404803	406395	single+	1	3	{Augustus_model.g3208.t1;Augustus},{GlimmerHMM_glimmerT_3450-T1;GlimmerHMM}

# EVM prediction: Mode:STANDARD S-ratio: 5.00 407073-408698 orient(-) score(8130.00) noncoding_equivalent(1626.00) raw_noncoding(1626.00) offset(0.00)
408698	407073	single-	4	6	{HiQ_model.g3209.t1;HiQ},{GlimmerHMM_glimmerT_3451-T1;GlimmerHMM}

# EVM prediction: Mode:STANDARD S-ratio: 10000.00 410274-410555 orient(+) score(1128.00) noncoding_equivalent(0.11) raw_noncoding(0.00) offset(0.00)
410274	410555	single+	1	3	{Augustus_model.g3210.t1;Augustus},{GlimmerHMM_glimmerT_3453-T1;GlimmerHMM}

# EVM prediction: Mode:STANDARD S-ratio: 33.33 411256-412674 orient(+) score(5511.00) noncoding_equivalent(165.36) raw_noncoding(165.36) offset(0.00)
411256	412674	single+	1	3	{GlimmerHMM_glimmerT_3454-T1;GlimmerHMM}

# EVM prediction: Mode:STANDARD S-ratio: 26.32 413079-414419 orient(+) score(5166.00) noncoding_equivalent(196.26) raw_noncoding(196.26) offset(0.00)
413079	414419	single+	1	3	{GlimmerHMM_glimmerT_3455-T1;GlimmerHMM}

# EVM prediction: Mode:STANDARD S-ratio: 10000.00 414846-416135 orient(+) score(5160.00) noncoding_equivalent(0.52) raw_noncoding(0.00) offset(0.00)
414846	416135	single+	1	3	{Augustus_model.g3212.t1;Augustus},{GlimmerHMM_glimmerT_3456-T1;GlimmerHMM}

# EVM prediction: Mode:STANDARD S-ratio: 4.59 416278-417351 orient(-) score(5290.00) noncoding_equivalent(1152.45) raw_noncoding(1152.45) offset(0.00)
417351	416278	single-	4	6	{HiQ_model.g3213.t1;HiQ},{GlimmerHMM_glimmerT_3457-T1;GlimmerHMM}

# EVM prediction: Mode:STANDARD S-ratio: 5.00 418795-420108 orient(-) score(6570.00) noncoding_equivalent(1314.00) raw_noncoding(1314.00) offset(0.00)
420108	418795	single-	4	6	{GlimmerHMM_glimmerT_3458-T1;GlimmerHMM},{HiQ_model.g3215.t1;HiQ}

# EVM prediction: Mode:STANDARD S-ratio: 4.49 421072-421886 orient(-) score(4341.00) noncoding_equivalent(966.15) raw_noncoding(1758.00) offset(791.85)
421359	421072	terminal-	4	6	{HiQ_model.g3216.t1;HiQ},{GlimmerHMM_glimmerT_3459-T1;GlimmerHMM}
421757	421360	INTRON			{HiQ_model.g3216.t1;HiQ},{GlimmerHMM_glimmerT_3459-T1;GlimmerHMM},{ev_type:exonerate/ID=match.160399.2520/Target=YHL001W;exonerate},{ev_type:exonerate/ID=match.160399.5360/Target=YKL006W;exonerate}
421886	421758	initial-	4	6	{HiQ_model.g3216.t1;HiQ},{GlimmerHMM_glimmerT_3459-T1;GlimmerHMM}

# EVM prediction: Mode:STANDARD S-ratio: 4.79 422193-423551 orient(-) score(6746.00) noncoding_equivalent(1407.21) raw_noncoding(1407.21) offset(0.00)
423551	422193	single-	4	6	{GlimmerHMM_glimmerT_3460-T1;GlimmerHMM},{HiQ_model.g3217.t1;HiQ}

# EVM prediction: Mode:STANDARD S-ratio: 612.82 424280-425515 orient(+) score(4934.00) noncoding_equivalent(8.05) raw_noncoding(8.05) offset(0.00)
424280	425515	single+	1	3	{GlimmerHMM_glimmerT_3461-T1;GlimmerHMM},{Augustus_model.g3218.t1;Augustus}

# EVM prediction: Mode:STANDARD S-ratio: 4.63 425760-426944 orient(-) score(5847.00) noncoding_equivalent(1261.70) raw_noncoding(1261.70) offset(0.00)
426944	425760	single-	4	6	{GlimmerHMM_glimmerT_3462-T1;GlimmerHMM},{HiQ_model.g3219.t1;HiQ}

# EVM prediction: Mode:STANDARD S-ratio: 10000.00 428225-431044 orient(+) score(8460.00) noncoding_equivalent(0.85) raw_noncoding(0.00) offset(0.00)
428225	431044	single+	1	3	{GlimmerHMM_glimmerT_3463-T1;GlimmerHMM},{Augustus_model.g3220.t1;Augustus}

# EVM prediction: Mode:STANDARD S-ratio: 1073.30 431863-433761 orient(+) score(7529.00) noncoding_equivalent(7.01) raw_noncoding(7.01) offset(0.00)
431863	433761	single+	1	3	{GlimmerHMM_glimmerT_3464-T1;GlimmerHMM}

# EVM prediction: Mode:STANDARD S-ratio: 18.52 434556-435751 orient(+) score(4168.00) noncoding_equivalent(225.01) raw_noncoding(552.31) offset(327.29)
434556	434562	initial+	1	1	{snap_scaffold_9-snap.193-T1;snap}
434563	434750	INTRON			{snap_scaffold_9-snap.193-T1;snap}
434751	435751	terminal+	2	3	{snap_scaffold_9-snap.193-T1;snap}

# EVM prediction: Mode:STANDARD S-ratio: 14.63 436098-437855 orient(+) score(6582.00) noncoding_equivalent(450.00) raw_noncoding(450.00) offset(0.00)
436098	437855	single+	1	3	{Augustus_model.g3222.t1;Augustus},{GlimmerHMM_glimmerT_3466-T1;GlimmerHMM}

# EVM prediction: Mode:STANDARD S-ratio: 145.79 438203-439165 orient(+) score(3824.00) noncoding_equivalent(26.23) raw_noncoding(26.23) offset(0.00)
438203	439165	single+	1	3	{GlimmerHMM_glimmerT_3467-T1;GlimmerHMM},{Augustus_model.g3223.t1;Augustus}

# EVM prediction: Mode:STANDARD S-ratio: 2.00 439402-440883 orient(-) score(5928.00) noncoding_equivalent(2960.51) raw_noncoding(2960.51) offset(0.00)
440883	439402	single-	4	6	{HiQ_model.g3224.t1;HiQ},{GlimmerHMM_glimmerT_3468-T1;GlimmerHMM}

# EVM prediction: Mode:STANDARD S-ratio: 10000.00 441466-442389 orient(+) score(3696.00) noncoding_equivalent(0.37) raw_noncoding(0.00) offset(0.00)
441466	442389	single+	1	3	{GlimmerHMM_glimmerT_3469-T1;GlimmerHMM},{Augustus_model.g3225.t1;Augustus}

# EVM prediction: Mode:STANDARD S-ratio: 21.56 442505-443722 orient(+) score(4656.00) noncoding_equivalent(216.00) raw_noncoding(216.00) offset(0.00)
442505	443722	single+	1	3	{Augustus_model.g3226.t1;Augustus},{GlimmerHMM_glimmerT_3470-T1;GlimmerHMM}

# EVM prediction: Mode:STANDARD S-ratio: 5.00 444040-444405 orient(-) score(1830.00) noncoding_equivalent(366.00) raw_noncoding(366.00) offset(0.00)
444405	444040	single-	4	6	{HiQ_model.g3227.t1;HiQ},{GlimmerHMM_glimmerT_3471-T1;GlimmerHMM}

# EVM prediction: Mode:STANDARD S-ratio: 76.47 445575-447782 orient(+) score(8718.00) noncoding_equivalent(114.00) raw_noncoding(114.00) offset(0.00)
445575	447782	single+	1	3	{Augustus_model.g3228.t1;Augustus},{GlimmerHMM_glimmerT_3472-T1;GlimmerHMM}

# EVM prediction: Mode:STANDARD S-ratio: 4.61 447942-449540 orient(-) score(7884.00) noncoding_equivalent(1710.00) raw_noncoding(1710.00) offset(0.00)
449540	447942	single-	4	6	{HiQ_model.g3229.t1;HiQ},{GlimmerHMM_glimmerT_3473-T1;GlimmerHMM}

# EVM prediction: Mode:STANDARD S-ratio: 2.00 449746-450108 orient(-) score(1452.00) noncoding_equivalent(726.00) raw_noncoding(726.00) offset(0.00)
450108	449746	single-	4	6	{GlimmerHMM_glimmerT_3474-T1;GlimmerHMM},{HiQ_model.g3230.t1;HiQ}

# EVM prediction: Mode:STANDARD S-ratio: 15.38 450268-452085 orient(+) score(6828.00) noncoding_equivalent(444.00) raw_noncoding(444.00) offset(0.00)
450268	452085	single+	1	3	{GlimmerHMM_glimmerT_3475-T1;GlimmerHMM}

# EVM prediction: Mode:STANDARD S-ratio: 238.83 452359-453567 orient(+) score(4814.00) noncoding_equivalent(20.16) raw_noncoding(20.16) offset(0.00)
452359	453567	single+	1	3	{Augustus_model.g3232.t1;Augustus},{GlimmerHMM_glimmerT_3476-T1;GlimmerHMM}

# EVM prediction: Mode:STANDARD S-ratio: 262.72 453956-455353 orient(+) score(5569.00) noncoding_equivalent(21.20) raw_noncoding(21.20) offset(0.00)
453956	455353	single+	1	3	{Augustus_model.g3233.t1;Augustus},{GlimmerHMM_glimmerT_3477-T1;GlimmerHMM}

# EVM prediction: Mode:STANDARD S-ratio: 117.74 455658-456854 orient(+) score(4746.00) noncoding_equivalent(40.31) raw_noncoding(40.31) offset(0.00)
455658	456854	single+	1	3	{Augustus_model.g3234.t1;Augustus},{GlimmerHMM_glimmerT_3478-T1;GlimmerHMM}

# EVM prediction: Mode:STANDARD S-ratio: 10000.00 457528-460686 orient(+) score(12636.00) noncoding_equivalent(1.26) raw_noncoding(0.00) offset(0.00)
457528	460686	single+	1	3	{Augustus_model.g3235.t1;Augustus},{GlimmerHMM_glimmerT_3479-T1;GlimmerHMM}

# EVM prediction: Mode:STANDARD S-ratio: 4.62 461020-463158 orient(-) score(10548.00) noncoding_equivalent(2281.00) raw_noncoding(2281.00) offset(0.00)
463158	461020	single-	4	6	{HiQ_model.g3236.t1;HiQ},{GlimmerHMM_glimmerT_3480-T1;GlimmerHMM}

# EVM prediction: Mode:STANDARD S-ratio: 37.25 464013-465118 orient(-) score(4173.00) noncoding_equivalent(112.04) raw_noncoding(174.27) offset(62.23)
465081	464013	terminal-	6	6	{snap_scaffold_9-snap.207-T1;snap},{Augustus_model.g3237.t1;Augustus}
465113	465082	INTRON			{snap_scaffold_9-snap.207-T1;snap}
465118	465114	initial-	4	5	{snap_scaffold_9-snap.207-T1;snap}

# EVM prediction: Mode:STANDARD S-ratio: 10000.00 465695-466642 orient(+) score(3792.00) noncoding_equivalent(0.38) raw_noncoding(0.00) offset(0.00)
465695	466642	single+	1	3	{Augustus_model.g3238.t1;Augustus},{GlimmerHMM_glimmerT_3482-T1;GlimmerHMM}

# EVM prediction: Mode:STANDARD S-ratio: 5.00 466873-468765 orient(-) score(9465.00) noncoding_equivalent(1893.00) raw_noncoding(1893.00) offset(0.00)
468765	466873	single-	4	6	{GlimmerHMM_glimmerT_3483-T1;GlimmerHMM},{HiQ_model.g3239.t1;HiQ}

# EVM prediction: Mode:STANDARD S-ratio: 3.04 469296-470105 orient(-) score(2439.00) noncoding_equivalent(802.18) raw_noncoding(802.18) offset(0.00)
470105	469296	single-	4	6	{Augustus_model.g3240.t1;Augustus}

# EVM prediction: Mode:STANDARD S-ratio: 10000.00 471943-473982 orient(+) score(8160.00) noncoding_equivalent(0.82) raw_noncoding(0.00) offset(0.00)
471943	473982	single+	1	3	{GlimmerHMM_glimmerT_3485-T1;GlimmerHMM},{Augustus_model.g3241.t1;Augustus}

# EVM prediction: Mode:STANDARD S-ratio: 4.80 474221-479827 orient(-) score(27846.00) noncoding_equivalent(5796.00) raw_noncoding(5796.00) offset(0.00)
479827	474221	single-	4	6	{GlimmerHMM_glimmerT_3486-T1;GlimmerHMM},{HiQ_model.g3242.t1;HiQ}

# EVM prediction: Mode:STANDARD S-ratio: 667.64 480424-481095 orient(+) score(2684.00) noncoding_equivalent(4.02) raw_noncoding(4.02) offset(0.00)
480424	481095	single+	1	3	{GlimmerHMM_glimmerT_3487-T1;GlimmerHMM}

# EVM prediction: Mode:STANDARD S-ratio: 34.97 481363-483532 orient(+) score(8261.00) noncoding_equivalent(236.21) raw_noncoding(408.63) offset(172.42)
481363	481367	initial+	1	2	{snap_scaffold_9-snap.213-T1;snap}
481368	481398	INTRON			{snap_scaffold_9-snap.213-T1;snap}
481399	481404	internal+	3	2	{snap_scaffold_9-snap.213-T1;snap}
481405	481461	INTRON			{snap_scaffold_9-snap.213-T1;snap}
481462	483532	terminal+	3	3	{snap_scaffold_9-snap.213-T1;snap}

# EVM prediction: Mode:STANDARD S-ratio: 5.88 483885-484655 orient(+) score(4611.00) noncoding_equivalent(784.09) raw_noncoding(784.09) offset(0.00)
483885	484655	single+	1	3	{HiQ_model.g3244.t1;HiQ},{GlimmerHMM_glimmerT_3489-T1;GlimmerHMM}

# EVM prediction: Mode:STANDARD S-ratio: 10000.00 485834-486718 orient(+) score(3540.00) noncoding_equivalent(0.35) raw_noncoding(0.00) offset(0.00)
485834	486718	single+	1	3	{GlimmerHMM_glimmerT_3490-T1;GlimmerHMM},{Augustus_model.g3245.t1;Augustus}

# EVM prediction: Mode:STANDARD S-ratio: 278.69 487151-491929 orient(+) score(19046.00) noncoding_equivalent(68.34) raw_noncoding(68.34) offset(0.00)
487151	491929	single+	1	3	{Augustus_model.g3246.t1;Augustus},{GlimmerHMM_glimmerT_3491-T1;GlimmerHMM}

# EVM prediction: Mode:STANDARD S-ratio: 4.63 492026-493666 orient(-) score(8097.00) noncoding_equivalent(1749.00) raw_noncoding(1749.00) offset(0.00)
493666	492026	single-	4	6	{HiQ_model.g3247.t1;HiQ},{GlimmerHMM_glimmerT_3492-T1;GlimmerHMM}

# EVM prediction: Mode:STANDARD S-ratio: 117.46 494398-496290 orient(+) score(7507.00) noncoding_equivalent(63.91) raw_noncoding(63.91) offset(0.00)
494398	496290	single+	1	3	{GlimmerHMM_glimmerT_3493-T1;GlimmerHMM},{Augustus_model.g3248.t1;Augustus}

# EVM prediction: Mode:STANDARD S-ratio: 4.94 496367-498124 orient(-) score(8772.00) noncoding_equivalent(1774.40) raw_noncoding(1774.40) offset(0.00)
498124	496367	single-	4	6	{HiQ_model.g3249.t1;HiQ},{GlimmerHMM_glimmerT_3494-T1;GlimmerHMM}

# EVM prediction: Mode:STANDARD S-ratio: 10000.00 498936-500819 orient(+) score(7536.00) noncoding_equivalent(0.75) raw_noncoding(0.00) offset(0.00)
498936	500819	single+	1	3	{Augustus_model.g3250.t1;Augustus},{GlimmerHMM_glimmerT_3495-T1;GlimmerHMM}

# EVM prediction: Mode:STANDARD S-ratio: 1.00 502065-502283 orient(-) score(438.00) noncoding_equivalent(438.00) raw_noncoding(438.00) offset(0.00)
502283	502065	single-	4	6	{GlimmerHMM_glimmerT_3496-T1;GlimmerHMM}

# EVM prediction: Mode:STANDARD S-ratio: 1.89 503799-505016 orient(-) score(4614.00) noncoding_equivalent(2436.00) raw_noncoding(2436.00) offset(0.00)
505016	503799	single-	4	6	{GlimmerHMM_glimmerT_3497-T1;GlimmerHMM},{HiQ_model.g3251.t1;HiQ}

# EVM prediction: Mode:STANDARD S-ratio: 5.00 505645-506352 orient(-) score(3540.00) noncoding_equivalent(708.00) raw_noncoding(708.00) offset(0.00)
506352	505645	single-	4	6	{HiQ_model.g3252.t1;HiQ},{GlimmerHMM_glimmerT_3498-T1;GlimmerHMM}

# EVM prediction: Mode:STANDARD S-ratio: 1.01 507082-507429 orient(-) score(696.00) noncoding_equivalent(689.23) raw_noncoding(689.23) offset(0.00)
507429	507082	single-	4	6	{GlimmerHMM_glimmerT_3499-T1;GlimmerHMM}

# EVM prediction: Mode:STANDARD S-ratio: 40.30 507517-507998 orient(+) score(6631.00) noncoding_equivalent(164.53) raw_noncoding(263.82) offset(99.29)
507517	507562	initial+	1	1	{Augustus_model.g3253.t1;Augustus}
507563	507612	INTRON			{Augustus_model.g3253.t1;Augustus}
507613	507998	terminal+	2	3	{GlimmerHMM_glimmerT_3500-T1;GlimmerHMM},{snap_scaffold_9-snap.222-T1;snap}

# EVM prediction: Mode:STANDARD S-ratio: 9.88 510123-510608 orient(+) score(2200.00) noncoding_equivalent(222.68) raw_noncoding(222.68) offset(0.00)
510123	510608	single+	1	3	{GlimmerHMM_glimmerT_3501-T1;GlimmerHMM}

# EVM prediction: Mode:STANDARD S-ratio: 11.67 511563-512876 orient(+) score(3629.00) noncoding_equivalent(311.05) raw_noncoding(311.05) offset(0.00)
511563	512876	single+	1	3	{GlimmerHMM_glimmerT_3502-T1;GlimmerHMM}

# EVM prediction: Mode:STANDARD S-ratio: 6.49 513443-514483 orient(+) score(2706.00) noncoding_equivalent(417.00) raw_noncoding(417.00) offset(0.00)
513443	514483	single+	1	3	{GlimmerHMM_glimmerT_3503-T1;GlimmerHMM},{Augustus_model.g3254.t1;Augustus}

# EVM prediction: Mode:STANDARD S-ratio: 1359.55 515159-516562 orient(+) score(9819.00) noncoding_equivalent(7.22) raw_noncoding(7.22) offset(0.00)
515159	516562	single+	1	3	{Augustus_model.g3255.t1;Augustus},{GlimmerHMM_glimmerT_3504-T1;GlimmerHMM}

