!! Predictions spanning range 1327 - 98774 [R1]
# EVM prediction: Mode:STANDARD S-ratio: 461.67 1327-3408 orient(+) score(8310.00) noncoding_equivalent(18.00) raw_noncoding(18.00) offset(0.00) 
1327	3408	single+	1	3	{GlimmerHMM_glimmerT_1721-T1;GlimmerHMM},{Augustus_model.g1598.t1;Augustus}

# EVM prediction: Mode:STANDARD S-ratio: 4.74 3737-4483 orient(-) score(3700.00) noncoding_equivalent(780.15) raw_noncoding(780.15) offset(0.00) 
4483	3737	single-	4	6	{GlimmerHMM_glimmerT_1722-T1;GlimmerHMM},{HiQ_model.g1599.t1;HiQ}

# EVM prediction: Mode:STANDARD S-ratio: 1.91 4650-5156 orient(-) score(1997.00) noncoding_equivalent(1046.09) raw_noncoding(1046.09) offset(0.00) 
5156	4650	single-	4	6	{HiQ_model.g1600.t1;HiQ}

# EVM prediction: Mode:STANDARD S-ratio: 83.36 6213-8045 orient(+) score(7165.00) noncoding_equivalent(85.95) raw_noncoding(85.95) offset(0.00) 
6213	8045	single+	1	3	{GlimmerHMM_glimmerT_1724-T1;GlimmerHMM}

# EVM prediction: Mode:STANDARD S-ratio: 152.00 8864-12535 orient(+) score(14592.00) noncoding_equivalent(96.00) raw_noncoding(96.00) offset(0.00) 
8864	12535	single+	1	3	{GlimmerHMM_glimmerT_1725-T1;GlimmerHMM},{Augustus_model.g1602.t1;Augustus}

# EVM prediction: Mode:STANDARD S-ratio: 5.00 12658-13659 orient(-) score(5010.00) noncoding_equivalent(1002.00) raw_noncoding(1002.00) offset(0.00) 
13659	12658	single-	4	6	{GlimmerHMM_glimmerT_1726-T1;GlimmerHMM},{HiQ_model.g1603.t1;HiQ}

# EVM prediction: Mode:STANDARD S-ratio: 3.01 14983-16167 orient(+) score(3559.00) noncoding_equivalent(1182.52) raw_noncoding(1182.52) offset(0.00) 
14983	16167	single+	1	3	{GlimmerHMM_glimmerT_1727-T1;GlimmerHMM},{Augustus_model.g1604.t1;Augustus}

# EVM prediction: Mode:STANDARD S-ratio: 4.62 16460-17650 orient(+) score(5873.00) noncoding_equivalent(1271.10) raw_noncoding(1271.10) offset(0.00) 
16460	17650	single+	1	3	{HiQ_model.g1605.t1;HiQ},{GlimmerHMM_glimmerT_1728-T1;GlimmerHMM}

# EVM prediction: Mode:STANDARD S-ratio: 10000.00 18117-21503 orient(+) score(13548.00) noncoding_equivalent(1.35) raw_noncoding(0.00) offset(0.00) 
18117	21503	single+	1	3	{Augustus_model.g1606.t1;Augustus},{GlimmerHMM_glimmerT_1729-T1;GlimmerHMM}

# EVM prediction: Mode:STANDARD S-ratio: 4.47 21904-23997 orient(-) score(10269.00) noncoding_equivalent(2295.00) raw_noncoding(2295.00) offset(0.00) 
23997	21904	single-	4	6	{HiQ_model.g1607.t1;HiQ},{GlimmerHMM_glimmerT_1730-T1;GlimmerHMM}

# EVM prediction: Mode:STANDARD S-ratio: 10000.00 24871-25737 orient(+) score(3468.00) noncoding_equivalent(0.35) raw_noncoding(0.00) offset(0.00) 
24871	25737	single+	1	3	{Augustus_model.g1608.t1;Augustus},{GlimmerHMM_glimmerT_1731-T1;GlimmerHMM}

# EVM prediction: Mode:STANDARD S-ratio: 3.58 25938-26972 orient(-) score(4854.00) noncoding_equivalent(1356.00) raw_noncoding(1356.00) offset(0.00) 
26972	25938	single-	4	6	{GlimmerHMM_glimmerT_1732-T1;GlimmerHMM},{HiQ_model.g1609.t1;HiQ}

# EVM prediction: Mode:STANDARD S-ratio: 147.69 27338-29191 orient(+) score(7365.00) noncoding_equivalent(49.87) raw_noncoding(49.87) offset(0.00) 
27338	29191	single+	1	3	{GlimmerHMM_glimmerT_1733-T1;GlimmerHMM},{Augustus_model.g1610.t1;Augustus}

# EVM prediction: Mode:STANDARD S-ratio: 4.77 29856-31529 orient(-) score(8304.00) noncoding_equivalent(1740.00) raw_noncoding(1740.00) offset(0.00) 
31529	29856	single-	4	6	{HiQ_model.g1611.t1;HiQ},{GlimmerHMM_glimmerT_1734-T1;GlimmerHMM}

# EVM prediction: Mode:STANDARD S-ratio: 263.42 31972-32640 orient(+) score(2664.00) noncoding_equivalent(10.11) raw_noncoding(10.11) offset(0.00) 
31972	32640	single+	1	3	{Augustus_model.g1612.t1;Augustus},{GlimmerHMM_glimmerT_1735-T1;GlimmerHMM}

# EVM prediction: Mode:STANDARD S-ratio: 72.43 32835-34376 orient(+) score(6084.00) noncoding_equivalent(84.00) raw_noncoding(84.00) offset(0.00) 
32835	34376	single+	1	3	{Augustus_model.g1613.t1;Augustus},{GlimmerHMM_glimmerT_1736-T1;GlimmerHMM}

# EVM prediction: Mode:STANDARD S-ratio: 9.42 34657-35961 orient(+) score(4719.00) noncoding_equivalent(501.00) raw_noncoding(501.00) offset(0.00) 
34657	35961	single+	1	3	{Augustus_model.g1614.t1;Augustus},{GlimmerHMM_glimmerT_1737-T1;GlimmerHMM}

# EVM prediction: Mode:STANDARD S-ratio: 5.00 36086-36847 orient(-) score(3810.00) noncoding_equivalent(762.00) raw_noncoding(762.00) offset(0.00) 
36847	36086	single-	4	6	{GlimmerHMM_glimmerT_1738-T1;GlimmerHMM},{HiQ_model.g1615.t1;HiQ}

# EVM prediction: Mode:STANDARD S-ratio: 4.88 37116-40214 orient(-) score(15432.00) noncoding_equivalent(3162.00) raw_noncoding(3162.00) offset(0.00) 
40214	37116	single-	4	6	{HiQ_model.g1616.t1;HiQ},{GlimmerHMM_glimmerT_1739-T1;GlimmerHMM}

# EVM prediction: Mode:STANDARD S-ratio: 4.60 40690-43380 orient(-) score(13260.00) noncoding_equivalent(2884.61) raw_noncoding(2884.61) offset(0.00) 
43380	40690	single-	4	6	{GlimmerHMM_glimmerT_1740-T1;GlimmerHMM},{HiQ_model.g1617.t1;HiQ}

# EVM prediction: Mode:STANDARD S-ratio: 3.03 43987-44763 orient(+) score(2331.00) noncoding_equivalent(770.04) raw_noncoding(770.04) offset(0.00) 
43987	44763	single+	1	3	{Augustus_model.g1618.t1;Augustus},{GlimmerHMM_glimmerT_1741-T1;GlimmerHMM}

# EVM prediction: Mode:STANDARD S-ratio: 10000.00 45370-47058 orient(+) score(6756.00) noncoding_equivalent(0.68) raw_noncoding(0.00) offset(0.00) 
45370	47058	single+	1	3	{GlimmerHMM_glimmerT_1742-T1;GlimmerHMM},{Augustus_model.g1619.t1;Augustus}

# EVM prediction: Mode:STANDARD S-ratio: 8.06 47453-49203 orient(-) score(5607.00) noncoding_equivalent(695.85) raw_noncoding(1347.00) offset(651.15) 
48174	47453	terminal-	5	6	{Augustus_model.g1620.t1;Augustus}
48234	48175	INTRON			{Augustus_model.g1620.t1;Augustus}
48260	48235	internal-	6	4	{Augustus_model.g1620.t1;Augustus}
48538	48261	INTRON			{Augustus_model.g1620.t1;Augustus}
49203	48539	initial-	4	5	{Augustus_model.g1620.t1;Augustus}

# EVM prediction: Mode:STANDARD S-ratio: 3.69 49579-50472 orient(-) score(4221.00) noncoding_equivalent(1143.00) raw_noncoding(1143.00) offset(0.00) 
50472	49579	single-	4	6	{GlimmerHMM_glimmerT_1744-T1;GlimmerHMM},{HiQ_model.g1621.t1;HiQ}

# EVM prediction: Mode:STANDARD S-ratio: 5.00 50976-51878 orient(-) score(4515.00) noncoding_equivalent(903.00) raw_noncoding(903.00) offset(0.00) 
51878	50976	single-	4	6	{HiQ_model.g1622.t1;HiQ},{GlimmerHMM_glimmerT_1745-T1;GlimmerHMM}

# EVM prediction: Mode:STANDARD S-ratio: 2.68 52365-53705 orient(+) score(3904.00) noncoding_equivalent(1454.79) raw_noncoding(1454.79) offset(0.00) 
52365	53705	single+	1	3	{GlimmerHMM_glimmerT_1746-T1;GlimmerHMM}

# EVM prediction: Mode:STANDARD S-ratio: 8.81 54089-55021 orient(+) score(3350.00) noncoding_equivalent(380.04) raw_noncoding(380.04) offset(0.00) 
54089	55021	single+	1	3	{GlimmerHMM_glimmerT_1747-T1;GlimmerHMM}

# EVM prediction: Mode:STANDARD S-ratio: 4.78 55542-56039 orient(-) score(2470.00) noncoding_equivalent(516.22) raw_noncoding(516.22) offset(0.00) 
56039	55542	single-	4	6	{HiQ_model.g1624.t1;HiQ},{GlimmerHMM_glimmerT_1748-T1;GlimmerHMM}

# EVM prediction: Mode:STANDARD S-ratio: 4.92 56944-60774 orient(+) score(19104.00) noncoding_equivalent(3882.00) raw_noncoding(3882.00) offset(0.00) 
56944	60774	single+	1	3	{HiQ_model.g1625.t1;HiQ},{GlimmerHMM_glimmerT_1749-T1;GlimmerHMM}

# EVM prediction: Mode:STANDARD S-ratio: 21.84 61165-62226 orient(+) score(4062.00) noncoding_equivalent(186.00) raw_noncoding(186.00) offset(0.00) 
61165	62226	single+	1	3	{GlimmerHMM_glimmerT_1750-T1;GlimmerHMM}

# EVM prediction: Mode:STANDARD S-ratio: 10000.00 62541-63923 orient(+) score(5523.00) noncoding_equivalent(0.55) raw_noncoding(0.00) offset(0.00) 
62541	63923	single+	1	3	{Augustus_model.g1627.t1;Augustus},{GlimmerHMM_glimmerT_1751-T1;GlimmerHMM}

# EVM prediction: Mode:STANDARD S-ratio: 57.40 64555-66075 orient(+) score(4485.00) noncoding_equivalent(78.14) raw_noncoding(78.14) offset(0.00) 
64555	66075	single+	1	3	{GlimmerHMM_glimmerT_1752-T1;GlimmerHMM}

# EVM prediction: Mode:STANDARD S-ratio: 98.46 67528-70125 orient(+) score(7714.00) noncoding_equivalent(78.35) raw_noncoding(78.35) offset(0.00) 
67528	70125	single+	1	3	{GlimmerHMM_glimmerT_1753-T1;GlimmerHMM}

# EVM prediction: Mode:STANDARD S-ratio: 9.19 70617-71465 orient(-) score(3686.00) noncoding_equivalent(401.06) raw_noncoding(1968.00) offset(1566.94) 
70921	70617	terminal-	5	6	{HiQ_model.g1629.t1;HiQ}
71446	70922	INTRON			{HiQ_model.g1629.t1;HiQ},{ev_type:exonerate/ID=match.160399.1907/Target=YPL143W;exonerate},{ev_type:exonerate/ID=match.160399.1252/Target=YOR234C;exonerate}
71465	71447	initial-	4	4	{HiQ_model.g1629.t1;HiQ}

# EVM prediction: Mode:STANDARD S-ratio: 2.30 72661-73107 orient(-) score(2181.00) noncoding_equivalent(947.39) raw_noncoding(947.39) offset(0.00) 
73107	72661	single-	4	6	{GlimmerHMM_glimmerT_1755-T1;GlimmerHMM},{HiQ_model.g1630.t1;HiQ}

# EVM prediction: Mode:STANDARD S-ratio: 4.00 73888-75192 orient(+) score(5220.00) noncoding_equivalent(1305.00) raw_noncoding(1305.00) offset(0.00) 
73888	75192	single+	1	3	{GlimmerHMM_glimmerT_1756-T1;GlimmerHMM},{Augustus_model.g1631.t1;Augustus}

# EVM prediction: Mode:STANDARD S-ratio: 123.71 76058-77425 orient(+) score(5427.00) noncoding_equivalent(43.87) raw_noncoding(43.87) offset(0.00) 
76058	77425	single+	1	3	{GlimmerHMM_glimmerT_1757-T1;GlimmerHMM},{Augustus_model.g1632.t1;Augustus}

# EVM prediction: Mode:STANDARD S-ratio: 4.71 77720-80332 orient(-) score(12930.00) noncoding_equivalent(2747.53) raw_noncoding(2747.53) offset(0.00) 
80332	77720	single-	4	6	{HiQ_model.g1633.t1;HiQ},{GlimmerHMM_glimmerT_1758-T1;GlimmerHMM}

# EVM prediction: Mode:STANDARD S-ratio: 1.00 80772-81293 orient(+) score(1044.00) noncoding_equivalent(1044.00) raw_noncoding(1044.00) offset(0.00) 
80772	81293	single+	1	3	{GlimmerHMM_glimmerT_1759-T1;GlimmerHMM}

# EVM prediction: Mode:STANDARD S-ratio: 20.61 81393-82277 orient(-) score(3375.00) noncoding_equivalent(163.78) raw_noncoding(163.78) offset(0.00) 
82277	81393	single-	4	6	{GlimmerHMM_glimmerT_1760-T1;GlimmerHMM}

# EVM prediction: Mode:STANDARD S-ratio: 133.72 82694-85399 orient(-) score(8056.00) noncoding_equivalent(60.24) raw_noncoding(60.24) offset(0.00) 
85399	82694	single-	4	6	{GlimmerHMM_glimmerT_1761-T1;GlimmerHMM}

# EVM prediction: Mode:STANDARD S-ratio: 28.16 86052-87407 orient(+) score(5238.00) noncoding_equivalent(186.00) raw_noncoding(186.00) offset(0.00) 
86052	87407	single+	1	3	{GlimmerHMM_glimmerT_1762-T1;GlimmerHMM},{Augustus_model.g1635.t1;Augustus}

# EVM prediction: Mode:STANDARD S-ratio: 5.00 87483-88559 orient(-) score(5385.00) noncoding_equivalent(1077.00) raw_noncoding(1077.00) offset(0.00) 
88559	87483	single-	4	6	{HiQ_model.g1636.t1;HiQ},{GlimmerHMM_glimmerT_1763-T1;GlimmerHMM}

# EVM prediction: Mode:STANDARD S-ratio: 10000.00 89395-91860 orient(+) score(7398.00) noncoding_equivalent(0.74) raw_noncoding(0.00) offset(0.00) 
89395	91860	single+	1	3	{GlimmerHMM_glimmerT_1764-T1;GlimmerHMM},{Augustus_model.g1637.t1;Augustus}

# EVM prediction: Mode:STANDARD S-ratio: 27.65 92655-93872 orient(+) score(4702.00) noncoding_equivalent(170.07) raw_noncoding(170.07) offset(0.00) 
92655	93872	single+	1	3	{GlimmerHMM_glimmerT_1765-T1;GlimmerHMM}

# EVM prediction: Mode:STANDARD S-ratio: 14.87 94047-96372 orient(+) score(6204.00) noncoding_equivalent(417.19) raw_noncoding(984.36) offset(567.17) 
94047	94052	initial+	1	3	{snap_scaffold_4-snap.259-T1;snap}
94053	94407	INTRON			{snap_scaffold_4-snap.259-T1;snap}
94408	96372	terminal+	1	3	{snap_scaffold_4-snap.259-T1;snap}

# EVM prediction: Mode:STANDARD S-ratio: 5.99 96821-97675 orient(+) score(2931.00) noncoding_equivalent(489.00) raw_noncoding(489.00) offset(0.00) 
96821	97675	single+	1	3	{GlimmerHMM_glimmerT_1767-T1;GlimmerHMM},{Augustus_model.g1639.t1;Augustus}

# EVM prediction: Mode:STANDARD S-ratio: 2.00 97827-98774 orient(-) score(3792.00) noncoding_equivalent(1896.00) raw_noncoding(1896.00) offset(0.00) 
98774	97827	single-	4	6	{GlimmerHMM_glimmerT_1768-T1;GlimmerHMM},{HiQ_model.g1640.t1;HiQ}

