!! Predictions spanning range 16521 - 98561 [R1]
# EVM prediction: Mode:STANDARD S-ratio: 10000.00 16521-17033 orient(+) score(1026.00) noncoding_equivalent(0.10) raw_noncoding(0.00) offset(0.00) 
16521	17033	single+	1	3	{Augustus_gene286.t1;Augustus}

# EVM prediction: Mode:STANDARD S-ratio: 10000.00 17213-18712 orient(-) score(3000.00) noncoding_equivalent(0.30) raw_noncoding(0.00) offset(0.00) 
18712	17213	single-	4	6	{Augustus_gene693.t1;Augustus}

# EVM prediction: Mode:STANDARD S-ratio: 10000.00 19033-21291 orient(-) score(4518.00) noncoding_equivalent(0.45) raw_noncoding(0.00) offset(0.00) 
21291	19033	single-	4	6	{Augustus_gene289.t1;Augustus}

# EVM prediction: Mode:STANDARD S-ratio: 10000.00 27905-29251 orient(+) score(2694.00) noncoding_equivalent(0.27) raw_noncoding(0.00) offset(0.00) 
27905	29251	single+	1	3	{Augustus_gene993.t1;Augustus}

# EVM prediction: Mode:STANDARD S-ratio: 10000.00 29465-30385 orient(-) score(1842.00) noncoding_equivalent(0.18) raw_noncoding(0.00) offset(0.00) 
30385	29465	single-	4	6	{Augustus_gene386.t1;Augustus}

# EVM prediction: Mode:STANDARD S-ratio: 10000.00 35319-36614 orient(-) score(2592.00) noncoding_equivalent(0.26) raw_noncoding(0.00) offset(0.00) 
36614	35319	single-	4	6	{Augustus_gene192.t1;Augustus}

# EVM prediction: Mode:STANDARD S-ratio: 10000.00 54708-58262 orient(-) score(7110.00) noncoding_equivalent(0.71) raw_noncoding(0.00) offset(0.00) 
58262	54708	single-	4	6	{Augustus_gene862.t1;Augustus}

# EVM prediction: Mode:STANDARD S-ratio: 10000.00 71542-73077 orient(+) score(3072.00) noncoding_equivalent(0.31) raw_noncoding(0.00) offset(0.00) 
71542	73077	single+	1	3	{Augustus_gene368.t1;Augustus}

# EVM prediction: Mode:STANDARD S-ratio: 10000.00 82766-84277 orient(+) score(3024.00) noncoding_equivalent(0.30) raw_noncoding(0.00) offset(0.00) 
82766	84277	single+	1	3	{Augustus_gene632.t1;Augustus}

# EVM prediction: Mode:STANDARD S-ratio: 10000.00 87548-90046 orient(+) score(4998.00) noncoding_equivalent(0.50) raw_noncoding(0.00) offset(0.00) 
87548	90046	single+	1	3	{Augustus_gene619.t1;Augustus}

# EVM prediction: Mode:STANDARD S-ratio: 10000.00 90659-93748 orient(+) score(6180.00) noncoding_equivalent(0.62) raw_noncoding(0.00) offset(0.00) 
90659	93748	single+	1	3	{Augustus_gene1141.t1;Augustus}

# EVM prediction: Mode:STANDARD S-ratio: 10000.00 95981-97474 orient(+) score(2988.00) noncoding_equivalent(0.30) raw_noncoding(0.00) offset(0.00) 
95981	97474	single+	1	3	{Augustus_gene745.t1;Augustus}

# EVM prediction: Mode:STANDARD S-ratio: 10000.00 97692-98561 orient(+) score(1740.00) noncoding_equivalent(0.17) raw_noncoding(0.00) offset(0.00) 
97692	98561	single+	1	3	{Augustus_gene1010.t1;Augustus}

