!! Predictions spanning range 4880 - 81340 [R1]
# EVM prediction: Mode:STANDARD S-ratio: 10000.00 4880-7495 orient(-) score(5232.00) noncoding_equivalent(0.52) raw_noncoding(0.00) offset(0.00) 
7495	4880	single-	4	6	{Augustus_gene904.t1;Augustus}

# EVM prediction: Mode:STANDARD S-ratio: 10000.00 10711-11613 orient(-) score(1806.00) noncoding_equivalent(0.18) raw_noncoding(0.00) offset(0.00) 
11613	10711	single-	4	6	{Augustus_gene735.t1;Augustus}

# EVM prediction: Mode:STANDARD S-ratio: 10000.00 15585-17045 orient(+) score(2922.00) noncoding_equivalent(0.29) raw_noncoding(0.00) offset(0.00) 
15585	17045	single+	1	3	{Augustus_gene610.t1;Augustus}

# EVM prediction: Mode:STANDARD S-ratio: 10000.00 33105-33863 orient(+) score(1518.00) noncoding_equivalent(0.15) raw_noncoding(0.00) offset(0.00) 
33105	33863	single+	1	3	{Augustus_gene1128.t1;Augustus}

# EVM prediction: Mode:STANDARD S-ratio: 10000.00 51409-52776 orient(-) score(2736.00) noncoding_equivalent(0.27) raw_noncoding(0.00) offset(0.00) 
52776	51409	single-	4	6	{Augustus_gene1123.t1;Augustus}

# EVM prediction: Mode:STANDARD S-ratio: 10000.00 53439-55169 orient(+) score(3462.00) noncoding_equivalent(0.35) raw_noncoding(0.00) offset(0.00) 
53439	55169	single+	1	3	{Augustus_gene270.t1;Augustus}

# EVM prediction: Mode:STANDARD S-ratio: 10000.00 58482-58826 orient(+) score(690.00) noncoding_equivalent(0.07) raw_noncoding(0.00) offset(0.00) 
58482	58826	single+	1	3	{Augustus_gene524.t1;Augustus}

# EVM prediction: Mode:STANDARD S-ratio: 10000.00 60138-61448 orient(-) score(2622.00) noncoding_equivalent(0.26) raw_noncoding(0.00) offset(0.00) 
61448	60138	single-	4	6	{Augustus_gene796.t1;Augustus}

# EVM prediction: Mode:STANDARD S-ratio: 10000.00 64077-65906 orient(+) score(3660.00) noncoding_equivalent(0.37) raw_noncoding(0.00) offset(0.00) 
64077	65906	single+	1	3	{Augustus_gene173.t1;Augustus}

# EVM prediction: Mode:STANDARD S-ratio: 10000.00 80258-81340 orient(-) score(2166.00) noncoding_equivalent(0.22) raw_noncoding(0.00) offset(0.00) 
81340	80258	single-	4	6	{Augustus_gene352.t1;Augustus}

