!! Predictions spanning range 4662 - 79441 [R1]
# EVM prediction: Mode:STANDARD S-ratio: 10000.00 4662-5384 orient(+) score(1446.00) noncoding_equivalent(0.14) raw_noncoding(0.00) offset(0.00) 
4662	5384	single+	1	3	{Augustus_gene801.t1;Augustus}

# EVM prediction: Mode:STANDARD S-ratio: 10000.00 5658-6680 orient(-) score(2046.00) noncoding_equivalent(0.20) raw_noncoding(0.00) offset(0.00) 
6680	5658	single-	4	6	{Augustus_gene477.t1;Augustus}

# EVM prediction: Mode:STANDARD S-ratio: 10000.00 29193-29444 orient(-) score(504.00) noncoding_equivalent(0.05) raw_noncoding(0.00) offset(0.00) 
29444	29193	single-	4	6	{Augustus_gene872.t1;Augustus}

# EVM prediction: Mode:STANDARD S-ratio: 10000.00 39300-41966 orient(-) score(5334.00) noncoding_equivalent(0.53) raw_noncoding(0.00) offset(0.00) 
41966	39300	single-	4	6	{Augustus_gene36.t1;Augustus}

# EVM prediction: Mode:STANDARD S-ratio: 10000.00 50582-51235 orient(-) score(1308.00) noncoding_equivalent(0.13) raw_noncoding(0.00) offset(0.00) 
51235	50582	single-	4	6	{Augustus_gene519.t1;Augustus}

# EVM prediction: Mode:STANDARD S-ratio: 10000.00 55529-57337 orient(-) score(3618.00) noncoding_equivalent(0.36) raw_noncoding(0.00) offset(0.00) 
57337	55529	single-	4	6	{Augustus_gene544.t1;Augustus}

# EVM prediction: Mode:STANDARD S-ratio: 10000.00 63995-64684 orient(-) score(1380.00) noncoding_equivalent(0.14) raw_noncoding(0.00) offset(0.00) 
64684	63995	single-	4	6	{Augustus_gene658.t1;Augustus}

# EVM prediction: Mode:STANDARD S-ratio: 10000.00 65236-67023 orient(+) score(3576.00) noncoding_equivalent(0.36) raw_noncoding(0.00) offset(0.00) 
65236	67023	single+	1	3	{Augustus_gene353.t1;Augustus}

# EVM prediction: Mode:STANDARD S-ratio: 10000.00 70625-71170 orient(-) score(1092.00) noncoding_equivalent(0.11) raw_noncoding(0.00) offset(0.00) 
71170	70625	single-	4	6	{Augustus_gene825.t1;Augustus}

# EVM prediction: Mode:STANDARD S-ratio: 10000.00 71421-71975 orient(+) score(1110.00) noncoding_equivalent(0.11) raw_noncoding(0.00) offset(0.00) 
71421	71975	single+	1	3	{Augustus_gene375.t1;Augustus}

# EVM prediction: Mode:STANDARD S-ratio: 10000.00 78393-79441 orient(-) score(2098.00) noncoding_equivalent(0.21) raw_noncoding(0.00) offset(0.00) 
79441	78393	terminal-	5	6	{Augustus_gene455.t1;Augustus}

!! Predictions spanning range 79932 - 87844 [R2]
# EVM prediction: Mode:STANDARD S-ratio: 10000.00 79932-82851 orient(-) score(5840.00) noncoding_equivalent(0.58) raw_noncoding(0.00) offset(0.00) 
80496	79932	internal-	4	4	{Augustus_gene455.t1;Augustus}
80539	80497	INTRON			{Augustus_gene455.t1;Augustus}
80628	80540	internal-	5	6	{Augustus_gene455.t1;Augustus}
80672	80629	INTRON			{Augustus_gene455.t1;Augustus}
82851	80673	initial-	4	4	{Augustus_gene455.t1;Augustus}

# EVM prediction: Mode:STANDARD S-ratio: 10000.00 87179-87844 orient(+) score(1332.00) noncoding_equivalent(0.13) raw_noncoding(0.00) offset(0.00) 
87179	87844	single+	1	3	{Augustus_gene1013.t1;Augustus}

