!! Predictions spanning range 3074 - 99303 [R1]
# EVM prediction: Mode:STANDARD S-ratio: 1815.00 3074-4921 orient(+) score(7380.00) noncoding_equivalent(4.07) raw_noncoding(4.07) offset(0.00) 
3074	4921	single+	1	3	{GlimmerHMM_glimmerT_4852-T1;GlimmerHMM},{Augustus_model.g4487.t1;Augustus}

# EVM prediction: Mode:STANDARD S-ratio: 4.06 5630-7036 orient(-) score(3387.00) noncoding_equivalent(834.00) raw_noncoding(834.00) offset(0.00) 
7036	5630	single-	4	6	{GlimmerHMM_glimmerT_4853-T1;GlimmerHMM}

# EVM prediction: Mode:STANDARD S-ratio: 490.98 8338-10107 orient(+) score(12363.00) noncoding_equivalent(25.18) raw_noncoding(25.18) offset(0.00) 
8338	10107	single+	1	3	{GlimmerHMM_glimmerT_4854-T1;GlimmerHMM},{Augustus_model.g4489.t1;Augustus}

# EVM prediction: Mode:STANDARD S-ratio: 124.33 12389-13516 orient(+) score(4476.00) noncoding_equivalent(36.00) raw_noncoding(36.00) offset(0.00) 
12389	13516	single+	1	3	{Augustus_model.g4490.t1;Augustus}

# EVM prediction: Mode:STANDARD S-ratio: 18.29 14173-15474 orient(+) score(4938.00) noncoding_equivalent(270.00) raw_noncoding(270.00) offset(0.00) 
14173	15474	single+	1	3	{GlimmerHMM_glimmerT_4856-T1;GlimmerHMM},{Augustus_model.g4491.t1;Augustus}

# EVM prediction: Mode:STANDARD S-ratio: 10000.00 15735-16667 orient(+) score(3732.00) noncoding_equivalent(0.37) raw_noncoding(0.00) offset(0.00) 
15735	16667	single+	1	3	{Augustus_model.g4492.t1;Augustus},{GlimmerHMM_glimmerT_4857-T1;GlimmerHMM}

# EVM prediction: Mode:STANDARD S-ratio: 151.00 17285-18310 orient(+) score(4077.00) noncoding_equivalent(27.00) raw_noncoding(27.00) offset(0.00) 
17285	18310	single+	1	3	{Augustus_model.g4493.t1;Augustus},{GlimmerHMM_glimmerT_4858-T1;GlimmerHMM}

# EVM prediction: Mode:STANDARD S-ratio: 138.56 18601-19542 orient(+) score(3741.00) noncoding_equivalent(27.00) raw_noncoding(27.00) offset(0.00) 
18601	19542	single+	1	3	{Augustus_model.g4494.t1;Augustus},{GlimmerHMM_glimmerT_4859-T1;GlimmerHMM}

# EVM prediction: Mode:STANDARD S-ratio: 5.00 20067-24500 orient(-) score(22170.00) noncoding_equivalent(4434.00) raw_noncoding(4434.00) offset(0.00) 
24500	20067	single-	4	6	{HiQ_model.g4495.t1;HiQ},{GlimmerHMM_glimmerT_4860-T1;GlimmerHMM}

# EVM prediction: Mode:STANDARD S-ratio: 10000.00 25600-26403 orient(+) score(3207.00) noncoding_equivalent(0.32) raw_noncoding(0.00) offset(0.00) 
25600	26403	single+	1	3	{Augustus_model.g4496.t1;Augustus},{GlimmerHMM_glimmerT_4861-T1;GlimmerHMM}

# EVM prediction: Mode:STANDARD S-ratio: 29.35 27353-28513 orient(+) score(4491.00) noncoding_equivalent(153.00) raw_noncoding(153.00) offset(0.00) 
27353	28513	single+	1	3	{GlimmerHMM_glimmerT_4862-T1;GlimmerHMM},{Augustus_model.g4497.t1;Augustus}

# EVM prediction: Mode:STANDARD S-ratio: 5.00 28848-30581 orient(-) score(8670.00) noncoding_equivalent(1734.00) raw_noncoding(1734.00) offset(0.00) 
30581	28848	single-	4	6	{HiQ_model.g4498.t1;HiQ},{GlimmerHMM_glimmerT_4863-T1;GlimmerHMM}

# EVM prediction: Mode:STANDARD S-ratio: 3.01 30751-31668 orient(+) score(2754.00) noncoding_equivalent(914.21) raw_noncoding(914.21) offset(0.00) 
30751	31668	single+	1	3	{Augustus_model.g4499.t1;Augustus},{GlimmerHMM_glimmerT_4864-T1;GlimmerHMM}

# EVM prediction: Mode:STANDARD S-ratio: 95.35 31832-33493 orient(+) score(6579.00) noncoding_equivalent(69.00) raw_noncoding(69.00) offset(0.00) 
31832	33493	single+	1	3	{GlimmerHMM_glimmerT_4865-T1;GlimmerHMM},{Augustus_model.g4500.t1;Augustus}

# EVM prediction: Mode:STANDARD S-ratio: 1.95 33555-34091 orient(-) score(2085.00) noncoding_equivalent(1068.16) raw_noncoding(1068.16) offset(0.00) 
34091	33555	single-	4	6	{GlimmerHMM_glimmerT_4866-T1;GlimmerHMM},{HiQ_model.g4501.t1;HiQ}

# EVM prediction: Mode:STANDARD S-ratio: 10000.00 34209-37409 orient(+) score(12804.00) noncoding_equivalent(1.28) raw_noncoding(0.00) offset(0.00) 
34209	37409	single+	1	3	{Augustus_model.g4502.t1;Augustus},{GlimmerHMM_glimmerT_4867-T1;GlimmerHMM}

# EVM prediction: Mode:STANDARD S-ratio: 10000.00 38065-38589 orient(+) score(2100.00) noncoding_equivalent(0.21) raw_noncoding(0.00) offset(0.00) 
38065	38589	single+	1	3	{Augustus_model.g4503.t1;Augustus},{GlimmerHMM_glimmerT_4868-T1;GlimmerHMM}

# EVM prediction: Mode:STANDARD S-ratio: 5.41 38803-39504 orient(+) score(2370.00) noncoding_equivalent(438.00) raw_noncoding(438.00) offset(0.00) 
38803	39504	single+	1	3	{Augustus_model.g4504.t1;Augustus},{GlimmerHMM_glimmerT_4869-T1;GlimmerHMM}

# EVM prediction: Mode:STANDARD S-ratio: 5.00 39610-45513 orient(-) score(29520.00) noncoding_equivalent(5904.00) raw_noncoding(5904.00) offset(0.00) 
45513	39610	single-	4	6	{GlimmerHMM_glimmerT_4870-T1;GlimmerHMM},{HiQ_model.g4505.t1;HiQ}

# EVM prediction: Mode:STANDARD S-ratio: 10000.00 45793-49929 orient(-) score(16548.00) noncoding_equivalent(1.65) raw_noncoding(0.00) offset(0.00) 
49929	45793	single-	4	6	{GlimmerHMM_glimmerT_4871-T1;GlimmerHMM},{Augustus_model.g4506.t1;Augustus}

# EVM prediction: Mode:STANDARD S-ratio: 1.00 50646-51242 orient(+) score(1194.00) noncoding_equivalent(1194.00) raw_noncoding(1194.00) offset(0.00) 
50646	51242	single+	1	3	{GlimmerHMM_glimmerT_4872-T1;GlimmerHMM}

# EVM prediction: Mode:STANDARD S-ratio: 15.00 51564-52295 orient(+) score(2745.00) noncoding_equivalent(183.00) raw_noncoding(183.00) offset(0.00) 
51564	52295	single+	1	3	{Augustus_model.g4507.t1;Augustus},{GlimmerHMM_glimmerT_4873-T1;GlimmerHMM}

# EVM prediction: Mode:STANDARD S-ratio: 5.00 52542-54647 orient(-) score(10530.00) noncoding_equivalent(2106.00) raw_noncoding(2106.00) offset(0.00) 
54647	52542	single-	4	6	{HiQ_model.g4508.t1;HiQ},{GlimmerHMM_glimmerT_4874-T1;GlimmerHMM}

# EVM prediction: Mode:STANDARD S-ratio: 284.85 55449-57704 orient(+) score(8991.00) noncoding_equivalent(31.56) raw_noncoding(31.56) offset(0.00) 
55449	57704	single+	1	3	{Augustus_model.g4509.t1;Augustus},{GlimmerHMM_glimmerT_4875-T1;GlimmerHMM}

# EVM prediction: Mode:STANDARD S-ratio: 6.48 58061-59335 orient(+) score(4418.00) noncoding_equivalent(681.30) raw_noncoding(681.30) offset(0.00) 
58061	59335	single+	1	3	{GlimmerHMM_glimmerT_4876-T1;GlimmerHMM}

# EVM prediction: Mode:STANDARD S-ratio: 10.15 59540-60325 orient(+) score(2862.00) noncoding_equivalent(282.00) raw_noncoding(282.00) offset(0.00) 
59540	60325	single+	1	3	{GlimmerHMM_glimmerT_4877-T1;GlimmerHMM}

# EVM prediction: Mode:STANDARD S-ratio: 10000.00 60549-62978 orient(+) score(9720.00) noncoding_equivalent(0.97) raw_noncoding(0.00) offset(0.00) 
60549	62978	single+	1	3	{GlimmerHMM_glimmerT_4878-T1;GlimmerHMM},{Augustus_model.g4511.t1;Augustus}

# EVM prediction: Mode:STANDARD S-ratio: 4.65 63211-64815 orient(-) score(7925.00) noncoding_equivalent(1703.40) raw_noncoding(1703.40) offset(0.00) 
64815	63211	single-	4	6	{HiQ_model.g4512.t1;HiQ}

# EVM prediction: Mode:STANDARD S-ratio: 10000.00 66533-69628 orient(+) score(12384.00) noncoding_equivalent(1.24) raw_noncoding(0.00) offset(0.00) 
66533	69628	single+	1	3	{Augustus_model.g4513.t1;Augustus},{GlimmerHMM_glimmerT_4880-T1;GlimmerHMM}

# EVM prediction: Mode:STANDARD S-ratio: 121.33 69994-71094 orient(+) score(4368.00) noncoding_equivalent(36.00) raw_noncoding(36.00) offset(0.00) 
69994	71094	single+	1	3	{GlimmerHMM_glimmerT_4881-T1;GlimmerHMM},{Augustus_model.g4514.t1;Augustus}

# EVM prediction: Mode:STANDARD S-ratio: 5.99 71196-72674 orient(-) score(8859.00) noncoding_equivalent(1479.00) raw_noncoding(1479.00) offset(0.00) 
72674	71196	single-	4	6	{GlimmerHMM_glimmerT_4882-T1;GlimmerHMM},{HiQ_model.g4515.t1;HiQ}

# EVM prediction: Mode:STANDARD S-ratio: 3.00 73356-74777 orient(+) score(4266.00) noncoding_equivalent(1422.00) raw_noncoding(1422.00) offset(0.00) 
73356	74777	single+	1	3	{GlimmerHMM_glimmerT_4883-T1;GlimmerHMM}

# EVM prediction: Mode:STANDARD S-ratio: 5.61 75060-76373 orient(-) score(7806.00) noncoding_equivalent(1392.00) raw_noncoding(1392.00) offset(0.00) 
76373	75060	single-	4	6	{HiQ_model.g4517.t1;HiQ},{GlimmerHMM_glimmerT_4884-T1;GlimmerHMM}

# EVM prediction: Mode:STANDARD S-ratio: 258.86 78160-78942 orient(+) score(3118.00) noncoding_equivalent(12.04) raw_noncoding(12.04) offset(0.00) 
78160	78942	single+	1	3	{Augustus_model.g4518.t1;Augustus},{GlimmerHMM_glimmerT_4885-T1;GlimmerHMM}

# EVM prediction: Mode:STANDARD S-ratio: 4.90 79112-80431 orient(-) score(6575.00) noncoding_equivalent(1343.07) raw_noncoding(1343.07) offset(0.00) 
80431	79112	single-	4	6	{GlimmerHMM_glimmerT_4886-T1;GlimmerHMM},{HiQ_model.g4519.t1;HiQ}

# EVM prediction: Mode:STANDARD S-ratio: 4.88 81072-81662 orient(-) score(2943.00) noncoding_equivalent(603.00) raw_noncoding(603.00) offset(0.00) 
81662	81072	single-	4	6	{HiQ_model.g4520.t1;HiQ},{GlimmerHMM_glimmerT_4887-T1;GlimmerHMM}

# EVM prediction: Mode:STANDARD S-ratio: 10000.00 83779-86124 orient(+) score(9384.00) noncoding_equivalent(0.94) raw_noncoding(0.00) offset(0.00) 
83779	86124	single+	1	3	{Augustus_model.g4521.t1;Augustus},{GlimmerHMM_glimmerT_4888-T1;GlimmerHMM}

# EVM prediction: Mode:STANDARD S-ratio: 30.21 88021-89247 orient(-) score(4743.00) noncoding_equivalent(157.00) raw_noncoding(157.00) offset(0.00) 
89247	88021	single-	4	6	{GlimmerHMM_glimmerT_4889-T1;GlimmerHMM},{Augustus_model.g4522.t1;Augustus}

# EVM prediction: Mode:STANDARD S-ratio: 3.41 90587-91354 orient(-) score(3564.00) noncoding_equivalent(1044.00) raw_noncoding(1044.00) offset(0.00) 
91354	90587	single-	4	6	{HiQ_model.g4523.t1;HiQ},{GlimmerHMM_glimmerT_4890-T1;GlimmerHMM}

# EVM prediction: Mode:STANDARD S-ratio: 4.55 91645-92364 orient(-) score(3540.00) noncoding_equivalent(778.48) raw_noncoding(778.48) offset(0.00) 
92364	91645	single-	4	6	{HiQ_model.g4524.t1;HiQ},{GlimmerHMM_glimmerT_4891-T1;GlimmerHMM}

# EVM prediction: Mode:STANDARD S-ratio: 10000.00 93058-94848 orient(+) score(7155.00) noncoding_equivalent(0.72) raw_noncoding(0.00) offset(0.00) 
93058	94848	single+	1	3	{Augustus_model.g4525.t1;Augustus},{GlimmerHMM_glimmerT_4892-T1;GlimmerHMM}

# EVM prediction: Mode:STANDARD S-ratio: 47.87 95266-97569 orient(+) score(9028.00) noncoding_equivalent(188.59) raw_noncoding(188.59) offset(0.00) 
95266	97569	single+	1	3	{GlimmerHMM_glimmerT_4893-T1;GlimmerHMM}

# EVM prediction: Mode:STANDARD S-ratio: 18.85 97744-99303 orient(+) score(5429.00) noncoding_equivalent(288.04) raw_noncoding(755.80) offset(467.76) 
97744	97747	initial+	1	1	{snap_scaffold_18-snap.39-T1;snap}
97748	97855	INTRON			{snap_scaffold_18-snap.39-T1;snap}
97856	97861	internal+	2	1	{snap_scaffold_18-snap.39-T1;snap}
97862	98002	INTRON			{snap_scaffold_18-snap.39-T1;snap}
98003	99303	terminal+	2	3	{snap_scaffold_18-snap.39-T1;snap}

