!! Predictions spanning range 7031 - 64202 [R1]
# EVM prediction: Mode:STANDARD S-ratio: 10000.00 7031-7771 orient(-) score(1482.00) noncoding_equivalent(0.15) raw_noncoding(0.00) offset(0.00) 
7771	7031	single-	4	6	{Augustus_gene548.t1;Augustus}

# EVM prediction: Mode:STANDARD S-ratio: 10000.00 8835-10589 orient(+) score(3510.00) noncoding_equivalent(0.35) raw_noncoding(0.00) offset(0.00) 
8835	10589	single+	1	3	{Augustus_gene688.t1;Augustus}

# EVM prediction: Mode:STANDARD S-ratio: 10000.00 25237-26421 orient(+) score(2370.00) noncoding_equivalent(0.24) raw_noncoding(0.00) offset(0.00) 
25237	26421	single+	1	3	{Augustus_gene1213.t1;Augustus}

# EVM prediction: Mode:STANDARD S-ratio: 10000.00 38051-38368 orient(-) score(636.00) noncoding_equivalent(0.06) raw_noncoding(0.00) offset(0.00) 
38368	38051	single-	4	6	{Augustus_gene961.t1;Augustus}

# EVM prediction: Mode:STANDARD S-ratio: 10000.00 43547-47824 orient(+) score(8556.00) noncoding_equivalent(0.86) raw_noncoding(0.00) offset(0.00) 
43547	43602	initial+	1	2	{Augustus_gene1045.t1;Augustus}
43603	43649	INTRON			{Augustus_gene1045.t1;Augustus}
43650	43679	internal+	3	2	{Augustus_gene1045.t1;Augustus}
43680	43728	INTRON			{Augustus_gene1045.t1;Augustus}
43729	45281	internal+	3	1	{Augustus_gene1045.t1;Augustus}
45282	46727	INTRON			{Augustus_gene1045.t1;Augustus}
46728	47824	terminal+	2	3	{Augustus_gene1045.t1;Augustus}

# EVM prediction: Mode:STANDARD S-ratio: 10000.00 48228-49718 orient(+) score(2982.00) noncoding_equivalent(0.30) raw_noncoding(0.00) offset(0.00) 
48228	49718	single+	1	3	{Augustus_gene945.t1;Augustus}

# EVM prediction: Mode:STANDARD S-ratio: 10000.00 53058-53804 orient(+) score(1494.00) noncoding_equivalent(0.15) raw_noncoding(0.00) offset(0.00) 
53058	53804	single+	1	3	{Augustus_gene1112.t1;Augustus}

# EVM prediction: Mode:STANDARD S-ratio: 10000.00 54097-55824 orient(+) score(3456.00) noncoding_equivalent(0.35) raw_noncoding(0.00) offset(0.00) 
54097	55824	single+	1	3	{Augustus_gene515.t1;Augustus}

# EVM prediction: Mode:STANDARD S-ratio: 10000.00 63495-64202 orient(-) score(1416.00) noncoding_equivalent(0.14) raw_noncoding(0.00) offset(0.00) 
64202	63495	single-	4	6	{Augustus_gene1217.t1;Augustus}

