!! Predictions spanning range 1392 - 70370 [R1]
# EVM prediction: Mode:STANDARD S-ratio: 10000.00 1392-2276 orient(-) score(1770.00) noncoding_equivalent(0.18) raw_noncoding(0.00) offset(0.00) 
2276	1392	single-	4	6	{Augustus_gene404.t1;Augustus}

# EVM prediction: Mode:STANDARD S-ratio: 10000.00 4305-4931 orient(+) score(1254.00) noncoding_equivalent(0.13) raw_noncoding(0.00) offset(0.00) 
4305	4931	single+	1	3	{Augustus_gene21.t1;Augustus}

# EVM prediction: Mode:STANDARD S-ratio: 10000.00 5173-5862 orient(+) score(1380.00) noncoding_equivalent(0.14) raw_noncoding(0.00) offset(0.00) 
5173	5862	single+	1	3	{Augustus_gene665.t1;Augustus}

# EVM prediction: Mode:STANDARD S-ratio: 10000.00 8607-10532 orient(-) score(3852.00) noncoding_equivalent(0.39) raw_noncoding(0.00) offset(0.00) 
10532	8607	single-	4	6	{Augustus_gene1176.t1;Augustus}

# EVM prediction: Mode:STANDARD S-ratio: 10000.00 19015-20916 orient(-) score(3804.00) noncoding_equivalent(0.38) raw_noncoding(0.00) offset(0.00) 
20916	19015	single-	4	6	{Augustus_gene865.t1;Augustus}

# EVM prediction: Mode:STANDARD S-ratio: 10000.00 27436-28845 orient(+) score(2820.00) noncoding_equivalent(0.28) raw_noncoding(0.00) offset(0.00) 
27436	28845	single+	1	3	{Augustus_gene1110.t1;Augustus}

# EVM prediction: Mode:STANDARD S-ratio: 10000.00 29117-29968 orient(-) score(1704.00) noncoding_equivalent(0.17) raw_noncoding(0.00) offset(0.00) 
29968	29117	single-	4	6	{Augustus_gene667.t1;Augustus}

# EVM prediction: Mode:STANDARD S-ratio: 10000.00 34595-35269 orient(+) score(1350.00) noncoding_equivalent(0.14) raw_noncoding(0.00) offset(0.00) 
34595	35269	single+	1	3	{Augustus_gene1075.t1;Augustus}

# EVM prediction: Mode:STANDARD S-ratio: 10000.00 38721-39959 orient(+) score(2478.00) noncoding_equivalent(0.25) raw_noncoding(0.00) offset(0.00) 
38721	39959	single+	1	3	{Augustus_gene898.t1;Augustus}

# EVM prediction: Mode:STANDARD S-ratio: 10000.00 48518-49483 orient(-) score(1932.00) noncoding_equivalent(0.19) raw_noncoding(0.00) offset(0.00) 
49483	48518	single-	4	6	{Augustus_gene614.t1;Augustus}

# EVM prediction: Mode:STANDARD S-ratio: 10000.00 68397-70370 orient(-) score(3948.00) noncoding_equivalent(0.39) raw_noncoding(0.00) offset(0.00) 
70370	68397	single-	4	6	{Augustus_gene871.t1;Augustus}

