!! Predictions spanning range 6160 - 95402 [R1]
# EVM prediction: Mode:STANDARD S-ratio: 52.89 6590-7789 orient(+) score(4707.00) noncoding_equivalent(88.99) raw_noncoding(88.99) offset(0.00) 
6590	7789	single+	1	3	{Augustus_model.g1129.t1;Augustus},{GlimmerHMM_glimmerT_1263-T1;GlimmerHMM}

# EVM prediction: Mode:STANDARD S-ratio: 1.97 9238-11121 orient(+) score(3199.00) noncoding_equivalent(1622.45) raw_noncoding(3176.71) offset(1554.26) 
9238	9637	initial+	1	1	{Augustus_model.g1130.t1;Augustus}
9638	10412	INTRON			{Augustus_model.g1130.t1;Augustus}
10413	10704	internal+	2	2	{Augustus_model.g1130.t1;Augustus}
10705	10751	INTRON			{Augustus_model.g1130.t1;Augustus}
10752	11121	terminal+	3	3	{Augustus_model.g1130.t1;Augustus}

# EVM prediction: Mode:STANDARD S-ratio: 2.90 12273-13727 orient(-) score(2910.00) noncoding_equivalent(1002.01) raw_noncoding(1002.01) offset(0.00) 
13727	12273	single-	4	6	{Augustus_model.g1131.t1;Augustus},{GlimmerHMM_glimmerT_1265-T1;GlimmerHMM}

# EVM prediction: Mode:STANDARD S-ratio: 189.40 14385-14915 orient(+) score(2111.00) noncoding_equivalent(11.15) raw_noncoding(11.15) offset(0.00) 
14385	14915	single+	1	3	{GlimmerHMM_glimmerT_1266-T1;GlimmerHMM},{Augustus_model.g1132.t1;Augustus}

# EVM prediction: Mode:STANDARD S-ratio: 3.99 15347-15748 orient(-) score(1927.00) noncoding_equivalent(483.19) raw_noncoding(483.19) offset(0.00) 
15748	15347	single-	4	6	{GlimmerHMM_glimmerT_1267-T1;GlimmerHMM},{HiQ_model.g1133.t1;HiQ}

# EVM prediction: Mode:STANDARD S-ratio: 31.40 17377-18672 orient(+) score(3768.00) noncoding_equivalent(120.00) raw_noncoding(120.00) offset(0.00) 
17377	18672	single+	1	3	{Augustus_model.g1134.t1;Augustus},{GlimmerHMM_glimmerT_1268-T1;GlimmerHMM}

# EVM prediction: Mode:STANDARD S-ratio: 122.33 20226-22445 orient(-) score(6606.00) noncoding_equivalent(54.00) raw_noncoding(54.00) offset(0.00) 
22445	20226	single-	4	6	{GlimmerHMM_glimmerT_1269-T1;GlimmerHMM},{Augustus_model.g1135.t1;Augustus}

# EVM prediction: Mode:STANDARD S-ratio: 862.00 23159-25747 orient(+) score(10344.00) noncoding_equivalent(12.00) raw_noncoding(12.00) offset(0.00) 
23159	25747	single+	1	3	{GlimmerHMM_glimmerT_1270-T1;GlimmerHMM},{Augustus_model.g1136.t1;Augustus}

# EVM prediction: Mode:STANDARD S-ratio: 50.06 26058-27470 orient(+) score(5470.00) noncoding_equivalent(109.28) raw_noncoding(109.28) offset(0.00) 
26058	27470	single+	1	3	{Augustus_model.g1137.t1;Augustus},{GlimmerHMM_glimmerT_1271-T1;GlimmerHMM}

# EVM prediction: Mode:STANDARD S-ratio: 5.00 27685-29748 orient(-) score(10320.00) noncoding_equivalent(2064.00) raw_noncoding(2064.00) offset(0.00) 
29748	27685	single-	4	6	{GlimmerHMM_glimmerT_1272-T1;GlimmerHMM},{HiQ_model.g1138.t1;HiQ}

# EVM prediction: Mode:STANDARD S-ratio: 2.02 29937-30620 orient(-) score(2739.00) noncoding_equivalent(1354.51) raw_noncoding(1354.51) offset(0.00) 
30620	29937	single-	4	6	{HiQ_model.g1139.t1;HiQ},{GlimmerHMM_glimmerT_1273-T1;GlimmerHMM}

# EVM prediction: Mode:STANDARD S-ratio: 10000.00 30827-31378 orient(+) score(1656.00) noncoding_equivalent(0.17) raw_noncoding(0.00) offset(0.00) 
30827	31378	single+	1	3	{GlimmerHMM_glimmerT_1274-T1;GlimmerHMM},{Augustus_model.g1140.t1;Augustus}

# EVM prediction: Mode:STANDARD S-ratio: 12.29 31662-33662 orient(-) score(5548.00) noncoding_equivalent(451.49) raw_noncoding(451.49) offset(0.00) 
33662	31662	single-	4	6	{GlimmerHMM_glimmerT_1275-T1;GlimmerHMM}

# EVM prediction: Mode:STANDARD S-ratio: 10.31 34175-35923 orient(-) score(4781.00) noncoding_equivalent(463.95) raw_noncoding(463.95) offset(0.00) 
35923	34175	single-	4	6	{GlimmerHMM_glimmerT_1276-T1;GlimmerHMM}

# EVM prediction: Mode:STANDARD S-ratio: 18.08 38963-39334 orient(+) score(1056.00) noncoding_equivalent(58.41) raw_noncoding(58.41) offset(0.00) 
38963	39334	single+	1	3	{GlimmerHMM_glimmerT_1278-T1;GlimmerHMM},{Augustus_model.g1142.t1;Augustus}

# EVM prediction: Mode:STANDARD S-ratio: 4.68 40256-41011 orient(-) score(3738.00) noncoding_equivalent(798.00) raw_noncoding(798.00) offset(0.00) 
41011	40256	single-	4	6	{HiQ_model.g1143.t1;HiQ},{GlimmerHMM_glimmerT_1279-T1;GlimmerHMM}

# EVM prediction: Mode:STANDARD S-ratio: 4.20 41252-43816 orient(-) score(12432.00) noncoding_equivalent(2958.00) raw_noncoding(2958.00) offset(0.00) 
43816	41252	single-	4	6	{GlimmerHMM_glimmerT_1280-T1;GlimmerHMM},{HiQ_model.g1144.t1;HiQ}

# EVM prediction: Mode:STANDARD S-ratio: 12.51 44029-44922 orient(+) score(2566.00) noncoding_equivalent(205.16) raw_noncoding(300.80) offset(95.63) 
44029	44031	initial+	1	3	{GlimmerHMM_glimmerT_1281-T1;GlimmerHMM},{Augustus_model.g1145.t1;Augustus}
44032	44124	INTRON			{GlimmerHMM_glimmerT_1281-T1;GlimmerHMM},{Augustus_model.g1145.t1;Augustus}
44125	44922	terminal+	1	3	{GlimmerHMM_glimmerT_1281-T1;GlimmerHMM}

# EVM prediction: Mode:STANDARD S-ratio: 113.42 45177-48008 orient(+) score(11229.00) noncoding_equivalent(99.00) raw_noncoding(99.00) offset(0.00) 
45177	48008	single+	1	3	{GlimmerHMM_glimmerT_1282-T1;GlimmerHMM}

# EVM prediction: Mode:STANDARD S-ratio: 4.50 48322-49584 orient(-) score(6200.00) noncoding_equivalent(1376.73) raw_noncoding(1376.73) offset(0.00) 
49584	48322	single-	4	6	{GlimmerHMM_glimmerT_1283-T1;GlimmerHMM},{HiQ_model.g1146.t1;HiQ}

# EVM prediction: Mode:STANDARD S-ratio: 10000.00 50029-52371 orient(-) score(7026.00) noncoding_equivalent(0.70) raw_noncoding(0.00) offset(0.00) 
52371	50029	single-	4	6	{Augustus_model.g1147.t1;Augustus},{GlimmerHMM_glimmerT_1284-T1;GlimmerHMM}

# EVM prediction: Mode:STANDARD S-ratio: 90.48 54005-55753 orient(+) score(6918.00) noncoding_equivalent(76.46) raw_noncoding(76.46) offset(0.00) 
54005	55753	single+	1	3	{GlimmerHMM_glimmerT_1286-T1;GlimmerHMM},{Augustus_model.g1148.t1;Augustus}

# EVM prediction: Mode:STANDARD S-ratio: 494.11 56294-57985 orient(+) score(8441.00) noncoding_equivalent(17.08) raw_noncoding(17.08) offset(0.00) 
56294	57985	single+	1	3	{GlimmerHMM_glimmerT_1287-T1;GlimmerHMM},{Augustus_model.g1149.t1;Augustus}

# EVM prediction: Mode:STANDARD S-ratio: 53.36 58854-61136 orient(+) score(6723.00) noncoding_equivalent(126.00) raw_noncoding(126.00) offset(0.00) 
58854	61136	single+	1	3	{GlimmerHMM_glimmerT_1288-T1;GlimmerHMM},{Augustus_model.g1150.t1;Augustus}

# EVM prediction: Mode:STANDARD S-ratio: 5.00 61404-62273 orient(-) score(4350.00) noncoding_equivalent(870.00) raw_noncoding(870.00) offset(0.00) 
62273	61404	single-	4	6	{HiQ_model.g1151.t1;HiQ},{GlimmerHMM_glimmerT_1289-T1;GlimmerHMM}

# EVM prediction: Mode:STANDARD S-ratio: 2.00 62631-63725 orient(+) score(2188.00) noncoding_equivalent(1094.00) raw_noncoding(1094.00) offset(0.00) 
62631	63725	single+	1	3	{GlimmerHMM_glimmerT_1290-T1;GlimmerHMM},{Augustus_model.g1152.t1;Augustus}

# EVM prediction: Mode:STANDARD S-ratio: 10000.00 64057-67029 orient(+) score(11892.00) noncoding_equivalent(1.19) raw_noncoding(0.00) offset(0.00) 
64057	67029	single+	1	3	{GlimmerHMM_glimmerT_1291-T1;GlimmerHMM},{Augustus_model.g1153.t1;Augustus}

# EVM prediction: Mode:STANDARD S-ratio: 57.61 67145-69064 orient(-) score(5661.00) noncoding_equivalent(98.27) raw_noncoding(98.27) offset(0.00) 
69064	67145	single-	4	6	{Augustus_model.g1154.t1;Augustus},{GlimmerHMM_glimmerT_1292-T1;GlimmerHMM}

# EVM prediction: Mode:STANDARD S-ratio: 59.37 71012-72460 orient(+) score(5688.00) noncoding_equivalent(95.80) raw_noncoding(95.80) offset(0.00) 
71012	72460	single+	1	3	{Augustus_model.g1155.t1;Augustus}

# EVM prediction: Mode:STANDARD S-ratio: 70.14 72977-75040 orient(+) score(6102.00) noncoding_equivalent(87.00) raw_noncoding(87.00) offset(0.00) 
72977	75040	single+	1	3	{Augustus_model.g1156.t1;Augustus},{GlimmerHMM_glimmerT_1294-T1;GlimmerHMM}

# EVM prediction: Mode:STANDARD S-ratio: 25.79 75222-76346 orient(+) score(3249.00) noncoding_equivalent(126.00) raw_noncoding(126.00) offset(0.00) 
75222	76346	single+	1	3	{GlimmerHMM_glimmerT_1295-T1;GlimmerHMM},{Augustus_model.g1157.t1;Augustus}

# EVM prediction: Mode:STANDARD S-ratio: 24.25 76658-78991 orient(-) score(6717.00) noncoding_equivalent(277.00) raw_noncoding(277.00) offset(0.00) 
78991	76658	single-	4	6	{Augustus_model.g1158.t1;Augustus},{GlimmerHMM_glimmerT_1296-T1;GlimmerHMM}

# EVM prediction: Mode:STANDARD S-ratio: 4.59 79801-80703 orient(-) score(4449.00) noncoding_equivalent(969.00) raw_noncoding(969.00) offset(0.00) 
80703	79801	single-	4	6	{GlimmerHMM_glimmerT_1298-T1;GlimmerHMM},{HiQ_model.g1159.t1;HiQ}

# EVM prediction: Mode:STANDARD S-ratio: 2.03 81145-81444 orient(-) score(1200.00) noncoding_equivalent(592.36) raw_noncoding(592.36) offset(0.00) 
81444	81145	single-	4	6	{GlimmerHMM_glimmerT_1299-T1;GlimmerHMM},{HiQ_model.g1160.t1;HiQ}

# EVM prediction: Mode:STANDARD S-ratio: 10000.00 81622-84381 orient(+) score(11040.00) noncoding_equivalent(1.10) raw_noncoding(0.00) offset(0.00) 
81622	84381	single+	1	3	{Augustus_model.g1161.t1;Augustus},{GlimmerHMM_glimmerT_1300-T1;GlimmerHMM}

# EVM prediction: Mode:STANDARD S-ratio: 2.00 84601-86796 orient(-) score(8784.00) noncoding_equivalent(4392.00) raw_noncoding(4392.00) offset(0.00) 
86796	84601	single-	4	6	{HiQ_model.g1162.t1;HiQ},{GlimmerHMM_glimmerT_1301-T1;GlimmerHMM}

# EVM prediction: Mode:STANDARD S-ratio: 10000.00 87425-88294 orient(+) score(3402.00) noncoding_equivalent(0.34) raw_noncoding(0.00) offset(0.00) 
87425	88294	single+	1	3	{Augustus_model.g1163.t1;Augustus},{GlimmerHMM_glimmerT_1302-T1;GlimmerHMM}

# EVM prediction: Mode:STANDARD S-ratio: 13.72 88719-89726 orient(-) score(3421.00) noncoding_equivalent(249.33) raw_noncoding(370.33) offset(121.00) 
89539	88719	terminal-	5	6	{snap_scaffold_3-snap.169-T1;snap}
89719	89540	INTRON			{snap_scaffold_3-snap.169-T1;snap}
89726	89720	initial-	4	4	{snap_scaffold_3-snap.169-T1;snap}

# EVM prediction: Mode:STANDARD S-ratio: 42.42 89964-91724 orient(-) score(5162.00) noncoding_equivalent(121.68) raw_noncoding(121.68) offset(0.00) 
91724	89964	single-	4	6	{GlimmerHMM_glimmerT_1304-T1;GlimmerHMM}

# EVM prediction: Mode:STANDARD S-ratio: 5.00 92587-94638 orient(-) score(10254.00) noncoding_equivalent(2052.00) raw_noncoding(2052.00) offset(0.00) 
94638	92587	single-	4	6	{GlimmerHMM_glimmerT_1305-T1;GlimmerHMM},{HiQ_model.g1165.t1;HiQ}

# EVM prediction: Mode:STANDARD S-ratio: 10000.00 95073-95402 orient(-) score(990.00) noncoding_equivalent(0.10) raw_noncoding(0.00) offset(0.00) 
95402	95073	single-	4	6	{Augustus_model.g1166.t1;Augustus},{GlimmerHMM_glimmerT_1306-T1;GlimmerHMM}

