!! Predictions spanning range 2659 - 98873 [R1]
# EVM prediction: Mode:STANDARD S-ratio: 318.15 2659-4050 orient(+) score(4161.00) noncoding_equivalent(13.08) raw_noncoding(13.08) offset(0.00) 
2659	4050	single+	1	3	{GlimmerHMM_glimmerT_5149-T1;GlimmerHMM},{Augustus_model.g4539.t1;Augustus}

# EVM prediction: Mode:STANDARD S-ratio: 83.69 4193-5188 orient(-) score(2951.00) noncoding_equivalent(35.26) raw_noncoding(35.26) offset(0.00) 
5188	4193	single-	4	6	{GlimmerHMM_glimmerT_5150-T1;GlimmerHMM},{Augustus_model.g4540.t1;Augustus}

# EVM prediction: Mode:STANDARD S-ratio: 60.71 5673-7367 orient(-) score(5001.00) noncoding_equivalent(82.38) raw_noncoding(82.38) offset(0.00) 
7367	5673	single-	4	6	{Augustus_model.g4541.t1;Augustus},{GlimmerHMM_glimmerT_5151-T1;GlimmerHMM}

# EVM prediction: Mode:STANDARD S-ratio: 2.00 8053-8313 orient(-) score(522.00) noncoding_equivalent(261.00) raw_noncoding(261.00) offset(0.00) 
8313	8053	single-	4	6	{GlimmerHMM_glimmerT_5153-T1;GlimmerHMM},{Augustus_model.g4542.t1;Augustus}

# EVM prediction: Mode:STANDARD S-ratio: 44.00 8512-10356 orient(+) score(5412.00) noncoding_equivalent(123.00) raw_noncoding(123.00) offset(0.00) 
8512	10356	single+	1	3	{GlimmerHMM_glimmerT_5154-T1;GlimmerHMM},{Augustus_model.g4543.t1;Augustus}

# EVM prediction: Mode:STANDARD S-ratio: 81.36 10547-11452 orient(+) score(2685.00) noncoding_equivalent(33.00) raw_noncoding(33.00) offset(0.00) 
10547	11452	single+	1	3	{Augustus_model.g4544.t1;Augustus},{GlimmerHMM_glimmerT_5155-T1;GlimmerHMM}

# EVM prediction: Mode:STANDARD S-ratio: 10000.00 11799-13787 orient(+) score(5961.00) noncoding_equivalent(0.60) raw_noncoding(0.00) offset(0.00) 
11799	13787	single+	1	3	{GlimmerHMM_glimmerT_5156-T1;GlimmerHMM},{Augustus_model.g4545.t1;Augustus}

# EVM prediction: Mode:STANDARD S-ratio: 152.23 13938-15929 orient(-) score(5937.00) noncoding_equivalent(39.00) raw_noncoding(39.00) offset(0.00) 
15929	13938	single-	4	6	{GlimmerHMM_glimmerT_5157-T1;GlimmerHMM},{Augustus_model.g4546.t1;Augustus}

# EVM prediction: Mode:STANDARD S-ratio: 107.94 17872-19443 orient(+) score(4671.00) noncoding_equivalent(43.27) raw_noncoding(43.27) offset(0.00) 
17872	19443	single+	1	3	{GlimmerHMM_glimmerT_5158-T1;GlimmerHMM},{Augustus_model.g4547.t1;Augustus}

# EVM prediction: Mode:STANDARD S-ratio: 141.54 19686-20591 orient(-) score(2697.00) noncoding_equivalent(19.06) raw_noncoding(19.06) offset(0.00) 
20591	19686	single-	4	6	{GlimmerHMM_glimmerT_5159-T1;GlimmerHMM},{Augustus_model.g4548.t1;Augustus}

# EVM prediction: Mode:STANDARD S-ratio: 5.08 22252-22774 orient(+) score(1367.00) noncoding_equivalent(269.32) raw_noncoding(342.00) offset(72.68) 
22252	22306	initial+	1	1	{GlimmerHMM_glimmerT_5160-T1;GlimmerHMM},{Augustus_model.g4549.t1;Augustus}
22307	22376	INTRON			{GlimmerHMM_glimmerT_5160-T1;GlimmerHMM},{Augustus_model.g4549.t1;Augustus}
22377	22774	terminal+	2	3	{GlimmerHMM_glimmerT_5160-T1;GlimmerHMM},{Augustus_model.g4549.t1;Augustus}

# EVM prediction: Mode:STANDARD S-ratio: 68.02 23323-24414 orient(-) score(3227.00) noncoding_equivalent(47.44) raw_noncoding(47.44) offset(0.00) 
24414	23323	single-	4	6	{Augustus_model.g4550.t1;Augustus},{GlimmerHMM_glimmerT_5161-T1;GlimmerHMM}

# EVM prediction: Mode:STANDARD S-ratio: 4.39 24676-25535 orient(-) score(3869.00) noncoding_equivalent(881.00) raw_noncoding(1683.00) offset(802.00) 
25110	24676	terminal-	4	6	{GlimmerHMM_glimmerT_5162-T1;GlimmerHMM},{HiQ_model.g4551.t1;HiQ},{snap_scaffold_7-snap.43-T1;snap}
25514	25111	INTRON			{GlimmerHMM_glimmerT_5162-T1;GlimmerHMM},{HiQ_model.g4551.t1;HiQ},{ev_type:exonerate/ID=match.45784.47/Target=YDR064W;exonerate}
25535	25515	initial-	4	6	{GlimmerHMM_glimmerT_5162-T1;GlimmerHMM},{HiQ_model.g4551.t1;HiQ}

# EVM prediction: Mode:STANDARD S-ratio: 1.66 25818-26203 orient(-) score(759.00) noncoding_equivalent(457.33) raw_noncoding(521.33) offset(64.00) 
25875	25818	terminal-	6	6	{GlimmerHMM_glimmerT_5163-T1;GlimmerHMM},{Augustus_model.g4552.t1;Augustus}
25937	25876	INTRON			{GlimmerHMM_glimmerT_5163-T1;GlimmerHMM},{Augustus_model.g4552.t1;Augustus}
26203	25938	initial-	4	5	{GlimmerHMM_glimmerT_5163-T1;GlimmerHMM}

# EVM prediction: Mode:STANDARD S-ratio: 8.06 26352-28541 orient(+) score(5360.00) noncoding_equivalent(665.16) raw_noncoding(1700.00) offset(1034.84) 
26352	26415	initial+	1	1	{GlimmerHMM_glimmerT_5164-T1;GlimmerHMM}
26416	26958	INTRON			{GlimmerHMM_glimmerT_5164-T1;GlimmerHMM}
26959	28541	terminal+	2	3	{GlimmerHMM_glimmerT_5164-T1;GlimmerHMM},{Augustus_model.g4553.t1;Augustus}

# EVM prediction: Mode:STANDARD S-ratio: 1.75 28692-29232 orient(-) score(994.00) noncoding_equivalent(569.38) raw_noncoding(698.10) offset(128.72) 
29153	28692	terminal-	4	6	{GlimmerHMM_glimmerT_5165-T1;GlimmerHMM}
29229	29154	INTRON			{GlimmerHMM_glimmerT_5165-T1;GlimmerHMM}
29232	29230	initial-	4	6	{GlimmerHMM_glimmerT_5165-T1;GlimmerHMM},{Augustus_model.g4554.t1;Augustus}

# EVM prediction: Mode:STANDARD S-ratio: 30.20 29448-30974 orient(+) score(4433.00) noncoding_equivalent(146.77) raw_noncoding(146.77) offset(0.00) 
29448	30974	single+	1	3	{Augustus_model.g4555.t1;Augustus},{GlimmerHMM_glimmerT_5166-T1;GlimmerHMM}

# EVM prediction: Mode:STANDARD S-ratio: 148.00 31065-31958 orient(-) score(2664.00) noncoding_equivalent(18.00) raw_noncoding(18.00) offset(0.00) 
31958	31065	single-	4	6	{GlimmerHMM_glimmerT_5167-T1;GlimmerHMM},{Augustus_model.g4556.t1;Augustus}

# EVM prediction: Mode:STANDARD S-ratio: 59.80 32466-34409 orient(+) score(5735.00) noncoding_equivalent(95.91) raw_noncoding(95.91) offset(0.00) 
32466	34409	single+	1	3	{GlimmerHMM_glimmerT_5168-T1;GlimmerHMM},{Augustus_model.g4557.t1;Augustus}

# EVM prediction: Mode:STANDARD S-ratio: 26.05 34508-35947 orient(-) score(4159.00) noncoding_equivalent(159.68) raw_noncoding(159.68) offset(0.00) 
35947	34508	single-	4	6	{Augustus_model.g4558.t1;Augustus},{GlimmerHMM_glimmerT_5169-T1;GlimmerHMM}

# EVM prediction: Mode:STANDARD S-ratio: 1111.74 36536-38452 orient(+) score(5744.00) noncoding_equivalent(5.17) raw_noncoding(5.17) offset(0.00) 
36536	38452	single+	1	3	{Augustus_model.g4559.t1;Augustus},{GlimmerHMM_glimmerT_5170-T1;GlimmerHMM}

# EVM prediction: Mode:STANDARD S-ratio: 10000.00 39790-41742 orient(+) score(5852.00) noncoding_equivalent(0.59) raw_noncoding(0.00) offset(0.00) 
39790	41742	single+	1	3	{Augustus_model.g4560.t1;Augustus},{GlimmerHMM_glimmerT_5171-T1;GlimmerHMM}

# EVM prediction: Mode:STANDARD S-ratio: 10000.00 41977-43230 orient(-) score(3762.00) noncoding_equivalent(0.38) raw_noncoding(0.00) offset(0.00) 
43230	41977	single-	4	6	{Augustus_model.g4561.t1;Augustus},{GlimmerHMM_glimmerT_5172-T1;GlimmerHMM}

# EVM prediction: Mode:STANDARD S-ratio: 10000.00 44254-45108 orient(+) score(2565.00) noncoding_equivalent(0.26) raw_noncoding(0.00) offset(0.00) 
44254	45108	single+	1	3	{GlimmerHMM_glimmerT_5173-T1;GlimmerHMM},{Augustus_model.g4562.t1;Augustus}

# EVM prediction: Mode:STANDARD S-ratio: 1.85 45141-46989 orient(-) score(3698.00) noncoding_equivalent(2003.70) raw_noncoding(2025.70) offset(22.00) 
46782	45141	terminal-	6	6	{Augustus_model.g4563.t1;Augustus},{GlimmerHMM_glimmerT_5174-T1;GlimmerHMM}
46873	46783	INTRON			{Augustus_model.g4563.t1;Augustus},{GlimmerHMM_glimmerT_5174-T1;GlimmerHMM}
46989	46874	initial-	4	5	{Augustus_model.g4563.t1;Augustus},{GlimmerHMM_glimmerT_5174-T1;GlimmerHMM}

# EVM prediction: Mode:STANDARD S-ratio: 10000.00 47336-50659 orient(+) score(9972.00) noncoding_equivalent(1.00) raw_noncoding(0.00) offset(0.00) 
47336	50659	single+	1	3	{GlimmerHMM_glimmerT_5175-T1;GlimmerHMM},{Augustus_model.g4564.t1;Augustus}

# EVM prediction: Mode:STANDARD S-ratio: 149.12 50815-51570 orient(-) score(2251.00) noncoding_equivalent(15.10) raw_noncoding(15.10) offset(0.00) 
51570	50815	single-	4	6	{GlimmerHMM_glimmerT_5176-T1;GlimmerHMM},{Augustus_model.g4565.t1;Augustus}

# EVM prediction: Mode:STANDARD S-ratio: 10000.00 52324-54471 orient(-) score(6444.00) noncoding_equivalent(0.64) raw_noncoding(0.00) offset(0.00) 
54471	52324	single-	4	6	{Augustus_model.g4566.t1;Augustus},{GlimmerHMM_glimmerT_5177-T1;GlimmerHMM}

# EVM prediction: Mode:STANDARD S-ratio: 310.00 59369-60541 orient(-) score(3506.00) noncoding_equivalent(11.31) raw_noncoding(11.31) offset(0.00) 
60541	59369	single-	4	6	{Augustus_model.g4567.t1;Augustus},{GlimmerHMM_glimmerT_5178-T1;GlimmerHMM}

# EVM prediction: Mode:STANDARD S-ratio: 267.38 68273-69529 orient(+) score(3755.00) noncoding_equivalent(14.04) raw_noncoding(14.04) offset(0.00) 
68273	69529	single+	1	3	{GlimmerHMM_glimmerT_5179-T1;GlimmerHMM},{Augustus_model.g4568.t1;Augustus}

# EVM prediction: Mode:STANDARD S-ratio: 7.13 69840-71719 orient(-) score(4790.00) noncoding_equivalent(671.60) raw_noncoding(1029.00) offset(357.40) 
71278	69840	terminal-	5	6	{snap_scaffold_7-snap.59-T1;snap}
71361	71279	INTRON			{Augustus_model.g4569.t1;Augustus}
71411	71362	internal-	6	4	{Augustus_model.g4569.t1;Augustus}
71507	71412	INTRON			{Augustus_model.g4569.t1;Augustus}
71719	71508	initial-	4	5	{Augustus_model.g4569.t1;Augustus}

# EVM prediction: Mode:STANDARD S-ratio: 10000.00 75020-75511 orient(+) score(1476.00) noncoding_equivalent(0.15) raw_noncoding(0.00) offset(0.00) 
75020	75511	single+	1	3	{Augustus_model.g4570.t1;Augustus},{GlimmerHMM_glimmerT_5182-T1;GlimmerHMM}

# EVM prediction: Mode:STANDARD S-ratio: 10000.00 77136-77621 orient(+) score(1458.00) noncoding_equivalent(0.15) raw_noncoding(0.00) offset(0.00) 
77136	77621	single+	1	3	{Augustus_model.g4571.t1;Augustus},{GlimmerHMM_glimmerT_5183-T1;GlimmerHMM}

# EVM prediction: Mode:STANDARD S-ratio: 21.40 79118-79807 orient(+) score(1976.00) noncoding_equivalent(92.35) raw_noncoding(92.35) offset(0.00) 
79118	79807	single+	1	3	{GlimmerHMM_glimmerT_5184-T1;GlimmerHMM},{Augustus_model.g4572.t1;Augustus}

# EVM prediction: Mode:STANDARD S-ratio: 10000.00 80116-81318 orient(-) score(3609.00) noncoding_equivalent(0.36) raw_noncoding(0.00) offset(0.00) 
81318	80116	single-	4	6	{GlimmerHMM_glimmerT_5185-T1;GlimmerHMM},{Augustus_model.g4573.t1;Augustus}

# EVM prediction: Mode:STANDARD S-ratio: 2.00 82250-83392 orient(+) score(2286.00) noncoding_equivalent(1143.00) raw_noncoding(1143.00) offset(0.00) 
82250	83392	single+	1	3	{Augustus_model.g4574.t1;Augustus},{GlimmerHMM_glimmerT_5186-T1;GlimmerHMM}

# EVM prediction: Mode:STANDARD S-ratio: 25.34 84611-86875 orient(+) score(6537.00) noncoding_equivalent(258.00) raw_noncoding(258.00) offset(0.00) 
84611	86875	single+	1	3	{Augustus_model.g4575.t1;Augustus},{GlimmerHMM_glimmerT_5187-T1;GlimmerHMM}

# EVM prediction: Mode:STANDARD S-ratio: 16.65 86941-87840 orient(-) score(2547.00) noncoding_equivalent(153.00) raw_noncoding(153.00) offset(0.00) 
87840	86941	single-	4	6	{Augustus_model.g4576.t1;Augustus},{GlimmerHMM_glimmerT_5188-T1;GlimmerHMM}

# EVM prediction: Mode:STANDARD S-ratio: 730.73 88343-91033 orient(-) score(8060.00) noncoding_equivalent(11.03) raw_noncoding(11.03) offset(0.00) 
91033	88343	single-	4	6	{GlimmerHMM_glimmerT_5189-T1;GlimmerHMM},{Augustus_model.g4577.t1;Augustus}

# EVM prediction: Mode:STANDARD S-ratio: 226.12 92690-93145 orient(+) score(1360.00) noncoding_equivalent(6.01) raw_noncoding(6.01) offset(0.00) 
92690	93145	single+	1	3	{Augustus_model.g4578.t1;Augustus},{GlimmerHMM_glimmerT_5190-T1;GlimmerHMM}

# EVM prediction: Mode:STANDARD S-ratio: 7.30 93350-94084 orient(-) score(1938.00) noncoding_equivalent(265.46) raw_noncoding(265.46) offset(0.00) 
94084	93350	single-	4	6	{GlimmerHMM_glimmerT_5191-T1;GlimmerHMM},{Augustus_model.g4579.t1;Augustus}

# EVM prediction: Mode:STANDARD S-ratio: 101.01 94756-95646 orient(-) score(2645.00) noncoding_equivalent(26.19) raw_noncoding(26.19) offset(0.00) 
95646	94756	single-	4	6	{Augustus_model.g4580.t1;Augustus},{GlimmerHMM_glimmerT_5192-T1;GlimmerHMM}

# EVM prediction: Mode:STANDARD S-ratio: 10000.00 96531-98873 orient(-) score(7020.00) noncoding_equivalent(0.70) raw_noncoding(0.00) offset(0.00) 
98873	96531	single-	4	6	{GlimmerHMM_glimmerT_5193-T1;GlimmerHMM},{Augustus_model.g4581.t1;Augustus}

