!! Predictions spanning range 5316 - 97992 [R1]
# EVM prediction: Mode:STANDARD S-ratio: 10000.00 5316-6971 orient(-) score(3312.00) noncoding_equivalent(0.33) raw_noncoding(0.00) offset(0.00) 
6971	5316	single-	4	6	{Augustus_gene814.t1;Augustus}

# EVM prediction: Mode:STANDARD S-ratio: 10000.00 18859-21084 orient(-) score(4450.00) noncoding_equivalent(0.45) raw_noncoding(0.00) offset(0.00) 
21084	18859	single-	4	6	{Augustus_gene1176.t1;Augustus}

# EVM prediction: Mode:STANDARD S-ratio: 10000.00 22456-23373 orient(-) score(1836.00) noncoding_equivalent(0.18) raw_noncoding(0.00) offset(0.00) 
23373	22456	single-	4	6	{Augustus_gene368.t1;Augustus}

# EVM prediction: Mode:STANDARD S-ratio: 10000.00 41031-41645 orient(+) score(1230.00) noncoding_equivalent(0.12) raw_noncoding(0.00) offset(0.00) 
41031	41645	single+	1	3	{Augustus_gene72.t1;Augustus}

# EVM prediction: Mode:STANDARD S-ratio: 10000.00 45114-46274 orient(-) score(2322.00) noncoding_equivalent(0.23) raw_noncoding(0.00) offset(0.00) 
46274	45114	single-	4	6	{Augustus_gene212.t1;Augustus}

# EVM prediction: Mode:STANDARD S-ratio: 10000.00 54129-55451 orient(+) score(2646.00) noncoding_equivalent(0.26) raw_noncoding(0.00) offset(0.00) 
54129	54140	initial+	1	3	{Augustus_gene839.t1;Augustus}
54141	54200	INTRON			{Augustus_gene839.t1;Augustus}
54201	55451	terminal+	1	3	{Augustus_gene839.t1;Augustus}

# EVM prediction: Mode:STANDARD S-ratio: 10000.00 57430-59291 orient(-) score(3724.00) noncoding_equivalent(0.37) raw_noncoding(0.00) offset(0.00) 
58786	57430	terminal-	6	6	{Augustus_gene236.t1;Augustus}
58893	58787	INTRON			{Augustus_gene236.t1;Augustus}
59291	58894	initial-	4	5	{Augustus_gene236.t1;Augustus}

# EVM prediction: Mode:STANDARD S-ratio: 10000.00 91727-92728 orient(+) score(2004.00) noncoding_equivalent(0.20) raw_noncoding(0.00) offset(0.00) 
91727	92728	single+	1	3	{Augustus_gene109.t1;Augustus}

# EVM prediction: Mode:STANDARD S-ratio: 10000.00 97405-97992 orient(-) score(1176.00) noncoding_equivalent(0.12) raw_noncoding(0.00) offset(0.00) 
97992	97405	single-	4	6	{Augustus_gene707.t1;Augustus}

