!! Predictions spanning range 1254 - 96471 [R1]
# EVM prediction: Mode:STANDARD S-ratio: 6.45 1254-3050 orient(-) score(4584.00) noncoding_equivalent(711.00) raw_noncoding(807.00) offset(96.00) 
2949	1254	terminal-	6	6	{snap_scaffold_10-snap.1-T1;snap}
3045	2950	INTRON			{snap_scaffold_10-snap.1-T1;snap}
3050	3046	initial-	4	5	{snap_scaffold_10-snap.1-T1;snap}

# EVM prediction: Mode:STANDARD S-ratio: 2.00 3831-5252 orient(+) score(2844.00) noncoding_equivalent(1422.00) raw_noncoding(1422.00) offset(0.00) 
3831	5252	single+	1	3	{Augustus_model.g3605.t1;Augustus},{GlimmerHMM_glimmerT_4042-T1;GlimmerHMM}

# EVM prediction: Mode:STANDARD S-ratio: 10000.00 11074-12813 orient(-) score(5220.00) noncoding_equivalent(0.52) raw_noncoding(0.00) offset(0.00) 
12813	11074	single-	4	6	{Augustus_model.g3606.t1;Augustus},{GlimmerHMM_glimmerT_4044-T1;GlimmerHMM}

# EVM prediction: Mode:STANDARD S-ratio: 4.19 15342-17192 orient(+) score(4483.00) noncoding_equivalent(1070.01) raw_noncoding(1070.01) offset(0.00) 
15342	17192	single+	1	3	{GlimmerHMM_glimmerT_4045-T1;GlimmerHMM}

# EVM prediction: Mode:STANDARD S-ratio: 240.58 18303-19331 orient(+) score(4097.00) noncoding_equivalent(17.03) raw_noncoding(17.03) offset(0.00) 
18303	19331	single+	1	3	{GlimmerHMM_glimmerT_4046-T1;GlimmerHMM}

# EVM prediction: Mode:STANDARD S-ratio: 6.23 19526-20221 orient(+) score(2391.00) noncoding_equivalent(384.00) raw_noncoding(384.00) offset(0.00) 
19526	20221	single+	1	3	{GlimmerHMM_glimmerT_4047-T1;GlimmerHMM},{Augustus_model.g3608.t1;Augustus}

# EVM prediction: Mode:STANDARD S-ratio: 10000.00 20337-22166 orient(-) score(7320.00) noncoding_equivalent(0.73) raw_noncoding(0.00) offset(0.00) 
22166	20337	single-	4	6	{GlimmerHMM_glimmerT_4048-T1;GlimmerHMM},{Augustus_model.g3609.t1;Augustus}

# EVM prediction: Mode:STANDARD S-ratio: 4.87 22530-23243 orient(-) score(3548.00) noncoding_equivalent(728.24) raw_noncoding(728.24) offset(0.00) 
23243	22530	single-	4	6	{GlimmerHMM_glimmerT_4049-T1;GlimmerHMM},{HiQ_model.g3610.t1;HiQ}

# EVM prediction: Mode:STANDARD S-ratio: 10000.00 23469-24053 orient(+) score(2340.00) noncoding_equivalent(0.23) raw_noncoding(0.00) offset(0.00) 
23469	24053	single+	1	3	{Augustus_model.g3611.t1;Augustus},{GlimmerHMM_glimmerT_4050-T1;GlimmerHMM}

# EVM prediction: Mode:STANDARD S-ratio: 4.99 24162-27422 orient(-) score(16275.00) noncoding_equivalent(3261.00) raw_noncoding(3261.00) offset(0.00) 
27422	24162	single-	4	6	{HiQ_model.g3612.t1;HiQ},{GlimmerHMM_glimmerT_4051-T1;GlimmerHMM}

# EVM prediction: Mode:STANDARD S-ratio: 27.08 27729-29264 orient(+) score(4574.00) noncoding_equivalent(168.93) raw_noncoding(168.93) offset(0.00) 
27729	29264	single+	1	3	{GlimmerHMM_glimmerT_4052-T1;GlimmerHMM}

# EVM prediction: Mode:STANDARD S-ratio: 2.00 29307-29816 orient(-) score(2040.00) noncoding_equivalent(1018.00) raw_noncoding(1018.00) offset(0.00) 
29816	29307	single-	4	6	{GlimmerHMM_glimmerT_4053-T1;GlimmerHMM},{HiQ_model.g3614.t1;HiQ}

# EVM prediction: Mode:STANDARD S-ratio: 10000.00 30252-30974 orient(+) score(2892.00) noncoding_equivalent(0.29) raw_noncoding(0.00) offset(0.00) 
30252	30974	single+	1	3	{GlimmerHMM_glimmerT_4054-T1;GlimmerHMM},{Augustus_model.g3615.t1;Augustus}

# EVM prediction: Mode:STANDARD S-ratio: 12.29 31151-33238 orient(+) score(5790.00) noncoding_equivalent(471.00) raw_noncoding(471.00) offset(0.00) 
31151	33238	single+	1	3	{GlimmerHMM_glimmerT_4055-T1;GlimmerHMM},{Augustus_model.g3616.t1;Augustus}

# EVM prediction: Mode:STANDARD S-ratio: 70.02 33459-34730 orient(+) score(5015.00) noncoding_equivalent(71.62) raw_noncoding(71.62) offset(0.00) 
33459	34730	single+	1	3	{Augustus_model.g3617.t1;Augustus},{GlimmerHMM_glimmerT_4056-T1;GlimmerHMM}

# EVM prediction: Mode:STANDARD S-ratio: 4.84 35023-35664 orient(-) score(3192.00) noncoding_equivalent(660.00) raw_noncoding(660.00) offset(0.00) 
35664	35023	single-	4	6	{GlimmerHMM_glimmerT_4057-T1;GlimmerHMM},{HiQ_model.g3618.t1;HiQ}

# EVM prediction: Mode:STANDARD S-ratio: 135.00 35987-39658 orient(-) score(10935.00) noncoding_equivalent(81.00) raw_noncoding(81.00) offset(0.00) 
39658	35987	single-	4	6	{Augustus_model.g3619.t1;Augustus}

# EVM prediction: Mode:STANDARD S-ratio: 10000.00 40266-41762 orient(+) score(5988.00) noncoding_equivalent(0.60) raw_noncoding(0.00) offset(0.00) 
40266	41762	single+	1	3	{Augustus_model.g3620.t1;Augustus},{GlimmerHMM_glimmerT_4059-T1;GlimmerHMM}

# EVM prediction: Mode:STANDARD S-ratio: 10.43 42178-43858 orient(-) score(5302.00) noncoding_equivalent(508.27) raw_noncoding(1342.03) offset(833.76) 
43422	42178	terminal-	4	6	{snap_scaffold_10-snap.17-T1;snap}
43849	43423	INTRON			{snap_scaffold_10-snap.17-T1;snap}
43858	43850	initial-	4	6	{snap_scaffold_10-snap.17-T1;snap}

# EVM prediction: Mode:STANDARD S-ratio: 1.45 44012-44701 orient(-) score(1226.00) noncoding_equivalent(844.49) raw_noncoding(844.49) offset(0.00) 
44701	44012	single-	4	6	{GlimmerHMM_glimmerT_4061-T1;GlimmerHMM}

# EVM prediction: Mode:STANDARD S-ratio: 2.96 44977-45342 orient(+) score(1094.00) noncoding_equivalent(370.01) raw_noncoding(370.01) offset(0.00) 
44977	45342	single+	1	3	{GlimmerHMM_glimmerT_4062-T1;GlimmerHMM}

# EVM prediction: Mode:STANDARD S-ratio: 28.86 45961-47382 orient(+) score(4122.00) noncoding_equivalent(142.85) raw_noncoding(142.85) offset(0.00) 
45961	47382	single+	1	3	{GlimmerHMM_glimmerT_4063-T1;GlimmerHMM}

# EVM prediction: Mode:STANDARD S-ratio: 2.00 47724-48053 orient(+) score(660.00) noncoding_equivalent(330.00) raw_noncoding(330.00) offset(0.00) 
47724	48053	single+	1	3	{GlimmerHMM_glimmerT_4064-T1;GlimmerHMM}

# EVM prediction: Mode:STANDARD S-ratio: 237.79 49093-51666 orient(+) score(10253.00) noncoding_equivalent(43.12) raw_noncoding(43.12) offset(0.00) 
49093	51666	single+	1	3	{GlimmerHMM_glimmerT_4065-T1;GlimmerHMM}

# EVM prediction: Mode:STANDARD S-ratio: 32.52 52287-52841 orient(+) score(2152.00) noncoding_equivalent(66.18) raw_noncoding(66.18) offset(0.00) 
52287	52841	single+	1	3	{GlimmerHMM_glimmerT_4066-T1;GlimmerHMM}

# EVM prediction: Mode:STANDARD S-ratio: 22.23 53085-54176 orient(-) score(3135.00) noncoding_equivalent(141.00) raw_noncoding(141.00) offset(0.00) 
54176	53085	single-	4	6	{Augustus_model.g3624.t1;Augustus}

# EVM prediction: Mode:STANDARD S-ratio: 4.54 55092-55928 orient(+) score(2063.00) noncoding_equivalent(454.31) raw_noncoding(1116.00) offset(661.69) 
55092	55104	initial+	1	1	{GlimmerHMM_glimmerT_4068-T1;GlimmerHMM}
55105	55512	INTRON			{GlimmerHMM_glimmerT_4068-T1;GlimmerHMM}
55513	55928	terminal+	2	3	{GlimmerHMM_glimmerT_4068-T1;GlimmerHMM},{snap_scaffold_10-snap.22-T1;snap}

# EVM prediction: Mode:STANDARD S-ratio: 5.00 56319-57446 orient(-) score(5637.00) noncoding_equivalent(1128.00) raw_noncoding(1128.00) offset(0.00) 
57446	56319	single-	4	6	{HiQ_model.g3626.t1;HiQ},{GlimmerHMM_glimmerT_4069-T1;GlimmerHMM}

# EVM prediction: Mode:STANDARD S-ratio: 10000.00 58306-59742 orient(+) score(4311.00) noncoding_equivalent(0.43) raw_noncoding(0.00) offset(0.00) 
58306	59742	single+	1	3	{Augustus_model.g3627.t1;Augustus},{GlimmerHMM_glimmerT_4070-T1;GlimmerHMM}

# EVM prediction: Mode:STANDARD S-ratio: 4.83 59883-61184 orient(-) score(6471.00) noncoding_equivalent(1341.00) raw_noncoding(1341.00) offset(0.00) 
61184	59883	single-	4	6	{GlimmerHMM_glimmerT_4071-T1;GlimmerHMM},{HiQ_model.g3628.t1;HiQ}

# EVM prediction: Mode:STANDARD S-ratio: 554.00 62160-63824 orient(+) score(6648.00) noncoding_equivalent(12.00) raw_noncoding(12.00) offset(0.00) 
62160	63824	single+	1	3	{Augustus_model.g3629.t1;Augustus},{GlimmerHMM_glimmerT_4072-T1;GlimmerHMM}

# EVM prediction: Mode:STANDARD S-ratio: 174.95 64043-65794 orient(-) score(5225.00) noncoding_equivalent(29.87) raw_noncoding(29.87) offset(0.00) 
65794	64043	single-	4	6	{Augustus_model.g3630.t1;Augustus},{GlimmerHMM_glimmerT_4073-T1;GlimmerHMM}

# EVM prediction: Mode:STANDARD S-ratio: 7.87 66422-67243 orient(-) score(3716.00) noncoding_equivalent(472.11) raw_noncoding(1629.81) offset(1157.69) 
66836	66422	terminal-	6	6	{HiQ_model.g3631.t1;HiQ},{GlimmerHMM_glimmerT_4074-T1;GlimmerHMM}
67223	66837	INTRON			{HiQ_model.g3631.t1;HiQ},{ev_type:exonerate/ID=match.111469.468/Target=YOL121C;exonerate}
67243	67224	initial-	4	5	{HiQ_model.g3631.t1;HiQ}

# EVM prediction: Mode:STANDARD S-ratio: 4.88 67839-68849 orient(-) score(5500.00) noncoding_equivalent(1127.01) raw_noncoding(2020.01) offset(893.00) 
68287	67839	terminal-	5	6	{snap_scaffold_10-snap.29-T1;snap},{HiQ_model.g3632.t1;HiQ}
68737	68288	INTRON			{GlimmerHMM_glimmerT_4074-T1;GlimmerHMM},{HiQ_model.g3632.t1;HiQ},{ev_type:exonerate/ID=match.111469.3433/Target=YOL120C;exonerate},{ev_type:exonerate/ID=match.111469.1782/Target=YNL301C;exonerate}
68849	68738	initial-	4	4	{GlimmerHMM_glimmerT_4074-T1;GlimmerHMM},{HiQ_model.g3632.t1;HiQ}

# EVM prediction: Mode:STANDARD S-ratio: 88.48 69284-70789 orient(-) score(4466.00) noncoding_equivalent(50.47) raw_noncoding(50.47) offset(0.00) 
70789	69284	single-	4	6	{Augustus_model.g3633.t1;Augustus},{GlimmerHMM_glimmerT_4075-T1;GlimmerHMM}

# EVM prediction: Mode:STANDARD S-ratio: 10000.00 71945-73873 orient(+) score(5787.00) noncoding_equivalent(0.58) raw_noncoding(0.00) offset(0.00) 
71945	73873	single+	1	3	{GlimmerHMM_glimmerT_4076-T1;GlimmerHMM},{Augustus_model.g3634.t1;Augustus}

# EVM prediction: Mode:STANDARD S-ratio: 38.18 74188-75333 orient(+) score(4467.00) noncoding_equivalent(117.00) raw_noncoding(117.00) offset(0.00) 
74188	75333	single+	1	3	{GlimmerHMM_glimmerT_4077-T1;GlimmerHMM},{Augustus_model.g3635.t1;Augustus}

# EVM prediction: Mode:STANDARD S-ratio: 10000.00 75824-77593 orient(+) score(7080.00) noncoding_equivalent(0.71) raw_noncoding(0.00) offset(0.00) 
75824	77593	single+	1	3	{Augustus_model.g3636.t1;Augustus},{GlimmerHMM_glimmerT_4078-T1;GlimmerHMM}

# EVM prediction: Mode:STANDARD S-ratio: 2.01 78731-80644 orient(+) score(3836.00) noncoding_equivalent(1907.06) raw_noncoding(1907.06) offset(0.00) 
78731	80644	single+	1	3	{Augustus_model.g3637.t1;Augustus},{GlimmerHMM_glimmerT_4080-T1;GlimmerHMM}

# EVM prediction: Mode:STANDARD S-ratio: 982.52 81068-82546 orient(+) score(5908.00) noncoding_equivalent(6.01) raw_noncoding(6.01) offset(0.00) 
81068	82546	single+	1	3	{GlimmerHMM_glimmerT_4081-T1;GlimmerHMM},{Augustus_model.g3638.t1;Augustus}

# EVM prediction: Mode:STANDARD S-ratio: 10000.00 82607-83230 orient(-) score(1872.00) noncoding_equivalent(0.19) raw_noncoding(0.00) offset(0.00) 
83230	82607	single-	4	6	{GlimmerHMM_glimmerT_4082-T1;GlimmerHMM},{Augustus_model.g3639.t1;Augustus}

# EVM prediction: Mode:STANDARD S-ratio: 49.71 84626-84967 orient(+) score(1004.00) noncoding_equivalent(20.20) raw_noncoding(20.20) offset(0.00) 
84626	84967	single+	1	3	{GlimmerHMM_glimmerT_4084-T1;GlimmerHMM},{Augustus_model.g3640.t1;Augustus}

# EVM prediction: Mode:STANDARD S-ratio: 2.00 85722-86168 orient(-) score(894.00) noncoding_equivalent(447.65) raw_noncoding(447.65) offset(0.00) 
86168	85722	single-	4	6	{GlimmerHMM_glimmerT_4085-T1;GlimmerHMM},{Augustus_model.g3641.t1;Augustus}

# EVM prediction: Mode:STANDARD S-ratio: 272.87 86388-87416 orient(+) score(4099.00) noncoding_equivalent(15.02) raw_noncoding(15.02) offset(0.00) 
86388	87416	single+	1	3	{GlimmerHMM_glimmerT_4086-T1;GlimmerHMM},{Augustus_model.g3642.t1;Augustus}

# EVM prediction: Mode:STANDARD S-ratio: 6.63 88679-90321 orient(-) score(4192.00) noncoding_equivalent(632.13) raw_noncoding(779.34) offset(147.21) 
90215	88679	terminal-	6	6	{snap_scaffold_10-snap.38-T1;snap}
90316	90216	INTRON			{snap_scaffold_10-snap.38-T1;snap}
90321	90317	initial-	4	5	{snap_scaffold_10-snap.38-T1;snap}

# EVM prediction: Mode:STANDARD S-ratio: 1.61 90916-91974 orient(-) score(1954.00) noncoding_equivalent(1215.55) raw_noncoding(1215.55) offset(0.00) 
91974	90916	single-	4	6	{GlimmerHMM_glimmerT_4088-T1;GlimmerHMM}

# EVM prediction: Mode:STANDARD S-ratio: 1369.15 92573-94402 orient(+) score(5484.00) noncoding_equivalent(4.01) raw_noncoding(4.01) offset(0.00) 
92573	94402	single+	1	3	{Augustus_model.g3644.t1;Augustus},{GlimmerHMM_glimmerT_4089-T1;GlimmerHMM}

# EVM prediction: Mode:STANDARD S-ratio: 4.75 94587-95276 orient(-) score(3417.00) noncoding_equivalent(720.00) raw_noncoding(720.00) offset(0.00) 
95276	94587	single-	4	6	{HiQ_model.g3645.t1;HiQ},{GlimmerHMM_glimmerT_4090-T1;GlimmerHMM}

# EVM prediction: Mode:STANDARD S-ratio: 1.00 95539-96471 orient(-) score(1866.00) noncoding_equivalent(1866.00) raw_noncoding(1866.00) offset(0.00) 
96471	95539	single-	4	6	{GlimmerHMM_glimmerT_4091-T1;GlimmerHMM}

