!! Predictions spanning range 408 - 61195 [R1]
# EVM prediction: Mode:STANDARD S-ratio: 2.94 408-2006 orient(+) score(4698.00) noncoding_equivalent(1600.00) raw_noncoding(1600.00) offset(0.00) 
408	2006	single+	1	3	{Augustus_model.g1003.t1;Augustus}

# EVM prediction: Mode:STANDARD S-ratio: 10000.00 2327-2779 orient(+) score(1812.00) noncoding_equivalent(0.18) raw_noncoding(0.00) offset(0.00) 
2327	2779	single+	1	3	{Augustus_model.g1004.t1;Augustus},{GlimmerHMM_glimmerT_1129-T1;GlimmerHMM}

# EVM prediction: Mode:STANDARD S-ratio: 20.34 2916-3854 orient(-) score(2685.00) noncoding_equivalent(132.00) raw_noncoding(132.00) offset(0.00) 
3854	2916	single-	4	6	{Augustus_model.g1005.t1;Augustus},{GlimmerHMM_glimmerT_1130-T1;GlimmerHMM}

# EVM prediction: Mode:STANDARD S-ratio: 4.85 4069-5601 orient(-) score(7626.00) noncoding_equivalent(1572.00) raw_noncoding(1572.00) offset(0.00) 
5601	4069	single-	4	6	{HiQ_model.g1006.t1;HiQ},{GlimmerHMM_glimmerT_1131-T1;GlimmerHMM}

# EVM prediction: Mode:STANDARD S-ratio: 829.28 6081-7751 orient(-) score(6656.00) noncoding_equivalent(8.03) raw_noncoding(8.03) offset(0.00) 
7751	6081	single-	4	6	{Augustus_model.g1007.t1;Augustus},{GlimmerHMM_glimmerT_1132-T1;GlimmerHMM}

# EVM prediction: Mode:STANDARD S-ratio: 4.96 8642-11194 orient(-) score(12746.00) noncoding_equivalent(2570.06) raw_noncoding(2570.06) offset(0.00) 
11194	8642	single-	4	6	{GlimmerHMM_glimmerT_1133-T1;GlimmerHMM},{HiQ_model.g1008.t1;HiQ}

# EVM prediction: Mode:STANDARD S-ratio: 134.30 11865-12911 orient(-) score(3116.00) noncoding_equivalent(23.20) raw_noncoding(23.20) offset(0.00) 
12911	11865	single-	4	6	{Augustus_model.g1009.t1;Augustus},{GlimmerHMM_glimmerT_1134-T1;GlimmerHMM}

# EVM prediction: Mode:STANDARD S-ratio: 10000.00 13540-17238 orient(+) score(14787.00) noncoding_equivalent(1.48) raw_noncoding(0.00) offset(0.00) 
13540	17238	single+	1	3	{Augustus_model.g1010.t1;Augustus},{GlimmerHMM_glimmerT_1135-T1;GlimmerHMM}

# EVM prediction: Mode:STANDARD S-ratio: 10000.00 17652-18848 orient(-) score(4725.00) noncoding_equivalent(0.47) raw_noncoding(0.00) offset(0.00) 
18848	17652	single-	4	6	{Augustus_model.g1011.t1;Augustus},{GlimmerHMM_glimmerT_1136-T1;GlimmerHMM}

# EVM prediction: Mode:STANDARD S-ratio: 17.05 19801-25158 orient(+) score(20244.00) noncoding_equivalent(1187.26) raw_noncoding(1187.26) offset(0.00) 
19801	25158	single+	1	3	{GlimmerHMM_glimmerT_1137-T1;GlimmerHMM}

# EVM prediction: Mode:STANDARD S-ratio: 37.54 25643-27313 orient(+) score(4881.00) noncoding_equivalent(130.02) raw_noncoding(130.02) offset(0.00) 
25643	27313	single+	1	3	{GlimmerHMM_glimmerT_1138-T1;GlimmerHMM}

# EVM prediction: Mode:STANDARD S-ratio: 5.00 27592-30861 orient(-) score(16350.00) noncoding_equivalent(3270.00) raw_noncoding(3270.00) offset(0.00) 
30861	27592	single-	4	6	{HiQ_model.g1013.t1;HiQ},{GlimmerHMM_glimmerT_1139-T1;GlimmerHMM}

# EVM prediction: Mode:STANDARD S-ratio: 4.87 31666-34101 orient(-) score(12126.00) noncoding_equivalent(2490.00) raw_noncoding(2490.00) offset(0.00) 
34101	31666	single-	4	6	{GlimmerHMM_glimmerT_1140-T1;GlimmerHMM},{HiQ_model.g1014.t1;HiQ}

# EVM prediction: Mode:STANDARD S-ratio: 4.31 34408-35358 orient(-) score(4631.00) noncoding_equivalent(1074.92) raw_noncoding(1074.92) offset(0.00) 
35358	34408	single-	4	6	{HiQ_model.g1015.t1;HiQ}

# EVM prediction: Mode:STANDARD S-ratio: 4.99 35608-36303 orient(-) score(3474.00) noncoding_equivalent(696.00) raw_noncoding(696.00) offset(0.00) 
36303	35608	single-	4	6	{HiQ_model.g1016.t1;HiQ},{GlimmerHMM_glimmerT_1142-T1;GlimmerHMM}

# EVM prediction: Mode:STANDARD S-ratio: 3.05 37122-37946 orient(+) score(2475.00) noncoding_equivalent(811.69) raw_noncoding(811.69) offset(0.00) 
37122	37946	single+	1	3	{GlimmerHMM_glimmerT_1143-T1;GlimmerHMM},{Augustus_model.g1017.t1;Augustus}

# EVM prediction: Mode:STANDARD S-ratio: 5.00 38099-40027 orient(-) score(9645.00) noncoding_equivalent(1929.00) raw_noncoding(1929.00) offset(0.00) 
40027	38099	single-	4	6	{GlimmerHMM_glimmerT_1144-T1;GlimmerHMM},{HiQ_model.g1018.t1;HiQ}

# EVM prediction: Mode:STANDARD S-ratio: 3.00 40436-41140 orient(+) score(2115.00) noncoding_equivalent(705.00) raw_noncoding(705.00) offset(0.00) 
40436	41140	single+	1	3	{GlimmerHMM_glimmerT_1145-T1;GlimmerHMM},{Augustus_model.g1019.t1;Augustus}

# EVM prediction: Mode:STANDARD S-ratio: 44.24 41572-42621 orient(+) score(4106.00) noncoding_equivalent(92.80) raw_noncoding(92.80) offset(0.00) 
41572	42621	single+	1	3	{GlimmerHMM_glimmerT_1146-T1;GlimmerHMM},{Augustus_model.g1020.t1;Augustus}

# EVM prediction: Mode:STANDARD S-ratio: 22.30 43433-44434 orient(+) score(2877.00) noncoding_equivalent(129.00) raw_noncoding(129.00) offset(0.00) 
43433	44434	single+	1	3	{Augustus_model.g1021.t1;Augustus}

# EVM prediction: Mode:STANDARD S-ratio: 1.19 46408-47936 orient(-) score(685.00) noncoding_equivalent(575.89) raw_noncoding(631.36) offset(55.47) 
46620	46408	terminal-	4	6	{snap_scaffold_2-snap.462-T1;snap},{Augustus_model.g1022.t1;Augustus}
47738	46621	INTRON			{Augustus_model.g1022.t1;Augustus}
47936	47739	initial-	4	6	{Augustus_model.g1022.t1;Augustus}

# EVM prediction: Mode:STANDARD S-ratio: 5.00 49290-50366 orient(-) score(5382.00) noncoding_equivalent(1077.00) raw_noncoding(1077.00) offset(0.00) 
50366	49290	single-	4	6	{GlimmerHMM_glimmerT_1149-T1;GlimmerHMM},{HiQ_model.g1023.t1;HiQ}

# EVM prediction: Mode:STANDARD S-ratio: 4.95 51046-52707 orient(-) score(8294.00) noncoding_equivalent(1676.04) raw_noncoding(1676.04) offset(0.00) 
52707	51046	single-	4	6	{GlimmerHMM_glimmerT_1150-T1;GlimmerHMM},{HiQ_model.g1024.t1;HiQ}

# EVM prediction: Mode:STANDARD S-ratio: 1.60 54591-58556 orient(-) score(2691.00) noncoding_equivalent(1687.15) raw_noncoding(2317.52) offset(630.37) 
54610	54591	terminal-	5	6	{Augustus_model.g1025.t1;Augustus}
57328	54611	INTRON			{Augustus_model.g1025.t1;Augustus}
58556	57329	initial-	4	4	{Augustus_model.g1025.t1;Augustus}

# EVM prediction: Mode:STANDARD S-ratio: 10000.00 59540-61195 orient(+) score(4968.00) noncoding_equivalent(0.50) raw_noncoding(0.00) offset(0.00) 
59540	61195	single+	1	3	{Augustus_model.g1026.t1;Augustus},{GlimmerHMM_glimmerT_1152-T1;GlimmerHMM}

