!! Predictions spanning range 498 - 97600 [R1]
# EVM prediction: Mode:STANDARD S-ratio: 5.00 498-1790 orient(-) score(6465.00) noncoding_equivalent(1293.00) raw_noncoding(1293.00) offset(0.00) 
1790	498	single-	4	6	{GlimmerHMM_glimmerT_4740-T1;GlimmerHMM},{HiQ_model.g4372.t1;HiQ}

# EVM prediction: Mode:STANDARD S-ratio: 9.51 2750-3698 orient(+) score(3368.00) noncoding_equivalent(354.01) raw_noncoding(1014.62) offset(660.61) 
2750	2757	initial+	1	2	{snap_scaffold_11-snap.155-T1;snap}
2758	3088	INTRON			{snap_scaffold_11-snap.155-T1;snap}
3089	3698	terminal+	3	3	{Augustus_model.g4373.t1;Augustus},{snap_scaffold_11-snap.155-T1;snap}

# EVM prediction: Mode:STANDARD S-ratio: 10000.00 4585-6513 orient(+) score(5787.00) noncoding_equivalent(0.58) raw_noncoding(0.00) offset(0.00) 
4585	6513	single+	1	3	{GlimmerHMM_glimmerT_4742-T1;GlimmerHMM},{Augustus_model.g4374.t1;Augustus}

# EVM prediction: Mode:STANDARD S-ratio: 10000.00 6798-7424 orient(+) score(2508.00) noncoding_equivalent(0.25) raw_noncoding(0.00) offset(0.00) 
6798	7424	single+	1	3	{GlimmerHMM_glimmerT_4743-T1;GlimmerHMM},{Augustus_model.g4375.t1;Augustus}

# EVM prediction: Mode:STANDARD S-ratio: 4.97 7834-12009 orient(-) score(20854.00) noncoding_equivalent(4200.18) raw_noncoding(4200.18) offset(0.00) 
12009	7834	single-	4	6	{HiQ_model.g4376.t1;HiQ}

# EVM prediction: Mode:STANDARD S-ratio: 2.56 12322-13230 orient(+) score(2615.00) noncoding_equivalent(1020.16) raw_noncoding(1020.16) offset(0.00) 
12322	13230	single+	1	3	{GlimmerHMM_glimmerT_4745-T1;GlimmerHMM}

# EVM prediction: Mode:STANDARD S-ratio: 5.00 13444-14541 orient(-) score(5490.00) noncoding_equivalent(1098.00) raw_noncoding(1098.00) offset(0.00) 
14541	13444	single-	4	6	{GlimmerHMM_glimmerT_4746-T1;GlimmerHMM},{HiQ_model.g4378.t1;HiQ}

# EVM prediction: Mode:STANDARD S-ratio: 14.27 15211-17610 orient(-) score(8743.00) noncoding_equivalent(612.62) raw_noncoding(819.00) offset(206.38) 
17074	15211	terminal-	6	6	{Augustus_model.g4379.t1;Augustus}
17197	17075	INTRON			{Augustus_model.g4379.t1;Augustus}
17610	17198	initial-	4	5	{Augustus_model.g4379.t1;Augustus}

# EVM prediction: Mode:STANDARD S-ratio: 5.00 18758-22099 orient(-) score(16710.00) noncoding_equivalent(3342.00) raw_noncoding(3342.00) offset(0.00) 
22099	18758	single-	4	6	{GlimmerHMM_glimmerT_4749-T1;GlimmerHMM},{HiQ_model.g4380.t1;HiQ}

# EVM prediction: Mode:STANDARD S-ratio: 111.97 22591-25872 orient(-) score(13010.00) noncoding_equivalent(116.19) raw_noncoding(116.19) offset(0.00) 
25872	22591	single-	4	6	{GlimmerHMM_glimmerT_4750-T1;GlimmerHMM},{Augustus_model.g4381.t1;Augustus}

# EVM prediction: Mode:STANDARD S-ratio: 1.00 27228-27791 orient(+) score(1128.00) noncoding_equivalent(1128.00) raw_noncoding(1128.00) offset(0.00) 
27228	27791	single+	1	3	{GlimmerHMM_glimmerT_4751-T1;GlimmerHMM}

# EVM prediction: Mode:STANDARD S-ratio: 4.66 27928-30048 orient(-) score(10476.00) noncoding_equivalent(2250.00) raw_noncoding(2250.00) offset(0.00) 
30048	27928	single-	4	6	{HiQ_model.g4382.t1;HiQ},{GlimmerHMM_glimmerT_4752-T1;GlimmerHMM}

# EVM prediction: Mode:STANDARD S-ratio: 4.97 30586-33708 orient(-) score(15600.00) noncoding_equivalent(3138.00) raw_noncoding(3138.00) offset(0.00) 
33708	30586	single-	4	6	{HiQ_model.g4383.t1;HiQ},{GlimmerHMM_glimmerT_4753-T1;GlimmerHMM}

# EVM prediction: Mode:STANDARD S-ratio: 1.00 34288-34863 orient(-) score(1152.00) noncoding_equivalent(1152.00) raw_noncoding(1152.00) offset(0.00) 
34863	34288	single-	4	6	{GlimmerHMM_glimmerT_4754-T1;GlimmerHMM}

# EVM prediction: Mode:STANDARD S-ratio: 4.93 35344-36168 orient(-) score(4114.00) noncoding_equivalent(834.08) raw_noncoding(834.08) offset(0.00) 
36168	35344	single-	4	6	{HiQ_model.g4384.t1;HiQ},{GlimmerHMM_glimmerT_4755-T1;GlimmerHMM}

# EVM prediction: Mode:STANDARD S-ratio: 4.01 36765-37649 orient(+) score(3915.00) noncoding_equivalent(977.15) raw_noncoding(1452.00) offset(474.85) 
36765	36806	initial+	1	3	{Augustus_model.g4385.t1;Augustus},{GlimmerHMM_glimmerT_4756-T1;GlimmerHMM}
36807	37277	INTRON			{Augustus_model.g4385.t1;Augustus},{GlimmerHMM_glimmerT_4756-T1;GlimmerHMM},{ev_type:exonerate/ID=match.133146.6448/Target=YER117W;exonerate},{ev_type:exonerate/ID=match.133146.827/Target=YBL087C;exonerate}
37278	37649	terminal+	1	3	{Augustus_model.g4385.t1;Augustus},{GlimmerHMM_glimmerT_4756-T1;GlimmerHMM}

# EVM prediction: Mode:STANDARD S-ratio: 3.81 37948-39051 orient(-) score(5247.00) noncoding_equivalent(1377.00) raw_noncoding(1377.00) offset(0.00) 
39051	37948	single-	4	6	{GlimmerHMM_glimmerT_4757-T1;GlimmerHMM},{HiQ_model.g4386.t1;HiQ}

# EVM prediction: Mode:STANDARD S-ratio: 2.01 39492-40838 orient(-) score(2694.00) noncoding_equivalent(1343.46) raw_noncoding(1343.46) offset(0.00) 
40838	39492	single-	4	6	{Augustus_model.g4387.t1;Augustus},{GlimmerHMM_glimmerT_4758-T1;GlimmerHMM}

# EVM prediction: Mode:STANDARD S-ratio: 10000.00 41131-41865 orient(+) score(2940.00) noncoding_equivalent(0.29) raw_noncoding(0.00) offset(0.00) 
41131	41865	single+	1	3	{GlimmerHMM_glimmerT_4759-T1;GlimmerHMM},{Augustus_model.g4388.t1;Augustus}

# EVM prediction: Mode:STANDARD S-ratio: 10000.00 42371-42715 orient(+) score(1380.00) noncoding_equivalent(0.14) raw_noncoding(0.00) offset(0.00) 
42371	42715	single+	1	3	{GlimmerHMM_glimmerT_4760-T1;GlimmerHMM},{Augustus_model.g4389.t1;Augustus}

# EVM prediction: Mode:STANDARD S-ratio: 4.95 42867-44348 orient(-) score(7398.00) noncoding_equivalent(1494.00) raw_noncoding(1494.00) offset(0.00) 
44348	42867	single-	4	6	{HiQ_model.g4390.t1;HiQ},{GlimmerHMM_glimmerT_4761-T1;GlimmerHMM}

# EVM prediction: Mode:STANDARD S-ratio: 3.00 44809-46383 orient(+) score(4725.00) noncoding_equivalent(1575.00) raw_noncoding(1575.00) offset(0.00) 
44809	46383	single+	1	3	{Augustus_model.g4391.t1;Augustus},{GlimmerHMM_glimmerT_4762-T1;GlimmerHMM}

# EVM prediction: Mode:STANDARD S-ratio: 2.13 47338-49059 orient(-) score(6888.00) noncoding_equivalent(3229.78) raw_noncoding(3229.78) offset(0.00) 
49059	47338	single-	4	6	{GlimmerHMM_glimmerT_4763-T1;GlimmerHMM},{HiQ_model.g4392.t1;HiQ}

# EVM prediction: Mode:STANDARD S-ratio: 10000.00 50185-52614 orient(+) score(9720.00) noncoding_equivalent(0.97) raw_noncoding(0.00) offset(0.00) 
50185	52614	single+	1	3	{Augustus_model.g4393.t1;Augustus},{GlimmerHMM_glimmerT_4764-T1;GlimmerHMM}

# EVM prediction: Mode:STANDARD S-ratio: 2.01 53390-54175 orient(-) score(3144.00) noncoding_equivalent(1567.22) raw_noncoding(1567.22) offset(0.00) 
54175	53390	single-	4	6	{HiQ_model.g4394.t1;HiQ},{GlimmerHMM_glimmerT_4765-T1;GlimmerHMM}

# EVM prediction: Mode:STANDARD S-ratio: 10000.00 54477-55550 orient(+) score(4296.00) noncoding_equivalent(0.43) raw_noncoding(0.00) offset(0.00) 
54477	55550	single+	1	3	{Augustus_model.g4395.t1;Augustus},{GlimmerHMM_glimmerT_4766-T1;GlimmerHMM}

# EVM prediction: Mode:STANDARD S-ratio: 12.83 55855-56466 orient(+) score(2271.00) noncoding_equivalent(177.00) raw_noncoding(177.00) offset(0.00) 
55855	56466	single+	1	3	{GlimmerHMM_glimmerT_4767-T1;GlimmerHMM}

# EVM prediction: Mode:STANDARD S-ratio: 10000.00 57277-60705 orient(+) score(13716.00) noncoding_equivalent(1.37) raw_noncoding(0.00) offset(0.00) 
57277	60705	single+	1	3	{Augustus_model.g4397.t1;Augustus},{GlimmerHMM_glimmerT_4768-T1;GlimmerHMM}

# EVM prediction: Mode:STANDARD S-ratio: 4.84 61111-62442 orient(-) score(6618.00) noncoding_equivalent(1366.00) raw_noncoding(1366.00) offset(0.00) 
62442	61111	single-	4	6	{GlimmerHMM_glimmerT_4769-T1;GlimmerHMM},{HiQ_model.g4398.t1;HiQ}

# EVM prediction: Mode:STANDARD S-ratio: 10000.00 63948-64307 orient(+) score(1800.00) noncoding_equivalent(0.18) raw_noncoding(0.00) offset(0.00) 
63948	64307	single+	1	3	{Augustus_model.g4399.t1;Augustus},{GlimmerHMM_glimmerT_4770-T1;GlimmerHMM}

# EVM prediction: Mode:STANDARD S-ratio: 4.77 65184-70445 orient(-) score(26103.00) noncoding_equivalent(5469.00) raw_noncoding(5469.00) offset(0.00) 
70445	65184	single-	4	6	{HiQ_model.g4400.t1;HiQ},{GlimmerHMM_glimmerT_4771-T1;GlimmerHMM}

# EVM prediction: Mode:STANDARD S-ratio: 5.21 72491-73954 orient(+) score(4473.00) noncoding_equivalent(858.00) raw_noncoding(1830.00) offset(972.00) 
72491	72667	initial+	1	3	{Augustus_model.g4401.t1;Augustus},{GlimmerHMM_glimmerT_4772-T1;GlimmerHMM}
72668	73192	INTRON			{Augustus_model.g4401.t1;Augustus},{ev_type:exonerate/ID=match.133146.1989/Target=YER133W;exonerate}
73193	73954	terminal+	1	3	{Augustus_model.g4401.t1;Augustus},{snap_scaffold_11-snap.180-T1;snap}

# EVM prediction: Mode:STANDARD S-ratio: 3.86 77263-77799 orient(-) score(2559.00) noncoding_equivalent(663.00) raw_noncoding(663.00) offset(0.00) 
77799	77263	single-	4	6	{GlimmerHMM_glimmerT_4774-T1;GlimmerHMM},{HiQ_model.g4402.t1;HiQ}

# EVM prediction: Mode:STANDARD S-ratio: 1.00 77948-78340 orient(-) score(1179.00) noncoding_equivalent(1175.37) raw_noncoding(1175.37) offset(0.00) 
78340	77948	single-	4	6	{HiQ_model.g4403.t1;HiQ}

# EVM prediction: Mode:STANDARD S-ratio: 317.54 79612-80967 orient(+) score(5405.00) noncoding_equivalent(17.02) raw_noncoding(17.02) offset(0.00) 
79612	80967	single+	1	3	{GlimmerHMM_glimmerT_4775-T1;GlimmerHMM},{Augustus_model.g4404.t1;Augustus}

# EVM prediction: Mode:STANDARD S-ratio: 4.55 81369-81815 orient(-) score(2198.00) noncoding_equivalent(482.59) raw_noncoding(482.59) offset(0.00) 
81815	81369	single-	4	6	{GlimmerHMM_glimmerT_4776-T1;GlimmerHMM},{HiQ_model.g4405.t1;HiQ}

# EVM prediction: Mode:STANDARD S-ratio: 15.67 83752-87219 orient(-) score(9780.00) noncoding_equivalent(624.00) raw_noncoding(624.00) offset(0.00) 
87219	83752	single-	4	6	{Augustus_model.g4406.t1;Augustus},{GlimmerHMM_glimmerT_4777-T1;GlimmerHMM}

# EVM prediction: Mode:STANDARD S-ratio: 10000.00 87698-89020 orient(-) score(3969.00) noncoding_equivalent(0.40) raw_noncoding(0.00) offset(0.00) 
89020	87698	single-	4	6	{Augustus_model.g4407.t1;Augustus},{GlimmerHMM_glimmerT_4778-T1;GlimmerHMM}

# EVM prediction: Mode:STANDARD S-ratio: 5.00 90558-91238 orient(-) score(3405.00) noncoding_equivalent(681.00) raw_noncoding(681.00) offset(0.00) 
91238	90558	single-	4	6	{GlimmerHMM_glimmerT_4779-T1;GlimmerHMM},{HiQ_model.g4408.t1;HiQ}

# EVM prediction: Mode:STANDARD S-ratio: 2.15 91560-93230 orient(+) score(4561.00) noncoding_equivalent(2117.79) raw_noncoding(2117.79) offset(0.00) 
91560	93230	single+	1	3	{GlimmerHMM_glimmerT_4780-T1;GlimmerHMM}

# EVM prediction: Mode:STANDARD S-ratio: 289.86 93454-94914 orient(+) score(5822.00) noncoding_equivalent(20.09) raw_noncoding(20.09) offset(0.00) 
93454	94914	single+	1	3	{GlimmerHMM_glimmerT_4781-T1;GlimmerHMM},{Augustus_model.g4410.t1;Augustus}

# EVM prediction: Mode:STANDARD S-ratio: 5.00 95141-96031 orient(-) score(4455.00) noncoding_equivalent(891.00) raw_noncoding(891.00) offset(0.00) 
96031	95141	single-	4	6	{GlimmerHMM_glimmerT_4782-T1;GlimmerHMM},{HiQ_model.g4411.t1;HiQ}

# EVM prediction: Mode:STANDARD S-ratio: 3.94 96314-97600 orient(+) score(3861.00) noncoding_equivalent(980.00) raw_noncoding(980.00) offset(0.00) 
96314	97600	single+	1	3	{Augustus_model.g4412.t1;Augustus},{GlimmerHMM_glimmerT_4783-T1;GlimmerHMM}

