!! Predictions spanning range 11025 - 86190 [R1]
# EVM prediction: Mode:STANDARD S-ratio: 10000.00 11025-11732 orient(+) score(1416.00) noncoding_equivalent(0.14) raw_noncoding(0.00) offset(0.00) 
11025	11732	single+	1	3	{Augustus_gene686.t1;Augustus}

# EVM prediction: Mode:STANDARD S-ratio: 10000.00 14391-16088 orient(+) score(3396.00) noncoding_equivalent(0.34) raw_noncoding(0.00) offset(0.00) 
14391	16088	single+	1	3	{Augustus_gene841.t1;Augustus}

# EVM prediction: Mode:STANDARD S-ratio: 10000.00 26054-26701 orient(+) score(1296.00) noncoding_equivalent(0.13) raw_noncoding(0.00) offset(0.00) 
26054	26701	single+	1	3	{Augustus_gene1125.t1;Augustus}

# EVM prediction: Mode:STANDARD S-ratio: 10000.00 30748-31803 orient(+) score(2112.00) noncoding_equivalent(0.21) raw_noncoding(0.00) offset(0.00) 
30748	31803	single+	1	3	{Augustus_gene1001.t1;Augustus}

# EVM prediction: Mode:STANDARD S-ratio: 10000.00 37901-39589 orient(+) score(3378.00) noncoding_equivalent(0.34) raw_noncoding(0.00) offset(0.00) 
37901	39589	single+	1	3	{Augustus_gene566.t1;Augustus}

# EVM prediction: Mode:STANDARD S-ratio: 10000.00 50793-51386 orient(-) score(1188.00) noncoding_equivalent(0.12) raw_noncoding(0.00) offset(0.00) 
51386	50793	single-	4	6	{Augustus_gene501.t1;Augustus}

# EVM prediction: Mode:STANDARD S-ratio: 10000.00 51608-52585 orient(-) score(1956.00) noncoding_equivalent(0.20) raw_noncoding(0.00) offset(0.00) 
52585	51608	single-	4	6	{Augustus_gene639.t1;Augustus}

# EVM prediction: Mode:STANDARD S-ratio: 10000.00 52953-54922 orient(-) score(3940.00) noncoding_equivalent(0.39) raw_noncoding(0.00) offset(0.00) 
54152	52953	terminal-	4	6	{Augustus_gene155.t1;Augustus}
54215	54153	INTRON			{Augustus_gene155.t1;Augustus}
54240	54216	internal-	6	6	{Augustus_gene155.t1;Augustus}
54305	54241	INTRON			{Augustus_gene155.t1;Augustus}
54922	54306	initial-	4	5	{Augustus_gene155.t1;Augustus}

# EVM prediction: Mode:STANDARD S-ratio: 10000.00 55172-55738 orient(+) score(1134.00) noncoding_equivalent(0.11) raw_noncoding(0.00) offset(0.00) 
55172	55738	single+	1	3	{Augustus_gene930.t1;Augustus}

# EVM prediction: Mode:STANDARD S-ratio: 10000.00 63901-64242 orient(-) score(684.00) noncoding_equivalent(0.07) raw_noncoding(0.00) offset(0.00) 
64242	63901	single-	4	6	{Augustus_gene61.t1;Augustus}

# EVM prediction: Mode:STANDARD S-ratio: 10000.00 68482-69360 orient(-) score(1758.00) noncoding_equivalent(0.18) raw_noncoding(0.00) offset(0.00) 
69360	68482	single-	4	6	{Augustus_gene935.t1;Augustus}

# EVM prediction: Mode:STANDARD S-ratio: 10000.00 73877-76314 orient(-) score(4876.00) noncoding_equivalent(0.49) raw_noncoding(0.00) offset(0.00) 
73897	73877	terminal-	4	6	{Augustus_gene818.t1;Augustus}
73965	73898	INTRON			{Augustus_gene818.t1;Augustus}
75608	73966	internal-	5	6	{Augustus_gene818.t1;Augustus}
75788	75609	INTRON			{Augustus_gene818.t1;Augustus}
76314	75789	initial-	4	4	{Augustus_gene818.t1;Augustus}

# EVM prediction: Mode:STANDARD S-ratio: 10000.00 85207-86190 orient(-) score(1968.00) noncoding_equivalent(0.20) raw_noncoding(0.00) offset(0.00) 
86190	85207	single-	4	6	{Augustus_gene652.t1;Augustus}

