!! Predictions spanning range 171 - 98989 [R1]
# EVM prediction: Mode:STANDARD S-ratio: 118.09 171-4973 orient(-) score(14376.00) noncoding_equivalent(121.74) raw_noncoding(121.74) offset(0.00) 
4973	171	single-	4	6	{GlimmerHMM_glimmerT_5419-T1;GlimmerHMM},{Augustus_model.g4783.t1;Augustus}

# EVM prediction: Mode:STANDARD S-ratio: 74.78 5374-7680 orient(+) score(6828.00) noncoding_equivalent(91.31) raw_noncoding(91.31) offset(0.00) 
5374	7680	single+	1	3	{GlimmerHMM_glimmerT_5420-T1;GlimmerHMM},{Augustus_model.g4784.t1;Augustus}

# EVM prediction: Mode:STANDARD S-ratio: 5.50 7787-10561 orient(-) score(8105.00) noncoding_equivalent(1472.74) raw_noncoding(1472.74) offset(0.00) 
10561	7787	single-	4	6	{Augustus_model.g4785.t1;Augustus}

# EVM prediction: Mode:STANDARD S-ratio: 12.16 10859-14344 orient(+) score(10451.00) noncoding_equivalent(859.55) raw_noncoding(859.55) offset(0.00) 
10859	14344	single+	1	3	{Augustus_model.g4786.t1;Augustus},{GlimmerHMM_glimmerT_5422-T1;GlimmerHMM}

# EVM prediction: Mode:STANDARD S-ratio: 10000.00 17336-19201 orient(+) score(5598.00) noncoding_equivalent(0.56) raw_noncoding(0.00) offset(0.00) 
17336	19201	single+	1	3	{GlimmerHMM_glimmerT_5423-T1;GlimmerHMM},{Augustus_model.g4787.t1;Augustus}

# EVM prediction: Mode:STANDARD S-ratio: 10000.00 20170-21762 orient(+) score(4779.00) noncoding_equivalent(0.48) raw_noncoding(0.00) offset(0.00) 
20170	21762	single+	1	3	{Augustus_model.g4788.t1;Augustus},{GlimmerHMM_glimmerT_5424-T1;GlimmerHMM}

# EVM prediction: Mode:STANDARD S-ratio: 343.87 21928-23103 orient(-) score(3516.00) noncoding_equivalent(10.22) raw_noncoding(10.22) offset(0.00) 
23103	21928	single-	4	6	{GlimmerHMM_glimmerT_5425-T1;GlimmerHMM},{Augustus_model.g4789.t1;Augustus}

# EVM prediction: Mode:STANDARD S-ratio: 10000.00 24962-26215 orient(-) score(3762.00) noncoding_equivalent(0.38) raw_noncoding(0.00) offset(0.00) 
26215	24962	single-	4	6	{GlimmerHMM_glimmerT_5426-T1;GlimmerHMM},{Augustus_model.g4790.t1;Augustus}

# EVM prediction: Mode:STANDARD S-ratio: 1.72 28178-30613 orient(-) score(4588.00) noncoding_equivalent(2671.00) raw_noncoding(2671.00) offset(0.00) 
30613	28178	single-	4	6	{Augustus_model.g4791.t1;Augustus}

# EVM prediction: Mode:STANDARD S-ratio: 2.00 31488-31889 orient(-) score(804.00) noncoding_equivalent(402.00) raw_noncoding(402.00) offset(0.00) 
31889	31488	single-	4	6	{GlimmerHMM_glimmerT_5428-T1;GlimmerHMM},{Augustus_model.g4792.t1;Augustus}

# EVM prediction: Mode:STANDARD S-ratio: 10000.00 32357-33754 orient(+) score(4194.00) noncoding_equivalent(0.42) raw_noncoding(0.00) offset(0.00) 
32357	33754	single+	1	3	{Augustus_model.g4793.t1;Augustus},{GlimmerHMM_glimmerT_5429-T1;GlimmerHMM}

# EVM prediction: Mode:STANDARD S-ratio: 20.78 33856-35475 orient(-) score(4635.00) noncoding_equivalent(223.05) raw_noncoding(223.05) offset(0.00) 
35475	33856	single-	4	6	{GlimmerHMM_glimmerT_5430-T1;GlimmerHMM}

# EVM prediction: Mode:STANDARD S-ratio: 236.90 36804-38795 orient(+) score(5949.00) noncoding_equivalent(25.11) raw_noncoding(25.11) offset(0.00) 
36804	38795	single+	1	3	{GlimmerHMM_glimmerT_5431-T1;GlimmerHMM}

# EVM prediction: Mode:STANDARD S-ratio: 1.61 39155-39733 orient(+) score(1071.00) noncoding_equivalent(664.42) raw_noncoding(664.42) offset(0.00) 
39155	39733	single+	1	3	{GlimmerHMM_glimmerT_5432-T1;GlimmerHMM}

# EVM prediction: Mode:STANDARD S-ratio: 71.03 39950-42031 orient(+) score(6156.00) noncoding_equivalent(86.66) raw_noncoding(86.66) offset(0.00) 
39950	42031	single+	1	3	{GlimmerHMM_glimmerT_5433-T1;GlimmerHMM}

# EVM prediction: Mode:STANDARD S-ratio: 171.50 42043-42732 orient(-) score(2058.00) noncoding_equivalent(12.00) raw_noncoding(12.00) offset(0.00) 
42732	42043	single-	4	6	{Augustus_model.g4796.t1;Augustus},{GlimmerHMM_glimmerT_5434-T1;GlimmerHMM}

# EVM prediction: Mode:STANDARD S-ratio: 142.03 43188-44768 orient(-) score(4708.00) noncoding_equivalent(33.15) raw_noncoding(33.15) offset(0.00) 
44768	43188	single-	4	6	{Augustus_model.g4797.t1;Augustus},{GlimmerHMM_glimmerT_5435-T1;GlimmerHMM}

# EVM prediction: Mode:STANDARD S-ratio: 32.31 47669-49633 orient(+) score(5718.00) noncoding_equivalent(177.00) raw_noncoding(177.00) offset(0.00) 
47669	49633	single+	1	3	{GlimmerHMM_glimmerT_5436-T1;GlimmerHMM},{Augustus_model.g4798.t1;Augustus}

# EVM prediction: Mode:STANDARD S-ratio: 111.44 49693-51234 orient(-) score(4583.00) noncoding_equivalent(41.12) raw_noncoding(41.12) offset(0.00) 
51234	49693	single-	4	6	{Augustus_model.g4799.t1;Augustus},{GlimmerHMM_glimmerT_5437-T1;GlimmerHMM}

# EVM prediction: Mode:STANDARD S-ratio: 16.79 51818-52507 orient(+) score(1950.00) noncoding_equivalent(116.12) raw_noncoding(116.12) offset(0.00) 
51818	52507	single+	1	3	{Augustus_model.g4800.t1;Augustus},{GlimmerHMM_glimmerT_5438-T1;GlimmerHMM}

# EVM prediction: Mode:STANDARD S-ratio: 5.04 52812-55011 orient(+) score(6002.00) noncoding_equivalent(1192.00) raw_noncoding(1701.00) offset(509.00) 
52812	53621	initial+	1	3	{Augustus_model.g4801.t1;Augustus},{GlimmerHMM_glimmerT_5439-T1;GlimmerHMM}
53622	54219	INTRON			{Augustus_model.g4801.t1;Augustus},{GlimmerHMM_glimmerT_5439-T1;GlimmerHMM}
54220	55011	terminal+	1	3	{Augustus_model.g4801.t1;Augustus},{snap_scaffold_7-snap.287-T1;snap},{GlimmerHMM_glimmerT_5439-T1;GlimmerHMM}

# EVM prediction: Mode:STANDARD S-ratio: 17.12 55110-56588 orient(-) score(4161.00) noncoding_equivalent(243.00) raw_noncoding(276.00) offset(33.00) 
56549	55110	terminal-	4	6	{snap_scaffold_7-snap.288-T1;snap}
56582	56550	INTRON			{snap_scaffold_7-snap.288-T1;snap}
56588	56583	initial-	4	6	{snap_scaffold_7-snap.288-T1;snap}

# EVM prediction: Mode:STANDARD S-ratio: 10000.00 56892-58082 orient(-) score(3573.00) noncoding_equivalent(0.36) raw_noncoding(0.00) offset(0.00) 
58082	56892	single-	4	6	{GlimmerHMM_glimmerT_5441-T1;GlimmerHMM},{Augustus_model.g4803.t1;Augustus}

# EVM prediction: Mode:STANDARD S-ratio: 281.02 62435-66478 orient(+) score(12089.00) noncoding_equivalent(43.02) raw_noncoding(43.02) offset(0.00) 
62435	66478	single+	1	3	{Augustus_model.g4804.t1;Augustus}

# EVM prediction: Mode:STANDARD S-ratio: 21.82 70842-75073 orient(+) score(11719.00) noncoding_equivalent(537.05) raw_noncoding(1415.22) offset(878.18) 
70842	70850	initial+	1	3	{snap_scaffold_7-snap.291-T1;snap}
70851	71290	INTRON			{snap_scaffold_7-snap.291-T1;snap}
71291	75073	terminal+	1	3	{snap_scaffold_7-snap.291-T1;snap}

# EVM prediction: Mode:STANDARD S-ratio: 61.25 77720-83514 orient(+) score(16949.00) noncoding_equivalent(276.70) raw_noncoding(591.84) offset(315.14) 
77720	77723	initial+	1	1	{snap_scaffold_7-snap.292-T1;snap}
77724	77881	INTRON			{snap_scaffold_7-snap.292-T1;snap}
77882	83514	terminal+	2	3	{snap_scaffold_7-snap.292-T1;snap}

# EVM prediction: Mode:STANDARD S-ratio: 119.25 84222-87107 orient(+) score(8586.00) noncoding_equivalent(72.00) raw_noncoding(72.00) offset(0.00) 
84222	87107	single+	1	3	{GlimmerHMM_glimmerT_5444-T1;GlimmerHMM}

# EVM prediction: Mode:STANDARD S-ratio: 10000.00 87280-88662 orient(-) score(4149.00) noncoding_equivalent(0.41) raw_noncoding(0.00) offset(0.00) 
88662	87280	single-	4	6	{GlimmerHMM_glimmerT_5445-T1;GlimmerHMM},{Augustus_model.g4807.t1;Augustus}

# EVM prediction: Mode:STANDARD S-ratio: 4.45 89483-90148 orient(-) score(1623.00) noncoding_equivalent(365.00) raw_noncoding(365.00) offset(0.00) 
90148	89483	single-	4	6	{GlimmerHMM_glimmerT_5447-T1;GlimmerHMM},{Augustus_model.g4808.t1;Augustus}

# EVM prediction: Mode:STANDARD S-ratio: 4.87 90622-92034 orient(-) score(7024.00) noncoding_equivalent(1443.08) raw_noncoding(1443.08) offset(0.00) 
92034	90622	single-	4	6	{HiQ_model.g4809.t1;HiQ},{GlimmerHMM_glimmerT_5448-T1;GlimmerHMM}

# EVM prediction: Mode:STANDARD S-ratio: 53.75 93339-94145 orient(-) score(2375.00) noncoding_equivalent(44.19) raw_noncoding(44.19) offset(0.00) 
94145	93339	single-	4	6	{GlimmerHMM_glimmerT_5449-T1;GlimmerHMM},{Augustus_model.g4810.t1;Augustus}

# EVM prediction: Mode:STANDARD S-ratio: 8.67 95053-96966 orient(-) score(5142.00) noncoding_equivalent(593.00) raw_noncoding(593.00) offset(0.00) 
96966	95053	single-	4	6	{Augustus_model.g4811.t1;Augustus},{GlimmerHMM_glimmerT_5450-T1;GlimmerHMM}

# EVM prediction: Mode:STANDARD S-ratio: 204.13 97349-98989 orient(-) score(4899.00) noncoding_equivalent(24.00) raw_noncoding(24.00) offset(0.00) 
98989	97349	single-	4	6	{Augustus_model.g4812.t1;Augustus},{GlimmerHMM_glimmerT_5451-T1;GlimmerHMM}

