!! Predictions spanning range 786 - 99623 [R1]
# EVM prediction: Mode:STANDARD S-ratio: 4.46 786-3404 orient(+) score(7111.00) noncoding_equivalent(1594.33) raw_noncoding(1594.33) offset(0.00) 
786	3404	single+	1	3	{GlimmerHMM_glimmerT_568-T1;GlimmerHMM}

# EVM prediction: Mode:STANDARD S-ratio: 8.62 3674-5679 orient(+) score(5388.00) noncoding_equivalent(625.40) raw_noncoding(1220.86) offset(595.46) 
3674	3679	initial+	1	3	{snap_scaffold_1-snap.497-T1;snap}
3680	3827	INTRON			{snap_scaffold_1-snap.497-T1;snap}
3828	3834	internal+	1	1	{snap_scaffold_1-snap.497-T1;snap}
3835	3988	INTRON			{snap_scaffold_1-snap.497-T1;snap}
3989	5679	terminal+	2	3	{Augustus_model.g513.t1;Augustus},{snap_scaffold_1-snap.497-T1;snap}

# EVM prediction: Mode:STANDARD S-ratio: 28.70 6733-7260 orient(-) score(1529.00) noncoding_equivalent(53.27) raw_noncoding(53.27) offset(0.00) 
7260	6733	single-	4	6	{Augustus_model.g514.t1;Augustus},{GlimmerHMM_glimmerT_570-T1;GlimmerHMM}

# EVM prediction: Mode:STANDARD S-ratio: 288.82 9948-10724 orient(+) score(2321.00) noncoding_equivalent(8.04) raw_noncoding(8.04) offset(0.00) 
9948	10724	single+	1	3	{Augustus_model.g515.t1;Augustus},{GlimmerHMM_glimmerT_572-T1;GlimmerHMM}

# EVM prediction: Mode:STANDARD S-ratio: 262.55 11000-13132 orient(-) score(6375.00) noncoding_equivalent(24.28) raw_noncoding(24.28) offset(0.00) 
13132	11000	single-	4	6	{GlimmerHMM_glimmerT_573-T1;GlimmerHMM}

# EVM prediction: Mode:STANDARD S-ratio: 52.65 14407-16992 orient(+) score(7612.00) noncoding_equivalent(144.57) raw_noncoding(144.57) offset(0.00) 
14407	16992	single+	1	3	{GlimmerHMM_glimmerT_574-T1;GlimmerHMM},{Augustus_model.g517.t1;Augustus}

# EVM prediction: Mode:STANDARD S-ratio: 10000.00 17104-19278 orient(-) score(6525.00) noncoding_equivalent(0.65) raw_noncoding(0.00) offset(0.00) 
19278	17104	single-	4	6	{Augustus_model.g518.t1;Augustus},{GlimmerHMM_glimmerT_575-T1;GlimmerHMM}

# EVM prediction: Mode:STANDARD S-ratio: 47.08 20780-22147 orient(-) score(4018.00) noncoding_equivalent(85.34) raw_noncoding(85.34) offset(0.00) 
22147	20780	single-	4	6	{GlimmerHMM_glimmerT_576-T1;GlimmerHMM},{Augustus_model.g519.t1;Augustus}

# EVM prediction: Mode:STANDARD S-ratio: 99.00 22798-25413 orient(-) score(7768.00) noncoding_equivalent(78.47) raw_noncoding(78.47) offset(0.00) 
25413	22798	single-	4	6	{Augustus_model.g520.t1;Augustus},{GlimmerHMM_glimmerT_577-T1;GlimmerHMM}

# EVM prediction: Mode:STANDARD S-ratio: 5.29 25843-26671 orient(-) score(2383.00) noncoding_equivalent(450.10) raw_noncoding(1303.87) offset(853.77) 
26231	25843	terminal-	5	6	{GlimmerHMM_glimmerT_578-T1;GlimmerHMM},{snap_scaffold_1-snap.505-T1;snap}
26661	26232	INTRON			{GlimmerHMM_glimmerT_578-T1;GlimmerHMM}
26671	26662	initial-	4	4	{GlimmerHMM_glimmerT_578-T1;GlimmerHMM},{Augustus_model.g521.t1;Augustus}

# EVM prediction: Mode:STANDARD S-ratio: 10000.00 27036-27428 orient(-) score(1179.00) noncoding_equivalent(0.12) raw_noncoding(0.00) offset(0.00) 
27428	27036	single-	4	6	{GlimmerHMM_glimmerT_579-T1;GlimmerHMM},{Augustus_model.g522.t1;Augustus}

# EVM prediction: Mode:STANDARD S-ratio: 1.63 28615-29223 orient(-) score(1218.00) noncoding_equivalent(748.13) raw_noncoding(765.13) offset(17.00) 
29118	28615	terminal-	4	6	{Augustus_model.g523.t1;Augustus},{GlimmerHMM_glimmerT_581-T1;GlimmerHMM}
29199	29119	INTRON			{Augustus_model.g523.t1;Augustus},{GlimmerHMM_glimmerT_581-T1;GlimmerHMM}
29223	29200	initial-	4	6	{Augustus_model.g523.t1;Augustus},{GlimmerHMM_glimmerT_581-T1;GlimmerHMM}

# EVM prediction: Mode:STANDARD S-ratio: 29.66 30391-31107 orient(+) score(2079.00) noncoding_equivalent(70.11) raw_noncoding(70.11) offset(0.00) 
30391	31107	single+	1	3	{GlimmerHMM_glimmerT_582-T1;GlimmerHMM},{Augustus_model.g524.t1;Augustus}

# EVM prediction: Mode:STANDARD S-ratio: 21.52 31134-32531 orient(-) score(4006.00) noncoding_equivalent(186.12) raw_noncoding(186.12) offset(0.00) 
32531	31134	single-	4	6	{GlimmerHMM_glimmerT_583-T1;GlimmerHMM}

# EVM prediction: Mode:STANDARD S-ratio: 35.23 32826-40068 orient(-) score(20741.00) noncoding_equivalent(588.72) raw_noncoding(1387.86) offset(799.15) 
39663	32826	terminal-	6	6	{snap_scaffold_1-snap.509-T1;snap}
40063	39664	INTRON			{snap_scaffold_1-snap.509-T1;snap}
40068	40064	initial-	4	5	{snap_scaffold_1-snap.509-T1;snap}

# EVM prediction: Mode:STANDARD S-ratio: 423.83 40212-44330 orient(-) score(12326.00) noncoding_equivalent(29.08) raw_noncoding(29.08) offset(0.00) 
44330	40212	single-	4	6	{GlimmerHMM_glimmerT_585-T1;GlimmerHMM}

# EVM prediction: Mode:STANDARD S-ratio: 97.19 45028-46080 orient(-) score(3125.00) noncoding_equivalent(32.15) raw_noncoding(32.15) offset(0.00) 
46080	45028	single-	4	6	{Augustus_model.g526.t1;Augustus},{GlimmerHMM_glimmerT_586-T1;GlimmerHMM}

# EVM prediction: Mode:STANDARD S-ratio: 708.00 48176-54556 orient(+) score(19116.00) noncoding_equivalent(27.00) raw_noncoding(27.00) offset(0.00) 
48176	54556	single+	1	3	{GlimmerHMM_glimmerT_587-T1;GlimmerHMM},{Augustus_model.g527.t1;Augustus}

# EVM prediction: Mode:STANDARD S-ratio: 64.14 54816-56129 orient(+) score(3880.00) noncoding_equivalent(60.49) raw_noncoding(60.49) offset(0.00) 
54816	56129	single+	1	3	{Augustus_model.g528.t1;Augustus}

# EVM prediction: Mode:STANDARD S-ratio: 25.98 57257-58294 orient(+) score(2997.00) noncoding_equivalent(115.36) raw_noncoding(115.36) offset(0.00) 
57257	58294	single+	1	3	{GlimmerHMM_glimmerT_589-T1;GlimmerHMM}

# EVM prediction: Mode:STANDARD S-ratio: 271.05 58972-59409 orient(+) score(2174.00) noncoding_equivalent(8.02) raw_noncoding(8.02) offset(0.00) 
58972	59409	single+	1	3	{GlimmerHMM_glimmerT_590-T1;GlimmerHMM}

# EVM prediction: Mode:STANDARD S-ratio: 239.60 59768-60970 orient(-) score(3594.00) noncoding_equivalent(15.00) raw_noncoding(15.00) offset(0.00) 
60970	59768	single-	4	6	{GlimmerHMM_glimmerT_591-T1;GlimmerHMM},{Augustus_model.g530.t1;Augustus}

# EVM prediction: Mode:STANDARD S-ratio: 2.84 61658-62701 orient(+) score(3087.00) noncoding_equivalent(1087.12) raw_noncoding(1087.12) offset(0.00) 
61658	62701	single+	1	3	{GlimmerHMM_glimmerT_592-T1;GlimmerHMM},{Augustus_model.g531.t1;Augustus}

# EVM prediction: Mode:STANDARD S-ratio: 102.69 63016-65442 orient(-) score(7209.00) noncoding_equivalent(70.20) raw_noncoding(70.20) offset(0.00) 
65442	63016	single-	4	6	{GlimmerHMM_glimmerT_593-T1;GlimmerHMM},{Augustus_model.g532.t1;Augustus}

# EVM prediction: Mode:STANDARD S-ratio: 10000.00 67195-67665 orient(-) score(1413.00) noncoding_equivalent(0.14) raw_noncoding(0.00) offset(0.00) 
67665	67195	single-	4	6	{GlimmerHMM_glimmerT_594-T1;GlimmerHMM},{Augustus_model.g533.t1;Augustus}

# EVM prediction: Mode:STANDARD S-ratio: 266.45 68523-71138 orient(+) score(7817.00) noncoding_equivalent(29.34) raw_noncoding(29.34) offset(0.00) 
68523	71138	single+	1	3	{Augustus_model.g534.t1;Augustus},{GlimmerHMM_glimmerT_595-T1;GlimmerHMM}

# EVM prediction: Mode:STANDARD S-ratio: 320.78 71862-72404 orient(+) score(1622.00) noncoding_equivalent(5.06) raw_noncoding(5.06) offset(0.00) 
71862	72404	single+	1	3	{Augustus_model.g535.t1;Augustus}

# EVM prediction: Mode:STANDARD S-ratio: 460.50 72905-74605 orient(+) score(5090.00) noncoding_equivalent(11.05) raw_noncoding(11.05) offset(0.00) 
72905	74605	single+	1	3	{Augustus_model.g536.t1;Augustus},{GlimmerHMM_glimmerT_597-T1;GlimmerHMM}

# EVM prediction: Mode:STANDARD S-ratio: 10000.00 75323-77644 orient(+) score(6966.00) noncoding_equivalent(0.70) raw_noncoding(0.00) offset(0.00) 
75323	77644	single+	1	3	{GlimmerHMM_glimmerT_598-T1;GlimmerHMM},{Augustus_model.g537.t1;Augustus}

# EVM prediction: Mode:STANDARD S-ratio: 46.79 77895-80957 orient(+) score(8996.00) noncoding_equivalent(192.28) raw_noncoding(192.28) offset(0.00) 
77895	80957	single+	1	3	{GlimmerHMM_glimmerT_599-T1;GlimmerHMM},{Augustus_model.g538.t1;Augustus}

# EVM prediction: Mode:STANDARD S-ratio: 164.16 81951-85013 orient(+) score(9057.00) noncoding_equivalent(55.17) raw_noncoding(55.17) offset(0.00) 
81951	85013	single+	1	3	{GlimmerHMM_glimmerT_600-T1;GlimmerHMM}

# EVM prediction: Mode:STANDARD S-ratio: 30.61 85371-86402 orient(+) score(2995.00) noncoding_equivalent(97.83) raw_noncoding(97.83) offset(0.00) 
85371	86402	single+	1	3	{GlimmerHMM_glimmerT_601-T1;GlimmerHMM}

# EVM prediction: Mode:STANDARD S-ratio: 10000.00 86436-87638 orient(-) score(3609.00) noncoding_equivalent(0.36) raw_noncoding(0.00) offset(0.00) 
87638	86436	single-	4	6	{Augustus_model.g540.t1;Augustus},{GlimmerHMM_glimmerT_602-T1;GlimmerHMM}

# EVM prediction: Mode:STANDARD S-ratio: 706.05 90080-90790 orient(+) score(2128.00) noncoding_equivalent(3.01) raw_noncoding(3.01) offset(0.00) 
90080	90790	single+	1	3	{Augustus_model.g541.t1;Augustus},{GlimmerHMM_glimmerT_604-T1;GlimmerHMM}

# EVM prediction: Mode:STANDARD S-ratio: 10000.00 91424-92053 orient(-) score(1890.00) noncoding_equivalent(0.19) raw_noncoding(0.00) offset(0.00) 
92053	91424	single-	4	6	{Augustus_model.g542.t1;Augustus},{GlimmerHMM_glimmerT_605-T1;GlimmerHMM}

# EVM prediction: Mode:STANDARD S-ratio: 2.00 92821-94338 orient(-) score(3036.00) noncoding_equivalent(1515.51) raw_noncoding(1515.51) offset(0.00) 
94338	92821	single-	4	6	{Augustus_model.g543.t1;Augustus},{GlimmerHMM_glimmerT_607-T1;GlimmerHMM}

# EVM prediction: Mode:STANDARD S-ratio: 846.21 94544-95959 orient(+) score(4241.00) noncoding_equivalent(5.01) raw_noncoding(5.01) offset(0.00) 
94544	95959	single+	1	3	{GlimmerHMM_glimmerT_608-T1;GlimmerHMM},{Augustus_model.g544.t1;Augustus}

# EVM prediction: Mode:STANDARD S-ratio: 74.82 97122-99623 orient(+) score(7407.00) noncoding_equivalent(99.00) raw_noncoding(99.00) offset(0.00) 
97122	99623	single+	1	3	{GlimmerHMM_glimmerT_609-T1;GlimmerHMM}

