!! Predictions spanning range 4834 - 99131 [R1]
# EVM prediction: Mode:STANDARD S-ratio: 10000.00 4834-5070 orient(-) score(474.00) noncoding_equivalent(0.05) raw_noncoding(0.00) offset(0.00) 
5070	4834	single-	4	6	{Augustus_gene678.t1;Augustus}

# EVM prediction: Mode:STANDARD S-ratio: 10000.00 11699-13561 orient(+) score(3726.00) noncoding_equivalent(0.37) raw_noncoding(0.00) offset(0.00) 
11699	13561	single+	1	3	{Augustus_gene409.t1;Augustus}

# EVM prediction: Mode:STANDARD S-ratio: 10000.00 22594-25308 orient(-) score(5430.00) noncoding_equivalent(0.54) raw_noncoding(0.00) offset(0.00) 
25308	22594	single-	4	6	{Augustus_gene556.t1;Augustus}

# EVM prediction: Mode:STANDARD S-ratio: 10000.00 28712-29650 orient(+) score(1878.00) noncoding_equivalent(0.19) raw_noncoding(0.00) offset(0.00) 
28712	29650	single+	1	3	{Augustus_gene305.t1;Augustus}

# EVM prediction: Mode:STANDARD S-ratio: 10000.00 46047-48632 orient(-) score(5172.00) noncoding_equivalent(0.52) raw_noncoding(0.00) offset(0.00) 
48632	46047	single-	4	6	{Augustus_gene465.t1;Augustus}

# EVM prediction: Mode:STANDARD S-ratio: 10000.00 60488-61675 orient(-) score(2376.00) noncoding_equivalent(0.24) raw_noncoding(0.00) offset(0.00) 
61675	60488	single-	4	6	{Augustus_gene392.t1;Augustus}

# EVM prediction: Mode:STANDARD S-ratio: 10000.00 66764-68212 orient(+) score(2898.00) noncoding_equivalent(0.29) raw_noncoding(0.00) offset(0.00) 
66764	68212	single+	1	3	{Augustus_gene989.t1;Augustus}

# EVM prediction: Mode:STANDARD S-ratio: 10000.00 69856-71670 orient(-) score(3630.00) noncoding_equivalent(0.36) raw_noncoding(0.00) offset(0.00) 
71456	69856	terminal-	5	6	{Augustus_gene438.t1;Augustus}
71624	71457	INTRON			{Augustus_gene438.t1;Augustus}
71670	71625	initial-	4	4	{Augustus_gene438.t1;Augustus}

# EVM prediction: Mode:STANDARD S-ratio: 10000.00 83676-84284 orient(-) score(1218.00) noncoding_equivalent(0.12) raw_noncoding(0.00) offset(0.00) 
84284	83676	single-	4	6	{Augustus_gene17.t1;Augustus}

# EVM prediction: Mode:STANDARD S-ratio: 10000.00 95701-96747 orient(-) score(2094.00) noncoding_equivalent(0.21) raw_noncoding(0.00) offset(0.00) 
96747	95701	single-	4	6	{Augustus_gene1009.t1;Augustus}

# EVM prediction: Mode:STANDARD S-ratio: 10000.00 97074-99131 orient(-) score(4116.00) noncoding_equivalent(0.41) raw_noncoding(0.00) offset(0.00) 
97076	97074	terminal-	4	6	{Augustus_gene248.t1;Augustus}
97715	97077	INTRON			{Augustus_gene248.t1;Augustus}
99131	97716	initial-	4	6	{Augustus_gene248.t1;Augustus}

