!! Predictions spanning range 3999 - 80225 [R1]
# EVM prediction: Mode:STANDARD S-ratio: 10000.00 3999-4808 orient(+) score(1620.00) noncoding_equivalent(0.16) raw_noncoding(0.00) offset(0.00) 
3999	4808	single+	1	3	{Augustus_gene151.t1;Augustus}

# EVM prediction: Mode:STANDARD S-ratio: 10000.00 4830-6473 orient(-) score(3288.00) noncoding_equivalent(0.33) raw_noncoding(0.00) offset(0.00) 
6473	4830	single-	4	6	{Augustus_gene533.t1;Augustus}

# EVM prediction: Mode:STANDARD S-ratio: 10000.00 15077-15475 orient(-) score(798.00) noncoding_equivalent(0.08) raw_noncoding(0.00) offset(0.00) 
15475	15077	single-	4	6	{Augustus_gene207.t1;Augustus}

# EVM prediction: Mode:STANDARD S-ratio: 10000.00 16398-18029 orient(-) score(3264.00) noncoding_equivalent(0.33) raw_noncoding(0.00) offset(0.00) 
18029	16398	single-	4	6	{Augustus_gene967.t1;Augustus}

# EVM prediction: Mode:STANDARD S-ratio: 10000.00 19011-23504 orient(+) score(8988.00) noncoding_equivalent(0.90) raw_noncoding(0.00) offset(0.00) 
19011	19916	initial+	1	3	{Augustus_gene358.t1;Augustus}
19917	20243	INTRON			{Augustus_gene358.t1;Augustus}
20244	23504	terminal+	1	3	{Augustus_gene358.t1;Augustus}

# EVM prediction: Mode:STANDARD S-ratio: 10000.00 36656-39271 orient(+) score(5232.00) noncoding_equivalent(0.52) raw_noncoding(0.00) offset(0.00) 
36656	39271	single+	1	3	{Augustus_gene754.t1;Augustus}

# EVM prediction: Mode:STANDARD S-ratio: 10000.00 40891-42570 orient(+) score(3360.00) noncoding_equivalent(0.34) raw_noncoding(0.00) offset(0.00) 
40891	42570	single+	1	3	{Augustus_gene1006.t1;Augustus}

# EVM prediction: Mode:STANDARD S-ratio: 10000.00 46404-47366 orient(-) score(1926.00) noncoding_equivalent(0.19) raw_noncoding(0.00) offset(0.00) 
47366	46404	single-	4	6	{Augustus_gene793.t1;Augustus}

# EVM prediction: Mode:STANDARD S-ratio: 10000.00 79518-80225 orient(-) score(1416.00) noncoding_equivalent(0.14) raw_noncoding(0.00) offset(0.00) 
80225	79518	single-	4	6	{Augustus_gene750.t1;Augustus}

