!! Predictions spanning range 5366 - 77350 [R1]
# EVM prediction: Mode:STANDARD S-ratio: 10000.00 5366-6889 orient(+) score(3048.00) noncoding_equivalent(0.30) raw_noncoding(0.00) offset(0.00) 
5366	6889	single+	1	3	{Augustus_gene1017.t1;Augustus}

# EVM prediction: Mode:STANDARD S-ratio: 10000.00 7177-8109 orient(-) score(1866.00) noncoding_equivalent(0.19) raw_noncoding(0.00) offset(0.00) 
8109	7177	single-	4	6	{Augustus_gene61.t1;Augustus}

# EVM prediction: Mode:STANDARD S-ratio: 10000.00 8549-9559 orient(+) score(2022.00) noncoding_equivalent(0.20) raw_noncoding(0.00) offset(0.00) 
8549	9559	single+	1	3	{Augustus_gene191.t1;Augustus}

# EVM prediction: Mode:STANDARD S-ratio: 10000.00 19906-20751 orient(+) score(1692.00) noncoding_equivalent(0.17) raw_noncoding(0.00) offset(0.00) 
19906	20751	single+	1	3	{Augustus_gene1113.t1;Augustus}

# EVM prediction: Mode:STANDARD S-ratio: 10000.00 22961-23443 orient(+) score(966.00) noncoding_equivalent(0.10) raw_noncoding(0.00) offset(0.00) 
22961	23443	single+	1	3	{Augustus_gene1092.t1;Augustus}

# EVM prediction: Mode:STANDARD S-ratio: 10000.00 24607-26310 orient(+) score(3408.00) noncoding_equivalent(0.34) raw_noncoding(0.00) offset(0.00) 
24607	26310	single+	1	3	{Augustus_gene998.t1;Augustus}

# EVM prediction: Mode:STANDARD S-ratio: 10000.00 32903-33508 orient(+) score(1212.00) noncoding_equivalent(0.12) raw_noncoding(0.00) offset(0.00) 
32903	33508	single+	1	3	{Augustus_gene1164.t1;Augustus}

# EVM prediction: Mode:STANDARD S-ratio: 10000.00 36750-38014 orient(-) score(2530.00) noncoding_equivalent(0.25) raw_noncoding(0.00) offset(0.00) 
37347	36750	terminal-	6	6	{Augustus_gene1114.t1;Augustus}
37490	37348	INTRON			{Augustus_gene1114.t1;Augustus}
37495	37491	internal-	4	5	{Augustus_gene1114.t1;Augustus}
37558	37496	INTRON			{Augustus_gene1114.t1;Augustus}
37593	37559	internal-	5	6	{Augustus_gene1114.t1;Augustus}
37657	37594	INTRON			{Augustus_gene1114.t1;Augustus}
37919	37658	internal-	4	4	{Augustus_gene1114.t1;Augustus}
38008	37920	INTRON			{Augustus_gene1114.t1;Augustus}
38014	38009	initial-	4	6	{Augustus_gene1114.t1;Augustus}

# EVM prediction: Mode:STANDARD S-ratio: 10000.00 54043-54669 orient(+) score(1254.00) noncoding_equivalent(0.13) raw_noncoding(0.00) offset(0.00) 
54043	54669	single+	1	3	{Augustus_gene811.t1;Augustus}

# EVM prediction: Mode:STANDARD S-ratio: 10000.00 59171-62359 orient(-) score(6378.00) noncoding_equivalent(0.64) raw_noncoding(0.00) offset(0.00) 
61914	59171	terminal-	5	6	{Augustus_gene378.t1;Augustus}
62103	61915	INTRON			{Augustus_gene378.t1;Augustus}
62359	62104	initial-	4	4	{Augustus_gene378.t1;Augustus}

# EVM prediction: Mode:STANDARD S-ratio: 10000.00 64283-65485 orient(-) score(2406.00) noncoding_equivalent(0.24) raw_noncoding(0.00) offset(0.00) 
65485	64283	single-	4	6	{Augustus_gene975.t1;Augustus}

# EVM prediction: Mode:STANDARD S-ratio: 10000.00 75017-77350 orient(-) score(4668.00) noncoding_equivalent(0.47) raw_noncoding(0.00) offset(0.00) 
77350	75017	single-	4	6	{Augustus_gene390.t1;Augustus}

