!! Predictions spanning range 42 - 95546 [R1]
# EVM prediction: Mode:STANDARD S-ratio: 10000.00 42-2516 orient(-) score(7425.00) noncoding_equivalent(0.74) raw_noncoding(0.00) offset(0.00) 
2516	42	initial-	4	6	{snap_scaffold_27-snap.1-T1;snap},{GlimmerHMM_glimmerT_5201-T1;GlimmerHMM}

# EVM prediction: Mode:STANDARD S-ratio: 4.42 4048-4635 orient(-) score(2877.00) noncoding_equivalent(651.00) raw_noncoding(651.00) offset(0.00) 
4635	4048	single-	4	6	{GlimmerHMM_glimmerT_5202-T1;GlimmerHMM},{HiQ_model.g4810.t1;HiQ}

# EVM prediction: Mode:STANDARD S-ratio: 5.00 4886-5971 orient(-) score(5430.00) noncoding_equivalent(1086.00) raw_noncoding(1086.00) offset(0.00) 
5971	4886	single-	4	6	{HiQ_model.g4811.t1;HiQ}

# EVM prediction: Mode:STANDARD S-ratio: 69.19 6256-13074 orient(+) score(26888.00) noncoding_equivalent(388.61) raw_noncoding(388.61) offset(0.00) 
6256	13074	single+	1	3	{GlimmerHMM_glimmerT_5204-T1;GlimmerHMM}

# EVM prediction: Mode:STANDARD S-ratio: 192.09 14470-15168 orient(+) score(2782.00) noncoding_equivalent(14.48) raw_noncoding(14.48) offset(0.00) 
14470	15168	single+	1	3	{Augustus_model.g4813.t1;Augustus},{GlimmerHMM_glimmerT_5205-T1;GlimmerHMM}

# EVM prediction: Mode:STANDARD S-ratio: 145.18 16840-18045 orient(+) score(4791.00) noncoding_equivalent(33.00) raw_noncoding(33.00) offset(0.00) 
16840	18045	single+	1	3	{Augustus_model.g4814.t1;Augustus}

# EVM prediction: Mode:STANDARD S-ratio: 418.43 18564-20765 orient(+) score(8787.00) noncoding_equivalent(21.00) raw_noncoding(21.00) offset(0.00) 
18564	20765	single+	1	3	{Augustus_model.g4815.t1;Augustus},{GlimmerHMM_glimmerT_5207-T1;GlimmerHMM}

# EVM prediction: Mode:STANDARD S-ratio: 96.92 21574-23409 orient(+) score(7269.00) noncoding_equivalent(75.00) raw_noncoding(75.00) offset(0.00) 
21574	23409	single+	1	3	{Augustus_model.g4816.t1;Augustus}

# EVM prediction: Mode:STANDARD S-ratio: 4.60 23660-25133 orient(-) score(7018.00) noncoding_equivalent(1525.00) raw_noncoding(1704.00) offset(179.00) 
24992	23660	terminal-	6	6	{HiQ_model.g4817.t1;HiQ},{snap_scaffold_27-snap.9-T1;snap}
25086	24993	INTRON			{HiQ_model.g4817.t1;HiQ},{snap_scaffold_27-snap.9-T1;snap},{ev_type:exonerate/ID=match.147026.3153/Target=YFR024C-A;exonerate}
25133	25087	initial-	4	5	{HiQ_model.g4817.t1;HiQ},{snap_scaffold_27-snap.9-T1;snap}

# EVM prediction: Mode:STANDARD S-ratio: 4.79 25443-26450 orient(-) score(5004.00) noncoding_equivalent(1044.00) raw_noncoding(1044.00) offset(0.00) 
26450	25443	single-	4	6	{GlimmerHMM_glimmerT_5211-T1;GlimmerHMM},{HiQ_model.g4818.t1;HiQ}

# EVM prediction: Mode:STANDARD S-ratio: 258.52 29151-29996 orient(+) score(3372.00) noncoding_equivalent(13.04) raw_noncoding(13.04) offset(0.00) 
29151	29996	single+	1	3	{Augustus_model.g4819.t1;Augustus},{GlimmerHMM_glimmerT_5212-T1;GlimmerHMM}

# EVM prediction: Mode:STANDARD S-ratio: 4.88 30112-31767 orient(-) score(8247.00) noncoding_equivalent(1689.00) raw_noncoding(1689.00) offset(0.00) 
31767	30112	single-	4	6	{GlimmerHMM_glimmerT_5213-T1;GlimmerHMM},{HiQ_model.g4820.t1;HiQ}

# EVM prediction: Mode:STANDARD S-ratio: 172.15 32580-34616 orient(+) score(8102.00) noncoding_equivalent(47.06) raw_noncoding(47.06) offset(0.00) 
32580	34616	single+	1	3	{GlimmerHMM_glimmerT_5214-T1;GlimmerHMM}

# EVM prediction: Mode:STANDARD S-ratio: 2471.49 34955-38062 orient(+) score(12425.00) noncoding_equivalent(5.03) raw_noncoding(5.03) offset(0.00) 
34955	38062	single+	1	3	{GlimmerHMM_glimmerT_5215-T1;GlimmerHMM}

# EVM prediction: Mode:STANDARD S-ratio: 4.98 38238-41750 orient(-) score(17554.00) noncoding_equivalent(3524.85) raw_noncoding(3524.85) offset(0.00) 
41750	38238	single-	4	6	{GlimmerHMM_glimmerT_5216-T1;GlimmerHMM},{HiQ_model.g4822.t1;HiQ}

# EVM prediction: Mode:STANDARD S-ratio: 13.97 42157-43068 orient(-) score(4107.00) noncoding_equivalent(294.01) raw_noncoding(443.53) offset(149.52) 
42917	42157	terminal-	5	6	{GlimmerHMM_glimmerT_5217-T1;GlimmerHMM},{Augustus_model.g4823.t1;Augustus},{snap_scaffold_27-snap.15-T1;snap}
43064	42918	INTRON			{Augustus_model.g4823.t1;Augustus},{snap_scaffold_27-snap.15-T1;snap}
43068	43065	initial-	4	4	{Augustus_model.g4823.t1;Augustus},{snap_scaffold_27-snap.15-T1;snap}

# EVM prediction: Mode:STANDARD S-ratio: 4.96 43740-44603 orient(-) score(4313.00) noncoding_equivalent(869.03) raw_noncoding(869.03) offset(0.00) 
44603	43740	single-	4	6	{HiQ_model.g4824.t1;HiQ},{GlimmerHMM_glimmerT_5218-T1;GlimmerHMM}

# EVM prediction: Mode:STANDARD S-ratio: 2.21 44903-45401 orient(-) score(1370.00) noncoding_equivalent(620.21) raw_noncoding(890.21) offset(270.00) 
45085	44903	terminal-	4	6	{GlimmerHMM_glimmerT_5219-T1;GlimmerHMM},{Augustus_model.g4825.t1;Augustus}
45353	45086	INTRON			{GlimmerHMM_glimmerT_5219-T1;GlimmerHMM},{Augustus_model.g4825.t1;Augustus}
45401	45354	initial-	4	6	{GlimmerHMM_glimmerT_5219-T1;GlimmerHMM},{Augustus_model.g4825.t1;Augustus}

# EVM prediction: Mode:STANDARD S-ratio: 4.95 45976-46419 orient(-) score(2216.00) noncoding_equivalent(448.08) raw_noncoding(448.08) offset(0.00) 
46419	45976	single-	4	6	{GlimmerHMM_glimmerT_5220-T1;GlimmerHMM},{HiQ_model.g4826.t1;HiQ}

# EVM prediction: Mode:STANDARD S-ratio: 2.99 46675-47613 orient(-) score(4215.00) noncoding_equivalent(1412.00) raw_noncoding(1412.00) offset(0.00) 
47613	46675	single-	4	6	{GlimmerHMM_glimmerT_5221-T1;GlimmerHMM},{HiQ_model.g4827.t1;HiQ}

# EVM prediction: Mode:STANDARD S-ratio: 241.46 48618-48992 orient(+) score(1492.00) noncoding_equivalent(6.18) raw_noncoding(6.18) offset(0.00) 
48618	48992	single+	1	3	{GlimmerHMM_glimmerT_5223-T1;GlimmerHMM},{Augustus_model.g4828.t1;Augustus}

# EVM prediction: Mode:STANDARD S-ratio: 4.99 49164-50837 orient(-) score(8366.00) noncoding_equivalent(1678.08) raw_noncoding(1678.08) offset(0.00) 
50837	49164	single-	4	6	{HiQ_model.g4829.t1;HiQ},{GlimmerHMM_glimmerT_5224-T1;GlimmerHMM}

# EVM prediction: Mode:STANDARD S-ratio: 124.19 51058-53592 orient(+) score(10059.00) noncoding_equivalent(81.00) raw_noncoding(81.00) offset(0.00) 
51058	53592	single+	1	3	{GlimmerHMM_glimmerT_5225-T1;GlimmerHMM}

# EVM prediction: Mode:STANDARD S-ratio: 2.00 53663-55195 orient(-) score(6132.00) noncoding_equivalent(3066.00) raw_noncoding(3066.00) offset(0.00) 
55195	53663	single-	4	6	{HiQ_model.g4831.t1;HiQ},{GlimmerHMM_glimmerT_5226-T1;GlimmerHMM}

# EVM prediction: Mode:STANDARD S-ratio: 222.11 55895-58906 orient(+) score(11994.00) noncoding_equivalent(54.00) raw_noncoding(54.00) offset(0.00) 
55895	58906	single+	1	3	{Augustus_model.g4832.t1;Augustus},{GlimmerHMM_glimmerT_5227-T1;GlimmerHMM}

# EVM prediction: Mode:STANDARD S-ratio: 2.00 59024-59911 orient(-) score(3552.00) noncoding_equivalent(1776.00) raw_noncoding(1776.00) offset(0.00) 
59911	59024	single-	4	6	{HiQ_model.g4833.t1;HiQ},{GlimmerHMM_glimmerT_5228-T1;GlimmerHMM}

# EVM prediction: Mode:STANDARD S-ratio: 1.00 60114-60716 orient(+) score(1206.00) noncoding_equivalent(1206.00) raw_noncoding(1206.00) offset(0.00) 
60114	60716	single+	1	3	{GlimmerHMM_glimmerT_5229-T1;GlimmerHMM}

# EVM prediction: Mode:STANDARD S-ratio: 4.39 60770-61483 orient(-) score(3488.00) noncoding_equivalent(794.53) raw_noncoding(794.53) offset(0.00) 
61483	60770	single-	4	6	{HiQ_model.g4834.t1;HiQ},{GlimmerHMM_glimmerT_5230-T1;GlimmerHMM}

# EVM prediction: Mode:STANDARD S-ratio: 4.78 61648-63093 orient(-) score(7174.00) noncoding_equivalent(1502.37) raw_noncoding(1502.37) offset(0.00) 
63093	61648	single-	4	6	{HiQ_model.g4835.t1;HiQ},{GlimmerHMM_glimmerT_5231-T1;GlimmerHMM}

# EVM prediction: Mode:STANDARD S-ratio: 3.00 63799-64656 orient(+) score(2574.00) noncoding_equivalent(858.00) raw_noncoding(858.00) offset(0.00) 
63799	64656	single+	1	3	{GlimmerHMM_glimmerT_5232-T1;GlimmerHMM},{Augustus_model.g4836.t1;Augustus}

# EVM prediction: Mode:STANDARD S-ratio: 4.92 64731-65816 orient(-) score(5416.00) noncoding_equivalent(1101.65) raw_noncoding(1101.65) offset(0.00) 
65816	64731	single-	4	6	{HiQ_model.g4837.t1;HiQ},{GlimmerHMM_glimmerT_5233-T1;GlimmerHMM}

# EVM prediction: Mode:STANDARD S-ratio: 4.44 65936-66823 orient(-) score(4349.00) noncoding_equivalent(980.29) raw_noncoding(980.29) offset(0.00) 
66823	65936	single-	4	6	{HiQ_model.g4838.t1;HiQ},{GlimmerHMM_glimmerT_5234-T1;GlimmerHMM}

# EVM prediction: Mode:STANDARD S-ratio: 34.10 67802-69790 orient(+) score(7731.00) noncoding_equivalent(226.74) raw_noncoding(226.74) offset(0.00) 
67802	69790	single+	1	3	{GlimmerHMM_glimmerT_5235-T1;GlimmerHMM}

# EVM prediction: Mode:STANDARD S-ratio: 6.35 69955-70550 orient(+) score(1787.00) noncoding_equivalent(281.28) raw_noncoding(463.71) offset(182.44) 
69955	69975	initial+	1	3	{snap_scaffold_27-snap.27-T1;snap}
69976	70067	INTRON			{snap_scaffold_27-snap.27-T1;snap}
70068	70550	terminal+	1	3	{snap_scaffold_27-snap.27-T1;snap}

# EVM prediction: Mode:STANDARD S-ratio: 4.22 70721-71521 orient(-) score(3884.00) noncoding_equivalent(920.61) raw_noncoding(920.61) offset(0.00) 
71521	70721	single-	4	6	{HiQ_model.g4840.t1;HiQ},{GlimmerHMM_glimmerT_5237-T1;GlimmerHMM}

# EVM prediction: Mode:STANDARD S-ratio: 2.05 71819-73459 orient(-) score(6617.00) noncoding_equivalent(3229.00) raw_noncoding(3229.00) offset(0.00) 
73459	71819	single-	4	6	{GlimmerHMM_glimmerT_5238-T1;GlimmerHMM},{HiQ_model.g4841.t1;HiQ}

# EVM prediction: Mode:STANDARD S-ratio: 540.00 74163-74987 orient(+) score(3294.00) noncoding_equivalent(6.10) raw_noncoding(6.10) offset(0.00) 
74163	74987	single+	1	3	{Augustus_model.g4842.t1;Augustus},{GlimmerHMM_glimmerT_5239-T1;GlimmerHMM}

# EVM prediction: Mode:STANDARD S-ratio: 4.92 75254-76711 orient(-) score(7388.00) noncoding_equivalent(1503.00) raw_noncoding(1503.00) offset(0.00) 
76711	75254	single-	4	6	{GlimmerHMM_glimmerT_5240-T1;GlimmerHMM},{HiQ_model.g4843.t1;HiQ}

# EVM prediction: Mode:STANDARD S-ratio: 2.59 80492-80878 orient(-) score(1117.00) noncoding_equivalent(431.11) raw_noncoding(431.11) offset(0.00) 
80878	80492	single-	4	6	{GlimmerHMM_glimmerT_5242-T1;GlimmerHMM}

# EVM prediction: Mode:STANDARD S-ratio: 24.30 85850-87052 orient(+) score(4446.00) noncoding_equivalent(183.00) raw_noncoding(183.00) offset(0.00) 
85850	87052	single+	1	3	{GlimmerHMM_glimmerT_5243-T1;GlimmerHMM},{Augustus_model.g4844.t1;Augustus}

# EVM prediction: Mode:STANDARD S-ratio: 1.98 93568-94005 orient(+) score(867.00) noncoding_equivalent(438.00) raw_noncoding(438.00) offset(0.00) 
93568	94005	single+	1	3	{GlimmerHMM_glimmerT_5244-T1;GlimmerHMM}

# EVM prediction: Mode:STANDARD S-ratio: 356.38 95184-95546 orient(+) score(8266.00) noncoding_equivalent(23.19) raw_noncoding(23.19) offset(0.00) 
95184	95546	single+	1	3	{GlimmerHMM_glimmerT_5245-T1;GlimmerHMM},{Augustus_model.g4845.t1;Augustus}

