# EVM prediction: Mode:STANDARD S-ratio: 10000.00 36834-38696 orient(+) score(3724.00) noncoding_equivalent(0.37) raw_noncoding(0.00) offset(0.00)
36834	38696	single+	1	3	{Augustus_gene438.t1;Augustus}

# EVM prediction: Mode:STANDARD S-ratio: 10000.00 45806-47476 orient(+) score(3342.00) noncoding_equivalent(0.33) raw_noncoding(0.00) offset(0.00)
45806	47476	single+	1	3	{Augustus_gene151.t1;Augustus}

# EVM prediction: Mode:STANDARD S-ratio: 10000.00 56470-58662 orient(-) score(4386.00) noncoding_equivalent(0.44) raw_noncoding(0.00) offset(0.00)
58662	56470	single-	4	6	{Augustus_gene256.t1;Augustus}

# EVM prediction: Mode:STANDARD S-ratio: 10000.00 59113-60648 orient(+) score(3070.00) noncoding_equivalent(0.31) raw_noncoding(0.00) offset(0.00)
59113	60648	single+	1	3	{Augustus_gene7.t1;Augustus}

# EVM prediction: Mode:STANDARD S-ratio: 10000.00 60958-61740 orient(+) score(1566.00) noncoding_equivalent(0.16) raw_noncoding(0.00) offset(0.00)
60958	61740	single+	1	3	{Augustus_gene631.t1;Augustus}

# EVM prediction: Mode:STANDARD S-ratio: 10000.00 62248-63429 orient(-) score(2364.00) noncoding_equivalent(0.24) raw_noncoding(0.00) offset(0.00)
63429	62248	single-	4	6	{Augustus_gene514.t1;Augustus}

# EVM prediction: Mode:STANDARD S-ratio: 10000.00 75500-77062 orient(+) score(3126.00) noncoding_equivalent(0.31) raw_noncoding(0.00) offset(0.00)
75500	77062	single+	1	3	{Augustus_gene138.t1;Augustus}

# EVM prediction: Mode:STANDARD S-ratio: 10000.00 83000-84217 orient(-) score(2436.00) noncoding_equivalent(0.24) raw_noncoding(0.00) offset(0.00)
84217	83000	single-	4	6	{Augustus_gene484.t1;Augustus}

# EVM prediction: Mode:STANDARD S-ratio: 10000.00 107427-108074 orient(+) score(1296.00) noncoding_equivalent(0.13) raw_noncoding(0.00) offset(0.00)
107427	108074	single+	1	3	{Augustus_gene705.t1;Augustus}

# EVM prediction: Mode:STANDARD S-ratio: 10000.00 121162-121921 orient(-) score(1520.00) noncoding_equivalent(0.15) raw_noncoding(0.00) offset(0.00)
121804	121162	terminal-	6	6	{Augustus_gene1187.t1;Augustus}
121916	121805	INTRON			{Augustus_gene1187.t1;Augustus}
121921	121917	initial-	4	5	{Augustus_gene1187.t1;Augustus}

# EVM prediction: Mode:STANDARD S-ratio: 10000.00 124942-128644 orient(-) score(7406.00) noncoding_equivalent(0.74) raw_noncoding(0.00) offset(0.00)
126641	124942	terminal-	5	6	{Augustus_gene197.t1;Augustus}
127285	126642	INTRON			{Augustus_gene197.t1;Augustus}
127348	127286	internal-	5	4	{Augustus_gene197.t1;Augustus}
127540	127349	INTRON			{Augustus_gene197.t1;Augustus}
127711	127541	internal-	5	4	{Augustus_gene197.t1;Augustus}
127807	127712	INTRON			{Augustus_gene197.t1;Augustus}
127833	127808	internal-	6	4	{Augustus_gene197.t1;Augustus}
128262	127834	INTRON			{Augustus_gene197.t1;Augustus}
128460	128263	internal-	6	5	{Augustus_gene197.t1;Augustus}
128594	128461	INTRON			{Augustus_gene197.t1;Augustus}
128644	128595	initial-	4	5	{Augustus_gene197.t1;Augustus}

# EVM prediction: Mode:STANDARD S-ratio: 10000.00 137591-137854 orient(-) score(528.00) noncoding_equivalent(0.05) raw_noncoding(0.00) offset(0.00)
137854	137591	single-	4	6	{Augustus_gene173.t1;Augustus}

# EVM prediction: Mode:STANDARD S-ratio: 10000.00 138095-138898 orient(-) score(1608.00) noncoding_equivalent(0.16) raw_noncoding(0.00) offset(0.00)
138898	138095	single-	4	6	{Augustus_gene39.t1;Augustus}

# EVM prediction: Mode:STANDARD S-ratio: 10000.00 150174-150613 orient(+) score(878.00) noncoding_equivalent(0.09) raw_noncoding(0.00) offset(0.00)
150174	150192	initial+	1	1	{Augustus_gene331.t1;Augustus}
150193	150296	INTRON			{Augustus_gene331.t1;Augustus}
150297	150613	terminal+	2	3	{Augustus_gene331.t1;Augustus}

# EVM prediction: Mode:STANDARD S-ratio: 10000.00 166240-167811 orient(+) score(3144.00) noncoding_equivalent(0.31) raw_noncoding(0.00) offset(0.00)
166240	167811	single+	1	3	{Augustus_gene482.t1;Augustus}

# EVM prediction: Mode:STANDARD S-ratio: 10000.00 167982-168637 orient(-) score(1312.00) noncoding_equivalent(0.13) raw_noncoding(0.00) offset(0.00)
168516	167982	terminal-	6	6	{Augustus_gene155.t1;Augustus}
168626	168517	INTRON			{Augustus_gene155.t1;Augustus}
168637	168627	initial-	4	5	{Augustus_gene155.t1;Augustus}

# EVM prediction: Mode:STANDARD S-ratio: 10000.00 173826-174203 orient(+) score(756.00) noncoding_equivalent(0.08) raw_noncoding(0.00) offset(0.00)
173826	174203	single+	1	3	{Augustus_gene1013.t1;Augustus}

# EVM prediction: Mode:STANDARD S-ratio: 10000.00 179806-180402 orient(+) score(1194.00) noncoding_equivalent(0.12) raw_noncoding(0.00) offset(0.00)
179806	180402	single+	1	3	{Augustus_gene681.t1;Augustus}

# EVM prediction: Mode:STANDARD S-ratio: 10000.00 184640-186259 orient(+) score(3240.00) noncoding_equivalent(0.32) raw_noncoding(0.00) offset(0.00)
184640	186259	single+	1	3	{Augustus_gene804.t1;Augustus}

# EVM prediction: Mode:STANDARD S-ratio: 10000.00 190547-191572 orient(+) score(2052.00) noncoding_equivalent(0.21) raw_noncoding(0.00) offset(0.00)
190547	191572	single+	1	3	{Augustus_gene68.t1;Augustus}

# EVM prediction: Mode:STANDARD S-ratio: 10000.00 195350-196690 orient(+) score(2682.00) noncoding_equivalent(0.27) raw_noncoding(0.00) offset(0.00)
195350	196690	single+	1	3	{Augustus_gene962.t1;Augustus}

# EVM prediction: Mode:STANDARD S-ratio: 10000.00 199435-201006 orient(+) score(3144.00) noncoding_equivalent(0.31) raw_noncoding(0.00) offset(0.00)
199435	201006	single+	1	3	{Augustus_gene48.t1;Augustus}

# EVM prediction: Mode:STANDARD S-ratio: 10000.00 207750-209333 orient(+) score(3168.00) noncoding_equivalent(0.32) raw_noncoding(0.00) offset(0.00)
207750	209333	single+	1	3	{Augustus_gene9.t1;Augustus}

# EVM prediction: Mode:STANDARD S-ratio: 10000.00 226343-228175 orient(-) score(3666.00) noncoding_equivalent(0.37) raw_noncoding(0.00) offset(0.00)
228175	226343	single-	4	6	{Augustus_gene153.t1;Augustus}

# EVM prediction: Mode:STANDARD S-ratio: 10000.00 240562-241008 orient(-) score(894.00) noncoding_equivalent(0.09) raw_noncoding(0.00) offset(0.00)
241008	240562	single-	4	6	{Augustus_gene70.t1;Augustus}

# EVM prediction: Mode:STANDARD S-ratio: 10000.00 254047-255978 orient(+) score(3862.00) noncoding_equivalent(0.39) raw_noncoding(0.00) offset(0.00)
254047	255978	single+	1	3	{Augustus_gene548.t1;Augustus}

# EVM prediction: Mode:STANDARD S-ratio: 10000.00 267204-268097 orient(-) score(1788.00) noncoding_equivalent(0.18) raw_noncoding(0.00) offset(0.00)
268097	267204	single-	4	6	{Augustus_gene597.t1;Augustus}

# EVM prediction: Mode:STANDARD S-ratio: 10000.00 274186-274509 orient(+) score(648.00) noncoding_equivalent(0.06) raw_noncoding(0.00) offset(0.00)
274186	274509	single+	1	3	{Augustus_gene441.t1;Augustus}

# EVM prediction: Mode:STANDARD S-ratio: 10000.00 296018-297784 orient(+) score(3532.00) noncoding_equivalent(0.35) raw_noncoding(0.00) offset(0.00)
296018	297784	single+	1	3	{Augustus_gene888.t1;Augustus}

# EVM prediction: Mode:STANDARD S-ratio: 10000.00 305859-306248 orient(+) score(780.00) noncoding_equivalent(0.08) raw_noncoding(0.00) offset(0.00)
305859	306248	single+	1	3	{Augustus_gene938.t1;Augustus}

# EVM prediction: Mode:STANDARD S-ratio: 10000.00 317581-319047 orient(-) score(2934.00) noncoding_equivalent(0.29) raw_noncoding(0.00) offset(0.00)
319047	317581	single-	4	6	{Augustus_gene238.t1;Augustus}

# EVM prediction: Mode:STANDARD S-ratio: 10000.00 324983-326662 orient(-) score(3360.00) noncoding_equivalent(0.34) raw_noncoding(0.00) offset(0.00)
326662	324983	single-	4	6	{Augustus_gene511.t1;Augustus}

# EVM prediction: Mode:STANDARD S-ratio: 10000.00 329184-330914 orient(+) score(3462.00) noncoding_equivalent(0.35) raw_noncoding(0.00) offset(0.00)
329184	330914	single+	1	3	{Augustus_gene492.t1;Augustus}

# EVM prediction: Mode:STANDARD S-ratio: 10000.00 338644-340167 orient(+) score(3048.00) noncoding_equivalent(0.30) raw_noncoding(0.00) offset(0.00)
338644	340167	single+	1	3	{Augustus_gene530.t1;Augustus}

# EVM prediction: Mode:STANDARD S-ratio: 10000.00 340597-342900 orient(-) score(4608.00) noncoding_equivalent(0.46) raw_noncoding(0.00) offset(0.00)
342900	340597	single-	4	6	{Augustus_gene1162.t1;Augustus}

# EVM prediction: Mode:STANDARD S-ratio: 10000.00 344060-348064 orient(-) score(8010.00) noncoding_equivalent(0.80) raw_noncoding(0.00) offset(0.00)
348064	344060	single-	4	6	{Augustus_gene111.t1;Augustus}

# EVM prediction: Mode:STANDARD S-ratio: 10000.00 349462-350079 orient(-) score(1236.00) noncoding_equivalent(0.12) raw_noncoding(0.00) offset(0.00)
350079	349462	single-	4	6	{Augustus_gene579.t1;Augustus}

# EVM prediction: Mode:STANDARD S-ratio: 10000.00 398165-399049 orient(+) score(1770.00) noncoding_equivalent(0.18) raw_noncoding(0.00) offset(0.00)
398165	398206	initial+	1	3	{Augustus_gene1041.t1;Augustus}
398207	398677	INTRON			{Augustus_gene1041.t1;Augustus}
398678	399049	terminal+	1	3	{Augustus_gene1041.t1;Augustus}

# EVM prediction: Mode:STANDARD S-ratio: 10000.00 414367-415152 orient(-) score(1572.00) noncoding_equivalent(0.16) raw_noncoding(0.00) offset(0.00)
415152	414367	single-	4	6	{Augustus_gene161.t1;Augustus}

# EVM prediction: Mode:STANDARD S-ratio: 10000.00 415460-416536 orient(+) score(2154.00) noncoding_equivalent(0.22) raw_noncoding(0.00) offset(0.00)
415460	416536	single+	1	3	{Augustus_gene228.t1;Augustus}

# EVM prediction: Mode:STANDARD S-ratio: 10000.00 438899-439435 orient(-) score(1074.00) noncoding_equivalent(0.11) raw_noncoding(0.00) offset(0.00)
439435	438899	single-	4	6	{Augustus_gene874.t1;Augustus}

# EVM prediction: Mode:STANDARD S-ratio: 10000.00 441052-442407 orient(+) score(2712.00) noncoding_equivalent(0.27) raw_noncoding(0.00) offset(0.00)
441052	442407	single+	1	3	{Augustus_gene591.t1;Augustus}

# EVM prediction: Mode:STANDARD S-ratio: 10000.00 448865-450535 orient(+) score(3342.00) noncoding_equivalent(0.33) raw_noncoding(0.00) offset(0.00)
448865	450535	single+	1	3	{Augustus_gene689.t1;Augustus}

# EVM prediction: Mode:STANDARD S-ratio: 10000.00 452444-453337 orient(-) score(1788.00) noncoding_equivalent(0.18) raw_noncoding(0.00) offset(0.00)
453337	452444	single-	4	6	{Augustus_gene142.t1;Augustus}

# EVM prediction: Mode:STANDARD S-ratio: 10000.00 462893-463615 orient(+) score(1446.00) noncoding_equivalent(0.14) raw_noncoding(0.00) offset(0.00)
462893	463615	single+	1	3	{Augustus_gene1045.t1;Augustus}

# EVM prediction: Mode:STANDARD S-ratio: 10000.00 467550-470270 orient(-) score(5440.00) noncoding_equivalent(0.54) raw_noncoding(0.00) offset(0.00)
470270	467550	single-	4	6	{Augustus_gene325.t1;Augustus}

# EVM prediction: Mode:STANDARD S-ratio: 10000.00 481282-482262 orient(-) score(1962.00) noncoding_equivalent(0.20) raw_noncoding(0.00) offset(0.00)
482262	481282	single-	4	6	{Augustus_gene549.t1;Augustus}

# EVM prediction: Mode:STANDARD S-ratio: 10000.00 482749-485154 orient(+) score(4812.00) noncoding_equivalent(0.48) raw_noncoding(0.00) offset(0.00)
482749	485154	single+	1	3	{Augustus_gene526.t1;Augustus}

# EVM prediction: Mode:STANDARD S-ratio: 10000.00 503871-508271 orient(+) score(8802.00) noncoding_equivalent(0.88) raw_noncoding(0.00) offset(0.00)
503871	508271	single+	1	3	{Augustus_gene464.t1;Augustus}

# EVM prediction: Mode:STANDARD S-ratio: 10000.00 525827-528037 orient(+) score(4422.00) noncoding_equivalent(0.44) raw_noncoding(0.00) offset(0.00)
525827	528037	single+	1	3	{Augustus_gene1134.t1;Augustus}

# EVM prediction: Mode:STANDARD S-ratio: 10000.00 534933-536909 orient(+) score(3954.00) noncoding_equivalent(0.40) raw_noncoding(0.00) offset(0.00)
534933	536909	single+	1	3	{Augustus_gene896.t1;Augustus}

# EVM prediction: Mode:STANDARD S-ratio: 10000.00 545348-546610 orient(+) score(2526.00) noncoding_equivalent(0.25) raw_noncoding(0.00) offset(0.00)
545348	546610	single+	1	3	{Augustus_gene1110.t1;Augustus}

# EVM prediction: Mode:STANDARD S-ratio: 10000.00 551991-552626 orient(-) score(1272.00) noncoding_equivalent(0.13) raw_noncoding(0.00) offset(0.00)
552626	551991	single-	4	6	{Augustus_gene366.t1;Augustus}

