!! Predictions spanning range 7221 - 99382 [R1]
# EVM prediction: Mode:STANDARD S-ratio: 10000.00 7221-7778 orient(+) score(1116.00) noncoding_equivalent(0.11) raw_noncoding(0.00) offset(0.00) 
7221	7778	single+	1	3	{Augustus_gene695.t1;Augustus}

# EVM prediction: Mode:STANDARD S-ratio: 10000.00 12298-13335 orient(-) score(2076.00) noncoding_equivalent(0.21) raw_noncoding(0.00) offset(0.00) 
13335	12298	single-	4	6	{Augustus_gene699.t1;Augustus}

# EVM prediction: Mode:STANDARD S-ratio: 10000.00 20051-23116 orient(+) score(6132.00) noncoding_equivalent(0.61) raw_noncoding(0.00) offset(0.00) 
20051	23116	single+	1	3	{Augustus_gene343.t1;Augustus}

# EVM prediction: Mode:STANDARD S-ratio: 10000.00 40798-42558 orient(-) score(3522.00) noncoding_equivalent(0.35) raw_noncoding(0.00) offset(0.00) 
42558	40798	single-	4	6	{Augustus_gene299.t1;Augustus}

# EVM prediction: Mode:STANDARD S-ratio: 10000.00 72045-75218 orient(+) score(6348.00) noncoding_equivalent(0.63) raw_noncoding(0.00) offset(0.00) 
72045	73767	initial+	1	1	{Augustus_gene259.t1;Augustus}
73768	73824	INTRON			{Augustus_gene259.t1;Augustus}
73825	74142	internal+	2	1	{Augustus_gene259.t1;Augustus}
74143	74214	INTRON			{Augustus_gene259.t1;Augustus}
74215	75218	terminal+	2	3	{Augustus_gene259.t1;Augustus}

# EVM prediction: Mode:STANDARD S-ratio: 10000.00 78125-79654 orient(+) score(3060.00) noncoding_equivalent(0.31) raw_noncoding(0.00) offset(0.00) 
78125	79654	single+	1	3	{Augustus_gene219.t1;Augustus}

# EVM prediction: Mode:STANDARD S-ratio: 10000.00 90423-94766 orient(-) score(8688.00) noncoding_equivalent(0.87) raw_noncoding(0.00) offset(0.00) 
94766	90423	single-	4	6	{Augustus_gene544.t1;Augustus}

# EVM prediction: Mode:STANDARD S-ratio: 10000.00 98810-99382 orient(-) score(1146.00) noncoding_equivalent(0.11) raw_noncoding(0.00) offset(0.00) 
99236	98810	terminal-	6	6	{Augustus_gene45.t1;Augustus}
99317	99237	INTRON			{Augustus_gene45.t1;Augustus}
99382	99318	initial-	4	5	{Augustus_gene45.t1;Augustus}

