!! Predictions spanning range 115 - 97492 [R1]
# EVM prediction: Mode:STANDARD S-ratio: 6.14 115-533 orient(-) score(1149.00) noncoding_equivalent(187.00) raw_noncoding(267.00) offset(80.00) 
425	115	terminal-	5	6	{GlimmerHMM_glimmerT_5160-T1;GlimmerHMM},{snap_scaffold_14-snap.35-T1;snap},{Augustus_model.g4565.t1;Augustus}
508	426	INTRON			{GlimmerHMM_glimmerT_5160-T1;GlimmerHMM},{Augustus_model.g4565.t1;Augustus}
533	509	initial-	4	4	{GlimmerHMM_glimmerT_5160-T1;GlimmerHMM}

# EVM prediction: Mode:STANDARD S-ratio: 3.78 879-2165 orient(-) score(6108.00) noncoding_equivalent(1614.00) raw_noncoding(1614.00) offset(0.00) 
2165	879	single-	4	6	{GlimmerHMM_glimmerT_5161-T1;GlimmerHMM},{HiQ_model.g4566.t1;HiQ}

# EVM prediction: Mode:STANDARD S-ratio: 3.94 2358-3137 orient(-) score(3732.00) noncoding_equivalent(948.00) raw_noncoding(948.00) offset(0.00) 
3137	2358	single-	4	6	{HiQ_model.g4567.t1;HiQ},{GlimmerHMM_glimmerT_5162-T1;GlimmerHMM}

# EVM prediction: Mode:STANDARD S-ratio: 4.04 3394-4323 orient(-) score(4473.00) noncoding_equivalent(1107.00) raw_noncoding(1107.00) offset(0.00) 
4323	3394	single-	4	6	{HiQ_model.g4568.t1;HiQ}

# EVM prediction: Mode:STANDARD S-ratio: 51.79 4486-5616 orient(-) score(3327.00) noncoding_equivalent(64.24) raw_noncoding(64.24) offset(0.00) 
5616	4486	single-	4	6	{GlimmerHMM_glimmerT_5164-T1;GlimmerHMM},{Augustus_model.g4569.t1;Augustus}

# EVM prediction: Mode:STANDARD S-ratio: 10000.00 6814-7572 orient(+) score(2277.00) noncoding_equivalent(0.23) raw_noncoding(0.00) offset(0.00) 
6814	7572	single+	1	3	{Augustus_model.g4570.t1;Augustus},{GlimmerHMM_glimmerT_5166-T1;GlimmerHMM}

# EVM prediction: Mode:STANDARD S-ratio: 97.60 7972-9450 orient(+) score(5856.00) noncoding_equivalent(60.00) raw_noncoding(60.00) offset(0.00) 
7972	9450	single+	1	3	{Augustus_model.g4571.t1;Augustus},{GlimmerHMM_glimmerT_5167-T1;GlimmerHMM}

# EVM prediction: Mode:STANDARD S-ratio: 11.67 10728-11270 orient(+) score(2001.00) noncoding_equivalent(171.50) raw_noncoding(171.50) offset(0.00) 
10728	11270	single+	1	3	{GlimmerHMM_glimmerT_5168-T1;GlimmerHMM}

# EVM prediction: Mode:STANDARD S-ratio: 24.35 11657-12984 orient(+) score(3701.00) noncoding_equivalent(152.02) raw_noncoding(409.38) offset(257.37) 
11657	11662	initial+	1	3	{snap_scaffold_14-snap.43-T1;snap}
11663	11793	INTRON			{snap_scaffold_14-snap.43-T1;snap}
11794	12984	terminal+	1	3	{snap_scaffold_14-snap.43-T1;snap}

# EVM prediction: Mode:STANDARD S-ratio: 4.86 16966-17934 orient(-) score(4821.00) noncoding_equivalent(991.05) raw_noncoding(991.05) offset(0.00) 
17934	16966	single-	4	6	{GlimmerHMM_glimmerT_5170-T1;GlimmerHMM},{HiQ_model.g4573.t1;HiQ}

# EVM prediction: Mode:STANDARD S-ratio: 2.99 18220-18771 orient(+) score(1656.00) noncoding_equivalent(553.19) raw_noncoding(553.19) offset(0.00) 
18220	18771	single+	1	3	{GlimmerHMM_glimmerT_5171-T1;GlimmerHMM},{Augustus_model.g4574.t1;Augustus}

# EVM prediction: Mode:STANDARD S-ratio: 5.00 19170-19910 orient(-) score(3705.00) noncoding_equivalent(741.00) raw_noncoding(741.00) offset(0.00) 
19910	19170	single-	4	6	{HiQ_model.g4575.t1;HiQ},{GlimmerHMM_glimmerT_5172-T1;GlimmerHMM}

# EVM prediction: Mode:STANDARD S-ratio: 4.73 20575-21957 orient(-) score(6849.00) noncoding_equivalent(1449.00) raw_noncoding(1449.00) offset(0.00) 
21957	20575	single-	4	6	{HiQ_model.g4576.t1;HiQ},{GlimmerHMM_glimmerT_5173-T1;GlimmerHMM}

# EVM prediction: Mode:STANDARD S-ratio: 49.42 27924-29738 orient(+) score(5337.00) noncoding_equivalent(108.00) raw_noncoding(108.00) offset(0.00) 
27924	29738	single+	1	3	{GlimmerHMM_glimmerT_5174-T1;GlimmerHMM},{Augustus_model.g4577.t1;Augustus}

# EVM prediction: Mode:STANDARD S-ratio: 5.00 30193-30990 orient(-) score(3990.00) noncoding_equivalent(798.00) raw_noncoding(798.00) offset(0.00) 
30990	30193	single-	4	6	{GlimmerHMM_glimmerT_5175-T1;GlimmerHMM},{HiQ_model.g4578.t1;HiQ}

# EVM prediction: Mode:STANDARD S-ratio: 5.83 31721-32572 orient(-) score(5089.00) noncoding_equivalent(873.22) raw_noncoding(873.22) offset(0.00) 
32572	31721	single-	4	6	{GlimmerHMM_glimmerT_5176-T1;GlimmerHMM},{HiQ_model.g4579.t1;HiQ}

# EVM prediction: Mode:STANDARD S-ratio: 4.82 33182-36331 orient(-) score(15672.00) noncoding_equivalent(3249.05) raw_noncoding(3249.05) offset(0.00) 
36331	33182	single-	4	6	{GlimmerHMM_glimmerT_5177-T1;GlimmerHMM},{HiQ_model.g4580.t1;HiQ}

# EVM prediction: Mode:STANDARD S-ratio: 310.94 37198-38448 orient(+) score(4986.00) noncoding_equivalent(16.04) raw_noncoding(16.04) offset(0.00) 
37198	38448	single+	1	3	{Augustus_model.g4581.t1;Augustus},{GlimmerHMM_glimmerT_5178-T1;GlimmerHMM}

# EVM prediction: Mode:STANDARD S-ratio: 66.04 38625-40367 orient(-) score(5151.00) noncoding_equivalent(78.00) raw_noncoding(78.00) offset(0.00) 
40367	38625	single-	4	6	{GlimmerHMM_glimmerT_5179-T1;GlimmerHMM}

# EVM prediction: Mode:STANDARD S-ratio: 47.00 40634-41641 orient(-) score(2961.00) noncoding_equivalent(63.00) raw_noncoding(63.00) offset(0.00) 
41641	40634	single-	4	6	{GlimmerHMM_glimmerT_5180-T1;GlimmerHMM},{Augustus_model.g4583.t1;Augustus}

# EVM prediction: Mode:STANDARD S-ratio: 10000.00 43912-44757 orient(+) score(2538.00) noncoding_equivalent(0.25) raw_noncoding(0.00) offset(0.00) 
43912	44757	single+	1	3	{Augustus_model.g4584.t1;Augustus},{GlimmerHMM_glimmerT_5181-T1;GlimmerHMM}

# EVM prediction: Mode:STANDARD S-ratio: 4.37 45050-47914 orient(-) score(13983.00) noncoding_equivalent(3201.00) raw_noncoding(3201.00) offset(0.00) 
47914	45050	single-	4	6	{GlimmerHMM_glimmerT_5182-T1;GlimmerHMM},{HiQ_model.g4585.t1;HiQ}

# EVM prediction: Mode:STANDARD S-ratio: 10000.00 53226-54314 orient(+) score(3267.00) noncoding_equivalent(0.33) raw_noncoding(0.00) offset(0.00) 
53226	54314	single+	1	3	{Augustus_model.g4586.t1;Augustus},{GlimmerHMM_glimmerT_5184-T1;GlimmerHMM}

# EVM prediction: Mode:STANDARD S-ratio: 5.00 54392-55039 orient(-) score(3240.00) noncoding_equivalent(648.00) raw_noncoding(648.00) offset(0.00) 
55039	54392	single-	4	6	{HiQ_model.g4587.t1;HiQ},{GlimmerHMM_glimmerT_5185-T1;GlimmerHMM}

# EVM prediction: Mode:STANDARD S-ratio: 2.10 55196-55462 orient(-) score(543.00) noncoding_equivalent(258.83) raw_noncoding(258.83) offset(0.00) 
55462	55196	single-	4	6	{GlimmerHMM_glimmerT_5186-T1;GlimmerHMM},{Augustus_model.g4588.t1;Augustus}

# EVM prediction: Mode:STANDARD S-ratio: 5.00 56507-57511 orient(-) score(5025.00) noncoding_equivalent(1005.00) raw_noncoding(1005.00) offset(0.00) 
57511	56507	single-	4	6	{HiQ_model.g4589.t1;HiQ},{GlimmerHMM_glimmerT_5187-T1;GlimmerHMM}

# EVM prediction: Mode:STANDARD S-ratio: 4.19 58781-60616 orient(-) score(8886.00) noncoding_equivalent(2121.00) raw_noncoding(2121.00) offset(0.00) 
60616	58781	single-	4	6	{HiQ_model.g4590.t1;HiQ},{GlimmerHMM_glimmerT_5188-T1;GlimmerHMM}

# EVM prediction: Mode:STANDARD S-ratio: 4.79 60954-62432 orient(-) score(7340.00) noncoding_equivalent(1533.38) raw_noncoding(1533.38) offset(0.00) 
62432	60954	single-	4	6	{GlimmerHMM_glimmerT_5189-T1;GlimmerHMM},{HiQ_model.g4591.t1;HiQ}

# EVM prediction: Mode:STANDARD S-ratio: 10000.00 64270-66492 orient(-) score(6669.00) noncoding_equivalent(0.67) raw_noncoding(0.00) offset(0.00) 
66492	64270	single-	4	6	{GlimmerHMM_glimmerT_5190-T1;GlimmerHMM},{Augustus_model.g4592.t1;Augustus}

# EVM prediction: Mode:STANDARD S-ratio: 5.00 67568-68197 orient(-) score(3150.00) noncoding_equivalent(630.00) raw_noncoding(630.00) offset(0.00) 
68197	67568	single-	4	6	{GlimmerHMM_glimmerT_5191-T1;GlimmerHMM},{HiQ_model.g4593.t1;HiQ}

# EVM prediction: Mode:STANDARD S-ratio: 657.41 70877-72421 orient(-) score(4626.00) noncoding_equivalent(7.04) raw_noncoding(7.04) offset(0.00) 
72421	70877	single-	4	6	{GlimmerHMM_glimmerT_5192-T1;GlimmerHMM},{Augustus_model.g4594.t1;Augustus}

# EVM prediction: Mode:STANDARD S-ratio: 2.19 73014-73509 orient(-) score(1984.00) noncoding_equivalent(906.00) raw_noncoding(1080.00) offset(174.00) 
73179	73014	terminal-	6	6	{GlimmerHMM_glimmerT_5193-T1;GlimmerHMM},{HiQ_model.g4595.t1;HiQ}
73267	73180	INTRON			{GlimmerHMM_glimmerT_5193-T1;GlimmerHMM},{HiQ_model.g4595.t1;HiQ},{ev_type:exonerate/ID=match.177006.108/Target=YCR028C-A;exonerate}
73509	73268	initial-	4	5	{GlimmerHMM_glimmerT_5193-T1;GlimmerHMM},{HiQ_model.g4595.t1;HiQ}

# EVM prediction: Mode:STANDARD S-ratio: 11.22 73909-76526 orient(-) score(9449.00) noncoding_equivalent(842.52) raw_noncoding(880.05) offset(37.53) 
75642	73909	terminal-	4	6	{Augustus_model.g4596.t1;Augustus}
75731	75643	INTRON			{Augustus_model.g4596.t1;Augustus}
76526	75732	initial-	4	6	{Augustus_model.g4596.t1;Augustus}

# EVM prediction: Mode:STANDARD S-ratio: 2.27 77620-78066 orient(-) score(2117.00) noncoding_equivalent(932.24) raw_noncoding(932.24) offset(0.00) 
78066	77620	single-	4	6	{HiQ_model.g4597.t1;HiQ}

# EVM prediction: Mode:STANDARD S-ratio: 37.05 79756-81567 orient(+) score(5292.00) noncoding_equivalent(142.82) raw_noncoding(142.82) offset(0.00) 
79756	81567	single+	1	3	{GlimmerHMM_glimmerT_5196-T1;GlimmerHMM}

# EVM prediction: Mode:STANDARD S-ratio: 26.66 81615-86258 orient(+) score(13427.00) noncoding_equivalent(503.63) raw_noncoding(503.63) offset(0.00) 
81615	86258	single+	1	3	{GlimmerHMM_glimmerT_5197-T1;GlimmerHMM}

# EVM prediction: Mode:STANDARD S-ratio: 68.51 86714-90397 orient(+) score(10893.00) noncoding_equivalent(159.00) raw_noncoding(159.00) offset(0.00) 
86714	90397	single+	1	3	{Augustus_model.g4599.t1;Augustus},{GlimmerHMM_glimmerT_5198-T1;GlimmerHMM}

# EVM prediction: Mode:STANDARD S-ratio: 14.19 90509-91859 orient(+) score(4486.00) noncoding_equivalent(316.05) raw_noncoding(905.76) offset(589.70) 
90509	90517	initial+	1	3	{snap_scaffold_14-snap.69-T1;snap}
90518	90812	INTRON			{snap_scaffold_14-snap.69-T1;snap}
90813	91859	terminal+	1	3	{snap_scaffold_14-snap.69-T1;snap},{Augustus_model.g4600.t1;Augustus}

# EVM prediction: Mode:STANDARD S-ratio: 4.99 92068-93249 orient(-) score(5904.00) noncoding_equivalent(1182.00) raw_noncoding(1182.00) offset(0.00) 
93249	92068	single-	4	6	{GlimmerHMM_glimmerT_5200-T1;GlimmerHMM},{HiQ_model.g4601.t1;HiQ}

# EVM prediction: Mode:STANDARD S-ratio: 10000.00 93505-94509 orient(+) score(3006.00) noncoding_equivalent(0.30) raw_noncoding(0.00) offset(0.00) 
93505	94509	single+	1	3	{Augustus_model.g4602.t1;Augustus},{GlimmerHMM_glimmerT_5201-T1;GlimmerHMM}

# EVM prediction: Mode:STANDARD S-ratio: 4.94 94631-97492 orient(-) score(14211.00) noncoding_equivalent(2877.00) raw_noncoding(2877.00) offset(0.00) 
97492	94631	single-	4	6	{HiQ_model.g4603.t1;HiQ},{GlimmerHMM_glimmerT_5202-T1;GlimmerHMM}

