# EVM prediction: Mode:STANDARD S-ratio: 10000.00 21681-24734 orient(+) score(21672.00) noncoding_equivalent(2.17) raw_noncoding(0.00) offset(0.00)
21681	24734	single+	1	3	{Augustus_gene954.t1;Augustus}

# EVM prediction: Mode:STANDARD S-ratio: 10000.00 32264-32767 orient(-) score(2756.00) noncoding_equivalent(0.28) raw_noncoding(0.00) offset(0.00)
32767	32264	single-	4	6	{Augustus_gene581.t1;Augustus}

# EVM prediction: Mode:STANDARD S-ratio: 10000.00 33086-35326 orient(-) score(16752.00) noncoding_equivalent(1.68) raw_noncoding(0.00) offset(0.00)
35326	33086	single-	4	6	{Augustus_gene1220.t1;Augustus}

# EVM prediction: Mode:STANDARD S-ratio: 10000.00 63986-64509 orient(+) score(4194.00) noncoding_equivalent(0.42) raw_noncoding(0.00) offset(0.00)
63986	64050	initial+	1	2	{Augustus_gene280.t1;Augustus}
64051	64121	INTRON			{Augustus_gene280.t1;Augustus},{ev_type:exonerate/ID=match.160399.5599/Target=YDL219W;exonerate}
64122	64509	terminal+	3	3	{Augustus_gene280.t1;Augustus}

# EVM prediction: Mode:STANDARD S-ratio: 10000.00 69387-72665 orient(-) score(31766.00) noncoding_equivalent(3.18) raw_noncoding(0.00) offset(0.00)
72665	69387	single-	4	6	{Augustus_gene1119.t1;Augustus}

# EVM prediction: Mode:STANDARD S-ratio: 10000.00 76027-76704 orient(-) score(5589.00) noncoding_equivalent(0.56) raw_noncoding(0.00) offset(0.00)
76704	76027	single-	4	6	{Augustus_gene892.t1;Augustus}

# EVM prediction: Mode:STANDARD S-ratio: 10000.00 91845-92828 orient(-) score(9062.00) noncoding_equivalent(0.91) raw_noncoding(0.00) offset(0.00)
92828	91845	single-	4	6	{Augustus_gene435.t1;Augustus}

# EVM prediction: Mode:STANDARD S-ratio: 10000.00 102734-103636 orient(-) score(5718.00) noncoding_equivalent(0.57) raw_noncoding(0.00) offset(0.00)
103636	102734	single-	4	6	{Augustus_gene587.t1;Augustus}

# EVM prediction: Mode:STANDARD S-ratio: 10000.00 106296-110117 orient(+) score(25722.00) noncoding_equivalent(2.57) raw_noncoding(0.00) offset(0.00)
106296	110117	single+	1	3	{Augustus_gene1058.t1;Augustus}

# EVM prediction: Mode:STANDARD S-ratio: 10000.00 113769-114887 orient(+) score(5168.00) noncoding_equivalent(0.52) raw_noncoding(0.00) offset(0.00)
113769	114887	single+	1	3	{Augustus_gene788.t1;Augustus}

# EVM prediction: Mode:STANDARD S-ratio: 10000.00 116750-117603 orient(+) score(1708.00) noncoding_equivalent(0.17) raw_noncoding(0.00) offset(0.00)
116750	116752	initial+	1	3	{Augustus_gene764.t1;Augustus}
116753	117243	INTRON			{Augustus_gene764.t1;Augustus}
117244	117603	terminal+	1	3	{Augustus_gene764.t1;Augustus}

# EVM prediction: Mode:STANDARD S-ratio: 10000.00 117793-120678 orient(-) score(23197.00) noncoding_equivalent(2.32) raw_noncoding(0.00) offset(0.00)
120678	117793	single-	4	6	{Augustus_gene749.t1;Augustus}

# EVM prediction: Mode:STANDARD S-ratio: 10000.00 125092-129091 orient(+) score(9810.00) noncoding_equivalent(0.98) raw_noncoding(0.00) offset(0.00)
125092	125456	initial+	1	2	{Augustus_gene183.t1;Augustus}
125457	125916	INTRON			{Augustus_gene183.t1;Augustus}
125917	126832	internal+	3	3	{Augustus_gene183.t1;Augustus}
126833	126880	INTRON			{Augustus_gene183.t1;Augustus}
126881	127310	internal+	1	1	{Augustus_gene183.t1;Augustus}
127311	127454	INTRON			{Augustus_gene183.t1;Augustus}
127455	129091	terminal+	2	3	{Augustus_gene183.t1;Augustus}

# EVM prediction: Mode:STANDARD S-ratio: 10000.00 148205-154642 orient(-) score(49594.00) noncoding_equivalent(4.96) raw_noncoding(0.00) offset(0.00)
154642	148205	single-	4	6	{Augustus_gene203.t1;Augustus}

# EVM prediction: Mode:STANDARD S-ratio: 10000.00 158655-159815 orient(+) score(2322.00) noncoding_equivalent(0.23) raw_noncoding(0.00) offset(0.00)
158655	159815	single+	1	3	{Augustus_gene209.t1;Augustus}

# EVM prediction: Mode:STANDARD S-ratio: 10000.00 162499-163092 orient(-) score(4209.00) noncoding_equivalent(0.42) raw_noncoding(0.00) offset(0.00)
163092	162499	single-	4	6	{Augustus_gene650.t1;Augustus}

# EVM prediction: Mode:STANDARD S-ratio: 10000.00 180221-182053 orient(-) score(13936.00) noncoding_equivalent(1.39) raw_noncoding(0.00) offset(0.00)
182053	180221	single-	4	6	{Augustus_gene412.t1;Augustus}

# EVM prediction: Mode:STANDARD S-ratio: 10000.00 183724-186952 orient(+) score(16480.00) noncoding_equivalent(1.65) raw_noncoding(0.00) offset(0.00)
183724	183746	initial+	1	2	{Augustus_gene447.t1;Augustus}
183747	184134	INTRON			{Augustus_gene447.t1;Augustus}
184135	186952	terminal+	3	3	{Augustus_gene447.t1;Augustus}

# EVM prediction: Mode:STANDARD S-ratio: 10000.00 187188-189620 orient(-) score(20596.00) noncoding_equivalent(2.06) raw_noncoding(0.00) offset(0.00)
189620	187188	single-	4	6	{Augustus_gene484.t1;Augustus}

# EVM prediction: Mode:STANDARD S-ratio: 10000.00 189958-191295 orient(+) score(8187.00) noncoding_equivalent(0.82) raw_noncoding(0.00) offset(0.00)
189958	191295	single+	1	3	{Augustus_gene253.t1;Augustus}

# EVM prediction: Mode:STANDARD S-ratio: 10000.00 191784-193259 orient(+) score(8913.00) noncoding_equivalent(0.89) raw_noncoding(0.00) offset(0.00)
191784	193259	single+	1	3	{Augustus_gene135.t1;Augustus}

# EVM prediction: Mode:STANDARD S-ratio: 10000.00 193605-197087 orient(-) score(21440.00) noncoding_equivalent(2.14) raw_noncoding(0.00) offset(0.00)
197087	193605	single-	4	6	{Augustus_gene821.t1;Augustus}

# EVM prediction: Mode:STANDARD S-ratio: 10000.00 199029-200615 orient(+) score(3174.00) noncoding_equivalent(0.32) raw_noncoding(0.00) offset(0.00)
199029	200615	single+	1	3	{Augustus_gene364.t1;Augustus}

# EVM prediction: Mode:STANDARD S-ratio: 10000.00 202073-204145 orient(+) score(10803.00) noncoding_equivalent(1.08) raw_noncoding(0.00) offset(0.00)
202073	204145	single+	1	3	{Augustus_gene712.t1;Augustus}

# EVM prediction: Mode:STANDARD S-ratio: 10000.00 217737-218345 orient(-) score(4476.00) noncoding_equivalent(0.45) raw_noncoding(0.00) offset(0.00)
218345	217737	single-	4	6	{Augustus_gene750.t1;Augustus}

# EVM prediction: Mode:STANDARD S-ratio: 10000.00 238048-238593 orient(-) score(2073.00) noncoding_equivalent(0.21) raw_noncoding(0.00) offset(0.00)
238427	238048	terminal-	5	6	{Augustus_gene59.t1;Augustus}
238538	238428	INTRON			{Augustus_gene59.t1;Augustus},{ev_type:exonerate/ID=match.160399.2668/Target=YDL125C;exonerate}
238593	238539	initial-	4	4	{Augustus_gene59.t1;Augustus}

# EVM prediction: Mode:STANDARD S-ratio: 10000.00 244956-245480 orient(+) score(2838.00) noncoding_equivalent(0.28) raw_noncoding(0.00) offset(0.00)
244956	244997	initial+	1	3	{Augustus_gene1134.t1;Augustus}
244998	245099	INTRON			{Augustus_gene1134.t1;Augustus}
245100	245480	terminal+	1	3	{Augustus_gene1134.t1;Augustus}

# EVM prediction: Mode:STANDARD S-ratio: 10000.00 271419-272627 orient(+) score(4949.00) noncoding_equivalent(0.49) raw_noncoding(0.00) offset(0.00)
271419	272627	single+	1	3	{Augustus_gene636.t1;Augustus}

# EVM prediction: Mode:STANDARD S-ratio: 10000.00 274174-275607 orient(-) score(9231.00) noncoding_equivalent(0.92) raw_noncoding(0.00) offset(0.00)
275607	274174	single-	4	6	{Augustus_gene17.t1;Augustus}

# EVM prediction: Mode:STANDARD S-ratio: 10000.00 281138-282202 orient(-) score(6991.00) noncoding_equivalent(0.70) raw_noncoding(0.00) offset(0.00)
282202	281138	single-	4	6	{Augustus_gene357.t1;Augustus}

# EVM prediction: Mode:STANDARD S-ratio: 10000.00 284424-285728 orient(-) score(7265.00) noncoding_equivalent(0.73) raw_noncoding(0.00) offset(0.00)
285728	284424	single-	4	6	{Augustus_gene612.t1;Augustus}

# EVM prediction: Mode:STANDARD S-ratio: 10000.00 292425-293792 orient(-) score(9128.00) noncoding_equivalent(0.91) raw_noncoding(0.00) offset(0.00)
293792	292425	single-	4	6	{Augustus_gene434.t1;Augustus}

# EVM prediction: Mode:STANDARD S-ratio: 10000.00 299248-300024 orient(-) score(2262.00) noncoding_equivalent(0.23) raw_noncoding(0.00) offset(0.00)
300024	299248	single-	4	6	{Augustus_gene338.t1;Augustus}

# EVM prediction: Mode:STANDARD S-ratio: 10000.00 302298-305610 orient(+) score(10725.00) noncoding_equivalent(1.07) raw_noncoding(0.00) offset(0.00)
302298	303756	initial+	1	1	{Augustus_gene433.t1;Augustus}
303757	304264	INTRON			{Augustus_gene433.t1;Augustus}
304265	305610	terminal+	2	3	{Augustus_gene433.t1;Augustus}

# EVM prediction: Mode:STANDARD S-ratio: 10000.00 315992-319141 orient(-) score(20443.00) noncoding_equivalent(2.04) raw_noncoding(0.00) offset(0.00)
318558	315992	terminal-	5	6	{Augustus_gene921.t1;Augustus}
318603	318559	INTRON			{Augustus_gene921.t1;Augustus}
319141	318604	initial-	4	4	{Augustus_gene921.t1;Augustus}

# EVM prediction: Mode:STANDARD S-ratio: 10000.00 328860-329471 orient(-) score(4284.00) noncoding_equivalent(0.43) raw_noncoding(0.00) offset(0.00)
329471	328860	single-	4	6	{Augustus_gene842.t1;Augustus}

# EVM prediction: Mode:STANDARD S-ratio: 10000.00 340626-342992 orient(+) score(9669.00) noncoding_equivalent(0.97) raw_noncoding(0.00) offset(0.00)
340626	342992	single+	1	3	{Augustus_gene411.t1;Augustus}

# EVM prediction: Mode:STANDARD S-ratio: 10000.00 344664-350051 orient(+) score(26987.00) noncoding_equivalent(2.70) raw_noncoding(0.00) offset(0.00)
344664	350051	single+	1	3	{Augustus_gene451.t1;Augustus}

# EVM prediction: Mode:STANDARD S-ratio: 10000.00 370299-370820 orient(+) score(3113.00) noncoding_equivalent(0.31) raw_noncoding(0.00) offset(0.00)
370299	370820	single+	1	3	{Augustus_gene263.t1;Augustus}

# EVM prediction: Mode:STANDARD S-ratio: 10000.00 374741-375541 orient(-) score(6749.00) noncoding_equivalent(0.67) raw_noncoding(0.00) offset(0.00)
375541	374741	single-	4	6	{Augustus_gene1156.t1;Augustus}

# EVM prediction: Mode:STANDARD S-ratio: 10000.00 377938-380502 orient(-) score(8115.00) noncoding_equivalent(0.81) raw_noncoding(0.00) offset(0.00)
380502	377938	single-	4	6	{Augustus_gene1012.t1;Augustus}

# EVM prediction: Mode:STANDARD S-ratio: 10000.00 398000-399298 orient(+) score(5353.00) noncoding_equivalent(0.54) raw_noncoding(0.00) offset(0.00)
398000	398021	initial+	1	1	{Augustus_gene1088.t1;Augustus}
398022	398144	INTRON			{Augustus_gene1088.t1;Augustus},{ev_type:exonerate/ID=match.160399.589/Target=YDL029W;exonerate}
398145	399298	terminal+	2	3	{Augustus_gene1088.t1;Augustus}

# EVM prediction: Mode:STANDARD S-ratio: 10000.00 399657-401534 orient(-) score(9042.00) noncoding_equivalent(0.90) raw_noncoding(0.00) offset(0.00)
400720	399657	terminal-	5	6	{Augustus_gene384.t1;Augustus}
401494	400721	INTRON			{Augustus_gene384.t1;Augustus}
401534	401495	initial-	4	4	{Augustus_gene384.t1;Augustus}

# EVM prediction: Mode:STANDARD S-ratio: 10000.00 422896-424419 orient(+) score(8053.00) noncoding_equivalent(0.81) raw_noncoding(0.00) offset(0.00)
422896	424419	single+	1	3	{Augustus_gene1044.t1;Augustus}

# EVM prediction: Mode:STANDARD S-ratio: 10000.00 424688-425620 orient(-) score(3730.00) noncoding_equivalent(0.37) raw_noncoding(0.00) offset(0.00)
425620	424688	single-	4	6	{Augustus_gene64.t1;Augustus}

# EVM prediction: Mode:STANDARD S-ratio: 10000.00 426050-427033 orient(+) score(4745.00) noncoding_equivalent(0.47) raw_noncoding(0.00) offset(0.00)
426050	427033	single+	1	3	{Augustus_gene198.t1;Augustus}

# EVM prediction: Mode:STANDARD S-ratio: 10000.00 437763-438608 orient(+) score(3783.00) noncoding_equivalent(0.38) raw_noncoding(0.00) offset(0.00)
437763	438608	single+	1	3	{Augustus_gene1142.t1;Augustus}

# EVM prediction: Mode:STANDARD S-ratio: 10000.00 440877-441359 orient(+) score(2632.00) noncoding_equivalent(0.26) raw_noncoding(0.00) offset(0.00)
440877	441359	single+	1	3	{Augustus_gene1121.t1;Augustus}

# EVM prediction: Mode:STANDARD S-ratio: 10000.00 442536-444236 orient(+) score(7335.00) noncoding_equivalent(0.73) raw_noncoding(0.00) offset(0.00)
442536	444236	single+	1	3	{Augustus_gene1026.t1;Augustus}

# EVM prediction: Mode:STANDARD S-ratio: 10000.00 450896-451501 orient(+) score(2197.00) noncoding_equivalent(0.22) raw_noncoding(0.00) offset(0.00)
450896	451501	single+	1	3	{Augustus_gene1199.t1;Augustus}

# EVM prediction: Mode:STANDARD S-ratio: 10000.00 454689-455956 orient(-) score(4425.00) noncoding_equivalent(0.44) raw_noncoding(0.00) offset(0.00)
455281	454689	terminal-	5	6	{Augustus_gene1143.t1;Augustus}
455569	455282	INTRON			{Augustus_gene1143.t1;Augustus}
455870	455570	internal-	4	4	{Augustus_gene1143.t1;Augustus}
455950	455871	INTRON			{Augustus_gene1143.t1;Augustus}
455956	455951	initial-	4	6	{Augustus_gene1143.t1;Augustus}

# EVM prediction: Mode:STANDARD S-ratio: 10000.00 471011-471637 orient(+) score(2508.00) noncoding_equivalent(0.25) raw_noncoding(0.00) offset(0.00)
471011	471637	single+	1	3	{Augustus_gene839.t1;Augustus}

# EVM prediction: Mode:STANDARD S-ratio: 10000.00 477028-480180 orient(-) score(11420.00) noncoding_equivalent(1.14) raw_noncoding(0.00) offset(0.00)
480180	477028	single-	4	6	{Augustus_gene393.t1;Augustus}

# EVM prediction: Mode:STANDARD S-ratio: 10000.00 482072-483181 orient(-) score(7238.00) noncoding_equivalent(0.72) raw_noncoding(0.00) offset(0.00)
483181	482072	single-	4	6	{Augustus_gene1003.t1;Augustus}

# EVM prediction: Mode:STANDARD S-ratio: 10000.00 492522-494885 orient(-) score(12506.00) noncoding_equivalent(1.25) raw_noncoding(0.00) offset(0.00)
494885	492522	single-	4	6	{Augustus_gene406.t1;Augustus}

# EVM prediction: Mode:STANDARD S-ratio: 10000.00 514452-515882 orient(-) score(5020.00) noncoding_equivalent(0.50) raw_noncoding(0.00) offset(0.00)
515882	514452	single-	4	6	{Augustus_gene325.t1;Augustus}

# EVM prediction: Mode:STANDARD S-ratio: 10000.00 530048-531034 orient(+) score(3607.00) noncoding_equivalent(0.36) raw_noncoding(0.00) offset(0.00)
530048	531034	single+	1	3	{Augustus_gene532.t1;Augustus}

# EVM prediction: Mode:STANDARD S-ratio: 10000.00 531384-531716 orient(-) score(1205.00) noncoding_equivalent(0.12) raw_noncoding(0.00) offset(0.00)
531716	531384	single-	4	6	{Augustus_gene242.t1;Augustus}

# EVM prediction: Mode:STANDARD S-ratio: 10000.00 535273-536361 orient(+) score(3691.00) noncoding_equivalent(0.37) raw_noncoding(0.00) offset(0.00)
535273	536361	single+	1	3	{Augustus_gene86.t1;Augustus}

# EVM prediction: Mode:STANDARD S-ratio: 10000.00 536692-538566 orient(+) score(8810.00) noncoding_equivalent(0.88) raw_noncoding(0.00) offset(0.00)
536692	538566	single+	1	3	{Augustus_gene818.t1;Augustus}

# EVM prediction: Mode:STANDARD S-ratio: 10000.00 539140-539886 orient(-) score(2241.00) noncoding_equivalent(0.22) raw_noncoding(0.00) offset(0.00)
539886	539140	single-	4	6	{Augustus_gene147.t1;Augustus}

# EVM prediction: Mode:STANDARD S-ratio: 10000.00 549350-550978 orient(+) score(5586.00) noncoding_equivalent(0.56) raw_noncoding(0.00) offset(0.00)
549350	550978	single+	1	3	{Augustus_gene1157.t1;Augustus}

# EVM prediction: Mode:STANDARD S-ratio: 10000.00 554071-557148 orient(+) score(14513.00) noncoding_equivalent(1.45) raw_noncoding(0.00) offset(0.00)
554071	557148	single+	1	3	{Augustus_gene686.t1;Augustus}

# EVM prediction: Mode:STANDARD S-ratio: 10000.00 557586-559205 orient(+) score(5952.00) noncoding_equivalent(0.60) raw_noncoding(0.00) offset(0.00)
557586	559205	single+	1	3	{Augustus_gene127.t1;Augustus}

# EVM prediction: Mode:STANDARD S-ratio: 10000.00 559896-561581 orient(+) score(3372.00) noncoding_equivalent(0.34) raw_noncoding(0.00) offset(0.00)
559896	561581	single+	1	3	{Augustus_gene243.t1;Augustus}

# EVM prediction: Mode:STANDARD S-ratio: 10000.00 562084-562533 orient(+) score(1800.00) noncoding_equivalent(0.18) raw_noncoding(0.00) offset(0.00)
562084	562533	single+	1	3	{Augustus_gene55.t1;Augustus}

# EVM prediction: Mode:STANDARD S-ratio: 10000.00 562879-563873 orient(+) score(3420.00) noncoding_equivalent(0.34) raw_noncoding(0.00) offset(0.00)
562879	562899	initial+	1	3	{Augustus_gene402.t1;Augustus}
562900	563438	INTRON			{Augustus_gene402.t1;Augustus},{ev_type:exonerate/ID=match.160399.5665/Target=YDR064W;exonerate}
563439	563873	terminal+	1	3	{Augustus_gene402.t1;Augustus}

# EVM prediction: Mode:STANDARD S-ratio: 10000.00 587740-590730 orient(+) score(13621.00) noncoding_equivalent(1.36) raw_noncoding(0.00) offset(0.00)
587740	590730	single+	1	3	{Augustus_gene841.t1;Augustus}

# EVM prediction: Mode:STANDARD S-ratio: 10000.00 595812-596990 orient(+) score(4716.00) noncoding_equivalent(0.47) raw_noncoding(0.00) offset(0.00)
595812	596990	single+	1	3	{Augustus_gene34.t1;Augustus}

# EVM prediction: Mode:STANDARD S-ratio: 10000.00 600668-600910 orient(-) score(1171.00) noncoding_equivalent(0.12) raw_noncoding(0.00) offset(0.00)
600910	600668	single-	4	6	{Augustus_gene491.t1;Augustus}

# EVM prediction: Mode:STANDARD S-ratio: 10000.00 610442-612268 orient(-) score(6389.00) noncoding_equivalent(0.64) raw_noncoding(0.00) offset(0.00)
612268	610442	single-	4	6	{Augustus_gene145.t1;Augustus}

# EVM prediction: Mode:STANDARD S-ratio: 10000.00 623843-627570 orient(-) score(7456.00) noncoding_equivalent(0.75) raw_noncoding(0.00) offset(0.00)
626922	623843	terminal-	5	6	{Augustus_gene634.t1;Augustus}
626966	626923	INTRON			{Augustus_gene634.t1;Augustus}
627232	626967	internal-	6	4	{Augustus_gene634.t1;Augustus}
627288	627233	INTRON			{Augustus_gene634.t1;Augustus}
627308	627289	internal-	4	5	{Augustus_gene634.t1;Augustus}
627459	627309	INTRON			{Augustus_gene634.t1;Augustus}
627570	627460	initial-	4	6	{Augustus_gene634.t1;Augustus}

# EVM prediction: Mode:STANDARD S-ratio: 10000.00 648373-650469 orient(+) score(6291.00) noncoding_equivalent(0.63) raw_noncoding(0.00) offset(0.00)
648373	650469	single+	1	3	{Augustus_gene1152.t1;Augustus}

# EVM prediction: Mode:STANDARD S-ratio: 10000.00 659836-660585 orient(-) score(5281.00) noncoding_equivalent(0.53) raw_noncoding(0.00) offset(0.00)
660585	659836	single-	4	6	{Augustus_gene160.t1;Augustus}

# EVM prediction: Mode:STANDARD S-ratio: 10000.00 668661-670325 orient(-) score(5806.00) noncoding_equivalent(0.58) raw_noncoding(0.00) offset(0.00)
670325	668661	single-	4	6	{Augustus_gene901.t1;Augustus}

# EVM prediction: Mode:STANDARD S-ratio: 10000.00 690441-692480 orient(-) score(7782.00) noncoding_equivalent(0.78) raw_noncoding(0.00) offset(0.00)
692348	690441	terminal-	4	6	{Augustus_gene1043.t1;Augustus}
692459	692349	INTRON			{Augustus_gene1043.t1;Augustus},{ev_type:exonerate/ID=match.160399.675/Target=YDR129C;exonerate}
692480	692460	initial-	4	6	{Augustus_gene1043.t1;Augustus}

# EVM prediction: Mode:STANDARD S-ratio: 10000.00 711237-711902 orient(+) score(3286.00) noncoding_equivalent(0.33) raw_noncoding(0.00) offset(0.00)
711237	711902	single+	1	3	{Augustus_gene453.t1;Augustus}

# EVM prediction: Mode:STANDARD S-ratio: 10000.00 712000-717096 orient(-) score(18182.00) noncoding_equivalent(1.82) raw_noncoding(0.00) offset(0.00)
717096	712000	single-	4	6	{Augustus_gene1175.t1;Augustus}

# EVM prediction: Mode:STANDARD S-ratio: 10000.00 717572-718699 orient(-) score(4640.00) noncoding_equivalent(0.46) raw_noncoding(0.00) offset(0.00)
718699	717572	single-	4	6	{Augustus_gene785.t1;Augustus}

# EVM prediction: Mode:STANDARD S-ratio: 10000.00 730785-732176 orient(-) score(6156.00) noncoding_equivalent(0.62) raw_noncoding(0.00) offset(0.00)
732176	730785	single-	4	6	{Augustus_gene635.t1;Augustus}

# EVM prediction: Mode:STANDARD S-ratio: 10000.00 747331-748428 orient(+) score(3961.00) noncoding_equivalent(0.40) raw_noncoding(0.00) offset(0.00)
747331	748428	single+	1	3	{Augustus_gene600.t1;Augustus}

# EVM prediction: Mode:STANDARD S-ratio: 10000.00 758989-761163 orient(-) score(7437.00) noncoding_equivalent(0.74) raw_noncoding(0.00) offset(0.00)
761163	758989	single-	4	6	{Augustus_gene188.t1;Augustus}

# EVM prediction: Mode:STANDARD S-ratio: 10000.00 761819-763153 orient(+) score(5511.00) noncoding_equivalent(0.55) raw_noncoding(0.00) offset(0.00)
761819	762050	initial+	1	1	{Augustus_gene222.t1;Augustus}
762051	762182	INTRON			{Augustus_gene222.t1;Augustus}
762183	763153	terminal+	2	3	{Augustus_gene222.t1;Augustus}

# EVM prediction: Mode:STANDARD S-ratio: 10000.00 767276-768796 orient(+) score(4563.00) noncoding_equivalent(0.46) raw_noncoding(0.00) offset(0.00)
767276	768796	single+	1	3	{Augustus_gene123.t1;Augustus}

# EVM prediction: Mode:STANDARD S-ratio: 10000.00 773143-778953 orient(-) score(27700.00) noncoding_equivalent(2.77) raw_noncoding(0.00) offset(0.00)
778953	773143	single-	4	6	{Augustus_gene1165.t1;Augustus}

# EVM prediction: Mode:STANDARD S-ratio: 10000.00 783439-785496 orient(+) score(6174.00) noncoding_equivalent(0.62) raw_noncoding(0.00) offset(0.00)
783439	785496	single+	1	3	{Augustus_gene998.t1;Augustus}

# EVM prediction: Mode:STANDARD S-ratio: 10000.00 788320-789063 orient(-) score(2976.00) noncoding_equivalent(0.30) raw_noncoding(0.00) offset(0.00)
789063	788320	single-	4	6	{Augustus_gene535.t1;Augustus}

# EVM prediction: Mode:STANDARD S-ratio: 10000.00 789579-791687 orient(+) score(8193.00) noncoding_equivalent(0.82) raw_noncoding(0.00) offset(0.00)
789579	791687	single+	1	3	{Augustus_gene283.t1;Augustus}

# EVM prediction: Mode:STANDARD S-ratio: 10000.00 796535-800899 orient(+) score(17577.00) noncoding_equivalent(1.76) raw_noncoding(0.00) offset(0.00)
796535	800899	single+	1	3	{Augustus_gene678.t1;Augustus}

# EVM prediction: Mode:STANDARD S-ratio: 10000.00 807057-807596 orient(-) score(1620.00) noncoding_equivalent(0.16) raw_noncoding(0.00) offset(0.00)
807596	807057	single-	4	6	{Augustus_gene54.t1;Augustus}

# EVM prediction: Mode:STANDARD S-ratio: 10000.00 811537-813177 orient(+) score(3282.00) noncoding_equivalent(0.33) raw_noncoding(0.00) offset(0.00)
811537	813177	single+	1	3	{Augustus_gene1161.t1;Augustus}

# EVM prediction: Mode:STANDARD S-ratio: 10000.00 813518-815518 orient(+) score(7963.00) noncoding_equivalent(0.80) raw_noncoding(0.00) offset(0.00)
813518	815518	single+	1	3	{Augustus_gene304.t1;Augustus}

# EVM prediction: Mode:STANDARD S-ratio: 10000.00 825387-826112 orient(-) score(2178.00) noncoding_equivalent(0.22) raw_noncoding(0.00) offset(0.00)
826112	825387	single-	4	6	{Augustus_gene604.t1;Augustus}

# EVM prediction: Mode:STANDARD S-ratio: 10000.00 833324-834247 orient(+) score(2772.00) noncoding_equivalent(0.28) raw_noncoding(0.00) offset(0.00)
833324	834247	single+	1	3	{Augustus_gene226.t1;Augustus}

# EVM prediction: Mode:STANDARD S-ratio: 10000.00 835376-836623 orient(+) score(4470.00) noncoding_equivalent(0.45) raw_noncoding(0.00) offset(0.00)
835376	836623	single+	1	3	{Augustus_gene1016.t1;Augustus}

# EVM prediction: Mode:STANDARD S-ratio: 10000.00 848135-850273 orient(+) score(7667.00) noncoding_equivalent(0.77) raw_noncoding(0.00) offset(0.00)
848135	850273	single+	1	3	{Augustus_gene946.t1;Augustus}

# EVM prediction: Mode:STANDARD S-ratio: 10000.00 870753-872852 orient(+) score(6580.00) noncoding_equivalent(0.66) raw_noncoding(0.00) offset(0.00)
870753	872852	single+	1	3	{Augustus_gene585.t1;Augustus}

# EVM prediction: Mode:STANDARD S-ratio: 10000.00 890864-892540 orient(+) score(3354.00) noncoding_equivalent(0.34) raw_noncoding(0.00) offset(0.00)
890864	892540	single+	1	3	{Augustus_gene771.t1;Augustus}

# EVM prediction: Mode:STANDARD S-ratio: 10000.00 898666-899265 orient(-) score(1800.00) noncoding_equivalent(0.18) raw_noncoding(0.00) offset(0.00)
899265	898666	single-	4	6	{Augustus_gene1137.t1;Augustus}

# EVM prediction: Mode:STANDARD S-ratio: 10000.00 900045-900923 orient(+) score(2637.00) noncoding_equivalent(0.26) raw_noncoding(0.00) offset(0.00)
900045	900923	single+	1	3	{Augustus_gene1099.t1;Augustus}

# EVM prediction: Mode:STANDARD S-ratio: 10000.00 901325-904246 orient(-) score(8766.00) noncoding_equivalent(0.88) raw_noncoding(0.00) offset(0.00)
904246	901325	single-	4	6	{Augustus_gene651.t1;Augustus}

# EVM prediction: Mode:STANDARD S-ratio: 10000.00 911601-913367 orient(-) score(3534.00) noncoding_equivalent(0.35) raw_noncoding(0.00) offset(0.00)
913367	911601	single-	4	6	{Augustus_gene874.t1;Augustus}

# EVM prediction: Mode:STANDARD S-ratio: 10000.00 917371-918030 orient(+) score(1980.00) noncoding_equivalent(0.20) raw_noncoding(0.00) offset(0.00)
917371	918030	single+	1	3	{Augustus_gene583.t1;Augustus}

# EVM prediction: Mode:STANDARD S-ratio: 10000.00 929604-930869 orient(-) score(3798.00) noncoding_equivalent(0.38) raw_noncoding(0.00) offset(0.00)
930869	929604	single-	4	6	{Augustus_gene394.t1;Augustus}

# EVM prediction: Mode:STANDARD S-ratio: 10000.00 933041-934525 orient(-) score(4455.00) noncoding_equivalent(0.45) raw_noncoding(0.00) offset(0.00)
934525	933041	single-	4	6	{Augustus_gene728.t1;Augustus}

# EVM prediction: Mode:STANDARD S-ratio: 10000.00 956107-957120 orient(+) score(3042.00) noncoding_equivalent(0.30) raw_noncoding(0.00) offset(0.00)
956107	957120	single+	1	3	{Augustus_gene219.t1;Augustus}

# EVM prediction: Mode:STANDARD S-ratio: 10000.00 957347-959266 orient(-) score(5760.00) noncoding_equivalent(0.58) raw_noncoding(0.00) offset(0.00)
959266	957347	single-	4	6	{Augustus_gene852.t1;Augustus}

# EVM prediction: Mode:STANDARD S-ratio: 10000.00 963184-965934 orient(+) score(8669.00) noncoding_equivalent(0.87) raw_noncoding(0.00) offset(0.00)
963184	965934	single+	1	3	{Augustus_gene717.t1;Augustus}

# EVM prediction: Mode:STANDARD S-ratio: 10000.00 978027-978944 orient(+) score(2754.00) noncoding_equivalent(0.28) raw_noncoding(0.00) offset(0.00)
978027	978944	single+	1	3	{Augustus_gene254.t1;Augustus}

# EVM prediction: Mode:STANDARD S-ratio: 10000.00 996645-999878 orient(+) score(9460.00) noncoding_equivalent(0.95) raw_noncoding(0.00) offset(0.00)
996645	999878	single+	1	3	{Augustus_gene952.t1;Augustus}

# EVM prediction: Mode:STANDARD S-ratio: 10000.00 1013475-1014524 orient(+) score(3150.00) noncoding_equivalent(0.32) raw_noncoding(0.00) offset(0.00)
1013475	1014524	single+	1	3	{Augustus_gene1195.t1;Augustus}

# EVM prediction: Mode:STANDARD S-ratio: 10000.00 1015100-1015738 orient(-) score(1917.00) noncoding_equivalent(0.19) raw_noncoding(0.00) offset(0.00)
1015738	1015100	single-	4	6	{Augustus_gene210.t1;Augustus}

# EVM prediction: Mode:STANDARD S-ratio: 10000.00 1016551-1018203 orient(+) score(4911.00) noncoding_equivalent(0.49) raw_noncoding(0.00) offset(0.00)
1016551	1018203	single+	1	3	{Augustus_gene330.t1;Augustus}

# EVM prediction: Mode:STANDARD S-ratio: 10000.00 1020324-1024397 orient(+) score(12222.00) noncoding_equivalent(1.22) raw_noncoding(0.00) offset(0.00)
1020324	1024397	single+	1	3	{Augustus_gene83.t1;Augustus}

# EVM prediction: Mode:STANDARD S-ratio: 10000.00 1035002-1035424 orient(-) score(1269.00) noncoding_equivalent(0.13) raw_noncoding(0.00) offset(0.00)
1035424	1035002	single-	4	6	{Augustus_gene29.t1;Augustus}

# EVM prediction: Mode:STANDARD S-ratio: 10000.00 1042013-1043941 orient(+) score(5787.00) noncoding_equivalent(0.58) raw_noncoding(0.00) offset(0.00)
1042013	1043941	single+	1	3	{Augustus_gene191.t1;Augustus}

# EVM prediction: Mode:STANDARD S-ratio: 10000.00 1061593-1062696 orient(+) score(3312.00) noncoding_equivalent(0.33) raw_noncoding(0.00) offset(0.00)
1061593	1062696	single+	1	3	{Augustus_gene541.t1;Augustus}

# EVM prediction: Mode:STANDARD S-ratio: 10000.00 1063465-1065012 orient(-) score(4644.00) noncoding_equivalent(0.46) raw_noncoding(0.00) offset(0.00)
1065012	1063465	single-	4	6	{Augustus_gene281.t1;Augustus}

# EVM prediction: Mode:STANDARD S-ratio: 10000.00 1065419-1067677 orient(-) score(6777.00) noncoding_equivalent(0.68) raw_noncoding(0.00) offset(0.00)
1067677	1065419	single-	4	6	{Augustus_gene734.t1;Augustus}

# EVM prediction: Mode:STANDARD S-ratio: 10000.00 1068112-1071219 orient(+) score(9318.00) noncoding_equivalent(0.93) raw_noncoding(0.00) offset(0.00)
1068112	1071219	single+	1	3	{Augustus_gene479.t1;Augustus}

# EVM prediction: Mode:STANDARD S-ratio: 10000.00 1076435-1077019 orient(-) score(1755.00) noncoding_equivalent(0.18) raw_noncoding(0.00) offset(0.00)
1077019	1076435	single-	4	6	{Augustus_gene799.t1;Augustus}

# EVM prediction: Mode:STANDARD S-ratio: 10000.00 1080585-1081820 orient(+) score(3708.00) noncoding_equivalent(0.37) raw_noncoding(0.00) offset(0.00)
1080585	1081820	single+	1	3	{Augustus_gene1080.t1;Augustus}

# EVM prediction: Mode:STANDARD S-ratio: 10000.00 1081998-1084067 orient(+) score(6210.00) noncoding_equivalent(0.62) raw_noncoding(0.00) offset(0.00)
1081998	1084067	single+	1	3	{Augustus_gene845.t1;Augustus}

# EVM prediction: Mode:STANDARD S-ratio: 10000.00 1084257-1086428 orient(-) score(6516.00) noncoding_equivalent(0.65) raw_noncoding(0.00) offset(0.00)
1086428	1084257	single-	4	6	{Augustus_gene1068.t1;Augustus}

# EVM prediction: Mode:STANDARD S-ratio: 10000.00 1097373-1098173 orient(+) score(2403.00) noncoding_equivalent(0.24) raw_noncoding(0.00) offset(0.00)
1097373	1098173	single+	1	3	{Augustus_gene211.t1;Augustus}

# EVM prediction: Mode:STANDARD S-ratio: 10000.00 1100947-1101516 orient(-) score(1710.00) noncoding_equivalent(0.17) raw_noncoding(0.00) offset(0.00)
1101516	1100947	single-	4	6	{Augustus_gene1069.t1;Augustus}

