!! Predictions spanning range 4 - 80470 [R1]
# EVM prediction: Mode:STANDARD S-ratio: 5.12 4-1035 orient(-) score(5372.00) noncoding_equivalent(1049.00) raw_noncoding(1049.00) offset(0.00) 
1035	4	initial-	4	6	{GlimmerHMM_glimmerT_5333-T1;GlimmerHMM}

# EVM prediction: Mode:STANDARD S-ratio: 4.42 1788-3089 orient(-) score(6372.00) noncoding_equivalent(1440.00) raw_noncoding(1440.00) offset(0.00) 
3089	1788	single-	4	6	{HiQ_model.g4931.t1;HiQ}

# EVM prediction: Mode:STANDARD S-ratio: 4.95 3328-6420 orient(-) score(15438.00) noncoding_equivalent(3120.21) raw_noncoding(3120.21) offset(0.00) 
6420	3328	single-	4	6	{HiQ_model.g4932.t1;HiQ},{GlimmerHMM_glimmerT_5335-T1;GlimmerHMM}

# EVM prediction: Mode:STANDARD S-ratio: 4.72 6621-7061 orient(-) score(2184.00) noncoding_equivalent(462.29) raw_noncoding(462.29) offset(0.00) 
7061	6621	single-	4	6	{GlimmerHMM_glimmerT_5336-T1;GlimmerHMM},{HiQ_model.g4933.t1;HiQ}

# EVM prediction: Mode:STANDARD S-ratio: 16.53 7835-11084 orient(+) score(11249.00) noncoding_equivalent(680.36) raw_noncoding(806.92) offset(126.56) 
7835	10472	initial+	1	1	{Augustus_model.g4934.t1;Augustus}
10473	10803	INTRON			{Augustus_model.g4934.t1;Augustus}
10804	11084	terminal+	2	3	{Augustus_model.g4934.t1;Augustus}

# EVM prediction: Mode:STANDARD S-ratio: 2.47 11248-12258 orient(-) score(2877.00) noncoding_equivalent(1167.00) raw_noncoding(1167.00) offset(0.00) 
12258	11248	single-	4	6	{GlimmerHMM_glimmerT_5338-T1;GlimmerHMM}

# EVM prediction: Mode:STANDARD S-ratio: 4.94 12650-15289 orient(-) score(13173.00) noncoding_equivalent(2667.00) raw_noncoding(2667.00) offset(0.00) 
15289	12650	single-	4	6	{GlimmerHMM_glimmerT_5339-T1;GlimmerHMM},{HiQ_model.g4936.t1;HiQ}

# EVM prediction: Mode:STANDARD S-ratio: 215.52 15855-17099 orient(+) score(4957.00) noncoding_equivalent(23.00) raw_noncoding(23.00) offset(0.00) 
15855	17099	single+	1	3	{GlimmerHMM_glimmerT_5340-T1;GlimmerHMM},{Augustus_model.g4937.t1;Augustus}

# EVM prediction: Mode:STANDARD S-ratio: 4.46 17205-18146 orient(-) score(4617.00) noncoding_equivalent(1036.35) raw_noncoding(1036.35) offset(0.00) 
18146	17205	single-	4	6	{HiQ_model.g4938.t1;HiQ}

# EVM prediction: Mode:STANDARD S-ratio: 65.11 18607-21333 orient(+) score(10743.00) noncoding_equivalent(165.00) raw_noncoding(165.00) offset(0.00) 
18607	21333	single+	1	3	{GlimmerHMM_glimmerT_5342-T1;GlimmerHMM},{Augustus_model.g4939.t1;Augustus}

# EVM prediction: Mode:STANDARD S-ratio: 3.00 21632-22465 orient(+) score(2502.00) noncoding_equivalent(834.00) raw_noncoding(834.00) offset(0.00) 
21632	22465	single+	1	3	{GlimmerHMM_glimmerT_5343-T1;GlimmerHMM}

# EVM prediction: Mode:STANDARD S-ratio: 4.92 22618-24240 orient(-) score(8091.00) noncoding_equivalent(1645.27) raw_noncoding(1645.27) offset(0.00) 
24240	22618	single-	4	6	{GlimmerHMM_glimmerT_5344-T1;GlimmerHMM},{HiQ_model.g4941.t1;HiQ}

# EVM prediction: Mode:STANDARD S-ratio: 3.00 24530-25927 orient(+) score(4194.00) noncoding_equivalent(1398.00) raw_noncoding(1398.00) offset(0.00) 
24530	25927	single+	1	3	{GlimmerHMM_glimmerT_5345-T1;GlimmerHMM},{Augustus_model.g4942.t1;Augustus}

# EVM prediction: Mode:STANDARD S-ratio: 5.00 25982-26986 orient(-) score(5025.00) noncoding_equivalent(1005.00) raw_noncoding(1005.00) offset(0.00) 
26986	25982	single-	4	6	{GlimmerHMM_glimmerT_5346-T1;GlimmerHMM},{HiQ_model.g4943.t1;HiQ}

# EVM prediction: Mode:STANDARD S-ratio: 5.00 27231-28187 orient(-) score(4785.00) noncoding_equivalent(957.00) raw_noncoding(957.00) offset(0.00) 
28187	27231	single-	4	6	{GlimmerHMM_glimmerT_5347-T1;GlimmerHMM},{HiQ_model.g4944.t1;HiQ}

# EVM prediction: Mode:STANDARD S-ratio: 3.32 28354-29121 orient(+) score(2304.00) noncoding_equivalent(695.00) raw_noncoding(695.00) offset(0.00) 
28354	29121	single+	1	3	{Augustus_model.g4945.t1;Augustus},{GlimmerHMM_glimmerT_5348-T1;GlimmerHMM}

# EVM prediction: Mode:STANDARD S-ratio: 4.93 29215-31929 orient(-) score(13545.00) noncoding_equivalent(2745.00) raw_noncoding(2745.00) offset(0.00) 
31929	29215	single-	4	6	{GlimmerHMM_glimmerT_5349-T1;GlimmerHMM},{HiQ_model.g4946.t1;HiQ}

# EVM prediction: Mode:STANDARD S-ratio: 4.16 32194-33123 orient(+) score(2819.00) noncoding_equivalent(678.44) raw_noncoding(894.00) offset(215.56) 
32194	32200	initial+	1	1	{snap_scaffold_30-snap.14-T1;snap},{Augustus_model.g4947.t1;Augustus}
32201	32308	INTRON			{Augustus_model.g4947.t1;Augustus}
32309	33123	terminal+	2	3	{Augustus_model.g4947.t1;Augustus}

# EVM prediction: Mode:STANDARD S-ratio: 4.85 33304-35595 orient(-) score(11403.00) noncoding_equivalent(2349.00) raw_noncoding(2349.00) offset(0.00) 
35595	33304	single-	4	6	{HiQ_model.g4948.t1;HiQ},{GlimmerHMM_glimmerT_5351-T1;GlimmerHMM}

# EVM prediction: Mode:STANDARD S-ratio: 3.63 35810-36334 orient(-) score(2469.00) noncoding_equivalent(680.31) raw_noncoding(680.31) offset(0.00) 
36334	35810	single-	4	6	{HiQ_model.g4949.t1;HiQ}

# EVM prediction: Mode:STANDARD S-ratio: 127.32 36565-37827 orient(+) score(5014.00) noncoding_equivalent(39.38) raw_noncoding(39.38) offset(0.00) 
36565	37827	single+	1	3	{Augustus_model.g4950.t1;Augustus},{GlimmerHMM_glimmerT_5353-T1;GlimmerHMM}

# EVM prediction: Mode:STANDARD S-ratio: 4.34 38025-39800 orient(-) score(8661.00) noncoding_equivalent(1995.00) raw_noncoding(1995.00) offset(0.00) 
39800	38025	single-	4	6	{GlimmerHMM_glimmerT_5354-T1;GlimmerHMM},{HiQ_model.g4951.t1;HiQ}

# EVM prediction: Mode:STANDARD S-ratio: 4.68 40349-41476 orient(-) score(5577.00) noncoding_equivalent(1191.00) raw_noncoding(1191.00) offset(0.00) 
41476	40349	single-	4	6	{GlimmerHMM_glimmerT_5355-T1;GlimmerHMM},{HiQ_model.g4952.t1;HiQ}

# EVM prediction: Mode:STANDARD S-ratio: 10000.00 42058-42711 orient(+) score(2616.00) noncoding_equivalent(0.26) raw_noncoding(0.00) offset(0.00) 
42058	42711	single+	1	3	{Augustus_model.g4953.t1;Augustus},{GlimmerHMM_glimmerT_5356-T1;GlimmerHMM}

# EVM prediction: Mode:STANDARD S-ratio: 4.88 42800-43696 orient(-) score(4467.00) noncoding_equivalent(915.00) raw_noncoding(915.00) offset(0.00) 
43696	42800	single-	4	6	{GlimmerHMM_glimmerT_5357-T1;GlimmerHMM},{HiQ_model.g4954.t1;HiQ}

# EVM prediction: Mode:STANDARD S-ratio: 12.93 44202-45455 orient(+) score(4694.00) noncoding_equivalent(363.04) raw_noncoding(363.04) offset(0.00) 
44202	45455	single+	1	3	{GlimmerHMM_glimmerT_5358-T1;GlimmerHMM}

# EVM prediction: Mode:STANDARD S-ratio: 3.48 45863-46848 orient(-) score(5345.00) noncoding_equivalent(1535.00) raw_noncoding(2088.00) offset(553.00) 
46277	45863	terminal-	6	6	{HiQ_model.g4956.t1;HiQ},{GlimmerHMM_glimmerT_5359-T1;GlimmerHMM},{snap_scaffold_30-snap.23-T1;snap}
46828	46278	INTRON			{HiQ_model.g4956.t1;HiQ},{GlimmerHMM_glimmerT_5359-T1;GlimmerHMM},{snap_scaffold_30-snap.23-T1;snap},{ev_type:exonerate/ID=match.147026.1986/Target=YNL302C;exonerate}
46848	46829	initial-	4	5	{HiQ_model.g4956.t1;HiQ},{GlimmerHMM_glimmerT_5359-T1;GlimmerHMM},{snap_scaffold_30-snap.23-T1;snap}

# EVM prediction: Mode:STANDARD S-ratio: 3.19 47486-48477 orient(-) score(4960.00) noncoding_equivalent(1555.00) raw_noncoding(2415.00) offset(860.00) 
47934	47486	terminal-	5	6	{HiQ_model.g4957.t1;HiQ},{snap_scaffold_30-snap.24-T1;snap}
48365	47935	INTRON			{HiQ_model.g4957.t1;HiQ},{snap_scaffold_30-snap.24-T1;snap},{ev_type:exonerate/ID=match.147026.2009/Target=YOL120C;exonerate},{ev_type:exonerate/ID=match.147026.3935/Target=YNL301C;exonerate}
48477	48366	initial-	4	4	{HiQ_model.g4957.t1;HiQ},{snap_scaffold_30-snap.24-T1;snap}

# EVM prediction: Mode:STANDARD S-ratio: 130.92 49663-49971 orient(+) score(920.00) noncoding_equivalent(7.03) raw_noncoding(7.03) offset(0.00) 
49663	49971	single+	1	3	{GlimmerHMM_glimmerT_5360-T1;GlimmerHMM},{Augustus_model.g4958.t1;Augustus}

# EVM prediction: Mode:STANDARD S-ratio: 10000.00 50536-52362 orient(+) score(7308.00) noncoding_equivalent(0.73) raw_noncoding(0.00) offset(0.00) 
50536	52362	single+	1	3	{Augustus_model.g4959.t1;Augustus},{GlimmerHMM_glimmerT_5361-T1;GlimmerHMM}

# EVM prediction: Mode:STANDARD S-ratio: 67.73 52833-55358 orient(+) score(9957.00) noncoding_equivalent(147.00) raw_noncoding(147.00) offset(0.00) 
52833	55358	single+	1	3	{GlimmerHMM_glimmerT_5362-T1;GlimmerHMM},{Augustus_model.g4960.t1;Augustus}

# EVM prediction: Mode:STANDARD S-ratio: 4.94 55588-60498 orient(-) score(24507.00) noncoding_equivalent(4959.00) raw_noncoding(4959.00) offset(0.00) 
60498	55588	single-	4	6	{HiQ_model.g4961.t1;HiQ},{GlimmerHMM_glimmerT_5363-T1;GlimmerHMM}

# EVM prediction: Mode:STANDARD S-ratio: 152.85 60936-62435 orient(+) score(5961.00) noncoding_equivalent(39.00) raw_noncoding(39.00) offset(0.00) 
60936	62435	single+	1	3	{GlimmerHMM_glimmerT_5364-T1;GlimmerHMM}

# EVM prediction: Mode:STANDARD S-ratio: 4.69 62574-64175 orient(-) score(7923.00) noncoding_equivalent(1689.00) raw_noncoding(1689.00) offset(0.00) 
64175	62574	single-	4	6	{HiQ_model.g4963.t1;HiQ},{GlimmerHMM_glimmerT_5365-T1;GlimmerHMM}

# EVM prediction: Mode:STANDARD S-ratio: 25.42 64555-66456 orient(+) score(7320.00) noncoding_equivalent(288.00) raw_noncoding(288.00) offset(0.00) 
64555	66456	single+	1	3	{Augustus_model.g4964.t1;Augustus},{GlimmerHMM_glimmerT_5366-T1;GlimmerHMM}

# EVM prediction: Mode:STANDARD S-ratio: 47.97 66721-67932 orient(+) score(4749.00) noncoding_equivalent(99.00) raw_noncoding(99.00) offset(0.00) 
66721	67932	single+	1	3	{GlimmerHMM_glimmerT_5367-T1;GlimmerHMM},{Augustus_model.g4965.t1;Augustus}

# EVM prediction: Mode:STANDARD S-ratio: 3.68 68086-69732 orient(-) score(7770.00) noncoding_equivalent(2113.56) raw_noncoding(2113.56) offset(0.00) 
69732	68086	single-	4	6	{HiQ_model.g4966.t1;HiQ},{GlimmerHMM_glimmerT_5368-T1;GlimmerHMM}

# EVM prediction: Mode:STANDARD S-ratio: 55.83 70135-71157 orient(+) score(4020.00) noncoding_equivalent(72.00) raw_noncoding(72.00) offset(0.00) 
70135	71157	single+	1	3	{Augustus_model.g4967.t1;Augustus},{GlimmerHMM_glimmerT_5369-T1;GlimmerHMM}

# EVM prediction: Mode:STANDARD S-ratio: 195.56 71814-72653 orient(+) score(3343.00) noncoding_equivalent(17.09) raw_noncoding(17.09) offset(0.00) 
71814	72653	single+	1	3	{Augustus_model.g4968.t1;Augustus},{GlimmerHMM_glimmerT_5370-T1;GlimmerHMM}

# EVM prediction: Mode:STANDARD S-ratio: 36.70 74220-75350 orient(+) score(4404.00) noncoding_equivalent(120.00) raw_noncoding(120.00) offset(0.00) 
74220	75350	single+	1	3	{GlimmerHMM_glimmerT_5371-T1;GlimmerHMM},{Augustus_model.g4969.t1;Augustus}

# EVM prediction: Mode:STANDARD S-ratio: 34.21 75920-80006 orient(+) score(15123.00) noncoding_equivalent(442.10) raw_noncoding(1131.00) offset(688.90) 
75920	78723	initial+	1	2	{Augustus_model.g4970.t1;Augustus}
78724	79081	INTRON			{Augustus_model.g4970.t1;Augustus}
79082	80006	terminal+	3	3	{Augustus_model.g4970.t1;Augustus}

# EVM prediction: Mode:STANDARD S-ratio: 1.00 80099-80470 orient(+) score(744.00) noncoding_equivalent(744.00) raw_noncoding(744.00) offset(0.00) 
80099	80470	single+	1	3	{GlimmerHMM_glimmerT_5374-T1;GlimmerHMM}

