!! Predictions spanning range 13583 - 91360 [R1]
# EVM prediction: Mode:STANDARD S-ratio: 10000.00 13583-17296 orient(+) score(7428.00) noncoding_equivalent(0.74) raw_noncoding(0.00) offset(0.00) 
13583	17296	single+	1	3	{Augustus_gene456.t1;Augustus}

# EVM prediction: Mode:STANDARD S-ratio: 10000.00 17587-19071 orient(+) score(2970.00) noncoding_equivalent(0.30) raw_noncoding(0.00) offset(0.00) 
17587	19071	single+	1	3	{Augustus_gene858.t1;Augustus}

# EVM prediction: Mode:STANDARD S-ratio: 10000.00 20185-23124 orient(+) score(5880.00) noncoding_equivalent(0.59) raw_noncoding(0.00) offset(0.00) 
20185	20234	initial+	1	2	{Augustus_gene98.t1;Augustus}
20235	20998	INTRON			{Augustus_gene98.t1;Augustus}
20999	21015	internal+	3	1	{Augustus_gene98.t1;Augustus}
21016	21360	INTRON			{Augustus_gene98.t1;Augustus}
21361	21389	internal+	2	3	{Augustus_gene98.t1;Augustus}
21390	21439	INTRON			{Augustus_gene98.t1;Augustus}
21440	21494	internal+	1	1	{Augustus_gene98.t1;Augustus}
21495	21597	INTRON			{Augustus_gene98.t1;Augustus}
21598	21618	internal+	2	1	{Augustus_gene98.t1;Augustus}
21619	21805	INTRON			{Augustus_gene98.t1;Augustus}
21806	23124	terminal+	2	3	{Augustus_gene98.t1;Augustus}

# EVM prediction: Mode:STANDARD S-ratio: 10000.00 33788-38680 orient(-) score(9786.00) noncoding_equivalent(0.98) raw_noncoding(0.00) offset(0.00) 
36891	33788	terminal-	5	6	{Augustus_gene444.t1;Augustus}
36945	36892	INTRON			{Augustus_gene444.t1;Augustus}
37001	36946	internal-	6	4	{Augustus_gene444.t1;Augustus}
37259	37002	INTRON			{Augustus_gene444.t1;Augustus}
37505	37260	internal-	6	5	{Augustus_gene444.t1;Augustus}
37607	37506	INTRON			{Augustus_gene444.t1;Augustus}
38680	37608	initial-	4	5	{Augustus_gene444.t1;Augustus}

# EVM prediction: Mode:STANDARD S-ratio: 10000.00 39123-41225 orient(+) score(4206.00) noncoding_equivalent(0.42) raw_noncoding(0.00) offset(0.00) 
39123	41225	single+	1	3	{Augustus_gene292.t1;Augustus}

# EVM prediction: Mode:STANDARD S-ratio: 10000.00 41504-44350 orient(+) score(5694.00) noncoding_equivalent(0.57) raw_noncoding(0.00) offset(0.00) 
41504	44350	single+	1	3	{Augustus_gene1028.t1;Augustus}

# EVM prediction: Mode:STANDARD S-ratio: 10000.00 46669-48471 orient(+) score(3606.00) noncoding_equivalent(0.36) raw_noncoding(0.00) offset(0.00) 
46669	48471	single+	1	3	{Augustus_gene534.t1;Augustus}

# EVM prediction: Mode:STANDARD S-ratio: 10000.00 63706-64869 orient(+) score(2328.00) noncoding_equivalent(0.23) raw_noncoding(0.00) offset(0.00) 
63706	64869	single+	1	3	{Augustus_gene944.t1;Augustus}

# EVM prediction: Mode:STANDARD S-ratio: 10000.00 65229-66128 orient(+) score(1800.00) noncoding_equivalent(0.18) raw_noncoding(0.00) offset(0.00) 
65229	65705	initial+	1	3	{Augustus_gene656.t1;Augustus}
65706	65809	INTRON			{Augustus_gene656.t1;Augustus}
65810	65941	internal+	1	3	{Augustus_gene656.t1;Augustus}
65942	66050	INTRON			{Augustus_gene656.t1;Augustus}
66051	66128	terminal+	1	3	{Augustus_gene656.t1;Augustus}

# EVM prediction: Mode:STANDARD S-ratio: 10000.00 66787-71142 orient(+) score(8712.00) noncoding_equivalent(0.87) raw_noncoding(0.00) offset(0.00) 
66787	71142	single+	1	3	{Augustus_gene532.t1;Augustus}

# EVM prediction: Mode:STANDARD S-ratio: 10000.00 82885-84426 orient(-) score(3084.00) noncoding_equivalent(0.31) raw_noncoding(0.00) offset(0.00) 
84426	82885	single-	4	6	{Augustus_gene740.t1;Augustus}

# EVM prediction: Mode:STANDARD S-ratio: 10000.00 88442-91360 orient(+) score(5838.00) noncoding_equivalent(0.58) raw_noncoding(0.00) offset(0.00) 
88442	91360	single+	1	3	{Augustus_gene469.t1;Augustus}

