!! Predictions spanning range 1180 - 99441 [R1]
# EVM prediction: Mode:STANDARD S-ratio: 3.00 1180-1581 orient(+) score(1207.00) noncoding_equivalent(402.00) raw_noncoding(402.00) offset(0.00) 
1180	1581	single+	1	3	{GlimmerHMM_glimmerT_4291-T1;GlimmerHMM}

# EVM prediction: Mode:STANDARD S-ratio: 2.00 2025-2303 orient(+) score(558.00) noncoding_equivalent(279.00) raw_noncoding(279.00) offset(0.00) 
2025	2303	single+	1	3	{GlimmerHMM_glimmerT_4293-T1;GlimmerHMM}

# EVM prediction: Mode:STANDARD S-ratio: 16.38 2492-3412 orient(+) score(2604.00) noncoding_equivalent(159.00) raw_noncoding(159.00) offset(0.00) 
2492	3412	single+	1	3	{GlimmerHMM_glimmerT_4294-T1;GlimmerHMM}

# EVM prediction: Mode:STANDARD S-ratio: 4.42 6123-7970 orient(-) score(10548.00) noncoding_equivalent(2388.00) raw_noncoding(2388.00) offset(0.00) 
7970	6123	single-	4	6	{HiQ_model.g3964.t1;HiQ}

# EVM prediction: Mode:STANDARD S-ratio: 26.10 8978-10726 orient(+) score(8064.00) noncoding_equivalent(309.00) raw_noncoding(309.00) offset(0.00) 
8978	10726	single+	1	3	{GlimmerHMM_glimmerT_4296-T1;GlimmerHMM},{Augustus_model.g3965.t1;Augustus}

# EVM prediction: Mode:STANDARD S-ratio: 10000.00 13424-13951 orient(+) score(1584.00) noncoding_equivalent(0.16) raw_noncoding(0.00) offset(0.00) 
13424	13951	single+	1	3	{Augustus_model.g3966.t1;Augustus},{GlimmerHMM_glimmerT_4298-T1;GlimmerHMM}

# EVM prediction: Mode:STANDARD S-ratio: 4.92 15943-17025 orient(-) score(5401.00) noncoding_equivalent(1097.00) raw_noncoding(1097.00) offset(0.00) 
17025	15943	single-	4	6	{GlimmerHMM_glimmerT_4299-T1;GlimmerHMM},{HiQ_model.g3967.t1;HiQ}

# EVM prediction: Mode:STANDARD S-ratio: 3.01 17434-18711 orient(+) score(3834.00) noncoding_equivalent(1274.00) raw_noncoding(1274.00) offset(0.00) 
17434	18711	single+	1	3	{Augustus_model.g3968.t1;Augustus},{GlimmerHMM_glimmerT_4300-T1;GlimmerHMM}

# EVM prediction: Mode:STANDARD S-ratio: 73.29 18966-22253 orient(-) score(12976.00) noncoding_equivalent(177.04) raw_noncoding(177.04) offset(0.00) 
22253	18966	single-	4	6	{Augustus_model.g3969.t1;Augustus},{GlimmerHMM_glimmerT_4301-T1;GlimmerHMM}

# EVM prediction: Mode:STANDARD S-ratio: 5.00 22580-23530 orient(-) score(4755.00) noncoding_equivalent(951.00) raw_noncoding(951.00) offset(0.00) 
23530	22580	single-	4	6	{GlimmerHMM_glimmerT_4302-T1;GlimmerHMM},{HiQ_model.g3970.t1;HiQ}

# EVM prediction: Mode:STANDARD S-ratio: 14.56 23735-24076 orient(+) score(1281.00) noncoding_equivalent(87.99) raw_noncoding(87.99) offset(0.00) 
23735	24076	single+	1	3	{GlimmerHMM_glimmerT_4303-T1;GlimmerHMM},{Augustus_model.g3971.t1;Augustus}

# EVM prediction: Mode:STANDARD S-ratio: 2.36 24183-24476 orient(-) score(1176.00) noncoding_equivalent(498.00) raw_noncoding(498.00) offset(0.00) 
24476	24183	single-	4	6	{HiQ_model.g3972.t1;HiQ},{GlimmerHMM_glimmerT_4304-T1;GlimmerHMM}

# EVM prediction: Mode:STANDARD S-ratio: 342.50 24997-27057 orient(+) score(8220.00) noncoding_equivalent(24.00) raw_noncoding(24.00) offset(0.00) 
24997	27057	single+	1	3	{Augustus_model.g3973.t1;Augustus},{GlimmerHMM_glimmerT_4305-T1;GlimmerHMM}

# EVM prediction: Mode:STANDARD S-ratio: 2.00 27076-27510 orient(-) score(1740.00) noncoding_equivalent(870.00) raw_noncoding(870.00) offset(0.00) 
27510	27076	single-	4	6	{GlimmerHMM_glimmerT_4306-T1;GlimmerHMM},{HiQ_model.g3974.t1;HiQ}

# EVM prediction: Mode:STANDARD S-ratio: 220.58 28080-29087 orient(+) score(4014.00) noncoding_equivalent(18.20) raw_noncoding(18.20) offset(0.00) 
28080	29087	single+	1	3	{Augustus_model.g3975.t1;Augustus},{GlimmerHMM_glimmerT_4307-T1;GlimmerHMM}

# EVM prediction: Mode:STANDARD S-ratio: 2483.26 31589-34114 orient(+) score(10100.00) noncoding_equivalent(4.07) raw_noncoding(4.07) offset(0.00) 
31589	34114	single+	1	3	{GlimmerHMM_glimmerT_4308-T1;GlimmerHMM},{Augustus_model.g3976.t1;Augustus}

# EVM prediction: Mode:STANDARD S-ratio: 4.62 34283-35533 orient(-) score(6171.00) noncoding_equivalent(1335.00) raw_noncoding(1335.00) offset(0.00) 
35533	34283	single-	4	6	{HiQ_model.g3977.t1;HiQ},{GlimmerHMM_glimmerT_4309-T1;GlimmerHMM}

# EVM prediction: Mode:STANDARD S-ratio: 114.44 36004-37755 orient(+) score(6948.00) noncoding_equivalent(60.71) raw_noncoding(60.71) offset(0.00) 
36004	37755	single+	1	3	{GlimmerHMM_glimmerT_4310-T1;GlimmerHMM},{Augustus_model.g3978.t1;Augustus}

# EVM prediction: Mode:STANDARD S-ratio: 4.99 37977-38942 orient(-) score(4821.00) noncoding_equivalent(966.00) raw_noncoding(966.00) offset(0.00) 
38942	37977	single-	4	6	{GlimmerHMM_glimmerT_4311-T1;GlimmerHMM},{HiQ_model.g3979.t1;HiQ}

# EVM prediction: Mode:STANDARD S-ratio: 4.80 39928-40866 orient(-) score(4662.00) noncoding_equivalent(972.00) raw_noncoding(972.00) offset(0.00) 
40866	39928	single-	4	6	{HiQ_model.g3980.t1;HiQ},{GlimmerHMM_glimmerT_4312-T1;GlimmerHMM}

# EVM prediction: Mode:STANDARD S-ratio: 1.00 41645-41899 orient(+) score(510.00) noncoding_equivalent(510.00) raw_noncoding(510.00) offset(0.00) 
41645	41899	single+	1	3	{GlimmerHMM_glimmerT_4313-T1;GlimmerHMM}

# EVM prediction: Mode:STANDARD S-ratio: 167.76 42332-43723 orient(+) score(5536.00) noncoding_equivalent(33.00) raw_noncoding(33.00) offset(0.00) 
42332	43723	single+	1	3	{GlimmerHMM_glimmerT_4314-T1;GlimmerHMM},{Augustus_model.g3981.t1;Augustus}

# EVM prediction: Mode:STANDARD S-ratio: 4.59 43828-44604 orient(-) score(3827.00) noncoding_equivalent(833.33) raw_noncoding(833.33) offset(0.00) 
44604	43828	single-	4	6	{GlimmerHMM_glimmerT_4315-T1;GlimmerHMM},{HiQ_model.g3982.t1;HiQ}

# EVM prediction: Mode:STANDARD S-ratio: 4.74 44788-47070 orient(-) score(11314.00) noncoding_equivalent(2384.59) raw_noncoding(2384.59) offset(0.00) 
47070	44788	single-	4	6	{GlimmerHMM_glimmerT_4316-T1;GlimmerHMM},{HiQ_model.g3983.t1;HiQ}

# EVM prediction: Mode:STANDARD S-ratio: 4.87 47276-48529 orient(-) score(6243.00) noncoding_equivalent(1281.00) raw_noncoding(1281.00) offset(0.00) 
48529	47276	single-	4	6	{HiQ_model.g3984.t1;HiQ},{GlimmerHMM_glimmerT_4317-T1;GlimmerHMM}

# EVM prediction: Mode:STANDARD S-ratio: 5.01 48819-50411 orient(-) score(8008.00) noncoding_equivalent(1597.25) raw_noncoding(1597.25) offset(0.00) 
50411	48819	single-	4	6	{HiQ_model.g3985.t1;HiQ},{GlimmerHMM_glimmerT_4318-T1;GlimmerHMM}

# EVM prediction: Mode:STANDARD S-ratio: 315.06 51034-52536 orient(+) score(6099.00) noncoding_equivalent(19.36) raw_noncoding(19.36) offset(0.00) 
51034	52536	single+	1	3	{Augustus_model.g3986.t1;Augustus},{GlimmerHMM_glimmerT_4319-T1;GlimmerHMM}

# EVM prediction: Mode:STANDARD S-ratio: 249.17 52835-55072 orient(+) score(8917.00) noncoding_equivalent(35.79) raw_noncoding(35.79) offset(0.00) 
52835	55072	single+	1	3	{Augustus_model.g3987.t1;Augustus},{GlimmerHMM_glimmerT_4320-T1;GlimmerHMM}

# EVM prediction: Mode:STANDARD S-ratio: 2.17 55131-56717 orient(-) score(6348.00) noncoding_equivalent(2928.00) raw_noncoding(2928.00) offset(0.00) 
56717	55131	single-	4	6	{GlimmerHMM_glimmerT_4321-T1;GlimmerHMM},{HiQ_model.g3988.t1;HiQ}

# EVM prediction: Mode:STANDARD S-ratio: 10000.00 57563-58867 orient(-) score(5211.00) noncoding_equivalent(0.52) raw_noncoding(0.00) offset(0.00) 
58867	57563	single-	4	6	{Augustus_model.g3989.t1;Augustus},{GlimmerHMM_glimmerT_4322-T1;GlimmerHMM}

# EVM prediction: Mode:STANDARD S-ratio: 3.00 59230-60915 orient(+) score(5058.00) noncoding_equivalent(1686.00) raw_noncoding(1686.00) offset(0.00) 
59230	60915	single+	1	3	{GlimmerHMM_glimmerT_4323-T1;GlimmerHMM},{Augustus_model.g3990.t1;Augustus}

# EVM prediction: Mode:STANDARD S-ratio: 5.00 61031-61363 orient(-) score(1665.00) noncoding_equivalent(333.00) raw_noncoding(333.00) offset(0.00) 
61363	61031	single-	4	6	{HiQ_model.g3991.t1;HiQ},{GlimmerHMM_glimmerT_4324-T1;GlimmerHMM}

# EVM prediction: Mode:STANDARD S-ratio: 43.73 61848-62912 orient(+) score(4166.00) noncoding_equivalent(95.27) raw_noncoding(95.27) offset(0.00) 
61848	62912	single+	1	3	{Augustus_model.g3992.t1;Augustus},{GlimmerHMM_glimmerT_4325-T1;GlimmerHMM}

# EVM prediction: Mode:STANDARD S-ratio: 1.76 62974-63480 orient(-) score(1929.00) noncoding_equivalent(1099.00) raw_noncoding(1099.00) offset(0.00) 
63480	62974	single-	4	6	{HiQ_model.g3993.t1;HiQ}

# EVM prediction: Mode:STANDARD S-ratio: 3.00 63638-64678 orient(+) score(3123.00) noncoding_equivalent(1041.00) raw_noncoding(1041.00) offset(0.00) 
63638	64678	single+	1	3	{GlimmerHMM_glimmerT_4327-T1;GlimmerHMM},{Augustus_model.g3994.t1;Augustus}

# EVM prediction: Mode:STANDARD S-ratio: 5.00 64872-65765 orient(-) score(4470.00) noncoding_equivalent(894.00) raw_noncoding(894.00) offset(0.00) 
65765	64872	single-	4	6	{GlimmerHMM_glimmerT_4328-T1;GlimmerHMM},{HiQ_model.g3995.t1;HiQ}

# EVM prediction: Mode:STANDARD S-ratio: 4.91 66133-68532 orient(-) score(11965.00) noncoding_equivalent(2435.56) raw_noncoding(2435.56) offset(0.00) 
68532	66133	single-	4	6	{HiQ_model.g3996.t1;HiQ},{GlimmerHMM_glimmerT_4329-T1;GlimmerHMM}

# EVM prediction: Mode:STANDARD S-ratio: 4.75 68798-70120 orient(-) score(6559.00) noncoding_equivalent(1379.67) raw_noncoding(1379.67) offset(0.00) 
70120	68798	single-	4	6	{GlimmerHMM_glimmerT_4330-T1;GlimmerHMM},{HiQ_model.g3997.t1;HiQ}

# EVM prediction: Mode:STANDARD S-ratio: 6.62 70349-73551 orient(+) score(11128.00) noncoding_equivalent(1680.00) raw_noncoding(2172.00) offset(492.00) 
70349	71463	initial+	1	2	{Augustus_model.g3998.t1;Augustus},{snap_scaffold_16-snap.28-T1;snap}
71464	72305	INTRON			{Augustus_model.g3998.t1;Augustus},{snap_scaffold_16-snap.28-T1;snap}
72306	73551	terminal+	3	3	{Augustus_model.g3998.t1;Augustus},{snap_scaffold_16-snap.28-T1;snap}

# EVM prediction: Mode:STANDARD S-ratio: 5.00 73615-74196 orient(-) score(2910.00) noncoding_equivalent(582.00) raw_noncoding(582.00) offset(0.00) 
74196	73615	single-	4	6	{GlimmerHMM_glimmerT_4333-T1;GlimmerHMM},{HiQ_model.g3999.t1;HiQ}

# EVM prediction: Mode:STANDARD S-ratio: 4.88 74915-75496 orient(-) score(2898.00) noncoding_equivalent(594.04) raw_noncoding(594.04) offset(0.00) 
75496	74915	single-	4	6	{GlimmerHMM_glimmerT_4334-T1;GlimmerHMM},{HiQ_model.g4000.t1;HiQ}

# EVM prediction: Mode:STANDARD S-ratio: 4.84 76228-78129 orient(-) score(9460.00) noncoding_equivalent(1952.92) raw_noncoding(1952.92) offset(0.00) 
78129	76228	single-	4	6	{GlimmerHMM_glimmerT_4335-T1;GlimmerHMM},{HiQ_model.g4001.t1;HiQ}

# EVM prediction: Mode:STANDARD S-ratio: 3.80 79372-82485 orient(+) score(12324.00) noncoding_equivalent(3246.00) raw_noncoding(3246.00) offset(0.00) 
79372	82485	single+	1	3	{HiQ_model.g4002.t1;HiQ},{GlimmerHMM_glimmerT_4336-T1;GlimmerHMM}

# EVM prediction: Mode:STANDARD S-ratio: 202.38 85215-86309 orient(+) score(4359.00) noncoding_equivalent(21.54) raw_noncoding(21.54) offset(0.00) 
85215	86309	single+	1	3	{GlimmerHMM_glimmerT_4337-T1;GlimmerHMM},{Augustus_model.g4003.t1;Augustus}

# EVM prediction: Mode:STANDARD S-ratio: 4.57 86667-88160 orient(-) score(7352.00) noncoding_equivalent(1610.42) raw_noncoding(1610.42) offset(0.00) 
88160	86667	single-	4	6	{HiQ_model.g4004.t1;HiQ},{GlimmerHMM_glimmerT_4338-T1;GlimmerHMM}

# EVM prediction: Mode:STANDARD S-ratio: 4.61 88511-89653 orient(-) score(5635.00) noncoding_equivalent(1223.29) raw_noncoding(1223.29) offset(0.00) 
89653	88511	single-	4	6	{GlimmerHMM_glimmerT_4339-T1;GlimmerHMM},{HiQ_model.g4005.t1;HiQ}

# EVM prediction: Mode:STANDARD S-ratio: 1308.60 90171-95081 orient(+) score(19629.00) noncoding_equivalent(15.00) raw_noncoding(15.00) offset(0.00) 
90171	95081	single+	1	3	{GlimmerHMM_glimmerT_4340-T1;GlimmerHMM},{Augustus_model.g4006.t1;Augustus}

# EVM prediction: Mode:STANDARD S-ratio: 3.44 95211-95682 orient(-) score(2142.00) noncoding_equivalent(623.00) raw_noncoding(741.00) offset(118.00) 
95527	95211	terminal-	5	6	{HiQ_model.g4007.t1;HiQ},{GlimmerHMM_glimmerT_4341-T1;GlimmerHMM},{snap_scaffold_16-snap.35-T1;snap}
95594	95528	INTRON			{HiQ_model.g4007.t1;HiQ},{GlimmerHMM_glimmerT_4341-T1;GlimmerHMM},{ev_type:exonerate/ID=match.147026.4977/Target=YCL012C;exonerate}
95682	95595	initial-	4	4	{HiQ_model.g4007.t1;HiQ}

# EVM prediction: Mode:STANDARD S-ratio: 5.00 95967-97250 orient(-) score(6420.00) noncoding_equivalent(1284.00) raw_noncoding(1284.00) offset(0.00) 
97250	95967	single-	4	6	{HiQ_model.g4008.t1;HiQ},{GlimmerHMM_glimmerT_4342-T1;GlimmerHMM}

# EVM prediction: Mode:STANDARD S-ratio: 4.57 97463-98242 orient(-) score(3840.00) noncoding_equivalent(840.48) raw_noncoding(840.48) offset(0.00) 
98242	97463	single-	4	6	{HiQ_model.g4009.t1;HiQ},{GlimmerHMM_glimmerT_4343-T1;GlimmerHMM}

# EVM prediction: Mode:STANDARD S-ratio: 4.64 98512-99441 orient(-) score(4590.00) noncoding_equivalent(990.00) raw_noncoding(990.00) offset(0.00) 
99441	98512	single-	4	6	{HiQ_model.g4010.t1;HiQ}

