# EVM prediction: Mode:STANDARD S-ratio: 4.95 1455-3275 orient(-) score(9089.00) noncoding_equivalent(1835.02) raw_noncoding(1835.02) offset(0.00)
3275	1455	single-	4	6	{HiQ_model.g3337.t1;HiQ}

# EVM prediction: Mode:STANDARD S-ratio: 3.82 7414-7852 orient(+) score(931.00) noncoding_equivalent(243.89) raw_noncoding(445.56) offset(201.67)
7414	7422	initial+	1	3	{snap_scaffold_9-snap.2-T1;snap}
7423	7567	INTRON			{snap_scaffold_9-snap.2-T1;snap}
7568	7852	terminal+	1	3	{snap_scaffold_9-snap.2-T1;snap}

# EVM prediction: Mode:STANDARD S-ratio: 1.51 8238-8500 orient(+) score(441.00) noncoding_equivalent(292.07) raw_noncoding(398.07) offset(106.00)
8238	8425	initial+	1	2	{GlimmerHMM_glimmerT_3781-T1;GlimmerHMM}
8426	8481	INTRON			{GlimmerHMM_glimmerT_3781-T1;GlimmerHMM}
8482	8500	terminal+	3	3	{GlimmerHMM_glimmerT_3781-T1;GlimmerHMM}

# EVM prediction: Mode:STANDARD S-ratio: 7.89 8853-10562 orient(-) score(13500.00) noncoding_equivalent(1710.00) raw_noncoding(1710.00) offset(0.00)
10562	8853	single-	4	6	{GlimmerHMM_glimmerT_3782-T1;GlimmerHMM},{HiQ_model.g3339.t1;HiQ}

# EVM prediction: Mode:STANDARD S-ratio: 1.67 11420-14970 orient(+) score(942.00) noncoding_equivalent(564.00) raw_noncoding(825.00) offset(261.00)
11420	11495	initial+	1	1	{GlimmerHMM_glimmerT_3783-T1;GlimmerHMM}
11496	14668	INTRON			{GlimmerHMM_glimmerT_3783-T1;GlimmerHMM}
14669	14970	terminal+	2	3	{GlimmerHMM_glimmerT_3783-T1;GlimmerHMM}

# EVM prediction: Mode:STANDARD S-ratio: 2.00 15476-15724 orient(+) score(498.00) noncoding_equivalent(249.00) raw_noncoding(249.00) offset(0.00)
15476	15724	single+	1	3	{GlimmerHMM_glimmerT_3784-T1;GlimmerHMM}

# EVM prediction: Mode:STANDARD S-ratio: 33.93 17584-18909 orient(+) score(4832.00) noncoding_equivalent(142.42) raw_noncoding(142.42) offset(0.00)
17584	18909	single+	1	3	{Augustus_model.g3341.t1;Augustus}

# EVM prediction: Mode:STANDARD S-ratio: 4.95 19190-21595 orient(-) score(12009.00) noncoding_equivalent(2425.40) raw_noncoding(2425.40) offset(0.00)
21595	19190	single-	4	6	{GlimmerHMM_glimmerT_3786-T1;GlimmerHMM},{HiQ_model.g3342.t1;HiQ}

# EVM prediction: Mode:STANDARD S-ratio: 1.28 22351-23187 orient(+) score(1412.00) noncoding_equivalent(1099.89) raw_noncoding(1099.89) offset(0.00)
22351	23187	single+	1	3	{GlimmerHMM_glimmerT_3787-T1;GlimmerHMM}

# EVM prediction: Mode:STANDARD S-ratio: 31.83 23297-25397 orient(+) score(7836.00) noncoding_equivalent(246.22) raw_noncoding(558.74) offset(312.52)
23297	23304	initial+	1	2	{snap_scaffold_9-snap.7-T1;snap}
23305	23461	INTRON			{snap_scaffold_9-snap.7-T1;snap}
23462	25397	terminal+	3	3	{snap_scaffold_9-snap.7-T1;snap}

# EVM prediction: Mode:STANDARD S-ratio: 4.78 25675-26664 orient(-) score(4905.00) noncoding_equivalent(1026.00) raw_noncoding(1026.00) offset(0.00)
26664	25675	single-	4	6	{HiQ_model.g3344.t1;HiQ}

# EVM prediction: Mode:STANDARD S-ratio: 5.00 26858-32902 orient(-) score(30225.00) noncoding_equivalent(6045.00) raw_noncoding(6045.00) offset(0.00)
32902	26858	single-	4	6	{HiQ_model.g3345.t1;HiQ},{GlimmerHMM_glimmerT_3790-T1;GlimmerHMM}

# EVM prediction: Mode:STANDARD S-ratio: 50.49 33124-35439 orient(-) score(9012.00) noncoding_equivalent(178.50) raw_noncoding(178.50) offset(0.00)
35439	33124	single-	4	6	{Augustus_model.g3346.t1;Augustus},{GlimmerHMM_glimmerT_3791-T1;GlimmerHMM}

# EVM prediction: Mode:STANDARD S-ratio: 14.80 35636-38705 orient(-) score(10946.00) noncoding_equivalent(739.54) raw_noncoding(1428.95) offset(689.41)
35768	35636	terminal-	6	6	{Augustus_model.g3347.t1;Augustus}
35910	35769	INTRON			{Augustus_model.g3347.t1;Augustus},{ev_type:exonerate/ID=match.177006.1475/Target=YJL205C;exonerate}
35967	35911	internal-	6	5	{Augustus_model.g3347.t1;Augustus}
36180	35968	INTRON			{Augustus_model.g3347.t1;Augustus}
38705	36181	initial-	4	5	{Augustus_model.g3347.t1;Augustus}

# EVM prediction: Mode:STANDARD S-ratio: 2.01 38884-39726 orient(+) score(1686.00) noncoding_equivalent(838.92) raw_noncoding(838.92) offset(0.00)
38884	39726	single+	1	3	{Augustus_model.g3348.t1;Augustus}

# EVM prediction: Mode:STANDARD S-ratio: 212.69 39924-41717 orient(+) score(7141.00) noncoding_equivalent(33.57) raw_noncoding(33.57) offset(0.00)
39924	41717	single+	1	3	{GlimmerHMM_glimmerT_3794-T1;GlimmerHMM},{Augustus_model.g3349.t1;Augustus}

# EVM prediction: Mode:STANDARD S-ratio: 4.78 41971-44340 orient(-) score(11758.00) noncoding_equivalent(2460.06) raw_noncoding(2460.06) offset(0.00)
44340	41971	single-	4	6	{HiQ_model.g3350.t1;HiQ}

# EVM prediction: Mode:STANDARD S-ratio: 4.97 45700-45990 orient(-) score(1446.00) noncoding_equivalent(291.00) raw_noncoding(291.00) offset(0.00)
45990	45700	single-	4	6	{HiQ_model.g3351.t1;HiQ},{GlimmerHMM_glimmerT_3796-T1;GlimmerHMM}

# EVM prediction: Mode:STANDARD S-ratio: 110.01 47092-49737 orient(+) score(10487.00) noncoding_equivalent(95.33) raw_noncoding(95.33) offset(0.00)
47092	49737	single+	1	3	{Augustus_model.g3352.t1;Augustus}

# EVM prediction: Mode:STANDARD S-ratio: 10000.00 50074-53853 orient(+) score(11340.00) noncoding_equivalent(1.13) raw_noncoding(0.00) offset(0.00)
50074	53853	single+	1	3	{Augustus_model.g3353.t1;Augustus},{GlimmerHMM_glimmerT_3798-T1;GlimmerHMM}

# EVM prediction: Mode:STANDARD S-ratio: 4.80 54159-55088 orient(-) score(4611.00) noncoding_equivalent(960.00) raw_noncoding(960.00) offset(0.00)
55088	54159	single-	4	6	{HiQ_model.g3354.t1;HiQ},{GlimmerHMM_glimmerT_3799-T1;GlimmerHMM}

# EVM prediction: Mode:STANDARD S-ratio: 10000.00 55647-57188 orient(+) score(6168.00) noncoding_equivalent(0.62) raw_noncoding(0.00) offset(0.00)
55647	57188	single+	1	3	{Augustus_model.g3355.t1;Augustus},{GlimmerHMM_glimmerT_3800-T1;GlimmerHMM}

# EVM prediction: Mode:STANDARD S-ratio: 1.00 57694-58902 orient(+) score(2418.00) noncoding_equivalent(2418.00) raw_noncoding(2418.00) offset(0.00)
57694	58902	single+	1	3	{GlimmerHMM_glimmerT_3801-T1;GlimmerHMM}

# EVM prediction: Mode:STANDARD S-ratio: 2.00 59042-59743 orient(-) score(2802.00) noncoding_equivalent(1404.00) raw_noncoding(1404.00) offset(0.00)
59743	59042	single-	4	6	{HiQ_model.g3356.t1;HiQ},{GlimmerHMM_glimmerT_3802-T1;GlimmerHMM}

# EVM prediction: Mode:STANDARD S-ratio: 3.39 60118-60960 orient(+) score(2907.00) noncoding_equivalent(858.06) raw_noncoding(1278.61) offset(420.55)
60118	60127	initial+	1	1	{Augustus_model.g3357.t1;Augustus},{GlimmerHMM_glimmerT_3803-T1;GlimmerHMM}
60128	60553	INTRON			{Augustus_model.g3357.t1;Augustus},{GlimmerHMM_glimmerT_3803-T1;GlimmerHMM}
60554	60960	terminal+	2	3	{Augustus_model.g3357.t1;Augustus},{GlimmerHMM_glimmerT_3803-T1;GlimmerHMM},{snap_scaffold_9-snap.19-T1;snap}

# EVM prediction: Mode:STANDARD S-ratio: 6.00 61273-61665 orient(-) score(2358.00) noncoding_equivalent(393.00) raw_noncoding(393.00) offset(0.00)
61665	61273	single-	4	6	{HiQ_model.g3358.t1;HiQ},{GlimmerHMM_glimmerT_3804-T1;GlimmerHMM}

# EVM prediction: Mode:STANDARD S-ratio: 45.11 63146-63876 orient(-) score(2120.00) noncoding_equivalent(47.00) raw_noncoding(73.00) offset(26.00)
63841	63146	terminal-	4	6	{snap_scaffold_9-snap.21-T1;snap}
63867	63842	INTRON			{snap_scaffold_9-snap.21-T1;snap}
63876	63868	initial-	4	6	{snap_scaffold_9-snap.21-T1;snap}

# EVM prediction: Mode:STANDARD S-ratio: 57.81 63907-65592 orient(-) score(4972.00) noncoding_equivalent(86.00) raw_noncoding(86.00) offset(0.00)
65592	63907	single-	4	6	{GlimmerHMM_glimmerT_3807-T1;GlimmerHMM}

# EVM prediction: Mode:STANDARD S-ratio: 19.70 66471-68225 orient(+) score(5009.00) noncoding_equivalent(254.20) raw_noncoding(254.20) offset(0.00)
66471	68225	single+	1	3	{Augustus_model.g3360.t1;Augustus}

# EVM prediction: Mode:STANDARD S-ratio: 14.51 68393-69366 orient(-) score(2686.00) noncoding_equivalent(185.16) raw_noncoding(258.00) offset(72.84)
69246	68393	terminal-	5	6	{snap_scaffold_9-snap.24-T1;snap},{Augustus_model.g3361.t1;Augustus}
69296	69247	INTRON			{Augustus_model.g3361.t1;Augustus}
69366	69297	initial-	4	4	{Augustus_model.g3361.t1;Augustus}

# EVM prediction: Mode:STANDARD S-ratio: 3.73 69722-70132 orient(+) score(1902.00) noncoding_equivalent(510.00) raw_noncoding(510.00) offset(0.00)
69722	70132	single+	1	3	{HiQ_model.g3362.t1;HiQ}

# EVM prediction: Mode:STANDARD S-ratio: 25.04 70403-71653 orient(+) score(4811.00) noncoding_equivalent(192.17) raw_noncoding(192.17) offset(0.00)
70403	71653	single+	1	3	{GlimmerHMM_glimmerT_3811-T1;GlimmerHMM}

# EVM prediction: Mode:STANDARD S-ratio: 12.65 71975-73774 orient(+) score(5003.00) noncoding_equivalent(395.56) raw_noncoding(395.56) offset(0.00)
71975	73774	single+	1	3	{GlimmerHMM_glimmerT_3812-T1;GlimmerHMM}

# EVM prediction: Mode:STANDARD S-ratio: 4.05 73898-74890 orient(-) score(4764.00) noncoding_equivalent(1177.58) raw_noncoding(1177.58) offset(0.00)
74890	73898	single-	4	6	{HiQ_model.g3364.t1;HiQ},{GlimmerHMM_glimmerT_3813-T1;GlimmerHMM}

# EVM prediction: Mode:STANDARD S-ratio: 2.83 75091-75420 orient(+) score(969.00) noncoding_equivalent(342.79) raw_noncoding(342.79) offset(0.00)
75091	75420	single+	1	3	{GlimmerHMM_glimmerT_3814-T1;GlimmerHMM}

# EVM prediction: Mode:STANDARD S-ratio: 70.29 75595-76386 orient(-) score(2341.00) noncoding_equivalent(33.31) raw_noncoding(33.31) offset(0.00)
76386	75595	single-	4	6	{Augustus_model.g3366.t1;Augustus},{GlimmerHMM_glimmerT_3815-T1;GlimmerHMM}

# EVM prediction: Mode:STANDARD S-ratio: 5.90 77091-77975 orient(+) score(4061.00) noncoding_equivalent(688.26) raw_noncoding(1001.26) offset(313.00)
77091	77399	initial+	1	3	{GlimmerHMM_glimmerT_3816-T1;GlimmerHMM},{Augustus_model.g3367.t1;Augustus}
77400	77729	INTRON			{GlimmerHMM_glimmerT_3816-T1;GlimmerHMM},{Augustus_model.g3367.t1;Augustus},{ev_type:exonerate/ID=match.177006.1126/Target=YJL177W;exonerate},{ev_type:exonerate/ID=match.177006.2494/Target=YKL180W;exonerate}
77730	77975	terminal+	1	3	{GlimmerHMM_glimmerT_3816-T1;GlimmerHMM},{Augustus_model.g3367.t1;Augustus},{snap_scaffold_9-snap.31-T1;snap}

# EVM prediction: Mode:STANDARD S-ratio: 10000.00 78318-80771 orient(-) score(7362.00) noncoding_equivalent(0.74) raw_noncoding(0.00) offset(0.00)
80771	78318	single-	4	6	{Augustus_model.g3368.t1;Augustus},{GlimmerHMM_glimmerT_3817-T1;GlimmerHMM}

# EVM prediction: Mode:STANDARD S-ratio: 3.03 81349-82179 orient(+) score(2493.00) noncoding_equivalent(822.05) raw_noncoding(822.05) offset(0.00)
81349	82179	single+	1	3	{Augustus_model.g3369.t1;Augustus},{GlimmerHMM_glimmerT_3818-T1;GlimmerHMM}

# EVM prediction: Mode:STANDARD S-ratio: 4.24 82419-82787 orient(-) score(1792.00) noncoding_equivalent(422.35) raw_noncoding(422.35) offset(0.00)
82787	82419	single-	4	6	{HiQ_model.g3370.t1;HiQ}

# EVM prediction: Mode:STANDARD S-ratio: 10000.00 83943-85676 orient(+) score(6936.00) noncoding_equivalent(0.69) raw_noncoding(0.00) offset(0.00)
83943	85676	single+	1	3	{Augustus_model.g3371.t1;Augustus},{GlimmerHMM_glimmerT_3820-T1;GlimmerHMM}

# EVM prediction: Mode:STANDARD S-ratio: 5.46 85839-87821 orient(-) score(5684.00) noncoding_equivalent(1041.61) raw_noncoding(1705.73) offset(664.12)
86980	85839	terminal-	5	6	{GlimmerHMM_glimmerT_3821-T1;GlimmerHMM}
87343	86981	INTRON			{GlimmerHMM_glimmerT_3821-T1;GlimmerHMM}
87821	87344	initial-	4	4	{GlimmerHMM_glimmerT_3821-T1;GlimmerHMM}

# EVM prediction: Mode:STANDARD S-ratio: 121.46 88358-90568 orient(-) score(8770.00) noncoding_equivalent(72.20) raw_noncoding(72.20) offset(0.00)
90568	88358	single-	4	6	{GlimmerHMM_glimmerT_3822-T1;GlimmerHMM}

# EVM prediction: Mode:STANDARD S-ratio: 3.01 91157-92215 orient(+) score(3177.00) noncoding_equivalent(1054.48) raw_noncoding(1054.48) offset(0.00)
91157	92215	single+	1	3	{GlimmerHMM_glimmerT_3823-T1;GlimmerHMM},{Augustus_model.g3373.t1;Augustus}

# EVM prediction: Mode:STANDARD S-ratio: 10000.00 92626-92910 orient(+) score(1140.00) noncoding_equivalent(0.11) raw_noncoding(0.00) offset(0.00)
92626	92910	single+	1	3	{Augustus_model.g3374.t1;Augustus},{GlimmerHMM_glimmerT_3824-T1;GlimmerHMM}

# EVM prediction: Mode:STANDARD S-ratio: 586.35 93082-95640 orient(-) score(7662.00) noncoding_equivalent(13.07) raw_noncoding(13.07) offset(0.00)
95640	93082	single-	4	6	{Augustus_model.g3375.t1;Augustus},{GlimmerHMM_glimmerT_3825-T1;GlimmerHMM}

# EVM prediction: Mode:STANDARD S-ratio: 45.75 96143-97374 orient(-) score(3572.00) noncoding_equivalent(78.08) raw_noncoding(153.19) offset(75.11)
97323	96143	terminal-	5	6	{snap_scaffold_9-snap.39-T1;snap}
97367	97324	INTRON			{snap_scaffold_9-snap.39-T1;snap}
97374	97368	initial-	4	4	{snap_scaffold_9-snap.39-T1;snap}

# EVM prediction: Mode:STANDARD S-ratio: 30.13 97857-99527 orient(-) score(6468.00) noncoding_equivalent(214.68) raw_noncoding(214.68) offset(0.00)
99527	97857	single-	4	6	{GlimmerHMM_glimmerT_3827-T1;GlimmerHMM}

# EVM prediction: Mode:STANDARD S-ratio: 724.39 100072-101769 orient(-) score(5085.00) noncoding_equivalent(7.02) raw_noncoding(7.02) offset(0.00)
101769	100072	single-	4	6	{Augustus_model.g3377.t1;Augustus},{GlimmerHMM_glimmerT_3828-T1;GlimmerHMM}

# EVM prediction: Mode:STANDARD S-ratio: 4.93 104315-105172 orient(-) score(4278.00) noncoding_equivalent(868.03) raw_noncoding(868.03) offset(0.00)
105172	104315	single-	4	6	{HiQ_model.g3378.t1;HiQ},{GlimmerHMM_glimmerT_3831-T1;GlimmerHMM}

# EVM prediction: Mode:STANDARD S-ratio: 10000.00 106850-108028 orient(+) score(3537.00) noncoding_equivalent(0.35) raw_noncoding(0.00) offset(0.00)
106850	108028	single+	1	3	{Augustus_model.g3379.t1;Augustus},{GlimmerHMM_glimmerT_3832-T1;GlimmerHMM}

# EVM prediction: Mode:STANDARD S-ratio: 87.69 108656-109342 orient(-) score(2036.00) noncoding_equivalent(23.22) raw_noncoding(23.22) offset(0.00)
109342	108656	single-	4	6	{GlimmerHMM_glimmerT_3833-T1;GlimmerHMM},{Augustus_model.g3380.t1;Augustus}

# EVM prediction: Mode:STANDARD S-ratio: 51.10 110279-112831 orient(-) score(7512.00) noncoding_equivalent(147.00) raw_noncoding(147.00) offset(0.00)
112831	110279	single-	4	6	{GlimmerHMM_glimmerT_3834-T1;GlimmerHMM}

# EVM prediction: Mode:STANDARD S-ratio: 23.85 113278-115395 orient(-) score(8111.00) noncoding_equivalent(340.02) raw_noncoding(340.02) offset(0.00)
115395	113278	single-	4	6	{GlimmerHMM_glimmerT_3835-T1;GlimmerHMM}

# EVM prediction: Mode:STANDARD S-ratio: 48.83 115724-117031 orient(-) score(5127.00) noncoding_equivalent(105.00) raw_noncoding(105.00) offset(0.00)
117031	115724	single-	4	6	{GlimmerHMM_glimmerT_3836-T1;GlimmerHMM}

# EVM prediction: Mode:STANDARD S-ratio: 4.74 117568-120402 orient(-) score(14046.00) noncoding_equivalent(2964.00) raw_noncoding(2964.00) offset(0.00)
120402	117568	single-	4	6	{GlimmerHMM_glimmerT_3837-T1;GlimmerHMM},{HiQ_model.g3383.t1;HiQ}

# EVM prediction: Mode:STANDARD S-ratio: 5.00 120765-122366 orient(-) score(8010.00) noncoding_equivalent(1602.00) raw_noncoding(1602.00) offset(0.00)
122366	120765	single-	4	6	{GlimmerHMM_glimmerT_3838-T1;GlimmerHMM},{HiQ_model.g3384.t1;HiQ}

# EVM prediction: Mode:STANDARD S-ratio: 8.73 122818-123225 orient(-) score(1097.00) noncoding_equivalent(125.66) raw_noncoding(125.66) offset(0.00)
123225	122818	single-	4	6	{GlimmerHMM_glimmerT_3839-T1;GlimmerHMM}

# EVM prediction: Mode:STANDARD S-ratio: 161.14 123894-125879 orient(+) score(7894.00) noncoding_equivalent(48.99) raw_noncoding(48.99) offset(0.00)
123894	125879	single+	1	3	{GlimmerHMM_glimmerT_3840-T1;GlimmerHMM},{Augustus_model.g3386.t1;Augustus}

# EVM prediction: Mode:STANDARD S-ratio: 286.58 126938-127627 orient(+) score(2061.00) noncoding_equivalent(7.19) raw_noncoding(7.19) offset(0.00)
126938	127627	single+	1	3	{GlimmerHMM_glimmerT_3841-T1;GlimmerHMM},{Augustus_model.g3387.t1;Augustus}

# EVM prediction: Mode:STANDARD S-ratio: 2.01 127899-129047 orient(-) score(2298.00) noncoding_equivalent(1142.40) raw_noncoding(1142.40) offset(0.00)
129047	127899	single-	4	6	{GlimmerHMM_glimmerT_3842-T1;GlimmerHMM},{Augustus_model.g3388.t1;Augustus}

# EVM prediction: Mode:STANDARD S-ratio: 562.77 129796-131211 orient(+) score(5652.00) noncoding_equivalent(10.04) raw_noncoding(10.04) offset(0.00)
129796	131211	single+	1	3	{Augustus_model.g3389.t1;Augustus},{GlimmerHMM_glimmerT_3843-T1;GlimmerHMM}

# EVM prediction: Mode:STANDARD S-ratio: 10000.00 131656-132540 orient(+) score(3540.00) noncoding_equivalent(0.35) raw_noncoding(0.00) offset(0.00)
131656	132540	single+	1	3	{GlimmerHMM_glimmerT_3844-T1;GlimmerHMM},{Augustus_model.g3390.t1;Augustus}

# EVM prediction: Mode:STANDARD S-ratio: 375.20 133589-134065 orient(+) score(1901.00) noncoding_equivalent(5.07) raw_noncoding(5.07) offset(0.00)
133589	134065	single+	1	3	{GlimmerHMM_glimmerT_3846-T1;GlimmerHMM},{Augustus_model.g3391.t1;Augustus}

# EVM prediction: Mode:STANDARD S-ratio: 10000.00 134459-136768 orient(-) score(6930.00) noncoding_equivalent(0.69) raw_noncoding(0.00) offset(0.00)
136768	134459	single-	4	6	{Augustus_model.g3392.t1;Augustus},{GlimmerHMM_glimmerT_3847-T1;GlimmerHMM}

# EVM prediction: Mode:STANDARD S-ratio: 62.43 137433-138098 orient(+) score(2622.00) noncoding_equivalent(42.00) raw_noncoding(42.00) offset(0.00)
137433	138098	single+	1	3	{Augustus_model.g3393.t1;Augustus},{GlimmerHMM_glimmerT_3848-T1;GlimmerHMM}

# EVM prediction: Mode:STANDARD S-ratio: 4.03 138218-139504 orient(-) score(6183.00) noncoding_equivalent(1535.77) raw_noncoding(1535.77) offset(0.00)
139504	138218	single-	4	6	{HiQ_model.g3394.t1;HiQ}

# EVM prediction: Mode:STANDARD S-ratio: 16.06 141191-142333 orient(-) score(3228.00) noncoding_equivalent(201.00) raw_noncoding(201.00) offset(0.00)
142333	141191	single-	4	6	{GlimmerHMM_glimmerT_3850-T1;GlimmerHMM},{Augustus_model.g3395.t1;Augustus}

# EVM prediction: Mode:STANDARD S-ratio: 5.17 142751-143445 orient(-) score(3715.00) noncoding_equivalent(719.00) raw_noncoding(1575.00) offset(856.00)
142990	142751	terminal-	4	6	{GlimmerHMM_glimmerT_3851-T1;GlimmerHMM},{snap_scaffold_9-snap.60-T1;snap},{HiQ_model.g3396.t1;HiQ}
143421	142991	INTRON			{GlimmerHMM_glimmerT_3851-T1;GlimmerHMM},{HiQ_model.g3396.t1;HiQ},{ev_type:exonerate/ID=match.177006.2691/Target=YKR057W;exonerate},{ev_type:exonerate/ID=match.177006.2292/Target=YJL136C;exonerate}
143445	143422	initial-	4	6	{GlimmerHMM_glimmerT_3851-T1;GlimmerHMM},{HiQ_model.g3396.t1;HiQ}

# EVM prediction: Mode:STANDARD S-ratio: 1.00 144385-145614 orient(+) score(2460.00) noncoding_equivalent(2460.00) raw_noncoding(2460.00) offset(0.00)
144385	145614	single+	1	3	{GlimmerHMM_glimmerT_3852-T1;GlimmerHMM}

# EVM prediction: Mode:STANDARD S-ratio: 2.00 145814-146035 orient(-) score(888.00) noncoding_equivalent(444.00) raw_noncoding(444.00) offset(0.00)
146035	145814	single-	4	6	{GlimmerHMM_glimmerT_3853-T1;GlimmerHMM},{HiQ_model.g3397.t1;HiQ}

# EVM prediction: Mode:STANDARD S-ratio: 96.33 146844-147788 orient(+) score(2806.00) noncoding_equivalent(29.13) raw_noncoding(29.13) offset(0.00)
146844	147788	single+	1	3	{GlimmerHMM_glimmerT_3854-T1;GlimmerHMM}

# EVM prediction: Mode:STANDARD S-ratio: 11.22 147983-150398 orient(+) score(6453.00) noncoding_equivalent(575.03) raw_noncoding(1014.00) offset(438.97)
147983	147989	initial+	1	1	{snap_scaffold_9-snap.62-T1;snap}
147990	148209	INTRON			{snap_scaffold_9-snap.62-T1;snap}
148210	150398	terminal+	2	3	{snap_scaffold_9-snap.62-T1;snap},{Augustus_model.g3398.t1;Augustus}

# EVM prediction: Mode:STANDARD S-ratio: 8.38 150509-151579 orient(-) score(2870.00) noncoding_equivalent(342.34) raw_noncoding(342.34) offset(0.00)
151579	150509	single-	4	6	{GlimmerHMM_glimmerT_3856-T1;GlimmerHMM}

# EVM prediction: Mode:STANDARD S-ratio: 4.93 151962-158606 orient(-) score(33144.00) noncoding_equivalent(6724.46) raw_noncoding(6724.46) offset(0.00)
158606	151962	single-	4	6	{GlimmerHMM_glimmerT_3857-T1;GlimmerHMM},{HiQ_model.g3400.t1;HiQ}

# EVM prediction: Mode:STANDARD S-ratio: 11.12 159910-163593 orient(-) score(10140.00) noncoding_equivalent(912.00) raw_noncoding(912.00) offset(0.00)
163593	159910	single-	4	6	{GlimmerHMM_glimmerT_3858-T1;GlimmerHMM}

# EVM prediction: Mode:STANDARD S-ratio: 7.57 164417-167214 orient(-) score(6822.00) noncoding_equivalent(901.31) raw_noncoding(2243.00) offset(1341.69)
166537	164417	terminal-	4	6	{snap_scaffold_9-snap.66-T1;snap}
167208	166538	INTRON			{snap_scaffold_9-snap.66-T1;snap}
167214	167209	initial-	4	6	{snap_scaffold_9-snap.66-T1;snap}

# EVM prediction: Mode:STANDARD S-ratio: 5.00 168710-170626 orient(-) score(9585.00) noncoding_equivalent(1917.00) raw_noncoding(1917.00) offset(0.00)
170626	168710	single-	4	6	{HiQ_model.g3403.t1;HiQ},{GlimmerHMM_glimmerT_3860-T1;GlimmerHMM}

# EVM prediction: Mode:STANDARD S-ratio: 310.00 170905-171840 orient(+) score(3720.00) noncoding_equivalent(12.00) raw_noncoding(12.00) offset(0.00)
170905	171840	single+	1	3	{GlimmerHMM_glimmerT_3861-T1;GlimmerHMM}

# EVM prediction: Mode:STANDARD S-ratio: 4.69 171953-173104 orient(-) score(5688.00) noncoding_equivalent(1214.00) raw_noncoding(1214.00) offset(0.00)
173104	171953	single-	4	6	{HiQ_model.g3405.t1;HiQ},{GlimmerHMM_glimmerT_3862-T1;GlimmerHMM}

# EVM prediction: Mode:STANDARD S-ratio: 4.86 173570-174088 orient(-) score(2581.00) noncoding_equivalent(531.13) raw_noncoding(531.13) offset(0.00)
174088	173570	single-	4	6	{HiQ_model.g3406.t1;HiQ},{GlimmerHMM_glimmerT_3863-T1;GlimmerHMM}

# EVM prediction: Mode:STANDARD S-ratio: 16.05 174466-175907 orient(-) score(3982.00) noncoding_equivalent(248.10) raw_noncoding(330.00) offset(81.90)
174933	174466	terminal-	4	6	{GlimmerHMM_glimmerT_3864-T1;GlimmerHMM}
175028	174934	INTRON			{GlimmerHMM_glimmerT_3864-T1;GlimmerHMM}
175907	175029	initial-	4	6	{GlimmerHMM_glimmerT_3864-T1;GlimmerHMM}

# EVM prediction: Mode:STANDARD S-ratio: 3.03 176188-176715 orient(+) score(1584.00) noncoding_equivalent(522.30) raw_noncoding(522.30) offset(0.00)
176188	176715	single+	1	3	{Augustus_model.g3408.t1;Augustus},{GlimmerHMM_glimmerT_3865-T1;GlimmerHMM}

# EVM prediction: Mode:STANDARD S-ratio: 4.86 176807-177523 orient(-) score(3566.00) noncoding_equivalent(734.04) raw_noncoding(734.04) offset(0.00)
177523	176807	single-	4	6	{GlimmerHMM_glimmerT_3866-T1;GlimmerHMM},{HiQ_model.g3409.t1;HiQ}

# EVM prediction: Mode:STANDARD S-ratio: 148.44 179019-179954 orient(+) score(3711.00) noncoding_equivalent(25.00) raw_noncoding(25.00) offset(0.00)
179019	179954	single+	1	3	{Augustus_model.g3410.t1;Augustus},{GlimmerHMM_glimmerT_3868-T1;GlimmerHMM}

# EVM prediction: Mode:STANDARD S-ratio: 4.92 180363-181379 orient(-) score(5069.00) noncoding_equivalent(1031.14) raw_noncoding(1031.14) offset(0.00)
181379	180363	single-	4	6	{HiQ_model.g3411.t1;HiQ},{GlimmerHMM_glimmerT_3869-T1;GlimmerHMM}

# EVM prediction: Mode:STANDARD S-ratio: 160.71 182823-183671 orient(+) score(3375.00) noncoding_equivalent(21.00) raw_noncoding(21.00) offset(0.00)
182823	183671	single+	1	3	{GlimmerHMM_glimmerT_3870-T1;GlimmerHMM},{Augustus_model.g3412.t1;Augustus}

# EVM prediction: Mode:STANDARD S-ratio: 1.19 186226-186836 orient(+) score(914.00) noncoding_equivalent(770.41) raw_noncoding(999.69) offset(229.28)
186226	186229	initial+	1	1	{snap_scaffold_9-snap.77-T1;snap}
186230	186378	INTRON			{snap_scaffold_9-snap.77-T1;snap}
186379	186836	terminal+	2	3	{snap_scaffold_9-snap.77-T1;snap}

# EVM prediction: Mode:STANDARD S-ratio: 18.80 188901-191024 orient(+) score(8067.00) noncoding_equivalent(429.00) raw_noncoding(429.00) offset(0.00)
188901	191024	single+	1	3	{GlimmerHMM_glimmerT_3873-T1;GlimmerHMM}

# EVM prediction: Mode:STANDARD S-ratio: 10000.00 191474-193129 orient(+) score(4968.00) noncoding_equivalent(0.50) raw_noncoding(0.00) offset(0.00)
191474	193129	single+	1	3	{GlimmerHMM_glimmerT_3874-T1;GlimmerHMM},{Augustus_model.g3414.t1;Augustus}

# EVM prediction: Mode:STANDARD S-ratio: 63.19 193475-195139 orient(-) score(4916.00) noncoding_equivalent(77.80) raw_noncoding(77.80) offset(0.00)
195139	193475	single-	4	6	{Augustus_model.g3415.t1;Augustus},{GlimmerHMM_glimmerT_3875-T1;GlimmerHMM}

# EVM prediction: Mode:STANDARD S-ratio: 10000.00 195573-200885 orient(-) score(21246.00) noncoding_equivalent(2.12) raw_noncoding(0.00) offset(0.00)
200885	195573	single-	4	6	{GlimmerHMM_glimmerT_3876-T1;GlimmerHMM}

# EVM prediction: Mode:STANDARD S-ratio: 4.34 201307-203643 orient(-) score(10432.00) noncoding_equivalent(2403.60) raw_noncoding(2403.60) offset(0.00)
203643	201307	single-	4	6	{HiQ_model.g3417.t1;HiQ},{GlimmerHMM_glimmerT_3877-T1;GlimmerHMM}

# EVM prediction: Mode:STANDARD S-ratio: 10000.00 205118-207058 orient(+) score(5823.00) noncoding_equivalent(0.58) raw_noncoding(0.00) offset(0.00)
205118	207058	single+	1	3	{Augustus_model.g3418.t1;Augustus},{GlimmerHMM_glimmerT_3878-T1;GlimmerHMM}

# EVM prediction: Mode:STANDARD S-ratio: 25.27 208824-210503 orient(+) score(4847.00) noncoding_equivalent(191.84) raw_noncoding(191.84) offset(0.00)
208824	210503	single+	1	3	{GlimmerHMM_glimmerT_3879-T1;GlimmerHMM},{Augustus_model.g3419.t1;Augustus}

# EVM prediction: Mode:STANDARD S-ratio: 49.96 211028-211477 orient(+) score(1763.00) noncoding_equivalent(35.29) raw_noncoding(35.29) offset(0.00)
211028	211477	single+	1	3	{Augustus_model.g3420.t1;Augustus},{GlimmerHMM_glimmerT_3880-T1;GlimmerHMM}

# EVM prediction: Mode:STANDARD S-ratio: 14.68 212736-214595 orient(-) score(5223.00) noncoding_equivalent(355.74) raw_noncoding(355.74) offset(0.00)
214595	212736	single-	4	6	{GlimmerHMM_glimmerT_3881-T1;GlimmerHMM}

# EVM prediction: Mode:STANDARD S-ratio: 363.44 215002-217461 orient(+) score(9813.00) noncoding_equivalent(27.00) raw_noncoding(27.00) offset(0.00)
215002	217461	single+	1	3	{Augustus_model.g3422.t1;Augustus},{GlimmerHMM_glimmerT_3882-T1;GlimmerHMM}

# EVM prediction: Mode:STANDARD S-ratio: 4.79 218429-220465 orient(-) score(10101.00) noncoding_equivalent(2107.00) raw_noncoding(2107.00) offset(0.00)
220465	218429	single-	4	6	{HiQ_model.g3423.t1;HiQ},{GlimmerHMM_glimmerT_3883-T1;GlimmerHMM}

# EVM prediction: Mode:STANDARD S-ratio: 25.09 221431-223254 orient(+) score(7017.00) noncoding_equivalent(279.62) raw_noncoding(279.62) offset(0.00)
221431	223254	single+	1	3	{GlimmerHMM_glimmerT_3884-T1;GlimmerHMM}

# EVM prediction: Mode:STANDARD S-ratio: 43.14 223584-225824 orient(+) score(8758.00) noncoding_equivalent(202.99) raw_noncoding(202.99) offset(0.00)
223584	225824	single+	1	3	{GlimmerHMM_glimmerT_3885-T1;GlimmerHMM}

# EVM prediction: Mode:STANDARD S-ratio: 59.45 226245-229448 orient(+) score(9453.00) noncoding_equivalent(159.00) raw_noncoding(159.00) offset(0.00)
226245	229448	single+	1	3	{Augustus_model.g3425.t1;Augustus},{GlimmerHMM_glimmerT_3886-T1;GlimmerHMM}

# EVM prediction: Mode:STANDARD S-ratio: 2.38 229789-230442 orient(+) score(1839.00) noncoding_equivalent(771.69) raw_noncoding(771.69) offset(0.00)
229789	230442	single+	1	3	{GlimmerHMM_glimmerT_3887-T1;GlimmerHMM}

# EVM prediction: Mode:STANDARD S-ratio: 2.52 230693-231178 orient(+) score(1392.00) noncoding_equivalent(552.31) raw_noncoding(552.31) offset(0.00)
230693	231178	single+	1	3	{GlimmerHMM_glimmerT_3888-T1;GlimmerHMM}

# EVM prediction: Mode:STANDARD S-ratio: 46.93 231458-235906 orient(+) score(13066.00) noncoding_equivalent(278.40) raw_noncoding(278.40) offset(0.00)
231458	235906	single+	1	3	{GlimmerHMM_glimmerT_3889-T1;GlimmerHMM}

# EVM prediction: Mode:STANDARD S-ratio: 3.55 236012-238651 orient(-) score(12345.00) noncoding_equivalent(3474.00) raw_noncoding(3474.00) offset(0.00)
238651	236012	single-	4	6	{GlimmerHMM_glimmerT_3890-T1;GlimmerHMM},{HiQ_model.g3427.t1;HiQ}

# EVM prediction: Mode:STANDARD S-ratio: 2.29 238948-241056 orient(-) score(8415.00) noncoding_equivalent(3675.00) raw_noncoding(3675.00) offset(0.00)
241056	238948	single-	4	6	{GlimmerHMM_glimmerT_3891-T1;GlimmerHMM},{HiQ_model.g3428.t1;HiQ}

# EVM prediction: Mode:STANDARD S-ratio: 15.96 241656-245185 orient(+) score(13082.00) noncoding_equivalent(819.43) raw_noncoding(891.00) offset(71.57)
241656	244509	initial+	1	1	{GlimmerHMM_glimmerT_3892-T1;GlimmerHMM}
244510	244619	INTRON			{GlimmerHMM_glimmerT_3892-T1;GlimmerHMM}
244620	245185	terminal+	2	3	{GlimmerHMM_glimmerT_3892-T1;GlimmerHMM}

# EVM prediction: Mode:STANDARD S-ratio: 5.00 245310-246785 orient(-) score(7380.00) noncoding_equivalent(1476.00) raw_noncoding(1476.00) offset(0.00)
246785	245310	single-	4	6	{GlimmerHMM_glimmerT_3893-T1;GlimmerHMM},{HiQ_model.g3430.t1;HiQ}

# EVM prediction: Mode:STANDARD S-ratio: 2.00 247003-249294 orient(-) score(4584.00) noncoding_equivalent(2287.27) raw_noncoding(2287.27) offset(0.00)
249294	247003	single-	4	6	{GlimmerHMM_glimmerT_3894-T1;GlimmerHMM},{Augustus_model.g3431.t1;Augustus}

# EVM prediction: Mode:STANDARD S-ratio: 10000.00 250131-252641 orient(+) score(10044.00) noncoding_equivalent(1.00) raw_noncoding(0.00) offset(0.00)
250131	252641	single+	1	3	{Augustus_model.g3432.t1;Augustus},{GlimmerHMM_glimmerT_3895-T1;GlimmerHMM}

# EVM prediction: Mode:STANDARD S-ratio: 68.38 253048-254058 orient(+) score(3966.00) noncoding_equivalent(58.00) raw_noncoding(58.00) offset(0.00)
253048	254058	single+	1	3	{GlimmerHMM_glimmerT_3896-T1;GlimmerHMM},{Augustus_model.g3433.t1;Augustus}

# EVM prediction: Mode:STANDARD S-ratio: 4.94 254205-256694 orient(-) score(12426.00) noncoding_equivalent(2514.00) raw_noncoding(2514.00) offset(0.00)
256694	254205	single-	4	6	{GlimmerHMM_glimmerT_3897-T1;GlimmerHMM},{HiQ_model.g3434.t1;HiQ}

# EVM prediction: Mode:STANDARD S-ratio: 10000.00 257013-258884 orient(+) score(7488.00) noncoding_equivalent(0.75) raw_noncoding(0.00) offset(0.00)
257013	258884	single+	1	3	{GlimmerHMM_glimmerT_3898-T1;GlimmerHMM},{Augustus_model.g3435.t1;Augustus}

# EVM prediction: Mode:STANDARD S-ratio: 5.00 259036-262185 orient(-) score(15750.00) noncoding_equivalent(3150.00) raw_noncoding(3150.00) offset(0.00)
262185	259036	single-	4	6	{GlimmerHMM_glimmerT_3899-T1;GlimmerHMM},{HiQ_model.g3436.t1;HiQ}

# EVM prediction: Mode:STANDARD S-ratio: 285.97 263026-264870 orient(+) score(5514.00) noncoding_equivalent(19.28) raw_noncoding(19.28) offset(0.00)
263026	264870	single+	1	3	{Augustus_model.g3437.t1;Augustus},{GlimmerHMM_glimmerT_3900-T1;GlimmerHMM}

# EVM prediction: Mode:STANDARD S-ratio: 107.30 265388-267580 orient(+) score(8691.00) noncoding_equivalent(81.00) raw_noncoding(81.00) offset(0.00)
265388	267580	single+	1	3	{Augustus_model.g3438.t1;Augustus},{GlimmerHMM_glimmerT_3901-T1;GlimmerHMM}

# EVM prediction: Mode:STANDARD S-ratio: 5.00 267943-269409 orient(-) score(7335.00) noncoding_equivalent(1467.00) raw_noncoding(1467.00) offset(0.00)
269409	267943	single-	4	6	{HiQ_model.g3439.t1;HiQ},{GlimmerHMM_glimmerT_3902-T1;GlimmerHMM}

# EVM prediction: Mode:STANDARD S-ratio: 5.00 269726-273391 orient(-) score(18330.00) noncoding_equivalent(3666.00) raw_noncoding(3666.00) offset(0.00)
273391	269726	single-	4	6	{GlimmerHMM_glimmerT_3903-T1;GlimmerHMM},{HiQ_model.g3440.t1;HiQ}

# EVM prediction: Mode:STANDARD S-ratio: 10000.00 274089-274964 orient(-) score(2628.00) noncoding_equivalent(0.26) raw_noncoding(0.00) offset(0.00)
274964	274089	single-	4	6	{GlimmerHMM_glimmerT_3904-T1;GlimmerHMM},{Augustus_model.g3441.t1;Augustus}

# EVM prediction: Mode:STANDARD S-ratio: 2.22 275546-278239 orient(-) score(4944.00) noncoding_equivalent(2230.00) raw_noncoding(2232.00) offset(2.00)
277289	275546	terminal-	6	6	{Augustus_model.g3442.t1;Augustus}
277733	277290	INTRON			{Augustus_model.g3442.t1;Augustus}
278239	277734	initial-	4	5	{Augustus_model.g3442.t1;Augustus}

# EVM prediction: Mode:STANDARD S-ratio: 10000.00 279612-283268 orient(+) score(10971.00) noncoding_equivalent(1.10) raw_noncoding(0.00) offset(0.00)
279612	283268	single+	1	3	{Augustus_model.g3443.t1;Augustus},{GlimmerHMM_glimmerT_3906-T1;GlimmerHMM}

# EVM prediction: Mode:STANDARD S-ratio: 4.96 283638-287330 orient(-) score(18440.00) noncoding_equivalent(3718.00) raw_noncoding(3718.00) offset(0.00)
287330	283638	single-	4	6	{HiQ_model.g3444.t1;HiQ},{GlimmerHMM_glimmerT_3907-T1;GlimmerHMM}

# EVM prediction: Mode:STANDARD S-ratio: 21.10 287524-289609 orient(+) score(7956.00) noncoding_equivalent(377.00) raw_noncoding(516.00) offset(139.00)
287524	287530	initial+	1	1	{snap_scaffold_9-snap.110-T1;snap},{Augustus_model.g3445.t1;Augustus}
287531	287717	INTRON			{snap_scaffold_9-snap.110-T1;snap},{Augustus_model.g3445.t1;Augustus}
287718	289609	terminal+	2	3	{snap_scaffold_9-snap.110-T1;snap},{Augustus_model.g3445.t1;Augustus}

# EVM prediction: Mode:STANDARD S-ratio: 2.01 289724-290371 orient(-) score(2592.00) noncoding_equivalent(1290.48) raw_noncoding(1290.48) offset(0.00)
290371	289724	single-	4	6	{GlimmerHMM_glimmerT_3909-T1;GlimmerHMM},{HiQ_model.g3446.t1;HiQ}

# EVM prediction: Mode:STANDARD S-ratio: 1127.32 290647-292353 orient(+) score(6817.00) noncoding_equivalent(6.05) raw_noncoding(6.05) offset(0.00)
290647	292353	single+	1	3	{GlimmerHMM_glimmerT_3910-T1;GlimmerHMM},{Augustus_model.g3447.t1;Augustus}

# EVM prediction: Mode:STANDARD S-ratio: 4.96 292503-295166 orient(-) score(13300.00) noncoding_equivalent(2682.13) raw_noncoding(2682.13) offset(0.00)
295166	292503	single-	4	6	{GlimmerHMM_glimmerT_3911-T1;GlimmerHMM},{HiQ_model.g3448.t1;HiQ}

# EVM prediction: Mode:STANDARD S-ratio: 4.93 295467-297221 orient(-) score(8753.00) noncoding_equivalent(1775.05) raw_noncoding(1775.05) offset(0.00)
297221	295467	single-	4	6	{HiQ_model.g3449.t1;HiQ}

# EVM prediction: Mode:STANDARD S-ratio: 4.99 297539-298438 orient(-) score(4491.00) noncoding_equivalent(900.00) raw_noncoding(900.00) offset(0.00)
298438	297539	single-	4	6	{HiQ_model.g3450.t1;HiQ},{GlimmerHMM_glimmerT_3913-T1;GlimmerHMM}

# EVM prediction: Mode:STANDARD S-ratio: 58.06 298637-299389 orient(-) score(2961.00) noncoding_equivalent(51.00) raw_noncoding(51.00) offset(0.00)
299389	298637	single-	4	6	{GlimmerHMM_glimmerT_3914-T1;GlimmerHMM}

# EVM prediction: Mode:STANDARD S-ratio: 370.15 299592-300092 orient(-) score(1499.00) noncoding_equivalent(4.05) raw_noncoding(4.05) offset(0.00)
300092	299592	single-	4	6	{GlimmerHMM_glimmerT_3915-T1;GlimmerHMM}

# EVM prediction: Mode:STANDARD S-ratio: 2.01 300271-300987 orient(-) score(2876.00) noncoding_equivalent(1427.30) raw_noncoding(1427.30) offset(0.00)
300987	300271	single-	4	6	{GlimmerHMM_glimmerT_3916-T1;GlimmerHMM},{HiQ_model.g3452.t1;HiQ}

# EVM prediction: Mode:STANDARD S-ratio: 1.02 301267-301524 orient(+) score(520.00) noncoding_equivalent(512.00) raw_noncoding(512.00) offset(0.00)
301267	301524	single+	1	3	{GlimmerHMM_glimmerT_3917-T1;GlimmerHMM}

# EVM prediction: Mode:STANDARD S-ratio: 16.99 301829-304321 orient(+) score(9419.00) noncoding_equivalent(554.27) raw_noncoding(554.27) offset(0.00)
301829	304321	single+	1	3	{GlimmerHMM_glimmerT_3918-T1;GlimmerHMM}

# EVM prediction: Mode:STANDARD S-ratio: 25.79 304560-306731 orient(+) score(6271.00) noncoding_equivalent(243.19) raw_noncoding(243.19) offset(0.00)
304560	306731	single+	1	3	{GlimmerHMM_glimmerT_3919-T1;GlimmerHMM}

# EVM prediction: Mode:STANDARD S-ratio: 10000.00 308001-309299 orient(+) score(5196.00) noncoding_equivalent(0.52) raw_noncoding(0.00) offset(0.00)
308001	309299	single+	1	3	{Augustus_model.g3454.t1;Augustus},{GlimmerHMM_glimmerT_3920-T1;GlimmerHMM}

# EVM prediction: Mode:STANDARD S-ratio: 57.43 309579-310805 orient(+) score(4824.00) noncoding_equivalent(84.00) raw_noncoding(84.00) offset(0.00)
309579	310805	single+	1	3	{Augustus_model.g3455.t1;Augustus},{GlimmerHMM_glimmerT_3921-T1;GlimmerHMM}

# EVM prediction: Mode:STANDARD S-ratio: 3.50 310868-312499 orient(-) score(7617.00) noncoding_equivalent(2175.00) raw_noncoding(2175.00) offset(0.00)
312499	310868	single-	4	6	{HiQ_model.g3456.t1;HiQ}

# EVM prediction: Mode:STANDARD S-ratio: 988.23 312734-314719 orient(-) score(7928.00) noncoding_equivalent(8.02) raw_noncoding(8.02) offset(0.00)
314719	312734	single-	4	6	{GlimmerHMM_glimmerT_3923-T1;GlimmerHMM}

# EVM prediction: Mode:STANDARD S-ratio: 18.33 315021-317630 orient(-) score(7426.00) noncoding_equivalent(405.13) raw_noncoding(405.13) offset(0.00)
317630	315021	single-	4	6	{GlimmerHMM_glimmerT_3924-T1;GlimmerHMM}

# EVM prediction: Mode:STANDARD S-ratio: 2.98 317915-318634 orient(+) score(2145.00) noncoding_equivalent(720.00) raw_noncoding(720.00) offset(0.00)
317915	318634	single+	1	3	{GlimmerHMM_glimmerT_3925-T1;GlimmerHMM}

# EVM prediction: Mode:STANDARD S-ratio: 10000.00 318809-320281 orient(+) score(4419.00) noncoding_equivalent(0.44) raw_noncoding(0.00) offset(0.00)
318809	320281	single+	1	3	{Augustus_model.g3459.t1;Augustus},{GlimmerHMM_glimmerT_3926-T1;GlimmerHMM}

# EVM prediction: Mode:STANDARD S-ratio: 275.14 320463-321605 orient(+) score(4554.00) noncoding_equivalent(16.55) raw_noncoding(16.55) offset(0.00)
320463	321605	single+	1	3	{Augustus_model.g3460.t1;Augustus},{GlimmerHMM_glimmerT_3927-T1;GlimmerHMM}

# EVM prediction: Mode:STANDARD S-ratio: 10000.00 322731-323729 orient(+) score(4995.00) noncoding_equivalent(0.50) raw_noncoding(0.00) offset(0.00)
322731	323729	single+	1	3	{Augustus_model.g3461.t1;Augustus},{GlimmerHMM_glimmerT_3928-T1;GlimmerHMM}

# EVM prediction: Mode:STANDARD S-ratio: 12.37 324271-326688 orient(+) score(6711.00) noncoding_equivalent(542.50) raw_noncoding(542.50) offset(0.00)
324271	326688	single+	1	3	{GlimmerHMM_glimmerT_3929-T1;GlimmerHMM},{Augustus_model.g3462.t1;Augustus}

# EVM prediction: Mode:STANDARD S-ratio: 10.65 326985-330631 orient(+) score(11541.00) noncoding_equivalent(1083.28) raw_noncoding(1287.00) offset(203.72)
326985	327888	initial+	1	1	{Augustus_model.g3463.t1;Augustus},{GlimmerHMM_glimmerT_3930-T1;GlimmerHMM}
327889	328430	INTRON			{GlimmerHMM_glimmerT_3930-T1;GlimmerHMM}
328431	330631	terminal+	2	3	{GlimmerHMM_glimmerT_3930-T1;GlimmerHMM}

# EVM prediction: Mode:STANDARD S-ratio: 163.21 330889-332232 orient(+) score(4006.00) noncoding_equivalent(24.55) raw_noncoding(24.55) offset(0.00)
330889	332232	single+	1	3	{GlimmerHMM_glimmerT_3931-T1;GlimmerHMM},{Augustus_model.g3464.t1;Augustus}

# EVM prediction: Mode:STANDARD S-ratio: 17.58 332371-333579 orient(-) score(3431.00) noncoding_equivalent(195.12) raw_noncoding(195.12) offset(0.00)
333579	332371	single-	4	6	{Augustus_model.g3465.t1;Augustus},{GlimmerHMM_glimmerT_3932-T1;GlimmerHMM}

# EVM prediction: Mode:STANDARD S-ratio: 157.25 334540-337071 orient(-) score(7548.00) noncoding_equivalent(48.00) raw_noncoding(48.00) offset(0.00)
337071	334540	single-	4	6	{Augustus_model.g3466.t1;Augustus},{GlimmerHMM_glimmerT_3933-T1;GlimmerHMM}

# EVM prediction: Mode:STANDARD S-ratio: 2.00 337500-338579 orient(+) score(2160.00) noncoding_equivalent(1080.00) raw_noncoding(1080.00) offset(0.00)
337500	338579	single+	1	3	{Augustus_model.g3467.t1;Augustus},{GlimmerHMM_glimmerT_3934-T1;GlimmerHMM}

# EVM prediction: Mode:STANDARD S-ratio: 175.22 344905-346809 orient(+) score(5681.00) noncoding_equivalent(32.42) raw_noncoding(32.42) offset(0.00)
344905	346809	single+	1	3	{Augustus_model.g3468.t1;Augustus}

# EVM prediction: Mode:STANDARD S-ratio: 4.77 347104-348471 orient(-) score(6783.00) noncoding_equivalent(1422.00) raw_noncoding(1422.00) offset(0.00)
348471	347104	single-	4	6	{GlimmerHMM_glimmerT_3936-T1;GlimmerHMM},{HiQ_model.g3469.t1;HiQ}

# EVM prediction: Mode:STANDARD S-ratio: 2.02 348932-349735 orient(+) score(1614.00) noncoding_equivalent(798.57) raw_noncoding(798.57) offset(0.00)
348932	349735	single+	1	3	{GlimmerHMM_glimmerT_3937-T1;GlimmerHMM},{Augustus_model.g3470.t1;Augustus}

# EVM prediction: Mode:STANDARD S-ratio: 983.30 350028-354245 orient(+) score(16783.00) noncoding_equivalent(17.07) raw_noncoding(17.07) offset(0.00)
350028	354245	single+	1	3	{GlimmerHMM_glimmerT_3938-T1;GlimmerHMM}

# EVM prediction: Mode:STANDARD S-ratio: 10.79 354487-356901 orient(+) score(6409.00) noncoding_equivalent(594.05) raw_noncoding(1036.50) offset(442.45)
354487	354490	initial+	1	1	{snap_scaffold_9-snap.135-T1;snap}
354491	354730	INTRON			{snap_scaffold_9-snap.135-T1;snap}
354731	356901	terminal+	2	3	{snap_scaffold_9-snap.135-T1;snap}

# EVM prediction: Mode:STANDARD S-ratio: 5.00 357257-362308 orient(-) score(25260.00) noncoding_equivalent(5052.00) raw_noncoding(5052.00) offset(0.00)
362308	357257	single-	4	6	{GlimmerHMM_glimmerT_3940-T1;GlimmerHMM},{HiQ_model.g3472.t1;HiQ}

# EVM prediction: Mode:STANDARD S-ratio: 1.95 363927-364601 orient(-) score(1317.00) noncoding_equivalent(675.00) raw_noncoding(708.00) offset(33.00)
364562	363927	terminal-	4	6	{snap_scaffold_9-snap.137-T1;snap}
364595	364563	INTRON			{snap_scaffold_9-snap.137-T1;snap}
364601	364596	initial-	4	6	{snap_scaffold_9-snap.137-T1;snap}

# EVM prediction: Mode:STANDARD S-ratio: 28.47 365497-366159 orient(+) score(1920.00) noncoding_equivalent(67.45) raw_noncoding(67.45) offset(0.00)
365497	366159	single+	1	3	{Augustus_model.g3473.t1;Augustus},{GlimmerHMM_glimmerT_3942-T1;GlimmerHMM}

# EVM prediction: Mode:STANDARD S-ratio: 10000.00 367180-368451 orient(+) score(5088.00) noncoding_equivalent(0.51) raw_noncoding(0.00) offset(0.00)
367180	368451	single+	1	3	{GlimmerHMM_glimmerT_3943-T1;GlimmerHMM},{Augustus_model.g3474.t1;Augustus}

# EVM prediction: Mode:STANDARD S-ratio: 2.01 368570-369322 orient(-) score(3012.00) noncoding_equivalent(1501.51) raw_noncoding(1501.51) offset(0.00)
369322	368570	single-	4	6	{GlimmerHMM_glimmerT_3944-T1;GlimmerHMM},{HiQ_model.g3475.t1;HiQ}

# EVM prediction: Mode:STANDARD S-ratio: 508.90 369658-371706 orient(+) score(6133.00) noncoding_equivalent(12.05) raw_noncoding(12.05) offset(0.00)
369658	371706	single+	1	3	{Augustus_model.g3476.t1;Augustus},{GlimmerHMM_glimmerT_3945-T1;GlimmerHMM}

# EVM prediction: Mode:STANDARD S-ratio: 10000.00 372216-374528 orient(+) score(9252.00) noncoding_equivalent(0.93) raw_noncoding(0.00) offset(0.00)
372216	374528	single+	1	3	{Augustus_model.g3477.t1;Augustus},{GlimmerHMM_glimmerT_3946-T1;GlimmerHMM}

# EVM prediction: Mode:STANDARD S-ratio: 22.02 374748-375825 orient(-) score(4118.00) noncoding_equivalent(187.02) raw_noncoding(283.62) offset(96.60)
375728	374748	terminal-	4	6	{GlimmerHMM_glimmerT_3947-T1;GlimmerHMM},{snap_scaffold_9-snap.142-T1;snap},{Augustus_model.g3478.t1;Augustus}
375822	375729	INTRON			{GlimmerHMM_glimmerT_3947-T1;GlimmerHMM},{Augustus_model.g3478.t1;Augustus}
375825	375823	initial-	4	6	{GlimmerHMM_glimmerT_3947-T1;GlimmerHMM},{Augustus_model.g3478.t1;Augustus}

# EVM prediction: Mode:STANDARD S-ratio: 3.00 376053-376643 orient(+) score(1773.00) noncoding_equivalent(591.00) raw_noncoding(591.00) offset(0.00)
376053	376643	single+	1	3	{Augustus_model.g3479.t1;Augustus},{GlimmerHMM_glimmerT_3948-T1;GlimmerHMM}

# EVM prediction: Mode:STANDARD S-ratio: 5.00 376786-379254 orient(-) score(12345.00) noncoding_equivalent(2469.00) raw_noncoding(2469.00) offset(0.00)
379254	376786	single-	4	6	{GlimmerHMM_glimmerT_3949-T1;GlimmerHMM},{HiQ_model.g3480.t1;HiQ}

# EVM prediction: Mode:STANDARD S-ratio: 5.00 380929-382128 orient(+) score(6000.00) noncoding_equivalent(1200.00) raw_noncoding(1200.00) offset(0.00)
380929	382128	single+	1	3	{HiQ_model.g3481.t1;HiQ},{GlimmerHMM_glimmerT_3950-T1;GlimmerHMM}

# EVM prediction: Mode:STANDARD S-ratio: 305.62 382445-383992 orient(+) score(4627.00) noncoding_equivalent(15.14) raw_noncoding(15.14) offset(0.00)
382445	383992	single+	1	3	{GlimmerHMM_glimmerT_3951-T1;GlimmerHMM},{Augustus_model.g3482.t1;Augustus}

# EVM prediction: Mode:STANDARD S-ratio: 4.69 384417-385077 orient(-) score(3204.00) noncoding_equivalent(683.04) raw_noncoding(839.18) offset(156.14)
384976	384417	terminal-	5	6	{HiQ_model.g3483.t1;HiQ},{snap_scaffold_9-snap.146-T1;snap},{GlimmerHMM_glimmerT_3952-T1;GlimmerHMM}
385055	384977	INTRON			{HiQ_model.g3483.t1;HiQ},{GlimmerHMM_glimmerT_3952-T1;GlimmerHMM},{ev_type:exonerate/ID=match.177006.3449/Target=YJL024C;exonerate}
385077	385056	initial-	4	4	{HiQ_model.g3483.t1;HiQ},{GlimmerHMM_glimmerT_3952-T1;GlimmerHMM}

# EVM prediction: Mode:STANDARD S-ratio: 65.30 386372-387418 orient(-) score(3092.00) noncoding_equivalent(47.35) raw_noncoding(47.35) offset(0.00)
387418	386372	single-	4	6	{GlimmerHMM_glimmerT_3953-T1;GlimmerHMM},{Augustus_model.g3484.t1;Augustus}

# EVM prediction: Mode:STANDARD S-ratio: 10000.00 387967-391302 orient(-) score(9999.00) noncoding_equivalent(1.00) raw_noncoding(0.00) offset(0.00)
391302	387967	single-	4	6	{Augustus_model.g3485.t1;Augustus},{GlimmerHMM_glimmerT_3954-T1;GlimmerHMM}

# EVM prediction: Mode:STANDARD S-ratio: 47.06 391786-393855 orient(+) score(6079.00) noncoding_equivalent(129.19) raw_noncoding(129.19) offset(0.00)
391786	393855	single+	1	3	{Augustus_model.g3486.t1;Augustus}

# EVM prediction: Mode:STANDARD S-ratio: 12.59 394479-396170 orient(+) score(6270.00) noncoding_equivalent(498.00) raw_noncoding(498.00) offset(0.00)
394479	396170	single+	1	3	{Augustus_model.g3487.t1;Augustus},{GlimmerHMM_glimmerT_3956-T1;GlimmerHMM}

# EVM prediction: Mode:STANDARD S-ratio: 10000.00 396483-398090 orient(+) score(4824.00) noncoding_equivalent(0.48) raw_noncoding(0.00) offset(0.00)
396483	398090	single+	1	3	{Augustus_model.g3488.t1;Augustus},{GlimmerHMM_glimmerT_3957-T1;GlimmerHMM}

# EVM prediction: Mode:STANDARD S-ratio: 12.57 398340-399845 orient(-) score(4185.00) noncoding_equivalent(333.00) raw_noncoding(333.00) offset(0.00)
399845	398340	single-	4	6	{GlimmerHMM_glimmerT_3958-T1;GlimmerHMM},{Augustus_model.g3489.t1;Augustus}

# EVM prediction: Mode:STANDARD S-ratio: 5.00 400058-402223 orient(-) score(10830.00) noncoding_equivalent(2166.00) raw_noncoding(2166.00) offset(0.00)
402223	400058	single-	4	6	{HiQ_model.g3490.t1;HiQ},{GlimmerHMM_glimmerT_3959-T1;GlimmerHMM}

# EVM prediction: Mode:STANDARD S-ratio: 5.00 403154-403639 orient(-) score(2430.00) noncoding_equivalent(486.00) raw_noncoding(486.00) offset(0.00)
403639	403154	single-	4	6	{HiQ_model.g3491.t1;HiQ},{GlimmerHMM_glimmerT_3960-T1;GlimmerHMM}

# EVM prediction: Mode:STANDARD S-ratio: 5.00 406390-408390 orient(-) score(10005.00) noncoding_equivalent(2001.00) raw_noncoding(2001.00) offset(0.00)
408390	406390	single-	4	6	{GlimmerHMM_glimmerT_3961-T1;GlimmerHMM},{HiQ_model.g3492.t1;HiQ}

# EVM prediction: Mode:STANDARD S-ratio: 561.67 408811-410517 orient(-) score(5110.00) noncoding_equivalent(9.10) raw_noncoding(9.10) offset(0.00)
410517	408811	single-	4	6	{Augustus_model.g3493.t1;Augustus},{GlimmerHMM_glimmerT_3962-T1;GlimmerHMM}

# EVM prediction: Mode:STANDARD S-ratio: 3.67 411224-412195 orient(-) score(4584.00) noncoding_equivalent(1248.00) raw_noncoding(1248.00) offset(0.00)
412195	411224	single-	4	6	{HiQ_model.g3494.t1;HiQ},{GlimmerHMM_glimmerT_3963-T1;GlimmerHMM}

# EVM prediction: Mode:STANDARD S-ratio: 10000.00 413494-419595 orient(+) score(24402.00) noncoding_equivalent(2.44) raw_noncoding(0.00) offset(0.00)
413494	419595	single+	1	3	{Augustus_model.g3495.t1;Augustus},{GlimmerHMM_glimmerT_3964-T1;GlimmerHMM}

# EVM prediction: Mode:STANDARD S-ratio: 46.60 420963-421319 orient(+) score(1398.00) noncoding_equivalent(30.00) raw_noncoding(30.00) offset(0.00)
420963	421319	single+	1	3	{Augustus_model.g3496.t1;Augustus},{GlimmerHMM_glimmerT_3965-T1;GlimmerHMM}

# EVM prediction: Mode:STANDARD S-ratio: 18.52 421549-423188 orient(-) score(6168.00) noncoding_equivalent(333.00) raw_noncoding(480.00) offset(147.00)
423000	421549	terminal-	4	6	{Augustus_model.g3497.t1;Augustus},{snap_scaffold_9-snap.160-T1;snap},{GlimmerHMM_glimmerT_3966-T1;GlimmerHMM}
423149	423001	INTRON			{Augustus_model.g3497.t1;Augustus},{GlimmerHMM_glimmerT_3966-T1;GlimmerHMM}
423188	423150	initial-	4	6	{Augustus_model.g3497.t1;Augustus},{GlimmerHMM_glimmerT_3966-T1;GlimmerHMM}

# EVM prediction: Mode:STANDARD S-ratio: 8.45 423506-424275 orient(+) score(2860.00) noncoding_equivalent(338.33) raw_noncoding(460.05) offset(121.72)
423506	423570	initial+	1	2	{Augustus_model.g3498.t1;Augustus},{GlimmerHMM_glimmerT_3967-T1;GlimmerHMM}
423571	423692	INTRON			{Augustus_model.g3498.t1;Augustus},{GlimmerHMM_glimmerT_3967-T1;GlimmerHMM},{ev_type:exonerate/ID=match.177006.769/Target=YJL001W;exonerate}
423693	424275	terminal+	3	3	{Augustus_model.g3498.t1;Augustus}

# EVM prediction: Mode:STANDARD S-ratio: 10000.00 425267-427075 orient(+) score(7236.00) noncoding_equivalent(0.72) raw_noncoding(0.00) offset(0.00)
425267	427075	single+	1	3	{GlimmerHMM_glimmerT_3968-T1;GlimmerHMM},{Augustus_model.g3499.t1;Augustus}

# EVM prediction: Mode:STANDARD S-ratio: 110.75 427337-429124 orient(+) score(5316.00) noncoding_equivalent(48.00) raw_noncoding(48.00) offset(0.00)
427337	429124	single+	1	3	{GlimmerHMM_glimmerT_3969-T1;GlimmerHMM},{Augustus_model.g3500.t1;Augustus}

# EVM prediction: Mode:STANDARD S-ratio: 30.08 429479-431041 orient(-) score(4538.00) noncoding_equivalent(150.89) raw_noncoding(150.89) offset(0.00)
431041	429479	single-	4	6	{GlimmerHMM_glimmerT_3970-T1;GlimmerHMM}

# EVM prediction: Mode:STANDARD S-ratio: 1.87 431432-433270 orient(-) score(3594.00) noncoding_equivalent(1923.37) raw_noncoding(1923.37) offset(0.00)
433270	431432	single-	4	6	{GlimmerHMM_glimmerT_3971-T1;GlimmerHMM}

# EVM prediction: Mode:STANDARD S-ratio: 86.46 434370-436472 orient(+) score(8314.00) noncoding_equivalent(96.16) raw_noncoding(96.16) offset(0.00)
434370	436472	single+	1	3	{GlimmerHMM_glimmerT_3972-T1;GlimmerHMM},{Augustus_model.g3502.t1;Augustus}

# EVM prediction: Mode:STANDARD S-ratio: 4.48 437030-437311 orient(-) score(1382.00) noncoding_equivalent(308.49) raw_noncoding(308.49) offset(0.00)
437311	437030	single-	4	6	{GlimmerHMM_glimmerT_3973-T1;GlimmerHMM},{HiQ_model.g3503.t1;HiQ}

# EVM prediction: Mode:STANDARD S-ratio: 289.06 437759-439231 orient(+) score(5871.00) noncoding_equivalent(20.31) raw_noncoding(20.31) offset(0.00)
437759	439231	single+	1	3	{Augustus_model.g3504.t1;Augustus},{GlimmerHMM_glimmerT_3974-T1;GlimmerHMM}

# EVM prediction: Mode:STANDARD S-ratio: 87.73 439604-440518 orient(+) score(3617.00) noncoding_equivalent(41.23) raw_noncoding(41.23) offset(0.00)
439604	440518	single+	1	3	{GlimmerHMM_glimmerT_3975-T1;GlimmerHMM},{Augustus_model.g3505.t1;Augustus}

# EVM prediction: Mode:STANDARD S-ratio: 13.49 441018-442034 orient(+) score(3777.00) noncoding_equivalent(280.00) raw_noncoding(280.00) offset(0.00)
441018	442034	single+	1	3	{Augustus_model.g3506.t1;Augustus},{GlimmerHMM_glimmerT_3976-T1;GlimmerHMM}

# EVM prediction: Mode:STANDARD S-ratio: 4.64 442266-443264 orient(-) score(4932.00) noncoding_equivalent(1062.00) raw_noncoding(1062.00) offset(0.00)
443264	442266	single-	4	6	{HiQ_model.g3507.t1;HiQ},{GlimmerHMM_glimmerT_3977-T1;GlimmerHMM}

# EVM prediction: Mode:STANDARD S-ratio: 103.94 444686-446221 orient(+) score(6084.00) noncoding_equivalent(58.53) raw_noncoding(58.53) offset(0.00)
444686	446221	single+	1	3	{GlimmerHMM_glimmerT_3978-T1;GlimmerHMM},{Augustus_model.g3508.t1;Augustus}

# EVM prediction: Mode:STANDARD S-ratio: 770.73 447108-447890 orient(-) score(3107.00) noncoding_equivalent(4.03) raw_noncoding(4.03) offset(0.00)
447890	447108	single-	4	6	{GlimmerHMM_glimmerT_3979-T1;GlimmerHMM}

# EVM prediction: Mode:STANDARD S-ratio: 21.94 448214-448603 orient(-) score(1119.00) noncoding_equivalent(51.00) raw_noncoding(51.00) offset(0.00)
448603	448214	single-	4	6	{GlimmerHMM_glimmerT_3980-T1;GlimmerHMM},{Augustus_model.g3510.t1;Augustus}

# EVM prediction: Mode:STANDARD S-ratio: 3.02 448799-450010 orient(+) score(3643.00) noncoding_equivalent(1206.66) raw_noncoding(1206.66) offset(0.00)
448799	450010	single+	1	3	{Augustus_model.g3511.t1;Augustus},{GlimmerHMM_glimmerT_3981-T1;GlimmerHMM}

# EVM prediction: Mode:STANDARD S-ratio: 183.85 450248-450850 orient(+) score(2390.00) noncoding_equivalent(13.00) raw_noncoding(13.00) offset(0.00)
450248	450850	single+	1	3	{GlimmerHMM_glimmerT_3982-T1;GlimmerHMM},{Augustus_model.g3512.t1;Augustus}

# EVM prediction: Mode:STANDARD S-ratio: 10000.00 451179-452696 orient(+) score(6012.00) noncoding_equivalent(0.60) raw_noncoding(0.00) offset(0.00)
451179	452696	single+	1	3	{Augustus_model.g3513.t1;Augustus},{GlimmerHMM_glimmerT_3983-T1;GlimmerHMM}

# EVM prediction: Mode:STANDARD S-ratio: 5.00 452881-454638 orient(-) score(8790.00) noncoding_equivalent(1758.00) raw_noncoding(1758.00) offset(0.00)
454638	452881	single-	4	6	{GlimmerHMM_glimmerT_3984-T1;GlimmerHMM},{HiQ_model.g3514.t1;HiQ}

# EVM prediction: Mode:STANDARD S-ratio: 2.00 455013-455525 orient(-) score(2052.00) noncoding_equivalent(1026.00) raw_noncoding(1026.00) offset(0.00)
455525	455013	single-	4	6	{HiQ_model.g3515.t1;HiQ},{GlimmerHMM_glimmerT_3985-T1;GlimmerHMM}

# EVM prediction: Mode:STANDARD S-ratio: 4.83 455739-456788 orient(-) score(5220.00) noncoding_equivalent(1080.00) raw_noncoding(1080.00) offset(0.00)
456788	455739	single-	4	6	{GlimmerHMM_glimmerT_3986-T1;GlimmerHMM},{HiQ_model.g3516.t1;HiQ}

# EVM prediction: Mode:STANDARD S-ratio: 1.88 457063-458143 orient(-) score(2162.00) noncoding_equivalent(1152.00) raw_noncoding(1227.00) offset(75.00)
457751	457063	terminal-	5	6	{Augustus_model.g3517.t1;Augustus},{GlimmerHMM_glimmerT_3987-T1;GlimmerHMM}
457824	457752	INTRON			{Augustus_model.g3517.t1;Augustus},{GlimmerHMM_glimmerT_3987-T1;GlimmerHMM}
458143	457825	initial-	4	4	{Augustus_model.g3517.t1;Augustus},{GlimmerHMM_glimmerT_3987-T1;GlimmerHMM}

# EVM prediction: Mode:STANDARD S-ratio: 2.97 458359-458694 orient(+) score(999.00) noncoding_equivalent(336.00) raw_noncoding(336.00) offset(0.00)
458359	458694	single+	1	3	{GlimmerHMM_glimmerT_3988-T1;GlimmerHMM}

# EVM prediction: Mode:STANDARD S-ratio: 4.33 458746-459495 orient(-) score(3622.00) noncoding_equivalent(835.91) raw_noncoding(835.91) offset(0.00)
459495	458746	single-	4	6	{HiQ_model.g3518.t1;HiQ},{GlimmerHMM_glimmerT_3989-T1;GlimmerHMM}

# EVM prediction: Mode:STANDARD S-ratio: 5.00 459670-460203 orient(-) score(2670.00) noncoding_equivalent(534.00) raw_noncoding(534.00) offset(0.00)
460203	459670	single-	4	6	{HiQ_model.g3519.t1;HiQ},{GlimmerHMM_glimmerT_3990-T1;GlimmerHMM}

# EVM prediction: Mode:STANDARD S-ratio: 15.93 460683-463187 orient(-) score(7071.00) noncoding_equivalent(444.00) raw_noncoding(444.00) offset(0.00)
463187	460683	single-	4	6	{Augustus_model.g3520.t1;Augustus},{GlimmerHMM_glimmerT_3991-T1;GlimmerHMM}

# EVM prediction: Mode:STANDARD S-ratio: 707.98 463527-467792 orient(-) score(12778.00) noncoding_equivalent(18.05) raw_noncoding(18.05) offset(0.00)
467792	463527	single-	4	6	{GlimmerHMM_glimmerT_3992-T1;GlimmerHMM},{Augustus_model.g3521.t1;Augustus}

# EVM prediction: Mode:STANDARD S-ratio: 3.01 468062-469243 orient(+) score(3546.00) noncoding_equivalent(1178.23) raw_noncoding(1178.23) offset(0.00)
468062	469243	single+	1	3	{Augustus_model.g3522.t1;Augustus},{GlimmerHMM_glimmerT_3993-T1;GlimmerHMM}

# EVM prediction: Mode:STANDARD S-ratio: 74.76 469351-470439 orient(-) score(4297.00) noncoding_equivalent(57.47) raw_noncoding(57.47) offset(0.00)
470439	469351	single-	4	6	{GlimmerHMM_glimmerT_3994-T1;GlimmerHMM}

# EVM prediction: Mode:STANDARD S-ratio: 18.60 470481-473429 orient(-) score(11195.00) noncoding_equivalent(601.81) raw_noncoding(601.81) offset(0.00)
473429	470481	single-	4	6	{GlimmerHMM_glimmerT_3995-T1;GlimmerHMM}

# EVM prediction: Mode:STANDARD S-ratio: 2.89 473659-473985 orient(+) score(970.00) noncoding_equivalent(336.14) raw_noncoding(336.14) offset(0.00)
473659	473985	single+	1	3	{GlimmerHMM_glimmerT_3996-T1;GlimmerHMM}

# EVM prediction: Mode:STANDARD S-ratio: 10000.00 474298-477552 orient(+) score(13011.00) noncoding_equivalent(1.30) raw_noncoding(0.00) offset(0.00)
474298	477552	single+	1	3	{Augustus_model.g3524.t1;Augustus},{GlimmerHMM_glimmerT_3997-T1;GlimmerHMM}

# EVM prediction: Mode:STANDARD S-ratio: 3.92 477670-480348 orient(-) score(12804.00) noncoding_equivalent(3270.00) raw_noncoding(3270.00) offset(0.00)
480348	477670	single-	4	6	{HiQ_model.g3525.t1;HiQ}

# EVM prediction: Mode:STANDARD S-ratio: 834.50 480925-484266 orient(+) score(10014.00) noncoding_equivalent(12.00) raw_noncoding(12.00) offset(0.00)
480925	484266	single+	1	3	{Augustus_model.g3526.t1;Augustus},{GlimmerHMM_glimmerT_3999-T1;GlimmerHMM}

# EVM prediction: Mode:STANDARD S-ratio: 249.42 484691-487021 orient(+) score(9285.00) noncoding_equivalent(37.23) raw_noncoding(37.23) offset(0.00)
484691	487021	single+	1	3	{GlimmerHMM_glimmerT_4000-T1;GlimmerHMM},{Augustus_model.g3527.t1;Augustus}

# EVM prediction: Mode:STANDARD S-ratio: 45.39 487182-490709 orient(-) score(10494.00) noncoding_equivalent(231.21) raw_noncoding(231.21) offset(0.00)
490709	487182	single-	4	6	{GlimmerHMM_glimmerT_4001-T1;GlimmerHMM},{Augustus_model.g3528.t1;Augustus}

# EVM prediction: Mode:STANDARD S-ratio: 297.40 491003-493240 orient(+) score(8922.00) noncoding_equivalent(30.00) raw_noncoding(30.00) offset(0.00)
491003	493240	single+	1	3	{Augustus_model.g3529.t1;Augustus}

# EVM prediction: Mode:STANDARD S-ratio: 45.67 493396-494466 orient(-) score(3143.00) noncoding_equivalent(68.82) raw_noncoding(68.82) offset(0.00)
494466	493396	single-	4	6	{Augustus_model.g3530.t1;Augustus},{GlimmerHMM_glimmerT_4003-T1;GlimmerHMM}

# EVM prediction: Mode:STANDARD S-ratio: 2.00 495795-496217 orient(-) score(1692.00) noncoding_equivalent(846.00) raw_noncoding(846.00) offset(0.00)
496217	495795	single-	4	6	{HiQ_model.g3531.t1;HiQ},{GlimmerHMM_glimmerT_4004-T1;GlimmerHMM}

# EVM prediction: Mode:STANDARD S-ratio: 41.87 496666-498639 orient(-) score(5778.00) noncoding_equivalent(138.00) raw_noncoding(138.00) offset(0.00)
498639	496666	single-	4	6	{Augustus_model.g3532.t1;Augustus},{GlimmerHMM_glimmerT_4005-T1;GlimmerHMM}

# EVM prediction: Mode:STANDARD S-ratio: 10000.00 499111-500934 orient(+) score(7257.00) noncoding_equivalent(0.73) raw_noncoding(0.00) offset(0.00)
499111	500934	single+	1	3	{GlimmerHMM_glimmerT_4006-T1;GlimmerHMM}

# EVM prediction: Mode:STANDARD S-ratio: 6.00 502674-503147 orient(-) score(2844.00) noncoding_equivalent(474.00) raw_noncoding(474.00) offset(0.00)
503147	502674	single-	4	6	{GlimmerHMM_glimmerT_4007-T1;GlimmerHMM},{HiQ_model.g3534.t1;HiQ}

# EVM prediction: Mode:STANDARD S-ratio: 29.15 504089-504418 orient(+) score(1591.00) noncoding_equivalent(54.58) raw_noncoding(54.58) offset(0.00)
504089	504418	single+	1	3	{GlimmerHMM_glimmerT_4008-T1;GlimmerHMM},{Augustus_model.g3535.t1;Augustus}

# EVM prediction: Mode:STANDARD S-ratio: 4.93 504627-506207 orient(-) score(7884.00) noncoding_equivalent(1600.09) raw_noncoding(1600.09) offset(0.00)
506207	504627	single-	4	6	{HiQ_model.g3536.t1;HiQ}

# EVM prediction: Mode:STANDARD S-ratio: 118.50 506445-507161 orient(+) score(2133.00) noncoding_equivalent(18.00) raw_noncoding(18.00) offset(0.00)
506445	507161	single+	1	3	{GlimmerHMM_glimmerT_4010-T1;GlimmerHMM},{Augustus_model.g3537.t1;Augustus}

# EVM prediction: Mode:STANDARD S-ratio: 46.06 507719-509224 orient(+) score(4422.00) noncoding_equivalent(96.00) raw_noncoding(96.00) offset(0.00)
507719	509224	single+	1	3	{GlimmerHMM_glimmerT_4011-T1;GlimmerHMM}

# EVM prediction: Mode:STANDARD S-ratio: 36.86 510228-511934 orient(+) score(6648.00) noncoding_equivalent(180.37) raw_noncoding(180.37) offset(0.00)
510228	511934	single+	1	3	{GlimmerHMM_glimmerT_4012-T1;GlimmerHMM}

# EVM prediction: Mode:STANDARD S-ratio: 1.94 512190-513953 orient(+) score(3493.00) noncoding_equivalent(1798.27) raw_noncoding(1798.27) offset(0.00)
512190	513953	single+	1	3	{GlimmerHMM_glimmerT_4013-T1;GlimmerHMM}

# EVM prediction: Mode:STANDARD S-ratio: 29.33 514255-515754 orient(+) score(4350.00) noncoding_equivalent(148.33) raw_noncoding(148.33) offset(0.00)
514255	515754	single+	1	3	{GlimmerHMM_glimmerT_4014-T1;GlimmerHMM}

# EVM prediction: Mode:STANDARD S-ratio: 105.35 516658-517155 orient(+) score(1478.00) noncoding_equivalent(14.03) raw_noncoding(14.03) offset(0.00)
516658	517155	single+	1	3	{GlimmerHMM_glimmerT_4015-T1;GlimmerHMM}

# EVM prediction: Mode:STANDARD S-ratio: 2.00 518579-519292 orient(-) score(1428.00) noncoding_equivalent(714.00) raw_noncoding(714.00) offset(0.00)
519292	518579	single-	4	6	{Augustus_model.g3541.t1;Augustus},{GlimmerHMM_glimmerT_4016-T1;GlimmerHMM}

# EVM prediction: Mode:STANDARD S-ratio: 10000.00 520725-521474 orient(+) score(2895.00) noncoding_equivalent(0.29) raw_noncoding(0.00) offset(0.00)
520725	521474	single+	1	3	{GlimmerHMM_glimmerT_4017-T1;GlimmerHMM},{Augustus_model.g3542.t1;Augustus}

# EVM prediction: Mode:STANDARD S-ratio: 2.00 521496-521939 orient(-) score(1776.00) noncoding_equivalent(888.00) raw_noncoding(888.00) offset(0.00)
521939	521496	single-	4	6	{HiQ_model.g3543.t1;HiQ},{GlimmerHMM_glimmerT_4018-T1;GlimmerHMM}

# EVM prediction: Mode:STANDARD S-ratio: 289.60 522574-525015 orient(+) score(7299.00) noncoding_equivalent(25.20) raw_noncoding(25.20) offset(0.00)
522574	525015	single+	1	3	{Augustus_model.g3544.t1;Augustus},{GlimmerHMM_glimmerT_4019-T1;GlimmerHMM}

# EVM prediction: Mode:STANDARD S-ratio: 23.27 525554-526621 orient(+) score(3072.00) noncoding_equivalent(132.00) raw_noncoding(132.00) offset(0.00)
525554	526621	single+	1	3	{Augustus_model.g3545.t1;Augustus},{GlimmerHMM_glimmerT_4020-T1;GlimmerHMM}

# EVM prediction: Mode:STANDARD S-ratio: 51.73 527331-530138 orient(+) score(11019.00) noncoding_equivalent(213.00) raw_noncoding(213.00) offset(0.00)
527331	530138	single+	1	3	{Augustus_model.g3546.t1;Augustus}

# EVM prediction: Mode:STANDARD S-ratio: 4.72 530311-531654 orient(-) score(6654.00) noncoding_equivalent(1410.00) raw_noncoding(1410.00) offset(0.00)
531654	530311	single-	4	6	{GlimmerHMM_glimmerT_4022-T1;GlimmerHMM},{HiQ_model.g3547.t1;HiQ}

# EVM prediction: Mode:STANDARD S-ratio: 3.00 532032-532409 orient(+) score(1134.00) noncoding_equivalent(378.00) raw_noncoding(378.00) offset(0.00)
532032	532409	single+	1	3	{Augustus_model.g3548.t1;Augustus},{GlimmerHMM_glimmerT_4023-T1;GlimmerHMM}

# EVM prediction: Mode:STANDARD S-ratio: 10000.00 532722-534410 orient(+) score(5067.00) noncoding_equivalent(0.51) raw_noncoding(0.00) offset(0.00)
532722	534410	single+	1	3	{Augustus_model.g3549.t1;Augustus},{GlimmerHMM_glimmerT_4024-T1;GlimmerHMM}

# EVM prediction: Mode:STANDARD S-ratio: 5.00 534620-535969 orient(-) score(6750.00) noncoding_equivalent(1350.00) raw_noncoding(1350.00) offset(0.00)
535969	534620	single-	4	6	{GlimmerHMM_glimmerT_4025-T1;GlimmerHMM},{HiQ_model.g3550.t1;HiQ}

# EVM prediction: Mode:STANDARD S-ratio: 10000.00 536219-543637 orient(+) score(29676.00) noncoding_equivalent(2.97) raw_noncoding(0.00) offset(0.00)
536219	543637	single+	1	3	{GlimmerHMM_glimmerT_4026-T1;GlimmerHMM},{Augustus_model.g3551.t1;Augustus}

# EVM prediction: Mode:STANDARD S-ratio: 2.00 543833-544255 orient(-) score(1689.00) noncoding_equivalent(846.00) raw_noncoding(846.00) offset(0.00)
544255	543833	single-	4	6	{GlimmerHMM_glimmerT_4027-T1;GlimmerHMM},{HiQ_model.g3552.t1;HiQ}

# EVM prediction: Mode:STANDARD S-ratio: 37.27 544460-545521 orient(+) score(4137.00) noncoding_equivalent(111.00) raw_noncoding(111.00) offset(0.00)
544460	545521	single+	1	3	{Augustus_model.g3553.t1;Augustus},{GlimmerHMM_glimmerT_4028-T1;GlimmerHMM}

# EVM prediction: Mode:STANDARD S-ratio: 2.00 545642-546235 orient(-) score(2376.00) noncoding_equivalent(1188.00) raw_noncoding(1188.00) offset(0.00)
546235	545642	single-	4	6	{GlimmerHMM_glimmerT_4029-T1;GlimmerHMM},{HiQ_model.g3554.t1;HiQ}

# EVM prediction: Mode:STANDARD S-ratio: 4.55 546447-547421 orient(-) score(4794.00) noncoding_equivalent(1053.00) raw_noncoding(1053.00) offset(0.00)
547421	546447	single-	4	6	{HiQ_model.g3555.t1;HiQ},{GlimmerHMM_glimmerT_4030-T1;GlimmerHMM}

# EVM prediction: Mode:STANDARD S-ratio: 4.60 547787-548956 orient(-) score(5766.00) noncoding_equivalent(1254.00) raw_noncoding(1254.00) offset(0.00)
548956	547787	single-	4	6	{GlimmerHMM_glimmerT_4031-T1;GlimmerHMM},{HiQ_model.g3556.t1;HiQ}

# EVM prediction: Mode:STANDARD S-ratio: 2.00 549184-549804 orient(-) score(2478.00) noncoding_equivalent(1242.00) raw_noncoding(1242.00) offset(0.00)
549804	549184	single-	4	6	{GlimmerHMM_glimmerT_4032-T1;GlimmerHMM},{HiQ_model.g3557.t1;HiQ}

# EVM prediction: Mode:STANDARD S-ratio: 10000.00 550060-550626 orient(+) score(1701.00) noncoding_equivalent(0.17) raw_noncoding(0.00) offset(0.00)
550060	550626	single+	1	3	{GlimmerHMM_glimmerT_4033-T1;GlimmerHMM},{Augustus_model.g3558.t1;Augustus}

# EVM prediction: Mode:STANDARD S-ratio: 55.57 550844-552031 orient(+) score(4668.00) noncoding_equivalent(84.00) raw_noncoding(84.00) offset(0.00)
550844	552031	single+	1	3	{GlimmerHMM_glimmerT_4034-T1;GlimmerHMM}

# EVM prediction: Mode:STANDARD S-ratio: 5.00 552274-553521 orient(-) score(6240.00) noncoding_equivalent(1248.00) raw_noncoding(1248.00) offset(0.00)
553521	552274	single-	4	6	{HiQ_model.g3560.t1;HiQ},{GlimmerHMM_glimmerT_4035-T1;GlimmerHMM}

# EVM prediction: Mode:STANDARD S-ratio: 29.19 554197-555132 orient(-) score(2715.00) noncoding_equivalent(93.00) raw_noncoding(93.00) offset(0.00)
555132	554197	single-	4	6	{Augustus_model.g3561.t1;Augustus},{GlimmerHMM_glimmerT_4036-T1;GlimmerHMM}

# EVM prediction: Mode:STANDARD S-ratio: 84.33 555852-557162 orient(+) score(3879.00) noncoding_equivalent(46.00) raw_noncoding(46.00) offset(0.00)
555852	557162	single+	1	3	{GlimmerHMM_glimmerT_4037-T1;GlimmerHMM}

# EVM prediction: Mode:STANDARD S-ratio: 4.72 557416-558600 orient(-) score(5868.00) noncoding_equivalent(1242.00) raw_noncoding(1242.00) offset(0.00)
558600	557416	single-	4	6	{GlimmerHMM_glimmerT_4038-T1;GlimmerHMM},{HiQ_model.g3563.t1;HiQ}

# EVM prediction: Mode:STANDARD S-ratio: 2.00 558887-559228 orient(-) score(1368.00) noncoding_equivalent(684.00) raw_noncoding(684.00) offset(0.00)
559228	558887	single-	4	6	{HiQ_model.g3564.t1;HiQ},{GlimmerHMM_glimmerT_4039-T1;GlimmerHMM}

# EVM prediction: Mode:STANDARD S-ratio: 10000.00 559594-560535 orient(-) score(2826.00) noncoding_equivalent(0.28) raw_noncoding(0.00) offset(0.00)
560535	559594	single-	4	6	{Augustus_model.g3565.t1;Augustus},{GlimmerHMM_glimmerT_4040-T1;GlimmerHMM}

# EVM prediction: Mode:STANDARD S-ratio: 3.01 560730-562001 orient(+) score(3816.00) noncoding_equivalent(1266.36) raw_noncoding(1266.36) offset(0.00)
560730	562001	single+	1	3	{Augustus_model.g3566.t1;Augustus},{GlimmerHMM_glimmerT_4041-T1;GlimmerHMM}

# EVM prediction: Mode:STANDARD S-ratio: 5.00 562102-562419 orient(-) score(1590.00) noncoding_equivalent(318.00) raw_noncoding(318.00) offset(0.00)
562419	562102	single-	4	6	{HiQ_model.g3567.t1;HiQ},{GlimmerHMM_glimmerT_4042-T1;GlimmerHMM}

# EVM prediction: Mode:STANDARD S-ratio: 1.97 563035-563358 orient(+) score(639.00) noncoding_equivalent(324.00) raw_noncoding(324.00) offset(0.00)
563035	563358	single+	1	3	{GlimmerHMM_glimmerT_4043-T1;GlimmerHMM}

# EVM prediction: Mode:STANDARD S-ratio: 4.95 563451-564329 orient(-) score(4386.00) noncoding_equivalent(886.08) raw_noncoding(886.08) offset(0.00)
564329	563451	single-	4	6	{GlimmerHMM_glimmerT_4044-T1;GlimmerHMM},{HiQ_model.g3568.t1;HiQ}

# EVM prediction: Mode:STANDARD S-ratio: 32.57 564692-567511 orient(+) score(8208.00) noncoding_equivalent(252.00) raw_noncoding(252.00) offset(0.00)
564692	567511	single+	1	3	{GlimmerHMM_glimmerT_4045-T1;GlimmerHMM},{Augustus_model.g3569.t1;Augustus}

# EVM prediction: Mode:STANDARD S-ratio: 4.69 567788-571231 orient(-) score(17031.00) noncoding_equivalent(3631.04) raw_noncoding(3631.04) offset(0.00)
571231	567788	single-	4	6	{HiQ_model.g3570.t1;HiQ}

# EVM prediction: Mode:STANDARD S-ratio: 31.03 572001-575294 orient(-) score(9864.00) noncoding_equivalent(317.90) raw_noncoding(317.90) offset(0.00)
575294	572001	single-	4	6	{GlimmerHMM_glimmerT_4047-T1;GlimmerHMM}

# EVM prediction: Mode:STANDARD S-ratio: 10000.00 575661-579890 orient(+) score(12690.00) noncoding_equivalent(1.27) raw_noncoding(0.00) offset(0.00)
575661	579890	single+	1	3	{Augustus_model.g3572.t1;Augustus},{GlimmerHMM_glimmerT_4048-T1;GlimmerHMM}

# EVM prediction: Mode:STANDARD S-ratio: 4.92 580091-581071 orient(-) score(4890.00) noncoding_equivalent(993.00) raw_noncoding(993.00) offset(0.00)
581071	580091	single-	4	6	{HiQ_model.g3573.t1;HiQ},{GlimmerHMM_glimmerT_4049-T1;GlimmerHMM}

# EVM prediction: Mode:STANDARD S-ratio: 146.90 581428-582516 orient(-) score(3243.00) noncoding_equivalent(22.08) raw_noncoding(22.08) offset(0.00)
582516	581428	single-	4	6	{GlimmerHMM_glimmerT_4050-T1;GlimmerHMM},{Augustus_model.g3574.t1;Augustus}

# EVM prediction: Mode:STANDARD S-ratio: 2.38 584584-585664 orient(+) score(2180.00) noncoding_equivalent(916.40) raw_noncoding(2282.34) offset(1365.94)
584584	584690	initial+	1	2	{Augustus_model.g3575.t1;Augustus}
584691	585387	INTRON			{Augustus_model.g3575.t1;Augustus}
585388	585664	terminal+	3	3	{Augustus_model.g3575.t1;Augustus},{GlimmerHMM_glimmerT_4051-T1;GlimmerHMM}

# EVM prediction: Mode:STANDARD S-ratio: 2.02 586613-587581 orient(+) score(1944.00) noncoding_equivalent(963.88) raw_noncoding(963.88) offset(0.00)
586613	587581	single+	1	3	{Augustus_model.g3576.t1;Augustus},{GlimmerHMM_glimmerT_4052-T1;GlimmerHMM}

# EVM prediction: Mode:STANDARD S-ratio: 85.60 588047-588895 orient(+) score(3356.00) noncoding_equivalent(39.21) raw_noncoding(39.21) offset(0.00)
588047	588895	single+	1	3	{GlimmerHMM_glimmerT_4053-T1;GlimmerHMM},{Augustus_model.g3577.t1;Augustus}

# EVM prediction: Mode:STANDARD S-ratio: 50.13 589262-589768 orient(+) score(1987.00) noncoding_equivalent(39.63) raw_noncoding(39.63) offset(0.00)
589262	589768	single+	1	3	{Augustus_model.g3578.t1;Augustus},{GlimmerHMM_glimmerT_4054-T1;GlimmerHMM}

# EVM prediction: Mode:STANDARD S-ratio: 1961.00 590036-591997 orient(-) score(5883.00) noncoding_equivalent(3.00) raw_noncoding(3.00) offset(0.00)
591997	590036	single-	4	6	{Augustus_model.g3579.t1;Augustus}

# EVM prediction: Mode:STANDARD S-ratio: 2.04 592426-593142 orient(+) score(1434.00) noncoding_equivalent(703.90) raw_noncoding(703.90) offset(0.00)
592426	593142	single+	1	3	{GlimmerHMM_glimmerT_4056-T1;GlimmerHMM},{Augustus_model.g3580.t1;Augustus}

# EVM prediction: Mode:STANDARD S-ratio: 2.97 593208-594179 orient(-) score(4364.00) noncoding_equivalent(1467.75) raw_noncoding(1467.75) offset(0.00)
594179	593208	single-	4	6	{HiQ_model.g3581.t1;HiQ}

# EVM prediction: Mode:STANDARD S-ratio: 108.93 595145-595945 orient(+) score(3173.00) noncoding_equivalent(29.13) raw_noncoding(29.13) offset(0.00)
595145	595945	single+	1	3	{GlimmerHMM_glimmerT_4058-T1;GlimmerHMM},{Augustus_model.g3582.t1;Augustus}

# EVM prediction: Mode:STANDARD S-ratio: 2.00 596064-596672 orient(-) score(2436.00) noncoding_equivalent(1218.00) raw_noncoding(1218.00) offset(0.00)
596672	596064	single-	4	6	{HiQ_model.g3583.t1;HiQ},{GlimmerHMM_glimmerT_4059-T1;GlimmerHMM}

# EVM prediction: Mode:STANDARD S-ratio: 1716.13 597644-599380 orient(+) score(6879.00) noncoding_equivalent(4.01) raw_noncoding(4.01) offset(0.00)
597644	599380	single+	1	3	{GlimmerHMM_glimmerT_4060-T1;GlimmerHMM},{Augustus_model.g3584.t1;Augustus}

# EVM prediction: Mode:STANDARD S-ratio: 4.41 599469-599933 orient(-) score(2274.00) noncoding_equivalent(516.00) raw_noncoding(516.00) offset(0.00)
599933	599469	single-	4	6	{GlimmerHMM_glimmerT_4061-T1;GlimmerHMM},{HiQ_model.g3585.t1;HiQ}

# EVM prediction: Mode:STANDARD S-ratio: 10000.00 600494-601516 orient(+) score(4092.00) noncoding_equivalent(0.41) raw_noncoding(0.00) offset(0.00)
600494	601516	single+	1	3	{Augustus_model.g3586.t1;Augustus},{GlimmerHMM_glimmerT_4062-T1;GlimmerHMM}

# EVM prediction: Mode:STANDARD S-ratio: 1737.48 601804-603984 orient(+) score(8719.00) noncoding_equivalent(5.02) raw_noncoding(5.02) offset(0.00)
601804	603984	single+	1	3	{GlimmerHMM_glimmerT_4063-T1;GlimmerHMM}

# EVM prediction: Mode:STANDARD S-ratio: 6.02 604279-605310 orient(+) score(3498.00) noncoding_equivalent(581.08) raw_noncoding(581.08) offset(0.00)
604279	605310	single+	1	3	{GlimmerHMM_glimmerT_4064-T1;GlimmerHMM}

# EVM prediction: Mode:STANDARD S-ratio: 1.31 605919-606464 orient(+) score(752.00) noncoding_equivalent(574.05) raw_noncoding(1196.66) offset(622.60)
605919	605946	initial+	1	1	{GlimmerHMM_glimmerT_4065-T1;GlimmerHMM}
605947	606258	INTRON			{GlimmerHMM_glimmerT_4065-T1;GlimmerHMM}
606259	606464	terminal+	2	3	{Augustus_model.g3587.t1;Augustus},{GlimmerHMM_glimmerT_4065-T1;GlimmerHMM}

# EVM prediction: Mode:STANDARD S-ratio: 5.00 608409-611765 orient(-) score(16785.00) noncoding_equivalent(3357.00) raw_noncoding(3357.00) offset(0.00)
611765	608409	single-	4	6	{HiQ_model.g3588.t1;HiQ},{GlimmerHMM_glimmerT_4066-T1;GlimmerHMM}

# EVM prediction: Mode:STANDARD S-ratio: 3.00 612449-614512 orient(+) score(6192.00) noncoding_equivalent(2064.00) raw_noncoding(2064.00) offset(0.00)
612449	614512	single+	1	3	{Augustus_model.g3589.t1;Augustus},{GlimmerHMM_glimmerT_4067-T1;GlimmerHMM}

# EVM prediction: Mode:STANDARD S-ratio: 2.00 614681-615532 orient(-) score(3408.00) noncoding_equivalent(1704.00) raw_noncoding(1704.00) offset(0.00)
615532	614681	single-	4	6	{HiQ_model.g3590.t1;HiQ},{GlimmerHMM_glimmerT_4068-T1;GlimmerHMM}

# EVM prediction: Mode:STANDARD S-ratio: 159.30 615910-616515 orient(+) score(2407.00) noncoding_equivalent(15.11) raw_noncoding(15.11) offset(0.00)
615910	616515	single+	1	3	{GlimmerHMM_glimmerT_4069-T1;GlimmerHMM},{Augustus_model.g3591.t1;Augustus}

# EVM prediction: Mode:STANDARD S-ratio: 3.74 617145-617894 orient(-) score(3549.00) noncoding_equivalent(949.63) raw_noncoding(949.63) offset(0.00)
617894	617145	single-	4	6	{HiQ_model.g3592.t1;HiQ}

# EVM prediction: Mode:STANDARD S-ratio: 3.02 619968-620597 orient(+) score(1894.00) noncoding_equivalent(626.64) raw_noncoding(626.64) offset(0.00)
619968	620597	single+	1	3	{Augustus_model.g3593.t1;Augustus}

# EVM prediction: Mode:STANDARD S-ratio: 10000.00 620900-622261 orient(+) score(5448.00) noncoding_equivalent(0.54) raw_noncoding(0.00) offset(0.00)
620900	622261	single+	1	3	{GlimmerHMM_glimmerT_4073-T1;GlimmerHMM},{Augustus_model.g3594.t1;Augustus}

# EVM prediction: Mode:STANDARD S-ratio: 4.99 622356-622943 orient(-) score(2934.00) noncoding_equivalent(588.00) raw_noncoding(588.00) offset(0.00)
622943	622356	single-	4	6	{GlimmerHMM_glimmerT_4074-T1;GlimmerHMM},{HiQ_model.g3595.t1;HiQ}

# EVM prediction: Mode:STANDARD S-ratio: 2.00 623157-625352 orient(-) score(4392.00) noncoding_equivalent(2191.08) raw_noncoding(2191.08) offset(0.00)
625352	623157	single-	4	6	{Augustus_model.g3596.t1;Augustus},{GlimmerHMM_glimmerT_4075-T1;GlimmerHMM}

# EVM prediction: Mode:STANDARD S-ratio: 509.95 626450-627985 orient(+) score(6130.00) noncoding_equivalent(12.02) raw_noncoding(12.02) offset(0.00)
626450	627985	single+	1	3	{GlimmerHMM_glimmerT_4076-T1;GlimmerHMM},{Augustus_model.g3597.t1;Augustus}

# EVM prediction: Mode:STANDARD S-ratio: 2.03 628592-630085 orient(+) score(3004.00) noncoding_equivalent(1478.66) raw_noncoding(1478.66) offset(0.00)
628592	630085	single+	1	3	{Augustus_model.g3598.t1;Augustus},{GlimmerHMM_glimmerT_4077-T1;GlimmerHMM}

# EVM prediction: Mode:STANDARD S-ratio: 122.27 630701-631378 orient(+) score(2690.00) noncoding_equivalent(22.00) raw_noncoding(22.00) offset(0.00)
630701	631378	single+	1	3	{Augustus_model.g3599.t1;Augustus},{GlimmerHMM_glimmerT_4078-T1;GlimmerHMM}

# EVM prediction: Mode:STANDARD S-ratio: 5.00 631673-633013 orient(-) score(6705.00) noncoding_equivalent(1341.00) raw_noncoding(1341.00) offset(0.00)
633013	631673	single-	4	6	{HiQ_model.g3600.t1;HiQ},{GlimmerHMM_glimmerT_4079-T1;GlimmerHMM}

# EVM prediction: Mode:STANDARD S-ratio: 80.80 633513-634739 orient(-) score(3636.00) noncoding_equivalent(45.00) raw_noncoding(45.00) offset(0.00)
634739	633513	single-	4	6	{Augustus_model.g3601.t1;Augustus}

# EVM prediction: Mode:STANDARD S-ratio: 68.45 635056-637550 orient(-) score(9587.00) noncoding_equivalent(140.05) raw_noncoding(354.57) offset(214.52)
637419	635056	terminal-	4	6	{snap_scaffold_9-snap.250-T1;snap}
637541	637420	INTRON			{snap_scaffold_9-snap.250-T1;snap}
637550	637542	initial-	4	6	{snap_scaffold_9-snap.250-T1;snap}

# EVM prediction: Mode:STANDARD S-ratio: 83.03 637684-641511 orient(-) score(11348.00) noncoding_equivalent(136.68) raw_noncoding(136.68) offset(0.00)
641511	637684	single-	4	6	{GlimmerHMM_glimmerT_4082-T1;GlimmerHMM}

# EVM prediction: Mode:STANDARD S-ratio: 56.01 642803-643942 orient(-) score(3359.00) noncoding_equivalent(59.97) raw_noncoding(59.97) offset(0.00)
643942	642803	single-	4	6	{GlimmerHMM_glimmerT_4083-T1;GlimmerHMM},{Augustus_model.g3603.t1;Augustus}

# EVM prediction: Mode:STANDARD S-ratio: 5.00 644074-645993 orient(-) score(9600.00) noncoding_equivalent(1920.00) raw_noncoding(1920.00) offset(0.00)
645993	644074	single-	4	6	{HiQ_model.g3604.t1;HiQ},{GlimmerHMM_glimmerT_4084-T1;GlimmerHMM}

# EVM prediction: Mode:STANDARD S-ratio: 48.06 646487-648121 orient(+) score(6395.00) noncoding_equivalent(133.07) raw_noncoding(133.07) offset(0.00)
646487	648121	single+	1	3	{GlimmerHMM_glimmerT_4085-T1;GlimmerHMM}

# EVM prediction: Mode:STANDARD S-ratio: 69.06 648235-651555 orient(+) score(12778.00) noncoding_equivalent(185.04) raw_noncoding(466.08) offset(281.04)
648235	648239	initial+	1	2	{snap_scaffold_9-snap.255-T1;snap}
648240	648380	INTRON			{snap_scaffold_9-snap.255-T1;snap}
648381	651555	terminal+	3	3	{snap_scaffold_9-snap.255-T1;snap},{Augustus_model.g3605.t1;Augustus}

# EVM prediction: Mode:STANDARD S-ratio: 20.53 651918-652547 orient(+) score(2402.00) noncoding_equivalent(117.00) raw_noncoding(117.00) offset(0.00)
651918	652547	single+	1	3	{Augustus_model.g3606.t1;Augustus},{GlimmerHMM_glimmerT_4087-T1;GlimmerHMM}

# EVM prediction: Mode:STANDARD S-ratio: 61.65 652651-654780 orient(-) score(6288.00) noncoding_equivalent(102.00) raw_noncoding(102.00) offset(0.00)
654780	652651	single-	4	6	{GlimmerHMM_glimmerT_4088-T1;GlimmerHMM}

# EVM prediction: Mode:STANDARD S-ratio: 27.48 654992-655711 orient(-) score(2085.00) noncoding_equivalent(75.87) raw_noncoding(75.87) offset(0.00)
655711	654992	single-	4	6	{GlimmerHMM_glimmerT_4089-T1;GlimmerHMM}

# EVM prediction: Mode:STANDARD S-ratio: 1.00 655903-656166 orient(+) score(528.00) noncoding_equivalent(528.00) raw_noncoding(528.00) offset(0.00)
655903	656166	single+	1	3	{GlimmerHMM_glimmerT_4090-T1;GlimmerHMM}

# EVM prediction: Mode:STANDARD S-ratio: 21.61 656345-657610 orient(-) score(3630.00) noncoding_equivalent(168.00) raw_noncoding(168.00) offset(0.00)
657610	656345	single-	4	6	{Augustus_model.g3608.t1;Augustus},{GlimmerHMM_glimmerT_4091-T1;GlimmerHMM}

# EVM prediction: Mode:STANDARD S-ratio: 5.00 657868-662196 orient(-) score(21645.00) noncoding_equivalent(4329.00) raw_noncoding(4329.00) offset(0.00)
662196	657868	single-	4	6	{GlimmerHMM_glimmerT_4092-T1;GlimmerHMM},{HiQ_model.g3609.t1;HiQ}

# EVM prediction: Mode:STANDARD S-ratio: 109.08 663488-668230 orient(+) score(18798.00) noncoding_equivalent(172.33) raw_noncoding(172.33) offset(0.00)
663488	668230	single+	1	3	{GlimmerHMM_glimmerT_4093-T1;GlimmerHMM},{Augustus_model.g3610.t1;Augustus}

# EVM prediction: Mode:STANDARD S-ratio: 5.00 668343-669422 orient(-) score(5400.00) noncoding_equivalent(1080.00) raw_noncoding(1080.00) offset(0.00)
669422	668343	single-	4	6	{HiQ_model.g3611.t1;HiQ},{GlimmerHMM_glimmerT_4094-T1;GlimmerHMM}

# EVM prediction: Mode:STANDARD S-ratio: 4.93 669632-674578 orient(-) score(24675.00) noncoding_equivalent(5007.00) raw_noncoding(5007.00) offset(0.00)
674578	669632	single-	4	6	{HiQ_model.g3612.t1;HiQ},{GlimmerHMM_glimmerT_4095-T1;GlimmerHMM}

# EVM prediction: Mode:STANDARD S-ratio: 10000.00 674792-675838 orient(+) score(3141.00) noncoding_equivalent(0.31) raw_noncoding(0.00) offset(0.00)
674792	675838	single+	1	3	{Augustus_model.g3613.t1;Augustus},{GlimmerHMM_glimmerT_4096-T1;GlimmerHMM}

# EVM prediction: Mode:STANDARD S-ratio: 10000.00 676021-677049 orient(+) score(4110.00) noncoding_equivalent(0.41) raw_noncoding(0.00) offset(0.00)
676021	677049	single+	1	3	{Augustus_model.g3614.t1;Augustus},{GlimmerHMM_glimmerT_4097-T1;GlimmerHMM}

# EVM prediction: Mode:STANDARD S-ratio: 4.93 677208-679496 orient(-) score(11418.00) noncoding_equivalent(2316.00) raw_noncoding(2316.00) offset(0.00)
679496	677208	single-	4	6	{HiQ_model.g3615.t1;HiQ},{GlimmerHMM_glimmerT_4098-T1;GlimmerHMM}

# EVM prediction: Mode:STANDARD S-ratio: 2.44 679764-680573 orient(+) score(2295.00) noncoding_equivalent(942.00) raw_noncoding(942.00) offset(0.00)
679764	680573	single+	1	3	{GlimmerHMM_glimmerT_4099-T1;GlimmerHMM}

# EVM prediction: Mode:STANDARD S-ratio: 10.96 680823-681921 orient(-) score(4147.00) noncoding_equivalent(378.21) raw_noncoding(984.00) offset(605.79)
681594	680823	terminal-	6	6	{Augustus_model.g3617.t1;Augustus}
681907	681595	INTRON			{Augustus_model.g3617.t1;Augustus}
681921	681908	initial-	4	5	{Augustus_model.g3617.t1;Augustus},{GlimmerHMM_glimmerT_4100-T1;GlimmerHMM}

# EVM prediction: Mode:STANDARD S-ratio: 10000.00 684757-685887 orient(+) score(4524.00) noncoding_equivalent(0.45) raw_noncoding(0.00) offset(0.00)
684757	685887	single+	1	3	{GlimmerHMM_glimmerT_4102-T1;GlimmerHMM},{Augustus_model.g3618.t1;Augustus}

# EVM prediction: Mode:STANDARD S-ratio: 10000.00 686401-687576 orient(+) score(3528.00) noncoding_equivalent(0.35) raw_noncoding(0.00) offset(0.00)
686401	687576	single+	1	3	{GlimmerHMM_glimmerT_4103-T1;GlimmerHMM},{Augustus_model.g3619.t1;Augustus}

# EVM prediction: Mode:STANDARD S-ratio: 10000.00 687852-688724 orient(-) score(2619.00) noncoding_equivalent(0.26) raw_noncoding(0.00) offset(0.00)
688724	687852	single-	4	6	{Augustus_model.g3620.t1;Augustus},{GlimmerHMM_glimmerT_4104-T1;GlimmerHMM}

# EVM prediction: Mode:STANDARD S-ratio: 1.45 692969-696059 orient(-) score(1922.00) noncoding_equivalent(1323.65) raw_noncoding(1497.42) offset(173.77)
693400	692969	terminal-	4	6	{GlimmerHMM_glimmerT_4106-T1;GlimmerHMM}
695480	693401	INTRON			{GlimmerHMM_glimmerT_4106-T1;GlimmerHMM}
696059	695481	initial-	4	6	{GlimmerHMM_glimmerT_4106-T1;GlimmerHMM}

# EVM prediction: Mode:STANDARD S-ratio: 499.69 700196-701827 orient(+) score(6515.00) noncoding_equivalent(13.04) raw_noncoding(13.04) offset(0.00)
700196	701827	single+	1	3	{GlimmerHMM_glimmerT_4107-T1;GlimmerHMM}

# EVM prediction: Mode:STANDARD S-ratio: 20.77 703119-704204 orient(+) score(4142.00) noncoding_equivalent(199.38) raw_noncoding(199.38) offset(0.00)
703119	704204	single+	1	3	{GlimmerHMM_glimmerT_4108-T1;GlimmerHMM}

# EVM prediction: Mode:STANDARD S-ratio: 530.79 707637-709058 orient(+) score(4258.00) noncoding_equivalent(8.02) raw_noncoding(8.02) offset(0.00)
707637	709058	single+	1	3	{GlimmerHMM_glimmerT_4109-T1;GlimmerHMM}

# EVM prediction: Mode:STANDARD S-ratio: 4.21 709882-711323 orient(+) score(1112.00) noncoding_equivalent(264.10) raw_noncoding(742.60) offset(478.51)
709882	709890	initial+	1	3	{GlimmerHMM_glimmerT_4110-T1;GlimmerHMM}
709891	711038	INTRON			{GlimmerHMM_glimmerT_4110-T1;GlimmerHMM}
711039	711323	terminal+	1	3	{GlimmerHMM_glimmerT_4110-T1;GlimmerHMM},{snap_scaffold_9-snap.275-T1;snap}

# EVM prediction: Mode:STANDARD S-ratio: 10000.00 712727-714040 orient(+) score(3942.00) noncoding_equivalent(0.39) raw_noncoding(0.00) offset(0.00)
712727	714040	single+	1	3	{Augustus_model.g3624.t1;Augustus},{GlimmerHMM_glimmerT_4111-T1;GlimmerHMM}

# EVM prediction: Mode:STANDARD S-ratio: 10.93 714746-715783 orient(+) score(2853.00) noncoding_equivalent(261.00) raw_noncoding(261.00) offset(0.00)
714746	715783	single+	1	3	{GlimmerHMM_glimmerT_4112-T1;GlimmerHMM},{Augustus_model.g3625.t1;Augustus}

