!! Predictions spanning range 3750 - 97839 [R1]
# EVM prediction: Mode:STANDARD S-ratio: 6.71 3750-6845 orient(+) score(12345.00) noncoding_equivalent(1841.00) raw_noncoding(1841.00) offset(0.00) 
3750	6845	single+	1	3	{Augustus_model.g4389.t1;Augustus}

# EVM prediction: Mode:STANDARD S-ratio: 4.81 6961-7578 orient(-) score(3068.00) noncoding_equivalent(638.38) raw_noncoding(638.38) offset(0.00) 
7578	6961	single-	4	6	{HiQ_model.g4390.t1;HiQ},{GlimmerHMM_glimmerT_4964-T1;GlimmerHMM}

# EVM prediction: Mode:STANDARD S-ratio: 164.03 7935-12020 orient(+) score(16239.00) noncoding_equivalent(99.00) raw_noncoding(99.00) offset(0.00) 
7935	12020	single+	1	3	{GlimmerHMM_glimmerT_4965-T1;GlimmerHMM},{Augustus_model.g4391.t1;Augustus}

# EVM prediction: Mode:STANDARD S-ratio: 2021.22 12637-15681 orient(+) score(12172.00) noncoding_equivalent(6.02) raw_noncoding(6.02) offset(0.00) 
12637	15681	single+	1	3	{GlimmerHMM_glimmerT_4966-T1;GlimmerHMM},{Augustus_model.g4392.t1;Augustus}

# EVM prediction: Mode:STANDARD S-ratio: 10000.00 16182-17075 orient(+) score(3576.00) noncoding_equivalent(0.36) raw_noncoding(0.00) offset(0.00) 
16182	17075	single+	1	3	{GlimmerHMM_glimmerT_4967-T1;GlimmerHMM},{Augustus_model.g4393.t1;Augustus}

# EVM prediction: Mode:STANDARD S-ratio: 10000.00 18181-19647 orient(+) score(4401.00) noncoding_equivalent(0.44) raw_noncoding(0.00) offset(0.00) 
18181	19647	single+	1	3	{GlimmerHMM_glimmerT_4968-T1;GlimmerHMM},{Augustus_model.g4394.t1;Augustus}

# EVM prediction: Mode:STANDARD S-ratio: 50.10 20646-21704 orient(+) score(3115.00) noncoding_equivalent(62.18) raw_noncoding(62.18) offset(0.00) 
20646	21704	single+	1	3	{GlimmerHMM_glimmerT_4969-T1;GlimmerHMM}

# EVM prediction: Mode:STANDARD S-ratio: 326.03 22358-24058 orient(+) score(6674.00) noncoding_equivalent(20.47) raw_noncoding(20.47) offset(0.00) 
22358	24058	single+	1	3	{GlimmerHMM_glimmerT_4970-T1;GlimmerHMM}

# EVM prediction: Mode:STANDARD S-ratio: 89.23 24524-25438 orient(+) score(2715.00) noncoding_equivalent(30.43) raw_noncoding(30.43) offset(0.00) 
24524	25438	single+	1	3	{Augustus_model.g4396.t1;Augustus}

# EVM prediction: Mode:STANDARD S-ratio: 1.68 26786-28084 orient(-) score(2187.00) noncoding_equivalent(1299.00) raw_noncoding(1710.00) offset(411.00) 
27224	26786	terminal-	6	6	{GlimmerHMM_glimmerT_4972-T1;GlimmerHMM}
27635	27225	INTRON			{GlimmerHMM_glimmerT_4972-T1;GlimmerHMM}
28084	27636	initial-	4	5	{GlimmerHMM_glimmerT_4972-T1;GlimmerHMM}

# EVM prediction: Mode:STANDARD S-ratio: 10000.00 29916-30611 orient(+) score(2784.00) noncoding_equivalent(0.28) raw_noncoding(0.00) offset(0.00) 
29916	30611	single+	1	3	{Augustus_model.g4397.t1;Augustus},{GlimmerHMM_glimmerT_4973-T1;GlimmerHMM}

# EVM prediction: Mode:STANDARD S-ratio: 8.06 30813-31772 orient(-) score(2562.00) noncoding_equivalent(318.00) raw_noncoding(318.00) offset(0.00) 
31772	30813	single-	4	6	{GlimmerHMM_glimmerT_4974-T1;GlimmerHMM},{Augustus_model.g4398.t1;Augustus}

# EVM prediction: Mode:STANDARD S-ratio: 287.28 33114-34274 orient(+) score(4617.00) noncoding_equivalent(16.07) raw_noncoding(16.07) offset(0.00) 
33114	34274	single+	1	3	{Augustus_model.g4399.t1;Augustus},{GlimmerHMM_glimmerT_4975-T1;GlimmerHMM}

# EVM prediction: Mode:STANDARD S-ratio: 6.15 34507-39482 orient(-) score(10528.00) noncoding_equivalent(1711.43) raw_noncoding(2119.69) offset(408.26) 
36979	34507	terminal-	6	6	{Augustus_model.g4400.t1;Augustus},{GlimmerHMM_glimmerT_4976-T1;GlimmerHMM}
38055	36980	INTRON			{GlimmerHMM_glimmerT_4976-T1;GlimmerHMM}
39482	38056	initial-	4	5	{GlimmerHMM_glimmerT_4976-T1;GlimmerHMM}

# EVM prediction: Mode:STANDARD S-ratio: 19.14 39907-40752 orient(-) score(2412.00) noncoding_equivalent(126.00) raw_noncoding(126.00) offset(0.00) 
40752	39907	single-	4	6	{GlimmerHMM_glimmerT_4977-T1;GlimmerHMM},{Augustus_model.g4401.t1;Augustus}

# EVM prediction: Mode:STANDARD S-ratio: 46.93 42365-45613 orient(+) score(9544.00) noncoding_equivalent(203.37) raw_noncoding(203.37) offset(0.00) 
42365	45613	single+	1	3	{GlimmerHMM_glimmerT_4979-T1;GlimmerHMM}

# EVM prediction: Mode:STANDARD S-ratio: 4.56 45742-46533 orient(+) score(2069.00) noncoding_equivalent(454.03) raw_noncoding(1071.16) offset(617.13) 
45742	45748	initial+	1	1	{snap_scaffold_13-snap.51-T1;snap}
45749	46057	INTRON			{snap_scaffold_13-snap.51-T1;snap}
46058	46533	terminal+	2	3	{snap_scaffold_13-snap.51-T1;snap},{Augustus_model.g4402.t1;Augustus}

# EVM prediction: Mode:STANDARD S-ratio: 29.50 46866-47999 orient(+) score(4375.00) noncoding_equivalent(148.30) raw_noncoding(148.30) offset(0.00) 
46866	47999	single+	1	3	{GlimmerHMM_glimmerT_4981-T1;GlimmerHMM},{Augustus_model.g4403.t1;Augustus}

# EVM prediction: Mode:STANDARD S-ratio: 5.00 48219-51014 orient(-) score(13980.00) noncoding_equivalent(2796.00) raw_noncoding(2796.00) offset(0.00) 
51014	48219	single-	4	6	{HiQ_model.g4404.t1;HiQ},{GlimmerHMM_glimmerT_4982-T1;GlimmerHMM}

# EVM prediction: Mode:STANDARD S-ratio: 10000.00 51752-53845 orient(+) score(8370.00) noncoding_equivalent(0.84) raw_noncoding(0.00) offset(0.00) 
51752	53845	single+	1	3	{Augustus_model.g4405.t1;Augustus},{GlimmerHMM_glimmerT_4983-T1;GlimmerHMM}

# EVM prediction: Mode:STANDARD S-ratio: 5.00 54195-56675 orient(-) score(12405.00) noncoding_equivalent(2481.00) raw_noncoding(2481.00) offset(0.00) 
56675	54195	single-	4	6	{HiQ_model.g4406.t1;HiQ},{GlimmerHMM_glimmerT_4984-T1;GlimmerHMM}

# EVM prediction: Mode:STANDARD S-ratio: 10.29 57375-58403 orient(+) score(3861.00) noncoding_equivalent(375.18) raw_noncoding(423.18) offset(48.00) 
57375	57394	initial+	1	2	{GlimmerHMM_glimmerT_4985-T1;GlimmerHMM},{Augustus_model.g4407.t1;Augustus}
57395	57481	INTRON			{GlimmerHMM_glimmerT_4985-T1;GlimmerHMM},{Augustus_model.g4407.t1;Augustus},{ev_type:exonerate/ID=match.177006.2982/Target=YIL106W;exonerate}
57482	58403	terminal+	3	3	{GlimmerHMM_glimmerT_4985-T1;GlimmerHMM},{Augustus_model.g4407.t1;Augustus}

# EVM prediction: Mode:STANDARD S-ratio: 4.45 58518-60554 orient(-) score(9981.00) noncoding_equivalent(2241.00) raw_noncoding(2241.00) offset(0.00) 
60554	58518	single-	4	6	{GlimmerHMM_glimmerT_4986-T1;GlimmerHMM},{HiQ_model.g4408.t1;HiQ}

# EVM prediction: Mode:STANDARD S-ratio: 4.75 60899-62419 orient(-) score(7534.00) noncoding_equivalent(1584.99) raw_noncoding(1584.99) offset(0.00) 
62419	60899	single-	4	6	{GlimmerHMM_glimmerT_4987-T1;GlimmerHMM},{HiQ_model.g4409.t1;HiQ}

# EVM prediction: Mode:STANDARD S-ratio: 3.00 62650-63936 orient(+) score(3849.00) noncoding_equivalent(1284.34) raw_noncoding(1284.34) offset(0.00) 
62650	63936	single+	1	3	{Augustus_model.g4410.t1;Augustus},{GlimmerHMM_glimmerT_4988-T1;GlimmerHMM}

# EVM prediction: Mode:STANDARD S-ratio: 8.09 66278-67975 orient(-) score(4535.00) noncoding_equivalent(560.60) raw_noncoding(560.60) offset(0.00) 
67975	66278	single-	4	6	{GlimmerHMM_glimmerT_4989-T1;GlimmerHMM}

# EVM prediction: Mode:STANDARD S-ratio: 10000.00 68805-70463 orient(+) score(4977.00) noncoding_equivalent(0.50) raw_noncoding(0.00) offset(0.00) 
68805	70463	single+	1	3	{Augustus_model.g4412.t1;Augustus},{GlimmerHMM_glimmerT_4990-T1;GlimmerHMM}

# EVM prediction: Mode:STANDARD S-ratio: 9.77 70578-71045 orient(-) score(1272.00) noncoding_equivalent(130.14) raw_noncoding(130.14) offset(0.00) 
71045	70578	single-	4	6	{GlimmerHMM_glimmerT_4991-T1;GlimmerHMM},{Augustus_model.g4413.t1;Augustus}

# EVM prediction: Mode:STANDARD S-ratio: 4.00 71222-72772 orient(+) score(6204.00) noncoding_equivalent(1552.65) raw_noncoding(1552.65) offset(0.00) 
71222	72772	single+	1	3	{Augustus_model.g4414.t1;Augustus},{GlimmerHMM_glimmerT_4992-T1;GlimmerHMM}

# EVM prediction: Mode:STANDARD S-ratio: 4.87 72943-73953 orient(-) score(5031.00) noncoding_equivalent(1033.18) raw_noncoding(1033.18) offset(0.00) 
73953	72943	single-	4	6	{GlimmerHMM_glimmerT_4993-T1;GlimmerHMM},{HiQ_model.g4415.t1;HiQ}

# EVM prediction: Mode:STANDARD S-ratio: 10000.00 74781-77201 orient(+) score(7263.00) noncoding_equivalent(0.73) raw_noncoding(0.00) offset(0.00) 
74781	77201	single+	1	3	{GlimmerHMM_glimmerT_4994-T1;GlimmerHMM},{Augustus_model.g4416.t1;Augustus}

# EVM prediction: Mode:STANDARD S-ratio: 4.84 77382-78497 orient(-) score(5549.00) noncoding_equivalent(1145.61) raw_noncoding(1145.61) offset(0.00) 
78497	77382	single-	4	6	{HiQ_model.g4417.t1;HiQ},{GlimmerHMM_glimmerT_4995-T1;GlimmerHMM}

# EVM prediction: Mode:STANDARD S-ratio: 5.00 78851-79645 orient(-) score(3975.00) noncoding_equivalent(795.00) raw_noncoding(795.00) offset(0.00) 
79645	78851	single-	4	6	{HiQ_model.g4418.t1;HiQ},{GlimmerHMM_glimmerT_4996-T1;GlimmerHMM}

# EVM prediction: Mode:STANDARD S-ratio: 72.39 80022-81842 orient(+) score(5388.00) noncoding_equivalent(74.43) raw_noncoding(74.43) offset(0.00) 
80022	81842	single+	1	3	{Augustus_model.g4419.t1;Augustus}

# EVM prediction: Mode:STANDARD S-ratio: 4.66 81900-84071 orient(-) score(10731.00) noncoding_equivalent(2301.00) raw_noncoding(2301.00) offset(0.00) 
84071	81900	single-	4	6	{GlimmerHMM_glimmerT_4998-T1;GlimmerHMM},{HiQ_model.g4420.t1;HiQ}

# EVM prediction: Mode:STANDARD S-ratio: 19.20 84468-85943 orient(+) score(5607.00) noncoding_equivalent(292.00) raw_noncoding(292.00) offset(0.00) 
84468	85943	single+	1	3	{GlimmerHMM_glimmerT_4999-T1;GlimmerHMM},{Augustus_model.g4421.t1;Augustus}

# EVM prediction: Mode:STANDARD S-ratio: 3.72 89174-90649 orient(-) score(6980.00) noncoding_equivalent(1874.94) raw_noncoding(1874.94) offset(0.00) 
90649	89174	single-	4	6	{GlimmerHMM_glimmerT_5001-T1;GlimmerHMM},{HiQ_model.g4422.t1;HiQ}

# EVM prediction: Mode:STANDARD S-ratio: 2.02 90887-91360 orient(-) score(1903.00) noncoding_equivalent(941.50) raw_noncoding(941.50) offset(0.00) 
91360	90887	single-	4	6	{GlimmerHMM_glimmerT_5002-T1;GlimmerHMM},{HiQ_model.g4423.t1;HiQ}

# EVM prediction: Mode:STANDARD S-ratio: 3.97 91725-93278 orient(-) score(7443.00) noncoding_equivalent(1875.00) raw_noncoding(1875.00) offset(0.00) 
93278	91725	single-	4	6	{GlimmerHMM_glimmerT_5003-T1;GlimmerHMM},{HiQ_model.g4424.t1;HiQ}

# EVM prediction: Mode:STANDARD S-ratio: 5.00 93521-94504 orient(-) score(4920.00) noncoding_equivalent(984.00) raw_noncoding(984.00) offset(0.00) 
94504	93521	single-	4	6	{HiQ_model.g4425.t1;HiQ},{GlimmerHMM_glimmerT_5004-T1;GlimmerHMM}

# EVM prediction: Mode:STANDARD S-ratio: 4.98 94788-95900 orient(-) score(5547.00) noncoding_equivalent(1113.00) raw_noncoding(1113.00) offset(0.00) 
95900	94788	single-	4	6	{HiQ_model.g4426.t1;HiQ},{GlimmerHMM_glimmerT_5005-T1;GlimmerHMM}

# EVM prediction: Mode:STANDARD S-ratio: 13.33 96748-97839 orient(-) score(3048.00) noncoding_equivalent(228.59) raw_noncoding(228.59) offset(0.00) 
97839	96748	single-	4	6	{GlimmerHMM_glimmerT_5006-T1;GlimmerHMM}

