!! Predictions spanning range 455 - 98627 [R1]
# EVM prediction: Mode:STANDARD S-ratio: 43.61 455-1480 orient(+) score(3009.00) noncoding_equivalent(69.00) raw_noncoding(69.00) offset(0.00) 
455	1480	single+	1	3	{Augustus_model.g1688.t1;Augustus}

# EVM prediction: Mode:STANDARD S-ratio: 34.15 1788-3404 orient(-) score(4713.00) noncoding_equivalent(138.00) raw_noncoding(138.00) offset(0.00) 
3404	1788	single-	4	6	{Augustus_model.g1689.t1;Augustus},{GlimmerHMM_glimmerT_1837-T1;GlimmerHMM}

# EVM prediction: Mode:STANDARD S-ratio: 3.00 3622-4161 orient(+) score(1620.00) noncoding_equivalent(540.00) raw_noncoding(540.00) offset(0.00) 
3622	4161	single+	1	3	{Augustus_model.g1690.t1;Augustus},{GlimmerHMM_glimmerT_1838-T1;GlimmerHMM}

# EVM prediction: Mode:STANDARD S-ratio: 5.00 4173-4925 orient(-) score(3765.00) noncoding_equivalent(753.00) raw_noncoding(753.00) offset(0.00) 
4925	4173	single-	4	6	{HiQ_model.g1691.t1;HiQ},{GlimmerHMM_glimmerT_1839-T1;GlimmerHMM}

# EVM prediction: Mode:STANDARD S-ratio: 4.96 5497-7125 orient(-) score(8133.00) noncoding_equivalent(1641.00) raw_noncoding(1641.00) offset(0.00) 
7125	5497	single-	4	6	{GlimmerHMM_glimmerT_1840-T1;GlimmerHMM},{HiQ_model.g1692.t1;HiQ}

# EVM prediction: Mode:STANDARD S-ratio: 61.77 7664-13282 orient(-) score(22113.00) noncoding_equivalent(358.00) raw_noncoding(358.00) offset(0.00) 
13282	7664	single-	4	6	{Augustus_model.g1693.t1;Augustus},{GlimmerHMM_glimmerT_1841-T1;GlimmerHMM}

# EVM prediction: Mode:STANDARD S-ratio: 10000.00 14453-15175 orient(+) score(2892.00) noncoding_equivalent(0.29) raw_noncoding(0.00) offset(0.00) 
14453	15175	single+	1	3	{Augustus_model.g1694.t1;Augustus},{GlimmerHMM_glimmerT_1842-T1;GlimmerHMM}

# EVM prediction: Mode:STANDARD S-ratio: 4.60 15451-16473 orient(-) score(5041.00) noncoding_equivalent(1095.49) raw_noncoding(1095.49) offset(0.00) 
16473	15451	single-	4	6	{GlimmerHMM_glimmerT_1843-T1;GlimmerHMM},{HiQ_model.g1695.t1;HiQ}

# EVM prediction: Mode:STANDARD S-ratio: 5.00 16830-18086 orient(-) score(6285.00) noncoding_equivalent(1257.00) raw_noncoding(1257.00) offset(0.00) 
18086	16830	single-	4	6	{GlimmerHMM_glimmerT_1844-T1;GlimmerHMM},{HiQ_model.g1696.t1;HiQ}

# EVM prediction: Mode:STANDARD S-ratio: 6.00 19541-21316 orient(-) score(10656.00) noncoding_equivalent(1776.00) raw_noncoding(1776.00) offset(0.00) 
21316	19541	single-	4	6	{HiQ_model.g1697.t1;HiQ},{GlimmerHMM_glimmerT_1845-T1;GlimmerHMM}

# EVM prediction: Mode:STANDARD S-ratio: 6.00 21977-22591 orient(-) score(3690.00) noncoding_equivalent(615.00) raw_noncoding(615.00) offset(0.00) 
22591	21977	single-	4	6	{GlimmerHMM_glimmerT_1846-T1;GlimmerHMM},{HiQ_model.g1698.t1;HiQ}

# EVM prediction: Mode:STANDARD S-ratio: 19.81 23291-24082 orient(+) score(3017.00) noncoding_equivalent(152.33) raw_noncoding(152.33) offset(0.00) 
23291	24082	single+	1	3	{GlimmerHMM_glimmerT_1847-T1;GlimmerHMM}

# EVM prediction: Mode:STANDARD S-ratio: 43.00 24226-24786 orient(+) score(2193.00) noncoding_equivalent(51.00) raw_noncoding(51.00) offset(0.00) 
24226	24786	single+	1	3	{GlimmerHMM_glimmerT_1848-T1;GlimmerHMM}

# EVM prediction: Mode:STANDARD S-ratio: 10000.00 24992-28501 orient(+) score(10530.00) noncoding_equivalent(1.05) raw_noncoding(0.00) offset(0.00) 
24992	28501	single+	1	3	{GlimmerHMM_glimmerT_1849-T1;GlimmerHMM},{Augustus_model.g1700.t1;Augustus}

# EVM prediction: Mode:STANDARD S-ratio: 44.73 28762-30270 orient(+) score(5904.00) noncoding_equivalent(132.00) raw_noncoding(132.00) offset(0.00) 
28762	30270	single+	1	3	{GlimmerHMM_glimmerT_1850-T1;GlimmerHMM},{Augustus_model.g1701.t1;Augustus}

# EVM prediction: Mode:STANDARD S-ratio: 4.31 30513-31934 orient(-) score(6924.00) noncoding_equivalent(1608.00) raw_noncoding(1608.00) offset(0.00) 
31934	30513	single-	4	6	{GlimmerHMM_glimmerT_1851-T1;GlimmerHMM},{HiQ_model.g1702.t1;HiQ}

# EVM prediction: Mode:STANDARD S-ratio: 4.93 32370-34457 orient(-) score(10415.00) noncoding_equivalent(2111.05) raw_noncoding(2111.05) offset(0.00) 
34457	32370	single-	4	6	{HiQ_model.g1703.t1;HiQ},{GlimmerHMM_glimmerT_1852-T1;GlimmerHMM}

# EVM prediction: Mode:STANDARD S-ratio: 15.67 35441-38908 orient(-) score(9780.00) noncoding_equivalent(624.00) raw_noncoding(624.00) offset(0.00) 
38908	35441	single-	4	6	{GlimmerHMM_glimmerT_1853-T1;GlimmerHMM},{Augustus_model.g1704.t1;Augustus}

# EVM prediction: Mode:STANDARD S-ratio: 10000.00 39387-40709 orient(-) score(3969.00) noncoding_equivalent(0.40) raw_noncoding(0.00) offset(0.00) 
40709	39387	single-	4	6	{GlimmerHMM_glimmerT_1854-T1;GlimmerHMM},{Augustus_model.g1705.t1;Augustus}

# EVM prediction: Mode:STANDARD S-ratio: 10000.00 42686-43060 orient(-) score(1125.00) noncoding_equivalent(0.11) raw_noncoding(0.00) offset(0.00) 
43060	42686	single-	4	6	{Augustus_model.g1706.t1;Augustus},{GlimmerHMM_glimmerT_1855-T1;GlimmerHMM}

# EVM prediction: Mode:STANDARD S-ratio: 2.00 44922-45173 orient(-) score(1008.00) noncoding_equivalent(504.00) raw_noncoding(504.00) offset(0.00) 
45173	44922	single-	4	6	{GlimmerHMM_glimmerT_1856-T1;GlimmerHMM},{HiQ_model.g1707.t1;HiQ}

# EVM prediction: Mode:STANDARD S-ratio: 4.59 45427-48597 orient(-) score(15623.00) noncoding_equivalent(3401.62) raw_noncoding(3401.62) offset(0.00) 
48597	45427	single-	4	6	{HiQ_model.g1708.t1;HiQ}

# EVM prediction: Mode:STANDARD S-ratio: 4.51 48909-49583 orient(-) score(3313.00) noncoding_equivalent(735.11) raw_noncoding(735.11) offset(0.00) 
49583	48909	single-	4	6	{GlimmerHMM_glimmerT_1858-T1;GlimmerHMM},{HiQ_model.g1709.t1;HiQ}

# EVM prediction: Mode:STANDARD S-ratio: 2.00 49967-50452 orient(-) score(1944.00) noncoding_equivalent(972.87) raw_noncoding(972.87) offset(0.00) 
50452	49967	single-	4	6	{HiQ_model.g1710.t1;HiQ},{GlimmerHMM_glimmerT_1859-T1;GlimmerHMM}

# EVM prediction: Mode:STANDARD S-ratio: 4.56 51703-52014 orient(-) score(1534.00) noncoding_equivalent(336.33) raw_noncoding(336.33) offset(0.00) 
52014	51703	single-	4	6	{GlimmerHMM_glimmerT_1860-T1;GlimmerHMM},{HiQ_model.g1711.t1;HiQ}

# EVM prediction: Mode:STANDARD S-ratio: 5.00 52391-54082 orient(-) score(8460.00) noncoding_equivalent(1692.00) raw_noncoding(1692.00) offset(0.00) 
54082	52391	single-	4	6	{HiQ_model.g1712.t1;HiQ},{GlimmerHMM_glimmerT_1861-T1;GlimmerHMM}

# EVM prediction: Mode:STANDARD S-ratio: 5.00 55038-57704 orient(-) score(13335.00) noncoding_equivalent(2667.00) raw_noncoding(2667.00) offset(0.00) 
57704	55038	single-	4	6	{GlimmerHMM_glimmerT_1862-T1;GlimmerHMM},{HiQ_model.g1713.t1;HiQ}

# EVM prediction: Mode:STANDARD S-ratio: 1.58 58002-58814 orient(-) score(2991.00) noncoding_equivalent(1888.02) raw_noncoding(1888.02) offset(0.00) 
58814	58002	single-	4	6	{HiQ_model.g1714.t1;HiQ}

# EVM prediction: Mode:STANDARD S-ratio: 2.97 59348-61408 orient(-) score(9252.00) noncoding_equivalent(3114.00) raw_noncoding(3114.00) offset(0.00) 
61408	59348	single-	4	6	{GlimmerHMM_glimmerT_1864-T1;GlimmerHMM},{HiQ_model.g1715.t1;HiQ}

# EVM prediction: Mode:STANDARD S-ratio: 6.06 62233-63350 orient(+) score(4486.00) noncoding_equivalent(740.63) raw_noncoding(1457.59) offset(716.96) 
62233	62322	initial+	1	3	{Augustus_model.g1716.t1;Augustus}
62323	62681	INTRON			{Augustus_model.g1716.t1;Augustus},{ev_type:exonerate/ID=match.133146.6863/Target=YGR214W;exonerate},{ev_type:exonerate/ID=match.133146.1998/Target=YLR048W;exonerate}
62682	63350	terminal+	1	3	{Augustus_model.g1716.t1;Augustus}

# EVM prediction: Mode:STANDARD S-ratio: 4.64 63887-65173 orient(-) score(6354.00) noncoding_equivalent(1368.00) raw_noncoding(1368.00) offset(0.00) 
65173	63887	single-	4	6	{HiQ_model.g1717.t1;HiQ}

# EVM prediction: Mode:STANDARD S-ratio: 2.00 65588-66073 orient(-) score(1944.00) noncoding_equivalent(972.00) raw_noncoding(972.00) offset(0.00) 
66073	65588	single-	4	6	{GlimmerHMM_glimmerT_1867-T1;GlimmerHMM},{HiQ_model.g1718.t1;HiQ}

# EVM prediction: Mode:STANDARD S-ratio: 5.00 66325-66978 orient(-) score(3270.00) noncoding_equivalent(654.00) raw_noncoding(654.00) offset(0.00) 
66978	66325	single-	4	6	{HiQ_model.g1719.t1;HiQ},{GlimmerHMM_glimmerT_1868-T1;GlimmerHMM}

# EVM prediction: Mode:STANDARD S-ratio: 42.65 67202-67954 orient(+) score(2943.00) noncoding_equivalent(69.00) raw_noncoding(69.00) offset(0.00) 
67202	67954	single+	1	3	{Augustus_model.g1720.t1;Augustus},{GlimmerHMM_glimmerT_1869-T1;GlimmerHMM}

# EVM prediction: Mode:STANDARD S-ratio: 2.00 68101-68427 orient(-) score(1308.00) noncoding_equivalent(654.00) raw_noncoding(654.00) offset(0.00) 
68427	68101	single-	4	6	{HiQ_model.g1721.t1;HiQ},{GlimmerHMM_glimmerT_1870-T1;GlimmerHMM}

# EVM prediction: Mode:STANDARD S-ratio: 42.59 68718-70979 orient(-) score(8922.00) noncoding_equivalent(209.48) raw_noncoding(299.18) offset(89.69) 
70861	68718	terminal-	5	6	{GlimmerHMM_glimmerT_1871-T1;GlimmerHMM},{snap_scaffold_4-snap.98-T1;snap}
70948	70862	INTRON			{GlimmerHMM_glimmerT_1871-T1;GlimmerHMM},{Augustus_model.g1722.t1;Augustus},{ev_type:exonerate/ID=match.133146.1564/Target=YLR054C;exonerate}
70979	70949	initial-	4	4	{GlimmerHMM_glimmerT_1871-T1;GlimmerHMM},{Augustus_model.g1722.t1;Augustus}

# EVM prediction: Mode:STANDARD S-ratio: 4.91 71273-73081 orient(-) score(9018.00) noncoding_equivalent(1836.00) raw_noncoding(1836.00) offset(0.00) 
73081	71273	single-	4	6	{HiQ_model.g1723.t1;HiQ},{GlimmerHMM_glimmerT_1872-T1;GlimmerHMM}

# EVM prediction: Mode:STANDARD S-ratio: 10000.00 73862-74959 orient(+) score(4392.00) noncoding_equivalent(0.44) raw_noncoding(0.00) offset(0.00) 
73862	74959	single+	1	3	{GlimmerHMM_glimmerT_1873-T1;GlimmerHMM},{Augustus_model.g1724.t1;Augustus}

# EVM prediction: Mode:STANDARD S-ratio: 280.12 75307-77856 orient(+) score(10162.00) noncoding_equivalent(36.28) raw_noncoding(36.28) offset(0.00) 
75307	77856	single+	1	3	{GlimmerHMM_glimmerT_1874-T1;GlimmerHMM},{Augustus_model.g1725.t1;Augustus}

# EVM prediction: Mode:STANDARD S-ratio: 5.00 77993-79402 orient(-) score(7050.00) noncoding_equivalent(1410.00) raw_noncoding(1410.00) offset(0.00) 
79402	77993	single-	4	6	{GlimmerHMM_glimmerT_1875-T1;GlimmerHMM},{HiQ_model.g1726.t1;HiQ}

# EVM prediction: Mode:STANDARD S-ratio: 3.89 79739-80548 orient(-) score(3867.00) noncoding_equivalent(993.00) raw_noncoding(993.00) offset(0.00) 
80548	79739	single-	4	6	{HiQ_model.g1727.t1;HiQ}

# EVM prediction: Mode:STANDARD S-ratio: 593.58 80980-82767 orient(+) score(7140.00) noncoding_equivalent(12.03) raw_noncoding(12.03) offset(0.00) 
80980	82767	single+	1	3	{GlimmerHMM_glimmerT_1877-T1;GlimmerHMM}

# EVM prediction: Mode:STANDARD S-ratio: 6.57 83350-83949 orient(+) score(1662.00) noncoding_equivalent(253.02) raw_noncoding(709.58) offset(456.56) 
83350	83358	initial+	1	3	{snap_scaffold_4-snap.105-T1;snap}
83359	83595	INTRON			{snap_scaffold_4-snap.105-T1;snap}
83596	83949	terminal+	1	3	{snap_scaffold_4-snap.105-T1;snap},{Augustus_model.g1728.t1;Augustus}

# EVM prediction: Mode:STANDARD S-ratio: 17.70 84260-85255 orient(+) score(3771.00) noncoding_equivalent(213.00) raw_noncoding(213.00) offset(0.00) 
84260	85255	single+	1	3	{Augustus_model.g1729.t1;Augustus},{GlimmerHMM_glimmerT_1879-T1;GlimmerHMM}

# EVM prediction: Mode:STANDARD S-ratio: 1.00 85457-86278 orient(+) score(1644.00) noncoding_equivalent(1644.00) raw_noncoding(1644.00) offset(0.00) 
85457	86278	single+	1	3	{GlimmerHMM_glimmerT_1880-T1;GlimmerHMM}

# EVM prediction: Mode:STANDARD S-ratio: 3.99 86374-86919 orient(-) score(2619.00) noncoding_equivalent(657.00) raw_noncoding(657.00) offset(0.00) 
86919	86374	single-	4	6	{HiQ_model.g1730.t1;HiQ},{GlimmerHMM_glimmerT_1881-T1;GlimmerHMM}

# EVM prediction: Mode:STANDARD S-ratio: 10.94 87170-87724 orient(+) score(2034.00) noncoding_equivalent(186.00) raw_noncoding(186.00) offset(0.00) 
87170	87724	single+	1	3	{GlimmerHMM_glimmerT_1882-T1;GlimmerHMM},{Augustus_model.g1731.t1;Augustus}

# EVM prediction: Mode:STANDARD S-ratio: 4.99 87814-90711 orient(-) score(14482.00) noncoding_equivalent(2904.05) raw_noncoding(2904.05) offset(0.00) 
90711	87814	single-	4	6	{HiQ_model.g1732.t1;HiQ},{GlimmerHMM_glimmerT_1883-T1;GlimmerHMM}

# EVM prediction: Mode:STANDARD S-ratio: 10000.00 91009-91464 orient(+) score(1818.00) noncoding_equivalent(0.18) raw_noncoding(0.00) offset(0.00) 
91009	91464	single+	1	3	{Augustus_model.g1733.t1;Augustus},{GlimmerHMM_glimmerT_1884-T1;GlimmerHMM}

# EVM prediction: Mode:STANDARD S-ratio: 57.62 91631-93916 orient(-) score(6741.00) noncoding_equivalent(117.00) raw_noncoding(117.00) offset(0.00) 
93916	91631	single-	4	6	{GlimmerHMM_glimmerT_1885-T1;GlimmerHMM}

# EVM prediction: Mode:STANDARD S-ratio: 3.89 94142-95212 orient(-) score(5112.00) noncoding_equivalent(1314.00) raw_noncoding(1314.00) offset(0.00) 
95212	94142	single-	4	6	{GlimmerHMM_glimmerT_1886-T1;GlimmerHMM},{HiQ_model.g1735.t1;HiQ}

# EVM prediction: Mode:STANDARD S-ratio: 4.97 95379-98627 orient(-) score(16229.00) noncoding_equivalent(3263.07) raw_noncoding(3263.07) offset(0.00) 
98627	95379	single-	4	6	{HiQ_model.g1736.t1;HiQ},{GlimmerHMM_glimmerT_1887-T1;GlimmerHMM}

