!! Predictions spanning range 1362 - 99898 [R1]
# EVM prediction: Mode:STANDARD S-ratio: 4.45 1362-2609 orient(-) score(6114.00) noncoding_equivalent(1374.00) raw_noncoding(1374.00) offset(0.00) 
2609	1362	single-	4	6	{GlimmerHMM_glimmerT_3614-T1;GlimmerHMM},{HiQ_model.g3327.t1;HiQ}

# EVM prediction: Mode:STANDARD S-ratio: 200.33 2915-5179 orient(+) score(9015.00) noncoding_equivalent(45.00) raw_noncoding(45.00) offset(0.00) 
2915	5179	single+	1	3	{GlimmerHMM_glimmerT_3615-T1;GlimmerHMM},{Augustus_model.g3328.t1;Augustus}

# EVM prediction: Mode:STANDARD S-ratio: 10000.00 5580-6350 orient(+) score(3068.00) noncoding_equivalent(0.31) raw_noncoding(0.00) offset(0.00) 
5580	6350	single+	1	3	{GlimmerHMM_glimmerT_3616-T1;GlimmerHMM},{Augustus_model.g3329.t1;Augustus}

# EVM prediction: Mode:STANDARD S-ratio: 2.83 6355-6886 orient(-) score(1504.00) noncoding_equivalent(532.00) raw_noncoding(578.00) offset(46.00) 
6402	6355	terminal-	4	6	{Augustus_model.g3330.t1;Augustus}
6448	6403	INTRON			{Augustus_model.g3330.t1;Augustus}
6886	6449	initial-	4	6	{Augustus_model.g3330.t1;Augustus}

# EVM prediction: Mode:STANDARD S-ratio: 5.00 7171-7497 orient(-) score(1635.00) noncoding_equivalent(327.00) raw_noncoding(327.00) offset(0.00) 
7497	7171	single-	4	6	{HiQ_model.g3331.t1;HiQ},{GlimmerHMM_glimmerT_3618-T1;GlimmerHMM}

# EVM prediction: Mode:STANDARD S-ratio: 10000.00 8052-10958 orient(+) score(11628.00) noncoding_equivalent(1.16) raw_noncoding(0.00) offset(0.00) 
8052	10958	single+	1	3	{Augustus_model.g3332.t1;Augustus},{GlimmerHMM_glimmerT_3619-T1;GlimmerHMM}

# EVM prediction: Mode:STANDARD S-ratio: 41.53 11325-16103 orient(+) score(18665.00) noncoding_equivalent(449.46) raw_noncoding(449.46) offset(0.00) 
11325	16103	single+	1	3	{Augustus_model.g3333.t1;Augustus}

# EVM prediction: Mode:STANDARD S-ratio: 5.00 16427-17944 orient(-) score(7584.00) noncoding_equivalent(1518.00) raw_noncoding(1518.00) offset(0.00) 
17944	16427	single-	4	6	{HiQ_model.g3334.t1;HiQ},{GlimmerHMM_glimmerT_3621-T1;GlimmerHMM}

# EVM prediction: Mode:STANDARD S-ratio: 4.39 18503-19978 orient(-) score(7212.00) noncoding_equivalent(1644.00) raw_noncoding(1644.00) offset(0.00) 
19978	18503	single-	4	6	{GlimmerHMM_glimmerT_3622-T1;GlimmerHMM},{HiQ_model.g3335.t1;HiQ}

# EVM prediction: Mode:STANDARD S-ratio: 10000.00 20570-21934 orient(+) score(5460.00) noncoding_equivalent(0.55) raw_noncoding(0.00) offset(0.00) 
20570	21934	single+	1	3	{Augustus_model.g3336.t1;Augustus},{GlimmerHMM_glimmerT_3623-T1;GlimmerHMM}

# EVM prediction: Mode:STANDARD S-ratio: 40.79 22429-24873 orient(+) score(9546.00) noncoding_equivalent(234.00) raw_noncoding(234.00) offset(0.00) 
22429	24873	single+	1	3	{GlimmerHMM_glimmerT_3624-T1;GlimmerHMM},{Augustus_model.g3337.t1;Augustus}

# EVM prediction: Mode:STANDARD S-ratio: 139.16 25189-26568 orient(+) score(5479.00) noncoding_equivalent(39.37) raw_noncoding(39.37) offset(0.00) 
25189	26568	single+	1	3	{GlimmerHMM_glimmerT_3625-T1;GlimmerHMM},{Augustus_model.g3338.t1;Augustus}

# EVM prediction: Mode:STANDARD S-ratio: 16.49 26934-29855 orient(+) score(11020.00) noncoding_equivalent(668.14) raw_noncoding(668.14) offset(0.00) 
26934	29855	single+	1	3	{GlimmerHMM_glimmerT_3626-T1;GlimmerHMM}

# EVM prediction: Mode:STANDARD S-ratio: 9.68 29927-31514 orient(+) score(5335.00) noncoding_equivalent(551.10) raw_noncoding(869.96) offset(318.86) 
29927	29932	initial+	1	3	{snap_scaffold_8-snap.82-T1;snap}
29933	30092	INTRON			{snap_scaffold_8-snap.82-T1;snap}
30093	31514	terminal+	1	3	{snap_scaffold_8-snap.82-T1;snap}

# EVM prediction: Mode:STANDARD S-ratio: 2.98 31923-34601 orient(+) score(8023.00) noncoding_equivalent(2693.30) raw_noncoding(2693.30) offset(0.00) 
31923	34601	single+	1	3	{GlimmerHMM_glimmerT_3628-T1;GlimmerHMM}

# EVM prediction: Mode:STANDARD S-ratio: 42.15 34924-35802 orient(+) score(3431.00) noncoding_equivalent(81.40) raw_noncoding(81.40) offset(0.00) 
34924	35802	single+	1	3	{GlimmerHMM_glimmerT_3629-T1;GlimmerHMM}

# EVM prediction: Mode:STANDARD S-ratio: 10000.00 35988-37043 orient(-) score(3168.00) noncoding_equivalent(0.32) raw_noncoding(0.00) offset(0.00) 
37043	35988	single-	4	6	{Augustus_model.g3340.t1;Augustus},{GlimmerHMM_glimmerT_3630-T1;GlimmerHMM}

# EVM prediction: Mode:STANDARD S-ratio: 4.55 37524-38663 orient(-) score(5607.00) noncoding_equivalent(1232.24) raw_noncoding(1232.24) offset(0.00) 
38663	37524	single-	4	6	{GlimmerHMM_glimmerT_3631-T1;GlimmerHMM},{HiQ_model.g3341.t1;HiQ}

# EVM prediction: Mode:STANDARD S-ratio: 3.94 39138-40202 orient(-) score(5097.00) noncoding_equivalent(1293.00) raw_noncoding(1293.00) offset(0.00) 
40202	39138	single-	4	6	{HiQ_model.g3342.t1;HiQ}

# EVM prediction: Mode:STANDARD S-ratio: 28.07 40660-42432 orient(-) score(5136.00) noncoding_equivalent(183.00) raw_noncoding(183.00) offset(0.00) 
42432	40660	single-	4	6	{Augustus_model.g3343.t1;Augustus},{GlimmerHMM_glimmerT_3633-T1;GlimmerHMM}

# EVM prediction: Mode:STANDARD S-ratio: 4.81 42725-44470 orient(-) score(8673.00) noncoding_equivalent(1803.00) raw_noncoding(1803.00) offset(0.00) 
44470	42725	single-	4	6	{GlimmerHMM_glimmerT_3634-T1;GlimmerHMM},{HiQ_model.g3344.t1;HiQ}

# EVM prediction: Mode:STANDARD S-ratio: 4.18 44797-47100 orient(-) score(11148.00) noncoding_equivalent(2668.24) raw_noncoding(2668.24) offset(0.00) 
47100	44797	single-	4	6	{GlimmerHMM_glimmerT_3635-T1;GlimmerHMM},{HiQ_model.g3345.t1;HiQ}

# EVM prediction: Mode:STANDARD S-ratio: 982.39 47371-48855 orient(+) score(5932.00) noncoding_equivalent(6.04) raw_noncoding(6.04) offset(0.00) 
47371	48855	single+	1	3	{Augustus_model.g3346.t1;Augustus}

# EVM prediction: Mode:STANDARD S-ratio: 24.09 49095-49715 orient(+) score(2385.00) noncoding_equivalent(99.00) raw_noncoding(99.00) offset(0.00) 
49095	49715	single+	1	3	{GlimmerHMM_glimmerT_3637-T1;GlimmerHMM}

# EVM prediction: Mode:STANDARD S-ratio: 2.00 51069-53696 orient(-) score(10512.00) noncoding_equivalent(5256.00) raw_noncoding(5256.00) offset(0.00) 
53696	51069	single-	4	6	{HiQ_model.g3348.t1;HiQ},{GlimmerHMM_glimmerT_3638-T1;GlimmerHMM}

# EVM prediction: Mode:STANDARD S-ratio: 10000.00 54414-55715 orient(+) score(5208.00) noncoding_equivalent(0.52) raw_noncoding(0.00) offset(0.00) 
54414	55715	single+	1	3	{Augustus_model.g3349.t1;Augustus},{GlimmerHMM_glimmerT_3639-T1;GlimmerHMM}

# EVM prediction: Mode:STANDARD S-ratio: 4.78 55997-57664 orient(-) score(8274.00) noncoding_equivalent(1732.50) raw_noncoding(1732.50) offset(0.00) 
57664	55997	single-	4	6	{GlimmerHMM_glimmerT_3640-T1;GlimmerHMM},{HiQ_model.g3350.t1;HiQ}

# EVM prediction: Mode:STANDARD S-ratio: 91.84 58239-60002 orient(+) score(5235.00) noncoding_equivalent(57.00) raw_noncoding(57.00) offset(0.00) 
58239	60002	single+	1	3	{Augustus_model.g3351.t1;Augustus},{GlimmerHMM_glimmerT_3641-T1;GlimmerHMM}

# EVM prediction: Mode:STANDARD S-ratio: 22.78 60332-61312 orient(+) score(3759.00) noncoding_equivalent(165.00) raw_noncoding(165.00) offset(0.00) 
60332	61312	single+	1	3	{Augustus_model.g3352.t1;Augustus},{GlimmerHMM_glimmerT_3642-T1;GlimmerHMM}

# EVM prediction: Mode:STANDARD S-ratio: 10000.00 61690-64173 orient(+) score(9930.00) noncoding_equivalent(0.99) raw_noncoding(0.00) offset(0.00) 
61690	64173	single+	1	3	{Augustus_model.g3353.t1;Augustus},{GlimmerHMM_glimmerT_3643-T1;GlimmerHMM}

# EVM prediction: Mode:STANDARD S-ratio: 71.10 64469-65431 orient(+) score(3793.00) noncoding_equivalent(53.35) raw_noncoding(53.35) offset(0.00) 
64469	65431	single+	1	3	{GlimmerHMM_glimmerT_3644-T1;GlimmerHMM}

# EVM prediction: Mode:STANDARD S-ratio: 2.60 65618-66217 orient(+) score(1733.00) noncoding_equivalent(665.43) raw_noncoding(665.43) offset(0.00) 
65618	66217	single+	1	3	{GlimmerHMM_glimmerT_3645-T1;GlimmerHMM}

# EVM prediction: Mode:STANDARD S-ratio: 2.01 66461-67105 orient(-) score(2580.00) noncoding_equivalent(1281.60) raw_noncoding(1281.60) offset(0.00) 
67105	66461	single-	4	6	{GlimmerHMM_glimmerT_3646-T1;GlimmerHMM},{HiQ_model.g3355.t1;HiQ}

# EVM prediction: Mode:STANDARD S-ratio: 718.89 67462-69810 orient(+) score(9381.00) noncoding_equivalent(13.05) raw_noncoding(13.05) offset(0.00) 
67462	69810	single+	1	3	{GlimmerHMM_glimmerT_3647-T1;GlimmerHMM},{Augustus_model.g3356.t1;Augustus}

# EVM prediction: Mode:STANDARD S-ratio: 2.00 70056-70316 orient(-) score(1044.00) noncoding_equivalent(522.00) raw_noncoding(522.00) offset(0.00) 
70316	70056	single-	4	6	{GlimmerHMM_glimmerT_3648-T1;GlimmerHMM},{HiQ_model.g3357.t1;HiQ}

# EVM prediction: Mode:STANDARD S-ratio: 18.71 70932-71744 orient(+) score(3087.00) noncoding_equivalent(165.00) raw_noncoding(165.00) offset(0.00) 
70932	71744	single+	1	3	{GlimmerHMM_glimmerT_3649-T1;GlimmerHMM},{Augustus_model.g3358.t1;Augustus}

# EVM prediction: Mode:STANDARD S-ratio: 6.00 72060-73901 orient(+) score(11052.00) noncoding_equivalent(1842.00) raw_noncoding(1842.00) offset(0.00) 
72060	73901	single+	1	3	{GlimmerHMM_glimmerT_3650-T1;GlimmerHMM},{HiQ_model.g3359.t1;HiQ}

# EVM prediction: Mode:STANDARD S-ratio: 10000.00 74419-75018 orient(+) score(2400.00) noncoding_equivalent(0.24) raw_noncoding(0.00) offset(0.00) 
74419	75018	single+	1	3	{Augustus_model.g3360.t1;Augustus},{GlimmerHMM_glimmerT_3651-T1;GlimmerHMM}

# EVM prediction: Mode:STANDARD S-ratio: 10000.00 75354-76631 orient(+) score(5112.00) noncoding_equivalent(0.51) raw_noncoding(0.00) offset(0.00) 
75354	76631	single+	1	3	{Augustus_model.g3361.t1;Augustus},{GlimmerHMM_glimmerT_3652-T1;GlimmerHMM}

# EVM prediction: Mode:STANDARD S-ratio: 5.00 76789-78156 orient(-) score(6841.00) noncoding_equivalent(1368.00) raw_noncoding(1368.00) offset(0.00) 
78156	76789	single-	4	6	{GlimmerHMM_glimmerT_3653-T1;GlimmerHMM},{HiQ_model.g3362.t1;HiQ}

# EVM prediction: Mode:STANDARD S-ratio: 3.97 78376-79278 orient(-) score(4490.00) noncoding_equivalent(1131.00) raw_noncoding(1131.00) offset(0.00) 
79278	78376	single-	4	6	{HiQ_model.g3363.t1;HiQ}

# EVM prediction: Mode:STANDARD S-ratio: 10000.00 79570-80457 orient(+) score(3543.00) noncoding_equivalent(0.35) raw_noncoding(0.00) offset(0.00) 
79570	80457	single+	1	3	{GlimmerHMM_glimmerT_3655-T1;GlimmerHMM},{Augustus_model.g3364.t1;Augustus}

# EVM prediction: Mode:STANDARD S-ratio: 5.00 80628-83204 orient(-) score(12885.00) noncoding_equivalent(2577.00) raw_noncoding(2577.00) offset(0.00) 
83204	80628	single-	4	6	{HiQ_model.g3365.t1;HiQ},{GlimmerHMM_glimmerT_3656-T1;GlimmerHMM}

# EVM prediction: Mode:STANDARD S-ratio: 2.01 83714-84454 orient(-) score(2972.00) noncoding_equivalent(1475.19) raw_noncoding(1475.19) offset(0.00) 
84454	83714	single-	4	6	{GlimmerHMM_glimmerT_3657-T1;GlimmerHMM},{HiQ_model.g3366.t1;HiQ}

# EVM prediction: Mode:STANDARD S-ratio: 4.28 84927-86531 orient(-) score(7820.00) noncoding_equivalent(1827.00) raw_noncoding(1827.00) offset(0.00) 
86531	84927	single-	4	6	{GlimmerHMM_glimmerT_3658-T1;GlimmerHMM},{HiQ_model.g3367.t1;HiQ}

# EVM prediction: Mode:STANDARD S-ratio: 4.93 87609-89594 orient(-) score(9906.00) noncoding_equivalent(2010.00) raw_noncoding(2010.00) offset(0.00) 
89594	87609	single-	4	6	{GlimmerHMM_glimmerT_3660-T1;GlimmerHMM},{HiQ_model.g3368.t1;HiQ}

# EVM prediction: Mode:STANDARD S-ratio: 4.79 90276-91172 orient(-) score(4452.00) noncoding_equivalent(930.00) raw_noncoding(930.00) offset(0.00) 
91172	90276	single-	4	6	{HiQ_model.g3369.t1;HiQ}

# EVM prediction: Mode:STANDARD S-ratio: 5.00 91524-92309 orient(-) score(3930.00) noncoding_equivalent(786.00) raw_noncoding(786.00) offset(0.00) 
92309	91524	single-	4	6	{GlimmerHMM_glimmerT_3662-T1;GlimmerHMM},{HiQ_model.g3370.t1;HiQ}

# EVM prediction: Mode:STANDARD S-ratio: 2.01 92711-93616 orient(-) score(3632.00) noncoding_equivalent(1804.07) raw_noncoding(1804.07) offset(0.00) 
93616	92711	single-	4	6	{GlimmerHMM_glimmerT_3663-T1;GlimmerHMM},{HiQ_model.g3371.t1;HiQ}

# EVM prediction: Mode:STANDARD S-ratio: 40.41 94369-96045 orient(+) score(6546.00) noncoding_equivalent(162.00) raw_noncoding(162.00) offset(0.00) 
94369	96045	single+	1	3	{GlimmerHMM_glimmerT_3664-T1;GlimmerHMM},{Augustus_model.g3372.t1;Augustus}

# EVM prediction: Mode:STANDARD S-ratio: 23.83 96503-99898 orient(+) score(13037.00) noncoding_equivalent(547.00) raw_noncoding(547.00) offset(0.00) 
96503	99898	single+	1	3	{GlimmerHMM_glimmerT_3665-T1;GlimmerHMM}

