# EVM prediction: Mode:STANDARD S-ratio: 3.97 1319-3436 orient(-) score(10153.00) noncoding_equivalent(2555.00) raw_noncoding(2555.00) offset(0.00)
3436	1319	single-	4	6	{HiQ_model.g2283.t1;HiQ}

# EVM prediction: Mode:STANDARD S-ratio: 66.71 3923-5344 orient(+) score(5604.00) noncoding_equivalent(84.00) raw_noncoding(84.00) offset(0.00)
3923	5344	single+	1	3	{GlimmerHMM_glimmerT_2469-T1;GlimmerHMM},{Augustus_model.g2284.t1;Augustus}

# EVM prediction: Mode:STANDARD S-ratio: 4.15 6905-9040 orient(-) score(10328.00) noncoding_equivalent(2488.41) raw_noncoding(2488.41) offset(0.00)
9040	6905	single-	4	6	{GlimmerHMM_glimmerT_2470-T1;GlimmerHMM},{HiQ_model.g2285.t1;HiQ}

# EVM prediction: Mode:STANDARD S-ratio: 20.13 12196-13522 orient(+) score(4776.00) noncoding_equivalent(237.25) raw_noncoding(407.48) offset(170.22)
12196	12254	initial+	1	2	{Augustus_model.g2286.t1;Augustus}
12255	12372	INTRON			{Augustus_model.g2286.t1;Augustus}
12373	13522	terminal+	3	3	{Augustus_model.g2286.t1;Augustus}

# EVM prediction: Mode:STANDARD S-ratio: 4.99 15172-16152 orient(-) score(4904.00) noncoding_equivalent(982.01) raw_noncoding(982.01) offset(0.00)
16152	15172	single-	4	6	{GlimmerHMM_glimmerT_2472-T1;GlimmerHMM},{HiQ_model.g2287.t1;HiQ}

# EVM prediction: Mode:STANDARD S-ratio: 1208.34 20045-21895 orient(+) score(7398.00) noncoding_equivalent(6.12) raw_noncoding(6.12) offset(0.00)
20045	21895	single+	1	3	{GlimmerHMM_glimmerT_2473-T1;GlimmerHMM},{Augustus_model.g2288.t1;Augustus}

# EVM prediction: Mode:STANDARD S-ratio: 233.74 23026-23970 orient(+) score(3764.00) noncoding_equivalent(16.10) raw_noncoding(16.10) offset(0.00)
23026	23970	single+	1	3	{Augustus_model.g2289.t1;Augustus},{GlimmerHMM_glimmerT_2474-T1;GlimmerHMM}

# EVM prediction: Mode:STANDARD S-ratio: 4.93 24640-28500 orient(-) score(19257.00) noncoding_equivalent(3909.00) raw_noncoding(3909.00) offset(0.00)
28500	24640	single-	4	6	{HiQ_model.g2290.t1;HiQ},{GlimmerHMM_glimmerT_2475-T1;GlimmerHMM}

# EVM prediction: Mode:STANDARD S-ratio: 5.00 28895-29506 orient(-) score(3060.00) noncoding_equivalent(612.00) raw_noncoding(612.00) offset(0.00)
29506	28895	single-	4	6	{GlimmerHMM_glimmerT_2476-T1;GlimmerHMM},{HiQ_model.g2291.t1;HiQ}

# EVM prediction: Mode:STANDARD S-ratio: 4.79 29773-31920 orient(-) score(10662.00) noncoding_equivalent(2226.53) raw_noncoding(2226.53) offset(0.00)
31920	29773	single-	4	6	{HiQ_model.g2292.t1;HiQ},{GlimmerHMM_glimmerT_2477-T1;GlimmerHMM}

# EVM prediction: Mode:STANDARD S-ratio: 415.00 32356-34227 orient(+) score(7470.00) noncoding_equivalent(18.00) raw_noncoding(18.00) offset(0.00)
32356	34227	single+	1	3	{GlimmerHMM_glimmerT_2478-T1;GlimmerHMM},{Augustus_model.g2293.t1;Augustus}

# EVM prediction: Mode:STANDARD S-ratio: 4.90 34515-35969 orient(-) score(7250.00) noncoding_equivalent(1481.09) raw_noncoding(1481.09) offset(0.00)
35969	34515	single-	4	6	{HiQ_model.g2294.t1;HiQ},{GlimmerHMM_glimmerT_2479-T1;GlimmerHMM}

# EVM prediction: Mode:STANDARD S-ratio: 371.73 36999-40073 orient(+) score(12267.00) noncoding_equivalent(33.00) raw_noncoding(33.00) offset(0.00)
36999	40073	single+	1	3	{Augustus_model.g2295.t1;Augustus},{GlimmerHMM_glimmerT_2480-T1;GlimmerHMM}

# EVM prediction: Mode:STANDARD S-ratio: 4.80 40262-44134 orient(-) score(19233.00) noncoding_equivalent(4005.00) raw_noncoding(4005.00) offset(0.00)
44134	40262	single-	4	6	{HiQ_model.g2296.t1;HiQ},{GlimmerHMM_glimmerT_2481-T1;GlimmerHMM}

# EVM prediction: Mode:STANDARD S-ratio: 35.41 44995-45810 orient(+) score(3175.00) noncoding_equivalent(89.67) raw_noncoding(89.67) offset(0.00)
44995	45810	single+	1	3	{Augustus_model.g2297.t1;Augustus},{GlimmerHMM_glimmerT_2482-T1;GlimmerHMM}

# EVM prediction: Mode:STANDARD S-ratio: 73.61 45945-46793 orient(+) score(3263.00) noncoding_equivalent(44.33) raw_noncoding(44.33) offset(0.00)
45945	46793	single+	1	3	{GlimmerHMM_glimmerT_2483-T1;GlimmerHMM},{Augustus_model.g2298.t1;Augustus}

# EVM prediction: Mode:STANDARD S-ratio: 5.00 46844-47647 orient(-) score(4020.00) noncoding_equivalent(804.00) raw_noncoding(804.00) offset(0.00)
47647	46844	single-	4	6	{HiQ_model.g2299.t1;HiQ},{GlimmerHMM_glimmerT_2484-T1;GlimmerHMM}

# EVM prediction: Mode:STANDARD S-ratio: 1620.49 47889-51191 orient(+) score(13204.00) noncoding_equivalent(8.15) raw_noncoding(8.15) offset(0.00)
47889	51191	single+	1	3	{GlimmerHMM_glimmerT_2485-T1;GlimmerHMM},{Augustus_model.g2300.t1;Augustus}

# EVM prediction: Mode:STANDARD S-ratio: 10000.00 51542-53440 orient(+) score(7587.00) noncoding_equivalent(0.76) raw_noncoding(0.00) offset(0.00)
51542	53440	single+	1	3	{GlimmerHMM_glimmerT_2486-T1;GlimmerHMM},{Augustus_model.g2301.t1;Augustus}

# EVM prediction: Mode:STANDARD S-ratio: 4.98 53773-61197 orient(-) score(37098.00) noncoding_equivalent(7452.00) raw_noncoding(7452.00) offset(0.00)
61197	53773	single-	4	6	{GlimmerHMM_glimmerT_2487-T1;GlimmerHMM},{HiQ_model.g2302.t1;HiQ}

# EVM prediction: Mode:STANDARD S-ratio: 243.05 61768-65307 orient(-) score(14100.00) noncoding_equivalent(58.01) raw_noncoding(58.01) offset(0.00)
65307	61768	single-	4	6	{GlimmerHMM_glimmerT_2488-T1;GlimmerHMM}

# EVM prediction: Mode:STANDARD S-ratio: 8.58 66070-68052 orient(-) score(5322.00) noncoding_equivalent(620.59) raw_noncoding(620.59) offset(0.00)
68052	66070	single-	4	6	{GlimmerHMM_glimmerT_2490-T1;GlimmerHMM}

# EVM prediction: Mode:STANDARD S-ratio: 312.20 68566-71697 orient(-) score(9366.00) noncoding_equivalent(30.00) raw_noncoding(30.00) offset(0.00)
71697	68566	single-	4	6	{GlimmerHMM_glimmerT_2491-T1;GlimmerHMM},{Augustus_model.g2304.t1;Augustus}

# EVM prediction: Mode:STANDARD S-ratio: 4.96 72768-73370 orient(-) score(3011.00) noncoding_equivalent(607.06) raw_noncoding(607.06) offset(0.00)
73370	72768	single-	4	6	{HiQ_model.g2305.t1;HiQ},{GlimmerHMM_glimmerT_2492-T1;GlimmerHMM}

# EVM prediction: Mode:STANDARD S-ratio: 36.59 73657-74868 orient(+) score(4647.00) noncoding_equivalent(127.00) raw_noncoding(129.00) offset(2.00)
73657	74635	initial+	1	1	{snap_scaffold_7-snap.23-T1;snap}
74636	74671	INTRON			{snap_scaffold_7-snap.23-T1;snap}
74672	74868	terminal+	2	3	{snap_scaffold_7-snap.23-T1;snap}

# EVM prediction: Mode:STANDARD S-ratio: 4.92 75094-76482 orient(-) score(6925.00) noncoding_equivalent(1407.11) raw_noncoding(1407.11) offset(0.00)
76482	75094	single-	4	6	{HiQ_model.g2307.t1;HiQ},{GlimmerHMM_glimmerT_2494-T1;GlimmerHMM}

# EVM prediction: Mode:STANDARD S-ratio: 4.60 76715-77731 orient(-) score(5012.00) noncoding_equivalent(1090.45) raw_noncoding(1090.45) offset(0.00)
77731	76715	single-	4	6	{HiQ_model.g2308.t1;HiQ},{GlimmerHMM_glimmerT_2495-T1;GlimmerHMM}

# EVM prediction: Mode:STANDARD S-ratio: 3.24 78013-78390 orient(-) score(1734.00) noncoding_equivalent(534.67) raw_noncoding(534.67) offset(0.00)
78390	78013	single-	4	6	{HiQ_model.g2309.t1;HiQ}

# EVM prediction: Mode:STANDARD S-ratio: 355.67 78888-80492 orient(+) score(6402.00) noncoding_equivalent(18.00) raw_noncoding(18.00) offset(0.00)
78888	80492	single+	1	3	{GlimmerHMM_glimmerT_2497-T1;GlimmerHMM},{Augustus_model.g2310.t1;Augustus}

# EVM prediction: Mode:STANDARD S-ratio: 13.69 80800-81403 orient(+) score(2319.00) noncoding_equivalent(169.44) raw_noncoding(249.00) offset(79.56)
80800	80851	initial+	1	1	{GlimmerHMM_glimmerT_2498-T1;GlimmerHMM},{Augustus_model.g2311.t1;Augustus}
80852	80927	INTRON			{GlimmerHMM_glimmerT_2498-T1;GlimmerHMM},{Augustus_model.g2311.t1;Augustus},{ev_type:exonerate/ID=match.147026.5450/Target=YKL190W;exonerate}
80928	81403	terminal+	2	3	{GlimmerHMM_glimmerT_2498-T1;GlimmerHMM},{Augustus_model.g2311.t1;Augustus},{snap_scaffold_7-snap.27-T1;snap}

# EVM prediction: Mode:STANDARD S-ratio: 60.35 82892-84091 orient(+) score(4723.00) noncoding_equivalent(78.26) raw_noncoding(78.26) offset(0.00)
82892	84091	single+	1	3	{Augustus_model.g2312.t1;Augustus},{GlimmerHMM_glimmerT_2499-T1;GlimmerHMM}

# EVM prediction: Mode:STANDARD S-ratio: 4.99 84413-86974 orient(-) score(12806.00) noncoding_equivalent(2566.47) raw_noncoding(2566.47) offset(0.00)
86974	84413	single-	4	6	{GlimmerHMM_glimmerT_2500-T1;GlimmerHMM},{HiQ_model.g2313.t1;HiQ}

# EVM prediction: Mode:STANDARD S-ratio: 4.79 87476-89728 orient(-) score(11184.00) noncoding_equivalent(2334.00) raw_noncoding(2334.00) offset(0.00)
89728	87476	single-	4	6	{GlimmerHMM_glimmerT_2501-T1;GlimmerHMM},{HiQ_model.g2314.t1;HiQ}

# EVM prediction: Mode:STANDARD S-ratio: 4.48 90937-91491 orient(-) score(2723.00) noncoding_equivalent(608.13) raw_noncoding(608.13) offset(0.00)
91491	90937	single-	4	6	{GlimmerHMM_glimmerT_2502-T1;GlimmerHMM},{HiQ_model.g2315.t1;HiQ}

# EVM prediction: Mode:STANDARD S-ratio: 27.88 92692-94458 orient(+) score(6824.00) noncoding_equivalent(244.72) raw_noncoding(244.72) offset(0.00)
92692	94458	single+	1	3	{GlimmerHMM_glimmerT_2503-T1;GlimmerHMM}

# EVM prediction: Mode:STANDARD S-ratio: 163.18 94951-96351 orient(+) score(5566.00) noncoding_equivalent(34.11) raw_noncoding(34.11) offset(0.00)
94951	96351	single+	1	3	{GlimmerHMM_glimmerT_2504-T1;GlimmerHMM}

# EVM prediction: Mode:STANDARD S-ratio: 244.60 96913-97833 orient(+) score(3669.00) noncoding_equivalent(15.00) raw_noncoding(15.00) offset(0.00)
96913	97833	single+	1	3	{GlimmerHMM_glimmerT_2505-T1;GlimmerHMM},{Augustus_model.g2317.t1;Augustus}

# EVM prediction: Mode:STANDARD S-ratio: 819.80 98863-105018 orient(+) score(24594.00) noncoding_equivalent(30.00) raw_noncoding(30.00) offset(0.00)
98863	105018	single+	1	3	{GlimmerHMM_glimmerT_2506-T1;GlimmerHMM},{Augustus_model.g2318.t1;Augustus}

# EVM prediction: Mode:STANDARD S-ratio: 133.51 105508-106791 orient(+) score(5098.00) noncoding_equivalent(38.19) raw_noncoding(38.19) offset(0.00)
105508	106791	single+	1	3	{Augustus_model.g2319.t1;Augustus},{GlimmerHMM_glimmerT_2507-T1;GlimmerHMM}

# EVM prediction: Mode:STANDARD S-ratio: 4.38 107461-108322 orient(+) score(3757.00) noncoding_equivalent(858.00) raw_noncoding(1131.00) offset(273.00)
107461	107769	initial+	1	3	{Augustus_model.g2320.t1;Augustus},{snap_scaffold_7-snap.36-T1;snap}
107770	108076	INTRON			{Augustus_model.g2320.t1;Augustus},{snap_scaffold_7-snap.36-T1;snap},{ev_type:exonerate/ID=match.147026.4191/Target=YKL180W;exonerate},{ev_type:exonerate/ID=match.147026.1876/Target=YJL177W;exonerate}
108077	108322	terminal+	1	3	{Augustus_model.g2320.t1;Augustus},{snap_scaffold_7-snap.36-T1;snap}

# EVM prediction: Mode:STANDARD S-ratio: 25.38 108657-110696 orient(-) score(7854.00) noncoding_equivalent(309.40) raw_noncoding(309.40) offset(0.00)
110696	108657	single-	4	6	{GlimmerHMM_glimmerT_2509-T1;GlimmerHMM}

# EVM prediction: Mode:STANDARD S-ratio: 3.86 111407-112819 orient(-) score(6733.00) noncoding_equivalent(1745.54) raw_noncoding(1745.54) offset(0.00)
112819	111407	single-	4	6	{HiQ_model.g2322.t1;HiQ}

# EVM prediction: Mode:STANDARD S-ratio: 4.80 113692-116178 orient(-) score(12342.00) noncoding_equivalent(2572.00) raw_noncoding(2572.00) offset(0.00)
116178	113692	single-	4	6	{HiQ_model.g2323.t1;HiQ},{GlimmerHMM_glimmerT_2511-T1;GlimmerHMM}

# EVM prediction: Mode:STANDARD S-ratio: 251.00 116985-118496 orient(+) score(6024.00) noncoding_equivalent(24.00) raw_noncoding(24.00) offset(0.00)
116985	118496	single+	1	3	{GlimmerHMM_glimmerT_2512-T1;GlimmerHMM},{Augustus_model.g2324.t1;Augustus}

# EVM prediction: Mode:STANDARD S-ratio: 4.83 118572-120428 orient(-) score(9231.00) noncoding_equivalent(1911.00) raw_noncoding(1911.00) offset(0.00)
120428	118572	single-	4	6	{HiQ_model.g2325.t1;HiQ},{GlimmerHMM_glimmerT_2513-T1;GlimmerHMM}

# EVM prediction: Mode:STANDARD S-ratio: 1332.17 120709-123735 orient(+) score(12099.00) noncoding_equivalent(9.08) raw_noncoding(9.08) offset(0.00)
120709	123735	single+	1	3	{Augustus_model.g2326.t1;Augustus},{GlimmerHMM_glimmerT_2514-T1;GlimmerHMM}

# EVM prediction: Mode:STANDARD S-ratio: 10000.00 123951-125258 orient(+) score(5232.00) noncoding_equivalent(0.52) raw_noncoding(0.00) offset(0.00)
123951	125258	single+	1	3	{Augustus_model.g2327.t1;Augustus},{GlimmerHMM_glimmerT_2515-T1;GlimmerHMM}

# EVM prediction: Mode:STANDARD S-ratio: 43.05 125733-128477 orient(+) score(10731.00) noncoding_equivalent(249.25) raw_noncoding(249.25) offset(0.00)
125733	128477	single+	1	3	{Augustus_model.g2328.t1;Augustus}

# EVM prediction: Mode:STANDARD S-ratio: 65.35 128850-129266 orient(+) score(1641.00) noncoding_equivalent(25.11) raw_noncoding(25.11) offset(0.00)
128850	129266	single+	1	3	{Augustus_model.g2329.t1;Augustus},{GlimmerHMM_glimmerT_2517-T1;GlimmerHMM}

# EVM prediction: Mode:STANDARD S-ratio: 183.52 129504-131705 orient(-) score(6571.00) noncoding_equivalent(35.80) raw_noncoding(35.80) offset(0.00)
131705	129504	single-	4	6	{GlimmerHMM_glimmerT_2518-T1;GlimmerHMM}

# EVM prediction: Mode:STANDARD S-ratio: 4.84 131937-132350 orient(-) score(2059.00) noncoding_equivalent(425.19) raw_noncoding(425.19) offset(0.00)
132350	131937	single-	4	6	{GlimmerHMM_glimmerT_2519-T1;GlimmerHMM},{HiQ_model.g2331.t1;HiQ}

# EVM prediction: Mode:STANDARD S-ratio: 170.00 132725-133921 orient(-) score(3570.00) noncoding_equivalent(21.00) raw_noncoding(21.00) offset(0.00)
133921	132725	single-	4	6	{GlimmerHMM_glimmerT_2520-T1;GlimmerHMM},{Augustus_model.g2332.t1;Augustus}

# EVM prediction: Mode:STANDARD S-ratio: 4.56 136133-138892 orient(-) score(13581.00) noncoding_equivalent(2979.00) raw_noncoding(2979.00) offset(0.00)
138892	136133	single-	4	6	{HiQ_model.g2333.t1;HiQ},{GlimmerHMM_glimmerT_2521-T1;GlimmerHMM}

# EVM prediction: Mode:STANDARD S-ratio: 567.32 139995-141020 orient(-) score(3073.00) noncoding_equivalent(5.42) raw_noncoding(5.42) offset(0.00)
141020	139995	single-	4	6	{GlimmerHMM_glimmerT_2522-T1;GlimmerHMM},{Augustus_model.g2334.t1;Augustus}

# EVM prediction: Mode:STANDARD S-ratio: 298.59 142602-143579 orient(+) score(3897.00) noncoding_equivalent(13.05) raw_noncoding(13.05) offset(0.00)
142602	143579	single+	1	3	{Augustus_model.g2335.t1;Augustus},{GlimmerHMM_glimmerT_2523-T1;GlimmerHMM}

# EVM prediction: Mode:STANDARD S-ratio: 4.55 145831-147039 orient(-) score(5947.00) noncoding_equivalent(1308.02) raw_noncoding(1308.02) offset(0.00)
147039	145831	single-	4	6	{HiQ_model.g2336.t1;HiQ}

# EVM prediction: Mode:STANDARD S-ratio: 215.43 147374-148888 orient(-) score(4524.00) noncoding_equivalent(21.00) raw_noncoding(21.00) offset(0.00)
148888	147374	single-	4	6	{Augustus_model.g2337.t1;Augustus},{GlimmerHMM_glimmerT_2525-T1;GlimmerHMM}

# EVM prediction: Mode:STANDARD S-ratio: 80.32 151470-151907 orient(+) score(1731.00) noncoding_equivalent(21.55) raw_noncoding(21.55) offset(0.00)
151470	151907	single+	1	3	{GlimmerHMM_glimmerT_2526-T1;GlimmerHMM},{Augustus_model.g2338.t1;Augustus}

# EVM prediction: Mode:STANDARD S-ratio: 4.61 152017-152652 orient(-) score(3135.00) noncoding_equivalent(679.74) raw_noncoding(679.74) offset(0.00)
152652	152017	single-	4	6	{GlimmerHMM_glimmerT_2527-T1;GlimmerHMM},{HiQ_model.g2339.t1;HiQ}

# EVM prediction: Mode:STANDARD S-ratio: 11.90 153192-156433 orient(+) score(11555.00) noncoding_equivalent(971.18) raw_noncoding(1723.18) offset(752.00)
153192	153472	initial+	1	2	{Augustus_model.g2340.t1;Augustus}
153473	153855	INTRON			{Augustus_model.g2340.t1;Augustus},{ev_type:exonerate/ID=match.147026.643/Target=YKL157W;exonerate}
153856	156433	terminal+	3	3	{Augustus_model.g2340.t1;Augustus}

# EVM prediction: Mode:STANDARD S-ratio: 2.74 156998-157411 orient(+) score(1152.00) noncoding_equivalent(420.03) raw_noncoding(712.68) offset(292.65)
156998	157003	initial+	1	3	{GlimmerHMM_glimmerT_2529-T1;GlimmerHMM}
157004	157165	INTRON			{GlimmerHMM_glimmerT_2529-T1;GlimmerHMM}
157166	157411	terminal+	1	3	{GlimmerHMM_glimmerT_2529-T1;GlimmerHMM}

# EVM prediction: Mode:STANDARD S-ratio: 4.95 157655-159541 orient(-) score(9420.00) noncoding_equivalent(1902.00) raw_noncoding(1902.00) offset(0.00)
159541	157655	single-	4	6	{GlimmerHMM_glimmerT_2530-T1;GlimmerHMM},{HiQ_model.g2341.t1;HiQ}

# EVM prediction: Mode:STANDARD S-ratio: 50.58 159800-160534 orient(+) score(2883.00) noncoding_equivalent(57.00) raw_noncoding(57.00) offset(0.00)
159800	160534	single+	1	3	{Augustus_model.g2342.t1;Augustus},{GlimmerHMM_glimmerT_2531-T1;GlimmerHMM}

# EVM prediction: Mode:STANDARD S-ratio: 4.91 161841-162584 orient(-) score(3709.00) noncoding_equivalent(755.27) raw_noncoding(755.27) offset(0.00)
162584	161841	single-	4	6	{GlimmerHMM_glimmerT_2532-T1;GlimmerHMM},{HiQ_model.g2343.t1;HiQ}

# EVM prediction: Mode:STANDARD S-ratio: 4.97 163098-164108 orient(-) score(5050.00) noncoding_equivalent(1016.17) raw_noncoding(1016.17) offset(0.00)
164108	163098	single-	4	6	{GlimmerHMM_glimmerT_2533-T1;GlimmerHMM},{HiQ_model.g2344.t1;HiQ}

# EVM prediction: Mode:STANDARD S-ratio: 10000.00 164722-165630 orient(+) score(3636.00) noncoding_equivalent(0.36) raw_noncoding(0.00) offset(0.00)
164722	165630	single+	1	3	{Augustus_model.g2345.t1;Augustus},{GlimmerHMM_glimmerT_2534-T1;GlimmerHMM}

# EVM prediction: Mode:STANDARD S-ratio: 5.00 165790-167007 orient(-) score(6090.00) noncoding_equivalent(1218.00) raw_noncoding(1218.00) offset(0.00)
167007	165790	single-	4	6	{GlimmerHMM_glimmerT_2535-T1;GlimmerHMM},{HiQ_model.g2346.t1;HiQ}

# EVM prediction: Mode:STANDARD S-ratio: 5.92 167377-169299 orient(-) score(11469.00) noncoding_equivalent(1938.08) raw_noncoding(1938.08) offset(0.00)
169299	167377	single-	4	6	{HiQ_model.g2347.t1;HiQ},{GlimmerHMM_glimmerT_2536-T1;GlimmerHMM}

# EVM prediction: Mode:STANDARD S-ratio: 32.76 169953-172031 orient(+) score(8070.00) noncoding_equivalent(246.31) raw_noncoding(246.31) offset(0.00)
169953	172031	single+	1	3	{GlimmerHMM_glimmerT_2537-T1;GlimmerHMM}

# EVM prediction: Mode:STANDARD S-ratio: 10000.00 172387-173790 orient(+) score(4212.00) noncoding_equivalent(0.42) raw_noncoding(0.00) offset(0.00)
172387	173790	single+	1	3	{GlimmerHMM_glimmerT_2538-T1;GlimmerHMM},{Augustus_model.g2349.t1;Augustus}

# EVM prediction: Mode:STANDARD S-ratio: 4.91 174017-174655 orient(-) score(3185.00) noncoding_equivalent(649.33) raw_noncoding(649.33) offset(0.00)
174655	174017	single-	4	6	{GlimmerHMM_glimmerT_2539-T1;GlimmerHMM},{HiQ_model.g2350.t1;HiQ}

# EVM prediction: Mode:STANDARD S-ratio: 10000.00 174955-176346 orient(+) score(5562.00) noncoding_equivalent(0.56) raw_noncoding(0.00) offset(0.00)
174955	176346	single+	1	3	{Augustus_model.g2351.t1;Augustus},{GlimmerHMM_glimmerT_2540-T1;GlimmerHMM}

# EVM prediction: Mode:STANDARD S-ratio: 73.39 176689-177348 orient(+) score(2605.00) noncoding_equivalent(35.50) raw_noncoding(35.50) offset(0.00)
176689	177348	single+	1	3	{GlimmerHMM_glimmerT_2541-T1;GlimmerHMM},{Augustus_model.g2352.t1;Augustus}

# EVM prediction: Mode:STANDARD S-ratio: 13.49 177844-180600 orient(+) score(9178.00) noncoding_equivalent(680.12) raw_noncoding(1827.00) offset(1146.88)
177844	178417	initial+	1	1	{Augustus_model.g2353.t1;Augustus},{snap_scaffold_7-snap.65-T1;snap}
178418	179002	INTRON			{Augustus_model.g2353.t1;Augustus}
179003	180600	terminal+	2	3	{Augustus_model.g2353.t1;Augustus}

# EVM prediction: Mode:STANDARD S-ratio: 144.64 181134-182735 orient(+) score(4773.00) noncoding_equivalent(33.00) raw_noncoding(33.00) offset(0.00)
181134	182735	single+	1	3	{Augustus_model.g2354.t1;Augustus},{GlimmerHMM_glimmerT_2544-T1;GlimmerHMM}

# EVM prediction: Mode:STANDARD S-ratio: 29.79 183477-183872 orient(-) score(1533.00) noncoding_equivalent(51.45) raw_noncoding(51.45) offset(0.00)
183872	183477	single-	4	6	{GlimmerHMM_glimmerT_2545-T1;GlimmerHMM}

# EVM prediction: Mode:STANDARD S-ratio: 3.00 184148-184483 orient(+) score(1008.00) noncoding_equivalent(336.00) raw_noncoding(336.00) offset(0.00)
184148	184483	single+	1	3	{GlimmerHMM_glimmerT_2546-T1;GlimmerHMM}

# EVM prediction: Mode:STANDARD S-ratio: 4.79 184651-186831 orient(-) score(10824.00) noncoding_equivalent(2262.00) raw_noncoding(2262.00) offset(0.00)
186831	184651	single-	4	6	{HiQ_model.g2356.t1;HiQ},{GlimmerHMM_glimmerT_2547-T1;GlimmerHMM}

# EVM prediction: Mode:STANDARD S-ratio: 4.86 187315-189633 orient(-) score(11538.00) noncoding_equivalent(2376.00) raw_noncoding(2376.00) offset(0.00)
189633	187315	single-	4	6	{HiQ_model.g2357.t1;HiQ},{GlimmerHMM_glimmerT_2548-T1;GlimmerHMM}

# EVM prediction: Mode:STANDARD S-ratio: 3.72 189870-191261 orient(-) score(6582.00) noncoding_equivalent(1770.27) raw_noncoding(1770.27) offset(0.00)
191261	189870	single-	4	6	{HiQ_model.g2358.t1;HiQ}

# EVM prediction: Mode:STANDARD S-ratio: 4.41 191765-193057 orient(-) score(6321.00) noncoding_equivalent(1432.00) raw_noncoding(1432.00) offset(0.00)
193057	191765	single-	4	6	{GlimmerHMM_glimmerT_2550-T1;GlimmerHMM},{HiQ_model.g2359.t1;HiQ}

# EVM prediction: Mode:STANDARD S-ratio: 4.86 193479-194219 orient(-) score(3688.00) noncoding_equivalent(758.44) raw_noncoding(758.44) offset(0.00)
194219	193479	single-	4	6	{HiQ_model.g2360.t1;HiQ},{GlimmerHMM_glimmerT_2551-T1;GlimmerHMM}

# EVM prediction: Mode:STANDARD S-ratio: 4.83 194543-198355 orient(-) score(18957.00) noncoding_equivalent(3921.00) raw_noncoding(3921.00) offset(0.00)
198355	194543	single-	4	6	{GlimmerHMM_glimmerT_2552-T1;GlimmerHMM},{HiQ_model.g2361.t1;HiQ}

# EVM prediction: Mode:STANDARD S-ratio: 4.60 199076-199963 orient(-) score(4378.00) noncoding_equivalent(950.95) raw_noncoding(950.95) offset(0.00)
199963	199076	single-	4	6	{GlimmerHMM_glimmerT_2553-T1;GlimmerHMM},{HiQ_model.g2362.t1;HiQ}

# EVM prediction: Mode:STANDARD S-ratio: 173.80 201410-203122 orient(+) score(8516.00) noncoding_equivalent(49.00) raw_noncoding(49.00) offset(0.00)
201410	203122	single+	1	3	{GlimmerHMM_glimmerT_2554-T1;GlimmerHMM},{Augustus_model.g2363.t1;Augustus}

# EVM prediction: Mode:STANDARD S-ratio: 168.31 203576-205618 orient(+) score(6094.00) noncoding_equivalent(36.21) raw_noncoding(36.21) offset(0.00)
203576	205618	single+	1	3	{GlimmerHMM_glimmerT_2555-T1;GlimmerHMM},{Augustus_model.g2364.t1;Augustus}

# EVM prediction: Mode:STANDARD S-ratio: 68.67 206118-207998 orient(+) score(7416.00) noncoding_equivalent(108.00) raw_noncoding(108.00) offset(0.00)
206118	207998	single+	1	3	{Augustus_model.g2365.t1;Augustus}

# EVM prediction: Mode:STANDARD S-ratio: 482.33 208461-210200 orient(+) score(7235.00) noncoding_equivalent(15.00) raw_noncoding(15.00) offset(0.00)
208461	210200	single+	1	3	{GlimmerHMM_glimmerT_2557-T1;GlimmerHMM},{Augustus_model.g2366.t1;Augustus}

# EVM prediction: Mode:STANDARD S-ratio: 4.94 210363-210866 orient(-) score(2515.00) noncoding_equivalent(509.16) raw_noncoding(509.16) offset(0.00)
210866	210363	single-	4	6	{HiQ_model.g2367.t1;HiQ},{GlimmerHMM_glimmerT_2558-T1;GlimmerHMM}

# EVM prediction: Mode:STANDARD S-ratio: 10000.00 212012-214570 orient(+) score(10236.00) noncoding_equivalent(1.02) raw_noncoding(0.00) offset(0.00)
212012	214570	single+	1	3	{GlimmerHMM_glimmerT_2559-T1;GlimmerHMM},{Augustus_model.g2368.t1;Augustus}

# EVM prediction: Mode:STANDARD S-ratio: 212.01 215214-216188 orient(+) score(3882.00) noncoding_equivalent(18.31) raw_noncoding(18.31) offset(0.00)
215214	216188	single+	1	3	{GlimmerHMM_glimmerT_2560-T1;GlimmerHMM},{Augustus_model.g2369.t1;Augustus}

# EVM prediction: Mode:STANDARD S-ratio: 4.54 216440-217087 orient(-) score(3186.00) noncoding_equivalent(701.07) raw_noncoding(701.07) offset(0.00)
217087	216440	single-	4	6	{HiQ_model.g2370.t1;HiQ},{GlimmerHMM_glimmerT_2561-T1;GlimmerHMM}

# EVM prediction: Mode:STANDARD S-ratio: 146.84 218194-218790 orient(+) score(1779.00) noncoding_equivalent(12.11) raw_noncoding(12.11) offset(0.00)
218194	218790	single+	1	3	{GlimmerHMM_glimmerT_2562-T1;GlimmerHMM},{Augustus_model.g2371.t1;Augustus}

# EVM prediction: Mode:STANDARD S-ratio: 127.06 219160-220716 orient(-) score(4643.00) noncoding_equivalent(36.54) raw_noncoding(36.54) offset(0.00)
220716	219160	single-	4	6	{GlimmerHMM_glimmerT_2563-T1;GlimmerHMM},{Augustus_model.g2372.t1;Augustus}

# EVM prediction: Mode:STANDARD S-ratio: 5.00 221169-222272 orient(-) score(5520.00) noncoding_equivalent(1104.00) raw_noncoding(1104.00) offset(0.00)
222272	221169	single-	4	6	{HiQ_model.g2373.t1;HiQ},{GlimmerHMM_glimmerT_2564-T1;GlimmerHMM}

# EVM prediction: Mode:STANDARD S-ratio: 4.60 222544-223692 orient(-) score(5663.00) noncoding_equivalent(1231.00) raw_noncoding(1231.00) offset(0.00)
223692	222544	single-	4	6	{HiQ_model.g2374.t1;HiQ},{GlimmerHMM_glimmerT_2565-T1;GlimmerHMM}

# EVM prediction: Mode:STANDARD S-ratio: 10000.00 224378-226573 orient(+) score(8784.00) noncoding_equivalent(0.88) raw_noncoding(0.00) offset(0.00)
224378	226573	single+	1	3	{GlimmerHMM_glimmerT_2566-T1;GlimmerHMM},{Augustus_model.g2375.t1;Augustus}

# EVM prediction: Mode:STANDARD S-ratio: 4.75 226747-227688 orient(-) score(4669.00) noncoding_equivalent(983.57) raw_noncoding(983.57) offset(0.00)
227688	226747	single-	4	6	{GlimmerHMM_glimmerT_2567-T1;GlimmerHMM},{HiQ_model.g2376.t1;HiQ}

# EVM prediction: Mode:STANDARD S-ratio: 10000.00 230036-231691 orient(+) score(6617.00) noncoding_equivalent(0.66) raw_noncoding(0.00) offset(0.00)
230036	231691	single+	1	3	{Augustus_model.g2377.t1;Augustus},{GlimmerHMM_glimmerT_2568-T1;GlimmerHMM}

# EVM prediction: Mode:STANDARD S-ratio: 63.23 232223-233593 orient(+) score(5399.00) noncoding_equivalent(85.39) raw_noncoding(85.39) offset(0.00)
232223	233593	single+	1	3	{Augustus_model.g2378.t1;Augustus},{GlimmerHMM_glimmerT_2569-T1;GlimmerHMM}

# EVM prediction: Mode:STANDARD S-ratio: 10000.00 233947-234876 orient(+) score(3720.00) noncoding_equivalent(0.37) raw_noncoding(0.00) offset(0.00)
233947	234876	single+	1	3	{Augustus_model.g2379.t1;Augustus},{GlimmerHMM_glimmerT_2570-T1;GlimmerHMM}

# EVM prediction: Mode:STANDARD S-ratio: 257.29 235342-236697 orient(+) score(5403.00) noncoding_equivalent(21.00) raw_noncoding(21.00) offset(0.00)
235342	236697	single+	1	3	{Augustus_model.g2380.t1;Augustus},{GlimmerHMM_glimmerT_2571-T1;GlimmerHMM}

# EVM prediction: Mode:STANDARD S-ratio: 4.43 236991-240389 orient(-) score(16640.00) noncoding_equivalent(3754.00) raw_noncoding(3754.00) offset(0.00)
240389	236991	single-	4	6	{HiQ_model.g2381.t1;HiQ}

# EVM prediction: Mode:STANDARD S-ratio: 4.96 241027-243180 orient(-) score(10755.00) noncoding_equivalent(2169.15) raw_noncoding(2169.15) offset(0.00)
243180	241027	single-	4	6	{HiQ_model.g2382.t1;HiQ},{GlimmerHMM_glimmerT_2573-T1;GlimmerHMM}

# EVM prediction: Mode:STANDARD S-ratio: 4.90 243943-245487 orient(-) score(7698.00) noncoding_equivalent(1572.53) raw_noncoding(1572.53) offset(0.00)
245487	243943	single-	4	6	{GlimmerHMM_glimmerT_2574-T1;GlimmerHMM},{HiQ_model.g2383.t1;HiQ}

# EVM prediction: Mode:STANDARD S-ratio: 489.34 246810-251285 orient(+) score(13401.00) noncoding_equivalent(27.39) raw_noncoding(27.39) offset(0.00)
246810	251285	single+	1	3	{Augustus_model.g2384.t1;Augustus},{GlimmerHMM_glimmerT_2575-T1;GlimmerHMM}

# EVM prediction: Mode:STANDARD S-ratio: 4.87 251506-253269 orient(-) score(8780.00) noncoding_equivalent(1802.25) raw_noncoding(1802.25) offset(0.00)
253269	251506	single-	4	6	{HiQ_model.g2385.t1;HiQ},{GlimmerHMM_glimmerT_2576-T1;GlimmerHMM}

# EVM prediction: Mode:STANDARD S-ratio: 4.96 253530-254282 orient(-) score(3760.00) noncoding_equivalent(758.03) raw_noncoding(758.03) offset(0.00)
254282	253530	single-	4	6	{HiQ_model.g2386.t1;HiQ},{GlimmerHMM_glimmerT_2577-T1;GlimmerHMM}

# EVM prediction: Mode:STANDARD S-ratio: 184.94 254580-255653 orient(+) score(4273.00) noncoding_equivalent(23.11) raw_noncoding(23.11) offset(0.00)
254580	255653	single+	1	3	{Augustus_model.g2387.t1;Augustus},{GlimmerHMM_glimmerT_2578-T1;GlimmerHMM}

# EVM prediction: Mode:STANDARD S-ratio: 1.00 256441-256677 orient(-) score(474.00) noncoding_equivalent(474.00) raw_noncoding(474.00) offset(0.00)
256677	256441	single-	4	6	{GlimmerHMM_glimmerT_2579-T1;GlimmerHMM}

# EVM prediction: Mode:STANDARD S-ratio: 24.09 257065-257343 orient(+) score(1072.00) noncoding_equivalent(44.49) raw_noncoding(44.49) offset(0.00)
257065	257343	single+	1	3	{GlimmerHMM_glimmerT_2580-T1;GlimmerHMM},{Augustus_model.g2388.t1;Augustus}

# EVM prediction: Mode:STANDARD S-ratio: 699.83 258946-259665 orient(+) score(2876.00) noncoding_equivalent(4.11) raw_noncoding(4.11) offset(0.00)
258946	259665	single+	1	3	{Augustus_model.g2389.t1;Augustus},{GlimmerHMM_glimmerT_2581-T1;GlimmerHMM}

# EVM prediction: Mode:STANDARD S-ratio: 82.10 260091-260927 orient(+) score(3308.00) noncoding_equivalent(40.29) raw_noncoding(40.29) offset(0.00)
260091	260927	single+	1	3	{Augustus_model.g2390.t1;Augustus},{GlimmerHMM_glimmerT_2582-T1;GlimmerHMM}

# EVM prediction: Mode:STANDARD S-ratio: 10000.00 261163-262104 orient(+) score(3768.00) noncoding_equivalent(0.38) raw_noncoding(0.00) offset(0.00)
261163	262104	single+	1	3	{Augustus_model.g2391.t1;Augustus},{GlimmerHMM_glimmerT_2583-T1;GlimmerHMM}

# EVM prediction: Mode:STANDARD S-ratio: 16.22 262603-263622 orient(+) score(3843.00) noncoding_equivalent(237.00) raw_noncoding(237.00) offset(0.00)
262603	263622	single+	1	3	{GlimmerHMM_glimmerT_2584-T1;GlimmerHMM},{Augustus_model.g2392.t1;Augustus}

# EVM prediction: Mode:STANDARD S-ratio: 4.91 263960-267274 orient(-) score(16525.00) noncoding_equivalent(3365.32) raw_noncoding(3365.32) offset(0.00)
267274	263960	single-	4	6	{GlimmerHMM_glimmerT_2585-T1;GlimmerHMM},{HiQ_model.g2393.t1;HiQ}

# EVM prediction: Mode:STANDARD S-ratio: 4.85 267533-268465 orient(-) score(4642.00) noncoding_equivalent(957.44) raw_noncoding(957.44) offset(0.00)
268465	267533	single-	4	6	{HiQ_model.g2394.t1;HiQ},{GlimmerHMM_glimmerT_2586-T1;GlimmerHMM}

# EVM prediction: Mode:STANDARD S-ratio: 36.79 269692-271023 orient(+) score(5187.00) noncoding_equivalent(141.00) raw_noncoding(141.00) offset(0.00)
269692	271023	single+	1	3	{Augustus_model.g2395.t1;Augustus},{GlimmerHMM_glimmerT_2587-T1;GlimmerHMM}

# EVM prediction: Mode:STANDARD S-ratio: 1633.87 271208-272857 orient(+) score(6596.00) noncoding_equivalent(4.04) raw_noncoding(4.04) offset(0.00)
271208	272857	single+	1	3	{GlimmerHMM_glimmerT_2588-T1;GlimmerHMM},{Augustus_model.g2396.t1;Augustus}

# EVM prediction: Mode:STANDARD S-ratio: 34.06 273130-274812 orient(+) score(4905.00) noncoding_equivalent(144.00) raw_noncoding(144.00) offset(0.00)
273130	274812	single+	1	3	{GlimmerHMM_glimmerT_2589-T1;GlimmerHMM}

# EVM prediction: Mode:STANDARD S-ratio: 4.74 275002-275676 orient(-) score(3345.00) noncoding_equivalent(705.00) raw_noncoding(705.00) offset(0.00)
275676	275002	single-	4	6	{HiQ_model.g2398.t1;HiQ}

# EVM prediction: Mode:STANDARD S-ratio: 1.00 276097-276480 orient(+) score(768.00) noncoding_equivalent(768.00) raw_noncoding(768.00) offset(0.00)
276097	276480	single+	1	3	{GlimmerHMM_glimmerT_2591-T1;GlimmerHMM}

# EVM prediction: Mode:STANDARD S-ratio: 497.50 276939-277943 orient(+) score(4012.00) noncoding_equivalent(8.06) raw_noncoding(8.06) offset(0.00)
276939	277943	single+	1	3	{GlimmerHMM_glimmerT_2592-T1;GlimmerHMM},{Augustus_model.g2399.t1;Augustus}

# EVM prediction: Mode:STANDARD S-ratio: 1302.00 278840-280144 orient(-) score(5208.00) noncoding_equivalent(4.00) raw_noncoding(4.00) offset(0.00)
280144	278840	single-	4	6	{GlimmerHMM_glimmerT_2593-T1;GlimmerHMM},{Augustus_model.g2400.t1;Augustus}

# EVM prediction: Mode:STANDARD S-ratio: 10.90 280706-282270 orient(+) score(5436.00) noncoding_equivalent(498.50) raw_noncoding(1119.00) offset(620.50)
280706	280910	initial+	1	1	{snap_scaffold_7-snap.109-T1;snap},{Augustus_model.g2401.t1;Augustus}
280911	281236	INTRON			{Augustus_model.g2401.t1;Augustus},{ev_type:exonerate/ID=match.147026.584/Target=YKL081W;exonerate}
281237	282270	terminal+	2	3	{Augustus_model.g2401.t1;Augustus}

# EVM prediction: Mode:STANDARD S-ratio: 106.95 282843-284021 orient(+) score(4673.00) noncoding_equivalent(43.69) raw_noncoding(43.69) offset(0.00)
282843	284021	single+	1	3	{GlimmerHMM_glimmerT_2596-T1;GlimmerHMM}

# EVM prediction: Mode:STANDARD S-ratio: 44.09 284415-286385 orient(+) score(7710.00) noncoding_equivalent(174.87) raw_noncoding(174.87) offset(0.00)
284415	286385	single+	1	3	{GlimmerHMM_glimmerT_2597-T1;GlimmerHMM}

# EVM prediction: Mode:STANDARD S-ratio: 158.85 286657-288864 orient(+) score(8775.00) noncoding_equivalent(55.24) raw_noncoding(55.24) offset(0.00)
286657	288864	single+	1	3	{GlimmerHMM_glimmerT_2598-T1;GlimmerHMM}

# EVM prediction: Mode:STANDARD S-ratio: 306.06 289361-290443 orient(+) score(4318.00) noncoding_equivalent(14.11) raw_noncoding(14.11) offset(0.00)
289361	290443	single+	1	3	{GlimmerHMM_glimmerT_2599-T1;GlimmerHMM}

# EVM prediction: Mode:STANDARD S-ratio: 5.20 290768-292120 orient(-) score(7031.00) noncoding_equivalent(1353.00) raw_noncoding(1353.00) offset(0.00)
292120	290768	single-	4	6	{GlimmerHMM_glimmerT_2600-T1;GlimmerHMM},{HiQ_model.g2404.t1;HiQ}

# EVM prediction: Mode:STANDARD S-ratio: 4.79 292422-294005 orient(-) score(7862.00) noncoding_equivalent(1642.34) raw_noncoding(1642.34) offset(0.00)
294005	292422	single-	4	6	{GlimmerHMM_glimmerT_2601-T1;GlimmerHMM},{HiQ_model.g2405.t1;HiQ}

# EVM prediction: Mode:STANDARD S-ratio: 293.00 294242-296887 orient(+) score(10548.00) noncoding_equivalent(36.00) raw_noncoding(36.00) offset(0.00)
294242	296887	single+	1	3	{Augustus_model.g2406.t1;Augustus},{GlimmerHMM_glimmerT_2602-T1;GlimmerHMM}

# EVM prediction: Mode:STANDARD S-ratio: 21.05 297395-299696 orient(+) score(8754.00) noncoding_equivalent(415.85) raw_noncoding(435.00) offset(19.15)
297395	298883	initial+	1	1	{snap_scaffold_7-snap.115-T1;snap}
298884	298902	INTRON			{snap_scaffold_7-snap.115-T1;snap}
298903	299696	terminal+	2	3	{snap_scaffold_7-snap.115-T1;snap}

# EVM prediction: Mode:STANDARD S-ratio: 32.14 302902-303672 orient(+) score(2991.00) noncoding_equivalent(93.06) raw_noncoding(93.06) offset(0.00)
302902	303672	single+	1	3	{GlimmerHMM_glimmerT_2605-T1;GlimmerHMM}

# EVM prediction: Mode:STANDARD S-ratio: 31.47 303999-304637 orient(+) score(2338.00) noncoding_equivalent(74.29) raw_noncoding(74.29) offset(0.00)
303999	304637	single+	1	3	{GlimmerHMM_glimmerT_2606-T1;GlimmerHMM}

# EVM prediction: Mode:STANDARD S-ratio: 10000.00 305075-305617 orient(+) score(2172.00) noncoding_equivalent(0.22) raw_noncoding(0.00) offset(0.00)
305075	305617	single+	1	3	{Augustus_model.g2409.t1;Augustus},{GlimmerHMM_glimmerT_2607-T1;GlimmerHMM}

# EVM prediction: Mode:STANDARD S-ratio: 1.00 306992-307228 orient(+) score(474.00) noncoding_equivalent(474.00) raw_noncoding(474.00) offset(0.00)
306992	307228	single+	1	3	{GlimmerHMM_glimmerT_2608-T1;GlimmerHMM}

# EVM prediction: Mode:STANDARD S-ratio: 58.39 307983-310976 orient(+) score(11562.00) noncoding_equivalent(198.00) raw_noncoding(198.00) offset(0.00)
307983	310976	single+	1	3	{GlimmerHMM_glimmerT_2609-T1;GlimmerHMM}

# EVM prediction: Mode:STANDARD S-ratio: 114.19 312066-312527 orient(+) score(1832.00) noncoding_equivalent(16.04) raw_noncoding(16.04) offset(0.00)
312066	312527	single+	1	3	{Augustus_model.g2411.t1;Augustus},{GlimmerHMM_glimmerT_2610-T1;GlimmerHMM}

# EVM prediction: Mode:STANDARD S-ratio: 2.43 313207-313428 orient(+) score(628.00) noncoding_equivalent(258.10) raw_noncoding(258.10) offset(0.00)
313207	313428	single+	1	3	{GlimmerHMM_glimmerT_2611-T1;GlimmerHMM}

# EVM prediction: Mode:STANDARD S-ratio: 1.87 313688-314308 orient(-) score(2423.00) noncoding_equivalent(1296.00) raw_noncoding(1296.00) offset(0.00)
314308	313688	single-	4	6	{HiQ_model.g2412.t1;HiQ}

# EVM prediction: Mode:STANDARD S-ratio: 276.14 315018-317927 orient(+) score(11598.00) noncoding_equivalent(42.00) raw_noncoding(42.00) offset(0.00)
315018	317927	single+	1	3	{GlimmerHMM_glimmerT_2613-T1;GlimmerHMM},{Augustus_model.g2413.t1;Augustus}

# EVM prediction: Mode:STANDARD S-ratio: 4.86 318267-318770 orient(-) score(2508.00) noncoding_equivalent(516.00) raw_noncoding(516.00) offset(0.00)
318770	318267	single-	4	6	{GlimmerHMM_glimmerT_2614-T1;GlimmerHMM},{HiQ_model.g2414.t1;HiQ}

# EVM prediction: Mode:STANDARD S-ratio: 29.92 320471-322363 orient(+) score(7327.00) noncoding_equivalent(244.86) raw_noncoding(244.86) offset(0.00)
320471	322363	single+	1	3	{GlimmerHMM_glimmerT_2615-T1;GlimmerHMM}

# EVM prediction: Mode:STANDARD S-ratio: 13.81 323011-323352 orient(+) score(1275.00) noncoding_equivalent(92.34) raw_noncoding(92.34) offset(0.00)
323011	323352	single+	1	3	{GlimmerHMM_glimmerT_2616-T1;GlimmerHMM}

# EVM prediction: Mode:STANDARD S-ratio: 4.89 323648-324727 orient(-) score(5380.00) noncoding_equivalent(1100.95) raw_noncoding(1100.95) offset(0.00)
324727	323648	single-	4	6	{GlimmerHMM_glimmerT_2617-T1;GlimmerHMM},{HiQ_model.g2416.t1;HiQ}

# EVM prediction: Mode:STANDARD S-ratio: 4.87 325360-326685 orient(-) score(6600.00) noncoding_equivalent(1354.10) raw_noncoding(1354.10) offset(0.00)
326685	325360	single-	4	6	{HiQ_model.g2417.t1;HiQ},{GlimmerHMM_glimmerT_2618-T1;GlimmerHMM}

# EVM prediction: Mode:STANDARD S-ratio: 31.34 327407-327775 orient(+) score(1430.00) noncoding_equivalent(45.63) raw_noncoding(45.63) offset(0.00)
327407	327775	single+	1	3	{GlimmerHMM_glimmerT_2619-T1;GlimmerHMM},{Augustus_model.g2418.t1;Augustus}

# EVM prediction: Mode:STANDARD S-ratio: 4.94 328096-331209 orient(-) score(15537.00) noncoding_equivalent(3147.00) raw_noncoding(3147.00) offset(0.00)
331209	328096	single-	4	6	{GlimmerHMM_glimmerT_2620-T1;GlimmerHMM},{HiQ_model.g2419.t1;HiQ}

# EVM prediction: Mode:STANDARD S-ratio: 4.74 331652-332155 orient(-) score(2497.00) noncoding_equivalent(527.28) raw_noncoding(527.28) offset(0.00)
332155	331652	single-	4	6	{HiQ_model.g2420.t1;HiQ},{GlimmerHMM_glimmerT_2621-T1;GlimmerHMM}

# EVM prediction: Mode:STANDARD S-ratio: 4.22 332558-333394 orient(-) score(4058.00) noncoding_equivalent(962.14) raw_noncoding(962.14) offset(0.00)
333394	332558	single-	4	6	{HiQ_model.g2421.t1;HiQ}

# EVM prediction: Mode:STANDARD S-ratio: 801.34 333772-335988 orient(-) score(8857.00) noncoding_equivalent(11.05) raw_noncoding(11.05) offset(0.00)
335988	333772	single-	4	6	{GlimmerHMM_glimmerT_2623-T1;GlimmerHMM},{Augustus_model.g2422.t1;Augustus}

# EVM prediction: Mode:STANDARD S-ratio: 5.00 336426-336674 orient(-) score(1245.00) noncoding_equivalent(249.00) raw_noncoding(249.00) offset(0.00)
336674	336426	single-	4	6	{GlimmerHMM_glimmerT_2624-T1;GlimmerHMM},{HiQ_model.g2423.t1;HiQ}

# EVM prediction: Mode:STANDARD S-ratio: 4.63 336912-337790 orient(-) score(4339.00) noncoding_equivalent(936.17) raw_noncoding(936.17) offset(0.00)
337790	336912	single-	4	6	{GlimmerHMM_glimmerT_2625-T1;GlimmerHMM},{HiQ_model.g2424.t1;HiQ}

# EVM prediction: Mode:STANDARD S-ratio: 639.67 338538-339599 orient(+) score(4242.00) noncoding_equivalent(6.63) raw_noncoding(6.63) offset(0.00)
338538	339599	single+	1	3	{Augustus_model.g2425.t1;Augustus},{GlimmerHMM_glimmerT_2626-T1;GlimmerHMM}

# EVM prediction: Mode:STANDARD S-ratio: 4.98 340079-342847 orient(-) score(13836.00) noncoding_equivalent(2778.13) raw_noncoding(2778.13) offset(0.00)
342847	340079	single-	4	6	{HiQ_model.g2426.t1;HiQ},{GlimmerHMM_glimmerT_2627-T1;GlimmerHMM}

# EVM prediction: Mode:STANDARD S-ratio: 4.95 343302-343991 orient(-) score(3442.00) noncoding_equivalent(696.02) raw_noncoding(696.02) offset(0.00)
343991	343302	single-	4	6	{HiQ_model.g2427.t1;HiQ},{GlimmerHMM_glimmerT_2628-T1;GlimmerHMM}

# EVM prediction: Mode:STANDARD S-ratio: 167.99 344443-346365 orient(-) score(5735.00) noncoding_equivalent(34.14) raw_noncoding(34.14) offset(0.00)
346365	344443	single-	4	6	{GlimmerHMM_glimmerT_2629-T1;GlimmerHMM},{Augustus_model.g2428.t1;Augustus}

# EVM prediction: Mode:STANDARD S-ratio: 133.87 346691-348241 orient(+) score(6158.00) noncoding_equivalent(46.00) raw_noncoding(46.00) offset(0.00)
346691	348241	single+	1	3	{GlimmerHMM_glimmerT_2630-T1;GlimmerHMM},{Augustus_model.g2429.t1;Augustus}

# EVM prediction: Mode:STANDARD S-ratio: 4.96 348503-349852 orient(-) score(6741.00) noncoding_equivalent(1359.29) raw_noncoding(1359.29) offset(0.00)
349852	348503	single-	4	6	{HiQ_model.g2430.t1;HiQ},{GlimmerHMM_glimmerT_2631-T1;GlimmerHMM}

# EVM prediction: Mode:STANDARD S-ratio: 567.36 350721-352307 orient(+) score(6337.00) noncoding_equivalent(11.17) raw_noncoding(11.17) offset(0.00)
350721	352307	single+	1	3	{Augustus_model.g2431.t1;Augustus},{GlimmerHMM_glimmerT_2632-T1;GlimmerHMM}

# EVM prediction: Mode:STANDARD S-ratio: 163.36 353987-355087 orient(+) score(4378.00) noncoding_equivalent(26.80) raw_noncoding(26.80) offset(0.00)
353987	355087	single+	1	3	{Augustus_model.g2432.t1;Augustus},{GlimmerHMM_glimmerT_2633-T1;GlimmerHMM}

# EVM prediction: Mode:STANDARD S-ratio: 107.80 355712-356803 orient(+) score(4328.00) noncoding_equivalent(40.15) raw_noncoding(40.15) offset(0.00)
355712	356803	single+	1	3	{GlimmerHMM_glimmerT_2634-T1;GlimmerHMM},{Augustus_model.g2433.t1;Augustus}

# EVM prediction: Mode:STANDARD S-ratio: 10000.00 357381-358055 orient(+) score(2700.00) noncoding_equivalent(0.27) raw_noncoding(0.00) offset(0.00)
357381	358055	single+	1	3	{GlimmerHMM_glimmerT_2635-T1;GlimmerHMM},{Augustus_model.g2434.t1;Augustus}

# EVM prediction: Mode:STANDARD S-ratio: 4.80 358296-359066 orient(-) score(3828.00) noncoding_equivalent(798.00) raw_noncoding(798.00) offset(0.00)
359066	358296	single-	4	6	{GlimmerHMM_glimmerT_2636-T1;GlimmerHMM},{HiQ_model.g2435.t1;HiQ}

# EVM prediction: Mode:STANDARD S-ratio: 32.19 359865-361436 orient(+) score(6097.00) noncoding_equivalent(189.43) raw_noncoding(189.43) offset(0.00)
359865	361436	single+	1	3	{Augustus_model.g2436.t1;Augustus},{GlimmerHMM_glimmerT_2637-T1;GlimmerHMM}

# EVM prediction: Mode:STANDARD S-ratio: 311.27 362840-366352 orient(+) score(14007.00) noncoding_equivalent(45.00) raw_noncoding(45.00) offset(0.00)
362840	366352	single+	1	3	{GlimmerHMM_glimmerT_2638-T1;GlimmerHMM},{Augustus_model.g2437.t1;Augustus}

# EVM prediction: Mode:STANDARD S-ratio: 1.00 366763-367116 orient(-) score(708.00) noncoding_equivalent(708.00) raw_noncoding(708.00) offset(0.00)
367116	366763	single-	4	6	{GlimmerHMM_glimmerT_2639-T1;GlimmerHMM}

# EVM prediction: Mode:STANDARD S-ratio: 10000.00 367126-368625 orient(+) score(5994.00) noncoding_equivalent(0.60) raw_noncoding(0.00) offset(0.00)
367126	368625	single+	1	3	{Augustus_model.g2438.t1;Augustus},{GlimmerHMM_glimmerT_2640-T1;GlimmerHMM}

# EVM prediction: Mode:STANDARD S-ratio: 13.02 369065-371341 orient(+) score(8459.00) noncoding_equivalent(649.81) raw_noncoding(649.81) offset(0.00)
369065	371341	single+	1	3	{GlimmerHMM_glimmerT_2641-T1;GlimmerHMM}

# EVM prediction: Mode:STANDARD S-ratio: 100.04 371740-372450 orient(+) score(2812.00) noncoding_equivalent(28.11) raw_noncoding(28.11) offset(0.00)
371740	372450	single+	1	3	{GlimmerHMM_glimmerT_2642-T1;GlimmerHMM}

# EVM prediction: Mode:STANDARD S-ratio: 56.71 372691-375807 orient(+) score(12253.00) noncoding_equivalent(216.05) raw_noncoding(216.05) offset(0.00)
372691	375807	single+	1	3	{GlimmerHMM_glimmerT_2643-T1;GlimmerHMM},{Augustus_model.g2440.t1;Augustus}

# EVM prediction: Mode:STANDARD S-ratio: 312.04 377301-379100 orient(-) score(7177.00) noncoding_equivalent(23.00) raw_noncoding(23.00) offset(0.00)
379100	377301	single-	4	6	{GlimmerHMM_glimmerT_2644-T1;GlimmerHMM},{Augustus_model.g2441.t1;Augustus}

# EVM prediction: Mode:STANDARD S-ratio: 4.94 379981-381990 orient(-) score(10029.00) noncoding_equivalent(2031.65) raw_noncoding(2031.65) offset(0.00)
381990	379981	single-	4	6	{HiQ_model.g2442.t1;HiQ},{GlimmerHMM_glimmerT_2645-T1;GlimmerHMM}

# EVM prediction: Mode:STANDARD S-ratio: 960.82 383035-384486 orient(+) score(5802.00) noncoding_equivalent(6.04) raw_noncoding(6.04) offset(0.00)
383035	384486	single+	1	3	{Augustus_model.g2443.t1;Augustus},{GlimmerHMM_glimmerT_2646-T1;GlimmerHMM}

# EVM prediction: Mode:STANDARD S-ratio: 10000.00 384842-386185 orient(+) score(5376.00) noncoding_equivalent(0.54) raw_noncoding(0.00) offset(0.00)
384842	386185	single+	1	3	{Augustus_model.g2444.t1;Augustus},{GlimmerHMM_glimmerT_2647-T1;GlimmerHMM}

# EVM prediction: Mode:STANDARD S-ratio: 4.48 386660-387163 orient(-) score(2472.00) noncoding_equivalent(552.00) raw_noncoding(552.00) offset(0.00)
387163	386660	single-	4	6	{HiQ_model.g2445.t1;HiQ},{GlimmerHMM_glimmerT_2648-T1;GlimmerHMM}

# EVM prediction: Mode:STANDARD S-ratio: 21.99 387520-390420 orient(-) score(11084.00) noncoding_equivalent(504.00) raw_noncoding(738.00) offset(234.00)
389573	387520	terminal-	5	6	{Augustus_model.g2446.t1;Augustus},{snap_scaffold_7-snap.150-T1;snap}
389819	389574	INTRON			{Augustus_model.g2446.t1;Augustus},{snap_scaffold_7-snap.150-T1;snap}
390420	389820	initial-	4	4	{Augustus_model.g2446.t1;Augustus},{snap_scaffold_7-snap.150-T1;snap}

# EVM prediction: Mode:STANDARD S-ratio: 277.00 391001-391834 orient(+) score(3324.00) noncoding_equivalent(12.00) raw_noncoding(12.00) offset(0.00)
391001	391834	single+	1	3	{GlimmerHMM_glimmerT_2651-T1;GlimmerHMM},{Augustus_model.g2447.t1;Augustus}

# EVM prediction: Mode:STANDARD S-ratio: 10000.00 392006-394414 orient(-) score(9636.00) noncoding_equivalent(0.96) raw_noncoding(0.00) offset(0.00)
394414	392006	single-	4	6	{GlimmerHMM_glimmerT_2652-T1;GlimmerHMM},{Augustus_model.g2448.t1;Augustus}

# EVM prediction: Mode:STANDARD S-ratio: 4.11 394624-396030 orient(-) score(6790.00) noncoding_equivalent(1651.21) raw_noncoding(1651.21) offset(0.00)
396030	394624	single-	4	6	{HiQ_model.g2449.t1;HiQ}

# EVM prediction: Mode:STANDARD S-ratio: 4.97 396112-399360 orient(-) score(16230.00) noncoding_equivalent(3264.12) raw_noncoding(3264.12) offset(0.00)
399360	396112	single-	4	6	{HiQ_model.g2450.t1;HiQ}

# EVM prediction: Mode:STANDARD S-ratio: 69.44 399848-400798 orient(+) score(3750.00) noncoding_equivalent(54.00) raw_noncoding(54.00) offset(0.00)
399848	400798	single+	1	3	{Augustus_model.g2451.t1;Augustus},{GlimmerHMM_glimmerT_2655-T1;GlimmerHMM}

# EVM prediction: Mode:STANDARD S-ratio: 1.00 400860-401159 orient(-) score(900.00) noncoding_equivalent(900.00) raw_noncoding(900.00) offset(0.00)
401159	400860	single-	4	6	{HiQ_model.g2452.t1;HiQ}

# EVM prediction: Mode:STANDARD S-ratio: 10000.00 401382-402371 orient(+) score(3951.00) noncoding_equivalent(0.40) raw_noncoding(0.00) offset(0.00)
401382	402371	single+	1	3	{GlimmerHMM_glimmerT_2656-T1;GlimmerHMM},{Augustus_model.g2453.t1;Augustus}

# EVM prediction: Mode:STANDARD S-ratio: 5.00 402470-404521 orient(-) score(10260.00) noncoding_equivalent(2052.00) raw_noncoding(2052.00) offset(0.00)
404521	402470	single-	4	6	{HiQ_model.g2454.t1;HiQ},{GlimmerHMM_glimmerT_2657-T1;GlimmerHMM}

# EVM prediction: Mode:STANDARD S-ratio: 4.90 404745-405269 orient(-) score(2616.00) noncoding_equivalent(534.08) raw_noncoding(534.08) offset(0.00)
405269	404745	single-	4	6	{GlimmerHMM_glimmerT_2658-T1;GlimmerHMM},{HiQ_model.g2455.t1;HiQ}

# EVM prediction: Mode:STANDARD S-ratio: 10000.00 405825-408764 orient(+) score(11760.00) noncoding_equivalent(1.18) raw_noncoding(0.00) offset(0.00)
405825	408764	single+	1	3	{Augustus_model.g2456.t1;Augustus},{GlimmerHMM_glimmerT_2659-T1;GlimmerHMM}

# EVM prediction: Mode:STANDARD S-ratio: 4.78 408900-414194 orient(-) score(26277.00) noncoding_equivalent(5493.00) raw_noncoding(5493.00) offset(0.00)
414194	408900	single-	4	6	{HiQ_model.g2457.t1;HiQ},{GlimmerHMM_glimmerT_2660-T1;GlimmerHMM}

# EVM prediction: Mode:STANDARD S-ratio: 4.90 414789-415304 orient(-) score(2571.00) noncoding_equivalent(525.08) raw_noncoding(525.08) offset(0.00)
415304	414789	single-	4	6	{GlimmerHMM_glimmerT_2661-T1;GlimmerHMM},{HiQ_model.g2458.t1;HiQ}

# EVM prediction: Mode:STANDARD S-ratio: 31.38 415591-417342 orient(+) score(6793.00) noncoding_equivalent(216.49) raw_noncoding(216.49) offset(0.00)
415591	417342	single+	1	3	{Augustus_model.g2459.t1;Augustus}

# EVM prediction: Mode:STANDARD S-ratio: 4.46 417436-418497 orient(-) score(5205.00) noncoding_equivalent(1167.00) raw_noncoding(1167.00) offset(0.00)
418497	417436	single-	4	6	{HiQ_model.g2460.t1;HiQ},{GlimmerHMM_glimmerT_2663-T1;GlimmerHMM}

# EVM prediction: Mode:STANDARD S-ratio: 220.10 418705-423156 orient(-) score(17729.00) noncoding_equivalent(80.55) raw_noncoding(80.55) offset(0.00)
423156	418705	single-	4	6	{Augustus_model.g2461.t1;Augustus},{GlimmerHMM_glimmerT_2664-T1;GlimmerHMM}

# EVM prediction: Mode:STANDARD S-ratio: 10000.00 423523-424233 orient(+) score(2838.00) noncoding_equivalent(0.28) raw_noncoding(0.00) offset(0.00)
423523	424233	single+	1	3	{GlimmerHMM_glimmerT_2665-T1;GlimmerHMM},{Augustus_model.g2462.t1;Augustus}

# EVM prediction: Mode:STANDARD S-ratio: 4.28 424559-425815 orient(-) score(6114.00) noncoding_equivalent(1428.00) raw_noncoding(1428.00) offset(0.00)
425815	424559	single-	4	6	{GlimmerHMM_glimmerT_2666-T1;GlimmerHMM},{HiQ_model.g2463.t1;HiQ}

# EVM prediction: Mode:STANDARD S-ratio: 214.20 426564-427370 orient(+) score(3213.00) noncoding_equivalent(15.00) raw_noncoding(15.00) offset(0.00)
426564	427370	single+	1	3	{GlimmerHMM_glimmerT_2667-T1;GlimmerHMM},{Augustus_model.g2464.t1;Augustus}

# EVM prediction: Mode:STANDARD S-ratio: 2.49 427460-427894 orient(-) score(1563.00) noncoding_equivalent(628.00) raw_noncoding(1026.00) offset(398.00)
427717	427460	terminal-	4	6	{HiQ_model.g2465.t1;HiQ}
427858	427718	INTRON			{HiQ_model.g2465.t1;HiQ},{ev_type:exonerate/ID=match.147026.5295/Target=YKL006C-A;exonerate}
427894	427859	initial-	4	6	{HiQ_model.g2465.t1;HiQ}

# EVM prediction: Mode:STANDARD S-ratio: 3.43 429170-429984 orient(+) score(4075.00) noncoding_equivalent(1188.00) raw_noncoding(1194.00) offset(6.00)
429170	429298	initial+	1	3	{GlimmerHMM_glimmerT_2669-T1;GlimmerHMM},{Augustus_model.g2466.t1;Augustus},{snap_scaffold_7-snap.165-T1;snap}
429299	429696	INTRON			{GlimmerHMM_glimmerT_2669-T1;GlimmerHMM},{Augustus_model.g2466.t1;Augustus},{snap_scaffold_7-snap.165-T1;snap},{ev_type:exonerate/ID=match.147026.5439/Target=YKL006W;exonerate},{ev_type:exonerate/ID=match.147026.2632/Target=YHL001W;exonerate}
429697	429984	terminal+	1	3	{GlimmerHMM_glimmerT_2669-T1;GlimmerHMM},{Augustus_model.g2466.t1;Augustus},{snap_scaffold_7-snap.165-T1;snap}

# EVM prediction: Mode:STANDARD S-ratio: 4.88 430357-432141 orient(-) score(8889.00) noncoding_equivalent(1821.00) raw_noncoding(1821.00) offset(0.00)
432141	430357	single-	4	6	{GlimmerHMM_glimmerT_2670-T1;GlimmerHMM},{HiQ_model.g2467.t1;HiQ}

# EVM prediction: Mode:STANDARD S-ratio: 4.09 432844-434049 orient(+) score(3618.00) noncoding_equivalent(884.04) raw_noncoding(884.04) offset(0.00)
432844	434049	single+	1	3	{GlimmerHMM_glimmerT_2671-T1;GlimmerHMM},{Augustus_model.g2468.t1;Augustus}

# EVM prediction: Mode:STANDARD S-ratio: 4.61 434360-434755 orient(-) score(1953.00) noncoding_equivalent(423.28) raw_noncoding(423.28) offset(0.00)
434755	434360	single-	4	6	{GlimmerHMM_glimmerT_2672-T1;GlimmerHMM},{HiQ_model.g2469.t1;HiQ}

# EVM prediction: Mode:STANDARD S-ratio: 15.49 435041-435807 orient(+) score(3068.00) noncoding_equivalent(198.00) raw_noncoding(204.00) offset(6.00)
435041	435100	initial+	1	3	{snap_scaffold_7-snap.168-T1;snap},{GlimmerHMM_glimmerT_2673-T1;GlimmerHMM},{Augustus_model.g2470.t1;Augustus}
435101	435168	INTRON			{snap_scaffold_7-snap.168-T1;snap},{GlimmerHMM_glimmerT_2673-T1;GlimmerHMM},{Augustus_model.g2470.t1;Augustus},{ev_type:exonerate/ID=match.147026.1275/Target=YKL002W;exonerate}
435169	435807	terminal+	1	3	{snap_scaffold_7-snap.168-T1;snap},{GlimmerHMM_glimmerT_2673-T1;GlimmerHMM},{Augustus_model.g2470.t1;Augustus}

# EVM prediction: Mode:STANDARD S-ratio: 4.86 436040-436648 orient(-) score(3031.00) noncoding_equivalent(623.57) raw_noncoding(623.57) offset(0.00)
436648	436040	single-	4	6	{GlimmerHMM_glimmerT_2674-T1;GlimmerHMM},{HiQ_model.g2471.t1;HiQ}

# EVM prediction: Mode:STANDARD S-ratio: 4.93 437876-439990 orient(-) score(10545.00) noncoding_equivalent(2137.00) raw_noncoding(2137.00) offset(0.00)
439990	437876	single-	4	6	{HiQ_model.g2472.t1;HiQ},{GlimmerHMM_glimmerT_2675-T1;GlimmerHMM}

# EVM prediction: Mode:STANDARD S-ratio: 725.43 440500-442206 orient(+) score(6819.00) noncoding_equivalent(9.40) raw_noncoding(9.40) offset(0.00)
440500	442206	single+	1	3	{GlimmerHMM_glimmerT_2676-T1;GlimmerHMM},{Augustus_model.g2473.t1;Augustus}

# EVM prediction: Mode:STANDARD S-ratio: 93.53 442648-443994 orient(+) score(5331.00) noncoding_equivalent(57.00) raw_noncoding(57.00) offset(0.00)
442648	443994	single+	1	3	{GlimmerHMM_glimmerT_2677-T1;GlimmerHMM},{Augustus_model.g2474.t1;Augustus}

# EVM prediction: Mode:STANDARD S-ratio: 3.90 444067-445304 orient(-) score(5831.00) noncoding_equivalent(1495.00) raw_noncoding(1701.00) offset(206.00)
444974	444067	terminal-	5	6	{HiQ_model.g2475.t1;HiQ},{snap_scaffold_7-snap.173-T1;snap}
445078	444975	INTRON			{HiQ_model.g2475.t1;HiQ},{snap_scaffold_7-snap.173-T1;snap},{ev_type:exonerate/ID=match.147026.2135/Target=YKR004C;exonerate}
445304	445079	initial-	4	4	{HiQ_model.g2475.t1;HiQ},{snap_scaffold_7-snap.173-T1;snap}

# EVM prediction: Mode:STANDARD S-ratio: 4.33 445770-447416 orient(-) score(7863.00) noncoding_equivalent(1816.00) raw_noncoding(2007.00) offset(191.00)
447200	445770	terminal-	4	6	{HiQ_model.g2476.t1;HiQ}
447269	447201	INTRON			{HiQ_model.g2476.t1;HiQ},{ev_type:exonerate/ID=match.147026.4039/Target=YKR005C;exonerate}
447416	447270	initial-	4	6	{HiQ_model.g2476.t1;HiQ}

# EVM prediction: Mode:STANDARD S-ratio: 4.21 447672-448499 orient(-) score(3988.00) noncoding_equivalent(947.55) raw_noncoding(947.55) offset(0.00)
448499	447672	single-	4	6	{HiQ_model.g2477.t1;HiQ}

# EVM prediction: Mode:STANDARD S-ratio: 59.48 448683-449231 orient(+) score(2160.00) noncoding_equivalent(36.31) raw_noncoding(36.31) offset(0.00)
448683	449231	single+	1	3	{Augustus_model.g2478.t1;Augustus},{GlimmerHMM_glimmerT_2681-T1;GlimmerHMM}

# EVM prediction: Mode:STANDARD S-ratio: 10000.00 449444-451321 orient(+) score(7512.00) noncoding_equivalent(0.75) raw_noncoding(0.00) offset(0.00)
449444	451321	single+	1	3	{Augustus_model.g2479.t1;Augustus},{GlimmerHMM_glimmerT_2682-T1;GlimmerHMM}

# EVM prediction: Mode:STANDARD S-ratio: 4.96 451597-454299 orient(-) score(13497.00) noncoding_equivalent(2721.00) raw_noncoding(2721.00) offset(0.00)
454299	451597	single-	4	6	{HiQ_model.g2480.t1;HiQ},{GlimmerHMM_glimmerT_2683-T1;GlimmerHMM}

# EVM prediction: Mode:STANDARD S-ratio: 4.93 455832-458138 orient(-) score(11508.00) noncoding_equivalent(2334.41) raw_noncoding(2334.41) offset(0.00)
458138	455832	single-	4	6	{GlimmerHMM_glimmerT_2684-T1;GlimmerHMM},{HiQ_model.g2481.t1;HiQ}

# EVM prediction: Mode:STANDARD S-ratio: 4.60 458543-459604 orient(-) score(5235.00) noncoding_equivalent(1138.46) raw_noncoding(1138.46) offset(0.00)
459604	458543	single-	4	6	{GlimmerHMM_glimmerT_2685-T1;GlimmerHMM},{HiQ_model.g2482.t1;HiQ}

# EVM prediction: Mode:STANDARD S-ratio: 111.39 460868-461878 orient(+) score(3949.00) noncoding_equivalent(35.45) raw_noncoding(35.45) offset(0.00)
460868	461878	single+	1	3	{GlimmerHMM_glimmerT_2686-T1;GlimmerHMM},{Augustus_model.g2483.t1;Augustus}

# EVM prediction: Mode:STANDARD S-ratio: 4.96 462284-462988 orient(-) score(3520.00) noncoding_equivalent(710.26) raw_noncoding(710.26) offset(0.00)
462988	462284	single-	4	6	{HiQ_model.g2484.t1;HiQ},{GlimmerHMM_glimmerT_2687-T1;GlimmerHMM}

# EVM prediction: Mode:STANDARD S-ratio: 4.93 463881-465587 orient(-) score(8517.00) noncoding_equivalent(1726.03) raw_noncoding(1726.03) offset(0.00)
465587	463881	single-	4	6	{GlimmerHMM_glimmerT_2688-T1;GlimmerHMM},{HiQ_model.g2485.t1;HiQ}

# EVM prediction: Mode:STANDARD S-ratio: 175.31 466640-468259 orient(+) score(6444.00) noncoding_equivalent(36.76) raw_noncoding(36.76) offset(0.00)
466640	468259	single+	1	3	{GlimmerHMM_glimmerT_2689-T1;GlimmerHMM},{Augustus_model.g2486.t1;Augustus}

# EVM prediction: Mode:STANDARD S-ratio: 4.68 468614-470269 orient(-) score(8187.00) noncoding_equivalent(1749.00) raw_noncoding(1749.00) offset(0.00)
470269	468614	single-	4	6	{GlimmerHMM_glimmerT_2690-T1;GlimmerHMM},{HiQ_model.g2487.t1;HiQ}

# EVM prediction: Mode:STANDARD S-ratio: 4.97 470644-472821 orient(-) score(10878.00) noncoding_equivalent(2190.00) raw_noncoding(2190.00) offset(0.00)
472821	470644	single-	4	6	{GlimmerHMM_glimmerT_2691-T1;GlimmerHMM},{HiQ_model.g2488.t1;HiQ}

# EVM prediction: Mode:STANDARD S-ratio: 5.00 473135-474982 orient(-) score(9240.00) noncoding_equivalent(1848.00) raw_noncoding(1848.00) offset(0.00)
474982	473135	single-	4	6	{GlimmerHMM_glimmerT_2692-T1;GlimmerHMM},{HiQ_model.g2489.t1;HiQ}

# EVM prediction: Mode:STANDARD S-ratio: 76.70 475257-475751 orient(+) score(1953.00) noncoding_equivalent(25.46) raw_noncoding(25.46) offset(0.00)
475257	475751	single+	1	3	{GlimmerHMM_glimmerT_2693-T1;GlimmerHMM},{Augustus_model.g2490.t1;Augustus}

# EVM prediction: Mode:STANDARD S-ratio: 158.30 476156-478903 orient(+) score(10923.00) noncoding_equivalent(69.00) raw_noncoding(69.00) offset(0.00)
476156	478903	single+	1	3	{GlimmerHMM_glimmerT_2694-T1;GlimmerHMM}

# EVM prediction: Mode:STANDARD S-ratio: 4.92 479093-480061 orient(-) score(4833.00) noncoding_equivalent(981.45) raw_noncoding(981.45) offset(0.00)
480061	479093	single-	4	6	{HiQ_model.g2492.t1;HiQ},{GlimmerHMM_glimmerT_2695-T1;GlimmerHMM}

# EVM prediction: Mode:STANDARD S-ratio: 204.58 480341-481933 orient(+) score(6342.00) noncoding_equivalent(31.00) raw_noncoding(31.00) offset(0.00)
480341	481933	single+	1	3	{Augustus_model.g2493.t1;Augustus},{GlimmerHMM_glimmerT_2696-T1;GlimmerHMM}

# EVM prediction: Mode:STANDARD S-ratio: 354.99 482065-484293 orient(-) score(6670.00) noncoding_equivalent(18.79) raw_noncoding(18.79) offset(0.00)
484293	482065	single-	4	6	{GlimmerHMM_glimmerT_2697-T1;GlimmerHMM},{Augustus_model.g2494.t1;Augustus}

# EVM prediction: Mode:STANDARD S-ratio: 83.90 484691-485539 orient(+) score(3356.00) noncoding_equivalent(40.00) raw_noncoding(40.00) offset(0.00)
484691	485539	single+	1	3	{Augustus_model.g2495.t1;Augustus},{GlimmerHMM_glimmerT_2698-T1;GlimmerHMM}

# EVM prediction: Mode:STANDARD S-ratio: 4.93 485659-486576 orient(-) score(4580.00) noncoding_equivalent(928.33) raw_noncoding(928.33) offset(0.00)
486576	485659	single-	4	6	{HiQ_model.g2496.t1;HiQ},{GlimmerHMM_glimmerT_2699-T1;GlimmerHMM}

# EVM prediction: Mode:STANDARD S-ratio: 10000.00 488273-490570 orient(+) score(9192.00) noncoding_equivalent(0.92) raw_noncoding(0.00) offset(0.00)
488273	490570	single+	1	3	{Augustus_model.g2497.t1;Augustus},{GlimmerHMM_glimmerT_2700-T1;GlimmerHMM}

# EVM prediction: Mode:STANDARD S-ratio: 722.74 491165-494269 orient(+) score(12403.00) noncoding_equivalent(17.16) raw_noncoding(17.16) offset(0.00)
491165	494269	single+	1	3	{GlimmerHMM_glimmerT_2701-T1;GlimmerHMM},{Augustus_model.g2498.t1;Augustus}

# EVM prediction: Mode:STANDARD S-ratio: 4.76 494489-496756 orient(-) score(11248.00) noncoding_equivalent(2361.12) raw_noncoding(2361.12) offset(0.00)
496756	494489	single-	4	6	{GlimmerHMM_glimmerT_2702-T1;GlimmerHMM},{HiQ_model.g2499.t1;HiQ}

# EVM prediction: Mode:STANDARD S-ratio: 4.97 498267-503318 orient(-) score(25232.00) noncoding_equivalent(5080.00) raw_noncoding(5080.00) offset(0.00)
503318	498267	single-	4	6	{HiQ_model.g2500.t1;HiQ},{GlimmerHMM_glimmerT_2703-T1;GlimmerHMM}

# EVM prediction: Mode:STANDARD S-ratio: 130.12 503827-504636 orient(+) score(3216.00) noncoding_equivalent(24.72) raw_noncoding(24.72) offset(0.00)
503827	504636	single+	1	3	{GlimmerHMM_glimmerT_2704-T1;GlimmerHMM},{Augustus_model.g2501.t1;Augustus}

# EVM prediction: Mode:STANDARD S-ratio: 37.62 504868-505482 orient(+) score(2397.00) noncoding_equivalent(63.72) raw_noncoding(63.72) offset(0.00)
504868	505482	single+	1	3	{Augustus_model.g2502.t1;Augustus},{GlimmerHMM_glimmerT_2705-T1;GlimmerHMM}

# EVM prediction: Mode:STANDARD S-ratio: 4.62 505631-507568 orient(-) score(9559.00) noncoding_equivalent(2067.63) raw_noncoding(2067.63) offset(0.00)
507568	505631	single-	4	6	{HiQ_model.g2503.t1;HiQ},{GlimmerHMM_glimmerT_2706-T1;GlimmerHMM}

# EVM prediction: Mode:STANDARD S-ratio: 4.97 507845-508732 orient(-) score(4436.00) noncoding_equivalent(892.02) raw_noncoding(892.02) offset(0.00)
508732	507845	single-	4	6	{HiQ_model.g2504.t1;HiQ},{GlimmerHMM_glimmerT_2707-T1;GlimmerHMM}

# EVM prediction: Mode:STANDARD S-ratio: 4.87 508935-510095 orient(-) score(5781.00) noncoding_equivalent(1186.30) raw_noncoding(1186.30) offset(0.00)
510095	508935	single-	4	6	{HiQ_model.g2505.t1;HiQ},{GlimmerHMM_glimmerT_2708-T1;GlimmerHMM}

# EVM prediction: Mode:STANDARD S-ratio: 255.46 512003-513811 orient(+) score(7208.00) noncoding_equivalent(28.22) raw_noncoding(28.22) offset(0.00)
512003	513811	single+	1	3	{GlimmerHMM_glimmerT_2709-T1;GlimmerHMM},{Augustus_model.g2506.t1;Augustus}

# EVM prediction: Mode:STANDARD S-ratio: 749.40 515139-515891 orient(+) score(3008.00) noncoding_equivalent(4.01) raw_noncoding(4.01) offset(0.00)
515139	515891	single+	1	3	{GlimmerHMM_glimmerT_2710-T1;GlimmerHMM},{Augustus_model.g2507.t1;Augustus}

# EVM prediction: Mode:STANDARD S-ratio: 10000.00 516468-517565 orient(+) score(4392.00) noncoding_equivalent(0.44) raw_noncoding(0.00) offset(0.00)
516468	517565	single+	1	3	{Augustus_model.g2508.t1;Augustus},{GlimmerHMM_glimmerT_2711-T1;GlimmerHMM}

# EVM prediction: Mode:STANDARD S-ratio: 2.00 517838-518653 orient(-) score(3264.00) noncoding_equivalent(1632.00) raw_noncoding(1632.00) offset(0.00)
518653	517838	single-	4	6	{GlimmerHMM_glimmerT_2712-T1;GlimmerHMM},{HiQ_model.g2509.t1;HiQ}

# EVM prediction: Mode:STANDARD S-ratio: 70.34 518955-520286 orient(+) score(5252.00) noncoding_equivalent(74.66) raw_noncoding(74.66) offset(0.00)
518955	520286	single+	1	3	{Augustus_model.g2510.t1;Augustus},{GlimmerHMM_glimmerT_2713-T1;GlimmerHMM}

# EVM prediction: Mode:STANDARD S-ratio: 4.41 520358-520921 orient(-) score(2759.00) noncoding_equivalent(625.00) raw_noncoding(625.00) offset(0.00)
520921	520358	single-	4	6	{GlimmerHMM_glimmerT_2714-T1;GlimmerHMM},{HiQ_model.g2511.t1;HiQ}

# EVM prediction: Mode:STANDARD S-ratio: 4.99 521175-522026 orient(-) score(4259.00) noncoding_equivalent(853.01) raw_noncoding(853.01) offset(0.00)
522026	521175	single-	4	6	{HiQ_model.g2512.t1;HiQ},{GlimmerHMM_glimmerT_2715-T1;GlimmerHMM}

# EVM prediction: Mode:STANDARD S-ratio: 5.00 522339-523592 orient(-) score(6270.00) noncoding_equivalent(1254.00) raw_noncoding(1254.00) offset(0.00)
523592	522339	single-	4	6	{HiQ_model.g2513.t1;HiQ},{GlimmerHMM_glimmerT_2716-T1;GlimmerHMM}

# EVM prediction: Mode:STANDARD S-ratio: 4.32 523782-524183 orient(-) score(1959.00) noncoding_equivalent(453.53) raw_noncoding(453.53) offset(0.00)
524183	523782	single-	4	6	{HiQ_model.g2514.t1;HiQ},{GlimmerHMM_glimmerT_2717-T1;GlimmerHMM}

# EVM prediction: Mode:STANDARD S-ratio: 101.26 524769-527438 orient(+) score(10576.00) noncoding_equivalent(104.45) raw_noncoding(104.45) offset(0.00)
524769	527438	single+	1	3	{GlimmerHMM_glimmerT_2718-T1;GlimmerHMM},{Augustus_model.g2515.t1;Augustus}

# EVM prediction: Mode:STANDARD S-ratio: 54.12 527900-529156 orient(+) score(4936.00) noncoding_equivalent(91.21) raw_noncoding(91.21) offset(0.00)
527900	529156	single+	1	3	{GlimmerHMM_glimmerT_2719-T1;GlimmerHMM},{Augustus_model.g2516.t1;Augustus}

# EVM prediction: Mode:STANDARD S-ratio: 4.45 529504-530418 orient(-) score(4483.00) noncoding_equivalent(1007.82) raw_noncoding(1007.82) offset(0.00)
530418	529504	single-	4	6	{HiQ_model.g2517.t1;HiQ},{GlimmerHMM_glimmerT_2720-T1;GlimmerHMM}

# EVM prediction: Mode:STANDARD S-ratio: 4.07 531021-532235 orient(-) score(5853.00) noncoding_equivalent(1437.00) raw_noncoding(1437.00) offset(0.00)
532235	531021	single-	4	6	{GlimmerHMM_glimmerT_2721-T1;GlimmerHMM},{HiQ_model.g2518.t1;HiQ}

# EVM prediction: Mode:STANDARD S-ratio: 653.88 532601-544879 orient(-) score(49041.00) noncoding_equivalent(75.00) raw_noncoding(75.00) offset(0.00)
544879	532601	single-	4	6	{GlimmerHMM_glimmerT_2722-T1;GlimmerHMM},{Augustus_model.g2519.t1;Augustus}

# EVM prediction: Mode:STANDARD S-ratio: 181.23 545170-546045 orient(+) score(3483.00) noncoding_equivalent(19.22) raw_noncoding(19.22) offset(0.00)
545170	546045	single+	1	3	{GlimmerHMM_glimmerT_2723-T1;GlimmerHMM},{Augustus_model.g2520.t1;Augustus}

# EVM prediction: Mode:STANDARD S-ratio: 259.91 546611-548320 orient(+) score(6814.00) noncoding_equivalent(26.22) raw_noncoding(26.22) offset(0.00)
546611	548320	single+	1	3	{GlimmerHMM_glimmerT_2724-T1;GlimmerHMM},{Augustus_model.g2521.t1;Augustus}

# EVM prediction: Mode:STANDARD S-ratio: 3.85 548610-549195 orient(+) score(2579.00) noncoding_equivalent(669.13) raw_noncoding(978.73) offset(309.60)
548610	548633	initial+	1	3	{Augustus_model.g2522.t1;Augustus},{GlimmerHMM_glimmerT_2725-T1;GlimmerHMM}
548634	548955	INTRON			{Augustus_model.g2522.t1;Augustus},{GlimmerHMM_glimmerT_2725-T1;GlimmerHMM},{ev_type:exonerate/ID=match.147026.878/Target=YKR057W;exonerate},{ev_type:exonerate/ID=match.147026.6011/Target=YJL136C;exonerate}
548956	549195	terminal+	1	3	{GlimmerHMM_glimmerT_2725-T1;GlimmerHMM}

# EVM prediction: Mode:STANDARD S-ratio: 105.48 549717-551573 orient(+) score(7351.00) noncoding_equivalent(69.69) raw_noncoding(69.69) offset(0.00)
549717	551573	single+	1	3	{GlimmerHMM_glimmerT_2726-T1;GlimmerHMM}

# EVM prediction: Mode:STANDARD S-ratio: 352.73 551940-553127 orient(+) score(3554.00) noncoding_equivalent(10.08) raw_noncoding(10.08) offset(0.00)
551940	553127	single+	1	3	{GlimmerHMM_glimmerT_2727-T1;GlimmerHMM},{Augustus_model.g2523.t1;Augustus}

# EVM prediction: Mode:STANDARD S-ratio: 10000.00 553472-554296 orient(+) score(3300.00) noncoding_equivalent(0.33) raw_noncoding(0.00) offset(0.00)
553472	554296	single+	1	3	{Augustus_model.g2524.t1;Augustus},{GlimmerHMM_glimmerT_2728-T1;GlimmerHMM}

# EVM prediction: Mode:STANDARD S-ratio: 603.26 554817-555905 orient(+) score(4347.00) noncoding_equivalent(7.21) raw_noncoding(7.21) offset(0.00)
554817	555905	single+	1	3	{Augustus_model.g2525.t1;Augustus},{GlimmerHMM_glimmerT_2729-T1;GlimmerHMM}

# EVM prediction: Mode:STANDARD S-ratio: 10000.00 556617-557603 orient(+) score(3942.00) noncoding_equivalent(0.39) raw_noncoding(0.00) offset(0.00)
556617	557603	single+	1	3	{Augustus_model.g2526.t1;Augustus},{GlimmerHMM_glimmerT_2730-T1;GlimmerHMM}

# EVM prediction: Mode:STANDARD S-ratio: 4.69 557740-559248 orient(-) score(7464.00) noncoding_equivalent(1590.00) raw_noncoding(1590.00) offset(0.00)
559248	557740	single-	4	6	{HiQ_model.g2527.t1;HiQ},{GlimmerHMM_glimmerT_2731-T1;GlimmerHMM}

# EVM prediction: Mode:STANDARD S-ratio: 16.81 559498-562089 orient(+) score(9786.00) noncoding_equivalent(582.00) raw_noncoding(582.00) offset(0.00)
559498	562089	single+	1	3	{GlimmerHMM_glimmerT_2732-T1;GlimmerHMM}

# EVM prediction: Mode:STANDARD S-ratio: 4.74 562250-562843 orient(-) score(2943.00) noncoding_equivalent(621.00) raw_noncoding(621.00) offset(0.00)
562843	562250	single-	4	6	{GlimmerHMM_glimmerT_2733-T1;GlimmerHMM},{HiQ_model.g2529.t1;HiQ}

# EVM prediction: Mode:STANDARD S-ratio: 4.99 563064-564155 orient(-) score(5452.00) noncoding_equivalent(1092.00) raw_noncoding(1092.00) offset(0.00)
564155	563064	single-	4	6	{HiQ_model.g2530.t1;HiQ},{GlimmerHMM_glimmerT_2734-T1;GlimmerHMM}

# EVM prediction: Mode:STANDARD S-ratio: 17.37 564875-567106 orient(+) score(8442.00) noncoding_equivalent(486.00) raw_noncoding(486.00) offset(0.00)
564875	567106	single+	1	3	{GlimmerHMM_glimmerT_2735-T1;GlimmerHMM}

# EVM prediction: Mode:STANDARD S-ratio: 4.80 567283-567864 orient(-) score(2890.00) noncoding_equivalent(602.00) raw_noncoding(602.00) offset(0.00)
567864	567283	single-	4	6	{GlimmerHMM_glimmerT_2736-T1;GlimmerHMM},{HiQ_model.g2532.t1;HiQ}

# EVM prediction: Mode:STANDARD S-ratio: 660.96 568568-570349 orient(+) score(7118.00) noncoding_equivalent(10.77) raw_noncoding(10.77) offset(0.00)
568568	570349	single+	1	3	{Augustus_model.g2533.t1;Augustus},{GlimmerHMM_glimmerT_2737-T1;GlimmerHMM}

# EVM prediction: Mode:STANDARD S-ratio: 10000.00 570530-571588 orient(+) score(4236.00) noncoding_equivalent(0.42) raw_noncoding(0.00) offset(0.00)
570530	571588	single+	1	3	{GlimmerHMM_glimmerT_2738-T1;GlimmerHMM},{Augustus_model.g2534.t1;Augustus}

# EVM prediction: Mode:STANDARD S-ratio: 5.00 571890-572936 orient(-) score(5235.00) noncoding_equivalent(1047.00) raw_noncoding(1047.00) offset(0.00)
572936	571890	single-	4	6	{GlimmerHMM_glimmerT_2739-T1;GlimmerHMM},{HiQ_model.g2535.t1;HiQ}

# EVM prediction: Mode:STANDARD S-ratio: 217.58 573390-575072 orient(-) score(5026.00) noncoding_equivalent(23.10) raw_noncoding(23.10) offset(0.00)
575072	573390	single-	4	6	{Augustus_model.g2536.t1;Augustus},{GlimmerHMM_glimmerT_2740-T1;GlimmerHMM}

