!! Predictions spanning range 417 - 99705 [R1]
# EVM prediction: Mode:STANDARD S-ratio: 14.38 417-1440 orient(-) score(2776.00) noncoding_equivalent(193.08) raw_noncoding(397.31) offset(204.23) 
1316	417	terminal-	4	6	{snap_scaffold_22-snap.1-T1;snap}
1419	1317	INTRON			{snap_scaffold_22-snap.1-T1;snap}
1440	1420	initial-	4	6	{snap_scaffold_22-snap.1-T1;snap}

# EVM prediction: Mode:STANDARD S-ratio: 31.21 7419-7883 orient(+) score(1350.00) noncoding_equivalent(43.26) raw_noncoding(43.26) offset(0.00) 
7419	7883	single+	1	3	{Augustus_model.g4533.t1;Augustus},{GlimmerHMM_glimmerT_4903-T1;GlimmerHMM}

# EVM prediction: Mode:STANDARD S-ratio: 36.81 8585-10000 orient(+) score(4136.00) noncoding_equivalent(112.37) raw_noncoding(112.37) offset(0.00) 
8585	10000	single+	1	3	{GlimmerHMM_glimmerT_4904-T1;GlimmerHMM},{Augustus_model.g4534.t1;Augustus}

# EVM prediction: Mode:STANDARD S-ratio: 1.38 10632-10962 orient(-) score(506.00) noncoding_equivalent(366.32) raw_noncoding(542.82) offset(176.50) 
10656	10632	terminal-	6	6	{snap_scaffold_22-snap.7-T1;snap}
10720	10657	INTRON			{snap_scaffold_22-snap.7-T1;snap}
10870	10721	internal-	6	5	{snap_scaffold_22-snap.7-T1;snap}
10927	10871	INTRON			{snap_scaffold_22-snap.7-T1;snap}
10962	10928	initial-	4	5	{snap_scaffold_22-snap.7-T1;snap}

# EVM prediction: Mode:STANDARD S-ratio: 28.90 11092-11451 orient(-) score(1042.00) noncoding_equivalent(36.06) raw_noncoding(36.06) offset(0.00) 
11451	11092	single-	4	6	{GlimmerHMM_glimmerT_4905-T1;GlimmerHMM}

# EVM prediction: Mode:STANDARD S-ratio: 57.61 12772-13221 orient(-) score(1327.00) noncoding_equivalent(23.03) raw_noncoding(23.03) offset(0.00) 
13221	12772	single-	4	6	{Augustus_model.g4536.t1;Augustus},{GlimmerHMM_glimmerT_4906-T1;GlimmerHMM}

# EVM prediction: Mode:STANDARD S-ratio: 10000.00 15170-15601 orient(-) score(1728.00) noncoding_equivalent(0.17) raw_noncoding(0.00) offset(0.00) 
15601	15170	single-	4	6	{GlimmerHMM_glimmerT_4907-T1;GlimmerHMM}

# EVM prediction: Mode:STANDARD S-ratio: 3.71 15627-15872 orient(-) score(775.00) noncoding_equivalent(209.00) raw_noncoding(209.00) offset(0.00) 
15872	15627	single-	4	6	{GlimmerHMM_glimmerT_4908-T1;GlimmerHMM}

# EVM prediction: Mode:STANDARD S-ratio: 155.67 16693-18465 orient(-) score(5284.00) noncoding_equivalent(33.94) raw_noncoding(33.94) offset(0.00) 
18465	16693	single-	4	6	{Augustus_model.g4538.t1;Augustus},{GlimmerHMM_glimmerT_4909-T1;GlimmerHMM}

# EVM prediction: Mode:STANDARD S-ratio: 1.94 18490-19188 orient(-) score(1385.00) noncoding_equivalent(712.37) raw_noncoding(712.37) offset(0.00) 
19188	18490	single-	4	6	{GlimmerHMM_glimmerT_4910-T1;GlimmerHMM}

# EVM prediction: Mode:STANDARD S-ratio: 2.00 19970-21055 orient(-) score(2172.00) noncoding_equivalent(1086.00) raw_noncoding(1086.00) offset(0.00) 
21055	19970	single-	4	6	{Augustus_model.g4539.t1;Augustus},{GlimmerHMM_glimmerT_4911-T1;GlimmerHMM}

# EVM prediction: Mode:STANDARD S-ratio: 23.67 21953-22327 orient(-) score(9499.00) noncoding_equivalent(401.35) raw_noncoding(401.35) offset(0.00) 
22327	21953	single-	4	6	{HiQ_model.g4540.t1;HiQ},{GlimmerHMM_glimmerT_4912-T1;GlimmerHMM}

# EVM prediction: Mode:STANDARD S-ratio: 5.00 23980-24570 orient(-) score(2955.00) noncoding_equivalent(591.00) raw_noncoding(591.00) offset(0.00) 
24570	23980	single-	4	6	{HiQ_model.g4541.t1;HiQ},{GlimmerHMM_glimmerT_4913-T1;GlimmerHMM}

# EVM prediction: Mode:STANDARD S-ratio: 4.98 24865-27897 orient(-) score(15157.00) noncoding_equivalent(3041.43) raw_noncoding(3041.43) offset(0.00) 
27897	24865	single-	4	6	{GlimmerHMM_glimmerT_4914-T1;GlimmerHMM},{HiQ_model.g4542.t1;HiQ}

# EVM prediction: Mode:STANDARD S-ratio: 5.00 28259-31714 orient(-) score(17280.00) noncoding_equivalent(3456.00) raw_noncoding(3456.00) offset(0.00) 
31714	28259	single-	4	6	{HiQ_model.g4543.t1;HiQ},{GlimmerHMM_glimmerT_4915-T1;GlimmerHMM}

# EVM prediction: Mode:STANDARD S-ratio: 4.30 32195-35443 orient(-) score(15709.00) noncoding_equivalent(3653.51) raw_noncoding(3653.51) offset(0.00) 
35443	32195	single-	4	6	{HiQ_model.g4544.t1;HiQ}

# EVM prediction: Mode:STANDARD S-ratio: 4.60 36094-37554 orient(-) score(7202.00) noncoding_equivalent(1564.02) raw_noncoding(1564.02) offset(0.00) 
37554	36094	single-	4	6	{HiQ_model.g4545.t1;HiQ},{GlimmerHMM_glimmerT_4917-T1;GlimmerHMM}

# EVM prediction: Mode:STANDARD S-ratio: 1.00 38128-38775 orient(+) score(1296.00) noncoding_equivalent(1296.00) raw_noncoding(1296.00) offset(0.00) 
38128	38775	single+	1	3	{GlimmerHMM_glimmerT_4918-T1;GlimmerHMM}

# EVM prediction: Mode:STANDARD S-ratio: 5.00 38976-42329 orient(-) score(16764.00) noncoding_equivalent(3354.00) raw_noncoding(3354.00) offset(0.00) 
42329	38976	single-	4	6	{HiQ_model.g4546.t1;HiQ},{GlimmerHMM_glimmerT_4919-T1;GlimmerHMM}

# EVM prediction: Mode:STANDARD S-ratio: 197.28 44743-46380 orient(+) score(6520.00) noncoding_equivalent(33.05) raw_noncoding(33.05) offset(0.00) 
44743	46380	single+	1	3	{Augustus_model.g4547.t1;Augustus},{GlimmerHMM_glimmerT_4920-T1;GlimmerHMM}

# EVM prediction: Mode:STANDARD S-ratio: 119.26 46835-48217 orient(+) score(5486.00) noncoding_equivalent(46.00) raw_noncoding(46.00) offset(0.00) 
46835	48217	single+	1	3	{Augustus_model.g4548.t1;Augustus},{GlimmerHMM_glimmerT_4921-T1;GlimmerHMM}

# EVM prediction: Mode:STANDARD S-ratio: 50.72 48512-50776 orient(+) score(8886.00) noncoding_equivalent(175.18) raw_noncoding(175.18) offset(0.00) 
48512	50776	single+	1	3	{GlimmerHMM_glimmerT_4922-T1;GlimmerHMM}

# EVM prediction: Mode:STANDARD S-ratio: 2.97 50955-51767 orient(+) score(2431.00) noncoding_equivalent(819.06) raw_noncoding(819.06) offset(0.00) 
50955	51767	single+	1	3	{GlimmerHMM_glimmerT_4923-T1;GlimmerHMM}

# EVM prediction: Mode:STANDARD S-ratio: 4.96 51934-52596 orient(-) score(3311.00) noncoding_equivalent(667.07) raw_noncoding(667.07) offset(0.00) 
52596	51934	single-	4	6	{GlimmerHMM_glimmerT_4924-T1;GlimmerHMM},{HiQ_model.g4550.t1;HiQ}

# EVM prediction: Mode:STANDARD S-ratio: 10000.00 53658-54050 orient(+) score(1572.00) noncoding_equivalent(0.16) raw_noncoding(0.00) offset(0.00) 
53658	54050	single+	1	3	{Augustus_model.g4551.t1;Augustus},{GlimmerHMM_glimmerT_4925-T1;GlimmerHMM}

# EVM prediction: Mode:STANDARD S-ratio: 9.67 54245-54860 orient(-) score(2308.00) noncoding_equivalent(238.65) raw_noncoding(329.15) offset(90.51) 
54738	54245	terminal-	5	6	{Augustus_model.g4552.t1;Augustus},{GlimmerHMM_glimmerT_4926-T1;GlimmerHMM}
54826	54739	INTRON			{Augustus_model.g4552.t1;Augustus},{GlimmerHMM_glimmerT_4926-T1;GlimmerHMM},{ev_type:exonerate/ID=match.147026.2736/Target=YBL091C-A;exonerate}
54860	54827	initial-	4	4	{GlimmerHMM_glimmerT_4926-T1;GlimmerHMM}

# EVM prediction: Mode:STANDARD S-ratio: 4.93 55043-56308 orient(-) score(6316.00) noncoding_equivalent(1280.08) raw_noncoding(1280.08) offset(0.00) 
56308	55043	single-	4	6	{GlimmerHMM_glimmerT_4927-T1;GlimmerHMM},{HiQ_model.g4553.t1;HiQ}

# EVM prediction: Mode:STANDARD S-ratio: 10000.00 56505-57038 orient(+) score(2129.00) noncoding_equivalent(0.21) raw_noncoding(0.00) offset(0.00) 
56505	57038	single+	1	3	{Augustus_model.g4554.t1;Augustus},{GlimmerHMM_glimmerT_4928-T1;GlimmerHMM}

# EVM prediction: Mode:STANDARD S-ratio: 3.42 57323-58633 orient(+) score(3933.00) noncoding_equivalent(1151.00) raw_noncoding(1151.00) offset(0.00) 
57323	58633	single+	1	3	{Augustus_model.g4555.t1;Augustus}

# EVM prediction: Mode:STANDARD S-ratio: 386.91 58699-67062 orient(-) score(33371.00) noncoding_equivalent(86.25) raw_noncoding(86.25) offset(0.00) 
67062	58699	single-	4	6	{GlimmerHMM_glimmerT_4930-T1;GlimmerHMM},{Augustus_model.g4556.t1;Augustus}

# EVM prediction: Mode:STANDARD S-ratio: 5.01 67501-68426 orient(-) score(4978.00) noncoding_equivalent(994.00) raw_noncoding(2016.00) offset(1022.00) 
67872	67501	terminal-	4	6	{snap_scaffold_22-snap.25-T1;snap},{HiQ_model.g4557.t1;HiQ}
68384	67873	INTRON			{snap_scaffold_22-snap.25-T1;snap},{HiQ_model.g4557.t1;HiQ},{ev_type:exonerate/ID=match.147026.895/Target=YBL087C;exonerate},{ev_type:exonerate/ID=match.147026.2989/Target=YER117W;exonerate}
68426	68385	initial-	4	6	{snap_scaffold_22-snap.25-T1;snap},{HiQ_model.g4557.t1;HiQ}

# EVM prediction: Mode:STANDARD S-ratio: 4.91 68893-70293 orient(-) score(6984.00) noncoding_equivalent(1422.00) raw_noncoding(1422.00) offset(0.00) 
70293	68893	single-	4	6	{GlimmerHMM_glimmerT_4932-T1;GlimmerHMM},{HiQ_model.g4558.t1;HiQ}

# EVM prediction: Mode:STANDARD S-ratio: 380.60 71645-74506 orient(+) score(11418.00) noncoding_equivalent(30.00) raw_noncoding(30.00) offset(0.00) 
71645	74506	single+	1	3	{Augustus_model.g4559.t1;Augustus},{GlimmerHMM_glimmerT_4933-T1;GlimmerHMM}

# EVM prediction: Mode:STANDARD S-ratio: 4.97 74857-77103 orient(-) score(11223.00) noncoding_equivalent(2259.00) raw_noncoding(2259.00) offset(0.00) 
77103	74857	single-	4	6	{HiQ_model.g4560.t1;HiQ},{GlimmerHMM_glimmerT_4934-T1;GlimmerHMM}

# EVM prediction: Mode:STANDARD S-ratio: 5.00 77409-78803 orient(-) score(7282.00) noncoding_equivalent(1455.62) raw_noncoding(1455.62) offset(0.00) 
78803	77409	single-	4	6	{GlimmerHMM_glimmerT_4935-T1;GlimmerHMM},{HiQ_model.g4561.t1;HiQ}

# EVM prediction: Mode:STANDARD S-ratio: 1.85 79590-80651 orient(+) score(2124.00) noncoding_equivalent(1145.56) raw_noncoding(1145.56) offset(0.00) 
79590	80651	single+	1	3	{GlimmerHMM_glimmerT_4936-T1;GlimmerHMM}

# EVM prediction: Mode:STANDARD S-ratio: 4.79 80749-82374 orient(-) score(8071.00) noncoding_equivalent(1685.55) raw_noncoding(1685.55) offset(0.00) 
82374	80749	single-	4	6	{HiQ_model.g4563.t1;HiQ},{GlimmerHMM_glimmerT_4937-T1;GlimmerHMM}

# EVM prediction: Mode:STANDARD S-ratio: 750.50 82938-87446 orient(+) score(18012.00) noncoding_equivalent(24.00) raw_noncoding(24.00) offset(0.00) 
82938	87446	single+	1	3	{GlimmerHMM_glimmerT_4938-T1;GlimmerHMM},{Augustus_model.g4564.t1;Augustus}

# EVM prediction: Mode:STANDARD S-ratio: 4.37 88058-88411 orient(-) score(1730.00) noncoding_equivalent(395.48) raw_noncoding(395.48) offset(0.00) 
88411	88058	single-	4	6	{HiQ_model.g4565.t1;HiQ},{GlimmerHMM_glimmerT_4939-T1;GlimmerHMM}

# EVM prediction: Mode:STANDARD S-ratio: 5.00 88723-91941 orient(-) score(16095.00) noncoding_equivalent(3219.00) raw_noncoding(3219.00) offset(0.00) 
91941	88723	single-	4	6	{HiQ_model.g4566.t1;HiQ},{GlimmerHMM_glimmerT_4940-T1;GlimmerHMM}

# EVM prediction: Mode:STANDARD S-ratio: 6.93 92181-94130 orient(-) score(13581.00) noncoding_equivalent(1959.08) raw_noncoding(1959.08) offset(0.00) 
94130	92181	single-	4	6	{HiQ_model.g4567.t1;HiQ},{GlimmerHMM_glimmerT_4941-T1;GlimmerHMM}

# EVM prediction: Mode:STANDARD S-ratio: 4.87 94404-95471 orient(-) score(5317.00) noncoding_equivalent(1091.37) raw_noncoding(1091.37) offset(0.00) 
95471	94404	single-	4	6	{GlimmerHMM_glimmerT_4942-T1;GlimmerHMM},{HiQ_model.g4568.t1;HiQ}

# EVM prediction: Mode:STANDARD S-ratio: 6.00 96199-96801 orient(-) score(3618.00) noncoding_equivalent(603.00) raw_noncoding(603.00) offset(0.00) 
96801	96199	single-	4	6	{HiQ_model.g4569.t1;HiQ},{GlimmerHMM_glimmerT_4943-T1;GlimmerHMM}

# EVM prediction: Mode:STANDARD S-ratio: 10000.00 97653-97901 orient(+) score(996.00) noncoding_equivalent(0.10) raw_noncoding(0.00) offset(0.00) 
97653	97901	single+	1	3	{Augustus_model.g4570.t1;Augustus},{GlimmerHMM_glimmerT_4944-T1;GlimmerHMM}

# EVM prediction: Mode:STANDARD S-ratio: 191.75 98416-99705 orient(+) score(5369.00) noncoding_equivalent(28.00) raw_noncoding(28.00) offset(0.00) 
98416	99705	single+	1	3	{GlimmerHMM_glimmerT_4945-T1;GlimmerHMM},{Augustus_model.g4571.t1;Augustus}

