# EVM prediction: Mode:STANDARD S-ratio: 21.41 2173-4115 orient(-) score(6831.00) noncoding_equivalent(319.02) raw_noncoding(934.37) offset(615.35)
3802	2173	terminal-	6	6	{snap_scaffold_7-snap.1-T1;snap},{Augustus_model.g2666.t1;Augustus}
4110	3803	INTRON			{Augustus_model.g2666.t1;Augustus}
4115	4111	initial-	4	5	{Augustus_model.g2666.t1;Augustus}

# EVM prediction: Mode:STANDARD S-ratio: 5.18 5921-6511 orient(-) score(1485.00) noncoding_equivalent(286.55) raw_noncoding(286.55) offset(0.00)
6511	5921	single-	4	6	{GlimmerHMM_glimmerT_3032-T1;GlimmerHMM}

# EVM prediction: Mode:STANDARD S-ratio: 30.92 6799-9831 orient(-) score(11752.00) noncoding_equivalent(380.04) raw_noncoding(380.04) offset(0.00)
9831	6799	single-	4	6	{GlimmerHMM_glimmerT_3033-T1;GlimmerHMM}

# EVM prediction: Mode:STANDARD S-ratio: 264.15 10172-13618 orient(-) score(10302.00) noncoding_equivalent(39.00) raw_noncoding(39.00) offset(0.00)
13618	10172	single-	4	6	{GlimmerHMM_glimmerT_3034-T1;GlimmerHMM},{Augustus_model.g2668.t1;Augustus}

# EVM prediction: Mode:STANDARD S-ratio: 5.00 14097-17213 orient(-) score(15585.00) noncoding_equivalent(3117.00) raw_noncoding(3117.00) offset(0.00)
17213	14097	single-	4	6	{GlimmerHMM_glimmerT_3035-T1;GlimmerHMM},{HiQ_model.g2669.t1;HiQ}

# EVM prediction: Mode:STANDARD S-ratio: 4.16 17940-19397 orient(-) score(7047.00) noncoding_equivalent(1692.00) raw_noncoding(1692.00) offset(0.00)
19397	17940	single-	4	6	{GlimmerHMM_glimmerT_3036-T1;GlimmerHMM},{HiQ_model.g2670.t1;HiQ}

# EVM prediction: Mode:STANDARD S-ratio: 1.00 19979-20626 orient(+) score(1296.00) noncoding_equivalent(1296.00) raw_noncoding(1296.00) offset(0.00)
19979	20626	single+	1	3	{GlimmerHMM_glimmerT_3037-T1;GlimmerHMM}

# EVM prediction: Mode:STANDARD S-ratio: 4.75 20832-24194 orient(-) score(16668.00) noncoding_equivalent(3510.00) raw_noncoding(3510.00) offset(0.00)
24194	20832	single-	4	6	{GlimmerHMM_glimmerT_3038-T1;GlimmerHMM},{HiQ_model.g2671.t1;HiQ}

# EVM prediction: Mode:STANDARD S-ratio: 39.60 26880-28523 orient(+) score(4809.00) noncoding_equivalent(121.43) raw_noncoding(121.43) offset(0.00)
26880	28523	single+	1	3	{Augustus_model.g2672.t1;Augustus},{GlimmerHMM_glimmerT_3039-T1;GlimmerHMM}

# EVM prediction: Mode:STANDARD S-ratio: 27.88 28962-30347 orient(+) score(5352.00) noncoding_equivalent(192.00) raw_noncoding(192.00) offset(0.00)
28962	30347	single+	1	3	{Augustus_model.g2673.t1;Augustus},{GlimmerHMM_glimmerT_3040-T1;GlimmerHMM}

# EVM prediction: Mode:STANDARD S-ratio: 70.50 30612-32891 orient(+) score(6743.00) noncoding_equivalent(95.64) raw_noncoding(95.64) offset(0.00)
30612	32891	single+	1	3	{Augustus_model.g2674.t1;Augustus},{GlimmerHMM_glimmerT_3041-T1;GlimmerHMM}

# EVM prediction: Mode:STANDARD S-ratio: 80.50 33076-33888 orient(+) score(3211.00) noncoding_equivalent(39.89) raw_noncoding(39.89) offset(0.00)
33076	33888	single+	1	3	{GlimmerHMM_glimmerT_3042-T1;GlimmerHMM},{Augustus_model.g2675.t1;Augustus}

# EVM prediction: Mode:STANDARD S-ratio: 5.00 34088-34750 orient(-) score(3315.00) noncoding_equivalent(663.00) raw_noncoding(663.00) offset(0.00)
34750	34088	single-	4	6	{HiQ_model.g2676.t1;HiQ},{GlimmerHMM_glimmerT_3043-T1;GlimmerHMM}

# EVM prediction: Mode:STANDARD S-ratio: 10000.00 35753-36145 orient(+) score(1572.00) noncoding_equivalent(0.16) raw_noncoding(0.00) offset(0.00)
35753	36145	single+	1	3	{GlimmerHMM_glimmerT_3044-T1;GlimmerHMM},{Augustus_model.g2677.t1;Augustus}

# EVM prediction: Mode:STANDARD S-ratio: 15.88 36351-38398 orient(-) score(6616.00) noncoding_equivalent(416.67) raw_noncoding(817.18) offset(400.51)
36744	36351	terminal-	6	6	{Augustus_model.g2678.t1;Augustus}
36924	36745	INTRON			{Augustus_model.g2678.t1;Augustus}
36964	36925	internal-	5	5	{Augustus_model.g2678.t1;Augustus}
37146	36965	INTRON			{Augustus_model.g2678.t1;Augustus}
38398	37147	initial-	4	4	{GlimmerHMM_glimmerT_3045-T1;GlimmerHMM},{Augustus_model.g2678.t1;Augustus}

# EVM prediction: Mode:STANDARD S-ratio: 2.46 38601-40721 orient(+) score(5872.00) noncoding_equivalent(2388.00) raw_noncoding(2534.00) offset(146.00)
38601	39127	initial+	1	2	{Augustus_model.g2679.t1;Augustus}
39128	39280	INTRON			{Augustus_model.g2679.t1;Augustus}
39281	40721	terminal+	3	3	{Augustus_model.g2679.t1;Augustus}

# EVM prediction: Mode:STANDARD S-ratio: 24.16 40789-45696 orient(-) score(14138.00) noncoding_equivalent(585.24) raw_noncoding(585.24) offset(0.00)
45696	40789	single-	4	6	{GlimmerHMM_glimmerT_3048-T1;GlimmerHMM}

# EVM prediction: Mode:STANDARD S-ratio: 12.41 45699-49157 orient(-) score(9604.00) noncoding_equivalent(773.70) raw_noncoding(773.70) offset(0.00)
49157	45699	single-	4	6	{GlimmerHMM_glimmerT_3049-T1;GlimmerHMM}

# EVM prediction: Mode:STANDARD S-ratio: 5.12 49600-50561 orient(-) score(5176.00) noncoding_equivalent(1010.16) raw_noncoding(2106.00) offset(1095.84)
49971	49600	terminal-	4	6	{HiQ_model.g2681.t1;HiQ},{GlimmerHMM_glimmerT_3050-T1;GlimmerHMM}
50519	49972	INTRON			{HiQ_model.g2681.t1;HiQ},{GlimmerHMM_glimmerT_3050-T1;GlimmerHMM},{ev_type:exonerate/ID=match.177006.1207/Target=YBL087C;exonerate},{ev_type:exonerate/ID=match.177006.585/Target=YER117W;exonerate}
50561	50520	initial-	4	6	{HiQ_model.g2681.t1;HiQ},{GlimmerHMM_glimmerT_3050-T1;GlimmerHMM}

# EVM prediction: Mode:STANDARD S-ratio: 5.00 51055-52464 orient(-) score(7050.00) noncoding_equivalent(1410.00) raw_noncoding(1410.00) offset(0.00)
52464	51055	single-	4	6	{HiQ_model.g2682.t1;HiQ},{GlimmerHMM_glimmerT_3051-T1;GlimmerHMM}

# EVM prediction: Mode:STANDARD S-ratio: 108.44 53800-56754 orient(+) score(8784.00) noncoding_equivalent(81.00) raw_noncoding(81.00) offset(0.00)
53800	56754	single+	1	3	{GlimmerHMM_glimmerT_3052-T1;GlimmerHMM}

# EVM prediction: Mode:STANDARD S-ratio: 21.37 57119-59377 orient(-) score(6474.00) noncoding_equivalent(303.00) raw_noncoding(303.00) offset(0.00)
59377	57119	single-	4	6	{GlimmerHMM_glimmerT_3053-T1;GlimmerHMM}

# EVM prediction: Mode:STANDARD S-ratio: 10.30 59694-61635 orient(-) score(6075.00) noncoding_equivalent(590.02) raw_noncoding(1576.61) offset(986.59)
61126	59694	terminal-	5	6	{snap_scaffold_7-snap.22-T1;snap}
61628	61127	INTRON			{snap_scaffold_7-snap.22-T1;snap}
61635	61629	initial-	4	4	{snap_scaffold_7-snap.22-T1;snap}

# EVM prediction: Mode:STANDARD S-ratio: 210.33 61933-62883 orient(+) score(3786.00) noncoding_equivalent(18.00) raw_noncoding(18.00) offset(0.00)
61933	62883	single+	1	3	{Augustus_model.g2686.t1;Augustus}

# EVM prediction: Mode:STANDARD S-ratio: 2.00 62978-64603 orient(-) score(6504.00) noncoding_equivalent(3252.00) raw_noncoding(3252.00) offset(0.00)
64603	62978	single-	4	6	{HiQ_model.g2687.t1;HiQ},{GlimmerHMM_glimmerT_3056-T1;GlimmerHMM}

# EVM prediction: Mode:STANDARD S-ratio: 179.03 65178-69695 orient(+) score(17970.00) noncoding_equivalent(100.37) raw_noncoding(100.37) offset(0.00)
65178	69695	single+	1	3	{GlimmerHMM_glimmerT_3057-T1;GlimmerHMM},{Augustus_model.g2688.t1;Augustus}

# EVM prediction: Mode:STANDARD S-ratio: 5.00 70274-70627 orient(-) score(1770.00) noncoding_equivalent(354.00) raw_noncoding(354.00) offset(0.00)
70627	70274	single-	4	6	{HiQ_model.g2689.t1;HiQ},{GlimmerHMM_glimmerT_3058-T1;GlimmerHMM}

# EVM prediction: Mode:STANDARD S-ratio: 4.98 70946-74164 orient(-) score(16081.00) noncoding_equivalent(3231.14) raw_noncoding(3231.14) offset(0.00)
74164	70946	single-	4	6	{GlimmerHMM_glimmerT_3059-T1;GlimmerHMM},{HiQ_model.g2690.t1;HiQ}

# EVM prediction: Mode:STANDARD S-ratio: 810.59 74416-76365 orient(-) score(5841.00) noncoding_equivalent(7.21) raw_noncoding(7.21) offset(0.00)
76365	74416	single-	4	6	{Augustus_model.g2691.t1;Augustus},{GlimmerHMM_glimmerT_3060-T1;GlimmerHMM}

# EVM prediction: Mode:STANDARD S-ratio: 42.12 76651-77706 orient(-) score(3093.00) noncoding_equivalent(73.44) raw_noncoding(73.44) offset(0.00)
77706	76651	single-	4	6	{GlimmerHMM_glimmerT_3061-T1;GlimmerHMM},{Augustus_model.g2692.t1;Augustus}

# EVM prediction: Mode:STANDARD S-ratio: 6.00 78449-79051 orient(-) score(3618.00) noncoding_equivalent(603.00) raw_noncoding(603.00) offset(0.00)
79051	78449	single-	4	6	{HiQ_model.g2693.t1;HiQ},{GlimmerHMM_glimmerT_3062-T1;GlimmerHMM}

# EVM prediction: Mode:STANDARD S-ratio: 2.82 79908-80156 orient(+) score(735.00) noncoding_equivalent(261.05) raw_noncoding(261.05) offset(0.00)
79908	80156	single+	1	3	{GlimmerHMM_glimmerT_3063-T1;GlimmerHMM}

# EVM prediction: Mode:STANDARD S-ratio: 28.58 80494-81973 orient(+) score(5602.00) noncoding_equivalent(196.02) raw_noncoding(532.66) offset(336.64)
80494	80499	initial+	1	3	{snap_scaffold_7-snap.30-T1;snap}
80500	80668	INTRON			{snap_scaffold_7-snap.30-T1;snap}
80669	81973	terminal+	1	3	{Augustus_model.g2694.t1;Augustus},{snap_scaffold_7-snap.30-T1;snap}

# EVM prediction: Mode:STANDARD S-ratio: 15.44 82382-83338 orient(+) score(4494.00) noncoding_equivalent(291.00) raw_noncoding(291.00) offset(0.00)
82382	83338	single+	1	3	{GlimmerHMM_glimmerT_3065-T1;GlimmerHMM}

# EVM prediction: Mode:STANDARD S-ratio: 85.89 83599-85842 orient(-) score(6653.00) noncoding_equivalent(77.46) raw_noncoding(77.46) offset(0.00)
85842	83599	single-	4	6	{Augustus_model.g2696.t1;Augustus},{GlimmerHMM_glimmerT_3066-T1;GlimmerHMM}

# EVM prediction: Mode:STANDARD S-ratio: 4.99 86580-90041 orient(-) score(17301.00) noncoding_equivalent(3469.14) raw_noncoding(3469.14) offset(0.00)
90041	86580	single-	4	6	{GlimmerHMM_glimmerT_3067-T1;GlimmerHMM},{HiQ_model.g2697.t1;HiQ}

# EVM prediction: Mode:STANDARD S-ratio: 4.37 90321-91106 orient(-) score(3837.00) noncoding_equivalent(879.00) raw_noncoding(879.00) offset(0.00)
91106	90321	single-	4	6	{HiQ_model.g2698.t1;HiQ},{GlimmerHMM_glimmerT_3068-T1;GlimmerHMM}

# EVM prediction: Mode:STANDARD S-ratio: 47.13 91839-95159 orient(+) score(9756.00) noncoding_equivalent(207.00) raw_noncoding(207.00) offset(0.00)
91839	95159	single+	1	3	{Augustus_model.g2699.t1;Augustus},{GlimmerHMM_glimmerT_3069-T1;GlimmerHMM}

# EVM prediction: Mode:STANDARD S-ratio: 118.43 95254-97335 orient(-) score(6192.00) noncoding_equivalent(52.28) raw_noncoding(52.28) offset(0.00)
97335	95254	single-	4	6	{GlimmerHMM_glimmerT_3070-T1;GlimmerHMM},{Augustus_model.g2700.t1;Augustus}

# EVM prediction: Mode:STANDARD S-ratio: 2.00 97861-99924 orient(+) score(4128.00) noncoding_equivalent(2064.00) raw_noncoding(2064.00) offset(0.00)
97861	99924	single+	1	3	{Augustus_model.g2701.t1;Augustus},{GlimmerHMM_glimmerT_3071-T1;GlimmerHMM}

# EVM prediction: Mode:STANDARD S-ratio: 2.22 100053-100463 orient(-) score(1638.00) noncoding_equivalent(737.00) raw_noncoding(909.00) offset(172.00)
100342	100053	terminal-	5	6	{HiQ_model.g2702.t1;HiQ},{GlimmerHMM_glimmerT_3072-T1;GlimmerHMM}
100429	100343	INTRON			{HiQ_model.g2702.t1;HiQ},{GlimmerHMM_glimmerT_3072-T1;GlimmerHMM},{ev_type:exonerate/ID=match.177006.3057/Target=YBL059C-A;exonerate}
100463	100430	initial-	4	4	{HiQ_model.g2702.t1;HiQ},{GlimmerHMM_glimmerT_3072-T1;GlimmerHMM}

# EVM prediction: Mode:STANDARD S-ratio: 10000.00 101365-102645 orient(+) score(3843.00) noncoding_equivalent(0.38) raw_noncoding(0.00) offset(0.00)
101365	102645	single+	1	3	{GlimmerHMM_glimmerT_3074-T1;GlimmerHMM},{Augustus_model.g2703.t1;Augustus}

# EVM prediction: Mode:STANDARD S-ratio: 4.34 102750-103382 orient(-) score(3087.00) noncoding_equivalent(711.00) raw_noncoding(711.00) offset(0.00)
103382	102750	single-	4	6	{HiQ_model.g2704.t1;HiQ}

# EVM prediction: Mode:STANDARD S-ratio: 10000.00 103727-105130 orient(+) score(4212.00) noncoding_equivalent(0.42) raw_noncoding(0.00) offset(0.00)
103727	105130	single+	1	3	{Augustus_model.g2705.t1;Augustus},{GlimmerHMM_glimmerT_3076-T1;GlimmerHMM}

# EVM prediction: Mode:STANDARD S-ratio: 4.29 105614-106870 orient(-) score(6111.00) noncoding_equivalent(1425.00) raw_noncoding(1425.00) offset(0.00)
106870	105614	single-	4	6	{HiQ_model.g2706.t1;HiQ}

# EVM prediction: Mode:STANDARD S-ratio: 59.97 107585-109177 orient(+) score(4699.00) noncoding_equivalent(78.36) raw_noncoding(78.36) offset(0.00)
107585	109177	single+	1	3	{GlimmerHMM_glimmerT_3078-T1;GlimmerHMM},{Augustus_model.g2707.t1;Augustus}

# EVM prediction: Mode:STANDARD S-ratio: 6.58 109376-111885 orient(-) score(6478.00) noncoding_equivalent(984.77) raw_noncoding(1023.42) offset(38.65)
111645	109376	terminal-	5	6	{GlimmerHMM_glimmerT_3079-T1;GlimmerHMM}
111710	111646	INTRON			{GlimmerHMM_glimmerT_3079-T1;GlimmerHMM}
111885	111711	initial-	4	4	{GlimmerHMM_glimmerT_3079-T1;GlimmerHMM}

# EVM prediction: Mode:STANDARD S-ratio: 2040.26 112724-114793 orient(-) score(8196.00) noncoding_equivalent(4.02) raw_noncoding(4.02) offset(0.00)
114793	112724	single-	4	6	{GlimmerHMM_glimmerT_3080-T1;GlimmerHMM},{Augustus_model.g2709.t1;Augustus}

# EVM prediction: Mode:STANDARD S-ratio: 2.58 115153-116146 orient(+) score(2837.00) noncoding_equivalent(1098.45) raw_noncoding(1227.45) offset(129.00)
115153	115182	initial+	1	3	{Augustus_model.g2710.t1;Augustus}
115183	115297	INTRON			{Augustus_model.g2710.t1;Augustus},{ev_type:exonerate/ID=match.177006.391/Target=YBL050W;exonerate}
115298	116146	terminal+	1	3	{Augustus_model.g2710.t1;Augustus}

# EVM prediction: Mode:STANDARD S-ratio: 3.00 116838-117254 orient(+) score(1251.00) noncoding_equivalent(417.00) raw_noncoding(417.00) offset(0.00)
116838	117254	single+	1	3	{Augustus_model.g2711.t1;Augustus},{GlimmerHMM_glimmerT_3082-T1;GlimmerHMM}

# EVM prediction: Mode:STANDARD S-ratio: 689.63 117925-122097 orient(-) score(12499.00) noncoding_equivalent(18.12) raw_noncoding(18.12) offset(0.00)
122097	117925	single-	4	6	{GlimmerHMM_glimmerT_3083-T1;GlimmerHMM},{Augustus_model.g2712.t1;Augustus}

# EVM prediction: Mode:STANDARD S-ratio: 93.20 122418-123830 orient(+) score(4194.00) noncoding_equivalent(45.00) raw_noncoding(45.00) offset(0.00)
122418	123830	single+	1	3	{GlimmerHMM_glimmerT_3084-T1;GlimmerHMM},{Augustus_model.g2713.t1;Augustus}

# EVM prediction: Mode:STANDARD S-ratio: 4.95 124245-125615 orient(-) score(6842.00) noncoding_equivalent(1382.02) raw_noncoding(1382.02) offset(0.00)
125615	124245	single-	4	6	{GlimmerHMM_glimmerT_3085-T1;GlimmerHMM},{HiQ_model.g2714.t1;HiQ}

# EVM prediction: Mode:STANDARD S-ratio: 19.46 126816-127613 orient(+) score(2277.00) noncoding_equivalent(117.00) raw_noncoding(117.00) offset(0.00)
126816	127613	single+	1	3	{Augustus_model.g2715.t1;Augustus},{GlimmerHMM_glimmerT_3086-T1;GlimmerHMM}

# EVM prediction: Mode:STANDARD S-ratio: 386.00 128717-130651 orient(-) score(5790.00) noncoding_equivalent(15.00) raw_noncoding(15.00) offset(0.00)
130651	128717	single-	4	6	{Augustus_model.g2716.t1;Augustus}

# EVM prediction: Mode:STANDARD S-ratio: 10000.00 131604-132329 orient(+) score(2904.00) noncoding_equivalent(0.29) raw_noncoding(0.00) offset(0.00)
131604	132329	single+	1	3	{GlimmerHMM_glimmerT_3088-T1;GlimmerHMM},{Augustus_model.g2717.t1;Augustus}

# EVM prediction: Mode:STANDARD S-ratio: 2.16 132484-133234 orient(-) score(2888.00) noncoding_equivalent(1340.00) raw_noncoding(1566.00) offset(226.00)
133118	132484	terminal-	5	6	{HiQ_model.g2718.t1;HiQ}
133212	133119	INTRON			{HiQ_model.g2718.t1;HiQ},{ev_type:exonerate/ID=match.177006.930/Target=YBL040C;exonerate}
133234	133213	initial-	4	4	{HiQ_model.g2718.t1;HiQ}

# EVM prediction: Mode:STANDARD S-ratio: 5.96 134352-136091 orient(-) score(10368.00) noncoding_equivalent(1740.00) raw_noncoding(1740.00) offset(0.00)
136091	134352	single-	4	6	{GlimmerHMM_glimmerT_3090-T1;GlimmerHMM},{HiQ_model.g2719.t1;HiQ}

# EVM prediction: Mode:STANDARD S-ratio: 3.02 136541-137239 orient(+) score(2097.00) noncoding_equivalent(693.83) raw_noncoding(693.83) offset(0.00)
136541	137239	single+	1	3	{GlimmerHMM_glimmerT_3091-T1;GlimmerHMM},{Augustus_model.g2720.t1;Augustus}

# EVM prediction: Mode:STANDARD S-ratio: 10000.00 137559-140636 orient(+) score(12312.00) noncoding_equivalent(1.23) raw_noncoding(0.00) offset(0.00)
137559	140636	single+	1	3	{GlimmerHMM_glimmerT_3092-T1;GlimmerHMM},{Augustus_model.g2721.t1;Augustus}

# EVM prediction: Mode:STANDARD S-ratio: 4.83 140772-141545 orient(-) score(3843.00) noncoding_equivalent(796.00) raw_noncoding(796.00) offset(0.00)
141545	140772	single-	4	6	{HiQ_model.g2722.t1;HiQ},{GlimmerHMM_glimmerT_3093-T1;GlimmerHMM}

# EVM prediction: Mode:STANDARD S-ratio: 4.78 141824-143944 orient(-) score(10524.00) noncoding_equivalent(2202.00) raw_noncoding(2202.00) offset(0.00)
143944	141824	single-	4	6	{GlimmerHMM_glimmerT_3094-T1;GlimmerHMM},{HiQ_model.g2723.t1;HiQ}

# EVM prediction: Mode:STANDARD S-ratio: 10000.00 144189-148727 orient(-) score(13617.00) noncoding_equivalent(1.36) raw_noncoding(0.00) offset(0.00)
148727	144189	single-	4	6	{Augustus_model.g2724.t1;Augustus},{GlimmerHMM_glimmerT_3095-T1;GlimmerHMM}

# EVM prediction: Mode:STANDARD S-ratio: 4.98 149002-150015 orient(-) score(5046.00) noncoding_equivalent(1014.00) raw_noncoding(1014.00) offset(0.00)
150015	149002	single-	4	6	{HiQ_model.g2725.t1;HiQ},{GlimmerHMM_glimmerT_3096-T1;GlimmerHMM}

# EVM prediction: Mode:STANDARD S-ratio: 469.68 150596-151699 orient(+) score(3303.00) noncoding_equivalent(7.03) raw_noncoding(7.03) offset(0.00)
150596	151699	single+	1	3	{Augustus_model.g2726.t1;Augustus},{GlimmerHMM_glimmerT_3097-T1;GlimmerHMM}

# EVM prediction: Mode:STANDARD S-ratio: 53.80 152095-153123 orient(+) score(4035.00) noncoding_equivalent(75.00) raw_noncoding(75.00) offset(0.00)
152095	153123	single+	1	3	{Augustus_model.g2727.t1;Augustus},{GlimmerHMM_glimmerT_3098-T1;GlimmerHMM}

# EVM prediction: Mode:STANDARD S-ratio: 4.96 153451-154407 orient(-) score(4746.00) noncoding_equivalent(957.00) raw_noncoding(957.00) offset(0.00)
154407	153451	single-	4	6	{HiQ_model.g2728.t1;HiQ},{GlimmerHMM_glimmerT_3099-T1;GlimmerHMM}

# EVM prediction: Mode:STANDARD S-ratio: 1.00 154900-155184 orient(-) score(570.00) noncoding_equivalent(570.00) raw_noncoding(570.00) offset(0.00)
155184	154900	single-	4	6	{GlimmerHMM_glimmerT_3100-T1;GlimmerHMM}

# EVM prediction: Mode:STANDARD S-ratio: 11.46 156556-157686 orient(+) score(4161.00) noncoding_equivalent(363.00) raw_noncoding(363.00) offset(0.00)
156556	157686	single+	1	3	{GlimmerHMM_glimmerT_3101-T1;GlimmerHMM}

# EVM prediction: Mode:STANDARD S-ratio: 4.17 157943-158263 orient(-) score(1552.00) noncoding_equivalent(372.38) raw_noncoding(372.38) offset(0.00)
158263	157943	single-	4	6	{HiQ_model.g2730.t1;HiQ},{GlimmerHMM_glimmerT_3102-T1;GlimmerHMM}

# EVM prediction: Mode:STANDARD S-ratio: 9.17 159150-159850 orient(+) score(1815.00) noncoding_equivalent(197.89) raw_noncoding(375.45) offset(177.56)
159150	159193	initial+	1	2	{Augustus_model.g2731.t1;Augustus}
159194	159282	INTRON			{Augustus_model.g2731.t1;Augustus}
159283	159850	terminal+	3	3	{GlimmerHMM_glimmerT_3103-T1;GlimmerHMM},{Augustus_model.g2731.t1;Augustus}

# EVM prediction: Mode:STANDARD S-ratio: 1.18 161066-161481 orient(+) score(832.00) noncoding_equivalent(706.00) raw_noncoding(960.00) offset(254.00)
161066	161119	initial+	1	3	{GlimmerHMM_glimmerT_3104-T1;GlimmerHMM}
161120	161247	INTRON			{GlimmerHMM_glimmerT_3104-T1;GlimmerHMM},{ev_type:exonerate/ID=match.177006.3073/Target=YBL026W;exonerate}
161248	161481	terminal+	1	3	{GlimmerHMM_glimmerT_3104-T1;GlimmerHMM}

# EVM prediction: Mode:STANDARD S-ratio: 26.65 161907-162344 orient(+) score(1687.00) noncoding_equivalent(63.31) raw_noncoding(63.31) offset(0.00)
161907	162344	single+	1	3	{Augustus_model.g2732.t1;Augustus},{GlimmerHMM_glimmerT_3105-T1;GlimmerHMM}

# EVM prediction: Mode:STANDARD S-ratio: 10000.00 162921-164972 orient(+) score(8208.00) noncoding_equivalent(0.82) raw_noncoding(0.00) offset(0.00)
162921	164972	single+	1	3	{Augustus_model.g2733.t1;Augustus},{GlimmerHMM_glimmerT_3106-T1;GlimmerHMM}

# EVM prediction: Mode:STANDARD S-ratio: 39.73 165288-167894 orient(-) score(7629.00) noncoding_equivalent(192.00) raw_noncoding(192.00) offset(0.00)
167894	165288	single-	4	6	{GlimmerHMM_glimmerT_3107-T1;GlimmerHMM},{Augustus_model.g2734.t1;Augustus}

# EVM prediction: Mode:STANDARD S-ratio: 4.98 168270-171686 orient(-) score(17071.00) noncoding_equivalent(3429.10) raw_noncoding(3429.10) offset(0.00)
171686	168270	single-	4	6	{HiQ_model.g2735.t1;HiQ},{GlimmerHMM_glimmerT_3108-T1;GlimmerHMM}

# EVM prediction: Mode:STANDARD S-ratio: 2.00 172088-172510 orient(-) score(1692.00) noncoding_equivalent(846.00) raw_noncoding(846.00) offset(0.00)
172510	172088	single-	4	6	{HiQ_model.g2736.t1;HiQ},{GlimmerHMM_glimmerT_3109-T1;GlimmerHMM}

# EVM prediction: Mode:STANDARD S-ratio: 10000.00 172819-174537 orient(+) score(6876.00) noncoding_equivalent(0.69) raw_noncoding(0.00) offset(0.00)
172819	174537	single+	1	3	{GlimmerHMM_glimmerT_3110-T1;GlimmerHMM},{Augustus_model.g2737.t1;Augustus}

# EVM prediction: Mode:STANDARD S-ratio: 15.76 174756-176330 orient(+) score(4443.00) noncoding_equivalent(282.00) raw_noncoding(282.00) offset(0.00)
174756	176330	single+	1	3	{GlimmerHMM_glimmerT_3111-T1;GlimmerHMM}

# EVM prediction: Mode:STANDARD S-ratio: 3.44 176415-177118 orient(-) score(1414.00) noncoding_equivalent(411.26) raw_noncoding(934.39) offset(523.14)
176769	176415	terminal-	6	6	{Augustus_model.g2739.t1;Augustus},{GlimmerHMM_glimmerT_3112-T1;GlimmerHMM}
176893	176770	INTRON			{GlimmerHMM_glimmerT_3112-T1;GlimmerHMM}
176903	176894	internal-	5	5	{GlimmerHMM_glimmerT_3112-T1;GlimmerHMM}
177066	176904	INTRON			{GlimmerHMM_glimmerT_3112-T1;GlimmerHMM}
177118	177067	initial-	4	4	{GlimmerHMM_glimmerT_3112-T1;GlimmerHMM}

# EVM prediction: Mode:STANDARD S-ratio: 3510.65 177266-181966 orient(-) score(14099.00) noncoding_equivalent(4.02) raw_noncoding(4.02) offset(0.00)
181966	177266	single-	4	6	{GlimmerHMM_glimmerT_3113-T1;GlimmerHMM}

# EVM prediction: Mode:STANDARD S-ratio: 2.00 182833-183894 orient(+) score(2124.00) noncoding_equivalent(1062.00) raw_noncoding(1062.00) offset(0.00)
182833	183894	single+	1	3	{Augustus_model.g2740.t1;Augustus},{GlimmerHMM_glimmerT_3114-T1;GlimmerHMM}

# EVM prediction: Mode:STANDARD S-ratio: 249.94 184530-186110 orient(+) score(6297.00) noncoding_equivalent(25.19) raw_noncoding(25.19) offset(0.00)
184530	186110	single+	1	3	{Augustus_model.g2741.t1;Augustus},{GlimmerHMM_glimmerT_3115-T1;GlimmerHMM}

# EVM prediction: Mode:STANDARD S-ratio: 3.64 188265-189008 orient(+) score(1593.00) noncoding_equivalent(438.00) raw_noncoding(786.00) offset(348.00)
188265	188272	initial+	1	2	{snap_scaffold_7-snap.71-T1;snap}
188273	188473	INTRON			{snap_scaffold_7-snap.71-T1;snap}
188474	189008	terminal+	3	3	{GlimmerHMM_glimmerT_3116-T1;GlimmerHMM},{snap_scaffold_7-snap.71-T1;snap}

# EVM prediction: Mode:STANDARD S-ratio: 10000.00 191007-193706 orient(-) score(8100.00) noncoding_equivalent(0.81) raw_noncoding(0.00) offset(0.00)
193706	191007	single-	4	6	{GlimmerHMM_glimmerT_3117-T1;GlimmerHMM},{Augustus_model.g2743.t1;Augustus}

# EVM prediction: Mode:STANDARD S-ratio: 19.02 194046-195263 orient(+) score(3468.00) noncoding_equivalent(182.33) raw_noncoding(182.33) offset(0.00)
194046	195263	single+	1	3	{Augustus_model.g2744.t1;Augustus},{GlimmerHMM_glimmerT_3118-T1;GlimmerHMM}

# EVM prediction: Mode:STANDARD S-ratio: 10000.00 195669-197906 orient(+) score(8946.00) noncoding_equivalent(0.89) raw_noncoding(0.00) offset(0.00)
195669	197906	single+	1	3	{Augustus_model.g2745.t1;Augustus},{GlimmerHMM_glimmerT_3119-T1;GlimmerHMM}

# EVM prediction: Mode:STANDARD S-ratio: 2.01 198196-199041 orient(-) score(3384.00) noncoding_equivalent(1687.04) raw_noncoding(1687.04) offset(0.00)
199041	198196	single-	4	6	{GlimmerHMM_glimmerT_3120-T1;GlimmerHMM},{HiQ_model.g2746.t1;HiQ}

# EVM prediction: Mode:STANDARD S-ratio: 217.09 199298-201340 orient(+) score(6099.00) noncoding_equivalent(28.09) raw_noncoding(28.09) offset(0.00)
199298	201340	single+	1	3	{Augustus_model.g2747.t1;Augustus},{GlimmerHMM_glimmerT_3121-T1;GlimmerHMM}

# EVM prediction: Mode:STANDARD S-ratio: 10000.00 201761-204283 orient(+) score(10092.00) noncoding_equivalent(1.01) raw_noncoding(0.00) offset(0.00)
201761	204283	single+	1	3	{GlimmerHMM_glimmerT_3122-T1;GlimmerHMM},{Augustus_model.g2748.t1;Augustus}

# EVM prediction: Mode:STANDARD S-ratio: 28.95 204738-208601 orient(-) score(11205.00) noncoding_equivalent(387.00) raw_noncoding(387.00) offset(0.00)
208601	204738	single-	4	6	{GlimmerHMM_glimmerT_3123-T1;GlimmerHMM}

# EVM prediction: Mode:STANDARD S-ratio: 1.99 208813-209364 orient(-) score(2196.00) noncoding_equivalent(1104.00) raw_noncoding(1104.00) offset(0.00)
209364	208813	single-	4	6	{HiQ_model.g2750.t1;HiQ},{GlimmerHMM_glimmerT_3124-T1;GlimmerHMM}

# EVM prediction: Mode:STANDARD S-ratio: 24.03 209728-212700 orient(+) score(8436.00) noncoding_equivalent(351.00) raw_noncoding(483.00) offset(132.00)
209728	209733	initial+	1	3	{snap_scaffold_7-snap.78-T1;snap}
209734	209865	INTRON			{snap_scaffold_7-snap.78-T1;snap}
209866	212700	terminal+	1	3	{snap_scaffold_7-snap.78-T1;snap}

# EVM prediction: Mode:STANDARD S-ratio: 658.37 214014-221519 orient(+) score(22482.00) noncoding_equivalent(34.15) raw_noncoding(34.15) offset(0.00)
214014	221519	single+	1	3	{GlimmerHMM_glimmerT_3126-T1;GlimmerHMM},{Augustus_model.g2752.t1;Augustus}

# EVM prediction: Mode:STANDARD S-ratio: 5.98 221805-222203 orient(-) score(2385.00) noncoding_equivalent(399.00) raw_noncoding(399.00) offset(0.00)
222203	221805	single-	4	6	{GlimmerHMM_glimmerT_3127-T1;GlimmerHMM},{HiQ_model.g2753.t1;HiQ}

# EVM prediction: Mode:STANDARD S-ratio: 164.00 222899-223294 orient(+) score(1968.00) noncoding_equivalent(12.00) raw_noncoding(12.00) offset(0.00)
222899	223294	single+	1	3	{GlimmerHMM_glimmerT_3128-T1;GlimmerHMM},{Augustus_model.g2754.t1;Augustus}

# EVM prediction: Mode:STANDARD S-ratio: 5.00 223549-223863 orient(-) score(1575.00) noncoding_equivalent(315.00) raw_noncoding(315.00) offset(0.00)
223863	223549	single-	4	6	{GlimmerHMM_glimmerT_3129-T1;GlimmerHMM},{HiQ_model.g2755.t1;HiQ}

# EVM prediction: Mode:STANDARD S-ratio: 4.41 225471-227834 orient(-) score(11532.00) noncoding_equivalent(2616.00) raw_noncoding(2616.00) offset(0.00)
227834	225471	single-	4	6	{GlimmerHMM_glimmerT_3130-T1;GlimmerHMM},{HiQ_model.g2756.t1;HiQ}

# EVM prediction: Mode:STANDARD S-ratio: 4.11 228266-229126 orient(-) score(4149.00) noncoding_equivalent(1009.17) raw_noncoding(1009.17) offset(0.00)
229126	228266	single-	4	6	{GlimmerHMM_glimmerT_3131-T1;GlimmerHMM},{HiQ_model.g2757.t1;HiQ}

# EVM prediction: Mode:STANDARD S-ratio: 626.00 229358-230779 orient(+) score(5677.00) noncoding_equivalent(9.07) raw_noncoding(9.07) offset(0.00)
229358	230779	single+	1	3	{GlimmerHMM_glimmerT_3132-T1;GlimmerHMM},{Augustus_model.g2758.t1;Augustus}

# EVM prediction: Mode:STANDARD S-ratio: 2.00 230894-232195 orient(-) score(5208.00) noncoding_equivalent(2604.00) raw_noncoding(2604.00) offset(0.00)
232195	230894	single-	4	6	{GlimmerHMM_glimmerT_3133-T1;GlimmerHMM},{HiQ_model.g2759.t1;HiQ}

# EVM prediction: Mode:STANDARD S-ratio: 10000.00 232643-233044 orient(+) score(1206.00) noncoding_equivalent(0.12) raw_noncoding(0.00) offset(0.00)
232643	233044	single+	1	3	{GlimmerHMM_glimmerT_3134-T1;GlimmerHMM},{Augustus_model.g2760.t1;Augustus}

# EVM prediction: Mode:STANDARD S-ratio: 116.18 233502-234995 orient(+) score(5925.00) noncoding_equivalent(51.00) raw_noncoding(51.00) offset(0.00)
233502	234995	single+	1	3	{GlimmerHMM_glimmerT_3135-T1;GlimmerHMM},{Augustus_model.g2761.t1;Augustus}

# EVM prediction: Mode:STANDARD S-ratio: 38.76 235285-237459 orient(-) score(6359.00) noncoding_equivalent(164.05) raw_noncoding(164.05) offset(0.00)
237459	235285	single-	4	6	{Augustus_model.g2762.t1;Augustus}

# EVM prediction: Mode:STANDARD S-ratio: 349.42 239236-240876 orient(-) score(4907.00) noncoding_equivalent(14.04) raw_noncoding(14.04) offset(0.00)
240876	239236	single-	4	6	{GlimmerHMM_glimmerT_3137-T1;GlimmerHMM},{Augustus_model.g2763.t1;Augustus}

# EVM prediction: Mode:STANDARD S-ratio: 5.98 242046-242357 orient(-) score(1866.00) noncoding_equivalent(312.00) raw_noncoding(312.00) offset(0.00)
242357	242046	single-	4	6	{GlimmerHMM_glimmerT_3138-T1;GlimmerHMM},{HiQ_model.g2764.t1;HiQ}

# EVM prediction: Mode:STANDARD S-ratio: 101.02 243008-243418 orient(+) score(2033.00) noncoding_equivalent(20.12) raw_noncoding(20.12) offset(0.00)
243008	243418	single+	1	3	{Augustus_model.g2765.t1;Augustus},{GlimmerHMM_glimmerT_3139-T1;GlimmerHMM}

# EVM prediction: Mode:STANDARD S-ratio: 4.89 243763-244626 orient(-) score(4303.00) noncoding_equivalent(879.07) raw_noncoding(879.07) offset(0.00)
244626	243763	single-	4	6	{HiQ_model.g2766.t1;HiQ},{GlimmerHMM_glimmerT_3140-T1;GlimmerHMM}

# EVM prediction: Mode:STANDARD S-ratio: 17.09 245507-246121 orient(-) score(1743.00) noncoding_equivalent(102.00) raw_noncoding(102.00) offset(0.00)
246121	245507	single-	4	6	{GlimmerHMM_glimmerT_3141-T1;GlimmerHMM},{Augustus_model.g2767.t1;Augustus}

# EVM prediction: Mode:STANDARD S-ratio: 5.00 246518-248320 orient(-) score(9015.00) noncoding_equivalent(1803.00) raw_noncoding(1803.00) offset(0.00)
248320	246518	single-	4	6	{GlimmerHMM_glimmerT_3142-T1;GlimmerHMM},{HiQ_model.g2768.t1;HiQ}

# EVM prediction: Mode:STANDARD S-ratio: 1.00 249109-249492 orient(+) score(768.00) noncoding_equivalent(768.00) raw_noncoding(768.00) offset(0.00)
249109	249492	single+	1	3	{GlimmerHMM_glimmerT_3143-T1;GlimmerHMM}

# EVM prediction: Mode:STANDARD S-ratio: 4.98 249860-252610 orient(-) score(13745.00) noncoding_equivalent(2759.22) raw_noncoding(2759.22) offset(0.00)
252610	249860	single-	4	6	{GlimmerHMM_glimmerT_3144-T1;GlimmerHMM},{HiQ_model.g2769.t1;HiQ}

# EVM prediction: Mode:STANDARD S-ratio: 5.00 253342-254442 orient(-) score(5505.00) noncoding_equivalent(1101.00) raw_noncoding(1101.00) offset(0.00)
254442	253342	single-	4	6	{GlimmerHMM_glimmerT_3145-T1;GlimmerHMM},{HiQ_model.g2770.t1;HiQ}

# EVM prediction: Mode:STANDARD S-ratio: 5.00 255184-257283 orient(-) score(10494.00) noncoding_equivalent(2100.00) raw_noncoding(2100.00) offset(0.00)
257283	255184	single-	4	6	{GlimmerHMM_glimmerT_3146-T1;GlimmerHMM},{HiQ_model.g2771.t1;HiQ}

# EVM prediction: Mode:STANDARD S-ratio: 892.63 257996-259582 orient(+) score(6339.00) noncoding_equivalent(7.10) raw_noncoding(7.10) offset(0.00)
257996	259582	single+	1	3	{GlimmerHMM_glimmerT_3147-T1;GlimmerHMM},{Augustus_model.g2772.t1;Augustus}

# EVM prediction: Mode:STANDARD S-ratio: 10000.00 260352-262253 orient(+) score(5706.00) noncoding_equivalent(0.57) raw_noncoding(0.00) offset(0.00)
260352	262253	single+	1	3	{Augustus_model.g2773.t1;Augustus},{GlimmerHMM_glimmerT_3148-T1;GlimmerHMM}

# EVM prediction: Mode:STANDARD S-ratio: 7.18 262636-263169 orient(+) score(1875.00) noncoding_equivalent(261.00) raw_noncoding(261.00) offset(0.00)
262636	263169	single+	1	3	{Augustus_model.g2774.t1;Augustus},{GlimmerHMM_glimmerT_3149-T1;GlimmerHMM}

# EVM prediction: Mode:STANDARD S-ratio: 5.00 263402-266890 orient(-) score(17445.00) noncoding_equivalent(3489.00) raw_noncoding(3489.00) offset(0.00)
266890	263402	single-	4	6	{HiQ_model.g2775.t1;HiQ},{GlimmerHMM_glimmerT_3150-T1;GlimmerHMM}

# EVM prediction: Mode:STANDARD S-ratio: 24.20 268566-269474 orient(+) score(2617.00) noncoding_equivalent(108.16) raw_noncoding(108.16) offset(0.00)
268566	269474	single+	1	3	{GlimmerHMM_glimmerT_3151-T1;GlimmerHMM}

# EVM prediction: Mode:STANDARD S-ratio: 4.95 269792-270976 orient(-) score(5913.00) noncoding_equivalent(1195.32) raw_noncoding(1195.32) offset(0.00)
270976	269792	single-	4	6	{HiQ_model.g2777.t1;HiQ},{GlimmerHMM_glimmerT_3152-T1;GlimmerHMM}

# EVM prediction: Mode:STANDARD S-ratio: 4.43 272395-273537 orient(-) score(5595.00) noncoding_equivalent(1261.62) raw_noncoding(1261.62) offset(0.00)
273537	272395	single-	4	6	{GlimmerHMM_glimmerT_3153-T1;GlimmerHMM},{HiQ_model.g2778.t1;HiQ}

# EVM prediction: Mode:STANDARD S-ratio: 45.64 273955-275538 orient(-) score(4649.00) noncoding_equivalent(101.86) raw_noncoding(101.86) offset(0.00)
275538	273955	single-	4	6	{Augustus_model.g2779.t1;Augustus}

# EVM prediction: Mode:STANDARD S-ratio: 4.82 275892-277265 orient(-) score(6827.00) noncoding_equivalent(1415.66) raw_noncoding(1415.66) offset(0.00)
277265	275892	single-	4	6	{HiQ_model.g2780.t1;HiQ},{GlimmerHMM_glimmerT_3155-T1;GlimmerHMM}

# EVM prediction: Mode:STANDARD S-ratio: 422.75 277816-279510 orient(+) score(5073.00) noncoding_equivalent(12.00) raw_noncoding(12.00) offset(0.00)
277816	279510	single+	1	3	{Augustus_model.g2781.t1;Augustus},{GlimmerHMM_glimmerT_3156-T1;GlimmerHMM}

# EVM prediction: Mode:STANDARD S-ratio: 13.98 281742-284543 orient(+) score(7845.00) noncoding_equivalent(561.00) raw_noncoding(561.00) offset(0.00)
281742	284543	single+	1	3	{Augustus_model.g2782.t1;Augustus},{GlimmerHMM_glimmerT_3157-T1;GlimmerHMM}

# EVM prediction: Mode:STANDARD S-ratio: 4.92 284755-285801 orient(-) score(5219.00) noncoding_equivalent(1061.03) raw_noncoding(1061.03) offset(0.00)
285801	284755	single-	4	6	{HiQ_model.g2783.t1;HiQ},{GlimmerHMM_glimmerT_3158-T1;GlimmerHMM}

# EVM prediction: Mode:STANDARD S-ratio: 2.01 286083-286769 orient(-) score(2755.00) noncoding_equivalent(1368.35) raw_noncoding(1368.35) offset(0.00)
286769	286083	single-	4	6	{HiQ_model.g2784.t1;HiQ},{GlimmerHMM_glimmerT_3159-T1;GlimmerHMM}

# EVM prediction: Mode:STANDARD S-ratio: 4.64 288985-290214 orient(-) score(6070.00) noncoding_equivalent(1308.83) raw_noncoding(1308.83) offset(0.00)
290214	288985	single-	4	6	{HiQ_model.g2785.t1;HiQ},{GlimmerHMM_glimmerT_3160-T1;GlimmerHMM}

# EVM prediction: Mode:STANDARD S-ratio: 30.79 290475-291389 orient(-) score(2657.00) noncoding_equivalent(86.29) raw_noncoding(86.29) offset(0.00)
291389	290475	single-	4	6	{GlimmerHMM_glimmerT_3161-T1;GlimmerHMM}

# EVM prediction: Mode:STANDARD S-ratio: 1624.02 291844-294738 orient(+) score(11571.00) noncoding_equivalent(7.12) raw_noncoding(7.12) offset(0.00)
291844	294738	single+	1	3	{GlimmerHMM_glimmerT_3162-T1;GlimmerHMM}

# EVM prediction: Mode:STANDARD S-ratio: 37.97 295545-296480 orient(+) score(3646.00) noncoding_equivalent(96.02) raw_noncoding(96.02) offset(0.00)
295545	296480	single+	1	3	{GlimmerHMM_glimmerT_3163-T1;GlimmerHMM}

# EVM prediction: Mode:STANDARD S-ratio: 9.31 296912-297808 orient(+) score(3241.00) noncoding_equivalent(348.01) raw_noncoding(348.01) offset(0.00)
296912	297808	single+	1	3	{GlimmerHMM_glimmerT_3164-T1;GlimmerHMM}

# EVM prediction: Mode:STANDARD S-ratio: 17.66 298136-300145 orient(+) score(7608.00) noncoding_equivalent(430.69) raw_noncoding(430.69) offset(0.00)
298136	300145	single+	1	3	{GlimmerHMM_glimmerT_3165-T1;GlimmerHMM}

# EVM prediction: Mode:STANDARD S-ratio: 10000.00 300281-301000 orient(-) score(2874.00) noncoding_equivalent(0.29) raw_noncoding(0.00) offset(0.00)
301000	300281	single-	4	6	{Augustus_model.g2789.t1;Augustus},{GlimmerHMM_glimmerT_3166-T1;GlimmerHMM}

# EVM prediction: Mode:STANDARD S-ratio: 208.34 301759-303792 orient(-) score(6071.00) noncoding_equivalent(29.14) raw_noncoding(29.14) offset(0.00)
303792	301759	single-	4	6	{Augustus_model.g2790.t1;Augustus},{GlimmerHMM_glimmerT_3167-T1;GlimmerHMM}

# EVM prediction: Mode:STANDARD S-ratio: 40.00 304219-305817 orient(-) score(4680.00) noncoding_equivalent(117.00) raw_noncoding(117.00) offset(0.00)
305817	304219	single-	4	6	{GlimmerHMM_glimmerT_3168-T1;GlimmerHMM}

# EVM prediction: Mode:STANDARD S-ratio: 12.53 307671-309634 orient(-) score(5424.00) noncoding_equivalent(432.89) raw_noncoding(453.00) offset(20.11)
308742	307671	terminal-	6	6	{GlimmerHMM_glimmerT_3169-T1;GlimmerHMM}
308762	308743	INTRON			{GlimmerHMM_glimmerT_3169-T1;GlimmerHMM}
309634	308763	initial-	4	5	{GlimmerHMM_glimmerT_3169-T1;GlimmerHMM}

# EVM prediction: Mode:STANDARD S-ratio: 5.00 310058-311062 orient(-) score(5025.00) noncoding_equivalent(1005.00) raw_noncoding(1005.00) offset(0.00)
311062	310058	single-	4	6	{HiQ_model.g2793.t1;HiQ}

# EVM prediction: Mode:STANDARD S-ratio: 2.24 311362-311889 orient(+) score(1458.00) noncoding_equivalent(650.79) raw_noncoding(650.79) offset(0.00)
311362	311889	single+	1	3	{GlimmerHMM_glimmerT_3171-T1;GlimmerHMM}

# EVM prediction: Mode:STANDARD S-ratio: 6.34 312403-313423 orient(+) score(3933.00) noncoding_equivalent(620.09) raw_noncoding(1713.00) offset(1092.91)
312403	312447	initial+	1	3	{GlimmerHMM_glimmerT_3172-T1;GlimmerHMM}
312448	312997	INTRON			{Augustus_model.g2794.t1;Augustus},{ev_type:exonerate/ID=match.177006.2320/Target=YDR025W;exonerate},{ev_type:exonerate/ID=match.177006.376/Target=YBR048W;exonerate}
312998	313423	terminal+	1	3	{snap_scaffold_7-snap.122-T1;snap},{Augustus_model.g2794.t1;Augustus}

# EVM prediction: Mode:STANDARD S-ratio: 32.14 314072-316543 orient(-) score(9518.00) noncoding_equivalent(296.15) raw_noncoding(296.15) offset(0.00)
316543	314072	single-	4	6	{GlimmerHMM_glimmerT_3173-T1;GlimmerHMM}

# EVM prediction: Mode:STANDARD S-ratio: 68.02 316917-318002 orient(-) score(3211.00) noncoding_equivalent(47.21) raw_noncoding(47.21) offset(0.00)
318002	316917	single-	4	6	{GlimmerHMM_glimmerT_3174-T1;GlimmerHMM}

# EVM prediction: Mode:STANDARD S-ratio: 4.45 318552-319181 orient(-) score(3087.00) noncoding_equivalent(693.00) raw_noncoding(693.00) offset(0.00)
319181	318552	single-	4	6	{HiQ_model.g2796.t1;HiQ},{GlimmerHMM_glimmerT_3175-T1;GlimmerHMM}

# EVM prediction: Mode:STANDARD S-ratio: 4.71 319500-320573 orient(-) score(5316.00) noncoding_equivalent(1128.00) raw_noncoding(1128.00) offset(0.00)
320573	319500	single-	4	6	{HiQ_model.g2797.t1;HiQ},{GlimmerHMM_glimmerT_3176-T1;GlimmerHMM}

# EVM prediction: Mode:STANDARD S-ratio: 292.19 322955-323983 orient(+) score(4100.00) noncoding_equivalent(14.03) raw_noncoding(14.03) offset(0.00)
322955	323983	single+	1	3	{Augustus_model.g2798.t1;Augustus},{GlimmerHMM_glimmerT_3177-T1;GlimmerHMM}

# EVM prediction: Mode:STANDARD S-ratio: 10000.00 324373-327081 orient(-) score(8127.00) noncoding_equivalent(0.81) raw_noncoding(0.00) offset(0.00)
327081	324373	single-	4	6	{GlimmerHMM_glimmerT_3178-T1;GlimmerHMM},{Augustus_model.g2799.t1;Augustus}

# EVM prediction: Mode:STANDARD S-ratio: 28.11 327657-329162 orient(+) score(5816.00) noncoding_equivalent(206.87) raw_noncoding(206.87) offset(0.00)
327657	329162	single+	1	3	{Augustus_model.g2800.t1;Augustus},{GlimmerHMM_glimmerT_3179-T1;GlimmerHMM}

# EVM prediction: Mode:STANDARD S-ratio: 11.07 331122-332586 orient(-) score(4787.00) noncoding_equivalent(432.40) raw_noncoding(991.96) offset(559.56)
332301	331122	terminal-	6	6	{snap_scaffold_7-snap.130-T1;snap}
332581	332302	INTRON			{snap_scaffold_7-snap.130-T1;snap}
332586	332582	initial-	4	5	{snap_scaffold_7-snap.130-T1;snap}

# EVM prediction: Mode:STANDARD S-ratio: 29.75 332587-334923 orient(-) score(9044.00) noncoding_equivalent(304.04) raw_noncoding(304.04) offset(0.00)
334923	332587	single-	4	6	{GlimmerHMM_glimmerT_3181-T1;GlimmerHMM}

# EVM prediction: Mode:STANDARD S-ratio: 10000.00 335773-339075 orient(-) score(9909.00) noncoding_equivalent(0.99) raw_noncoding(0.00) offset(0.00)
339075	335773	single-	4	6	{Augustus_model.g2802.t1;Augustus},{GlimmerHMM_glimmerT_3182-T1;GlimmerHMM}

# EVM prediction: Mode:STANDARD S-ratio: 39.81 339542-341398 orient(-) score(5433.00) noncoding_equivalent(136.48) raw_noncoding(136.48) offset(0.00)
341398	339542	single-	4	6	{GlimmerHMM_glimmerT_3183-T1;GlimmerHMM}

# EVM prediction: Mode:STANDARD S-ratio: 4.76 343616-344548 orient(-) score(4624.00) noncoding_equivalent(972.40) raw_noncoding(972.40) offset(0.00)
344548	343616	single-	4	6	{HiQ_model.g2804.t1;HiQ},{GlimmerHMM_glimmerT_3184-T1;GlimmerHMM}

# EVM prediction: Mode:STANDARD S-ratio: 5.77 344812-345774 orient(-) score(2544.00) noncoding_equivalent(441.03) raw_noncoding(1284.58) offset(843.56)
345338	344812	terminal-	5	6	{GlimmerHMM_glimmerT_3185-T1;GlimmerHMM},{snap_scaffold_7-snap.135-T1;snap},{Augustus_model.g2805.t1;Augustus}
345767	345339	INTRON			{snap_scaffold_7-snap.135-T1;snap}
345774	345768	initial-	4	4	{snap_scaffold_7-snap.135-T1;snap}

# EVM prediction: Mode:STANDARD S-ratio: 34.05 345806-347026 orient(-) score(3557.00) noncoding_equivalent(104.47) raw_noncoding(104.47) offset(0.00)
347026	345806	single-	4	6	{GlimmerHMM_glimmerT_3186-T1;GlimmerHMM}

# EVM prediction: Mode:STANDARD S-ratio: 5.00 347448-348557 orient(-) score(2774.00) noncoding_equivalent(554.59) raw_noncoding(554.59) offset(0.00)
348557	347448	single-	4	6	{GlimmerHMM_glimmerT_3187-T1;GlimmerHMM}

# EVM prediction: Mode:STANDARD S-ratio: 1.00 349261-349509 orient(+) score(249.00) noncoding_equivalent(249.00) raw_noncoding(249.00) offset(0.00)
349261	349509	single+	1	3	{GlimmerHMM_glimmerT_3188-T1;GlimmerHMM}

# EVM prediction: Mode:STANDARD S-ratio: 1.27 350990-351760 orient(-) score(1041.00) noncoding_equivalent(819.30) raw_noncoding(819.30) offset(0.00)
351760	350990	single-	4	6	{GlimmerHMM_glimmerT_3189-T1;GlimmerHMM}

# EVM prediction: Mode:STANDARD S-ratio: 34.12 352818-354644 orient(-) score(5324.00) noncoding_equivalent(156.04) raw_noncoding(156.04) offset(0.00)
354644	352818	single-	4	6	{Augustus_model.g2807.t1;Augustus},{GlimmerHMM_glimmerT_3190-T1;GlimmerHMM}

# EVM prediction: Mode:STANDARD S-ratio: 10000.00 355468-357333 orient(-) score(5598.00) noncoding_equivalent(0.56) raw_noncoding(0.00) offset(0.00)
357333	355468	single-	4	6	{Augustus_model.g2808.t1;Augustus},{GlimmerHMM_glimmerT_3191-T1;GlimmerHMM}

# EVM prediction: Mode:STANDARD S-ratio: 2.00 358041-358754 orient(-) score(2856.00) noncoding_equivalent(1428.00) raw_noncoding(1428.00) offset(0.00)
358754	358041	single-	4	6	{GlimmerHMM_glimmerT_3192-T1;GlimmerHMM},{HiQ_model.g2809.t1;HiQ}

# EVM prediction: Mode:STANDARD S-ratio: 10000.00 359240-359863 orient(+) score(1872.00) noncoding_equivalent(0.19) raw_noncoding(0.00) offset(0.00)
359240	359863	single+	1	3	{GlimmerHMM_glimmerT_3193-T1;GlimmerHMM},{Augustus_model.g2810.t1;Augustus}

# EVM prediction: Mode:STANDARD S-ratio: 212.66 360875-361519 orient(+) score(2566.00) noncoding_equivalent(12.07) raw_noncoding(12.07) offset(0.00)
360875	361519	single+	1	3	{Augustus_model.g2811.t1;Augustus},{GlimmerHMM_glimmerT_3194-T1;GlimmerHMM}

# EVM prediction: Mode:STANDARD S-ratio: 425.38 362013-364784 orient(+) score(8295.00) noncoding_equivalent(19.50) raw_noncoding(19.50) offset(0.00)
362013	364784	single+	1	3	{GlimmerHMM_glimmerT_3195-T1;GlimmerHMM},{Augustus_model.g2812.t1;Augustus}

# EVM prediction: Mode:STANDARD S-ratio: 45.92 365081-367990 orient(+) score(8544.00) noncoding_equivalent(186.05) raw_noncoding(186.05) offset(0.00)
365081	367990	single+	1	3	{GlimmerHMM_glimmerT_3196-T1;GlimmerHMM}

# EVM prediction: Mode:STANDARD S-ratio: 33.35 368494-369558 orient(+) score(3102.00) noncoding_equivalent(93.00) raw_noncoding(93.00) offset(0.00)
368494	369558	single+	1	3	{GlimmerHMM_glimmerT_3197-T1;GlimmerHMM}

# EVM prediction: Mode:STANDARD S-ratio: 5.00 370052-370540 orient(-) score(2445.00) noncoding_equivalent(489.00) raw_noncoding(489.00) offset(0.00)
370540	370052	single-	4	6	{GlimmerHMM_glimmerT_3198-T1;GlimmerHMM},{HiQ_model.g2814.t1;HiQ}

# EVM prediction: Mode:STANDARD S-ratio: 7.49 371382-373031 orient(+) score(6142.00) noncoding_equivalent(820.22) raw_noncoding(1185.00) offset(364.78)
371382	371439	initial+	1	1	{Augustus_model.g2815.t1;Augustus},{GlimmerHMM_glimmerT_3199-T1;GlimmerHMM}
371440	371805	INTRON			{Augustus_model.g2815.t1;Augustus},{GlimmerHMM_glimmerT_3199-T1;GlimmerHMM},{ev_type:exonerate/ID=match.177006.2774/Target=YBR078W;exonerate}
371806	373031	terminal+	2	3	{Augustus_model.g2815.t1;Augustus},{GlimmerHMM_glimmerT_3199-T1;GlimmerHMM}

# EVM prediction: Mode:STANDARD S-ratio: 4.94 373683-376550 orient(-) score(14301.00) noncoding_equivalent(2896.00) raw_noncoding(2896.00) offset(0.00)
376550	373683	single-	4	6	{HiQ_model.g2816.t1;HiQ},{GlimmerHMM_glimmerT_3200-T1;GlimmerHMM}

# EVM prediction: Mode:STANDARD S-ratio: 5.00 376875-379151 orient(-) score(11385.00) noncoding_equivalent(2277.00) raw_noncoding(2277.00) offset(0.00)
379151	376875	single-	4	6	{HiQ_model.g2817.t1;HiQ},{GlimmerHMM_glimmerT_3201-T1;GlimmerHMM}

# EVM prediction: Mode:STANDARD S-ratio: 1004.92 379501-383556 orient(-) score(16131.00) noncoding_equivalent(16.05) raw_noncoding(16.05) offset(0.00)
383556	379501	single-	4	6	{Augustus_model.g2818.t1;Augustus}

# EVM prediction: Mode:STANDARD S-ratio: 5.25 385227-385777 orient(-) score(3153.00) noncoding_equivalent(600.27) raw_noncoding(804.00) offset(203.73)
385626	385227	terminal-	6	6	{GlimmerHMM_glimmerT_3203-T1;GlimmerHMM},{HiQ_model.g2819.t1;HiQ}
385730	385627	INTRON			{GlimmerHMM_glimmerT_3203-T1;GlimmerHMM},{HiQ_model.g2819.t1;HiQ},{ev_type:exonerate/ID=match.177006.2087/Target=YDR059C;exonerate},{ev_type:exonerate/ID=match.177006.1362/Target=YBR082C;exonerate}
385777	385731	initial-	4	5	{GlimmerHMM_glimmerT_3203-T1;GlimmerHMM},{HiQ_model.g2819.t1;HiQ}

# EVM prediction: Mode:STANDARD S-ratio: 10000.00 387569-389032 orient(+) score(5847.00) noncoding_equivalent(0.58) raw_noncoding(0.00) offset(0.00)
387569	389032	single+	1	3	{Augustus_model.g2820.t1;Augustus},{GlimmerHMM_glimmerT_3204-T1;GlimmerHMM}

# EVM prediction: Mode:STANDARD S-ratio: 556.71 389517-392444 orient(+) score(11691.00) noncoding_equivalent(21.00) raw_noncoding(21.00) offset(0.00)
389517	392444	single+	1	3	{Augustus_model.g2821.t1;Augustus},{GlimmerHMM_glimmerT_3205-T1;GlimmerHMM}

# EVM prediction: Mode:STANDARD S-ratio: 3.65 392742-393842 orient(-) score(3888.00) noncoding_equivalent(1064.35) raw_noncoding(1581.00) offset(516.65)
393309	392742	terminal-	6	6	{Augustus_model.g2822.t1;Augustus},{GlimmerHMM_glimmerT_3206-T1;GlimmerHMM}
393828	393310	INTRON			{Augustus_model.g2822.t1;Augustus},{GlimmerHMM_glimmerT_3206-T1;GlimmerHMM}
393842	393829	initial-	4	5	{Augustus_model.g2822.t1;Augustus},{GlimmerHMM_glimmerT_3206-T1;GlimmerHMM}

# EVM prediction: Mode:STANDARD S-ratio: 10000.00 394582-395505 orient(+) score(3669.00) noncoding_equivalent(0.37) raw_noncoding(0.00) offset(0.00)
394582	395505	single+	1	3	{GlimmerHMM_glimmerT_3207-T1;GlimmerHMM},{Augustus_model.g2823.t1;Augustus}

# EVM prediction: Mode:STANDARD S-ratio: 111.61 395661-396641 orient(-) score(2915.00) noncoding_equivalent(26.12) raw_noncoding(26.12) offset(0.00)
396641	395661	single-	4	6	{Augustus_model.g2824.t1;Augustus},{GlimmerHMM_glimmerT_3208-T1;GlimmerHMM}

# EVM prediction: Mode:STANDARD S-ratio: 2.00 397604-397861 orient(-) score(1032.00) noncoding_equivalent(516.00) raw_noncoding(516.00) offset(0.00)
397861	397604	single-	4	6	{HiQ_model.g2825.t1;HiQ},{GlimmerHMM_glimmerT_3209-T1;GlimmerHMM}

# EVM prediction: Mode:STANDARD S-ratio: 48.18 398828-401674 orient(-) score(8368.00) noncoding_equivalent(173.70) raw_noncoding(173.70) offset(0.00)
401674	398828	single-	4	6	{GlimmerHMM_glimmerT_3210-T1;GlimmerHMM}

# EVM prediction: Mode:STANDARD S-ratio: 3.01 402389-403453 orient(+) score(3195.00) noncoding_equivalent(1060.28) raw_noncoding(1060.28) offset(0.00)
402389	403453	single+	1	3	{GlimmerHMM_glimmerT_3211-T1;GlimmerHMM},{Augustus_model.g2827.t1;Augustus}

# EVM prediction: Mode:STANDARD S-ratio: 10000.00 403616-404392 orient(-) score(3108.00) noncoding_equivalent(0.31) raw_noncoding(0.00) offset(0.00)
404392	403616	single-	4	6	{GlimmerHMM_glimmerT_3212-T1;GlimmerHMM}

# EVM prediction: Mode:STANDARD S-ratio: 3.77 404819-405118 orient(-) score(1165.00) noncoding_equivalent(308.71) raw_noncoding(308.71) offset(0.00)
405118	404819	single-	4	6	{GlimmerHMM_glimmerT_3213-T1;GlimmerHMM}

# EVM prediction: Mode:STANDARD S-ratio: 1.96 405774-406103 orient(-) score(1296.00) noncoding_equivalent(660.00) raw_noncoding(660.00) offset(0.00)
406103	405774	single-	4	6	{GlimmerHMM_glimmerT_3215-T1;GlimmerHMM},{HiQ_model.g2829.t1;HiQ}

# EVM prediction: Mode:STANDARD S-ratio: 14.90 406307-409506 orient(-) score(8683.00) noncoding_equivalent(582.74) raw_noncoding(683.00) offset(100.26)
407216	406307	terminal-	6	6	{Augustus_model.g2830.t1;Augustus}
409123	407217	INTRON			{Augustus_model.g2830.t1;Augustus}
409506	409124	initial-	4	5	{Augustus_model.g2830.t1;Augustus}

# EVM prediction: Mode:STANDARD S-ratio: 115.00 410596-412857 orient(+) score(8970.00) noncoding_equivalent(78.00) raw_noncoding(78.00) offset(0.00)
410596	412857	single+	1	3	{Augustus_model.g2831.t1;Augustus},{GlimmerHMM_glimmerT_3218-T1;GlimmerHMM}

# EVM prediction: Mode:STANDARD S-ratio: 2.00 412973-414268 orient(-) score(2592.00) noncoding_equivalent(1296.00) raw_noncoding(1296.00) offset(0.00)
414268	412973	single-	4	6	{GlimmerHMM_glimmerT_3219-T1;GlimmerHMM},{Augustus_model.g2832.t1;Augustus}

# EVM prediction: Mode:STANDARD S-ratio: 2.35 414628-415320 orient(+) score(1946.00) noncoding_equivalent(827.70) raw_noncoding(827.70) offset(0.00)
414628	415320	single+	1	3	{GlimmerHMM_glimmerT_3220-T1;GlimmerHMM}

# EVM prediction: Mode:STANDARD S-ratio: 10000.00 415563-419927 orient(+) score(17460.00) noncoding_equivalent(1.75) raw_noncoding(0.00) offset(0.00)
415563	419927	single+	1	3	{GlimmerHMM_glimmerT_3221-T1;GlimmerHMM}

# EVM prediction: Mode:STANDARD S-ratio: 3.89 420129-422204 orient(+) score(8250.00) noncoding_equivalent(2122.00) raw_noncoding(2122.00) offset(0.00)
420129	422204	single+	1	3	{GlimmerHMM_glimmerT_3222-T1;GlimmerHMM},{HiQ_model.g2834.t1;HiQ}

# EVM prediction: Mode:STANDARD S-ratio: 4.89 422430-423302 orient(-) score(4347.00) noncoding_equivalent(889.15) raw_noncoding(889.15) offset(0.00)
423302	422430	single-	4	6	{HiQ_model.g2835.t1;HiQ},{GlimmerHMM_glimmerT_3223-T1;GlimmerHMM}

# EVM prediction: Mode:STANDARD S-ratio: 5.00 423686-425947 orient(-) score(11310.00) noncoding_equivalent(2262.00) raw_noncoding(2262.00) offset(0.00)
425947	423686	single-	4	6	{HiQ_model.g2836.t1;HiQ},{GlimmerHMM_glimmerT_3224-T1;GlimmerHMM}

# EVM prediction: Mode:STANDARD S-ratio: 435.00 426355-427989 orient(+) score(6525.00) noncoding_equivalent(15.00) raw_noncoding(15.00) offset(0.00)
426355	427989	single+	1	3	{Augustus_model.g2837.t1;Augustus},{GlimmerHMM_glimmerT_3225-T1;GlimmerHMM}

# EVM prediction: Mode:STANDARD S-ratio: 10000.00 428316-429305 orient(+) score(3954.00) noncoding_equivalent(0.40) raw_noncoding(0.00) offset(0.00)
428316	429305	single+	1	3	{GlimmerHMM_glimmerT_3226-T1;GlimmerHMM},{Augustus_model.g2838.t1;Augustus}

# EVM prediction: Mode:STANDARD S-ratio: 6.35 429513-430607 orient(-) score(2838.00) noncoding_equivalent(447.00) raw_noncoding(447.00) offset(0.00)
430607	429513	single-	4	6	{Augustus_model.g2839.t1;Augustus},{GlimmerHMM_glimmerT_3227-T1;GlimmerHMM}

# EVM prediction: Mode:STANDARD S-ratio: 53.00 431325-431891 orient(+) score(2226.00) noncoding_equivalent(42.00) raw_noncoding(42.00) offset(0.00)
431325	431891	single+	1	3	{Augustus_model.g2840.t1;Augustus},{GlimmerHMM_glimmerT_3228-T1;GlimmerHMM}

# EVM prediction: Mode:STANDARD S-ratio: 2.01 432441-433178 orient(-) score(2952.00) noncoding_equivalent(1470.17) raw_noncoding(1470.17) offset(0.00)
433178	432441	single-	4	6	{GlimmerHMM_glimmerT_3229-T1;GlimmerHMM},{HiQ_model.g2841.t1;HiQ}

# EVM prediction: Mode:STANDARD S-ratio: 186.19 433478-436363 orient(+) score(8610.00) noncoding_equivalent(46.24) raw_noncoding(46.24) offset(0.00)
433478	436363	single+	1	3	{GlimmerHMM_glimmerT_3230-T1;GlimmerHMM},{Augustus_model.g2842.t1;Augustus}

# EVM prediction: Mode:STANDARD S-ratio: 2.00 436626-437069 orient(-) score(1776.00) noncoding_equivalent(888.00) raw_noncoding(888.00) offset(0.00)
437069	436626	single-	4	6	{GlimmerHMM_glimmerT_3231-T1;GlimmerHMM},{HiQ_model.g2843.t1;HiQ}

# EVM prediction: Mode:STANDARD S-ratio: 27.90 437576-438925 orient(+) score(5212.00) noncoding_equivalent(186.78) raw_noncoding(186.78) offset(0.00)
437576	438925	single+	1	3	{Augustus_model.g2844.t1;Augustus},{GlimmerHMM_glimmerT_3232-T1;GlimmerHMM}

# EVM prediction: Mode:STANDARD S-ratio: 59.86 439551-440189 orient(-) score(2514.00) noncoding_equivalent(42.00) raw_noncoding(42.00) offset(0.00)
440189	439551	single-	4	6	{GlimmerHMM_glimmerT_3233-T1;GlimmerHMM},{Augustus_model.g2845.t1;Augustus}

# EVM prediction: Mode:STANDARD S-ratio: 1.20 440576-441013 orient(+) score(876.00) noncoding_equivalent(727.00) raw_noncoding(1029.00) offset(302.00)
440576	440640	initial+	1	2	{Augustus_model.g2846.t1;Augustus}
440641	440719	INTRON			{Augustus_model.g2846.t1;Augustus},{ev_type:exonerate/ID=match.177006.1317/Target=YBR111W-A;exonerate}
440720	440859	internal+	3	1	{Augustus_model.g2846.t1;Augustus},{ev_type:exonerate/ID=match.177006.1317/Target=YBR111W-A;exonerate}
440860	440933	INTRON			{Augustus_model.g2846.t1;Augustus},{ev_type:exonerate/ID=match.177006.1317/Target=YBR111W-A;exonerate}
440934	441013	terminal+	2	3	{Augustus_model.g2846.t1;Augustus}

# EVM prediction: Mode:STANDARD S-ratio: 10000.00 441309-444443 orient(-) score(12066.00) noncoding_equivalent(1.21) raw_noncoding(0.00) offset(0.00)
444443	441309	single-	4	6	{Augustus_model.g2847.t1;Augustus},{GlimmerHMM_glimmerT_3234-T1;GlimmerHMM}

# EVM prediction: Mode:STANDARD S-ratio: 10000.00 445894-448266 orient(+) score(7119.00) noncoding_equivalent(0.71) raw_noncoding(0.00) offset(0.00)
445894	448266	single+	1	3	{GlimmerHMM_glimmerT_3235-T1;GlimmerHMM},{Augustus_model.g2848.t1;Augustus}

# EVM prediction: Mode:STANDARD S-ratio: 48.75 448398-452576 orient(-) score(12285.00) noncoding_equivalent(252.00) raw_noncoding(252.00) offset(0.00)
452576	448398	single-	4	6	{Augustus_model.g2849.t1;Augustus},{GlimmerHMM_glimmerT_3236-T1;GlimmerHMM}

# EVM prediction: Mode:STANDARD S-ratio: 5.00 453057-455102 orient(-) score(10230.00) noncoding_equivalent(2046.00) raw_noncoding(2046.00) offset(0.00)
455102	453057	single-	4	6	{GlimmerHMM_glimmerT_3237-T1;GlimmerHMM},{HiQ_model.g2850.t1;HiQ}

# EVM prediction: Mode:STANDARD S-ratio: 19.43 458170-459157 orient(+) score(2702.00) noncoding_equivalent(139.06) raw_noncoding(354.39) offset(215.34)
458170	458177	initial+	1	2	{snap_scaffold_7-snap.176-T1;snap},{Augustus_model.g2851.t1;Augustus}
458178	458298	INTRON			{Augustus_model.g2851.t1;Augustus}
458299	459157	terminal+	3	3	{Augustus_model.g2851.t1;Augustus}

# EVM prediction: Mode:STANDARD S-ratio: 4.84 459276-459764 orient(-) score(2430.00) noncoding_equivalent(502.35) raw_noncoding(502.35) offset(0.00)
459764	459276	single-	4	6	{HiQ_model.g2852.t1;HiQ},{GlimmerHMM_glimmerT_3239-T1;GlimmerHMM}

# EVM prediction: Mode:STANDARD S-ratio: 5.00 460135-462132 orient(-) score(9987.00) noncoding_equivalent(1998.00) raw_noncoding(1998.00) offset(0.00)
462132	460135	single-	4	6	{HiQ_model.g2853.t1;HiQ},{GlimmerHMM_glimmerT_3240-T1;GlimmerHMM}

# EVM prediction: Mode:STANDARD S-ratio: 3.58 462760-463296 orient(-) score(2519.00) noncoding_equivalent(703.00) raw_noncoding(703.00) offset(0.00)
463296	462760	single-	4	6	{HiQ_model.g2854.t1;HiQ}

# EVM prediction: Mode:STANDARD S-ratio: 4.99 463524-465485 orient(-) score(9795.00) noncoding_equivalent(1962.00) raw_noncoding(1962.00) offset(0.00)
465485	463524	single-	4	6	{HiQ_model.g2855.t1;HiQ},{GlimmerHMM_glimmerT_3242-T1;GlimmerHMM}

# EVM prediction: Mode:STANDARD S-ratio: 89.69 465975-467153 orient(-) score(3498.00) noncoding_equivalent(39.00) raw_noncoding(39.00) offset(0.00)
467153	465975	single-	4	6	{Augustus_model.g2856.t1;Augustus},{GlimmerHMM_glimmerT_3243-T1;GlimmerHMM}

# EVM prediction: Mode:STANDARD S-ratio: 5.00 467707-469194 orient(-) score(7440.00) noncoding_equivalent(1488.00) raw_noncoding(1488.00) offset(0.00)
469194	467707	single-	4	6	{HiQ_model.g2857.t1;HiQ},{GlimmerHMM_glimmerT_3244-T1;GlimmerHMM}

# EVM prediction: Mode:STANDARD S-ratio: 10000.00 470193-471743 orient(-) score(4653.00) noncoding_equivalent(0.47) raw_noncoding(0.00) offset(0.00)
471743	470193	single-	4	6	{GlimmerHMM_glimmerT_3246-T1;GlimmerHMM},{Augustus_model.g2858.t1;Augustus}

# EVM prediction: Mode:STANDARD S-ratio: 4.49 472006-473037 orient(-) score(5064.00) noncoding_equivalent(1128.00) raw_noncoding(1128.00) offset(0.00)
473037	472006	single-	4	6	{GlimmerHMM_glimmerT_3247-T1;GlimmerHMM},{HiQ_model.g2859.t1;HiQ}

# EVM prediction: Mode:STANDARD S-ratio: 3.80 473293-474273 orient(-) score(4659.00) noncoding_equivalent(1226.65) raw_noncoding(1226.65) offset(0.00)
474273	473293	single-	4	6	{HiQ_model.g2860.t1;HiQ},{GlimmerHMM_glimmerT_3248-T1;GlimmerHMM}

# EVM prediction: Mode:STANDARD S-ratio: 2.00 474533-475807 orient(-) score(5094.00) noncoding_equivalent(2550.00) raw_noncoding(2550.00) offset(0.00)
475807	474533	single-	4	6	{HiQ_model.g2861.t1;HiQ},{GlimmerHMM_glimmerT_3249-T1;GlimmerHMM}

# EVM prediction: Mode:STANDARD S-ratio: 10000.00 476100-478208 orient(+) score(6327.00) noncoding_equivalent(0.63) raw_noncoding(0.00) offset(0.00)
476100	478208	single+	1	3	{GlimmerHMM_glimmerT_3250-T1;GlimmerHMM},{Augustus_model.g2862.t1;Augustus}

# EVM prediction: Mode:STANDARD S-ratio: 10000.00 478511-480289 orient(-) score(5337.00) noncoding_equivalent(0.53) raw_noncoding(0.00) offset(0.00)
480289	478511	single-	4	6	{Augustus_model.g2863.t1;Augustus},{GlimmerHMM_glimmerT_3251-T1;GlimmerHMM}

# EVM prediction: Mode:STANDARD S-ratio: 4.94 480657-483146 orient(-) score(12423.00) noncoding_equivalent(2517.00) raw_noncoding(2517.00) offset(0.00)
483146	480657	single-	4	6	{HiQ_model.g2864.t1;HiQ},{GlimmerHMM_glimmerT_3252-T1;GlimmerHMM}

# EVM prediction: Mode:STANDARD S-ratio: 3.00 483705-484166 orient(+) score(1386.00) noncoding_equivalent(462.00) raw_noncoding(462.00) offset(0.00)
483705	484166	single+	1	3	{GlimmerHMM_glimmerT_3253-T1;GlimmerHMM},{Augustus_model.g2865.t1;Augustus}

# EVM prediction: Mode:STANDARD S-ratio: 352.62 484581-491687 orient(+) score(21259.00) noncoding_equivalent(60.29) raw_noncoding(60.29) offset(0.00)
484581	491687	single+	1	3	{GlimmerHMM_glimmerT_3254-T1;GlimmerHMM},{Augustus_model.g2866.t1;Augustus}

# EVM prediction: Mode:STANDARD S-ratio: 179.00 491961-492500 orient(+) score(2148.00) noncoding_equivalent(12.00) raw_noncoding(12.00) offset(0.00)
491961	492500	single+	1	3	{Augustus_model.g2867.t1;Augustus},{GlimmerHMM_glimmerT_3255-T1;GlimmerHMM}

# EVM prediction: Mode:STANDARD S-ratio: 41.87 492904-494259 orient(-) score(3973.00) noncoding_equivalent(94.88) raw_noncoding(94.88) offset(0.00)
494259	492904	single-	4	6	{GlimmerHMM_glimmerT_3256-T1;GlimmerHMM},{Augustus_model.g2868.t1;Augustus}

# EVM prediction: Mode:STANDARD S-ratio: 152.46 494575-496071 orient(+) score(5946.00) noncoding_equivalent(39.00) raw_noncoding(39.00) offset(0.00)
494575	496071	single+	1	3	{GlimmerHMM_glimmerT_3257-T1;GlimmerHMM},{Augustus_model.g2869.t1;Augustus}

# EVM prediction: Mode:STANDARD S-ratio: 501.58 496291-505506 orient(-) score(36789.00) noncoding_equivalent(73.35) raw_noncoding(73.35) offset(0.00)
505506	496291	single-	4	6	{GlimmerHMM_glimmerT_3258-T1;GlimmerHMM}

# EVM prediction: Mode:STANDARD S-ratio: 6.73 505944-506957 orient(-) score(2648.00) noncoding_equivalent(393.49) raw_noncoding(393.49) offset(0.00)
506957	505944	single-	4	6	{GlimmerHMM_glimmerT_3259-T1;GlimmerHMM}

# EVM prediction: Mode:STANDARD S-ratio: 23.19 507230-509562 orient(+) score(6684.00) noncoding_equivalent(288.27) raw_noncoding(315.00) offset(26.73)
507230	508306	initial+	1	3	{GlimmerHMM_glimmerT_3260-T1;GlimmerHMM}
508307	508332	INTRON			{GlimmerHMM_glimmerT_3260-T1;GlimmerHMM}
508333	509562	terminal+	1	3	{GlimmerHMM_glimmerT_3260-T1;GlimmerHMM}

# EVM prediction: Mode:STANDARD S-ratio: 5.00 509791-511104 orient(-) score(6570.00) noncoding_equivalent(1314.00) raw_noncoding(1314.00) offset(0.00)
511104	509791	single-	4	6	{HiQ_model.g2872.t1;HiQ},{GlimmerHMM_glimmerT_3261-T1;GlimmerHMM}

# EVM prediction: Mode:STANDARD S-ratio: 4.87 512607-513662 orient(+) score(4215.00) noncoding_equivalent(866.25) raw_noncoding(866.25) offset(0.00)
512607	513662	single+	1	3	{GlimmerHMM_glimmerT_3262-T1;GlimmerHMM},{Augustus_model.g2873.t1;Augustus}

# EVM prediction: Mode:STANDARD S-ratio: 27.11 514135-514914 orient(+) score(3009.00) noncoding_equivalent(111.00) raw_noncoding(111.00) offset(0.00)
514135	514914	single+	1	3	{Augustus_model.g2874.t1;Augustus}

# EVM prediction: Mode:STANDARD S-ratio: 9.54 515420-516340 orient(+) score(3275.00) noncoding_equivalent(343.30) raw_noncoding(343.30) offset(0.00)
515420	516340	single+	1	3	{GlimmerHMM_glimmerT_3264-T1;GlimmerHMM}

# EVM prediction: Mode:STANDARD S-ratio: 113.46 516736-518574 orient(+) score(5467.00) noncoding_equivalent(48.18) raw_noncoding(48.18) offset(0.00)
516736	518574	single+	1	3	{GlimmerHMM_glimmerT_3265-T1;GlimmerHMM}

# EVM prediction: Mode:STANDARD S-ratio: 73.76 518858-519892 orient(+) score(4083.00) noncoding_equivalent(55.36) raw_noncoding(55.36) offset(0.00)
518858	519892	single+	1	3	{Augustus_model.g2876.t1;Augustus},{GlimmerHMM_glimmerT_3266-T1;GlimmerHMM}

# EVM prediction: Mode:STANDARD S-ratio: 10000.00 520103-523159 orient(-) score(9171.00) noncoding_equivalent(0.92) raw_noncoding(0.00) offset(0.00)
523159	520103	single-	4	6	{GlimmerHMM_glimmerT_3267-T1;GlimmerHMM},{Augustus_model.g2877.t1;Augustus}

# EVM prediction: Mode:STANDARD S-ratio: 2.98 523696-524646 orient(+) score(2849.00) noncoding_equivalent(955.02) raw_noncoding(955.02) offset(0.00)
523696	524646	single+	1	3	{GlimmerHMM_glimmerT_3268-T1;GlimmerHMM}

# EVM prediction: Mode:STANDARD S-ratio: 21.64 525025-525882 orient(+) score(2458.00) noncoding_equivalent(113.60) raw_noncoding(113.60) offset(0.00)
525025	525882	single+	1	3	{GlimmerHMM_glimmerT_3269-T1;GlimmerHMM}

# EVM prediction: Mode:STANDARD S-ratio: 8.57 526065-526808 orient(+) score(1928.00) noncoding_equivalent(224.91) raw_noncoding(303.38) offset(78.47)
526065	526069	initial+	1	2	{snap_scaffold_7-snap.205-T1;snap}
526070	526147	INTRON			{snap_scaffold_7-snap.205-T1;snap}
526148	526808	terminal+	3	3	{snap_scaffold_7-snap.205-T1;snap}

# EVM prediction: Mode:STANDARD S-ratio: 2.00 526975-527622 orient(-) score(2592.00) noncoding_equivalent(1296.00) raw_noncoding(1296.00) offset(0.00)
527622	526975	single-	4	6	{HiQ_model.g2879.t1;HiQ},{GlimmerHMM_glimmerT_3271-T1;GlimmerHMM}

# EVM prediction: Mode:STANDARD S-ratio: 10000.00 528388-529545 orient(+) score(4623.00) noncoding_equivalent(0.46) raw_noncoding(0.00) offset(0.00)
528388	529545	single+	1	3	{GlimmerHMM_glimmerT_3272-T1;GlimmerHMM},{Augustus_model.g2880.t1;Augustus}

# EVM prediction: Mode:STANDARD S-ratio: 10000.00 529728-531824 orient(-) score(6291.00) noncoding_equivalent(0.63) raw_noncoding(0.00) offset(0.00)
531824	529728	single-	4	6	{GlimmerHMM_glimmerT_3273-T1;GlimmerHMM},{Augustus_model.g2881.t1;Augustus}

# EVM prediction: Mode:STANDARD S-ratio: 4.27 532185-532961 orient(-) score(1764.00) noncoding_equivalent(412.88) raw_noncoding(566.38) offset(153.51)
532799	532185	terminal-	4	6	{snap_scaffold_7-snap.208-T1;snap}
532952	532800	INTRON			{snap_scaffold_7-snap.208-T1;snap}
532961	532953	initial-	4	6	{snap_scaffold_7-snap.208-T1;snap}

# EVM prediction: Mode:STANDARD S-ratio: 29.43 535422-536978 orient(+) score(6003.00) noncoding_equivalent(204.00) raw_noncoding(204.00) offset(0.00)
535422	536978	single+	1	3	{GlimmerHMM_glimmerT_3275-T1;GlimmerHMM},{Augustus_model.g2883.t1;Augustus}

# EVM prediction: Mode:STANDARD S-ratio: 272.60 537438-538463 orient(+) score(4089.00) noncoding_equivalent(15.00) raw_noncoding(15.00) offset(0.00)
537438	538463	single+	1	3	{GlimmerHMM_glimmerT_3276-T1;GlimmerHMM},{Augustus_model.g2884.t1;Augustus}

# EVM prediction: Mode:STANDARD S-ratio: 80.55 538859-539755 orient(+) score(2658.00) noncoding_equivalent(33.00) raw_noncoding(33.00) offset(0.00)
538859	539755	single+	1	3	{GlimmerHMM_glimmerT_3277-T1;GlimmerHMM},{Augustus_model.g2885.t1;Augustus}

# EVM prediction: Mode:STANDARD S-ratio: 1503.56 540421-541554 orient(+) score(4531.00) noncoding_equivalent(3.01) raw_noncoding(3.01) offset(0.00)
540421	541554	single+	1	3	{Augustus_model.g2886.t1;Augustus},{GlimmerHMM_glimmerT_3278-T1;GlimmerHMM}

# EVM prediction: Mode:STANDARD S-ratio: 10000.00 542023-543417 orient(-) score(5520.00) noncoding_equivalent(0.55) raw_noncoding(0.00) offset(0.00)
543417	542023	single-	4	6	{GlimmerHMM_glimmerT_3279-T1;GlimmerHMM},{Augustus_model.g2887.t1;Augustus}

# EVM prediction: Mode:STANDARD S-ratio: 14.04 544334-546359 orient(+) score(5427.00) noncoding_equivalent(386.44) raw_noncoding(889.54) offset(503.09)
544334	544341	initial+	1	2	{snap_scaffold_7-snap.214-T1;snap}
544342	544397	INTRON			{snap_scaffold_7-snap.214-T1;snap}
544398	544406	internal+	3	2	{snap_scaffold_7-snap.214-T1;snap}
544407	544615	INTRON			{snap_scaffold_7-snap.214-T1;snap}
544616	546359	terminal+	3	3	{snap_scaffold_7-snap.214-T1;snap}

# EVM prediction: Mode:STANDARD S-ratio: 4.52 546821-547372 orient(-) score(2712.00) noncoding_equivalent(600.00) raw_noncoding(600.00) offset(0.00)
547372	546821	single-	4	6	{HiQ_model.g2889.t1;HiQ},{GlimmerHMM_glimmerT_3281-T1;GlimmerHMM}

# EVM prediction: Mode:STANDARD S-ratio: 1.93 547798-548631 orient(+) score(1648.00) noncoding_equivalent(852.16) raw_noncoding(852.16) offset(0.00)
547798	548631	single+	1	3	{GlimmerHMM_glimmerT_3282-T1;GlimmerHMM}

# EVM prediction: Mode:STANDARD S-ratio: 3.90 548798-550147 orient(-) score(6444.00) noncoding_equivalent(1653.00) raw_noncoding(1653.00) offset(0.00)
550147	548798	single-	4	6	{HiQ_model.g2890.t1;HiQ},{GlimmerHMM_glimmerT_3283-T1;GlimmerHMM}

# EVM prediction: Mode:STANDARD S-ratio: 2.00 550431-550853 orient(-) score(1692.00) noncoding_equivalent(846.00) raw_noncoding(846.00) offset(0.00)
550853	550431	single-	4	6	{HiQ_model.g2891.t1;HiQ},{GlimmerHMM_glimmerT_3284-T1;GlimmerHMM}

# EVM prediction: Mode:STANDARD S-ratio: 10000.00 551329-552570 orient(+) score(3726.00) noncoding_equivalent(0.37) raw_noncoding(0.00) offset(0.00)
551329	552570	single+	1	3	{Augustus_model.g2892.t1;Augustus},{GlimmerHMM_glimmerT_3285-T1;GlimmerHMM}

# EVM prediction: Mode:STANDARD S-ratio: 129.13 552852-554933 orient(-) score(6198.00) noncoding_equivalent(48.00) raw_noncoding(48.00) offset(0.00)
554933	552852	single-	4	6	{GlimmerHMM_glimmerT_3286-T1;GlimmerHMM},{Augustus_model.g2893.t1;Augustus}

# EVM prediction: Mode:STANDARD S-ratio: 4.87 555248-556990 orient(-) score(8675.00) noncoding_equivalent(1781.19) raw_noncoding(1781.19) offset(0.00)
556990	555248	single-	4	6	{GlimmerHMM_glimmerT_3287-T1;GlimmerHMM},{HiQ_model.g2894.t1;HiQ}

# EVM prediction: Mode:STANDARD S-ratio: 3.02 557262-557882 orient(+) score(1863.00) noncoding_equivalent(617.49) raw_noncoding(617.49) offset(0.00)
557262	557882	single+	1	3	{GlimmerHMM_glimmerT_3288-T1;GlimmerHMM},{Augustus_model.g2895.t1;Augustus}

# EVM prediction: Mode:STANDARD S-ratio: 88.04 558050-560275 orient(-) score(6603.00) noncoding_equivalent(75.00) raw_noncoding(75.00) offset(0.00)
560275	558050	single-	4	6	{Augustus_model.g2896.t1;Augustus},{GlimmerHMM_glimmerT_3289-T1;GlimmerHMM}

# EVM prediction: Mode:STANDARD S-ratio: 5.00 560618-561064 orient(-) score(2235.00) noncoding_equivalent(447.00) raw_noncoding(447.00) offset(0.00)
561064	560618	single-	4	6	{GlimmerHMM_glimmerT_3290-T1;GlimmerHMM},{HiQ_model.g2897.t1;HiQ}

# EVM prediction: Mode:STANDARD S-ratio: 2.67 561303-562250 orient(+) score(2758.00) noncoding_equivalent(1034.39) raw_noncoding(1034.39) offset(0.00)
561303	562250	single+	1	3	{GlimmerHMM_glimmerT_3291-T1;GlimmerHMM}

# EVM prediction: Mode:STANDARD S-ratio: 98.75 562631-563566 orient(+) score(3687.00) noncoding_equivalent(37.33) raw_noncoding(37.33) offset(0.00)
562631	563566	single+	1	3	{GlimmerHMM_glimmerT_3292-T1;GlimmerHMM}

# EVM prediction: Mode:STANDARD S-ratio: 4.99 563731-565086 orient(-) score(6771.00) noncoding_equivalent(1356.00) raw_noncoding(1356.00) offset(0.00)
565086	563731	single-	4	6	{HiQ_model.g2899.t1;HiQ},{GlimmerHMM_glimmerT_3293-T1;GlimmerHMM}

# EVM prediction: Mode:STANDARD S-ratio: 4.91 565443-567992 orient(-) score(12606.00) noncoding_equivalent(2566.32) raw_noncoding(2566.32) offset(0.00)
567992	565443	single-	4	6	{HiQ_model.g2900.t1;HiQ},{GlimmerHMM_glimmerT_3294-T1;GlimmerHMM}

# EVM prediction: Mode:STANDARD S-ratio: 55.00 572786-574129 orient(-) score(3960.00) noncoding_equivalent(72.00) raw_noncoding(72.00) offset(0.00)
574129	572786	single-	4	6	{GlimmerHMM_glimmerT_3296-T1;GlimmerHMM},{Augustus_model.g2901.t1;Augustus}

# EVM prediction: Mode:STANDARD S-ratio: 23.56 575368-576321 orient(+) score(3655.00) noncoding_equivalent(155.12) raw_noncoding(155.12) offset(0.00)
575368	576321	single+	1	3	{GlimmerHMM_glimmerT_3297-T1;GlimmerHMM}

# EVM prediction: Mode:STANDARD S-ratio: 75.94 576648-578303 orient(+) score(4902.00) noncoding_equivalent(64.55) raw_noncoding(64.55) offset(0.00)
576648	578303	single+	1	3	{GlimmerHMM_glimmerT_3298-T1;GlimmerHMM}

# EVM prediction: Mode:STANDARD S-ratio: 2.96 578482-579318 orient(-) score(3747.00) noncoding_equivalent(1268.00) raw_noncoding(1268.00) offset(0.00)
579318	578482	single-	4	6	{GlimmerHMM_glimmerT_3299-T1;GlimmerHMM},{HiQ_model.g2903.t1;HiQ}

# EVM prediction: Mode:STANDARD S-ratio: 102.13 579909-581558 orient(+) score(4902.00) noncoding_equivalent(48.00) raw_noncoding(48.00) offset(0.00)
579909	581558	single+	1	3	{GlimmerHMM_glimmerT_3300-T1;GlimmerHMM},{Augustus_model.g2904.t1;Augustus}

# EVM prediction: Mode:STANDARD S-ratio: 37.14 581962-582825 orient(+) score(3295.00) noncoding_equivalent(88.73) raw_noncoding(88.73) offset(0.00)
581962	582825	single+	1	3	{GlimmerHMM_glimmerT_3301-T1;GlimmerHMM}

# EVM prediction: Mode:STANDARD S-ratio: 10000.00 583048-583470 orient(-) score(1269.00) noncoding_equivalent(0.13) raw_noncoding(0.00) offset(0.00)
583470	583048	single-	4	6	{Augustus_model.g2906.t1;Augustus},{GlimmerHMM_glimmerT_3302-T1;GlimmerHMM}

# EVM prediction: Mode:STANDARD S-ratio: 4.23 583917-584920 orient(+) score(3703.00) noncoding_equivalent(876.20) raw_noncoding(1284.00) offset(407.80)
583917	583923	initial+	1	1	{GlimmerHMM_glimmerT_3303-T1;GlimmerHMM},{snap_scaffold_7-snap.233-T1;snap}
583924	584339	INTRON			{GlimmerHMM_glimmerT_3303-T1;GlimmerHMM},{snap_scaffold_7-snap.233-T1;snap}
584340	584920	terminal+	2	3	{GlimmerHMM_glimmerT_3303-T1;GlimmerHMM},{snap_scaffold_7-snap.233-T1;snap}

# EVM prediction: Mode:STANDARD S-ratio: 6.01 585682-586574 orient(+) score(2755.00) noncoding_equivalent(458.04) raw_noncoding(1269.00) offset(810.96)
585682	585685	initial+	1	1	{snap_scaffold_7-snap.234-T1;snap}
585686	585836	INTRON			{snap_scaffold_7-snap.234-T1;snap}
585837	585843	internal+	2	2	{snap_scaffold_7-snap.234-T1;snap}
585844	586102	INTRON			{snap_scaffold_7-snap.234-T1;snap}
586103	586574	terminal+	3	3	{snap_scaffold_7-snap.234-T1;snap},{GlimmerHMM_glimmerT_3304-T1;GlimmerHMM}

# EVM prediction: Mode:STANDARD S-ratio: 337.67 587085-588218 orient(+) score(3390.00) noncoding_equivalent(10.04) raw_noncoding(10.04) offset(0.00)
587085	588218	single+	1	3	{Augustus_model.g2909.t1;Augustus},{GlimmerHMM_glimmerT_3305-T1;GlimmerHMM}

# EVM prediction: Mode:STANDARD S-ratio: 4.68 588496-589188 orient(-) score(3378.00) noncoding_equivalent(721.04) raw_noncoding(721.04) offset(0.00)
589188	588496	single-	4	6	{HiQ_model.g2910.t1;HiQ}

# EVM prediction: Mode:STANDARD S-ratio: 1.31 589267-589811 orient(+) score(920.00) noncoding_equivalent(702.57) raw_noncoding(862.57) offset(160.00)
589267	589269	initial+	1	3	{Augustus_model.g2911.t1;Augustus}
589270	589436	INTRON			{Augustus_model.g2911.t1;Augustus}
589437	589811	terminal+	1	3	{Augustus_model.g2911.t1;Augustus}

# EVM prediction: Mode:STANDARD S-ratio: 4.92 590017-591285 orient(-) score(6321.00) noncoding_equivalent(1284.00) raw_noncoding(1284.00) offset(0.00)
591285	590017	single-	4	6	{HiQ_model.g2912.t1;HiQ},{GlimmerHMM_glimmerT_3308-T1;GlimmerHMM}

# EVM prediction: Mode:STANDARD S-ratio: 5.00 591746-593410 orient(-) score(8325.00) noncoding_equivalent(1665.00) raw_noncoding(1665.00) offset(0.00)
593410	591746	single-	4	6	{GlimmerHMM_glimmerT_3309-T1;GlimmerHMM},{HiQ_model.g2913.t1;HiQ}

# EVM prediction: Mode:STANDARD S-ratio: 10000.00 595337-596008 orient(-) score(2016.00) noncoding_equivalent(0.20) raw_noncoding(0.00) offset(0.00)
596008	595337	single-	4	6	{GlimmerHMM_glimmerT_3310-T1;GlimmerHMM},{Augustus_model.g2914.t1;Augustus}

# EVM prediction: Mode:STANDARD S-ratio: 4.98 596292-598697 orient(-) score(12021.00) noncoding_equivalent(2413.01) raw_noncoding(2413.01) offset(0.00)
598697	596292	single-	4	6	{HiQ_model.g2915.t1;HiQ},{GlimmerHMM_glimmerT_3311-T1;GlimmerHMM}

# EVM prediction: Mode:STANDARD S-ratio: 1.98 599110-600504 orient(+) score(2783.00) noncoding_equivalent(1403.50) raw_noncoding(1403.50) offset(0.00)
599110	600504	single+	1	3	{Augustus_model.g2916.t1;Augustus}

# EVM prediction: Mode:STANDARD S-ratio: 34.65 601158-602816 orient(+) score(6448.00) noncoding_equivalent(186.08) raw_noncoding(186.08) offset(0.00)
601158	602816	single+	1	3	{Augustus_model.g2917.t1;Augustus}

# EVM prediction: Mode:STANDARD S-ratio: 3.00 603548-604183 orient(+) score(1908.00) noncoding_equivalent(636.00) raw_noncoding(636.00) offset(0.00)
603548	604183	single+	1	3	{Augustus_model.g2918.t1;Augustus},{GlimmerHMM_glimmerT_3313-T1;GlimmerHMM}

# EVM prediction: Mode:STANDARD S-ratio: 10000.00 605783-608320 orient(+) score(7614.00) noncoding_equivalent(0.76) raw_noncoding(0.00) offset(0.00)
605783	608320	single+	1	3	{GlimmerHMM_glimmerT_3315-T1;GlimmerHMM},{Augustus_model.g2919.t1;Augustus}

# EVM prediction: Mode:STANDARD S-ratio: 43.36 609092-611854 orient(+) score(10797.00) noncoding_equivalent(249.00) raw_noncoding(249.00) offset(0.00)
609092	611854	single+	1	3	{Augustus_model.g2920.t1;Augustus},{GlimmerHMM_glimmerT_3316-T1;GlimmerHMM}

# EVM prediction: Mode:STANDARD S-ratio: 4.85 612175-613299 orient(-) score(5589.00) noncoding_equivalent(1152.00) raw_noncoding(1152.00) offset(0.00)
613299	612175	single-	4	6	{GlimmerHMM_glimmerT_3317-T1;GlimmerHMM},{HiQ_model.g2921.t1;HiQ}

# EVM prediction: Mode:STANDARD S-ratio: 10000.00 613541-614767 orient(+) score(3681.00) noncoding_equivalent(0.37) raw_noncoding(0.00) offset(0.00)
613541	614767	single+	1	3	{Augustus_model.g2922.t1;Augustus},{GlimmerHMM_glimmerT_3318-T1;GlimmerHMM}

# EVM prediction: Mode:STANDARD S-ratio: 497.47 615077-616462 orient(+) score(5531.00) noncoding_equivalent(11.12) raw_noncoding(11.12) offset(0.00)
615077	616462	single+	1	3	{GlimmerHMM_glimmerT_3319-T1;GlimmerHMM},{Augustus_model.g2923.t1;Augustus}

# EVM prediction: Mode:STANDARD S-ratio: 10000.00 616614-622127 orient(-) score(16542.00) noncoding_equivalent(1.65) raw_noncoding(0.00) offset(0.00)
622127	616614	single-	4	6	{Augustus_model.g2924.t1;Augustus},{GlimmerHMM_glimmerT_3320-T1;GlimmerHMM}

# EVM prediction: Mode:STANDARD S-ratio: 47.94 623395-623956 orient(-) score(1630.00) noncoding_equivalent(34.00) raw_noncoding(56.00) offset(22.00)
623928	623395	terminal-	4	6	{snap_scaffold_7-snap.248-T1;snap}
623950	623929	INTRON			{snap_scaffold_7-snap.248-T1;snap}
623956	623951	initial-	4	6	{snap_scaffold_7-snap.248-T1;snap}

# EVM prediction: Mode:STANDARD S-ratio: 2.00 627417-628391 orient(-) score(1950.00) noncoding_equivalent(975.00) raw_noncoding(975.00) offset(0.00)
628391	627417	single-	4	6	{GlimmerHMM_glimmerT_3322-T1;GlimmerHMM},{Augustus_model.g2926.t1;Augustus}

# EVM prediction: Mode:STANDARD S-ratio: 1000.35 629140-631152 orient(+) score(6031.00) noncoding_equivalent(6.03) raw_noncoding(6.03) offset(0.00)
629140	631152	single+	1	3	{Augustus_model.g2927.t1;Augustus},{GlimmerHMM_glimmerT_3323-T1;GlimmerHMM}

# EVM prediction: Mode:STANDARD S-ratio: 162.60 631567-632391 orient(+) score(3280.00) noncoding_equivalent(20.17) raw_noncoding(20.17) offset(0.00)
631567	632391	single+	1	3	{GlimmerHMM_glimmerT_3324-T1;GlimmerHMM}

# EVM prediction: Mode:STANDARD S-ratio: 15.35 632614-634194 orient(+) score(5938.00) noncoding_equivalent(386.72) raw_noncoding(386.72) offset(0.00)
632614	634194	single+	1	3	{GlimmerHMM_glimmerT_3325-T1;GlimmerHMM}

# EVM prediction: Mode:STANDARD S-ratio: 46.16 634548-636307 orient(+) score(5082.00) noncoding_equivalent(110.10) raw_noncoding(280.75) offset(170.65)
634548	634560	initial+	1	1	{GlimmerHMM_glimmerT_3326-T1;GlimmerHMM}
634561	634646	INTRON			{GlimmerHMM_glimmerT_3326-T1;GlimmerHMM}
634647	636307	terminal+	2	3	{GlimmerHMM_glimmerT_3326-T1;GlimmerHMM},{Augustus_model.g2928.t1;Augustus},{snap_scaffold_7-snap.252-T1;snap}

# EVM prediction: Mode:STANDARD S-ratio: 10000.00 636799-638823 orient(-) score(6075.00) noncoding_equivalent(0.61) raw_noncoding(0.00) offset(0.00)
638823	636799	single-	4	6	{Augustus_model.g2929.t1;Augustus},{GlimmerHMM_glimmerT_3327-T1;GlimmerHMM}

# EVM prediction: Mode:STANDARD S-ratio: 1.00 639060-639623 orient(+) score(1128.00) noncoding_equivalent(1128.00) raw_noncoding(1128.00) offset(0.00)
639060	639623	single+	1	3	{GlimmerHMM_glimmerT_3328-T1;GlimmerHMM}

# EVM prediction: Mode:STANDARD S-ratio: 392.67 639944-643486 orient(-) score(10602.00) noncoding_equivalent(27.00) raw_noncoding(27.00) offset(0.00)
643486	639944	single-	4	6	{Augustus_model.g2930.t1;Augustus},{GlimmerHMM_glimmerT_3329-T1;GlimmerHMM}

# EVM prediction: Mode:STANDARD S-ratio: 5.00 644255-645937 orient(-) score(8415.00) noncoding_equivalent(1683.00) raw_noncoding(1683.00) offset(0.00)
645937	644255	single-	4	6	{HiQ_model.g2931.t1;HiQ},{GlimmerHMM_glimmerT_3330-T1;GlimmerHMM}

# EVM prediction: Mode:STANDARD S-ratio: 4.45 646406-647500 orient(-) score(5358.00) noncoding_equivalent(1203.00) raw_noncoding(1203.00) offset(0.00)
647500	646406	single-	4	6	{HiQ_model.g2932.t1;HiQ},{GlimmerHMM_glimmerT_3331-T1;GlimmerHMM}

# EVM prediction: Mode:STANDARD S-ratio: 10000.00 647993-649624 orient(-) score(4896.00) noncoding_equivalent(0.49) raw_noncoding(0.00) offset(0.00)
649624	647993	single-	4	6	{Augustus_model.g2933.t1;Augustus},{GlimmerHMM_glimmerT_3332-T1;GlimmerHMM}

# EVM prediction: Mode:STANDARD S-ratio: 2.00 649935-651554 orient(-) score(3240.00) noncoding_equivalent(1620.00) raw_noncoding(1620.00) offset(0.00)
651554	649935	single-	4	6	{GlimmerHMM_glimmerT_3333-T1;GlimmerHMM},{Augustus_model.g2934.t1;Augustus}

# EVM prediction: Mode:STANDARD S-ratio: 54.59 651900-654623 orient(+) score(8025.00) noncoding_equivalent(147.00) raw_noncoding(147.00) offset(0.00)
651900	654623	single+	1	3	{GlimmerHMM_glimmerT_3334-T1;GlimmerHMM},{Augustus_model.g2935.t1;Augustus}

# EVM prediction: Mode:STANDARD S-ratio: 4.53 654871-656430 orient(-) score(7656.00) noncoding_equivalent(1691.16) raw_noncoding(1691.16) offset(0.00)
656430	654871	single-	4	6	{GlimmerHMM_glimmerT_3335-T1;GlimmerHMM},{HiQ_model.g2936.t1;HiQ}

# EVM prediction: Mode:STANDARD S-ratio: 27.12 656806-657522 orient(+) score(2766.00) noncoding_equivalent(102.00) raw_noncoding(102.00) offset(0.00)
656806	657522	single+	1	3	{Augustus_model.g2937.t1;Augustus}

# EVM prediction: Mode:STANDARD S-ratio: 4.76 657641-660508 orient(-) score(14220.00) noncoding_equivalent(2988.00) raw_noncoding(2988.00) offset(0.00)
660508	657641	single-	4	6	{HiQ_model.g2938.t1;HiQ},{GlimmerHMM_glimmerT_3337-T1;GlimmerHMM}

# EVM prediction: Mode:STANDARD S-ratio: 2.00 660863-661294 orient(-) score(864.00) noncoding_equivalent(432.00) raw_noncoding(432.00) offset(0.00)
661294	660863	single-	4	6	{Augustus_model.g2939.t1;Augustus},{GlimmerHMM_glimmerT_3338-T1;GlimmerHMM}

# EVM prediction: Mode:STANDARD S-ratio: 1.41 661597-661885 orient(+) score(463.00) noncoding_equivalent(327.41) raw_noncoding(483.41) offset(156.00)
661597	661600	initial+	1	1	{snap_scaffold_7-snap.262-T1;snap}
661601	661679	INTRON			{snap_scaffold_7-snap.262-T1;snap}
661680	661885	terminal+	2	3	{snap_scaffold_7-snap.262-T1;snap}

# EVM prediction: Mode:STANDARD S-ratio: 10000.00 663585-664490 orient(-) score(2718.00) noncoding_equivalent(0.27) raw_noncoding(0.00) offset(0.00)
664490	663585	single-	4	6	{Augustus_model.g2940.t1;Augustus},{GlimmerHMM_glimmerT_3340-T1;GlimmerHMM}

# EVM prediction: Mode:STANDARD S-ratio: 11.26 664822-666072 orient(+) score(4590.00) noncoding_equivalent(407.76) raw_noncoding(407.76) offset(0.00)
664822	666072	single+	1	3	{GlimmerHMM_glimmerT_3341-T1;GlimmerHMM},{Augustus_model.g2941.t1;Augustus}

# EVM prediction: Mode:STANDARD S-ratio: 2.00 666409-666693 orient(+) score(570.00) noncoding_equivalent(285.00) raw_noncoding(285.00) offset(0.00)
666409	666693	single+	1	3	{GlimmerHMM_glimmerT_3342-T1;GlimmerHMM},{Augustus_model.g2942.t1;Augustus}

# EVM prediction: Mode:STANDARD S-ratio: 2.00 666839-667993 orient(-) score(4620.00) noncoding_equivalent(2305.33) raw_noncoding(2305.33) offset(0.00)
667993	666839	single-	4	6	{GlimmerHMM_glimmerT_3343-T1;GlimmerHMM},{HiQ_model.g2943.t1;HiQ}

# EVM prediction: Mode:STANDARD S-ratio: 683.08 668305-671637 orient(+) score(13005.00) noncoding_equivalent(19.04) raw_noncoding(19.04) offset(0.00)
668305	671637	single+	1	3	{Augustus_model.g2944.t1;Augustus},{GlimmerHMM_glimmerT_3344-T1;GlimmerHMM}

# EVM prediction: Mode:STANDARD S-ratio: 4.99 671756-673066 orient(-) score(6540.00) noncoding_equivalent(1311.00) raw_noncoding(1311.00) offset(0.00)
673066	671756	single-	4	6	{GlimmerHMM_glimmerT_3345-T1;GlimmerHMM},{HiQ_model.g2945.t1;HiQ}

# EVM prediction: Mode:STANDARD S-ratio: 132.34 673338-675101 orient(+) score(5251.00) noncoding_equivalent(39.68) raw_noncoding(39.68) offset(0.00)
673338	675101	single+	1	3	{GlimmerHMM_glimmerT_3346-T1;GlimmerHMM}

# EVM prediction: Mode:STANDARD S-ratio: 103.00 675263-675886 orient(+) score(1854.00) noncoding_equivalent(18.00) raw_noncoding(18.00) offset(0.00)
675263	675886	single+	1	3	{GlimmerHMM_glimmerT_3347-T1;GlimmerHMM}

# EVM prediction: Mode:STANDARD S-ratio: 5.00 676501-678705 orient(-) score(11025.00) noncoding_equivalent(2205.00) raw_noncoding(2205.00) offset(0.00)
678705	676501	single-	4	6	{GlimmerHMM_glimmerT_3348-T1;GlimmerHMM},{HiQ_model.g2947.t1;HiQ}

# EVM prediction: Mode:STANDARD S-ratio: 3.98 679882-681471 orient(-) score(7626.00) noncoding_equivalent(1914.00) raw_noncoding(1914.00) offset(0.00)
681471	679882	single-	4	6	{HiQ_model.g2948.t1;HiQ},{GlimmerHMM_glimmerT_3349-T1;GlimmerHMM}

# EVM prediction: Mode:STANDARD S-ratio: 30.91 682013-683410 orient(-) score(5311.00) noncoding_equivalent(171.84) raw_noncoding(171.84) offset(0.00)
683410	682013	single-	4	6	{GlimmerHMM_glimmerT_3350-T1;GlimmerHMM},{Augustus_model.g2949.t1;Augustus}

# EVM prediction: Mode:STANDARD S-ratio: 2.17 684120-685589 orient(-) score(5880.00) noncoding_equivalent(2715.00) raw_noncoding(2715.00) offset(0.00)
685589	684120	single-	4	6	{GlimmerHMM_glimmerT_3351-T1;GlimmerHMM},{HiQ_model.g2950.t1;HiQ}

# EVM prediction: Mode:STANDARD S-ratio: 10000.00 686238-686951 orient(+) score(2847.00) noncoding_equivalent(0.28) raw_noncoding(0.00) offset(0.00)
686238	686951	single+	1	3	{GlimmerHMM_glimmerT_3352-T1;GlimmerHMM},{Augustus_model.g2951.t1;Augustus}

# EVM prediction: Mode:STANDARD S-ratio: 2.00 687032-688378 orient(-) score(5388.00) noncoding_equivalent(2694.00) raw_noncoding(2694.00) offset(0.00)
688378	687032	single-	4	6	{HiQ_model.g2952.t1;HiQ},{GlimmerHMM_glimmerT_3353-T1;GlimmerHMM}

# EVM prediction: Mode:STANDARD S-ratio: 10000.00 689121-689609 orient(+) score(1956.00) noncoding_equivalent(0.20) raw_noncoding(0.00) offset(0.00)
689121	689609	single+	1	3	{Augustus_model.g2953.t1;Augustus},{GlimmerHMM_glimmerT_3354-T1;GlimmerHMM}

# EVM prediction: Mode:STANDARD S-ratio: 10000.00 689745-692951 orient(-) score(9621.00) noncoding_equivalent(0.96) raw_noncoding(0.00) offset(0.00)
692951	689745	single-	4	6	{GlimmerHMM_glimmerT_3355-T1;GlimmerHMM},{Augustus_model.g2954.t1;Augustus}

# EVM prediction: Mode:STANDARD S-ratio: 2.02 693190-694353 orient(+) score(2328.00) noncoding_equivalent(1153.42) raw_noncoding(1153.42) offset(0.00)
693190	694353	single+	1	3	{GlimmerHMM_glimmerT_3356-T1;GlimmerHMM},{Augustus_model.g2955.t1;Augustus}

# EVM prediction: Mode:STANDARD S-ratio: 5.00 694580-696025 orient(-) score(7230.00) noncoding_equivalent(1446.00) raw_noncoding(1446.00) offset(0.00)
696025	694580	single-	4	6	{GlimmerHMM_glimmerT_3357-T1;GlimmerHMM},{HiQ_model.g2956.t1;HiQ}

# EVM prediction: Mode:STANDARD S-ratio: 4.92 696407-698068 orient(-) score(8280.00) noncoding_equivalent(1684.02) raw_noncoding(1684.02) offset(0.00)
698068	696407	single-	4	6	{GlimmerHMM_glimmerT_3358-T1;GlimmerHMM},{HiQ_model.g2957.t1;HiQ}

# EVM prediction: Mode:STANDARD S-ratio: 2.01 698499-699611 orient(-) score(4461.00) noncoding_equivalent(2217.66) raw_noncoding(2217.66) offset(0.00)
699611	698499	single-	4	6	{HiQ_model.g2958.t1;HiQ},{GlimmerHMM_glimmerT_3359-T1;GlimmerHMM}

# EVM prediction: Mode:STANDARD S-ratio: 71.14 700635-702206 orient(+) score(6189.00) noncoding_equivalent(87.00) raw_noncoding(87.00) offset(0.00)
700635	702206	single+	1	3	{Augustus_model.g2959.t1;Augustus},{GlimmerHMM_glimmerT_3360-T1;GlimmerHMM}

# EVM prediction: Mode:STANDARD S-ratio: 10000.00 703578-704501 orient(+) score(3696.00) noncoding_equivalent(0.37) raw_noncoding(0.00) offset(0.00)
703578	704501	single+	1	3	{Augustus_model.g2960.t1;Augustus},{GlimmerHMM_glimmerT_3361-T1;GlimmerHMM}

# EVM prediction: Mode:STANDARD S-ratio: 10000.00 704814-705257 orient(+) score(1776.00) noncoding_equivalent(0.18) raw_noncoding(0.00) offset(0.00)
704814	705257	single+	1	3	{GlimmerHMM_glimmerT_3362-T1;GlimmerHMM},{Augustus_model.g2961.t1;Augustus}

# EVM prediction: Mode:STANDARD S-ratio: 1.00 705478-705843 orient(+) score(732.00) noncoding_equivalent(732.00) raw_noncoding(732.00) offset(0.00)
705478	705843	single+	1	3	{GlimmerHMM_glimmerT_3363-T1;GlimmerHMM}

# EVM prediction: Mode:STANDARD S-ratio: 2.01 705944-706477 orient(-) score(2136.00) noncoding_equivalent(1063.86) raw_noncoding(1063.86) offset(0.00)
706477	705944	single-	4	6	{GlimmerHMM_glimmerT_3364-T1;GlimmerHMM},{HiQ_model.g2962.t1;HiQ}

# EVM prediction: Mode:STANDARD S-ratio: 10000.00 706664-708787 orient(+) score(6372.00) noncoding_equivalent(0.64) raw_noncoding(0.00) offset(0.00)
706664	708787	single+	1	3	{Augustus_model.g2963.t1;Augustus},{GlimmerHMM_glimmerT_3365-T1;GlimmerHMM}

# EVM prediction: Mode:STANDARD S-ratio: 2.20 708883-709330 orient(-) score(1792.00) noncoding_equivalent(813.00) raw_noncoding(981.00) offset(168.00)
709182	708883	terminal-	4	6	{GlimmerHMM_glimmerT_3366-T1;GlimmerHMM},{HiQ_model.g2964.t1;HiQ}
709267	709183	INTRON			{GlimmerHMM_glimmerT_3366-T1;GlimmerHMM},{HiQ_model.g2964.t1;HiQ},{ev_type:exonerate/ID=match.177006.917/Target=YBR255C-A;exonerate}
709330	709268	initial-	4	6	{GlimmerHMM_glimmerT_3366-T1;GlimmerHMM},{HiQ_model.g2964.t1;HiQ}

# EVM prediction: Mode:STANDARD S-ratio: 4.86 709629-710345 orient(-) score(3566.00) noncoding_equivalent(734.03) raw_noncoding(734.03) offset(0.00)
710345	709629	single-	4	6	{HiQ_model.g2965.t1;HiQ},{GlimmerHMM_glimmerT_3367-T1;GlimmerHMM}

# EVM prediction: Mode:STANDARD S-ratio: 3.02 711146-711985 orient(+) score(2520.00) noncoding_equivalent(833.65) raw_noncoding(833.65) offset(0.00)
711146	711985	single+	1	3	{GlimmerHMM_glimmerT_3368-T1;GlimmerHMM},{Augustus_model.g2966.t1;Augustus}

# EVM prediction: Mode:STANDARD S-ratio: 10000.00 711994-712422 orient(-) score(1287.00) noncoding_equivalent(0.13) raw_noncoding(0.00) offset(0.00)
712422	711994	single-	4	6	{Augustus_model.g2967.t1;Augustus},{GlimmerHMM_glimmerT_3369-T1;GlimmerHMM}

# EVM prediction: Mode:STANDARD S-ratio: 868.63 712986-714737 orient(+) score(5248.00) noncoding_equivalent(6.04) raw_noncoding(6.04) offset(0.00)
712986	714737	single+	1	3	{Augustus_model.g2968.t1;Augustus}

# EVM prediction: Mode:STANDARD S-ratio: 4.69 714907-716904 orient(-) score(9876.00) noncoding_equivalent(2106.00) raw_noncoding(2106.00) offset(0.00)
716904	714907	single-	4	6	{GlimmerHMM_glimmerT_3371-T1;GlimmerHMM},{HiQ_model.g2969.t1;HiQ}

# EVM prediction: Mode:STANDARD S-ratio: 2.00 717090-717788 orient(-) score(2796.00) noncoding_equivalent(1398.00) raw_noncoding(1398.00) offset(0.00)
717788	717090	single-	4	6	{HiQ_model.g2970.t1;HiQ},{GlimmerHMM_glimmerT_3372-T1;GlimmerHMM}

# EVM prediction: Mode:STANDARD S-ratio: 1.74 717976-718347 orient(-) score(1386.00) noncoding_equivalent(796.31) raw_noncoding(796.31) offset(0.00)
718347	717976	single-	4	6	{HiQ_model.g2971.t1;HiQ}

# EVM prediction: Mode:STANDARD S-ratio: 10000.00 718507-719979 orient(+) score(5892.00) noncoding_equivalent(0.59) raw_noncoding(0.00) offset(0.00)
718507	719979	single+	1	3	{Augustus_model.g2972.t1;Augustus},{GlimmerHMM_glimmerT_3374-T1;GlimmerHMM}

# EVM prediction: Mode:STANDARD S-ratio: 2.01 720018-720617 orient(-) score(2400.00) noncoding_equivalent(1194.65) raw_noncoding(1194.65) offset(0.00)
720617	720018	single-	4	6	{GlimmerHMM_glimmerT_3375-T1;GlimmerHMM},{HiQ_model.g2973.t1;HiQ}

# EVM prediction: Mode:STANDARD S-ratio: 10000.00 720826-721788 orient(+) score(3852.00) noncoding_equivalent(0.39) raw_noncoding(0.00) offset(0.00)
720826	721788	single+	1	3	{Augustus_model.g2974.t1;Augustus},{GlimmerHMM_glimmerT_3376-T1;GlimmerHMM}

# EVM prediction: Mode:STANDARD S-ratio: 58.01 722098-723294 orient(+) score(4705.00) noncoding_equivalent(81.11) raw_noncoding(81.11) offset(0.00)
722098	723294	single+	1	3	{GlimmerHMM_glimmerT_3377-T1;GlimmerHMM}

# EVM prediction: Mode:STANDARD S-ratio: 3.00 723587-723904 orient(+) score(954.00) noncoding_equivalent(318.00) raw_noncoding(318.00) offset(0.00)
723587	723904	single+	1	3	{Augustus_model.g2976.t1;Augustus},{GlimmerHMM_glimmerT_3378-T1;GlimmerHMM}

# EVM prediction: Mode:STANDARD S-ratio: 6.45 724440-724856 orient(-) score(1082.00) noncoding_equivalent(167.62) raw_noncoding(167.62) offset(0.00)
724856	724440	single-	4	6	{GlimmerHMM_glimmerT_3379-T1;GlimmerHMM}

# EVM prediction: Mode:STANDARD S-ratio: 2.98 725039-726676 orient(-) score(4906.00) noncoding_equivalent(1646.06) raw_noncoding(1646.06) offset(0.00)
726676	725039	single-	4	6	{GlimmerHMM_glimmerT_3380-T1;GlimmerHMM}

# EVM prediction: Mode:STANDARD S-ratio: 10000.00 727140-728381 orient(+) score(3726.00) noncoding_equivalent(0.37) raw_noncoding(0.00) offset(0.00)
727140	728381	single+	1	3	{GlimmerHMM_glimmerT_3381-T1;GlimmerHMM},{Augustus_model.g2978.t1;Augustus}

# EVM prediction: Mode:STANDARD S-ratio: 6.99 728625-730073 orient(-) score(3798.00) noncoding_equivalent(543.00) raw_noncoding(543.00) offset(0.00)
730073	728625	single-	4	6	{Augustus_model.g2979.t1;Augustus},{GlimmerHMM_glimmerT_3382-T1;GlimmerHMM}

# EVM prediction: Mode:STANDARD S-ratio: 2.01 730318-731631 orient(-) score(2628.00) noncoding_equivalent(1308.12) raw_noncoding(1308.12) offset(0.00)
731631	730318	single-	4	6	{GlimmerHMM_glimmerT_3383-T1;GlimmerHMM},{Augustus_model.g2980.t1;Augustus}

# EVM prediction: Mode:STANDARD S-ratio: 10000.00 731860-733443 orient(+) score(4752.00) noncoding_equivalent(0.48) raw_noncoding(0.00) offset(0.00)
731860	733443	single+	1	3	{GlimmerHMM_glimmerT_3384-T1;GlimmerHMM},{Augustus_model.g2981.t1;Augustus}

# EVM prediction: Mode:STANDARD S-ratio: 14.12 733614-739404 orient(-) score(15975.00) noncoding_equivalent(1131.71) raw_noncoding(1372.32) offset(240.61)
736849	733614	terminal-	5	6	{GlimmerHMM_glimmerT_3385-T1;GlimmerHMM}
737114	736850	INTRON			{GlimmerHMM_glimmerT_3385-T1;GlimmerHMM}
739404	737115	initial-	4	4	{GlimmerHMM_glimmerT_3385-T1;GlimmerHMM}

# EVM prediction: Mode:STANDARD S-ratio: 10000.00 739913-742333 orient(-) score(7263.00) noncoding_equivalent(0.73) raw_noncoding(0.00) offset(0.00)
742333	739913	single-	4	6	{GlimmerHMM_glimmerT_3386-T1;GlimmerHMM},{Augustus_model.g2983.t1;Augustus}

# EVM prediction: Mode:STANDARD S-ratio: 2.01 742575-743198 orient(+) score(1248.00) noncoding_equivalent(619.57) raw_noncoding(619.57) offset(0.00)
742575	743198	single+	1	3	{GlimmerHMM_glimmerT_3387-T1;GlimmerHMM},{Augustus_model.g2984.t1;Augustus}

# EVM prediction: Mode:STANDARD S-ratio: 85.26 743595-744896 orient(+) score(3859.00) noncoding_equivalent(45.26) raw_noncoding(45.26) offset(0.00)
743595	744896	single+	1	3	{Augustus_model.g2985.t1;Augustus},{GlimmerHMM_glimmerT_3388-T1;GlimmerHMM}

# EVM prediction: Mode:STANDARD S-ratio: 4.99 745073-746995 orient(-) score(9609.00) noncoding_equivalent(1926.00) raw_noncoding(1926.00) offset(0.00)
746995	745073	single-	4	6	{HiQ_model.g2986.t1;HiQ}

# EVM prediction: Mode:STANDARD S-ratio: 4.98 747261-749897 orient(-) score(13174.00) noncoding_equivalent(2646.33) raw_noncoding(2646.33) offset(0.00)
749897	747261	single-	4	6	{HiQ_model.g2987.t1;HiQ},{GlimmerHMM_glimmerT_3390-T1;GlimmerHMM}

# EVM prediction: Mode:STANDARD S-ratio: 3.00 750537-750977 orient(+) score(1323.00) noncoding_equivalent(441.00) raw_noncoding(441.00) offset(0.00)
750537	750977	single+	1	3	{GlimmerHMM_glimmerT_3391-T1;GlimmerHMM},{Augustus_model.g2988.t1;Augustus}

# EVM prediction: Mode:STANDARD S-ratio: 4.80 751216-752688 orient(-) score(7314.00) noncoding_equivalent(1524.00) raw_noncoding(1524.00) offset(0.00)
752688	751216	single-	4	6	{GlimmerHMM_glimmerT_3392-T1;GlimmerHMM},{HiQ_model.g2989.t1;HiQ}

# EVM prediction: Mode:STANDARD S-ratio: 62.39 753533-755929 orient(+) score(7076.00) noncoding_equivalent(113.41) raw_noncoding(113.41) offset(0.00)
753533	755929	single+	1	3	{GlimmerHMM_glimmerT_3393-T1;GlimmerHMM}

# EVM prediction: Mode:STANDARD S-ratio: 13.30 756305-756642 orient(+) score(906.00) noncoding_equivalent(68.12) raw_noncoding(106.25) offset(38.13)
756305	756312	initial+	1	2	{snap_scaffold_7-snap.301-T1;snap}
756313	756350	INTRON			{snap_scaffold_7-snap.301-T1;snap}
756351	756642	terminal+	3	3	{snap_scaffold_7-snap.301-T1;snap}

# EVM prediction: Mode:STANDARD S-ratio: 106.89 756989-758608 orient(+) score(6419.00) noncoding_equivalent(60.05) raw_noncoding(60.05) offset(0.00)
756989	758608	single+	1	3	{GlimmerHMM_glimmerT_3395-T1;GlimmerHMM},{Augustus_model.g2991.t1;Augustus}

# EVM prediction: Mode:STANDARD S-ratio: 10000.00 758877-760160 orient(+) score(5136.00) noncoding_equivalent(0.51) raw_noncoding(0.00) offset(0.00)
758877	760160	single+	1	3	{Augustus_model.g2992.t1;Augustus},{GlimmerHMM_glimmerT_3396-T1;GlimmerHMM}

# EVM prediction: Mode:STANDARD S-ratio: 2.00 760322-761773 orient(-) score(5808.00) noncoding_equivalent(2897.10) raw_noncoding(2897.10) offset(0.00)
761773	760322	single-	4	6	{HiQ_model.g2993.t1;HiQ},{GlimmerHMM_glimmerT_3397-T1;GlimmerHMM}

# EVM prediction: Mode:STANDARD S-ratio: 19.45 761967-764621 orient(+) score(7576.00) noncoding_equivalent(389.57) raw_noncoding(389.57) offset(0.00)
761967	764621	single+	1	3	{GlimmerHMM_glimmerT_3398-T1;GlimmerHMM}

# EVM prediction: Mode:STANDARD S-ratio: 12.15 764828-765805 orient(+) score(3609.00) noncoding_equivalent(297.00) raw_noncoding(297.00) offset(0.00)
764828	765805	single+	1	3	{GlimmerHMM_glimmerT_3399-T1;GlimmerHMM}

# EVM prediction: Mode:STANDARD S-ratio: 49.77 765937-766836 orient(-) score(2645.00) noncoding_equivalent(53.14) raw_noncoding(53.14) offset(0.00)
766836	765937	single-	4	6	{GlimmerHMM_glimmerT_3400-T1;GlimmerHMM},{Augustus_model.g2995.t1;Augustus}

# EVM prediction: Mode:STANDARD S-ratio: 1.65 767681-767998 orient(+) score(594.00) noncoding_equivalent(360.07) raw_noncoding(360.07) offset(0.00)
767681	767998	single+	1	3	{GlimmerHMM_glimmerT_3401-T1;GlimmerHMM}

# EVM prediction: Mode:STANDARD S-ratio: 56.90 769131-770856 orient(+) score(6457.00) noncoding_equivalent(113.49) raw_noncoding(168.00) offset(54.51)
769131	769138	initial+	1	2	{snap_scaffold_7-snap.307-T1;snap}
769139	769166	INTRON			{snap_scaffold_7-snap.307-T1;snap}
769167	770856	terminal+	3	3	{snap_scaffold_7-snap.307-T1;snap}

# EVM prediction: Mode:STANDARD S-ratio: 928.98 771635-774229 orient(+) score(10349.00) noncoding_equivalent(11.14) raw_noncoding(11.14) offset(0.00)
771635	774229	single+	1	3	{GlimmerHMM_glimmerT_3403-T1;GlimmerHMM},{Augustus_model.g2997.t1;Augustus}

# EVM prediction: Mode:STANDARD S-ratio: 4.95 774842-776560 orient(-) score(8580.00) noncoding_equivalent(1732.13) raw_noncoding(1732.13) offset(0.00)
776560	774842	single-	4	6	{GlimmerHMM_glimmerT_3404-T1;GlimmerHMM},{HiQ_model.g2998.t1;HiQ}

# EVM prediction: Mode:STANDARD S-ratio: 325.43 780218-782098 orient(+) score(6834.00) noncoding_equivalent(21.00) raw_noncoding(21.00) offset(0.00)
780218	782098	single+	1	3	{Augustus_model.g2999.t1;Augustus},{GlimmerHMM_glimmerT_3405-T1;GlimmerHMM}

