!! Predictions spanning range 2170 - 85888 [R1]
# EVM prediction: Mode:STANDARD S-ratio: 10000.00 2170-6525 orient(-) score(8712.00) noncoding_equivalent(0.87) raw_noncoding(0.00) offset(0.00) 
6525	2170	single-	4	6	{Augustus_gene548.t1;Augustus}

# EVM prediction: Mode:STANDARD S-ratio: 10000.00 6844-8047 orient(-) score(2408.00) noncoding_equivalent(0.24) raw_noncoding(0.00) offset(0.00) 
6911	6844	terminal-	5	6	{Augustus_gene674.t1;Augustus}
6961	6912	INTRON			{Augustus_gene674.t1;Augustus}
6994	6962	internal-	5	4	{Augustus_gene674.t1;Augustus}
7359	6995	INTRON			{Augustus_gene674.t1;Augustus}
8047	7360	initial-	4	4	{Augustus_gene674.t1;Augustus}

# EVM prediction: Mode:STANDARD S-ratio: 10000.00 8413-9582 orient(-) score(2340.00) noncoding_equivalent(0.23) raw_noncoding(0.00) offset(0.00) 
9582	8413	single-	4	6	{Augustus_gene965.t1;Augustus}

# EVM prediction: Mode:STANDARD S-ratio: 10000.00 24349-26166 orient(-) score(3636.00) noncoding_equivalent(0.36) raw_noncoding(0.00) offset(0.00) 
26166	24349	single-	4	6	{Augustus_gene550.t1;Augustus}

# EVM prediction: Mode:STANDARD S-ratio: 10000.00 28488-31340 orient(-) score(5706.00) noncoding_equivalent(0.57) raw_noncoding(0.00) offset(0.00) 
31340	28488	single-	4	6	{Augustus_gene1049.t1;Augustus}

# EVM prediction: Mode:STANDARD S-ratio: 10000.00 31619-33685 orient(-) score(4134.00) noncoding_equivalent(0.41) raw_noncoding(0.00) offset(0.00) 
33685	31619	single-	4	6	{Augustus_gene299.t1;Augustus}

# EVM prediction: Mode:STANDARD S-ratio: 10000.00 34128-39017 orient(+) score(9780.00) noncoding_equivalent(0.98) raw_noncoding(0.00) offset(0.00) 
34128	35595	initial+	1	1	{Augustus_gene460.t1;Augustus}
35596	35913	INTRON			{Augustus_gene460.t1;Augustus}
35914	37233	internal+	2	1	{Augustus_gene460.t1;Augustus}
37234	37296	INTRON			{Augustus_gene460.t1;Augustus}
37297	39017	terminal+	2	3	{Augustus_gene460.t1;Augustus}

# EVM prediction: Mode:STANDARD S-ratio: 10000.00 49678-51201 orient(-) score(3048.00) noncoding_equivalent(0.30) raw_noncoding(0.00) offset(0.00) 
51201	49678	single-	4	6	{Augustus_gene101.t1;Augustus}

# EVM prediction: Mode:STANDARD S-ratio: 10000.00 53762-55246 orient(-) score(2970.00) noncoding_equivalent(0.30) raw_noncoding(0.00) offset(0.00) 
55246	53762	single-	4	6	{Augustus_gene879.t1;Augustus}

# EVM prediction: Mode:STANDARD S-ratio: 10000.00 55517-59230 orient(-) score(7428.00) noncoding_equivalent(0.74) raw_noncoding(0.00) offset(0.00) 
59230	55517	single-	4	6	{Augustus_gene471.t1;Augustus}

# EVM prediction: Mode:STANDARD S-ratio: 10000.00 74792-76747 orient(+) score(3912.00) noncoding_equivalent(0.39) raw_noncoding(0.00) offset(0.00) 
74792	76747	single+	1	3	{Augustus_gene87.t1;Augustus}

# EVM prediction: Mode:STANDARD S-ratio: 10000.00 81232-81831 orient(+) score(1200.00) noncoding_equivalent(0.12) raw_noncoding(0.00) offset(0.00) 
81232	81831	single+	1	3	{Augustus_gene433.t1;Augustus}

# EVM prediction: Mode:STANDARD S-ratio: 10000.00 85448-85888 orient(-) score(882.00) noncoding_equivalent(0.09) raw_noncoding(0.00) offset(0.00) 
85888	85448	single-	4	6	{Augustus_gene1002.t1;Augustus}

