!! Predictions spanning range 784 - 99438 [R1]
# EVM prediction: Mode:STANDARD S-ratio: 3.99 784-1655 orient(+) score(3234.00) noncoding_equivalent(811.00) raw_noncoding(1413.00) offset(602.00) 
784	1092	initial+	1	3	{Augustus_model.g3634.t1;Augustus}
1093	1409	INTRON			{Augustus_model.g3634.t1;Augustus},{ev_type:exonerate/ID=match.133146.2138/Target=YJL177W;exonerate},{ev_type:exonerate/ID=match.133146.4770/Target=YKL180W;exonerate}
1410	1655	terminal+	1	3	{Augustus_model.g3634.t1;Augustus}

# EVM prediction: Mode:STANDARD S-ratio: 5.00 2051-4528 orient(-) score(12390.00) noncoding_equivalent(2478.00) raw_noncoding(2478.00) offset(0.00) 
4528	2051	single-	4	6	{GlimmerHMM_glimmerT_3957-T1;GlimmerHMM},{HiQ_model.g3635.t1;HiQ}

# EVM prediction: Mode:STANDARD S-ratio: 78.14 5090-5920 orient(+) score(3282.00) noncoding_equivalent(42.00) raw_noncoding(42.00) offset(0.00) 
5090	5920	single+	1	3	{GlimmerHMM_glimmerT_3958-T1;GlimmerHMM},{Augustus_model.g3636.t1;Augustus}

# EVM prediction: Mode:STANDARD S-ratio: 5.00 6159-6527 orient(-) score(1845.00) noncoding_equivalent(369.00) raw_noncoding(369.00) offset(0.00) 
6527	6159	single-	4	6	{GlimmerHMM_glimmerT_3959-T1;GlimmerHMM},{HiQ_model.g3637.t1;HiQ}

# EVM prediction: Mode:STANDARD S-ratio: 18.39 7731-9461 orient(+) score(6567.00) noncoding_equivalent(357.00) raw_noncoding(357.00) offset(0.00) 
7731	9461	single+	1	3	{GlimmerHMM_glimmerT_3960-T1;GlimmerHMM}

# EVM prediction: Mode:STANDARD S-ratio: 4.43 9698-10888 orient(-) score(5829.00) noncoding_equivalent(1317.00) raw_noncoding(1317.00) offset(0.00) 
10888	9698	single-	4	6	{GlimmerHMM_glimmerT_3961-T1;GlimmerHMM},{HiQ_model.g3639.t1;HiQ}

# EVM prediction: Mode:STANDARD S-ratio: 11.92 11144-11773 orient(-) score(2325.00) noncoding_equivalent(195.00) raw_noncoding(195.00) offset(0.00) 
11773	11144	single-	4	6	{GlimmerHMM_glimmerT_3962-T1;GlimmerHMM}

# EVM prediction: Mode:STANDARD S-ratio: 16.94 12221-14422 orient(-) score(8318.00) noncoding_equivalent(490.89) raw_noncoding(490.89) offset(0.00) 
14422	12221	single-	4	6	{GlimmerHMM_glimmerT_3963-T1;GlimmerHMM}

# EVM prediction: Mode:STANDARD S-ratio: 199.18 15008-16066 orient(+) score(4213.00) noncoding_equivalent(21.15) raw_noncoding(21.15) offset(0.00) 
15008	16066	single+	1	3	{Augustus_model.g3641.t1;Augustus},{GlimmerHMM_glimmerT_3964-T1;GlimmerHMM}

# EVM prediction: Mode:STANDARD S-ratio: 3.00 16428-16712 orient(+) score(855.00) noncoding_equivalent(285.00) raw_noncoding(285.00) offset(0.00) 
16428	16712	single+	1	3	{Augustus_model.g3642.t1;Augustus},{GlimmerHMM_glimmerT_3965-T1;GlimmerHMM}

# EVM prediction: Mode:STANDARD S-ratio: 169.26 16888-19455 orient(-) score(7657.00) noncoding_equivalent(45.24) raw_noncoding(45.24) offset(0.00) 
19455	16888	single-	4	6	{Augustus_model.g3643.t1;Augustus},{GlimmerHMM_glimmerT_3966-T1;GlimmerHMM}

# EVM prediction: Mode:STANDARD S-ratio: 118.40 19960-21153 orient(-) score(3552.00) noncoding_equivalent(30.00) raw_noncoding(30.00) offset(0.00) 
21153	19960	single-	4	6	{Augustus_model.g3644.t1;Augustus},{GlimmerHMM_glimmerT_3967-T1;GlimmerHMM}

# EVM prediction: Mode:STANDARD S-ratio: 5.00 21662-23329 orient(-) score(8340.00) noncoding_equivalent(1668.00) raw_noncoding(1668.00) offset(0.00) 
23329	21662	single-	4	6	{GlimmerHMM_glimmerT_3968-T1;GlimmerHMM},{HiQ_model.g3645.t1;HiQ}

# EVM prediction: Mode:STANDARD S-ratio: 4.97 23874-25625 orient(-) score(8751.00) noncoding_equivalent(1759.16) raw_noncoding(1759.16) offset(0.00) 
25625	23874	single-	4	6	{GlimmerHMM_glimmerT_3969-T1;GlimmerHMM},{HiQ_model.g3646.t1;HiQ}

# EVM prediction: Mode:STANDARD S-ratio: 2.65 27241-27783 orient(+) score(1577.00) noncoding_equivalent(594.12) raw_noncoding(594.12) offset(0.00) 
27241	27783	single+	1	3	{GlimmerHMM_glimmerT_3970-T1;GlimmerHMM}

# EVM prediction: Mode:STANDARD S-ratio: 4.84 27958-28821 orient(-) score(4295.00) noncoding_equivalent(887.05) raw_noncoding(887.05) offset(0.00) 
28821	27958	single-	4	6	{GlimmerHMM_glimmerT_3971-T1;GlimmerHMM},{HiQ_model.g3647.t1;HiQ}

# EVM prediction: Mode:STANDARD S-ratio: 188.21 30445-31686 orient(+) score(4938.00) noncoding_equivalent(26.24) raw_noncoding(26.24) offset(0.00) 
30445	31686	single+	1	3	{GlimmerHMM_glimmerT_3972-T1;GlimmerHMM}

# EVM prediction: Mode:STANDARD S-ratio: 5.00 32261-32944 orient(-) score(3420.00) noncoding_equivalent(684.00) raw_noncoding(684.00) offset(0.00) 
32944	32261	single-	4	6	{GlimmerHMM_glimmerT_3973-T1;GlimmerHMM},{HiQ_model.g3649.t1;HiQ}

# EVM prediction: Mode:STANDARD S-ratio: 4.96 33832-36324 orient(-) score(12448.00) noncoding_equivalent(2508.13) raw_noncoding(2508.13) offset(0.00) 
36324	33832	single-	4	6	{GlimmerHMM_glimmerT_3974-T1;GlimmerHMM},{HiQ_model.g3650.t1;HiQ}

# EVM prediction: Mode:STANDARD S-ratio: 4.91 36849-38948 orient(-) score(10467.00) noncoding_equivalent(2131.25) raw_noncoding(2131.25) offset(0.00) 
38948	36849	single-	4	6	{HiQ_model.g3651.t1;HiQ},{GlimmerHMM_glimmerT_3975-T1;GlimmerHMM}

# EVM prediction: Mode:STANDARD S-ratio: 4.59 39281-40639 orient(-) score(6696.00) noncoding_equivalent(1458.00) raw_noncoding(1458.00) offset(0.00) 
40639	39281	single-	4	6	{HiQ_model.g3652.t1;HiQ},{GlimmerHMM_glimmerT_3976-T1;GlimmerHMM}

# EVM prediction: Mode:STANDARD S-ratio: 4.74 41097-43931 orient(-) score(14046.00) noncoding_equivalent(2964.00) raw_noncoding(2964.00) offset(0.00) 
43931	41097	single-	4	6	{HiQ_model.g3653.t1;HiQ},{GlimmerHMM_glimmerT_3977-T1;GlimmerHMM}

# EVM prediction: Mode:STANDARD S-ratio: 4.81 44328-45929 orient(-) score(7956.00) noncoding_equivalent(1654.93) raw_noncoding(1654.93) offset(0.00) 
45929	44328	single-	4	6	{HiQ_model.g3654.t1;HiQ},{GlimmerHMM_glimmerT_3978-T1;GlimmerHMM}

# EVM prediction: Mode:STANDARD S-ratio: 5.00 46368-46769 orient(-) score(2010.00) noncoding_equivalent(402.00) raw_noncoding(402.00) offset(0.00) 
46769	46368	single-	4	6	{GlimmerHMM_glimmerT_3979-T1;GlimmerHMM},{HiQ_model.g3655.t1;HiQ}

# EVM prediction: Mode:STANDARD S-ratio: 131.42 47375-49366 orient(+) score(7953.00) noncoding_equivalent(60.52) raw_noncoding(60.52) offset(0.00) 
47375	49366	single+	1	3	{Augustus_model.g3656.t1;Augustus},{GlimmerHMM_glimmerT_3980-T1;GlimmerHMM}

# EVM prediction: Mode:STANDARD S-ratio: 395.96 50433-51134 orient(+) score(2799.00) noncoding_equivalent(7.07) raw_noncoding(7.07) offset(0.00) 
50433	51134	single+	1	3	{Augustus_model.g3657.t1;Augustus},{GlimmerHMM_glimmerT_3981-T1;GlimmerHMM}

# EVM prediction: Mode:STANDARD S-ratio: 2.00 51415-52563 orient(-) score(4596.00) noncoding_equivalent(2298.00) raw_noncoding(2298.00) offset(0.00) 
52563	51415	single-	4	6	{GlimmerHMM_glimmerT_3982-T1;GlimmerHMM},{HiQ_model.g3658.t1;HiQ}

# EVM prediction: Mode:STANDARD S-ratio: 10000.00 53288-54697 orient(+) score(5640.00) noncoding_equivalent(0.56) raw_noncoding(0.00) offset(0.00) 
53288	54697	single+	1	3	{GlimmerHMM_glimmerT_3983-T1;GlimmerHMM},{Augustus_model.g3659.t1;Augustus}

# EVM prediction: Mode:STANDARD S-ratio: 146.50 55156-56040 orient(+) score(3516.00) noncoding_equivalent(24.00) raw_noncoding(24.00) offset(0.00) 
55156	56040	single+	1	3	{GlimmerHMM_glimmerT_3984-T1;GlimmerHMM},{Augustus_model.g3660.t1;Augustus}

# EVM prediction: Mode:STANDARD S-ratio: 10000.00 57097-57573 orient(+) score(1908.00) noncoding_equivalent(0.19) raw_noncoding(0.00) offset(0.00) 
57097	57573	single+	1	3	{GlimmerHMM_glimmerT_3985-T1;GlimmerHMM},{Augustus_model.g3661.t1;Augustus}

# EVM prediction: Mode:STANDARD S-ratio: 34.29 57963-60386 orient(-) score(7304.00) noncoding_equivalent(213.00) raw_noncoding(213.00) offset(0.00) 
60386	57963	single-	4	6	{GlimmerHMM_glimmerT_3986-T1;GlimmerHMM},{Augustus_model.g3662.t1;Augustus}

# EVM prediction: Mode:STANDARD S-ratio: 62.43 60957-61622 orient(+) score(2622.00) noncoding_equivalent(42.00) raw_noncoding(42.00) offset(0.00) 
60957	61622	single+	1	3	{GlimmerHMM_glimmerT_3987-T1;GlimmerHMM},{Augustus_model.g3663.t1;Augustus}

# EVM prediction: Mode:STANDARD S-ratio: 3.27 61709-62995 orient(-) score(5913.00) noncoding_equivalent(1809.00) raw_noncoding(1809.00) offset(0.00) 
62995	61709	single-	4	6	{HiQ_model.g3664.t1;HiQ}

# EVM prediction: Mode:STANDARD S-ratio: 36.12 63500-64687 orient(-) score(3468.00) noncoding_equivalent(96.00) raw_noncoding(96.00) offset(0.00) 
64687	63500	single-	4	6	{Augustus_model.g3665.t1;Augustus},{GlimmerHMM_glimmerT_3989-T1;GlimmerHMM}

# EVM prediction: Mode:STANDARD S-ratio: 5.00 64981-66123 orient(-) score(5715.00) noncoding_equivalent(1143.00) raw_noncoding(1143.00) offset(0.00) 
66123	64981	single-	4	6	{HiQ_model.g3666.t1;HiQ},{GlimmerHMM_glimmerT_3990-T1;GlimmerHMM}

# EVM prediction: Mode:STANDARD S-ratio: 8.55 66546-67269 orient(-) score(3304.00) noncoding_equivalent(386.35) raw_noncoding(1758.73) offset(1372.38) 
66785	66546	terminal-	4	6	{HiQ_model.g3667.t1;HiQ}
67245	66786	INTRON			{HiQ_model.g3667.t1;HiQ},{ev_type:exonerate/ID=match.133146.5033/Target=YKR057W;exonerate},{ev_type:exonerate/ID=match.133146.6716/Target=YJL136C;exonerate}
67269	67246	initial-	4	6	{HiQ_model.g3667.t1;HiQ}

# EVM prediction: Mode:STANDARD S-ratio: 21.33 68184-69413 orient(+) score(4705.00) noncoding_equivalent(220.61) raw_noncoding(220.61) offset(0.00) 
68184	69413	single+	1	3	{GlimmerHMM_glimmerT_3992-T1;GlimmerHMM}

# EVM prediction: Mode:STANDARD S-ratio: 2.00 69619-69843 orient(-) score(900.00) noncoding_equivalent(450.00) raw_noncoding(450.00) offset(0.00) 
69843	69619	single-	4	6	{GlimmerHMM_glimmerT_3993-T1;GlimmerHMM},{HiQ_model.g3669.t1;HiQ}

# EVM prediction: Mode:STANDARD S-ratio: 2.00 70615-71559 orient(+) score(1890.00) noncoding_equivalent(945.00) raw_noncoding(945.00) offset(0.00) 
70615	71559	single+	1	3	{Augustus_model.g3670.t1;Augustus},{GlimmerHMM_glimmerT_3994-T1;GlimmerHMM}

# EVM prediction: Mode:STANDARD S-ratio: 82.44 71910-74162 orient(+) score(8904.00) noncoding_equivalent(108.00) raw_noncoding(108.00) offset(0.00) 
71910	74162	single+	1	3	{Augustus_model.g3671.t1;Augustus},{GlimmerHMM_glimmerT_3995-T1;GlimmerHMM}

# EVM prediction: Mode:STANDARD S-ratio: 4.56 74274-75344 orient(-) score(5271.00) noncoding_equivalent(1155.00) raw_noncoding(1155.00) offset(0.00) 
75344	74274	single-	4	6	{HiQ_model.g3672.t1;HiQ},{GlimmerHMM_glimmerT_3996-T1;GlimmerHMM}

# EVM prediction: Mode:STANDARD S-ratio: 10000.00 75719-82363 orient(-) score(19935.00) noncoding_equivalent(1.99) raw_noncoding(0.00) offset(0.00) 
82363	75719	single-	4	6	{Augustus_model.g3673.t1;Augustus},{GlimmerHMM_glimmerT_3997-T1;GlimmerHMM}

# EVM prediction: Mode:STANDARD S-ratio: 4.60 83595-87302 orient(-) score(18273.00) noncoding_equivalent(3975.00) raw_noncoding(3975.00) offset(0.00) 
87302	83595	single-	4	6	{HiQ_model.g3674.t1;HiQ}

# EVM prediction: Mode:STANDARD S-ratio: 10000.00 88093-90099 orient(-) score(6021.00) noncoding_equivalent(0.60) raw_noncoding(0.00) offset(0.00) 
90099	88093	single-	4	6	{GlimmerHMM_glimmerT_3999-T1;GlimmerHMM},{Augustus_model.g3675.t1;Augustus}

# EVM prediction: Mode:STANDARD S-ratio: 5.00 92295-94217 orient(-) score(9615.00) noncoding_equivalent(1923.00) raw_noncoding(1923.00) offset(0.00) 
94217	92295	single-	4	6	{HiQ_model.g3676.t1;HiQ},{GlimmerHMM_glimmerT_4000-T1;GlimmerHMM}

# EVM prediction: Mode:STANDARD S-ratio: 48.28 94498-95421 orient(+) score(3621.00) noncoding_equivalent(75.00) raw_noncoding(75.00) offset(0.00) 
94498	95421	single+	1	3	{GlimmerHMM_glimmerT_4001-T1;GlimmerHMM},{Augustus_model.g3677.t1;Augustus}

# EVM prediction: Mode:STANDARD S-ratio: 4.69 95525-96676 orient(-) score(5688.00) noncoding_equivalent(1214.00) raw_noncoding(1214.00) offset(0.00) 
96676	95525	single-	4	6	{GlimmerHMM_glimmerT_4002-T1;GlimmerHMM},{HiQ_model.g3678.t1;HiQ}

# EVM prediction: Mode:STANDARD S-ratio: 4.86 97124-97642 orient(-) score(2581.00) noncoding_equivalent(531.07) raw_noncoding(531.07) offset(0.00) 
97642	97124	single-	4	6	{HiQ_model.g3679.t1;HiQ},{GlimmerHMM_glimmerT_4003-T1;GlimmerHMM}

# EVM prediction: Mode:STANDARD S-ratio: 5.00 98002-99438 orient(-) score(7185.00) noncoding_equivalent(1437.00) raw_noncoding(1437.00) offset(0.00) 
99438	98002	single-	4	6	{GlimmerHMM_glimmerT_4004-T1;GlimmerHMM},{HiQ_model.g3680.t1;HiQ}

