# EVM prediction: Mode:STANDARD S-ratio: 10000.00 22785-23423 orient(-) score(1278.00) noncoding_equivalent(0.13) raw_noncoding(0.00) offset(0.00)
23423	22785	single-	4	6	{Augustus_gene124.t1;Augustus}

# EVM prediction: Mode:STANDARD S-ratio: 10000.00 23503-25816 orient(-) score(4628.00) noncoding_equivalent(0.46) raw_noncoding(0.00) offset(0.00)
24776	23503	terminal-	5	6	{Augustus_gene988.t1;Augustus}
24954	24777	INTRON			{Augustus_gene988.t1;Augustus}
25816	24955	initial-	4	4	{Augustus_gene988.t1;Augustus}

# EVM prediction: Mode:STANDARD S-ratio: 10000.00 27574-28386 orient(+) score(1626.00) noncoding_equivalent(0.16) raw_noncoding(0.00) offset(0.00)
27574	28386	single+	1	3	{Augustus_gene372.t1;Augustus}

# EVM prediction: Mode:STANDARD S-ratio: 10000.00 28553-28789 orient(+) score(474.00) noncoding_equivalent(0.05) raw_noncoding(0.00) offset(0.00)
28553	28789	single+	1	3	{Augustus_gene673.t1;Augustus}

# EVM prediction: Mode:STANDARD S-ratio: 10000.00 28893-30038 orient(-) score(2292.00) noncoding_equivalent(0.23) raw_noncoding(0.00) offset(0.00)
30038	28893	single-	4	6	{Augustus_gene241.t1;Augustus}

# EVM prediction: Mode:STANDARD S-ratio: 10000.00 30308-31549 orient(+) score(2484.00) noncoding_equivalent(0.25) raw_noncoding(0.00) offset(0.00)
30308	31549	single+	1	3	{Augustus_gene846.t1;Augustus}

# EVM prediction: Mode:STANDARD S-ratio: 10000.00 36538-37167 orient(+) score(1260.00) noncoding_equivalent(0.13) raw_noncoding(0.00) offset(0.00)
36538	37167	single+	1	3	{Augustus_gene1.t1;Augustus}

# EVM prediction: Mode:STANDARD S-ratio: 10000.00 39143-41932 orient(-) score(5580.00) noncoding_equivalent(0.56) raw_noncoding(0.00) offset(0.00)
41829	39143	terminal-	5	6	{Augustus_gene948.t1;Augustus}
41895	41830	INTRON			{Augustus_gene948.t1;Augustus}
41932	41896	initial-	4	4	{Augustus_gene948.t1;Augustus}

# EVM prediction: Mode:STANDARD S-ratio: 10000.00 59132-62923 orient(-) score(7584.00) noncoding_equivalent(0.76) raw_noncoding(0.00) offset(0.00)
62923	59132	single-	4	6	{Augustus_gene322.t1;Augustus}

# EVM prediction: Mode:STANDARD S-ratio: 10000.00 70659-74444 orient(+) score(7572.00) noncoding_equivalent(0.76) raw_noncoding(0.00) offset(0.00)
70659	74444	single+	1	3	{Augustus_gene896.t1;Augustus}

# EVM prediction: Mode:STANDARD S-ratio: 10000.00 98606-99577 orient(-) score(1944.00) noncoding_equivalent(0.19) raw_noncoding(0.00) offset(0.00)
99577	98606	single-	4	6	{Augustus_gene1031.t1;Augustus}

# EVM prediction: Mode:STANDARD S-ratio: 10000.00 129464-132792 orient(+) score(6658.00) noncoding_equivalent(0.67) raw_noncoding(0.00) offset(0.00)
129464	129470	initial+	1	1	{Augustus_gene485.t1;Augustus}
129471	129595	INTRON			{Augustus_gene485.t1;Augustus}
129596	129618	internal+	2	3	{Augustus_gene485.t1;Augustus}
129619	130027	INTRON			{Augustus_gene485.t1;Augustus}
130028	130038	internal+	1	2	{Augustus_gene485.t1;Augustus}
130039	130462	INTRON			{Augustus_gene485.t1;Augustus}
130463	130629	internal+	3	1	{Augustus_gene485.t1;Augustus}
130630	130764	INTRON			{Augustus_gene485.t1;Augustus}
130765	130779	internal+	2	1	{Augustus_gene485.t1;Augustus}
130780	131682	INTRON			{Augustus_gene485.t1;Augustus}
131683	131712	internal+	2	1	{Augustus_gene485.t1;Augustus}
131713	132295	INTRON			{Augustus_gene485.t1;Augustus}
132296	132792	terminal+	2	3	{Augustus_gene485.t1;Augustus}

# EVM prediction: Mode:STANDARD S-ratio: 10000.00 134595-135632 orient(-) score(2076.00) noncoding_equivalent(0.21) raw_noncoding(0.00) offset(0.00)
135632	134595	single-	4	6	{Augustus_gene711.t1;Augustus}

# EVM prediction: Mode:STANDARD S-ratio: 10000.00 142772-144541 orient(+) score(3540.00) noncoding_equivalent(0.35) raw_noncoding(0.00) offset(0.00)
142772	144541	single+	1	3	{Augustus_gene458.t1;Augustus}

# EVM prediction: Mode:STANDARD S-ratio: 10000.00 144760-146100 orient(+) score(2682.00) noncoding_equivalent(0.27) raw_noncoding(0.00) offset(0.00)
144760	146100	single+	1	3	{Augustus_gene665.t1;Augustus}

# EVM prediction: Mode:STANDARD S-ratio: 10000.00 154508-155250 orient(-) score(1486.00) noncoding_equivalent(0.15) raw_noncoding(0.00) offset(0.00)
155131	154508	terminal-	4	6	{Augustus_gene136.t1;Augustus}
155202	155132	INTRON			{Augustus_gene136.t1;Augustus}
155250	155203	initial-	4	6	{Augustus_gene136.t1;Augustus}

# EVM prediction: Mode:STANDARD S-ratio: 10000.00 156333-157421 orient(-) score(2178.00) noncoding_equivalent(0.22) raw_noncoding(0.00) offset(0.00)
157421	156333	single-	4	6	{Augustus_gene100.t1;Augustus}

# EVM prediction: Mode:STANDARD S-ratio: 10000.00 172317-172958 orient(+) score(1284.00) noncoding_equivalent(0.13) raw_noncoding(0.00) offset(0.00)
172317	172958	single+	1	3	{Augustus_gene71.t1;Augustus}

# EVM prediction: Mode:STANDARD S-ratio: 10000.00 174572-175753 orient(+) score(2364.00) noncoding_equivalent(0.24) raw_noncoding(0.00) offset(0.00)
174572	175753	single+	1	3	{Augustus_gene835.t1;Augustus}

# EVM prediction: Mode:STANDARD S-ratio: 10000.00 176492-176908 orient(-) score(834.00) noncoding_equivalent(0.08) raw_noncoding(0.00) offset(0.00)
176908	176492	single-	4	6	{Augustus_gene67.t1;Augustus}

# EVM prediction: Mode:STANDARD S-ratio: 10000.00 189661-192597 orient(-) score(5874.00) noncoding_equivalent(0.59) raw_noncoding(0.00) offset(0.00)
192597	189661	single-	4	6	{Augustus_gene396.t1;Augustus}

# EVM prediction: Mode:STANDARD S-ratio: 10000.00 230474-232207 orient(+) score(3468.00) noncoding_equivalent(0.35) raw_noncoding(0.00) offset(0.00)
230474	232207	single+	1	3	{Augustus_gene546.t1;Augustus}

# EVM prediction: Mode:STANDARD S-ratio: 10000.00 243991-245559 orient(+) score(3138.00) noncoding_equivalent(0.31) raw_noncoding(0.00) offset(0.00)
243991	245559	single+	1	3	{Augustus_gene166.t1;Augustus}

# EVM prediction: Mode:STANDARD S-ratio: 10000.00 256700-257266 orient(+) score(1134.00) noncoding_equivalent(0.11) raw_noncoding(0.00) offset(0.00)
256700	257266	single+	1	3	{Augustus_gene1090.t1;Augustus}

# EVM prediction: Mode:STANDARD S-ratio: 10000.00 265919-268789 orient(+) score(5742.00) noncoding_equivalent(0.57) raw_noncoding(0.00) offset(0.00)
265919	268789	single+	1	3	{Augustus_gene366.t1;Augustus}

# EVM prediction: Mode:STANDARD S-ratio: 10000.00 271716-272798 orient(+) score(2166.00) noncoding_equivalent(0.22) raw_noncoding(0.00) offset(0.00)
271716	272798	single+	1	3	{Augustus_gene851.t1;Augustus}

# EVM prediction: Mode:STANDARD S-ratio: 10000.00 272823-274967 orient(-) score(4290.00) noncoding_equivalent(0.43) raw_noncoding(0.00) offset(0.00)
274967	272823	single-	4	6	{Augustus_gene643.t1;Augustus}

# EVM prediction: Mode:STANDARD S-ratio: 10000.00 277093-279438 orient(+) score(4692.00) noncoding_equivalent(0.47) raw_noncoding(0.00) offset(0.00)
277093	279438	single+	1	3	{Augustus_gene907.t1;Augustus}

# EVM prediction: Mode:STANDARD S-ratio: 10000.00 283127-283840 orient(+) score(1428.00) noncoding_equivalent(0.14) raw_noncoding(0.00) offset(0.00)
283127	283840	single+	1	3	{Augustus_gene636.t1;Augustus}

# EVM prediction: Mode:STANDARD S-ratio: 10000.00 284195-284599 orient(+) score(810.00) noncoding_equivalent(0.08) raw_noncoding(0.00) offset(0.00)
284195	284599	single+	1	3	{Augustus_gene932.t1;Augustus}

# EVM prediction: Mode:STANDARD S-ratio: 10000.00 285006-286565 orient(-) score(3120.00) noncoding_equivalent(0.31) raw_noncoding(0.00) offset(0.00)
286565	285006	single-	4	6	{Augustus_gene1139.t1;Augustus}

# EVM prediction: Mode:STANDARD S-ratio: 10000.00 287835-288194 orient(-) score(720.00) noncoding_equivalent(0.07) raw_noncoding(0.00) offset(0.00)
288194	287835	single-	4	6	{Augustus_gene84.t1;Augustus}

# EVM prediction: Mode:STANDARD S-ratio: 10000.00 289871-290344 orient(+) score(948.00) noncoding_equivalent(0.09) raw_noncoding(0.00) offset(0.00)
289871	290344	single+	1	3	{Augustus_gene858.t1;Augustus}

# EVM prediction: Mode:STANDARD S-ratio: 10000.00 292446-296219 orient(+) score(7548.00) noncoding_equivalent(0.75) raw_noncoding(0.00) offset(0.00)
292446	296219	single+	1	3	{Augustus_gene1116.t1;Augustus}

# EVM prediction: Mode:STANDARD S-ratio: 10000.00 299220-301475 orient(-) score(4512.00) noncoding_equivalent(0.45) raw_noncoding(0.00) offset(0.00)
301475	299220	single-	4	6	{Augustus_gene1012.t1;Augustus}

# EVM prediction: Mode:STANDARD S-ratio: 10000.00 338553-340511 orient(-) score(3918.00) noncoding_equivalent(0.39) raw_noncoding(0.00) offset(0.00)
340511	338553	single-	4	6	{Augustus_gene44.t1;Augustus}

# EVM prediction: Mode:STANDARD S-ratio: 10000.00 341194-342629 orient(+) score(2872.00) noncoding_equivalent(0.29) raw_noncoding(0.00) offset(0.00)
341194	341259	initial+	1	3	{Augustus_gene1062.t1;Augustus}
341260	341444	INTRON			{Augustus_gene1062.t1;Augustus}
341445	342629	terminal+	1	3	{Augustus_gene1062.t1;Augustus}

# EVM prediction: Mode:STANDARD S-ratio: 10000.00 377896-385737 orient(-) score(15684.00) noncoding_equivalent(1.57) raw_noncoding(0.00) offset(0.00)
382616	377896	terminal-	5	6	{Augustus_gene963.t1;Augustus}
382976	382617	INTRON			{Augustus_gene963.t1;Augustus}
383219	382977	internal-	5	4	{Augustus_gene963.t1;Augustus}
383681	383220	INTRON			{Augustus_gene963.t1;Augustus}
385737	383682	initial-	4	4	{Augustus_gene963.t1;Augustus}

# EVM prediction: Mode:STANDARD S-ratio: 10000.00 386830-387852 orient(+) score(2046.00) noncoding_equivalent(0.20) raw_noncoding(0.00) offset(0.00)
386830	387852	single+	1	3	{Augustus_gene411.t1;Augustus}

# EVM prediction: Mode:STANDARD S-ratio: 10000.00 419670-422045 orient(-) score(4752.00) noncoding_equivalent(0.48) raw_noncoding(0.00) offset(0.00)
420661	419670	terminal-	5	6	{Augustus_gene641.t1;Augustus}
420736	420662	INTRON			{Augustus_gene641.t1;Augustus}
422045	420737	initial-	4	4	{Augustus_gene641.t1;Augustus}

# EVM prediction: Mode:STANDARD S-ratio: 10000.00 456427-456894 orient(-) score(936.00) noncoding_equivalent(0.09) raw_noncoding(0.00) offset(0.00)
456894	456427	single-	4	6	{Augustus_gene657.t1;Augustus}

# EVM prediction: Mode:STANDARD S-ratio: 10000.00 460923-463794 orient(-) score(5744.00) noncoding_equivalent(0.57) raw_noncoding(0.00) offset(0.00)
460940	460923	terminal-	4	6	{Augustus_gene955.t1;Augustus}
461349	460941	INTRON			{Augustus_gene955.t1;Augustus}
461477	461350	internal-	5	6	{Augustus_gene955.t1;Augustus}
462489	461478	INTRON			{Augustus_gene955.t1;Augustus}
463632	462490	internal-	5	4	{Augustus_gene955.t1;Augustus}
463718	463633	INTRON			{Augustus_gene955.t1;Augustus}
463794	463719	initial-	4	4	{Augustus_gene955.t1;Augustus}

# EVM prediction: Mode:STANDARD S-ratio: 10000.00 469529-470626 orient(-) score(2196.00) noncoding_equivalent(0.22) raw_noncoding(0.00) offset(0.00)
470626	469529	single-	4	6	{Augustus_gene575.t1;Augustus}

# EVM prediction: Mode:STANDARD S-ratio: 10000.00 471161-472777 orient(+) score(3234.00) noncoding_equivalent(0.32) raw_noncoding(0.00) offset(0.00)
471161	472777	single+	1	3	{Augustus_gene536.t1;Augustus}

# EVM prediction: Mode:STANDARD S-ratio: 10000.00 478612-479181 orient(+) score(1140.00) noncoding_equivalent(0.11) raw_noncoding(0.00) offset(0.00)
478612	479181	single+	1	3	{Augustus_gene808.t1;Augustus}

# EVM prediction: Mode:STANDARD S-ratio: 10000.00 479261-481102 orient(-) score(3684.00) noncoding_equivalent(0.37) raw_noncoding(0.00) offset(0.00)
481102	479261	single-	4	6	{Augustus_gene308.t1;Augustus}

# EVM prediction: Mode:STANDARD S-ratio: 10000.00 481327-484155 orient(+) score(5658.00) noncoding_equivalent(0.57) raw_noncoding(0.00) offset(0.00)
481327	484155	single+	1	3	{Augustus_gene75.t1;Augustus}

# EVM prediction: Mode:STANDARD S-ratio: 10000.00 484485-487583 orient(+) score(6198.00) noncoding_equivalent(0.62) raw_noncoding(0.00) offset(0.00)
484485	487583	single+	1	3	{Augustus_gene884.t1;Augustus}

# EVM prediction: Mode:STANDARD S-ratio: 10000.00 487815-491342 orient(-) score(7056.00) noncoding_equivalent(0.71) raw_noncoding(0.00) offset(0.00)
491342	487815	single-	4	6	{Augustus_gene460.t1;Augustus}

# EVM prediction: Mode:STANDARD S-ratio: 10000.00 491786-493972 orient(+) score(4374.00) noncoding_equivalent(0.44) raw_noncoding(0.00) offset(0.00)
491786	493972	single+	1	3	{Augustus_gene496.t1;Augustus}

# EVM prediction: Mode:STANDARD S-ratio: 10000.00 501159-502925 orient(+) score(3534.00) noncoding_equivalent(0.35) raw_noncoding(0.00) offset(0.00)
501159	502925	single+	1	3	{Augustus_gene1016.t1;Augustus}

# EVM prediction: Mode:STANDARD S-ratio: 10000.00 504790-506571 orient(+) score(3564.00) noncoding_equivalent(0.36) raw_noncoding(0.00) offset(0.00)
504790	505543	initial+	1	1	{Augustus_gene663.t1;Augustus}
505544	505588	INTRON			{Augustus_gene663.t1;Augustus}
505589	506571	terminal+	2	3	{Augustus_gene663.t1;Augustus}

# EVM prediction: Mode:STANDARD S-ratio: 10000.00 509371-514539 orient(+) score(10338.00) noncoding_equivalent(1.03) raw_noncoding(0.00) offset(0.00)
509371	514539	single+	1	3	{Augustus_gene511.t1;Augustus}

# EVM prediction: Mode:STANDARD S-ratio: 10000.00 529070-529480 orient(+) score(822.00) noncoding_equivalent(0.08) raw_noncoding(0.00) offset(0.00)
529070	529480	single+	1	3	{Augustus_gene186.t1;Augustus}

# EVM prediction: Mode:STANDARD S-ratio: 10000.00 540983-541825 orient(-) score(1686.00) noncoding_equivalent(0.17) raw_noncoding(0.00) offset(0.00)
541825	540983	single-	4	6	{Augustus_gene736.t1;Augustus}

# EVM prediction: Mode:STANDARD S-ratio: 10000.00 545624-546715 orient(+) score(2184.00) noncoding_equivalent(0.22) raw_noncoding(0.00) offset(0.00)
545624	546715	single+	1	3	{Augustus_gene1079.t1;Augustus}

# EVM prediction: Mode:STANDARD S-ratio: 10000.00 550317-553115 orient(+) score(5598.00) noncoding_equivalent(0.56) raw_noncoding(0.00) offset(0.00)
550317	553115	single+	1	3	{Augustus_gene436.t1;Augustus}

# EVM prediction: Mode:STANDARD S-ratio: 10000.00 555635-556579 orient(-) score(1890.00) noncoding_equivalent(0.19) raw_noncoding(0.00) offset(0.00)
556579	555635	single-	4	6	{Augustus_gene202.t1;Augustus}

# EVM prediction: Mode:STANDARD S-ratio: 10000.00 572923-573951 orient(+) score(2058.00) noncoding_equivalent(0.21) raw_noncoding(0.00) offset(0.00)
572923	573951	single+	1	3	{Augustus_gene1142.t1;Augustus}

# EVM prediction: Mode:STANDARD S-ratio: 10000.00 574346-575000 orient(+) score(1310.00) noncoding_equivalent(0.13) raw_noncoding(0.00) offset(0.00)
574346	574399	initial+	1	3	{Augustus_gene757.t1;Augustus}
574400	574478	INTRON			{Augustus_gene757.t1;Augustus}
574479	575000	terminal+	1	3	{Augustus_gene757.t1;Augustus}

# EVM prediction: Mode:STANDARD S-ratio: 10000.00 588203-589513 orient(+) score(2622.00) noncoding_equivalent(0.26) raw_noncoding(0.00) offset(0.00)
588203	589513	single+	1	3	{Augustus_gene1081.t1;Augustus}

# EVM prediction: Mode:STANDARD S-ratio: 10000.00 602011-603051 orient(-) score(2082.00) noncoding_equivalent(0.21) raw_noncoding(0.00) offset(0.00)
603051	602011	single-	4	6	{Augustus_gene236.t1;Augustus}

# EVM prediction: Mode:STANDARD S-ratio: 10000.00 615347-616600 orient(+) score(2508.00) noncoding_equivalent(0.25) raw_noncoding(0.00) offset(0.00)
615347	616600	single+	1	3	{Augustus_gene1106.t1;Augustus}

# EVM prediction: Mode:STANDARD S-ratio: 10000.00 622122-622790 orient(-) score(1338.00) noncoding_equivalent(0.13) raw_noncoding(0.00) offset(0.00)
622790	622122	single-	4	6	{Augustus_gene674.t1;Augustus}

# EVM prediction: Mode:STANDARD S-ratio: 10000.00 655510-656850 orient(+) score(2682.00) noncoding_equivalent(0.27) raw_noncoding(0.00) offset(0.00)
655510	656850	single+	1	3	{Augustus_gene1068.t1;Augustus}

# EVM prediction: Mode:STANDARD S-ratio: 10000.00 680927-681952 orient(+) score(2052.00) noncoding_equivalent(0.21) raw_noncoding(0.00) offset(0.00)
680927	681952	single+	1	3	{Augustus_gene1061.t1;Augustus}

# EVM prediction: Mode:STANDARD S-ratio: 10000.00 682113-682763 orient(-) score(1302.00) noncoding_equivalent(0.13) raw_noncoding(0.00) offset(0.00)
682763	682113	single-	4	6	{Augustus_gene588.t1;Augustus}

# EVM prediction: Mode:STANDARD S-ratio: 10000.00 698119-700455 orient(+) score(4674.00) noncoding_equivalent(0.47) raw_noncoding(0.00) offset(0.00)
698119	700455	single+	1	3	{Augustus_gene1094.t1;Augustus}

# EVM prediction: Mode:STANDARD S-ratio: 10000.00 702727-706917 orient(+) score(8382.00) noncoding_equivalent(0.84) raw_noncoding(0.00) offset(0.00)
702727	706917	single+	1	3	{Augustus_gene1158.t1;Augustus}

# EVM prediction: Mode:STANDARD S-ratio: 10000.00 715773-717875 orient(-) score(4206.00) noncoding_equivalent(0.42) raw_noncoding(0.00) offset(0.00)
717875	715773	single-	4	6	{Augustus_gene145.t1;Augustus}

# EVM prediction: Mode:STANDARD S-ratio: 10000.00 723706-724234 orient(-) score(1058.00) noncoding_equivalent(0.11) raw_noncoding(0.00) offset(0.00)
723991	723706	terminal-	6	6	{Augustus_gene446.t1;Augustus}
724067	723992	INTRON			{Augustus_gene446.t1;Augustus}
724234	724068	initial-	4	5	{Augustus_gene446.t1;Augustus}

# EVM prediction: Mode:STANDARD S-ratio: 10000.00 751790-754894 orient(-) score(6210.00) noncoding_equivalent(0.62) raw_noncoding(0.00) offset(0.00)
754894	751790	single-	4	6	{Augustus_gene246.t1;Augustus}

# EVM prediction: Mode:STANDARD S-ratio: 10000.00 755206-756342 orient(-) score(2274.00) noncoding_equivalent(0.23) raw_noncoding(0.00) offset(0.00)
756342	755206	single-	4	6	{Augustus_gene522.t1;Augustus}

# EVM prediction: Mode:STANDARD S-ratio: 10000.00 798539-800725 orient(-) score(4374.00) noncoding_equivalent(0.44) raw_noncoding(0.00) offset(0.00)
800725	798539	single-	4	6	{Augustus_gene443.t1;Augustus}

# EVM prediction: Mode:STANDARD S-ratio: 10000.00 801900-803990 orient(-) score(4182.00) noncoding_equivalent(0.42) raw_noncoding(0.00) offset(0.00)
803990	801900	single-	4	6	{Augustus_gene477.t1;Augustus}

# EVM prediction: Mode:STANDARD S-ratio: 10000.00 819247-822246 orient(-) score(6000.00) noncoding_equivalent(0.60) raw_noncoding(0.00) offset(0.00)
822246	819247	single-	4	6	{Augustus_gene58.t1;Augustus}

# EVM prediction: Mode:STANDARD S-ratio: 10000.00 830390-831187 orient(+) score(1596.00) noncoding_equivalent(0.16) raw_noncoding(0.00) offset(0.00)
830390	830430	initial+	1	2	{Augustus_gene156.t1;Augustus}
830431	830493	INTRON			{Augustus_gene156.t1;Augustus}
830494	831187	terminal+	3	3	{Augustus_gene156.t1;Augustus}

# EVM prediction: Mode:STANDARD S-ratio: 10000.00 839032-840156 orient(-) score(2250.00) noncoding_equivalent(0.23) raw_noncoding(0.00) offset(0.00)
840156	839032	single-	4	6	{Augustus_gene1077.t1;Augustus}

# EVM prediction: Mode:STANDARD S-ratio: 10000.00 868107-869474 orient(-) score(2736.00) noncoding_equivalent(0.27) raw_noncoding(0.00) offset(0.00)
869474	868107	single-	4	6	{Augustus_gene730.t1;Augustus}

# EVM prediction: Mode:STANDARD S-ratio: 10000.00 872931-874619 orient(+) score(3378.00) noncoding_equivalent(0.34) raw_noncoding(0.00) offset(0.00)
872931	874619	single+	1	3	{Augustus_gene414.t1;Augustus}

# EVM prediction: Mode:STANDARD S-ratio: 10000.00 874851-875219 orient(-) score(738.00) noncoding_equivalent(0.07) raw_noncoding(0.00) offset(0.00)
875219	874851	single-	4	6	{Augustus_gene494.t1;Augustus}

# EVM prediction: Mode:STANDARD S-ratio: 10000.00 884415-885788 orient(+) score(2748.00) noncoding_equivalent(0.27) raw_noncoding(0.00) offset(0.00)
884415	885788	single+	1	3	{Augustus_gene272.t1;Augustus}

# EVM prediction: Mode:STANDARD S-ratio: 10000.00 889091-890104 orient(-) score(2028.00) noncoding_equivalent(0.20) raw_noncoding(0.00) offset(0.00)
890104	889091	single-	4	6	{Augustus_gene401.t1;Augustus}

# EVM prediction: Mode:STANDARD S-ratio: 10000.00 890702-892699 orient(+) score(3996.00) noncoding_equivalent(0.40) raw_noncoding(0.00) offset(0.00)
890702	892699	single+	1	3	{Augustus_gene765.t1;Augustus}

# EVM prediction: Mode:STANDARD S-ratio: 10000.00 899422-900651 orient(+) score(2460.00) noncoding_equivalent(0.25) raw_noncoding(0.00) offset(0.00)
899422	900651	single+	1	3	{Augustus_gene828.t1;Augustus}

# EVM prediction: Mode:STANDARD S-ratio: 10000.00 908645-910626 orient(-) score(3964.00) noncoding_equivalent(0.40) raw_noncoding(0.00) offset(0.00)
910325	908645	terminal-	6	6	{Augustus_gene995.t1;Augustus}
910621	910326	INTRON			{Augustus_gene995.t1;Augustus}
910626	910622	initial-	4	5	{Augustus_gene995.t1;Augustus}

# EVM prediction: Mode:STANDARD S-ratio: 10000.00 940812-946401 orient(+) score(11180.00) noncoding_equivalent(1.12) raw_noncoding(0.00) offset(0.00)
940812	940849	initial+	1	2	{Augustus_gene766.t1;Augustus}
940850	941069	INTRON			{Augustus_gene766.t1;Augustus}
941070	946401	terminal+	3	3	{Augustus_gene766.t1;Augustus}

# EVM prediction: Mode:STANDARD S-ratio: 10000.00 946908-948107 orient(+) score(2400.00) noncoding_equivalent(0.24) raw_noncoding(0.00) offset(0.00)
946908	948107	single+	1	3	{Augustus_gene127.t1;Augustus}

# EVM prediction: Mode:STANDARD S-ratio: 10000.00 950284-951336 orient(-) score(2106.00) noncoding_equivalent(0.21) raw_noncoding(0.00) offset(0.00)
951336	950284	single-	4	6	{Augustus_gene816.t1;Augustus}

# EVM prediction: Mode:STANDARD S-ratio: 10000.00 956813-958131 orient(+) score(2638.00) noncoding_equivalent(0.26) raw_noncoding(0.00) offset(0.00)
956813	956822	initial+	1	1	{Augustus_gene992.t1;Augustus}
956823	957089	INTRON			{Augustus_gene992.t1;Augustus}
957090	958046	internal+	2	1	{Augustus_gene992.t1;Augustus}
958047	958120	INTRON			{Augustus_gene992.t1;Augustus}
958121	958131	terminal+	2	3	{Augustus_gene992.t1;Augustus}

# EVM prediction: Mode:STANDARD S-ratio: 10000.00 958569-959624 orient(+) score(2112.00) noncoding_equivalent(0.21) raw_noncoding(0.00) offset(0.00)
958569	959624	single+	1	3	{Augustus_gene128.t1;Augustus}

# EVM prediction: Mode:STANDARD S-ratio: 10000.00 959841-960128 orient(-) score(576.00) noncoding_equivalent(0.06) raw_noncoding(0.00) offset(0.00)
960128	959841	single-	4	6	{Augustus_gene949.t1;Augustus}

# EVM prediction: Mode:STANDARD S-ratio: 10000.00 975240-976046 orient(-) score(1614.00) noncoding_equivalent(0.16) raw_noncoding(0.00) offset(0.00)
975655	975240	terminal-	5	6	{Augustus_gene621.t1;Augustus}
975802	975656	INTRON			{Augustus_gene621.t1;Augustus}
976046	975803	initial-	4	4	{Augustus_gene621.t1;Augustus}

# EVM prediction: Mode:STANDARD S-ratio: 10000.00 981049-981513 orient(+) score(930.00) noncoding_equivalent(0.09) raw_noncoding(0.00) offset(0.00)
981049	981513	single+	1	3	{Augustus_gene702.t1;Augustus}

# EVM prediction: Mode:STANDARD S-ratio: 10000.00 1005765-1007174 orient(-) score(2820.00) noncoding_equivalent(0.28) raw_noncoding(0.00) offset(0.00)
1007174	1005765	single-	4	6	{Augustus_gene1114.t1;Augustus}

# EVM prediction: Mode:STANDARD S-ratio: 10000.00 1007626-1008294 orient(+) score(1338.00) noncoding_equivalent(0.13) raw_noncoding(0.00) offset(0.00)
1007626	1008294	single+	1	3	{Augustus_gene704.t1;Augustus}

# EVM prediction: Mode:STANDARD S-ratio: 10000.00 1017463-1021940 orient(-) score(8956.00) noncoding_equivalent(0.90) raw_noncoding(0.00) offset(0.00)
1017487	1017463	terminal-	6	6	{Augustus_gene420.t1;Augustus}
1017594	1017488	INTRON			{Augustus_gene420.t1;Augustus}
1021940	1017595	initial-	4	5	{Augustus_gene420.t1;Augustus}

# EVM prediction: Mode:STANDARD S-ratio: 10000.00 1040957-1041808 orient(-) score(1704.00) noncoding_equivalent(0.17) raw_noncoding(0.00) offset(0.00)
1041808	1040957	single-	4	6	{Augustus_gene945.t1;Augustus}

# EVM prediction: Mode:STANDARD S-ratio: 10000.00 1042890-1043339 orient(+) score(900.00) noncoding_equivalent(0.09) raw_noncoding(0.00) offset(0.00)
1042890	1043339	single+	1	3	{Augustus_gene274.t1;Augustus}

# EVM prediction: Mode:STANDARD S-ratio: 10000.00 1043453-1044176 orient(-) score(1448.00) noncoding_equivalent(0.14) raw_noncoding(0.00) offset(0.00)
1044054	1043453	terminal-	5	6	{Augustus_gene88.t1;Augustus}
1044145	1044055	INTRON			{Augustus_gene88.t1;Augustus}
1044176	1044146	initial-	4	4	{Augustus_gene88.t1;Augustus}

# EVM prediction: Mode:STANDARD S-ratio: 10000.00 1051686-1052672 orient(-) score(1974.00) noncoding_equivalent(0.20) raw_noncoding(0.00) offset(0.00)
1052672	1051686	single-	4	6	{Augustus_gene737.t1;Augustus}

# EVM prediction: Mode:STANDARD S-ratio: 10000.00 1055350-1056660 orient(-) score(2622.00) noncoding_equivalent(0.26) raw_noncoding(0.00) offset(0.00)
1056660	1055350	single-	4	6	{Augustus_gene594.t1;Augustus}

# EVM prediction: Mode:STANDARD S-ratio: 10000.00 1069505-1070452 orient(+) score(1896.00) noncoding_equivalent(0.19) raw_noncoding(0.00) offset(0.00)
1069505	1070452	single+	1	3	{Augustus_gene462.t1;Augustus}

# EVM prediction: Mode:STANDARD S-ratio: 10000.00 1076054-1077037 orient(-) score(1968.00) noncoding_equivalent(0.20) raw_noncoding(0.00) offset(0.00)
1077037	1076054	single-	4	6	{Augustus_gene409.t1;Augustus}

# EVM prediction: Mode:STANDARD S-ratio: 10000.00 1093474-1095444 orient(+) score(3942.00) noncoding_equivalent(0.39) raw_noncoding(0.00) offset(0.00)
1093474	1093579	initial+	1	1	{Augustus_gene1004.t1;Augustus}
1093580	1093804	INTRON			{Augustus_gene1004.t1;Augustus}
1093805	1095444	terminal+	2	3	{Augustus_gene1004.t1;Augustus}

# EVM prediction: Mode:STANDARD S-ratio: 10000.00 1097889-1098899 orient(-) score(2022.00) noncoding_equivalent(0.20) raw_noncoding(0.00) offset(0.00)
1098899	1097889	single-	4	6	{Augustus_gene1017.t1;Augustus}

# EVM prediction: Mode:STANDARD S-ratio: 10000.00 1110394-1111214 orient(+) score(1642.00) noncoding_equivalent(0.16) raw_noncoding(0.00) offset(0.00)
1110394	1110447	initial+	1	3	{Augustus_gene1052.t1;Augustus}
1110448	1110929	INTRON			{Augustus_gene1052.t1;Augustus}
1110930	1111214	terminal+	1	3	{Augustus_gene1052.t1;Augustus}

# EVM prediction: Mode:STANDARD S-ratio: 10000.00 1112792-1116265 orient(+) score(6948.00) noncoding_equivalent(0.69) raw_noncoding(0.00) offset(0.00)
1112792	1116265	single+	1	3	{Augustus_gene350.t1;Augustus}

# EVM prediction: Mode:STANDARD S-ratio: 10000.00 1118612-1120126 orient(+) score(3030.00) noncoding_equivalent(0.30) raw_noncoding(0.00) offset(0.00)
1118612	1120126	single+	1	3	{Augustus_gene189.t1;Augustus}

# EVM prediction: Mode:STANDARD S-ratio: 10000.00 1120484-1121404 orient(+) score(1842.00) noncoding_equivalent(0.18) raw_noncoding(0.00) offset(0.00)
1120484	1121404	single+	1	3	{Augustus_gene1135.t1;Augustus}

# EVM prediction: Mode:STANDARD S-ratio: 10000.00 1122648-1123349 orient(+) score(1404.00) noncoding_equivalent(0.14) raw_noncoding(0.00) offset(0.00)
1122648	1123349	single+	1	3	{Augustus_gene316.t1;Augustus}

# EVM prediction: Mode:STANDARD S-ratio: 10000.00 1152540-1155374 orient(+) score(5670.00) noncoding_equivalent(0.57) raw_noncoding(0.00) offset(0.00)
1152540	1155374	single+	1	3	{Augustus_gene989.t1;Augustus}

# EVM prediction: Mode:STANDARD S-ratio: 10000.00 1164030-1164677 orient(-) score(1296.00) noncoding_equivalent(0.13) raw_noncoding(0.00) offset(0.00)
1164677	1164030	single-	4	6	{Augustus_gene938.t1;Augustus}

# EVM prediction: Mode:STANDARD S-ratio: 10000.00 1170270-1171727 orient(-) score(2916.00) noncoding_equivalent(0.29) raw_noncoding(0.00) offset(0.00)
1171727	1170270	single-	4	6	{Augustus_gene917.t1;Augustus}

# EVM prediction: Mode:STANDARD S-ratio: 10000.00 1174515-1175765 orient(+) score(2502.00) noncoding_equivalent(0.25) raw_noncoding(0.00) offset(0.00)
1174515	1175765	single+	1	3	{Augustus_gene593.t1;Augustus}

# EVM prediction: Mode:STANDARD S-ratio: 10000.00 1182436-1185167 orient(-) score(5464.00) noncoding_equivalent(0.55) raw_noncoding(0.00) offset(0.00)
1185054	1182436	terminal-	4	6	{Augustus_gene217.t1;Augustus}
1185119	1185055	INTRON			{Augustus_gene217.t1;Augustus}
1185167	1185120	initial-	4	6	{Augustus_gene217.t1;Augustus}

# EVM prediction: Mode:STANDARD S-ratio: 10000.00 1185717-1187078 orient(-) score(2724.00) noncoding_equivalent(0.27) raw_noncoding(0.00) offset(0.00)
1187078	1185717	single-	4	6	{Augustus_gene383.t1;Augustus}

# EVM prediction: Mode:STANDARD S-ratio: 10000.00 1196120-1198207 orient(-) score(4176.00) noncoding_equivalent(0.42) raw_noncoding(0.00) offset(0.00)
1198207	1196120	single-	4	6	{Augustus_gene595.t1;Augustus}

# EVM prediction: Mode:STANDARD S-ratio: 10000.00 1212168-1214264 orient(-) score(4194.00) noncoding_equivalent(0.42) raw_noncoding(0.00) offset(0.00)
1214264	1212168	single-	4	6	{Augustus_gene1162.t1;Augustus}

# EVM prediction: Mode:STANDARD S-ratio: 10000.00 1225302-1230872 orient(+) score(11142.00) noncoding_equivalent(1.11) raw_noncoding(0.00) offset(0.00)
1225302	1227156	initial+	1	1	{Augustus_gene604.t1;Augustus}
1227157	1227933	INTRON			{Augustus_gene604.t1;Augustus}
1227934	1230872	terminal+	2	3	{Augustus_gene604.t1;Augustus}

# EVM prediction: Mode:STANDARD S-ratio: 10000.00 1246014-1248281 orient(+) score(4536.00) noncoding_equivalent(0.45) raw_noncoding(0.00) offset(0.00)
1246014	1248281	single+	1	3	{Augustus_gene473.t1;Augustus}

# EVM prediction: Mode:STANDARD S-ratio: 10000.00 1253885-1254724 orient(-) score(1680.00) noncoding_equivalent(0.17) raw_noncoding(0.00) offset(0.00)
1254724	1253885	single-	4	6	{Augustus_gene1121.t1;Augustus}

# EVM prediction: Mode:STANDARD S-ratio: 10000.00 1255583-1259896 orient(-) score(8628.00) noncoding_equivalent(0.86) raw_noncoding(0.00) offset(0.00)
1259896	1255583	single-	4	6	{Augustus_gene863.t1;Augustus}

# EVM prediction: Mode:STANDARD S-ratio: 10000.00 1262842-1264551 orient(+) score(3420.00) noncoding_equivalent(0.34) raw_noncoding(0.00) offset(0.00)
1262842	1262881	initial+	1	1	{Augustus_gene486.t1;Augustus}
1262882	1262986	INTRON			{Augustus_gene486.t1;Augustus}
1262987	1264551	terminal+	2	3	{Augustus_gene486.t1;Augustus}

# EVM prediction: Mode:STANDARD S-ratio: 10000.00 1266800-1267978 orient(-) score(2358.00) noncoding_equivalent(0.24) raw_noncoding(0.00) offset(0.00)
1267978	1266800	single-	4	6	{Augustus_gene762.t1;Augustus}

# EVM prediction: Mode:STANDARD S-ratio: 10000.00 1269518-1271869 orient(+) score(4704.00) noncoding_equivalent(0.47) raw_noncoding(0.00) offset(0.00)
1269518	1271869	single+	1	3	{Augustus_gene500.t1;Augustus}

# EVM prediction: Mode:STANDARD S-ratio: 10000.00 1272064-1272479 orient(+) score(832.00) noncoding_equivalent(0.08) raw_noncoding(0.00) offset(0.00)
1272064	1272068	initial+	1	2	{Augustus_gene1023.t1;Augustus}
1272069	1272145	INTRON			{Augustus_gene1023.t1;Augustus}
1272146	1272479	terminal+	3	3	{Augustus_gene1023.t1;Augustus}

# EVM prediction: Mode:STANDARD S-ratio: 10000.00 1280608-1281252 orient(-) score(1290.00) noncoding_equivalent(0.13) raw_noncoding(0.00) offset(0.00)
1281252	1280608	single-	4	6	{Augustus_gene827.t1;Augustus}

# EVM prediction: Mode:STANDARD S-ratio: 10000.00 1299920-1300867 orient(-) score(1896.00) noncoding_equivalent(0.19) raw_noncoding(0.00) offset(0.00)
1300867	1299920	single-	4	6	{Augustus_gene564.t1;Augustus}

# EVM prediction: Mode:STANDARD S-ratio: 10000.00 1302199-1304011 orient(-) score(3626.00) noncoding_equivalent(0.36) raw_noncoding(0.00) offset(0.00)
1303313	1302199	terminal-	5	6	{Augustus_gene537.t1;Augustus}
1303560	1303314	INTRON			{Augustus_gene537.t1;Augustus}
1304011	1303561	initial-	4	4	{Augustus_gene537.t1;Augustus}

# EVM prediction: Mode:STANDARD S-ratio: 10000.00 1305528-1307795 orient(-) score(4536.00) noncoding_equivalent(0.45) raw_noncoding(0.00) offset(0.00)
1307795	1305528	single-	4	6	{Augustus_gene212.t1;Augustus}

# EVM prediction: Mode:STANDARD S-ratio: 10000.00 1318661-1319900 orient(+) score(2480.00) noncoding_equivalent(0.25) raw_noncoding(0.00) offset(0.00)
1318661	1319621	initial+	1	1	{Augustus_gene1151.t1;Augustus}
1319622	1319847	INTRON			{Augustus_gene1151.t1;Augustus}
1319848	1319900	terminal+	2	3	{Augustus_gene1151.t1;Augustus}

# EVM prediction: Mode:STANDARD S-ratio: 10000.00 1392264-1392623 orient(+) score(720.00) noncoding_equivalent(0.07) raw_noncoding(0.00) offset(0.00)
1392264	1392623	single+	1	3	{Augustus_gene426.t1;Augustus}

# EVM prediction: Mode:STANDARD S-ratio: 10000.00 1395463-1395963 orient(-) score(1002.00) noncoding_equivalent(0.10) raw_noncoding(0.00) offset(0.00)
1395963	1395463	single-	4	6	{Augustus_gene910.t1;Augustus}

# EVM prediction: Mode:STANDARD S-ratio: 10000.00 1436457-1437149 orient(+) score(1386.00) noncoding_equivalent(0.14) raw_noncoding(0.00) offset(0.00)
1436457	1437149	single+	1	3	{Augustus_gene531.t1;Augustus}

# EVM prediction: Mode:STANDARD S-ratio: 10000.00 1447672-1449081 orient(+) score(2820.00) noncoding_equivalent(0.28) raw_noncoding(0.00) offset(0.00)
1447672	1449081	single+	1	3	{Augustus_gene611.t1;Augustus}

# EVM prediction: Mode:STANDARD S-ratio: 10000.00 1468331-1468669 orient(+) score(678.00) noncoding_equivalent(0.07) raw_noncoding(0.00) offset(0.00)
1468331	1468669	single+	1	3	{Augustus_gene112.t1;Augustus}

# EVM prediction: Mode:STANDARD S-ratio: 10000.00 1484562-1485518 orient(+) score(1914.00) noncoding_equivalent(0.19) raw_noncoding(0.00) offset(0.00)
1484562	1485518	single+	1	3	{Augustus_gene616.t1;Augustus}

# EVM prediction: Mode:STANDARD S-ratio: 10000.00 1486613-1488259 orient(+) score(3294.00) noncoding_equivalent(0.33) raw_noncoding(0.00) offset(0.00)
1486613	1488259	single+	1	3	{Augustus_gene550.t1;Augustus}

# EVM prediction: Mode:STANDARD S-ratio: 10000.00 1498450-1500138 orient(+) score(3378.00) noncoding_equivalent(0.34) raw_noncoding(0.00) offset(0.00)
1498450	1500138	single+	1	3	{Augustus_gene113.t1;Augustus}

# EVM prediction: Mode:STANDARD S-ratio: 10000.00 1503394-1504845 orient(+) score(2904.00) noncoding_equivalent(0.29) raw_noncoding(0.00) offset(0.00)
1503394	1504845	single+	1	3	{Augustus_gene799.t1;Augustus}

# EVM prediction: Mode:STANDARD S-ratio: 10000.00 1517213-1518205 orient(-) score(1986.00) noncoding_equivalent(0.20) raw_noncoding(0.00) offset(0.00)
1518205	1517213	single-	4	6	{Augustus_gene646.t1;Augustus}

# EVM prediction: Mode:STANDARD S-ratio: 10000.00 1521450-1522565 orient(-) score(2232.00) noncoding_equivalent(0.22) raw_noncoding(0.00) offset(0.00)
1522565	1521450	single-	4	6	{Augustus_gene1037.t1;Augustus}

# EVM prediction: Mode:STANDARD S-ratio: 10000.00 1524598-1528116 orient(+) score(7038.00) noncoding_equivalent(0.70) raw_noncoding(0.00) offset(0.00)
1524598	1528116	single+	1	3	{Augustus_gene134.t1;Augustus}

# EVM prediction: Mode:STANDARD S-ratio: 10000.00 1528366-1530174 orient(+) score(3618.00) noncoding_equivalent(0.36) raw_noncoding(0.00) offset(0.00)
1528366	1530174	single+	1	3	{Augustus_gene1109.t1;Augustus}

# EVM prediction: Mode:STANDARD S-ratio: 10000.00 1530895-1532052 orient(+) score(2316.00) noncoding_equivalent(0.23) raw_noncoding(0.00) offset(0.00)
1530895	1532052	single+	1	3	{Augustus_gene162.t1;Augustus}

# EVM prediction: Mode:STANDARD S-ratio: 10000.00 1552100-1554259 orient(-) score(4320.00) noncoding_equivalent(0.43) raw_noncoding(0.00) offset(0.00)
1554259	1552100	single-	4	6	{Augustus_gene1025.t1;Augustus}

# EVM prediction: Mode:STANDARD S-ratio: 10000.00 1561932-1565840 orient(+) score(7818.00) noncoding_equivalent(0.78) raw_noncoding(0.00) offset(0.00)
1561932	1565840	single+	1	3	{Augustus_gene360.t1;Augustus}

# EVM prediction: Mode:STANDARD S-ratio: 10000.00 1568150-1569013 orient(+) score(1728.00) noncoding_equivalent(0.17) raw_noncoding(0.00) offset(0.00)
1568150	1569013	single+	1	3	{Augustus_gene1056.t1;Augustus}

# EVM prediction: Mode:STANDARD S-ratio: 10000.00 1591735-1593045 orient(+) score(2622.00) noncoding_equivalent(0.26) raw_noncoding(0.00) offset(0.00)
1591735	1593045	single+	1	3	{Augustus_gene738.t1;Augustus}

# EVM prediction: Mode:STANDARD S-ratio: 10000.00 1608279-1611449 orient(+) score(6342.00) noncoding_equivalent(0.63) raw_noncoding(0.00) offset(0.00)
1608279	1611449	single+	1	3	{Augustus_gene1076.t1;Augustus}

# EVM prediction: Mode:STANDARD S-ratio: 10000.00 1621750-1623579 orient(-) score(3660.00) noncoding_equivalent(0.37) raw_noncoding(0.00) offset(0.00)
1623579	1621750	single-	4	6	{Augustus_gene146.t1;Augustus}

# EVM prediction: Mode:STANDARD S-ratio: 10000.00 1654516-1655677 orient(-) score(2324.00) noncoding_equivalent(0.23) raw_noncoding(0.00) offset(0.00)
1654596	1654516	terminal-	4	6	{Augustus_gene182.t1;Augustus}
1654718	1654597	INTRON			{Augustus_gene182.t1;Augustus}
1654727	1654719	internal-	4	6	{Augustus_gene182.t1;Augustus}
1655100	1654728	INTRON			{Augustus_gene182.t1;Augustus}
1655469	1655101	internal-	4	6	{Augustus_gene182.t1;Augustus}
1655626	1655470	INTRON			{Augustus_gene182.t1;Augustus}
1655677	1655627	initial-	4	6	{Augustus_gene182.t1;Augustus}

# EVM prediction: Mode:STANDARD S-ratio: 10000.00 1660612-1661778 orient(+) score(2334.00) noncoding_equivalent(0.23) raw_noncoding(0.00) offset(0.00)
1660612	1661778	single+	1	3	{Augustus_gene369.t1;Augustus}

# EVM prediction: Mode:STANDARD S-ratio: 10000.00 1699140-1700204 orient(+) score(2130.00) noncoding_equivalent(0.21) raw_noncoding(0.00) offset(0.00)
1699140	1700204	single+	1	3	{Augustus_gene133.t1;Augustus}

# EVM prediction: Mode:STANDARD S-ratio: 10000.00 1712468-1713754 orient(+) score(2574.00) noncoding_equivalent(0.26) raw_noncoding(0.00) offset(0.00)
1712468	1713754	single+	1	3	{Augustus_gene34.t1;Augustus}

# EVM prediction: Mode:STANDARD S-ratio: 10000.00 1728216-1731496 orient(-) score(6562.00) noncoding_equivalent(0.66) raw_noncoding(0.00) offset(0.00)
1730815	1728216	terminal-	5	6	{Augustus_gene721.t1;Augustus}
1730977	1730816	INTRON			{Augustus_gene721.t1;Augustus}
1731210	1730978	internal-	6	4	{Augustus_gene721.t1;Augustus}
1731368	1731211	INTRON			{Augustus_gene721.t1;Augustus}
1731496	1731369	initial-	4	5	{Augustus_gene721.t1;Augustus}

# EVM prediction: Mode:STANDARD S-ratio: 10000.00 1749986-1751044 orient(+) score(2118.00) noncoding_equivalent(0.21) raw_noncoding(0.00) offset(0.00)
1749986	1751044	single+	1	3	{Augustus_gene680.t1;Augustus}

# EVM prediction: Mode:STANDARD S-ratio: 10000.00 1751816-1753292 orient(+) score(2954.00) noncoding_equivalent(0.30) raw_noncoding(0.00) offset(0.00)
1751816	1753049	initial+	1	1	{Augustus_gene428.t1;Augustus}
1753050	1753272	INTRON			{Augustus_gene428.t1;Augustus}
1753273	1753292	terminal+	2	3	{Augustus_gene428.t1;Augustus}

# EVM prediction: Mode:STANDARD S-ratio: 10000.00 1755545-1756948 orient(-) score(2808.00) noncoding_equivalent(0.28) raw_noncoding(0.00) offset(0.00)
1756948	1755545	single-	4	6	{Augustus_gene108.t1;Augustus}

# EVM prediction: Mode:STANDARD S-ratio: 10000.00 1794757-1795149 orient(+) score(786.00) noncoding_equivalent(0.08) raw_noncoding(0.00) offset(0.00)
1794757	1795149	single+	1	3	{Augustus_gene979.t1;Augustus}

# EVM prediction: Mode:STANDARD S-ratio: 10000.00 1818186-1819019 orient(+) score(1668.00) noncoding_equivalent(0.17) raw_noncoding(0.00) offset(0.00)
1818186	1819019	single+	1	3	{Augustus_gene97.t1;Augustus}

# EVM prediction: Mode:STANDARD S-ratio: 10000.00 1851749-1853470 orient(-) score(3444.00) noncoding_equivalent(0.34) raw_noncoding(0.00) offset(0.00)
1853470	1851749	single-	4	6	{Augustus_gene795.t1;Augustus}

# EVM prediction: Mode:STANDARD S-ratio: 10000.00 1895205-1896446 orient(-) score(2484.00) noncoding_equivalent(0.25) raw_noncoding(0.00) offset(0.00)
1896446	1895205	single-	4	6	{Augustus_gene922.t1;Augustus}

# EVM prediction: Mode:STANDARD S-ratio: 10000.00 1901073-1902836 orient(-) score(3528.00) noncoding_equivalent(0.35) raw_noncoding(0.00) offset(0.00)
1902836	1901073	single-	4	6	{Augustus_gene534.t1;Augustus}

# EVM prediction: Mode:STANDARD S-ratio: 10000.00 1911130-1911897 orient(+) score(1536.00) noncoding_equivalent(0.15) raw_noncoding(0.00) offset(0.00)
1911130	1911897	single+	1	3	{Augustus_gene344.t1;Augustus}

# EVM prediction: Mode:STANDARD S-ratio: 10000.00 1936516-1939248 orient(-) score(5466.00) noncoding_equivalent(0.55) raw_noncoding(0.00) offset(0.00)
1939248	1936516	single-	4	6	{Augustus_gene748.t1;Augustus}

# EVM prediction: Mode:STANDARD S-ratio: 10000.00 1942062-1943411 orient(+) score(2700.00) noncoding_equivalent(0.27) raw_noncoding(0.00) offset(0.00)
1942062	1943411	single+	1	3	{Augustus_gene442.t1;Augustus}

# EVM prediction: Mode:STANDARD S-ratio: 10000.00 1965926-1966426 orient(-) score(1002.00) noncoding_equivalent(0.10) raw_noncoding(0.00) offset(0.00)
1966426	1965926	single-	4	6	{Augustus_gene952.t1;Augustus}

# EVM prediction: Mode:STANDARD S-ratio: 10000.00 1983621-1985015 orient(-) score(2790.00) noncoding_equivalent(0.28) raw_noncoding(0.00) offset(0.00)
1985015	1983621	single-	4	6	{Augustus_gene110.t1;Augustus}

# EVM prediction: Mode:STANDARD S-ratio: 10000.00 1985611-1987776 orient(+) score(4332.00) noncoding_equivalent(0.43) raw_noncoding(0.00) offset(0.00)
1985611	1987776	single+	1	3	{Augustus_gene959.t1;Augustus}

# EVM prediction: Mode:STANDARD S-ratio: 10000.00 2013163-2014107 orient(+) score(1890.00) noncoding_equivalent(0.19) raw_noncoding(0.00) offset(0.00)
2013163	2014107	single+	1	3	{Augustus_gene976.t1;Augustus}

# EVM prediction: Mode:STANDARD S-ratio: 10000.00 2025549-2026205 orient(-) score(1314.00) noncoding_equivalent(0.13) raw_noncoding(0.00) offset(0.00)
2026205	2025549	single-	4	6	{Augustus_gene782.t1;Augustus}

# EVM prediction: Mode:STANDARD S-ratio: 10000.00 2057988-2062139 orient(+) score(8304.00) noncoding_equivalent(0.83) raw_noncoding(0.00) offset(0.00)
2057988	2061120	initial+	1	1	{Augustus_gene1128.t1;Augustus}
2061121	2061159	INTRON			{Augustus_gene1128.t1;Augustus}
2061160	2062139	terminal+	2	3	{Augustus_gene1128.t1;Augustus}

# EVM prediction: Mode:STANDARD S-ratio: 10000.00 2075721-2076518 orient(+) score(1596.00) noncoding_equivalent(0.16) raw_noncoding(0.00) offset(0.00)
2075721	2076518	single+	1	3	{Augustus_gene1149.t1;Augustus}

# EVM prediction: Mode:STANDARD S-ratio: 10000.00 2081130-2082971 orient(+) score(3684.00) noncoding_equivalent(0.37) raw_noncoding(0.00) offset(0.00)
2081130	2081325	initial+	1	1	{Augustus_gene453.t1;Augustus}
2081326	2081559	INTRON			{Augustus_gene453.t1;Augustus}
2081560	2082971	terminal+	2	3	{Augustus_gene453.t1;Augustus}

# EVM prediction: Mode:STANDARD S-ratio: 10000.00 2095699-2096214 orient(+) score(1032.00) noncoding_equivalent(0.10) raw_noncoding(0.00) offset(0.00)
2095699	2096214	single+	1	3	{Augustus_gene947.t1;Augustus}

# EVM prediction: Mode:STANDARD S-ratio: 10000.00 2108365-2111715 orient(-) score(6702.00) noncoding_equivalent(0.67) raw_noncoding(0.00) offset(0.00)
2108423	2108365	terminal-	5	6	{Augustus_gene445.t1;Augustus}
2108888	2108424	INTRON			{Augustus_gene445.t1;Augustus}
2108909	2108889	internal-	5	4	{Augustus_gene445.t1;Augustus}
2109004	2108910	INTRON			{Augustus_gene445.t1;Augustus}
2109038	2109005	internal-	4	4	{Augustus_gene445.t1;Augustus}
2109201	2109039	INTRON			{Augustus_gene445.t1;Augustus}
2109209	2109202	internal-	5	6	{Augustus_gene445.t1;Augustus}
2109368	2109210	INTRON			{Augustus_gene445.t1;Augustus}
2109860	2109369	internal-	5	4	{Augustus_gene445.t1;Augustus}
2110100	2109861	INTRON			{Augustus_gene445.t1;Augustus}
2110445	2110101	internal-	5	4	{Augustus_gene445.t1;Augustus}
2110496	2110446	INTRON			{Augustus_gene445.t1;Augustus}
2111715	2110497	initial-	4	4	{Augustus_gene445.t1;Augustus}

# EVM prediction: Mode:STANDARD S-ratio: 10000.00 2125311-2127248 orient(-) score(3876.00) noncoding_equivalent(0.39) raw_noncoding(0.00) offset(0.00)
2127248	2125311	single-	4	6	{Augustus_gene502.t1;Augustus}

# EVM prediction: Mode:STANDARD S-ratio: 10000.00 2131033-2131848 orient(+) score(1632.00) noncoding_equivalent(0.16) raw_noncoding(0.00) offset(0.00)
2131033	2131848	single+	1	3	{Augustus_gene488.t1;Augustus}

# EVM prediction: Mode:STANDARD S-ratio: 10000.00 2137302-2138324 orient(-) score(2046.00) noncoding_equivalent(0.20) raw_noncoding(0.00) offset(0.00)
2138324	2137302	single-	4	6	{Augustus_gene423.t1;Augustus}

# EVM prediction: Mode:STANDARD S-ratio: 10000.00 2159273-2162185 orient(-) score(5826.00) noncoding_equivalent(0.58) raw_noncoding(0.00) offset(0.00)
2162185	2159273	single-	4	6	{Augustus_gene600.t1;Augustus}

# EVM prediction: Mode:STANDARD S-ratio: 10000.00 2169630-2170894 orient(-) score(2530.00) noncoding_equivalent(0.25) raw_noncoding(0.00) offset(0.00)
2169665	2169630	terminal-	4	6	{Augustus_gene671.t1;Augustus}
2169727	2169666	INTRON			{Augustus_gene671.t1;Augustus}
2170894	2169728	initial-	4	6	{Augustus_gene671.t1;Augustus}

# EVM prediction: Mode:STANDARD S-ratio: 10000.00 2180831-2184774 orient(+) score(7888.00) noncoding_equivalent(0.79) raw_noncoding(0.00) offset(0.00)
2180831	2180847	initial+	1	2	{Augustus_gene22.t1;Augustus}
2180848	2181449	INTRON			{Augustus_gene22.t1;Augustus}
2181450	2184774	terminal+	3	3	{Augustus_gene22.t1;Augustus}

# EVM prediction: Mode:STANDARD S-ratio: 10000.00 2196056-2197075 orient(+) score(2040.00) noncoding_equivalent(0.20) raw_noncoding(0.00) offset(0.00)
2196056	2197075	single+	1	3	{Augustus_gene1122.t1;Augustus}

# EVM prediction: Mode:STANDARD S-ratio: 10000.00 2202878-2203342 orient(+) score(930.00) noncoding_equivalent(0.09) raw_noncoding(0.00) offset(0.00)
2202878	2203342	single+	1	3	{Augustus_gene371.t1;Augustus}

# EVM prediction: Mode:STANDARD S-ratio: 10000.00 2205832-2210405 orient(-) score(9148.00) noncoding_equivalent(0.91) raw_noncoding(0.00) offset(0.00)
2208335	2205832	terminal-	5	6	{Augustus_gene942.t1;Augustus}
2208811	2208336	INTRON			{Augustus_gene942.t1;Augustus}
2208926	2208812	internal-	4	4	{Augustus_gene942.t1;Augustus}
2209181	2208927	INTRON			{Augustus_gene942.t1;Augustus}
2210405	2209182	initial-	4	6	{Augustus_gene942.t1;Augustus}

# EVM prediction: Mode:STANDARD S-ratio: 10000.00 2213264-2213599 orient(+) score(672.00) noncoding_equivalent(0.07) raw_noncoding(0.00) offset(0.00)
2213264	2213599	single+	1	3	{Augustus_gene877.t1;Augustus}

# EVM prediction: Mode:STANDARD S-ratio: 10000.00 2215273-2216667 orient(-) score(2790.00) noncoding_equivalent(0.28) raw_noncoding(0.00) offset(0.00)
2215834	2215273	terminal-	6	6	{Augustus_gene557.t1;Augustus}
2216584	2215835	INTRON			{Augustus_gene557.t1;Augustus}
2216667	2216585	initial-	4	5	{Augustus_gene557.t1;Augustus}

# EVM prediction: Mode:STANDARD S-ratio: 10000.00 2217265-2220450 orient(-) score(6372.00) noncoding_equivalent(0.64) raw_noncoding(0.00) offset(0.00)
2220450	2217265	single-	4	6	{Augustus_gene303.t1;Augustus}

# EVM prediction: Mode:STANDARD S-ratio: 10000.00 2223908-2225521 orient(-) score(3228.00) noncoding_equivalent(0.32) raw_noncoding(0.00) offset(0.00)
2225521	2223908	single-	4	6	{Augustus_gene786.t1;Augustus}

# EVM prediction: Mode:STANDARD S-ratio: 10000.00 2225780-2226865 orient(-) score(2172.00) noncoding_equivalent(0.22) raw_noncoding(0.00) offset(0.00)
2226865	2225780	single-	4	6	{Augustus_gene83.t1;Augustus}

