!! Predictions spanning range 10785 - 95518 [R1]
# EVM prediction: Mode:STANDARD S-ratio: 10000.00 10785-12176 orient(-) score(6156.00) noncoding_equivalent(0.62) raw_noncoding(0.00) offset(0.00) 
12176	10785	single-	4	6	{Augustus_gene635.t1;Augustus}

# EVM prediction: Mode:STANDARD S-ratio: 10000.00 27331-28428 orient(+) score(3961.00) noncoding_equivalent(0.40) raw_noncoding(0.00) offset(0.00) 
27331	28428	single+	1	3	{Augustus_gene600.t1;Augustus}

# EVM prediction: Mode:STANDARD S-ratio: 10000.00 38989-41163 orient(-) score(7437.00) noncoding_equivalent(0.74) raw_noncoding(0.00) offset(0.00) 
41163	38989	single-	4	6	{Augustus_gene188.t1;Augustus}

# EVM prediction: Mode:STANDARD S-ratio: 10000.00 41819-43153 orient(+) score(5511.00) noncoding_equivalent(0.55) raw_noncoding(0.00) offset(0.00) 
41819	42050	initial+	1	1	{Augustus_gene222.t1;Augustus}
42051	42182	INTRON			{Augustus_gene222.t1;Augustus}
42183	43153	terminal+	2	3	{Augustus_gene222.t1;Augustus}

# EVM prediction: Mode:STANDARD S-ratio: 10000.00 47276-48796 orient(+) score(4563.00) noncoding_equivalent(0.46) raw_noncoding(0.00) offset(0.00) 
47276	48796	single+	1	3	{Augustus_gene123.t1;Augustus}

# EVM prediction: Mode:STANDARD S-ratio: 10000.00 53143-58953 orient(-) score(27700.00) noncoding_equivalent(2.77) raw_noncoding(0.00) offset(0.00) 
58953	53143	single-	4	6	{Augustus_gene1165.t1;Augustus}

# EVM prediction: Mode:STANDARD S-ratio: 10000.00 63439-65496 orient(+) score(6174.00) noncoding_equivalent(0.62) raw_noncoding(0.00) offset(0.00) 
63439	65496	single+	1	3	{Augustus_gene998.t1;Augustus}

# EVM prediction: Mode:STANDARD S-ratio: 10000.00 68320-69063 orient(-) score(2976.00) noncoding_equivalent(0.30) raw_noncoding(0.00) offset(0.00) 
69063	68320	single-	4	6	{Augustus_gene535.t1;Augustus}

# EVM prediction: Mode:STANDARD S-ratio: 10000.00 69579-71687 orient(+) score(8193.00) noncoding_equivalent(0.82) raw_noncoding(0.00) offset(0.00) 
69579	71687	single+	1	3	{Augustus_gene283.t1;Augustus}

# EVM prediction: Mode:STANDARD S-ratio: 10000.00 76535-80899 orient(+) score(17577.00) noncoding_equivalent(1.76) raw_noncoding(0.00) offset(0.00) 
76535	80899	single+	1	3	{Augustus_gene678.t1;Augustus}

# EVM prediction: Mode:STANDARD S-ratio: 10000.00 87057-87596 orient(-) score(1620.00) noncoding_equivalent(0.16) raw_noncoding(0.00) offset(0.00) 
87596	87057	single-	4	6	{Augustus_gene54.t1;Augustus}

# EVM prediction: Mode:STANDARD S-ratio: 10000.00 91537-93177 orient(+) score(3282.00) noncoding_equivalent(0.33) raw_noncoding(0.00) offset(0.00) 
91537	93177	single+	1	3	{Augustus_gene1161.t1;Augustus}

# EVM prediction: Mode:STANDARD S-ratio: 10000.00 93518-95518 orient(+) score(7963.00) noncoding_equivalent(0.80) raw_noncoding(0.00) offset(0.00) 
93518	95518	single+	1	3	{Augustus_gene304.t1;Augustus}

