!! Predictions spanning range 21315 - 87587 [R1]
# EVM prediction: Mode:STANDARD S-ratio: 10000.00 21315-23459 orient(+) score(4290.00) noncoding_equivalent(0.43) raw_noncoding(0.00) offset(0.00) 
21315	23459	single+	1	3	{Augustus_gene4.t1;Augustus}

# EVM prediction: Mode:STANDARD S-ratio: 10000.00 24493-25257 orient(-) score(1530.00) noncoding_equivalent(0.15) raw_noncoding(0.00) offset(0.00) 
25257	24493	single-	4	6	{Augustus_gene382.t1;Augustus}

# EVM prediction: Mode:STANDARD S-ratio: 10000.00 25522-30376 orient(-) score(9708.00) noncoding_equivalent(0.97) raw_noncoding(0.00) offset(0.00) 
26014	25522	terminal-	6	6	{Augustus_gene406.t1;Augustus}
26320	26015	INTRON			{Augustus_gene406.t1;Augustus}
26336	26321	internal-	5	5	{Augustus_gene406.t1;Augustus}
27443	26337	INTRON			{Augustus_gene406.t1;Augustus}
27478	27444	internal-	6	4	{Augustus_gene406.t1;Augustus}
28126	27479	INTRON			{Augustus_gene406.t1;Augustus}
28140	28127	internal-	4	5	{Augustus_gene406.t1;Augustus}
28594	28141	INTRON			{Augustus_gene406.t1;Augustus}
28609	28595	internal-	4	6	{Augustus_gene406.t1;Augustus}
28777	28610	INTRON			{Augustus_gene406.t1;Augustus}
28902	28778	internal-	5	6	{Augustus_gene406.t1;Augustus}
29138	28903	INTRON			{Augustus_gene406.t1;Augustus}
29182	29139	internal-	6	4	{Augustus_gene406.t1;Augustus}
29349	29183	INTRON			{Augustus_gene406.t1;Augustus}
29394	29350	internal-	6	5	{Augustus_gene406.t1;Augustus}
29533	29395	INTRON			{Augustus_gene406.t1;Augustus}
29591	29534	internal-	5	5	{Augustus_gene406.t1;Augustus}
29906	29592	INTRON			{Augustus_gene406.t1;Augustus}
30001	29907	internal-	6	4	{Augustus_gene406.t1;Augustus}
30246	30002	INTRON			{Augustus_gene406.t1;Augustus}
30281	30247	internal-	4	5	{Augustus_gene406.t1;Augustus}
30322	30282	INTRON			{Augustus_gene406.t1;Augustus}
30376	30323	initial-	4	6	{Augustus_gene406.t1;Augustus}

# EVM prediction: Mode:STANDARD S-ratio: 10000.00 34070-35152 orient(-) score(2166.00) noncoding_equivalent(0.22) raw_noncoding(0.00) offset(0.00) 
35152	34070	single-	4	6	{Augustus_gene706.t1;Augustus}

# EVM prediction: Mode:STANDARD S-ratio: 10000.00 46367-49570 orient(+) score(6408.00) noncoding_equivalent(0.64) raw_noncoding(0.00) offset(0.00) 
46367	49570	single+	1	3	{Augustus_gene580.t1;Augustus}

# EVM prediction: Mode:STANDARD S-ratio: 10000.00 60201-61070 orient(-) score(1740.00) noncoding_equivalent(0.17) raw_noncoding(0.00) offset(0.00) 
61070	60201	single-	4	6	{Augustus_gene988.t1;Augustus}

# EVM prediction: Mode:STANDARD S-ratio: 10000.00 61273-62766 orient(-) score(2988.00) noncoding_equivalent(0.30) raw_noncoding(0.00) offset(0.00) 
62766	61273	single-	4	6	{Augustus_gene727.t1;Augustus}

# EVM prediction: Mode:STANDARD S-ratio: 10000.00 65016-68105 orient(-) score(6180.00) noncoding_equivalent(0.62) raw_noncoding(0.00) offset(0.00) 
68105	65016	single-	4	6	{Augustus_gene1121.t1;Augustus}

# EVM prediction: Mode:STANDARD S-ratio: 10000.00 68709-71261 orient(-) score(5104.00) noncoding_equivalent(0.51) raw_noncoding(0.00) offset(0.00) 
71261	68709	single-	4	6	{Augustus_gene605.t1;Augustus}

# EVM prediction: Mode:STANDARD S-ratio: 10000.00 73033-75856 orient(-) score(5648.00) noncoding_equivalent(0.56) raw_noncoding(0.00) offset(0.00) 
73036	73033	terminal-	6	6	{Augustus_gene618.t1;Augustus}
74354	73037	INTRON			{Augustus_gene618.t1;Augustus}
75856	74355	initial-	4	5	{Augustus_gene618.t1;Augustus}

# EVM prediction: Mode:STANDARD S-ratio: 10000.00 86040-87587 orient(-) score(3096.00) noncoding_equivalent(0.31) raw_noncoding(0.00) offset(0.00) 
87587	86040	single-	4	6	{Augustus_gene363.t1;Augustus}

