!! Predictions spanning range 3412 - 98846 [R1]
# EVM prediction: Mode:STANDARD S-ratio: 190.33 3412-5133 orient(+) score(5139.00) noncoding_equivalent(27.00) raw_noncoding(27.00) offset(0.00) 
3412	5133	single+	1	3	{GlimmerHMM_glimmerT_5790-T1;GlimmerHMM},{Augustus_model.g5103.t1;Augustus}

# EVM prediction: Mode:STANDARD S-ratio: 129.50 5249-6553 orient(-) score(3885.00) noncoding_equivalent(30.00) raw_noncoding(30.00) offset(0.00) 
6553	5249	single-	4	6	{Augustus_model.g5104.t1;Augustus},{GlimmerHMM_glimmerT_5791-T1;GlimmerHMM}

# EVM prediction: Mode:STANDARD S-ratio: 40.89 6728-9191 orient(-) score(7077.00) noncoding_equivalent(173.09) raw_noncoding(456.00) offset(282.92) 
9042	6728	terminal-	5	6	{snap_scaffold_8-snap.222-T1;snap}
9184	9043	INTRON			{snap_scaffold_8-snap.222-T1;snap}
9191	9185	initial-	4	4	{snap_scaffold_8-snap.222-T1;snap}

# EVM prediction: Mode:STANDARD S-ratio: 16.90 9193-10713 orient(-) score(4309.00) noncoding_equivalent(254.99) raw_noncoding(254.99) offset(0.00) 
10713	9193	single-	4	6	{GlimmerHMM_glimmerT_5793-T1;GlimmerHMM}

# EVM prediction: Mode:STANDARD S-ratio: 1.93 11273-12400 orient(-) score(2220.00) noncoding_equivalent(1148.42) raw_noncoding(1148.42) offset(0.00) 
12400	11273	single-	4	6	{GlimmerHMM_glimmerT_5794-T1;GlimmerHMM}

# EVM prediction: Mode:STANDARD S-ratio: 10000.00 12586-14340 orient(+) score(5265.00) noncoding_equivalent(0.53) raw_noncoding(0.00) offset(0.00) 
12586	14340	single+	1	3	{Augustus_model.g5106.t1;Augustus},{GlimmerHMM_glimmerT_5795-T1;GlimmerHMM}

# EVM prediction: Mode:STANDARD S-ratio: 44.45 14348-17710 orient(-) score(9867.00) noncoding_equivalent(222.00) raw_noncoding(222.00) offset(0.00) 
17710	14348	single-	4	6	{Augustus_model.g5107.t1;Augustus},{GlimmerHMM_glimmerT_5796-T1;GlimmerHMM}

# EVM prediction: Mode:STANDARD S-ratio: 49.77 18090-22049 orient(+) score(11646.00) noncoding_equivalent(234.00) raw_noncoding(234.00) offset(0.00) 
18090	22049	single+	1	3	{GlimmerHMM_glimmerT_5797-T1;GlimmerHMM},{Augustus_model.g5108.t1;Augustus}

# EVM prediction: Mode:STANDARD S-ratio: 10000.00 22101-22583 orient(-) score(1449.00) noncoding_equivalent(0.14) raw_noncoding(0.00) offset(0.00) 
22583	22101	single-	4	6	{Augustus_model.g5109.t1;Augustus},{GlimmerHMM_glimmerT_5798-T1;GlimmerHMM}

# EVM prediction: Mode:STANDARD S-ratio: 3.19 23587-26172 orient(+) score(7686.00) noncoding_equivalent(2406.62) raw_noncoding(2406.62) offset(0.00) 
23587	26172	single+	1	3	{Augustus_model.g5110.t1;Augustus},{GlimmerHMM_glimmerT_5799-T1;GlimmerHMM}

# EVM prediction: Mode:STANDARD S-ratio: 2.01 26372-27406 orient(-) score(2070.00) noncoding_equivalent(1029.15) raw_noncoding(1029.15) offset(0.00) 
27406	26372	single-	4	6	{Augustus_model.g5111.t1;Augustus},{GlimmerHMM_glimmerT_5800-T1;GlimmerHMM}

# EVM prediction: Mode:STANDARD S-ratio: 14.35 28010-28528 orient(+) score(1454.00) noncoding_equivalent(101.32) raw_noncoding(101.32) offset(0.00) 
28010	28528	single+	1	3	{GlimmerHMM_glimmerT_5801-T1;GlimmerHMM},{Augustus_model.g5112.t1;Augustus}

# EVM prediction: Mode:STANDARD S-ratio: 3.00 28745-29356 orient(+) score(1377.00) noncoding_equivalent(458.90) raw_noncoding(458.90) offset(0.00) 
28745	29356	single+	1	3	{GlimmerHMM_glimmerT_5802-T1;GlimmerHMM}

# EVM prediction: Mode:STANDARD S-ratio: 2.00 29498-30100 orient(+) score(1206.00) noncoding_equivalent(603.00) raw_noncoding(603.00) offset(0.00) 
29498	30100	single+	1	3	{GlimmerHMM_glimmerT_5803-T1;GlimmerHMM}

# EVM prediction: Mode:STANDARD S-ratio: 26.88 30102-32387 orient(-) score(6612.00) noncoding_equivalent(246.00) raw_noncoding(246.00) offset(0.00) 
32387	30102	single-	4	6	{Augustus_model.g5114.t1;Augustus},{GlimmerHMM_glimmerT_5804-T1;GlimmerHMM}

# EVM prediction: Mode:STANDARD S-ratio: 1013.60 32700-37772 orient(-) score(15204.00) noncoding_equivalent(15.00) raw_noncoding(15.00) offset(0.00) 
37772	32700	single-	4	6	{GlimmerHMM_glimmerT_5805-T1;GlimmerHMM},{Augustus_model.g5115.t1;Augustus}

# EVM prediction: Mode:STANDARD S-ratio: 28.00 39562-41481 orient(+) score(5630.00) noncoding_equivalent(201.06) raw_noncoding(278.13) offset(77.08) 
39562	39616	initial+	1	1	{Augustus_model.g5116.t1;Augustus},{GlimmerHMM_glimmerT_5806-T1;GlimmerHMM}
39617	39691	INTRON			{Augustus_model.g5116.t1;Augustus},{GlimmerHMM_glimmerT_5806-T1;GlimmerHMM}
39692	41481	terminal+	2	3	{snap_scaffold_8-snap.233-T1;snap},{Augustus_model.g5116.t1;Augustus},{GlimmerHMM_glimmerT_5806-T1;GlimmerHMM}

# EVM prediction: Mode:STANDARD S-ratio: 10000.00 41607-42854 orient(-) score(3744.00) noncoding_equivalent(0.37) raw_noncoding(0.00) offset(0.00) 
42854	41607	single-	4	6	{GlimmerHMM_glimmerT_5807-T1;GlimmerHMM},{Augustus_model.g5117.t1;Augustus}

# EVM prediction: Mode:STANDARD S-ratio: 87.01 45478-46158 orient(+) score(2018.00) noncoding_equivalent(23.19) raw_noncoding(23.19) offset(0.00) 
45478	46158	single+	1	3	{Augustus_model.g5118.t1;Augustus},{GlimmerHMM_glimmerT_5808-T1;GlimmerHMM}

# EVM prediction: Mode:STANDARD S-ratio: 10000.00 46794-47996 orient(+) score(3609.00) noncoding_equivalent(0.36) raw_noncoding(0.00) offset(0.00) 
46794	47996	single+	1	3	{Augustus_model.g5119.t1;Augustus},{GlimmerHMM_glimmerT_5809-T1;GlimmerHMM}

# EVM prediction: Mode:STANDARD S-ratio: 2.00 48065-48643 orient(-) score(1158.00) noncoding_equivalent(579.00) raw_noncoding(579.00) offset(0.00) 
48643	48065	single-	4	6	{Augustus_model.g5120.t1;Augustus},{GlimmerHMM_glimmerT_5810-T1;GlimmerHMM}

# EVM prediction: Mode:STANDARD S-ratio: 36.56 49341-51512 orient(+) score(6341.00) noncoding_equivalent(173.45) raw_noncoding(173.45) offset(0.00) 
49341	51512	single+	1	3	{GlimmerHMM_glimmerT_5812-T1;GlimmerHMM},{Augustus_model.g5121.t1;Augustus}

# EVM prediction: Mode:STANDARD S-ratio: 24.16 52298-54385 orient(+) score(6015.00) noncoding_equivalent(249.00) raw_noncoding(249.00) offset(0.00) 
52298	54385	single+	1	3	{GlimmerHMM_glimmerT_5813-T1;GlimmerHMM},{Augustus_model.g5122.t1;Augustus}

# EVM prediction: Mode:STANDARD S-ratio: 604.29 55122-57359 orient(+) score(6701.00) noncoding_equivalent(11.09) raw_noncoding(11.09) offset(0.00) 
55122	57359	single+	1	3	{GlimmerHMM_glimmerT_5814-T1;GlimmerHMM},{Augustus_model.g5123.t1;Augustus}

# EVM prediction: Mode:STANDARD S-ratio: 10000.00 57921-60194 orient(+) score(6822.00) noncoding_equivalent(0.68) raw_noncoding(0.00) offset(0.00) 
57921	60194	single+	1	3	{GlimmerHMM_glimmerT_5815-T1;GlimmerHMM},{Augustus_model.g5124.t1;Augustus}

# EVM prediction: Mode:STANDARD S-ratio: 5.35 61394-62025 orient(-) score(1458.00) noncoding_equivalent(272.50) raw_noncoding(594.22) offset(321.72) 
61814	61394	terminal-	6	6	{Augustus_model.g5125.t1;Augustus}
61978	61815	INTRON			{Augustus_model.g5125.t1;Augustus}
62025	61979	initial-	4	5	{Augustus_model.g5125.t1;Augustus}

# EVM prediction: Mode:STANDARD S-ratio: 10.26 63435-64121 orient(-) score(1878.00) noncoding_equivalent(183.00) raw_noncoding(183.00) offset(0.00) 
64121	63435	single-	4	6	{GlimmerHMM_glimmerT_5817-T1;GlimmerHMM},{Augustus_model.g5126.t1;Augustus}

# EVM prediction: Mode:STANDARD S-ratio: 10000.00 65611-66768 orient(+) score(3468.00) noncoding_equivalent(0.35) raw_noncoding(0.00) offset(0.00) 
65611	66768	single+	1	3	{Augustus_model.g5127.t1;Augustus},{GlimmerHMM_glimmerT_5818-T1;GlimmerHMM}

# EVM prediction: Mode:STANDARD S-ratio: 48.52 67006-70323 orient(-) score(9753.00) noncoding_equivalent(201.00) raw_noncoding(201.00) offset(0.00) 
70323	67006	single-	4	6	{GlimmerHMM_glimmerT_5819-T1;GlimmerHMM}

# EVM prediction: Mode:STANDARD S-ratio: 65.58 73277-75439 orient(+) score(6390.00) noncoding_equivalent(97.43) raw_noncoding(97.43) offset(0.00) 
73277	75439	single+	1	3	{GlimmerHMM_glimmerT_5820-T1;GlimmerHMM},{Augustus_model.g5129.t1;Augustus}

# EVM prediction: Mode:STANDARD S-ratio: 191.99 75589-77268 orient(-) score(5012.00) noncoding_equivalent(26.11) raw_noncoding(26.11) offset(0.00) 
77268	75589	single-	4	6	{GlimmerHMM_glimmerT_5821-T1;GlimmerHMM},{Augustus_model.g5130.t1;Augustus}

# EVM prediction: Mode:STANDARD S-ratio: 24.44 78439-79125 orient(-) score(1980.00) noncoding_equivalent(81.00) raw_noncoding(81.00) offset(0.00) 
79125	78439	single-	4	6	{Augustus_model.g5131.t1;Augustus},{GlimmerHMM_glimmerT_5822-T1;GlimmerHMM}

# EVM prediction: Mode:STANDARD S-ratio: 20.95 80680-81790 orient(+) score(3144.00) noncoding_equivalent(150.06) raw_noncoding(180.24) offset(30.17) 
80680	81750	initial+	1	3	{GlimmerHMM_glimmerT_5823-T1;GlimmerHMM}
81751	81784	INTRON			{GlimmerHMM_glimmerT_5823-T1;GlimmerHMM}
81785	81790	terminal+	1	3	{GlimmerHMM_glimmerT_5823-T1;GlimmerHMM}

# EVM prediction: Mode:STANDARD S-ratio: 2.37 81873-82424 orient(+) score(1164.00) noncoding_equivalent(491.28) raw_noncoding(491.28) offset(0.00) 
81873	82424	single+	1	3	{GlimmerHMM_glimmerT_5824-T1;GlimmerHMM}

# EVM prediction: Mode:STANDARD S-ratio: 640.43 83476-85191 orient(-) score(5138.00) noncoding_equivalent(8.02) raw_noncoding(8.02) offset(0.00) 
85191	83476	single-	4	6	{Augustus_model.g5133.t1;Augustus},{GlimmerHMM_glimmerT_5825-T1;GlimmerHMM}

# EVM prediction: Mode:STANDARD S-ratio: 9.78 86697-92085 orient(-) score(13991.00) noncoding_equivalent(1431.01) raw_noncoding(2861.42) offset(1430.41) 
91327	86697	terminal-	5	6	{snap_scaffold_8-snap.251-T1;snap},{GlimmerHMM_glimmerT_5826-T1;GlimmerHMM}
91818	91328	INTRON			{snap_scaffold_8-snap.251-T1;snap}
91824	91819	internal-	5	4	{snap_scaffold_8-snap.251-T1;snap}
92078	91825	INTRON			{snap_scaffold_8-snap.251-T1;snap}
92085	92079	initial-	4	4	{snap_scaffold_8-snap.251-T1;snap}

# EVM prediction: Mode:STANDARD S-ratio: 40.80 97464-98846 orient(-) score(4048.00) noncoding_equivalent(99.22) raw_noncoding(99.22) offset(0.00) 
98846	97464	single-	4	6	{Augustus_model.g5135.t1;Augustus}

