!! Predictions spanning range 1731 - 98561 [R1]
# EVM prediction: Mode:STANDARD S-ratio: 112.80 1731-3437 orient(-) score(5076.00) noncoding_equivalent(45.00) raw_noncoding(45.00) offset(0.00) 
3437	1731	single-	4	6	{GlimmerHMM_glimmerT_947-T1;GlimmerHMM}

# EVM prediction: Mode:STANDARD S-ratio: 5.00 3770-5797 orient(+) score(10140.00) noncoding_equivalent(2028.00) raw_noncoding(2028.00) offset(0.00) 
3770	5797	single+	1	3	{HiQ_model.g880.t1;HiQ},{GlimmerHMM_glimmerT_948-T1;GlimmerHMM}

# EVM prediction: Mode:STANDARD S-ratio: 3.91 5909-7822 orient(-) score(9144.00) noncoding_equivalent(2340.00) raw_noncoding(2340.00) offset(0.00) 
7822	5909	single-	4	6	{GlimmerHMM_glimmerT_949-T1;GlimmerHMM},{HiQ_model.g881.t1;HiQ}

# EVM prediction: Mode:STANDARD S-ratio: 6.00 9482-11278 orient(-) score(10779.00) noncoding_equivalent(1797.00) raw_noncoding(1797.00) offset(0.00) 
11278	9482	single-	4	6	{GlimmerHMM_glimmerT_950-T1;GlimmerHMM},{HiQ_model.g882.t1;HiQ}

# EVM prediction: Mode:STANDARD S-ratio: 10000.00 14773-16545 orient(+) score(7092.00) noncoding_equivalent(0.71) raw_noncoding(0.00) offset(0.00) 
14773	16545	single+	1	3	{GlimmerHMM_glimmerT_951-T1;GlimmerHMM},{Augustus_model.g883.t1;Augustus}

# EVM prediction: Mode:STANDARD S-ratio: 2.00 16677-17591 orient(-) score(3660.00) noncoding_equivalent(1830.00) raw_noncoding(1830.00) offset(0.00) 
17591	16677	single-	4	6	{HiQ_model.g884.t1;HiQ},{GlimmerHMM_glimmerT_952-T1;GlimmerHMM}

# EVM prediction: Mode:STANDARD S-ratio: 75.89 18217-19254 orient(+) score(4098.00) noncoding_equivalent(54.00) raw_noncoding(54.00) offset(0.00) 
18217	19254	single+	1	3	{Augustus_model.g885.t1;Augustus},{GlimmerHMM_glimmerT_953-T1;GlimmerHMM}

# EVM prediction: Mode:STANDARD S-ratio: 4.93 19379-21622 orient(-) score(11193.00) noncoding_equivalent(2271.00) raw_noncoding(2271.00) offset(0.00) 
21622	19379	single-	4	6	{GlimmerHMM_glimmerT_954-T1;GlimmerHMM},{HiQ_model.g886.t1;HiQ}

# EVM prediction: Mode:STANDARD S-ratio: 181.45 21901-22599 orient(+) score(2779.00) noncoding_equivalent(15.32) raw_noncoding(15.32) offset(0.00) 
21901	22599	single+	1	3	{Augustus_model.g887.t1;Augustus},{GlimmerHMM_glimmerT_955-T1;GlimmerHMM}

# EVM prediction: Mode:STANDARD S-ratio: 10000.00 22727-23371 orient(+) score(2580.00) noncoding_equivalent(0.26) raw_noncoding(0.00) offset(0.00) 
22727	23371	single+	1	3	{Augustus_model.g888.t1;Augustus},{GlimmerHMM_glimmerT_956-T1;GlimmerHMM}

# EVM prediction: Mode:STANDARD S-ratio: 2.00 23477-24418 orient(-) score(3768.00) noncoding_equivalent(1881.50) raw_noncoding(1881.50) offset(0.00) 
24418	23477	single-	4	6	{HiQ_model.g889.t1;HiQ},{GlimmerHMM_glimmerT_957-T1;GlimmerHMM}

# EVM prediction: Mode:STANDARD S-ratio: 211.43 24554-26794 orient(+) score(8880.00) noncoding_equivalent(42.00) raw_noncoding(42.00) offset(0.00) 
24554	26794	single+	1	3	{GlimmerHMM_glimmerT_958-T1;GlimmerHMM}

# EVM prediction: Mode:STANDARD S-ratio: 5.00 26941-29190 orient(-) score(11250.00) noncoding_equivalent(2250.00) raw_noncoding(2250.00) offset(0.00) 
29190	26941	single-	4	6	{GlimmerHMM_glimmerT_959-T1;GlimmerHMM},{HiQ_model.g891.t1;HiQ}

# EVM prediction: Mode:STANDARD S-ratio: 3.02 29535-30422 orient(+) score(2664.00) noncoding_equivalent(881.76) raw_noncoding(881.76) offset(0.00) 
29535	30422	single+	1	3	{GlimmerHMM_glimmerT_960-T1;GlimmerHMM},{Augustus_model.g892.t1;Augustus}

# EVM prediction: Mode:STANDARD S-ratio: 99.31 30775-31752 orient(+) score(3873.00) noncoding_equivalent(39.00) raw_noncoding(39.00) offset(0.00) 
30775	31752	single+	1	3	{Augustus_model.g893.t1;Augustus},{GlimmerHMM_glimmerT_961-T1;GlimmerHMM}

# EVM prediction: Mode:STANDARD S-ratio: 3.00 32035-33087 orient(+) score(3159.00) noncoding_equivalent(1053.00) raw_noncoding(1053.00) offset(0.00) 
32035	33087	single+	1	3	{Augustus_model.g894.t1;Augustus},{GlimmerHMM_glimmerT_962-T1;GlimmerHMM}

# EVM prediction: Mode:STANDARD S-ratio: 4.80 33221-36781 orient(-) score(17680.00) noncoding_equivalent(3684.37) raw_noncoding(3684.37) offset(0.00) 
36781	33221	single-	4	6	{HiQ_model.g895.t1;HiQ},{GlimmerHMM_glimmerT_963-T1;GlimmerHMM}

# EVM prediction: Mode:STANDARD S-ratio: 10000.00 37709-39736 orient(+) score(8112.00) noncoding_equivalent(0.81) raw_noncoding(0.00) offset(0.00) 
37709	39736	single+	1	3	{GlimmerHMM_glimmerT_964-T1;GlimmerHMM},{Augustus_model.g896.t1;Augustus}

# EVM prediction: Mode:STANDARD S-ratio: 10000.00 40198-40830 orient(-) score(1899.00) noncoding_equivalent(0.19) raw_noncoding(0.00) offset(0.00) 
40830	40198	single-	4	6	{Augustus_model.g897.t1;Augustus},{GlimmerHMM_glimmerT_965-T1;GlimmerHMM}

# EVM prediction: Mode:STANDARD S-ratio: 4.46 41125-42843 orient(-) score(8423.00) noncoding_equivalent(1889.92) raw_noncoding(1889.92) offset(0.00) 
42843	41125	single-	4	6	{GlimmerHMM_glimmerT_966-T1;GlimmerHMM},{HiQ_model.g898.t1;HiQ}

# EVM prediction: Mode:STANDARD S-ratio: 10000.00 43434-44471 orient(+) score(4152.00) noncoding_equivalent(0.42) raw_noncoding(0.00) offset(0.00) 
43434	44471	single+	1	3	{Augustus_model.g899.t1;Augustus},{GlimmerHMM_glimmerT_967-T1;GlimmerHMM}

# EVM prediction: Mode:STANDARD S-ratio: 10000.00 45128-46969 orient(+) score(7368.00) noncoding_equivalent(0.74) raw_noncoding(0.00) offset(0.00) 
45128	46969	single+	1	3	{Augustus_model.g900.t1;Augustus},{GlimmerHMM_glimmerT_968-T1;GlimmerHMM}

# EVM prediction: Mode:STANDARD S-ratio: 4.92 47507-52453 orient(-) score(24672.00) noncoding_equivalent(5010.00) raw_noncoding(5010.00) offset(0.00) 
52453	47507	single-	4	6	{HiQ_model.g901.t1;HiQ},{GlimmerHMM_glimmerT_969-T1;GlimmerHMM}

# EVM prediction: Mode:STANDARD S-ratio: 3.00 52796-53347 orient(+) score(1656.00) noncoding_equivalent(552.00) raw_noncoding(552.00) offset(0.00) 
52796	53347	single+	1	3	{GlimmerHMM_glimmerT_970-T1;GlimmerHMM},{Augustus_model.g902.t1;Augustus}

# EVM prediction: Mode:STANDARD S-ratio: 5.00 53553-54329 orient(-) score(3885.00) noncoding_equivalent(777.00) raw_noncoding(777.00) offset(0.00) 
54329	53553	single-	4	6	{GlimmerHMM_glimmerT_971-T1;GlimmerHMM},{HiQ_model.g903.t1;HiQ}

# EVM prediction: Mode:STANDARD S-ratio: 5.60 55795-56768 orient(+) score(4469.00) noncoding_equivalent(798.00) raw_noncoding(1176.00) offset(378.00) 
55795	55938	initial+	1	3	{Augustus_model.g904.t1;Augustus},{GlimmerHMM_glimmerT_972-T1;GlimmerHMM}
55939	56339	INTRON			{Augustus_model.g904.t1;Augustus},{GlimmerHMM_glimmerT_972-T1;GlimmerHMM},{ev_type:exonerate/ID=match.133146.6492/Target=YNL096C;exonerate},{ev_type:exonerate/ID=match.133146.2656/Target=YOR096W;exonerate}
56340	56768	terminal+	1	3	{Augustus_model.g904.t1;Augustus},{snap_scaffold_2-snap.201-T1;snap},{GlimmerHMM_glimmerT_972-T1;GlimmerHMM}

# EVM prediction: Mode:STANDARD S-ratio: 2.00 56979-57506 orient(-) score(2112.00) noncoding_equivalent(1056.00) raw_noncoding(1056.00) offset(0.00) 
57506	56979	single-	4	6	{GlimmerHMM_glimmerT_973-T1;GlimmerHMM},{HiQ_model.g905.t1;HiQ}

# EVM prediction: Mode:STANDARD S-ratio: 4.79 57949-61179 orient(-) score(16037.00) noncoding_equivalent(3347.75) raw_noncoding(3347.75) offset(0.00) 
61179	57949	single-	4	6	{HiQ_model.g906.t1;HiQ},{GlimmerHMM_glimmerT_974-T1;GlimmerHMM}

# EVM prediction: Mode:STANDARD S-ratio: 3.00 61826-63007 orient(+) score(3546.00) noncoding_equivalent(1182.00) raw_noncoding(1182.00) offset(0.00) 
61826	63007	single+	1	3	{Augustus_model.g907.t1;Augustus},{GlimmerHMM_glimmerT_975-T1;GlimmerHMM}

# EVM prediction: Mode:STANDARD S-ratio: 4.95 63296-64279 orient(-) score(4910.00) noncoding_equivalent(992.04) raw_noncoding(992.04) offset(0.00) 
64279	63296	single-	4	6	{GlimmerHMM_glimmerT_976-T1;GlimmerHMM},{HiQ_model.g908.t1;HiQ}

# EVM prediction: Mode:STANDARD S-ratio: 113.92 65245-66174 orient(+) score(2764.00) noncoding_equivalent(24.26) raw_noncoding(24.26) offset(0.00) 
65245	66174	single+	1	3	{Augustus_model.g909.t1;Augustus},{GlimmerHMM_glimmerT_977-T1;GlimmerHMM}

# EVM prediction: Mode:STANDARD S-ratio: 10000.00 67955-68491 orient(+) score(2444.00) noncoding_equivalent(0.24) raw_noncoding(0.00) offset(0.00) 
67955	68491	single+	1	3	{GlimmerHMM_glimmerT_978-T1;GlimmerHMM},{Augustus_model.g910.t1;Augustus}

# EVM prediction: Mode:STANDARD S-ratio: 51.37 69122-69973 orient(+) score(3343.00) noncoding_equivalent(65.08) raw_noncoding(65.08) offset(0.00) 
69122	69973	single+	1	3	{GlimmerHMM_glimmerT_979-T1;GlimmerHMM}

# EVM prediction: Mode:STANDARD S-ratio: 6.94 71354-72283 orient(+) score(3249.00) noncoding_equivalent(468.15) raw_noncoding(468.15) offset(0.00) 
71354	72283	single+	1	3	{GlimmerHMM_glimmerT_980-T1;GlimmerHMM}

# EVM prediction: Mode:STANDARD S-ratio: 32.25 72746-74842 orient(+) score(9352.00) noncoding_equivalent(290.02) raw_noncoding(787.59) offset(497.57) 
72746	72753	initial+	1	2	{snap_scaffold_2-snap.208-T1;snap}
72754	73017	INTRON			{snap_scaffold_2-snap.208-T1;snap}
73018	74842	terminal+	3	3	{snap_scaffold_2-snap.208-T1;snap}

# EVM prediction: Mode:STANDARD S-ratio: 10000.00 75279-78602 orient(+) score(9972.00) noncoding_equivalent(1.00) raw_noncoding(0.00) offset(0.00) 
75279	78602	single+	1	3	{GlimmerHMM_glimmerT_982-T1;GlimmerHMM},{Augustus_model.g912.t1;Augustus}

# EVM prediction: Mode:STANDARD S-ratio: 88.07 78942-80249 orient(+) score(5172.00) noncoding_equivalent(58.73) raw_noncoding(58.73) offset(0.00) 
78942	80249	single+	1	3	{GlimmerHMM_glimmerT_983-T1;GlimmerHMM},{Augustus_model.g913.t1;Augustus}

# EVM prediction: Mode:STANDARD S-ratio: 52.26 80430-81128 orient(+) score(2742.00) noncoding_equivalent(52.47) raw_noncoding(52.47) offset(0.00) 
80430	81128	single+	1	3	{Augustus_model.g914.t1;Augustus},{GlimmerHMM_glimmerT_984-T1;GlimmerHMM}

# EVM prediction: Mode:STANDARD S-ratio: 10000.00 81509-83794 orient(+) score(9144.00) noncoding_equivalent(0.91) raw_noncoding(0.00) offset(0.00) 
81509	83794	single+	1	3	{Augustus_model.g915.t1;Augustus},{GlimmerHMM_glimmerT_985-T1;GlimmerHMM}

# EVM prediction: Mode:STANDARD S-ratio: 38.35 84076-86820 orient(+) score(10701.00) noncoding_equivalent(279.00) raw_noncoding(279.00) offset(0.00) 
84076	86820	single+	1	3	{GlimmerHMM_glimmerT_986-T1;GlimmerHMM},{Augustus_model.g916.t1;Augustus}

# EVM prediction: Mode:STANDARD S-ratio: 879.83 87571-88455 orient(+) score(3534.00) noncoding_equivalent(4.02) raw_noncoding(4.02) offset(0.00) 
87571	88455	single+	1	3	{Augustus_model.g917.t1;Augustus},{GlimmerHMM_glimmerT_987-T1;GlimmerHMM}

# EVM prediction: Mode:STANDARD S-ratio: 3.59 88660-89466 orient(-) score(3786.00) noncoding_equivalent(1056.00) raw_noncoding(1056.00) offset(0.00) 
89466	88660	single-	4	6	{HiQ_model.g918.t1;HiQ},{GlimmerHMM_glimmerT_988-T1;GlimmerHMM}

# EVM prediction: Mode:STANDARD S-ratio: 241.87 89764-94146 orient(-) score(13093.00) noncoding_equivalent(54.13) raw_noncoding(54.13) offset(0.00) 
94146	89764	single-	4	6	{GlimmerHMM_glimmerT_989-T1;GlimmerHMM},{Augustus_model.g919.t1;Augustus}

# EVM prediction: Mode:STANDARD S-ratio: 1.90 95030-96334 orient(+) score(2563.00) noncoding_equivalent(1352.17) raw_noncoding(1352.17) offset(0.00) 
95030	96334	single+	1	3	{GlimmerHMM_glimmerT_990-T1;GlimmerHMM}

# EVM prediction: Mode:STANDARD S-ratio: 453.40 96858-98561 orient(+) score(6801.00) noncoding_equivalent(15.00) raw_noncoding(15.00) offset(0.00) 
96858	98561	single+	1	3	{GlimmerHMM_glimmerT_991-T1;GlimmerHMM}

