!! Predictions spanning range 2150 - 98100 [R1]
# EVM prediction: Mode:STANDARD S-ratio: 4.64 2150-4399 orient(-) score(11106.00) noncoding_equivalent(2394.00) raw_noncoding(2394.00) offset(0.00) 
4399	2150	single-	4	6	{HiQ_model.g158.t1;HiQ}

# EVM prediction: Mode:STANDARD S-ratio: 4.98 5045-7414 orient(-) score(11844.00) noncoding_equivalent(2376.20) raw_noncoding(2376.20) offset(0.00) 
7414	5045	single-	4	6	{GlimmerHMM_glimmerT_177-T1;GlimmerHMM},{HiQ_model.g159.t1;HiQ}

# EVM prediction: Mode:STANDARD S-ratio: 6.10 7658-9965 orient(+) score(7930.00) noncoding_equivalent(1300.00) raw_noncoding(1788.00) offset(488.00) 
7658	8433	initial+	1	2	{Augustus_model.g160.t1;Augustus},{snap_scaffold_1-snap.146-T1;snap}
8434	9010	INTRON			{Augustus_model.g160.t1;Augustus},{snap_scaffold_1-snap.146-T1;snap}
9011	9965	terminal+	3	3	{Augustus_model.g160.t1;Augustus},{snap_scaffold_1-snap.146-T1;snap}

# EVM prediction: Mode:STANDARD S-ratio: 5.00 10071-12698 orient(-) score(13139.00) noncoding_equivalent(2629.03) raw_noncoding(2629.03) offset(0.00) 
12698	10071	single-	4	6	{GlimmerHMM_glimmerT_180-T1;GlimmerHMM},{HiQ_model.g161.t1;HiQ}

# EVM prediction: Mode:STANDARD S-ratio: 10000.00 13078-13854 orient(+) score(3108.00) noncoding_equivalent(0.31) raw_noncoding(0.00) offset(0.00) 
13078	13854	single+	1	3	{GlimmerHMM_glimmerT_181-T1;GlimmerHMM},{Augustus_model.g162.t1;Augustus}

# EVM prediction: Mode:STANDARD S-ratio: 716.73 14404-15231 orient(+) score(3308.00) noncoding_equivalent(4.62) raw_noncoding(4.62) offset(0.00) 
14404	15231	single+	1	3	{Augustus_model.g163.t1;Augustus}

# EVM prediction: Mode:STANDARD S-ratio: 85.74 15735-16970 orient(+) score(4887.00) noncoding_equivalent(57.00) raw_noncoding(57.00) offset(0.00) 
15735	16970	single+	1	3	{Augustus_model.g164.t1;Augustus},{GlimmerHMM_glimmerT_183-T1;GlimmerHMM}

# EVM prediction: Mode:STANDARD S-ratio: 187.47 18181-19641 orient(+) score(5813.00) noncoding_equivalent(31.01) raw_noncoding(31.01) offset(0.00) 
18181	19641	single+	1	3	{GlimmerHMM_glimmerT_184-T1;GlimmerHMM}

# EVM prediction: Mode:STANDARD S-ratio: 1.92 20472-20789 orient(+) score(835.00) noncoding_equivalent(435.25) raw_noncoding(435.25) offset(0.00) 
20472	20789	single+	1	3	{GlimmerHMM_glimmerT_185-T1;GlimmerHMM}

# EVM prediction: Mode:STANDARD S-ratio: 1.00 21161-21346 orient(+) score(372.00) noncoding_equivalent(372.00) raw_noncoding(372.00) offset(0.00) 
21161	21346	single+	1	3	{GlimmerHMM_glimmerT_186-T1;GlimmerHMM}

# EVM prediction: Mode:STANDARD S-ratio: 10000.00 21769-23217 orient(-) score(4347.00) noncoding_equivalent(0.43) raw_noncoding(0.00) offset(0.00) 
23217	21769	single-	4	6	{GlimmerHMM_glimmerT_187-T1;GlimmerHMM},{Augustus_model.g166.t1;Augustus}

# EVM prediction: Mode:STANDARD S-ratio: 4.79 23657-24991 orient(-) score(6627.00) noncoding_equivalent(1383.20) raw_noncoding(1383.20) offset(0.00) 
24991	23657	single-	4	6	{GlimmerHMM_glimmerT_188-T1;GlimmerHMM},{HiQ_model.g167.t1;HiQ}

# EVM prediction: Mode:STANDARD S-ratio: 4.57 25942-28962 orient(-) score(14875.00) noncoding_equivalent(3252.42) raw_noncoding(3252.42) offset(0.00) 
28962	25942	single-	4	6	{HiQ_model.g168.t1;HiQ},{GlimmerHMM_glimmerT_189-T1;GlimmerHMM}

# EVM prediction: Mode:STANDARD S-ratio: 4.72 29980-31128 orient(-) score(5619.00) noncoding_equivalent(1191.00) raw_noncoding(1191.00) offset(0.00) 
31128	29980	single-	4	6	{GlimmerHMM_glimmerT_190-T1;GlimmerHMM},{HiQ_model.g169.t1;HiQ}

# EVM prediction: Mode:STANDARD S-ratio: 4.81 32158-33396 orient(-) score(6154.00) noncoding_equivalent(1280.52) raw_noncoding(1280.52) offset(0.00) 
33396	32158	single-	4	6	{HiQ_model.g170.t1;HiQ},{GlimmerHMM_glimmerT_191-T1;GlimmerHMM}

# EVM prediction: Mode:STANDARD S-ratio: 4.73 34083-34535 orient(-) score(2244.00) noncoding_equivalent(474.00) raw_noncoding(474.00) offset(0.00) 
34535	34083	single-	4	6	{GlimmerHMM_glimmerT_192-T1;GlimmerHMM},{HiQ_model.g171.t1;HiQ}

# EVM prediction: Mode:STANDARD S-ratio: 4.94 35143-37137 orient(-) score(9937.00) noncoding_equivalent(2010.07) raw_noncoding(2010.07) offset(0.00) 
37137	35143	single-	4	6	{GlimmerHMM_glimmerT_193-T1;GlimmerHMM},{HiQ_model.g172.t1;HiQ}

# EVM prediction: Mode:STANDARD S-ratio: 4.87 37521-38900 orient(-) score(6869.00) noncoding_equivalent(1411.14) raw_noncoding(1411.14) offset(0.00) 
38900	37521	single-	4	6	{GlimmerHMM_glimmerT_194-T1;GlimmerHMM},{HiQ_model.g173.t1;HiQ}

# EVM prediction: Mode:STANDARD S-ratio: 1158.40 39460-40647 orient(+) score(4748.00) noncoding_equivalent(4.10) raw_noncoding(4.10) offset(0.00) 
39460	40647	single+	1	3	{Augustus_model.g174.t1;Augustus},{GlimmerHMM_glimmerT_195-T1;GlimmerHMM}

# EVM prediction: Mode:STANDARD S-ratio: 4.85 40961-43618 orient(-) score(13221.00) noncoding_equivalent(2727.00) raw_noncoding(2727.00) offset(0.00) 
43618	40961	single-	4	6	{HiQ_model.g175.t1;HiQ},{GlimmerHMM_glimmerT_196-T1;GlimmerHMM}

# EVM prediction: Mode:STANDARD S-ratio: 5.00 46179-47531 orient(-) score(6765.00) noncoding_equivalent(1353.00) raw_noncoding(1353.00) offset(0.00) 
47531	46179	single-	4	6	{HiQ_model.g176.t1;HiQ},{GlimmerHMM_glimmerT_197-T1;GlimmerHMM}

# EVM prediction: Mode:STANDARD S-ratio: 2.95 47663-48436 orient(-) score(3468.00) noncoding_equivalent(1176.44) raw_noncoding(1176.44) offset(0.00) 
48436	47663	single-	4	6	{HiQ_model.g177.t1;HiQ}

# EVM prediction: Mode:STANDARD S-ratio: 21.67 48807-49826 orient(+) score(2925.00) noncoding_equivalent(135.00) raw_noncoding(135.00) offset(0.00) 
48807	49826	single+	1	3	{GlimmerHMM_glimmerT_199-T1;GlimmerHMM},{Augustus_model.g178.t1;Augustus}

# EVM prediction: Mode:STANDARD S-ratio: 4.57 49998-50804 orient(-) score(3973.00) noncoding_equivalent(870.24) raw_noncoding(870.24) offset(0.00) 
50804	49998	single-	4	6	{GlimmerHMM_glimmerT_200-T1;GlimmerHMM},{HiQ_model.g179.t1;HiQ}

# EVM prediction: Mode:STANDARD S-ratio: 1026.18 51956-53119 orient(+) score(4652.00) noncoding_equivalent(4.53) raw_noncoding(4.53) offset(0.00) 
51956	53119	single+	1	3	{GlimmerHMM_glimmerT_201-T1;GlimmerHMM},{Augustus_model.g180.t1;Augustus}

# EVM prediction: Mode:STANDARD S-ratio: 4.96 53349-54008 orient(-) score(3296.00) noncoding_equivalent(664.04) raw_noncoding(664.04) offset(0.00) 
54008	53349	single-	4	6	{HiQ_model.g181.t1;HiQ},{GlimmerHMM_glimmerT_202-T1;GlimmerHMM}

# EVM prediction: Mode:STANDARD S-ratio: 905.78 54710-55639 orient(+) score(3716.00) noncoding_equivalent(4.10) raw_noncoding(4.10) offset(0.00) 
54710	55639	single+	1	3	{Augustus_model.g182.t1;Augustus},{GlimmerHMM_glimmerT_203-T1;GlimmerHMM}

# EVM prediction: Mode:STANDARD S-ratio: 167.00 56703-58592 orient(+) score(7515.00) noncoding_equivalent(45.00) raw_noncoding(45.00) offset(0.00) 
56703	58592	single+	1	3	{GlimmerHMM_glimmerT_204-T1;GlimmerHMM}

# EVM prediction: Mode:STANDARD S-ratio: 20.95 58996-60729 orient(-) score(4965.00) noncoding_equivalent(237.00) raw_noncoding(237.00) offset(0.00) 
60729	58996	single-	4	6	{Augustus_model.g184.t1;Augustus},{GlimmerHMM_glimmerT_205-T1;GlimmerHMM}

# EVM prediction: Mode:STANDARD S-ratio: 4.50 61035-63062 orient(+) score(9956.00) noncoding_equivalent(2213.36) raw_noncoding(2213.36) offset(0.00) 
61035	63062	single+	1	3	{HiQ_model.g185.t1;HiQ},{GlimmerHMM_glimmerT_206-T1;GlimmerHMM}

# EVM prediction: Mode:STANDARD S-ratio: 4.49 63174-65087 orient(-) score(9393.00) noncoding_equivalent(2091.00) raw_noncoding(2091.00) offset(0.00) 
65087	63174	single-	4	6	{GlimmerHMM_glimmerT_207-T1;GlimmerHMM},{HiQ_model.g186.t1;HiQ}

# EVM prediction: Mode:STANDARD S-ratio: 4.77 66746-68542 orient(-) score(8916.00) noncoding_equivalent(1867.84) raw_noncoding(1867.84) offset(0.00) 
68542	66746	single-	4	6	{GlimmerHMM_glimmerT_208-T1;GlimmerHMM},{HiQ_model.g187.t1;HiQ}

# EVM prediction: Mode:STANDARD S-ratio: 294.50 72051-73823 orient(+) score(7068.00) noncoding_equivalent(24.00) raw_noncoding(24.00) offset(0.00) 
72051	73823	single+	1	3	{GlimmerHMM_glimmerT_209-T1;GlimmerHMM},{Augustus_model.g188.t1;Augustus}

# EVM prediction: Mode:STANDARD S-ratio: 2.00 73955-74869 orient(-) score(3660.00) noncoding_equivalent(1830.00) raw_noncoding(1830.00) offset(0.00) 
74869	73955	single-	4	6	{HiQ_model.g189.t1;HiQ},{GlimmerHMM_glimmerT_210-T1;GlimmerHMM}

# EVM prediction: Mode:STANDARD S-ratio: 10000.00 75496-76533 orient(+) score(4148.00) noncoding_equivalent(0.41) raw_noncoding(0.00) offset(0.00) 
75496	76533	single+	1	3	{Augustus_model.g190.t1;Augustus},{GlimmerHMM_glimmerT_211-T1;GlimmerHMM}

# EVM prediction: Mode:STANDARD S-ratio: 4.99 76658-78901 orient(-) score(11216.00) noncoding_equivalent(2248.30) raw_noncoding(2248.30) offset(0.00) 
78901	76658	single-	4	6	{HiQ_model.g191.t1;HiQ},{GlimmerHMM_glimmerT_212-T1;GlimmerHMM}

# EVM prediction: Mode:STANDARD S-ratio: 47.52 79180-79878 orient(+) score(2739.00) noncoding_equivalent(57.64) raw_noncoding(57.64) offset(0.00) 
79180	79878	single+	1	3	{GlimmerHMM_glimmerT_213-T1;GlimmerHMM},{Augustus_model.g192.t1;Augustus}

# EVM prediction: Mode:STANDARD S-ratio: 10000.00 80006-80650 orient(+) score(2580.00) noncoding_equivalent(0.26) raw_noncoding(0.00) offset(0.00) 
80006	80650	single+	1	3	{GlimmerHMM_glimmerT_214-T1;GlimmerHMM},{Augustus_model.g193.t1;Augustus}

# EVM prediction: Mode:STANDARD S-ratio: 4.71 80756-81697 orient(-) score(4663.00) noncoding_equivalent(990.09) raw_noncoding(990.09) offset(0.00) 
81697	80756	single-	4	6	{HiQ_model.g194.t1;HiQ},{GlimmerHMM_glimmerT_215-T1;GlimmerHMM}

# EVM prediction: Mode:STANDARD S-ratio: 103.67 81833-84073 orient(+) score(8838.00) noncoding_equivalent(85.25) raw_noncoding(85.25) offset(0.00) 
81833	84073	single+	1	3	{GlimmerHMM_glimmerT_216-T1;GlimmerHMM}

# EVM prediction: Mode:STANDARD S-ratio: 4.92 84220-86469 orient(-) score(11220.00) noncoding_equivalent(2280.00) raw_noncoding(2280.00) offset(0.00) 
86469	84220	single-	4	6	{GlimmerHMM_glimmerT_217-T1;GlimmerHMM},{HiQ_model.g196.t1;HiQ}

# EVM prediction: Mode:STANDARD S-ratio: 501.82 86807-87694 orient(+) score(3545.00) noncoding_equivalent(7.06) raw_noncoding(7.06) offset(0.00) 
86807	87694	single+	1	3	{GlimmerHMM_glimmerT_218-T1;GlimmerHMM},{Augustus_model.g197.t1;Augustus}

# EVM prediction: Mode:STANDARD S-ratio: 10000.00 88047-89024 orient(+) score(3912.00) noncoding_equivalent(0.39) raw_noncoding(0.00) offset(0.00) 
88047	89024	single+	1	3	{GlimmerHMM_glimmerT_219-T1;GlimmerHMM},{Augustus_model.g198.t1;Augustus}

# EVM prediction: Mode:STANDARD S-ratio: 27.15 89373-90359 orient(+) score(3809.00) noncoding_equivalent(140.29) raw_noncoding(140.29) offset(0.00) 
89373	90359	single+	1	3	{GlimmerHMM_glimmerT_220-T1;GlimmerHMM}

# EVM prediction: Mode:STANDARD S-ratio: 4.91 90493-94053 orient(-) score(17751.00) noncoding_equivalent(3615.00) raw_noncoding(3615.00) offset(0.00) 
94053	90493	single-	4	6	{GlimmerHMM_glimmerT_221-T1;GlimmerHMM},{HiQ_model.g200.t1;HiQ}

# EVM prediction: Mode:STANDARD S-ratio: 10000.00 94981-97008 orient(+) score(8112.00) noncoding_equivalent(0.81) raw_noncoding(0.00) offset(0.00) 
94981	97008	single+	1	3	{GlimmerHMM_glimmerT_222-T1;GlimmerHMM},{Augustus_model.g201.t1;Augustus}

# EVM prediction: Mode:STANDARD S-ratio: 224.56 97468-98100 orient(-) score(1891.00) noncoding_equivalent(8.42) raw_noncoding(8.42) offset(0.00) 
98100	97468	single-	4	6	{GlimmerHMM_glimmerT_223-T1;GlimmerHMM},{Augustus_model.g202.t1;Augustus}

