!! Predictions spanning range 5289 - 97414 [R1]
# EVM prediction: Mode:STANDARD S-ratio: 10000.00 5289-6392 orient(+) score(2208.00) noncoding_equivalent(0.22) raw_noncoding(0.00) offset(0.00) 
5289	6392	single+	1	3	{Augustus_gene1072.t1;Augustus}

# EVM prediction: Mode:STANDARD S-ratio: 10000.00 10427-12736 orient(-) score(4620.00) noncoding_equivalent(0.46) raw_noncoding(0.00) offset(0.00) 
12736	10427	single-	4	6	{Augustus_gene81.t1;Augustus}

# EVM prediction: Mode:STANDARD S-ratio: 10000.00 13159-13521 orient(-) score(726.00) noncoding_equivalent(0.07) raw_noncoding(0.00) offset(0.00) 
13521	13159	single-	4	6	{Augustus_gene842.t1;Augustus}

# EVM prediction: Mode:STANDARD S-ratio: 10000.00 24128-26329 orient(+) score(4404.00) noncoding_equivalent(0.44) raw_noncoding(0.00) offset(0.00) 
24128	26329	single+	1	3	{Augustus_gene407.t1;Augustus}

# EVM prediction: Mode:STANDARD S-ratio: 10000.00 26817-28347 orient(+) score(3062.00) noncoding_equivalent(0.31) raw_noncoding(0.00) offset(0.00) 
26817	26841	initial+	1	1	{Augustus_gene1129.t1;Augustus}
26842	26896	INTRON			{Augustus_gene1129.t1;Augustus}
26897	28347	terminal+	2	3	{Augustus_gene1129.t1;Augustus}

# EVM prediction: Mode:STANDARD S-ratio: 10000.00 34978-35919 orient(-) score(1884.00) noncoding_equivalent(0.19) raw_noncoding(0.00) offset(0.00) 
35919	34978	single-	4	6	{Augustus_gene242.t1;Augustus}

# EVM prediction: Mode:STANDARD S-ratio: 10000.00 55301-57124 orient(+) score(3648.00) noncoding_equivalent(0.36) raw_noncoding(0.00) offset(0.00) 
55301	57124	single+	1	3	{Augustus_gene216.t1;Augustus}

# EVM prediction: Mode:STANDARD S-ratio: 10000.00 58772-60991 orient(+) score(4440.00) noncoding_equivalent(0.44) raw_noncoding(0.00) offset(0.00) 
58772	58936	initial+	1	3	{Augustus_gene969.t1;Augustus}
58937	59059	INTRON			{Augustus_gene969.t1;Augustus}
59060	60991	terminal+	1	3	{Augustus_gene969.t1;Augustus}

# EVM prediction: Mode:STANDARD S-ratio: 10000.00 67704-68024 orient(-) score(642.00) noncoding_equivalent(0.06) raw_noncoding(0.00) offset(0.00) 
68024	67704	single-	4	6	{Augustus_gene679.t1;Augustus}

# EVM prediction: Mode:STANDARD S-ratio: 10000.00 78236-80005 orient(+) score(3540.00) noncoding_equivalent(0.35) raw_noncoding(0.00) offset(0.00) 
78236	80005	single+	1	3	{Augustus_gene210.t1;Augustus}

# EVM prediction: Mode:STANDARD S-ratio: 10000.00 95045-97414 orient(-) score(4740.00) noncoding_equivalent(0.47) raw_noncoding(0.00) offset(0.00) 
97414	95045	single-	4	6	{Augustus_gene153.t1;Augustus}

