!! Predictions spanning range 757 - 98890 [R1]
# EVM prediction: Mode:STANDARD S-ratio: 10000.00 757-1470 orient(-) score(2142.00) noncoding_equivalent(0.21) raw_noncoding(0.00) offset(0.00) 
1470	757	single-	4	6	{Augustus_model.g1160.t1;Augustus},{GlimmerHMM_glimmerT_1348-T1;GlimmerHMM}

# EVM prediction: Mode:STANDARD S-ratio: 58.72 2234-6115 orient(+) score(11451.00) noncoding_equivalent(195.00) raw_noncoding(195.00) offset(0.00) 
2234	6115	single+	1	3	{Augustus_model.g1161.t1;Augustus},{GlimmerHMM_glimmerT_1349-T1;GlimmerHMM}

# EVM prediction: Mode:STANDARD S-ratio: 184.00 6199-7308 orient(+) score(3312.00) noncoding_equivalent(18.00) raw_noncoding(18.00) offset(0.00) 
6199	7308	single+	1	3	{Augustus_model.g1162.t1;Augustus},{GlimmerHMM_glimmerT_1350-T1;GlimmerHMM}

# EVM prediction: Mode:STANDARD S-ratio: 2.08 7344-8012 orient(-) score(1338.00) noncoding_equivalent(642.00) raw_noncoding(642.00) offset(0.00) 
8012	7344	single-	4	6	{GlimmerHMM_glimmerT_1351-T1;GlimmerHMM},{Augustus_model.g1163.t1;Augustus}

# EVM prediction: Mode:STANDARD S-ratio: 358.21 8198-9532 orient(+) score(3992.00) noncoding_equivalent(11.14) raw_noncoding(11.14) offset(0.00) 
8198	9532	single+	1	3	{GlimmerHMM_glimmerT_1352-T1;GlimmerHMM},{Augustus_model.g1164.t1;Augustus}

# EVM prediction: Mode:STANDARD S-ratio: 1260.43 9667-11391 orient(+) score(5171.00) noncoding_equivalent(4.10) raw_noncoding(4.10) offset(0.00) 
9667	11391	single+	1	3	{GlimmerHMM_glimmerT_1353-T1;GlimmerHMM}

# EVM prediction: Mode:STANDARD S-ratio: 2.00 11920-13410 orient(-) score(2982.00) noncoding_equivalent(1491.00) raw_noncoding(1491.00) offset(0.00) 
13410	11920	single-	4	6	{GlimmerHMM_glimmerT_1354-T1;GlimmerHMM},{Augustus_model.g1166.t1;Augustus}

# EVM prediction: Mode:STANDARD S-ratio: 6.10 13829-15267 orient(+) score(3759.00) noncoding_equivalent(616.27) raw_noncoding(620.27) offset(4.00) 
13829	14455	initial+	1	3	{Augustus_model.g1167.t1;Augustus}
14456	14517	INTRON			{Augustus_model.g1167.t1;Augustus},{snap_scaffold_1-snap.861-T1;snap}
14518	15267	terminal+	1	3	{Augustus_model.g1167.t1;Augustus}

# EVM prediction: Mode:STANDARD S-ratio: 10000.00 15569-20212 orient(+) score(13932.00) noncoding_equivalent(1.39) raw_noncoding(0.00) offset(0.00) 
15569	20212	single+	1	3	{GlimmerHMM_glimmerT_1356-T1;GlimmerHMM},{Augustus_model.g1168.t1;Augustus}

# EVM prediction: Mode:STANDARD S-ratio: 11.00 20312-20683 orient(+) score(1023.00) noncoding_equivalent(93.00) raw_noncoding(93.00) offset(0.00) 
20312	20683	single+	1	3	{Augustus_model.g1169.t1;Augustus},{GlimmerHMM_glimmerT_1357-T1;GlimmerHMM}

# EVM prediction: Mode:STANDARD S-ratio: 25.07 20688-22199 orient(-) score(4362.00) noncoding_equivalent(174.00) raw_noncoding(174.00) offset(0.00) 
22199	20688	single-	4	6	{Augustus_model.g1170.t1;Augustus},{GlimmerHMM_glimmerT_1358-T1;GlimmerHMM}

# EVM prediction: Mode:STANDARD S-ratio: 5.20 22286-23283 orient(+) score(2631.00) noncoding_equivalent(505.66) raw_noncoding(606.13) offset(100.47) 
22286	22354	initial+	1	3	{GlimmerHMM_glimmerT_1359-T1;GlimmerHMM}
22355	22402	INTRON			{GlimmerHMM_glimmerT_1359-T1;GlimmerHMM}
22403	22969	internal+	1	3	{GlimmerHMM_glimmerT_1359-T1;GlimmerHMM}
22970	23034	INTRON			{GlimmerHMM_glimmerT_1359-T1;GlimmerHMM},{Augustus_model.g1171.t1;Augustus},{snap_scaffold_1-snap.864-T1;snap}
23035	23283	terminal+	1	3	{GlimmerHMM_glimmerT_1359-T1;GlimmerHMM},{Augustus_model.g1171.t1;Augustus}

# EVM prediction: Mode:STANDARD S-ratio: 22.55 23475-24359 orient(+) score(2541.00) noncoding_equivalent(112.69) raw_noncoding(112.69) offset(0.00) 
23475	24359	single+	1	3	{GlimmerHMM_glimmerT_1360-T1;GlimmerHMM},{Augustus_model.g1172.t1;Augustus}

# EVM prediction: Mode:STANDARD S-ratio: 425.59 24404-25549 orient(-) score(3428.00) noncoding_equivalent(8.05) raw_noncoding(8.05) offset(0.00) 
25549	24404	single-	4	6	{GlimmerHMM_glimmerT_1361-T1;GlimmerHMM},{Augustus_model.g1173.t1;Augustus}

# EVM prediction: Mode:STANDARD S-ratio: 90.46 25809-26606 orient(-) score(2368.00) noncoding_equivalent(26.18) raw_noncoding(26.18) offset(0.00) 
26606	25809	single-	4	6	{Augustus_model.g1174.t1;Augustus},{GlimmerHMM_glimmerT_1362-T1;GlimmerHMM}

# EVM prediction: Mode:STANDARD S-ratio: 1.81 26775-27511 orient(+) score(1420.00) noncoding_equivalent(785.00) raw_noncoding(891.00) offset(106.00) 
26775	26785	initial+	1	2	{GlimmerHMM_glimmerT_1363-T1;GlimmerHMM},{Augustus_model.g1175.t1;Augustus}
26786	26835	INTRON			{GlimmerHMM_glimmerT_1363-T1;GlimmerHMM},{Augustus_model.g1175.t1;Augustus}
26836	26866	internal+	3	3	{Augustus_model.g1175.t1;Augustus}
26867	26920	INTRON			{Augustus_model.g1175.t1;Augustus}
26921	27511	terminal+	1	3	{Augustus_model.g1175.t1;Augustus}

# EVM prediction: Mode:STANDARD S-ratio: 468.91 27612-28553 orient(-) score(2818.00) noncoding_equivalent(6.01) raw_noncoding(6.01) offset(0.00) 
28553	27612	single-	4	6	{Augustus_model.g1176.t1;Augustus},{GlimmerHMM_glimmerT_1364-T1;GlimmerHMM}

# EVM prediction: Mode:STANDARD S-ratio: 10000.00 30033-31646 orient(+) score(4833.00) noncoding_equivalent(0.48) raw_noncoding(0.00) offset(0.00) 
30033	31646	single+	1	3	{GlimmerHMM_glimmerT_1365-T1;GlimmerHMM},{Augustus_model.g1177.t1;Augustus}

# EVM prediction: Mode:STANDARD S-ratio: 10.95 31748-32434 orient(+) score(1888.00) noncoding_equivalent(172.40) raw_noncoding(172.40) offset(0.00) 
31748	32434	single+	1	3	{Augustus_model.g1178.t1;Augustus},{GlimmerHMM_glimmerT_1366-T1;GlimmerHMM}

# EVM prediction: Mode:STANDARD S-ratio: 10000.00 32834-44311 orient(+) score(34434.00) noncoding_equivalent(3.44) raw_noncoding(0.00) offset(0.00) 
32834	44311	single+	1	3	{Augustus_model.g1179.t1;Augustus},{GlimmerHMM_glimmerT_1367-T1;GlimmerHMM}

# EVM prediction: Mode:STANDARD S-ratio: 2.02 44359-44964 orient(-) score(1212.00) noncoding_equivalent(601.46) raw_noncoding(601.46) offset(0.00) 
44964	44359	single-	4	6	{Augustus_model.g1180.t1;Augustus},{GlimmerHMM_glimmerT_1368-T1;GlimmerHMM}

# EVM prediction: Mode:STANDARD S-ratio: 287.71 45150-46895 orient(+) score(5218.00) noncoding_equivalent(18.14) raw_noncoding(18.14) offset(0.00) 
45150	46895	single+	1	3	{GlimmerHMM_glimmerT_1369-T1;GlimmerHMM},{Augustus_model.g1181.t1;Augustus}

# EVM prediction: Mode:STANDARD S-ratio: 9.77 46902-50007 orient(-) score(9224.00) noncoding_equivalent(944.12) raw_noncoding(950.12) offset(6.00) 
47951	46902	terminal-	4	6	{GlimmerHMM_glimmerT_1370-T1;GlimmerHMM},{snap_scaffold_1-snap.870-T1;snap},{Augustus_model.g1182.t1;Augustus}
48237	47952	INTRON			{GlimmerHMM_glimmerT_1370-T1;GlimmerHMM},{snap_scaffold_1-snap.870-T1;snap},{Augustus_model.g1182.t1;Augustus}
50007	48238	initial-	4	6	{GlimmerHMM_glimmerT_1370-T1;GlimmerHMM},{Augustus_model.g1182.t1;Augustus}

# EVM prediction: Mode:STANDARD S-ratio: 1.32 50983-51353 orient(+) score(742.00) noncoding_equivalent(563.47) raw_noncoding(567.47) offset(4.00) 
50983	51068	initial+	1	2	{Augustus_model.g1183.t1;Augustus},{GlimmerHMM_glimmerT_1371-T1;GlimmerHMM}
51069	51166	INTRON			{Augustus_model.g1183.t1;Augustus},{GlimmerHMM_glimmerT_1371-T1;GlimmerHMM}
51167	51353	terminal+	3	3	{Augustus_model.g1183.t1;Augustus},{GlimmerHMM_glimmerT_1371-T1;GlimmerHMM}

# EVM prediction: Mode:STANDARD S-ratio: 2.00 51778-52632 orient(+) score(1710.00) noncoding_equivalent(855.00) raw_noncoding(855.00) offset(0.00) 
51778	52632	single+	1	3	{GlimmerHMM_glimmerT_1372-T1;GlimmerHMM}

# EVM prediction: Mode:STANDARD S-ratio: 2.01 52691-53821 orient(-) score(2262.00) noncoding_equivalent(1127.83) raw_noncoding(1127.83) offset(0.00) 
53821	52691	single-	4	6	{GlimmerHMM_glimmerT_1373-T1;GlimmerHMM},{Augustus_model.g1185.t1;Augustus}

# EVM prediction: Mode:STANDARD S-ratio: 62.40 54070-55515 orient(+) score(4268.00) noncoding_equivalent(68.40) raw_noncoding(68.40) offset(0.00) 
54070	55515	single+	1	3	{Augustus_model.g1186.t1;Augustus}

# EVM prediction: Mode:STANDARD S-ratio: 5.69 55646-58219 orient(+) score(6128.00) noncoding_equivalent(1076.68) raw_noncoding(2341.32) offset(1264.63) 
55646	56938	initial+	1	3	{Augustus_model.g1187.t1;Augustus}
56939	57031	INTRON			{Augustus_model.g1187.t1;Augustus},{snap_scaffold_1-snap.871-T1;snap}
57032	57500	internal+	1	1	{snap_scaffold_1-snap.871-T1;snap}
57501	58109	INTRON			{snap_scaffold_1-snap.871-T1;snap}
58110	58219	terminal+	2	3	{snap_scaffold_1-snap.871-T1;snap}

# EVM prediction: Mode:STANDARD S-ratio: 2.00 61328-62572 orient(-) score(2490.00) noncoding_equivalent(1243.00) raw_noncoding(1243.00) offset(0.00) 
62572	61328	single-	4	6	{Augustus_model.g1188.t1;Augustus},{GlimmerHMM_glimmerT_1377-T1;GlimmerHMM}

# EVM prediction: Mode:STANDARD S-ratio: 90.82 64685-66100 orient(+) score(4200.00) noncoding_equivalent(46.25) raw_noncoding(46.25) offset(0.00) 
64685	66100	single+	1	3	{GlimmerHMM_glimmerT_1378-T1;GlimmerHMM},{Augustus_model.g1189.t1;Augustus}

# EVM prediction: Mode:STANDARD S-ratio: 58.20 66675-68450 orient(+) score(5238.00) noncoding_equivalent(90.00) raw_noncoding(90.00) offset(0.00) 
66675	68450	single+	1	3	{Augustus_model.g1190.t1;Augustus},{GlimmerHMM_glimmerT_1379-T1;GlimmerHMM}

# EVM prediction: Mode:STANDARD S-ratio: 2.00 68656-69063 orient(-) score(816.00) noncoding_equivalent(408.00) raw_noncoding(408.00) offset(0.00) 
69063	68656	single-	4	6	{GlimmerHMM_glimmerT_1380-T1;GlimmerHMM}

# EVM prediction: Mode:STANDARD S-ratio: 755.19 69921-70931 orient(-) score(3029.00) noncoding_equivalent(4.01) raw_noncoding(4.01) offset(0.00) 
70931	69921	single-	4	6	{GlimmerHMM_glimmerT_1381-T1;GlimmerHMM}

# EVM prediction: Mode:STANDARD S-ratio: 17.37 71521-73112 orient(-) score(4501.00) noncoding_equivalent(259.12) raw_noncoding(261.12) offset(2.00) 
72118	71521	terminal-	6	6	{GlimmerHMM_glimmerT_1382-T1;GlimmerHMM}
72132	72119	INTRON			{GlimmerHMM_glimmerT_1382-T1;GlimmerHMM}
73112	72133	initial-	4	5	{GlimmerHMM_glimmerT_1382-T1;GlimmerHMM}

# EVM prediction: Mode:STANDARD S-ratio: 6.66 74971-75576 orient(-) score(1818.00) noncoding_equivalent(273.00) raw_noncoding(279.00) offset(6.00) 
75478	74971	terminal-	6	6	{Augustus_model.g1192.t1;Augustus},{snap_scaffold_1-snap.876-T1;snap},{GlimmerHMM_glimmerT_1383-T1;GlimmerHMM}
75571	75479	INTRON			{Augustus_model.g1192.t1;Augustus},{snap_scaffold_1-snap.876-T1;snap},{GlimmerHMM_glimmerT_1383-T1;GlimmerHMM}
75576	75572	initial-	4	5	{Augustus_model.g1192.t1;Augustus},{snap_scaffold_1-snap.876-T1;snap},{GlimmerHMM_glimmerT_1383-T1;GlimmerHMM}

# EVM prediction: Mode:STANDARD S-ratio: 294.15 76190-76981 orient(+) score(2366.00) noncoding_equivalent(8.04) raw_noncoding(8.04) offset(0.00) 
76190	76981	single+	1	3	{GlimmerHMM_glimmerT_1384-T1;GlimmerHMM},{Augustus_model.g1193.t1;Augustus}

# EVM prediction: Mode:STANDARD S-ratio: 22.66 77045-78487 orient(-) score(4146.00) noncoding_equivalent(183.00) raw_noncoding(183.00) offset(0.00) 
78487	77045	single-	4	6	{Augustus_model.g1194.t1;Augustus},{GlimmerHMM_glimmerT_1385-T1;GlimmerHMM}

# EVM prediction: Mode:STANDARD S-ratio: 31.30 78638-81745 orient(-) score(9034.00) noncoding_equivalent(288.58) raw_noncoding(288.58) offset(0.00) 
81745	78638	single-	4	6	{Augustus_model.g1195.t1;Augustus}

# EVM prediction: Mode:STANDARD S-ratio: 401.46 81896-83659 orient(-) score(5277.00) noncoding_equivalent(13.14) raw_noncoding(13.14) offset(0.00) 
83659	81896	single-	4	6	{Augustus_model.g1196.t1;Augustus},{GlimmerHMM_glimmerT_1387-T1;GlimmerHMM}

# EVM prediction: Mode:STANDARD S-ratio: 2.00 83821-86082 orient(+) score(4524.00) noncoding_equivalent(2260.00) raw_noncoding(2260.00) offset(0.00) 
83821	86082	single+	1	3	{GlimmerHMM_glimmerT_1388-T1;GlimmerHMM},{Augustus_model.g1197.t1;Augustus}

# EVM prediction: Mode:STANDARD S-ratio: 10000.00 86145-87242 orient(-) score(3294.00) noncoding_equivalent(0.33) raw_noncoding(0.00) offset(0.00) 
87242	86145	single-	4	6	{GlimmerHMM_glimmerT_1389-T1;GlimmerHMM},{Augustus_model.g1198.t1;Augustus}

# EVM prediction: Mode:STANDARD S-ratio: 21.60 87564-89622 orient(-) score(5996.00) noncoding_equivalent(277.64) raw_noncoding(387.17) offset(109.53) 
89466	87564	terminal-	6	6	{GlimmerHMM_glimmerT_1390-T1;GlimmerHMM},{Augustus_model.g1199.t1;Augustus}
89572	89467	INTRON			{GlimmerHMM_glimmerT_1390-T1;GlimmerHMM},{Augustus_model.g1199.t1;Augustus}
89622	89573	initial-	4	5	{GlimmerHMM_glimmerT_1390-T1;GlimmerHMM},{Augustus_model.g1199.t1;Augustus}

# EVM prediction: Mode:STANDARD S-ratio: 505.32 89824-93057 orient(+) score(9681.00) noncoding_equivalent(19.16) raw_noncoding(19.16) offset(0.00) 
89824	93057	single+	1	3	{GlimmerHMM_glimmerT_1391-T1;GlimmerHMM},{Augustus_model.g1200.t1;Augustus}

# EVM prediction: Mode:STANDARD S-ratio: 33.35 93078-94623 orient(-) score(4554.00) noncoding_equivalent(136.54) raw_noncoding(182.05) offset(45.51) 
93539	93078	terminal-	4	6	{snap_scaffold_1-snap.883-T1;snap},{GlimmerHMM_glimmerT_1392-T1;GlimmerHMM}
93597	93540	INTRON			{snap_scaffold_1-snap.883-T1;snap},{GlimmerHMM_glimmerT_1392-T1;GlimmerHMM}
94623	93598	initial-	4	6	{GlimmerHMM_glimmerT_1392-T1;GlimmerHMM}

# EVM prediction: Mode:STANDARD S-ratio: 2.01 94837-96714 orient(+) score(3756.00) noncoding_equivalent(1871.91) raw_noncoding(1871.91) offset(0.00) 
94837	96714	single+	1	3	{GlimmerHMM_glimmerT_1393-T1;GlimmerHMM},{Augustus_model.g1202.t1;Augustus}

# EVM prediction: Mode:STANDARD S-ratio: 10000.00 96728-98890 orient(-) score(6489.00) noncoding_equivalent(0.65) raw_noncoding(0.00) offset(0.00) 
98890	96728	single-	4	6	{GlimmerHMM_glimmerT_1394-T1;GlimmerHMM},{Augustus_model.g1203.t1;Augustus}

