!! Predictions spanning range 2417 - 95990 [R1]
# EVM prediction: Mode:STANDARD S-ratio: 10000.00 2417-5879 orient(+) score(6926.00) noncoding_equivalent(0.69) raw_noncoding(0.00) offset(0.00) 
2417	2423	initial+	1	1	{Augustus_gene252.t1;Augustus}
2424	2488	INTRON			{Augustus_gene252.t1;Augustus}
2489	2499	internal+	2	3	{Augustus_gene252.t1;Augustus}
2500	2612	INTRON			{Augustus_gene252.t1;Augustus}
2613	5879	terminal+	1	3	{Augustus_gene252.t1;Augustus}

# EVM prediction: Mode:STANDARD S-ratio: 10000.00 6028-7152 orient(-) score(2250.00) noncoding_equivalent(0.23) raw_noncoding(0.00) offset(0.00) 
7004	6028	terminal-	5	6	{Augustus_gene1048.t1;Augustus}
7097	7005	INTRON			{Augustus_gene1048.t1;Augustus}
7152	7098	initial-	4	4	{Augustus_gene1048.t1;Augustus}

# EVM prediction: Mode:STANDARD S-ratio: 10000.00 8612-9814 orient(+) score(2406.00) noncoding_equivalent(0.24) raw_noncoding(0.00) offset(0.00) 
8612	9814	single+	1	3	{Augustus_gene883.t1;Augustus}

# EVM prediction: Mode:STANDARD S-ratio: 10000.00 9917-12061 orient(-) score(4290.00) noncoding_equivalent(0.43) raw_noncoding(0.00) offset(0.00) 
12061	9917	single-	4	6	{Augustus_gene672.t1;Augustus}

# EVM prediction: Mode:STANDARD S-ratio: 10000.00 12686-15676 orient(-) score(5982.00) noncoding_equivalent(0.60) raw_noncoding(0.00) offset(0.00) 
15676	12686	single-	4	6	{Augustus_gene261.t1;Augustus}

# EVM prediction: Mode:STANDARD S-ratio: 10000.00 16966-19161 orient(-) score(4392.00) noncoding_equivalent(0.44) raw_noncoding(0.00) offset(0.00) 
19161	16966	single-	4	6	{Augustus_gene513.t1;Augustus}

# EVM prediction: Mode:STANDARD S-ratio: 10000.00 22331-23773 orient(-) score(2886.00) noncoding_equivalent(0.29) raw_noncoding(0.00) offset(0.00) 
23773	22331	single-	4	6	{Augustus_gene267.t1;Augustus}

# EVM prediction: Mode:STANDARD S-ratio: 10000.00 24050-25129 orient(+) score(2160.00) noncoding_equivalent(0.22) raw_noncoding(0.00) offset(0.00) 
24050	25129	single+	1	3	{Augustus_gene757.t1;Augustus}

# EVM prediction: Mode:STANDARD S-ratio: 10000.00 25410-26573 orient(-) score(2328.00) noncoding_equivalent(0.23) raw_noncoding(0.00) offset(0.00) 
26573	25410	single-	4	6	{Augustus_gene599.t1;Augustus}

# EVM prediction: Mode:STANDARD S-ratio: 10000.00 34951-35850 orient(+) score(1800.00) noncoding_equivalent(0.18) raw_noncoding(0.00) offset(0.00) 
34951	35850	single+	1	3	{Augustus_gene196.t1;Augustus}

# EVM prediction: Mode:STANDARD S-ratio: 10000.00 38843-39730 orient(+) score(1776.00) noncoding_equivalent(0.18) raw_noncoding(0.00) offset(0.00) 
38843	39730	single+	1	3	{Augustus_gene108.t1;Augustus}

# EVM prediction: Mode:STANDARD S-ratio: 10000.00 46572-47698 orient(-) score(2254.00) noncoding_equivalent(0.23) raw_noncoding(0.00) offset(0.00) 
46905	46572	terminal-	6	6	{Augustus_gene461.t1;Augustus}
47393	46906	INTRON			{Augustus_gene461.t1;Augustus}
47398	47394	internal-	4	5	{Augustus_gene461.t1;Augustus}
47494	47399	INTRON			{Augustus_gene461.t1;Augustus}
47698	47495	initial-	4	6	{Augustus_gene461.t1;Augustus}

# EVM prediction: Mode:STANDARD S-ratio: 10000.00 92121-95102 orient(+) score(5964.00) noncoding_equivalent(0.60) raw_noncoding(0.00) offset(0.00) 
92121	95102	single+	1	3	{Augustus_gene26.t1;Augustus}

# EVM prediction: Mode:STANDARD S-ratio: 10000.00 95349-95990 orient(-) score(1284.00) noncoding_equivalent(0.13) raw_noncoding(0.00) offset(0.00) 
95990	95349	single-	4	6	{Augustus_gene653.t1;Augustus}

