!! Predictions spanning range 887 - 99199 [R1]
# EVM prediction: Mode:STANDARD S-ratio: 5.00 887-1579 orient(-) score(3465.00) noncoding_equivalent(693.00) raw_noncoding(693.00) offset(0.00) 
1579	887	single-	4	6	{GlimmerHMM_glimmerT_1707-T1;GlimmerHMM},{HiQ_model.g1501.t1;HiQ}

# EVM prediction: Mode:STANDARD S-ratio: 10000.00 4180-7440 orient(+) score(9783.00) noncoding_equivalent(0.98) raw_noncoding(0.00) offset(0.00) 
4180	7440	single+	1	3	{GlimmerHMM_glimmerT_1709-T1;GlimmerHMM},{Augustus_model.g1502.t1;Augustus}

# EVM prediction: Mode:STANDARD S-ratio: 25.10 7659-10765 orient(-) score(11741.00) noncoding_equivalent(467.73) raw_noncoding(564.00) offset(96.27) 
9267	7659	terminal-	6	6	{GlimmerHMM_glimmerT_1710-T1;GlimmerHMM}
9377	9268	INTRON			{GlimmerHMM_glimmerT_1710-T1;GlimmerHMM}
10765	9378	initial-	4	5	{GlimmerHMM_glimmerT_1710-T1;GlimmerHMM}

# EVM prediction: Mode:STANDARD S-ratio: 5.00 11476-12777 orient(-) score(6504.00) noncoding_equivalent(1302.00) raw_noncoding(1302.00) offset(0.00) 
12777	11476	single-	4	6	{GlimmerHMM_glimmerT_1711-T1;GlimmerHMM},{HiQ_model.g1504.t1;HiQ}

# EVM prediction: Mode:STANDARD S-ratio: 4.90 13070-14017 orient(-) score(4720.00) noncoding_equivalent(963.34) raw_noncoding(963.34) offset(0.00) 
14017	13070	single-	4	6	{HiQ_model.g1505.t1;HiQ}

# EVM prediction: Mode:STANDARD S-ratio: 279.00 14195-16342 orient(-) score(6417.00) noncoding_equivalent(23.00) raw_noncoding(23.00) offset(0.00) 
16342	14195	single-	4	6	{GlimmerHMM_glimmerT_1713-T1;GlimmerHMM},{Augustus_model.g1506.t1;Augustus}

# EVM prediction: Mode:STANDARD S-ratio: 193.40 16562-17533 orient(-) score(2901.00) noncoding_equivalent(15.00) raw_noncoding(15.00) offset(0.00) 
17533	16562	single-	4	6	{Augustus_model.g1507.t1;Augustus},{GlimmerHMM_glimmerT_1714-T1;GlimmerHMM}

# EVM prediction: Mode:STANDARD S-ratio: 10000.00 17793-18674 orient(+) score(3522.00) noncoding_equivalent(0.35) raw_noncoding(0.00) offset(0.00) 
17793	18674	single+	1	3	{GlimmerHMM_glimmerT_1715-T1;GlimmerHMM},{Augustus_model.g1508.t1;Augustus}

# EVM prediction: Mode:STANDARD S-ratio: 18.66 19166-20092 orient(+) score(3520.00) noncoding_equivalent(188.66) raw_noncoding(188.66) offset(0.00) 
19166	20092	single+	1	3	{GlimmerHMM_glimmerT_1716-T1;GlimmerHMM}

# EVM prediction: Mode:STANDARD S-ratio: 18.80 20295-22112 orient(+) score(5179.00) noncoding_equivalent(275.53) raw_noncoding(275.53) offset(0.00) 
20295	22112	single+	1	3	{GlimmerHMM_glimmerT_1717-T1;GlimmerHMM}

# EVM prediction: Mode:STANDARD S-ratio: 32.65 22337-25231 orient(+) score(11234.00) noncoding_equivalent(344.10) raw_noncoding(344.10) offset(0.00) 
22337	25231	single+	1	3	{GlimmerHMM_glimmerT_1718-T1;GlimmerHMM}

# EVM prediction: Mode:STANDARD S-ratio: 5.00 25358-28456 orient(-) score(15495.00) noncoding_equivalent(3099.00) raw_noncoding(3099.00) offset(0.00) 
28456	25358	single-	4	6	{HiQ_model.g1510.t1;HiQ},{GlimmerHMM_glimmerT_1719-T1;GlimmerHMM}

# EVM prediction: Mode:STANDARD S-ratio: 67.18 28873-29622 orient(-) score(2217.00) noncoding_equivalent(33.00) raw_noncoding(33.00) offset(0.00) 
29622	28873	single-	4	6	{GlimmerHMM_glimmerT_1720-T1;GlimmerHMM},{Augustus_model.g1511.t1;Augustus}

# EVM prediction: Mode:STANDARD S-ratio: 4.45 30032-33379 orient(-) score(16404.00) noncoding_equivalent(3684.00) raw_noncoding(3684.00) offset(0.00) 
33379	30032	single-	4	6	{HiQ_model.g1512.t1;HiQ},{GlimmerHMM_glimmerT_1721-T1;GlimmerHMM}

# EVM prediction: Mode:STANDARD S-ratio: 2.00 33897-34172 orient(+) score(552.00) noncoding_equivalent(276.00) raw_noncoding(276.00) offset(0.00) 
33897	34172	single+	1	3	{GlimmerHMM_glimmerT_1722-T1;GlimmerHMM},{Augustus_model.g1513.t1;Augustus}

# EVM prediction: Mode:STANDARD S-ratio: 5.85 34276-35322 orient(-) score(6257.00) noncoding_equivalent(1070.10) raw_noncoding(1070.10) offset(0.00) 
35322	34276	single-	4	6	{GlimmerHMM_glimmerT_1723-T1;GlimmerHMM},{HiQ_model.g1514.t1;HiQ}

# EVM prediction: Mode:STANDARD S-ratio: 211.75 37259-40270 orient(+) score(11911.00) noncoding_equivalent(56.25) raw_noncoding(56.25) offset(0.00) 
37259	40270	single+	1	3	{GlimmerHMM_glimmerT_1724-T1;GlimmerHMM}

# EVM prediction: Mode:STANDARD S-ratio: 22.71 41144-41875 orient(+) score(2102.00) noncoding_equivalent(92.57) raw_noncoding(92.57) offset(0.00) 
41144	41875	single+	1	3	{GlimmerHMM_glimmerT_1725-T1;GlimmerHMM}

# EVM prediction: Mode:STANDARD S-ratio: 314.95 43359-44630 orient(+) score(3802.00) noncoding_equivalent(12.07) raw_noncoding(12.07) offset(0.00) 
43359	44630	single+	1	3	{GlimmerHMM_glimmerT_1726-T1;GlimmerHMM},{Augustus_model.g1516.t1;Augustus}

# EVM prediction: Mode:STANDARD S-ratio: 130.02 45632-54868 orient(+) score(36666.00) noncoding_equivalent(282.00) raw_noncoding(282.00) offset(0.00) 
45632	54868	single+	1	3	{GlimmerHMM_glimmerT_1727-T1;GlimmerHMM},{Augustus_model.g1517.t1;Augustus}

# EVM prediction: Mode:STANDARD S-ratio: 11.75 55130-55996 orient(-) score(2397.00) noncoding_equivalent(204.00) raw_noncoding(204.00) offset(0.00) 
55996	55130	single-	4	6	{Augustus_model.g1518.t1;Augustus},{GlimmerHMM_glimmerT_1728-T1;GlimmerHMM}

# EVM prediction: Mode:STANDARD S-ratio: 32.56 56281-58260 orient(+) score(7684.00) noncoding_equivalent(236.00) raw_noncoding(236.00) offset(0.00) 
56281	58260	single+	1	3	{GlimmerHMM_glimmerT_1729-T1;GlimmerHMM}

# EVM prediction: Mode:STANDARD S-ratio: 18.29 58308-59813 orient(+) score(5712.00) noncoding_equivalent(312.33) raw_noncoding(312.33) offset(0.00) 
58308	59813	single+	1	3	{GlimmerHMM_glimmerT_1730-T1;GlimmerHMM}

# EVM prediction: Mode:STANDARD S-ratio: 2.51 60046-60252 orient(+) score(591.00) noncoding_equivalent(235.18) raw_noncoding(235.18) offset(0.00) 
60046	60252	single+	1	3	{GlimmerHMM_glimmerT_1731-T1;GlimmerHMM}

# EVM prediction: Mode:STANDARD S-ratio: 2.00 60463-61338 orient(-) score(3504.00) noncoding_equivalent(1747.75) raw_noncoding(1747.75) offset(0.00) 
61338	60463	single-	4	6	{HiQ_model.g1520.t1;HiQ},{GlimmerHMM_glimmerT_1732-T1;GlimmerHMM}

# EVM prediction: Mode:STANDARD S-ratio: 818.74 61630-64020 orient(+) score(9552.00) noncoding_equivalent(11.67) raw_noncoding(11.67) offset(0.00) 
61630	64020	single+	1	3	{GlimmerHMM_glimmerT_1733-T1;GlimmerHMM},{Augustus_model.g1521.t1;Augustus}

# EVM prediction: Mode:STANDARD S-ratio: 1647.87 64252-68136 orient(-) score(11646.00) noncoding_equivalent(7.07) raw_noncoding(7.07) offset(0.00) 
68136	64252	single-	4	6	{Augustus_model.g1522.t1;Augustus},{GlimmerHMM_glimmerT_1734-T1;GlimmerHMM}

# EVM prediction: Mode:STANDARD S-ratio: 5.00 68411-69379 orient(-) score(4845.00) noncoding_equivalent(969.00) raw_noncoding(969.00) offset(0.00) 
69379	68411	single-	4	6	{GlimmerHMM_glimmerT_1735-T1;GlimmerHMM},{HiQ_model.g1523.t1;HiQ}

# EVM prediction: Mode:STANDARD S-ratio: 2.92 69540-70907 orient(+) score(4074.00) noncoding_equivalent(1394.50) raw_noncoding(1394.50) offset(0.00) 
69540	70907	single+	1	3	{GlimmerHMM_glimmerT_1736-T1;GlimmerHMM}

# EVM prediction: Mode:STANDARD S-ratio: 6.01 71074-71556 orient(+) score(1240.00) noncoding_equivalent(206.47) raw_noncoding(206.47) offset(0.00) 
71074	71556	single+	1	3	{GlimmerHMM_glimmerT_1737-T1;GlimmerHMM}

# EVM prediction: Mode:STANDARD S-ratio: 2.01 71681-73207 orient(-) score(3054.00) noncoding_equivalent(1522.04) raw_noncoding(1522.04) offset(0.00) 
73207	71681	single-	4	6	{Augustus_model.g1525.t1;Augustus},{GlimmerHMM_glimmerT_1738-T1;GlimmerHMM}

# EVM prediction: Mode:STANDARD S-ratio: 10000.00 73402-74757 orient(+) score(5424.00) noncoding_equivalent(0.54) raw_noncoding(0.00) offset(0.00) 
73402	74757	single+	1	3	{GlimmerHMM_glimmerT_1739-T1;GlimmerHMM},{Augustus_model.g1526.t1;Augustus}

# EVM prediction: Mode:STANDARD S-ratio: 203.06 74793-76232 orient(-) score(4297.00) noncoding_equivalent(21.16) raw_noncoding(21.16) offset(0.00) 
76232	74793	single-	4	6	{GlimmerHMM_glimmerT_1740-T1;GlimmerHMM}

# EVM prediction: Mode:STANDARD S-ratio: 3.56 76448-76981 orient(-) score(2502.00) noncoding_equivalent(702.00) raw_noncoding(702.00) offset(0.00) 
76981	76448	single-	4	6	{HiQ_model.g1528.t1;HiQ},{GlimmerHMM_glimmerT_1741-T1;GlimmerHMM}

# EVM prediction: Mode:STANDARD S-ratio: 4.91 77159-78970 orient(-) score(8991.00) noncoding_equivalent(1830.00) raw_noncoding(1830.00) offset(0.00) 
78970	77159	single-	4	6	{HiQ_model.g1529.t1;HiQ},{GlimmerHMM_glimmerT_1742-T1;GlimmerHMM}

# EVM prediction: Mode:STANDARD S-ratio: 10000.00 79186-80340 orient(-) score(3465.00) noncoding_equivalent(0.35) raw_noncoding(0.00) offset(0.00) 
80340	79186	single-	4	6	{GlimmerHMM_glimmerT_1743-T1;GlimmerHMM},{Augustus_model.g1530.t1;Augustus}

# EVM prediction: Mode:STANDARD S-ratio: 3.62 80540-81613 orient(-) score(5049.00) noncoding_equivalent(1393.95) raw_noncoding(1393.95) offset(0.00) 
81613	80540	single-	4	6	{GlimmerHMM_glimmerT_1744-T1;GlimmerHMM},{HiQ_model.g1531.t1;HiQ}

# EVM prediction: Mode:STANDARD S-ratio: 2.00 81827-84685 orient(-) score(11439.00) noncoding_equivalent(5709.41) raw_noncoding(5709.41) offset(0.00) 
84685	81827	single-	4	6	{HiQ_model.g1532.t1;HiQ},{GlimmerHMM_glimmerT_1745-T1;GlimmerHMM}

# EVM prediction: Mode:STANDARD S-ratio: 2.00 84938-86413 orient(-) score(5904.00) noncoding_equivalent(2948.46) raw_noncoding(2948.46) offset(0.00) 
86413	84938	single-	4	6	{GlimmerHMM_glimmerT_1746-T1;GlimmerHMM},{HiQ_model.g1533.t1;HiQ}

# EVM prediction: Mode:STANDARD S-ratio: 10000.00 86658-88148 orient(+) score(5964.00) noncoding_equivalent(0.60) raw_noncoding(0.00) offset(0.00) 
86658	88148	single+	1	3	{GlimmerHMM_glimmerT_1747-T1;GlimmerHMM},{Augustus_model.g1534.t1;Augustus}

# EVM prediction: Mode:STANDARD S-ratio: 4.93 88438-90576 orient(-) score(10656.00) noncoding_equivalent(2160.00) raw_noncoding(2160.00) offset(0.00) 
90576	88438	single-	4	6	{GlimmerHMM_glimmerT_1748-T1;GlimmerHMM},{HiQ_model.g1535.t1;HiQ}

# EVM prediction: Mode:STANDARD S-ratio: 10000.00 91761-92939 orient(+) score(4716.00) noncoding_equivalent(0.47) raw_noncoding(0.00) offset(0.00) 
91761	92939	single+	1	3	{Augustus_model.g1536.t1;Augustus},{GlimmerHMM_glimmerT_1749-T1;GlimmerHMM}

# EVM prediction: Mode:STANDARD S-ratio: 717.83 93759-95021 orient(+) score(5043.00) noncoding_equivalent(7.03) raw_noncoding(7.03) offset(0.00) 
93759	95021	single+	1	3	{GlimmerHMM_glimmerT_1750-T1;GlimmerHMM},{Augustus_model.g1537.t1;Augustus}

# EVM prediction: Mode:STANDARD S-ratio: 496.73 95793-97925 orient(+) score(8513.00) noncoding_equivalent(17.14) raw_noncoding(17.14) offset(0.00) 
95793	97925	single+	1	3	{Augustus_model.g1538.t1;Augustus}

# EVM prediction: Mode:STANDARD S-ratio: 10000.00 98288-99199 orient(+) score(3648.00) noncoding_equivalent(0.36) raw_noncoding(0.00) offset(0.00) 
98288	99199	single+	1	3	{Augustus_model.g1539.t1;Augustus},{GlimmerHMM_glimmerT_1752-T1;GlimmerHMM}

