!! Predictions spanning range 2612 - 62611 [R1]
# EVM prediction: Mode:STANDARD S-ratio: 10000.00 2612-6186 orient(-) score(7150.00) noncoding_equivalent(0.72) raw_noncoding(0.00) offset(0.00) 
5085	2612	terminal-	5	6	{Augustus_gene746.t1;Augustus}
5201	5086	INTRON			{Augustus_gene746.t1;Augustus}
5227	5202	internal-	6	4	{Augustus_gene746.t1;Augustus}
5938	5228	INTRON			{Augustus_gene746.t1;Augustus}
6186	5939	initial-	4	5	{Augustus_gene746.t1;Augustus}

# EVM prediction: Mode:STANDARD S-ratio: 10000.00 10250-11767 orient(-) score(3036.00) noncoding_equivalent(0.30) raw_noncoding(0.00) offset(0.00) 
11767	10250	single-	4	6	{Augustus_gene754.t1;Augustus}

# EVM prediction: Mode:STANDARD S-ratio: 10000.00 15575-16969 orient(-) score(2790.00) noncoding_equivalent(0.28) raw_noncoding(0.00) offset(0.00) 
16969	15575	single-	4	6	{Augustus_gene740.t1;Augustus}

# EVM prediction: Mode:STANDARD S-ratio: 10000.00 25727-27259 orient(-) score(3066.00) noncoding_equivalent(0.31) raw_noncoding(0.00) offset(0.00) 
27259	25727	single-	4	6	{Augustus_gene737.t1;Augustus}

# EVM prediction: Mode:STANDARD S-ratio: 10000.00 30241-32754 orient(-) score(5028.00) noncoding_equivalent(0.50) raw_noncoding(0.00) offset(0.00) 
32754	30241	single-	4	6	{Augustus_gene562.t1;Augustus}

# EVM prediction: Mode:STANDARD S-ratio: 10000.00 35149-38841 orient(+) score(7386.00) noncoding_equivalent(0.74) raw_noncoding(0.00) offset(0.00) 
35149	38841	single+	1	3	{Augustus_gene1173.t1;Augustus}

# EVM prediction: Mode:STANDARD S-ratio: 10000.00 53181-55619 orient(-) score(4878.00) noncoding_equivalent(0.49) raw_noncoding(0.00) offset(0.00) 
55619	53181	single-	4	6	{Augustus_gene940.t1;Augustus}

# EVM prediction: Mode:STANDARD S-ratio: 10000.00 61907-62611 orient(+) score(1410.00) noncoding_equivalent(0.14) raw_noncoding(0.00) offset(0.00) 
61907	62611	single+	1	3	{Augustus_gene932.t1;Augustus}

