!! Predictions spanning range 1146 - 99227 [R1]
# EVM prediction: Mode:STANDARD S-ratio: 56.79 1146-3182 orient(+) score(8007.00) noncoding_equivalent(141.00) raw_noncoding(141.00) offset(0.00) 
1146	3182	single+	1	3	{GlimmerHMM_glimmerT_4038-T1;GlimmerHMM},{Augustus_model.g3732.t1;Augustus}

# EVM prediction: Mode:STANDARD S-ratio: 330.92 3432-5849 orient(+) score(9644.00) noncoding_equivalent(29.14) raw_noncoding(29.14) offset(0.00) 
3432	5849	single+	1	3	{Augustus_model.g3733.t1;Augustus},{GlimmerHMM_glimmerT_4039-T1;GlimmerHMM}

# EVM prediction: Mode:STANDARD S-ratio: 3.50 6537-7353 orient(+) score(2852.00) noncoding_equivalent(814.00) raw_noncoding(1131.00) offset(317.00) 
6537	6539	initial+	1	3	{Augustus_model.g3734.t1;Augustus},{GlimmerHMM_glimmerT_4040-T1;GlimmerHMM}
6540	6948	INTRON			{Augustus_model.g3734.t1;Augustus},{GlimmerHMM_glimmerT_4040-T1;GlimmerHMM}
6949	7353	terminal+	1	3	{Augustus_model.g3734.t1;Augustus},{snap_scaffold_14-snap.42-T1;snap},{GlimmerHMM_glimmerT_4040-T1;GlimmerHMM}

# EVM prediction: Mode:STANDARD S-ratio: 10000.00 7834-8634 orient(+) score(3198.00) noncoding_equivalent(0.32) raw_noncoding(0.00) offset(0.00) 
7834	8634	single+	1	3	{Augustus_model.g3735.t1;Augustus},{GlimmerHMM_glimmerT_4041-T1;GlimmerHMM}

# EVM prediction: Mode:STANDARD S-ratio: 15.83 8912-10246 orient(+) score(5023.00) noncoding_equivalent(317.24) raw_noncoding(317.24) offset(0.00) 
8912	10246	single+	1	3	{Augustus_model.g3736.t1;Augustus}

# EVM prediction: Mode:STANDARD S-ratio: 4.82 10487-12304 orient(-) score(9033.00) noncoding_equivalent(1875.00) raw_noncoding(1875.00) offset(0.00) 
12304	10487	single-	4	6	{HiQ_model.g3737.t1;HiQ},{GlimmerHMM_glimmerT_4043-T1;GlimmerHMM}

# EVM prediction: Mode:STANDARD S-ratio: 26.33 12954-15971 orient(+) score(11715.00) noncoding_equivalent(445.00) raw_noncoding(537.00) offset(92.00) 
12954	13008	initial+	1	1	{Augustus_model.g3738.t1;Augustus},{snap_scaffold_14-snap.46-T1;snap}
13009	13098	INTRON			{Augustus_model.g3738.t1;Augustus},{snap_scaffold_14-snap.46-T1;snap},{ev_type:exonerate/ID=match.147026.5102/Target=YIL073C;exonerate}
13099	15971	terminal+	2	3	{Augustus_model.g3738.t1;Augustus},{snap_scaffold_14-snap.46-T1;snap}

# EVM prediction: Mode:STANDARD S-ratio: 514.81 16418-17827 orient(+) score(7019.00) noncoding_equivalent(13.63) raw_noncoding(13.63) offset(0.00) 
16418	17827	single+	1	3	{GlimmerHMM_glimmerT_4045-T1;GlimmerHMM},{Augustus_model.g3739.t1;Augustus}

# EVM prediction: Mode:STANDARD S-ratio: 1393.34 18209-21046 orient(+) score(11344.00) noncoding_equivalent(8.14) raw_noncoding(8.14) offset(0.00) 
18209	21046	single+	1	3	{Augustus_model.g3740.t1;Augustus},{GlimmerHMM_glimmerT_4046-T1;GlimmerHMM}

# EVM prediction: Mode:STANDARD S-ratio: 4.82 21361-22251 orient(-) score(4428.00) noncoding_equivalent(918.47) raw_noncoding(918.47) offset(0.00) 
22251	21361	single-	4	6	{GlimmerHMM_glimmerT_4047-T1;GlimmerHMM},{HiQ_model.g3741.t1;HiQ}

# EVM prediction: Mode:STANDARD S-ratio: 92.34 22956-23918 orient(+) score(3811.00) noncoding_equivalent(41.27) raw_noncoding(41.27) offset(0.00) 
22956	23918	single+	1	3	{Augustus_model.g3742.t1;Augustus},{GlimmerHMM_glimmerT_4048-T1;GlimmerHMM}

# EVM prediction: Mode:STANDARD S-ratio: 5.00 24206-26410 orient(-) score(11025.00) noncoding_equivalent(2205.00) raw_noncoding(2205.00) offset(0.00) 
26410	24206	single-	4	6	{HiQ_model.g3743.t1;HiQ},{GlimmerHMM_glimmerT_4049-T1;GlimmerHMM}

# EVM prediction: Mode:STANDARD S-ratio: 20.24 26904-27986 orient(+) score(4128.00) noncoding_equivalent(204.00) raw_noncoding(204.00) offset(0.00) 
26904	27986	single+	1	3	{GlimmerHMM_glimmerT_4050-T1;GlimmerHMM},{Augustus_model.g3744.t1;Augustus}

# EVM prediction: Mode:STANDARD S-ratio: 38.35 28824-29921 orient(+) score(4281.00) noncoding_equivalent(111.62) raw_noncoding(111.62) offset(0.00) 
28824	29921	single+	1	3	{GlimmerHMM_glimmerT_4051-T1;GlimmerHMM},{Augustus_model.g3745.t1;Augustus}

# EVM prediction: Mode:STANDARD S-ratio: 10000.00 30217-31200 orient(+) score(3936.00) noncoding_equivalent(0.39) raw_noncoding(0.00) offset(0.00) 
30217	31200	single+	1	3	{GlimmerHMM_glimmerT_4052-T1;GlimmerHMM},{Augustus_model.g3746.t1;Augustus}

# EVM prediction: Mode:STANDARD S-ratio: 50.62 31433-32986 orient(+) score(6096.00) noncoding_equivalent(120.42) raw_noncoding(120.42) offset(0.00) 
31433	32986	single+	1	3	{GlimmerHMM_glimmerT_4053-T1;GlimmerHMM}

# EVM prediction: Mode:STANDARD S-ratio: 38.50 33357-33830 orient(+) score(1848.00) noncoding_equivalent(48.00) raw_noncoding(48.00) offset(0.00) 
33357	33830	single+	1	3	{GlimmerHMM_glimmerT_4054-T1;GlimmerHMM},{Augustus_model.g3748.t1;Augustus}

# EVM prediction: Mode:STANDARD S-ratio: 173.60 34074-35546 orient(+) score(5859.00) noncoding_equivalent(33.75) raw_noncoding(33.75) offset(0.00) 
34074	35546	single+	1	3	{GlimmerHMM_glimmerT_4055-T1;GlimmerHMM},{Augustus_model.g3749.t1;Augustus}

# EVM prediction: Mode:STANDARD S-ratio: 1.00 37260-37802 orient(-) score(1086.00) noncoding_equivalent(1086.00) raw_noncoding(1086.00) offset(0.00) 
37802	37260	single-	4	6	{GlimmerHMM_glimmerT_4056-T1;GlimmerHMM}

# EVM prediction: Mode:STANDARD S-ratio: 4.72 38406-39881 orient(-) score(7307.00) noncoding_equivalent(1549.00) raw_noncoding(1549.00) offset(0.00) 
39881	38406	single-	4	6	{HiQ_model.g3750.t1;HiQ},{GlimmerHMM_glimmerT_4057-T1;GlimmerHMM}

# EVM prediction: Mode:STANDARD S-ratio: 196.91 40281-42446 orient(+) score(8622.00) noncoding_equivalent(43.79) raw_noncoding(43.79) offset(0.00) 
40281	42446	single+	1	3	{GlimmerHMM_glimmerT_4058-T1;GlimmerHMM},{Augustus_model.g3751.t1;Augustus}

# EVM prediction: Mode:STANDARD S-ratio: 4.65 42509-44410 orient(-) score(9393.00) noncoding_equivalent(2019.00) raw_noncoding(2019.00) offset(0.00) 
44410	42509	single-	4	6	{HiQ_model.g3752.t1;HiQ}

# EVM prediction: Mode:STANDARD S-ratio: 80.54 44692-45486 orient(+) score(3141.00) noncoding_equivalent(39.00) raw_noncoding(39.00) offset(0.00) 
44692	45486	single+	1	3	{GlimmerHMM_glimmerT_4060-T1;GlimmerHMM},{Augustus_model.g3753.t1;Augustus}

# EVM prediction: Mode:STANDARD S-ratio: 85.76 45838-46953 orient(+) score(4414.00) noncoding_equivalent(51.47) raw_noncoding(51.47) offset(0.00) 
45838	46953	single+	1	3	{GlimmerHMM_glimmerT_4061-T1;GlimmerHMM},{Augustus_model.g3754.t1;Augustus}

# EVM prediction: Mode:STANDARD S-ratio: 4.94 47101-49533 orient(-) score(12141.00) noncoding_equivalent(2457.00) raw_noncoding(2457.00) offset(0.00) 
49533	47101	single-	4	6	{GlimmerHMM_glimmerT_4062-T1;GlimmerHMM},{HiQ_model.g3755.t1;HiQ}

# EVM prediction: Mode:STANDARD S-ratio: 83.25 50343-51353 orient(+) score(3996.00) noncoding_equivalent(48.00) raw_noncoding(48.00) offset(0.00) 
50343	51353	single+	1	3	{GlimmerHMM_glimmerT_4063-T1;GlimmerHMM},{Augustus_model.g3756.t1;Augustus}

# EVM prediction: Mode:STANDARD S-ratio: 5.00 51494-53044 orient(-) score(7755.00) noncoding_equivalent(1551.00) raw_noncoding(1551.00) offset(0.00) 
53044	51494	single-	4	6	{HiQ_model.g3757.t1;HiQ},{GlimmerHMM_glimmerT_4064-T1;GlimmerHMM}

# EVM prediction: Mode:STANDARD S-ratio: 40.19 53232-53699 orient(+) score(1827.00) noncoding_equivalent(45.45) raw_noncoding(45.45) offset(0.00) 
53232	53699	single+	1	3	{GlimmerHMM_glimmerT_4065-T1;GlimmerHMM},{Augustus_model.g3758.t1;Augustus}

# EVM prediction: Mode:STANDARD S-ratio: 2.01 53818-55467 orient(-) score(6600.00) noncoding_equivalent(3277.35) raw_noncoding(3277.35) offset(0.00) 
55467	53818	single-	4	6	{GlimmerHMM_glimmerT_4066-T1;GlimmerHMM},{HiQ_model.g3759.t1;HiQ}

# EVM prediction: Mode:STANDARD S-ratio: 198.38 56211-58154 orient(+) score(7737.00) noncoding_equivalent(39.00) raw_noncoding(39.00) offset(0.00) 
56211	58154	single+	1	3	{Augustus_model.g3760.t1;Augustus},{GlimmerHMM_glimmerT_4067-T1;GlimmerHMM}

# EVM prediction: Mode:STANDARD S-ratio: 3.00 58543-58848 orient(+) score(918.00) noncoding_equivalent(306.00) raw_noncoding(306.00) offset(0.00) 
58543	58848	single+	1	3	{GlimmerHMM_glimmerT_4068-T1;GlimmerHMM}

# EVM prediction: Mode:STANDARD S-ratio: 2.01 60402-61679 orient(-) score(5112.00) noncoding_equivalent(2537.02) raw_noncoding(2537.02) offset(0.00) 
61679	60402	single-	4	6	{HiQ_model.g3761.t1;HiQ},{GlimmerHMM_glimmerT_4069-T1;GlimmerHMM}

# EVM prediction: Mode:STANDARD S-ratio: 95.42 61924-63447 orient(+) score(6031.00) noncoding_equivalent(63.20) raw_noncoding(63.20) offset(0.00) 
61924	63447	single+	1	3	{GlimmerHMM_glimmerT_4070-T1;GlimmerHMM},{Augustus_model.g3762.t1;Augustus}

# EVM prediction: Mode:STANDARD S-ratio: 247.73 63787-65838 orient(+) score(8175.00) noncoding_equivalent(33.00) raw_noncoding(33.00) offset(0.00) 
63787	65838	single+	1	3	{GlimmerHMM_glimmerT_4071-T1;GlimmerHMM}

# EVM prediction: Mode:STANDARD S-ratio: 4.02 65975-67001 orient(-) score(4734.00) noncoding_equivalent(1177.00) raw_noncoding(1407.00) offset(230.00) 
66896	65975	terminal-	6	6	{HiQ_model.g3764.t1;HiQ}
66981	66897	INTRON			{HiQ_model.g3764.t1;HiQ},{ev_type:exonerate/ID=match.147026.3916/Target=YIL106W;exonerate}
67001	66982	initial-	4	5	{HiQ_model.g3764.t1;HiQ}

# EVM prediction: Mode:STANDARD S-ratio: 1607.03 67655-70138 orient(+) score(9930.00) noncoding_equivalent(6.18) raw_noncoding(6.18) offset(0.00) 
67655	70138	single+	1	3	{Augustus_model.g3765.t1;Augustus},{GlimmerHMM_glimmerT_4073-T1;GlimmerHMM}

# EVM prediction: Mode:STANDARD S-ratio: 2.00 70443-72533 orient(-) score(8364.00) noncoding_equivalent(4182.00) raw_noncoding(4182.00) offset(0.00) 
72533	70443	single-	4	6	{HiQ_model.g3766.t1;HiQ},{GlimmerHMM_glimmerT_4074-T1;GlimmerHMM}

# EVM prediction: Mode:STANDARD S-ratio: 528.71 73256-76036 orient(+) score(11103.00) noncoding_equivalent(21.00) raw_noncoding(21.00) offset(0.00) 
73256	76036	single+	1	3	{GlimmerHMM_glimmerT_4075-T1;GlimmerHMM},{Augustus_model.g3767.t1;Augustus}

# EVM prediction: Mode:STANDARD S-ratio: 4.97 76239-77369 orient(-) score(5644.00) noncoding_equivalent(1136.30) raw_noncoding(1136.30) offset(0.00) 
77369	76239	single-	4	6	{HiQ_model.g3768.t1;HiQ},{GlimmerHMM_glimmerT_4076-T1;GlimmerHMM}

# EVM prediction: Mode:STANDARD S-ratio: 23.04 77648-81818 orient(-) score(14999.00) noncoding_equivalent(651.09) raw_noncoding(1632.00) offset(980.91) 
78102	77648	terminal-	5	6	{Augustus_model.g3769.t1;Augustus}
78619	78103	INTRON			{Augustus_model.g3769.t1;Augustus}
81818	78620	initial-	4	4	{snap_scaffold_14-snap.74-T1;snap},{Augustus_model.g3769.t1;Augustus}

# EVM prediction: Mode:STANDARD S-ratio: 1.84 82224-82853 orient(-) score(2448.00) noncoding_equivalent(1332.00) raw_noncoding(1332.00) offset(0.00) 
82853	82224	single-	4	6	{HiQ_model.g3770.t1;HiQ}

# EVM prediction: Mode:STANDARD S-ratio: 44.23 83424-84269 orient(+) score(3310.00) noncoding_equivalent(74.84) raw_noncoding(74.84) offset(0.00) 
83424	84269	single+	1	3	{GlimmerHMM_glimmerT_4080-T1;GlimmerHMM},{Augustus_model.g3771.t1;Augustus}

# EVM prediction: Mode:STANDARD S-ratio: 23.05 84701-89300 orient(+) score(17095.00) noncoding_equivalent(741.57) raw_noncoding(1056.00) offset(314.43) 
84701	86429	initial+	1	1	{GlimmerHMM_glimmerT_4081-T1;GlimmerHMM},{snap_scaffold_14-snap.76-T1;snap}
86430	86880	INTRON			{GlimmerHMM_glimmerT_4081-T1;GlimmerHMM},{snap_scaffold_14-snap.76-T1;snap}
86881	89300	terminal+	2	3	{GlimmerHMM_glimmerT_4081-T1;GlimmerHMM},{snap_scaffold_14-snap.76-T1;snap}

# EVM prediction: Mode:STANDARD S-ratio: 4.79 89533-90690 orient(-) score(5750.00) noncoding_equivalent(1199.90) raw_noncoding(1199.90) offset(0.00) 
90690	89533	single-	4	6	{HiQ_model.g3773.t1;HiQ},{GlimmerHMM_glimmerT_4082-T1;GlimmerHMM}

# EVM prediction: Mode:STANDARD S-ratio: 9.87 92052-93008 orient(+) score(3476.00) noncoding_equivalent(352.22) raw_noncoding(352.22) offset(0.00) 
92052	93008	single+	1	3	{GlimmerHMM_glimmerT_4083-T1;GlimmerHMM}

# EVM prediction: Mode:STANDARD S-ratio: 4.97 93174-93869 orient(-) score(3476.00) noncoding_equivalent(700.10) raw_noncoding(700.10) offset(0.00) 
93869	93174	single-	4	6	{HiQ_model.g3775.t1;HiQ},{GlimmerHMM_glimmerT_4084-T1;GlimmerHMM}

# EVM prediction: Mode:STANDARD S-ratio: 2.40 95756-96991 orient(+) score(3489.00) noncoding_equivalent(1455.00) raw_noncoding(1455.00) offset(0.00) 
95756	96991	single+	1	3	{GlimmerHMM_glimmerT_4085-T1;GlimmerHMM}

# EVM prediction: Mode:STANDARD S-ratio: 4.90 97536-99227 orient(-) score(8431.00) noncoding_equivalent(1721.41) raw_noncoding(1721.41) offset(0.00) 
99227	97536	single-	4	6	{GlimmerHMM_glimmerT_4086-T1;GlimmerHMM},{HiQ_model.g3776.t1;HiQ}

