!! Predictions spanning range 4117 - 94779 [R1]
# EVM prediction: Mode:STANDARD S-ratio: 3.02 4117-5331 orient(+) score(3645.00) noncoding_equivalent(1207.00) raw_noncoding(1207.00) offset(0.00) 
4117	5331	single+	1	3	{Augustus_model.g1768.t1;Augustus},{GlimmerHMM_glimmerT_1922-T1;GlimmerHMM}

# EVM prediction: Mode:STANDARD S-ratio: 4.27 6668-8125 orient(-) score(7089.00) noncoding_equivalent(1659.00) raw_noncoding(1659.00) offset(0.00) 
8125	6668	single-	4	6	{GlimmerHMM_glimmerT_1923-T1;GlimmerHMM},{HiQ_model.g1769.t1;HiQ}

# EVM prediction: Mode:STANDARD S-ratio: 32.49 8782-9312 orient(+) score(2059.00) noncoding_equivalent(63.38) raw_noncoding(63.38) offset(0.00) 
8782	9312	single+	1	3	{GlimmerHMM_glimmerT_1924-T1;GlimmerHMM},{Augustus_model.g1770.t1;Augustus}

# EVM prediction: Mode:STANDARD S-ratio: 4.00 9698-10099 orient(-) score(1608.00) noncoding_equivalent(402.00) raw_noncoding(402.00) offset(0.00) 
10099	9698	single-	4	6	{GlimmerHMM_glimmerT_1925-T1;GlimmerHMM},{HiQ_model.g1771.t1;HiQ}

# EVM prediction: Mode:STANDARD S-ratio: 10000.00 11621-12928 orient(+) score(3924.00) noncoding_equivalent(0.39) raw_noncoding(0.00) offset(0.00) 
11621	12928	single+	1	3	{Augustus_model.g1772.t1;Augustus},{GlimmerHMM_glimmerT_1926-T1;GlimmerHMM}

# EVM prediction: Mode:STANDARD S-ratio: 5.00 14945-17239 orient(-) score(11475.00) noncoding_equivalent(2295.00) raw_noncoding(2295.00) offset(0.00) 
17239	14945	single-	4	6	{HiQ_model.g1773.t1;HiQ},{GlimmerHMM_glimmerT_1927-T1;GlimmerHMM}

# EVM prediction: Mode:STANDARD S-ratio: 41.47 17986-20565 orient(+) score(10077.00) noncoding_equivalent(243.00) raw_noncoding(243.00) offset(0.00) 
17986	20565	single+	1	3	{Augustus_model.g1774.t1;Augustus},{GlimmerHMM_glimmerT_1928-T1;GlimmerHMM}

# EVM prediction: Mode:STANDARD S-ratio: 10000.00 20877-22253 orient(+) score(5508.00) noncoding_equivalent(0.55) raw_noncoding(0.00) offset(0.00) 
20877	22253	single+	1	3	{GlimmerHMM_glimmerT_1929-T1;GlimmerHMM},{Augustus_model.g1775.t1;Augustus}

# EVM prediction: Mode:STANDARD S-ratio: 5.00 22472-24535 orient(-) score(10320.00) noncoding_equivalent(2064.00) raw_noncoding(2064.00) offset(0.00) 
24535	22472	single-	4	6	{GlimmerHMM_glimmerT_1930-T1;GlimmerHMM},{HiQ_model.g1776.t1;HiQ}

# EVM prediction: Mode:STANDARD S-ratio: 4.13 24726-25409 orient(-) score(3303.00) noncoding_equivalent(800.18) raw_noncoding(800.18) offset(0.00) 
25409	24726	single-	4	6	{HiQ_model.g1777.t1;HiQ},{GlimmerHMM_glimmerT_1931-T1;GlimmerHMM}

# EVM prediction: Mode:STANDARD S-ratio: 10000.00 25625-26176 orient(+) score(2208.00) noncoding_equivalent(0.22) raw_noncoding(0.00) offset(0.00) 
25625	26176	single+	1	3	{GlimmerHMM_glimmerT_1932-T1;GlimmerHMM},{Augustus_model.g1778.t1;Augustus}

# EVM prediction: Mode:STANDARD S-ratio: 4.74 26512-28221 orient(-) score(8471.00) noncoding_equivalent(1787.44) raw_noncoding(1787.44) offset(0.00) 
28221	26512	single-	4	6	{GlimmerHMM_glimmerT_1933-T1;GlimmerHMM},{HiQ_model.g1779.t1;HiQ}

# EVM prediction: Mode:STANDARD S-ratio: 4.60 28745-30271 orient(-) score(7524.00) noncoding_equivalent(1637.07) raw_noncoding(1637.07) offset(0.00) 
30271	28745	single-	4	6	{HiQ_model.g1780.t1;HiQ},{GlimmerHMM_glimmerT_1934-T1;GlimmerHMM}

# EVM prediction: Mode:STANDARD S-ratio: 115.18 33485-33895 orient(+) score(1628.00) noncoding_equivalent(14.13) raw_noncoding(14.13) offset(0.00) 
33485	33895	single+	1	3	{GlimmerHMM_glimmerT_1935-T1;GlimmerHMM},{Augustus_model.g1781.t1;Augustus}

# EVM prediction: Mode:STANDARD S-ratio: 4.32 34766-35521 orient(-) score(3684.00) noncoding_equivalent(852.00) raw_noncoding(852.00) offset(0.00) 
35521	34766	single-	4	6	{GlimmerHMM_glimmerT_1936-T1;GlimmerHMM},{HiQ_model.g1782.t1;HiQ}

# EVM prediction: Mode:STANDARD S-ratio: 4.22 35759-38320 orient(-) score(12426.00) noncoding_equivalent(2946.00) raw_noncoding(2946.00) offset(0.00) 
38320	35759	single-	4	6	{HiQ_model.g1783.t1;HiQ},{GlimmerHMM_glimmerT_1937-T1;GlimmerHMM}

# EVM prediction: Mode:STANDARD S-ratio: 2.00 39057-39434 orient(+) score(1009.00) noncoding_equivalent(503.87) raw_noncoding(503.87) offset(0.00) 
39057	39434	single+	1	3	{GlimmerHMM_glimmerT_1938-T1;GlimmerHMM}

# EVM prediction: Mode:STANDARD S-ratio: 86.53 39532-42489 orient(+) score(11513.00) noncoding_equivalent(133.05) raw_noncoding(251.45) offset(118.40) 
39532	39538	initial+	1	1	{snap_scaffold_4-snap.156-T1;snap}
39539	39598	INTRON			{snap_scaffold_4-snap.156-T1;snap}
39599	42489	terminal+	2	3	{snap_scaffold_4-snap.156-T1;snap},{Augustus_model.g1784.t1;Augustus}

# EVM prediction: Mode:STANDARD S-ratio: 4.34 42795-44063 orient(-) score(6189.00) noncoding_equivalent(1425.00) raw_noncoding(1425.00) offset(0.00) 
44063	42795	single-	4	6	{GlimmerHMM_glimmerT_1940-T1;GlimmerHMM},{HiQ_model.g1785.t1;HiQ}

# EVM prediction: Mode:STANDARD S-ratio: 4.95 44511-46823 orient(-) score(11541.00) noncoding_equivalent(2330.00) raw_noncoding(2330.00) offset(0.00) 
46823	44511	single-	4	6	{GlimmerHMM_glimmerT_1941-T1;GlimmerHMM},{HiQ_model.g1786.t1;HiQ}

# EVM prediction: Mode:STANDARD S-ratio: 2.00 47284-48156 orient(-) score(3492.00) noncoding_equivalent(1746.00) raw_noncoding(1746.00) offset(0.00) 
48156	47284	single-	4	6	{GlimmerHMM_glimmerT_1942-T1;GlimmerHMM},{HiQ_model.g1787.t1;HiQ}

# EVM prediction: Mode:STANDARD S-ratio: 228.33 48446-50194 orient(+) score(6964.00) noncoding_equivalent(30.50) raw_noncoding(30.50) offset(0.00) 
48446	50194	single+	1	3	{GlimmerHMM_glimmerT_1943-T1;GlimmerHMM},{Augustus_model.g1788.t1;Augustus}

# EVM prediction: Mode:STANDARD S-ratio: 493.63 50724-52415 orient(+) score(8441.00) noncoding_equivalent(17.10) raw_noncoding(17.10) offset(0.00) 
50724	52415	single+	1	3	{GlimmerHMM_glimmerT_1944-T1;GlimmerHMM},{Augustus_model.g1789.t1;Augustus}

# EVM prediction: Mode:STANDARD S-ratio: 10000.00 53282-55528 orient(+) score(8988.00) noncoding_equivalent(0.90) raw_noncoding(0.00) offset(0.00) 
53282	55528	single+	1	3	{Augustus_model.g1790.t1;Augustus},{GlimmerHMM_glimmerT_1945-T1;GlimmerHMM}

# EVM prediction: Mode:STANDARD S-ratio: 4.83 55802-56659 orient(-) score(4264.00) noncoding_equivalent(882.24) raw_noncoding(882.24) offset(0.00) 
56659	55802	single-	4	6	{GlimmerHMM_glimmerT_1946-T1;GlimmerHMM},{HiQ_model.g1791.t1;HiQ}

# EVM prediction: Mode:STANDARD S-ratio: 10000.00 57007-58110 orient(+) score(4416.00) noncoding_equivalent(0.44) raw_noncoding(0.00) offset(0.00) 
57007	58110	single+	1	3	{Augustus_model.g1792.t1;Augustus},{GlimmerHMM_glimmerT_1947-T1;GlimmerHMM}

# EVM prediction: Mode:STANDARD S-ratio: 122.25 58438-61395 orient(+) score(11736.00) noncoding_equivalent(96.00) raw_noncoding(96.00) offset(0.00) 
58438	61395	single+	1	3	{Augustus_model.g1793.t1;Augustus},{GlimmerHMM_glimmerT_1948-T1;GlimmerHMM}

# EVM prediction: Mode:STANDARD S-ratio: 3.27 61543-63474 orient(-) score(8880.00) noncoding_equivalent(2712.00) raw_noncoding(2712.00) offset(0.00) 
63474	61543	single-	4	6	{GlimmerHMM_glimmerT_1949-T1;GlimmerHMM},{HiQ_model.g1794.t1;HiQ}

# EVM prediction: Mode:STANDARD S-ratio: 2.66 63684-64775 orient(+) score(3259.00) noncoding_equivalent(1227.00) raw_noncoding(1227.00) offset(0.00) 
63684	64775	single+	1	3	{GlimmerHMM_glimmerT_1950-T1;GlimmerHMM}

# EVM prediction: Mode:STANDARD S-ratio: 1133.28 65187-66617 orient(+) score(5717.00) noncoding_equivalent(5.04) raw_noncoding(5.04) offset(0.00) 
65187	66617	single+	1	3	{GlimmerHMM_glimmerT_1951-T1;GlimmerHMM},{Augustus_model.g1796.t1;Augustus}

# EVM prediction: Mode:STANDARD S-ratio: 744.23 67330-69387 orient(+) score(8219.00) noncoding_equivalent(11.04) raw_noncoding(11.04) offset(0.00) 
67330	69387	single+	1	3	{Augustus_model.g1797.t1;Augustus},{GlimmerHMM_glimmerT_1952-T1;GlimmerHMM}

# EVM prediction: Mode:STANDARD S-ratio: 5.00 69678-72017 orient(-) score(11700.00) noncoding_equivalent(2340.00) raw_noncoding(2340.00) offset(0.00) 
72017	69678	single-	4	6	{GlimmerHMM_glimmerT_1953-T1;GlimmerHMM},{HiQ_model.g1798.t1;HiQ}

# EVM prediction: Mode:STANDARD S-ratio: 1.01 72169-72774 orient(+) score(1212.00) noncoding_equivalent(1204.35) raw_noncoding(1204.35) offset(0.00) 
72169	72774	single+	1	3	{GlimmerHMM_glimmerT_1954-T1;GlimmerHMM}

# EVM prediction: Mode:STANDARD S-ratio: 4.77 72824-73726 orient(-) score(4473.00) noncoding_equivalent(937.00) raw_noncoding(937.00) offset(0.00) 
73726	72824	single-	4	6	{GlimmerHMM_glimmerT_1955-T1;GlimmerHMM},{HiQ_model.g1799.t1;HiQ}

# EVM prediction: Mode:STANDARD S-ratio: 2.00 74159-74464 orient(-) score(1224.00) noncoding_equivalent(612.00) raw_noncoding(612.00) offset(0.00) 
74464	74159	single-	4	6	{GlimmerHMM_glimmerT_1956-T1;GlimmerHMM},{HiQ_model.g1800.t1;HiQ}

# EVM prediction: Mode:STANDARD S-ratio: 41.74 74642-77398 orient(+) score(10770.00) noncoding_equivalent(258.00) raw_noncoding(258.00) offset(0.00) 
74642	77398	single+	1	3	{GlimmerHMM_glimmerT_1957-T1;GlimmerHMM},{Augustus_model.g1801.t1;Augustus}

# EVM prediction: Mode:STANDARD S-ratio: 5.00 77632-79824 orient(-) score(10965.00) noncoding_equivalent(2193.00) raw_noncoding(2193.00) offset(0.00) 
79824	77632	single-	4	6	{GlimmerHMM_glimmerT_1958-T1;GlimmerHMM},{HiQ_model.g1802.t1;HiQ}

# EVM prediction: Mode:STANDARD S-ratio: 3.00 80468-81289 orient(+) score(2466.00) noncoding_equivalent(822.00) raw_noncoding(822.00) offset(0.00) 
80468	81289	single+	1	3	{GlimmerHMM_glimmerT_1959-T1;GlimmerHMM},{Augustus_model.g1803.t1;Augustus}

# EVM prediction: Mode:STANDARD S-ratio: 4.15 81716-82738 orient(-) score(4947.00) noncoding_equivalent(1191.00) raw_noncoding(1191.00) offset(0.00) 
82738	81716	single-	4	6	{HiQ_model.g1804.t1;HiQ}

# EVM prediction: Mode:STANDARD S-ratio: 5.00 82959-84689 orient(-) score(8655.00) noncoding_equivalent(1731.00) raw_noncoding(1731.00) offset(0.00) 
84689	82959	single-	4	6	{GlimmerHMM_glimmerT_1961-T1;GlimmerHMM},{HiQ_model.g1805.t1;HiQ}

# EVM prediction: Mode:STANDARD S-ratio: 4.93 85525-87576 orient(-) score(10235.00) noncoding_equivalent(2075.13) raw_noncoding(2075.13) offset(0.00) 
87576	85525	single-	4	6	{GlimmerHMM_glimmerT_1962-T1;GlimmerHMM},{HiQ_model.g1806.t1;HiQ}

# EVM prediction: Mode:STANDARD S-ratio: 5.00 87983-88315 orient(-) score(1665.00) noncoding_equivalent(333.00) raw_noncoding(333.00) offset(0.00) 
88315	87983	single-	4	6	{HiQ_model.g1807.t1;HiQ},{GlimmerHMM_glimmerT_1963-T1;GlimmerHMM}

