perl: warning: Setting locale failed.
perl: warning: Please check that your locale settings:
	LANGUAGE = (unset),
	LC_ALL = (unset),
	LC_CTYPE = "UTF-8",
	LANG = "en_US.UTF-8"
    are supported and installed on your system.
perl: warning: Falling back to a fallback locale ("en_US.UTF-8").
Will create parameters for a EUKARYOTIC species!
creating directory /space21/PGE/rangeles/TGFH/TGFH/Sesion2/out/P.pastoris_GS115/predict_misc/ab_initio_parameters/augustus/species/p.pastoris_gs115_xxx/ ...
creating /space21/PGE/rangeles/TGFH/TGFH/Sesion2/out/P.pastoris_GS115/predict_misc/ab_initio_parameters/augustus/species/p.pastoris_gs115_xxx/p.pastoris_gs115_xxx_parameters.cfg ...
creating /space21/PGE/rangeles/TGFH/TGFH/Sesion2/out/P.pastoris_GS115/predict_misc/ab_initio_parameters/augustus/species/p.pastoris_gs115_xxx/p.pastoris_gs115_xxx_weightmatrix.txt ...
creating /space21/PGE/rangeles/TGFH/TGFH/Sesion2/out/P.pastoris_GS115/predict_misc/ab_initio_parameters/augustus/species/p.pastoris_gs115_xxx/p.pastoris_gs115_xxx_metapars.cfg ...
The necessary files for training p.pastoris_gs115_xxx have been created.
Now, either run etraining or optimize_parameters.pl with --species=p.pastoris_gs115_xxx.
etraining quickly estimates the parameters from a file with training genes.
optimize_augustus.pl alternates running etraining and augustus to find optimal metaparameters.

# Read in 1121 genbank sequences.
Quantiles of the GC contents in the training set:
0%	0.368
5%	0.384	10%	0.39
15%	0.393	20%	0.395
25%	0.398	30%	0.4
35%	0.402	40%	0.405
45%	0.408	50%	0.41
55%	0.412	60%	0.415
65%	0.417	70%	0.42
75%	0.423	80%	0.426
85%	0.43	90%	0.437
95%	0.444	100%	0.472
HMM-training the parameters...
i= 0 bc= (0.237, 0.263, 0.263, 0.237)
 ** building model for exons *EXON*
start codon frequencies: ATG(1121)
# admissible start codons and their probabilities: ATG(1), CTG(0), TTG(0)
 number of bases in the reading frames: 585560 586664 586663
--- frame = 0 ---    minPatSum = 233
--- frame = 1 ---    minPatSum = 233
--- frame = 2 ---    minPatSum = 233
--- initial frame = 0 ---    minPatSum = 233
--- initial frame = 1 ---    minPatSum = 233
--- initial frame = 2 ---    minPatSum = 233
--- internal exon terminal frame = 0 ---    minPatSum = 233
--- internal exon terminal frame = 1 ---    minPatSum = 233
--- internal exon terminal frame = 2 ---    minPatSum = 233
single, initial, internal, terminal mean exon lengths :
1088	237	159	694
single exon : 893
initial exon 0 : 82
initial exon 1 : 90
initial exon 2 : 56
internal exon 0 : 115
internal exon 1 : 119
internal exon 2 : 109
terminal exon : 228
Frequency of stop codons:
tag:  386 (0.344)
taa:  476 (0.425)
tga:  259 (0.231)
end *EXON*
Storing parameters to file...
Writing exon model parameters [1] to file /space21/PGE/rangeles/TGFH/TGFH/Sesion2/out/P.pastoris_GS115/predict_misc/ab_initio_parameters/augustus/species/p.pastoris_gs115_xxx/p.pastoris_gs115_xxx_exon_probs.pbl.
