!! Predictions spanning range 5250 - 99244 [R1]
# EVM prediction: Mode:STANDARD S-ratio: 10000.00 5250-5930 orient(-) score(1362.00) noncoding_equivalent(0.14) raw_noncoding(0.00) offset(0.00) 
5930	5250	single-	4	6	{Augustus_gene236.t1;Augustus}

# EVM prediction: Mode:STANDARD S-ratio: 10000.00 7536-8198 orient(+) score(1326.00) noncoding_equivalent(0.13) raw_noncoding(0.00) offset(0.00) 
7536	8198	single+	1	3	{Augustus_gene638.t1;Augustus}

# EVM prediction: Mode:STANDARD S-ratio: 10000.00 13964-15898 orient(+) score(3870.00) noncoding_equivalent(0.39) raw_noncoding(0.00) offset(0.00) 
13964	15898	single+	1	3	{Augustus_gene713.t1;Augustus}

# EVM prediction: Mode:STANDARD S-ratio: 10000.00 31645-33123 orient(-) score(2958.00) noncoding_equivalent(0.30) raw_noncoding(0.00) offset(0.00) 
33123	31645	single-	4	6	{Augustus_gene863.t1;Augustus}

# EVM prediction: Mode:STANDARD S-ratio: 10000.00 39167-42028 orient(-) score(5724.00) noncoding_equivalent(0.57) raw_noncoding(0.00) offset(0.00) 
42028	39167	single-	4	6	{Augustus_gene427.t1;Augustus}

# EVM prediction: Mode:STANDARD S-ratio: 10000.00 42352-43590 orient(-) score(2478.00) noncoding_equivalent(0.25) raw_noncoding(0.00) offset(0.00) 
43590	42352	single-	4	6	{Augustus_gene1031.t1;Augustus}

# EVM prediction: Mode:STANDARD S-ratio: 10000.00 43813-44535 orient(-) score(1446.00) noncoding_equivalent(0.14) raw_noncoding(0.00) offset(0.00) 
44535	43813	single-	4	6	{Augustus_gene93.t1;Augustus}

# EVM prediction: Mode:STANDARD S-ratio: 10000.00 47527-50697 orient(-) score(6342.00) noncoding_equivalent(0.63) raw_noncoding(0.00) offset(0.00) 
50697	47527	single-	4	6	{Augustus_gene195.t1;Augustus}

# EVM prediction: Mode:STANDARD S-ratio: 10000.00 55958-57485 orient(+) score(3056.00) noncoding_equivalent(0.31) raw_noncoding(0.00) offset(0.00) 
55958	56002	initial+	1	3	{Augustus_gene1139.t1;Augustus}
56003	56050	INTRON			{Augustus_gene1139.t1;Augustus}
56051	56723	internal+	1	1	{Augustus_gene1139.t1;Augustus}
56724	56825	INTRON			{Augustus_gene1139.t1;Augustus}
56826	57410	internal+	2	1	{Augustus_gene1139.t1;Augustus}
57411	57459	INTRON			{Augustus_gene1139.t1;Augustus}
57460	57485	terminal+	2	3	{Augustus_gene1139.t1;Augustus}

# EVM prediction: Mode:STANDARD S-ratio: 10000.00 57692-59251 orient(-) score(3120.00) noncoding_equivalent(0.31) raw_noncoding(0.00) offset(0.00) 
59251	57692	single-	4	6	{Augustus_gene335.t1;Augustus}

# EVM prediction: Mode:STANDARD S-ratio: 10000.00 60296-64362 orient(+) score(8134.00) noncoding_equivalent(0.81) raw_noncoding(0.00) offset(0.00) 
60296	64096	initial+	1	3	{Augustus_gene432.t1;Augustus}
64097	64326	INTRON			{Augustus_gene432.t1;Augustus}
64327	64362	terminal+	1	3	{Augustus_gene432.t1;Augustus}

# EVM prediction: Mode:STANDARD S-ratio: 10000.00 75312-76340 orient(+) score(2058.00) noncoding_equivalent(0.21) raw_noncoding(0.00) offset(0.00) 
75312	76031	initial+	1	3	{Augustus_gene444.t1;Augustus}
76032	76322	INTRON			{Augustus_gene444.t1;Augustus}
76323	76340	terminal+	1	3	{Augustus_gene444.t1;Augustus}

# EVM prediction: Mode:STANDARD S-ratio: 10000.00 78502-79673 orient(-) score(2344.00) noncoding_equivalent(0.23) raw_noncoding(0.00) offset(0.00) 
78556	78502	terminal-	6	6	{Augustus_gene590.t1;Augustus}
78624	78557	INTRON			{Augustus_gene590.t1;Augustus}
79673	78625	initial-	4	5	{Augustus_gene590.t1;Augustus}

# EVM prediction: Mode:STANDARD S-ratio: 10000.00 95912-99244 orient(+) score(6666.00) noncoding_equivalent(0.67) raw_noncoding(0.00) offset(0.00) 
95912	99244	single+	1	3	{Augustus_gene837.t1;Augustus}

