!! Predictions spanning range 2000 - 99163 [R1]
# EVM prediction: Mode:STANDARD S-ratio: 15.72 2000-2668 orient(+) score(1887.00) noncoding_equivalent(120.00) raw_noncoding(120.00) offset(0.00) 
2000	2668	single+	1	3	{GlimmerHMM_glimmerT_5325-T1;GlimmerHMM},{Augustus_model.g4771.t1;Augustus}

# EVM prediction: Mode:STANDARD S-ratio: 10000.00 3640-5265 orient(+) score(4869.00) noncoding_equivalent(0.49) raw_noncoding(0.00) offset(0.00) 
3640	5265	single+	1	3	{Augustus_model.g4772.t1;Augustus},{GlimmerHMM_glimmerT_5326-T1;GlimmerHMM}

# EVM prediction: Mode:STANDARD S-ratio: 10000.00 6463-7056 orient(-) score(1782.00) noncoding_equivalent(0.18) raw_noncoding(0.00) offset(0.00) 
7056	6463	single-	4	6	{Augustus_model.g4773.t1;Augustus},{GlimmerHMM_glimmerT_5327-T1;GlimmerHMM}

# EVM prediction: Mode:STANDARD S-ratio: 107.86 7461-9746 orient(+) score(6795.00) noncoding_equivalent(63.00) raw_noncoding(63.00) offset(0.00) 
7461	9746	single+	1	3	{Augustus_model.g4774.t1;Augustus},{GlimmerHMM_glimmerT_5328-T1;GlimmerHMM}

# EVM prediction: Mode:STANDARD S-ratio: 203.83 10254-13940 orient(+) score(11007.00) noncoding_equivalent(54.00) raw_noncoding(54.00) offset(0.00) 
10254	13940	single+	1	3	{Augustus_model.g4775.t1;Augustus},{GlimmerHMM_glimmerT_5329-T1;GlimmerHMM}

# EVM prediction: Mode:STANDARD S-ratio: 364.27 14332-20760 orient(+) score(25640.00) noncoding_equivalent(70.39) raw_noncoding(70.39) offset(0.00) 
14332	20760	single+	1	3	{Augustus_model.g4776.t1;Augustus},{GlimmerHMM_glimmerT_5330-T1;GlimmerHMM}

# EVM prediction: Mode:STANDARD S-ratio: 385.54 21197-21844 orient(+) score(1937.00) noncoding_equivalent(5.02) raw_noncoding(5.02) offset(0.00) 
21197	21844	single+	1	3	{Augustus_model.g4777.t1;Augustus},{GlimmerHMM_glimmerT_5331-T1;GlimmerHMM}

# EVM prediction: Mode:STANDARD S-ratio: 105.87 22696-25182 orient(+) score(9846.00) noncoding_equivalent(93.00) raw_noncoding(93.00) offset(0.00) 
22696	25182	single+	1	3	{Augustus_model.g4778.t1;Augustus},{GlimmerHMM_glimmerT_5332-T1;GlimmerHMM}

# EVM prediction: Mode:STANDARD S-ratio: 3.97 25436-28072 orient(-) score(12635.00) noncoding_equivalent(3180.71) raw_noncoding(3180.71) offset(0.00) 
28072	25436	single-	4	6	{HiQ_model.g4779.t1;HiQ},{GlimmerHMM_glimmerT_5333-T1;GlimmerHMM}

# EVM prediction: Mode:STANDARD S-ratio: 5.00 29490-31310 orient(-) score(9105.00) noncoding_equivalent(1821.00) raw_noncoding(1821.00) offset(0.00) 
31310	29490	single-	4	6	{HiQ_model.g4780.t1;HiQ},{GlimmerHMM_glimmerT_5334-T1;GlimmerHMM}

# EVM prediction: Mode:STANDARD S-ratio: 10000.00 31598-32893 orient(+) score(3888.00) noncoding_equivalent(0.39) raw_noncoding(0.00) offset(0.00) 
31598	32893	single+	1	3	{Augustus_model.g4781.t1;Augustus},{GlimmerHMM_glimmerT_5335-T1;GlimmerHMM}

# EVM prediction: Mode:STANDARD S-ratio: 3.04 33518-34129 orient(+) score(1840.00) noncoding_equivalent(605.32) raw_noncoding(605.32) offset(0.00) 
33518	34129	single+	1	3	{GlimmerHMM_glimmerT_5336-T1;GlimmerHMM},{Augustus_model.g4782.t1;Augustus}

# EVM prediction: Mode:STANDARD S-ratio: 401.09 34419-36938 orient(+) score(10053.00) noncoding_equivalent(25.06) raw_noncoding(25.06) offset(0.00) 
34419	36938	single+	1	3	{GlimmerHMM_glimmerT_5337-T1;GlimmerHMM},{Augustus_model.g4783.t1;Augustus}

# EVM prediction: Mode:STANDARD S-ratio: 1.95 37094-37561 orient(-) score(1851.00) noncoding_equivalent(950.10) raw_noncoding(950.10) offset(0.00) 
37561	37094	single-	4	6	{HiQ_model.g4784.t1;HiQ}

# EVM prediction: Mode:STANDARD S-ratio: 76.88 37832-38752 orient(+) score(3635.00) noncoding_equivalent(47.28) raw_noncoding(47.28) offset(0.00) 
37832	38752	single+	1	3	{GlimmerHMM_glimmerT_5339-T1;GlimmerHMM},{Augustus_model.g4785.t1;Augustus}

# EVM prediction: Mode:STANDARD S-ratio: 2.00 38939-40288 orient(-) score(5394.00) noncoding_equivalent(2694.85) raw_noncoding(2694.85) offset(0.00) 
40288	38939	single-	4	6	{HiQ_model.g4786.t1;HiQ},{GlimmerHMM_glimmerT_5340-T1;GlimmerHMM}

# EVM prediction: Mode:STANDARD S-ratio: 10000.00 40705-42153 orient(+) score(5796.00) noncoding_equivalent(0.58) raw_noncoding(0.00) offset(0.00) 
40705	42153	single+	1	3	{Augustus_model.g4787.t1;Augustus},{GlimmerHMM_glimmerT_5341-T1;GlimmerHMM}

# EVM prediction: Mode:STANDARD S-ratio: 10000.00 43145-44206 orient(+) score(3186.00) noncoding_equivalent(0.32) raw_noncoding(0.00) offset(0.00) 
43145	44206	single+	1	3	{Augustus_model.g4788.t1;Augustus},{GlimmerHMM_glimmerT_5342-T1;GlimmerHMM}

# EVM prediction: Mode:STANDARD S-ratio: 47.64 44380-45060 orient(+) score(2001.00) noncoding_equivalent(42.00) raw_noncoding(42.00) offset(0.00) 
44380	45060	single+	1	3	{Augustus_model.g4789.t1;Augustus},{GlimmerHMM_glimmerT_5343-T1;GlimmerHMM}

# EVM prediction: Mode:STANDARD S-ratio: 10.54 47265-51412 orient(+) score(10978.00) noncoding_equivalent(1041.15) raw_noncoding(1372.38) offset(331.23) 
47265	49377	initial+	1	1	{GlimmerHMM_glimmerT_5344-T1;GlimmerHMM}
49378	49799	INTRON			{GlimmerHMM_glimmerT_5344-T1;GlimmerHMM}
49800	51412	terminal+	2	3	{GlimmerHMM_glimmerT_5344-T1;GlimmerHMM}

# EVM prediction: Mode:STANDARD S-ratio: 320.55 52064-54193 orient(+) score(10578.00) noncoding_equivalent(33.00) raw_noncoding(33.00) offset(0.00) 
52064	54193	single+	1	3	{GlimmerHMM_glimmerT_5345-T1;GlimmerHMM}

# EVM prediction: Mode:STANDARD S-ratio: 10000.00 54587-55915 orient(+) score(3987.00) noncoding_equivalent(0.40) raw_noncoding(0.00) offset(0.00) 
54587	55915	single+	1	3	{Augustus_model.g4791.t1;Augustus},{GlimmerHMM_glimmerT_5346-T1;GlimmerHMM}

# EVM prediction: Mode:STANDARD S-ratio: 11.38 56179-60426 orient(-) score(13282.00) noncoding_equivalent(1167.00) raw_noncoding(2330.00) offset(1163.00) 
58640	56179	terminal-	5	6	{GlimmerHMM_glimmerT_5347-T1;GlimmerHMM},{snap_scaffold_15-snap.49-T1;snap},{Augustus_model.g4792.t1;Augustus}
59252	58641	INTRON			{Augustus_model.g4792.t1;Augustus}
60426	59253	initial-	4	4	{Augustus_model.g4792.t1;Augustus}

# EVM prediction: Mode:STANDARD S-ratio: 10000.00 61273-61785 orient(+) score(2052.00) noncoding_equivalent(0.21) raw_noncoding(0.00) offset(0.00) 
61273	61785	single+	1	3	{GlimmerHMM_glimmerT_5348-T1;GlimmerHMM},{Augustus_model.g4793.t1;Augustus}

# EVM prediction: Mode:STANDARD S-ratio: 4.82 61996-63501 orient(-) score(7482.00) noncoding_equivalent(1551.00) raw_noncoding(1551.00) offset(0.00) 
63501	61996	single-	4	6	{HiQ_model.g4794.t1;HiQ}

# EVM prediction: Mode:STANDARD S-ratio: 5.00 63825-66083 orient(-) score(11295.00) noncoding_equivalent(2259.00) raw_noncoding(2259.00) offset(0.00) 
66083	63825	single-	4	6	{HiQ_model.g4795.t1;HiQ},{GlimmerHMM_glimmerT_5350-T1;GlimmerHMM}

# EVM prediction: Mode:STANDARD S-ratio: 1.96 68078-68725 orient(-) score(1285.00) noncoding_equivalent(657.03) raw_noncoding(657.03) offset(0.00) 
68725	68078	single-	4	6	{GlimmerHMM_glimmerT_5352-T1;GlimmerHMM}

# EVM prediction: Mode:STANDARD S-ratio: 1.16 68965-70065 orient(-) score(1772.00) noncoding_equivalent(1532.27) raw_noncoding(1532.27) offset(0.00) 
70065	68965	single-	4	6	{GlimmerHMM_glimmerT_5353-T1;GlimmerHMM}

# EVM prediction: Mode:STANDARD S-ratio: 39.10 70317-77213 orient(+) score(20175.00) noncoding_equivalent(516.00) raw_noncoding(516.00) offset(0.00) 
70317	77213	single+	1	3	{GlimmerHMM_glimmerT_5354-T1;GlimmerHMM}

# EVM prediction: Mode:STANDARD S-ratio: 58.61 78323-79825 orient(+) score(5910.00) noncoding_equivalent(100.84) raw_noncoding(100.84) offset(0.00) 
78323	79825	single+	1	3	{Augustus_model.g4798.t1;Augustus},{GlimmerHMM_glimmerT_5355-T1;GlimmerHMM}

# EVM prediction: Mode:STANDARD S-ratio: 116.43 80342-82516 orient(+) score(6468.00) noncoding_equivalent(55.55) raw_noncoding(55.55) offset(0.00) 
80342	82516	single+	1	3	{GlimmerHMM_glimmerT_5356-T1;GlimmerHMM}

# EVM prediction: Mode:STANDARD S-ratio: 10000.00 83475-85319 orient(+) score(7380.00) noncoding_equivalent(0.74) raw_noncoding(0.00) offset(0.00) 
83475	85319	single+	1	3	{Augustus_model.g4800.t1;Augustus},{GlimmerHMM_glimmerT_5357-T1;GlimmerHMM}

# EVM prediction: Mode:STANDARD S-ratio: 4.74 85586-87050 orient(-) score(7171.00) noncoding_equivalent(1513.63) raw_noncoding(1725.00) offset(211.37) 
86897	85586	terminal-	6	6	{GlimmerHMM_glimmerT_5358-T1;GlimmerHMM},{HiQ_model.g4801.t1;HiQ}
87003	86898	INTRON			{GlimmerHMM_glimmerT_5358-T1;GlimmerHMM},{HiQ_model.g4801.t1;HiQ},{ev_type:exonerate/ID=match.111469.25/Target=YFR024C-A;exonerate}
87050	87004	initial-	4	5	{GlimmerHMM_glimmerT_5358-T1;GlimmerHMM},{HiQ_model.g4801.t1;HiQ}

# EVM prediction: Mode:STANDARD S-ratio: 6.35 87358-88680 orient(-) score(3654.00) noncoding_equivalent(575.29) raw_noncoding(842.75) offset(267.47) 
88403	87358	terminal-	5	6	{Augustus_model.g4802.t1;Augustus},{GlimmerHMM_glimmerT_5359-T1;GlimmerHMM}
88667	88404	INTRON			{Augustus_model.g4802.t1;Augustus},{GlimmerHMM_glimmerT_5359-T1;GlimmerHMM}
88680	88668	initial-	4	4	{Augustus_model.g4802.t1;Augustus},{GlimmerHMM_glimmerT_5359-T1;GlimmerHMM}

# EVM prediction: Mode:STANDARD S-ratio: 10000.00 90355-91197 orient(+) score(3372.00) noncoding_equivalent(0.34) raw_noncoding(0.00) offset(0.00) 
90355	91197	single+	1	3	{Augustus_model.g4803.t1;Augustus},{GlimmerHMM_glimmerT_5361-T1;GlimmerHMM}

# EVM prediction: Mode:STANDARD S-ratio: 5.00 91288-92946 orient(-) score(8295.00) noncoding_equivalent(1659.00) raw_noncoding(1659.00) offset(0.00) 
92946	91288	single-	4	6	{HiQ_model.g4804.t1;HiQ},{GlimmerHMM_glimmerT_5362-T1;GlimmerHMM}

# EVM prediction: Mode:STANDARD S-ratio: 10000.00 93749-95761 orient(+) score(8052.00) noncoding_equivalent(0.81) raw_noncoding(0.00) offset(0.00) 
93749	95761	single+	1	3	{GlimmerHMM_glimmerT_5363-T1;GlimmerHMM},{Augustus_model.g4805.t1;Augustus}

# EVM prediction: Mode:STANDARD S-ratio: 413.40 96056-99163 orient(+) score(12402.00) noncoding_equivalent(30.00) raw_noncoding(30.00) offset(0.00) 
96056	99163	single+	1	3	{Augustus_model.g4806.t1;Augustus},{GlimmerHMM_glimmerT_5364-T1;GlimmerHMM}

