!! Predictions spanning range 549 - 99016 [R1]
# EVM prediction: Mode:STANDARD S-ratio: 652.96 549-4838 orient(+) score(17132.00) noncoding_equivalent(26.24) raw_noncoding(26.24) offset(0.00) 
549	4838	single+	1	3	{Augustus_model.g987.t1;Augustus},{GlimmerHMM_glimmerT_1065-T1;GlimmerHMM}

# EVM prediction: Mode:STANDARD S-ratio: 253.35 5515-7137 orient(+) score(4848.00) noncoding_equivalent(19.14) raw_noncoding(19.14) offset(0.00) 
5515	7137	single+	1	3	{Augustus_model.g988.t1;Augustus},{GlimmerHMM_glimmerT_1066-T1;GlimmerHMM}

# EVM prediction: Mode:STANDARD S-ratio: 4.36 7235-9103 orient(-) score(9123.00) noncoding_equivalent(2091.00) raw_noncoding(2091.00) offset(0.00) 
9103	7235	single-	4	6	{HiQ_model.g989.t1;HiQ},{GlimmerHMM_glimmerT_1067-T1;GlimmerHMM}

# EVM prediction: Mode:STANDARD S-ratio: 4.72 9394-11592 orient(-) score(10887.00) noncoding_equivalent(2307.00) raw_noncoding(2307.00) offset(0.00) 
11592	9394	single-	4	6	{GlimmerHMM_glimmerT_1068-T1;GlimmerHMM},{HiQ_model.g990.t1;HiQ}

# EVM prediction: Mode:STANDARD S-ratio: 4.70 11900-13021 orient(-) score(5550.00) noncoding_equivalent(1182.00) raw_noncoding(1182.00) offset(0.00) 
13021	11900	single-	4	6	{GlimmerHMM_glimmerT_1069-T1;GlimmerHMM},{HiQ_model.g991.t1;HiQ}

# EVM prediction: Mode:STANDARD S-ratio: 1072.92 13269-16199 orient(+) score(8783.00) noncoding_equivalent(8.19) raw_noncoding(8.19) offset(0.00) 
13269	16199	single+	1	3	{GlimmerHMM_glimmerT_1070-T1;GlimmerHMM},{Augustus_model.g992.t1;Augustus}

# EVM prediction: Mode:STANDARD S-ratio: 1.00 16541-17488 orient(+) score(1896.00) noncoding_equivalent(1896.00) raw_noncoding(1896.00) offset(0.00) 
16541	17488	single+	1	3	{GlimmerHMM_glimmerT_1071-T1;GlimmerHMM}

# EVM prediction: Mode:STANDARD S-ratio: 13.68 17872-20616 orient(+) score(7674.00) noncoding_equivalent(561.00) raw_noncoding(561.00) offset(0.00) 
17872	20616	single+	1	3	{GlimmerHMM_glimmerT_1072-T1;GlimmerHMM}

# EVM prediction: Mode:STANDARD S-ratio: 42.51 21073-22227 orient(+) score(4506.00) noncoding_equivalent(106.00) raw_noncoding(106.00) offset(0.00) 
21073	22227	single+	1	3	{Augustus_model.g994.t1;Augustus},{GlimmerHMM_glimmerT_1073-T1;GlimmerHMM}

# EVM prediction: Mode:STANDARD S-ratio: 10000.00 23928-24611 orient(+) score(2052.00) noncoding_equivalent(0.21) raw_noncoding(0.00) offset(0.00) 
23928	24611	single+	1	3	{Augustus_model.g995.t1;Augustus},{GlimmerHMM_glimmerT_1074-T1;GlimmerHMM}

# EVM prediction: Mode:STANDARD S-ratio: 1434.48 25053-26150 orient(+) score(4387.00) noncoding_equivalent(3.06) raw_noncoding(3.06) offset(0.00) 
25053	26150	single+	1	3	{Augustus_model.g996.t1;Augustus},{GlimmerHMM_glimmerT_1075-T1;GlimmerHMM}

# EVM prediction: Mode:STANDARD S-ratio: 4.94 26385-27017 orient(-) score(3157.00) noncoding_equivalent(639.05) raw_noncoding(639.05) offset(0.00) 
27017	26385	single-	4	6	{GlimmerHMM_glimmerT_1076-T1;GlimmerHMM},{HiQ_model.g997.t1;HiQ}

# EVM prediction: Mode:STANDARD S-ratio: 295.67 27251-28585 orient(+) score(5322.00) noncoding_equivalent(18.00) raw_noncoding(18.00) offset(0.00) 
27251	28585	single+	1	3	{Augustus_model.g998.t1;Augustus},{GlimmerHMM_glimmerT_1077-T1;GlimmerHMM}

# EVM prediction: Mode:STANDARD S-ratio: 4.72 28769-29701 orient(-) score(4618.00) noncoding_equivalent(978.33) raw_noncoding(978.33) offset(0.00) 
29701	28769	single-	4	6	{HiQ_model.g999.t1;HiQ}

# EVM prediction: Mode:STANDARD S-ratio: 4.94 30091-32952 orient(-) score(14280.00) noncoding_equivalent(2892.00) raw_noncoding(2892.00) offset(0.00) 
32952	30091	single-	4	6	{HiQ_model.g1000.t1;HiQ},{GlimmerHMM_glimmerT_1079-T1;GlimmerHMM}

# EVM prediction: Mode:STANDARD S-ratio: 48.93 33545-34930 orient(+) score(5432.00) noncoding_equivalent(111.02) raw_noncoding(111.02) offset(0.00) 
33545	34930	single+	1	3	{GlimmerHMM_glimmerT_1080-T1;GlimmerHMM}

# EVM prediction: Mode:STANDARD S-ratio: 4.23 35054-35665 orient(-) score(2969.00) noncoding_equivalent(701.60) raw_noncoding(701.60) offset(0.00) 
35665	35054	single-	4	6	{HiQ_model.g1002.t1;HiQ},{GlimmerHMM_glimmerT_1081-T1;GlimmerHMM}

# EVM prediction: Mode:STANDARD S-ratio: 8.54 35946-36554 orient(-) score(2179.00) noncoding_equivalent(255.05) raw_noncoding(255.05) offset(0.00) 
36554	35946	single-	4	6	{GlimmerHMM_glimmerT_1082-T1;GlimmerHMM}

# EVM prediction: Mode:STANDARD S-ratio: 14.22 36806-37747 orient(-) score(3515.00) noncoding_equivalent(247.13) raw_noncoding(247.13) offset(0.00) 
37747	36806	single-	4	6	{GlimmerHMM_glimmerT_1083-T1;GlimmerHMM}

# EVM prediction: Mode:STANDARD S-ratio: 90.79 38104-41268 orient(+) score(9390.00) noncoding_equivalent(103.43) raw_noncoding(103.43) offset(0.00) 
38104	41268	single+	1	3	{Augustus_model.g1004.t1;Augustus},{GlimmerHMM_glimmerT_1084-T1;GlimmerHMM}

# EVM prediction: Mode:STANDARD S-ratio: 60.60 41636-42097 orient(+) score(1818.00) noncoding_equivalent(30.00) raw_noncoding(30.00) offset(0.00) 
41636	42097	single+	1	3	{Augustus_model.g1005.t1;Augustus},{GlimmerHMM_glimmerT_1085-T1;GlimmerHMM}

# EVM prediction: Mode:STANDARD S-ratio: 217.99 42592-46854 orient(+) score(16973.00) noncoding_equivalent(77.86) raw_noncoding(77.86) offset(0.00) 
42592	46854	single+	1	3	{Augustus_model.g1006.t1;Augustus},{GlimmerHMM_glimmerT_1086-T1;GlimmerHMM}

# EVM prediction: Mode:STANDARD S-ratio: 87.18 47196-48857 orient(+) score(6571.00) noncoding_equivalent(75.37) raw_noncoding(75.37) offset(0.00) 
47196	48857	single+	1	3	{Augustus_model.g1007.t1;Augustus},{GlimmerHMM_glimmerT_1087-T1;GlimmerHMM}

# EVM prediction: Mode:STANDARD S-ratio: 81.21 49447-51852 orient(+) score(9501.00) noncoding_equivalent(117.00) raw_noncoding(117.00) offset(0.00) 
49447	51852	single+	1	3	{Augustus_model.g1008.t1;Augustus},{GlimmerHMM_glimmerT_1088-T1;GlimmerHMM}

# EVM prediction: Mode:STANDARD S-ratio: 1.00 52354-52536 orient(+) score(366.00) noncoding_equivalent(366.00) raw_noncoding(366.00) offset(0.00) 
52354	52536	single+	1	3	{GlimmerHMM_glimmerT_1089-T1;GlimmerHMM}

# EVM prediction: Mode:STANDARD S-ratio: 4.08 52914-53480 orient(-) score(2731.00) noncoding_equivalent(669.77) raw_noncoding(669.77) offset(0.00) 
53480	52914	single-	4	6	{HiQ_model.g1009.t1;HiQ},{GlimmerHMM_glimmerT_1090-T1;GlimmerHMM}

# EVM prediction: Mode:STANDARD S-ratio: 10000.00 54291-55535 orient(+) score(4980.00) noncoding_equivalent(0.50) raw_noncoding(0.00) offset(0.00) 
54291	55535	single+	1	3	{GlimmerHMM_glimmerT_1091-T1;GlimmerHMM},{Augustus_model.g1010.t1;Augustus}

# EVM prediction: Mode:STANDARD S-ratio: 2.99 55762-56166 orient(+) score(1209.00) noncoding_equivalent(405.00) raw_noncoding(405.00) offset(0.00) 
55762	56166	single+	1	3	{GlimmerHMM_glimmerT_1092-T1;GlimmerHMM}

# EVM prediction: Mode:STANDARD S-ratio: 2.90 56553-56732 orient(-) score(534.00) noncoding_equivalent(184.02) raw_noncoding(184.02) offset(0.00) 
56732	56553	single-	4	6	{GlimmerHMM_glimmerT_1093-T1;GlimmerHMM}

# EVM prediction: Mode:STANDARD S-ratio: 4.76 57473-58573 orient(-) score(5457.00) noncoding_equivalent(1147.25) raw_noncoding(1147.25) offset(0.00) 
58573	57473	single-	4	6	{GlimmerHMM_glimmerT_1094-T1;GlimmerHMM},{HiQ_model.g1012.t1;HiQ}

# EVM prediction: Mode:STANDARD S-ratio: 4.91 58938-60695 orient(-) score(8763.00) noncoding_equivalent(1783.11) raw_noncoding(1783.11) offset(0.00) 
60695	58938	single-	4	6	{GlimmerHMM_glimmerT_1095-T1;GlimmerHMM},{HiQ_model.g1013.t1;HiQ}

# EVM prediction: Mode:STANDARD S-ratio: 453.17 63059-67747 orient(+) score(18713.00) noncoding_equivalent(41.29) raw_noncoding(41.29) offset(0.00) 
63059	67747	single+	1	3	{Augustus_model.g1014.t1;Augustus},{GlimmerHMM_glimmerT_1096-T1;GlimmerHMM}

# EVM prediction: Mode:STANDARD S-ratio: 6.00 69204-71288 orient(-) score(12510.00) noncoding_equivalent(2085.00) raw_noncoding(2085.00) offset(0.00) 
71288	69204	single-	4	6	{HiQ_model.g1015.t1;HiQ},{GlimmerHMM_glimmerT_1097-T1;GlimmerHMM}

# EVM prediction: Mode:STANDARD S-ratio: 3.00 72262-72576 orient(+) score(945.00) noncoding_equivalent(315.00) raw_noncoding(315.00) offset(0.00) 
72262	72576	single+	1	3	{Augustus_model.g1016.t1;Augustus},{GlimmerHMM_glimmerT_1098-T1;GlimmerHMM}

# EVM prediction: Mode:STANDARD S-ratio: 4.74 72775-73842 orient(-) score(5290.00) noncoding_equivalent(1116.44) raw_noncoding(1116.44) offset(0.00) 
73842	72775	single-	4	6	{GlimmerHMM_glimmerT_1099-T1;GlimmerHMM},{HiQ_model.g1017.t1;HiQ}

# EVM prediction: Mode:STANDARD S-ratio: 51.55 74891-76219 orient(+) score(5215.00) noncoding_equivalent(101.17) raw_noncoding(101.17) offset(0.00) 
74891	76219	single+	1	3	{GlimmerHMM_glimmerT_1100-T1;GlimmerHMM}

# EVM prediction: Mode:STANDARD S-ratio: 8.61 77111-77832 orient(+) score(2489.00) noncoding_equivalent(289.01) raw_noncoding(770.36) offset(481.35) 
77111	77118	initial+	1	2	{snap_scaffold_3-snap.70-T1;snap}
77119	77390	INTRON			{snap_scaffold_3-snap.70-T1;snap}
77391	77832	terminal+	3	3	{snap_scaffold_3-snap.70-T1;snap}

# EVM prediction: Mode:STANDARD S-ratio: 4.02 78150-79094 orient(-) score(4533.00) noncoding_equivalent(1129.00) raw_noncoding(1129.00) offset(0.00) 
79094	78150	single-	4	6	{HiQ_model.g1019.t1;HiQ},{GlimmerHMM_glimmerT_1102-T1;GlimmerHMM}

# EVM prediction: Mode:STANDARD S-ratio: 10000.00 79814-81124 orient(+) score(5244.00) noncoding_equivalent(0.52) raw_noncoding(0.00) offset(0.00) 
79814	81124	single+	1	3	{GlimmerHMM_glimmerT_1103-T1;GlimmerHMM},{Augustus_model.g1020.t1;Augustus}

# EVM prediction: Mode:STANDARD S-ratio: 504.21 81376-82791 orient(+) score(5651.00) noncoding_equivalent(11.21) raw_noncoding(11.21) offset(0.00) 
81376	82791	single+	1	3	{Augustus_model.g1021.t1;Augustus},{GlimmerHMM_glimmerT_1104-T1;GlimmerHMM}

# EVM prediction: Mode:STANDARD S-ratio: 5.00 83700-85076 orient(-) score(6885.00) noncoding_equivalent(1377.00) raw_noncoding(1377.00) offset(0.00) 
85076	83700	single-	4	6	{HiQ_model.g1022.t1;HiQ},{GlimmerHMM_glimmerT_1105-T1;GlimmerHMM}

# EVM prediction: Mode:STANDARD S-ratio: 5.00 85506-87680 orient(-) score(10875.00) noncoding_equivalent(2175.00) raw_noncoding(2175.00) offset(0.00) 
87680	85506	single-	4	6	{GlimmerHMM_glimmerT_1106-T1;GlimmerHMM},{HiQ_model.g1023.t1;HiQ}

# EVM prediction: Mode:STANDARD S-ratio: 2.00 87985-88458 orient(-) score(1896.00) noncoding_equivalent(948.00) raw_noncoding(948.00) offset(0.00) 
88458	87985	single-	4	6	{GlimmerHMM_glimmerT_1107-T1;GlimmerHMM},{HiQ_model.g1024.t1;HiQ}

# EVM prediction: Mode:STANDARD S-ratio: 10000.00 88694-89917 orient(+) score(4896.00) noncoding_equivalent(0.49) raw_noncoding(0.00) offset(0.00) 
88694	89917	single+	1	3	{GlimmerHMM_glimmerT_1108-T1;GlimmerHMM},{Augustus_model.g1025.t1;Augustus}

# EVM prediction: Mode:STANDARD S-ratio: 3.56 90117-91163 orient(-) score(4905.00) noncoding_equivalent(1377.00) raw_noncoding(1377.00) offset(0.00) 
91163	90117	single-	4	6	{GlimmerHMM_glimmerT_1109-T1;GlimmerHMM},{HiQ_model.g1026.t1;HiQ}

# EVM prediction: Mode:STANDARD S-ratio: 4.99 91572-92243 orient(-) score(3354.00) noncoding_equivalent(672.00) raw_noncoding(672.00) offset(0.00) 
92243	91572	single-	4	6	{GlimmerHMM_glimmerT_1110-T1;GlimmerHMM},{HiQ_model.g1027.t1;HiQ}

# EVM prediction: Mode:STANDARD S-ratio: 4.28 92470-94503 orient(-) score(9888.00) noncoding_equivalent(2311.00) raw_noncoding(2311.00) offset(0.00) 
94503	92470	single-	4	6	{HiQ_model.g1028.t1;HiQ},{GlimmerHMM_glimmerT_1111-T1;GlimmerHMM}

# EVM prediction: Mode:STANDARD S-ratio: 4.70 94795-97884 orient(-) score(15284.00) noncoding_equivalent(3255.00) raw_noncoding(3255.00) offset(0.00) 
97884	94795	single-	4	6	{GlimmerHMM_glimmerT_1112-T1;GlimmerHMM},{HiQ_model.g1029.t1;HiQ}

# EVM prediction: Mode:STANDARD S-ratio: 8.08 98289-99016 orient(-) score(3444.00) noncoding_equivalent(426.00) raw_noncoding(1609.00) offset(1183.00) 
98554	98289	terminal-	5	6	{HiQ_model.g1030.t1;HiQ}
98964	98555	INTRON			{HiQ_model.g1030.t1;HiQ},{ev_type:exonerate/ID=match.160399.2711/Target=YMR230W;exonerate},{ev_type:exonerate/ID=match.160399.4519/Target=YOR293W;exonerate}
99016	98965	initial-	4	4	{HiQ_model.g1030.t1;HiQ}

