!! Predictions spanning range 6047 - 97778 [R1]
# EVM prediction: Mode:STANDARD S-ratio: 10000.00 6047-7429 orient(+) score(2766.00) noncoding_equivalent(0.28) raw_noncoding(0.00) offset(0.00) 
6047	7429	single+	1	3	{Augustus_gene810.t1;Augustus}

# EVM prediction: Mode:STANDARD S-ratio: 10000.00 7757-8254 orient(+) score(996.00) noncoding_equivalent(0.10) raw_noncoding(0.00) offset(0.00) 
7757	8254	single+	1	3	{Augustus_gene927.t1;Augustus}

# EVM prediction: Mode:STANDARD S-ratio: 10000.00 10854-13085 orient(+) score(4464.00) noncoding_equivalent(0.45) raw_noncoding(0.00) offset(0.00) 
10854	13085	single+	1	3	{Augustus_gene705.t1;Augustus}

# EVM prediction: Mode:STANDARD S-ratio: 10000.00 22269-23408 orient(-) score(2280.00) noncoding_equivalent(0.23) raw_noncoding(0.00) offset(0.00) 
23408	22269	single-	4	6	{Augustus_gene574.t1;Augustus}

# EVM prediction: Mode:STANDARD S-ratio: 10000.00 24586-27275 orient(-) score(5380.00) noncoding_equivalent(0.54) raw_noncoding(0.00) offset(0.00) 
24647	24586	terminal-	5	6	{Augustus_gene252.t1;Augustus}
24797	24648	INTRON			{Augustus_gene252.t1;Augustus}
27176	24798	internal-	5	4	{Augustus_gene252.t1;Augustus}
27256	27177	INTRON			{Augustus_gene252.t1;Augustus}
27275	27257	initial-	4	4	{Augustus_gene252.t1;Augustus}

# EVM prediction: Mode:STANDARD S-ratio: 10000.00 30639-34418 orient(-) score(7560.00) noncoding_equivalent(0.76) raw_noncoding(0.00) offset(0.00) 
34418	30639	single-	4	6	{Augustus_gene463.t1;Augustus}

# EVM prediction: Mode:STANDARD S-ratio: 10000.00 62751-64754 orient(+) score(4008.00) noncoding_equivalent(0.40) raw_noncoding(0.00) offset(0.00) 
62751	63351	initial+	1	1	{Augustus_gene1020.t1;Augustus}
63352	63390	INTRON			{Augustus_gene1020.t1;Augustus}
63391	64754	terminal+	2	3	{Augustus_gene1020.t1;Augustus}

# EVM prediction: Mode:STANDARD S-ratio: 10000.00 84689-85970 orient(-) score(2564.00) noncoding_equivalent(0.26) raw_noncoding(0.00) offset(0.00) 
84763	84689	terminal-	4	6	{Augustus_gene149.t1;Augustus}
85184	84764	INTRON			{Augustus_gene149.t1;Augustus}
85970	85185	initial-	4	6	{Augustus_gene149.t1;Augustus}

# EVM prediction: Mode:STANDARD S-ratio: 10000.00 86423-86868 orient(+) score(892.00) noncoding_equivalent(0.09) raw_noncoding(0.00) offset(0.00) 
86423	86456	initial+	1	1	{Augustus_gene352.t1;Augustus}
86457	86530	INTRON			{Augustus_gene352.t1;Augustus}
86531	86868	terminal+	2	3	{Augustus_gene352.t1;Augustus}

# EVM prediction: Mode:STANDARD S-ratio: 10000.00 97221-97778 orient(+) score(1116.00) noncoding_equivalent(0.11) raw_noncoding(0.00) offset(0.00) 
97221	97778	single+	1	3	{Augustus_gene695.t1;Augustus}

