# EVM prediction: Mode:STANDARD S-ratio: 10000.00 2972-4936 orient(+) score(3930.00) noncoding_equivalent(0.39) raw_noncoding(0.00) offset(0.00)
2972	4936	single+	1	3	{Augustus_gene1132.t1;Augustus}

# EVM prediction: Mode:STANDARD S-ratio: 10000.00 5051-9349 orient(-) score(8598.00) noncoding_equivalent(0.86) raw_noncoding(0.00) offset(0.00)
9349	5051	single-	4	6	{Augustus_gene577.t1;Augustus}

# EVM prediction: Mode:STANDARD S-ratio: 10000.00 10208-10751 orient(-) score(1088.00) noncoding_equivalent(0.11) raw_noncoding(0.00) offset(0.00)
10655	10208	terminal-	6	6	{Augustus_gene522.t1;Augustus}
10731	10656	INTRON			{Augustus_gene522.t1;Augustus}
10751	10732	initial-	4	5	{Augustus_gene522.t1;Augustus}

# EVM prediction: Mode:STANDARD S-ratio: 10000.00 12574-14793 orient(-) score(4440.00) noncoding_equivalent(0.44) raw_noncoding(0.00) offset(0.00)
12659	12574	terminal-	5	6	{Augustus_gene197.t1;Augustus}
12863	12660	INTRON			{Augustus_gene197.t1;Augustus}
14793	12864	initial-	4	4	{Augustus_gene197.t1;Augustus}

# EVM prediction: Mode:STANDARD S-ratio: 10000.00 20461-21264 orient(-) score(1608.00) noncoding_equivalent(0.16) raw_noncoding(0.00) offset(0.00)
21264	20461	single-	4	6	{Augustus_gene545.t1;Augustus}

# EVM prediction: Mode:STANDARD S-ratio: 10000.00 28276-29673 orient(-) score(2796.00) noncoding_equivalent(0.28) raw_noncoding(0.00) offset(0.00)
29673	28276	single-	4	6	{Augustus_gene790.t1;Augustus}

# EVM prediction: Mode:STANDARD S-ratio: 10000.00 29927-30904 orient(+) score(1956.00) noncoding_equivalent(0.20) raw_noncoding(0.00) offset(0.00)
29927	30904	single+	1	3	{Augustus_gene909.t1;Augustus}

# EVM prediction: Mode:STANDARD S-ratio: 10000.00 43784-44257 orient(-) score(948.00) noncoding_equivalent(0.09) raw_noncoding(0.00) offset(0.00)
44257	43784	single-	4	6	{Augustus_gene956.t1;Augustus}

# EVM prediction: Mode:STANDARD S-ratio: 10000.00 44702-45487 orient(+) score(1572.00) noncoding_equivalent(0.16) raw_noncoding(0.00) offset(0.00)
44702	45487	single+	1	3	{Augustus_gene582.t1;Augustus}

# EVM prediction: Mode:STANDARD S-ratio: 10000.00 45706-46053 orient(+) score(696.00) noncoding_equivalent(0.07) raw_noncoding(0.00) offset(0.00)
45706	46053	single+	1	3	{Augustus_gene415.t1;Augustus}

# EVM prediction: Mode:STANDARD S-ratio: 10000.00 52382-55621 orient(+) score(6480.00) noncoding_equivalent(0.65) raw_noncoding(0.00) offset(0.00)
52382	52883	initial+	1	1	{Augustus_gene76.t1;Augustus}
52884	52932	INTRON			{Augustus_gene76.t1;Augustus}
52933	53432	internal+	2	3	{Augustus_gene76.t1;Augustus}
53433	53488	INTRON			{Augustus_gene76.t1;Augustus}
53489	53681	internal+	1	1	{Augustus_gene76.t1;Augustus}
53682	54143	INTRON			{Augustus_gene76.t1;Augustus}
54144	55621	terminal+	2	3	{Augustus_gene76.t1;Augustus}

# EVM prediction: Mode:STANDARD S-ratio: 10000.00 72731-74581 orient(+) score(3702.00) noncoding_equivalent(0.37) raw_noncoding(0.00) offset(0.00)
72731	74581	single+	1	3	{Augustus_gene652.t1;Augustus}

# EVM prediction: Mode:STANDARD S-ratio: 10000.00 88704-90362 orient(+) score(3318.00) noncoding_equivalent(0.33) raw_noncoding(0.00) offset(0.00)
88704	90362	single+	1	3	{Augustus_gene119.t1;Augustus}

# EVM prediction: Mode:STANDARD S-ratio: 10000.00 91387-92049 orient(-) score(1326.00) noncoding_equivalent(0.13) raw_noncoding(0.00) offset(0.00)
92049	91387	single-	4	6	{Augustus_gene350.t1;Augustus}

# EVM prediction: Mode:STANDARD S-ratio: 10000.00 102570-105353 orient(-) score(5568.00) noncoding_equivalent(0.56) raw_noncoding(0.00) offset(0.00)
105353	102570	single-	4	6	{Augustus_gene1136.t1;Augustus}

# EVM prediction: Mode:STANDARD S-ratio: 10000.00 107378-108610 orient(+) score(2466.00) noncoding_equivalent(0.25) raw_noncoding(0.00) offset(0.00)
107378	108610	single+	1	3	{Augustus_gene992.t1;Augustus}

# EVM prediction: Mode:STANDARD S-ratio: 10000.00 110090-110677 orient(+) score(1176.00) noncoding_equivalent(0.12) raw_noncoding(0.00) offset(0.00)
110090	110677	single+	1	3	{Augustus_gene246.t1;Augustus}

# EVM prediction: Mode:STANDARD S-ratio: 10000.00 147078-147740 orient(-) score(1326.00) noncoding_equivalent(0.13) raw_noncoding(0.00) offset(0.00)
147740	147078	single-	4	6	{Augustus_gene931.t1;Augustus}

# EVM prediction: Mode:STANDARD S-ratio: 10000.00 153159-154166 orient(+) score(2016.00) noncoding_equivalent(0.20) raw_noncoding(0.00) offset(0.00)
153159	154166	single+	1	3	{Augustus_gene1057.t1;Augustus}

# EVM prediction: Mode:STANDARD S-ratio: 10000.00 156250-157539 orient(-) score(2580.00) noncoding_equivalent(0.26) raw_noncoding(0.00) offset(0.00)
157539	156250	single-	4	6	{Augustus_gene15.t1;Augustus}

# EVM prediction: Mode:STANDARD S-ratio: 10000.00 157929-158555 orient(+) score(1254.00) noncoding_equivalent(0.13) raw_noncoding(0.00) offset(0.00)
157929	158555	single+	1	3	{Augustus_gene974.t1;Augustus}

# EVM prediction: Mode:STANDARD S-ratio: 10000.00 169777-170199 orient(-) score(846.00) noncoding_equivalent(0.08) raw_noncoding(0.00) offset(0.00)
170199	169777	single-	4	6	{Augustus_gene1022.t1;Augustus}

# EVM prediction: Mode:STANDARD S-ratio: 10000.00 171365-174586 orient(-) score(6444.00) noncoding_equivalent(0.64) raw_noncoding(0.00) offset(0.00)
174586	171365	single-	4	6	{Augustus_gene820.t1;Augustus}

# EVM prediction: Mode:STANDARD S-ratio: 10000.00 179018-179341 orient(-) score(648.00) noncoding_equivalent(0.06) raw_noncoding(0.00) offset(0.00)
179341	179018	single-	4	6	{Augustus_gene439.t1;Augustus}

# EVM prediction: Mode:STANDARD S-ratio: 10000.00 186950-188575 orient(+) score(3252.00) noncoding_equivalent(0.33) raw_noncoding(0.00) offset(0.00)
186950	188575	single+	1	3	{Augustus_gene72.t1;Augustus}

# EVM prediction: Mode:STANDARD S-ratio: 10000.00 188837-189874 orient(-) score(2076.00) noncoding_equivalent(0.21) raw_noncoding(0.00) offset(0.00)
189874	188837	single-	4	6	{Augustus_gene1106.t1;Augustus}

# EVM prediction: Mode:STANDARD S-ratio: 10000.00 195318-195749 orient(+) score(864.00) noncoding_equivalent(0.09) raw_noncoding(0.00) offset(0.00)
195318	195749	single+	1	3	{Augustus_gene1039.t1;Augustus}

# EVM prediction: Mode:STANDARD S-ratio: 10000.00 207568-208053 orient(+) score(972.00) noncoding_equivalent(0.10) raw_noncoding(0.00) offset(0.00)
207568	208053	single+	1	3	{Augustus_gene595.t1;Augustus}

# EVM prediction: Mode:STANDARD S-ratio: 10000.00 217204-218028 orient(-) score(1650.00) noncoding_equivalent(0.17) raw_noncoding(0.00) offset(0.00)
217669	217204	terminal-	6	6	{Augustus_gene866.t1;Augustus}
218023	217670	INTRON			{Augustus_gene866.t1;Augustus}
218028	218024	initial-	4	5	{Augustus_gene866.t1;Augustus}

# EVM prediction: Mode:STANDARD S-ratio: 10000.00 224363-225133 orient(+) score(1542.00) noncoding_equivalent(0.15) raw_noncoding(0.00) offset(0.00)
224363	225133	single+	1	3	{Augustus_gene859.t1;Augustus}

# EVM prediction: Mode:STANDARD S-ratio: 10000.00 227855-228871 orient(-) score(2034.00) noncoding_equivalent(0.20) raw_noncoding(0.00) offset(0.00)
228871	227855	single-	4	6	{Augustus_gene855.t1;Augustus}

# EVM prediction: Mode:STANDARD S-ratio: 10000.00 234507-235037 orient(-) score(1062.00) noncoding_equivalent(0.11) raw_noncoding(0.00) offset(0.00)
235037	234507	single-	4	6	{Augustus_gene722.t1;Augustus}

# EVM prediction: Mode:STANDARD S-ratio: 10000.00 238944-240815 orient(-) score(3744.00) noncoding_equivalent(0.37) raw_noncoding(0.00) offset(0.00)
240815	238944	single-	4	6	{Augustus_gene473.t1;Augustus}

# EVM prediction: Mode:STANDARD S-ratio: 10000.00 243705-244856 orient(+) score(2304.00) noncoding_equivalent(0.23) raw_noncoding(0.00) offset(0.00)
243705	244856	single+	1	3	{Augustus_gene400.t1;Augustus}

# EVM prediction: Mode:STANDARD S-ratio: 10000.00 250127-251344 orient(-) score(2436.00) noncoding_equivalent(0.24) raw_noncoding(0.00) offset(0.00)
251344	250127	single-	4	6	{Augustus_gene1100.t1;Augustus}

# EVM prediction: Mode:STANDARD S-ratio: 10000.00 251673-252671 orient(-) score(1998.00) noncoding_equivalent(0.20) raw_noncoding(0.00) offset(0.00)
252671	251673	single-	4	6	{Augustus_gene361.t1;Augustus}

# EVM prediction: Mode:STANDARD S-ratio: 10000.00 254792-256228 orient(-) score(2874.00) noncoding_equivalent(0.29) raw_noncoding(0.00) offset(0.00)
256228	254792	single-	4	6	{Augustus_gene971.t1;Augustus}

# EVM prediction: Mode:STANDARD S-ratio: 10000.00 256744-257856 orient(-) score(2226.00) noncoding_equivalent(0.22) raw_noncoding(0.00) offset(0.00)
257856	256744	single-	4	6	{Augustus_gene114.t1;Augustus}

# EVM prediction: Mode:STANDARD S-ratio: 10000.00 262843-265944 orient(-) score(6204.00) noncoding_equivalent(0.62) raw_noncoding(0.00) offset(0.00)
265944	262843	single-	4	6	{Augustus_gene504.t1;Augustus}

# EVM prediction: Mode:STANDARD S-ratio: 10000.00 266307-268553 orient(-) score(4494.00) noncoding_equivalent(0.45) raw_noncoding(0.00) offset(0.00)
268141	266307	terminal-	5	6	{Augustus_gene629.t1;Augustus}
268246	268142	INTRON			{Augustus_gene629.t1;Augustus}
268553	268247	initial-	4	4	{Augustus_gene629.t1;Augustus}

# EVM prediction: Mode:STANDARD S-ratio: 10000.00 275895-276570 orient(-) score(1352.00) noncoding_equivalent(0.14) raw_noncoding(0.00) offset(0.00)
276386	275895	terminal-	4	6	{Augustus_gene189.t1;Augustus}
276519	276387	INTRON			{Augustus_gene189.t1;Augustus}
276570	276520	initial-	4	6	{Augustus_gene189.t1;Augustus}

# EVM prediction: Mode:STANDARD S-ratio: 10000.00 285579-286706 orient(+) score(2256.00) noncoding_equivalent(0.23) raw_noncoding(0.00) offset(0.00)
285579	286706	single+	1	3	{Augustus_gene278.t1;Augustus}

# EVM prediction: Mode:STANDARD S-ratio: 10000.00 306989-307726 orient(+) score(1476.00) noncoding_equivalent(0.15) raw_noncoding(0.00) offset(0.00)
306989	307726	single+	1	3	{Augustus_gene994.t1;Augustus}

# EVM prediction: Mode:STANDARD S-ratio: 10000.00 335080-336117 orient(+) score(2076.00) noncoding_equivalent(0.21) raw_noncoding(0.00) offset(0.00)
335080	336117	single+	1	3	{Augustus_gene16.t1;Augustus}

# EVM prediction: Mode:STANDARD S-ratio: 10000.00 344063-345187 orient(-) score(2250.00) noncoding_equivalent(0.23) raw_noncoding(0.00) offset(0.00)
345187	344063	single-	4	6	{Augustus_gene1190.t1;Augustus}

# EVM prediction: Mode:STANDARD S-ratio: 10000.00 345464-346165 orient(+) score(1404.00) noncoding_equivalent(0.14) raw_noncoding(0.00) offset(0.00)
345464	346165	single+	1	3	{Augustus_gene834.t1;Augustus}

# EVM prediction: Mode:STANDARD S-ratio: 10000.00 346384-347772 orient(-) score(2778.00) noncoding_equivalent(0.28) raw_noncoding(0.00) offset(0.00)
347772	346384	single-	4	6	{Augustus_gene1077.t1;Augustus}

# EVM prediction: Mode:STANDARD S-ratio: 10000.00 364182-364751 orient(-) score(1140.00) noncoding_equivalent(0.11) raw_noncoding(0.00) offset(0.00)
364751	364182	single-	4	6	{Augustus_gene559.t1;Augustus}

# EVM prediction: Mode:STANDARD S-ratio: 10000.00 366360-370046 orient(-) score(7374.00) noncoding_equivalent(0.74) raw_noncoding(0.00) offset(0.00)
370046	366360	single-	4	6	{Augustus_gene1013.t1;Augustus}

# EVM prediction: Mode:STANDARD S-ratio: 10000.00 370417-370782 orient(+) score(732.00) noncoding_equivalent(0.07) raw_noncoding(0.00) offset(0.00)
370417	370782	single+	1	3	{Augustus_gene1145.t1;Augustus}

# EVM prediction: Mode:STANDARD S-ratio: 10000.00 389827-393129 orient(-) score(6606.00) noncoding_equivalent(0.66) raw_noncoding(0.00) offset(0.00)
393129	389827	single-	4	6	{Augustus_gene628.t1;Augustus}

# EVM prediction: Mode:STANDARD S-ratio: 10000.00 402120-403933 orient(-) score(3628.00) noncoding_equivalent(0.36) raw_noncoding(0.00) offset(0.00)
403851	402120	terminal-	6	6	{Augustus_gene1035.t1;Augustus}
403922	403852	INTRON			{Augustus_gene1035.t1;Augustus}
403933	403923	initial-	4	5	{Augustus_gene1035.t1;Augustus}

# EVM prediction: Mode:STANDARD S-ratio: 10000.00 404593-406296 orient(-) score(3408.00) noncoding_equivalent(0.34) raw_noncoding(0.00) offset(0.00)
406296	404593	single-	4	6	{Augustus_gene694.t1;Augustus}

# EVM prediction: Mode:STANDARD S-ratio: 10000.00 417935-418408 orient(+) score(948.00) noncoding_equivalent(0.09) raw_noncoding(0.00) offset(0.00)
417935	418408	single+	1	3	{Augustus_gene1062.t1;Augustus}

# EVM prediction: Mode:STANDARD S-ratio: 10000.00 420834-423842 orient(+) score(6018.00) noncoding_equivalent(0.60) raw_noncoding(0.00) offset(0.00)
420834	423842	single+	1	3	{Augustus_gene980.t1;Augustus}

# EVM prediction: Mode:STANDARD S-ratio: 10000.00 427839-429896 orient(-) score(4116.00) noncoding_equivalent(0.41) raw_noncoding(0.00) offset(0.00)
429896	427839	single-	4	6	{Augustus_gene1102.t1;Augustus}

# EVM prediction: Mode:STANDARD S-ratio: 10000.00 430179-432575 orient(-) score(4794.00) noncoding_equivalent(0.48) raw_noncoding(0.00) offset(0.00)
432575	430179	single-	4	6	{Augustus_gene1197.t1;Augustus}

# EVM prediction: Mode:STANDARD S-ratio: 10000.00 432892-433191 orient(+) score(600.00) noncoding_equivalent(0.06) raw_noncoding(0.00) offset(0.00)
432892	433191	single+	1	3	{Augustus_gene928.t1;Augustus}

# EVM prediction: Mode:STANDARD S-ratio: 10000.00 462237-463490 orient(-) score(2508.00) noncoding_equivalent(0.25) raw_noncoding(0.00) offset(0.00)
463490	462237	single-	4	6	{Augustus_gene57.t1;Augustus}

# EVM prediction: Mode:STANDARD S-ratio: 10000.00 484857-485591 orient(+) score(1470.00) noncoding_equivalent(0.15) raw_noncoding(0.00) offset(0.00)
484857	485591	single+	1	3	{Augustus_gene323.t1;Augustus}

# EVM prediction: Mode:STANDARD S-ratio: 10000.00 489582-495110 orient(+) score(11058.00) noncoding_equivalent(1.11) raw_noncoding(0.00) offset(0.00)
489582	495110	single+	1	3	{Augustus_gene797.t1;Augustus}

# EVM prediction: Mode:STANDARD S-ratio: 10000.00 495486-496886 orient(+) score(2802.00) noncoding_equivalent(0.28) raw_noncoding(0.00) offset(0.00)
495486	496886	single+	1	3	{Augustus_gene53.t1;Augustus}

# EVM prediction: Mode:STANDARD S-ratio: 10000.00 507138-508811 orient(+) score(3348.00) noncoding_equivalent(0.33) raw_noncoding(0.00) offset(0.00)
507138	508811	single+	1	3	{Augustus_gene452.t1;Augustus}

# EVM prediction: Mode:STANDARD S-ratio: 10000.00 516645-518048 orient(-) score(2808.00) noncoding_equivalent(0.28) raw_noncoding(0.00) offset(0.00)
518048	516645	single-	4	6	{Augustus_gene977.t1;Augustus}

# EVM prediction: Mode:STANDARD S-ratio: 10000.00 520676-522619 orient(-) score(3888.00) noncoding_equivalent(0.39) raw_noncoding(0.00) offset(0.00)
522619	520676	single-	4	6	{Augustus_gene158.t1;Augustus}

# EVM prediction: Mode:STANDARD S-ratio: 10000.00 522908-523759 orient(+) score(1704.00) noncoding_equivalent(0.17) raw_noncoding(0.00) offset(0.00)
522908	523759	single+	1	3	{Augustus_gene666.t1;Augustus}

# EVM prediction: Mode:STANDARD S-ratio: 10000.00 527168-528646 orient(-) score(2958.00) noncoding_equivalent(0.30) raw_noncoding(0.00) offset(0.00)
528646	527168	single-	4	6	{Augustus_gene405.t1;Augustus}

# EVM prediction: Mode:STANDARD S-ratio: 10000.00 528871-529212 orient(+) score(684.00) noncoding_equivalent(0.07) raw_noncoding(0.00) offset(0.00)
528871	529212	single+	1	3	{Augustus_gene1024.t1;Augustus}

# EVM prediction: Mode:STANDARD S-ratio: 10000.00 535925-537901 orient(-) score(3954.00) noncoding_equivalent(0.40) raw_noncoding(0.00) offset(0.00)
537901	535925	single-	4	6	{Augustus_gene50.t1;Augustus}

# EVM prediction: Mode:STANDARD S-ratio: 10000.00 552658-553659 orient(-) score(2004.00) noncoding_equivalent(0.20) raw_noncoding(0.00) offset(0.00)
553659	552658	single-	4	6	{Augustus_gene769.t1;Augustus}

# EVM prediction: Mode:STANDARD S-ratio: 10000.00 564871-565737 orient(+) score(1734.00) noncoding_equivalent(0.17) raw_noncoding(0.00) offset(0.00)
564871	565737	single+	1	3	{Augustus_gene819.t1;Augustus}

# EVM prediction: Mode:STANDARD S-ratio: 10000.00 569856-571529 orient(-) score(3348.00) noncoding_equivalent(0.33) raw_noncoding(0.00) offset(0.00)
571529	569856	single-	4	6	{Augustus_gene486.t1;Augustus}

# EVM prediction: Mode:STANDARD S-ratio: 10000.00 572835-574376 orient(+) score(3084.00) noncoding_equivalent(0.31) raw_noncoding(0.00) offset(0.00)
572835	574376	single+	1	3	{Augustus_gene483.t1;Augustus}

# EVM prediction: Mode:STANDARD S-ratio: 10000.00 577116-580214 orient(-) score(6198.00) noncoding_equivalent(0.62) raw_noncoding(0.00) offset(0.00)
580214	577116	single-	4	6	{Augustus_gene823.t1;Augustus}

# EVM prediction: Mode:STANDARD S-ratio: 10000.00 580690-583380 orient(-) score(5382.00) noncoding_equivalent(0.54) raw_noncoding(0.00) offset(0.00)
583380	580690	single-	4	6	{Augustus_gene714.t1;Augustus}

# EVM prediction: Mode:STANDARD S-ratio: 10000.00 589579-590472 orient(-) score(1788.00) noncoding_equivalent(0.18) raw_noncoding(0.00) offset(0.00)
590472	589579	single-	4	6	{Augustus_gene190.t1;Augustus}

# EVM prediction: Mode:STANDARD S-ratio: 10000.00 616058-617425 orient(+) score(2736.00) noncoding_equivalent(0.27) raw_noncoding(0.00) offset(0.00)
616058	617425	single+	1	3	{Augustus_gene621.t1;Augustus}

# EVM prediction: Mode:STANDARD S-ratio: 10000.00 626052-627407 orient(+) score(2712.00) noncoding_equivalent(0.27) raw_noncoding(0.00) offset(0.00)
626052	627407	single+	1	3	{Augustus_gene425.t1;Augustus}

# EVM prediction: Mode:STANDARD S-ratio: 10000.00 634064-636372 orient(+) score(4618.00) noncoding_equivalent(0.46) raw_noncoding(0.00) offset(0.00)
634064	634127	initial+	1	1	{Augustus_gene520.t1;Augustus}
634128	634459	INTRON			{Augustus_gene520.t1;Augustus}
634460	636372	terminal+	2	3	{Augustus_gene520.t1;Augustus}

# EVM prediction: Mode:STANDARD S-ratio: 10000.00 637827-638774 orient(-) score(1896.00) noncoding_equivalent(0.19) raw_noncoding(0.00) offset(0.00)
638774	637827	single-	4	6	{Augustus_gene831.t1;Augustus}

# EVM prediction: Mode:STANDARD S-ratio: 10000.00 643276-646548 orient(-) score(6546.00) noncoding_equivalent(0.65) raw_noncoding(0.00) offset(0.00)
646548	643276	single-	4	6	{Augustus_gene856.t1;Augustus}

# EVM prediction: Mode:STANDARD S-ratio: 10000.00 656412-660926 orient(+) score(9030.00) noncoding_equivalent(0.90) raw_noncoding(0.00) offset(0.00)
656412	660926	single+	1	3	{Augustus_gene87.t1;Augustus}

# EVM prediction: Mode:STANDARD S-ratio: 10000.00 662681-664480 orient(+) score(3600.00) noncoding_equivalent(0.36) raw_noncoding(0.00) offset(0.00)
662681	664480	single+	1	3	{Augustus_gene442.t1;Augustus}

# EVM prediction: Mode:STANDARD S-ratio: 10000.00 664748-665206 orient(-) score(918.00) noncoding_equivalent(0.09) raw_noncoding(0.00) offset(0.00)
665206	664748	single-	4	6	{Augustus_gene48.t1;Augustus}

# EVM prediction: Mode:STANDARD S-ratio: 10000.00 673432-674890 orient(-) score(2918.00) noncoding_equivalent(0.29) raw_noncoding(0.00) offset(0.00)
674773	673432	terminal-	6	6	{Augustus_gene2.t1;Augustus}
674873	674774	INTRON			{Augustus_gene2.t1;Augustus}
674890	674874	initial-	4	5	{Augustus_gene2.t1;Augustus}

# EVM prediction: Mode:STANDARD S-ratio: 10000.00 680732-681358 orient(-) score(1254.00) noncoding_equivalent(0.13) raw_noncoding(0.00) offset(0.00)
681358	680732	single-	4	6	{Augustus_gene695.t1;Augustus}

# EVM prediction: Mode:STANDARD S-ratio: 10000.00 688246-689766 orient(-) score(3042.00) noncoding_equivalent(0.30) raw_noncoding(0.00) offset(0.00)
689766	688246	single-	4	6	{Augustus_gene670.t1;Augustus}

# EVM prediction: Mode:STANDARD S-ratio: 10000.00 695493-697247 orient(+) score(3510.00) noncoding_equivalent(0.35) raw_noncoding(0.00) offset(0.00)
695493	697247	single+	1	3	{Augustus_gene417.t1;Augustus}

# EVM prediction: Mode:STANDARD S-ratio: 10000.00 700487-701696 orient(-) score(2420.00) noncoding_equivalent(0.24) raw_noncoding(0.00) offset(0.00)
701647	700487	terminal-	4	6	{Augustus_gene276.t1;Augustus}
701693	701648	INTRON			{Augustus_gene276.t1;Augustus}
701696	701694	initial-	4	6	{Augustus_gene276.t1;Augustus}

# EVM prediction: Mode:STANDARD S-ratio: 10000.00 714144-716708 orient(-) score(5130.00) noncoding_equivalent(0.51) raw_noncoding(0.00) offset(0.00)
716708	714144	single-	4	6	{Augustus_gene349.t1;Augustus}

# EVM prediction: Mode:STANDARD S-ratio: 10000.00 717297-718118 orient(-) score(1644.00) noncoding_equivalent(0.16) raw_noncoding(0.00) offset(0.00)
718118	717297	single-	4	6	{Augustus_gene699.t1;Augustus}

# EVM prediction: Mode:STANDARD S-ratio: 10000.00 739103-739648 orient(-) score(1092.00) noncoding_equivalent(0.11) raw_noncoding(0.00) offset(0.00)
739648	739103	single-	4	6	{Augustus_gene1215.t1;Augustus}

# EVM prediction: Mode:STANDARD S-ratio: 10000.00 742969-744591 orient(+) score(3246.00) noncoding_equivalent(0.32) raw_noncoding(0.00) offset(0.00)
742969	744591	single+	1	3	{Augustus_gene225.t1;Augustus}

# EVM prediction: Mode:STANDARD S-ratio: 10000.00 749979-753530 orient(+) score(7104.00) noncoding_equivalent(0.71) raw_noncoding(0.00) offset(0.00)
749979	753530	single+	1	3	{Augustus_gene758.t1;Augustus}

# EVM prediction: Mode:STANDARD S-ratio: 10000.00 760911-762977 orient(-) score(4134.00) noncoding_equivalent(0.41) raw_noncoding(0.00) offset(0.00)
762977	760911	single-	4	6	{Augustus_gene431.t1;Augustus}

# EVM prediction: Mode:STANDARD S-ratio: 10000.00 766692-767132 orient(-) score(882.00) noncoding_equivalent(0.09) raw_noncoding(0.00) offset(0.00)
767132	766692	single-	4	6	{Augustus_gene1070.t1;Augustus}

# EVM prediction: Mode:STANDARD S-ratio: 10000.00 771972-772976 orient(+) score(2010.00) noncoding_equivalent(0.20) raw_noncoding(0.00) offset(0.00)
771972	772976	single+	1	3	{Augustus_gene890.t1;Augustus}

# EVM prediction: Mode:STANDARD S-ratio: 10000.00 773107-774756 orient(-) score(3300.00) noncoding_equivalent(0.33) raw_noncoding(0.00) offset(0.00)
774756	773107	single-	4	6	{Augustus_gene573.t1;Augustus}

# EVM prediction: Mode:STANDARD S-ratio: 10000.00 790463-791557 orient(+) score(2190.00) noncoding_equivalent(0.22) raw_noncoding(0.00) offset(0.00)
790463	791557	single+	1	3	{Augustus_gene334.t1;Augustus}

# EVM prediction: Mode:STANDARD S-ratio: 10000.00 791813-792670 orient(-) score(1716.00) noncoding_equivalent(0.17) raw_noncoding(0.00) offset(0.00)
792670	791813	single-	4	6	{Augustus_gene1200.t1;Augustus}

# EVM prediction: Mode:STANDARD S-ratio: 10000.00 798042-802529 orient(+) score(8976.00) noncoding_equivalent(0.90) raw_noncoding(0.00) offset(0.00)
798042	802529	single+	1	3	{Augustus_gene102.t1;Augustus}

# EVM prediction: Mode:STANDARD S-ratio: 10000.00 805119-806138 orient(+) score(2040.00) noncoding_equivalent(0.20) raw_noncoding(0.00) offset(0.00)
805119	806138	single+	1	3	{Augustus_gene184.t1;Augustus}

# EVM prediction: Mode:STANDARD S-ratio: 10000.00 809101-810522 orient(+) score(2844.00) noncoding_equivalent(0.28) raw_noncoding(0.00) offset(0.00)
809101	810522	single+	1	3	{Augustus_gene598.t1;Augustus}

# EVM prediction: Mode:STANDARD S-ratio: 10000.00 835997-837652 orient(-) score(3312.00) noncoding_equivalent(0.33) raw_noncoding(0.00) offset(0.00)
837652	835997	single-	4	6	{Augustus_gene1123.t1;Augustus}

# EVM prediction: Mode:STANDARD S-ratio: 10000.00 846879-847835 orient(-) score(1914.00) noncoding_equivalent(0.19) raw_noncoding(0.00) offset(0.00)
847835	846879	single-	4	6	{Augustus_gene398.t1;Augustus}

# EVM prediction: Mode:STANDARD S-ratio: 10000.00 849123-851390 orient(-) score(4536.00) noncoding_equivalent(0.45) raw_noncoding(0.00) offset(0.00)
851390	849123	single-	4	6	{Augustus_gene120.t1;Augustus}

