!! Predictions spanning range 1069 - 94337 [R1]
# EVM prediction: Mode:STANDARD S-ratio: 10000.00 1069-1872 orient(+) score(1608.00) noncoding_equivalent(0.16) raw_noncoding(0.00) offset(0.00) 
1069	1872	single+	1	3	{Augustus_gene37.t1;Augustus}

# EVM prediction: Mode:STANDARD S-ratio: 10000.00 2097-2360 orient(+) score(528.00) noncoding_equivalent(0.05) raw_noncoding(0.00) offset(0.00) 
2097	2360	single+	1	3	{Augustus_gene169.t1;Augustus}

# EVM prediction: Mode:STANDARD S-ratio: 10000.00 12017-13658 orient(-) score(3284.00) noncoding_equivalent(0.33) raw_noncoding(0.00) offset(0.00) 
12055	12017	terminal-	4	6	{Augustus_gene1084.t1;Augustus}
12221	12056	INTRON			{Augustus_gene1084.t1;Augustus}
13658	12222	initial-	4	6	{Augustus_gene1084.t1;Augustus}

# EVM prediction: Mode:STANDARD S-ratio: 10000.00 16285-18021 orient(+) score(3474.00) noncoding_equivalent(0.35) raw_noncoding(0.00) offset(0.00) 
16285	18021	single+	1	3	{Augustus_gene192.t1;Augustus}

# EVM prediction: Mode:STANDARD S-ratio: 10000.00 19823-20452 orient(+) score(1260.00) noncoding_equivalent(0.13) raw_noncoding(0.00) offset(0.00) 
19823	20452	single+	1	3	{Augustus_gene1177.t1;Augustus}

# EVM prediction: Mode:STANDARD S-ratio: 10000.00 34537-34959 orient(+) score(846.00) noncoding_equivalent(0.08) raw_noncoding(0.00) offset(0.00) 
34537	34555	initial+	1	1	{Augustus_gene324.t1;Augustus}
34556	34642	INTRON			{Augustus_gene324.t1;Augustus}
34643	34959	terminal+	2	3	{Augustus_gene324.t1;Augustus}

# EVM prediction: Mode:STANDARD S-ratio: 10000.00 51882-53453 orient(+) score(3144.00) noncoding_equivalent(0.31) raw_noncoding(0.00) offset(0.00) 
51882	53453	single+	1	3	{Augustus_gene473.t1;Augustus}

# EVM prediction: Mode:STANDARD S-ratio: 10000.00 53653-54307 orient(-) score(1310.00) noncoding_equivalent(0.13) raw_noncoding(0.00) offset(0.00) 
54187	53653	terminal-	6	6	{Augustus_gene151.t1;Augustus}
54296	54188	INTRON			{Augustus_gene151.t1;Augustus}
54307	54297	initial-	4	5	{Augustus_gene151.t1;Augustus}

# EVM prediction: Mode:STANDARD S-ratio: 10000.00 59506-59883 orient(+) score(756.00) noncoding_equivalent(0.08) raw_noncoding(0.00) offset(0.00) 
59506	59883	single+	1	3	{Augustus_gene1007.t1;Augustus}

# EVM prediction: Mode:STANDARD S-ratio: 10000.00 65766-66362 orient(+) score(1194.00) noncoding_equivalent(0.12) raw_noncoding(0.00) offset(0.00) 
65766	66362	single+	1	3	{Augustus_gene672.t1;Augustus}

# EVM prediction: Mode:STANDARD S-ratio: 10000.00 70643-72262 orient(+) score(3240.00) noncoding_equivalent(0.32) raw_noncoding(0.00) offset(0.00) 
70643	72262	single+	1	3	{Augustus_gene899.t1;Augustus}

# EVM prediction: Mode:STANDARD S-ratio: 10000.00 75815-76843 orient(+) score(2058.00) noncoding_equivalent(0.21) raw_noncoding(0.00) offset(0.00) 
75815	76843	single+	1	3	{Augustus_gene66.t1;Augustus}

# EVM prediction: Mode:STANDARD S-ratio: 10000.00 80403-81752 orient(+) score(2700.00) noncoding_equivalent(0.27) raw_noncoding(0.00) offset(0.00) 
80403	81752	single+	1	3	{Augustus_gene956.t1;Augustus}

# EVM prediction: Mode:STANDARD S-ratio: 10000.00 84401-85972 orient(+) score(3144.00) noncoding_equivalent(0.31) raw_noncoding(0.00) offset(0.00) 
84401	85972	single+	1	3	{Augustus_gene46.t1;Augustus}

# EVM prediction: Mode:STANDARD S-ratio: 10000.00 92754-94337 orient(+) score(3168.00) noncoding_equivalent(0.32) raw_noncoding(0.00) offset(0.00) 
92754	94337	single+	1	3	{Augustus_gene9.t1;Augustus}

