!! Predictions spanning range 6757 - 91272 [R1]
# EVM prediction: Mode:STANDARD S-ratio: 10000.00 6757-7119 orient(+) score(726.00) noncoding_equivalent(0.07) raw_noncoding(0.00) offset(0.00) 
6757	7119	single+	1	3	{Augustus_gene682.t1;Augustus}

# EVM prediction: Mode:STANDARD S-ratio: 10000.00 8765-9646 orient(-) score(1764.00) noncoding_equivalent(0.18) raw_noncoding(0.00) offset(0.00) 
9646	8765	single-	4	6	{Augustus_gene1086.t1;Augustus}

# EVM prediction: Mode:STANDARD S-ratio: 10000.00 13275-14852 orient(-) score(3156.00) noncoding_equivalent(0.32) raw_noncoding(0.00) offset(0.00) 
14852	13275	single-	4	6	{Augustus_gene675.t1;Augustus}

# EVM prediction: Mode:STANDARD S-ratio: 10000.00 24081-25121 orient(+) score(2080.00) noncoding_equivalent(0.21) raw_noncoding(0.00) offset(0.00) 
24081	25121	single+	1	3	{Augustus_gene715.t1;Augustus}

# EVM prediction: Mode:STANDARD S-ratio: 10000.00 36604-37962 orient(-) score(2718.00) noncoding_equivalent(0.27) raw_noncoding(0.00) offset(0.00) 
37962	36604	single-	4	6	{Augustus_gene884.t1;Augustus}

# EVM prediction: Mode:STANDARD S-ratio: 10000.00 53314-54235 orient(+) score(1844.00) noncoding_equivalent(0.18) raw_noncoding(0.00) offset(0.00) 
53314	53361	initial+	1	3	{Augustus_gene846.t1;Augustus}
53362	53479	INTRON			{Augustus_gene846.t1;Augustus}
53480	54235	terminal+	1	3	{Augustus_gene846.t1;Augustus}

# EVM prediction: Mode:STANDARD S-ratio: 10000.00 60868-61188 orient(-) score(642.00) noncoding_equivalent(0.06) raw_noncoding(0.00) offset(0.00) 
61188	60868	single-	4	6	{Augustus_gene669.t1;Augustus}

# EVM prediction: Mode:STANDARD S-ratio: 10000.00 71523-73283 orient(+) score(3522.00) noncoding_equivalent(0.35) raw_noncoding(0.00) offset(0.00) 
71523	73283	single+	1	3	{Augustus_gene210.t1;Augustus}

# EVM prediction: Mode:STANDARD S-ratio: 10000.00 88903-91272 orient(-) score(4740.00) noncoding_equivalent(0.47) raw_noncoding(0.00) offset(0.00) 
91272	88903	single-	4	6	{Augustus_gene152.t1;Augustus}

