!! Predictions spanning range 15477 - 98475 [R1]
# EVM prediction: Mode:STANDARD S-ratio: 10000.00 15477-17111 orient(+) score(3270.00) noncoding_equivalent(0.33) raw_noncoding(0.00) offset(0.00) 
15477	17111	single+	1	3	{Augustus_gene248.t1;Augustus}

# EVM prediction: Mode:STANDARD S-ratio: 10000.00 31716-32888 orient(-) score(2346.00) noncoding_equivalent(0.23) raw_noncoding(0.00) offset(0.00) 
32888	31716	single-	4	6	{Augustus_gene636.t1;Augustus}

# EVM prediction: Mode:STANDARD S-ratio: 10000.00 36328-37173 orient(+) score(1692.00) noncoding_equivalent(0.17) raw_noncoding(0.00) offset(0.00) 
36328	37173	single+	1	3	{Augustus_gene658.t1;Augustus}

# EVM prediction: Mode:STANDARD S-ratio: 10000.00 37178-37840 orient(-) score(1326.00) noncoding_equivalent(0.13) raw_noncoding(0.00) offset(0.00) 
37840	37178	single-	4	6	{Augustus_gene843.t1;Augustus}

# EVM prediction: Mode:STANDARD S-ratio: 10000.00 48046-51792 orient(+) score(7494.00) noncoding_equivalent(0.75) raw_noncoding(0.00) offset(0.00) 
48046	51792	single+	1	3	{Augustus_gene845.t1;Augustus}

# EVM prediction: Mode:STANDARD S-ratio: 10000.00 64716-65288 orient(-) score(1146.00) noncoding_equivalent(0.11) raw_noncoding(0.00) offset(0.00) 
65288	64716	single-	4	6	{Augustus_gene919.t1;Augustus}

# EVM prediction: Mode:STANDARD S-ratio: 10000.00 79222-82794 orient(+) score(7146.00) noncoding_equivalent(0.71) raw_noncoding(0.00) offset(0.00) 
79222	82794	single+	1	3	{Augustus_gene720.t1;Augustus}

# EVM prediction: Mode:STANDARD S-ratio: 10000.00 87993-88646 orient(+) score(2642.00) noncoding_equivalent(0.26) raw_noncoding(0.00) offset(0.00) 
87993	88646	single+	1	3	{Augustus_gene858.t1;Augustus}

# EVM prediction: Mode:STANDARD S-ratio: 10000.00 90834-92810 orient(+) score(3954.00) noncoding_equivalent(0.40) raw_noncoding(0.00) offset(0.00) 
90834	92810	single+	1	3	{Augustus_gene867.t1;Augustus}

# EVM prediction: Mode:STANDARD S-ratio: 10000.00 94477-96480 orient(+) score(4008.00) noncoding_equivalent(0.40) raw_noncoding(0.00) offset(0.00) 
94477	96480	single+	1	3	{Augustus_gene7.t1;Augustus}

