!! Predictions spanning range 747 - 24368 [R1]
# EVM prediction: Mode:STANDARD S-ratio: 10000.00 747-1820 orient(+) score(4296.00) noncoding_equivalent(0.43) raw_noncoding(0.00) offset(0.00) 
747	1820	single+	1	3	{GlimmerHMM_glimmerT_524-T1;GlimmerHMM},{Augustus_model.g491.t1;Augustus}

# EVM prediction: Mode:STANDARD S-ratio: 548.12 1998-4067 orient(+) score(8264.00) noncoding_equivalent(15.08) raw_noncoding(15.08) offset(0.00) 
1998	4067	single+	1	3	{GlimmerHMM_glimmerT_525-T1;GlimmerHMM},{Augustus_model.g492.t1;Augustus}

# EVM prediction: Mode:STANDARD S-ratio: 5.00 4257-6428 orient(-) score(10860.00) noncoding_equivalent(2172.00) raw_noncoding(2172.00) offset(0.00) 
6428	4257	single-	4	6	{GlimmerHMM_glimmerT_526-T1;GlimmerHMM},{HiQ_model.g493.t1;HiQ}

# EVM prediction: Mode:STANDARD S-ratio: 10000.00 6926-11470 orient(+) score(18180.00) noncoding_equivalent(1.82) raw_noncoding(0.00) offset(0.00) 
6926	11470	single+	1	3	{Augustus_model.g494.t1;Augustus},{GlimmerHMM_glimmerT_527-T1;GlimmerHMM}

# EVM prediction: Mode:STANDARD S-ratio: 10000.00 12162-15836 orient(+) score(14700.00) noncoding_equivalent(1.47) raw_noncoding(0.00) offset(0.00) 
12162	15836	single+	1	3	{Augustus_model.g495.t1;Augustus},{GlimmerHMM_glimmerT_528-T1;GlimmerHMM}

# EVM prediction: Mode:STANDARD S-ratio: 46.61 16086-17030 orient(+) score(3701.00) noncoding_equivalent(79.40) raw_noncoding(79.40) offset(0.00) 
16086	17030	single+	1	3	{GlimmerHMM_glimmerT_529-T1;GlimmerHMM}

# EVM prediction: Mode:STANDARD S-ratio: 19.11 17313-18173 orient(+) score(3271.00) noncoding_equivalent(171.18) raw_noncoding(171.18) offset(0.00) 
17313	18173	single+	1	3	{GlimmerHMM_glimmerT_530-T1;GlimmerHMM}

# EVM prediction: Mode:STANDARD S-ratio: 4.51 18374-20461 orient(-) score(10254.00) noncoding_equivalent(2274.00) raw_noncoding(2274.00) offset(0.00) 
20461	18374	single-	4	6	{GlimmerHMM_glimmerT_531-T1;GlimmerHMM},{HiQ_model.g497.t1;HiQ}

# EVM prediction: Mode:STANDARD S-ratio: 4.99 20947-21516 orient(-) score(2844.00) noncoding_equivalent(570.00) raw_noncoding(570.00) offset(0.00) 
21516	20947	single-	4	6	{HiQ_model.g498.t1;HiQ},{GlimmerHMM_glimmerT_532-T1;GlimmerHMM}

# EVM prediction: Mode:STANDARD S-ratio: 5.00 22545-24368 orient(-) score(9120.00) noncoding_equivalent(1824.00) raw_noncoding(1824.00) offset(0.00) 
24368	22545	single-	4	6	{HiQ_model.g499.t1;HiQ},{GlimmerHMM_glimmerT_533-T1;GlimmerHMM}

