!! Predictions spanning range 5043 - 79631 [R1]
# EVM prediction: Mode:STANDARD S-ratio: 10000.00 5043-7043 orient(-) score(4002.00) noncoding_equivalent(0.40) raw_noncoding(0.00) offset(0.00) 
7043	5043	single-	4	6	{Augustus_gene675.t1;Augustus}

# EVM prediction: Mode:STANDARD S-ratio: 10000.00 8183-9766 orient(-) score(3168.00) noncoding_equivalent(0.32) raw_noncoding(0.00) offset(0.00) 
9766	8183	single-	4	6	{Augustus_gene344.t1;Augustus}

# EVM prediction: Mode:STANDARD S-ratio: 10000.00 10117-11079 orient(+) score(1926.00) noncoding_equivalent(0.19) raw_noncoding(0.00) offset(0.00) 
10117	11079	single+	1	3	{Augustus_gene335.t1;Augustus}

# EVM prediction: Mode:STANDARD S-ratio: 10000.00 11080-12813 orient(-) score(3468.00) noncoding_equivalent(0.35) raw_noncoding(0.00) offset(0.00) 
12813	11080	single-	4	6	{Augustus_gene388.t1;Augustus}

# EVM prediction: Mode:STANDARD S-ratio: 10000.00 14053-15063 orient(-) score(2022.00) noncoding_equivalent(0.20) raw_noncoding(0.00) offset(0.00) 
15063	14053	single-	4	6	{Augustus_gene264.t1;Augustus}

# EVM prediction: Mode:STANDARD S-ratio: 10000.00 24102-25148 orient(-) score(2094.00) noncoding_equivalent(0.21) raw_noncoding(0.00) offset(0.00) 
25148	24102	single-	4	6	{Augustus_gene719.t1;Augustus}

# EVM prediction: Mode:STANDARD S-ratio: 10000.00 25282-25608 orient(+) score(654.00) noncoding_equivalent(0.07) raw_noncoding(0.00) offset(0.00) 
25282	25608	single+	1	3	{Augustus_gene413.t1;Augustus}

# EVM prediction: Mode:STANDARD S-ratio: 10000.00 25831-28899 orient(+) score(6138.00) noncoding_equivalent(0.61) raw_noncoding(0.00) offset(0.00) 
25831	28899	single+	1	3	{Augustus_gene782.t1;Augustus}

# EVM prediction: Mode:STANDARD S-ratio: 10000.00 33744-34178 orient(+) score(870.00) noncoding_equivalent(0.09) raw_noncoding(0.00) offset(0.00) 
33744	34178	single+	1	3	{Augustus_gene999.t1;Augustus}

# EVM prediction: Mode:STANDARD S-ratio: 10000.00 44974-46833 orient(+) score(3720.00) noncoding_equivalent(0.37) raw_noncoding(0.00) offset(0.00) 
44974	46833	single+	1	3	{Augustus_gene469.t1;Augustus}

# EVM prediction: Mode:STANDARD S-ratio: 10000.00 72181-73686 orient(-) score(3012.00) noncoding_equivalent(0.30) raw_noncoding(0.00) offset(0.00) 
73686	72181	single-	4	6	{Augustus_gene727.t1;Augustus}

# EVM prediction: Mode:STANDARD S-ratio: 10000.00 73945-75216 orient(+) score(2544.00) noncoding_equivalent(0.25) raw_noncoding(0.00) offset(0.00) 
73945	75216	single+	1	3	{Augustus_gene542.t1;Augustus}

# EVM prediction: Mode:STANDARD S-ratio: 10000.00 77985-79631 orient(-) score(3294.00) noncoding_equivalent(0.33) raw_noncoding(0.00) offset(0.00) 
79631	77985	single-	4	6	{Augustus_gene960.t1;Augustus}

