!! Predictions spanning range 93 - 98593 [R1]
# EVM prediction: Mode:STANDARD S-ratio: 3.00 93-839 orient(+) score(2241.00) noncoding_equivalent(747.00) raw_noncoding(747.00) offset(0.00) 
93	839	single+	1	3	{GlimmerHMM_glimmerT_1613-T1;GlimmerHMM},{Augustus_model.g1437.t1;Augustus}

# EVM prediction: Mode:STANDARD S-ratio: 62.78 1156-2016 orient(+) score(3390.00) noncoding_equivalent(54.00) raw_noncoding(54.00) offset(0.00) 
1156	2016	single+	1	3	{Augustus_model.g1438.t1;Augustus},{GlimmerHMM_glimmerT_1614-T1;GlimmerHMM}

# EVM prediction: Mode:STANDARD S-ratio: 44.11 2122-2688 orient(-) score(1635.00) noncoding_equivalent(37.07) raw_noncoding(64.21) offset(27.14) 
2657	2122	terminal-	5	6	{snap_scaffold_4-snap.38-T1;snap}
2684	2658	INTRON			{snap_scaffold_4-snap.38-T1;snap}
2688	2685	initial-	4	4	{snap_scaffold_4-snap.38-T1;snap}

# EVM prediction: Mode:STANDARD S-ratio: 19.43 2931-4976 orient(-) score(5838.00) noncoding_equivalent(300.40) raw_noncoding(300.40) offset(0.00) 
4976	2931	single-	4	6	{GlimmerHMM_glimmerT_1616-T1;GlimmerHMM}

# EVM prediction: Mode:STANDARD S-ratio: 3.47 5286-6188 orient(-) score(4206.00) noncoding_equivalent(1212.00) raw_noncoding(1212.00) offset(0.00) 
6188	5286	single-	4	6	{GlimmerHMM_glimmerT_1617-T1;GlimmerHMM},{HiQ_model.g1440.t1;HiQ}

# EVM prediction: Mode:STANDARD S-ratio: 16.63 6540-8162 orient(-) score(4590.00) noncoding_equivalent(276.00) raw_noncoding(276.00) offset(0.00) 
8162	6540	single-	4	6	{Augustus_model.g1441.t1;Augustus}

# EVM prediction: Mode:STANDARD S-ratio: 393.23 8883-12707 orient(+) score(11444.00) noncoding_equivalent(29.10) raw_noncoding(29.10) offset(0.00) 
8883	12707	single+	1	3	{GlimmerHMM_glimmerT_1619-T1;GlimmerHMM},{Augustus_model.g1442.t1;Augustus}

# EVM prediction: Mode:STANDARD S-ratio: 8.39 13252-15909 orient(+) score(7125.00) noncoding_equivalent(849.00) raw_noncoding(849.00) offset(0.00) 
13252	15909	single+	1	3	{GlimmerHMM_glimmerT_1620-T1;GlimmerHMM},{Augustus_model.g1443.t1;Augustus}

# EVM prediction: Mode:STANDARD S-ratio: 185.00 16356-17471 orient(+) score(4440.00) noncoding_equivalent(24.00) raw_noncoding(24.00) offset(0.00) 
16356	17471	single+	1	3	{GlimmerHMM_glimmerT_1621-T1;GlimmerHMM}

# EVM prediction: Mode:STANDARD S-ratio: 12.32 17980-18525 orient(+) score(1515.00) noncoding_equivalent(123.00) raw_noncoding(123.00) offset(0.00) 
17980	18525	single+	1	3	{GlimmerHMM_glimmerT_1622-T1;GlimmerHMM}

# EVM prediction: Mode:STANDARD S-ratio: 2.80 19326-20194 orient(+) score(2821.00) noncoding_equivalent(1008.00) raw_noncoding(1506.00) offset(498.00) 
19326	19328	initial+	1	3	{GlimmerHMM_glimmerT_1623-T1;GlimmerHMM},{Augustus_model.g1446.t1;Augustus}
19329	19834	INTRON			{GlimmerHMM_glimmerT_1623-T1;GlimmerHMM},{Augustus_model.g1446.t1;Augustus}
19835	20194	terminal+	1	3	{GlimmerHMM_glimmerT_1623-T1;GlimmerHMM},{snap_scaffold_4-snap.46-T1;snap},{Augustus_model.g1446.t1;Augustus}

# EVM prediction: Mode:STANDARD S-ratio: 5.00 20390-23275 orient(-) score(14430.00) noncoding_equivalent(2886.00) raw_noncoding(2886.00) offset(0.00) 
23275	20390	single-	4	6	{HiQ_model.g1447.t1;HiQ},{GlimmerHMM_glimmerT_1624-T1;GlimmerHMM}

# EVM prediction: Mode:STANDARD S-ratio: 1.90 23933-25164 orient(+) score(2322.00) noncoding_equivalent(1223.36) raw_noncoding(1363.36) offset(140.00) 
23933	25003	initial+	1	3	{Augustus_model.g1448.t1;Augustus}
25004	25143	INTRON			{Augustus_model.g1448.t1;Augustus}
25144	25164	terminal+	1	3	{Augustus_model.g1448.t1;Augustus}

# EVM prediction: Mode:STANDARD S-ratio: 1.91 25814-26370 orient(-) score(1076.00) noncoding_equivalent(563.00) raw_noncoding(595.00) offset(32.00) 
25819	25814	terminal-	4	6	{GlimmerHMM_glimmerT_1626-T1;GlimmerHMM}
25851	25820	INTRON			{GlimmerHMM_glimmerT_1626-T1;GlimmerHMM}
26370	25852	initial-	4	6	{GlimmerHMM_glimmerT_1626-T1;GlimmerHMM}

# EVM prediction: Mode:STANDARD S-ratio: 209.75 26996-27838 orient(+) score(2517.00) noncoding_equivalent(12.00) raw_noncoding(12.00) offset(0.00) 
26996	27838	single+	1	3	{GlimmerHMM_glimmerT_1627-T1;GlimmerHMM},{Augustus_model.g1450.t1;Augustus}

# EVM prediction: Mode:STANDARD S-ratio: 114.88 28584-30437 orient(+) score(5514.00) noncoding_equivalent(48.00) raw_noncoding(48.00) offset(0.00) 
28584	30437	single+	1	3	{GlimmerHMM_glimmerT_1628-T1;GlimmerHMM},{Augustus_model.g1451.t1;Augustus}

# EVM prediction: Mode:STANDARD S-ratio: 3.85 31332-32294 orient(-) score(4578.00) noncoding_equivalent(1190.00) raw_noncoding(1190.00) offset(0.00) 
32294	31332	single-	4	6	{GlimmerHMM_glimmerT_1629-T1;GlimmerHMM},{HiQ_model.g1452.t1;HiQ}

# EVM prediction: Mode:STANDARD S-ratio: 10000.00 33919-35205 orient(+) score(3861.00) noncoding_equivalent(0.39) raw_noncoding(0.00) offset(0.00) 
33919	35205	single+	1	3	{Augustus_model.g1453.t1;Augustus},{GlimmerHMM_glimmerT_1630-T1;GlimmerHMM}

# EVM prediction: Mode:STANDARD S-ratio: 3.00 35659-35916 orient(+) score(774.00) noncoding_equivalent(258.00) raw_noncoding(258.00) offset(0.00) 
35659	35916	single+	1	3	{GlimmerHMM_glimmerT_1631-T1;GlimmerHMM},{Augustus_model.g1454.t1;Augustus}

# EVM prediction: Mode:STANDARD S-ratio: 81.50 36399-38048 orient(+) score(4890.00) noncoding_equivalent(60.00) raw_noncoding(60.00) offset(0.00) 
36399	38048	single+	1	3	{GlimmerHMM_glimmerT_1632-T1;GlimmerHMM},{Augustus_model.g1455.t1;Augustus}

# EVM prediction: Mode:STANDARD S-ratio: 2.02 38825-39742 orient(+) score(1842.00) noncoding_equivalent(912.78) raw_noncoding(912.78) offset(0.00) 
38825	39742	single+	1	3	{GlimmerHMM_glimmerT_1633-T1;GlimmerHMM},{Augustus_model.g1456.t1;Augustus}

# EVM prediction: Mode:STANDARD S-ratio: 40.43 40061-41653 orient(+) score(4662.00) noncoding_equivalent(115.32) raw_noncoding(115.32) offset(0.00) 
40061	41653	single+	1	3	{Augustus_model.g1457.t1;Augustus},{GlimmerHMM_glimmerT_1634-T1;GlimmerHMM}

# EVM prediction: Mode:STANDARD S-ratio: 4.96 41751-42275 orient(-) score(2620.00) noncoding_equivalent(528.08) raw_noncoding(528.08) offset(0.00) 
42275	41751	single-	4	6	{HiQ_model.g1458.t1;HiQ},{GlimmerHMM_glimmerT_1635-T1;GlimmerHMM}

# EVM prediction: Mode:STANDARD S-ratio: 5.66 42858-44765 orient(+) score(6486.00) noncoding_equivalent(1146.00) raw_noncoding(1146.00) offset(0.00) 
42858	44765	single+	1	3	{GlimmerHMM_glimmerT_1636-T1;GlimmerHMM}

# EVM prediction: Mode:STANDARD S-ratio: 3.29 45031-46065 orient(-) score(4758.00) noncoding_equivalent(1445.79) raw_noncoding(1445.79) offset(0.00) 
46065	45031	single-	4	6	{HiQ_model.g1460.t1;HiQ},{GlimmerHMM_glimmerT_1637-T1;GlimmerHMM}

# EVM prediction: Mode:STANDARD S-ratio: 98.32 46393-48177 orient(-) score(5300.00) noncoding_equivalent(53.91) raw_noncoding(53.91) offset(0.00) 
48177	46393	single-	4	6	{GlimmerHMM_glimmerT_1638-T1;GlimmerHMM},{Augustus_model.g1461.t1;Augustus}

# EVM prediction: Mode:STANDARD S-ratio: 10000.00 48712-49614 orient(+) score(2706.00) noncoding_equivalent(0.27) raw_noncoding(0.00) offset(0.00) 
48712	49614	single+	1	3	{GlimmerHMM_glimmerT_1639-T1;GlimmerHMM},{Augustus_model.g1462.t1;Augustus}

# EVM prediction: Mode:STANDARD S-ratio: 4.97 49718-56155 orient(-) score(32157.00) noncoding_equivalent(6471.00) raw_noncoding(6471.00) offset(0.00) 
56155	49718	single-	4	6	{HiQ_model.g1463.t1;HiQ},{GlimmerHMM_glimmerT_1640-T1;GlimmerHMM}

# EVM prediction: Mode:STANDARD S-ratio: 3.00 57018-58454 orient(+) score(4311.00) noncoding_equivalent(1437.00) raw_noncoding(1437.00) offset(0.00) 
57018	58454	single+	1	3	{Augustus_model.g1464.t1;Augustus},{GlimmerHMM_glimmerT_1641-T1;GlimmerHMM}

# EVM prediction: Mode:STANDARD S-ratio: 10000.00 58585-59244 orient(-) score(1980.00) noncoding_equivalent(0.20) raw_noncoding(0.00) offset(0.00) 
59244	58585	single-	4	6	{GlimmerHMM_glimmerT_1642-T1;GlimmerHMM},{Augustus_model.g1465.t1;Augustus}

# EVM prediction: Mode:STANDARD S-ratio: 19.68 59897-61054 orient(+) score(3306.00) noncoding_equivalent(168.00) raw_noncoding(168.00) offset(0.00) 
59897	61054	single+	1	3	{Augustus_model.g1466.t1;Augustus},{GlimmerHMM_glimmerT_1643-T1;GlimmerHMM}

# EVM prediction: Mode:STANDARD S-ratio: 12.62 61347-63470 orient(-) score(5904.00) noncoding_equivalent(468.00) raw_noncoding(468.00) offset(0.00) 
63470	61347	single-	4	6	{GlimmerHMM_glimmerT_1644-T1;GlimmerHMM}

# EVM prediction: Mode:STANDARD S-ratio: 4.55 63772-64365 orient(-) score(2921.00) noncoding_equivalent(641.44) raw_noncoding(641.44) offset(0.00) 
64365	63772	single-	4	6	{GlimmerHMM_glimmerT_1645-T1;GlimmerHMM},{HiQ_model.g1468.t1;HiQ}

# EVM prediction: Mode:STANDARD S-ratio: 3.00 64612-65187 orient(+) score(1728.00) noncoding_equivalent(576.00) raw_noncoding(576.00) offset(0.00) 
64612	65187	single+	1	3	{GlimmerHMM_glimmerT_1646-T1;GlimmerHMM},{Augustus_model.g1469.t1;Augustus}

# EVM prediction: Mode:STANDARD S-ratio: 4.82 65308-67575 orient(-) score(11266.00) noncoding_equivalent(2336.00) raw_noncoding(2336.00) offset(0.00) 
67575	65308	single-	4	6	{HiQ_model.g1470.t1;HiQ}

# EVM prediction: Mode:STANDARD S-ratio: 10000.00 68045-69415 orient(+) score(4113.00) noncoding_equivalent(0.41) raw_noncoding(0.00) offset(0.00) 
68045	69415	single+	1	3	{Augustus_model.g1471.t1;Augustus},{GlimmerHMM_glimmerT_1648-T1;GlimmerHMM}

# EVM prediction: Mode:STANDARD S-ratio: 100.60 70772-72295 orient(-) score(4527.00) noncoding_equivalent(45.00) raw_noncoding(45.00) offset(0.00) 
72295	70772	single-	4	6	{Augustus_model.g1472.t1;Augustus},{GlimmerHMM_glimmerT_1650-T1;GlimmerHMM}

# EVM prediction: Mode:STANDARD S-ratio: 3.92 72823-74397 orient(+) score(6270.00) noncoding_equivalent(1598.10) raw_noncoding(1598.10) offset(0.00) 
72823	74397	single+	1	3	{GlimmerHMM_glimmerT_1651-T1;GlimmerHMM},{HiQ_model.g1473.t1;HiQ}

# EVM prediction: Mode:STANDARD S-ratio: 4.74 74593-74943 orient(-) score(1734.00) noncoding_equivalent(366.00) raw_noncoding(366.00) offset(0.00) 
74943	74593	single-	4	6	{GlimmerHMM_glimmerT_1652-T1;GlimmerHMM},{HiQ_model.g1474.t1;HiQ}

# EVM prediction: Mode:STANDARD S-ratio: 10000.00 75272-76840 orient(+) score(6276.00) noncoding_equivalent(0.63) raw_noncoding(0.00) offset(0.00) 
75272	76840	single+	1	3	{GlimmerHMM_glimmerT_1653-T1;GlimmerHMM},{Augustus_model.g1475.t1;Augustus}

# EVM prediction: Mode:STANDARD S-ratio: 244.14 77124-78410 orient(+) score(5127.00) noncoding_equivalent(21.00) raw_noncoding(21.00) offset(0.00) 
77124	78410	single+	1	3	{Augustus_model.g1476.t1;Augustus}

# EVM prediction: Mode:STANDARD S-ratio: 30.98 78687-81404 orient(+) score(7899.00) noncoding_equivalent(255.00) raw_noncoding(255.00) offset(0.00) 
78687	81404	single+	1	3	{Augustus_model.g1477.t1;Augustus},{GlimmerHMM_glimmerT_1655-T1;GlimmerHMM}

# EVM prediction: Mode:STANDARD S-ratio: 5.00 81552-83378 orient(-) score(9135.00) noncoding_equivalent(1827.00) raw_noncoding(1827.00) offset(0.00) 
83378	81552	single-	4	6	{HiQ_model.g1478.t1;HiQ},{GlimmerHMM_glimmerT_1656-T1;GlimmerHMM}

# EVM prediction: Mode:STANDARD S-ratio: 2.01 83729-84991 orient(+) score(2526.00) noncoding_equivalent(1257.86) raw_noncoding(1257.86) offset(0.00) 
83729	84991	single+	1	3	{Augustus_model.g1479.t1;Augustus},{GlimmerHMM_glimmerT_1657-T1;GlimmerHMM}

# EVM prediction: Mode:STANDARD S-ratio: 43.26 85416-88304 orient(+) score(11291.00) noncoding_equivalent(261.00) raw_noncoding(261.00) offset(0.00) 
85416	88304	single+	1	3	{GlimmerHMM_glimmerT_1658-T1;GlimmerHMM}

# EVM prediction: Mode:STANDARD S-ratio: 5.00 88528-90960 orient(-) score(12165.00) noncoding_equivalent(2433.00) raw_noncoding(2433.00) offset(0.00) 
90960	88528	single-	4	6	{GlimmerHMM_glimmerT_1659-T1;GlimmerHMM},{HiQ_model.g1481.t1;HiQ}

# EVM prediction: Mode:STANDARD S-ratio: 3.00 91318-92655 orient(+) score(4014.00) noncoding_equivalent(1338.00) raw_noncoding(1338.00) offset(0.00) 
91318	92655	single+	1	3	{Augustus_model.g1482.t1;Augustus},{GlimmerHMM_glimmerT_1660-T1;GlimmerHMM}

# EVM prediction: Mode:STANDARD S-ratio: 727.42 93179-94648 orient(+) score(5870.00) noncoding_equivalent(8.07) raw_noncoding(8.07) offset(0.00) 
93179	94648	single+	1	3	{Augustus_model.g1483.t1;Augustus},{GlimmerHMM_glimmerT_1661-T1;GlimmerHMM}

# EVM prediction: Mode:STANDARD S-ratio: 4.93 94988-98593 orient(-) score(17986.00) noncoding_equivalent(3648.37) raw_noncoding(3648.37) offset(0.00) 
98593	94988	single-	4	6	{HiQ_model.g1484.t1;HiQ}

