!! Predictions spanning range 4225 - 99120 [R1]
# EVM prediction: Mode:STANDARD S-ratio: 10000.00 4225-5596 orient(+) score(2744.00) noncoding_equivalent(0.27) raw_noncoding(0.00) offset(0.00) 
4225	4289	initial+	1	2	{Augustus_gene272.t1;Augustus}
4290	4360	INTRON			{Augustus_gene272.t1;Augustus}
4361	4737	internal+	3	1	{Augustus_gene272.t1;Augustus}
4738	5534	INTRON			{Augustus_gene272.t1;Augustus}
5535	5596	terminal+	2	3	{Augustus_gene272.t1;Augustus}

# EVM prediction: Mode:STANDARD S-ratio: 10000.00 9649-12927 orient(-) score(6558.00) noncoding_equivalent(0.66) raw_noncoding(0.00) offset(0.00) 
12927	9649	single-	4	6	{Augustus_gene1090.t1;Augustus}

# EVM prediction: Mode:STANDARD S-ratio: 10000.00 16468-17160 orient(-) score(1386.00) noncoding_equivalent(0.14) raw_noncoding(0.00) offset(0.00) 
17160	16468	single-	4	6	{Augustus_gene864.t1;Augustus}

# EVM prediction: Mode:STANDARD S-ratio: 10000.00 31842-32825 orient(-) score(1968.00) noncoding_equivalent(0.20) raw_noncoding(0.00) offset(0.00) 
32825	31842	single-	4	6	{Augustus_gene418.t1;Augustus}

# EVM prediction: Mode:STANDARD S-ratio: 10000.00 42836-43738 orient(-) score(1806.00) noncoding_equivalent(0.18) raw_noncoding(0.00) offset(0.00) 
43738	42836	single-	4	6	{Augustus_gene565.t1;Augustus}

# EVM prediction: Mode:STANDARD S-ratio: 10000.00 46418-50260 orient(+) score(7686.00) noncoding_equivalent(0.77) raw_noncoding(0.00) offset(0.00) 
46418	50260	single+	1	3	{Augustus_gene1031.t1;Augustus}

# EVM prediction: Mode:STANDARD S-ratio: 10000.00 53916-55034 orient(+) score(2238.00) noncoding_equivalent(0.22) raw_noncoding(0.00) offset(0.00) 
53916	55034	single+	1	3	{Augustus_gene762.t1;Augustus}

# EVM prediction: Mode:STANDARD S-ratio: 10000.00 56861-57747 orient(+) score(1774.00) noncoding_equivalent(0.18) raw_noncoding(0.00) offset(0.00) 
56861	56863	initial+	1	3	{Augustus_gene738.t1;Augustus}
56864	57387	INTRON			{Augustus_gene738.t1;Augustus}
57388	57747	terminal+	1	3	{Augustus_gene738.t1;Augustus}

# EVM prediction: Mode:STANDARD S-ratio: 10000.00 57947-60832 orient(-) score(5772.00) noncoding_equivalent(0.58) raw_noncoding(0.00) offset(0.00) 
60832	57947	single-	4	6	{Augustus_gene723.t1;Augustus}

# EVM prediction: Mode:STANDARD S-ratio: 10000.00 66062-67915 orient(+) score(3708.00) noncoding_equivalent(0.37) raw_noncoding(0.00) offset(0.00) 
66062	67915	single+	1	3	{Augustus_gene177.t1;Augustus}

# EVM prediction: Mode:STANDARD S-ratio: 10000.00 87794-94231 orient(-) score(12876.00) noncoding_equivalent(1.29) raw_noncoding(0.00) offset(0.00) 
94231	87794	single-	4	6	{Augustus_gene196.t1;Augustus}

# EVM prediction: Mode:STANDARD S-ratio: 10000.00 97960-99120 orient(+) score(2322.00) noncoding_equivalent(0.23) raw_noncoding(0.00) offset(0.00) 
97960	99120	single+	1	3	{Augustus_gene202.t1;Augustus}

