!! Predictions spanning range 532 - 94613 [R1]
# EVM prediction: Mode:STANDARD S-ratio: 4.54 532-1341 orient(-) score(3982.00) noncoding_equivalent(876.81) raw_noncoding(876.81) offset(0.00) 
1341	532	single-	4	6	{HiQ_model.g1398.t1;HiQ},{GlimmerHMM_glimmerT_1588-T1;GlimmerHMM}

# EVM prediction: Mode:STANDARD S-ratio: 105.00 1610-3517 orient(-) score(5670.00) noncoding_equivalent(54.00) raw_noncoding(54.00) offset(0.00) 
3517	1610	single-	4	6	{GlimmerHMM_glimmerT_1589-T1;GlimmerHMM},{Augustus_model.g1399.t1;Augustus}

# EVM prediction: Mode:STANDARD S-ratio: 10000.00 4480-5373 orient(+) score(2682.00) noncoding_equivalent(0.27) raw_noncoding(0.00) offset(0.00) 
4480	5373	single+	1	3	{Augustus_model.g1400.t1;Augustus},{GlimmerHMM_glimmerT_1590-T1;GlimmerHMM}

# EVM prediction: Mode:STANDARD S-ratio: 5.00 5457-6806 orient(-) score(6750.00) noncoding_equivalent(1350.00) raw_noncoding(1350.00) offset(0.00) 
6806	5457	single-	4	6	{HiQ_model.g1401.t1;HiQ},{GlimmerHMM_glimmerT_1591-T1;GlimmerHMM}

# EVM prediction: Mode:STANDARD S-ratio: 2.35 8230-10116 orient(+) score(3841.00) noncoding_equivalent(1631.72) raw_noncoding(1917.00) offset(285.28) 
8230	9054	initial+	1	3	{GlimmerHMM_glimmerT_1592-T1;GlimmerHMM}
9055	9138	INTRON			{GlimmerHMM_glimmerT_1592-T1;GlimmerHMM}
9139	9412	internal+	1	1	{GlimmerHMM_glimmerT_1592-T1;GlimmerHMM}
9413	9517	INTRON			{GlimmerHMM_glimmerT_1592-T1;GlimmerHMM}
9518	10116	terminal+	2	3	{GlimmerHMM_glimmerT_1592-T1;GlimmerHMM}

# EVM prediction: Mode:STANDARD S-ratio: 1.00 10552-12129 orient(+) score(3156.00) noncoding_equivalent(3156.00) raw_noncoding(3156.00) offset(0.00) 
10552	12129	single+	1	3	{GlimmerHMM_glimmerT_1593-T1;GlimmerHMM}

# EVM prediction: Mode:STANDARD S-ratio: 70.00 12540-14030 orient(-) score(4410.00) noncoding_equivalent(63.00) raw_noncoding(63.00) offset(0.00) 
14030	12540	single-	4	6	{Augustus_model.g1403.t1;Augustus},{GlimmerHMM_glimmerT_1594-T1;GlimmerHMM}

# EVM prediction: Mode:STANDARD S-ratio: 2.00 15016-15438 orient(+) score(846.00) noncoding_equivalent(423.00) raw_noncoding(423.00) offset(0.00) 
15016	15438	single+	1	3	{Augustus_model.g1404.t1;Augustus},{GlimmerHMM_glimmerT_1595-T1;GlimmerHMM}

# EVM prediction: Mode:STANDARD S-ratio: 24.90 15665-16703 orient(-) score(3841.00) noncoding_equivalent(154.29) raw_noncoding(256.57) offset(102.28) 
16600	15665	terminal-	4	6	{Augustus_model.g1405.t1;Augustus}
16655	16601	INTRON			{Augustus_model.g1405.t1;Augustus}
16703	16656	initial-	4	6	{Augustus_model.g1405.t1;Augustus}

# EVM prediction: Mode:STANDARD S-ratio: 3.02 17059-17745 orient(+) score(2061.00) noncoding_equivalent(682.75) raw_noncoding(682.75) offset(0.00) 
17059	17745	single+	1	3	{GlimmerHMM_glimmerT_1597-T1;GlimmerHMM},{Augustus_model.g1406.t1;Augustus}

# EVM prediction: Mode:STANDARD S-ratio: 10000.00 17773-21237 orient(-) score(10395.00) noncoding_equivalent(1.04) raw_noncoding(0.00) offset(0.00) 
21237	17773	single-	4	6	{Augustus_model.g1407.t1;Augustus},{GlimmerHMM_glimmerT_1598-T1;GlimmerHMM}

# EVM prediction: Mode:STANDARD S-ratio: 363.98 22858-24051 orient(+) score(4761.00) noncoding_equivalent(13.08) raw_noncoding(13.08) offset(0.00) 
22858	24051	single+	1	3	{GlimmerHMM_glimmerT_1599-T1;GlimmerHMM},{Augustus_model.g1408.t1;Augustus}

# EVM prediction: Mode:STANDARD S-ratio: 5.00 24304-25005 orient(-) score(3510.00) noncoding_equivalent(702.00) raw_noncoding(702.00) offset(0.00) 
25005	24304	single-	4	6	{HiQ_model.g1409.t1;HiQ},{GlimmerHMM_glimmerT_1600-T1;GlimmerHMM}

# EVM prediction: Mode:STANDARD S-ratio: 4.70 25491-25778 orient(-) score(1424.00) noncoding_equivalent(302.90) raw_noncoding(302.90) offset(0.00) 
25778	25491	single-	4	6	{HiQ_model.g1410.t1;HiQ},{GlimmerHMM_glimmerT_1601-T1;GlimmerHMM}

# EVM prediction: Mode:STANDARD S-ratio: 63.07 26255-28630 orient(-) score(9354.00) noncoding_equivalent(148.31) raw_noncoding(148.31) offset(0.00) 
28630	26255	single-	4	6	{GlimmerHMM_glimmerT_1602-T1;GlimmerHMM}

# EVM prediction: Mode:STANDARD S-ratio: 52.03 28963-31674 orient(-) score(7982.00) noncoding_equivalent(153.41) raw_noncoding(153.41) offset(0.00) 
31674	28963	single-	4	6	{GlimmerHMM_glimmerT_1603-T1;GlimmerHMM}

# EVM prediction: Mode:STANDARD S-ratio: 6.41 32189-33040 orient(-) score(2211.00) noncoding_equivalent(345.00) raw_noncoding(345.00) offset(0.00) 
33040	32189	single-	4	6	{GlimmerHMM_glimmerT_1604-T1;GlimmerHMM}

# EVM prediction: Mode:STANDARD S-ratio: 5.00 33726-36689 orient(-) score(14820.00) noncoding_equivalent(2964.00) raw_noncoding(2964.00) offset(0.00) 
36689	33726	single-	4	6	{HiQ_model.g1413.t1;HiQ},{GlimmerHMM_glimmerT_1605-T1;GlimmerHMM}

# EVM prediction: Mode:STANDARD S-ratio: 10000.00 37819-39582 orient(-) score(6918.00) noncoding_equivalent(0.69) raw_noncoding(0.00) offset(0.00) 
39582	37819	single-	4	6	{Augustus_model.g1414.t1;Augustus},{GlimmerHMM_glimmerT_1606-T1;GlimmerHMM}

# EVM prediction: Mode:STANDARD S-ratio: 1.00 40410-40850 orient(+) score(882.00) noncoding_equivalent(882.00) raw_noncoding(882.00) offset(0.00) 
40410	40850	single+	1	3	{GlimmerHMM_glimmerT_1607-T1;GlimmerHMM}

# EVM prediction: Mode:STANDARD S-ratio: 4.94 41115-42398 orient(-) score(6406.00) noncoding_equivalent(1296.08) raw_noncoding(1296.08) offset(0.00) 
42398	41115	single-	4	6	{GlimmerHMM_glimmerT_1608-T1;GlimmerHMM},{HiQ_model.g1415.t1;HiQ}

# EVM prediction: Mode:STANDARD S-ratio: 4.83 42845-45145 orient(-) score(11439.00) noncoding_equivalent(2367.00) raw_noncoding(2367.00) offset(0.00) 
45145	42845	single-	4	6	{HiQ_model.g1416.t1;HiQ},{GlimmerHMM_glimmerT_1609-T1;GlimmerHMM}

# EVM prediction: Mode:STANDARD S-ratio: 6.09 45568-47363 orient(-) score(6008.00) noncoding_equivalent(986.71) raw_noncoding(1113.00) offset(126.29) 
46421	45568	terminal-	5	6	{GlimmerHMM_glimmerT_1610-T1;GlimmerHMM}
46516	46422	INTRON			{GlimmerHMM_glimmerT_1610-T1;GlimmerHMM}
47363	46517	initial-	4	4	{GlimmerHMM_glimmerT_1610-T1;GlimmerHMM}

# EVM prediction: Mode:STANDARD S-ratio: 3.04 48054-48776 orient(+) score(2176.00) noncoding_equivalent(716.21) raw_noncoding(716.21) offset(0.00) 
48054	48776	single+	1	3	{Augustus_model.g1418.t1;Augustus},{GlimmerHMM_glimmerT_1611-T1;GlimmerHMM}

# EVM prediction: Mode:STANDARD S-ratio: 10000.00 49067-49834 orient(+) score(3072.00) noncoding_equivalent(0.31) raw_noncoding(0.00) offset(0.00) 
49067	49834	single+	1	3	{GlimmerHMM_glimmerT_1612-T1;GlimmerHMM},{Augustus_model.g1419.t1;Augustus}

# EVM prediction: Mode:STANDARD S-ratio: 60.33 51253-52563 orient(+) score(3861.00) noncoding_equivalent(64.00) raw_noncoding(64.00) offset(0.00) 
51253	52563	single+	1	3	{GlimmerHMM_glimmerT_1613-T1;GlimmerHMM}

# EVM prediction: Mode:STANDARD S-ratio: 5.00 54310-56646 orient(-) score(11685.00) noncoding_equivalent(2337.00) raw_noncoding(2337.00) offset(0.00) 
56646	54310	single-	4	6	{HiQ_model.g1421.t1;HiQ}

# EVM prediction: Mode:STANDARD S-ratio: 10000.00 58804-59403 orient(+) score(1800.00) noncoding_equivalent(0.18) raw_noncoding(0.00) offset(0.00) 
58804	59403	single+	1	3	{Augustus_model.g1422.t1;Augustus},{GlimmerHMM_glimmerT_1615-T1;GlimmerHMM}

# EVM prediction: Mode:STANDARD S-ratio: 148.92 60014-61333 orient(+) score(5243.00) noncoding_equivalent(35.21) raw_noncoding(35.21) offset(0.00) 
60014	61333	single+	1	3	{Augustus_model.g1423.t1;Augustus},{GlimmerHMM_glimmerT_1616-T1;GlimmerHMM}

# EVM prediction: Mode:STANDARD S-ratio: 192.55 61518-62300 orient(-) score(2335.00) noncoding_equivalent(12.13) raw_noncoding(12.13) offset(0.00) 
62300	61518	single-	4	6	{GlimmerHMM_glimmerT_1617-T1;GlimmerHMM},{Augustus_model.g1424.t1;Augustus}

# EVM prediction: Mode:STANDARD S-ratio: 10000.00 64025-65338 orient(+) score(6570.00) noncoding_equivalent(0.66) raw_noncoding(0.00) offset(0.00) 
64025	65338	single+	1	3	{GlimmerHMM_glimmerT_1618-T1;GlimmerHMM},{Augustus_model.g1425.t1;Augustus}

# EVM prediction: Mode:STANDARD S-ratio: 2.00 65626-67065 orient(-) score(5760.00) noncoding_equivalent(2876.88) raw_noncoding(2876.88) offset(0.00) 
67065	65626	single-	4	6	{HiQ_model.g1426.t1;HiQ},{GlimmerHMM_glimmerT_1619-T1;GlimmerHMM}

# EVM prediction: Mode:STANDARD S-ratio: 525.13 67723-69201 orient(+) score(7364.00) noncoding_equivalent(14.02) raw_noncoding(14.02) offset(0.00) 
67723	69201	single+	1	3	{GlimmerHMM_glimmerT_1620-T1;GlimmerHMM},{Augustus_model.g1427.t1;Augustus}

# EVM prediction: Mode:STANDARD S-ratio: 4.78 69273-70403 orient(-) score(5577.00) noncoding_equivalent(1167.00) raw_noncoding(1167.00) offset(0.00) 
70403	69273	single-	4	6	{HiQ_model.g1428.t1;HiQ},{GlimmerHMM_glimmerT_1621-T1;GlimmerHMM}

# EVM prediction: Mode:STANDARD S-ratio: 315.78 70783-73887 orient(-) score(9284.00) noncoding_equivalent(29.40) raw_noncoding(29.40) offset(0.00) 
73887	70783	single-	4	6	{GlimmerHMM_glimmerT_1622-T1;GlimmerHMM},{Augustus_model.g1429.t1;Augustus}

# EVM prediction: Mode:STANDARD S-ratio: 45.00 75582-77168 orient(+) score(6210.00) noncoding_equivalent(138.00) raw_noncoding(138.00) offset(0.00) 
75582	77168	single+	1	3	{GlimmerHMM_glimmerT_1623-T1;GlimmerHMM}

# EVM prediction: Mode:STANDARD S-ratio: 5.00 77360-79804 orient(-) score(12219.00) noncoding_equivalent(2445.00) raw_noncoding(2445.00) offset(0.00) 
79804	77360	single-	4	6	{HiQ_model.g1431.t1;HiQ},{GlimmerHMM_glimmerT_1624-T1;GlimmerHMM}

# EVM prediction: Mode:STANDARD S-ratio: 2.02 80028-80813 orient(-) score(3153.00) noncoding_equivalent(1563.59) raw_noncoding(1563.59) offset(0.00) 
80813	80028	single-	4	6	{GlimmerHMM_glimmerT_1625-T1;GlimmerHMM},{HiQ_model.g1432.t1;HiQ}

# EVM prediction: Mode:STANDARD S-ratio: 5.00 81042-82316 orient(-) score(6375.00) noncoding_equivalent(1275.00) raw_noncoding(1275.00) offset(0.00) 
82316	81042	single-	4	6	{GlimmerHMM_glimmerT_1626-T1;GlimmerHMM},{HiQ_model.g1433.t1;HiQ}

# EVM prediction: Mode:STANDARD S-ratio: 5.00 82658-84913 orient(-) score(11280.00) noncoding_equivalent(2256.00) raw_noncoding(2256.00) offset(0.00) 
84913	82658	single-	4	6	{GlimmerHMM_glimmerT_1627-T1;GlimmerHMM},{HiQ_model.g1434.t1;HiQ}

# EVM prediction: Mode:STANDARD S-ratio: 10000.00 85747-87852 orient(+) score(8418.00) noncoding_equivalent(0.84) raw_noncoding(0.00) offset(0.00) 
85747	87852	single+	1	3	{GlimmerHMM_glimmerT_1628-T1;GlimmerHMM},{Augustus_model.g1435.t1;Augustus}

# EVM prediction: Mode:STANDARD S-ratio: 5.00 88099-88830 orient(-) score(3660.00) noncoding_equivalent(732.00) raw_noncoding(732.00) offset(0.00) 
88830	88099	single-	4	6	{GlimmerHMM_glimmerT_1629-T1;GlimmerHMM},{HiQ_model.g1436.t1;HiQ}

# EVM prediction: Mode:STANDARD S-ratio: 589.52 90462-94613 orient(+) score(12433.00) noncoding_equivalent(21.09) raw_noncoding(21.09) offset(0.00) 
90462	94613	single+	1	3	{GlimmerHMM_glimmerT_1631-T1;GlimmerHMM},{Augustus_model.g1437.t1;Augustus}

