# EVM prediction: Mode:STANDARD S-ratio: 2.00 28-495 orient(+) score(936.00) noncoding_equivalent(468.00) raw_noncoding(468.00) offset(0.00)
28	495	terminal+	1	3	{snap_scaffold_6-snap.1-T1;snap}

# EVM prediction: Mode:STANDARD S-ratio: 4.03 1466-2434 orient(-) score(4659.00) noncoding_equivalent(1155.00) raw_noncoding(1155.00) offset(0.00)
2434	1466	single-	4	6	{HiQ_model.g1988.t1;HiQ}

# EVM prediction: Mode:STANDARD S-ratio: 11.79 3516-5027 orient(-) score(5575.00) noncoding_equivalent(473.05) raw_noncoding(473.05) offset(0.00)
5027	3516	single-	4	6	{GlimmerHMM_glimmerT_2147-T1;GlimmerHMM}

# EVM prediction: Mode:STANDARD S-ratio: 97.00 6020-6607 orient(+) score(2328.00) noncoding_equivalent(24.00) raw_noncoding(24.00) offset(0.00)
6020	6607	single+	1	3	{Augustus_model.g1990.t1;Augustus},{GlimmerHMM_glimmerT_2148-T1;GlimmerHMM}

# EVM prediction: Mode:STANDARD S-ratio: 283.38 6800-7261 orient(+) score(1842.00) noncoding_equivalent(6.50) raw_noncoding(6.50) offset(0.00)
6800	7261	single+	1	3	{Augustus_model.g1991.t1;Augustus},{GlimmerHMM_glimmerT_2149-T1;GlimmerHMM}

# EVM prediction: Mode:STANDARD S-ratio: 4.96 7428-8744 orient(-) score(6576.00) noncoding_equivalent(1326.26) raw_noncoding(1326.26) offset(0.00)
8744	7428	single-	4	6	{GlimmerHMM_glimmerT_2150-T1;GlimmerHMM},{HiQ_model.g1992.t1;HiQ}

# EVM prediction: Mode:STANDARD S-ratio: 68.78 9250-11235 orient(+) score(7832.00) noncoding_equivalent(113.87) raw_noncoding(113.87) offset(0.00)
9250	11235	single+	1	3	{GlimmerHMM_glimmerT_2151-T1;GlimmerHMM}

# EVM prediction: Mode:STANDARD S-ratio: 193.00 11664-14786 orient(+) score(12426.00) noncoding_equivalent(64.38) raw_noncoding(64.38) offset(0.00)
11664	14786	single+	1	3	{GlimmerHMM_glimmerT_2152-T1;GlimmerHMM}

# EVM prediction: Mode:STANDARD S-ratio: 76.92 15683-17143 orient(+) score(5769.00) noncoding_equivalent(75.00) raw_noncoding(75.00) offset(0.00)
15683	17143	single+	1	3	{Augustus_model.g1994.t1;Augustus},{GlimmerHMM_glimmerT_2153-T1;GlimmerHMM}

# EVM prediction: Mode:STANDARD S-ratio: 3.01 17602-19332 orient(+) score(5193.00) noncoding_equivalent(1727.00) raw_noncoding(1727.00) offset(0.00)
17602	19332	single+	1	3	{Augustus_model.g1995.t1;Augustus},{GlimmerHMM_glimmerT_2154-T1;GlimmerHMM}

# EVM prediction: Mode:STANDARD S-ratio: 4.97 19452-20504 orient(-) score(5259.00) noncoding_equivalent(1059.13) raw_noncoding(1059.13) offset(0.00)
20504	19452	single-	4	6	{GlimmerHMM_glimmerT_2155-T1;GlimmerHMM},{HiQ_model.g1996.t1;HiQ}

# EVM prediction: Mode:STANDARD S-ratio: 10000.00 21217-24933 orient(+) score(14862.00) noncoding_equivalent(1.49) raw_noncoding(0.00) offset(0.00)
21217	24933	single+	1	3	{Augustus_model.g1997.t1;Augustus},{GlimmerHMM_glimmerT_2156-T1;GlimmerHMM}

# EVM prediction: Mode:STANDARD S-ratio: 5.00 25139-27418 orient(-) score(11400.00) noncoding_equivalent(2280.00) raw_noncoding(2280.00) offset(0.00)
27418	25139	single-	4	6	{GlimmerHMM_glimmerT_2157-T1;GlimmerHMM},{HiQ_model.g1998.t1;HiQ}

# EVM prediction: Mode:STANDARD S-ratio: 2125.53 27882-33755 orient(-) score(23485.00) noncoding_equivalent(11.05) raw_noncoding(11.05) offset(0.00)
33755	27882	single-	4	6	{Augustus_model.g1999.t1;Augustus},{GlimmerHMM_glimmerT_2158-T1;GlimmerHMM}

# EVM prediction: Mode:STANDARD S-ratio: 4.72 34322-36046 orient(-) score(8541.00) noncoding_equivalent(1809.58) raw_noncoding(1809.58) offset(0.00)
36046	34322	single-	4	6	{GlimmerHMM_glimmerT_2159-T1;GlimmerHMM},{HiQ_model.g2000.t1;HiQ}

# EVM prediction: Mode:STANDARD S-ratio: 86.24 36937-38772 orient(+) score(7258.00) noncoding_equivalent(84.16) raw_noncoding(84.16) offset(0.00)
36937	38772	single+	1	3	{GlimmerHMM_glimmerT_2160-T1;GlimmerHMM}

# EVM prediction: Mode:STANDARD S-ratio: 887.84 39269-42469 orient(+) score(12790.00) noncoding_equivalent(14.41) raw_noncoding(14.41) offset(0.00)
39269	42469	single+	1	3	{GlimmerHMM_glimmerT_2161-T1;GlimmerHMM},{Augustus_model.g2002.t1;Augustus}

# EVM prediction: Mode:STANDARD S-ratio: 4.60 42611-43612 orient(-) score(4854.00) noncoding_equivalent(1055.00) raw_noncoding(1263.00) offset(208.00)
43480	42611	terminal-	4	6	{HiQ_model.g2003.t1;HiQ},{snap_scaffold_6-snap.15-T1;snap}
43585	43481	INTRON			{HiQ_model.g2003.t1;HiQ},{snap_scaffold_6-snap.15-T1;snap},{ev_type:exonerate/ID=match.147026.6414/Target=YNL265C;exonerate}
43612	43586	initial-	4	6	{HiQ_model.g2003.t1;HiQ},{snap_scaffold_6-snap.15-T1;snap}

# EVM prediction: Mode:STANDARD S-ratio: 4.95 43893-44945 orient(-) score(5256.00) noncoding_equivalent(1062.08) raw_noncoding(1062.08) offset(0.00)
44945	43893	single-	4	6	{GlimmerHMM_glimmerT_2163-T1;GlimmerHMM},{HiQ_model.g2004.t1;HiQ}

# EVM prediction: Mode:STANDARD S-ratio: 4.93 45226-46170 orient(-) score(4714.00) noncoding_equivalent(956.00) raw_noncoding(956.00) offset(0.00)
46170	45226	single-	4	6	{HiQ_model.g2005.t1;HiQ},{GlimmerHMM_glimmerT_2164-T1;GlimmerHMM}

# EVM prediction: Mode:STANDARD S-ratio: 10000.00 46545-53210 orient(+) score(26655.00) noncoding_equivalent(2.67) raw_noncoding(0.00) offset(0.00)
46545	53210	single+	1	3	{GlimmerHMM_glimmerT_2165-T1;GlimmerHMM}

# EVM prediction: Mode:STANDARD S-ratio: 126.75 53428-54867 orient(+) score(5715.00) noncoding_equivalent(45.09) raw_noncoding(45.09) offset(0.00)
53428	54867	single+	1	3	{Augustus_model.g2007.t1;Augustus},{GlimmerHMM_glimmerT_2166-T1;GlimmerHMM}

# EVM prediction: Mode:STANDARD S-ratio: 2.99 55187-55675 orient(-) score(1467.00) noncoding_equivalent(489.98) raw_noncoding(489.98) offset(0.00)
55675	55187	single-	4	6	{GlimmerHMM_glimmerT_2167-T1;GlimmerHMM}

# EVM prediction: Mode:STANDARD S-ratio: 2.93 55971-56192 orient(-) score(662.00) noncoding_equivalent(226.04) raw_noncoding(226.04) offset(0.00)
56192	55971	single-	4	6	{GlimmerHMM_glimmerT_2168-T1;GlimmerHMM}

# EVM prediction: Mode:STANDARD S-ratio: 4.73 56437-58701 orient(-) score(11220.00) noncoding_equivalent(2370.00) raw_noncoding(2370.00) offset(0.00)
58701	56437	single-	4	6	{GlimmerHMM_glimmerT_2169-T1;GlimmerHMM},{HiQ_model.g2009.t1;HiQ}

# EVM prediction: Mode:STANDARD S-ratio: 4.67 58959-62648 orient(-) score(18237.00) noncoding_equivalent(3903.00) raw_noncoding(3903.00) offset(0.00)
62648	58959	single-	4	6	{GlimmerHMM_glimmerT_2170-T1;GlimmerHMM},{HiQ_model.g2010.t1;HiQ}

# EVM prediction: Mode:STANDARD S-ratio: 77.15 62831-65425 orient(+) score(10129.00) noncoding_equivalent(131.28) raw_noncoding(131.28) offset(0.00)
62831	65425	single+	1	3	{Augustus_model.g2011.t1;Augustus}

# EVM prediction: Mode:STANDARD S-ratio: 2.00 65657-66118 orient(-) score(924.00) noncoding_equivalent(462.00) raw_noncoding(462.00) offset(0.00)
66118	65657	single-	4	6	{GlimmerHMM_glimmerT_2172-T1;GlimmerHMM}

# EVM prediction: Mode:STANDARD S-ratio: 4.77 66372-67577 orient(-) score(5982.00) noncoding_equivalent(1254.32) raw_noncoding(1254.32) offset(0.00)
67577	66372	single-	4	6	{HiQ_model.g2012.t1;HiQ},{GlimmerHMM_glimmerT_2173-T1;GlimmerHMM}

# EVM prediction: Mode:STANDARD S-ratio: 210.54 68346-69614 orient(+) score(5053.00) noncoding_equivalent(24.00) raw_noncoding(24.00) offset(0.00)
68346	69614	single+	1	3	{GlimmerHMM_glimmerT_2174-T1;GlimmerHMM},{Augustus_model.g2013.t1;Augustus}

# EVM prediction: Mode:STANDARD S-ratio: 4.68 69769-70614 orient(-) score(4182.00) noncoding_equivalent(894.00) raw_noncoding(894.00) offset(0.00)
70614	69769	single-	4	6	{GlimmerHMM_glimmerT_2175-T1;GlimmerHMM},{HiQ_model.g2014.t1;HiQ}

# EVM prediction: Mode:STANDARD S-ratio: 4.91 70912-72639 orient(-) score(8613.00) noncoding_equivalent(1755.00) raw_noncoding(1755.00) offset(0.00)
72639	70912	single-	4	6	{GlimmerHMM_glimmerT_2176-T1;GlimmerHMM},{HiQ_model.g2015.t1;HiQ}

# EVM prediction: Mode:STANDARD S-ratio: 478.27 73758-77696 orient(+) score(15725.00) noncoding_equivalent(32.88) raw_noncoding(32.88) offset(0.00)
73758	77696	single+	1	3	{Augustus_model.g2016.t1;Augustus},{GlimmerHMM_glimmerT_2177-T1;GlimmerHMM}

# EVM prediction: Mode:STANDARD S-ratio: 4.99 77738-79369 orient(-) score(8145.00) noncoding_equivalent(1632.00) raw_noncoding(1632.00) offset(0.00)
79369	77738	single-	4	6	{HiQ_model.g2017.t1;HiQ},{GlimmerHMM_glimmerT_2178-T1;GlimmerHMM}

# EVM prediction: Mode:STANDARD S-ratio: 4.98 79710-80957 orient(-) score(6235.00) noncoding_equivalent(1253.03) raw_noncoding(1253.03) offset(0.00)
80957	79710	single-	4	6	{HiQ_model.g2018.t1;HiQ},{GlimmerHMM_glimmerT_2179-T1;GlimmerHMM}

# EVM prediction: Mode:STANDARD S-ratio: 643.20 81263-83527 orient(+) score(9046.00) noncoding_equivalent(14.06) raw_noncoding(14.06) offset(0.00)
81263	83527	single+	1	3	{Augustus_model.g2019.t1;Augustus},{GlimmerHMM_glimmerT_2180-T1;GlimmerHMM}

# EVM prediction: Mode:STANDARD S-ratio: 131.70 83928-84698 orient(+) score(3043.00) noncoding_equivalent(23.11) raw_noncoding(23.11) offset(0.00)
83928	84698	single+	1	3	{GlimmerHMM_glimmerT_2181-T1;GlimmerHMM},{Augustus_model.g2020.t1;Augustus}

# EVM prediction: Mode:STANDARD S-ratio: 2.76 84822-85234 orient(-) score(1139.00) noncoding_equivalent(413.00) raw_noncoding(463.00) offset(50.00)
84851	84822	terminal-	4	6	{Augustus_model.g2021.t1;Augustus}
84901	84852	INTRON			{Augustus_model.g2021.t1;Augustus}
85234	84902	initial-	4	6	{Augustus_model.g2021.t1;Augustus}

# EVM prediction: Mode:STANDARD S-ratio: 5.00 85519-85845 orient(-) score(1635.00) noncoding_equivalent(327.00) raw_noncoding(327.00) offset(0.00)
85845	85519	single-	4	6	{HiQ_model.g2022.t1;HiQ},{GlimmerHMM_glimmerT_2183-T1;GlimmerHMM}

# EVM prediction: Mode:STANDARD S-ratio: 116.45 86400-89306 orient(+) score(11529.00) noncoding_equivalent(99.00) raw_noncoding(99.00) offset(0.00)
86400	89306	single+	1	3	{Augustus_model.g2023.t1;Augustus},{GlimmerHMM_glimmerT_2184-T1;GlimmerHMM}

# EVM prediction: Mode:STANDARD S-ratio: 48.40 89674-94452 orient(+) score(18729.00) noncoding_equivalent(387.00) raw_noncoding(387.00) offset(0.00)
89674	94452	single+	1	3	{Augustus_model.g2024.t1;Augustus},{GlimmerHMM_glimmerT_2185-T1;GlimmerHMM}

# EVM prediction: Mode:STANDARD S-ratio: 4.82 94774-96288 orient(-) score(7527.00) noncoding_equivalent(1563.00) raw_noncoding(1563.00) offset(0.00)
96288	94774	single-	4	6	{GlimmerHMM_glimmerT_2186-T1;GlimmerHMM},{HiQ_model.g2025.t1;HiQ}

# EVM prediction: Mode:STANDARD S-ratio: 4.98 96844-98319 orient(-) score(7376.00) noncoding_equivalent(1480.07) raw_noncoding(1480.07) offset(0.00)
98319	96844	single-	4	6	{HiQ_model.g2026.t1;HiQ},{GlimmerHMM_glimmerT_2187-T1;GlimmerHMM}

# EVM prediction: Mode:STANDARD S-ratio: 315.43 98911-100275 orient(+) score(5443.00) noncoding_equivalent(17.26) raw_noncoding(17.26) offset(0.00)
98911	100275	single+	1	3	{Augustus_model.g2027.t1;Augustus},{GlimmerHMM_glimmerT_2188-T1;GlimmerHMM}

# EVM prediction: Mode:STANDARD S-ratio: 10000.00 100770-103214 orient(+) score(9780.00) noncoding_equivalent(0.98) raw_noncoding(0.00) offset(0.00)
100770	103214	single+	1	3	{Augustus_model.g2028.t1;Augustus},{GlimmerHMM_glimmerT_2189-T1;GlimmerHMM}

# EVM prediction: Mode:STANDARD S-ratio: 876.26 103530-104909 orient(+) score(5514.00) noncoding_equivalent(6.29) raw_noncoding(6.29) offset(0.00)
103530	104909	single+	1	3	{Augustus_model.g2029.t1;Augustus},{GlimmerHMM_glimmerT_2190-T1;GlimmerHMM}

# EVM prediction: Mode:STANDARD S-ratio: 222.50 105275-108196 orient(+) score(11636.00) noncoding_equivalent(52.30) raw_noncoding(52.30) offset(0.00)
105275	108196	single+	1	3	{GlimmerHMM_glimmerT_2191-T1;GlimmerHMM}

# EVM prediction: Mode:STANDARD S-ratio: 26.86 108623-112945 orient(+) score(15981.00) noncoding_equivalent(594.89) raw_noncoding(1153.42) offset(558.53)
108623	109851	initial+	1	2	{snap_scaffold_6-snap.38-T1;snap}
109852	110154	INTRON			{snap_scaffold_6-snap.38-T1;snap}
110155	112945	terminal+	3	3	{snap_scaffold_6-snap.38-T1;snap}

# EVM prediction: Mode:STANDARD S-ratio: 32.93 113269-114147 orient(+) score(3412.00) noncoding_equivalent(103.60) raw_noncoding(103.60) offset(0.00)
113269	114147	single+	1	3	{GlimmerHMM_glimmerT_2194-T1;GlimmerHMM}

# EVM prediction: Mode:STANDARD S-ratio: 4.98 114333-115388 orient(-) score(5276.00) noncoding_equivalent(1060.15) raw_noncoding(1060.15) offset(0.00)
115388	114333	single-	4	6	{GlimmerHMM_glimmerT_2195-T1;GlimmerHMM},{HiQ_model.g2031.t1;HiQ}

# EVM prediction: Mode:STANDARD S-ratio: 4.55 115869-117008 orient(-) score(5607.00) noncoding_equivalent(1231.36) raw_noncoding(1231.36) offset(0.00)
117008	115869	single-	4	6	{GlimmerHMM_glimmerT_2196-T1;GlimmerHMM},{HiQ_model.g2032.t1;HiQ}

# EVM prediction: Mode:STANDARD S-ratio: 4.92 117480-118544 orient(-) score(5311.00) noncoding_equivalent(1079.64) raw_noncoding(1079.64) offset(0.00)
118544	117480	single-	4	6	{HiQ_model.g2033.t1;HiQ}

# EVM prediction: Mode:STANDARD S-ratio: 1322.32 119001-120773 orient(-) score(5313.00) noncoding_equivalent(4.02) raw_noncoding(4.02) offset(0.00)
120773	119001	single-	4	6	{Augustus_model.g2034.t1;Augustus},{GlimmerHMM_glimmerT_2198-T1;GlimmerHMM}

# EVM prediction: Mode:STANDARD S-ratio: 4.52 121066-122811 orient(-) score(8580.00) noncoding_equivalent(1896.67) raw_noncoding(1896.67) offset(0.00)
122811	121066	single-	4	6	{GlimmerHMM_glimmerT_2199-T1;GlimmerHMM},{HiQ_model.g2035.t1;HiQ}

# EVM prediction: Mode:STANDARD S-ratio: 4.95 123140-125428 orient(-) score(11424.00) noncoding_equivalent(2310.00) raw_noncoding(2310.00) offset(0.00)
125428	123140	single-	4	6	{GlimmerHMM_glimmerT_2200-T1;GlimmerHMM},{HiQ_model.g2036.t1;HiQ}

# EVM prediction: Mode:STANDARD S-ratio: 87.67 125663-127183 orient(+) score(5980.00) noncoding_equivalent(68.21) raw_noncoding(68.21) offset(0.00)
125663	127183	single+	1	3	{GlimmerHMM_glimmerT_2201-T1;GlimmerHMM}

# EVM prediction: Mode:STANDARD S-ratio: 22.81 127423-128043 orient(+) score(2378.00) noncoding_equivalent(104.25) raw_noncoding(104.25) offset(0.00)
127423	128043	single+	1	3	{GlimmerHMM_glimmerT_2202-T1;GlimmerHMM}

# EVM prediction: Mode:STANDARD S-ratio: 4.84 129398-132025 orient(-) score(13070.00) noncoding_equivalent(2699.05) raw_noncoding(2699.05) offset(0.00)
132025	129398	single-	4	6	{GlimmerHMM_glimmerT_2203-T1;GlimmerHMM},{HiQ_model.g2039.t1;HiQ}

# EVM prediction: Mode:STANDARD S-ratio: 10000.00 132742-134043 orient(+) score(5208.00) noncoding_equivalent(0.52) raw_noncoding(0.00) offset(0.00)
132742	134043	single+	1	3	{Augustus_model.g2040.t1;Augustus},{GlimmerHMM_glimmerT_2204-T1;GlimmerHMM}

# EVM prediction: Mode:STANDARD S-ratio: 4.82 134328-135995 orient(-) score(8289.00) noncoding_equivalent(1719.00) raw_noncoding(1719.00) offset(0.00)
135995	134328	single-	4	6	{HiQ_model.g2041.t1;HiQ},{GlimmerHMM_glimmerT_2205-T1;GlimmerHMM}

# EVM prediction: Mode:STANDARD S-ratio: 122.79 136571-138334 orient(+) score(6999.00) noncoding_equivalent(57.00) raw_noncoding(57.00) offset(0.00)
136571	138334	single+	1	3	{GlimmerHMM_glimmerT_2206-T1;GlimmerHMM},{Augustus_model.g2042.t1;Augustus}

# EVM prediction: Mode:STANDARD S-ratio: 253.46 138664-139644 orient(+) score(3909.00) noncoding_equivalent(15.42) raw_noncoding(15.42) offset(0.00)
138664	139644	single+	1	3	{Augustus_model.g2043.t1;Augustus},{GlimmerHMM_glimmerT_2207-T1;GlimmerHMM}

# EVM prediction: Mode:STANDARD S-ratio: 827.00 140022-142505 orient(+) score(9924.00) noncoding_equivalent(12.00) raw_noncoding(12.00) offset(0.00)
140022	142505	single+	1	3	{GlimmerHMM_glimmerT_2208-T1;GlimmerHMM},{Augustus_model.g2044.t1;Augustus}

# EVM prediction: Mode:STANDARD S-ratio: 34.56 142801-143763 orient(+) score(3746.00) noncoding_equivalent(108.40) raw_noncoding(108.40) offset(0.00)
142801	143763	single+	1	3	{GlimmerHMM_glimmerT_2209-T1;GlimmerHMM}

# EVM prediction: Mode:STANDARD S-ratio: 39.00 143950-144549 orient(+) score(2340.00) noncoding_equivalent(60.00) raw_noncoding(60.00) offset(0.00)
143950	144549	single+	1	3	{GlimmerHMM_glimmerT_2210-T1;GlimmerHMM}

# EVM prediction: Mode:STANDARD S-ratio: 4.41 144791-145435 orient(-) score(3154.00) noncoding_equivalent(714.47) raw_noncoding(714.47) offset(0.00)
145435	144791	single-	4	6	{HiQ_model.g2046.t1;HiQ},{GlimmerHMM_glimmerT_2211-T1;GlimmerHMM}

# EVM prediction: Mode:STANDARD S-ratio: 283.73 145792-148140 orient(+) score(9363.00) noncoding_equivalent(33.00) raw_noncoding(33.00) offset(0.00)
145792	148140	single+	1	3	{GlimmerHMM_glimmerT_2212-T1;GlimmerHMM},{Augustus_model.g2047.t1;Augustus}

# EVM prediction: Mode:STANDARD S-ratio: 5.00 148386-148646 orient(-) score(1305.00) noncoding_equivalent(261.00) raw_noncoding(261.00) offset(0.00)
148646	148386	single-	4	6	{HiQ_model.g2048.t1;HiQ},{GlimmerHMM_glimmerT_2213-T1;GlimmerHMM}

# EVM prediction: Mode:STANDARD S-ratio: 114.41 149262-150074 orient(+) score(3224.00) noncoding_equivalent(28.18) raw_noncoding(28.18) offset(0.00)
149262	150074	single+	1	3	{GlimmerHMM_glimmerT_2214-T1;GlimmerHMM},{Augustus_model.g2049.t1;Augustus}

# EVM prediction: Mode:STANDARD S-ratio: 6.00 150389-152230 orient(+) score(11052.00) noncoding_equivalent(1842.00) raw_noncoding(1842.00) offset(0.00)
150389	152230	single+	1	3	{GlimmerHMM_glimmerT_2215-T1;GlimmerHMM},{HiQ_model.g2050.t1;HiQ}

# EVM prediction: Mode:STANDARD S-ratio: 295.29 152748-153347 orient(+) score(2392.00) noncoding_equivalent(8.10) raw_noncoding(8.10) offset(0.00)
152748	153347	single+	1	3	{GlimmerHMM_glimmerT_2216-T1;GlimmerHMM},{Augustus_model.g2051.t1;Augustus}

# EVM prediction: Mode:STANDARD S-ratio: 10000.00 153683-154960 orient(+) score(5112.00) noncoding_equivalent(0.51) raw_noncoding(0.00) offset(0.00)
153683	154960	single+	1	3	{GlimmerHMM_glimmerT_2217-T1;GlimmerHMM},{Augustus_model.g2052.t1;Augustus}

# EVM prediction: Mode:STANDARD S-ratio: 5.00 155118-156485 orient(-) score(6841.00) noncoding_equivalent(1368.00) raw_noncoding(1368.00) offset(0.00)
156485	155118	single-	4	6	{HiQ_model.g2053.t1;HiQ},{GlimmerHMM_glimmerT_2218-T1;GlimmerHMM}

# EVM prediction: Mode:STANDARD S-ratio: 3.11 156708-157610 orient(-) score(4253.00) noncoding_equivalent(1368.47) raw_noncoding(1368.47) offset(0.00)
157610	156708	single-	4	6	{HiQ_model.g2054.t1;HiQ}

# EVM prediction: Mode:STANDARD S-ratio: 115.28 157902-158789 orient(+) score(3514.00) noncoding_equivalent(30.48) raw_noncoding(30.48) offset(0.00)
157902	158789	single+	1	3	{Augustus_model.g2055.t1;Augustus},{GlimmerHMM_glimmerT_2220-T1;GlimmerHMM}

# EVM prediction: Mode:STANDARD S-ratio: 4.57 158960-161536 orient(-) score(12687.00) noncoding_equivalent(2775.00) raw_noncoding(2775.00) offset(0.00)
161536	158960	single-	4	6	{HiQ_model.g2056.t1;HiQ},{GlimmerHMM_glimmerT_2221-T1;GlimmerHMM}

# EVM prediction: Mode:STANDARD S-ratio: 4.35 162045-162785 orient(-) score(3615.00) noncoding_equivalent(831.00) raw_noncoding(831.00) offset(0.00)
162785	162045	single-	4	6	{HiQ_model.g2057.t1;HiQ},{GlimmerHMM_glimmerT_2222-T1;GlimmerHMM}

# EVM prediction: Mode:STANDARD S-ratio: 4.91 163258-164862 orient(-) score(8016.00) noncoding_equivalent(1631.21) raw_noncoding(1631.21) offset(0.00)
164862	163258	single-	4	6	{HiQ_model.g2058.t1;HiQ},{GlimmerHMM_glimmerT_2223-T1;GlimmerHMM}

# EVM prediction: Mode:STANDARD S-ratio: 4.88 165940-167925 orient(-) score(9891.00) noncoding_equivalent(2025.00) raw_noncoding(2025.00) offset(0.00)
167925	165940	single-	4	6	{HiQ_model.g2059.t1;HiQ},{GlimmerHMM_glimmerT_2225-T1;GlimmerHMM}

# EVM prediction: Mode:STANDARD S-ratio: 4.95 168621-169514 orient(-) score(4455.00) noncoding_equivalent(900.00) raw_noncoding(900.00) offset(0.00)
169514	168621	single-	4	6	{HiQ_model.g2060.t1;HiQ}

# EVM prediction: Mode:STANDARD S-ratio: 5.00 169866-170651 orient(-) score(3930.00) noncoding_equivalent(786.00) raw_noncoding(786.00) offset(0.00)
170651	169866	single-	4	6	{HiQ_model.g2061.t1;HiQ},{GlimmerHMM_glimmerT_2227-T1;GlimmerHMM}

# EVM prediction: Mode:STANDARD S-ratio: 3.33 171055-171960 orient(-) score(4181.00) noncoding_equivalent(1255.53) raw_noncoding(1255.53) offset(0.00)
171960	171055	single-	4	6	{HiQ_model.g2062.t1;HiQ},{GlimmerHMM_glimmerT_2228-T1;GlimmerHMM}

# EVM prediction: Mode:STANDARD S-ratio: 1567.87 172712-174388 orient(+) score(6704.00) noncoding_equivalent(4.28) raw_noncoding(4.28) offset(0.00)
172712	174388	single+	1	3	{Augustus_model.g2063.t1;Augustus},{GlimmerHMM_glimmerT_2229-T1;GlimmerHMM}

# EVM prediction: Mode:STANDARD S-ratio: 16.38 174846-178241 orient(+) score(12803.00) noncoding_equivalent(781.81) raw_noncoding(781.81) offset(0.00)
174846	178241	single+	1	3	{GlimmerHMM_glimmerT_2230-T1;GlimmerHMM}

# EVM prediction: Mode:STANDARD S-ratio: 21.68 178777-179850 orient(+) score(4105.00) noncoding_equivalent(189.36) raw_noncoding(189.36) offset(0.00)
178777	179850	single+	1	3	{GlimmerHMM_glimmerT_2231-T1;GlimmerHMM}

# EVM prediction: Mode:STANDARD S-ratio: 6.98 180737-181350 orient(+) score(2121.00) noncoding_equivalent(303.93) raw_noncoding(319.13) offset(15.20)
180737	180890	initial+	1	1	{snap_scaffold_6-snap.69-T1;snap}
180891	180904	INTRON			{snap_scaffold_6-snap.69-T1;snap}
180905	181350	terminal+	2	3	{snap_scaffold_6-snap.69-T1;snap}

# EVM prediction: Mode:STANDARD S-ratio: 118.51 182600-184228 orient(+) score(6463.00) noncoding_equivalent(54.54) raw_noncoding(54.54) offset(0.00)
182600	184228	single+	1	3	{Augustus_model.g2065.t1;Augustus},{GlimmerHMM_glimmerT_2233-T1;GlimmerHMM}

# EVM prediction: Mode:STANDARD S-ratio: 19.37 184807-185949 orient(+) score(4349.00) noncoding_equivalent(224.50) raw_noncoding(224.50) offset(0.00)
184807	185949	single+	1	3	{GlimmerHMM_glimmerT_2234-T1;GlimmerHMM}

# EVM prediction: Mode:STANDARD S-ratio: 10000.00 186160-187407 orient(+) score(4818.00) noncoding_equivalent(0.48) raw_noncoding(0.00) offset(0.00)
186160	187407	single+	1	3	{GlimmerHMM_glimmerT_2235-T1;GlimmerHMM}

# EVM prediction: Mode:STANDARD S-ratio: 714.02 187838-190180 orient(+) score(9359.00) noncoding_equivalent(13.11) raw_noncoding(13.11) offset(0.00)
187838	190180	single+	1	3	{GlimmerHMM_glimmerT_2236-T1;GlimmerHMM},{Augustus_model.g2067.t1;Augustus}

# EVM prediction: Mode:STANDARD S-ratio: 4.62 190497-190973 orient(-) score(2446.00) noncoding_equivalent(529.00) raw_noncoding(529.00) offset(0.00)
190973	190497	single-	4	6	{HiQ_model.g2068.t1;HiQ},{GlimmerHMM_glimmerT_2237-T1;GlimmerHMM}

# EVM prediction: Mode:STANDARD S-ratio: 4.87 191442-193814 orient(-) score(11814.00) noncoding_equivalent(2424.00) raw_noncoding(2424.00) offset(0.00)
193814	191442	single-	4	6	{GlimmerHMM_glimmerT_2238-T1;GlimmerHMM},{HiQ_model.g2069.t1;HiQ}

# EVM prediction: Mode:STANDARD S-ratio: 4.99 194265-195932 orient(-) score(8331.00) noncoding_equivalent(1668.00) raw_noncoding(1668.00) offset(0.00)
195932	194265	single-	4	6	{GlimmerHMM_glimmerT_2239-T1;GlimmerHMM},{HiQ_model.g2070.t1;HiQ}

# EVM prediction: Mode:STANDARD S-ratio: 147.36 196648-197871 orient(+) score(4863.00) noncoding_equivalent(33.00) raw_noncoding(33.00) offset(0.00)
196648	197871	single+	1	3	{Augustus_model.g2071.t1;Augustus},{GlimmerHMM_glimmerT_2240-T1;GlimmerHMM}

# EVM prediction: Mode:STANDARD S-ratio: 169.60 197966-198961 orient(-) score(2972.00) noncoding_equivalent(17.52) raw_noncoding(17.52) offset(0.00)
198961	197966	single-	4	6	{Augustus_model.g2072.t1;Augustus},{GlimmerHMM_glimmerT_2241-T1;GlimmerHMM}

# EVM prediction: Mode:STANDARD S-ratio: 58.02 200973-201695 orient(+) score(2843.00) noncoding_equivalent(49.00) raw_noncoding(49.00) offset(0.00)
200973	201695	single+	1	3	{Augustus_model.g2073.t1;Augustus},{GlimmerHMM_glimmerT_2242-T1;GlimmerHMM}

# EVM prediction: Mode:STANDARD S-ratio: 2.00 201980-202909 orient(-) score(3720.00) noncoding_equivalent(1860.00) raw_noncoding(1860.00) offset(0.00)
202909	201980	single-	4	6	{HiQ_model.g2074.t1;HiQ},{GlimmerHMM_glimmerT_2243-T1;GlimmerHMM}

# EVM prediction: Mode:STANDARD S-ratio: 2.38 203367-205265 orient(-) score(4971.00) noncoding_equivalent(2085.00) raw_noncoding(2085.00) offset(0.00)
205265	203367	single-	4	6	{GlimmerHMM_glimmerT_2244-T1;GlimmerHMM}

# EVM prediction: Mode:STANDARD S-ratio: 5.00 205687-206898 orient(-) score(6060.00) noncoding_equivalent(1212.00) raw_noncoding(1212.00) offset(0.00)
206898	205687	single-	4	6	{HiQ_model.g2076.t1;HiQ},{GlimmerHMM_glimmerT_2245-T1;GlimmerHMM}

# EVM prediction: Mode:STANDARD S-ratio: 4.98 207242-208342 orient(-) score(5501.00) noncoding_equivalent(1105.02) raw_noncoding(1105.02) offset(0.00)
208342	207242	single-	4	6	{HiQ_model.g2077.t1;HiQ},{GlimmerHMM_glimmerT_2246-T1;GlimmerHMM}

# EVM prediction: Mode:STANDARD S-ratio: 257.96 208921-214164 orient(+) score(20895.00) noncoding_equivalent(81.00) raw_noncoding(81.00) offset(0.00)
208921	214164	single+	1	3	{GlimmerHMM_glimmerT_2247-T1;GlimmerHMM},{Augustus_model.g2078.t1;Augustus}

# EVM prediction: Mode:STANDARD S-ratio: 4.94 214451-215956 orient(-) score(7515.00) noncoding_equivalent(1521.00) raw_noncoding(1521.00) offset(0.00)
215956	214451	single-	4	6	{GlimmerHMM_glimmerT_2248-T1;GlimmerHMM},{HiQ_model.g2079.t1;HiQ}

# EVM prediction: Mode:STANDARD S-ratio: 5.00 216315-217094 orient(-) score(3900.00) noncoding_equivalent(780.00) raw_noncoding(780.00) offset(0.00)
217094	216315	single-	4	6	{HiQ_model.g2080.t1;HiQ},{GlimmerHMM_glimmerT_2249-T1;GlimmerHMM}

# EVM prediction: Mode:STANDARD S-ratio: 4.78 217701-219647 orient(-) score(9660.00) noncoding_equivalent(2022.23) raw_noncoding(2022.23) offset(0.00)
219647	217701	single-	4	6	{HiQ_model.g2081.t1;HiQ},{GlimmerHMM_glimmerT_2250-T1;GlimmerHMM}

# EVM prediction: Mode:STANDARD S-ratio: 4.72 220507-221853 orient(-) score(6670.00) noncoding_equivalent(1413.19) raw_noncoding(1413.19) offset(0.00)
221853	220507	single-	4	6	{HiQ_model.g2082.t1;HiQ},{GlimmerHMM_glimmerT_2251-T1;GlimmerHMM}

# EVM prediction: Mode:STANDARD S-ratio: 54.44 222120-223340 orient(+) score(4791.00) noncoding_equivalent(88.00) raw_noncoding(88.00) offset(0.00)
222120	223340	single+	1	3	{GlimmerHMM_glimmerT_2252-T1;GlimmerHMM},{Augustus_model.g2083.t1;Augustus}

# EVM prediction: Mode:STANDARD S-ratio: 4.88 223553-224608 orient(-) score(5260.00) noncoding_equivalent(1077.11) raw_noncoding(1077.11) offset(0.00)
224608	223553	single-	4	6	{GlimmerHMM_glimmerT_2253-T1;GlimmerHMM},{HiQ_model.g2084.t1;HiQ}

# EVM prediction: Mode:STANDARD S-ratio: 4.98 225031-228363 orient(-) score(16653.00) noncoding_equivalent(3345.00) raw_noncoding(3345.00) offset(0.00)
228363	225031	single-	4	6	{GlimmerHMM_glimmerT_2254-T1;GlimmerHMM},{HiQ_model.g2085.t1;HiQ}

# EVM prediction: Mode:STANDARD S-ratio: 2.66 229612-230444 orient(+) score(2629.00) noncoding_equivalent(990.12) raw_noncoding(1476.00) offset(485.88)
229612	229615	initial+	1	1	{Augustus_model.g2086.t1;Augustus},{GlimmerHMM_glimmerT_2255-T1;GlimmerHMM},{snap_scaffold_6-snap.88-T1;snap}
229616	230097	INTRON			{GlimmerHMM_glimmerT_2255-T1;GlimmerHMM},{snap_scaffold_6-snap.88-T1;snap}
230098	230444	terminal+	2	3	{GlimmerHMM_glimmerT_2255-T1;GlimmerHMM},{snap_scaffold_6-snap.88-T1;snap}

# EVM prediction: Mode:STANDARD S-ratio: 118.95 230947-233151 orient(+) score(6560.00) noncoding_equivalent(55.15) raw_noncoding(55.15) offset(0.00)
230947	233151	single+	1	3	{GlimmerHMM_glimmerT_2256-T1;GlimmerHMM}

# EVM prediction: Mode:STANDARD S-ratio: 149.62 234829-235893 orient(+) score(4232.00) noncoding_equivalent(28.28) raw_noncoding(28.28) offset(0.00)
234829	235893	single+	1	3	{GlimmerHMM_glimmerT_2257-T1;GlimmerHMM},{Augustus_model.g2088.t1;Augustus}

# EVM prediction: Mode:STANDARD S-ratio: 4.47 236760-237629 orient(-) score(4266.00) noncoding_equivalent(954.00) raw_noncoding(954.00) offset(0.00)
237629	236760	single-	4	6	{HiQ_model.g2089.t1;HiQ},{GlimmerHMM_glimmerT_2258-T1;GlimmerHMM}

# EVM prediction: Mode:STANDARD S-ratio: 6.97 237894-238490 orient(+) score(2089.00) noncoding_equivalent(299.76) raw_noncoding(299.76) offset(0.00)
237894	238490	single+	1	3	{GlimmerHMM_glimmerT_2259-T1;GlimmerHMM}

# EVM prediction: Mode:STANDARD S-ratio: 51.96 238634-239140 orient(+) score(1988.00) noncoding_equivalent(38.26) raw_noncoding(38.26) offset(0.00)
238634	239140	single+	1	3	{GlimmerHMM_glimmerT_2260-T1;GlimmerHMM},{Augustus_model.g2091.t1;Augustus}

# EVM prediction: Mode:STANDARD S-ratio: 3.26 239351-240250 orient(-) score(4131.00) noncoding_equivalent(1269.00) raw_noncoding(1269.00) offset(0.00)
240250	239351	single-	4	6	{GlimmerHMM_glimmerT_2261-T1;GlimmerHMM},{HiQ_model.g2092.t1;HiQ}

# EVM prediction: Mode:STANDARD S-ratio: 274.00 240798-241622 orient(+) score(3288.00) noncoding_equivalent(12.00) raw_noncoding(12.00) offset(0.00)
240798	241622	single+	1	3	{GlimmerHMM_glimmerT_2262-T1;GlimmerHMM},{Augustus_model.g2093.t1;Augustus}

# EVM prediction: Mode:STANDARD S-ratio: 4.95 241917-243563 orient(-) score(8214.00) noncoding_equivalent(1658.00) raw_noncoding(1658.00) offset(0.00)
243563	241917	single-	4	6	{GlimmerHMM_glimmerT_2263-T1;GlimmerHMM},{HiQ_model.g2094.t1;HiQ}

# EVM prediction: Mode:STANDARD S-ratio: 4.92 243956-244345 orient(-) score(1945.00) noncoding_equivalent(395.14) raw_noncoding(395.14) offset(0.00)
244345	243956	single-	4	6	{GlimmerHMM_glimmerT_2264-T1;GlimmerHMM},{HiQ_model.g2095.t1;HiQ}

# EVM prediction: Mode:STANDARD S-ratio: 16.12 244470-245831 orient(+) score(5007.00) noncoding_equivalent(310.61) raw_noncoding(310.61) offset(0.00)
244470	245831	single+	1	3	{Augustus_model.g2096.t1;Augustus}

# EVM prediction: Mode:STANDARD S-ratio: 4.99 246055-246810 orient(-) score(3779.00) noncoding_equivalent(757.01) raw_noncoding(757.01) offset(0.00)
246810	246055	single-	4	6	{HiQ_model.g2097.t1;HiQ},{GlimmerHMM_glimmerT_2266-T1;GlimmerHMM}

# EVM prediction: Mode:STANDARD S-ratio: 5.00 247657-248046 orient(-) score(1950.00) noncoding_equivalent(390.00) raw_noncoding(390.00) offset(0.00)
248046	247657	single-	4	6	{HiQ_model.g2098.t1;HiQ},{GlimmerHMM_glimmerT_2267-T1;GlimmerHMM}

# EVM prediction: Mode:STANDARD S-ratio: 4.66 248199-248963 orient(-) score(3780.00) noncoding_equivalent(810.46) raw_noncoding(810.46) offset(0.00)
248963	248199	single-	4	6	{GlimmerHMM_glimmerT_2268-T1;GlimmerHMM},{HiQ_model.g2099.t1;HiQ}

# EVM prediction: Mode:STANDARD S-ratio: 6.30 249233-249676 orient(+) score(1776.00) noncoding_equivalent(282.00) raw_noncoding(288.00) offset(6.00)
249233	249250	initial+	1	3	{Augustus_model.g2100.t1;Augustus},{snap_scaffold_6-snap.100-T1;snap},{GlimmerHMM_glimmerT_2269-T1;GlimmerHMM}
249251	249346	INTRON			{Augustus_model.g2100.t1;Augustus},{snap_scaffold_6-snap.100-T1;snap},{GlimmerHMM_glimmerT_2269-T1;GlimmerHMM},{ev_type:exonerate/ID=match.147026.6133/Target=YNL147W;exonerate}
249347	249676	terminal+	1	3	{Augustus_model.g2100.t1;Augustus},{snap_scaffold_6-snap.100-T1;snap},{GlimmerHMM_glimmerT_2269-T1;GlimmerHMM}

# EVM prediction: Mode:STANDARD S-ratio: 4.79 251115-253328 orient(-) score(10989.00) noncoding_equivalent(2296.47) raw_noncoding(2296.47) offset(0.00)
253328	251115	single-	4	6	{HiQ_model.g2101.t1;HiQ},{GlimmerHMM_glimmerT_2270-T1;GlimmerHMM}

# EVM prediction: Mode:STANDARD S-ratio: 908.18 255738-257237 orient(+) score(5994.00) noncoding_equivalent(6.60) raw_noncoding(6.60) offset(0.00)
255738	257237	single+	1	3	{GlimmerHMM_glimmerT_2271-T1;GlimmerHMM},{Augustus_model.g2102.t1;Augustus}

# EVM prediction: Mode:STANDARD S-ratio: 85.81 257945-258988 orient(+) score(4129.00) noncoding_equivalent(48.12) raw_noncoding(48.12) offset(0.00)
257945	258988	single+	1	3	{GlimmerHMM_glimmerT_2272-T1;GlimmerHMM},{Augustus_model.g2103.t1;Augustus}

# EVM prediction: Mode:STANDARD S-ratio: 5.10 259273-264066 orient(-) score(24516.00) noncoding_equivalent(4811.52) raw_noncoding(4811.52) offset(0.00)
264066	259273	single-	4	6	{GlimmerHMM_glimmerT_2273-T1;GlimmerHMM},{HiQ_model.g2104.t1;HiQ}

# EVM prediction: Mode:STANDARD S-ratio: 161.15 265090-266670 orient(+) score(6285.00) noncoding_equivalent(39.00) raw_noncoding(39.00) offset(0.00)
265090	266670	single+	1	3	{GlimmerHMM_glimmerT_2274-T1;GlimmerHMM},{Augustus_model.g2105.t1;Augustus}

# EVM prediction: Mode:STANDARD S-ratio: 4.84 266944-268404 orient(-) score(7266.00) noncoding_equivalent(1500.00) raw_noncoding(1500.00) offset(0.00)
268404	266944	single-	4	6	{GlimmerHMM_glimmerT_2275-T1;GlimmerHMM},{HiQ_model.g2106.t1;HiQ}

# EVM prediction: Mode:STANDARD S-ratio: 310.20 268828-269994 orient(+) score(4653.00) noncoding_equivalent(15.00) raw_noncoding(15.00) offset(0.00)
268828	269994	single+	1	3	{GlimmerHMM_glimmerT_2276-T1;GlimmerHMM}

# EVM prediction: Mode:STANDARD S-ratio: 4.85 270231-270575 orient(-) score(1716.00) noncoding_equivalent(354.17) raw_noncoding(354.17) offset(0.00)
270575	270231	single-	4	6	{HiQ_model.g2108.t1;HiQ},{GlimmerHMM_glimmerT_2277-T1;GlimmerHMM}

# EVM prediction: Mode:STANDARD S-ratio: 4.84 270800-271930 orient(-) score(5625.00) noncoding_equivalent(1161.00) raw_noncoding(1161.00) offset(0.00)
271930	270800	single-	4	6	{GlimmerHMM_glimmerT_2278-T1;GlimmerHMM},{HiQ_model.g2109.t1;HiQ}

# EVM prediction: Mode:STANDARD S-ratio: 4.77 272516-273037 orient(-) score(2590.00) noncoding_equivalent(542.53) raw_noncoding(542.53) offset(0.00)
273037	272516	single-	4	6	{GlimmerHMM_glimmerT_2279-T1;GlimmerHMM},{HiQ_model.g2110.t1;HiQ}

# EVM prediction: Mode:STANDARD S-ratio: 571.53 273665-276835 orient(+) score(12662.00) noncoding_equivalent(22.15) raw_noncoding(22.15) offset(0.00)
273665	276835	single+	1	3	{Augustus_model.g2111.t1;Augustus},{GlimmerHMM_glimmerT_2280-T1;GlimmerHMM}

# EVM prediction: Mode:STANDARD S-ratio: 10000.00 277111-277569 orient(+) score(1836.00) noncoding_equivalent(0.18) raw_noncoding(0.00) offset(0.00)
277111	277569	single+	1	3	{GlimmerHMM_glimmerT_2281-T1;GlimmerHMM},{Augustus_model.g2112.t1;Augustus}

# EVM prediction: Mode:STANDARD S-ratio: 3.38 277902-279175 orient(-) score(5691.00) noncoding_equivalent(1683.00) raw_noncoding(1953.00) offset(270.00)
279033	277902	terminal-	6	6	{HiQ_model.g2113.t1;HiQ}
279125	279034	INTRON			{HiQ_model.g2113.t1;HiQ},{ev_type:exonerate/ID=match.147026.1033/Target=YNL130C;exonerate}
279175	279126	initial-	4	5	{HiQ_model.g2113.t1;HiQ}

# EVM prediction: Mode:STANDARD S-ratio: 39.79 279827-280549 orient(+) score(2822.00) noncoding_equivalent(70.93) raw_noncoding(70.93) offset(0.00)
279827	280549	single+	1	3	{GlimmerHMM_glimmerT_2283-T1;GlimmerHMM}

# EVM prediction: Mode:STANDARD S-ratio: 22.24 280733-282010 orient(+) score(4891.00) noncoding_equivalent(219.90) raw_noncoding(219.90) offset(0.00)
280733	282010	single+	1	3	{GlimmerHMM_glimmerT_2284-T1;GlimmerHMM}

# EVM prediction: Mode:STANDARD S-ratio: 953.00 282334-285195 orient(+) score(11436.00) noncoding_equivalent(12.00) raw_noncoding(12.00) offset(0.00)
282334	285195	single+	1	3	{GlimmerHMM_glimmerT_2285-T1;GlimmerHMM},{Augustus_model.g2115.t1;Augustus}

# EVM prediction: Mode:STANDARD S-ratio: 153.00 285574-288114 orient(+) score(10098.00) noncoding_equivalent(66.00) raw_noncoding(66.00) offset(0.00)
285574	288114	single+	1	3	{Augustus_model.g2116.t1;Augustus},{GlimmerHMM_glimmerT_2286-T1;GlimmerHMM}

# EVM prediction: Mode:STANDARD S-ratio: 4.94 288493-290514 orient(-) score(10089.00) noncoding_equivalent(2043.30) raw_noncoding(2043.30) offset(0.00)
290514	288493	single-	4	6	{HiQ_model.g2117.t1;HiQ},{GlimmerHMM_glimmerT_2287-T1;GlimmerHMM}

# EVM prediction: Mode:STANDARD S-ratio: 78.20 291239-292717 orient(+) score(5842.00) noncoding_equivalent(74.71) raw_noncoding(74.71) offset(0.00)
291239	292717	single+	1	3	{GlimmerHMM_glimmerT_2288-T1;GlimmerHMM}

# EVM prediction: Mode:STANDARD S-ratio: 10000.00 293032-296025 orient(+) score(11976.00) noncoding_equivalent(1.20) raw_noncoding(0.00) offset(0.00)
293032	296025	single+	1	3	{GlimmerHMM_glimmerT_2289-T1;GlimmerHMM}

# EVM prediction: Mode:STANDARD S-ratio: 4.96 297030-298883 orient(-) score(9259.00) noncoding_equivalent(1865.58) raw_noncoding(1865.58) offset(0.00)
298883	297030	single-	4	6	{HiQ_model.g2119.t1;HiQ},{GlimmerHMM_glimmerT_2290-T1;GlimmerHMM}

# EVM prediction: Mode:STANDARD S-ratio: 5.00 299385-300866 orient(+) score(7410.00) noncoding_equivalent(1482.00) raw_noncoding(1482.00) offset(0.00)
299385	300866	single+	1	3	{HiQ_model.g2120.t1;HiQ},{GlimmerHMM_glimmerT_2291-T1;GlimmerHMM}

# EVM prediction: Mode:STANDARD S-ratio: 5.00 300997-303909 orient(-) score(14565.00) noncoding_equivalent(2913.00) raw_noncoding(2913.00) offset(0.00)
303909	300997	single-	4	6	{HiQ_model.g2121.t1;HiQ},{GlimmerHMM_glimmerT_2292-T1;GlimmerHMM}

# EVM prediction: Mode:STANDARD S-ratio: 4.05 304703-306367 orient(+) score(6660.00) noncoding_equivalent(1644.22) raw_noncoding(1644.22) offset(0.00)
304703	306367	single+	1	3	{GlimmerHMM_glimmerT_2293-T1;GlimmerHMM},{Augustus_model.g2122.t1;Augustus}

# EVM prediction: Mode:STANDARD S-ratio: 3.09 306686-308254 orient(+) score(4707.00) noncoding_equivalent(1522.00) raw_noncoding(1522.00) offset(0.00)
306686	308254	single+	1	3	{GlimmerHMM_glimmerT_2294-T1;GlimmerHMM},{Augustus_model.g2123.t1;Augustus}

# EVM prediction: Mode:STANDARD S-ratio: 4.91 308464-310398 orient(-) score(9646.00) noncoding_equivalent(1964.32) raw_noncoding(1964.32) offset(0.00)
310398	308464	single-	4	6	{GlimmerHMM_glimmerT_2295-T1;GlimmerHMM},{HiQ_model.g2124.t1;HiQ}

# EVM prediction: Mode:STANDARD S-ratio: 10000.00 311117-311545 orient(+) score(1716.00) noncoding_equivalent(0.17) raw_noncoding(0.00) offset(0.00)
311117	311545	single+	1	3	{GlimmerHMM_glimmerT_2296-T1;GlimmerHMM},{Augustus_model.g2125.t1;Augustus}

# EVM prediction: Mode:STANDARD S-ratio: 42.36 311981-313332 orient(+) score(3898.00) noncoding_equivalent(92.03) raw_noncoding(194.16) offset(102.13)
311981	313253	initial+	1	1	{snap_scaffold_6-snap.125-T1;snap},{Augustus_model.g2126.t1;Augustus}
313254	313321	INTRON			{snap_scaffold_6-snap.125-T1;snap}
313322	313332	terminal+	2	3	{snap_scaffold_6-snap.125-T1;snap}

# EVM prediction: Mode:STANDARD S-ratio: 8.26 314196-314635 orient(+) score(1141.00) noncoding_equivalent(138.06) raw_noncoding(218.14) offset(80.08)
314196	314226	initial+	1	1	{snap_scaffold_6-snap.126-T1;snap}
314227	314267	INTRON			{snap_scaffold_6-snap.126-T1;snap}
314268	314635	terminal+	2	3	{snap_scaffold_6-snap.126-T1;snap},{Augustus_model.g2126.t1;Augustus}

# EVM prediction: Mode:STANDARD S-ratio: 4.79 315298-315660 orient(-) score(1802.00) noncoding_equivalent(376.28) raw_noncoding(376.28) offset(0.00)
315660	315298	single-	4	6	{HiQ_model.g2127.t1;HiQ},{GlimmerHMM_glimmerT_2299-T1;GlimmerHMM}

# EVM prediction: Mode:STANDARD S-ratio: 5.00 316184-316846 orient(-) score(3315.00) noncoding_equivalent(663.00) raw_noncoding(663.00) offset(0.00)
316846	316184	single-	4	6	{GlimmerHMM_glimmerT_2300-T1;GlimmerHMM},{HiQ_model.g2128.t1;HiQ}

# EVM prediction: Mode:STANDARD S-ratio: 4.97 317368-318180 orient(-) score(4061.00) noncoding_equivalent(817.02) raw_noncoding(817.02) offset(0.00)
318180	317368	single-	4	6	{GlimmerHMM_glimmerT_2301-T1;GlimmerHMM},{HiQ_model.g2129.t1;HiQ}

# EVM prediction: Mode:STANDARD S-ratio: 3.00 318530-319132 orient(+) score(1809.00) noncoding_equivalent(603.00) raw_noncoding(603.00) offset(0.00)
318530	319132	single+	1	3	{GlimmerHMM_glimmerT_2302-T1;GlimmerHMM}

# EVM prediction: Mode:STANDARD S-ratio: 4.92 319298-322849 orient(-) score(17708.00) noncoding_equivalent(3602.21) raw_noncoding(3602.21) offset(0.00)
322849	319298	single-	4	6	{HiQ_model.g2131.t1;HiQ},{GlimmerHMM_glimmerT_2303-T1;GlimmerHMM}

# EVM prediction: Mode:STANDARD S-ratio: 5.85 323251-325110 orient(-) score(11068.00) noncoding_equivalent(1892.13) raw_noncoding(1892.13) offset(0.00)
325110	323251	single-	4	6	{HiQ_model.g2132.t1;HiQ},{GlimmerHMM_glimmerT_2304-T1;GlimmerHMM}

# EVM prediction: Mode:STANDARD S-ratio: 10000.00 326102-328120 orient(+) score(8070.00) noncoding_equivalent(0.81) raw_noncoding(0.00) offset(0.00)
326102	328120	single+	1	3	{Augustus_model.g2133.t1;Augustus},{GlimmerHMM_glimmerT_2305-T1;GlimmerHMM}

# EVM prediction: Mode:STANDARD S-ratio: 978.33 328457-332863 orient(+) score(17610.00) noncoding_equivalent(18.00) raw_noncoding(18.00) offset(0.00)
328457	332863	single+	1	3	{Augustus_model.g2134.t1;Augustus},{GlimmerHMM_glimmerT_2306-T1;GlimmerHMM}

# EVM prediction: Mode:STANDARD S-ratio: 3.18 333513-335672 orient(+) score(5297.00) noncoding_equivalent(1667.86) raw_noncoding(2539.92) offset(872.06)
333513	334039	initial+	1	2	{Augustus_model.g2135.t1;Augustus}
334040	334091	INTRON			{Augustus_model.g2135.t1;Augustus}
334092	334252	internal+	3	1	{Augustus_model.g2135.t1;Augustus}
334253	334699	INTRON			{Augustus_model.g2135.t1;Augustus}
334700	335312	internal+	2	2	{Augustus_model.g2135.t1;Augustus}
335313	335632	INTRON			{snap_scaffold_6-snap.133-T1;snap}
335633	335672	terminal+	3	3	{snap_scaffold_6-snap.133-T1;snap}

# EVM prediction: Mode:STANDARD S-ratio: 26.65 335987-336691 orient(+) score(2718.00) noncoding_equivalent(102.00) raw_noncoding(102.00) offset(0.00)
335987	336691	single+	1	3	{GlimmerHMM_glimmerT_2308-T1;GlimmerHMM}

# EVM prediction: Mode:STANDARD S-ratio: 58.75 336942-337658 orient(-) score(2115.00) noncoding_equivalent(36.00) raw_noncoding(36.00) offset(0.00)
337658	336942	single-	4	6	{GlimmerHMM_glimmerT_2309-T1;GlimmerHMM},{Augustus_model.g2136.t1;Augustus}

# EVM prediction: Mode:STANDARD S-ratio: 519.31 337978-338946 orient(-) score(2902.00) noncoding_equivalent(5.59) raw_noncoding(5.59) offset(0.00)
338946	337978	single-	4	6	{GlimmerHMM_glimmerT_2310-T1;GlimmerHMM},{Augustus_model.g2137.t1;Augustus}

# EVM prediction: Mode:STANDARD S-ratio: 4.23 339676-340668 orient(-) score(4818.00) noncoding_equivalent(1140.00) raw_noncoding(1140.00) offset(0.00)
340668	339676	single-	4	6	{GlimmerHMM_glimmerT_2311-T1;GlimmerHMM},{HiQ_model.g2138.t1;HiQ}

# EVM prediction: Mode:STANDARD S-ratio: 46.00 341477-346937 orient(-) score(15952.00) noncoding_equivalent(346.81) raw_noncoding(468.00) offset(121.19)
345925	341477	terminal-	4	6	{Augustus_model.g2139.t1;Augustus},{GlimmerHMM_glimmerT_2312-T1;GlimmerHMM}
346010	345926	INTRON			{Augustus_model.g2139.t1;Augustus}
346937	346011	initial-	4	6	{Augustus_model.g2139.t1;Augustus}

# EVM prediction: Mode:STANDARD S-ratio: 4.30 347982-348899 orient(-) score(4935.00) noncoding_equivalent(1146.80) raw_noncoding(1836.00) offset(689.20)
348410	347982	terminal-	4	6	{snap_scaffold_6-snap.139-T1;snap},{HiQ_model.g2140.t1;HiQ}
348755	348411	INTRON			{snap_scaffold_6-snap.139-T1;snap},{HiQ_model.g2140.t1;HiQ},{ev_type:exonerate/ID=match.147026.5276/Target=YNL096C;exonerate},{ev_type:exonerate/ID=match.147026.2329/Target=YOR096W;exonerate}
348899	348756	initial-	4	6	{snap_scaffold_6-snap.139-T1;snap},{HiQ_model.g2140.t1;HiQ},{GlimmerHMM_glimmerT_2313-T1;GlimmerHMM}

# EVM prediction: Mode:STANDARD S-ratio: 4.20 349496-351424 orient(-) score(9348.00) noncoding_equivalent(2226.00) raw_noncoding(2226.00) offset(0.00)
351424	349496	single-	4	6	{GlimmerHMM_glimmerT_2314-T1;GlimmerHMM},{HiQ_model.g2141.t1;HiQ}

# EVM prediction: Mode:STANDARD S-ratio: 335.00 352195-353958 orient(+) score(7035.00) noncoding_equivalent(21.00) raw_noncoding(21.00) offset(0.00)
352195	353958	single+	1	3	{GlimmerHMM_glimmerT_2315-T1;GlimmerHMM},{Augustus_model.g2142.t1;Augustus}

# EVM prediction: Mode:STANDARD S-ratio: 60.82 354452-355114 orient(+) score(1957.00) noncoding_equivalent(32.18) raw_noncoding(32.18) offset(0.00)
354452	355114	single+	1	3	{Augustus_model.g2143.t1;Augustus},{GlimmerHMM_glimmerT_2316-T1;GlimmerHMM}

# EVM prediction: Mode:STANDARD S-ratio: 10000.00 355455-356657 orient(+) score(4812.00) noncoding_equivalent(0.48) raw_noncoding(0.00) offset(0.00)
355455	356657	single+	1	3	{Augustus_model.g2144.t1;Augustus},{GlimmerHMM_glimmerT_2317-T1;GlimmerHMM}

# EVM prediction: Mode:STANDARD S-ratio: 235.38 356994-360716 orient(+) score(14829.00) noncoding_equivalent(63.00) raw_noncoding(63.00) offset(0.00)
356994	360716	single+	1	3	{Augustus_model.g2145.t1;Augustus},{GlimmerHMM_glimmerT_2318-T1;GlimmerHMM}

# EVM prediction: Mode:STANDARD S-ratio: 24.99 361151-361729 orient(+) score(1671.00) noncoding_equivalent(66.87) raw_noncoding(66.87) offset(0.00)
361151	361729	single+	1	3	{Augustus_model.g2146.t1;Augustus},{GlimmerHMM_glimmerT_2319-T1;GlimmerHMM}

# EVM prediction: Mode:STANDARD S-ratio: 815.57 362291-366577 orient(+) score(17127.00) noncoding_equivalent(21.00) raw_noncoding(21.00) offset(0.00)
362291	366577	single+	1	3	{Augustus_model.g2147.t1;Augustus},{GlimmerHMM_glimmerT_2320-T1;GlimmerHMM}

# EVM prediction: Mode:STANDARD S-ratio: 194.61 366998-370534 orient(+) score(14076.00) noncoding_equivalent(72.33) raw_noncoding(72.33) offset(0.00)
366998	370534	single+	1	3	{Augustus_model.g2148.t1;Augustus},{GlimmerHMM_glimmerT_2321-T1;GlimmerHMM}

# EVM prediction: Mode:STANDARD S-ratio: 10000.00 370921-371229 orient(+) score(1236.00) noncoding_equivalent(0.12) raw_noncoding(0.00) offset(0.00)
370921	371229	single+	1	3	{Augustus_model.g2149.t1;Augustus},{GlimmerHMM_glimmerT_2322-T1;GlimmerHMM}

# EVM prediction: Mode:STANDARD S-ratio: 352.11 371718-374210 orient(+) score(9944.00) noncoding_equivalent(28.24) raw_noncoding(28.24) offset(0.00)
371718	374210	single+	1	3	{GlimmerHMM_glimmerT_2323-T1;GlimmerHMM},{Augustus_model.g2150.t1;Augustus}

# EVM prediction: Mode:STANDARD S-ratio: 4.99 374640-375689 orient(-) score(5241.00) noncoding_equivalent(1050.00) raw_noncoding(1050.00) offset(0.00)
375689	374640	single-	4	6	{HiQ_model.g2151.t1;HiQ},{GlimmerHMM_glimmerT_2324-T1;GlimmerHMM}

# EVM prediction: Mode:STANDARD S-ratio: 39.26 375964-377601 orient(+) score(6228.00) noncoding_equivalent(158.63) raw_noncoding(158.63) offset(0.00)
375964	377601	single+	1	3	{GlimmerHMM_glimmerT_2325-T1;GlimmerHMM}

# EVM prediction: Mode:STANDARD S-ratio: 338.05 377977-380610 orient(+) score(10503.00) noncoding_equivalent(31.07) raw_noncoding(31.07) offset(0.00)
377977	380610	single+	1	3	{GlimmerHMM_glimmerT_2326-T1;GlimmerHMM}

# EVM prediction: Mode:STANDARD S-ratio: 5.00 380786-381217 orient(-) score(2160.00) noncoding_equivalent(432.00) raw_noncoding(432.00) offset(0.00)
381217	380786	single-	4	6	{HiQ_model.g2153.t1;HiQ},{GlimmerHMM_glimmerT_2327-T1;GlimmerHMM}

# EVM prediction: Mode:STANDARD S-ratio: 4.58 381537-382637 orient(-) score(5422.00) noncoding_equivalent(1184.46) raw_noncoding(1184.46) offset(0.00)
382637	381537	single-	4	6	{HiQ_model.g2154.t1;HiQ},{GlimmerHMM_glimmerT_2328-T1;GlimmerHMM}

# EVM prediction: Mode:STANDARD S-ratio: 10000.00 383172-383771 orient(-) score(1794.00) noncoding_equivalent(0.18) raw_noncoding(0.00) offset(0.00)
383771	383172	single-	4	6	{GlimmerHMM_glimmerT_2329-T1;GlimmerHMM},{Augustus_model.g2155.t1;Augustus}

# EVM prediction: Mode:STANDARD S-ratio: 98.92 384377-385600 orient(+) score(4847.00) noncoding_equivalent(49.00) raw_noncoding(49.00) offset(0.00)
384377	385600	single+	1	3	{Augustus_model.g2156.t1;Augustus},{GlimmerHMM_glimmerT_2330-T1;GlimmerHMM}

# EVM prediction: Mode:STANDARD S-ratio: 26.44 386001-387658 orient(+) score(4654.00) noncoding_equivalent(176.05) raw_noncoding(377.49) offset(201.44)
386001	387498	initial+	1	1	{snap_scaffold_6-snap.154-T1;snap},{Augustus_model.g2157.t1;Augustus}
387499	387644	INTRON			{snap_scaffold_6-snap.154-T1;snap}
387645	387658	terminal+	2	3	{snap_scaffold_6-snap.154-T1;snap}

# EVM prediction: Mode:STANDARD S-ratio: 239.66 388165-389919 orient(+) score(6991.00) noncoding_equivalent(29.17) raw_noncoding(29.17) offset(0.00)
388165	389919	single+	1	3	{GlimmerHMM_glimmerT_2332-T1;GlimmerHMM}

# EVM prediction: Mode:STANDARD S-ratio: 246.83 390216-391088 orient(+) score(3476.00) noncoding_equivalent(14.08) raw_noncoding(14.08) offset(0.00)
390216	391088	single+	1	3	{Augustus_model.g2158.t1;Augustus},{GlimmerHMM_glimmerT_2333-T1;GlimmerHMM}

# EVM prediction: Mode:STANDARD S-ratio: 4.83 391374-392732 orient(-) score(6757.00) noncoding_equivalent(1397.59) raw_noncoding(1397.59) offset(0.00)
392732	391374	single-	4	6	{GlimmerHMM_glimmerT_2334-T1;GlimmerHMM},{HiQ_model.g2159.t1;HiQ}

# EVM prediction: Mode:STANDARD S-ratio: 417.95 393111-394724 orient(+) score(6441.00) noncoding_equivalent(15.41) raw_noncoding(15.41) offset(0.00)
393111	394724	single+	1	3	{GlimmerHMM_glimmerT_2335-T1;GlimmerHMM},{Augustus_model.g2160.t1;Augustus}

# EVM prediction: Mode:STANDARD S-ratio: 31.69 394925-395848 orient(+) score(3583.00) noncoding_equivalent(113.08) raw_noncoding(113.08) offset(0.00)
394925	395848	single+	1	3	{GlimmerHMM_glimmerT_2336-T1;GlimmerHMM}

# EVM prediction: Mode:STANDARD S-ratio: 69.75 396131-397579 orient(+) score(5711.00) noncoding_equivalent(81.87) raw_noncoding(81.87) offset(0.00)
396131	397579	single+	1	3	{GlimmerHMM_glimmerT_2337-T1;GlimmerHMM}

# EVM prediction: Mode:STANDARD S-ratio: 1.00 397975-398157 orient(+) score(366.00) noncoding_equivalent(366.00) raw_noncoding(366.00) offset(0.00)
397975	398157	single+	1	3	{GlimmerHMM_glimmerT_2338-T1;GlimmerHMM}

# EVM prediction: Mode:STANDARD S-ratio: 4.27 398564-399609 orient(-) score(5566.00) noncoding_equivalent(1303.00) raw_noncoding(2199.00) offset(896.00)
399132	398564	terminal-	5	6	{HiQ_model.g2162.t1;HiQ},{snap_scaffold_6-snap.159-T1;snap}
399581	399133	INTRON			{HiQ_model.g2162.t1;HiQ},{snap_scaffold_6-snap.159-T1;snap},{ev_type:exonerate/ID=match.147026.5906/Target=YNL069C;exonerate},{ev_type:exonerate/ID=match.147026.35/Target=YIL133C;exonerate}
399609	399582	initial-	4	4	{HiQ_model.g2162.t1;HiQ},{snap_scaffold_6-snap.159-T1;snap}

# EVM prediction: Mode:STANDARD S-ratio: 4.96 400318-402906 orient(-) score(12928.00) noncoding_equivalent(2606.58) raw_noncoding(2606.58) offset(0.00)
402906	400318	single-	4	6	{GlimmerHMM_glimmerT_2340-T1;GlimmerHMM},{HiQ_model.g2163.t1;HiQ}

# EVM prediction: Mode:STANDARD S-ratio: 713.69 404293-404868 orient(+) score(2876.00) noncoding_equivalent(4.03) raw_noncoding(4.03) offset(0.00)
404293	404868	single+	1	3	{Augustus_model.g2164.t1;Augustus},{GlimmerHMM_glimmerT_2341-T1;GlimmerHMM}

# EVM prediction: Mode:STANDARD S-ratio: 261.83 406124-407386 orient(+) score(5033.00) noncoding_equivalent(19.22) raw_noncoding(19.22) offset(0.00)
406124	407386	single+	1	3	{Augustus_model.g2165.t1;Augustus},{GlimmerHMM_glimmerT_2342-T1;GlimmerHMM}

# EVM prediction: Mode:STANDARD S-ratio: 106.24 408332-410020 orient(+) score(6693.00) noncoding_equivalent(63.00) raw_noncoding(63.00) offset(0.00)
408332	410020	single+	1	3	{GlimmerHMM_glimmerT_2343-T1;GlimmerHMM},{Augustus_model.g2166.t1;Augustus}

# EVM prediction: Mode:STANDARD S-ratio: 10000.00 410476-411714 orient(-) score(3708.00) noncoding_equivalent(0.37) raw_noncoding(0.00) offset(0.00)
411714	410476	single-	4	6	{Augustus_model.g2167.t1;Augustus},{GlimmerHMM_glimmerT_2344-T1;GlimmerHMM}

# EVM prediction: Mode:STANDARD S-ratio: 44.00 412373-413317 orient(+) score(3696.00) noncoding_equivalent(84.00) raw_noncoding(84.00) offset(0.00)
412373	413317	single+	1	3	{Augustus_model.g2168.t1;Augustus},{GlimmerHMM_glimmerT_2345-T1;GlimmerHMM}

# EVM prediction: Mode:STANDARD S-ratio: 4.73 413391-414827 orient(-) score(7116.00) noncoding_equivalent(1506.00) raw_noncoding(1506.00) offset(0.00)
414827	413391	single-	4	6	{HiQ_model.g2169.t1;HiQ},{GlimmerHMM_glimmerT_2346-T1;GlimmerHMM}

# EVM prediction: Mode:STANDARD S-ratio: 129.32 415153-417009 orient(+) score(7371.00) noncoding_equivalent(57.00) raw_noncoding(57.00) offset(0.00)
415153	417009	single+	1	3	{GlimmerHMM_glimmerT_2347-T1;GlimmerHMM},{Augustus_model.g2170.t1;Augustus}

# EVM prediction: Mode:STANDARD S-ratio: 4.92 417288-419555 orient(-) score(11309.00) noncoding_equivalent(2299.25) raw_noncoding(2299.25) offset(0.00)
419555	417288	single-	4	6	{HiQ_model.g2171.t1;HiQ},{GlimmerHMM_glimmerT_2348-T1;GlimmerHMM}

# EVM prediction: Mode:STANDARD S-ratio: 2.37 420384-421331 orient(-) score(3792.00) noncoding_equivalent(1600.17) raw_noncoding(1600.17) offset(0.00)
421331	420384	single-	4	6	{HiQ_model.g2172.t1;HiQ},{GlimmerHMM_glimmerT_2349-T1;GlimmerHMM}

# EVM prediction: Mode:STANDARD S-ratio: 4.62 421865-422458 orient(+) score(1464.00) noncoding_equivalent(316.64) raw_noncoding(316.64) offset(0.00)
421865	422458	single+	1	3	{GlimmerHMM_glimmerT_2350-T1;GlimmerHMM}

# EVM prediction: Mode:STANDARD S-ratio: 4.68 422609-423460 orient(-) score(4212.00) noncoding_equivalent(900.00) raw_noncoding(900.00) offset(0.00)
423460	422609	single-	4	6	{GlimmerHMM_glimmerT_2351-T1;GlimmerHMM},{HiQ_model.g2174.t1;HiQ}

# EVM prediction: Mode:STANDARD S-ratio: 140.70 424804-428325 orient(+) score(13929.00) noncoding_equivalent(99.00) raw_noncoding(99.00) offset(0.00)
424804	428325	single+	1	3	{GlimmerHMM_glimmerT_2352-T1;GlimmerHMM},{Augustus_model.g2175.t1;Augustus}

# EVM prediction: Mode:STANDARD S-ratio: 64.67 428683-430152 orient(+) score(5791.00) noncoding_equivalent(89.55) raw_noncoding(89.55) offset(0.00)
428683	430152	single+	1	3	{GlimmerHMM_glimmerT_2353-T1;GlimmerHMM},{Augustus_model.g2176.t1;Augustus}

# EVM prediction: Mode:STANDARD S-ratio: 10000.00 430466-430927 orient(+) score(1848.00) noncoding_equivalent(0.18) raw_noncoding(0.00) offset(0.00)
430466	430927	single+	1	3	{GlimmerHMM_glimmerT_2354-T1;GlimmerHMM},{Augustus_model.g2177.t1;Augustus}

# EVM prediction: Mode:STANDARD S-ratio: 3.72 431399-432610 orient(+) score(3636.00) noncoding_equivalent(978.72) raw_noncoding(978.72) offset(0.00)
431399	432610	single+	1	3	{GlimmerHMM_glimmerT_2355-T1;GlimmerHMM},{Augustus_model.g2178.t1;Augustus}

# EVM prediction: Mode:STANDARD S-ratio: 15.86 432819-433722 orient(-) score(3382.00) noncoding_equivalent(213.18) raw_noncoding(306.61) offset(93.42)
433614	432819	terminal-	6	6	{GlimmerHMM_glimmerT_2356-T1;GlimmerHMM}
433705	433615	INTRON			{GlimmerHMM_glimmerT_2356-T1;GlimmerHMM},{snap_scaffold_6-snap.173-T1;snap}
433722	433706	initial-	4	5	{GlimmerHMM_glimmerT_2356-T1;GlimmerHMM},{snap_scaffold_6-snap.173-T1;snap}

# EVM prediction: Mode:STANDARD S-ratio: 258.10 434021-436651 orient(-) score(10484.00) noncoding_equivalent(40.62) raw_noncoding(40.62) offset(0.00)
436651	434021	single-	4	6	{GlimmerHMM_glimmerT_2357-T1;GlimmerHMM}

# EVM prediction: Mode:STANDARD S-ratio: 10000.00 436913-438559 orient(+) score(6579.00) noncoding_equivalent(0.66) raw_noncoding(0.00) offset(0.00)
436913	438559	single+	1	3	{Augustus_model.g2180.t1;Augustus},{GlimmerHMM_glimmerT_2358-T1;GlimmerHMM}

# EVM prediction: Mode:STANDARD S-ratio: 2.00 438653-440623 orient(-) score(7884.00) noncoding_equivalent(3942.00) raw_noncoding(3942.00) offset(0.00)
440623	438653	single-	4	6	{HiQ_model.g2181.t1;HiQ},{GlimmerHMM_glimmerT_2359-T1;GlimmerHMM}

# EVM prediction: Mode:STANDARD S-ratio: 1.00 441046-441564 orient(+) score(1038.00) noncoding_equivalent(1038.00) raw_noncoding(1038.00) offset(0.00)
441046	441564	single+	1	3	{GlimmerHMM_glimmerT_2360-T1;GlimmerHMM}

# EVM prediction: Mode:STANDARD S-ratio: 943.80 441822-443720 orient(+) score(7588.00) noncoding_equivalent(8.04) raw_noncoding(8.04) offset(0.00)
441822	443720	single+	1	3	{Augustus_model.g2182.t1;Augustus},{GlimmerHMM_glimmerT_2361-T1;GlimmerHMM}

# EVM prediction: Mode:STANDARD S-ratio: 13.65 444010-444619 orient(+) score(2200.00) noncoding_equivalent(161.14) raw_noncoding(317.52) offset(156.38)
444010	444033	initial+	1	3	{Augustus_model.g2183.t1;Augustus}
444034	444112	INTRON			{Augustus_model.g2183.t1;Augustus},{ev_type:exonerate/ID=match.147026.5380/Target=YNL044W;exonerate}
444113	444619	terminal+	1	3	{Augustus_model.g2183.t1;Augustus}

# EVM prediction: Mode:STANDARD S-ratio: 61.68 446501-447691 orient(+) score(4688.00) noncoding_equivalent(76.00) raw_noncoding(76.00) offset(0.00)
446501	447691	single+	1	3	{GlimmerHMM_glimmerT_2363-T1;GlimmerHMM},{Augustus_model.g2184.t1;Augustus}

# EVM prediction: Mode:STANDARD S-ratio: 4.96 447869-450388 orient(-) score(12582.00) noncoding_equivalent(2538.00) raw_noncoding(2538.00) offset(0.00)
450388	447869	single-	4	6	{GlimmerHMM_glimmerT_2364-T1;GlimmerHMM},{HiQ_model.g2185.t1;HiQ}

# EVM prediction: Mode:STANDARD S-ratio: 99.89 451781-453151 orient(+) score(5430.00) noncoding_equivalent(54.36) raw_noncoding(54.36) offset(0.00)
451781	453151	single+	1	3	{GlimmerHMM_glimmerT_2365-T1;GlimmerHMM}

# EVM prediction: Mode:STANDARD S-ratio: 10000.00 453449-455233 orient(+) score(7140.00) noncoding_equivalent(0.71) raw_noncoding(0.00) offset(0.00)
453449	455233	single+	1	3	{GlimmerHMM_glimmerT_2366-T1;GlimmerHMM}

# EVM prediction: Mode:STANDARD S-ratio: 4.98 456322-457404 orient(-) score(5411.00) noncoding_equivalent(1087.02) raw_noncoding(1087.02) offset(0.00)
457404	456322	single-	4	6	{HiQ_model.g2187.t1;HiQ},{GlimmerHMM_glimmerT_2367-T1;GlimmerHMM}

# EVM prediction: Mode:STANDARD S-ratio: 77.63 458217-458882 orient(+) score(2631.00) noncoding_equivalent(33.89) raw_noncoding(33.89) offset(0.00)
458217	458882	single+	1	3	{GlimmerHMM_glimmerT_2368-T1;GlimmerHMM},{Augustus_model.g2188.t1;Augustus}

# EVM prediction: Mode:STANDARD S-ratio: 4.90 460958-462127 orient(-) score(5830.00) noncoding_equivalent(1190.20) raw_noncoding(1190.20) offset(0.00)
462127	460958	single-	4	6	{GlimmerHMM_glimmerT_2369-T1;GlimmerHMM},{HiQ_model.g2189.t1;HiQ}

# EVM prediction: Mode:STANDARD S-ratio: 61.77 462914-464752 orient(+) score(7239.00) noncoding_equivalent(117.20) raw_noncoding(117.20) offset(0.00)
462914	464752	single+	1	3	{GlimmerHMM_glimmerT_2370-T1;GlimmerHMM}

# EVM prediction: Mode:STANDARD S-ratio: 9.55 465435-466289 orient(+) score(2322.00) noncoding_equivalent(243.19) raw_noncoding(243.19) offset(0.00)
465435	466289	single+	1	3	{GlimmerHMM_glimmerT_2371-T1;GlimmerHMM}

# EVM prediction: Mode:STANDARD S-ratio: 15.83 466806-467787 orient(+) score(2677.00) noncoding_equivalent(169.09) raw_noncoding(367.37) offset(198.27)
466806	466838	initial+	1	3	{snap_scaffold_6-snap.185-T1;snap}
466839	466938	INTRON			{snap_scaffold_6-snap.185-T1;snap}
466939	467787	terminal+	1	3	{snap_scaffold_6-snap.185-T1;snap},{Augustus_model.g2190.t1;Augustus}

# EVM prediction: Mode:STANDARD S-ratio: 6.00 468075-468485 orient(-) score(2466.00) noncoding_equivalent(411.00) raw_noncoding(411.00) offset(0.00)
468485	468075	single-	4	6	{HiQ_model.g2191.t1;HiQ},{GlimmerHMM_glimmerT_2373-T1;GlimmerHMM}

# EVM prediction: Mode:STANDARD S-ratio: 10000.00 469162-469473 orient(+) score(1554.00) noncoding_equivalent(0.16) raw_noncoding(0.00) offset(0.00)
469162	469473	single+	1	3	{GlimmerHMM_glimmerT_2374-T1;GlimmerHMM},{Augustus_model.g2192.t1;Augustus}

# EVM prediction: Mode:STANDARD S-ratio: 4.09 469625-471193 orient(-) score(7566.00) noncoding_equivalent(1848.00) raw_noncoding(1848.00) offset(0.00)
471193	469625	single-	4	6	{HiQ_model.g2193.t1;HiQ}

# EVM prediction: Mode:STANDARD S-ratio: 312.90 472000-474042 orient(+) score(8146.00) noncoding_equivalent(26.03) raw_noncoding(26.03) offset(0.00)
472000	474042	single+	1	3	{GlimmerHMM_glimmerT_2376-T1;GlimmerHMM},{Augustus_model.g2194.t1;Augustus}

# EVM prediction: Mode:STANDARD S-ratio: 10000.00 474346-475800 orient(+) score(5820.00) noncoding_equivalent(0.58) raw_noncoding(0.00) offset(0.00)
474346	475800	single+	1	3	{Augustus_model.g2195.t1;Augustus},{GlimmerHMM_glimmerT_2377-T1;GlimmerHMM}

# EVM prediction: Mode:STANDARD S-ratio: 5.00 476746-477717 orient(-) score(4860.00) noncoding_equivalent(972.00) raw_noncoding(972.00) offset(0.00)
477717	476746	single-	4	6	{GlimmerHMM_glimmerT_2378-T1;GlimmerHMM},{HiQ_model.g2196.t1;HiQ}

# EVM prediction: Mode:STANDARD S-ratio: 4.55 479533-480273 orient(-) score(3646.00) noncoding_equivalent(800.94) raw_noncoding(800.94) offset(0.00)
480273	479533	single-	4	6	{HiQ_model.g2197.t1;HiQ},{GlimmerHMM_glimmerT_2379-T1;GlimmerHMM}

# EVM prediction: Mode:STANDARD S-ratio: 3.91 480689-483586 orient(-) score(13845.00) noncoding_equivalent(3543.00) raw_noncoding(3543.00) offset(0.00)
483586	480689	single-	4	6	{HiQ_model.g2198.t1;HiQ},{GlimmerHMM_glimmerT_2380-T1;GlimmerHMM}

# EVM prediction: Mode:STANDARD S-ratio: 4.92 483853-485325 orient(-) score(7344.00) noncoding_equivalent(1494.00) raw_noncoding(1494.00) offset(0.00)
485325	483853	single-	4	6	{GlimmerHMM_glimmerT_2381-T1;GlimmerHMM},{HiQ_model.g2199.t1;HiQ}

# EVM prediction: Mode:STANDARD S-ratio: 564.60 485653-487773 orient(+) score(8469.00) noncoding_equivalent(15.00) raw_noncoding(15.00) offset(0.00)
485653	487773	single+	1	3	{GlimmerHMM_glimmerT_2382-T1;GlimmerHMM},{Augustus_model.g2200.t1;Augustus}

# EVM prediction: Mode:STANDARD S-ratio: 4.99 488049-489965 orient(-) score(9581.00) noncoding_equivalent(1921.44) raw_noncoding(1921.44) offset(0.00)
489965	488049	single-	4	6	{HiQ_model.g2201.t1;HiQ},{GlimmerHMM_glimmerT_2383-T1;GlimmerHMM}

# EVM prediction: Mode:STANDARD S-ratio: 4.82 490803-491657 orient(-) score(4956.00) noncoding_equivalent(1029.00) raw_noncoding(1029.00) offset(0.00)
491657	490803	single-	4	6	{GlimmerHMM_glimmerT_2384-T1;GlimmerHMM},{HiQ_model.g2202.t1;HiQ}

# EVM prediction: Mode:STANDARD S-ratio: 4.87 492340-494178 orient(-) score(9153.00) noncoding_equivalent(1881.00) raw_noncoding(1881.00) offset(0.00)
494178	492340	single-	4	6	{HiQ_model.g2203.t1;HiQ},{GlimmerHMM_glimmerT_2385-T1;GlimmerHMM}

# EVM prediction: Mode:STANDARD S-ratio: 453.00 495310-496671 orient(+) score(5436.00) noncoding_equivalent(12.00) raw_noncoding(12.00) offset(0.00)
495310	496671	single+	1	3	{GlimmerHMM_glimmerT_2386-T1;GlimmerHMM},{Augustus_model.g2204.t1;Augustus}

# EVM prediction: Mode:STANDARD S-ratio: 10000.00 497818-498045 orient(+) score(912.00) noncoding_equivalent(0.09) raw_noncoding(0.00) offset(0.00)
497818	498045	single+	1	3	{Augustus_model.g2205.t1;Augustus},{GlimmerHMM_glimmerT_2387-T1;GlimmerHMM}

# EVM prediction: Mode:STANDARD S-ratio: 649.19 498757-501891 orient(+) score(15651.00) noncoding_equivalent(24.11) raw_noncoding(24.11) offset(0.00)
498757	501891	single+	1	3	{GlimmerHMM_glimmerT_2388-T1;GlimmerHMM},{Augustus_model.g2206.t1;Augustus}

# EVM prediction: Mode:STANDARD S-ratio: 10000.00 502493-504103 orient(+) score(6444.00) noncoding_equivalent(0.64) raw_noncoding(0.00) offset(0.00)
502493	504103	single+	1	3	{Augustus_model.g2207.t1;Augustus},{GlimmerHMM_glimmerT_2389-T1;GlimmerHMM}

# EVM prediction: Mode:STANDARD S-ratio: 4.53 504275-505609 orient(-) score(6561.00) noncoding_equivalent(1449.00) raw_noncoding(1449.00) offset(0.00)
505609	504275	single-	4	6	{HiQ_model.g2208.t1;HiQ},{GlimmerHMM_glimmerT_2390-T1;GlimmerHMM}

# EVM prediction: Mode:STANDARD S-ratio: 2879.30 506074-506799 orient(+) score(2903.00) noncoding_equivalent(1.01) raw_noncoding(1.01) offset(0.00)
506074	506799	single+	1	3	{GlimmerHMM_glimmerT_2391-T1;GlimmerHMM},{Augustus_model.g2209.t1;Augustus}

# EVM prediction: Mode:STANDARD S-ratio: 3.00 507260-508522 orient(+) score(3789.00) noncoding_equivalent(1263.00) raw_noncoding(1263.00) offset(0.00)
507260	508522	single+	1	3	{GlimmerHMM_glimmerT_2392-T1;GlimmerHMM},{Augustus_model.g2210.t1;Augustus}

# EVM prediction: Mode:STANDARD S-ratio: 4.58 508651-510681 orient(-) score(9965.00) noncoding_equivalent(2177.67) raw_noncoding(2177.67) offset(0.00)
510681	508651	single-	4	6	{GlimmerHMM_glimmerT_2393-T1;GlimmerHMM},{HiQ_model.g2211.t1;HiQ}

# EVM prediction: Mode:STANDARD S-ratio: 21.54 510947-512089 orient(-) score(3277.00) noncoding_equivalent(152.11) raw_noncoding(152.11) offset(0.00)
512089	510947	single-	4	6	{GlimmerHMM_glimmerT_2394-T1;GlimmerHMM}

# EVM prediction: Mode:STANDARD S-ratio: 132.26 512591-513502 orient(+) score(3621.00) noncoding_equivalent(27.38) raw_noncoding(27.38) offset(0.00)
512591	513502	single+	1	3	{GlimmerHMM_glimmerT_2395-T1;GlimmerHMM},{Augustus_model.g2213.t1;Augustus}

# EVM prediction: Mode:STANDARD S-ratio: 4.84 513837-514952 orient(-) score(5551.00) noncoding_equivalent(1145.81) raw_noncoding(1145.81) offset(0.00)
514952	513837	single-	4	6	{HiQ_model.g2214.t1;HiQ},{GlimmerHMM_glimmerT_2396-T1;GlimmerHMM}

# EVM prediction: Mode:STANDARD S-ratio: 14.05 515439-517145 orient(+) score(6055.00) noncoding_equivalent(431.09) raw_noncoding(1083.00) offset(651.91)
515439	515468	initial+	1	3	{Augustus_model.g2215.t1;Augustus}
515469	515810	INTRON			{Augustus_model.g2215.t1;Augustus},{ev_type:exonerate/ID=match.147026.1760/Target=YNL004W;exonerate}
515811	517145	terminal+	1	3	{Augustus_model.g2215.t1;Augustus}

# EVM prediction: Mode:STANDARD S-ratio: 4.81 517499-518353 orient(-) score(4246.00) noncoding_equivalent(882.14) raw_noncoding(882.14) offset(0.00)
518353	517499	single-	4	6	{HiQ_model.g2216.t1;HiQ},{GlimmerHMM_glimmerT_2398-T1;GlimmerHMM}

# EVM prediction: Mode:STANDARD S-ratio: 4.94 518698-519666 orient(-) score(4835.00) noncoding_equivalent(979.05) raw_noncoding(979.05) offset(0.00)
519666	518698	single-	4	6	{HiQ_model.g2217.t1;HiQ},{GlimmerHMM_glimmerT_2399-T1;GlimmerHMM}

# EVM prediction: Mode:STANDARD S-ratio: 90.06 519989-521149 orient(+) score(4593.00) noncoding_equivalent(51.00) raw_noncoding(51.00) offset(0.00)
519989	521149	single+	1	3	{Augustus_model.g2218.t1;Augustus},{GlimmerHMM_glimmerT_2400-T1;GlimmerHMM}

# EVM prediction: Mode:STANDARD S-ratio: 5.55 522157-523596 orient(-) score(8443.00) noncoding_equivalent(1520.69) raw_noncoding(1520.69) offset(0.00)
523596	522157	single-	4	6	{HiQ_model.g2219.t1;HiQ},{GlimmerHMM_glimmerT_2401-T1;GlimmerHMM}

# EVM prediction: Mode:STANDARD S-ratio: 4.91 525878-526726 orient(-) score(4233.00) noncoding_equivalent(862.14) raw_noncoding(862.14) offset(0.00)
526726	525878	single-	4	6	{GlimmerHMM_glimmerT_2402-T1;GlimmerHMM},{HiQ_model.g2220.t1;HiQ}

# EVM prediction: Mode:STANDARD S-ratio: 4.80 527214-528167 orient(-) score(4737.00) noncoding_equivalent(987.00) raw_noncoding(987.00) offset(0.00)
528167	527214	single-	4	6	{HiQ_model.g2221.t1;HiQ},{GlimmerHMM_glimmerT_2403-T1;GlimmerHMM}

# EVM prediction: Mode:STANDARD S-ratio: 59.12 528812-529252 orient(+) score(1733.00) noncoding_equivalent(29.32) raw_noncoding(29.32) offset(0.00)
528812	529252	single+	1	3	{Augustus_model.g2222.t1;Augustus},{GlimmerHMM_glimmerT_2404-T1;GlimmerHMM}

# EVM prediction: Mode:STANDARD S-ratio: 98.68 529855-531723 orient(+) score(7401.00) noncoding_equivalent(75.00) raw_noncoding(75.00) offset(0.00)
529855	531723	single+	1	3	{Augustus_model.g2223.t1;Augustus},{GlimmerHMM_glimmerT_2405-T1;GlimmerHMM}

# EVM prediction: Mode:STANDARD S-ratio: 4.95 532051-532983 orient(-) score(4657.00) noncoding_equivalent(941.53) raw_noncoding(941.53) offset(0.00)
532983	532051	single-	4	6	{HiQ_model.g2224.t1;HiQ},{GlimmerHMM_glimmerT_2406-T1;GlimmerHMM}

# EVM prediction: Mode:STANDARD S-ratio: 291.11 533265-535250 orient(+) score(7917.00) noncoding_equivalent(27.20) raw_noncoding(27.20) offset(0.00)
533265	535250	single+	1	3	{GlimmerHMM_glimmerT_2407-T1;GlimmerHMM},{Augustus_model.g2225.t1;Augustus}

# EVM prediction: Mode:STANDARD S-ratio: 10000.00 535559-536308 orient(+) score(3000.00) noncoding_equivalent(0.30) raw_noncoding(0.00) offset(0.00)
535559	536308	single+	1	3	{Augustus_model.g2226.t1;Augustus},{GlimmerHMM_glimmerT_2408-T1;GlimmerHMM}

# EVM prediction: Mode:STANDARD S-ratio: 119.00 536614-537063 orient(+) score(1785.00) noncoding_equivalent(15.00) raw_noncoding(15.00) offset(0.00)
536614	537063	single+	1	3	{GlimmerHMM_glimmerT_2409-T1;GlimmerHMM},{Augustus_model.g2227.t1;Augustus}

# EVM prediction: Mode:STANDARD S-ratio: 4.94 537188-539818 orient(-) score(13128.00) noncoding_equivalent(2658.00) raw_noncoding(2658.00) offset(0.00)
539818	537188	single-	4	6	{HiQ_model.g2228.t1;HiQ},{GlimmerHMM_glimmerT_2410-T1;GlimmerHMM}

# EVM prediction: Mode:STANDARD S-ratio: 3.00 540298-541803 orient(+) score(4518.00) noncoding_equivalent(1506.00) raw_noncoding(1506.00) offset(0.00)
540298	541803	single+	1	3	{Augustus_model.g2229.t1;Augustus},{GlimmerHMM_glimmerT_2411-T1;GlimmerHMM}

# EVM prediction: Mode:STANDARD S-ratio: 4.93 541894-544578 orient(-) score(13393.00) noncoding_equivalent(2718.52) raw_noncoding(2718.52) offset(0.00)
544578	541894	single-	4	6	{HiQ_model.g2230.t1;HiQ},{GlimmerHMM_glimmerT_2412-T1;GlimmerHMM}

# EVM prediction: Mode:STANDARD S-ratio: 1.00 545354-545998 orient(+) score(1290.00) noncoding_equivalent(1290.00) raw_noncoding(1290.00) offset(0.00)
545354	545998	single+	1	3	{GlimmerHMM_glimmerT_2413-T1;GlimmerHMM}

# EVM prediction: Mode:STANDARD S-ratio: 167.05 546287-547441 orient(+) score(4593.00) noncoding_equivalent(27.50) raw_noncoding(27.50) offset(0.00)
546287	547441	single+	1	3	{GlimmerHMM_glimmerT_2414-T1;GlimmerHMM},{Augustus_model.g2231.t1;Augustus}

# EVM prediction: Mode:STANDARD S-ratio: 4.97 547577-554278 orient(-) score(33480.00) noncoding_equivalent(6732.00) raw_noncoding(6732.00) offset(0.00)
554278	547577	single-	4	6	{HiQ_model.g2232.t1;HiQ},{GlimmerHMM_glimmerT_2415-T1;GlimmerHMM}

# EVM prediction: Mode:STANDARD S-ratio: 10000.00 555811-556479 orient(+) score(2676.00) noncoding_equivalent(0.27) raw_noncoding(0.00) offset(0.00)
555811	556479	single+	1	3	{GlimmerHMM_glimmerT_2416-T1;GlimmerHMM},{Augustus_model.g2233.t1;Augustus}

# EVM prediction: Mode:STANDARD S-ratio: 10000.00 557170-557844 orient(+) score(2700.00) noncoding_equivalent(0.27) raw_noncoding(0.00) offset(0.00)
557170	557844	single+	1	3	{GlimmerHMM_glimmerT_2417-T1;GlimmerHMM},{Augustus_model.g2234.t1;Augustus}

# EVM prediction: Mode:STANDARD S-ratio: 29.99 558246-560174 orient(+) score(7467.00) noncoding_equivalent(249.00) raw_noncoding(249.00) offset(0.00)
558246	560174	single+	1	3	{Augustus_model.g2235.t1;Augustus},{GlimmerHMM_glimmerT_2418-T1;GlimmerHMM}

# EVM prediction: Mode:STANDARD S-ratio: 3.00 560314-560997 orient(-) score(2052.00) noncoding_equivalent(684.00) raw_noncoding(684.00) offset(0.00)
560997	560314	single-	4	6	{GlimmerHMM_glimmerT_2419-T1;GlimmerHMM},{Augustus_model.g2236.t1;Augustus}

# EVM prediction: Mode:STANDARD S-ratio: 1189.96 561280-562494 orient(+) score(4856.00) noncoding_equivalent(4.08) raw_noncoding(4.08) offset(0.00)
561280	562494	single+	1	3	{Augustus_model.g2237.t1;Augustus},{GlimmerHMM_glimmerT_2420-T1;GlimmerHMM}

# EVM prediction: Mode:STANDARD S-ratio: 2.00 562677-563096 orient(-) score(1680.00) noncoding_equivalent(840.00) raw_noncoding(840.00) offset(0.00)
563096	562677	single-	4	6	{GlimmerHMM_glimmerT_2421-T1;GlimmerHMM},{HiQ_model.g2238.t1;HiQ}

# EVM prediction: Mode:STANDARD S-ratio: 249.30 563321-565021 orient(+) score(6777.00) noncoding_equivalent(27.18) raw_noncoding(27.18) offset(0.00)
563321	565021	single+	1	3	{Augustus_model.g2239.t1;Augustus},{GlimmerHMM_glimmerT_2422-T1;GlimmerHMM}

# EVM prediction: Mode:STANDARD S-ratio: 10000.00 565312-565872 orient(+) score(2244.00) noncoding_equivalent(0.22) raw_noncoding(0.00) offset(0.00)
565312	565872	single+	1	3	{GlimmerHMM_glimmerT_2423-T1;GlimmerHMM},{Augustus_model.g2240.t1;Augustus}

# EVM prediction: Mode:STANDARD S-ratio: 4.70 566177-567592 orient(-) score(7006.00) noncoding_equivalent(1490.71) raw_noncoding(1490.71) offset(0.00)
567592	566177	single-	4	6	{HiQ_model.g2241.t1;HiQ},{GlimmerHMM_glimmerT_2424-T1;GlimmerHMM}

# EVM prediction: Mode:STANDARD S-ratio: 3.00 567825-568778 orient(+) score(2862.00) noncoding_equivalent(954.00) raw_noncoding(954.00) offset(0.00)
567825	568778	single+	1	3	{Augustus_model.g2242.t1;Augustus},{GlimmerHMM_glimmerT_2425-T1;GlimmerHMM}

# EVM prediction: Mode:STANDARD S-ratio: 3.21 569115-570005 orient(+) score(2673.00) noncoding_equivalent(833.24) raw_noncoding(833.24) offset(0.00)
569115	570005	single+	1	3	{Augustus_model.g2243.t1;Augustus},{GlimmerHMM_glimmerT_2426-T1;GlimmerHMM}

# EVM prediction: Mode:STANDARD S-ratio: 4.92 570101-571390 orient(-) score(6433.00) noncoding_equivalent(1307.27) raw_noncoding(1307.27) offset(0.00)
571390	570101	single-	4	6	{HiQ_model.g2244.t1;HiQ},{GlimmerHMM_glimmerT_2427-T1;GlimmerHMM}

# EVM prediction: Mode:STANDARD S-ratio: 10000.00 571696-573351 orient(+) score(6624.00) noncoding_equivalent(0.66) raw_noncoding(0.00) offset(0.00)
571696	573351	single+	1	3	{Augustus_model.g2245.t1;Augustus},{GlimmerHMM_glimmerT_2428-T1;GlimmerHMM}

# EVM prediction: Mode:STANDARD S-ratio: 205.09 573591-578330 orient(-) score(14151.00) noncoding_equivalent(69.00) raw_noncoding(69.00) offset(0.00)
578330	573591	single-	4	6	{GlimmerHMM_glimmerT_2429-T1;GlimmerHMM},{Augustus_model.g2246.t1;Augustus}

# EVM prediction: Mode:STANDARD S-ratio: 245.00 578907-580013 orient(+) score(4410.00) noncoding_equivalent(18.00) raw_noncoding(18.00) offset(0.00)
578907	580013	single+	1	3	{Augustus_model.g2247.t1;Augustus},{GlimmerHMM_glimmerT_2430-T1;GlimmerHMM}

# EVM prediction: Mode:STANDARD S-ratio: 2.00 580139-580360 orient(-) score(888.00) noncoding_equivalent(444.00) raw_noncoding(444.00) offset(0.00)
580360	580139	single-	4	6	{GlimmerHMM_glimmerT_2431-T1;GlimmerHMM},{HiQ_model.g2248.t1;HiQ}

# EVM prediction: Mode:STANDARD S-ratio: 2332.51 580531-582894 orient(+) score(9452.00) noncoding_equivalent(4.05) raw_noncoding(4.05) offset(0.00)
580531	582894	single+	1	3	{Augustus_model.g2249.t1;Augustus},{GlimmerHMM_glimmerT_2432-T1;GlimmerHMM}

# EVM prediction: Mode:STANDARD S-ratio: 960.20 583214-584179 orient(+) score(3860.00) noncoding_equivalent(4.02) raw_noncoding(4.02) offset(0.00)
583214	584179	single+	1	3	{GlimmerHMM_glimmerT_2433-T1;GlimmerHMM},{Augustus_model.g2250.t1;Augustus}

# EVM prediction: Mode:STANDARD S-ratio: 64.02 585448-585744 orient(+) score(1170.00) noncoding_equivalent(18.28) raw_noncoding(18.28) offset(0.00)
585448	585744	single+	1	3	{GlimmerHMM_glimmerT_2434-T1;GlimmerHMM},{Augustus_model.g2251.t1;Augustus}

# EVM prediction: Mode:STANDARD S-ratio: 4.79 585902-586930 orient(-) score(5106.00) noncoding_equivalent(1066.37) raw_noncoding(1066.37) offset(0.00)
586930	585902	single-	4	6	{GlimmerHMM_glimmerT_2435-T1;GlimmerHMM},{HiQ_model.g2252.t1;HiQ}

# EVM prediction: Mode:STANDARD S-ratio: 4.86 587234-587695 orient(-) score(2299.00) noncoding_equivalent(473.17) raw_noncoding(473.17) offset(0.00)
587695	587234	single-	4	6	{GlimmerHMM_glimmerT_2436-T1;GlimmerHMM},{HiQ_model.g2253.t1;HiQ}

# EVM prediction: Mode:STANDARD S-ratio: 2.00 587929-588204 orient(-) score(1104.00) noncoding_equivalent(552.00) raw_noncoding(552.00) offset(0.00)
588204	587929	single-	4	6	{GlimmerHMM_glimmerT_2437-T1;GlimmerHMM},{HiQ_model.g2254.t1;HiQ}

# EVM prediction: Mode:STANDARD S-ratio: 125.00 588472-590361 orient(+) score(5625.00) noncoding_equivalent(45.00) raw_noncoding(45.00) offset(0.00)
588472	590361	single+	1	3	{Augustus_model.g2255.t1;Augustus},{GlimmerHMM_glimmerT_2438-T1;GlimmerHMM}

# EVM prediction: Mode:STANDARD S-ratio: 4.77 590491-592308 orient(-) score(9017.00) noncoding_equivalent(1892.10) raw_noncoding(1892.10) offset(0.00)
592308	590491	single-	4	6	{GlimmerHMM_glimmerT_2439-T1;GlimmerHMM},{HiQ_model.g2256.t1;HiQ}

# EVM prediction: Mode:STANDARD S-ratio: 12.73 592576-593337 orient(+) score(2826.00) noncoding_equivalent(222.00) raw_noncoding(222.00) offset(0.00)
592576	593337	single+	1	3	{Augustus_model.g2257.t1;Augustus}

# EVM prediction: Mode:STANDARD S-ratio: 4.34 593418-594533 orient(-) score(5442.00) noncoding_equivalent(1254.00) raw_noncoding(1254.00) offset(0.00)
594533	593418	single-	4	6	{HiQ_model.g2258.t1;HiQ},{GlimmerHMM_glimmerT_2441-T1;GlimmerHMM}

# EVM prediction: Mode:STANDARD S-ratio: 271.02 594769-595959 orient(+) score(4747.00) noncoding_equivalent(17.52) raw_noncoding(17.52) offset(0.00)
594769	595959	single+	1	3	{Augustus_model.g2259.t1;Augustus},{GlimmerHMM_glimmerT_2442-T1;GlimmerHMM}

# EVM prediction: Mode:STANDARD S-ratio: 5.73 596568-600351 orient(+) score(10774.00) noncoding_equivalent(1880.83) raw_noncoding(2168.63) offset(287.80)
596568	598570	initial+	1	2	{snap_scaffold_6-snap.241-T1;snap}
598571	598739	INTRON			{snap_scaffold_6-snap.241-T1;snap}
598740	600351	terminal+	3	3	{snap_scaffold_6-snap.241-T1;snap}

# EVM prediction: Mode:STANDARD S-ratio: 264.31 600531-600938 orient(+) score(1626.00) noncoding_equivalent(6.15) raw_noncoding(6.15) offset(0.00)
600531	600938	single+	1	3	{GlimmerHMM_glimmerT_2445-T1;GlimmerHMM}

# EVM prediction: Mode:STANDARD S-ratio: 39.44 601267-603948 orient(+) score(7849.00) noncoding_equivalent(199.00) raw_noncoding(199.00) offset(0.00)
601267	603948	single+	1	3	{GlimmerHMM_glimmerT_2446-T1;GlimmerHMM}

# EVM prediction: Mode:STANDARD S-ratio: 179.21 604373-605554 orient(+) score(4702.00) noncoding_equivalent(26.24) raw_noncoding(26.24) offset(0.00)
604373	605554	single+	1	3	{GlimmerHMM_glimmerT_2447-T1;GlimmerHMM},{Augustus_model.g2262.t1;Augustus}

# EVM prediction: Mode:STANDARD S-ratio: 2.00 605766-606398 orient(-) score(2529.00) noncoding_equivalent(1265.00) raw_noncoding(1265.00) offset(0.00)
606398	605766	single-	4	6	{HiQ_model.g2263.t1;HiQ}

# EVM prediction: Mode:STANDARD S-ratio: 4.84 606790-608130 orient(-) score(6668.00) noncoding_equivalent(1378.99) raw_noncoding(1378.99) offset(0.00)
608130	606790	single-	4	6	{GlimmerHMM_glimmerT_2449-T1;GlimmerHMM},{HiQ_model.g2264.t1;HiQ}

# EVM prediction: Mode:STANDARD S-ratio: 4.95 609518-611065 orient(-) score(7728.00) noncoding_equivalent(1560.00) raw_noncoding(1560.00) offset(0.00)
611065	609518	single-	4	6	{GlimmerHMM_glimmerT_2450-T1;GlimmerHMM},{HiQ_model.g2265.t1;HiQ}

# EVM prediction: Mode:STANDARD S-ratio: 581.67 612082-613416 orient(-) score(5235.00) noncoding_equivalent(9.00) raw_noncoding(9.00) offset(0.00)
613416	612082	single-	4	6	{GlimmerHMM_glimmerT_2451-T1;GlimmerHMM}

# EVM prediction: Mode:STANDARD S-ratio: 3.95 613888-615882 orient(-) score(9975.00) noncoding_equivalent(2527.00) raw_noncoding(3063.00) offset(536.00)
614538	613888	terminal-	4	6	{HiQ_model.g2267.t1;HiQ},{snap_scaffold_6-snap.248-T1;snap},{GlimmerHMM_glimmerT_2452-T1;GlimmerHMM}
615072	614539	INTRON			{HiQ_model.g2267.t1;HiQ},{snap_scaffold_6-snap.248-T1;snap},{GlimmerHMM_glimmerT_2452-T1;GlimmerHMM},{ev_type:exonerate/ID=match.147026.208/Target=YNR053C;exonerate}
615882	615073	initial-	4	6	{HiQ_model.g2267.t1;HiQ},{snap_scaffold_6-snap.248-T1;snap},{GlimmerHMM_glimmerT_2452-T1;GlimmerHMM}

# EVM prediction: Mode:STANDARD S-ratio: 4.89 616126-617076 orient(-) score(4735.00) noncoding_equivalent(969.18) raw_noncoding(969.18) offset(0.00)
617076	616126	single-	4	6	{GlimmerHMM_glimmerT_2453-T1;GlimmerHMM},{HiQ_model.g2268.t1;HiQ}

# EVM prediction: Mode:STANDARD S-ratio: 4.97 620512-622272 orient(-) score(8797.00) noncoding_equivalent(1769.22) raw_noncoding(1769.22) offset(0.00)
622272	620512	single-	4	6	{GlimmerHMM_glimmerT_2454-T1;GlimmerHMM},{HiQ_model.g2269.t1;HiQ}

# EVM prediction: Mode:STANDARD S-ratio: 9.86 623704-625299 orient(-) score(5796.00) noncoding_equivalent(588.00) raw_noncoding(588.00) offset(0.00)
625299	623704	single-	4	6	{GlimmerHMM_glimmerT_2455-T1;GlimmerHMM},{Augustus_model.g2270.t1;Augustus}

# EVM prediction: Mode:STANDARD S-ratio: 4.92 625441-626154 orient(-) score(3561.00) noncoding_equivalent(723.14) raw_noncoding(723.14) offset(0.00)
626154	625441	single-	4	6	{HiQ_model.g2271.t1;HiQ},{GlimmerHMM_glimmerT_2456-T1;GlimmerHMM}

# EVM prediction: Mode:STANDARD S-ratio: 229.49 626376-627818 orient(+) score(5747.00) noncoding_equivalent(25.04) raw_noncoding(25.04) offset(0.00)
626376	627818	single+	1	3	{Augustus_model.g2272.t1;Augustus},{GlimmerHMM_glimmerT_2457-T1;GlimmerHMM}

# EVM prediction: Mode:STANDARD S-ratio: 88.21 628888-630630 orient(+) score(6892.00) noncoding_equivalent(78.13) raw_noncoding(78.13) offset(0.00)
628888	630630	single+	1	3	{GlimmerHMM_glimmerT_2458-T1;GlimmerHMM},{Augustus_model.g2273.t1;Augustus}

# EVM prediction: Mode:STANDARD S-ratio: 27.80 632035-634194 orient(+) score(8340.00) noncoding_equivalent(300.00) raw_noncoding(300.00) offset(0.00)
632035	634194	single+	1	3	{GlimmerHMM_glimmerT_2459-T1;GlimmerHMM}

# EVM prediction: Mode:STANDARD S-ratio: 2.93 634965-635624 orient(-) score(2952.00) noncoding_equivalent(1008.00) raw_noncoding(1008.00) offset(0.00)
635624	634965	single-	4	6	{GlimmerHMM_glimmerT_2460-T1;GlimmerHMM},{HiQ_model.g2275.t1;HiQ}

# EVM prediction: Mode:STANDARD S-ratio: 24.76 636443-637875 orient(-) score(5146.00) noncoding_equivalent(207.86) raw_noncoding(288.00) offset(80.14)
637708	636443	terminal-	4	6	{Augustus_model.g2276.t1;Augustus},{snap_scaffold_6-snap.256-T1;snap}
637785	637709	INTRON			{Augustus_model.g2276.t1;Augustus},{snap_scaffold_6-snap.256-T1;snap}
637875	637786	initial-	4	6	{Augustus_model.g2276.t1;Augustus},{snap_scaffold_6-snap.256-T1;snap}

# EVM prediction: Mode:STANDARD S-ratio: 65.99 639033-640856 orient(+) score(7188.00) noncoding_equivalent(108.92) raw_noncoding(108.92) offset(0.00)
639033	640856	single+	1	3	{GlimmerHMM_glimmerT_2462-T1;GlimmerHMM},{Augustus_model.g2277.t1;Augustus}

# EVM prediction: Mode:STANDARD S-ratio: 2.00 641226-642098 orient(-) score(3492.00) noncoding_equivalent(1746.00) raw_noncoding(1746.00) offset(0.00)
642098	641226	single-	4	6	{HiQ_model.g2278.t1;HiQ},{GlimmerHMM_glimmerT_2463-T1;GlimmerHMM}

# EVM prediction: Mode:STANDARD S-ratio: 4.99 642440-647125 orient(-) score(23399.00) noncoding_equivalent(4690.05) raw_noncoding(4690.05) offset(0.00)
647125	642440	single-	4	6	{GlimmerHMM_glimmerT_2464-T1;GlimmerHMM},{HiQ_model.g2279.t1;HiQ}

# EVM prediction: Mode:STANDARD S-ratio: 12.14 647843-651485 orient(-) score(12956.00) noncoding_equivalent(1067.38) raw_noncoding(1512.06) offset(444.68)
651161	647843	terminal-	6	6	{snap_scaffold_6-snap.259-T1;snap}
651384	651162	INTRON			{snap_scaffold_6-snap.259-T1;snap}
651485	651385	initial-	4	5	{snap_scaffold_6-snap.259-T1;snap}

# EVM prediction: Mode:STANDARD S-ratio: 19.69 652160-654684 orient(-) score(9028.00) noncoding_equivalent(458.42) raw_noncoding(744.85) offset(286.43)
652293	652160	terminal-	5	6	{snap_scaffold_6-snap.260-T1;snap}
652481	652294	INTRON			{snap_scaffold_6-snap.260-T1;snap}
654684	652482	initial-	4	4	{GlimmerHMM_glimmerT_2465-T1;GlimmerHMM},{snap_scaffold_6-snap.260-T1;snap}

# EVM prediction: Mode:STANDARD S-ratio: 4.89 657327-661592 orient(+) score(21027.00) noncoding_equivalent(4302.44) raw_noncoding(4302.44) offset(0.00)
657327	661592	single+	1	3	{HiQ_model.g2281.t1;HiQ},{GlimmerHMM_glimmerT_2466-T1;GlimmerHMM}

# EVM prediction: Mode:STANDARD S-ratio: 4.89 662533-663561 orient(-) score(5126.00) noncoding_equivalent(1048.15) raw_noncoding(1048.15) offset(0.00)
663561	662533	single-	4	6	{HiQ_model.g2282.t1;HiQ},{GlimmerHMM_glimmerT_2467-T1;GlimmerHMM}

