!! Predictions spanning range 1646 - 97502 [R1]
# EVM prediction: Mode:STANDARD S-ratio: 2.98 1646-3547 orient(+) score(5316.00) noncoding_equivalent(1781.00) raw_noncoding(1781.00) offset(0.00) 
1646	3547	terminal+	1	3	{snap_scaffold_3-snap.793-T1;snap}

# EVM prediction: Mode:STANDARD S-ratio: 260.13 4655-4987 orient(+) score(1304.00) noncoding_equivalent(5.01) raw_noncoding(5.01) offset(0.00) 
4655	4987	single+	1	3	{Augustus_model.g2838.t1;Augustus},{GlimmerHMM_glimmerT_3177-T1;GlimmerHMM}

# EVM prediction: Mode:STANDARD S-ratio: 10000.00 5721-6518 orient(+) score(2394.00) noncoding_equivalent(0.24) raw_noncoding(0.00) offset(0.00) 
5721	6518	single+	1	3	{Augustus_model.g2839.t1;Augustus},{GlimmerHMM_glimmerT_3178-T1;GlimmerHMM}

# EVM prediction: Mode:STANDARD S-ratio: 60.47 6975-10109 orient(+) score(9252.00) noncoding_equivalent(153.00) raw_noncoding(153.00) offset(0.00) 
6975	10109	single+	1	3	{Augustus_model.g2840.t1;Augustus},{GlimmerHMM_glimmerT_3179-T1;GlimmerHMM}

# EVM prediction: Mode:STANDARD S-ratio: 9.42 11194-12971 orient(+) score(4652.00) noncoding_equivalent(494.00) raw_noncoding(682.00) offset(188.00) 
11194	11198	initial+	1	2	{snap_scaffold_3-snap.797-T1;snap}
11199	11386	INTRON			{snap_scaffold_3-snap.797-T1;snap}
11387	12971	terminal+	3	3	{snap_scaffold_3-snap.797-T1;snap}

# EVM prediction: Mode:STANDARD S-ratio: 3.80 13824-15581 orient(+) score(4652.00) noncoding_equivalent(1224.01) raw_noncoding(1775.01) offset(551.00) 
13824	13828	initial+	1	2	{GlimmerHMM_glimmerT_3181-T1;GlimmerHMM},{snap_scaffold_3-snap.798-T1;snap}
13829	14434	INTRON			{GlimmerHMM_glimmerT_3181-T1;GlimmerHMM},{snap_scaffold_3-snap.798-T1;snap}
14435	15581	terminal+	3	3	{snap_scaffold_3-snap.798-T1;snap}

# EVM prediction: Mode:STANDARD S-ratio: 3.02 17019-19952 orient(+) score(5292.00) noncoding_equivalent(1751.00) raw_noncoding(5166.10) offset(3415.09) 
17019	17022	initial+	1	1	{snap_scaffold_3-snap.799-T1;snap}
17023	18771	INTRON			{snap_scaffold_3-snap.799-T1;snap}
18772	19952	terminal+	2	3	{GlimmerHMM_glimmerT_3181-T1;GlimmerHMM},{snap_scaffold_3-snap.799-T1;snap}

# EVM prediction: Mode:STANDARD S-ratio: 2.00 20445-21293 orient(-) score(1698.00) noncoding_equivalent(849.00) raw_noncoding(849.00) offset(0.00) 
21293	20445	single-	4	6	{Augustus_model.g2844.t1;Augustus},{GlimmerHMM_glimmerT_3182-T1;GlimmerHMM}

# EVM prediction: Mode:STANDARD S-ratio: 652.07 23231-24343 orient(+) score(3332.00) noncoding_equivalent(5.11) raw_noncoding(5.11) offset(0.00) 
23231	24343	single+	1	3	{GlimmerHMM_glimmerT_3183-T1;GlimmerHMM},{Augustus_model.g2845.t1;Augustus}

# EVM prediction: Mode:STANDARD S-ratio: 2.72 24546-25355 orient(-) score(2369.00) noncoding_equivalent(870.45) raw_noncoding(870.45) offset(0.00) 
25355	24546	single-	4	6	{Augustus_model.g2846.t1;Augustus},{GlimmerHMM_glimmerT_3184-T1;GlimmerHMM}

# EVM prediction: Mode:STANDARD S-ratio: 10000.00 26599-27471 orient(-) score(2619.00) noncoding_equivalent(0.26) raw_noncoding(0.00) offset(0.00) 
27471	26599	single-	4	6	{GlimmerHMM_glimmerT_3186-T1;GlimmerHMM},{Augustus_model.g2847.t1;Augustus}

# EVM prediction: Mode:STANDARD S-ratio: 1.89 29020-30465 orient(-) score(2742.00) noncoding_equivalent(1447.17) raw_noncoding(1597.30) offset(150.13) 
29210	29020	terminal-	5	6	{Augustus_model.g2848.t1;Augustus}
29360	29211	INTRON			{Augustus_model.g2848.t1;Augustus}
30465	29361	initial-	4	4	{Augustus_model.g2848.t1;Augustus}

# EVM prediction: Mode:STANDARD S-ratio: 10.37 32788-34539 orient(+) score(4792.00) noncoding_equivalent(462.12) raw_noncoding(462.12) offset(0.00) 
32788	34539	single+	1	3	{GlimmerHMM_glimmerT_3188-T1;GlimmerHMM}

# EVM prediction: Mode:STANDARD S-ratio: 63.74 37703-38914 orient(+) score(3578.00) noncoding_equivalent(56.13) raw_noncoding(56.13) offset(0.00) 
37703	38914	single+	1	3	{GlimmerHMM_glimmerT_3189-T1;GlimmerHMM},{Augustus_model.g2850.t1;Augustus}

# EVM prediction: Mode:STANDARD S-ratio: 33.54 39181-41715 orient(-) score(7383.00) noncoding_equivalent(220.11) raw_noncoding(220.11) offset(0.00) 
41715	39181	single-	4	6	{GlimmerHMM_glimmerT_3190-T1;GlimmerHMM}

# EVM prediction: Mode:STANDARD S-ratio: 10000.00 42284-43717 orient(-) score(4302.00) noncoding_equivalent(0.43) raw_noncoding(0.00) offset(0.00) 
43717	42284	single-	4	6	{Augustus_model.g2852.t1;Augustus},{GlimmerHMM_glimmerT_3191-T1;GlimmerHMM}

# EVM prediction: Mode:STANDARD S-ratio: 28.25 44412-46652 orient(+) score(6723.00) noncoding_equivalent(237.99) raw_noncoding(237.99) offset(0.00) 
44412	46652	single+	1	3	{GlimmerHMM_glimmerT_3192-T1;GlimmerHMM},{Augustus_model.g2853.t1;Augustus}

# EVM prediction: Mode:STANDARD S-ratio: 10000.00 46936-49164 orient(-) score(6687.00) noncoding_equivalent(0.67) raw_noncoding(0.00) offset(0.00) 
49164	46936	single-	4	6	{GlimmerHMM_glimmerT_3193-T1;GlimmerHMM},{Augustus_model.g2854.t1;Augustus}

# EVM prediction: Mode:STANDARD S-ratio: 2.27 50835-52465 orient(+) score(3977.00) noncoding_equivalent(1751.00) raw_noncoding(2583.00) offset(832.00) 
50835	50911	initial+	1	2	{Augustus_model.g2855.t1;Augustus},{GlimmerHMM_glimmerT_3194-T1;GlimmerHMM}
50912	51750	INTRON			{Augustus_model.g2855.t1;Augustus},{GlimmerHMM_glimmerT_3194-T1;GlimmerHMM}
51751	52465	terminal+	3	3	{Augustus_model.g2855.t1;Augustus},{snap_scaffold_3-snap.810-T1;snap},{GlimmerHMM_glimmerT_3194-T1;GlimmerHMM}

# EVM prediction: Mode:STANDARD S-ratio: 36.20 52695-54740 orient(-) score(5973.00) noncoding_equivalent(165.00) raw_noncoding(165.00) offset(0.00) 
54740	52695	single-	4	6	{Augustus_model.g2856.t1;Augustus},{GlimmerHMM_glimmerT_3195-T1;GlimmerHMM}

# EVM prediction: Mode:STANDARD S-ratio: 41.09 55311-57248 orient(-) score(5670.00) noncoding_equivalent(138.00) raw_noncoding(138.00) offset(0.00) 
57248	55311	single-	4	6	{Augustus_model.g2857.t1;Augustus},{GlimmerHMM_glimmerT_3196-T1;GlimmerHMM}

# EVM prediction: Mode:STANDARD S-ratio: 11.59 57689-59014 orient(-) score(3662.00) noncoding_equivalent(315.91) raw_noncoding(315.91) offset(0.00) 
59014	57689	single-	4	6	{Augustus_model.g2858.t1;Augustus},{GlimmerHMM_glimmerT_3197-T1;GlimmerHMM}

# EVM prediction: Mode:STANDARD S-ratio: 10000.00 59310-59768 orient(-) score(1377.00) noncoding_equivalent(0.14) raw_noncoding(0.00) offset(0.00) 
59768	59310	single-	4	6	{GlimmerHMM_glimmerT_3198-T1;GlimmerHMM},{Augustus_model.g2859.t1;Augustus}

# EVM prediction: Mode:STANDARD S-ratio: 162.20 61033-61848 orient(+) score(2433.00) noncoding_equivalent(15.00) raw_noncoding(15.00) offset(0.00) 
61033	61848	single+	1	3	{Augustus_model.g2860.t1;Augustus},{GlimmerHMM_glimmerT_3199-T1;GlimmerHMM}

# EVM prediction: Mode:STANDARD S-ratio: 10000.00 62111-64138 orient(-) score(6084.00) noncoding_equivalent(0.61) raw_noncoding(0.00) offset(0.00) 
64138	62111	single-	4	6	{Augustus_model.g2861.t1;Augustus},{GlimmerHMM_glimmerT_3200-T1;GlimmerHMM}

# EVM prediction: Mode:STANDARD S-ratio: 55.68 67302-68324 orient(-) score(3013.00) noncoding_equivalent(54.11) raw_noncoding(54.11) offset(0.00) 
68324	67302	single-	4	6	{GlimmerHMM_glimmerT_3201-T1;GlimmerHMM},{Augustus_model.g2862.t1;Augustus}

# EVM prediction: Mode:STANDARD S-ratio: 1.16 76061-76755 orient(-) score(858.00) noncoding_equivalent(738.03) raw_noncoding(1716.31) offset(978.29) 
76248	76061	terminal-	5	6	{snap_scaffold_3-snap.818-T1;snap}
76503	76249	INTRON			{snap_scaffold_3-snap.818-T1;snap}
76511	76504	internal-	6	4	{snap_scaffold_3-snap.818-T1;snap}
76747	76512	INTRON			{snap_scaffold_3-snap.818-T1;snap}
76755	76748	initial-	4	5	{snap_scaffold_3-snap.818-T1;snap}

# EVM prediction: Mode:STANDARD S-ratio: 574.85 81459-82997 orient(+) score(4607.00) noncoding_equivalent(8.01) raw_noncoding(8.01) offset(0.00) 
81459	82997	single+	1	3	{Augustus_model.g2863.t1;Augustus},{GlimmerHMM_glimmerT_3204-T1;GlimmerHMM}

# EVM prediction: Mode:STANDARD S-ratio: 8.18 86597-88927 orient(-) score(6231.00) noncoding_equivalent(762.00) raw_noncoding(762.00) offset(0.00) 
88927	86597	single-	4	6	{GlimmerHMM_glimmerT_3205-T1;GlimmerHMM}

# EVM prediction: Mode:STANDARD S-ratio: 160.83 89273-92185 orient(-) score(8685.00) noncoding_equivalent(54.00) raw_noncoding(54.00) offset(0.00) 
92185	89273	single-	4	6	{Augustus_model.g2865.t1;Augustus},{GlimmerHMM_glimmerT_3206-T1;GlimmerHMM}

# EVM prediction: Mode:STANDARD S-ratio: 479.75 92911-94833 orient(-) score(5757.00) noncoding_equivalent(12.00) raw_noncoding(12.00) offset(0.00) 
94833	92911	single-	4	6	{Augustus_model.g2866.t1;Augustus},{GlimmerHMM_glimmerT_3208-T1;GlimmerHMM}

# EVM prediction: Mode:STANDARD S-ratio: 2.00 95301-96059 orient(-) score(1518.00) noncoding_equivalent(760.28) raw_noncoding(760.28) offset(0.00) 
96059	95301	single-	4	6	{GlimmerHMM_glimmerT_3209-T1;GlimmerHMM},{Augustus_model.g2867.t1;Augustus}

# EVM prediction: Mode:STANDARD S-ratio: 383.98 96474-97502 orient(+) score(3077.00) noncoding_equivalent(8.01) raw_noncoding(8.01) offset(0.00) 
96474	97502	single+	1	3	{Augustus_model.g2868.t1;Augustus},{GlimmerHMM_glimmerT_3210-T1;GlimmerHMM}

