!! Predictions spanning range 1294 - 95931 [R1]
# EVM prediction: Mode:STANDARD S-ratio: 27.78 1294-3171 orient(+) score(7251.00) noncoding_equivalent(261.00) raw_noncoding(261.00) offset(0.00) 
1294	3171	single+	1	3	{GlimmerHMM_glimmerT_2902-T1;GlimmerHMM},{Augustus_model.g2551.t1;Augustus}

# EVM prediction: Mode:STANDARD S-ratio: 119.03 3264-6791 orient(-) score(10494.00) noncoding_equivalent(88.17) raw_noncoding(88.17) offset(0.00) 
6791	3264	single-	4	6	{GlimmerHMM_glimmerT_2903-T1;GlimmerHMM}

# EVM prediction: Mode:STANDARD S-ratio: 2.01 7096-7623 orient(+) score(2109.00) noncoding_equivalent(1050.58) raw_noncoding(1050.58) offset(0.00) 
7096	7623	single+	1	3	{HiQ_model.g2553.t1;HiQ},{GlimmerHMM_glimmerT_2904-T1;GlimmerHMM}

# EVM prediction: Mode:STANDARD S-ratio: 5.97 7827-8108 orient(-) score(1683.00) noncoding_equivalent(282.00) raw_noncoding(282.00) offset(0.00) 
8108	7827	single-	4	6	{GlimmerHMM_glimmerT_2905-T1;GlimmerHMM},{HiQ_model.g2554.t1;HiQ}

# EVM prediction: Mode:STANDARD S-ratio: 213.58 8374-9594 orient(+) score(3641.00) noncoding_equivalent(17.05) raw_noncoding(17.05) offset(0.00) 
8374	9594	single+	1	3	{GlimmerHMM_glimmerT_2906-T1;GlimmerHMM}

# EVM prediction: Mode:STANDARD S-ratio: 507.11 9826-13032 orient(+) score(12786.00) noncoding_equivalent(25.21) raw_noncoding(25.21) offset(0.00) 
9826	13032	single+	1	3	{GlimmerHMM_glimmerT_2907-T1;GlimmerHMM}

# EVM prediction: Mode:STANDARD S-ratio: 2.99 13288-14304 orient(+) score(3045.00) noncoding_equivalent(1017.00) raw_noncoding(1017.00) offset(0.00) 
13288	14304	single+	1	3	{Augustus_model.g2556.t1;Augustus},{GlimmerHMM_glimmerT_2908-T1;GlimmerHMM}

# EVM prediction: Mode:STANDARD S-ratio: 10000.00 14617-15645 orient(+) score(3087.00) noncoding_equivalent(0.31) raw_noncoding(0.00) offset(0.00) 
14617	15645	single+	1	3	{GlimmerHMM_glimmerT_2909-T1;GlimmerHMM},{Augustus_model.g2557.t1;Augustus}

# EVM prediction: Mode:STANDARD S-ratio: 4.00 15908-16831 orient(+) score(3696.00) noncoding_equivalent(924.00) raw_noncoding(924.00) offset(0.00) 
15908	16831	single+	1	3	{HiQ_model.g2558.t1;HiQ},{GlimmerHMM_glimmerT_2910-T1;GlimmerHMM}

# EVM prediction: Mode:STANDARD S-ratio: 5.00 16991-17761 orient(-) score(3855.00) noncoding_equivalent(771.00) raw_noncoding(771.00) offset(0.00) 
17761	16991	single-	4	6	{GlimmerHMM_glimmerT_2911-T1;GlimmerHMM},{HiQ_model.g2559.t1;HiQ}

# EVM prediction: Mode:STANDARD S-ratio: 2.02 18126-19034 orient(-) score(3642.00) noncoding_equivalent(1806.17) raw_noncoding(1806.17) offset(0.00) 
19034	18126	single-	4	6	{HiQ_model.g2560.t1;HiQ},{GlimmerHMM_glimmerT_2912-T1;GlimmerHMM}

# EVM prediction: Mode:STANDARD S-ratio: 305.81 19341-19802 orient(+) score(1840.00) noncoding_equivalent(6.02) raw_noncoding(6.02) offset(0.00) 
19341	19802	single+	1	3	{GlimmerHMM_glimmerT_2913-T1;GlimmerHMM},{Augustus_model.g2561.t1;Augustus}

# EVM prediction: Mode:STANDARD S-ratio: 10.27 19982-20482 orient(-) score(1369.00) noncoding_equivalent(133.35) raw_noncoding(133.35) offset(0.00) 
20482	19982	single-	4	6	{GlimmerHMM_glimmerT_2914-T1;GlimmerHMM}

# EVM prediction: Mode:STANDARD S-ratio: 2.00 21976-23106 orient(+) score(2262.00) noncoding_equivalent(1132.26) raw_noncoding(1132.26) offset(0.00) 
21976	23106	single+	1	3	{GlimmerHMM_glimmerT_2915-T1;GlimmerHMM},{Augustus_model.g2563.t1;Augustus}

# EVM prediction: Mode:STANDARD S-ratio: 5.00 23578-25134 orient(+) score(4332.00) noncoding_equivalent(865.79) raw_noncoding(1421.82) offset(556.03) 
23578	24413	initial+	1	2	{Augustus_model.g2564.t1;Augustus}
24414	24722	INTRON			{Augustus_model.g2564.t1;Augustus}
24723	25134	terminal+	3	3	{GlimmerHMM_glimmerT_2916-T1;GlimmerHMM},{Augustus_model.g2564.t1;Augustus}

# EVM prediction: Mode:STANDARD S-ratio: 123.95 25301-26719 orient(-) score(4221.00) noncoding_equivalent(34.06) raw_noncoding(34.06) offset(0.00) 
26719	25301	single-	4	6	{Augustus_model.g2565.t1;Augustus},{GlimmerHMM_glimmerT_2917-T1;GlimmerHMM}

# EVM prediction: Mode:STANDARD S-ratio: 2.00 26915-27796 orient(-) score(3528.00) noncoding_equivalent(1765.43) raw_noncoding(1765.43) offset(0.00) 
27796	26915	single-	4	6	{GlimmerHMM_glimmerT_2918-T1;GlimmerHMM},{HiQ_model.g2566.t1;HiQ}

# EVM prediction: Mode:STANDARD S-ratio: 464.57 28282-30000 orient(+) score(5144.00) noncoding_equivalent(11.07) raw_noncoding(11.07) offset(0.00) 
28282	30000	single+	1	3	{GlimmerHMM_glimmerT_2919-T1;GlimmerHMM},{Augustus_model.g2567.t1;Augustus}

# EVM prediction: Mode:STANDARD S-ratio: 737.67 31653-33335 orient(+) score(6721.00) noncoding_equivalent(9.11) raw_noncoding(9.11) offset(0.00) 
31653	33335	single+	1	3	{Augustus_model.g2568.t1;Augustus},{GlimmerHMM_glimmerT_2920-T1;GlimmerHMM}

# EVM prediction: Mode:STANDARD S-ratio: 4.86 33472-33957 orient(-) score(2417.00) noncoding_equivalent(497.15) raw_noncoding(497.15) offset(0.00) 
33957	33472	single-	4	6	{GlimmerHMM_glimmerT_2921-T1;GlimmerHMM},{HiQ_model.g2569.t1;HiQ}

# EVM prediction: Mode:STANDARD S-ratio: 3.99 34343-36385 orient(-) score(9801.00) noncoding_equivalent(2457.00) raw_noncoding(2457.00) offset(0.00) 
36385	34343	single-	4	6	{HiQ_model.g2570.t1;HiQ},{GlimmerHMM_glimmerT_2922-T1;GlimmerHMM}

# EVM prediction: Mode:STANDARD S-ratio: 11.54 37264-38690 orient(-) score(3731.00) noncoding_equivalent(323.24) raw_noncoding(776.54) offset(453.30) 
38458	37264	terminal-	6	6	{snap_scaffold_6-snap.263-T1;snap}
38685	38459	INTRON			{snap_scaffold_6-snap.263-T1;snap}
38690	38686	initial-	4	5	{snap_scaffold_6-snap.263-T1;snap}

# EVM prediction: Mode:STANDARD S-ratio: 34.78 38759-39868 orient(-) score(3237.00) noncoding_equivalent(93.07) raw_noncoding(93.07) offset(0.00) 
39868	38759	single-	4	6	{GlimmerHMM_glimmerT_2924-T1;GlimmerHMM}

# EVM prediction: Mode:STANDARD S-ratio: 40.03 40468-41613 orient(+) score(3353.00) noncoding_equivalent(83.77) raw_noncoding(83.77) offset(0.00) 
40468	41613	single+	1	3	{GlimmerHMM_glimmerT_2925-T1;GlimmerHMM},{Augustus_model.g2572.t1;Augustus}

# EVM prediction: Mode:STANDARD S-ratio: 4.99 43843-45708 orient(-) score(9303.00) noncoding_equivalent(1866.00) raw_noncoding(1866.00) offset(0.00) 
45708	43843	single-	4	6	{GlimmerHMM_glimmerT_2926-T1;GlimmerHMM},{HiQ_model.g2573.t1;HiQ}

# EVM prediction: Mode:STANDARD S-ratio: 2.00 45977-46408 orient(-) score(1728.00) noncoding_equivalent(865.60) raw_noncoding(865.60) offset(0.00) 
46408	45977	single-	4	6	{HiQ_model.g2574.t1;HiQ},{GlimmerHMM_glimmerT_2927-T1;GlimmerHMM}

# EVM prediction: Mode:STANDARD S-ratio: 10000.00 46627-48366 orient(+) score(6960.00) noncoding_equivalent(0.70) raw_noncoding(0.00) offset(0.00) 
46627	48366	single+	1	3	{Augustus_model.g2575.t1;Augustus},{GlimmerHMM_glimmerT_2928-T1;GlimmerHMM}

# EVM prediction: Mode:STANDARD S-ratio: 8.08 48768-50129 orient(+) score(4848.00) noncoding_equivalent(600.00) raw_noncoding(600.00) offset(0.00) 
48768	50129	single+	1	3	{GlimmerHMM_glimmerT_2929-T1;GlimmerHMM},{Augustus_model.g2576.t1;Augustus}

# EVM prediction: Mode:STANDARD S-ratio: 2.01 50278-51609 orient(-) score(2664.00) noncoding_equivalent(1326.21) raw_noncoding(1326.21) offset(0.00) 
51609	50278	single-	4	6	{GlimmerHMM_glimmerT_2930-T1;GlimmerHMM},{Augustus_model.g2577.t1;Augustus}

# EVM prediction: Mode:STANDARD S-ratio: 10000.00 51880-52917 orient(+) score(4152.00) noncoding_equivalent(0.42) raw_noncoding(0.00) offset(0.00) 
51880	52917	single+	1	3	{Augustus_model.g2578.t1;Augustus},{GlimmerHMM_glimmerT_2931-T1;GlimmerHMM}

# EVM prediction: Mode:STANDARD S-ratio: 4.20 53159-54790 orient(-) score(7910.00) noncoding_equivalent(1881.59) raw_noncoding(1881.59) offset(0.00) 
54790	53159	single-	4	6	{HiQ_model.g2579.t1;HiQ},{GlimmerHMM_glimmerT_2932-T1;GlimmerHMM}

# EVM prediction: Mode:STANDARD S-ratio: 391.89 55041-57692 orient(+) score(10581.00) noncoding_equivalent(27.00) raw_noncoding(27.00) offset(0.00) 
55041	57692	single+	1	3	{Augustus_model.g2580.t1;Augustus},{GlimmerHMM_glimmerT_2933-T1;GlimmerHMM}

# EVM prediction: Mode:STANDARD S-ratio: 4.80 57925-60219 orient(-) score(11397.00) noncoding_equivalent(2373.00) raw_noncoding(2373.00) offset(0.00) 
60219	57925	single-	4	6	{HiQ_model.g2581.t1;HiQ},{GlimmerHMM_glimmerT_2934-T1;GlimmerHMM}

# EVM prediction: Mode:STANDARD S-ratio: 10000.00 61330-62199 orient(-) score(2610.00) noncoding_equivalent(0.26) raw_noncoding(0.00) offset(0.00) 
62199	61330	single-	4	6	{Augustus_model.g2582.t1;Augustus},{GlimmerHMM_glimmerT_2935-T1;GlimmerHMM}

# EVM prediction: Mode:STANDARD S-ratio: 1.00 62398-62721 orient(+) score(648.00) noncoding_equivalent(648.00) raw_noncoding(648.00) offset(0.00) 
62398	62721	single+	1	3	{GlimmerHMM_glimmerT_2936-T1;GlimmerHMM}

# EVM prediction: Mode:STANDARD S-ratio: 10000.00 62800-66543 orient(-) score(11232.00) noncoding_equivalent(1.12) raw_noncoding(0.00) offset(0.00) 
66543	62800	single-	4	6	{Augustus_model.g2583.t1;Augustus},{GlimmerHMM_glimmerT_2937-T1;GlimmerHMM}

# EVM prediction: Mode:STANDARD S-ratio: 9.93 67216-70407 orient(+) score(9563.00) noncoding_equivalent(963.33) raw_noncoding(963.33) offset(0.00) 
67216	70407	single+	1	3	{GlimmerHMM_glimmerT_2938-T1;GlimmerHMM},{Augustus_model.g2584.t1;Augustus}

# EVM prediction: Mode:STANDARD S-ratio: 3.62 70730-71313 orient(-) score(2518.00) noncoding_equivalent(696.29) raw_noncoding(984.88) offset(288.59) 
71168	70730	terminal-	6	6	{snap_scaffold_6-snap.276-T1;snap},{HiQ_model.g2585.t1;HiQ}
71266	71169	INTRON			{HiQ_model.g2585.t1;HiQ},{ev_type:exonerate/ID=match.177006.1361/Target=YPR098C;exonerate}
71313	71267	initial-	4	5	{HiQ_model.g2585.t1;HiQ}

# EVM prediction: Mode:STANDARD S-ratio: 8.08 71578-72000 orient(+) score(1506.00) noncoding_equivalent(186.36) raw_noncoding(186.36) offset(0.00) 
71578	72000	single+	1	3	{GlimmerHMM_glimmerT_2940-T1;GlimmerHMM}

# EVM prediction: Mode:STANDARD S-ratio: 1.15 72275-72702 orient(+) score(662.00) noncoding_equivalent(577.95) raw_noncoding(639.25) offset(61.30) 
72275	72579	initial+	1	2	{GlimmerHMM_glimmerT_2941-T1;GlimmerHMM}
72580	72626	INTRON			{GlimmerHMM_glimmerT_2941-T1;GlimmerHMM}
72627	72702	terminal+	3	3	{GlimmerHMM_glimmerT_2941-T1;GlimmerHMM}

# EVM prediction: Mode:STANDARD S-ratio: 3.87 73000-73524 orient(-) score(2625.00) noncoding_equivalent(678.10) raw_noncoding(678.10) offset(0.00) 
73524	73000	single-	4	6	{HiQ_model.g2587.t1;HiQ},{GlimmerHMM_glimmerT_2942-T1;GlimmerHMM}

# EVM prediction: Mode:STANDARD S-ratio: 859.62 74133-74996 orient(+) score(3450.00) noncoding_equivalent(4.01) raw_noncoding(4.01) offset(0.00) 
74133	74996	single+	1	3	{Augustus_model.g2588.t1;Augustus},{GlimmerHMM_glimmerT_2943-T1;GlimmerHMM}

# EVM prediction: Mode:STANDARD S-ratio: 87.62 75296-78169 orient(-) score(8523.00) noncoding_equivalent(97.27) raw_noncoding(97.27) offset(0.00) 
78169	75296	single-	4	6	{GlimmerHMM_glimmerT_2944-T1;GlimmerHMM},{Augustus_model.g2589.t1;Augustus}

# EVM prediction: Mode:STANDARD S-ratio: 19.81 78718-81311 orient(-) score(9872.00) noncoding_equivalent(498.23) raw_noncoding(502.23) offset(4.00) 
79136	78718	terminal-	5	6	{GlimmerHMM_glimmerT_2945-T1;GlimmerHMM},{Augustus_model.g2590.t1;Augustus}
79180	79137	INTRON			{GlimmerHMM_glimmerT_2945-T1;GlimmerHMM},{Augustus_model.g2590.t1;Augustus}
81311	79181	initial-	4	4	{GlimmerHMM_glimmerT_2945-T1;GlimmerHMM},{Augustus_model.g2590.t1;Augustus}

# EVM prediction: Mode:STANDARD S-ratio: 2.01 81802-83133 orient(+) score(2664.00) noncoding_equivalent(1326.41) raw_noncoding(1326.41) offset(0.00) 
81802	83133	single+	1	3	{Augustus_model.g2591.t1;Augustus},{GlimmerHMM_glimmerT_2946-T1;GlimmerHMM}

# EVM prediction: Mode:STANDARD S-ratio: 2.86 83182-83808 orient(-) score(2787.00) noncoding_equivalent(975.00) raw_noncoding(975.00) offset(0.00) 
83808	83182	single-	4	6	{GlimmerHMM_glimmerT_2947-T1;GlimmerHMM},{HiQ_model.g2592.t1;HiQ}

# EVM prediction: Mode:STANDARD S-ratio: 10000.00 84230-85519 orient(+) score(5160.00) noncoding_equivalent(0.52) raw_noncoding(0.00) offset(0.00) 
84230	85519	single+	1	3	{GlimmerHMM_glimmerT_2948-T1;GlimmerHMM},{Augustus_model.g2593.t1;Augustus}

# EVM prediction: Mode:STANDARD S-ratio: 23.10 86309-87193 orient(+) score(3393.00) noncoding_equivalent(146.91) raw_noncoding(146.91) offset(0.00) 
86309	87193	single+	1	3	{GlimmerHMM_glimmerT_2949-T1;GlimmerHMM},{Augustus_model.g2594.t1;Augustus}

# EVM prediction: Mode:STANDARD S-ratio: 5.00 87475-88482 orient(-) score(5040.00) noncoding_equivalent(1008.00) raw_noncoding(1008.00) offset(0.00) 
88482	87475	single-	4	6	{GlimmerHMM_glimmerT_2950-T1;GlimmerHMM},{HiQ_model.g2595.t1;HiQ}

# EVM prediction: Mode:STANDARD S-ratio: 11.88 88936-90615 orient(+) score(4644.00) noncoding_equivalent(391.00) raw_noncoding(391.00) offset(0.00) 
88936	90615	single+	1	3	{GlimmerHMM_glimmerT_2951-T1;GlimmerHMM},{Augustus_model.g2596.t1;Augustus}

# EVM prediction: Mode:STANDARD S-ratio: 4.89 90886-93546 orient(-) score(13254.00) noncoding_equivalent(2712.00) raw_noncoding(2712.00) offset(0.00) 
93546	90886	single-	4	6	{GlimmerHMM_glimmerT_2952-T1;GlimmerHMM},{HiQ_model.g2597.t1;HiQ}

# EVM prediction: Mode:STANDARD S-ratio: 109.25 93906-94568 orient(+) score(2622.00) noncoding_equivalent(24.00) raw_noncoding(24.00) offset(0.00) 
93906	94568	single+	1	3	{Augustus_model.g2598.t1;Augustus},{GlimmerHMM_glimmerT_2953-T1;GlimmerHMM}

# EVM prediction: Mode:STANDARD S-ratio: 92.53 94984-95931 orient(+) score(3750.00) noncoding_equivalent(40.53) raw_noncoding(40.53) offset(0.00) 
94984	95931	single+	1	3	{Augustus_model.g2599.t1;Augustus},{GlimmerHMM_glimmerT_2954-T1;GlimmerHMM}

