!! Predictions spanning range 9470 - 98857 [R1]
# EVM prediction: Mode:STANDARD S-ratio: 10000.00 9470-11989 orient(-) score(5040.00) noncoding_equivalent(0.50) raw_noncoding(0.00) offset(0.00) 
11989	9470	single-	4	6	{Augustus_gene618.t1;Augustus}

# EVM prediction: Mode:STANDARD S-ratio: 10000.00 15050-16834 orient(+) score(3570.00) noncoding_equivalent(0.36) raw_noncoding(0.00) offset(0.00) 
15050	16834	single+	1	3	{Augustus_gene1165.t1;Augustus}

# EVM prediction: Mode:STANDARD S-ratio: 10000.00 41922-43376 orient(+) score(2910.00) noncoding_equivalent(0.29) raw_noncoding(0.00) offset(0.00) 
41922	43376	single+	1	3	{Augustus_gene967.t1;Augustus}

# EVM prediction: Mode:STANDARD S-ratio: 10000.00 44322-45293 orient(-) score(1944.00) noncoding_equivalent(0.19) raw_noncoding(0.00) offset(0.00) 
45293	44322	single-	4	6	{Augustus_gene914.t1;Augustus}

# EVM prediction: Mode:STANDARD S-ratio: 10000.00 48265-51162 orient(-) score(5796.00) noncoding_equivalent(0.58) raw_noncoding(0.00) offset(0.00) 
51162	48265	single-	4	6	{Augustus_gene99.t1;Augustus}

# EVM prediction: Mode:STANDARD S-ratio: 10000.00 53229-55349 orient(+) score(4242.00) noncoding_equivalent(0.42) raw_noncoding(0.00) offset(0.00) 
53229	55349	single+	1	3	{Augustus_gene717.t1;Augustus}

# EVM prediction: Mode:STANDARD S-ratio: 10000.00 78510-79568 orient(-) score(2118.00) noncoding_equivalent(0.21) raw_noncoding(0.00) offset(0.00) 
79568	78510	single-	4	6	{Augustus_gene873.t1;Augustus}

# EVM prediction: Mode:STANDARD S-ratio: 10000.00 80070-80981 orient(+) score(1824.00) noncoding_equivalent(0.18) raw_noncoding(0.00) offset(0.00) 
80070	80981	single+	1	3	{Augustus_gene540.t1;Augustus}

# EVM prediction: Mode:STANDARD S-ratio: 10000.00 81816-82431 orient(-) score(1232.00) noncoding_equivalent(0.12) raw_noncoding(0.00) offset(0.00) 
81826	81816	terminal-	5	6	{Augustus_gene484.t1;Augustus}
81902	81827	INTRON			{Augustus_gene484.t1;Augustus}
82431	81903	initial-	4	4	{Augustus_gene484.t1;Augustus}

# EVM prediction: Mode:STANDARD S-ratio: 10000.00 84978-85832 orient(-) score(1710.00) noncoding_equivalent(0.17) raw_noncoding(0.00) offset(0.00) 
85832	84978	single-	4	6	{Augustus_gene839.t1;Augustus}

# EVM prediction: Mode:STANDARD S-ratio: 10000.00 87459-88619 orient(+) score(2322.00) noncoding_equivalent(0.23) raw_noncoding(0.00) offset(0.00) 
87459	88619	single+	1	3	{Augustus_gene1162.t1;Augustus}

# EVM prediction: Mode:STANDARD S-ratio: 10000.00 94347-95300 orient(-) score(1908.00) noncoding_equivalent(0.19) raw_noncoding(0.00) offset(0.00) 
95300	94347	single-	4	6	{Augustus_gene220.t1;Augustus}

# EVM prediction: Mode:STANDARD S-ratio: 10000.00 96989-98857 orient(+) score(3738.00) noncoding_equivalent(0.37) raw_noncoding(0.00) offset(0.00) 
96989	98857	single+	1	3	{Augustus_gene30.t1;Augustus}

