!! Predictions spanning range 1912 - 99719 [R1]
# EVM prediction: Mode:STANDARD S-ratio: 13.53 1912-3741 orient(-) score(5111.00) noncoding_equivalent(377.63) raw_noncoding(377.63) offset(0.00) 
3741	1912	single-	4	6	{Augustus_model.g3775.t1;Augustus},{GlimmerHMM_glimmerT_4271-T1;GlimmerHMM}

# EVM prediction: Mode:STANDARD S-ratio: 2.02 3995-5866 orient(-) score(3760.00) noncoding_equivalent(1856.95) raw_noncoding(1856.95) offset(0.00) 
5866	3995	single-	4	6	{GlimmerHMM_glimmerT_4272-T1;GlimmerHMM},{Augustus_model.g3776.t1;Augustus}

# EVM prediction: Mode:STANDARD S-ratio: 10000.00 6514-7329 orient(-) score(2448.00) noncoding_equivalent(0.24) raw_noncoding(0.00) offset(0.00) 
7329	6514	single-	4	6	{GlimmerHMM_glimmerT_4273-T1;GlimmerHMM},{Augustus_model.g3777.t1;Augustus}

# EVM prediction: Mode:STANDARD S-ratio: 10000.00 10527-11114 orient(-) score(1764.00) noncoding_equivalent(0.18) raw_noncoding(0.00) offset(0.00) 
11114	10527	single-	4	6	{Augustus_model.g3778.t1;Augustus},{GlimmerHMM_glimmerT_4274-T1;GlimmerHMM}

# EVM prediction: Mode:STANDARD S-ratio: 18.52 13160-13684 orient(-) score(1493.00) noncoding_equivalent(80.63) raw_noncoding(80.63) offset(0.00) 
13684	13160	single-	4	6	{Augustus_model.g3779.t1;Augustus},{GlimmerHMM_glimmerT_4275-T1;GlimmerHMM}

# EVM prediction: Mode:STANDARD S-ratio: 116.05 14839-15390 orient(-) score(1640.00) noncoding_equivalent(14.13) raw_noncoding(14.13) offset(0.00) 
15390	14839	single-	4	6	{GlimmerHMM_glimmerT_4276-T1;GlimmerHMM},{Augustus_model.g3780.t1;Augustus}

# EVM prediction: Mode:STANDARD S-ratio: 2.00 16610-16846 orient(-) score(474.00) noncoding_equivalent(237.00) raw_noncoding(237.00) offset(0.00) 
16846	16610	single-	4	6	{GlimmerHMM_glimmerT_4277-T1;GlimmerHMM}

# EVM prediction: Mode:STANDARD S-ratio: 9.18 18442-21168 orient(-) score(7377.00) noncoding_equivalent(804.00) raw_noncoding(804.00) offset(0.00) 
21168	18442	single-	4	6	{GlimmerHMM_glimmerT_4278-T1;GlimmerHMM}

# EVM prediction: Mode:STANDARD S-ratio: 2160.39 25166-27331 orient(-) score(6493.00) noncoding_equivalent(3.01) raw_noncoding(3.01) offset(0.00) 
27331	25166	single-	4	6	{GlimmerHMM_glimmerT_4279-T1;GlimmerHMM},{Augustus_model.g3782.t1;Augustus}

# EVM prediction: Mode:STANDARD S-ratio: 53.56 30971-32716 orient(+) score(5142.00) noncoding_equivalent(96.00) raw_noncoding(96.00) offset(0.00) 
30971	32716	single+	1	3	{Augustus_model.g3783.t1;Augustus},{GlimmerHMM_glimmerT_4280-T1;GlimmerHMM}

# EVM prediction: Mode:STANDARD S-ratio: 2.00 32869-34614 orient(-) score(3492.00) noncoding_equivalent(1746.00) raw_noncoding(1746.00) offset(0.00) 
34614	32869	single-	4	6	{Augustus_model.g3784.t1;Augustus}

# EVM prediction: Mode:STANDARD S-ratio: 102.19 35288-38260 orient(+) score(8831.00) noncoding_equivalent(86.42) raw_noncoding(86.42) offset(0.00) 
35288	38260	single+	1	3	{GlimmerHMM_glimmerT_4282-T1;GlimmerHMM},{Augustus_model.g3785.t1;Augustus}

# EVM prediction: Mode:STANDARD S-ratio: 26.90 38441-40756 orient(+) score(6699.00) noncoding_equivalent(249.00) raw_noncoding(249.00) offset(0.00) 
38441	40756	single+	1	3	{GlimmerHMM_glimmerT_4283-T1;GlimmerHMM},{Augustus_model.g3786.t1;Augustus}

# EVM prediction: Mode:STANDARD S-ratio: 8.03 42835-44739 orient(+) score(5082.00) noncoding_equivalent(633.00) raw_noncoding(633.00) offset(0.00) 
42835	44739	single+	1	3	{GlimmerHMM_glimmerT_4284-T1;GlimmerHMM}

# EVM prediction: Mode:STANDARD S-ratio: 290.13 45642-46715 orient(+) score(3209.00) noncoding_equivalent(11.06) raw_noncoding(11.06) offset(0.00) 
45642	46715	single+	1	3	{Augustus_model.g3788.t1;Augustus},{GlimmerHMM_glimmerT_4285-T1;GlimmerHMM}

# EVM prediction: Mode:STANDARD S-ratio: 688.74 46847-49381 orient(-) score(7592.00) noncoding_equivalent(11.02) raw_noncoding(11.02) offset(0.00) 
49381	46847	single-	4	6	{GlimmerHMM_glimmerT_4286-T1;GlimmerHMM},{Augustus_model.g3789.t1;Augustus}

# EVM prediction: Mode:STANDARD S-ratio: 10000.00 50572-51981 orient(-) score(4230.00) noncoding_equivalent(0.42) raw_noncoding(0.00) offset(0.00) 
51981	50572	single-	4	6	{GlimmerHMM_glimmerT_4287-T1;GlimmerHMM},{Augustus_model.g3790.t1;Augustus}

# EVM prediction: Mode:STANDARD S-ratio: 3.19 52928-57433 orient(-) score(9644.00) noncoding_equivalent(3024.35) raw_noncoding(3117.00) offset(92.65) 
54288	52928	terminal-	5	6	{snap_scaffold_5-snap.275-T1;snap},{Augustus_model.g3791.t1;Augustus}
54603	54289	INTRON			{Augustus_model.g3791.t1;Augustus}
57433	54604	initial-	4	4	{Augustus_model.g3791.t1;Augustus}

# EVM prediction: Mode:STANDARD S-ratio: 1.65 63241-65035 orient(+) score(3036.00) noncoding_equivalent(1845.30) raw_noncoding(2347.30) offset(502.00) 
63241	64524	initial+	1	3	{Augustus_model.g3792.t1;Augustus}
64525	65026	INTRON			{Augustus_model.g3792.t1;Augustus}
65027	65035	terminal+	1	3	{Augustus_model.g3792.t1;Augustus}

# EVM prediction: Mode:STANDARD S-ratio: 16.78 65391-67292 orient(-) score(5385.00) noncoding_equivalent(321.00) raw_noncoding(321.00) offset(0.00) 
67292	65391	single-	4	6	{GlimmerHMM_glimmerT_4291-T1;GlimmerHMM},{Augustus_model.g3793.t1;Augustus}

# EVM prediction: Mode:STANDARD S-ratio: 2.00 67445-67858 orient(-) score(828.00) noncoding_equivalent(414.00) raw_noncoding(414.00) offset(0.00) 
67858	67445	single-	4	6	{Augustus_model.g3794.t1;Augustus},{GlimmerHMM_glimmerT_4292-T1;GlimmerHMM}

# EVM prediction: Mode:STANDARD S-ratio: 117.41 68604-70349 orient(+) score(5192.00) noncoding_equivalent(44.22) raw_noncoding(44.22) offset(0.00) 
68604	70349	single+	1	3	{GlimmerHMM_glimmerT_4293-T1;GlimmerHMM},{Augustus_model.g3795.t1;Augustus}

# EVM prediction: Mode:STANDARD S-ratio: 9.27 70413-72345 orient(-) score(4787.00) noncoding_equivalent(516.42) raw_noncoding(1419.42) offset(903.00) 
71839	70413	terminal-	5	6	{GlimmerHMM_glimmerT_4294-T1;GlimmerHMM},{snap_scaffold_5-snap.278-T1;snap}
72332	71840	INTRON			{GlimmerHMM_glimmerT_4294-T1;GlimmerHMM}
72345	72333	initial-	4	4	{GlimmerHMM_glimmerT_4294-T1;GlimmerHMM}

# EVM prediction: Mode:STANDARD S-ratio: 73.27 72424-73443 orient(-) score(3017.00) noncoding_equivalent(41.17) raw_noncoding(41.17) offset(0.00) 
73443	72424	single-	4	6	{Augustus_model.g3797.t1;Augustus}

# EVM prediction: Mode:STANDARD S-ratio: 3.04 73991-75340 orient(-) score(4017.00) noncoding_equivalent(1319.59) raw_noncoding(1319.59) offset(0.00) 
75340	73991	single-	4	6	{GlimmerHMM_glimmerT_4296-T1;GlimmerHMM}

# EVM prediction: Mode:STANDARD S-ratio: 32.45 75553-76467 orient(+) score(2690.00) noncoding_equivalent(82.90) raw_noncoding(82.90) offset(0.00) 
75553	76467	single+	1	3	{GlimmerHMM_glimmerT_4297-T1;GlimmerHMM},{Augustus_model.g3799.t1;Augustus}

# EVM prediction: Mode:STANDARD S-ratio: 50.52 76578-77762 orient(-) score(3486.00) noncoding_equivalent(69.00) raw_noncoding(69.00) offset(0.00) 
77762	76578	single-	4	6	{Augustus_model.g3800.t1;Augustus},{GlimmerHMM_glimmerT_4298-T1;GlimmerHMM}

# EVM prediction: Mode:STANDARD S-ratio: 2.76 78718-79480 orient(+) score(1524.00) noncoding_equivalent(553.02) raw_noncoding(839.44) offset(286.42) 
78718	79261	initial+	1	1	{GlimmerHMM_glimmerT_4299-T1;GlimmerHMM}
79262	79475	INTRON			{GlimmerHMM_glimmerT_4299-T1;GlimmerHMM}
79476	79480	terminal+	2	3	{GlimmerHMM_glimmerT_4299-T1;GlimmerHMM}

# EVM prediction: Mode:STANDARD S-ratio: 45.24 80107-80601 orient(+) score(1451.00) noncoding_equivalent(32.08) raw_noncoding(32.08) offset(0.00) 
80107	80601	single+	1	3	{GlimmerHMM_glimmerT_4300-T1;GlimmerHMM}

# EVM prediction: Mode:STANDARD S-ratio: 29.44 80718-82052 orient(-) score(3872.00) noncoding_equivalent(131.53) raw_noncoding(131.53) offset(0.00) 
82052	80718	single-	4	6	{Augustus_model.g3802.t1;Augustus},{GlimmerHMM_glimmerT_4301-T1;GlimmerHMM}

# EVM prediction: Mode:STANDARD S-ratio: 33.43 82327-83634 orient(+) score(3899.00) noncoding_equivalent(116.64) raw_noncoding(116.64) offset(0.00) 
82327	83634	single+	1	3	{GlimmerHMM_glimmerT_4302-T1;GlimmerHMM},{Augustus_model.g3803.t1;Augustus}

# EVM prediction: Mode:STANDARD S-ratio: 10000.00 83672-86206 orient(-) score(7605.00) noncoding_equivalent(0.76) raw_noncoding(0.00) offset(0.00) 
86206	83672	single-	4	6	{GlimmerHMM_glimmerT_4303-T1;GlimmerHMM},{Augustus_model.g3804.t1;Augustus}

# EVM prediction: Mode:STANDARD S-ratio: 436.65 87342-89537 orient(+) score(6571.00) noncoding_equivalent(15.05) raw_noncoding(15.05) offset(0.00) 
87342	89537	single+	1	3	{Augustus_model.g3805.t1;Augustus},{GlimmerHMM_glimmerT_4304-T1;GlimmerHMM}

# EVM prediction: Mode:STANDARD S-ratio: 4.80 89585-91528 orient(-) score(4213.00) noncoding_equivalent(876.96) raw_noncoding(2394.27) offset(1517.31) 
90715	89585	terminal-	4	6	{GlimmerHMM_glimmerT_4305-T1;GlimmerHMM},{snap_scaffold_5-snap.289-T1;snap},{Augustus_model.g3806.t1;Augustus}
91145	90716	INTRON			{snap_scaffold_5-snap.289-T1;snap}
91152	91146	internal-	6	6	{snap_scaffold_5-snap.289-T1;snap}
91523	91153	INTRON			{snap_scaffold_5-snap.289-T1;snap}
91528	91524	initial-	4	5	{snap_scaffold_5-snap.289-T1;snap}

# EVM prediction: Mode:STANDARD S-ratio: 4.23 91967-96289 orient(+) score(12969.00) noncoding_equivalent(3067.00) raw_noncoding(3067.00) offset(0.00) 
91967	96289	single+	1	3	{Augustus_model.g3807.t1;Augustus},{GlimmerHMM_glimmerT_4306-T1;GlimmerHMM}

# EVM prediction: Mode:STANDARD S-ratio: 40.86 96382-97305 orient(-) score(2704.00) noncoding_equivalent(66.18) raw_noncoding(66.18) offset(0.00) 
97305	96382	single-	4	6	{Augustus_model.g3808.t1;Augustus},{GlimmerHMM_glimmerT_4307-T1;GlimmerHMM}

# EVM prediction: Mode:STANDARD S-ratio: 11.46 97941-99719 orient(+) score(4957.00) noncoding_equivalent(432.55) raw_noncoding(432.55) offset(0.00) 
97941	99719	single+	1	3	{GlimmerHMM_glimmerT_4308-T1;GlimmerHMM},{Augustus_model.g3809.t1;Augustus}

