# EVM prediction: Mode:STANDARD S-ratio: 4.81 1317-2705 orient(-) score(6900.00) noncoding_equivalent(1434.00) raw_noncoding(1434.00) offset(0.00)
2705	1317	single-	4	6	{GlimmerHMM_glimmerT_4971-T1;GlimmerHMM},{HiQ_model.g4596.t1;HiQ}

# EVM prediction: Mode:STANDARD S-ratio: 1.00 3334-3840 orient(+) score(1014.00) noncoding_equivalent(1014.00) raw_noncoding(1014.00) offset(0.00)
3334	3840	single+	1	3	{GlimmerHMM_glimmerT_4972-T1;GlimmerHMM}

# EVM prediction: Mode:STANDARD S-ratio: 4.87 3945-4709 orient(-) score(3807.00) noncoding_equivalent(781.15) raw_noncoding(781.15) offset(0.00)
4709	3945	single-	4	6	{HiQ_model.g4597.t1;HiQ},{GlimmerHMM_glimmerT_4973-T1;GlimmerHMM}

# EVM prediction: Mode:STANDARD S-ratio: 4.95 4880-7495 orient(-) score(13059.00) noncoding_equivalent(2637.20) raw_noncoding(2637.20) offset(0.00)
7495	4880	single-	4	6	{GlimmerHMM_glimmerT_4974-T1;GlimmerHMM},{HiQ_model.g4598.t1;HiQ}

# EVM prediction: Mode:STANDARD S-ratio: 3.00 8398-8856 orient(+) score(1377.00) noncoding_equivalent(459.00) raw_noncoding(459.00) offset(0.00)
8398	8856	single+	1	3	{Augustus_model.g4599.t1;Augustus},{GlimmerHMM_glimmerT_4975-T1;GlimmerHMM}

# EVM prediction: Mode:STANDARD S-ratio: 21.39 9029-9721 orient(-) score(1987.00) noncoding_equivalent(92.89) raw_noncoding(92.89) offset(0.00)
9721	9029	single-	4	6	{GlimmerHMM_glimmerT_4976-T1;GlimmerHMM},{Augustus_model.g4600.t1;Augustus}

# EVM prediction: Mode:STANDARD S-ratio: 5.00 10030-10500 orient(-) score(2355.00) noncoding_equivalent(471.00) raw_noncoding(471.00) offset(0.00)
10500	10030	single-	4	6	{HiQ_model.g4601.t1;HiQ},{GlimmerHMM_glimmerT_4977-T1;GlimmerHMM}

# EVM prediction: Mode:STANDARD S-ratio: 4.97 10711-11613 orient(-) score(4511.00) noncoding_equivalent(907.15) raw_noncoding(907.15) offset(0.00)
11613	10711	single-	4	6	{GlimmerHMM_glimmerT_4978-T1;GlimmerHMM},{HiQ_model.g4602.t1;HiQ}

# EVM prediction: Mode:STANDARD S-ratio: 142.29 11872-13698 orient(+) score(7257.00) noncoding_equivalent(51.00) raw_noncoding(51.00) offset(0.00)
11872	13698	single+	1	3	{GlimmerHMM_glimmerT_4979-T1;GlimmerHMM},{Augustus_model.g4603.t1;Augustus}

# EVM prediction: Mode:STANDARD S-ratio: 50.87 14042-15280 orient(+) score(4861.00) noncoding_equivalent(95.55) raw_noncoding(95.55) offset(0.00)
14042	15280	single+	1	3	{GlimmerHMM_glimmerT_4980-T1;GlimmerHMM},{Augustus_model.g4604.t1;Augustus}

# EVM prediction: Mode:STANDARD S-ratio: 10000.00 15585-17045 orient(+) score(5844.00) noncoding_equivalent(0.58) raw_noncoding(0.00) offset(0.00)
15585	17045	single+	1	3	{Augustus_model.g4605.t1;Augustus},{GlimmerHMM_glimmerT_4981-T1;GlimmerHMM}

# EVM prediction: Mode:STANDARD S-ratio: 4.34 17257-19692 orient(-) score(11877.00) noncoding_equivalent(2739.00) raw_noncoding(2739.00) offset(0.00)
19692	17257	single-	4	6	{HiQ_model.g4606.t1;HiQ}

# EVM prediction: Mode:STANDARD S-ratio: 196.71 20514-22409 orient(+) score(7546.00) noncoding_equivalent(38.36) raw_noncoding(38.36) offset(0.00)
20514	22409	single+	1	3	{GlimmerHMM_glimmerT_4983-T1;GlimmerHMM},{Augustus_model.g4607.t1;Augustus}

# EVM prediction: Mode:STANDARD S-ratio: 5.00 22638-23297 orient(-) score(3300.00) noncoding_equivalent(660.00) raw_noncoding(660.00) offset(0.00)
23297	22638	single-	4	6	{HiQ_model.g4608.t1;HiQ},{GlimmerHMM_glimmerT_4984-T1;GlimmerHMM}

# EVM prediction: Mode:STANDARD S-ratio: 4.96 23584-24189 orient(-) score(3026.00) noncoding_equivalent(610.05) raw_noncoding(610.05) offset(0.00)
24189	23584	single-	4	6	{HiQ_model.g4609.t1;HiQ},{GlimmerHMM_glimmerT_4985-T1;GlimmerHMM}

# EVM prediction: Mode:STANDARD S-ratio: 812.62 24738-25886 orient(+) score(5729.00) noncoding_equivalent(7.05) raw_noncoding(7.05) offset(0.00)
24738	25886	single+	1	3	{Augustus_model.g4610.t1;Augustus},{GlimmerHMM_glimmerT_4986-T1;GlimmerHMM}

# EVM prediction: Mode:STANDARD S-ratio: 2.01 26154-27146 orient(-) score(3972.00) noncoding_equivalent(1977.04) raw_noncoding(1977.04) offset(0.00)
27146	26154	single-	4	6	{HiQ_model.g4611.t1;HiQ},{GlimmerHMM_glimmerT_4987-T1;GlimmerHMM}

# EVM prediction: Mode:STANDARD S-ratio: 159.80 27415-29826 orient(+) score(9588.00) noncoding_equivalent(60.00) raw_noncoding(60.00) offset(0.00)
27415	29826	single+	1	3	{Augustus_model.g4612.t1;Augustus},{GlimmerHMM_glimmerT_4988-T1;GlimmerHMM}

# EVM prediction: Mode:STANDARD S-ratio: 4.66 30018-31487 orient(-) score(7263.00) noncoding_equivalent(1557.72) raw_noncoding(1557.72) offset(0.00)
31487	30018	single-	4	6	{HiQ_model.g4613.t1;HiQ},{GlimmerHMM_glimmerT_4989-T1;GlimmerHMM}

# EVM prediction: Mode:STANDARD S-ratio: 2.34 32325-32761 orient(+) score(1112.00) noncoding_equivalent(476.22) raw_noncoding(785.98) offset(309.76)
32325	32363	initial+	1	3	{GlimmerHMM_glimmerT_4990-T1;GlimmerHMM}
32364	32536	INTRON			{GlimmerHMM_glimmerT_4990-T1;GlimmerHMM}
32537	32761	terminal+	1	3	{GlimmerHMM_glimmerT_4990-T1;GlimmerHMM}

# EVM prediction: Mode:STANDARD S-ratio: 83.33 33105-33863 orient(+) score(3000.00) noncoding_equivalent(36.00) raw_noncoding(36.00) offset(0.00)
33105	33863	single+	1	3	{GlimmerHMM_glimmerT_4991-T1;GlimmerHMM},{Augustus_model.g4614.t1;Augustus}

# EVM prediction: Mode:STANDARD S-ratio: 25.21 34338-39860 orient(+) score(19979.00) noncoding_equivalent(792.62) raw_noncoding(1581.00) offset(788.38)
34338	37246	initial+	1	2	{snap_scaffold_23-snap.15-T1;snap}
37247	37756	INTRON			{snap_scaffold_23-snap.15-T1;snap}
37757	39860	terminal+	3	3	{snap_scaffold_23-snap.15-T1;snap}

# EVM prediction: Mode:STANDARD S-ratio: 4.97 40270-43866 orient(-) score(17969.00) noncoding_equivalent(3613.33) raw_noncoding(3613.33) offset(0.00)
43866	40270	single-	4	6	{GlimmerHMM_glimmerT_4995-T1;GlimmerHMM},{HiQ_model.g4616.t1;HiQ}

# EVM prediction: Mode:STANDARD S-ratio: 10000.00 44689-46164 orient(+) score(5895.00) noncoding_equivalent(0.59) raw_noncoding(0.00) offset(0.00)
44689	46164	single+	1	3	{Augustus_model.g4617.t1;Augustus},{GlimmerHMM_glimmerT_4996-T1;GlimmerHMM}

# EVM prediction: Mode:STANDARD S-ratio: 171.00 46746-47906 orient(+) score(4617.00) noncoding_equivalent(27.00) raw_noncoding(27.00) offset(0.00)
46746	47906	single+	1	3	{Augustus_model.g4618.t1;Augustus},{GlimmerHMM_glimmerT_4997-T1;GlimmerHMM}

# EVM prediction: Mode:STANDARD S-ratio: 4.97 48266-49063 orient(-) score(3986.00) noncoding_equivalent(802.12) raw_noncoding(802.12) offset(0.00)
49063	48266	single-	4	6	{GlimmerHMM_glimmerT_4998-T1;GlimmerHMM},{HiQ_model.g4619.t1;HiQ}

# EVM prediction: Mode:STANDARD S-ratio: 3.76 49483-50010 orient(-) score(1249.00) noncoding_equivalent(332.40) raw_noncoding(332.40) offset(0.00)
50010	49483	single-	4	6	{GlimmerHMM_glimmerT_4999-T1;GlimmerHMM}

# EVM prediction: Mode:STANDARD S-ratio: 45.64 50281-51045 orient(-) score(2246.00) noncoding_equivalent(49.21) raw_noncoding(49.21) offset(0.00)
51045	50281	single-	4	6	{GlimmerHMM_glimmerT_5000-T1;GlimmerHMM}

# EVM prediction: Mode:STANDARD S-ratio: 4.77 51409-52776 orient(-) score(6786.00) noncoding_equivalent(1422.00) raw_noncoding(1422.00) offset(0.00)
52776	51409	single-	4	6	{GlimmerHMM_glimmerT_5001-T1;GlimmerHMM},{HiQ_model.g4621.t1;HiQ}

# EVM prediction: Mode:STANDARD S-ratio: 287.50 53439-55169 orient(+) score(6900.00) noncoding_equivalent(24.00) raw_noncoding(24.00) offset(0.00)
53439	55169	single+	1	3	{Augustus_model.g4622.t1;Augustus},{GlimmerHMM_glimmerT_5002-T1;GlimmerHMM}

# EVM prediction: Mode:STANDARD S-ratio: 22.95 55569-57083 orient(+) score(5807.00) noncoding_equivalent(253.00) raw_noncoding(253.00) offset(0.00)
55569	57083	single+	1	3	{GlimmerHMM_glimmerT_5003-T1;GlimmerHMM},{Augustus_model.g4623.t1;Augustus}

# EVM prediction: Mode:STANDARD S-ratio: 9.83 57323-58239 orient(-) score(3322.00) noncoding_equivalent(338.00) raw_noncoding(426.00) offset(88.00)
58147	57323	terminal-	4	6	{Augustus_model.g4624.t1;Augustus},{snap_scaffold_23-snap.24-T1;snap}
58233	58148	INTRON			{Augustus_model.g4624.t1;Augustus},{snap_scaffold_23-snap.24-T1;snap}
58239	58234	initial-	4	6	{Augustus_model.g4624.t1;Augustus},{snap_scaffold_23-snap.24-T1;snap}

# EVM prediction: Mode:STANDARD S-ratio: 339.59 58482-58826 orient(+) score(1376.00) noncoding_equivalent(4.05) raw_noncoding(4.05) offset(0.00)
58482	58826	single+	1	3	{Augustus_model.g4625.t1;Augustus},{GlimmerHMM_glimmerT_5005-T1;GlimmerHMM}

# EVM prediction: Mode:STANDARD S-ratio: 4.37 58998-59780 orient(-) score(3903.00) noncoding_equivalent(893.44) raw_noncoding(893.44) offset(0.00)
59780	58998	single-	4	6	{GlimmerHMM_glimmerT_5006-T1;GlimmerHMM},{HiQ_model.g4626.t1;HiQ}

# EVM prediction: Mode:STANDARD S-ratio: 4.86 60138-61448 orient(-) score(6523.00) noncoding_equivalent(1343.13) raw_noncoding(1343.13) offset(0.00)
61448	60138	single-	4	6	{GlimmerHMM_glimmerT_5007-T1;GlimmerHMM},{HiQ_model.g4627.t1;HiQ}

# EVM prediction: Mode:STANDARD S-ratio: 4.73 62210-63166 orient(-) score(4740.00) noncoding_equivalent(1002.85) raw_noncoding(1002.85) offset(0.00)
63166	62210	single-	4	6	{GlimmerHMM_glimmerT_5008-T1;GlimmerHMM},{HiQ_model.g4628.t1;HiQ}

# EVM prediction: Mode:STANDARD S-ratio: 340.25 64077-65906 orient(+) score(7299.00) noncoding_equivalent(21.45) raw_noncoding(21.45) offset(0.00)
64077	65906	single+	1	3	{Augustus_model.g4629.t1;Augustus},{GlimmerHMM_glimmerT_5009-T1;GlimmerHMM}

# EVM prediction: Mode:STANDARD S-ratio: 10000.00 66270-68771 orient(+) score(10008.00) noncoding_equivalent(1.00) raw_noncoding(0.00) offset(0.00)
66270	68771	single+	1	3	{GlimmerHMM_glimmerT_5010-T1;GlimmerHMM},{Augustus_model.g4630.t1;Augustus}

# EVM prediction: Mode:STANDARD S-ratio: 286.20 69033-69926 orient(+) score(3564.00) noncoding_equivalent(12.45) raw_noncoding(12.45) offset(0.00)
69033	69926	single+	1	3	{Augustus_model.g4631.t1;Augustus},{GlimmerHMM_glimmerT_5011-T1;GlimmerHMM}

# EVM prediction: Mode:STANDARD S-ratio: 2.00 70279-71214 orient(-) score(3744.00) noncoding_equivalent(1872.00) raw_noncoding(1872.00) offset(0.00)
71214	70279	single-	4	6	{GlimmerHMM_glimmerT_5012-T1;GlimmerHMM},{HiQ_model.g4632.t1;HiQ}

# EVM prediction: Mode:STANDARD S-ratio: 32.45 71493-72872 orient(+) score(5355.00) noncoding_equivalent(165.00) raw_noncoding(165.00) offset(0.00)
71493	72872	single+	1	3	{GlimmerHMM_glimmerT_5013-T1;GlimmerHMM},{Augustus_model.g4633.t1;Augustus}

# EVM prediction: Mode:STANDARD S-ratio: 3.29 73276-74015 orient(-) score(3273.00) noncoding_equivalent(994.17) raw_noncoding(1165.44) offset(171.27)
73938	73276	terminal-	4	6	{HiQ_model.g4634.t1;HiQ}
73997	73939	INTRON			{HiQ_model.g4634.t1;HiQ},{ev_type:exonerate/ID=match.147026.1478/Target=YLR211C;exonerate}
74015	73998	initial-	4	6	{HiQ_model.g4634.t1;HiQ}

# EVM prediction: Mode:STANDARD S-ratio: 4.97 74344-75765 orient(-) score(7104.00) noncoding_equivalent(1428.03) raw_noncoding(1428.03) offset(0.00)
75765	74344	single-	4	6	{HiQ_model.g4635.t1;HiQ},{GlimmerHMM_glimmerT_5015-T1;GlimmerHMM}

# EVM prediction: Mode:STANDARD S-ratio: 4.89 76136-77404 orient(-) score(6322.00) noncoding_equivalent(1292.14) raw_noncoding(1292.14) offset(0.00)
77404	76136	single-	4	6	{HiQ_model.g4636.t1;HiQ},{GlimmerHMM_glimmerT_5016-T1;GlimmerHMM}

# EVM prediction: Mode:STANDARD S-ratio: 44.05 78049-80109 orient(+) score(8061.00) noncoding_equivalent(183.00) raw_noncoding(183.00) offset(0.00)
78049	80109	single+	1	3	{GlimmerHMM_glimmerT_5017-T1;GlimmerHMM},{Augustus_model.g4637.t1;Augustus}

# EVM prediction: Mode:STANDARD S-ratio: 4.76 80258-81340 orient(-) score(5368.00) noncoding_equivalent(1128.29) raw_noncoding(1128.29) offset(0.00)
81340	80258	single-	4	6	{HiQ_model.g4638.t1;HiQ},{GlimmerHMM_glimmerT_5018-T1;GlimmerHMM}

# EVM prediction: Mode:STANDARD S-ratio: 4.87 81578-82693 orient(-) score(5555.00) noncoding_equivalent(1141.16) raw_noncoding(1141.16) offset(0.00)
82693	81578	single-	4	6	{GlimmerHMM_glimmerT_5019-T1;GlimmerHMM},{HiQ_model.g4639.t1;HiQ}

# EVM prediction: Mode:STANDARD S-ratio: 3.07 82948-83400 orient(-) score(2049.00) noncoding_equivalent(667.42) raw_noncoding(667.42) offset(0.00)
83400	82948	single-	4	6	{HiQ_model.g4640.t1;HiQ}

# EVM prediction: Mode:STANDARD S-ratio: 211.37 83634-85820 orient(+) score(8707.00) noncoding_equivalent(41.19) raw_noncoding(41.19) offset(0.00)
83634	85820	single+	1	3	{GlimmerHMM_glimmerT_5021-T1;GlimmerHMM},{Augustus_model.g4641.t1;Augustus}

# EVM prediction: Mode:STANDARD S-ratio: 737.33 86308-87276 orient(+) score(3871.00) noncoding_equivalent(5.25) raw_noncoding(5.25) offset(0.00)
86308	87276	single+	1	3	{GlimmerHMM_glimmerT_5022-T1;GlimmerHMM},{Augustus_model.g4642.t1;Augustus}

# EVM prediction: Mode:STANDARD S-ratio: 5.00 87845-88507 orient(-) score(3315.00) noncoding_equivalent(663.00) raw_noncoding(663.00) offset(0.00)
88507	87845	single-	4	6	{HiQ_model.g4643.t1;HiQ},{GlimmerHMM_glimmerT_5023-T1;GlimmerHMM}

# EVM prediction: Mode:STANDARD S-ratio: 4.44 88804-91257 orient(-) score(12020.00) noncoding_equivalent(2704.92) raw_noncoding(2704.92) offset(0.00)
91257	88804	single-	4	6	{HiQ_model.g4644.t1;HiQ},{GlimmerHMM_glimmerT_5024-T1;GlimmerHMM}

# EVM prediction: Mode:STANDARD S-ratio: 542.17 91719-94976 orient(-) score(13012.00) noncoding_equivalent(24.00) raw_noncoding(24.00) offset(0.00)
94976	91719	single-	4	6	{Augustus_model.g4645.t1;Augustus},{GlimmerHMM_glimmerT_5025-T1;GlimmerHMM}

# EVM prediction: Mode:STANDARD S-ratio: 3.00 95951-97060 orient(+) score(3330.00) noncoding_equivalent(1110.00) raw_noncoding(1110.00) offset(0.00)
95951	97060	single+	1	3	{Augustus_model.g4646.t1;Augustus},{GlimmerHMM_glimmerT_5026-T1;GlimmerHMM}

# EVM prediction: Mode:STANDARD S-ratio: 4.92 97182-98405 orient(-) score(6103.00) noncoding_equivalent(1241.42) raw_noncoding(1241.42) offset(0.00)
98405	97182	single-	4	6	{GlimmerHMM_glimmerT_5027-T1;GlimmerHMM},{HiQ_model.g4647.t1;HiQ}

# EVM prediction: Mode:STANDARD S-ratio: 3.04 98841-100028 orient(+) score(3564.00) noncoding_equivalent(1170.68) raw_noncoding(1170.68) offset(0.00)
98841	100028	single+	1	3	{GlimmerHMM_glimmerT_5028-T1;GlimmerHMM},{Augustus_model.g4648.t1;Augustus}

# EVM prediction: Mode:STANDARD S-ratio: 4.86 100049-101530 orient(-) score(7375.00) noncoding_equivalent(1517.20) raw_noncoding(1517.20) offset(0.00)
101530	100049	single-	4	6	{GlimmerHMM_glimmerT_5029-T1;GlimmerHMM},{HiQ_model.g4649.t1;HiQ}

# EVM prediction: Mode:STANDARD S-ratio: 4.99 103581-106028 orient(-) score(12236.00) noncoding_equivalent(2452.02) raw_noncoding(2452.02) offset(0.00)
106028	103581	single-	4	6	{GlimmerHMM_glimmerT_5030-T1;GlimmerHMM},{HiQ_model.g4650.t1;HiQ}

# EVM prediction: Mode:STANDARD S-ratio: 4.76 107782-108357 orient(-) score(2857.00) noncoding_equivalent(600.53) raw_noncoding(600.53) offset(0.00)
108357	107782	single-	4	6	{HiQ_model.g4651.t1;HiQ},{GlimmerHMM_glimmerT_5031-T1;GlimmerHMM}

# EVM prediction: Mode:STANDARD S-ratio: 4.84 109331-110692 orient(-) score(6774.00) noncoding_equivalent(1398.51) raw_noncoding(1398.51) offset(0.00)
110692	109331	single-	4	6	{GlimmerHMM_glimmerT_5032-T1;GlimmerHMM},{HiQ_model.g4652.t1;HiQ}

# EVM prediction: Mode:STANDARD S-ratio: 4.69 110998-113097 orient(-) score(10386.00) noncoding_equivalent(2214.00) raw_noncoding(2214.00) offset(0.00)
113097	110998	single-	4	6	{HiQ_model.g4653.t1;HiQ},{GlimmerHMM_glimmerT_5033-T1;GlimmerHMM}

# EVM prediction: Mode:STANDARD S-ratio: 261.80 113356-115326 orient(+) score(7854.00) noncoding_equivalent(30.00) raw_noncoding(30.00) offset(0.00)
113356	115326	single+	1	3	{GlimmerHMM_glimmerT_5034-T1;GlimmerHMM},{Augustus_model.g4654.t1;Augustus}

# EVM prediction: Mode:STANDARD S-ratio: 1.32 115367-115579 orient(-) score(563.00) noncoding_equivalent(426.00) raw_noncoding(426.00) offset(0.00)
115579	115367	single-	4	6	{GlimmerHMM_glimmerT_5035-T1;GlimmerHMM}

# EVM prediction: Mode:STANDARD S-ratio: 625.08 115938-117734 orient(+) score(10756.00) noncoding_equivalent(17.21) raw_noncoding(17.21) offset(0.00)
115938	117734	single+	1	3	{Augustus_model.g4655.t1;Augustus},{GlimmerHMM_glimmerT_5036-T1;GlimmerHMM}

# EVM prediction: Mode:STANDARD S-ratio: 67.39 118327-119763 orient(+) score(5665.00) noncoding_equivalent(84.06) raw_noncoding(84.06) offset(0.00)
118327	119763	single+	1	3	{GlimmerHMM_glimmerT_5037-T1;GlimmerHMM},{Augustus_model.g4656.t1;Augustus}

# EVM prediction: Mode:STANDARD S-ratio: 4.02 119903-120889 orient(-) score(4743.00) noncoding_equivalent(1179.00) raw_noncoding(1179.00) offset(0.00)
120889	119903	single-	4	6	{HiQ_model.g4657.t1;HiQ}

# EVM prediction: Mode:STANDARD S-ratio: 67.71 121104-123731 orient(+) score(10359.00) noncoding_equivalent(153.00) raw_noncoding(153.00) offset(0.00)
121104	123731	single+	1	3	{Augustus_model.g4658.t1;Augustus},{GlimmerHMM_glimmerT_5039-T1;GlimmerHMM}

# EVM prediction: Mode:STANDARD S-ratio: 11.38 124044-126392 orient(+) score(8637.00) noncoding_equivalent(759.00) raw_noncoding(759.00) offset(0.00)
124044	126392	single+	1	3	{GlimmerHMM_glimmerT_5040-T1;GlimmerHMM}

# EVM prediction: Mode:STANDARD S-ratio: 10000.00 127774-128592 orient(+) score(3270.00) noncoding_equivalent(0.33) raw_noncoding(0.00) offset(0.00)
127774	128592	single+	1	3	{GlimmerHMM_glimmerT_5041-T1;GlimmerHMM},{Augustus_model.g4660.t1;Augustus}

# EVM prediction: Mode:STANDARD S-ratio: 4.90 128740-129903 orient(-) score(5798.00) noncoding_equivalent(1184.19) raw_noncoding(1184.19) offset(0.00)
129903	128740	single-	4	6	{HiQ_model.g4661.t1;HiQ},{GlimmerHMM_glimmerT_5042-T1;GlimmerHMM}

# EVM prediction: Mode:STANDARD S-ratio: 4.73 130074-130502 orient(-) score(2125.00) noncoding_equivalent(449.19) raw_noncoding(449.19) offset(0.00)
130502	130074	single-	4	6	{HiQ_model.g4662.t1;HiQ},{GlimmerHMM_glimmerT_5043-T1;GlimmerHMM}

# EVM prediction: Mode:STANDARD S-ratio: 1.00 130690-131769 orient(+) score(2160.00) noncoding_equivalent(2160.00) raw_noncoding(2160.00) offset(0.00)
130690	131769	single+	1	3	{GlimmerHMM_glimmerT_5044-T1;GlimmerHMM}

